FHIR IG Publisher Version 2.1.2 (Git# 1fdde7f9e667). Built 2026-03-01T18:54:08.225Z (16 hours old)
Detected Java version: 17.0.10 from /opt/hostedtoolcache/Java_Microsoft_jdk/17.0.10/x64 on amd64 (64bit). 4000MB available
dir = /home/runner/work/IG-fhir-medicosocial-transfert-donnees-dui/IG-fhir-medicosocial-transfert-donnees-dui, path = /opt/hostedtoolcache/Ruby/3.3.10/x64/bin:/opt/hostedtoolcache/node/20.20.0/x64/bin:/opt/hostedtoolcache/Java_Microsoft_jdk/17.0.10/x64/bin:/snap/bin:/home/runner/.local/bin:/opt/pipx_bin:/home/runner/.cargo/bin:/home/runner/.config/composer/vendor/bin:/usr/local/.ghcup/bin:/home/runner/.dotnet/tools:/usr/local/sbin:/usr/local/bin:/usr/sbin:/usr/bin:/sbin:/bin:/usr/games:/usr/local/games:/snap/bin
Parameters: -go-publish -authorise-non-conformant-tx-servers -source ./igSource -web ./IG-website-release/www/ig/fhir -registry ./IG-website-release/ig-registry/fhir-ig-list.json -history ./IG-website-release/fhir-ig-history-template -templates ./IG-website-release/templates
---------------
Publication Run: publish ./igSource to ./IG-website-release/www/ig/fhir
Relative directory for IG is '/tddui'
===== Web Publication Run Details ===============================
 Source IG: ans.fhir.fr.tddui#2.3.0-ballot : https://interop.esante.gouv.fr/ig/fhir/tddui (R4) from ./igSource
All checks passed. Do the publication build from /home/runner/work/IG-fhir-medicosocial-transfert-donnees-dui/IG-fhir-medicosocial-transfert-donnees-dui/./igSource and publish to /tmp/web-root/run-20260302/tddui
Prepare Build space in /tmp/ig-builds/ans.fhir.fr.tddui#2.3.0-ballot
Build IG at /home/runner/work/IG-fhir-medicosocial-transfert-donnees-dui/IG-fhir-medicosocial-transfert-donnees-dui/./igSource: final copy suitable for publication (in /tmp/ig-builds/ans.fhir.fr.tddui#2.3.0-ballot)
FHIR IG Publisher Version 2.1.2 (Git# 1fdde7f9e667). Built 2026-03-01T18:54:08.225Z (16 hours old)  
Detected Java version: 17.0.10 from /opt/hostedtoolcache/Java_Microsoft_jdk/17.0.10/x64 on Linux/amd64 (64bit). 4000MB available
dir = /home/runner/work/IG-fhir-medicosocial-transfert-donnees-dui/IG-fhir-medicosocial-transfert-donnees-dui, path = /opt/hostedtoolcache/Ruby/3.3.10/x64/bin:/opt/hostedtoolcache/node/20.20.0/x64/bin:/opt/hostedtoolcache/Java_Microsoft_jdk/17.0.10/x64/bin:/snap/bin:/home/runner/.local/bin:/opt/pipx_bin:/home/runner/.cargo/bin:/home/runner/.config/composer/vendor/bin:/usr/local/.ghcup/bin:/home/runner/.dotnet/tools:/usr/local/sbin:/usr/local/bin:/usr/sbin:/usr/bin:/sbin:/bin:/usr/games:/usr/local/games:/snap/bin
Parameters: -publish https://interop.esante.gouv.fr/ig/fhir/tddui/2.3.0-ballot -no-exit -ig /tmp/ig-builds/ans.fhir.fr.tddui#2.3.0-ballot -resetTx
Character encoding = UTF-8 / UTF-8                                                                  
Start Clock @ Monday, March 2, 2026 at 11:13:42 AM Coordinated Universal Time (2026-03-02T11:13:42Z)
                                                                                                    
Build FHIR IG from /tmp/ig-builds/ans.fhir.fr.tddui#2.3.0-ballot                                     (00:00.020 / 00:00.021, 49Mb)
Build Formal Publication package, intended for https://interop.esante.gouv.fr/ig/fhir/tddui/2.3.0-ballot (00:00.002 / 00:00.023, 49Mb)
API keys loaded from /home/runner/.fhir/fhir-settings.json                                           (00:00.000 / 00:00.023, 49Mb)
Package Cache: /home/runner/.fhir/packages                                                           (00:00.003 / 00:00.027, 49Mb)
Run Sushi on /tmp/ig-builds/ans.fhir.fr.tddui#2.3.0-ballot                                           (00:00.002 / 00:00.030, 50Mb)
Sushi: info  Running SUSHI v3.18.0 (implements FHIR Shorthand specification v3.0.0)                  (00:00.658 / 00:00.689, 51Mb)
Sushi: info  Arguments:                                                                              (00:00.001 / 00:00.690, 51Mb)
Sushi: info    --require-latest                                                                      (00:00.001 / 00:00.691, 51Mb)
Sushi: info    --out /tmp/ig-builds/ans.fhir.fr.tddui#2.3.0-ballot                                   (00:00.001 / 00:00.692, 51Mb)
Sushi: info    /tmp/ig-builds/ans.fhir.fr.tddui#2.3.0-ballot                                         (00:00.000 / 00:00.693, 51Mb)
Sushi: info  Using configuration file: /tmp/ig-builds/ans.fhir.fr.tddui#2.3.0-ballot/sushi-config.yaml (00:00.631 / 00:01.324, 51Mb)
Sushi: info  Importing FSH text...                                                                   (00:00.106 / 00:01.430, 51Mb)
Sushi: info  Preprocessed 155 documents with 117 aliases.                                            (00:00.476 / 00:01.907, 51Mb)
Sushi: info  Imported 87 definitions and 62 instances.                                               (00:00.073 / 00:01.981, 51Mb)
Sushi: warn  Detected FSH entity definitions with duplicate names. While FSH allows for duplicate names across entity types, they can lead to ambiguous results when referring to these entities by name elsewhere (e.g., in references). Consider using unique names in FSH declarations and assigning duplicated names using caret assignment rules instead. Detected duplicate names: TDDUIConsentAccord, TDDUIObservationPeriodeScolaire, TDDUIDiscriminator, TDDUIEncounterIdentifier, TDDUIObservationType, TDDUITaskInputAction, TDDUITaskInputBilan, TDDUITaskInputMoyenRessource, TDDUITaskInputPrestation, TDDUITaskInputTransport, TDDUITaskOutputBilan. (00:00.017 / 00:01.998, 51Mb)
Sushi: info  Loaded virtual package sushi-r5forR4#1.0.0 with 7 resources                             (00:00.086 / 00:02.085, 51Mb)
Sushi: info  Resolved hl7.fhir.uv.tools.r4#latest to concrete version 1.0.0                          (00:00.466 / 00:02.551, 51Mb)
Sushi: info  Loaded hl7.fhir.uv.tools.r4#1.0.0 with 118 resources                                    (00:00.073 / 00:02.624, 51Mb)
Sushi: info  Resolved hl7.terminology.r4#latest to concrete version 7.0.1                            (00:00.104 / 00:02.729, 51Mb)
Sushi: info  Loaded hl7.terminology.r4#7.0.1 with 4096 resources                                     (00:01.720 / 00:04.449, 51Mb)
Sushi: info  Loaded hl7.fhir.fr.core#2.1.0 with 120 resources                                        (00:00.073 / 00:04.523, 51Mb)
Sushi: info  Resolved ans.fr.terminologies#latest to concrete version 1.4.0                          (00:00.102 / 00:04.625, 51Mb)
Sushi: info  Loaded ans.fr.terminologies#1.4.0 with 1050 resources                                   (00:00.559 / 00:05.185, 51Mb)
Sushi: info  Loading supplemental version of FHIR to support extensions from hl7.fhir.extensions.r5  (00:00.001 / 00:05.186, 51Mb)
Sushi: info  Loaded hl7.fhir.r5.core#5.0.0 with 2968 resources                                       (00:03.194 / 00:08.381, 51Mb)
Sushi: info  Loaded ihe.iti.mhd#4.2.0 with 65 resources                                              (00:00.055 / 00:08.436, 51Mb)
Sushi: info  Loaded ans.fhir.fr.annuaire#1.1.0 with 65 resources                                     (00:00.067 / 00:08.503, 51Mb)
Sushi: info  Loaded hl7.fhir.r4.core#4.0.1 with 4581 resources                                       (00:01.226 / 00:09.730, 51Mb)
Sushi: info  Loaded hl7.fhir.uv.extensions#5.2.0 with 759 resources                                  (00:00.360 / 00:10.091, 51Mb)
Sushi: info  Loaded virtual package sushi-local#LOCAL with 0 resources                               (00:00.004 / 00:10.095, 51Mb)
Sushi: info  Converting FSH to FHIR resources...                                                     (00:00.018 / 00:10.113, 51Mb)
Sushi: warn  The name "tddui-humanname" may not be suitable for machine processing applications such as code generation. Valid names start with an upper-case ASCII letter ('A'..'Z') followed by any combination of upper- or lower-case ASCII letters ('A'..'Z', and 'a'..'z'), numerals ('0'..'9') and '_', with a length limit of 255 characters. (00:00.028 / 00:10.142, 51Mb)
Sushi:   File: /tmp/ig-builds/ans.fhir.fr.tddui#2.3.0-ballot/input/fsh/DataType/tddui-human-name.fsh (00:00.001 / 00:10.144, 51Mb)
Sushi:   Line: 1 - 6                                                                                 (00:00.000 / 00:10.145, 51Mb)
Sushi: info  Converted 55 FHIR StructureDefinitions.                                                 (00:05.618 / 00:15.763, 51Mb)
Sushi: info  Converted 11 FHIR CodeSystems.                                                          (00:00.224 / 00:15.988, 51Mb)
Sushi: info  Converted 21 FHIR ValueSets.                                                            (00:00.357 / 00:16.345, 51Mb)
Sushi: info  Converted 62 FHIR instances.                                                            (00:09.842 / 00:26.188, 51Mb)
Sushi: info  Exporting FHIR resources as JSON...                                                     (00:00.113 / 00:26.301, 51Mb)
Sushi: info  Exported 149 FHIR resources as JSON.                                                    (00:00.235 / 00:26.536, 51Mb)
Sushi: info  Assembling Implementation Guide sources...                                              (00:00.004 / 00:26.541, 51Mb)
Sushi: info  Generated ImplementationGuide-ans.fhir.fr.tddui.json                                    (00:00.036 / 00:26.577, 51Mb)
Sushi: info  Assembled Implementation Guide sources; ready for IG Publisher.                         (00:00.000 / 00:26.578, 51Mb)
Sushi: ========================= SUSHI RESULTS ===========================                           (00:00.001 / 00:26.579, 51Mb)
Sushi: |  -------------------------------------------------------------  |                           (00:00.000 / 00:26.580, 51Mb)
Sushi: | |    Profiles   |  Extensions  |   Logicals   |   Resources   | |                           (00:00.000 / 00:26.581, 51Mb)
Sushi: | |-------------------------------------------------------------| |                           (00:00.000 / 00:26.581, 51Mb)
Sushi: | |      27       |      28      |      0       |       0       | |                           (00:00.000 / 00:26.582, 51Mb)
Sushi: |  -------------------------------------------------------------  |                           (00:00.000 / 00:26.582, 51Mb)
Sushi: |  -------------------------------------------------------------  |                           (00:00.000 / 00:26.583, 51Mb)
Sushi: | |      ValueSets     |    CodeSystems    |     Instances      | |                           (00:00.000 / 00:26.584, 51Mb)
Sushi: | |-------------------------------------------------------------| |                           (00:00.000 / 00:26.585, 51Mb)
Sushi: | |         21         |        11         |         62         | |                           (00:00.000 / 00:26.585, 51Mb)
Sushi: |  -------------------------------------------------------------  |                           (00:00.000 / 00:26.586, 51Mb)
Sushi: |                                                                 |                           (00:00.000 / 00:26.586, 51Mb)
Sushi: ===================================================================                           (00:00.000 / 00:26.587, 51Mb)
Sushi: | Not bad, but you cod do batter!        0 Errors      2 Warnings |                           (00:00.000 / 00:26.588, 51Mb)
Sushi: ===================================================================                           (00:00.000 / 00:26.589, 51Mb)
Root directory: /tmp/ig-builds/ans.fhir.fr.tddui#2.3.0-ballot                                        (00:00.021 / 00:26.610, 52Mb)
Unable to load IG as an r5 IG - try R4 (property code is a class com.google.gson.JsonPrimitive looking for an object) (00:00.434 / 00:27.045, 71Mb)
Load Template from https://github.com/ansforge/IG-template                                           (00:00.465 / 00:27.511, 87Mb)
 Load Template from fhir.base.template#current                                                       (00:00.932 / 00:28.443, 55Mb)
Scanning directory: /tmp/ig-builds/ans.fhir.fr.tddui#2.3.0-ballot/template
======================================================================
Terminology Cache is at /tmp/ig-builds/ans.fhir.fr.tddui#2.3.0-ballot/input-cache/txcache. Clearing now (00:04.309 / 00:32.753, 141Mb)
Core Package hl7.fhir.r4.core#4.0.1                                                                  (00:00.002 / 00:32.755, 141Mb)
Running Terminology Log: /tmp/ohfu-fhir-ig-14487997346875731051.html
Connect to Terminology Server at http://tx.fhir.org                                                  (00:03.448 / 00:36.204, 311Mb)
[39mLoad Package hl7.fhir.pubpack#0.2.4
[0;39m[39mLoad Package hl7.fhir.xver-extensions#0.1.0
[0;39m[39mLoad Package hl7.terminology.r4#7.0.1
[0;39m[39mLoad Package hl7.terminology.r4#6.0.2
[0;39m[39mLoad Package hl7.fhir.uv.extensions.r4#5.1.0
[0;39m[39mLoad Package ans.fr.nos#1.3.0
[0;39m[39mLoad Package hl7.fhir.fr.core#2.1.0
[0;39m[39mLoad Package hl7.fhir.uv.extensions.r4#5.2.0
[0;39m[39mLoad Package hl7.terminology.r4#6.5.0
[0;39m[39mLoad Package hl7.terminology.r4#5.0.0
[0;39m[39mLoad Package fhir.dicom#2022.4.20221006
[0;39m[39mLoad Package hl7.fhir.uv.ips#1.1.0
[0;39m[39mLoad Package ans.fr.terminologies#1.4.0
[0;39mVersion mismatch. This IG is version 4.0.1, while the IG 'hl7.fhir.uv.extensions' is from version 5.0.0 (will try to run anyway) (00:09.849 / 00:46.053, 574Mb)
Ignore Dependency on Core FHIR hl7.fhir.r5.core#5.0.0, from package 'hl7.terminology.r5#6.2.0'       (00:00.070 / 00:46.124, 622Mb)
[39mLoad Package hl7.terminology.r5#6.2.0
[0;39m[39mLoad Package hl7.fhir.uv.extensions#5.2.0
[0;39m[39mLoad Package hl7.terminology.r4#4.0.0
[0;39m[39mLoad Package ihe.iti.balp#1.1.1
[0;39m[39mLoad Package ihe.formatcode.fhir#1.1.0
[0;39m[39mLoad Package ihe.iti.mhd#4.2.0
[0;39m[39mLoad Package hl7.terminology.r4#6.2.0
[0;39m[39mLoad Package ans.fr.nos#1.5.0
[0;39m[39mLoad Package hl7.terminology.r4#5.5.0
[0;39m[39mLoad Package ans.fhir.fr.annuaire#1.1.0
[0;39m[39mLoad Package hl7.fhir.uv.tools.r4#0.9.0
[0;39mLoad R5 Specials
Cannot find or generate snapshot for base definition http://hl7.org/fhir/StructureDefinition/CanonicalResource from http://hl7.org/fhir/StructureDefinition/TestCases
Initialization complete                                                                              (00:12.288 / 00:58.412, 782Mb)
Load IG                                                                                              (00:00.000 / 00:58.413, 782Mb)
Load Content                                                                                         (00:00.003 / 00:58.416, 782Mb)
Using fr_FR as the default narrative language. (inferred from ImplementationGuide.jurisdiction=FR)   (00:00.107 / 00:58.524, 796Mb)
Process Loaded Resources                                                                             (00:02.093 / 01:00.617, 975Mb)
Generating Snapshots                                                                                 (00:00.785 / 01:01.402, 1Gb)
[1;31mUnable to generate snapshot @3 for https://interop.esante.gouv.fr/ig/fhir/tddui/StructureDefinition/tddui-patient: Profile TDDUIPatient (https://interop.esante.gouv.fr/ig/fhir/tddui/StructureDefinition/tddui-patient), element StructureDefinition-tddui-patient.html. Error generating snapshot: Error sorting Differential: The element Patient.extension:birthPlace.value[x].extension:inseeCode @diff[4] is out of order (and maybe others after it)
[0;39m[1;31mUnable to generate snapshot @3 for https://interop.esante.gouv.fr/ig/fhir/tddui/StructureDefinition/tddui-patient-ins: Profile TDDUIPatientINS (https://interop.esante.gouv.fr/ig/fhir/tddui/StructureDefinition/tddui-patient-ins), element StructureDefinition-tddui-patient-ins.html. Error generating snapshot: Error sorting Differential: The element Patient.extension:birthPlace.value[x].extension:inseeCode @diff[4] is out of order (and maybe others after it)
[0;39m
Signing Certificate: RSA key for Subject: OU=IG Publisher, L=Ann Arbor, CN=hl7.org, O=HL7, ST=Missouri, C=us from: OU=IG Publisher, L=Ann Arbor, CN=hl7.org, O=HL7, ST=Missouri, C=us
Fetch https://interop.esante.gouv.fr/ig/fhir/tddui/package-list.json for version check               (00:02.579 / 01:03.982, 1Gb)
Checking Language                                                                                    (00:00.731 / 01:04.713, 1Gb)
Load Dependency Info                                                                                 (00:00.005 / 01:04.719, 1Gb)
Load Info                                                                                            (00:00.002 / 01:04.721, 1Gb)
Load Paths                                                                                           (00:00.001 / 01:04.722, 1Gb)
Check R4 / R4B                                                                                       (00:00.001 / 01:04.723, 1Gb)
Assign Comparison Ids                                                                                (00:00.058 / 01:04.782, 1Gb)
Propagating status                                                                                   (00:00.000 / 01:04.783, 1Gb)
Generating Narratives                                                                                (00:00.000 / 01:04.783, 1Gb)
Validating Conformance Resources                                                                     (00:07.375 / 01:12.158, 1Gb)
Check profiles & code systems                                                                        (00:19.364 / 01:31.523, 2Gb)
Check realm rules                                                                                    (00:00.010 / 01:31.534, 2Gb)
Previous Version Comparison                                                                          (00:00.001 / 01:31.535, 2Gb)
Checking for Bundles to sign                                                                         (00:00.053 / 01:31.588, 2Gb)
Validating Resources                                                                                 (00:00.000 / 01:31.589, 2Gb)
[1;31mtodo: handle filters with property = ms =
[0;39m[1;31mtodo: handle filters with property = ms =
[0;39mProcessing Provenance Records                                                                        (00:05.591 / 01:37.181, 1Gb)
Generating Outputs in /tmp/ig-builds/ans.fhir.fr.tddui#2.3.0-ballot/output                           (00:00.000 / 01:37.181, 1Gb)
Generate Native Outputs                                                                              (00:00.264 / 01:37.446, 1Gb)
Run Template                                                                                         (00:13.267 / 01:50.714, 2Gb)
Generate HTML Outputs                                                                                (00:03.804 / 01:54.518, 2Gb)
Generate Spreadsheets                                                                                (00:19.715 / 02:14.233, 1Gb)
Generate Summaries                                                                                   (00:09.539 / 02:23.773, 2Gb)
Generating Summary Outputs                                                                           (00:00.000 / 02:23.774, 2Gb)
Unable to find 3-character code having same country code as ISO 2-char code AA - User-assigned       (00:11.677 / 02:35.451, 1Gb)
Unable to find 3-character code having same country code as ISO 2-char code QM - User-assigned       (00:00.000 / 02:35.452, 1Gb)
Unable to find 3-character code having same country code as ISO 2-char code QN - User-assigned       (00:00.000 / 02:35.453, 1Gb)
Unable to find 3-character code having same country code as ISO 2-char code QO - User-assigned       (00:00.000 / 02:35.453, 1Gb)
Unable to find 3-character code having same country code as ISO 2-char code QP - User-assigned       (00:00.000 / 02:35.454, 1Gb)
Unable to find 3-character code having same country code as ISO 2-char code QQ - User-assigned       (00:00.000 / 02:35.455, 1Gb)
Unable to find 3-character code having same country code as ISO 2-char code QR - User-assigned       (00:00.000 / 02:35.456, 1Gb)
Unable to find 3-character code having same country code as ISO 2-char code QS - User-assigned       (00:00.000 / 02:35.456, 1Gb)
Unable to find 3-character code having same country code as ISO 2-char code QT - User-assigned       (00:00.000 / 02:35.457, 1Gb)
Unable to find 3-character code having same country code as ISO 2-char code QU - User-assigned       (00:00.000 / 02:35.458, 1Gb)
Unable to find 3-character code having same country code as ISO 2-char code QV - User-assigned       (00:00.000 / 02:35.459, 1Gb)
Unable to find 3-character code having same country code as ISO 2-char code QW - User-assigned       (00:00.000 / 02:35.460, 1Gb)
Unable to find 3-character code having same country code as ISO 2-char code QX - User-assigned       (00:00.000 / 02:35.460, 1Gb)
Unable to find 3-character code having same country code as ISO 2-char code QY - User-assigned       (00:00.000 / 02:35.461, 1Gb)
Unable to find 3-character code having same country code as ISO 2-char code QZ - User-assigned       (00:00.000 / 02:35.462, 1Gb)
Unable to find 3-character code having same country code as ISO 2-char code XA - User-assigned       (00:00.000 / 02:35.462, 1Gb)
Unable to find 3-character code having same country code as ISO 2-char code XB - User-assigned       (00:00.000 / 02:35.463, 1Gb)
Unable to find 3-character code having same country code as ISO 2-char code XC - User-assigned       (00:00.000 / 02:35.463, 1Gb)
Unable to find 3-character code having same country code as ISO 2-char code XD - User-assigned       (00:00.000 / 02:35.464, 1Gb)
Unable to find 3-character code having same country code as ISO 2-char code XE - User-assigned       (00:00.000 / 02:35.465, 1Gb)
Unable to find 3-character code having same country code as ISO 2-char code XF - User-assigned       (00:00.000 / 02:35.465, 1Gb)
Unable to find 3-character code having same country code as ISO 2-char code XG - User-assigned       (00:00.000 / 02:35.466, 1Gb)
Unable to find 3-character code having same country code as ISO 2-char code XH - User-assigned       (00:00.000 / 02:35.466, 1Gb)
Unable to find 3-character code having same country code as ISO 2-char code XI - User-assigned       (00:00.000 / 02:35.467, 1Gb)
Unable to find 3-character code having same country code as ISO 2-char code XJ - User-assigned       (00:00.000 / 02:35.468, 1Gb)
Unable to find 3-character code having same country code as ISO 2-char code XK - Kosovo              (00:00.000 / 02:35.468, 1Gb)
Unable to find 3-character code having same country code as ISO 2-char code XL - User-assigned       (00:00.000 / 02:35.469, 1Gb)
Unable to find 3-character code having same country code as ISO 2-char code XM - User-assigned       (00:00.000 / 02:35.469, 1Gb)
Unable to find 3-character code having same country code as ISO 2-char code XN - User-assigned       (00:00.000 / 02:35.470, 1Gb)
Unable to find 3-character code having same country code as ISO 2-char code XO - User-assigned       (00:00.000 / 02:35.470, 1Gb)
Unable to find 3-character code having same country code as ISO 2-char code XP - User-assigned       (00:00.000 / 02:35.471, 1Gb)
Unable to find 3-character code having same country code as ISO 2-char code XQ - User-assigned       (00:00.000 / 02:35.471, 1Gb)
Unable to find 3-character code having same country code as ISO 2-char code XR - User-assigned       (00:00.000 / 02:35.472, 1Gb)
Unable to find 3-character code having same country code as ISO 2-char code XS - User-assigned       (00:00.000 / 02:35.472, 1Gb)
Unable to find 3-character code having same country code as ISO 2-char code XT - User-assigned       (00:00.000 / 02:35.473, 1Gb)
Unable to find 3-character code having same country code as ISO 2-char code XU - User-assigned       (00:00.000 / 02:35.473, 1Gb)
Unable to find 3-character code having same country code as ISO 2-char code XV - User-assigned       (00:00.000 / 02:35.474, 1Gb)
Unable to find 3-character code having same country code as ISO 2-char code XW - User-assigned       (00:00.000 / 02:35.474, 1Gb)
Unable to find 3-character code having same country code as ISO 2-char code XX - Unknown             (00:00.000 / 02:35.474, 1Gb)
Unable to find 3-character code having same country code as ISO 2-char code XY - User-assigned       (00:00.000 / 02:35.475, 1Gb)
Unable to find 3-character code having same country code as ISO 2-char code XZ - International Waters (00:00.000 / 02:35.475, 1Gb)
Unable to find 3-character code having same country code as ISO 2-char code ZZ - Unknown or Invalid Territory (00:00.000 / 02:35.476, 1Gb)
DB Cumulative Time invested: 00:00:00.327
Sending Usage Stats to Server                                                                        (00:00.232 / 02:35.709, 1Gb)
## Memory (MB): Use = 1890, Free = 2109, Total = 4000, Max = 4000                                    (00:00.004 / 02:35.713, 1Gb)
Reclaiming memory...                                                                                 (00:00.000 / 02:35.714, 1Gb)
## Memory (MB): Use = 1892, Free = 2107, Total = 4000, Max = 4000                                    (00:00.035 / 02:35.749, 1Gb)
Run jekyll: jekyll build --destination "/tmp/ig-builds/ans.fhir.fr.tddui#2.3.0-ballot/output" (in folder /tmp/ig-builds/ans.fhir.fr.tddui#2.3.0-ballot/temp/pages) (00:00.001 / 02:35.750, 1Gb)
Troubleshooting Note: usual cases for Jekyll to fail are:                                            (00:00.000 / 02:35.751, 1Gb)
* A failure to produce a fragment that is already logged in the output above                         (00:00.000 / 02:35.751, 1Gb)
* A reference to a manually edited file that hasn't been provided                                    (00:00.000 / 02:35.752, 1Gb)
Jekyll: Source: /tmp/ig-builds/ans.fhir.fr.tddui#2.3.0-ballot/temp/pages                             (00:00.546 / 02:36.298, 1Gb)
Jekyll: Generating...                                                                                (00:00.000 / 02:36.299, 1Gb)
Jekyll: done in 6.045 seconds.                                                                       (00:06.044 / 02:42.343, 1Gb)
[39m
[0;39m[39mInstalling ans.fhir.fr.tddui#2.3.0-ballot
[0;39m[39m done.
[0;39mChecking Output HTML                                                                                 (00:06.567 / 02:48.910, 1Gb)
Processed /tmp/ig-builds/ans.fhir.fr.tddui#2.3.0-ballot/output - % reduction = 100 (221259487 ==> 1694117)
found 2608 files                                                                                     (00:04.550 / 02:53.461, 2Gb)
........................................
........................................
  ... 2608 html files, 0 pages invalid xhtml (0%)                                                    (00:53.368 / 03:46.829, 1Gb)
  ... 933496 links, 0 broken links (0%)                                                              (00:00.000 / 03:46.830, 1Gb)
Generate fragment-usage-analysis.csv                                                                 (00:00.000 / 03:46.831, 1Gb)
Build final .zip                                                                                     (00:00.005 / 03:46.837, 1Gb)
Final .zip built                                                                                     (00:06.771 / 03:53.609, 3Gb)
Built. Times: loading: 00:06.297, generate: 02:54.938, narrative generation: 00:07.373, realm-rules: 00:00.001, previous-version: 00:00.000, jekyll: 00:06.649, validation: 00:24.324 (#150), template: 00:03.724 (#3) (00:06.043 / 03:59.653, 1Gb)
Generating QA                                                                                        (00:00.001 / 03:59.654, 1Gb)
Validation output in /tmp/ig-builds/ans.fhir.fr.tddui#2.3.0-ballot/output/qa.html
Errors: 112, Warnings: 258, Info: 204, Broken Links: 2 (00:00.736 / 04:00.391, 1Gb)
Finished @ 02/03/2026 11:17. Max Memory Used = 3Gb. Log file saved in /tmp/fhir-ig-publisher-tmp.log (00:00.027 / 04:00.419, 1Gb)
Keep a copy of the build directory at /tmp/web-root/run-20260302/ig-build-zips/ans.fhir.fr.tddui#2.3.0-ballot.zip

ok. All checks passed. Publish v2.3.0-ballot to /tmp/web-root/run-20260302/tddui/2.3.0-ballot
Copy the IG to /tmp/web-root/run-20260302/tddui/2.3.0-ballot
Update /tmp/web-root/run-20260302/tddui/package-list.json
Publish Box Statement: This page is part of the Médicosocial - Transfert de données DUI (v2.3.0-ballot: Release) based on <a data-no-external="true" href="http://hl7.org/fhir/R4">FHIR (HL7® FHIR® Standard) R4</a>. This version is a pre-release. The current official version is <a data-no-external="true" href="https://interop.esante.gouv.fr/ig/fhir/tddui{{fn}}">2.2.0</a>.  For a full list of available versions, see the <a data-no-external="true" href="https://interop.esante.gouv.fr/ig/fhir/tddui/history.html">Directory of published versions</a>
  .. 995 files checked, 995 updated
  .. 303 clones checked, 606 updated
  .. 150 redirections (150 created/updated)
ans.fhir.fr.tddui (https://interop.esante.gouv.fr/ig/fhir/tddui): Médicosocial - Transfert de données DUI @ https://ansforge.github.io/IG-fhir-medicosocial-transfert-donnees-dui/ig/main
  release: public-comment 2.3.0-ballot/4.0.1 @ https://interop.esante.gouv.fr/ig/fhir/tddui/2.3.0-ballot
Build is complete. Copy from /tmp/web-root/run-20260302
Update history page at /tmp/web-root/run-20260302/tddui from /home/runner/work/IG-fhir-medicosocial-transfert-donnees-dui/IG-fhir-medicosocial-transfert-donnees-dui/./IG-website-release/fhir-ig-history-template and ./IG-website-release/templates
