FHIR IG Publisher Version 1.6.13 (Git# 43dd4978cd9e). Built 2024-06-28T02:52:51.699Z (5 days old)
Detected Java version: 17.0.10 from /opt/hostedtoolcache/Java_Microsoft_jdk/17.0.10/x64 on amd64 (64bit). 3996MB available
dir = /home/runner/work/IG-fhir-service-acces-aux-soins/IG-fhir-service-acces-aux-soins, path = /opt/hostedtoolcache/Ruby/3.3.3/x64/bin:/usr/share/dotnet:/opt/hostedtoolcache/node/20.15.0/x64/bin:/opt/hostedtoolcache/Java_Microsoft_jdk/17.0.10/x64/bin:/snap/bin:/home/runner/.local/bin:/opt/pipx_bin:/home/runner/.cargo/bin:/home/runner/.config/composer/vendor/bin:/usr/local/.ghcup/bin:/home/runner/.dotnet/tools:/usr/local/sbin:/usr/local/bin:/usr/sbin:/usr/bin:/sbin:/bin:/usr/games:/usr/local/games:/snap/bin
Parameters: -go-publish -source ./igSource -web ./IG-website-release/www/ig/fhir -registry ./IG-website-release/ig-registry/fhir-ig-list.json -history ./IG-website-release/fhir-ig-history-template -templates ./IG-website-release/templates
---------------
Publication Run: publish ./igSource to ./IG-website-release/www/ig/fhir
Run Number: 42
Relative directory for IG is '/sas'
===== Web Publication Run Details ===============================
 Source IG: ans.fhir.fr.sas#1.0.0-ballot : https://interop.esante.gouv.fr/ig/fhir/sas (R4) from ./igSource
All checks passed. Do the publication build from /home/runner/work/IG-fhir-service-acces-aux-soins/IG-fhir-service-acces-aux-soins/./igSource and publish to /tmp/web-root/run-20240703/sas
Prepare Build space in /tmp/ans.fhir.fr.sas#1.0.0-ballot
Build IG at /home/runner/work/IG-fhir-service-acces-aux-soins/IG-fhir-service-acces-aux-soins/./igSource: final copy suitable for publication (in /tmp/ans.fhir.fr.sas#1.0.0-ballot)
FHIR IG Publisher Version 1.6.13 (Git# 43dd4978cd9e). Built 2024-06-28T02:52:51.699Z (5 days old)   
Detected Java version: 17.0.10 from /opt/hostedtoolcache/Java_Microsoft_jdk/17.0.10/x64 on Linux/amd64 (64bit). 3996MB available
dir = /home/runner/work/IG-fhir-service-acces-aux-soins/IG-fhir-service-acces-aux-soins, path = /opt/hostedtoolcache/Ruby/3.3.3/x64/bin:/usr/share/dotnet:/opt/hostedtoolcache/node/20.15.0/x64/bin:/opt/hostedtoolcache/Java_Microsoft_jdk/17.0.10/x64/bin:/snap/bin:/home/runner/.local/bin:/opt/pipx_bin:/home/runner/.cargo/bin:/home/runner/.config/composer/vendor/bin:/usr/local/.ghcup/bin:/home/runner/.dotnet/tools:/usr/local/sbin:/usr/local/bin:/usr/sbin:/usr/bin:/sbin:/bin:/usr/games:/usr/local/games:/snap/bin
Parameters: -ig /tmp/ans.fhir.fr.sas#1.0.0-ballot -resetTx -publish https://interop.esante.gouv.fr/ig/fhir/sas/1.0.0-ballot -no-exit
Start Clock @ Wednesday, July 3, 2024 at 1:59:03 PM Coordinated Universal Time (2024-07-03T13:59:03Z)
                                                                                                    
Build FHIR IG from /tmp/ans.fhir.fr.sas#1.0.0-ballot                                                 (00:00.286 / 00:00.286, 72Mb)
Build Formal Publication package, intended for https://interop.esante.gouv.fr/ig/fhir/sas/1.0.0-ballot (00:00.003 / 00:00.289, 72Mb)
API keys loaded from /home/runner/.fhir/fhir-settings.json                                           (00:00.001 / 00:00.290, 72Mb)
Package Cache: /home/runner/.fhir/packages                                                           (00:00.003 / 00:00.293, 72Mb)
Run Sushi on /tmp/ans.fhir.fr.sas#1.0.0-ballot                                                       (00:00.002 / 00:00.296, 73Mb)
Sushi: info  Running SUSHI v3.11.0 (implements FHIR Shorthand specification v3.0.0-ballot)           (00:00.390 / 00:00.686, 74Mb)
Sushi: info  Arguments:                                                                              (00:00.001 / 00:00.688, 74Mb)
Sushi: info    --require-latest                                                                      (00:00.001 / 00:00.690, 74Mb)
Sushi: info    --out /tmp/ans.fhir.fr.sas#1.0.0-ballot                                               (00:00.001 / 00:00.691, 74Mb)
Sushi: info    /tmp/ans.fhir.fr.sas#1.0.0-ballot                                                     (00:00.001 / 00:00.692, 74Mb)
Sushi: info  Using configuration file: /tmp/ans.fhir.fr.sas#1.0.0-ballot/sushi-config.yaml           (00:00.650 / 00:01.343, 74Mb)
Sushi: info  Importing FSH text...                                                                   (00:00.121 / 00:01.465, 74Mb)
Sushi: info  Preprocessed 35 documents with 8 aliases.                                               (00:00.160 / 00:01.625, 74Mb)
Sushi: info  Imported 25 definitions and 9 instances.                                                (00:00.014 / 00:01.639, 74Mb)
Sushi: info  Checking /home/runner/.fhir/packages for hl7.fhir.uv.tools#current...                   (00:00.001 / 00:01.641, 74Mb)
Sushi: info  Found hl7.fhir.uv.tools#current in /home/runner/.fhir/packages.                         (00:00.039 / 00:01.680, 74Mb)
Sushi: info  Loaded package hl7.fhir.uv.tools#current                                                (00:00.442 / 00:02.123, 74Mb)
Sushi: info  Checking /home/runner/.fhir/packages for hl7.terminology.r4#5.5.0...                    (00:00.505 / 00:02.628, 74Mb)
Sushi: info  Found hl7.terminology.r4#5.5.0 in /home/runner/.fhir/packages.                          (00:00.511 / 00:03.140, 74Mb)
Sushi: info  Loaded package hl7.terminology.r4#5.5.0                                                 (00:00.001 / 00:03.141, 74Mb)
Sushi: info  Checking /home/runner/.fhir/packages for hl7.fhir.uv.extensions.r4#5.1.0...             (00:00.102 / 00:03.243, 74Mb)
Sushi: info  Found hl7.fhir.uv.extensions.r4#5.1.0 in /home/runner/.fhir/packages.                   (00:00.517 / 00:03.761, 74Mb)
Sushi: info  Loaded package hl7.fhir.uv.extensions.r4#5.1.0                                          (00:00.001 / 00:03.762, 74Mb)
Sushi: info  Checking /home/runner/.fhir/packages for hl7.fhir.fr.core#1.1.0...                      (00:00.001 / 00:03.763, 74Mb)
Sushi: info  Found hl7.fhir.fr.core#1.1.0 in /home/runner/.fhir/packages.                            (00:00.460 / 00:04.224, 74Mb)
Sushi: info  Loaded package hl7.fhir.fr.core#1.1.0                                                   (00:00.001 / 00:04.226, 74Mb)
Sushi: info  Loading supplemental version of FHIR to support extensions from hl7.fhir.extensions.r5  (00:00.001 / 00:04.227, 74Mb)
Sushi: info  Checking /home/runner/.fhir/packages for hl7.fhir.r5.core#5.0.0...                      (00:00.001 / 00:04.228, 74Mb)
Sushi: info  Found hl7.fhir.r5.core#5.0.0 in /home/runner/.fhir/packages.                            (00:00.881 / 00:05.110, 74Mb)
Sushi: info  Loaded package hl7.fhir.r5.core#5.0.0                                                   (00:00.001 / 00:05.111, 74Mb)
Sushi: info  Checking /home/runner/.fhir/packages for hl7.fhir.r4.core#4.0.1...                      (00:00.001 / 00:05.112, 74Mb)
Sushi: info  Found hl7.fhir.r4.core#4.0.1 in /home/runner/.fhir/packages.                            (00:01.156 / 00:06.269, 74Mb)
Sushi: info  Loaded package hl7.fhir.r4.core#4.0.1                                                   (00:00.001 / 00:06.270, 74Mb)
Sushi: info  Converting FSH to FHIR resources...                                                     (00:00.035 / 00:06.306, 74Mb)
Sushi: info  Converted 18 FHIR StructureDefinitions.                                                 (00:01.077 / 00:07.383, 74Mb)
Sushi: info  Converted 7 FHIR ValueSets.                                                             (00:00.083 / 00:07.467, 74Mb)
Sushi: info  Converted 9 FHIR instances.                                                             (00:00.360 / 00:07.827, 74Mb)
Sushi: info  Exporting FHIR resources as JSON...                                                     (00:00.001 / 00:07.828, 74Mb)
Sushi: info  Exported 33 FHIR resources as JSON.                                                     (00:00.101 / 00:07.931, 74Mb)
Sushi: info  Assembling Implementation Guide sources...                                              (00:00.002 / 00:07.932, 74Mb)
Sushi: info  Generated ImplementationGuide-ans.fhir.fr.sas.json                                      (00:00.022 / 00:07.955, 74Mb)
Sushi: info  Assembled Implementation Guide sources; ready for IG Publisher.                         (00:00.001 / 00:07.956, 74Mb)
Sushi: ========================= SUSHI RESULTS ===========================                           (00:00.001 / 00:07.957, 74Mb)
Sushi: |  -------------------------------------------------------------  |                           (00:00.001 / 00:07.958, 74Mb)
Sushi: | |    Profiles   |  Extensions  |   Logicals   |   Resources   | |                           (00:00.000 / 00:07.959, 74Mb)
Sushi: | |-------------------------------------------------------------| |                           (00:00.001 / 00:07.960, 74Mb)
Sushi: | |      17       |      1       |      0       |       0       | |                           (00:00.000 / 00:07.961, 74Mb)
Sushi: |  -------------------------------------------------------------  |                           (00:00.001 / 00:07.962, 74Mb)
Sushi: |  -------------------------------------------------------------  |                           (00:00.000 / 00:07.963, 74Mb)
Sushi: | |      ValueSets     |    CodeSystems    |     Instances      | |                           (00:00.000 / 00:07.964, 74Mb)
Sushi: | |-------------------------------------------------------------| |                           (00:00.001 / 00:07.965, 74Mb)
Sushi: | |         7          |         0         |         9          | |                           (00:00.001 / 00:07.966, 74Mb)
Sushi: |  -------------------------------------------------------------  |                           (00:00.001 / 00:07.967, 74Mb)
Sushi: |                                                                 |                           (00:00.001 / 00:07.968, 74Mb)
Sushi: ===================================================================                           (00:00.001 / 00:07.970, 74Mb)
Sushi: | That was a sea breeze!                 0 Errors      0 Warnings |                           (00:00.001 / 00:07.971, 74Mb)
Sushi: ===================================================================                           (00:00.001 / 00:07.972, 74Mb)
Unable to load IG as an r5 IG - try R4 (property code is a class com.google.gson.JsonPrimitive looking for an object) (00:00.500 / 00:08.472, 53Mb)
Load Template from https://github.com/ansforge/FIG_ans-ig-template                                   (00:00.448 / 00:08.921, 28Mb)
 Load Template from fhir.base.template#current                                                       (00:01.308 / 00:10.229, 51Mb)

onLoad.findSpreadsheets:

onLoad.updateIg:
     [xslt] Processing /tmp/ans.fhir.fr.sas#1.0.0-ballot/template/onLoad-ig-working.xml to /tmp/ans.fhir.fr.sas#1.0.0-ballot/template/onLoad-ig-updated.xml
     [xslt] Loading stylesheet /tmp/ans.fhir.fr.sas#1.0.0-ballot/template/scripts/onLoad.xslt

onLoad.extend:

onLoad:
Root directory: /tmp/ans.fhir.fr.sas#1.0.0-ballot                                                    (00:02.763 / 00:12.993, 102Mb)
Terminology Cache is at /tmp/ans.fhir.fr.sas#1.0.0-ballot/input-cache/txcache. Clearing now          (00:00.465 / 00:13.459, 120Mb)
Core Package hl7.fhir.r4.core#4.0.1
Unable to generate snapshot @2 for Definition from noname because Profile Definition (http://hl7.org/fhir/StructureDefinition/Definition) has no base and no snapshot
Unable to generate snapshot @2 for Event from noname because Profile Event (http://hl7.org/fhir/StructureDefinition/Event) has no base and no snapshot
Unable to generate snapshot @2 for FiveWs from noname because Profile FiveWs (http://hl7.org/fhir/StructureDefinition/FiveWs) has no base and no snapshot
Unable to generate snapshot @2 for Request from noname because Profile Request (http://hl7.org/fhir/StructureDefinition/Request) has no base and no snapshot
Running Terminology Log: /tmp/ohfu-fhir-ig-9092246799851608508.log
Connect to Terminology Server at http://tx.fhir.org                                                  (00:03.667 / 00:17.127, 306Mb)
Load Package hl7.fhir.pubpack#0.1.7
Load Package hl7.fhir.xver-extensions#0.1.0
Load Package hl7.terminology.r4#5.5.0
Load Package hl7.fhir.uv.extensions.r4#5.1.0
Load Package hl7.fhir.fr.core#1.1.0
Version mismatch. This IG is version 4.0.1, while the IG 'hl7.fhir.uv.tools' is from version 5.0.0 (will try to run anyway) (00:04.305 / 00:21.432, 417Mb)
Load Package hl7.fhir.uv.tools#0.2.0
Load R5 Specials
Unable to generate snapshot @2 for Definition from noname because Profile Definition (http://hl7.org/fhir/StructureDefinition/Definition) has no base and no snapshot
Unable to generate snapshot @2 for Event from noname because Profile Event (http://hl7.org/fhir/StructureDefinition/Event) has no base and no snapshot
Unable to generate snapshot @2 for FiveWs from noname because Profile FiveWs (http://hl7.org/fhir/StructureDefinition/FiveWs) has no base and no snapshot
Unable to generate snapshot @2 for Request from noname because Profile Request (http://hl7.org/fhir/StructureDefinition/Request) has no base and no snapshot
Initialization complete                                                                              (00:00.851 / 00:22.284, 473Mb)
Load Content                                                                                         (00:00.001 / 00:22.285, 473Mb)
Using fr_FR as the default narrative language. (inferred from ImplementationGuide.jurisdiction=FR)   (00:00.063 / 00:22.348, 479Mb)
loadPrePages from FetchedFile[/tmp/ans.fhir.fr.sas#1.0.0-ballot/fsh-generated/includes] as /tmp/ans.fhir.fr.sas#1.0.0-ballot/fsh-generated/includes
loadPrePages from FetchedFile[/tmp/ans.fhir.fr.sas#1.0.0-ballot/input/data] as /tmp/ans.fhir.fr.sas#1.0.0-ballot/input/data
loadPrePages from FetchedFile[/tmp/ans.fhir.fr.sas#1.0.0-ballot/input/pagecontent] as /tmp/ans.fhir.fr.sas#1.0.0-ballot/input/pagecontent
Fetch https://interop.esante.gouv.fr/ig/fhir/sas/package-list.json for version check                 (00:01.036 / 00:23.385, 517Mb)
Processing Conformance Resources                                                                     (00:00.170 / 00:23.556, 520Mb)
Load Dependency Info                                                                                 (00:00.002 / 00:23.558, 520Mb)
Load Info                                                                                            (00:00.001 / 00:23.560, 520Mb)
Load Resources                                                                                       (00:00.001 / 00:23.561, 521Mb)
Load Paths                                                                                           (00:00.254 / 00:23.815, 555Mb)
Generating Snapshots                                                                                 (00:00.000 / 00:23.816, 555Mb)
Error from http://tx.fhir.org/r4: Unable to provide support for code system https://mos.esante.gouv.fr/NOS/TRE_R38-SpecialiteOrdinale/FHIR/TRE-R38-SpecialiteOrdinale [x-request-id: 143-5291688]
Error from http://tx.fhir.org/r4: Unable to provide support for code system https://mos.esante.gouv.fr/NOS/TRE_R38-SpecialiteOrdinale/FHIR/TRE-R38-SpecialiteOrdinale [x-request-id: 143-5291691]
Check R4 / R4B                                                                                       (00:02.973 / 00:26.790, 544Mb)
Assign Comparison Ids                                                                                (00:00.011 / 00:26.801, 545Mb)
Propagating status                                                                                   (00:00.001 / 00:26.802, 545Mb)
Generating Narratives                                                                                (00:00.000 / 00:26.803, 545Mb)
Error from http://tx.fhir.org/r4: Unable to provide support for code system https://mos.esante.gouv.fr/NOS/TRE_R314-TypeCreneau/FHIR/TRE-R314-TypeCreneau [x-request-id: 143-5291717]
Error from http://tx.fhir.org/r4: Unable to provide support for code system https://mos.esante.gouv.fr/NOS/TRE_R314-TypeCreneau/FHIR/TRE-R314-TypeCreneau [x-request-id: 143-5291720]
Error from http://tx.fhir.org/r4: Unable to provide support for code system https://mos.esante.gouv.fr/NOS/TRE_R314-TypeCreneau/FHIR/TRE-R314-TypeCreneau [x-request-id: 143-5291725]
Error from http://tx.fhir.org/r4: Unable to provide support for code system https://mos.esante.gouv.fr/NOS/TRE_R314-TypeCreneau/FHIR/TRE-R314-TypeCreneau [x-request-id: 143-5291729]
Error from http://tx.fhir.org/r4: Unable to provide support for code system https://mos.esante.gouv.fr/NOS/TRE_R66-CategorieEtablissement/TRE_R66-CategorieEtablissement [x-request-id: 143-5291735]
Error from http://tx.fhir.org/r4: Unable to provide support for code system https://mos.esante.gouv.fr/NOS/TRE_R66-CategorieEtablissement/TRE_R66-CategorieEtablissement [x-request-id: 143-5291740]
Validating Conformance Resources                                                                     (00:02.314 / 00:29.118, 792Mb)
Unable to generate snapshot @2 for Definition from noname because Profile Definition (http://hl7.org/fhir/StructureDefinition/Definition) has no base and no snapshot
Unable to generate snapshot @2 for Event from noname because Profile Event (http://hl7.org/fhir/StructureDefinition/Event) has no base and no snapshot
Unable to generate snapshot @2 for FiveWs from noname because Profile FiveWs (http://hl7.org/fhir/StructureDefinition/FiveWs) has no base and no snapshot
Unable to generate snapshot @2 for Request from noname because Profile Request (http://hl7.org/fhir/StructureDefinition/Request) has no base and no snapshot
Check profiles & code systems                                                                        (00:08.323 / 00:37.441, 1Gb)
Check realm rules                                                                                    (00:00.004 / 00:37.446, 1Gb)
Previous Version Comparison                                                                          (00:00.001 / 00:37.447, 1Gb)
Validating Resources                                                                                 (00:00.046 / 00:37.494, 1Gb)
Processing Provenance Records                                                                        (00:00.138 / 00:37.632, 1Gb)
Generating Outputs in /tmp/ans.fhir.fr.sas#1.0.0-ballot/output                                       (00:00.000 / 00:37.633, 1Gb)
Generate Native Outputs                                                                              (00:00.083 / 00:37.717, 1Gb)
Run Template                                                                                         (00:08.466 / 00:46.183, 1011Mb)

onGenerate.checkVersions:
     [xslt] Processing /tmp/ans.fhir.fr.sas#1.0.0-ballot/template/onGenerate-ig-working.xml to /tmp/ans.fhir.fr.sas#1.0.0-ballot/template/versions.txt
     [xslt] Loading stylesheet /tmp/ans.fhir.fr.sas#1.0.0-ballot/template/scripts/onGenerate.getVersions.xslt

onGenerate.r5-schemas:
      [get] Getting: http://build.fhir.org/fhir-single.xsd
      [get] To: /tmp/ans.fhir.fr.sas#1.0.0-ballot/input-cache/schemas/R5/fhir-single.xsd
      [get] Not modified - so not downloaded
      [get] Getting: http://build.fhir.org/fhir-xhtml.xsd
      [get] To: /tmp/ans.fhir.fr.sas#1.0.0-ballot/input-cache/schemas/R5/fhir-xhtml.xsd
      [get] Not modified - so not downloaded
      [get] Getting: http://build.fhir.org/xml.xsd
      [get] To: /tmp/ans.fhir.fr.sas#1.0.0-ballot/input-cache/schemas/R5/xml.xsd
      [get] Not modified - so not downloaded
      [get] Getting: http://build.fhir.org/xmldsig-core-schema.xsd
      [get] To: /tmp/ans.fhir.fr.sas#1.0.0-ballot/input-cache/schemas/R5/xmldsig-core-schema.xsd
      [get] Not modified - so not downloaded

onGenerate.r4-schemas:
      [get] Getting: http://hl7.org/fhir/R4/fhir-single.xsd
      [get] To: /tmp/ans.fhir.fr.sas#1.0.0-ballot/input-cache/schemas/R4/fhir-single.xsd
      [get] Not modified - so not downloaded
      [get] Getting: http://hl7.org/fhir/R4/fhir-xhtml.xsd
      [get] To: /tmp/ans.fhir.fr.sas#1.0.0-ballot/input-cache/schemas/R4/fhir-xhtml.xsd
      [get] Not modified - so not downloaded
      [get] Getting: http://hl7.org/fhir/R4/xml.xsd
      [get] To: /tmp/ans.fhir.fr.sas#1.0.0-ballot/input-cache/schemas/R4/xml.xsd
      [get] Not modified - so not downloaded
      [get] Getting: http://hl7.org/fhir/R4/xmldsig-core-schema.xsd
      [get] To: /tmp/ans.fhir.fr.sas#1.0.0-ballot/input-cache/schemas/R4/xmldsig-core-schema.xsd
      [get] Not modified - so not downloaded

onGenerate.r3-schemas:

onGenerate.r2b-schemas:

onGenerate.r2-schemas:

onGenerate.schemas:

onGenerate.data:
     [xslt] Processing /tmp/ans.fhir.fr.sas#1.0.0-ballot/template/onGenerate-ig-working.xml to /tmp/ans.fhir.fr.sas#1.0.0-ballot/temp/pages/_data/artifacts.json
     [xslt] Loading stylesheet /tmp/ans.fhir.fr.sas#1.0.0-ballot/template/scripts/onGenerate.data.xslt

onGenerate.setup:

onGenerate.infoFile:
     [xslt] Processing /tmp/ans.fhir.fr.sas#1.0.0-ballot/template/onGenerate-ig-working.xml to /tmp/ans.fhir.fr.sas#1.0.0-ballot/temp/pages/_data/info.json
     [xslt] Loading stylesheet /tmp/ans.fhir.fr.sas#1.0.0-ballot/template/scripts/onGenerate.genJson.xslt

onGenerate.processIncludes:
     [copy] Copying 16 files to /tmp/ans.fhir.fr.sas#1.0.0-ballot/temp/pages/_includes

onGenerate.processIg:
     [xslt] Processing /tmp/ans.fhir.fr.sas#1.0.0-ballot/template/onGenerate-ig-working.xml to /tmp/ans.fhir.fr.sas#1.0.0-ballot/template/onGenerate-ig-working.1.xml
     [xslt] Loading stylesheet /tmp/ans.fhir.fr.sas#1.0.0-ballot/template/scripts/onGenerate.group.xslt
     [xslt] Processing /tmp/ans.fhir.fr.sas#1.0.0-ballot/template/onGenerate-ig-working.1.xml to /tmp/ans.fhir.fr.sas#1.0.0-ballot/template/onGenerate-ig-working.2.xml
     [xslt] Loading stylesheet /tmp/ans.fhir.fr.sas#1.0.0-ballot/template/scripts/onGenerate.groupSort.xslt
     [xslt] Processing /tmp/ans.fhir.fr.sas#1.0.0-ballot/template/onGenerate-ig-working.2.xml to /tmp/ans.fhir.fr.sas#1.0.0-ballot/template/onGenerate-ig-updated.xml
     [xslt] Loading stylesheet /tmp/ans.fhir.fr.sas#1.0.0-ballot/template/scripts/onGenerate.final.xslt

onGenerate.igQa:
     [xslt] Processing /tmp/ans.fhir.fr.sas#1.0.0-ballot/template/onGenerate-ig-updated.xml to /tmp/ans.fhir.fr.sas#1.0.0-ballot/template/ongenerate-validation-igqa.json
     [xslt] Loading stylesheet /tmp/ans.fhir.fr.sas#1.0.0-ballot/template/scripts/onGenerate.qa.xslt

onGenerate.artifactList:
     [xslt] Processing /tmp/ans.fhir.fr.sas#1.0.0-ballot/template/onGenerate-ig-updated.xml to /tmp/ans.fhir.fr.sas#1.0.0-ballot/temp/pages/_includes/artifacts.xml
     [xslt] Loading stylesheet /tmp/ans.fhir.fr.sas#1.0.0-ballot/template/scripts/createArtifactSummary.xslt

check-plantumlfiles:

onGenerate.plantUml.ig:

onGenerate.plantUml.template:

onGenerate.plantUml:

onGenerate.copyDataFiles:

onGenerate.extend:

onGenerate:
Template Done                                                                                        (00:01.587 / 00:47.771, 1Gb)
Generate HTML Outputs                                                                                (00:00.000 / 00:47.772, 1Gb)
Error Generating Narrative forSlot/ExampleSlotCPTS: type Slot.serviceType not handled by the rendering framework
org.apache.commons.lang3.NotImplementedException: type Slot.serviceType not handled by the rendering framework
	at org.hl7.fhir.r5.renderers.ProfileDrivenRenderer.renderLeaf(ProfileDrivenRenderer.java:173)
	at org.hl7.fhir.r5.renderers.ProfileDrivenRenderer.generateElementByProfile(ProfileDrivenRenderer.java:346)
	at org.hl7.fhir.r5.renderers.ProfileDrivenRenderer.generateForProperty(ProfileDrivenRenderer.java:298)
	at org.hl7.fhir.r5.renderers.ProfileDrivenRenderer.generateByProfile(ProfileDrivenRenderer.java:282)
	at org.hl7.fhir.r5.renderers.ProfileDrivenRenderer.buildNarrative(ProfileDrivenRenderer.java:52)
	at org.hl7.fhir.r5.renderers.BundleRenderer.buildNarrative(BundleRenderer.java:99)
	at org.hl7.fhir.r5.renderers.ResourceRenderer.buildNarrative(ResourceRenderer.java:82)
	at org.hl7.fhir.igtools.publisher.Publisher.getXhtml(Publisher.java:12382)
	at org.hl7.fhir.igtools.publisher.Publisher.saveDirectResourceOutputs(Publisher.java:11400)
	at org.hl7.fhir.igtools.publisher.Publisher.generateHtmlOutputs(Publisher.java:10505)
	at org.hl7.fhir.igtools.publisher.Publisher.generate(Publisher.java:7580)
	at org.hl7.fhir.igtools.publisher.Publisher.createIg(Publisher.java:1194)
	at org.hl7.fhir.igtools.publisher.Publisher.execute(Publisher.java:1016)
	at org.hl7.fhir.igtools.publisher.Publisher.main(Publisher.java:13007)
	at org.hl7.fhir.igtools.web.PublicationProcess.runBuild(PublicationProcess.java:899)
	at org.hl7.fhir.igtools.web.PublicationProcess.doPublish(PublicationProcess.java:476)
	at org.hl7.fhir.igtools.web.PublicationProcess.publishInner2(PublicationProcess.java:393)
	at org.hl7.fhir.igtools.web.PublicationProcess.publishInner(PublicationProcess.java:231)
	at org.hl7.fhir.igtools.web.PublicationProcess.publish(PublicationProcess.java:123)
	at org.hl7.fhir.igtools.publisher.Publisher.main(Publisher.java:12752)
ERROR StatusLogger Log4j2 could not find a logging implementation. Please add log4j-core to the classpath. Using SimpleLogger to log to the console...
Value set 'https://mos.esante.gouv.fr/NOS/JDV_J78-Civilite-RASS/FHIR/JDV-J78-Civilite-RASS' at http://sas.fr/fhir/StructureDefinition/FrPractitionerAgregateur#Practitioner.name.prefix not found
Value set 'https://mos.esante.gouv.fr/NOS/JDV_J79-CiviliteExercice-RASS/FHIR/JDV-J79-CiviliteExercice-RASS' at http://sas.fr/fhir/StructureDefinition/FrPractitionerAgregateur#Practitioner.name.suffix not found
Value set 'https://mos.esante.gouv.fr/NOS/JDV_J105-EnsembleDiplome-RASS/FHIR/JDV-J105-EnsembleDiplome-RASS' at http://sas.fr/fhir/StructureDefinition/FrPractitionerAgregateur#Practitioner.qualification.code.coding:degreeR36 not found
Value set 'https://mos.esante.gouv.fr/NOS/JDV_J105-EnsembleDiplome-RASS/FHIR/JDV-J105-EnsembleDiplome-RASS' at http://sas.fr/fhir/StructureDefinition/FrPractitionerAgregateur#Practitioner.qualification.code.coding:degreeR47 not found
Value set 'https://mos.esante.gouv.fr/NOS/JDV_J105-EnsembleDiplome-RASS/FHIR/JDV-J105-EnsembleDiplome-RASS' at http://sas.fr/fhir/StructureDefinition/FrPractitionerAgregateur#Practitioner.qualification.code.coding:degreeR48 not found
Value set 'https://mos.esante.gouv.fr/NOS/JDV_J105-EnsembleDiplome-RASS/FHIR/JDV-J105-EnsembleDiplome-RASS' at http://sas.fr/fhir/StructureDefinition/FrPractitionerAgregateur#Practitioner.qualification.code.coding:degreeR49 not found
Value set 'https://mos.esante.gouv.fr/NOS/JDV_J105-EnsembleDiplome-RASS/FHIR/JDV-J105-EnsembleDiplome-RASS' at http://sas.fr/fhir/StructureDefinition/FrPractitionerAgregateur#Practitioner.qualification.code.coding:degreeR50 not found
Value set 'https://mos.esante.gouv.fr/NOS/JDV_J105-EnsembleDiplome-RASS/FHIR/JDV-J105-EnsembleDiplome-RASS' at http://sas.fr/fhir/StructureDefinition/FrPractitionerAgregateur#Practitioner.qualification.code.coding:degreeR51 not found
Value set 'https://mos.esante.gouv.fr/NOS/JDV_J105-EnsembleDiplome-RASS/FHIR/JDV-J105-EnsembleDiplome-RASS' at http://sas.fr/fhir/StructureDefinition/FrPractitionerAgregateur#Practitioner.qualification.code.coding:degreeR52 not found
Value set 'https://mos.esante.gouv.fr/NOS/JDV_J105-EnsembleDiplome-RASS/FHIR/JDV-J105-EnsembleDiplome-RASS' at http://sas.fr/fhir/StructureDefinition/FrPractitionerAgregateur#Practitioner.qualification.code.coding:degreeR53 not found
Value set 'https://mos.esante.gouv.fr/NOS/JDV_J105-EnsembleDiplome-RASS/FHIR/JDV-J105-EnsembleDiplome-RASS' at http://sas.fr/fhir/StructureDefinition/FrPractitionerAgregateur#Practitioner.qualification.code.coding:degreeR54 not found
Value set 'https://mos.esante.gouv.fr/NOS/JDV_J105-EnsembleDiplome-RASS/FHIR/JDV-J105-EnsembleDiplome-RASS' at http://sas.fr/fhir/StructureDefinition/FrPractitionerAgregateur#Practitioner.qualification.code.coding:degreeR55 not found
Value set 'https://mos.esante.gouv.fr/NOS/JDV_J105-EnsembleDiplome-RASS/FHIR/JDV-J105-EnsembleDiplome-RASS' at http://sas.fr/fhir/StructureDefinition/FrPractitionerAgregateur#Practitioner.qualification.code.coding:degreeR56 not found
Value set 'https://mos.esante.gouv.fr/NOS/JDV_J105-EnsembleDiplome-RASS/FHIR/JDV-J105-EnsembleDiplome-RASS' at http://sas.fr/fhir/StructureDefinition/FrPractitionerAgregateur#Practitioner.qualification.code.coding:degreeR57 not found
Value set 'https://mos.esante.gouv.fr/NOS/JDV_J105-EnsembleDiplome-RASS/FHIR/JDV-J105-EnsembleDiplome-RASS' at http://sas.fr/fhir/StructureDefinition/FrPractitionerAgregateur#Practitioner.qualification.code.coding:degreeR58 not found
Value set 'https://mos.esante.gouv.fr/NOS/JDV_J105-EnsembleDiplome-RASS/FHIR/JDV-J105-EnsembleDiplome-RASS' at http://sas.fr/fhir/StructureDefinition/FrPractitionerAgregateur#Practitioner.qualification.code.coding:degreeR226 not found
Value set 'https://mos.esante.gouv.fr/NOS/JDV_J165-TypeCreneau-SAS/FHIR/JDV-J165-TypeCreneau-SAS' at http://sas.fr/fhir/StructureDefinition/FrSlotAgregateur#Slot.meta.security not found
Value set 'https://mos.esante.gouv.fr/NOS/JDV_J165-TypeCreneau-SAS/FHIR/JDV-J165-TypeCreneau-SAS' at http://sas.fr/fhir/StructureDefinition/FrSlotAgregateur#Slot.meta.security not found
Value set 'https://mos.esante.gouv.fr/NOS/JDV_J101-SecteurActivite-RASS/FHIR/JDV-J101-SecteurActivite-RASS' at https://interop.esante.gouv.fr/ig/fhir/sas/StructureDefinition/sas-cpts-organization-aggregator#Organization.type:secteurActiviteRASS not found
Value set 'https://mos.esante.gouv.fr/NOS/JDV_J129-CategorieEtablissement-RASS/FHIR/JDV-J129-CategorieEtablissement-RASS' at https://interop.esante.gouv.fr/ig/fhir/sas/StructureDefinition/sas-cpts-organization-aggregator#Organization.type:categorieEtablissementRASS not found
Value set 'https://mos.esante.gouv.fr/NOS/JDV_J101-SecteurActivite-RASS/FHIR/JDV-J101-SecteurActivite-RASS' at https://interop.esante.gouv.fr/ig/fhir/sas/StructureDefinition/sas-cpts-organization-aggregator#Organization.type:secteurActiviteRASS not found
Value set 'https://mos.esante.gouv.fr/NOS/JDV_J129-CategorieEtablissement-RASS/FHIR/JDV-J129-CategorieEtablissement-RASS' at https://interop.esante.gouv.fr/ig/fhir/sas/StructureDefinition/sas-cpts-organization-aggregator#Organization.type:categorieEtablissementRASS not found
Value set 'https://mos.esante.gouv.fr/NOS/JDV_J101-SecteurActivite-RASS/FHIR/JDV-J101-SecteurActivite-RASS' at https://interop.esante.gouv.fr/ig/fhir/sas/StructureDefinition/sas-sos-organization-aggregator#Organization.type:secteurActiviteRASS not found
Value set 'https://mos.esante.gouv.fr/NOS/JDV_J129-CategorieEtablissement-RASS/FHIR/JDV-J129-CategorieEtablissement-RASS' at https://interop.esante.gouv.fr/ig/fhir/sas/StructureDefinition/sas-sos-organization-aggregator#Organization.type:categorieEtablissementRASS not found
Value set 'https://mos.esante.gouv.fr/NOS/JDV_J101-SecteurActivite-RASS/FHIR/JDV-J101-SecteurActivite-RASS' at https://interop.esante.gouv.fr/ig/fhir/sas/StructureDefinition/sas-sos-organization-aggregator#Organization.type:secteurActiviteRASS not found
Value set 'https://mos.esante.gouv.fr/NOS/JDV_J129-CategorieEtablissement-RASS/FHIR/JDV-J129-CategorieEtablissement-RASS' at https://interop.esante.gouv.fr/ig/fhir/sas/StructureDefinition/sas-sos-organization-aggregator#Organization.type:categorieEtablissementRASS not found
Error from http://tx.fhir.org/r4: Unable to provide support for code system https://mos.esante.gouv.fr/NOS/TRE_R314-TypeCreneau/FHIR/TRE-R314-TypeCreneau [x-request-id: 143-5291977]
Error from http://tx.fhir.org/r4: Unable to provide support for code system https://mos.esante.gouv.fr/NOS/TRE_R314-TypeCreneau/FHIR/TRE-R314-TypeCreneau [x-request-id: 143-5291981]
Error from http://tx.fhir.org/r4: Unable to provide support for code system https://mos.esante.gouv.fr/NOS/TRE_R314-TypeCreneau/FHIR/TRE-R314-TypeCreneau [x-request-id: 143-5291985]
Error from http://tx.fhir.org/r4: Unable to provide support for code system https://mos.esante.gouv.fr/NOS/TRE_R314-TypeCreneau/FHIR/TRE-R314-TypeCreneau [x-request-id: 143-5291988]
Error from http://tx.fhir.org/r4: Unable to provide support for code system https://mos.esante.gouv.fr/NOS/TRE_R66-CategorieEtablissement/TRE_R66-CategorieEtablissement [x-request-id: 143-5291992]
Error from http://tx.fhir.org/r4: Unable to provide support for code system https://mos.esante.gouv.fr/NOS/TRE_R66-CategorieEtablissement/TRE_R66-CategorieEtablissement [x-request-id: 143-5291995]
Generate Summaries                                                                                   (00:18.913 / 01:06.685, 880Mb)
Generating Summary Outputs                                                                           (00:00.001 / 01:06.687, 880Mb)
DB Cumulative Time invested: 00:00:00.154
Sending Usage Stats to Server                                                                        (00:03.468 / 01:10.155, 1Gb)
## Memory (MB): Use = 1642, Free = 585, Total = 2228, Max = 3996                                     (00:00.004 / 01:10.159, 1Gb)
Reclaiming memory...                                                                                 (00:00.000 / 01:10.160, 1Gb)
## Memory (MB): Use = 834, Free = 1393, Total = 2228, Max = 3996                                     (00:00.416 / 01:10.576, 835Mb)
Run jekyll: jekyll build --destination "/tmp/ans.fhir.fr.sas#1.0.0-ballot/output" (in folder /tmp/ans.fhir.fr.sas#1.0.0-ballot/temp/pages) (00:00.001 / 01:10.578, 835Mb)
Troubleshooting Note: usual cases for Jekyll to fail are:                                            (00:00.001 / 01:10.579, 835Mb)
* A failure to produce a fragment that is already logged in the output above                         (00:00.000 / 01:10.580, 835Mb)
* A reference to a manually edited file that hasn't been provided                                    (00:00.000 / 01:10.581, 835Mb)
Jekyll: Source: /tmp/ans.fhir.fr.sas#1.0.0-ballot/temp/pages                                         (00:00.363 / 01:10.944, 839Mb)
Jekyll: Generating...                                                                                (00:00.000 / 01:10.945, 839Mb)
Jekyll: done in 1.811 seconds.                                                                       (00:01.809 / 01:12.755, 839Mb)

Installing ans.fhir.fr.sas#1.0.0-ballot done.
Checking Output HTML                                                                                 (00:03.101 / 01:15.856, 1Gb)
found 1056 files                                                                                     (00:00.006 / 01:15.863, 1Gb)
........................................
........................................
  ... 1056 html files, 0 pages invalid xhtml (0%)                                                    (00:13.634 / 01:29.497, 2Gb)
  ... 318532 links, 0 broken links (0%)                                                              (00:00.001 / 01:29.498, 2Gb)
Generate fragment-usage-analysis.csv                                                                 (00:00.000 / 01:29.499, 2Gb)
Build final .zip                                                                                     (00:00.009 / 01:29.508, 2Gb)
Final .zip built                                                                                     (00:01.885 / 01:31.394, 2Gb)
Built. Times: loading: 00:01.269, generate: 01:09.947, narrative generation: 00:02.313, realm-rules: 00:00.001, previous-version: 00:00.000, jekyll: 00:02.199, validation: 00:08.443 (#34), template: 00:01.586 (#3) (00:02.122 / 01:33.516, 1Gb)
Generating QA                                                                                        (00:00.001 / 01:33.518, 1Gb)
Internal error in location for message: 'Error @1, 1: Found / expecting a token name', loc = '/tmp/ans.fhir.fr.sas#1.0.0-ballot/output/StructureDefinition-BundleAgregateur.html', err = 'The html source has duplicate anchor Ids: Bundle.implicitRules,Bundle.entry.search.id,Bundle.entry.r'
Internal error in location for message: 'Error @1, 1: Found / expecting a token name', loc = '/tmp/ans.fhir.fr.sas#1.0.0-ballot/output/StructureDefinition-FrAppointmentSAS.html', err = 'The html source has duplicate anchor Ids: Appointment,Appointment.start,Appointment.identifier.syste'
Internal error in location for message: 'Error @1, 1: Found / expecting a token name', loc = '/tmp/ans.fhir.fr.sas#1.0.0-ballot/output/StructureDefinition-FrLocationAgregateur.html', err = 'The html source has duplicate anchor Ids: Location.id,Location.description,Location.availabilityExce'
Internal error in location for message: 'Error @1, 1: Found / expecting a token name', loc = '/tmp/ans.fhir.fr.sas#1.0.0-ballot/output/StructureDefinition-FrPractitionerAgregateur.html', err = 'The html source has duplicate anchor Ids: Practitioner.extension,Practitioner.gender,Practitioner.qu'
Internal error in location for message: 'Error @1, 1: Found / expecting a token name', loc = '/tmp/ans.fhir.fr.sas#1.0.0-ballot/output/StructureDefinition-FrPractitionerRoleExerciceAgregateur.ht', err = 'The html source has duplicate anchor Ids: PractitionerRole.availableTime.availableEndTime,Practition'
Internal error in location for message: 'Error @1, 1: Found / expecting a token name', loc = '/tmp/ans.fhir.fr.sas#1.0.0-ballot/output/StructureDefinition-FrScheduleAgregateur.html', err = 'The html source has duplicate anchor Ids: Schedule.identifier.assigner,Schedule.identifier.use,Sched'
Internal error in location for message: 'Error @1, 1: Found / expecting a token name', loc = '/tmp/ans.fhir.fr.sas#1.0.0-ballot/output/StructureDefinition-FrSlotAgregateur.html', err = 'The html source has duplicate anchor Ids: Slot.meta.id,Slot.comment,Slot.appointmentType,Slot.meta.e'
Internal error in location for message: 'Error @1, 1: Found / expecting a token name', loc = '/tmp/ans.fhir.fr.sas#1.0.0-ballot/output/StructureDefinition-sas-cpts-bundle-aggregator.html', err = 'The html source has duplicate anchor Ids: Bundle.implicitRules,Bundle.entry.search.id,Bundle.entry.r'
Internal error in location for message: 'Error @1, 1: Found / expecting a token name', loc = '/tmp/ans.fhir.fr.sas#1.0.0-ballot/output/StructureDefinition-sas-cpts-healthcareservice-aggregator.h', err = 'The html source has duplicate anchor Ids: HealthcareService.photo,HealthcareService.name,HealthcareS'
Internal error in location for message: 'Error @1, 1: Found / expecting a token name', loc = '/tmp/ans.fhir.fr.sas#1.0.0-ballot/output/StructureDefinition-sas-cpts-organization-aggregator.html', err = 'The html source has duplicate anchor Ids: Organization.identifier.extension,Organization.identifier,'
Internal error in location for message: 'Error @1, 1: Found / expecting a token name', loc = '/tmp/ans.fhir.fr.sas#1.0.0-ballot/output/StructureDefinition-sas-cpts-slot-aggregator.html', err = 'The html source has duplicate anchor Ids: Slot.meta.id,Slot.serviceType.extension.id,Slot.comment,Sl'
Internal error in location for message: 'Error @1, 1: Found / expecting a token name', loc = '/tmp/ans.fhir.fr.sas#1.0.0-ballot/output/StructureDefinition-sas-cpts-slot-servicetype-aggregator.ht', err = 'The html source has duplicate anchor Ids: summary,Extension,Extension.value_x_,Extension.extension,E'
Internal error in location for message: 'Error @1, 1: Found / expecting a token name', loc = '/tmp/ans.fhir.fr.sas#1.0.0-ballot/output/StructureDefinition-sas-sos-appointment.html', err = 'The html source has duplicate anchor Ids: Appointment,Appointment.start,Appointment.identifier.syste'
Internal error in location for message: 'Error @1, 1: Found / expecting a token name', loc = '/tmp/ans.fhir.fr.sas#1.0.0-ballot/output/StructureDefinition-sas-sos-bundle-aggregator.html', err = 'The html source has duplicate anchor Ids: Bundle.implicitRules,Bundle.entry.search.id,Bundle.entry.r'
Internal error in location for message: 'Error @1, 1: Found / expecting a token name', loc = '/tmp/ans.fhir.fr.sas#1.0.0-ballot/output/StructureDefinition-sas-sos-location-aggregator.html', err = 'The html source has duplicate anchor Ids: Location.id,Location.description,Location.availabilityExce'
Internal error in location for message: 'Error @1, 1: Found / expecting a token name', loc = '/tmp/ans.fhir.fr.sas#1.0.0-ballot/output/StructureDefinition-sas-sos-organization-aggregator.html', err = 'The html source has duplicate anchor Ids: Organization.identifier.extension,Organization.identifier,'
Internal error in location for message: 'Error @1, 1: Found / expecting a token name', loc = '/tmp/ans.fhir.fr.sas#1.0.0-ballot/output/StructureDefinition-sas-sos-schedule-aggregator.html', err = 'The html source has duplicate anchor Ids: Schedule.identifier.assigner,Schedule.actor.extension,Sche'
Internal error in location for message: 'Error @1, 1: Found / expecting a token name', loc = '/tmp/ans.fhir.fr.sas#1.0.0-ballot/output/StructureDefinition-sas-sos-slot-aggregator.html', err = 'The html source has duplicate anchor Ids: Slot.status,Slot.meta.id,Slot.identifier.id,Slot.comment,S'
Validation output in /tmp/ans.fhir.fr.sas#1.0.0-ballot/output/qa.html
Errors: 17, Warnings: 52, Info: 53, Broken Links: 0 (00:01.365 / 01:34.884, 2Gb)
Finished. Max Memory Used = 2Gb. Log file saved in /tmp/fhir-ig-publisher-tmp.log                    (00:00.009 / 01:34.893, 2Gb)
Prepare Build space in /tmp/ans.fhir.fr.sas#1.0.0-ballot-milestone
Build IG at /home/runner/work/IG-fhir-service-acces-aux-soins/IG-fhir-service-acces-aux-soins/./igSource: final copy suitable for publication (in /tmp/ans.fhir.fr.sas#1.0.0-ballot-milestone) (milestone build)
FHIR IG Publisher Version 1.6.13 (Git# 43dd4978cd9e). Built 2024-06-28T02:52:51.699Z (5 days old)   
Detected Java version: 17.0.10 from /opt/hostedtoolcache/Java_Microsoft_jdk/17.0.10/x64 on Linux/amd64 (64bit). 3996MB available
dir = /home/runner/work/IG-fhir-service-acces-aux-soins/IG-fhir-service-acces-aux-soins, path = /opt/hostedtoolcache/Ruby/3.3.3/x64/bin:/usr/share/dotnet:/opt/hostedtoolcache/node/20.15.0/x64/bin:/opt/hostedtoolcache/Java_Microsoft_jdk/17.0.10/x64/bin:/snap/bin:/home/runner/.local/bin:/opt/pipx_bin:/home/runner/.cargo/bin:/home/runner/.config/composer/vendor/bin:/usr/local/.ghcup/bin:/home/runner/.dotnet/tools:/usr/local/sbin:/usr/local/bin:/usr/sbin:/usr/bin:/sbin:/bin:/usr/games:/usr/local/games:/snap/bin
Parameters: -ig /tmp/ans.fhir.fr.sas#1.0.0-ballot-milestone -publish https://interop.esante.gouv.fr/ig/fhir/sas/1.0.0-ballot -milestone -no-exit
Start Clock @ Wednesday, July 3, 2024 at 2:00:40 PM Coordinated Universal Time (2024-07-03T14:00:40Z)
                                                                                                    
Build FHIR IG from /tmp/ans.fhir.fr.sas#1.0.0-ballot-milestone                                       (00:00.003 / 00:00.003, 2Gb)
Build Formal Publication package, intended for https://interop.esante.gouv.fr/ig/fhir/sas/1.0.0-ballot (00:00.001 / 00:00.004, 2Gb)
API keys loaded from /home/runner/.fhir/fhir-settings.json                                           (00:00.001 / 00:00.005, 2Gb)
Package Cache: /home/runner/.fhir/packages                                                           (00:00.000 / 00:00.006, 2Gb)
Run Sushi on /tmp/ans.fhir.fr.sas#1.0.0-ballot-milestone                                             (00:00.000 / 00:00.007, 2Gb)
Sushi: info  Running SUSHI v3.11.0 (implements FHIR Shorthand specification v3.0.0-ballot)           (00:00.392 / 00:00.400, 2Gb)
Sushi: info  Arguments:                                                                              (00:00.013 / 00:00.413, 2Gb)
Sushi: info    --require-latest                                                                      (00:00.000 / 00:00.414, 2Gb)
Sushi: info    --out /tmp/ans.fhir.fr.sas#1.0.0-ballot-milestone                                     (00:00.000 / 00:00.415, 2Gb)
Sushi: info    /tmp/ans.fhir.fr.sas#1.0.0-ballot-milestone                                           (00:00.000 / 00:00.416, 2Gb)
Sushi: info  Using configuration file: /tmp/ans.fhir.fr.sas#1.0.0-ballot-milestone/sushi-config.yaml (00:00.338 / 00:00.754, 2Gb)
Sushi: info  Importing FSH text...                                                                   (00:00.115 / 00:00.869, 2Gb)
Sushi: info  Preprocessed 35 documents with 8 aliases.                                               (00:00.155 / 00:01.025, 2Gb)
Sushi: info  Imported 25 definitions and 9 instances.                                                (00:00.014 / 00:01.039, 2Gb)
Sushi: info  Checking /home/runner/.fhir/packages for hl7.fhir.uv.tools#current...                   (00:00.001 / 00:01.041, 2Gb)
Sushi: info  Found hl7.fhir.uv.tools#current in /home/runner/.fhir/packages.                         (00:00.040 / 00:01.081, 2Gb)
Sushi: info  Loaded package hl7.fhir.uv.tools#current                                                (00:00.269 / 00:01.350, 2Gb)
Sushi: info  Checking /home/runner/.fhir/packages for hl7.terminology.r4#5.5.0...                    (00:00.444 / 00:01.794, 2Gb)
Sushi: info  Found hl7.terminology.r4#5.5.0 in /home/runner/.fhir/packages.                          (00:00.542 / 00:02.337, 2Gb)
Sushi: info  Loaded package hl7.terminology.r4#5.5.0                                                 (00:00.000 / 00:02.337, 2Gb)
Sushi: info  Checking /home/runner/.fhir/packages for hl7.fhir.uv.extensions.r4#5.1.0...             (00:00.095 / 00:02.433, 2Gb)
Sushi: info  Found hl7.fhir.uv.extensions.r4#5.1.0 in /home/runner/.fhir/packages.                   (00:00.508 / 00:02.941, 2Gb)
Sushi: info  Loaded package hl7.fhir.uv.extensions.r4#5.1.0                                          (00:00.001 / 00:02.943, 2Gb)
Sushi: info  Checking /home/runner/.fhir/packages for hl7.fhir.fr.core#1.1.0...                      (00:00.001 / 00:02.944, 2Gb)
Sushi: info  Found hl7.fhir.fr.core#1.1.0 in /home/runner/.fhir/packages.                            (00:00.473 / 00:03.417, 2Gb)
Sushi: info  Loaded package hl7.fhir.fr.core#1.1.0                                                   (00:00.001 / 00:03.418, 2Gb)
Sushi: info  Loading supplemental version of FHIR to support extensions from hl7.fhir.extensions.r5  (00:00.000 / 00:03.419, 2Gb)
Sushi: info  Checking /home/runner/.fhir/packages for hl7.fhir.r5.core#5.0.0...                      (00:00.000 / 00:03.420, 2Gb)
Sushi: info  Found hl7.fhir.r5.core#5.0.0 in /home/runner/.fhir/packages.                            (00:00.538 / 00:03.959, 2Gb)
Sushi: info  Loaded package hl7.fhir.r5.core#5.0.0                                                   (00:00.000 / 00:03.960, 2Gb)
Sushi: info  Checking /home/runner/.fhir/packages for hl7.fhir.r4.core#4.0.1...                      (00:00.000 / 00:03.961, 2Gb)
Sushi: info  Found hl7.fhir.r4.core#4.0.1 in /home/runner/.fhir/packages.                            (00:01.080 / 00:05.041, 2Gb)
Sushi: info  Loaded package hl7.fhir.r4.core#4.0.1                                                   (00:00.000 / 00:05.042, 2Gb)
Sushi: info  Converting FSH to FHIR resources...                                                     (00:00.036 / 00:05.078, 2Gb)
Sushi: info  Converted 18 FHIR StructureDefinitions.                                                 (00:01.118 / 00:06.197, 2Gb)
Sushi: info  Converted 7 FHIR ValueSets.                                                             (00:00.088 / 00:06.285, 2Gb)
Sushi: info  Converted 9 FHIR instances.                                                             (00:00.391 / 00:06.677, 2Gb)
Sushi: info  Exporting FHIR resources as JSON...                                                     (00:00.001 / 00:06.678, 2Gb)
Sushi: info  Exported 33 FHIR resources as JSON.                                                     (00:00.100 / 00:06.778, 2Gb)
Sushi: info  Assembling Implementation Guide sources...                                              (00:00.002 / 00:06.780, 2Gb)
Sushi: info  Generated ImplementationGuide-ans.fhir.fr.sas.json                                      (00:00.023 / 00:06.803, 2Gb)
Sushi: info  Assembled Implementation Guide sources; ready for IG Publisher.                         (00:00.000 / 00:06.804, 2Gb)
Sushi: ========================= SUSHI RESULTS ===========================                           (00:00.000 / 00:06.806, 2Gb)
Sushi: |  -------------------------------------------------------------  |                           (00:00.001 / 00:06.806, 2Gb)
Sushi: | |    Profiles   |  Extensions  |   Logicals   |   Resources   | |                           (00:00.000 / 00:06.807, 2Gb)
Sushi: | |-------------------------------------------------------------| |                           (00:00.000 / 00:06.808, 2Gb)
Sushi: | |      17       |      1       |      0       |       0       | |                           (00:00.000 / 00:06.809, 2Gb)
Sushi: |  -------------------------------------------------------------  |                           (00:00.000 / 00:06.810, 2Gb)
Sushi: |  -------------------------------------------------------------  |                           (00:00.000 / 00:06.811, 2Gb)
Sushi: | |      ValueSets     |    CodeSystems    |     Instances      | |                           (00:00.000 / 00:06.812, 2Gb)
Sushi: | |-------------------------------------------------------------| |                           (00:00.000 / 00:06.812, 2Gb)
Sushi: | |         7          |         0         |         9          | |                           (00:00.000 / 00:06.813, 2Gb)
Sushi: |  -------------------------------------------------------------  |                           (00:00.000 / 00:06.814, 2Gb)
Sushi: |                                                                 |                           (00:00.000 / 00:06.815, 2Gb)
Sushi: ===================================================================                           (00:00.000 / 00:06.816, 2Gb)
Sushi: | O-fish-ally error free!                0 Errors      0 Warnings |                           (00:00.000 / 00:06.816, 2Gb)
Sushi: ===================================================================                           (00:00.000 / 00:06.817, 2Gb)
Unable to load IG as an r5 IG - try R4 (property code is a class com.google.gson.JsonPrimitive looking for an object) (00:00.026 / 00:06.844, 2Gb)
Load Template from https://github.com/ansforge/FIG_ans-ig-template                                   (00:00.015 / 00:06.859, 2Gb)
 Load Template from fhir.base.template#current                                                       (00:00.295 / 00:07.155, 901Mb)

onLoad.findSpreadsheets:

onLoad.updateIg:
     [xslt] Processing /tmp/ans.fhir.fr.sas#1.0.0-ballot-milestone/template/onLoad-ig-working.xml to /tmp/ans.fhir.fr.sas#1.0.0-ballot-milestone/template/onLoad-ig-updated.xml
     [xslt] Loading stylesheet /tmp/ans.fhir.fr.sas#1.0.0-ballot-milestone/template/scripts/onLoad.xslt

onLoad.extend:

onLoad:
Root directory: /tmp/ans.fhir.fr.sas#1.0.0-ballot-milestone                                          (00:01.705 / 00:08.860, 1Gb)
Terminology Cache is at /tmp/ans.fhir.fr.sas#1.0.0-ballot-milestone/input-cache/txcache. 13 files in cache (00:00.427 / 00:09.288, 1Gb)
Core Package hl7.fhir.r4.core#4.0.1
Unable to generate snapshot @2 for Definition from noname because Profile Definition (http://hl7.org/fhir/StructureDefinition/Definition) has no base and no snapshot
Unable to generate snapshot @2 for Event from noname because Profile Event (http://hl7.org/fhir/StructureDefinition/Event) has no base and no snapshot
Unable to generate snapshot @2 for FiveWs from noname because Profile FiveWs (http://hl7.org/fhir/StructureDefinition/FiveWs) has no base and no snapshot
Unable to generate snapshot @2 for Request from noname because Profile Request (http://hl7.org/fhir/StructureDefinition/Request) has no base and no snapshot
Running Terminology Log: /tmp/ohfu-fhir-ig-2506259795396355008.log
Connect to Terminology Server at http://tx.fhir.org                                                  (00:01.879 / 00:11.167, 2Gb)
Load Package hl7.fhir.pubpack#0.1.7
Load Package hl7.fhir.xver-extensions#0.1.0
Load Package hl7.terminology.r4#5.5.0
Load Package hl7.fhir.uv.extensions.r4#5.1.0
Load Package hl7.fhir.fr.core#1.1.0
Version mismatch. This IG is version 4.0.1, while the IG 'hl7.fhir.uv.tools' is from version 5.0.0 (will try to run anyway) (00:02.598 / 00:13.766, 1Gb)
Load Package hl7.fhir.uv.tools#0.2.0
Load R5 Specials
Unable to generate snapshot @2 for Definition from noname because Profile Definition (http://hl7.org/fhir/StructureDefinition/Definition) has no base and no snapshot
Unable to generate snapshot @2 for Event from noname because Profile Event (http://hl7.org/fhir/StructureDefinition/Event) has no base and no snapshot
Unable to generate snapshot @2 for FiveWs from noname because Profile FiveWs (http://hl7.org/fhir/StructureDefinition/FiveWs) has no base and no snapshot
Unable to generate snapshot @2 for Request from noname because Profile Request (http://hl7.org/fhir/StructureDefinition/Request) has no base and no snapshot
Initialization complete                                                                              (00:00.314 / 00:14.080, 1Gb)
Load Content                                                                                         (00:00.000 / 00:14.081, 1Gb)
Using fr_FR as the default narrative language. (inferred from ImplementationGuide.jurisdiction=FR)   (00:00.019 / 00:14.100, 1Gb)
loadPrePages from FetchedFile[/tmp/ans.fhir.fr.sas#1.0.0-ballot-milestone/fsh-generated/includes] as /tmp/ans.fhir.fr.sas#1.0.0-ballot-milestone/fsh-generated/includes
loadPrePages from FetchedFile[/tmp/ans.fhir.fr.sas#1.0.0-ballot-milestone/input/data] as /tmp/ans.fhir.fr.sas#1.0.0-ballot-milestone/input/data
loadPrePages from FetchedFile[/tmp/ans.fhir.fr.sas#1.0.0-ballot-milestone/input/pagecontent] as /tmp/ans.fhir.fr.sas#1.0.0-ballot-milestone/input/pagecontent
Fetch https://interop.esante.gouv.fr/ig/fhir/sas/package-list.json for version check                 (00:00.910 / 00:15.011, 2Gb)
Processing Conformance Resources                                                                     (00:00.360 / 00:15.371, 2Gb)
Load Dependency Info                                                                                 (00:00.001 / 00:15.373, 2Gb)
Load Info                                                                                            (00:00.000 / 00:15.374, 2Gb)
Load Resources                                                                                       (00:00.001 / 00:15.375, 2Gb)
Load Paths                                                                                           (00:00.372 / 00:15.747, 2Gb)
Generating Snapshots                                                                                 (00:00.000 / 00:15.748, 2Gb)
Check R4 / R4B                                                                                       (00:01.172 / 00:16.920, 2Gb)
Assign Comparison Ids                                                                                (00:00.004 / 00:16.925, 2Gb)
Propagating status                                                                                   (00:00.000 / 00:16.926, 2Gb)
Generating Narratives                                                                                (00:00.000 / 00:16.927, 2Gb)
Validating Conformance Resources                                                                     (00:01.406 / 00:18.334, 1Gb)
Unable to generate snapshot @2 for Definition from noname because Profile Definition (http://hl7.org/fhir/StructureDefinition/Definition) has no base and no snapshot
Unable to generate snapshot @2 for Event from noname because Profile Event (http://hl7.org/fhir/StructureDefinition/Event) has no base and no snapshot
Unable to generate snapshot @2 for FiveWs from noname because Profile FiveWs (http://hl7.org/fhir/StructureDefinition/FiveWs) has no base and no snapshot
Unable to generate snapshot @2 for Request from noname because Profile Request (http://hl7.org/fhir/StructureDefinition/Request) has no base and no snapshot
Check profiles & code systems                                                                        (00:08.310 / 00:26.644, 2Gb)
Check realm rules                                                                                    (00:00.002 / 00:26.647, 2Gb)
Previous Version Comparison                                                                          (00:00.000 / 00:26.648, 2Gb)
Validating Resources                                                                                 (00:00.017 / 00:26.666, 2Gb)
Processing Provenance Records                                                                        (00:00.077 / 00:26.744, 2Gb)
Generating Outputs in /tmp/ans.fhir.fr.sas#1.0.0-ballot-milestone/output                             (00:00.001 / 00:26.745, 2Gb)
Generate Native Outputs                                                                              (00:00.058 / 00:26.803, 2Gb)
Run Template                                                                                         (00:07.509 / 00:34.312, 1Gb)

onGenerate.checkVersions:
     [xslt] Processing /tmp/ans.fhir.fr.sas#1.0.0-ballot-milestone/template/onGenerate-ig-working.xml to /tmp/ans.fhir.fr.sas#1.0.0-ballot-milestone/template/versions.txt
     [xslt] Loading stylesheet /tmp/ans.fhir.fr.sas#1.0.0-ballot-milestone/template/scripts/onGenerate.getVersions.xslt

onGenerate.r5-schemas:
      [get] Getting: http://build.fhir.org/fhir-single.xsd
      [get] To: /tmp/ans.fhir.fr.sas#1.0.0-ballot-milestone/input-cache/schemas/R5/fhir-single.xsd
      [get] Not modified - so not downloaded
      [get] Getting: http://build.fhir.org/fhir-xhtml.xsd
      [get] To: /tmp/ans.fhir.fr.sas#1.0.0-ballot-milestone/input-cache/schemas/R5/fhir-xhtml.xsd
      [get] Not modified - so not downloaded
      [get] Getting: http://build.fhir.org/xml.xsd
      [get] To: /tmp/ans.fhir.fr.sas#1.0.0-ballot-milestone/input-cache/schemas/R5/xml.xsd
      [get] Not modified - so not downloaded
      [get] Getting: http://build.fhir.org/xmldsig-core-schema.xsd
      [get] To: /tmp/ans.fhir.fr.sas#1.0.0-ballot-milestone/input-cache/schemas/R5/xmldsig-core-schema.xsd
      [get] Not modified - so not downloaded

onGenerate.r4-schemas:
      [get] Getting: http://hl7.org/fhir/R4/fhir-single.xsd
      [get] To: /tmp/ans.fhir.fr.sas#1.0.0-ballot-milestone/input-cache/schemas/R4/fhir-single.xsd
      [get] Not modified - so not downloaded
      [get] Getting: http://hl7.org/fhir/R4/fhir-xhtml.xsd
      [get] To: /tmp/ans.fhir.fr.sas#1.0.0-ballot-milestone/input-cache/schemas/R4/fhir-xhtml.xsd
      [get] Not modified - so not downloaded
      [get] Getting: http://hl7.org/fhir/R4/xml.xsd
      [get] To: /tmp/ans.fhir.fr.sas#1.0.0-ballot-milestone/input-cache/schemas/R4/xml.xsd
      [get] Not modified - so not downloaded
      [get] Getting: http://hl7.org/fhir/R4/xmldsig-core-schema.xsd
      [get] To: /tmp/ans.fhir.fr.sas#1.0.0-ballot-milestone/input-cache/schemas/R4/xmldsig-core-schema.xsd
      [get] Not modified - so not downloaded

onGenerate.r3-schemas:

onGenerate.r2b-schemas:

onGenerate.r2-schemas:

onGenerate.schemas:

onGenerate.data:
     [xslt] Processing /tmp/ans.fhir.fr.sas#1.0.0-ballot-milestone/template/onGenerate-ig-working.xml to /tmp/ans.fhir.fr.sas#1.0.0-ballot-milestone/temp/pages/_data/artifacts.json
     [xslt] Loading stylesheet /tmp/ans.fhir.fr.sas#1.0.0-ballot-milestone/template/scripts/onGenerate.data.xslt

onGenerate.setup:

onGenerate.infoFile:
     [xslt] Processing /tmp/ans.fhir.fr.sas#1.0.0-ballot-milestone/template/onGenerate-ig-working.xml to /tmp/ans.fhir.fr.sas#1.0.0-ballot-milestone/temp/pages/_data/info.json
     [xslt] Loading stylesheet /tmp/ans.fhir.fr.sas#1.0.0-ballot-milestone/template/scripts/onGenerate.genJson.xslt

onGenerate.processIncludes:
     [copy] Copying 16 files to /tmp/ans.fhir.fr.sas#1.0.0-ballot-milestone/temp/pages/_includes

onGenerate.processIg:
     [xslt] Processing /tmp/ans.fhir.fr.sas#1.0.0-ballot-milestone/template/onGenerate-ig-working.xml to /tmp/ans.fhir.fr.sas#1.0.0-ballot-milestone/template/onGenerate-ig-working.1.xml
     [xslt] Loading stylesheet /tmp/ans.fhir.fr.sas#1.0.0-ballot-milestone/template/scripts/onGenerate.group.xslt
     [xslt] Processing /tmp/ans.fhir.fr.sas#1.0.0-ballot-milestone/template/onGenerate-ig-working.1.xml to /tmp/ans.fhir.fr.sas#1.0.0-ballot-milestone/template/onGenerate-ig-working.2.xml
     [xslt] Loading stylesheet /tmp/ans.fhir.fr.sas#1.0.0-ballot-milestone/template/scripts/onGenerate.groupSort.xslt
     [xslt] Processing /tmp/ans.fhir.fr.sas#1.0.0-ballot-milestone/template/onGenerate-ig-working.2.xml to /tmp/ans.fhir.fr.sas#1.0.0-ballot-milestone/template/onGenerate-ig-updated.xml
     [xslt] Loading stylesheet /tmp/ans.fhir.fr.sas#1.0.0-ballot-milestone/template/scripts/onGenerate.final.xslt

onGenerate.igQa:
     [xslt] Processing /tmp/ans.fhir.fr.sas#1.0.0-ballot-milestone/template/onGenerate-ig-updated.xml to /tmp/ans.fhir.fr.sas#1.0.0-ballot-milestone/template/ongenerate-validation-igqa.json
     [xslt] Loading stylesheet /tmp/ans.fhir.fr.sas#1.0.0-ballot-milestone/template/scripts/onGenerate.qa.xslt

onGenerate.artifactList:
     [xslt] Processing /tmp/ans.fhir.fr.sas#1.0.0-ballot-milestone/template/onGenerate-ig-updated.xml to /tmp/ans.fhir.fr.sas#1.0.0-ballot-milestone/temp/pages/_includes/artifacts.xml
     [xslt] Loading stylesheet /tmp/ans.fhir.fr.sas#1.0.0-ballot-milestone/template/scripts/createArtifactSummary.xslt

check-plantumlfiles:

onGenerate.plantUml.ig:

onGenerate.plantUml.template:

onGenerate.plantUml:

onGenerate.copyDataFiles:

onGenerate.extend:

onGenerate:
Template Done                                                                                        (00:01.407 / 00:35.720, 1Gb)
Generate HTML Outputs                                                                                (00:00.000 / 00:35.721, 1Gb)
Error Generating Narrative forSlot/ExampleSlotCPTS: type Slot.serviceType not handled by the rendering framework
org.apache.commons.lang3.NotImplementedException: type Slot.serviceType not handled by the rendering framework
	at org.hl7.fhir.r5.renderers.ProfileDrivenRenderer.renderLeaf(ProfileDrivenRenderer.java:173)
	at org.hl7.fhir.r5.renderers.ProfileDrivenRenderer.generateElementByProfile(ProfileDrivenRenderer.java:346)
	at org.hl7.fhir.r5.renderers.ProfileDrivenRenderer.generateForProperty(ProfileDrivenRenderer.java:298)
	at org.hl7.fhir.r5.renderers.ProfileDrivenRenderer.generateByProfile(ProfileDrivenRenderer.java:282)
	at org.hl7.fhir.r5.renderers.ProfileDrivenRenderer.buildNarrative(ProfileDrivenRenderer.java:52)
	at org.hl7.fhir.r5.renderers.BundleRenderer.buildNarrative(BundleRenderer.java:99)
	at org.hl7.fhir.r5.renderers.ResourceRenderer.buildNarrative(ResourceRenderer.java:82)
	at org.hl7.fhir.igtools.publisher.Publisher.getXhtml(Publisher.java:12382)
	at org.hl7.fhir.igtools.publisher.Publisher.saveDirectResourceOutputs(Publisher.java:11400)
	at org.hl7.fhir.igtools.publisher.Publisher.generateHtmlOutputs(Publisher.java:10505)
	at org.hl7.fhir.igtools.publisher.Publisher.generate(Publisher.java:7580)
	at org.hl7.fhir.igtools.publisher.Publisher.createIg(Publisher.java:1194)
	at org.hl7.fhir.igtools.publisher.Publisher.execute(Publisher.java:1016)
	at org.hl7.fhir.igtools.publisher.Publisher.main(Publisher.java:13007)
	at org.hl7.fhir.igtools.web.PublicationProcess.runBuild(PublicationProcess.java:899)
	at org.hl7.fhir.igtools.web.PublicationProcess.doPublish(PublicationProcess.java:481)
	at org.hl7.fhir.igtools.web.PublicationProcess.publishInner2(PublicationProcess.java:393)
	at org.hl7.fhir.igtools.web.PublicationProcess.publishInner(PublicationProcess.java:231)
	at org.hl7.fhir.igtools.web.PublicationProcess.publish(PublicationProcess.java:123)
	at org.hl7.fhir.igtools.publisher.Publisher.main(Publisher.java:12752)
Value set 'https://mos.esante.gouv.fr/NOS/JDV_J78-Civilite-RASS/FHIR/JDV-J78-Civilite-RASS' at http://sas.fr/fhir/StructureDefinition/FrPractitionerAgregateur#Practitioner.name.prefix not found
Value set 'https://mos.esante.gouv.fr/NOS/JDV_J79-CiviliteExercice-RASS/FHIR/JDV-J79-CiviliteExercice-RASS' at http://sas.fr/fhir/StructureDefinition/FrPractitionerAgregateur#Practitioner.name.suffix not found
Value set 'https://mos.esante.gouv.fr/NOS/JDV_J105-EnsembleDiplome-RASS/FHIR/JDV-J105-EnsembleDiplome-RASS' at http://sas.fr/fhir/StructureDefinition/FrPractitionerAgregateur#Practitioner.qualification.code.coding:degreeR36 not found
Value set 'https://mos.esante.gouv.fr/NOS/JDV_J105-EnsembleDiplome-RASS/FHIR/JDV-J105-EnsembleDiplome-RASS' at http://sas.fr/fhir/StructureDefinition/FrPractitionerAgregateur#Practitioner.qualification.code.coding:degreeR47 not found
Value set 'https://mos.esante.gouv.fr/NOS/JDV_J105-EnsembleDiplome-RASS/FHIR/JDV-J105-EnsembleDiplome-RASS' at http://sas.fr/fhir/StructureDefinition/FrPractitionerAgregateur#Practitioner.qualification.code.coding:degreeR48 not found
Value set 'https://mos.esante.gouv.fr/NOS/JDV_J105-EnsembleDiplome-RASS/FHIR/JDV-J105-EnsembleDiplome-RASS' at http://sas.fr/fhir/StructureDefinition/FrPractitionerAgregateur#Practitioner.qualification.code.coding:degreeR49 not found
Value set 'https://mos.esante.gouv.fr/NOS/JDV_J105-EnsembleDiplome-RASS/FHIR/JDV-J105-EnsembleDiplome-RASS' at http://sas.fr/fhir/StructureDefinition/FrPractitionerAgregateur#Practitioner.qualification.code.coding:degreeR50 not found
Value set 'https://mos.esante.gouv.fr/NOS/JDV_J105-EnsembleDiplome-RASS/FHIR/JDV-J105-EnsembleDiplome-RASS' at http://sas.fr/fhir/StructureDefinition/FrPractitionerAgregateur#Practitioner.qualification.code.coding:degreeR51 not found
Value set 'https://mos.esante.gouv.fr/NOS/JDV_J105-EnsembleDiplome-RASS/FHIR/JDV-J105-EnsembleDiplome-RASS' at http://sas.fr/fhir/StructureDefinition/FrPractitionerAgregateur#Practitioner.qualification.code.coding:degreeR52 not found
Value set 'https://mos.esante.gouv.fr/NOS/JDV_J105-EnsembleDiplome-RASS/FHIR/JDV-J105-EnsembleDiplome-RASS' at http://sas.fr/fhir/StructureDefinition/FrPractitionerAgregateur#Practitioner.qualification.code.coding:degreeR53 not found
Value set 'https://mos.esante.gouv.fr/NOS/JDV_J105-EnsembleDiplome-RASS/FHIR/JDV-J105-EnsembleDiplome-RASS' at http://sas.fr/fhir/StructureDefinition/FrPractitionerAgregateur#Practitioner.qualification.code.coding:degreeR54 not found
Value set 'https://mos.esante.gouv.fr/NOS/JDV_J105-EnsembleDiplome-RASS/FHIR/JDV-J105-EnsembleDiplome-RASS' at http://sas.fr/fhir/StructureDefinition/FrPractitionerAgregateur#Practitioner.qualification.code.coding:degreeR55 not found
Value set 'https://mos.esante.gouv.fr/NOS/JDV_J105-EnsembleDiplome-RASS/FHIR/JDV-J105-EnsembleDiplome-RASS' at http://sas.fr/fhir/StructureDefinition/FrPractitionerAgregateur#Practitioner.qualification.code.coding:degreeR56 not found
Value set 'https://mos.esante.gouv.fr/NOS/JDV_J105-EnsembleDiplome-RASS/FHIR/JDV-J105-EnsembleDiplome-RASS' at http://sas.fr/fhir/StructureDefinition/FrPractitionerAgregateur#Practitioner.qualification.code.coding:degreeR57 not found
Value set 'https://mos.esante.gouv.fr/NOS/JDV_J105-EnsembleDiplome-RASS/FHIR/JDV-J105-EnsembleDiplome-RASS' at http://sas.fr/fhir/StructureDefinition/FrPractitionerAgregateur#Practitioner.qualification.code.coding:degreeR58 not found
Value set 'https://mos.esante.gouv.fr/NOS/JDV_J105-EnsembleDiplome-RASS/FHIR/JDV-J105-EnsembleDiplome-RASS' at http://sas.fr/fhir/StructureDefinition/FrPractitionerAgregateur#Practitioner.qualification.code.coding:degreeR226 not found
Value set 'https://mos.esante.gouv.fr/NOS/JDV_J165-TypeCreneau-SAS/FHIR/JDV-J165-TypeCreneau-SAS' at http://sas.fr/fhir/StructureDefinition/FrSlotAgregateur#Slot.meta.security not found
Value set 'https://mos.esante.gouv.fr/NOS/JDV_J165-TypeCreneau-SAS/FHIR/JDV-J165-TypeCreneau-SAS' at http://sas.fr/fhir/StructureDefinition/FrSlotAgregateur#Slot.meta.security not found
Value set 'https://mos.esante.gouv.fr/NOS/JDV_J101-SecteurActivite-RASS/FHIR/JDV-J101-SecteurActivite-RASS' at https://interop.esante.gouv.fr/ig/fhir/sas/StructureDefinition/sas-cpts-organization-aggregator#Organization.type:secteurActiviteRASS not found
Value set 'https://mos.esante.gouv.fr/NOS/JDV_J129-CategorieEtablissement-RASS/FHIR/JDV-J129-CategorieEtablissement-RASS' at https://interop.esante.gouv.fr/ig/fhir/sas/StructureDefinition/sas-cpts-organization-aggregator#Organization.type:categorieEtablissementRASS not found
Value set 'https://mos.esante.gouv.fr/NOS/JDV_J101-SecteurActivite-RASS/FHIR/JDV-J101-SecteurActivite-RASS' at https://interop.esante.gouv.fr/ig/fhir/sas/StructureDefinition/sas-cpts-organization-aggregator#Organization.type:secteurActiviteRASS not found
Value set 'https://mos.esante.gouv.fr/NOS/JDV_J129-CategorieEtablissement-RASS/FHIR/JDV-J129-CategorieEtablissement-RASS' at https://interop.esante.gouv.fr/ig/fhir/sas/StructureDefinition/sas-cpts-organization-aggregator#Organization.type:categorieEtablissementRASS not found
Value set 'https://mos.esante.gouv.fr/NOS/JDV_J101-SecteurActivite-RASS/FHIR/JDV-J101-SecteurActivite-RASS' at https://interop.esante.gouv.fr/ig/fhir/sas/StructureDefinition/sas-sos-organization-aggregator#Organization.type:secteurActiviteRASS not found
Value set 'https://mos.esante.gouv.fr/NOS/JDV_J129-CategorieEtablissement-RASS/FHIR/JDV-J129-CategorieEtablissement-RASS' at https://interop.esante.gouv.fr/ig/fhir/sas/StructureDefinition/sas-sos-organization-aggregator#Organization.type:categorieEtablissementRASS not found
Value set 'https://mos.esante.gouv.fr/NOS/JDV_J101-SecteurActivite-RASS/FHIR/JDV-J101-SecteurActivite-RASS' at https://interop.esante.gouv.fr/ig/fhir/sas/StructureDefinition/sas-sos-organization-aggregator#Organization.type:secteurActiviteRASS not found
Value set 'https://mos.esante.gouv.fr/NOS/JDV_J129-CategorieEtablissement-RASS/FHIR/JDV-J129-CategorieEtablissement-RASS' at https://interop.esante.gouv.fr/ig/fhir/sas/StructureDefinition/sas-sos-organization-aggregator#Organization.type:categorieEtablissementRASS not found
Generate Summaries                                                                                   (00:10.186 / 00:45.907, 2Gb)
Generating Summary Outputs                                                                           (00:00.000 / 00:45.908, 2Gb)
DB Cumulative Time invested: 00:00:00.140
Sending Usage Stats to Server                                                                        (00:02.249 / 00:48.157, 1Gb)
## Memory (MB): Use = 1932, Free = 1487, Total = 3420, Max = 3996                                    (00:00.001 / 00:48.158, 1Gb)
Reclaiming memory...                                                                                 (00:00.000 / 00:48.159, 1Gb)
## Memory (MB): Use = 1639, Free = 1780, Total = 3420, Max = 3996                                    (00:01.077 / 00:49.237, 1Gb)
Run jekyll: jekyll build --destination "/tmp/ans.fhir.fr.sas#1.0.0-ballot-milestone/output" (in folder /tmp/ans.fhir.fr.sas#1.0.0-ballot-milestone/temp/pages) (00:00.001 / 00:49.238, 1Gb)
Troubleshooting Note: usual cases for Jekyll to fail are:                                            (00:00.001 / 00:49.240, 1Gb)
* A failure to produce a fragment that is already logged in the output above                         (00:00.000 / 00:49.240, 1Gb)
* A reference to a manually edited file that hasn't been provided                                    (00:00.000 / 00:49.241, 1Gb)
Jekyll: Source: /tmp/ans.fhir.fr.sas#1.0.0-ballot-milestone/temp/pages                               (00:00.332 / 00:49.573, 1Gb)
Jekyll: Generating...                                                                                (00:00.000 / 00:49.574, 1Gb)
Jekyll: done in 1.795 seconds.                                                                       (00:01.794 / 00:51.368, 1Gb)

Installing ans.fhir.fr.sas#1.0.0-ballotChecking Output HTML                                                                                 (00:02.169 / 00:53.538, 1Gb)
found 1056 files                                                                                     (00:00.004 / 00:53.543, 1Gb)
........................................
........................................
  ... 1056 html files, 0 pages invalid xhtml (0%)                                                    (00:09.551 / 01:03.094, 2Gb)
  ... 318532 links, 0 broken links (0%)                                                              (00:00.000 / 01:03.095, 2Gb)
Generate fragment-usage-analysis.csv                                                                 (00:00.000 / 01:03.096, 2Gb)
Build final .zip                                                                                     (00:00.005 / 01:03.101, 2Gb)
Final .zip built                                                                                     (00:01.846 / 01:04.947, 2Gb)
Built. Times: loading: 00:01.289, generate: 00:51.321, narrative generation: 00:01.405, realm-rules: 00:00.000, previous-version: 00:00.000, jekyll: 00:02.153, validation: 00:08.370 (#34), template: 00:01.406 (#3) (00:01.746 / 01:06.693, 1Gb)
Generating QA                                                                                        (00:00.001 / 01:06.695, 1Gb)
Internal error in location for message: 'Error @1, 1: Found / expecting a token name', loc = '/tmp/ans.fhir.fr.sas#1.0.0-ballot-milestone/output/StructureDefinition-BundleAgregateur.html', err = 'The html source has duplicate anchor Ids: Bundle.implicitRules,Bundle.entry.search.id,Bundle.entry.r'
Internal error in location for message: 'Error @1, 1: Found / expecting a token name', loc = '/tmp/ans.fhir.fr.sas#1.0.0-ballot-milestone/output/StructureDefinition-FrAppointmentSAS.html', err = 'The html source has duplicate anchor Ids: Appointment,Appointment.start,Appointment.identifier.syste'
Internal error in location for message: 'Error @1, 1: Found / expecting a token name', loc = '/tmp/ans.fhir.fr.sas#1.0.0-ballot-milestone/output/StructureDefinition-FrLocationAgregateur.html', err = 'The html source has duplicate anchor Ids: Location.id,Location.description,Location.availabilityExce'
Internal error in location for message: 'Error @1, 1: Found / expecting a token name', loc = '/tmp/ans.fhir.fr.sas#1.0.0-ballot-milestone/output/StructureDefinition-FrPractitionerAgregateur.html', err = 'The html source has duplicate anchor Ids: Practitioner.extension,Practitioner.gender,Practitioner.qu'
Internal error in location for message: 'Error @1, 1: Found / expecting a token name', loc = '/tmp/ans.fhir.fr.sas#1.0.0-ballot-milestone/output/StructureDefinition-FrPractitionerRoleExerciceAgr', err = 'The html source has duplicate anchor Ids: PractitionerRole.availableTime.availableEndTime,Practition'
Internal error in location for message: 'Error @1, 1: Found / expecting a token name', loc = '/tmp/ans.fhir.fr.sas#1.0.0-ballot-milestone/output/StructureDefinition-FrScheduleAgregateur.html', err = 'The html source has duplicate anchor Ids: Schedule.identifier.assigner,Schedule.identifier.use,Sched'
Internal error in location for message: 'Error @1, 1: Found / expecting a token name', loc = '/tmp/ans.fhir.fr.sas#1.0.0-ballot-milestone/output/StructureDefinition-FrSlotAgregateur.html', err = 'The html source has duplicate anchor Ids: Slot.meta.id,Slot.comment,Slot.appointmentType,Slot.meta.e'
Internal error in location for message: 'Error @1, 1: Found / expecting a token name', loc = '/tmp/ans.fhir.fr.sas#1.0.0-ballot-milestone/output/StructureDefinition-sas-cpts-bundle-aggregator.ht', err = 'The html source has duplicate anchor Ids: Bundle.implicitRules,Bundle.entry.search.id,Bundle.entry.r'
Internal error in location for message: 'Error @1, 1: Found / expecting a token name', loc = '/tmp/ans.fhir.fr.sas#1.0.0-ballot-milestone/output/StructureDefinition-sas-cpts-healthcareservice-ag', err = 'The html source has duplicate anchor Ids: HealthcareService.photo,HealthcareService.name,HealthcareS'
Internal error in location for message: 'Error @1, 1: Found / expecting a token name', loc = '/tmp/ans.fhir.fr.sas#1.0.0-ballot-milestone/output/StructureDefinition-sas-cpts-organization-aggrega', err = 'The html source has duplicate anchor Ids: Organization.identifier.extension,Organization.identifier,'
Internal error in location for message: 'Error @1, 1: Found / expecting a token name', loc = '/tmp/ans.fhir.fr.sas#1.0.0-ballot-milestone/output/StructureDefinition-sas-cpts-slot-aggregator.html', err = 'The html source has duplicate anchor Ids: Slot.meta.id,Slot.serviceType.extension.id,Slot.comment,Sl'
Internal error in location for message: 'Error @1, 1: Found / expecting a token name', loc = '/tmp/ans.fhir.fr.sas#1.0.0-ballot-milestone/output/StructureDefinition-sas-cpts-slot-servicetype-agg', err = 'The html source has duplicate anchor Ids: summary,Extension,Extension.value_x_,Extension.extension,E'
Internal error in location for message: 'Error @1, 1: Found / expecting a token name', loc = '/tmp/ans.fhir.fr.sas#1.0.0-ballot-milestone/output/StructureDefinition-sas-sos-appointment.html', err = 'The html source has duplicate anchor Ids: Appointment,Appointment.start,Appointment.identifier.syste'
Internal error in location for message: 'Error @1, 1: Found / expecting a token name', loc = '/tmp/ans.fhir.fr.sas#1.0.0-ballot-milestone/output/StructureDefinition-sas-sos-bundle-aggregator.htm', err = 'The html source has duplicate anchor Ids: Bundle.implicitRules,Bundle.entry.search.id,Bundle.entry.r'
Internal error in location for message: 'Error @1, 1: Found / expecting a token name', loc = '/tmp/ans.fhir.fr.sas#1.0.0-ballot-milestone/output/StructureDefinition-sas-sos-location-aggregator.h', err = 'The html source has duplicate anchor Ids: Location.id,Location.description,Location.availabilityExce'
Internal error in location for message: 'Error @1, 1: Found / expecting a token name', loc = '/tmp/ans.fhir.fr.sas#1.0.0-ballot-milestone/output/StructureDefinition-sas-sos-organization-aggregat', err = 'The html source has duplicate anchor Ids: Organization.identifier.extension,Organization.identifier,'
Internal error in location for message: 'Error @1, 1: Found / expecting a token name', loc = '/tmp/ans.fhir.fr.sas#1.0.0-ballot-milestone/output/StructureDefinition-sas-sos-schedule-aggregator.h', err = 'The html source has duplicate anchor Ids: Schedule.identifier.assigner,Schedule.actor.extension,Sche'
Internal error in location for message: 'Error @1, 1: Found / expecting a token name', loc = '/tmp/ans.fhir.fr.sas#1.0.0-ballot-milestone/output/StructureDefinition-sas-sos-slot-aggregator.html', err = 'The html source has duplicate anchor Ids: Slot.status,Slot.meta.id,Slot.identifier.id,Slot.comment,S'
Validation output in /tmp/ans.fhir.fr.sas#1.0.0-ballot-milestone/output/qa.html
Errors: 17, Warnings: 52, Info: 53, Broken Links: 0 (00:01.279 / 01:07.975, 2Gb)
Finished. Max Memory Used = 2Gb. Log file saved in /tmp/fhir-ig-publisher-tmp.log                    (00:00.003 / 01:07.978, 2Gb)
Keep a copy of the build directory at /tmp/web-root/run-20240703/ig-build-zips/ans.fhir.fr.sas#1.0.0-ballot.zip

ok. All checks passed. Publish v1.0.0-ballot to /tmp/web-root/run-20240703/sas/1.0.0-ballot
Copy the IG to /tmp/web-root/run-20240703/sas/1.0.0-ballot
Update /tmp/web-root/run-20240703/sas/package-list.json
Publish Box Statement: This page is part of the Service d'Accs aux Soins (v1.0.0-ballot: trial-use Ballot 1) based on <a no-external="true" href="http://hl7.org/fhir/R4">FHIR (HL7 FHIR Standard) R4</a>. This is the current published version in its permanent home (it will always be available at this URL).  For a full list of available versions, see the <a no-external="true" href="https://interop.esante.gouv.fr/ig/fhir/sas/history.html">Directory of published versions</a>
no html insert in /tmp/web-root/run-20240703/sas/1.0.0-ballot/qa-txservers.html
  .. 258 files checked, 258 updated
  .. 71 clones checked, 142 updated
  .. 34 redirections (34 created/updated)
This is a milestone release - publish v1.0.0-ballot to /tmp/web-root/run-20240703/sas
Publish Box Statement: This page is part of the Service d'Accs aux Soins (v1.0.0-ballot: trial-use Ballot 1) based on <a no-external="true" href="http://hl7.org/fhir/R4">FHIR (HL7 FHIR Standard) R4</a>. This is the current published version.  For a full list of available versions, see the <a no-external="true" href="https://interop.esante.gouv.fr/ig/fhir/sas/history.html">Directory of published versions</a>
no html insert in /tmp/ans.fhir.fr.sas#1.0.0-ballot-milestone/output/qa-txservers.html
  .. 258 files checked, 258 updated
  .. 71 clones checked, 142 updated
  .. 34 redirections (34 created/updated)
Check for Files to delete
  ... 0 files
Copy to new IG to /tmp/web-root/run-20240703/sas
Update history page at /tmp/web-root/run-20240703/sas from /home/runner/work/IG-fhir-service-acces-aux-soins/IG-fhir-service-acces-aux-soins/./IG-website-release/fhir-ig-history-template and ./IG-website-release/templates
Build is complete. Copy from /tmp/web-root/run-20240703
ans.fhir.fr.sas (https://interop.esante.gouv.fr/ig/fhir/sas): Service d'Accs aux Soins @ https://ansforge.github.io/IG-fhir/service-acces-aux-soins/main/ig
  candidate: trial-use Ballot 1.0.0-ballot/4.0.1 @ https://interop.esante.gouv.fr/ig/fhir/sas/1.0.0-ballot
