FHIR IG Publisher Version 1.8.22 (Git# 3d9b32f2efa8). Built 2025-03-19T04:54:10.544Z (212 days old)
Detected Java version: 17.0.10 from /opt/hostedtoolcache/Java_Microsoft_jdk/17.0.10/x64 on amd64 (64bit). 4000MB available
dir = /home/runner/work/IG-fhir-repertoire-offre-ressources-sante/IG-fhir-repertoire-offre-ressources-sante, path = /opt/hostedtoolcache/Ruby/3.3.9/x64/bin:/usr/share/dotnet:/opt/hostedtoolcache/node/20.19.5/x64/bin:/opt/hostedtoolcache/Java_Microsoft_jdk/17.0.10/x64/bin:/snap/bin:/home/runner/.local/bin:/opt/pipx_bin:/home/runner/.cargo/bin:/home/runner/.config/composer/vendor/bin:/usr/local/.ghcup/bin:/home/runner/.dotnet/tools:/usr/local/sbin:/usr/local/bin:/usr/sbin:/usr/bin:/sbin:/bin:/usr/games:/usr/local/games:/snap/bin
Parameters: -go-publish -authorise-non-conformant-tx-servers -source ./igSource -web ./IG-website-release/www/ig/fhir -registry ./IG-website-release/ig-registry/fhir-ig-list.json -history ./IG-website-release/fhir-ig-history-template -templates ./IG-website-release/templates
---------------
Publication Run: publish ./igSource to ./IG-website-release/www/ig/fhir
Relative directory for IG is '/ror'
===== Web Publication Run Details ===============================
 Source IG: ans.fhir.fr.ror#0.7.0-snapshot-1 : https://interop.esante.gouv.fr/ig/fhir/ror (R4) from ./igSource
All checks passed. Do the publication build from /home/runner/work/IG-fhir-repertoire-offre-ressources-sante/IG-fhir-repertoire-offre-ressources-sante/./igSource and publish to /tmp/web-root/run-20251017/ror
Prepare Build space in /tmp/ig-builds/ans.fhir.fr.ror#0.7.0-snapshot-1
Build IG at /home/runner/work/IG-fhir-repertoire-offre-ressources-sante/IG-fhir-repertoire-offre-ressources-sante/./igSource: final copy suitable for publication (in /tmp/ig-builds/ans.fhir.fr.ror#0.7.0-snapshot-1)
FHIR IG Publisher Version 1.8.22 (Git# 3d9b32f2efa8). Built 2025-03-19T04:54:10.544Z (212 days old) 
Detected Java version: 17.0.10 from /opt/hostedtoolcache/Java_Microsoft_jdk/17.0.10/x64 on Linux/amd64 (64bit). 4000MB available
dir = /home/runner/work/IG-fhir-repertoire-offre-ressources-sante/IG-fhir-repertoire-offre-ressources-sante, path = /opt/hostedtoolcache/Ruby/3.3.9/x64/bin:/usr/share/dotnet:/opt/hostedtoolcache/node/20.19.5/x64/bin:/opt/hostedtoolcache/Java_Microsoft_jdk/17.0.10/x64/bin:/snap/bin:/home/runner/.local/bin:/opt/pipx_bin:/home/runner/.cargo/bin:/home/runner/.config/composer/vendor/bin:/usr/local/.ghcup/bin:/home/runner/.dotnet/tools:/usr/local/sbin:/usr/local/bin:/usr/sbin:/usr/bin:/sbin:/bin:/usr/games:/usr/local/games:/snap/bin
Parameters: -ig /tmp/ig-builds/ans.fhir.fr.ror#0.7.0-snapshot-1 -resetTx -publish https://interop.esante.gouv.fr/ig/fhir/ror/0.7.0-snapshot-1 -no-exit
Character encoding = UTF-8 / UTF-8                                                                  
Start Clock @ Friday, October 17, 2025 at 2:07:02 PM Coordinated Universal Time (2025-10-17T14:07:02Z)
                                                                                                    
Build FHIR IG from /tmp/ig-builds/ans.fhir.fr.ror#0.7.0-snapshot-1                                   (00:00.023 / 00:00.024, 45Mb)
Build Formal Publication package, intended for https://interop.esante.gouv.fr/ig/fhir/ror/0.7.0-snapshot-1 (00:00.002 / 00:00.026, 45Mb)
API keys loaded from /home/runner/.fhir/fhir-settings.json                                           (00:00.000 / 00:00.027, 45Mb)
Package Cache: /home/runner/.fhir/packages                                                           (00:00.004 / 00:00.032, 45Mb)
Run Sushi on /tmp/ig-builds/ans.fhir.fr.ror#0.7.0-snapshot-1                                         (00:00.002 / 00:00.034, 45Mb)
Sushi: info  Running SUSHI v3.16.5 (implements FHIR Shorthand specification v3.0.0)                  (00:00.678 / 00:00.713, 47Mb)
Sushi: info  Arguments:                                                                              (00:00.001 / 00:00.713, 47Mb)
Sushi: info    --require-latest                                                                      (00:00.000 / 00:00.714, 47Mb)
Sushi: info    --out /tmp/ig-builds/ans.fhir.fr.ror#0.7.0-snapshot-1                                 (00:00.000 / 00:00.715, 47Mb)
Sushi: info    /tmp/ig-builds/ans.fhir.fr.ror#0.7.0-snapshot-1                                       (00:00.000 / 00:00.716, 47Mb)
Sushi: info  Using configuration file: /tmp/ig-builds/ans.fhir.fr.ror#0.7.0-snapshot-1/sushi-config.yaml (00:01.434 / 00:02.151, 47Mb)
Sushi: info  Importing FSH text...                                                                   (00:00.109 / 00:02.260, 47Mb)
Sushi: info  Preprocessed 106 documents with 107 aliases.                                            (00:00.435 / 00:02.696, 47Mb)
Sushi: info  Imported 64 definitions and 41 instances.                                               (00:00.059 / 00:02.755, 47Mb)
Sushi: info  Loaded virtual package sushi-r5forR4#1.0.0 with 7 resources                             (00:00.095 / 00:02.851, 47Mb)
Sushi: info  Resolved hl7.fhir.uv.tools.r4#latest to concrete version 0.8.0                          (00:00.593 / 00:03.445, 47Mb)
Sushi: info  Loaded hl7.fhir.uv.tools.r4#0.8.0 with 110 resources                                    (00:00.079 / 00:03.525, 47Mb)
Sushi: info  Resolved hl7.terminology.r4#latest to concrete version 6.5.0                            (00:00.130 / 00:03.655, 47Mb)
Sushi: info  Loaded hl7.terminology.r4#6.5.0 with 4392 resources                                     (00:01.870 / 00:05.526, 47Mb)
Sushi: info  Loaded ans.annuaire.fhir.r4#0.2.0 with 62 resources                                     (00:00.028 / 00:05.554, 47Mb)
Sushi: info  Loaded hl7.fhir.fr.core#1.1.0 with 119 resources                                        (00:00.047 / 00:05.602, 47Mb)
Sushi: info  Loaded hl7.fhir.uv.bulkdata#2.0.0 with 8 resources                                      (00:00.003 / 00:05.606, 47Mb)
Sushi: info  Loaded hl7.fhir.uv.extensions.r4#5.2.0 with 759 resources                               (00:00.419 / 00:06.025, 47Mb)
Sushi: info  Loaded hl7.fhir.r4.core#4.0.1 with 4581 resources                                       (00:01.103 / 00:07.129, 47Mb)
Sushi: info  Loaded virtual package sushi-local#LOCAL with 0 resources                               (00:00.008 / 00:07.137, 47Mb)
Sushi: info  Converting FSH to FHIR resources...                                                     (00:00.020 / 00:07.158, 47Mb)
Sushi: info  Converted 55 FHIR StructureDefinitions.                                                 (00:07.812 / 00:14.970, 47Mb)
Sushi: info  Converted 5 FHIR CodeSystems.                                                           (00:00.116 / 00:15.087, 47Mb)
Sushi: info  Converted 4 FHIR ValueSets.                                                             (00:00.083 / 00:15.170, 47Mb)
Sushi: info  Converted 41 FHIR instances.                                                            (00:04.485 / 00:19.656, 47Mb)
Sushi: info  Exporting FHIR resources as JSON...                                                     (00:00.049 / 00:19.706, 47Mb)
Sushi: info  Exported 105 FHIR resources as JSON.                                                    (00:00.132 / 00:19.838, 47Mb)
Sushi: info  Assembling Implementation Guide sources...                                              (00:00.003 / 00:19.841, 47Mb)
Sushi: info  Generated ImplementationGuide-ans.fhir.fr.ror.json                                      (00:00.027 / 00:19.869, 47Mb)
Sushi: info  Assembled Implementation Guide sources; ready for IG Publisher.                         (00:00.000 / 00:19.870, 47Mb)
Sushi: ========================= SUSHI RESULTS ===========================                           (00:00.000 / 00:19.871, 47Mb)
Sushi: |  -------------------------------------------------------------  |                           (00:00.000 / 00:19.871, 47Mb)
Sushi: | |    Profiles   |  Extensions  |   Logicals   |   Resources   | |                           (00:00.000 / 00:19.872, 47Mb)
Sushi: | |-------------------------------------------------------------| |                           (00:00.000 / 00:19.873, 47Mb)
Sushi: | |       9       |      46      |      0       |       0       | |                           (00:00.000 / 00:19.873, 47Mb)
Sushi: |  -------------------------------------------------------------  |                           (00:00.000 / 00:19.874, 47Mb)
Sushi: |  -------------------------------------------------------------  |                           (00:00.000 / 00:19.875, 47Mb)
Sushi: | |      ValueSets     |    CodeSystems    |     Instances      | |                           (00:00.000 / 00:19.875, 47Mb)
Sushi: | |-------------------------------------------------------------| |                           (00:00.000 / 00:19.876, 47Mb)
Sushi: | |         4          |         5         |         41         | |                           (00:00.000 / 00:19.876, 47Mb)
Sushi: |  -------------------------------------------------------------  |                           (00:00.000 / 00:19.877, 47Mb)
Sushi: |                                                                 |                           (00:00.000 / 00:19.877, 47Mb)
Sushi: ===================================================================                           (00:00.000 / 00:19.878, 47Mb)
Sushi: | Just like a perfect pearl.             0 Errors      0 Warnings |                           (00:00.000 / 00:19.879, 47Mb)
Sushi: ===================================================================                           (00:00.000 / 00:19.879, 47Mb)
Unable to load IG as an r5 IG - try R4 (property code is a class com.google.gson.JsonPrimitive looking for an object) (00:01.740 / 00:21.620, 63Mb)
Load Template from ans.fr.template#0.2.0                                                             (00:00.458 / 00:22.079, 33Mb)
 Load Template from fhir.base.template#0.8.1                                                         (00:00.177 / 00:22.256, 42Mb)
Root directory: /tmp/ig-builds/ans.fhir.fr.ror#0.7.0-snapshot-1                                      (00:02.269 / 00:24.525, 109Mb)
Terminology Cache is at /tmp/ig-builds/ans.fhir.fr.ror#0.7.0-snapshot-1/input-cache/txcache. Clearing now (00:00.834 / 00:25.359, 95Mb)
Core Package hl7.fhir.r4.core#4.0.1
Unable to generate snapshot @2 for Definition from noname because Profile Definition (http://hl7.org/fhir/StructureDefinition/Definition) has no base and no snapshot
Unable to generate snapshot @2 for Event from noname because Profile Event (http://hl7.org/fhir/StructureDefinition/Event) has no base and no snapshot
Unable to generate snapshot @2 for FiveWs from noname because Profile FiveWs (http://hl7.org/fhir/StructureDefinition/FiveWs) has no base and no snapshot
Unable to generate snapshot @2 for Request from noname because Profile Request (http://hl7.org/fhir/StructureDefinition/Request) has no base and no snapshot
Running Terminology Log: /tmp/ohfu-fhir-ig-17596521542455794617.log
Connect to Terminology Server at http://tx.fhir.org                                                  (00:03.397 / 00:28.757, 425Mb)
Load Package hl7.fhir.pubpack#0.2.1
Load Package hl7.fhir.xver-extensions#0.1.0
Load Package hl7.terminology.r4#6.5.0
Load Package ANS.annuaire.fhir.r4#0.2.0
Load Package hl7.fhir.fr.core#1.1.0
Load Package hl7.fhir.uv.bulkdata#2.0.0
Load Package hl7.fhir.uv.extensions.r4#5.2.0
Load Package hl7.fhir.uv.tools.r4#0.4.1
Load R5 Specials
Unable to generate snapshot @2 for Definition from noname because Profile Definition (http://hl7.org/fhir/StructureDefinition/Definition) has no base and no snapshot
Unable to generate snapshot @2 for Event from noname because Profile Event (http://hl7.org/fhir/StructureDefinition/Event) has no base and no snapshot
Unable to generate snapshot @2 for FiveWs from noname because Profile FiveWs (http://hl7.org/fhir/StructureDefinition/FiveWs) has no base and no snapshot
Unable to generate snapshot @2 for Request from noname because Profile Request (http://hl7.org/fhir/StructureDefinition/Request) has no base and no snapshot
Initialization complete                                                                              (00:04.615 / 00:33.373, 547Mb)
Load Content                                                                                         (00:00.001 / 00:33.373, 547Mb)
Using fr_FR as the default narrative language. (inferred from ImplementationGuide.jurisdiction=FR)   (00:00.090 / 00:33.464, 558Mb)
Process Loaded Resources                                                                             (00:01.154 / 00:34.619, 686Mb)
Generating Snapshots                                                                                 (00:00.596 / 00:35.215, 493Mb)
loadPrePages from FetchedFile[/tmp/ig-builds/ans.fhir.fr.ror#0.7.0-snapshot-1/fsh-generated/includes] as /tmp/ig-builds/ans.fhir.fr.ror#0.7.0-snapshot-1/fsh-generated/includes
loadPrePages from FetchedFile[/tmp/ig-builds/ans.fhir.fr.ror#0.7.0-snapshot-1/input/data] as /tmp/ig-builds/ans.fhir.fr.ror#0.7.0-snapshot-1/input/data
loadPrePages from FetchedFile[/tmp/ig-builds/ans.fhir.fr.ror#0.7.0-snapshot-1/input/pagecontent] as /tmp/ig-builds/ans.fhir.fr.ror#0.7.0-snapshot-1/input/pagecontent
Fetch https://interop.esante.gouv.fr/ig/fhir/ror/package-list.json for version check                 (00:06.398 / 00:41.614, 659Mb)
Processing Conformance Resources                                                                     (00:00.836 / 00:42.451, 666Mb)
Checking Language                                                                                    (00:00.000 / 00:42.451, 666Mb)
Load Dependency Info                                                                                 (00:00.003 / 00:42.455, 666Mb)
Load Info                                                                                            (00:00.001 / 00:42.456, 666Mb)
Load Paths                                                                                           (00:00.001 / 00:42.457, 667Mb)
Check R4 / R4B                                                                                       (00:00.000 / 00:42.458, 667Mb)
Assign Comparison Ids                                                                                (00:00.018 / 00:42.476, 672Mb)
Propagating status                                                                                   (00:00.000 / 00:42.477, 672Mb)
Generating Narratives                                                                                (00:00.000 / 00:42.478, 672Mb)
Validating Conformance Resources                                                                     (00:23.186 / 01:05.664, 623Mb)
Unable to generate snapshot @2 for Definition from noname because Profile Definition (http://hl7.org/fhir/StructureDefinition/Definition) has no base and no snapshot
Unable to generate snapshot @2 for Event from noname because Profile Event (http://hl7.org/fhir/StructureDefinition/Event) has no base and no snapshot
Unable to generate snapshot @2 for FiveWs from noname because Profile FiveWs (http://hl7.org/fhir/StructureDefinition/FiveWs) has no base and no snapshot
Unable to generate snapshot @2 for Request from noname because Profile Request (http://hl7.org/fhir/StructureDefinition/Request) has no base and no snapshot
Check profiles & code systems                                                                        (00:16.133 / 01:21.798, 800Mb)
Check realm rules                                                                                    (00:00.006 / 01:21.804, 801Mb)
Previous Version Comparison                                                                          (00:00.000 / 01:21.805, 801Mb)
Unable to generate snapshot @1 for Definition from noname because Profile Definition (http://hl7.org/fhir/StructureDefinition/Definition) has no base and no snapshot
Unable to generate snapshot @1 for Event from noname because Profile Event (http://hl7.org/fhir/StructureDefinition/Event) has no base and no snapshot
Unable to generate snapshot @1 for FiveWs from noname because Profile FiveWs (http://hl7.org/fhir/StructureDefinition/FiveWs) has no base and no snapshot
Unable to generate snapshot @1 for Request from noname because Profile Request (http://hl7.org/fhir/StructureDefinition/Request) has no base and no snapshot
Validating Resources                                                                                 (00:06.407 / 01:28.213, 1001Mb)
Processing Provenance Records                                                                        (00:04.807 / 01:33.021, 1Gb)
Generating Outputs in /tmp/ig-builds/ans.fhir.fr.ror#0.7.0-snapshot-1/output                         (00:00.000 / 01:33.021, 1Gb)
Generate Native Outputs                                                                              (00:00.097 / 01:33.119, 1Gb)
Run Template                                                                                         (00:06.485 / 01:39.605, 1Gb)
Generate HTML Outputs                                                                                (00:02.923 / 01:42.528, 1Gb)
Generate Spreadsheets                                                                                (00:22.400 / 02:04.929, 1Gb)
Generate Summaries                                                                                   (00:05.050 / 02:09.979, 1Gb)
Generating Summary Outputs                                                                           (00:00.000 / 02:09.980, 1Gb)
DB Cumulative Time invested: 00:00:01.335
Sending Usage Stats to Server                                                                        (00:08.013 / 02:17.994, 1Gb)
## Memory (MB): Use = 1138, Free = 825, Total = 1964, Max = 4000                                     (00:00.005 / 02:17.999, 1Gb)
Reclaiming memory...                                                                                 (00:00.001 / 02:18.000, 1Gb)
## Memory (MB): Use = 848, Free = 1115, Total = 1964, Max = 4000                                     (00:00.440 / 02:18.441, 849Mb)
Run jekyll: jekyll build --destination "/tmp/ig-builds/ans.fhir.fr.ror#0.7.0-snapshot-1/output" (in folder /tmp/ig-builds/ans.fhir.fr.ror#0.7.0-snapshot-1/temp/pages) (00:00.002 / 02:18.443, 850Mb)
Troubleshooting Note: usual cases for Jekyll to fail are:                                            (00:00.001 / 02:18.445, 850Mb)
* A failure to produce a fragment that is already logged in the output above                         (00:00.000 / 02:18.445, 850Mb)
* A reference to a manually edited file that hasn't been provided                                    (00:00.000 / 02:18.446, 850Mb)
Jekyll: Source: /tmp/ig-builds/ans.fhir.fr.ror#0.7.0-snapshot-1/temp/pages                           (00:00.669 / 02:19.116, 854Mb)
Jekyll: Generating...                                                                                (00:00.000 / 02:19.117, 854Mb)
Jekyll: done in 5.112 seconds.                                                                       (00:05.110 / 02:24.228, 855Mb)

Installing ans.fhir.fr.ror#0.7.0-snapshot-1
 done.
Checking Output HTML                                                                                 (00:03.258 / 02:27.486, 1Gb)
found 1963 files                                                                                     (00:00.008 / 02:27.494, 1Gb)
........................................
........................................
  ... 1963 html files, 0 pages invalid xhtml (0%)                                                    (00:17.066 / 02:44.560, 960Mb)
  ... 417168 links, 81 broken links (0%)                                                             (00:00.000 / 02:44.561, 960Mb)
Generate fragment-usage-analysis.csv                                                                 (00:00.000 / 02:44.562, 960Mb)
Build final .zip                                                                                     (00:00.008 / 02:44.570, 961Mb)
Final .zip built                                                                                     (00:03.146 / 02:47.717, 983Mb)
Built. Times: loading: 00:09.075, generate: 02:07.559, narrative generation: 00:23.186, realm-rules: 00:00.000, previous-version: 00:06.379, jekyll: 00:05.816, validation: 00:20.656 (#106), template: 00:02.921 (#3) (00:02.601 / 02:50.319, 936Mb)
Generating QA                                                                                        (00:00.001 / 02:50.320, 936Mb)
Validation output in /tmp/ig-builds/ans.fhir.fr.ror#0.7.0-snapshot-1/output/qa.html
Errors: 81, Warnings: 112, Info: 62, Broken Links: 81 (00:02.934 / 02:53.254, 1Gb)
Finished. Max Memory Used = 1Gb. Log file saved in /tmp/fhir-ig-publisher-tmp.log                    (00:00.014 / 02:53.269, 1Gb)
Keep a copy of the build directory at /tmp/web-root/run-20251017/ig-build-zips/ans.fhir.fr.ror#0.7.0-snapshot-1.zip

ok. All checks passed. Publish v0.7.0-snapshot-1 to /tmp/web-root/run-20251017/ror/0.7.0-snapshot-1
Copy the IG to /tmp/web-root/run-20251017/ror/0.7.0-snapshot-1
Update /tmp/web-root/run-20251017/ror/package-list.json
Publish Box Statement: This page is part of the Répertoire national de l’Offre et des Ressources en santé et accompagnement médico-social (v0.7.0-snapshot-1: QA Preview) based on <a no-external="true" href="http://hl7.org/fhir/R4">FHIR (HL7® FHIR® Standard) R4</a>. This version is a pre-release. The current official version is <a no-external="true" href="https://interop.esante.gouv.fr/ig/fhir/ror{{fn}}">0.6.0</a>.  For a full list of available versions, see the <a no-external="true" href="https://interop.esante.gouv.fr/ig/fhir/ror/history.html">Directory of published versions</a>
  .. 772 files checked, 772 updated
  .. 349 clones checked, 698 updated
  .. 106 redirections (106 created/updated)
ans.fhir.fr.ror (https://interop.esante.gouv.fr/ig/fhir/ror): Répertoire national de l’Offre et des Ressources en santé et accompagnement médico-social @ https://ansforge.github.io/IG-fhir-repertoire-offre-ressources-sante/ig/main
  candidate: trial-use Preview 0.7.0-snapshot-1/4.0.1 @ https://interop.esante.gouv.fr/ig/fhir/ror/0.7.0-snapshot-1
Build is complete. Copy from /tmp/web-root/run-20251017
Update history page at /tmp/web-root/run-20251017/ror from /home/runner/work/IG-fhir-repertoire-offre-ressources-sante/IG-fhir-repertoire-offre-ressources-sante/./IG-website-release/fhir-ig-history-template and ./IG-website-release/templates
