FHIR IG Publisher Version 2.0.26 (Git# 0a43ac207d1f). Built 2025-11-06T09:21:35.314Z (11 days old)
Detected Java version: 17.0.10 from /opt/hostedtoolcache/Java_Microsoft_jdk/17.0.10/x64 on amd64 (64bit). 4000MB available
dir = /home/runner/work/IG-fhir-cercle-de-soins/IG-fhir-cercle-de-soins, path = /opt/hostedtoolcache/Ruby/3.3.10/x64/bin:/opt/hostedtoolcache/node/20.19.5/x64/bin:/opt/hostedtoolcache/Java_Microsoft_jdk/17.0.10/x64/bin:/snap/bin:/home/runner/.local/bin:/opt/pipx_bin:/home/runner/.cargo/bin:/home/runner/.config/composer/vendor/bin:/usr/local/.ghcup/bin:/home/runner/.dotnet/tools:/usr/local/sbin:/usr/local/bin:/usr/sbin:/usr/bin:/sbin:/bin:/usr/games:/usr/local/games:/snap/bin
Parameters: -go-publish -authorise-non-conformant-tx-servers -source ./igSource -web ./IG-website-release/www/ig/fhir -registry ./IG-website-release/ig-registry/fhir-ig-list.json -history ./IG-website-release/fhir-ig-history-template -templates ./IG-website-release/templates
---------------
Publication Run: publish ./igSource to ./IG-website-release/www/ig/fhir
Relative directory for IG is '/cds'
===== Web Publication Run Details ===============================
 Source IG: ans.fhir.fr.cds#2.0.1 : https://interop.esante.gouv.fr/ig/fhir/cds (R4) from ./igSource
All checks passed. Do the publication build from /home/runner/work/IG-fhir-cercle-de-soins/IG-fhir-cercle-de-soins/./igSource and publish to /tmp/web-root/run-20251117/cds
Prepare Build space in /tmp/ig-builds/ans.fhir.fr.cds#2.0.1
Build IG at /home/runner/work/IG-fhir-cercle-de-soins/IG-fhir-cercle-de-soins/./igSource: final copy suitable for publication (in /tmp/ig-builds/ans.fhir.fr.cds#2.0.1)
FHIR IG Publisher Version 2.0.26 (Git# 0a43ac207d1f). Built 2025-11-06T09:21:35.314Z (11 days old)  
Detected Java version: 17.0.10 from /opt/hostedtoolcache/Java_Microsoft_jdk/17.0.10/x64 on Linux/amd64 (64bit). 4000MB available
dir = /home/runner/work/IG-fhir-cercle-de-soins/IG-fhir-cercle-de-soins, path = /opt/hostedtoolcache/Ruby/3.3.10/x64/bin:/opt/hostedtoolcache/node/20.19.5/x64/bin:/opt/hostedtoolcache/Java_Microsoft_jdk/17.0.10/x64/bin:/snap/bin:/home/runner/.local/bin:/opt/pipx_bin:/home/runner/.cargo/bin:/home/runner/.config/composer/vendor/bin:/usr/local/.ghcup/bin:/home/runner/.dotnet/tools:/usr/local/sbin:/usr/local/bin:/usr/sbin:/usr/bin:/sbin:/bin:/usr/games:/usr/local/games:/snap/bin
Parameters: -publish https://interop.esante.gouv.fr/ig/fhir/cds/2.0.1 -no-exit -ig /tmp/ig-builds/ans.fhir.fr.cds#2.0.1 -resetTx
Character encoding = UTF-8 / UTF-8                                                                  
Start Clock @ Monday, November 17, 2025 at 2:35:04 PM Coordinated Universal Time (2025-11-17T14:35:04Z)
                                                                                                    
Build FHIR IG from /tmp/ig-builds/ans.fhir.fr.cds#2.0.1                                              (00:00.028 / 00:00.029, 45Mb)
Build Formal Publication package, intended for https://interop.esante.gouv.fr/ig/fhir/cds/2.0.1      (00:00.002 / 00:00.031, 45Mb)
API keys loaded from /home/runner/.fhir/fhir-settings.json                                           (00:00.000 / 00:00.032, 45Mb)
Package Cache: /home/runner/.fhir/packages                                                           (00:00.004 / 00:00.036, 45Mb)
Found dependency on ans.fr.terminologies#latest in Sushi config. Pre-installing                      (00:00.002 / 00:00.039, 45Mb)
Unable to install ans.fr.terminologies#latest: Invalid criteria: latest: (Expected numeric identifier at position 0) (00:00.003 / 00:00.042, 45Mb)
Trying to go on                                                                                      (00:00.000 / 00:00.043, 45Mb)
Run Sushi on /tmp/ig-builds/ans.fhir.fr.cds#2.0.1                                                    (00:00.001 / 00:00.045, 45Mb)
Sushi: info  Running SUSHI v3.16.5 (implements FHIR Shorthand specification v3.0.0)                  (00:00.805 / 00:00.850, 46Mb)
Sushi: info  Arguments:                                                                              (00:00.001 / 00:00.851, 46Mb)
Sushi: info    --require-latest                                                                      (00:00.001 / 00:00.852, 46Mb)
Sushi: info    --out /tmp/ig-builds/ans.fhir.fr.cds#2.0.1                                            (00:00.001 / 00:00.853, 46Mb)
Sushi: info    /tmp/ig-builds/ans.fhir.fr.cds#2.0.1                                                  (00:00.000 / 00:00.853, 46Mb)
Sushi: info  Using configuration file: /tmp/ig-builds/ans.fhir.fr.cds#2.0.1/sushi-config.yaml        (00:00.991 / 00:01.845, 46Mb)
Sushi: info  Importing FSH text...                                                                   (00:00.105 / 00:01.951, 46Mb)
Sushi: info  Preprocessed 24 documents with 6 aliases.                                               (00:00.205 / 00:02.156, 46Mb)
Sushi: info  Imported 7 definitions and 15 instances.                                                (00:00.019 / 00:02.175, 46Mb)
Sushi: info  Loaded virtual package sushi-r5forR4#1.0.0 with 7 resources                             (00:00.105 / 00:02.281, 46Mb)
Sushi: info  Resolved hl7.fhir.uv.tools.r4#latest to concrete version 0.8.0                          (00:00.727 / 00:03.009, 46Mb)
Sushi: info  Loaded hl7.fhir.uv.tools.r4#0.8.0 with 110 resources                                    (00:00.072 / 00:03.081, 46Mb)
Sushi: info  Resolved hl7.terminology.r4#latest to concrete version 7.0.0                            (00:00.166 / 00:03.247, 46Mb)
Sushi: info  Loaded hl7.terminology.r4#7.0.0 with 4096 resources                                     (00:01.891 / 00:05.139, 46Mb)
Sushi: info  Resolved hl7.fhir.uv.extensions.r4#latest to concrete version 5.2.0                     (00:00.171 / 00:05.310, 46Mb)
Sushi: info  Loaded hl7.fhir.uv.extensions.r4#5.2.0 with 759 resources                               (00:00.390 / 00:05.701, 46Mb)
Sushi: info  Loaded ans.fhir.fr.annuaire#1.1.0 with 65 resources                                     (00:00.068 / 00:05.769, 46Mb)
Sushi: info  Loaded hl7.fhir.fr.core#2.1.0 with 120 resources                                        (00:00.084 / 00:05.854, 46Mb)
Sushi: info  Resolved ans.fr.terminologies#latest to concrete version 1.4.0                          (00:00.164 / 00:06.018, 46Mb)
Sushi: info  Loaded ans.fr.terminologies#1.4.0 with 1050 resources                                   (00:00.576 / 00:06.595, 46Mb)
Sushi: info  Loaded hl7.fhir.r4.core#4.0.1 with 4581 resources                                       (00:02.207 / 00:08.802, 46Mb)
Sushi: info  Loaded virtual package sushi-local#LOCAL with 0 resources                               (00:00.011 / 00:08.813, 46Mb)
Sushi: info  Converting FSH to FHIR resources...                                                     (00:00.021 / 00:08.835, 46Mb)
Sushi: info  Converted 6 FHIR StructureDefinitions.                                                  (00:00.898 / 00:09.734, 46Mb)
Sushi: info  Converted 1 FHIR ValueSets.                                                             (00:00.008 / 00:09.742, 46Mb)
Sushi: info  Converted 15 FHIR instances.                                                            (00:01.443 / 00:11.186, 46Mb)
Sushi: info  Exporting FHIR resources as JSON...                                                     (00:00.001 / 00:11.187, 46Mb)
Sushi: info  Exported 22 FHIR resources as JSON.                                                     (00:00.059 / 00:11.246, 46Mb)
Sushi: info  Assembling Implementation Guide sources...                                              (00:00.001 / 00:11.248, 46Mb)
Sushi: info  Generated ImplementationGuide-ans.fhir.fr.cds.json                                      (00:00.034 / 00:11.282, 46Mb)
Sushi: info  Assembled Implementation Guide sources; ready for IG Publisher.                         (00:00.000 / 00:11.283, 46Mb)
Sushi: ========================= SUSHI RESULTS ===========================                           (00:00.000 / 00:11.284, 46Mb)
Sushi: |  -------------------------------------------------------------  |                           (00:00.000 / 00:11.284, 46Mb)
Sushi: | |    Profiles   |  Extensions  |   Logicals   |   Resources   | |                           (00:00.000 / 00:11.285, 46Mb)
Sushi: | |-------------------------------------------------------------| |                           (00:00.000 / 00:11.286, 46Mb)
Sushi: | |       6       |      0       |      0       |       0       | |                           (00:00.000 / 00:11.286, 46Mb)
Sushi: |  -------------------------------------------------------------  |                           (00:00.000 / 00:11.287, 46Mb)
Sushi: |  -------------------------------------------------------------  |                           (00:00.000 / 00:11.287, 46Mb)
Sushi: | |      ValueSets     |    CodeSystems    |     Instances      | |                           (00:00.000 / 00:11.288, 46Mb)
Sushi: | |-------------------------------------------------------------| |                           (00:00.000 / 00:11.289, 46Mb)
Sushi: | |         1          |         0         |         15         | |                           (00:00.000 / 00:11.289, 46Mb)
Sushi: |  -------------------------------------------------------------  |                           (00:00.000 / 00:11.290, 46Mb)
Sushi: |                                                                 |                           (00:00.000 / 00:11.290, 46Mb)
Sushi: ===================================================================                           (00:00.000 / 00:11.291, 46Mb)
Sushi: | Swish! Nothing but fishnet.            0 Errors      0 Warnings |                           (00:00.000 / 00:11.292, 46Mb)
Sushi: ===================================================================                           (00:00.000 / 00:11.292, 46Mb)
Root directory: /tmp/ig-builds/ans.fhir.fr.cds#2.0.1                                                 (00:00.013 / 00:11.305, 47Mb)
Unable to load IG as an r5 IG - try R4 (property code is a class com.google.gson.JsonPrimitive looking for an object) (00:00.451 / 00:11.757, 58Mb)
Load Template from https://github.com/ansforge/IG-template                                           (00:00.456 / 00:12.214, 29Mb)
 Load Template from fhir.base.template#current                                                       (00:01.336 / 00:13.550, 54Mb)
Scanning directory: /tmp/ig-builds/ans.fhir.fr.cds#2.0.1/template
======================================================================
Terminology Cache is at /tmp/ig-builds/ans.fhir.fr.cds#2.0.1/input-cache/txcache. Clearing now       (00:03.407 / 00:16.958, 129Mb)
Core Package hl7.fhir.r4.core#4.0.1                                                                  (00:00.002 / 00:16.960, 129Mb)
Running Terminology Log: /tmp/ohfu-fhir-ig-8502464936785717316.html
Connect to Terminology Server at http://tx.fhir.org                                                  (00:03.447 / 00:20.407, 432Mb)
[39mLoad Package hl7.fhir.pubpack#0.2.3
[0;39m[39mLoad Package hl7.fhir.xver-extensions#0.1.0
[0;39m[39mLoad Package hl7.terminology.r4#7.0.0
[0;39m[39mLoad Package hl7.fhir.uv.extensions.r4#5.2.0
[0;39m[39mLoad Package hl7.terminology.r4#6.0.2
[0;39m[39mLoad Package hl7.fhir.uv.extensions.r4#5.1.0
[0;39m[39mLoad Package ans.fr.nos#1.3.0
[0;39m[39mLoad Package hl7.fhir.fr.core#2.1.0
[0;39m[39mLoad Package hl7.terminology.r4#6.2.0
[0;39m[39mLoad Package ans.fr.nos#1.5.0
[0;39m[39mLoad Package hl7.terminology.r4#5.5.0
[0;39m[39mLoad Package ans.fhir.fr.annuaire#1.1.0
[0;39m[39mLoad Package hl7.fhir.fr.core#2.1.0
[0;39m[39mLoad Package hl7.terminology.r4#6.5.0
[0;39m[39mLoad Package hl7.terminology.r4#5.0.0
[0;39m[39mLoad Package fhir.dicom#2022.4.20221006
[0;39m[39mLoad Package hl7.fhir.uv.ips#1.1.0
[0;39m[39mLoad Package ans.fr.terminologies#1.4.0
[0;39m[39mLoad Package hl7.fhir.uv.tools.r4#0.8.0
[0;39mLoad R5 Specials
Initialization complete                                                                              (00:19.660 / 00:40.068, 606Mb)
Load IG                                                                                              (00:00.000 / 00:40.069, 606Mb)
Load Content                                                                                         (00:00.003 / 00:40.072, 607Mb)
Using fr_FR as the default narrative language. (inferred from ImplementationGuide.jurisdiction=FR)   (00:00.081 / 00:40.154, 612Mb)
Process Loaded Resources                                                                             (00:00.588 / 00:40.742, 643Mb)
Generating Snapshots                                                                                 (00:00.213 / 00:40.955, 676Mb)

Signing Certificate: RSA key for Subject: OU=IG Publisher, L=Ann Arbor, CN=hl7.org, O=HL7, ST=Missouri, C=us from: OU=IG Publisher, L=Ann Arbor, CN=hl7.org, O=HL7, ST=Missouri, C=us
Fetch https://interop.esante.gouv.fr/ig/fhir/cds/package-list.json for version check                 (00:00.803 / 00:41.759, 712Mb)
Checking Language                                                                                    (00:00.743 / 00:42.502, 714Mb)
Load Dependency Info                                                                                 (00:00.001 / 00:42.504, 714Mb)
Load Info                                                                                            (00:00.001 / 00:42.505, 714Mb)
Load Paths                                                                                           (00:00.000 / 00:42.506, 715Mb)
Check R4 / R4B                                                                                       (00:00.000 / 00:42.507, 715Mb)
Assign Comparison Ids                                                                                (00:00.021 / 00:42.529, 720Mb)
Propagating status                                                                                   (00:00.000 / 00:42.530, 720Mb)
Generating Narratives                                                                                (00:00.000 / 00:42.530, 720Mb)
Validating Conformance Resources                                                                     (00:03.675 / 00:46.206, 964Mb)
Check profiles & code systems                                                                        (00:19.355 / 01:05.561, 1Gb)
Check realm rules                                                                                    (00:00.002 / 01:05.564, 1Gb)
Previous Version Comparison                                                                          (00:00.000 / 01:05.564, 1Gb)
Checking for Bundles to sign                                                                         (00:10.493 / 01:16.057, 1Gb)
Validating Resources                                                                                 (00:00.000 / 01:16.058, 1Gb)
Processing Provenance Records                                                                        (00:03.625 / 01:19.683, 1Gb)
Generating Outputs in /tmp/ig-builds/ans.fhir.fr.cds#2.0.1/output                                    (00:00.000 / 01:19.684, 1Gb)
Generate Native Outputs                                                                              (00:00.151 / 01:19.835, 1Gb)
Run Template                                                                                         (00:02.624 / 01:22.459, 1Gb)
Generate HTML Outputs                                                                                (00:02.203 / 01:24.663, 1Gb)
Generate Spreadsheets                                                                                (00:05.345 / 01:30.008, 1Gb)
Generate Summaries                                                                                   (00:04.374 / 01:34.382, 1Gb)
Generating Summary Outputs                                                                           (00:00.000 / 01:34.383, 1Gb)
DB Cumulative Time invested: 00:00:00.185
Sending Usage Stats to Server                                                                        (00:13.107 / 01:47.491, 1Gb)
## Memory (MB): Use = 1717, Free = 260, Total = 1978, Max = 4000                                     (00:00.004 / 01:47.495, 1Gb)
Reclaiming memory...                                                                                 (00:00.000 / 01:47.496, 1Gb)
## Memory (MB): Use = 1476, Free = 501, Total = 1978, Max = 4000                                     (00:00.027 / 01:47.523, 1Gb)
Run jekyll: jekyll build --destination "/tmp/ig-builds/ans.fhir.fr.cds#2.0.1/output" (in folder /tmp/ig-builds/ans.fhir.fr.cds#2.0.1/temp/pages) (00:00.001 / 01:47.524, 1Gb)
Troubleshooting Note: usual cases for Jekyll to fail are:                                            (00:00.000 / 01:47.525, 1Gb)
* A failure to produce a fragment that is already logged in the output above                         (00:00.000 / 01:47.526, 1Gb)
* A reference to a manually edited file that hasn't been provided                                    (00:00.000 / 01:47.526, 1Gb)
Jekyll: Source: /tmp/ig-builds/ans.fhir.fr.cds#2.0.1/temp/pages                                      (00:00.948 / 01:48.475, 1Gb)
Jekyll: Generating...                                                                                (00:00.000 / 01:48.476, 1Gb)
Jekyll: done in 1.415 seconds.                                                                       (00:01.413 / 01:49.890, 1Gb)
[39m
[0;39m[39mInstalling ans.fhir.fr.cds#2.0.1
[0;39m[39m done.
[0;39mChecking Output HTML                                                                                 (00:01.697 / 01:51.588, 1Gb)
Processed /tmp/ig-builds/ans.fhir.fr.cds#2.0.1/output - % reduction = 100 (42607578 ==> 280782)
found 927 files                                                                                      (00:01.124 / 01:52.712, 1Gb)
........................................
........................................
  ... 927 html files, 0 pages invalid xhtml (0%)                                                     (00:11.753 / 02:04.466, 2Gb)
  ... 199686 links, 0 broken links (0%)                                                              (00:00.000 / 02:04.466, 2Gb)
Generate fragment-usage-analysis.csv                                                                 (00:00.000 / 02:04.467, 2Gb)
Build final .zip                                                                                     (00:00.006 / 02:04.473, 2Gb)
Final .zip built                                                                                     (00:02.245 / 02:06.719, 1Gb)
Built. Times: loading: 00:02.429, generate: 01:32.017, narrative generation: 00:03.675, realm-rules: 00:00.000, previous-version: 00:10.474, jekyll: 00:02.382, validation: 00:22.976 (#23), template: 00:02.208 (#3) (00:07.801 / 02:14.520, 2Gb)
Generating QA                                                                                        (00:00.000 / 02:14.521, 2Gb)
Validation output in /tmp/ig-builds/ans.fhir.fr.cds#2.0.1/output/qa.html
Errors: 8, Warnings: 59, Info: 22, Broken Links: 0 (00:00.221 / 02:14.743, 2Gb)
Finished @ 17/11/2025 14:37. Max Memory Used = 2Gb. Log file saved in /tmp/fhir-ig-publisher-tmp.log (00:00.012 / 02:14.755, 2Gb)
Prepare Build space in /tmp/ig-builds/ans.fhir.fr.cds#2.0.1-milestone
Build IG at /home/runner/work/IG-fhir-cercle-de-soins/IG-fhir-cercle-de-soins/./igSource: final copy suitable for publication (in /tmp/ig-builds/ans.fhir.fr.cds#2.0.1-milestone) (milestone build)
FHIR IG Publisher Version 2.0.26 (Git# 0a43ac207d1f). Built 2025-11-06T09:21:35.314Z (11 days old)  
Detected Java version: 17.0.10 from /opt/hostedtoolcache/Java_Microsoft_jdk/17.0.10/x64 on Linux/amd64 (64bit). 4000MB available
dir = /home/runner/work/IG-fhir-cercle-de-soins/IG-fhir-cercle-de-soins, path = /opt/hostedtoolcache/Ruby/3.3.10/x64/bin:/opt/hostedtoolcache/node/20.19.5/x64/bin:/opt/hostedtoolcache/Java_Microsoft_jdk/17.0.10/x64/bin:/snap/bin:/home/runner/.local/bin:/opt/pipx_bin:/home/runner/.cargo/bin:/home/runner/.config/composer/vendor/bin:/usr/local/.ghcup/bin:/home/runner/.dotnet/tools:/usr/local/sbin:/usr/local/bin:/usr/sbin:/usr/bin:/sbin:/bin:/usr/games:/usr/local/games:/snap/bin
Parameters: -publish https://interop.esante.gouv.fr/ig/fhir/cds/2.0.1 -no-exit -ig /tmp/ig-builds/ans.fhir.fr.cds#2.0.1-milestone -milestone
Character encoding = UTF-8 / UTF-8                                                                  
Start Clock @ Monday, November 17, 2025 at 2:37:20 PM Coordinated Universal Time (2025-11-17T14:37:20Z)
                                                                                                    
Build FHIR IG from /tmp/ig-builds/ans.fhir.fr.cds#2.0.1-milestone                                    (00:00.002 / 00:00.002, 2Gb)
Build Formal Publication package, intended for https://interop.esante.gouv.fr/ig/fhir/cds/2.0.1      (00:00.000 / 00:00.002, 2Gb)
API keys loaded from /home/runner/.fhir/fhir-settings.json                                           (00:00.000 / 00:00.003, 2Gb)
Package Cache: /home/runner/.fhir/packages                                                           (00:00.000 / 00:00.003, 2Gb)
Found dependency on ans.fr.terminologies#latest in Sushi config. Pre-installing                      (00:00.000 / 00:00.004, 2Gb)
Unable to install ans.fr.terminologies#latest: Invalid criteria: latest: (Expected numeric identifier at position 0) (00:00.000 / 00:00.004, 2Gb)
Trying to go on                                                                                      (00:00.000 / 00:00.005, 2Gb)
Run Sushi on /tmp/ig-builds/ans.fhir.fr.cds#2.0.1-milestone                                          (00:00.000 / 00:00.005, 2Gb)
Sushi: info  Running SUSHI v3.16.5 (implements FHIR Shorthand specification v3.0.0)                  (00:00.427 / 00:00.433, 2Gb)
Sushi: info  Arguments:                                                                              (00:00.000 / 00:00.433, 2Gb)
Sushi: info    --require-latest                                                                      (00:00.000 / 00:00.434, 2Gb)
Sushi: info    --out /tmp/ig-builds/ans.fhir.fr.cds#2.0.1-milestone                                  (00:00.000 / 00:00.434, 2Gb)
Sushi: info    /tmp/ig-builds/ans.fhir.fr.cds#2.0.1-milestone                                        (00:00.000 / 00:00.435, 2Gb)
Sushi: info  Using configuration file: /tmp/ig-builds/ans.fhir.fr.cds#2.0.1-milestone/sushi-config.yaml (00:00.411 / 00:00.847, 2Gb)
Sushi: info  Importing FSH text...                                                                   (00:00.106 / 00:00.953, 2Gb)
Sushi: info  Preprocessed 24 documents with 6 aliases.                                               (00:00.202 / 00:01.156, 2Gb)
Sushi: info  Imported 7 definitions and 15 instances.                                                (00:00.018 / 00:01.175, 2Gb)
Sushi: info  Loaded virtual package sushi-r5forR4#1.0.0 with 7 resources                             (00:00.136 / 00:01.312, 2Gb)
Sushi: info  Resolved hl7.fhir.uv.tools.r4#latest to concrete version 0.8.0                          (00:00.711 / 00:02.023, 2Gb)
Sushi: info  Loaded hl7.fhir.uv.tools.r4#0.8.0 with 110 resources                                    (00:00.049 / 00:02.072, 2Gb)
Sushi: info  Resolved hl7.terminology.r4#latest to concrete version 7.0.0                            (00:00.169 / 00:02.242, 2Gb)
Sushi: info  Loaded hl7.terminology.r4#7.0.0 with 4096 resources                                     (00:00.907 / 00:03.150, 2Gb)
Sushi: info  Resolved hl7.fhir.uv.extensions.r4#latest to concrete version 5.2.0                     (00:00.168 / 00:03.318, 2Gb)
Sushi: info  Loaded hl7.fhir.uv.extensions.r4#5.2.0 with 759 resources                               (00:00.181 / 00:03.500, 2Gb)
Sushi: info  Loaded ans.fhir.fr.annuaire#1.1.0 with 65 resources                                     (00:00.048 / 00:03.549, 2Gb)
Sushi: info  Loaded hl7.fhir.fr.core#2.1.0 with 120 resources                                        (00:00.061 / 00:03.611, 2Gb)
Sushi: info  Resolved ans.fr.terminologies#latest to concrete version 1.4.0                          (00:00.164 / 00:03.775, 2Gb)
Sushi: info  Loaded ans.fr.terminologies#1.4.0 with 1050 resources                                   (00:00.298 / 00:04.073, 2Gb)
Sushi: info  Loaded hl7.fhir.r4.core#4.0.1 with 4581 resources                                       (00:00.806 / 00:04.880, 2Gb)
Sushi: info  Loaded virtual package sushi-local#LOCAL with 0 resources                               (00:00.008 / 00:04.888, 2Gb)
Sushi: info  Converting FSH to FHIR resources...                                                     (00:00.028 / 00:04.916, 2Gb)
Sushi: info  Converted 6 FHIR StructureDefinitions.                                                  (00:00.901 / 00:05.818, 2Gb)
Sushi: info  Converted 1 FHIR ValueSets.                                                             (00:00.008 / 00:05.827, 2Gb)
Sushi: info  Converted 15 FHIR instances.                                                            (00:01.398 / 00:07.226, 2Gb)
Sushi: info  Exporting FHIR resources as JSON...                                                     (00:00.000 / 00:07.226, 2Gb)
Sushi: info  Exported 22 FHIR resources as JSON.                                                     (00:00.054 / 00:07.280, 2Gb)
Sushi: info  Assembling Implementation Guide sources...                                              (00:00.001 / 00:07.282, 2Gb)
Sushi: info  Generated ImplementationGuide-ans.fhir.fr.cds.json                                      (00:00.042 / 00:07.324, 2Gb)
Sushi: info  Assembled Implementation Guide sources; ready for IG Publisher.                         (00:00.001 / 00:07.325, 2Gb)
Sushi: ========================= SUSHI RESULTS ===========================                           (00:00.000 / 00:07.326, 2Gb)
Sushi: |  -------------------------------------------------------------  |                           (00:00.000 / 00:07.326, 2Gb)
Sushi: | |    Profiles   |  Extensions  |   Logicals   |   Resources   | |                           (00:00.000 / 00:07.327, 2Gb)
Sushi: | |-------------------------------------------------------------| |                           (00:00.000 / 00:07.327, 2Gb)
Sushi: | |       6       |      0       |      0       |       0       | |                           (00:00.000 / 00:07.328, 2Gb)
Sushi: |  -------------------------------------------------------------  |                           (00:00.000 / 00:07.328, 2Gb)
Sushi: |  -------------------------------------------------------------  |                           (00:00.000 / 00:07.329, 2Gb)
Sushi: | |      ValueSets     |    CodeSystems    |     Instances      | |                           (00:00.000 / 00:07.329, 2Gb)
Sushi: | |-------------------------------------------------------------| |                           (00:00.000 / 00:07.330, 2Gb)
Sushi: | |         1          |         0         |         15         | |                           (00:00.000 / 00:07.330, 2Gb)
Sushi: |  -------------------------------------------------------------  |                           (00:00.000 / 00:07.331, 2Gb)
Sushi: |                                                                 |                           (00:00.000 / 00:07.331, 2Gb)
Sushi: ===================================================================                           (00:00.000 / 00:07.332, 2Gb)
Sushi: | Cool and So-fish-ticated!              0 Errors      0 Warnings |                           (00:00.000 / 00:07.332, 2Gb)
Sushi: ===================================================================                           (00:00.000 / 00:07.333, 2Gb)
Root directory: /tmp/ig-builds/ans.fhir.fr.cds#2.0.1-milestone                                       (00:00.014 / 00:07.347, 2Gb)
Unable to load IG as an r5 IG - try R4 (property code is a class com.google.gson.JsonPrimitive looking for an object) (00:00.004 / 00:07.352, 2Gb)
Load Template from https://github.com/ansforge/IG-template                                           (00:00.022 / 00:07.374, 2Gb)
 Load Template from fhir.base.template#current                                                       (00:00.879 / 00:08.254, 2Gb)
Scanning directory: /tmp/ig-builds/ans.fhir.fr.cds#2.0.1-milestone/template
======================================================================
Terminology Cache is at /tmp/ig-builds/ans.fhir.fr.cds#2.0.1-milestone/input-cache/txcache. 11 files in cache (00:02.012 / 00:10.267, 1Gb)
Core Package hl7.fhir.r4.core#4.0.1                                                                  (00:00.000 / 00:10.267, 1Gb)
Running Terminology Log: /tmp/ohfu-fhir-ig-17245007291599333035.html
Connect to Terminology Server at http://tx.fhir.org                                                  (00:01.876 / 00:12.144, 1Gb)
[39mLoad Package hl7.fhir.pubpack#0.2.3
[0;39m[39mLoad Package hl7.fhir.xver-extensions#0.1.0
[0;39m[39mLoad Package hl7.terminology.r4#7.0.0
[0;39m[39mLoad Package hl7.fhir.uv.extensions.r4#5.2.0
[0;39m[39mLoad Package hl7.terminology.r4#6.0.2
[0;39m[39mLoad Package hl7.fhir.uv.extensions.r4#5.1.0
[0;39m[39mLoad Package ans.fr.nos#1.3.0
[0;39m[39mLoad Package hl7.fhir.fr.core#2.1.0
[0;39m[39mLoad Package hl7.terminology.r4#6.2.0
[0;39m[39mLoad Package ans.fr.nos#1.5.0
[0;39m[39mLoad Package hl7.terminology.r4#5.5.0
[0;39m[39mLoad Package ans.fhir.fr.annuaire#1.1.0
[0;39m[39mLoad Package hl7.fhir.fr.core#2.1.0
[0;39m[39mLoad Package hl7.terminology.r4#6.5.0
[0;39m[39mLoad Package hl7.terminology.r4#5.0.0
[0;39m[39mLoad Package fhir.dicom#2022.4.20221006
[0;39m[39mLoad Package hl7.fhir.uv.ips#1.1.0
[0;39m[39mLoad Package ans.fr.terminologies#1.4.0
[0;39m[39mLoad Package hl7.fhir.uv.tools.r4#0.8.0
[0;39mLoad R5 Specials
Initialization complete                                                                              (00:15.956 / 00:28.100, 2Gb)
Load IG                                                                                              (00:00.000 / 00:28.101, 2Gb)
Load Content                                                                                         (00:00.002 / 00:28.103, 2Gb)
Using fr_FR as the default narrative language. (inferred from ImplementationGuide.jurisdiction=FR)   (00:00.010 / 00:28.114, 2Gb)
Process Loaded Resources                                                                             (00:00.298 / 00:28.413, 2Gb)
Generating Snapshots                                                                                 (00:00.130 / 00:28.544, 2Gb)

Signing Certificate: RSA key for Subject: OU=IG Publisher, L=Ann Arbor, CN=hl7.org, O=HL7, ST=Missouri, C=us from: OU=IG Publisher, L=Ann Arbor, CN=hl7.org, O=HL7, ST=Missouri, C=us
Fetch https://interop.esante.gouv.fr/ig/fhir/cds/package-list.json for version check                 (00:00.669 / 00:29.213, 2Gb)
Checking Language                                                                                    (00:00.540 / 00:29.754, 2Gb)
Load Dependency Info                                                                                 (00:00.001 / 00:29.755, 2Gb)
Load Info                                                                                            (00:00.000 / 00:29.756, 2Gb)
Load Paths                                                                                           (00:00.000 / 00:29.756, 2Gb)
Check R4 / R4B                                                                                       (00:00.000 / 00:29.757, 2Gb)
Assign Comparison Ids                                                                                (00:00.009 / 00:29.766, 2Gb)
Propagating status                                                                                   (00:00.000 / 00:29.767, 2Gb)
Generating Narratives                                                                                (00:00.000 / 00:29.767, 2Gb)
Validating Conformance Resources                                                                     (00:01.605 / 00:31.372, 2Gb)
Check profiles & code systems                                                                        (00:18.313 / 00:49.685, 2Gb)
Check realm rules                                                                                    (00:00.002 / 00:49.688, 2Gb)
Previous Version Comparison                                                                          (00:00.000 / 00:49.688, 2Gb)
Checking for Bundles to sign                                                                         (00:09.572 / 00:59.261, 2Gb)
Validating Resources                                                                                 (00:00.000 / 00:59.261, 2Gb)
Processing Provenance Records                                                                        (00:01.523 / 01:00.785, 2Gb)
Generating Outputs in /tmp/ig-builds/ans.fhir.fr.cds#2.0.1-milestone/output                          (00:00.000 / 01:00.785, 2Gb)
Generate Native Outputs                                                                              (00:00.125 / 01:00.911, 2Gb)
Run Template                                                                                         (00:02.423 / 01:03.335, 3Gb)
Generate HTML Outputs                                                                                (00:01.686 / 01:05.021, 2Gb)
Generate Spreadsheets                                                                                (00:03.779 / 01:08.800, 3Gb)
Generate Summaries                                                                                   (00:02.308 / 01:11.109, 2Gb)
Generating Summary Outputs                                                                           (00:00.000 / 01:11.109, 2Gb)
DB Cumulative Time invested: 00:00:00.147
Sending Usage Stats to Server                                                                        (00:09.775 / 01:20.884, 2Gb)
## Memory (MB): Use = 2963, Free = 584, Total = 3548, Max = 4000                                     (00:00.001 / 01:20.886, 2Gb)
Reclaiming memory...                                                                                 (00:00.000 / 01:20.886, 2Gb)
## Memory (MB): Use = 2629, Free = 1370, Total = 4000, Max = 4000                                    (00:01.245 / 01:22.132, 2Gb)
Run jekyll: jekyll build --destination "/tmp/ig-builds/ans.fhir.fr.cds#2.0.1-milestone/output" (in folder /tmp/ig-builds/ans.fhir.fr.cds#2.0.1-milestone/temp/pages) (00:00.001 / 01:22.133, 2Gb)
Troubleshooting Note: usual cases for Jekyll to fail are:                                            (00:00.001 / 01:22.135, 2Gb)
* A failure to produce a fragment that is already logged in the output above                         (00:00.000 / 01:22.135, 2Gb)
* A reference to a manually edited file that hasn't been provided                                    (00:00.000 / 01:22.136, 2Gb)
Jekyll: Source: /tmp/ig-builds/ans.fhir.fr.cds#2.0.1-milestone/temp/pages                            (00:00.336 / 01:22.473, 2Gb)
Jekyll: Generating...                                                                                (00:00.000 / 01:22.474, 2Gb)
Jekyll: done in 1.289 seconds.                                                                       (00:01.288 / 01:23.762, 2Gb)
[39m
[0;39m[39mInstalling ans.fhir.fr.cds#2.0.1
[0;39mChecking Output HTML                                                                                 (00:01.098 / 01:24.860, 2Gb)
Processed /tmp/ig-builds/ans.fhir.fr.cds#2.0.1-milestone/output - % reduction = 100 (42607748 ==> 280782)
found 927 files                                                                                      (00:00.501 / 01:25.361, 2Gb)
........................................
........................................
  ... 927 html files, 0 pages invalid xhtml (0%)                                                     (00:11.850 / 01:37.211, 3Gb)
  ... 199686 links, 0 broken links (0%)                                                              (00:00.000 / 01:37.212, 3Gb)
Generate fragment-usage-analysis.csv                                                                 (00:00.000 / 01:37.213, 3Gb)
Build final .zip                                                                                     (00:00.007 / 01:37.221, 3Gb)
Final .zip built                                                                                     (00:02.080 / 01:39.301, 2Gb)
Built. Times: loading: 00:01.650, generate: 01:15.541, narrative generation: 00:01.604, realm-rules: 00:00.000, previous-version: 00:09.559, jekyll: 00:01.646, validation: 00:19.833 (#23), template: 00:01.690 (#3) (00:05.993 / 01:45.295, 2Gb)
Generating QA                                                                                        (00:00.000 / 01:45.296, 2Gb)
Validation output in /tmp/ig-builds/ans.fhir.fr.cds#2.0.1-milestone/output/qa.html
Errors: 8, Warnings: 59, Info: 22, Broken Links: 0 (00:00.059 / 01:45.355, 2Gb)
Finished @ 17/11/2025 14:39. Max Memory Used = 3Gb. Log file saved in /tmp/fhir-ig-publisher-tmp.log (00:00.003 / 01:45.359, 2Gb)
Keep a copy of the build directory at /tmp/web-root/run-20251117/ig-build-zips/ans.fhir.fr.cds#2.0.1.zip
Sending usage stats failed: Connection timed out

ok. All checks passed. Publish v2.0.1 to /tmp/web-root/run-20251117/cds/2.0.1
Copy the IG to /tmp/web-root/run-20251117/cds/2.0.1
Update /tmp/web-root/run-20251117/cds/package-list.json
Publish Box Statement: This page is part of the Cercle De Soins (v2.0.1: Release) based on <a data-no-external="true" href="http://hl7.org/fhir/R4">FHIR (HL7® FHIR® Standard) R4</a>. This is the current published version in its permanent home (it will always be available at this URL).  For a full list of available versions, see the <a data-no-external="true" href="https://interop.esante.gouv.fr/ig/fhir/cds/history.html">Directory of published versions</a>
  .. 156 files checked, 156 updated
  .. 101 clones checked, 202 updated
  .. 23 redirections (23 created/updated)
This is a milestone release - publish v2.0.1 to /tmp/web-root/run-20251117/cds
Update publish box for version 2.0.0 @ https://interop.esante.gouv.fr/ig/fhir/cds/2.0.0
Publish Box Statement: This page is part of the Cercle De Soins (v2.0.0: Release) based on <a data-no-external="true" href="http://hl7.org/fhir/R4">FHIR (HL7® FHIR® Standard) R4</a>. The current version which supersedes this version is <a data-no-external="true" href="https://interop.esante.gouv.fr/ig/fhir/cds{{fn}}">2.0.1</a>.  For a full list of available versions, see the <a data-no-external="true" href="https://interop.esante.gouv.fr/ig/fhir/cds/history.html">Directory of published versions</a>
  .. 156 files checked, 156 updated
  .. 75 clones checked, 0 updated
Update publish box for version 2.0.0-ballot @ https://interop.esante.gouv.fr/ig/fhir/cds/2.0.0-ballot
Publish Box Statement: This page is part of the Cercle De Soins (v2.0.0-ballot: Release) based on <a data-no-external="true" href="http://hl7.org/fhir/R4">FHIR (HL7® FHIR® Standard) R4</a>. The current version which supersedes this version is <a data-no-external="true" href="https://interop.esante.gouv.fr/ig/fhir/cds{{fn}}">2.0.1</a>.  For a full list of available versions, see the <a data-no-external="true" href="https://interop.esante.gouv.fr/ig/fhir/cds/history.html">Directory of published versions</a>
  .. 156 files checked, 156 updated
  .. 49 clones checked, 0 updated
Publish Box Statement: This page is part of the Cercle De Soins (v2.0.1: Release) based on <a data-no-external="true" href="http://hl7.org/fhir/R4">FHIR (HL7® FHIR® Standard) R4</a>. This is the current published version.  For a full list of available versions, see the <a data-no-external="true" href="https://interop.esante.gouv.fr/ig/fhir/cds/history.html">Directory of published versions</a>
  .. 156 files checked, 156 updated
  .. 101 clones checked, 202 updated
  .. 23 redirections (23 created/updated)
Check for Files to delete
  ... 0 files
Copy to new IG /tmp/web-root/run-20251117/cds
ans.fhir.fr.cds (https://interop.esante.gouv.fr/ig/fhir/cds): Cercle De Soins @ https://ansforge.github.io/IG-fhir-mesures-de-sante/main/ig
  release: trial-use 2.0.1/4.0.1 @ https://interop.esante.gouv.fr/ig/fhir/cds/2.0.1
Build is complete. Copy from /tmp/web-root/run-20251117
Update history page at /tmp/web-root/run-20251117/cds from /home/runner/work/IG-fhir-cercle-de-soins/IG-fhir-cercle-de-soins/./IG-website-release/fhir-ig-history-template and ./IG-website-release/templates
