FHIR IG Publisher Version 2.0.30 (Git# 04ebe87f19c1). Built 2026-01-20T18:29:40.591Z (9 days old)
Detected Java version: 17.0.10 from /opt/hostedtoolcache/Java_Microsoft_jdk/17.0.10/x64 on amd64 (64bit). 4000MB available
dir = /home/runner/work/IG-fhir-mesures-de-sante/IG-fhir-mesures-de-sante, path = /opt/hostedtoolcache/Ruby/3.3.10/x64/bin:/opt/hostedtoolcache/node/20.20.0/x64/bin:/opt/hostedtoolcache/Java_Microsoft_jdk/17.0.10/x64/bin:/snap/bin:/home/runner/.local/bin:/opt/pipx_bin:/home/runner/.cargo/bin:/home/runner/.config/composer/vendor/bin:/usr/local/.ghcup/bin:/home/runner/.dotnet/tools:/usr/local/sbin:/usr/local/bin:/usr/sbin:/usr/bin:/sbin:/bin:/usr/games:/usr/local/games:/snap/bin
Parameters: -go-publish -source ./igSource -web ./IG-website-release/www/ig/fhir -registry ./IG-website-release/ig-registry/fhir-ig-list.json -history ./IG-website-release/fhir-ig-history-template -templates ./IG-website-release/templates
---------------
Publication Run: publish ./igSource to ./IG-website-release/www/ig/fhir
Relative directory for IG is '/mesures'
===== Web Publication Run Details ===============================
 Source IG: ans.fhir.fr.mesures#3.1.1 : https://interop.esante.gouv.fr/ig/fhir/mesures (R4) from ./igSource
All checks passed. Do the publication build from /home/runner/work/IG-fhir-mesures-de-sante/IG-fhir-mesures-de-sante/./igSource and publish to /tmp/web-root/run-20260130/mesures
Prepare Build space in /tmp/ig-builds/ans.fhir.fr.mesures#3.1.1
Build IG at /home/runner/work/IG-fhir-mesures-de-sante/IG-fhir-mesures-de-sante/./igSource: final copy suitable for publication (in /tmp/ig-builds/ans.fhir.fr.mesures#3.1.1)
FHIR IG Publisher Version 2.0.30 (Git# 04ebe87f19c1). Built 2026-01-20T18:29:40.591Z (9 days old)   
Detected Java version: 17.0.10 from /opt/hostedtoolcache/Java_Microsoft_jdk/17.0.10/x64 on Linux/amd64 (64bit). 4000MB available
dir = /home/runner/work/IG-fhir-mesures-de-sante/IG-fhir-mesures-de-sante, path = /opt/hostedtoolcache/Ruby/3.3.10/x64/bin:/opt/hostedtoolcache/node/20.20.0/x64/bin:/opt/hostedtoolcache/Java_Microsoft_jdk/17.0.10/x64/bin:/snap/bin:/home/runner/.local/bin:/opt/pipx_bin:/home/runner/.cargo/bin:/home/runner/.config/composer/vendor/bin:/usr/local/.ghcup/bin:/home/runner/.dotnet/tools:/usr/local/sbin:/usr/local/bin:/usr/sbin:/usr/bin:/sbin:/bin:/usr/games:/usr/local/games:/snap/bin
Parameters: -publish https://interop.esante.gouv.fr/ig/fhir/mesures/3.1.1 -no-exit -ig /tmp/ig-builds/ans.fhir.fr.mesures#3.1.1 -resetTx
Character encoding = UTF-8 / UTF-8                                                                  
Start Clock @ Friday, January 30, 2026 at 9:46:43 AM Coordinated Universal Time (2026-01-30T09:46:43Z)
                                                                                                    
Build FHIR IG from /tmp/ig-builds/ans.fhir.fr.mesures#3.1.1                                          (00:00.024 / 00:00.025, 47Mb)
Build Formal Publication package, intended for https://interop.esante.gouv.fr/ig/fhir/mesures/3.1.1  (00:00.003 / 00:00.028, 47Mb)
API keys loaded from /home/runner/.fhir/fhir-settings.json                                           (00:00.000 / 00:00.028, 47Mb)
Package Cache: /home/runner/.fhir/packages                                                           (00:00.004 / 00:00.033, 47Mb)
Found dependency on ans.fr.terminologies#latest in Sushi config. Pre-installing                      (00:00.002 / 00:00.036, 48Mb)
Unable to install ans.fr.terminologies#latest: Invalid criteria: latest: (Expected numeric identifier at position 0) (00:00.003 / 00:00.040, 48Mb)
Trying to go on                                                                                      (00:00.000 / 00:00.040, 48Mb)
Run Sushi on /tmp/ig-builds/ans.fhir.fr.mesures#3.1.1                                                (00:00.001 / 00:00.042, 48Mb)
Sushi: info  Running SUSHI v3.17.0 (implements FHIR Shorthand specification v3.0.0)                  (00:00.589 / 00:00.631, 50Mb)
Sushi: info  Arguments:                                                                              (00:00.000 / 00:00.632, 50Mb)
Sushi: info    --require-latest                                                                      (00:00.000 / 00:00.633, 50Mb)
Sushi: info    --out /tmp/ig-builds/ans.fhir.fr.mesures#3.1.1                                        (00:00.000 / 00:00.634, 50Mb)
Sushi: info    /tmp/ig-builds/ans.fhir.fr.mesures#3.1.1                                              (00:00.000 / 00:00.634, 50Mb)
Sushi: info  Using configuration file: /tmp/ig-builds/ans.fhir.fr.mesures#3.1.1/sushi-config.yaml    (00:00.570 / 00:01.205, 50Mb)
Sushi: info  Importing FSH text...                                                                   (00:00.095 / 00:01.300, 50Mb)
Sushi: info  Preprocessed 36 documents with 40 aliases.                                              (00:00.219 / 00:01.519, 50Mb)
Sushi: info  Imported 27 definitions and 27 instances.                                               (00:00.019 / 00:01.539, 50Mb)
Sushi: info  Loaded virtual package sushi-r5forR4#1.0.0 with 7 resources                             (00:00.109 / 00:01.648, 50Mb)
Sushi: info  Resolved hl7.fhir.uv.tools.r4#latest to concrete version 0.9.0                          (00:00.682 / 00:02.330, 50Mb)
Sushi: info  Loaded hl7.fhir.uv.tools.r4#0.9.0 with 117 resources                                    (00:00.068 / 00:02.399, 50Mb)
Sushi: info  Resolved hl7.terminology.r4#latest to concrete version 7.0.1                            (00:00.157 / 00:02.556, 50Mb)
Sushi: info  Loaded hl7.terminology.r4#7.0.1 with 4096 resources                                     (00:01.429 / 00:03.985, 50Mb)
Sushi: info  Loaded hl7.fhir.fr.core#2.1.0 with 120 resources                                        (00:00.070 / 00:04.056, 50Mb)
Sushi: info  Loaded hl7.fhir.uv.phd#1.0.0 with 26 resources                                          (00:00.034 / 00:04.090, 50Mb)
Sushi: info  Resolved ans.fr.terminologies#latest to concrete version 1.4.0                          (00:00.154 / 00:04.245, 50Mb)
Sushi: info  Loaded ans.fr.terminologies#1.4.0 with 1050 resources                                   (00:00.487 / 00:04.732, 50Mb)
Sushi: info  Loaded hl7.fhir.r4.core#4.0.1 with 4581 resources                                       (00:01.070 / 00:05.803, 50Mb)
Sushi: info  Resolved hl7.fhir.uv.extensions.r4#latest to concrete version 5.2.0                     (00:00.161 / 00:05.965, 50Mb)
Sushi: info  Loaded hl7.fhir.uv.extensions.r4#5.2.0 with 759 resources                               (00:00.351 / 00:06.316, 50Mb)
Sushi: info  Loaded virtual package sushi-local#LOCAL with 0 resources                               (00:00.008 / 00:06.325, 50Mb)
Sushi: info  Converting FSH to FHIR resources...                                                     (00:00.019 / 00:06.345, 50Mb)
Sushi: warn  Slice named supportingInfo already exists on element Observation.extension of MesFrObservationBmi (00:01.598 / 00:07.943, 50Mb)
Sushi:   File: /tmp/ig-builds/ans.fhir.fr.mesures#3.1.1/input/fsh/RuleSet-observations.fsh           (00:00.000 / 00:07.944, 50Mb)
Sushi:   Line: 4 - 7                                                                                 (00:00.000 / 00:07.944, 50Mb)
Sushi:   Applied in File: /tmp/ig-builds/ans.fhir.fr.mesures#3.1.1/input/fsh/MesFrObservationBmi.fsh (00:00.000 / 00:07.945, 50Mb)
Sushi:   Applied on Line: 6 - 7                                                                      (00:00.000 / 00:07.945, 50Mb)
Sushi: warn  Slice named supportingInfo already exists on element Observation.extension of MesFrObservationBodyHeight (00:00.078 / 00:08.024, 50Mb)
Sushi:   File: /tmp/ig-builds/ans.fhir.fr.mesures#3.1.1/input/fsh/RuleSet-observations.fsh           (00:00.000 / 00:08.025, 50Mb)
Sushi:   Line: 4 - 7                                                                                 (00:00.000 / 00:08.026, 50Mb)
Sushi:   Applied in File: /tmp/ig-builds/ans.fhir.fr.mesures#3.1.1/input/fsh/MesFrObservationBodyHeight.fsh (00:00.000 / 00:08.026, 50Mb)
Sushi:   Applied on Line: 6 - 7                                                                      (00:00.000 / 00:08.027, 50Mb)
Sushi: warn  Slice named supportingInfo already exists on element Observation.extension of MesFrObservationBodyTemperature (00:00.134 / 00:08.161, 50Mb)
Sushi:   File: /tmp/ig-builds/ans.fhir.fr.mesures#3.1.1/input/fsh/RuleSet-observations.fsh           (00:00.000 / 00:08.162, 50Mb)
Sushi:   Line: 4 - 7                                                                                 (00:00.001 / 00:08.163, 50Mb)
Sushi:   Applied in File: /tmp/ig-builds/ans.fhir.fr.mesures#3.1.1/input/fsh/MesFrObservationBodyTemperature.fsh (00:00.000 / 00:08.164, 50Mb)
Sushi:   Applied on Line: 6 - 7                                                                      (00:00.000 / 00:08.165, 50Mb)
Sushi: warn  Slice named supportingInfo already exists on element Observation.extension of MesFrObservationBodyWeight (00:00.109 / 00:08.274, 50Mb)
Sushi:   File: /tmp/ig-builds/ans.fhir.fr.mesures#3.1.1/input/fsh/RuleSet-observations.fsh           (00:00.000 / 00:08.275, 50Mb)
Sushi:   Line: 4 - 7                                                                                 (00:00.000 / 00:08.275, 50Mb)
Sushi:   Applied in File: /tmp/ig-builds/ans.fhir.fr.mesures#3.1.1/input/fsh/MesFrObservationBodyWeight.fsh (00:00.000 / 00:08.276, 50Mb)
Sushi:   Applied on Line: 6 - 7                                                                      (00:00.000 / 00:08.276, 50Mb)
Sushi: warn  Slice named supportingInfo already exists on element Observation.extension of MesFrObservationBp (00:00.106 / 00:08.383, 50Mb)
Sushi:   File: /tmp/ig-builds/ans.fhir.fr.mesures#3.1.1/input/fsh/RuleSet-observations.fsh           (00:00.000 / 00:08.384, 50Mb)
Sushi:   Line: 4 - 7                                                                                 (00:00.000 / 00:08.384, 50Mb)
Sushi:   Applied in File: /tmp/ig-builds/ans.fhir.fr.mesures#3.1.1/input/fsh/MesFrObservationBp.fsh  (00:00.000 / 00:08.385, 50Mb)
Sushi:   Applied on Line: 6 - 7                                                                      (00:00.000 / 00:08.385, 50Mb)
Sushi: warn  Slice named supportingInfo already exists on element Observation.extension of MesFrObservationHeartrate (00:00.099 / 00:08.485, 50Mb)
Sushi:   File: /tmp/ig-builds/ans.fhir.fr.mesures#3.1.1/input/fsh/RuleSet-observations.fsh           (00:00.000 / 00:08.485, 50Mb)
Sushi:   Line: 4 - 7                                                                                 (00:00.000 / 00:08.486, 50Mb)
Sushi:   Applied in File: /tmp/ig-builds/ans.fhir.fr.mesures#3.1.1/input/fsh/MesFrObservationHeartrate.fsh (00:00.000 / 00:08.486, 50Mb)
Sushi:   Applied on Line: 6 - 7                                                                      (00:00.000 / 00:08.487, 50Mb)
Sushi: warn  Slice named supportingInfo already exists on element Observation.extension of MesFrObservationRespiratoryRate (00:00.222 / 00:08.709, 50Mb)
Sushi:   File: /tmp/ig-builds/ans.fhir.fr.mesures#3.1.1/input/fsh/RuleSet-observations.fsh           (00:00.000 / 00:08.710, 50Mb)
Sushi:   Line: 4 - 7                                                                                 (00:00.000 / 00:08.710, 50Mb)
Sushi:   Applied in File: /tmp/ig-builds/ans.fhir.fr.mesures#3.1.1/input/fsh/MesFrObservationRespRate.fsh (00:00.000 / 00:08.711, 50Mb)
Sushi:   Applied on Line: 6 - 7                                                                      (00:00.000 / 00:08.711, 50Mb)
Sushi: info  Converted 26 FHIR StructureDefinitions.                                                 (00:00.599 / 00:09.311, 50Mb)
Sushi: info  Converted 1 FHIR ValueSets.                                                             (00:00.009 / 00:09.321, 50Mb)
Sushi: info  Converted 27 FHIR instances.                                                            (00:02.406 / 00:11.727, 50Mb)
Sushi: info  Exporting FHIR resources as JSON...                                                     (00:00.000 / 00:11.728, 50Mb)
Sushi: info  Exported 52 FHIR resources as JSON.                                                     (00:00.134 / 00:11.862, 50Mb)
Sushi: info  Assembling Implementation Guide sources...                                              (00:00.002 / 00:11.864, 50Mb)
Sushi: info  Generated ImplementationGuide-ans.fhir.fr.mesures.json                                  (00:00.037 / 00:11.902, 50Mb)
Sushi: info  Assembled Implementation Guide sources; ready for IG Publisher.                         (00:00.000 / 00:11.902, 50Mb)
Sushi: ========================= SUSHI RESULTS ===========================                           (00:00.001 / 00:11.903, 50Mb)
Sushi: |  -------------------------------------------------------------  |                           (00:00.000 / 00:11.904, 50Mb)
Sushi: | |    Profiles   |  Extensions  |   Logicals   |   Resources   | |                           (00:00.000 / 00:11.904, 50Mb)
Sushi: | |-------------------------------------------------------------| |                           (00:00.000 / 00:11.905, 50Mb)
Sushi: | |      22       |      4       |      0       |       0       | |                           (00:00.000 / 00:11.905, 50Mb)
Sushi: |  -------------------------------------------------------------  |                           (00:00.000 / 00:11.905, 50Mb)
Sushi: |  -------------------------------------------------------------  |                           (00:00.000 / 00:11.905, 50Mb)
Sushi: | |      ValueSets     |    CodeSystems    |     Instances      | |                           (00:00.000 / 00:11.906, 50Mb)
Sushi: | |-------------------------------------------------------------| |                           (00:00.000 / 00:11.906, 50Mb)
Sushi: | |         1          |         0         |         27         | |                           (00:00.000 / 00:11.907, 50Mb)
Sushi: |  -------------------------------------------------------------  |                           (00:00.000 / 00:11.907, 50Mb)
Sushi: |                                                                 |                           (00:00.000 / 00:11.907, 50Mb)
Sushi: ===================================================================                           (00:00.000 / 00:11.908, 50Mb)
Sushi: | This looks a bit fishy.                0 Errors      7 Warnings |                           (00:00.000 / 00:11.908, 50Mb)
Sushi: ===================================================================                           (00:00.000 / 00:11.909, 50Mb)
Root directory: /tmp/ig-builds/ans.fhir.fr.mesures#3.1.1                                             (00:00.013 / 00:11.922, 50Mb)
Unable to load IG as an r5 IG - try R4 (property code is a class com.google.gson.JsonPrimitive looking for an object) (00:00.433 / 00:12.356, 65Mb)
Load Template from ans.fr.template#0.1.0                                                             (00:00.434 / 00:12.790, 67Mb)
 Load Template from fhir.base.template#0.8.1                                                         (00:00.008 / 00:12.799, 67Mb)
Scanning directory: /tmp/ig-builds/ans.fhir.fr.mesures#3.1.1/template
======================================================================
Terminology Cache is at /tmp/ig-builds/ans.fhir.fr.mesures#3.1.1/input-cache/txcache. Clearing now   (00:01.921 / 00:14.721, 96Mb)
Core Package hl7.fhir.r4.core#4.0.1                                                                  (00:00.001 / 00:14.722, 96Mb)
Running Terminology Log: /tmp/ohfu-fhir-ig-11592694051000951454.html
Connect to Terminology Server at http://tx.fhir.org                                                  (00:03.710 / 00:18.433, 386Mb)
[39mLoad Package hl7.fhir.pubpack#0.2.3
[0;39m[39mLoad Package hl7.fhir.xver-extensions#0.1.0
[0;39m[39mLoad Package hl7.terminology.r4#7.0.1
[0;39m[39mLoad Package hl7.fhir.uv.extensions.r4#5.2.0
[0;39m[39mLoad Package hl7.terminology.r4#6.0.2
[0;39m[39mLoad Package hl7.fhir.uv.extensions.r4#5.1.0
[0;39m[39mLoad Package ans.fr.nos#1.3.0
[0;39m[39mLoad Package hl7.fhir.fr.core#2.1.0
[0;39m[39mLoad Package hl7.terminology.r4#3.1.0
[0;39m[39mLoad Package hl7.fhir.uv.phd#1.0.0
[0;39m[39mLoad Package hl7.terminology.r4#6.5.0
[0;39m[39mLoad Package hl7.terminology.r4#5.0.0
[0;39m[39mLoad Package fhir.dicom#2022.4.20221006
[0;39m[39mLoad Package hl7.fhir.uv.ips#1.1.0
[0;39m[39mLoad Package ans.fr.terminologies#1.4.0
[0;39m[39mLoad Package hl7.fhir.uv.tools.r4#0.9.0
[0;39mLoad R5 Specials
Cannot find or generate snapshot for base definition http://hl7.org/fhir/StructureDefinition/CanonicalResource from http://hl7.org/fhir/StructureDefinition/TestCases
Initialization complete                                                                              (00:15.198 / 00:33.631, 620Mb)
Load IG                                                                                              (00:00.000 / 00:33.632, 620Mb)
Load Content                                                                                         (00:00.002 / 00:33.634, 621Mb)
Using fr_FR as the default narrative language. (inferred from ImplementationGuide.jurisdiction=FR)   (00:00.070 / 00:33.704, 629Mb)
Process Loaded Resources                                                                             (00:00.904 / 00:34.609, 703Mb)
Generating Snapshots                                                                                 (00:00.262 / 00:34.872, 765Mb)

Signing Certificate: RSA key for Subject: OU=IG Publisher, L=Ann Arbor, CN=hl7.org, O=HL7, ST=Missouri, C=us from: OU=IG Publisher, L=Ann Arbor, CN=hl7.org, O=HL7, ST=Missouri, C=us
Fetch https://interop.esante.gouv.fr/ig/fhir/mesures/package-list.json for version check             (00:02.122 / 00:36.994, 691Mb)
Checking Language                                                                                    (00:00.657 / 00:37.652, 695Mb)
Load Dependency Info                                                                                 (00:00.001 / 00:37.654, 696Mb)
Load Info                                                                                            (00:00.000 / 00:37.655, 696Mb)
Load Paths                                                                                           (00:00.000 / 00:37.655, 697Mb)
Check R4 / R4B                                                                                       (00:00.000 / 00:37.656, 697Mb)
Assign Comparison Ids                                                                                (00:00.029 / 00:37.685, 703Mb)
Propagating status                                                                                   (00:00.000 / 00:37.686, 703Mb)
Generating Narratives                                                                                (00:00.000 / 00:37.686, 703Mb)
Validating Conformance Resources                                                                     (00:33.234 / 01:10.920, 1Gb)
Check profiles & code systems                                                                        (02:32.595 / 03:43.516, 1Gb)
Check realm rules                                                                                    (00:00.004 / 03:43.520, 1Gb)
Previous Version Comparison                                                                          (00:00.000 / 03:43.520, 1Gb)
Checking for Bundles to sign                                                                         (00:11.134 / 03:54.654, 1Gb)
Validating Resources                                                                                 (00:00.000 / 03:54.655, 1Gb)
Processing Provenance Records                                                                        (00:52.704 / 04:47.360, 1Gb)
Generating Outputs in /tmp/ig-builds/ans.fhir.fr.mesures#3.1.1/output                                (00:00.000 / 04:47.360, 1Gb)
Generate Native Outputs                                                                              (00:00.148 / 04:47.509, 1Gb)
Run Template                                                                                         (00:03.947 / 04:51.457, 1Gb)
Generate HTML Outputs                                                                                (00:02.032 / 04:53.489, 1Gb)
Generate Spreadsheets                                                                                (00:30.439 / 05:23.928, 1Gb)
Generate Summaries                                                                                   (00:06.661 / 05:30.590, 2Gb)
Generating Summary Outputs                                                                           (00:00.000 / 05:30.590, 2Gb)
Unable to find 3-character code having same country code as ISO 2-char code AA - User-assigned       (00:15.952 / 05:46.543, 1Gb)
Unable to find 3-character code having same country code as ISO 2-char code QM - User-assigned       (00:00.000 / 05:46.543, 1Gb)
Unable to find 3-character code having same country code as ISO 2-char code QN - User-assigned       (00:00.000 / 05:46.543, 1Gb)
Unable to find 3-character code having same country code as ISO 2-char code QO - User-assigned       (00:00.000 / 05:46.544, 1Gb)
Unable to find 3-character code having same country code as ISO 2-char code QP - User-assigned       (00:00.000 / 05:46.544, 1Gb)
Unable to find 3-character code having same country code as ISO 2-char code QQ - User-assigned       (00:00.000 / 05:46.544, 1Gb)
Unable to find 3-character code having same country code as ISO 2-char code QR - User-assigned       (00:00.000 / 05:46.545, 1Gb)
Unable to find 3-character code having same country code as ISO 2-char code QS - User-assigned       (00:00.000 / 05:46.545, 1Gb)
Unable to find 3-character code having same country code as ISO 2-char code QT - User-assigned       (00:00.000 / 05:46.545, 1Gb)
Unable to find 3-character code having same country code as ISO 2-char code QU - User-assigned       (00:00.000 / 05:46.546, 1Gb)
Unable to find 3-character code having same country code as ISO 2-char code QV - User-assigned       (00:00.000 / 05:46.546, 1Gb)
Unable to find 3-character code having same country code as ISO 2-char code QW - User-assigned       (00:00.000 / 05:46.546, 1Gb)
Unable to find 3-character code having same country code as ISO 2-char code QX - User-assigned       (00:00.000 / 05:46.546, 1Gb)
Unable to find 3-character code having same country code as ISO 2-char code QY - User-assigned       (00:00.000 / 05:46.546, 1Gb)
Unable to find 3-character code having same country code as ISO 2-char code QZ - User-assigned       (00:00.000 / 05:46.547, 1Gb)
Unable to find 3-character code having same country code as ISO 2-char code XA - User-assigned       (00:00.000 / 05:46.547, 1Gb)
Unable to find 3-character code having same country code as ISO 2-char code XB - User-assigned       (00:00.000 / 05:46.547, 1Gb)
Unable to find 3-character code having same country code as ISO 2-char code XC - User-assigned       (00:00.000 / 05:46.547, 1Gb)
Unable to find 3-character code having same country code as ISO 2-char code XD - User-assigned       (00:00.000 / 05:46.548, 1Gb)
Unable to find 3-character code having same country code as ISO 2-char code XE - User-assigned       (00:00.000 / 05:46.548, 1Gb)
Unable to find 3-character code having same country code as ISO 2-char code XF - User-assigned       (00:00.000 / 05:46.548, 1Gb)
Unable to find 3-character code having same country code as ISO 2-char code XG - User-assigned       (00:00.000 / 05:46.548, 1Gb)
Unable to find 3-character code having same country code as ISO 2-char code XH - User-assigned       (00:00.000 / 05:46.548, 1Gb)
Unable to find 3-character code having same country code as ISO 2-char code XI - User-assigned       (00:00.000 / 05:46.548, 1Gb)
Unable to find 3-character code having same country code as ISO 2-char code XJ - User-assigned       (00:00.000 / 05:46.549, 1Gb)
Unable to find 3-character code having same country code as ISO 2-char code XK - Kosovo              (00:00.000 / 05:46.549, 1Gb)
Unable to find 3-character code having same country code as ISO 2-char code XL - User-assigned       (00:00.000 / 05:46.549, 1Gb)
Unable to find 3-character code having same country code as ISO 2-char code XM - User-assigned       (00:00.000 / 05:46.549, 1Gb)
Unable to find 3-character code having same country code as ISO 2-char code XN - User-assigned       (00:00.000 / 05:46.549, 1Gb)
Unable to find 3-character code having same country code as ISO 2-char code XO - User-assigned       (00:00.000 / 05:46.550, 1Gb)
Unable to find 3-character code having same country code as ISO 2-char code XP - User-assigned       (00:00.000 / 05:46.550, 1Gb)
Unable to find 3-character code having same country code as ISO 2-char code XQ - User-assigned       (00:00.000 / 05:46.550, 1Gb)
Unable to find 3-character code having same country code as ISO 2-char code XR - User-assigned       (00:00.000 / 05:46.550, 1Gb)
Unable to find 3-character code having same country code as ISO 2-char code XS - User-assigned       (00:00.000 / 05:46.550, 1Gb)
Unable to find 3-character code having same country code as ISO 2-char code XT - User-assigned       (00:00.000 / 05:46.550, 1Gb)
Unable to find 3-character code having same country code as ISO 2-char code XU - User-assigned       (00:00.000 / 05:46.550, 1Gb)
Unable to find 3-character code having same country code as ISO 2-char code XV - User-assigned       (00:00.000 / 05:46.551, 1Gb)
Unable to find 3-character code having same country code as ISO 2-char code XW - User-assigned       (00:00.000 / 05:46.551, 1Gb)
Unable to find 3-character code having same country code as ISO 2-char code XX - Unknown             (00:00.000 / 05:46.551, 1Gb)
Unable to find 3-character code having same country code as ISO 2-char code XY - User-assigned       (00:00.000 / 05:46.551, 1Gb)
Unable to find 3-character code having same country code as ISO 2-char code XZ - International Waters (00:00.000 / 05:46.551, 1Gb)
Unable to find 3-character code having same country code as ISO 2-char code ZZ - Unknown or Invalid Territory (00:00.000 / 05:46.551, 1Gb)
DB Cumulative Time invested: 00:00:00.980
Sending Usage Stats to Server                                                                        (00:00.209 / 05:46.761, 1Gb)
## Memory (MB): Use = 1867, Free = 522, Total = 2390, Max = 4000                                     (00:00.004 / 05:46.765, 1Gb)
Reclaiming memory...                                                                                 (00:00.000 / 05:46.765, 1Gb)
## Memory (MB): Use = 1495, Free = 1002, Total = 2498, Max = 4000                                    (00:00.874 / 05:47.639, 1Gb)
Run jekyll: jekyll build --destination "/tmp/ig-builds/ans.fhir.fr.mesures#3.1.1/output" (in folder /tmp/ig-builds/ans.fhir.fr.mesures#3.1.1/temp/pages) (00:00.001 / 05:47.641, 1Gb)
Troubleshooting Note: usual cases for Jekyll to fail are:                                            (00:00.000 / 05:47.641, 1Gb)
* A failure to produce a fragment that is already logged in the output above                         (00:00.000 / 05:47.642, 1Gb)
* A reference to a manually edited file that hasn't been provided                                    (00:00.000 / 05:47.642, 1Gb)
Jekyll: Source: /tmp/ig-builds/ans.fhir.fr.mesures#3.1.1/temp/pages                                  (00:00.448 / 05:48.091, 1Gb)
Jekyll: Generating...                                                                                (00:00.000 / 05:48.091, 1Gb)
Jekyll: done in 2.453 seconds.                                                                       (00:02.452 / 05:50.544, 1Gb)
[39m
[0;39m[39mInstalling ans.fhir.fr.mesures#3.1.1
[0;39m[39m done.
[0;39mChecking Output HTML                                                                                 (00:04.245 / 05:54.789, 1Gb)
Processed /tmp/ig-builds/ans.fhir.fr.mesures#3.1.1/output - % reduction = 100 (117035169 ==> 464223)
found 1270 files                                                                                     (00:02.558 / 05:57.348, 1Gb)
........................................
........................................
  ... 1270 html files, 0 pages invalid xhtml (0%)                                                    (00:36.261 / 06:33.609, 1Gb)
  ... 524366 links, 15 broken links (0%)                                                             (00:00.000 / 06:33.610, 1Gb)
Generate fragment-usage-analysis.csv                                                                 (00:00.000 / 06:33.610, 1Gb)
Build final .zip                                                                                     (00:00.007 / 06:33.618, 1Gb)
Final .zip built                                                                                     (00:04.182 / 06:37.800, 1Gb)
Built. Times: loading: 00:04.018, generate: 06:06.415, narrative generation: 00:33.233, realm-rules: 00:00.000, previous-version: 00:11.104, jekyll: 00:02.927, validation: 03:25.236 (#53), template: 00:02.031 (#3) (00:06.267 / 06:44.068, 1Gb)
Generating QA                                                                                        (00:00.000 / 06:44.068, 1Gb)
Internal error in location for message: 'Error @1, 2: Found / expecting a token name', loc = '/tmp/ig-builds/ans.fhir.fr.mesures#3.1.1/output/flux-alimentation-signes-vitaux.html', err = 'Illegal HTML: illegal html element: OID ()'
Internal error in location for message: 'Error @1, 2: Found / expecting a token name', loc = '/tmp/ig-builds/ans.fhir.fr.mesures#3.1.1/output/searchform.html#/html/body/div/div/div/a/img/div/a/i', err = 'The <script> containing the javascript '$( document ).ready('... is illegal and not allowed on the H'
Validation output in /tmp/ig-builds/ans.fhir.fr.mesures#3.1.1/output/qa.html
Errors: 254, Warnings: 125, Info: 57, Broken Links: 25 (00:00.929 / 06:44.998, 2Gb)
Finished @ 30/01/2026 09:53. Max Memory Used = 2Gb. Log file saved in /tmp/fhir-ig-publisher-tmp.log (00:00.012 / 06:45.010, 2Gb)
Keep a copy of the build directory at /tmp/web-root/run-20260130/ig-build-zips/ans.fhir.fr.mesures#3.1.1.zip

ok. All checks passed. Publish v3.1.1 to /tmp/web-root/run-20260130/mesures/3.1.1
Copy the IG to /tmp/web-root/run-20260130/mesures/3.1.1
Update /tmp/web-root/run-20260130/mesures/package-list.json
Publish Box Statement: This page is part of the Guide d'implémentation FHIR - Mesures de santé (v3.1.1: final-text Ballot) based on <a data-no-external="true" href="http://hl7.org/fhir/R4">FHIR (HL7® FHIR® Standard) R4</a>. This version is a pre-release. The current official version is <a data-no-external="true" href="https://interop.esante.gouv.fr/ig/fhir/mesures{{fn}}">3.1.0</a>.  For a full list of available versions, see the <a data-no-external="true" href="https://interop.esante.gouv.fr/ig/fhir/mesures/history.html">Directory of published versions</a>
  .. 371 files checked, 371 updated
  .. 183 clones checked, 366 updated
  .. 53 redirections (53 created/updated)
ans.fhir.fr.mesures (https://interop.esante.gouv.fr/ig/fhir/mesures): Guide d'implémentation FHIR - Mesures de santé @ https://ansforge.github.io/IG-fhir-mesures-de-sante/ig/main
  candidate: final-text Ballot 3.1.1/4.0.1 @ https://interop.esante.gouv.fr/ig/fhir/mesures/3.1.1
Build is complete. Copy from /tmp/web-root/run-20260130
Update history page at /tmp/web-root/run-20260130/mesures from /home/runner/work/IG-fhir-mesures-de-sante/IG-fhir-mesures-de-sante/./IG-website-release/fhir-ig-history-template and ./IG-website-release/templates
