FHIR IG Publisher Version 1.8.22 (Git# 3d9b32f2efa8). Built 2025-03-19T04:54:10.544Z (264 days old)
Detected Java version: 17.0.10 from /opt/hostedtoolcache/Java_Microsoft_jdk/17.0.10/x64 on amd64 (64bit). 4000MB available
dir = /home/runner/work/IG-fhir-medicosocial-transfert-donnees-dui/IG-fhir-medicosocial-transfert-donnees-dui, path = /opt/hostedtoolcache/Ruby/3.3.10/x64/bin:/opt/hostedtoolcache/node/20.19.6/x64/bin:/opt/hostedtoolcache/Java_Microsoft_jdk/17.0.10/x64/bin:/snap/bin:/home/runner/.local/bin:/opt/pipx_bin:/home/runner/.cargo/bin:/home/runner/.config/composer/vendor/bin:/usr/local/.ghcup/bin:/home/runner/.dotnet/tools:/usr/local/sbin:/usr/local/bin:/usr/sbin:/usr/bin:/sbin:/bin:/usr/games:/usr/local/games:/snap/bin
Parameters: -go-publish -authorise-non-conformant-tx-servers -source ./igSource -web ./IG-website-release/www/ig/fhir -registry ./IG-website-release/ig-registry/fhir-ig-list.json -history ./IG-website-release/fhir-ig-history-template -templates ./IG-website-release/templates
---------------
Publication Run: publish ./igSource to ./IG-website-release/www/ig/fhir
Relative directory for IG is '/tddui'
===== Web Publication Run Details ===============================
 Source IG: ans.fhir.fr.tddui#2.1.0 : https://interop.esante.gouv.fr/ig/fhir/tddui (R4) from ./igSource
All checks passed. Do the publication build from /home/runner/work/IG-fhir-medicosocial-transfert-donnees-dui/IG-fhir-medicosocial-transfert-donnees-dui/./igSource and publish to /tmp/web-root/run-20251208/tddui
Prepare Build space in /tmp/ig-builds/ans.fhir.fr.tddui#2.1.0
Build IG at /home/runner/work/IG-fhir-medicosocial-transfert-donnees-dui/IG-fhir-medicosocial-transfert-donnees-dui/./igSource: final copy suitable for publication (in /tmp/ig-builds/ans.fhir.fr.tddui#2.1.0)
FHIR IG Publisher Version 1.8.22 (Git# 3d9b32f2efa8). Built 2025-03-19T04:54:10.544Z (264 days old) 
Detected Java version: 17.0.10 from /opt/hostedtoolcache/Java_Microsoft_jdk/17.0.10/x64 on Linux/amd64 (64bit). 4000MB available
dir = /home/runner/work/IG-fhir-medicosocial-transfert-donnees-dui/IG-fhir-medicosocial-transfert-donnees-dui, path = /opt/hostedtoolcache/Ruby/3.3.10/x64/bin:/opt/hostedtoolcache/node/20.19.6/x64/bin:/opt/hostedtoolcache/Java_Microsoft_jdk/17.0.10/x64/bin:/snap/bin:/home/runner/.local/bin:/opt/pipx_bin:/home/runner/.cargo/bin:/home/runner/.config/composer/vendor/bin:/usr/local/.ghcup/bin:/home/runner/.dotnet/tools:/usr/local/sbin:/usr/local/bin:/usr/sbin:/usr/bin:/sbin:/bin:/usr/games:/usr/local/games:/snap/bin
Parameters: -ig /tmp/ig-builds/ans.fhir.fr.tddui#2.1.0 -resetTx -publish https://interop.esante.gouv.fr/ig/fhir/tddui/2.1.0 -no-exit
Character encoding = UTF-8 / UTF-8                                                                  
Start Clock @ Monday, December 8, 2025 at 2:34:00 PM Coordinated Universal Time (2025-12-08T14:34:00Z)
                                                                                                    
Build FHIR IG from /tmp/ig-builds/ans.fhir.fr.tddui#2.1.0                                            (00:00.027 / 00:00.027, 26Mb)
Build Formal Publication package, intended for https://interop.esante.gouv.fr/ig/fhir/tddui/2.1.0    (00:00.003 / 00:00.030, 27Mb)
API keys loaded from /home/runner/.fhir/fhir-settings.json                                           (00:00.000 / 00:00.031, 27Mb)
Package Cache: /home/runner/.fhir/packages                                                           (00:00.004 / 00:00.035, 27Mb)
Run Sushi on /tmp/ig-builds/ans.fhir.fr.tddui#2.1.0                                                  (00:00.001 / 00:00.037, 27Mb)
Sushi: info  Running SUSHI v3.16.5 (implements FHIR Shorthand specification v3.0.0)                  (00:00.704 / 00:00.741, 29Mb)
Sushi: info  Arguments:                                                                              (00:00.001 / 00:00.743, 29Mb)
Sushi: info    --require-latest                                                                      (00:00.001 / 00:00.744, 29Mb)
Sushi: info    --out /tmp/ig-builds/ans.fhir.fr.tddui#2.1.0                                          (00:00.001 / 00:00.745, 29Mb)
Sushi: info    /tmp/ig-builds/ans.fhir.fr.tddui#2.1.0                                                (00:00.000 / 00:00.746, 29Mb)
Sushi: info  Using configuration file: /tmp/ig-builds/ans.fhir.fr.tddui#2.1.0/sushi-config.yaml      (00:00.921 / 00:01.668, 29Mb)
Sushi: info  Importing FSH text...                                                                   (00:00.106 / 00:01.774, 29Mb)
Sushi: info  Preprocessed 64 documents with 102 aliases.                                             (00:00.365 / 00:02.140, 29Mb)
Sushi: info  Imported 36 definitions and 23 instances.                                               (00:00.056 / 00:02.196, 29Mb)
Sushi: info  Loaded virtual package sushi-r5forR4#1.0.0 with 7 resources                             (00:00.091 / 00:02.291, 29Mb)
Sushi: info  Resolved hl7.fhir.uv.tools.r4#latest to concrete version 0.8.0                          (00:00.491 / 00:02.779, 29Mb)
Sushi: info  Loaded hl7.fhir.uv.tools.r4#0.8.0 with 110 resources                                    (00:00.074 / 00:02.854, 29Mb)
Sushi: info  Resolved hl7.terminology.r4#latest to concrete version 7.0.0                            (00:00.113 / 00:02.968, 29Mb)
Sushi: info  Loaded hl7.terminology.r4#7.0.0 with 4096 resources                                     (00:01.785 / 00:04.754, 29Mb)
Sushi: info  Loaded hl7.fhir.fr.core#2.1.0 with 120 resources                                        (00:00.086 / 00:04.840, 29Mb)
Sushi: info  Resolved ans.fr.terminologies#latest to concrete version 1.4.0                          (00:00.114 / 00:04.955, 29Mb)
Sushi: info  Loaded ans.fr.terminologies#1.4.0 with 1050 resources                                   (00:00.538 / 00:05.493, 29Mb)
Sushi: info  Loading supplemental version of FHIR to support extensions from hl7.fhir.extensions.r5  (00:00.001 / 00:05.494, 29Mb)
Sushi: info  Loaded hl7.fhir.r5.core#5.0.0 with 2968 resources                                       (00:01.534 / 00:07.028, 29Mb)
Sushi: info  Loaded hl7.fhir.uv.extensions#5.2.0 with 759 resources                                  (00:00.413 / 00:07.442, 29Mb)
Sushi: info  Loaded ihe.iti.mhd#4.2.0 with 65 resources                                              (00:00.053 / 00:07.496, 29Mb)
Sushi: info  Loaded hl7.fhir.r4.core#4.0.1 with 4581 resources                                       (00:01.972 / 00:09.468, 29Mb)
Sushi: info  Loaded virtual package sushi-local#LOCAL with 0 resources                               (00:00.008 / 00:09.476, 29Mb)
Sushi: info  Converting FSH to FHIR resources...                                                     (00:00.018 / 00:09.494, 29Mb)
Sushi: warn  The name "tddui-humanname" may not be suitable for machine processing applications such as code generation. Valid names start with an upper-case ASCII letter ('A'..'Z') followed by any combination of upper- or lower-case ASCII letters ('A'..'Z', and 'a'..'z'), numerals ('0'..'9') and '_', with a length limit of 255 characters. (00:00.028 / 00:09.523, 29Mb)
Sushi:   File: /tmp/ig-builds/ans.fhir.fr.tddui#2.1.0/input/fsh/DataType/tddui-human-name.fsh        (00:00.001 / 00:09.525, 29Mb)
Sushi:   Line: 1 - 6                                                                                 (00:00.000 / 00:09.526, 29Mb)
Sushi: info  Converted 31 FHIR StructureDefinitions.                                                 (00:03.022 / 00:12.548, 29Mb)
Sushi: info  Converted 4 FHIR CodeSystems.                                                           (00:00.085 / 00:12.634, 29Mb)
Sushi: info  Converted 1 FHIR ValueSets.                                                             (00:00.020 / 00:12.655, 29Mb)
Sushi: info  Converted 23 FHIR instances.                                                            (00:06.141 / 00:18.796, 29Mb)
Sushi: info  Exporting FHIR resources as JSON...                                                     (00:00.056 / 00:18.852, 29Mb)
Sushi: info  Exported 59 FHIR resources as JSON.                                                     (00:00.114 / 00:18.967, 29Mb)
Sushi: info  Assembling Implementation Guide sources...                                              (00:00.002 / 00:18.969, 29Mb)
Sushi: info  Generated ImplementationGuide-ans.fhir.fr.tddui.json                                    (00:00.035 / 00:19.005, 29Mb)
Sushi: info  Assembled Implementation Guide sources; ready for IG Publisher.                         (00:00.001 / 00:19.006, 29Mb)
Sushi: ========================= SUSHI RESULTS ===========================                           (00:00.000 / 00:19.006, 29Mb)
Sushi: |  -------------------------------------------------------------  |                           (00:00.000 / 00:19.007, 29Mb)
Sushi: | |    Profiles   |  Extensions  |   Logicals   |   Resources   | |                           (00:00.000 / 00:19.008, 29Mb)
Sushi: | |-------------------------------------------------------------| |                           (00:00.000 / 00:19.008, 29Mb)
Sushi: | |      14       |      17      |      0       |       0       | |                           (00:00.000 / 00:19.009, 29Mb)
Sushi: |  -------------------------------------------------------------  |                           (00:00.000 / 00:19.009, 29Mb)
Sushi: |  -------------------------------------------------------------  |                           (00:00.000 / 00:19.010, 29Mb)
Sushi: | |      ValueSets     |    CodeSystems    |     Instances      | |                           (00:00.000 / 00:19.010, 29Mb)
Sushi: | |-------------------------------------------------------------| |                           (00:00.000 / 00:19.011, 29Mb)
Sushi: | |         1          |         4         |         23         | |                           (00:00.000 / 00:19.011, 29Mb)
Sushi: |  -------------------------------------------------------------  |                           (00:00.000 / 00:19.012, 29Mb)
Sushi: |                                                                 |                           (00:00.000 / 00:19.013, 29Mb)
Sushi: ===================================================================                           (00:00.000 / 00:19.013, 29Mb)
Sushi: | Let minnow if you need some help       0 Errors       1 Warning |                           (00:00.000 / 00:19.014, 29Mb)
Sushi: ===================================================================                           (00:00.000 / 00:19.014, 29Mb)
Unable to load IG as an r5 IG - try R4 (property code is a class com.google.gson.JsonPrimitive looking for an object) (00:00.463 / 00:19.478, 63Mb)
Load Template from https://github.com/ansforge/IG-template                                           (00:00.448 / 00:19.926, 64Mb)
 Load Template from fhir.base.template#current                                                       (00:00.927 / 00:20.854, 60Mb)
Root directory: /tmp/ig-builds/ans.fhir.fr.tddui#2.1.0                                               (00:02.876 / 00:23.731, 144Mb)
Terminology Cache is at /tmp/ig-builds/ans.fhir.fr.tddui#2.1.0/input-cache/txcache. Clearing now     (00:00.709 / 00:24.440, 109Mb)
Core Package hl7.fhir.r4.core#4.0.1
Running Terminology Log: /tmp/ohfu-fhir-ig-17951073572243220137.log
Connect to Terminology Server at http://tx.fhir.org                                                  (00:03.100 / 00:27.541, 225Mb)
Load Package hl7.fhir.pubpack#0.2.1
Load Package hl7.fhir.xver-extensions#0.1.0
Load Package hl7.terminology.r4#7.0.0
Load Package hl7.terminology.r4#6.0.2
Load Package hl7.fhir.uv.extensions.r4#5.1.0
Load Package ans.fr.nos#1.3.0
Load Package hl7.fhir.fr.core#2.1.0
Load Package hl7.fhir.uv.extensions.r4#5.2.0
Load Package hl7.terminology.r4#6.5.0
Load Package hl7.terminology.r4#5.0.0
Load Package fhir.dicom#2022.4.20221006
Load Package hl7.fhir.uv.ips#1.1.0
Load Package ans.fr.terminologies#1.4.0
Version mismatch. This IG is version 4.0.1, while the IG 'hl7.fhir.uv.extensions' is from version 5.0.0 (will try to run anyway) (00:09.641 / 00:37.182, 791Mb)
Ignore Dependency on Core FHIR hl7.fhir.r5.core#5.0.0, from package 'hl7.terminology.r5#6.2.0'       (00:00.127 / 00:37.310, 859Mb)
Load Package hl7.terminology.r5#6.2.0
Load Package hl7.fhir.uv.extensions#5.2.0
Load Package hl7.terminology.r4#4.0.0
Load Package ihe.iti.balp#1.1.1
Load Package ihe.formatcode.fhir#1.1.0
Load Package ihe.iti.mhd#4.2.0
Load Package hl7.fhir.uv.tools.r4#0.4.1
Load R5 Specials
Initialization complete                                                                              (00:07.035 / 00:44.345, 1Gb)
Load Content                                                                                         (00:00.001 / 00:44.346, 1Gb)
Using fr_FR as the default narrative language. (inferred from ImplementationGuide.jurisdiction=FR)   (00:00.116 / 00:44.463, 1Gb)
Process Loaded Resources                                                                             (00:01.450 / 00:45.913, 1Gb)
Generating Snapshots                                                                                 (00:00.514 / 00:46.427, 1Gb)
Unable to generate snapshot @3 for https://interop.esante.gouv.fr/ig/fhir/tddui/StructureDefinition/tddui-patient: Profile TDDUIPatient (https://interop.esante.gouv.fr/ig/fhir/tddui/StructureDefinition/tddui-patient), element StructureDefinition-tddui-patient.html. Error generating snapshot: Error sorting Differential: The element Patient.extension:birthPlace.value[x].extension:inseeCode @diff[2] is out of order (and maybe others after it)
Unable to generate snapshot @3 for https://interop.esante.gouv.fr/ig/fhir/tddui/StructureDefinition/tddui-patient-ins: Profile TDDUIPatientINS (https://interop.esante.gouv.fr/ig/fhir/tddui/StructureDefinition/tddui-patient-ins), element StructureDefinition-tddui-patient-ins.html. Error generating snapshot: Error sorting Differential: The element Patient.extension:birthPlace.value[x].extension:inseeCode @diff[2] is out of order (and maybe others after it)
loadPrePages from FetchedFile[/tmp/ig-builds/ans.fhir.fr.tddui#2.1.0/fsh-generated/includes] as /tmp/ig-builds/ans.fhir.fr.tddui#2.1.0/fsh-generated/includes
loadPrePages from FetchedFile[/tmp/ig-builds/ans.fhir.fr.tddui#2.1.0/input/data] as /tmp/ig-builds/ans.fhir.fr.tddui#2.1.0/input/data
loadPrePages from FetchedFile[/tmp/ig-builds/ans.fhir.fr.tddui#2.1.0/input/pagecontent] as /tmp/ig-builds/ans.fhir.fr.tddui#2.1.0/input/pagecontent
Fetch https://interop.esante.gouv.fr/ig/fhir/tddui/package-list.json for version check               (00:01.850 / 00:48.278, 1Gb)
Processing Conformance Resources                                                                     (00:00.738 / 00:49.016, 1Gb)
Checking Language                                                                                    (00:00.000 / 00:49.017, 1Gb)
Load Dependency Info                                                                                 (00:00.001 / 00:49.018, 1Gb)
Load Info                                                                                            (00:00.001 / 00:49.019, 1Gb)
Load Paths                                                                                           (00:00.000 / 00:49.020, 1Gb)
Check R4 / R4B                                                                                       (00:00.000 / 00:49.021, 1Gb)
Assign Comparison Ids                                                                                (00:00.016 / 00:49.037, 1Gb)
Propagating status                                                                                   (00:00.000 / 00:49.038, 1Gb)
Generating Narratives                                                                                (00:00.000 / 00:49.038, 1Gb)
Validating Conformance Resources                                                                     (00:03.247 / 00:52.286, 1Gb)
Check profiles & code systems                                                                        (00:33.233 / 01:25.519, 1Gb)
Check realm rules                                                                                    (00:00.005 / 01:25.525, 1Gb)
Previous Version Comparison                                                                          (00:00.000 / 01:25.525, 1Gb)
FHIR Version mismatch in package hl7.fhir.uv.extensions#5.2.0: version is 5.0.0 but must be 4.0.1 (path: ans.fhir.fr.tddui#2.1.0-ballot)
FHIR Version mismatch in package hl7.terminology.r5#6.2.0: version is 5.0.0 but must be 4.0.1 (path: ans.fhir.fr.tddui#2.1.0-ballot -> hl7.fhir.uv.extensions#5.2.0)
Validating Resources                                                                                 (00:12.531 / 01:38.057, 1Gb)
Processing Provenance Records                                                                        (00:04.713 / 01:42.770, 1Gb)
Generating Outputs in /tmp/ig-builds/ans.fhir.fr.tddui#2.1.0/output                                  (00:00.001 / 01:42.772, 1Gb)
Generate Native Outputs                                                                              (00:00.085 / 01:42.858, 1Gb)
Run Template                                                                                         (00:06.302 / 01:49.159, 1Gb)
Generate HTML Outputs                                                                                (00:03.473 / 01:52.633, 2Gb)
Generate Spreadsheets                                                                                (00:19.841 / 02:12.474, 2Gb)
Generate Summaries                                                                                   (00:05.939 / 02:18.413, 2Gb)
Generating Summary Outputs                                                                           (00:00.000 / 02:18.414, 2Gb)
ERROR: Unable to populate flag information
DB Cumulative Time invested: 00:00:00.184
Sending Usage Stats to Server                                                                        (00:13.091 / 02:31.505, 3Gb)
## Memory (MB): Use = 3361, Free = 638, Total = 4000, Max = 4000                                     (00:00.005 / 02:31.511, 3Gb)
Reclaiming memory...                                                                                 (00:00.000 / 02:31.511, 3Gb)
## Memory (MB): Use = 2066, Free = 1932, Total = 4000, Max = 4000                                    (00:01.358 / 02:32.870, 2Gb)
Run jekyll: jekyll build --destination "/tmp/ig-builds/ans.fhir.fr.tddui#2.1.0/output" (in folder /tmp/ig-builds/ans.fhir.fr.tddui#2.1.0/temp/pages) (00:00.001 / 02:32.873, 2Gb)
Troubleshooting Note: usual cases for Jekyll to fail are:                                            (00:00.001 / 02:32.874, 2Gb)
* A failure to produce a fragment that is already logged in the output above                         (00:00.000 / 02:32.874, 2Gb)
* A reference to a manually edited file that hasn't been provided                                    (00:00.000 / 02:32.875, 2Gb)
Jekyll: Source: /tmp/ig-builds/ans.fhir.fr.tddui#2.1.0/temp/pages                                    (00:00.764 / 02:33.640, 2Gb)
Jekyll: Generating...                                                                                (00:00.000 / 02:33.641, 2Gb)
Jekyll: done in 3.21 seconds.                                                                        (00:03.208 / 02:36.850, 2Gb)

Installing ans.fhir.fr.tddui#2.1.0
 done.
Checking Output HTML                                                                                 (00:03.230 / 02:40.081, 2Gb)
found 1377 files                                                                                     (00:00.006 / 02:40.087, 2Gb)
........................................
........................................
  ... 1377 html files, 0 pages invalid xhtml (0%)                                                    (00:18.642 / 02:58.729, 2Gb)
  ... 433206 links, 0 broken links (0%)                                                              (00:00.001 / 02:58.730, 2Gb)
Generate fragment-usage-analysis.csv                                                                 (00:00.000 / 02:58.731, 2Gb)
Build final .zip                                                                                     (00:00.008 / 02:58.740, 2Gb)
Final .zip built                                                                                     (00:03.053 / 03:01.793, 2Gb)
Built. Times: loading: 00:04.668, generate: 02:19.489, narrative generation: 00:03.247, realm-rules: 00:00.000, previous-version: 00:12.501, jekyll: 00:04.006, validation: 00:37.686 (#60), template: 00:03.480 (#3) (00:06.740 / 03:08.533, 2Gb)
Generating QA                                                                                        (00:00.001 / 03:08.535, 2Gb)
Validation output in /tmp/ig-builds/ans.fhir.fr.tddui#2.1.0/output/qa.html
Errors: 107, Warnings: 72, Info: 83, Broken Links: 2 (00:03.942 / 03:12.478, 2Gb)
Finished. Max Memory Used = 3Gb. Log file saved in /tmp/fhir-ig-publisher-tmp.log                    (00:00.019 / 03:12.497, 2Gb)
Prepare Build space in /tmp/ig-builds/ans.fhir.fr.tddui#2.1.0-milestone
Build IG at /home/runner/work/IG-fhir-medicosocial-transfert-donnees-dui/IG-fhir-medicosocial-transfert-donnees-dui/./igSource: final copy suitable for publication (in /tmp/ig-builds/ans.fhir.fr.tddui#2.1.0-milestone) (milestone build)
FHIR IG Publisher Version 1.8.22 (Git# 3d9b32f2efa8). Built 2025-03-19T04:54:10.544Z (264 days old) 
Detected Java version: 17.0.10 from /opt/hostedtoolcache/Java_Microsoft_jdk/17.0.10/x64 on Linux/amd64 (64bit). 4000MB available
dir = /home/runner/work/IG-fhir-medicosocial-transfert-donnees-dui/IG-fhir-medicosocial-transfert-donnees-dui, path = /opt/hostedtoolcache/Ruby/3.3.10/x64/bin:/opt/hostedtoolcache/node/20.19.6/x64/bin:/opt/hostedtoolcache/Java_Microsoft_jdk/17.0.10/x64/bin:/snap/bin:/home/runner/.local/bin:/opt/pipx_bin:/home/runner/.cargo/bin:/home/runner/.config/composer/vendor/bin:/usr/local/.ghcup/bin:/home/runner/.dotnet/tools:/usr/local/sbin:/usr/local/bin:/usr/sbin:/usr/bin:/sbin:/bin:/usr/games:/usr/local/games:/snap/bin
Parameters: -ig /tmp/ig-builds/ans.fhir.fr.tddui#2.1.0-milestone -publish https://interop.esante.gouv.fr/ig/fhir/tddui/2.1.0 -milestone -no-exit
Character encoding = UTF-8 / UTF-8                                                                  
Start Clock @ Monday, December 8, 2025 at 2:37:15 PM Coordinated Universal Time (2025-12-08T14:37:15Z)
                                                                                                    
Build FHIR IG from /tmp/ig-builds/ans.fhir.fr.tddui#2.1.0-milestone                                  (00:00.002 / 00:00.002, 2Gb)
Build Formal Publication package, intended for https://interop.esante.gouv.fr/ig/fhir/tddui/2.1.0    (00:00.000 / 00:00.002, 2Gb)
API keys loaded from /home/runner/.fhir/fhir-settings.json                                           (00:00.000 / 00:00.003, 2Gb)
Package Cache: /home/runner/.fhir/packages                                                           (00:00.000 / 00:00.003, 2Gb)
Run Sushi on /tmp/ig-builds/ans.fhir.fr.tddui#2.1.0-milestone                                        (00:00.000 / 00:00.004, 2Gb)
Sushi: info  Running SUSHI v3.16.5 (implements FHIR Shorthand specification v3.0.0)                  (00:00.433 / 00:00.438, 2Gb)
Sushi: info  Arguments:                                                                              (00:00.000 / 00:00.438, 2Gb)
Sushi: info    --require-latest                                                                      (00:00.000 / 00:00.439, 2Gb)
Sushi: info    --out /tmp/ig-builds/ans.fhir.fr.tddui#2.1.0-milestone                                (00:00.000 / 00:00.439, 2Gb)
Sushi: info    /tmp/ig-builds/ans.fhir.fr.tddui#2.1.0-milestone                                      (00:00.000 / 00:00.440, 2Gb)
Sushi: info  Using configuration file: /tmp/ig-builds/ans.fhir.fr.tddui#2.1.0-milestone/sushi-config.yaml (00:00.371 / 00:00.811, 2Gb)
Sushi: info  Importing FSH text...                                                                   (00:00.105 / 00:00.917, 2Gb)
Sushi: info  Preprocessed 64 documents with 102 aliases.                                             (00:00.372 / 00:01.289, 2Gb)
Sushi: info  Imported 36 definitions and 23 instances.                                               (00:00.048 / 00:01.338, 2Gb)
Sushi: info  Loaded virtual package sushi-r5forR4#1.0.0 with 7 resources                             (00:00.099 / 00:01.438, 2Gb)
Sushi: info  Resolved hl7.fhir.uv.tools.r4#latest to concrete version 0.8.0                          (00:00.524 / 00:01.962, 2Gb)
Sushi: info  Loaded hl7.fhir.uv.tools.r4#0.8.0 with 110 resources                                    (00:00.050 / 00:02.012, 2Gb)
Sushi: info  Resolved hl7.terminology.r4#latest to concrete version 7.0.0                            (00:00.118 / 00:02.131, 2Gb)
Sushi: info  Loaded hl7.terminology.r4#7.0.0 with 4096 resources                                     (00:00.939 / 00:03.070, 2Gb)
Sushi: info  Loaded hl7.fhir.fr.core#2.1.0 with 120 resources                                        (00:00.048 / 00:03.119, 2Gb)
Sushi: info  Resolved ans.fr.terminologies#latest to concrete version 1.4.0                          (00:00.115 / 00:03.235, 2Gb)
Sushi: info  Loaded ans.fr.terminologies#1.4.0 with 1050 resources                                   (00:00.305 / 00:03.540, 2Gb)
Sushi: info  Loading supplemental version of FHIR to support extensions from hl7.fhir.extensions.r5  (00:00.000 / 00:03.541, 2Gb)
Sushi: info  Loaded hl7.fhir.r5.core#5.0.0 with 2968 resources                                       (00:00.769 / 00:04.311, 2Gb)
Sushi: info  Loaded hl7.fhir.uv.extensions#5.2.0 with 759 resources                                  (00:00.166 / 00:04.477, 2Gb)
Sushi: info  Loaded ihe.iti.mhd#4.2.0 with 65 resources                                              (00:00.037 / 00:04.514, 2Gb)
Sushi: info  Loaded hl7.fhir.r4.core#4.0.1 with 4581 resources                                       (00:00.839 / 00:05.354, 2Gb)
Sushi: info  Loaded virtual package sushi-local#LOCAL with 0 resources                               (00:00.003 / 00:05.357, 2Gb)
Sushi: info  Converting FSH to FHIR resources...                                                     (00:00.018 / 00:05.375, 2Gb)
Sushi: warn  The name "tddui-humanname" may not be suitable for machine processing applications such as code generation. Valid names start with an upper-case ASCII letter ('A'..'Z') followed by any combination of upper- or lower-case ASCII letters ('A'..'Z', and 'a'..'z'), numerals ('0'..'9') and '_', with a length limit of 255 characters. (00:00.026 / 00:05.401, 2Gb)
Sushi:   File: /tmp/ig-builds/ans.fhir.fr.tddui#2.1.0-milestone/input/fsh/DataType/tddui-human-name.fsh (00:00.001 / 00:05.403, 2Gb)
Sushi:   Line: 1 - 6                                                                                 (00:00.000 / 00:05.403, 2Gb)
Sushi: info  Converted 31 FHIR StructureDefinitions.                                                 (00:03.026 / 00:08.429, 2Gb)
Sushi: info  Converted 4 FHIR CodeSystems.                                                           (00:00.082 / 00:08.512, 2Gb)
Sushi: info  Converted 1 FHIR ValueSets.                                                             (00:00.025 / 00:08.537, 2Gb)
Sushi: info  Converted 23 FHIR instances.                                                            (00:06.123 / 00:14.661, 2Gb)
Sushi: info  Exporting FHIR resources as JSON...                                                     (00:00.055 / 00:14.716, 2Gb)
Sushi: info  Exported 59 FHIR resources as JSON.                                                     (00:00.111 / 00:14.828, 2Gb)
Sushi: info  Assembling Implementation Guide sources...                                              (00:00.002 / 00:14.830, 2Gb)
Sushi: info  Generated ImplementationGuide-ans.fhir.fr.tddui.json                                    (00:00.031 / 00:14.861, 2Gb)
Sushi: info  Assembled Implementation Guide sources; ready for IG Publisher.                         (00:00.000 / 00:14.862, 2Gb)
Sushi: ========================= SUSHI RESULTS ===========================                           (00:00.001 / 00:14.863, 2Gb)
Sushi: |  -------------------------------------------------------------  |                           (00:00.000 / 00:14.863, 2Gb)
Sushi: | |    Profiles   |  Extensions  |   Logicals   |   Resources   | |                           (00:00.000 / 00:14.864, 2Gb)
Sushi: | |-------------------------------------------------------------| |                           (00:00.000 / 00:14.864, 2Gb)
Sushi: | |      14       |      17      |      0       |       0       | |                           (00:00.000 / 00:14.865, 2Gb)
Sushi: |  -------------------------------------------------------------  |                           (00:00.000 / 00:14.865, 2Gb)
Sushi: |  -------------------------------------------------------------  |                           (00:00.000 / 00:14.866, 2Gb)
Sushi: | |      ValueSets     |    CodeSystems    |     Instances      | |                           (00:00.000 / 00:14.866, 2Gb)
Sushi: | |-------------------------------------------------------------| |                           (00:00.000 / 00:14.866, 2Gb)
Sushi: | |         1          |         4         |         23         | |                           (00:00.000 / 00:14.867, 2Gb)
Sushi: |  -------------------------------------------------------------  |                           (00:00.000 / 00:14.867, 2Gb)
Sushi: |                                                                 |                           (00:00.000 / 00:14.868, 2Gb)
Sushi: ===================================================================                           (00:00.000 / 00:14.868, 2Gb)
Sushi: | You should mullet over.                0 Errors       1 Warning |                           (00:00.000 / 00:14.869, 2Gb)
Sushi: ===================================================================                           (00:00.000 / 00:14.869, 2Gb)
Unable to load IG as an r5 IG - try R4 (property code is a class com.google.gson.JsonPrimitive looking for an object) (00:00.019 / 00:14.889, 2Gb)
Load Template from https://github.com/ansforge/IG-template                                           (00:00.017 / 00:14.906, 2Gb)
 Load Template from fhir.base.template#current                                                       (00:00.539 / 00:15.445, 2Gb)
Root directory: /tmp/ig-builds/ans.fhir.fr.tddui#2.1.0-milestone                                     (00:01.592 / 00:17.037, 2Gb)
Terminology Cache is at /tmp/ig-builds/ans.fhir.fr.tddui#2.1.0-milestone/input-cache/txcache. 12 files in cache (00:00.664 / 00:17.701, 2Gb)
Core Package hl7.fhir.r4.core#4.0.1
Running Terminology Log: /tmp/ohfu-fhir-ig-18298290567940061676.log
Connect to Terminology Server at http://tx.fhir.org                                                  (00:01.693 / 00:19.395, 2Gb)
Load Package hl7.fhir.pubpack#0.2.1
Load Package hl7.fhir.xver-extensions#0.1.0
Load Package hl7.terminology.r4#7.0.0
Load Package hl7.terminology.r4#6.0.2
Load Package hl7.fhir.uv.extensions.r4#5.1.0
Load Package ans.fr.nos#1.3.0
Load Package hl7.fhir.fr.core#2.1.0
Load Package hl7.fhir.uv.extensions.r4#5.2.0
Load Package hl7.terminology.r4#6.5.0
Load Package hl7.terminology.r4#5.0.0
Load Package fhir.dicom#2022.4.20221006
Load Package hl7.fhir.uv.ips#1.1.0
Load Package ans.fr.terminologies#1.4.0
Version mismatch. This IG is version 4.0.1, while the IG 'hl7.fhir.uv.extensions' is from version 5.0.0 (will try to run anyway) (00:06.071 / 00:25.466, 2Gb)
Ignore Dependency on Core FHIR hl7.fhir.r5.core#5.0.0, from package 'hl7.terminology.r5#6.2.0'       (00:00.087 / 00:25.554, 2Gb)
Load Package hl7.terminology.r5#6.2.0
Load Package hl7.fhir.uv.extensions#5.2.0
Load Package hl7.terminology.r4#4.0.0
Load Package ihe.iti.balp#1.1.1
Load Package ihe.formatcode.fhir#1.1.0
Load Package ihe.iti.mhd#4.2.0
Load Package hl7.fhir.uv.tools.r4#0.4.1
Load R5 Specials
Initialization complete                                                                              (00:05.619 / 00:31.174, 2Gb)
Load Content                                                                                         (00:00.000 / 00:31.174, 2Gb)
Using fr_FR as the default narrative language. (inferred from ImplementationGuide.jurisdiction=FR)   (00:00.015 / 00:31.189, 2Gb)
Process Loaded Resources                                                                             (00:01.057 / 00:32.247, 2Gb)
Generating Snapshots                                                                                 (00:00.441 / 00:32.688, 2Gb)
Unable to generate snapshot @3 for https://interop.esante.gouv.fr/ig/fhir/tddui/StructureDefinition/tddui-patient: Profile TDDUIPatient (https://interop.esante.gouv.fr/ig/fhir/tddui/StructureDefinition/tddui-patient), element StructureDefinition-tddui-patient.html. Error generating snapshot: Error sorting Differential: The element Patient.extension:birthPlace.value[x].extension:inseeCode @diff[2] is out of order (and maybe others after it)
Unable to generate snapshot @3 for https://interop.esante.gouv.fr/ig/fhir/tddui/StructureDefinition/tddui-patient-ins: Profile TDDUIPatientINS (https://interop.esante.gouv.fr/ig/fhir/tddui/StructureDefinition/tddui-patient-ins), element StructureDefinition-tddui-patient-ins.html. Error generating snapshot: Error sorting Differential: The element Patient.extension:birthPlace.value[x].extension:inseeCode @diff[2] is out of order (and maybe others after it)
loadPrePages from FetchedFile[/tmp/ig-builds/ans.fhir.fr.tddui#2.1.0-milestone/fsh-generated/includes] as /tmp/ig-builds/ans.fhir.fr.tddui#2.1.0-milestone/fsh-generated/includes
loadPrePages from FetchedFile[/tmp/ig-builds/ans.fhir.fr.tddui#2.1.0-milestone/input/data] as /tmp/ig-builds/ans.fhir.fr.tddui#2.1.0-milestone/input/data
loadPrePages from FetchedFile[/tmp/ig-builds/ans.fhir.fr.tddui#2.1.0-milestone/input/pagecontent] as /tmp/ig-builds/ans.fhir.fr.tddui#2.1.0-milestone/input/pagecontent
Fetch https://interop.esante.gouv.fr/ig/fhir/tddui/package-list.json for version check               (00:01.311 / 00:34.000, 2Gb)
Processing Conformance Resources                                                                     (00:00.707 / 00:34.707, 2Gb)
Checking Language                                                                                    (00:00.000 / 00:34.708, 2Gb)
Load Dependency Info                                                                                 (00:00.001 / 00:34.709, 2Gb)
Load Info                                                                                            (00:00.000 / 00:34.710, 2Gb)
Load Paths                                                                                           (00:00.000 / 00:34.711, 2Gb)
Check R4 / R4B                                                                                       (00:00.000 / 00:34.711, 2Gb)
Assign Comparison Ids                                                                                (00:00.015 / 00:34.727, 2Gb)
Propagating status                                                                                   (00:00.000 / 00:34.728, 2Gb)
Generating Narratives                                                                                (00:00.000 / 00:34.728, 2Gb)
Validating Conformance Resources                                                                     (00:02.892 / 00:37.621, 3Gb)
Check profiles & code systems                                                                        (00:28.843 / 01:06.465, 3Gb)
Check realm rules                                                                                    (00:00.003 / 01:06.468, 3Gb)
Previous Version Comparison                                                                          (00:00.000 / 01:06.469, 3Gb)
Validating Resources                                                                                 (00:00.019 / 01:06.488, 3Gb)
Processing Provenance Records                                                                        (00:02.464 / 01:08.953, 3Gb)
Generating Outputs in /tmp/ig-builds/ans.fhir.fr.tddui#2.1.0-milestone/output                        (00:00.000 / 01:08.954, 3Gb)
Generate Native Outputs                                                                              (00:00.071 / 01:09.025, 3Gb)
Run Template                                                                                         (00:06.352 / 01:15.378, 3Gb)
Generate HTML Outputs                                                                                (00:03.075 / 01:18.453, 3Gb)
Sending usage stats failed: Connection timed out
Generate Spreadsheets                                                                                (00:15.625 / 01:34.079, 3Gb)
Generate Summaries                                                                                   (00:03.574 / 01:37.654, 1Gb)
Generating Summary Outputs                                                                           (00:00.000 / 01:37.654, 1Gb)
ERROR: Unable to populate flag information
DB Cumulative Time invested: 00:00:00.215
Sending Usage Stats to Server                                                                        (00:10.255 / 01:47.910, 3Gb)
## Memory (MB): Use = 3301, Free = 698, Total = 4000, Max = 4000                                     (00:00.001 / 01:47.912, 3Gb)
Reclaiming memory...                                                                                 (00:00.000 / 01:47.913, 3Gb)
## Memory (MB): Use = 1495, Free = 2504, Total = 4000, Max = 4000                                    (00:00.795 / 01:48.708, 1Gb)
Run jekyll: jekyll build --destination "/tmp/ig-builds/ans.fhir.fr.tddui#2.1.0-milestone/output" (in folder /tmp/ig-builds/ans.fhir.fr.tddui#2.1.0-milestone/temp/pages) (00:00.001 / 01:48.710, 1Gb)
Troubleshooting Note: usual cases for Jekyll to fail are:                                            (00:00.001 / 01:48.712, 1Gb)
* A failure to produce a fragment that is already logged in the output above                         (00:00.001 / 01:48.713, 1Gb)
* A reference to a manually edited file that hasn't been provided                                    (00:00.000 / 01:48.714, 1Gb)
Jekyll: Source: /tmp/ig-builds/ans.fhir.fr.tddui#2.1.0-milestone/temp/pages                          (00:00.374 / 01:49.088, 1Gb)
Jekyll: Generating...                                                                                (00:00.000 / 01:49.089, 1Gb)
Jekyll: done in 3.05 seconds.                                                                        (00:03.049 / 01:52.139, 1Gb)

Installing ans.fhir.fr.tddui#2.1.0
Checking Output HTML                                                                                 (00:02.084 / 01:54.223, 2Gb)
found 1377 files                                                                                     (00:00.005 / 01:54.229, 2Gb)
........................................
........................................
  ... 1377 html files, 0 pages invalid xhtml (0%)                                                    (00:16.950 / 02:11.179, 1Gb)
  ... 433206 links, 0 broken links (0%)                                                              (00:00.000 / 02:11.180, 1Gb)
Generate fragment-usage-analysis.csv                                                                 (00:00.000 / 02:11.180, 1Gb)
Build final .zip                                                                                     (00:00.005 / 02:11.186, 1Gb)
Final .zip built                                                                                     (00:02.481 / 02:13.667, 1Gb)
Built. Times: loading: 00:03.532, generate: 01:45.340, narrative generation: 00:02.892, realm-rules: 00:00.000, previous-version: 00:00.000, jekyll: 00:03.454, validation: 00:31.161 (#60), template: 00:03.080 (#3) (00:06.381 / 02:20.048, 2Gb)
Generating QA                                                                                        (00:00.000 / 02:20.049, 2Gb)
Validation output in /tmp/ig-builds/ans.fhir.fr.tddui#2.1.0-milestone/output/qa.html
Errors: 107, Warnings: 72, Info: 87, Broken Links: 2 (00:03.504 / 02:23.554, 1Gb)
Finished. Max Memory Used = 3Gb. Log file saved in /tmp/fhir-ig-publisher-tmp.log                    (00:00.010 / 02:23.564, 1Gb)
Keep a copy of the build directory at /tmp/web-root/run-20251208/ig-build-zips/ans.fhir.fr.tddui#2.1.0.zip

ok. All checks passed. Publish v2.1.0 to /tmp/web-root/run-20251208/tddui/2.1.0
Copy the IG to /tmp/web-root/run-20251208/tddui/2.1.0
Update /tmp/web-root/run-20251208/tddui/package-list.json
Publish Box Statement: This page is part of the Médicosocial - Transfert de données DUI (v2.1.0: Release) based on <a no-external="true" href="http://hl7.org/fhir/R4">FHIR (HL7® FHIR® Standard) R4</a>. This is the current published version in its permanent home (it will always be available at this URL).  For a full list of available versions, see the <a no-external="true" href="https://interop.esante.gouv.fr/ig/fhir/tddui/history.html">Directory of published versions</a>
  .. 433 files checked, 433 updated
  .. 206 clones checked, 412 updated
  .. 60 redirections (60 created/updated)
This is a milestone release - publish v2.1.0 to /tmp/web-root/run-20251208/tddui
Update publish box for version 2.1.0-ballot @ https://interop.esante.gouv.fr/ig/fhir/tddui/2.1.0-ballot
Publish Box Statement: This page is part of the Médicosocial - Transfert de données DUI (v2.1.0-ballot: Release) based on <a no-external="true" href="http://hl7.org/fhir/R4">FHIR (HL7® FHIR® Standard) R4</a>. The current version which supersedes this version is <a no-external="true" href="https://interop.esante.gouv.fr/ig/fhir/tddui{{fn}}">2.1.0</a>.  For a full list of available versions, see the <a no-external="true" href="https://interop.esante.gouv.fr/ig/fhir/tddui/history.html">Directory of published versions</a>
  .. 433 files checked, 433 updated
  .. 160 clones checked, 0 updated
Building download for /tmp/web-root/run-20251208/tddui/2.1.0-ballot url = https://interop.esante.gouv.fr/ig/fhir/tddui/2.1.0-ballot, canonical = https://interop.esante.gouv.fr/ig/fhir/tddui
  .....................................................
 ..Finished
Update publish box for version 2.0.0 @ https://interop.esante.gouv.fr/ig/fhir/tddui/2.0.0
Publish Box Statement: This page is part of the Médicosocial - Transfert de données DUI (v2.0.0: Release) based on <a no-external="true" href="http://hl7.org/fhir/R4">FHIR (HL7® FHIR® Standard) R4</a>. The current version which supersedes this version is <a no-external="true" href="https://interop.esante.gouv.fr/ig/fhir/tddui{{fn}}">2.1.0</a>.  For a full list of available versions, see the <a no-external="true" href="https://interop.esante.gouv.fr/ig/fhir/tddui/history.html">Directory of published versions</a>
  .. 163 files checked, 163 updated
  .. 82 clones checked, 0 updated
Building download for /tmp/web-root/run-20251208/tddui/2.0.0 url = https://interop.esante.gouv.fr/ig/fhir/tddui/2.0.0, canonical = https://interop.esante.gouv.fr/ig/fhir/tddui
  ........................
 ..Finished
Update publish box for version 2.0.0-ballot @ https://interop.esante.gouv.fr/ig/fhir/tddui/2.0.0-ballot
Publish Box Statement: This page is part of the Médicosocial - Transfert de données DUI (v2.0.0-ballot: Release) based on <a no-external="true" href="http://hl7.org/fhir/R4">FHIR (HL7® FHIR® Standard) R4</a>. The current version which supersedes this version is <a no-external="true" href="https://interop.esante.gouv.fr/ig/fhir/tddui{{fn}}">2.1.0</a>.  For a full list of available versions, see the <a no-external="true" href="https://interop.esante.gouv.fr/ig/fhir/tddui/history.html">Directory of published versions</a>
  .. 163 files checked, 163 updated
  .. 52 clones checked, 0 updated
Update publish box for version 1.1.0 @ https://interop.esante.gouv.fr/ig/fhir/tddui/1.1.0
Publish Box Statement: This page is part of the Médicosocial - Transfert de données DUI (v1.1.0: Release) based on <a no-external="true" href="http://hl7.org/fhir/R4">FHIR (HL7® FHIR® Standard) R4</a>. The current version which supersedes this version is <a no-external="true" href="https://interop.esante.gouv.fr/ig/fhir/tddui{{fn}}">2.1.0</a>.  For a full list of available versions, see the <a no-external="true" href="https://interop.esante.gouv.fr/ig/fhir/tddui/history.html">Directory of published versions</a>
no html insert in /tmp/web-root/run-20251208/tddui/1.1.0/cda/voc-1.2.250.1.213.1.1.5.808-2024-09-18T000000.html
no html insert in /tmp/web-root/run-20251208/tddui/1.1.0/cda/tmp-1.2.250.1.213.1.1.3.48.18-2024-11-14T165825.html
no html insert in /tmp/web-root/run-20251208/tddui/1.1.0/cda/voc-1.2.250.1.213.3.3.252-2024-10-25T120000.html
no html insert in /tmp/web-root/run-20251208/tddui/1.1.0/cda/tmp-1.2.250.1.213.1.1.1.58-2025-01-21T160337.html
no html insert in /tmp/web-root/run-20251208/tddui/1.1.0/cda/tmp-1.2.250.1.213.1.1.3.218-2024-09-17T165718.html
no html insert in /tmp/web-root/run-20251208/tddui/1.1.0/cda/tmp-1.2.250.1.213.1.1.1.1.10.4-2024-11-20T161310.html
no html insert in /tmp/web-root/run-20251208/tddui/1.1.0/cda/voc-1.2.250.1.213.3.3.16-2016-09-01T000000.html
no html insert in /tmp/web-root/run-20251208/tddui/1.1.0/cda/voc-1.2.250.1.213.1.1.5.590-2021-03-26T120000.html
no html insert in /tmp/web-root/run-20251208/tddui/1.1.0/cda/tmp-1.2.250.1.213.1.1.3.18-2024-10-29T143105.html
no html insert in /tmp/web-root/run-20251208/tddui/1.1.0/cda/voc-1.2.250.1.213.3.3.251-2024-10-25T120000.html
no html insert in /tmp/web-root/run-20251208/tddui/1.1.0/cda/voc-1.2.250.1.213.1.1.5.809-2024-09-18T000000.html
no html insert in /tmp/web-root/run-20251208/tddui/1.1.0/cda/tmp-1.2.250.1.213.1.1.3.32-2024-10-29T142132.html
no html insert in /tmp/web-root/run-20251208/tddui/1.1.0/cda/tmp-1.2.250.1.213.1.1.1.1.10.13-2023-12-15T171555.html
no html insert in /tmp/web-root/run-20251208/tddui/1.1.0/cda/voc-1.2.250.1.213.1.1.5.73-2010-01-01T000000.html
no html insert in /tmp/web-root/run-20251208/tddui/1.1.0/cda/voc-1.2.250.1.213.1.1.5.802-2024-09-06T000000.html
no html insert in /tmp/web-root/run-20251208/tddui/1.1.0/cda/voc-1.2.250.1.213.1.1.5.124-2018-03-30T120000.html
no html insert in /tmp/web-root/run-20251208/tddui/1.1.0/cda/voc-2.16.840.1.113883.1.11.10228-2014-03-26T000000.html
no html insert in /tmp/web-root/run-20251208/tddui/1.1.0/cda/tmp-1.2.250.1.213.1.1.3.48-2024-10-29T154828.html
no html insert in /tmp/web-root/run-20251208/tddui/1.1.0/cda/voc-2.16.840.1.113883.1.11.10901-2014-03-26T000000.html
no html insert in /tmp/web-root/run-20251208/tddui/1.1.0/cda/tmp-1.2.250.1.213.1.1.1.1.10.17-2024-02-20T154733.html
no html insert in /tmp/web-root/run-20251208/tddui/1.1.0/cda/voc-2.16.840.1.113883.1.11.15933-2014-03-26T000000.html
no html insert in /tmp/web-root/run-20251208/tddui/1.1.0/cda/tmp-1.2.250.1.213.1.1.1.1.10.7-2024-09-27T104314.html
no html insert in /tmp/web-root/run-20251208/tddui/1.1.0/cda/voc-1.2.250.1.213.1.1.5.466-2014-10-08T000000.html
no html insert in /tmp/web-root/run-20251208/tddui/1.1.0/cda/voc-1.2.250.1.213.1.1.5.804-2024-09-06T000000.html
no html insert in /tmp/web-root/run-20251208/tddui/1.1.0/cda/tmp-1.2.250.1.213.1.1.2.249-2024-09-18T104731.html
no html insert in /tmp/web-root/run-20251208/tddui/1.1.0/cda/tmp-1.2.250.1.213.1.1.3.94-2024-10-29T152810.html
no html insert in /tmp/web-root/run-20251208/tddui/1.1.0/cda/voc-1.2.250.1.213.1.1.5.126-2010-01-01T000000.html
no html insert in /tmp/web-root/run-20251208/tddui/1.1.0/cda/tmp-1.2.250.1.213.1.1.3.217-2024-09-06T142804.html
no html insert in /tmp/web-root/run-20251208/tddui/1.1.0/cda/voc-1.2.250.1.213.1.1.5.53-2010-01-01T000000.html
no html insert in /tmp/web-root/run-20251208/tddui/1.1.0/cda/voc-1.2.250.1.213.1.1.5.467-2010-11-04T000000.html
no html insert in /tmp/web-root/run-20251208/tddui/1.1.0/cda/voc-1.2.250.1.213.1.1.5.801-2024-09-02T000000.html
no html insert in /tmp/web-root/run-20251208/tddui/1.1.0/cda/tmp-1.2.250.1.213.1.1.3.61-2024-10-29T142700.html
no html insert in /tmp/web-root/run-20251208/tddui/1.1.0/cda/tmp-1.2.250.1.213.1.1.3.214-2024-11-19T121425.html
no html insert in /tmp/web-root/run-20251208/tddui/1.1.0/cda/tmp-1.2.250.1.213.1.1.1.1.10.16-2023-12-15T170436.html
no html insert in /tmp/web-root/run-20251208/tddui/1.1.0/cda/voc-1.2.250.1.213.1.1.5.528-2021-01-29T120000.html
no html insert in /tmp/web-root/run-20251208/tddui/1.1.0/cda/voc-1.2.250.1.213.1.1.1.58.2024.11.2-2024-09-30T145837.html
no html insert in /tmp/web-root/run-20251208/tddui/1.1.0/cda/voc-1.2.250.1.213.1.1.5.803-2024-09-06T000000.html
no html insert in /tmp/web-root/run-20251208/tddui/1.1.0/cda/tmp-1.2.250.1.213.1.1.3.48.7-2024-10-21T174323.html
no html insert in /tmp/web-root/run-20251208/tddui/1.1.0/cda/tmp-1.2.250.1.213.1.1.3.219-2024-10-17T211142.html
no html insert in /tmp/web-root/run-20251208/tddui/1.1.0/cda/tmp-1.2.250.1.213.1.1.3.216-2024-12-19T141744.html
no html insert in /tmp/web-root/run-20251208/tddui/1.1.0/cda/tmp-1.2.250.1.213.1.1.1.1.10.14-2023-12-15T163609.html
no html insert in /tmp/web-root/run-20251208/tddui/1.1.0/cda/voc-1.2.250.1.213.1.1.5.807-2024-09-18T000000.html
no html insert in /tmp/web-root/run-20251208/tddui/1.1.0/cda/voc-1.2.250.1.213.1.1.1.58.2024.11.1-2024-09-30T145433.html
no html insert in /tmp/web-root/run-20251208/tddui/1.1.0/cda/tmp-1.2.250.1.213.1.1.2.248-2024-09-06T174901.html
no html insert in /tmp/web-root/run-20251208/tddui/1.1.0/cda/tmp-1.2.250.1.213.1.1.3.48.6-2024-10-29T152050.html
no html insert in /tmp/web-root/run-20251208/tddui/1.1.0/cda/voc-1.2.250.1.213.1.1.5.718-2023-03-31T120000.html
no html insert in /tmp/web-root/run-20251208/tddui/1.1.0/cda/voc-1.2.250.1.213.1.1.5.461-2012-11-12T000000.html
no html insert in /tmp/web-root/run-20251208/tddui/1.1.0/cda/tmp-1.2.250.1.213.1.1.1.1.10.25-2024-09-30T105040.html
no html insert in /tmp/web-root/run-20251208/tddui/1.1.0/cda/voc-1.2.250.1.213.1.1.5.816-2024-12-19T000000.html
no html insert in /tmp/web-root/run-20251208/tddui/1.1.0/cda/voc-1.2.250.1.213.1.1.5.588-2021-03-26T120000.html
no html insert in /tmp/web-root/run-20251208/tddui/1.1.0/cda/tmp-1.2.250.1.213.1.1.1.1.10.12-2024-09-10T104919.html
no html insert in /tmp/web-root/run-20251208/tddui/1.1.0/cda/terminology.html
no html insert in /tmp/web-root/run-20251208/tddui/1.1.0/cda/tmp-1.2.250.1.213.1.1.1.99.99.10.85-2024-10-31T171901.html
no html insert in /tmp/web-root/run-20251208/tddui/1.1.0/cda/voc-1.2.250.1.213.1.1.5.591-2021-03-26T120000.html
no html insert in /tmp/web-root/run-20251208/tddui/1.1.0/cda/voc-1.2.250.1.213.3.3.253-2024-10-25T120000.html
no html insert in /tmp/web-root/run-20251208/tddui/1.1.0/cda/tmp-1.2.250.1.213.1.1.1.1.10.5-2017-12-11T145049.html
no html insert in /tmp/web-root/run-20251208/tddui/1.1.0/cda/voc-1.2.250.1.213.1.1.5.125-2010-01-01T000000.html
no html insert in /tmp/web-root/run-20251208/tddui/1.1.0/cda/tmp-1.2.250.1.213.1.1.1.1.10.6-2024-10-11T151018.html
no html insert in /tmp/web-root/run-20251208/tddui/1.1.0/cda/tmp-1.2.250.1.213.1.1.1.1.10.2-2024-12-20T130919.html
no html insert in /tmp/web-root/run-20251208/tddui/1.1.0/cda/tmp-1.2.250.1.213.1.1.1.1.10.9-2023-12-14T150730.html
no html insert in /tmp/web-root/run-20251208/tddui/1.1.0/cda/tmp-1.2.250.1.213.1.1.1.1.10.3-2024-04-29T110947.html
no html insert in /tmp/web-root/run-20251208/tddui/1.1.0/cda/voc-1.2.250.1.213.3.3.254-2024-10-25T120000.html
no html insert in /tmp/web-root/run-20251208/tddui/1.1.0/cda/voc-1.2.250.1.213.1.1.5.811-2024-09-24T000000.html
no html insert in /tmp/web-root/run-20251208/tddui/1.1.0/cda/tmp-1.2.250.1.213.1.1.2.246-2024-10-21T160707.html
no html insert in /tmp/web-root/run-20251208/tddui/1.1.0/cda/tmp-1.2.250.1.213.1.1.3.215-2024-10-18T170010.html
no html insert in /tmp/web-root/run-20251208/tddui/1.1.0/cda/tmp-1.2.250.1.213.1.1.3.95-2024-10-16T152305.html
no html insert in /tmp/web-root/run-20251208/tddui/1.1.0/cda/voc-1.2.250.1.213.1.1.5.140-2010-01-01T000000.html
no html insert in /tmp/web-root/run-20251208/tddui/1.1.0/cda/tmp-1.2.250.1.213.1.1.3.36-2024-11-14T144916.html
no html insert in /tmp/web-root/run-20251208/tddui/1.1.0/cda/voc-1.2.250.1.213.1.1.5.805-2025-01-15T171230.html
no html insert in /tmp/web-root/run-20251208/tddui/1.1.0/cda/tmp-1.2.250.1.213.1.1.1.1.10.15-2023-12-15T171349.html
no html insert in /tmp/web-root/run-20251208/tddui/1.1.0/cda/voc-1.2.250.1.213.1.1.5.817-2024-12-19T000000.html
no html insert in /tmp/web-root/run-20251208/tddui/1.1.0/cda/voc-1.2.250.1.213.1.1.5.589-2021-03-26T120000.html
no html insert in /tmp/web-root/run-20251208/tddui/1.1.0/cda/tmp-1.2.250.1.213.1.1.3.109-2024-11-20T154401.html
no html insert in /tmp/web-root/run-20251208/tddui/1.1.0/cda/tmp-1.2.250.1.213.1.1.3.25-2024-10-21T164618.html
no html insert in /tmp/web-root/run-20251208/tddui/1.1.0/cda/tmp-1.2.250.1.213.1.1.1.1.10.11-2024-10-22T162900.html
no html insert in /tmp/web-root/run-20251208/tddui/1.1.0/cda/voc-1.2.250.1.213.1.1.5.719-2023-03-31T120000.html
no html insert in /tmp/web-root/run-20251208/tddui/1.1.0/cda/voc-1.2.250.1.213.1.6.1.168-2019-08-30T120000.html
no html insert in /tmp/web-root/run-20251208/tddui/1.1.0/cda/voc-1.2.250.1.213.3.4.219-2024-09-27T120000.html
no html insert in /tmp/web-root/run-20251208/tddui/1.1.0/cda/voc-1.2.250.1.213.1.1.5.806-2025-01-15T171206.html
no html insert in /tmp/web-root/run-20251208/tddui/1.1.0/cda/tmp-1.2.250.1.213.1.1.1.1.10.10-2024-12-03T172030.html
no html insert in /tmp/web-root/run-20251208/tddui/1.1.0/cda/tmp-1.2.250.1.213.1.1.1.1.10.19-2020-02-06T100000.html
no html insert in /tmp/web-root/run-20251208/tddui/1.1.0/cda/voc-1.2.250.1.213.1.1.1.58.2024.11.3-2024-09-30T150022.html
no html insert in /tmp/web-root/run-20251208/tddui/1.1.0/cda/tmp-1.2.250.1.213.1.1.3.24-2024-09-10T092953.html
no html insert in /tmp/web-root/run-20251208/tddui/1.1.0/cda/voc-1.2.250.1.213.3.4.218-2023-12-15T120000.html
no html insert in /tmp/web-root/run-20251208/tddui/1.1.0/cda/tmp-1.2.250.1.213.1.1.2.79-2024-10-29T140733.html
no html insert in /tmp/web-root/run-20251208/tddui/1.1.0/cda/tmp-1.2.250.1.213.1.1.1.1.10.18-2024-04-22T162929.html
no html insert in /tmp/web-root/run-20251208/tddui/1.1.0/cda/tmp-1.2.250.1.213.1.1.2.37-2024-10-29T141153.html
no html insert in /tmp/web-root/run-20251208/tddui/1.1.0/cda/tmp-1.2.250.1.213.1.1.3.220-2024-11-19T102244.html
  .. 81 files checked, 81 updated
  .. 27 clones checked, 0 updated
Update publish box for version 1.1.0-ballot @ https://interop.esante.gouv.fr/ig/fhir/tddui/1.1.0-ballot
Publish Box Statement: This page is part of the Médicosocial - Transfert de données DUI (v1.1.0-ballot: Release) based on <a no-external="true" href="http://hl7.org/fhir/R4">FHIR (HL7® FHIR® Standard) R4</a>. The current version which supersedes this version is <a no-external="true" href="https://interop.esante.gouv.fr/ig/fhir/tddui{{fn}}">2.1.0</a>.  For a full list of available versions, see the <a no-external="true" href="https://interop.esante.gouv.fr/ig/fhir/tddui/history.html">Directory of published versions</a>
no html insert in /tmp/web-root/run-20251208/tddui/1.1.0-ballot/cda/TDDUI-html/tmp-1.2.250.1.213.1.1.3.36-2024-10-29T154421.html
no html insert in /tmp/web-root/run-20251208/tddui/1.1.0-ballot/cda/TDDUI-html/tmp-1.2.250.1.213.1.1.3.109-2024-06-14T153411.html
no html insert in /tmp/web-root/run-20251208/tddui/1.1.0-ballot/cda/TDDUI-html/voc-1.2.250.1.213.1.1.5.808-2024-09-18T000000.html
no html insert in /tmp/web-root/run-20251208/tddui/1.1.0-ballot/cda/TDDUI-html/tmp-1.2.250.1.213.1.1.3.218-2024-09-17T165718.html
no html insert in /tmp/web-root/run-20251208/tddui/1.1.0-ballot/cda/TDDUI-html/voc-1.2.250.1.213.3.3.16-2016-09-01T000000.html
no html insert in /tmp/web-root/run-20251208/tddui/1.1.0-ballot/cda/TDDUI-html/voc-1.2.250.1.213.1.1.5.590-2021-03-26T120000.html
no html insert in /tmp/web-root/run-20251208/tddui/1.1.0-ballot/cda/TDDUI-html/tmp-1.2.250.1.213.1.1.3.18-2024-10-29T143105.html
no html insert in /tmp/web-root/run-20251208/tddui/1.1.0-ballot/cda/TDDUI-html/voc-1.2.250.1.213.1.1.5.809-2024-09-18T000000.html
no html insert in /tmp/web-root/run-20251208/tddui/1.1.0-ballot/cda/TDDUI-html/tmp-1.2.250.1.213.1.1.3.32-2024-10-29T142132.html
no html insert in /tmp/web-root/run-20251208/tddui/1.1.0-ballot/cda/TDDUI-html/tmp-1.2.250.1.213.1.1.1.1.10.13-2023-12-15T171555.html
no html insert in /tmp/web-root/run-20251208/tddui/1.1.0-ballot/cda/TDDUI-html/voc-1.2.250.1.213.1.1.5.73-2010-01-01T000000.html
no html insert in /tmp/web-root/run-20251208/tddui/1.1.0-ballot/cda/TDDUI-html/voc-1.2.250.1.213.1.1.5.802-2024-09-06T000000.html
no html insert in /tmp/web-root/run-20251208/tddui/1.1.0-ballot/cda/TDDUI-html/voc-1.2.250.1.213.1.1.5.124-2018-03-30T120000.html
no html insert in /tmp/web-root/run-20251208/tddui/1.1.0-ballot/cda/TDDUI-html/voc-2.16.840.1.113883.1.11.10228-2014-03-26T000000.html
no html insert in /tmp/web-root/run-20251208/tddui/1.1.0-ballot/cda/TDDUI-html/tmp-1.2.250.1.213.1.1.3.48-2024-10-29T154828.html
no html insert in /tmp/web-root/run-20251208/tddui/1.1.0-ballot/cda/TDDUI-html/voc-2.16.840.1.113883.1.11.10901-2014-03-26T000000.html
no html insert in /tmp/web-root/run-20251208/tddui/1.1.0-ballot/cda/TDDUI-html/tmp-1.2.250.1.213.1.1.1.1.10.17-2024-02-20T154733.html
no html insert in /tmp/web-root/run-20251208/tddui/1.1.0-ballot/cda/TDDUI-html/voc-2.16.840.1.113883.1.11.15933-2014-03-26T000000.html
no html insert in /tmp/web-root/run-20251208/tddui/1.1.0-ballot/cda/TDDUI-html/tmp-1.2.250.1.213.1.1.1.1.10.7-2024-09-27T104314.html
no html insert in /tmp/web-root/run-20251208/tddui/1.1.0-ballot/cda/TDDUI-html/voc-1.2.250.1.213.1.1.5.804-2024-09-06T000000.html
no html insert in /tmp/web-root/run-20251208/tddui/1.1.0-ballot/cda/TDDUI-html/tmp-1.2.250.1.213.1.1.2.249-2024-09-18T104731.html
no html insert in /tmp/web-root/run-20251208/tddui/1.1.0-ballot/cda/TDDUI-html/tmp-1.2.250.1.213.1.1.3.94-2024-10-29T152810.html
no html insert in /tmp/web-root/run-20251208/tddui/1.1.0-ballot/cda/TDDUI-html/voc-1.2.250.1.213.1.1.5.466-2024-10-31T144004.html
no html insert in /tmp/web-root/run-20251208/tddui/1.1.0-ballot/cda/TDDUI-html/tmp-1.2.250.1.213.1.1.3.216-2024-10-18T100433.html
no html insert in /tmp/web-root/run-20251208/tddui/1.1.0-ballot/cda/TDDUI-html/voc-1.2.250.1.213.1.1.5.126-2010-01-01T000000.html
no html insert in /tmp/web-root/run-20251208/tddui/1.1.0-ballot/cda/TDDUI-html/tmp-1.2.250.1.213.1.1.1.99.99.10.85-2023-10-13T105059.html
no html insert in /tmp/web-root/run-20251208/tddui/1.1.0-ballot/cda/TDDUI-html/tmp-1.2.250.1.213.1.1.3.217-2024-09-06T142804.html
no html insert in /tmp/web-root/run-20251208/tddui/1.1.0-ballot/cda/TDDUI-html/voc-1.2.250.1.213.1.1.5.53-2010-01-01T000000.html
no html insert in /tmp/web-root/run-20251208/tddui/1.1.0-ballot/cda/TDDUI-html/voc-1.2.250.1.213.1.1.5.467-2010-11-04T000000.html
no html insert in /tmp/web-root/run-20251208/tddui/1.1.0-ballot/cda/TDDUI-html/voc-1.2.250.1.213.1.1.5.801-2024-09-02T000000.html
no html insert in /tmp/web-root/run-20251208/tddui/1.1.0-ballot/cda/TDDUI-html/tmp-1.2.250.1.213.1.1.3.61-2024-10-29T142700.html
no html insert in /tmp/web-root/run-20251208/tddui/1.1.0-ballot/cda/TDDUI-html/tmp-1.2.250.1.213.1.1.3.214-2024-10-21T172216.html
no html insert in /tmp/web-root/run-20251208/tddui/1.1.0-ballot/cda/TDDUI-html/tmp-1.2.250.1.213.1.1.1.1.10.16-2023-12-15T170436.html
no html insert in /tmp/web-root/run-20251208/tddui/1.1.0-ballot/cda/TDDUI-html/voc-1.2.250.1.213.1.1.5.528-2021-01-29T120000.html
no html insert in /tmp/web-root/run-20251208/tddui/1.1.0-ballot/cda/TDDUI-html/voc-1.2.250.1.213.1.1.1.58.2024.11.2-2024-09-30T145837.html
no html insert in /tmp/web-root/run-20251208/tddui/1.1.0-ballot/cda/TDDUI-html/voc-1.2.250.1.213.1.1.5.803-2024-09-06T000000.html
no html insert in /tmp/web-root/run-20251208/tddui/1.1.0-ballot/cda/TDDUI-html/tmp-1.2.250.1.213.1.1.3.48.7-2024-10-21T174323.html
no html insert in /tmp/web-root/run-20251208/tddui/1.1.0-ballot/cda/TDDUI-html/tmp-1.2.250.1.213.1.1.3.219-2024-10-17T211142.html
no html insert in /tmp/web-root/run-20251208/tddui/1.1.0-ballot/cda/TDDUI-html/tmp-1.2.250.1.213.1.1.1.1.10.14-2023-12-15T163609.html
no html insert in /tmp/web-root/run-20251208/tddui/1.1.0-ballot/cda/TDDUI-html/voc-1.2.250.1.213.1.1.5.807-2024-09-18T000000.html
no html insert in /tmp/web-root/run-20251208/tddui/1.1.0-ballot/cda/TDDUI-html/voc-1.2.250.1.213.1.1.1.58.2024.11.1-2024-09-30T145433.html
no html insert in /tmp/web-root/run-20251208/tddui/1.1.0-ballot/cda/TDDUI-html/tmp-1.2.250.1.213.1.1.2.248-2024-09-06T174901.html
no html insert in /tmp/web-root/run-20251208/tddui/1.1.0-ballot/cda/TDDUI-html/tmp-1.2.250.1.213.1.1.3.48.6-2024-10-29T152050.html
no html insert in /tmp/web-root/run-20251208/tddui/1.1.0-ballot/cda/TDDUI-html/voc-1.2.250.1.213.1.1.5.718-2023-03-31T120000.html
no html insert in /tmp/web-root/run-20251208/tddui/1.1.0-ballot/cda/TDDUI-html/voc-1.2.250.1.213.1.1.5.461-2012-11-12T000000.html
no html insert in /tmp/web-root/run-20251208/tddui/1.1.0-ballot/cda/TDDUI-html/tmp-1.2.250.1.213.1.1.1.1.10.25-2024-09-30T105040.html
no html insert in /tmp/web-root/run-20251208/tddui/1.1.0-ballot/cda/TDDUI-html/voc-1.2.250.1.213.1.1.5.588-2021-03-26T120000.html
no html insert in /tmp/web-root/run-20251208/tddui/1.1.0-ballot/cda/TDDUI-html/tmp-1.2.250.1.213.1.1.1.1.10.12-2024-09-10T104919.html
no html insert in /tmp/web-root/run-20251208/tddui/1.1.0-ballot/cda/TDDUI-html/terminology.html
no html insert in /tmp/web-root/run-20251208/tddui/1.1.0-ballot/cda/TDDUI-html/voc-1.2.250.1.213.1.1.5.591-2021-03-26T120000.html
no html insert in /tmp/web-root/run-20251208/tddui/1.1.0-ballot/cda/TDDUI-html/tmp-1.2.250.1.213.1.1.1.1.10.5-2017-12-11T145049.html
no html insert in /tmp/web-root/run-20251208/tddui/1.1.0-ballot/cda/TDDUI-html/voc-1.2.250.1.213.1.1.5.125-2010-01-01T000000.html
no html insert in /tmp/web-root/run-20251208/tddui/1.1.0-ballot/cda/TDDUI-html/tmp-1.2.250.1.213.1.1.1.1.10.6-2024-10-11T151018.html
no html insert in /tmp/web-root/run-20251208/tddui/1.1.0-ballot/cda/TDDUI-html/tmp-1.2.250.1.213.1.1.1.1.10.9-2023-12-14T150730.html
no html insert in /tmp/web-root/run-20251208/tddui/1.1.0-ballot/cda/TDDUI-html/tmp-1.2.250.1.213.1.1.1.1.10.4-2023-12-15T171243.html
no html insert in /tmp/web-root/run-20251208/tddui/1.1.0-ballot/cda/TDDUI-html/tmp-1.2.250.1.213.1.1.1.1.10.3-2024-04-29T110947.html
no html insert in /tmp/web-root/run-20251208/tddui/1.1.0-ballot/cda/TDDUI-html/tmp-1.2.250.1.213.1.1.1.1.10.10-2023-12-15T171520.html
no html insert in /tmp/web-root/run-20251208/tddui/1.1.0-ballot/cda/TDDUI-html/voc-1.2.250.1.213.1.1.5.811-2024-09-24T000000.html
no html insert in /tmp/web-root/run-20251208/tddui/1.1.0-ballot/cda/TDDUI-html/tmp-1.2.250.1.213.1.1.2.246-2024-10-21T160707.html
no html insert in /tmp/web-root/run-20251208/tddui/1.1.0-ballot/cda/TDDUI-html/tmp-1.2.250.1.213.1.1.3.215-2024-10-18T170010.html
no html insert in /tmp/web-root/run-20251208/tddui/1.1.0-ballot/cda/TDDUI-html/tmp-1.2.250.1.213.1.1.3.95-2024-10-16T152305.html
no html insert in /tmp/web-root/run-20251208/tddui/1.1.0-ballot/cda/TDDUI-html/voc-1.2.250.1.213.1.1.5.140-2010-01-01T000000.html
no html insert in /tmp/web-root/run-20251208/tddui/1.1.0-ballot/cda/TDDUI-html/tmp-1.2.250.1.213.1.1.1.1.10.2-2023-12-15T171133.html
no html insert in /tmp/web-root/run-20251208/tddui/1.1.0-ballot/cda/TDDUI-html/tmp-1.2.250.1.213.1.1.1.1.10.15-2023-12-15T171349.html
no html insert in /tmp/web-root/run-20251208/tddui/1.1.0-ballot/cda/TDDUI-html/voc-1.2.250.1.213.1.1.5.589-2021-03-26T120000.html
no html insert in /tmp/web-root/run-20251208/tddui/1.1.0-ballot/cda/TDDUI-html/tmp-1.2.250.1.213.1.1.3.25-2024-10-21T164618.html
no html insert in /tmp/web-root/run-20251208/tddui/1.1.0-ballot/cda/TDDUI-html/tmp-1.2.250.1.213.1.1.1.1.10.11-2024-10-22T162900.html
no html insert in /tmp/web-root/run-20251208/tddui/1.1.0-ballot/cda/TDDUI-html/tmp-1.2.250.1.213.1.1.1.58-2024-07-04T090407.html
no html insert in /tmp/web-root/run-20251208/tddui/1.1.0-ballot/cda/TDDUI-html/voc-1.2.250.1.213.1.1.5.719-2023-03-31T120000.html
no html insert in /tmp/web-root/run-20251208/tddui/1.1.0-ballot/cda/TDDUI-html/voc-1.2.250.1.213.1.6.1.168-2019-08-30T120000.html
no html insert in /tmp/web-root/run-20251208/tddui/1.1.0-ballot/cda/TDDUI-html/voc-1.2.250.1.213.3.4.219-2024-09-27T120000.html
no html insert in /tmp/web-root/run-20251208/tddui/1.1.0-ballot/cda/TDDUI-html/tmp-1.2.250.1.213.1.1.3.48.18-2024-09-17T093403.html
no html insert in /tmp/web-root/run-20251208/tddui/1.1.0-ballot/cda/TDDUI-html/tmp-1.2.250.1.213.1.1.1.1.10.19-2020-02-06T100000.html
no html insert in /tmp/web-root/run-20251208/tddui/1.1.0-ballot/cda/TDDUI-html/voc-1.2.250.1.213.1.1.1.58.2024.11.3-2024-09-30T150022.html
no html insert in /tmp/web-root/run-20251208/tddui/1.1.0-ballot/cda/TDDUI-html/tmp-1.2.250.1.213.1.1.3.24-2024-09-10T092953.html
no html insert in /tmp/web-root/run-20251208/tddui/1.1.0-ballot/cda/TDDUI-html/tmp-1.2.250.1.213.1.1.2.79-2024-10-29T140733.html
no html insert in /tmp/web-root/run-20251208/tddui/1.1.0-ballot/cda/TDDUI-html/tmp-1.2.250.1.213.1.1.1.1.10.18-2024-04-22T162929.html
no html insert in /tmp/web-root/run-20251208/tddui/1.1.0-ballot/cda/TDDUI-html/tmp-1.2.250.1.213.1.1.2.37-2024-10-29T141153.html
  .. 74 files checked, 74 updated
  .. 47 clones checked, 0 updated
Update publish box for version 1.0.1 @ https://interop.esante.gouv.fr/ig/fhir/tddui/1.0.1
Publish Box Statement: This page is part of the Médicosocial - Transfert de données DUI (v1.0.1: Release) based on <a no-external="true" href="http://hl7.org/fhir/R4">FHIR (HL7® FHIR® Standard) R4</a>. The current version which supersedes this version is <a no-external="true" href="https://interop.esante.gouv.fr/ig/fhir/tddui{{fn}}">2.1.0</a>.  For a full list of available versions, see the <a no-external="true" href="https://interop.esante.gouv.fr/ig/fhir/tddui/history.html">Directory of published versions</a>
  .. 49 files checked, 49 updated
  .. 22 clones checked, 0 updated
Update publish box for version 1.0.1-ballot @ https://interop.esante.gouv.fr/ig/fhir/tddui/1.0.1-ballot
Publish Box Statement: This page is part of the Médicosocial - Transfert de données DUI (v1.0.1-ballot: Release) based on <a no-external="true" href="http://hl7.org/fhir/R4">FHIR (HL7® FHIR® Standard) R4</a>. The current version which supersedes this version is <a no-external="true" href="https://interop.esante.gouv.fr/ig/fhir/tddui{{fn}}">2.1.0</a>.  For a full list of available versions, see the <a no-external="true" href="https://interop.esante.gouv.fr/ig/fhir/tddui/history.html">Directory of published versions</a>
  .. 49 files checked, 49 updated
  .. 14 clones checked, 0 updated
Publish Box Statement: This page is part of the Médicosocial - Transfert de données DUI (v2.1.0: Release) based on <a no-external="true" href="http://hl7.org/fhir/R4">FHIR (HL7® FHIR® Standard) R4</a>. This is the current published version.  For a full list of available versions, see the <a no-external="true" href="https://interop.esante.gouv.fr/ig/fhir/tddui/history.html">Directory of published versions</a>
  .. 433 files checked, 433 updated
  .. 123 clones checked, 246 updated
  .. 60 redirections (60 created/updated)
Check for Files to delete
  ... 0 files
Copy to new IG /tmp/web-root/run-20251208/tddui
ans.fhir.fr.tddui (https://interop.esante.gouv.fr/ig/fhir/tddui): Médicosocial - Transfert de données DUI @ https://ansforge.github.io/IG-fhir-medicosocial-transfert-donnees-dui/ig/main
  release: trial-implementation 2.1.0/4.0.1 @ https://interop.esante.gouv.fr/ig/fhir/tddui/2.1.0
Build is complete. Copy from /tmp/web-root/run-20251208
Update history page at /tmp/web-root/run-20251208/tddui from /home/runner/work/IG-fhir-medicosocial-transfert-donnees-dui/IG-fhir-medicosocial-transfert-donnees-dui/./IG-website-release/fhir-ig-history-template and ./IG-website-release/templates
