FHIR IG Publisher Version 1.6.10 (Git# 662296255466). Built 2024-05-26T00:05:39.6Z (10 days old)
Detected Java version: 17.0.10 from /opt/hostedtoolcache/Java_Microsoft_jdk/17.0.10/x64 on amd64 (64bit). 3996MB available
dir = /home/runner/work/IG-fhir-mesures-de-sante/IG-fhir-mesures-de-sante, path = /opt/hostedtoolcache/Ruby/3.3.2/x64/bin:/usr/share/dotnet:/opt/hostedtoolcache/node/20.13.1/x64/bin:/opt/hostedtoolcache/Java_Microsoft_jdk/17.0.10/x64/bin:/snap/bin:/home/runner/.local/bin:/opt/pipx_bin:/home/runner/.cargo/bin:/home/runner/.config/composer/vendor/bin:/usr/local/.ghcup/bin:/home/runner/.dotnet/tools:/usr/local/sbin:/usr/local/bin:/usr/sbin:/usr/bin:/sbin:/bin:/usr/games:/usr/local/games:/snap/bin
Parameters: -go-publish -source ./igSource -web ./IG-website-release/www/ig/fhir -registry ./IG-website-release/ig-registry/fhir-ig-list.json -history ./IG-website-release/fhir-ig-history-template -templates ./IG-website-release/templates
---------------
Publication Run: publish ./igSource to ./IG-website-release/www/ig/fhir
Run Number: 39
Relative directory for IG is '/mesures'
===== Web Publication Run Details ===============================
 Source IG: ans.fhir.fr.mesures#3.1.0-ballot : https://interop.esante.gouv.fr/ig/fhir/mesures (R4) from ./igSource
All checks passed. Do the publication build from /home/runner/work/IG-fhir-mesures-de-sante/IG-fhir-mesures-de-sante/./igSource and publish to /tmp/web-root/run-20240605/mesures
Prepare Build space in /tmp/ans.fhir.fr.mesures#3.1.0-ballot
Build IG at /home/runner/work/IG-fhir-mesures-de-sante/IG-fhir-mesures-de-sante/./igSource: final copy suitable for publication (in /tmp/ans.fhir.fr.mesures#3.1.0-ballot)
FHIR IG Publisher Version 1.6.10 (Git# 662296255466). Built 2024-05-26T00:05:39.6Z (10 days old)    
Detected Java version: 17.0.10 from /opt/hostedtoolcache/Java_Microsoft_jdk/17.0.10/x64 on Linux/amd64 (64bit). 3996MB available
dir = /home/runner/work/IG-fhir-mesures-de-sante/IG-fhir-mesures-de-sante, path = /opt/hostedtoolcache/Ruby/3.3.2/x64/bin:/usr/share/dotnet:/opt/hostedtoolcache/node/20.13.1/x64/bin:/opt/hostedtoolcache/Java_Microsoft_jdk/17.0.10/x64/bin:/snap/bin:/home/runner/.local/bin:/opt/pipx_bin:/home/runner/.cargo/bin:/home/runner/.config/composer/vendor/bin:/usr/local/.ghcup/bin:/home/runner/.dotnet/tools:/usr/local/sbin:/usr/local/bin:/usr/sbin:/usr/bin:/sbin:/bin:/usr/games:/usr/local/games:/snap/bin
Parameters: -ig /tmp/ans.fhir.fr.mesures#3.1.0-ballot -resetTx -publish https://interop.esante.gouv.fr/ig/fhir/mesures/3.1.0-ballot -no-exit
Start Clock @ Wednesday, June 5, 2024 at 1:23:03 PM Coordinated Universal Time (2024-06-05T13:23:03Z)
                                                                                                    
Build FHIR IG from /tmp/ans.fhir.fr.mesures#3.1.0-ballot                                             (00:00.024 / 00:00.025, 82Mb)
Build Formal Publication package, intended for https://interop.esante.gouv.fr/ig/fhir/mesures/3.1.0-ballot (00:00.004 / 00:00.028, 82Mb)
API keys loaded from /home/runner/.fhir/fhir-settings.json                                           (00:00.001 / 00:00.030, 82Mb)
Package Cache: /home/runner/.fhir/packages                                                           (00:00.004 / 00:00.035, 82Mb)
Run Sushi on /tmp/ans.fhir.fr.mesures#3.1.0-ballot                                                   (00:00.002 / 00:00.037, 82Mb)
Sushi: info  Running SUSHI v3.10.0 (implements FHIR Shorthand specification v3.0.0-ballot)           (00:00.645 / 00:00.683, 84Mb)
Sushi: info  Arguments:                                                                              (00:00.001 / 00:00.684, 84Mb)
Sushi: info    --require-latest                                                                      (00:00.001 / 00:00.686, 84Mb)
Sushi: info    --out /tmp/ans.fhir.fr.mesures#3.1.0-ballot                                           (00:00.001 / 00:00.687, 84Mb)
Sushi: info    /tmp/ans.fhir.fr.mesures#3.1.0-ballot                                                 (00:00.001 / 00:00.688, 84Mb)
Sushi: info  Using configuration file: /tmp/ans.fhir.fr.mesures#3.1.0-ballot/sushi-config.yaml       (00:00.512 / 00:01.200, 84Mb)
Sushi: info  Importing FSH text...                                                                   (00:00.119 / 00:01.320, 84Mb)
Sushi: info  Preprocessed 23 documents with 39 aliases.                                              (00:00.205 / 00:01.525, 84Mb)
Sushi: info  Imported 19 definitions and 19 instances.                                               (00:00.021 / 00:01.546, 84Mb)
Sushi: info  Checking /home/runner/.fhir/packages for hl7.fhir.uv.tools#current...                   (00:00.001 / 00:01.548, 84Mb)
Sushi: info  Found hl7.fhir.uv.tools#current in /home/runner/.fhir/packages.                         (00:00.073 / 00:01.622, 84Mb)
Sushi: info  Loaded package hl7.fhir.uv.tools#current                                                (00:00.495 / 00:02.118, 84Mb)
Sushi: info  Checking /home/runner/.fhir/packages for hl7.terminology.r4#5.5.0...                    (00:00.636 / 00:02.755, 84Mb)
Sushi: info  Found hl7.terminology.r4#5.5.0 in /home/runner/.fhir/packages.                          (00:00.589 / 00:03.344, 84Mb)
Sushi: info  Loaded package hl7.terminology.r4#5.5.0                                                 (00:00.001 / 00:03.345, 84Mb)
Sushi: info  Checking /home/runner/.fhir/packages for hl7.fhir.uv.extensions.r4#5.1.0...             (00:00.155 / 00:03.501, 84Mb)
Sushi: info  Found hl7.fhir.uv.extensions.r4#5.1.0 in /home/runner/.fhir/packages.                   (00:00.504 / 00:04.005, 84Mb)
Sushi: info  Loaded package hl7.fhir.uv.extensions.r4#5.1.0                                          (00:00.001 / 00:04.007, 84Mb)
Sushi: info  Checking /home/runner/.fhir/packages for hl7.fhir.fr.core#2.0.1...                      (00:00.001 / 00:04.008, 84Mb)
Sushi: info  Found hl7.fhir.fr.core#2.0.1 in /home/runner/.fhir/packages.                            (00:00.458 / 00:04.467, 84Mb)
Sushi: info  Loaded package hl7.fhir.fr.core#2.0.1                                                   (00:00.001 / 00:04.468, 84Mb)
Sushi: info  Checking /home/runner/.fhir/packages for hl7.fhir.uv.phd#1.0.0...                       (00:00.001 / 00:04.469, 84Mb)
Sushi: info  Found hl7.fhir.uv.phd#1.0.0 in /home/runner/.fhir/packages.                             (00:00.518 / 00:04.988, 84Mb)
Sushi: info  Loaded package hl7.fhir.uv.phd#1.0.0                                                    (00:00.001 / 00:04.989, 84Mb)
Sushi: info  Checking /home/runner/.fhir/packages for ans.fr.nos#1.1.0...                            (00:00.000 / 00:04.990, 84Mb)
Sushi: info  Found ans.fr.nos#1.1.0 in /home/runner/.fhir/packages.                                  (00:00.743 / 00:05.733, 84Mb)
Sushi: info  Loaded package ans.fr.nos#1.1.0                                                         (00:00.001 / 00:05.734, 84Mb)
Sushi: info  Checking /home/runner/.fhir/packages for hl7.fhir.r4.core#4.0.1...                      (00:00.001 / 00:05.735, 84Mb)
Sushi: info  Found hl7.fhir.r4.core#4.0.1 in /home/runner/.fhir/packages.                            (00:01.305 / 00:07.041, 84Mb)
Sushi: info  Loaded package hl7.fhir.r4.core#4.0.1                                                   (00:00.001 / 00:07.042, 84Mb)
Sushi: info  Converting FSH to FHIR resources...                                                     (00:00.039 / 00:07.081, 84Mb)
Sushi: info  Converted 18 FHIR StructureDefinitions.                                                 (00:01.555 / 00:08.637, 84Mb)
Sushi: info  Converted 1 FHIR ValueSets.                                                             (00:00.013 / 00:08.651, 84Mb)
Sushi: info  Converted 19 FHIR instances.                                                            (00:01.282 / 00:09.933, 84Mb)
Sushi: info  Exporting FHIR resources as JSON...                                                     (00:00.001 / 00:09.935, 84Mb)
Sushi: info  Exported 36 FHIR resources as JSON.                                                     (00:00.109 / 00:10.044, 84Mb)
Sushi: info  Assembling Implementation Guide sources...                                              (00:00.001 / 00:10.046, 84Mb)
Sushi: info  Generated ImplementationGuide-ans.fhir.fr.mesures.json                                  (00:00.024 / 00:10.071, 84Mb)
Sushi: info  Assembled Implementation Guide sources; ready for IG Publisher.                         (00:00.001 / 00:10.072, 84Mb)
Sushi: ========================= SUSHI RESULTS ===========================                           (00:00.001 / 00:10.074, 84Mb)
Sushi: |  -------------------------------------------------------------  |                           (00:00.000 / 00:10.075, 84Mb)
Sushi: | |    Profiles   |  Extensions  |   Logicals   |   Resources   | |                           (00:00.000 / 00:10.075, 84Mb)
Sushi: | |-------------------------------------------------------------| |                           (00:00.000 / 00:10.076, 84Mb)
Sushi: | |      14       |      4       |      0       |       0       | |                           (00:00.000 / 00:10.077, 84Mb)
Sushi: |  -------------------------------------------------------------  |                           (00:00.000 / 00:10.078, 84Mb)
Sushi: |  -------------------------------------------------------------  |                           (00:00.000 / 00:10.079, 84Mb)
Sushi: | |      ValueSets     |    CodeSystems    |     Instances      | |                           (00:00.000 / 00:10.080, 84Mb)
Sushi: | |-------------------------------------------------------------| |                           (00:00.000 / 00:10.081, 84Mb)
Sushi: | |         1          |         0         |         19         | |                           (00:00.001 / 00:10.082, 84Mb)
Sushi: |  -------------------------------------------------------------  |                           (00:00.001 / 00:10.083, 84Mb)
Sushi: |                                                                 |                           (00:00.000 / 00:10.084, 84Mb)
Sushi: ===================================================================                           (00:00.001 / 00:10.085, 84Mb)
Sushi: | Well hooked and landed!                0 Errors      0 Warnings |                           (00:00.001 / 00:10.086, 84Mb)
Sushi: ===================================================================                           (00:00.000 / 00:10.087, 84Mb)
Unable to load IG as an r5 IG - try R4 (property code is a class com.google.gson.JsonPrimitive looking for an object) (00:00.464 / 00:10.551, 52Mb)
Load Template from https://github.com/ansforge/IG-template/tree/nr-test-deps                         (00:00.439 / 00:10.991, 69Mb)
 Load Template from fhir.base.template#current                                                       (00:01.631 / 00:12.622, 60Mb)

onLoad.findSpreadsheets:

onLoad.updateIg:
     [xslt] Processing /tmp/ans.fhir.fr.mesures#3.1.0-ballot/template/onLoad-ig-working.xml to /tmp/ans.fhir.fr.mesures#3.1.0-ballot/template/onLoad-ig-updated.xml
     [xslt] Loading stylesheet /tmp/ans.fhir.fr.mesures#3.1.0-ballot/template/scripts/onLoad.xslt

onLoad.extend:

onLoad:
Root directory: /tmp/ans.fhir.fr.mesures#3.1.0-ballot                                                (00:03.336 / 00:15.958, 107Mb)
Terminology Cache is at /tmp/ans.fhir.fr.mesures#3.1.0-ballot/input-cache/txcache. Clearing now      (00:00.541 / 00:16.499, 129Mb)
Core Package hl7.fhir.r4.core#4.0.1
Unable to generate snapshot @2 for Definition from noname because Profile Definition (http://hl7.org/fhir/StructureDefinition/Definition) has no base and no snapshot
Unable to generate snapshot @2 for Event from noname because Profile Event (http://hl7.org/fhir/StructureDefinition/Event) has no base and no snapshot
Unable to generate snapshot @2 for FiveWs from noname because Profile FiveWs (http://hl7.org/fhir/StructureDefinition/FiveWs) has no base and no snapshot
Unable to generate snapshot @2 for Request from noname because Profile Request (http://hl7.org/fhir/StructureDefinition/Request) has no base and no snapshot
Running Terminology Log: /tmp/ohfu-fhir-ig-10179793631608797482.log
Connect to Terminology Server at http://tx.fhir.org                                                  (00:03.676 / 00:20.176, 238Mb)
Load Package hl7.fhir.pubpack#0.1.7
Load Package hl7.fhir.xver-extensions#0.1.0
Load Package hl7.terminology.r4#5.5.0
Load Package hl7.fhir.uv.extensions.r4#5.1.0
Load Package hl7.terminology.r4#5.3.0
Load Package hl7.fhir.uv.extensions.r4#1.0.0
Load Package ans.fr.nos#1.2.0
Load Package hl7.fhir.fr.core#2.0.1
Load Package hl7.terminology.r4#3.1.0
Load Package hl7.fhir.uv.phd#1.0.0
Load Package ans.fr.nos#1.1.0
Version mismatch. This IG is version 4.0.1, while the IG 'hl7.fhir.uv.tools' is from version 5.0.0 (will try to run anyway) (00:09.254 / 00:29.430, 1Gb)
Load Package hl7.fhir.uv.tools#0.2.0
Load R5 Specials
Unable to generate snapshot @2 for Definition from noname because Profile Definition (http://hl7.org/fhir/StructureDefinition/Definition) has no base and no snapshot
Unable to generate snapshot @2 for Event from noname because Profile Event (http://hl7.org/fhir/StructureDefinition/Event) has no base and no snapshot
Unable to generate snapshot @2 for FiveWs from noname because Profile FiveWs (http://hl7.org/fhir/StructureDefinition/FiveWs) has no base and no snapshot
Unable to generate snapshot @2 for Request from noname because Profile Request (http://hl7.org/fhir/StructureDefinition/Request) has no base and no snapshot
Initialization complete                                                                              (00:00.615 / 00:30.045, 492Mb)
Load Content                                                                                         (00:00.000 / 00:30.046, 492Mb)
loadPrePages from FetchedFile[/tmp/ans.fhir.fr.mesures#3.1.0-ballot/fsh-generated/includes] as /tmp/ans.fhir.fr.mesures#3.1.0-ballot/fsh-generated/includes
loadPrePages from FetchedFile[/tmp/ans.fhir.fr.mesures#3.1.0-ballot/input/data] as /tmp/ans.fhir.fr.mesures#3.1.0-ballot/input/data
loadPrePages from FetchedFile[/tmp/ans.fhir.fr.mesures#3.1.0-ballot/input/pagecontent] as /tmp/ans.fhir.fr.mesures#3.1.0-ballot/input/pagecontent
Fetch https://interop.esante.gouv.fr/ig/fhir/mesures/package-list.json for version check             (00:00.841 / 00:30.888, 543Mb)
Processing Conformance Resources                                                                     (00:00.815 / 00:31.704, 546Mb)
Load Dependency Info                                                                                 (00:00.002 / 00:31.706, 546Mb)
Load Info                                                                                            (00:00.001 / 00:31.707, 546Mb)
Load Resources                                                                                       (00:00.001 / 00:31.709, 547Mb)
Load Paths                                                                                           (00:00.176 / 00:31.885, 582Mb)
Generating Snapshots                                                                                 (00:00.001 / 00:31.886, 582Mb)
Check R4 / R4B                                                                                       (00:01.240 / 00:33.127, 606Mb)
Assign Comparison Ids                                                                                (00:00.007 / 00:33.135, 607Mb)
Propagating status                                                                                   (00:00.000 / 00:33.135, 607Mb)
Generating Narratives                                                                                (00:00.000 / 00:33.136, 607Mb)
Validating Conformance Resources                                                                     (00:05.040 / 00:38.177, 939Mb)
Check profiles & code systems                                                                        (00:14.618 / 00:52.795, 1Gb)
Check realm rules                                                                                    (00:00.004 / 00:52.799, 1Gb)
Previous Version Comparison                                                                          (00:00.001 / 00:52.800, 1Gb)
Unable to generate snapshot @1 for Definition from noname because Profile Definition (http://hl7.org/fhir/StructureDefinition/Definition) has no base and no snapshot
Unable to generate snapshot @1 for Event from noname because Profile Event (http://hl7.org/fhir/StructureDefinition/Event) has no base and no snapshot
Unable to generate snapshot @1 for FiveWs from noname because Profile FiveWs (http://hl7.org/fhir/StructureDefinition/FiveWs) has no base and no snapshot
Unable to generate snapshot @1 for Request from noname because Profile Request (http://hl7.org/fhir/StructureDefinition/Request) has no base and no snapshot
Validating Resources                                                                                 (00:05.009 / 00:57.809, 1Gb)
Processing Provenance Records                                                                        (00:03.963 / 01:01.772, 1Gb)
Generating Outputs in /tmp/ans.fhir.fr.mesures#3.1.0-ballot/output                                   (00:00.001 / 01:01.773, 1Gb)
Generate Native Outputs                                                                              (00:00.074 / 01:01.848, 1Gb)
Run Template                                                                                         (00:08.355 / 01:10.204, 2Gb)

onGenerate.checkVersions:
     [xslt] Processing /tmp/ans.fhir.fr.mesures#3.1.0-ballot/template/onGenerate-ig-working.xml to /tmp/ans.fhir.fr.mesures#3.1.0-ballot/template/versions.txt
     [xslt] Loading stylesheet /tmp/ans.fhir.fr.mesures#3.1.0-ballot/template/scripts/onGenerate.getVersions.xslt

onGenerate.r5-schemas:
      [get] Getting: http://build.fhir.org/fhir-single.xsd
      [get] To: /tmp/ans.fhir.fr.mesures#3.1.0-ballot/input-cache/schemas/R5/fhir-single.xsd
      [get] Not modified - so not downloaded
      [get] Getting: http://build.fhir.org/fhir-xhtml.xsd
      [get] To: /tmp/ans.fhir.fr.mesures#3.1.0-ballot/input-cache/schemas/R5/fhir-xhtml.xsd
      [get] Not modified - so not downloaded
      [get] Getting: http://build.fhir.org/xml.xsd
      [get] To: /tmp/ans.fhir.fr.mesures#3.1.0-ballot/input-cache/schemas/R5/xml.xsd
      [get] Not modified - so not downloaded
      [get] Getting: http://build.fhir.org/xmldsig-core-schema.xsd
      [get] To: /tmp/ans.fhir.fr.mesures#3.1.0-ballot/input-cache/schemas/R5/xmldsig-core-schema.xsd
      [get] Not modified - so not downloaded

onGenerate.r4-schemas:
      [get] Getting: http://hl7.org/fhir/R4/fhir-single.xsd
      [get] To: /tmp/ans.fhir.fr.mesures#3.1.0-ballot/input-cache/schemas/R4/fhir-single.xsd
      [get] Not modified - so not downloaded
      [get] Getting: http://hl7.org/fhir/R4/fhir-xhtml.xsd
      [get] To: /tmp/ans.fhir.fr.mesures#3.1.0-ballot/input-cache/schemas/R4/fhir-xhtml.xsd
      [get] Not modified - so not downloaded
      [get] Getting: http://hl7.org/fhir/R4/xml.xsd
      [get] To: /tmp/ans.fhir.fr.mesures#3.1.0-ballot/input-cache/schemas/R4/xml.xsd
      [get] Not modified - so not downloaded
      [get] Getting: http://hl7.org/fhir/R4/xmldsig-core-schema.xsd
      [get] To: /tmp/ans.fhir.fr.mesures#3.1.0-ballot/input-cache/schemas/R4/xmldsig-core-schema.xsd
      [get] Not modified - so not downloaded

onGenerate.r3-schemas:

onGenerate.r2b-schemas:

onGenerate.r2-schemas:

onGenerate.schemas:

onGenerate.data:
     [xslt] Processing /tmp/ans.fhir.fr.mesures#3.1.0-ballot/template/onGenerate-ig-working.xml to /tmp/ans.fhir.fr.mesures#3.1.0-ballot/temp/pages/_data/artifacts.json
     [xslt] Loading stylesheet /tmp/ans.fhir.fr.mesures#3.1.0-ballot/template/scripts/onGenerate.data.xslt

onGenerate.setup:

onGenerate.infoFile:
     [xslt] Processing /tmp/ans.fhir.fr.mesures#3.1.0-ballot/template/onGenerate-ig-working.xml to /tmp/ans.fhir.fr.mesures#3.1.0-ballot/temp/pages/_data/info.json
     [xslt] Loading stylesheet /tmp/ans.fhir.fr.mesures#3.1.0-ballot/template/scripts/onGenerate.genJson.xslt

onGenerate.processIncludes:
     [copy] Copying 16 files to /tmp/ans.fhir.fr.mesures#3.1.0-ballot/temp/pages/_includes

onGenerate.processIg:
     [xslt] Processing /tmp/ans.fhir.fr.mesures#3.1.0-ballot/template/onGenerate-ig-working.xml to /tmp/ans.fhir.fr.mesures#3.1.0-ballot/template/onGenerate-ig-working.1.xml
     [xslt] Loading stylesheet /tmp/ans.fhir.fr.mesures#3.1.0-ballot/template/scripts/onGenerate.group.xslt
     [xslt] Processing /tmp/ans.fhir.fr.mesures#3.1.0-ballot/template/onGenerate-ig-working.1.xml to /tmp/ans.fhir.fr.mesures#3.1.0-ballot/template/onGenerate-ig-working.2.xml
     [xslt] Loading stylesheet /tmp/ans.fhir.fr.mesures#3.1.0-ballot/template/scripts/onGenerate.groupSort.xslt
     [xslt] Processing /tmp/ans.fhir.fr.mesures#3.1.0-ballot/template/onGenerate-ig-working.2.xml to /tmp/ans.fhir.fr.mesures#3.1.0-ballot/template/onGenerate-ig-updated.xml
     [xslt] Loading stylesheet /tmp/ans.fhir.fr.mesures#3.1.0-ballot/template/scripts/onGenerate.final.xslt

onGenerate.igQa:
     [xslt] Processing /tmp/ans.fhir.fr.mesures#3.1.0-ballot/template/onGenerate-ig-updated.xml to /tmp/ans.fhir.fr.mesures#3.1.0-ballot/template/ongenerate-validation-igqa.json
     [xslt] Loading stylesheet /tmp/ans.fhir.fr.mesures#3.1.0-ballot/template/scripts/onGenerate.qa.xslt

onGenerate.artifactList:
     [xslt] Processing /tmp/ans.fhir.fr.mesures#3.1.0-ballot/template/onGenerate-ig-updated.xml to /tmp/ans.fhir.fr.mesures#3.1.0-ballot/temp/pages/_includes/artifacts.xml
     [xslt] Loading stylesheet /tmp/ans.fhir.fr.mesures#3.1.0-ballot/template/scripts/createArtifactSummary.xslt

check-plantumlfiles:

onGenerate.plantUml.ig:

onGenerate.plantUml.template:

onGenerate.plantUml:

onGenerate.copyDataFiles:

onGenerate.extend:

onGenerate:
Template Done                                                                                        (00:00.932 / 01:11.136, 2Gb)
Generate HTML Outputs                                                                                (00:00.000 / 01:11.137, 2Gb)
ERROR StatusLogger Log4j2 could not find a logging implementation. Please add log4j-core to the classpath. Using SimpleLogger to log to the console...
Value set 'https://mos.esante.gouv.fr/NOS/JDV_J151-BodySiteBodyTemperature-ENS/FHIR/JDV-J151-BodySiteBodyTemperature-ENS' at https://interop.esante.gouv.fr/ig/fhir/mesures/StructureDefinition/mesures-fr-observation-body-temperature#Observation.bodySite not found
Value set 'https://mos.esante.gouv.fr/NOS/JDV_J151-BodySiteBodyTemperature-ENS/FHIR/JDV-J151-BodySiteBodyTemperature-ENS' at https://interop.esante.gouv.fr/ig/fhir/mesures/StructureDefinition/mesures-fr-observation-body-temperature#Observation.bodySite not found
Value set 'https://mos.esante.gouv.fr/NOS/JDV_J151-BodySiteBodyTemperature-ENS/FHIR/JDV-J151-BodySiteBodyTemperature-ENS' at https://interop.esante.gouv.fr/ig/fhir/mesures/StructureDefinition/mesures-fr-observation-body-temperature#Observation.bodySite not found
Value set 'http://hl7.org/fhir/hspc/ValueSet/heartRateMeasBodyLocationPrecoordVS' at https://interop.esante.gouv.fr/ig/fhir/mesures/StructureDefinition/mesures-fr-observation-heartrate#Observation.bodySite not found
Value set 'https://hl7.fr/ig/fhir/core/ValueSet/fr-core-vs-heart-rate-body-position' at https://interop.esante.gouv.fr/ig/fhir/mesures/StructureDefinition/mesures-fr-observation-heartrate#Observation.bodySite.coding not found
Value set 'https://hl7.fr/ig/fhir/core/ValueSet/fr-core-vs-heart-rate-method' at https://interop.esante.gouv.fr/ig/fhir/mesures/StructureDefinition/mesures-fr-observation-heartrate#Observation.method.coding not found
Value set 'http://hl7.org/fhir/hspc/ValueSet/sPO2BodyLocationVS' at https://interop.esante.gouv.fr/ig/fhir/mesures/StructureDefinition/mesures-fr-observation-oxygen-sat#Observation.bodySite not found
Value set 'http://hl7.org/fhir/hspc/ValueSet/respiratoryRateMeasMethodVS' at https://interop.esante.gouv.fr/ig/fhir/mesures/StructureDefinition/mesures-fr-observation-resp-rate#Observation.method not found
Generate Summaries                                                                                   (00:22.860 / 01:33.997, 2Gb)
Generating Summary Outputs                                                                           (00:00.000 / 01:33.998, 2Gb)
DB Cumulative Time invested: 00:00:01.194
Sending Usage Stats to Server                                                                        (02:21.783 / 03:55.781, 1Gb)
## Memory (MB): Use = 1934, Free = 1913, Total = 3848, Max = 3996                                    (00:00.004 / 03:55.785, 1Gb)
Reclaiming memory...                                                                                 (00:00.000 / 03:55.786, 1Gb)
## Memory (MB): Use = 1770, Free = 2077, Total = 3848, Max = 3996                                    (00:00.816 / 03:56.603, 1Gb)
Run jekyll: jekyll build --destination "/tmp/ans.fhir.fr.mesures#3.1.0-ballot/output" (in folder /tmp/ans.fhir.fr.mesures#3.1.0-ballot/temp/pages) (00:00.002 / 03:56.605, 1Gb)
Troubleshooting Note: usual cases for Jekyll to fail are:                                            (00:00.000 / 03:56.606, 1Gb)
* A failure to produce a fragment that is already logged in the output above                         (00:00.000 / 03:56.607, 1Gb)
* A reference to a manually edited file that hasn't been provided                                    (00:00.000 / 03:56.608, 1Gb)
Jekyll: Source: /tmp/ans.fhir.fr.mesures#3.1.0-ballot/temp/pages                                     (00:00.382 / 03:56.991, 1Gb)
Jekyll: Generating...                                                                                (00:00.001 / 03:56.992, 1Gb)
Jekyll: done in 1.898 seconds.                                                                       (00:01.897 / 03:58.889, 1Gb)

Installing ans.fhir.fr.mesures#3.1.0-ballot done.
Checking Output HTML                                                                                 (00:03.955 / 04:02.845, 2Gb)
found 1007 files                                                                                     (00:00.004 / 04:02.850, 2Gb)
........................................
........................................
  ... 1007 html files, 0 pages invalid xhtml (0%)                                                    (00:13.842 / 04:16.692, 2Gb)
  ... 341535 links, 10 broken links (0%)                                                             (00:00.000 / 04:16.693, 2Gb)
Generate fragment-usage-analysis.csv                                                                 (00:00.000 / 04:16.694, 2Gb)
Build final .zip                                                                                     (00:00.006 / 04:16.701, 2Gb)
Final .zip built                                                                                     (00:02.828 / 04:19.529, 2Gb)
Built. Times: loading: 00:01.656, generate: 03:52.802, narrative generation: 00:05.039, realm-rules: 00:00.001, previous-version: 00:04.980, jekyll: 00:02.306, validation: 00:18.524 (#37), template: 00:00.931 (#3) (00:04.999 / 04:24.529, 2Gb)
Generating QA                                                                                        (00:00.001 / 04:24.530, 2Gb)
Validation output in /tmp/ans.fhir.fr.mesures#3.1.0-ballot/output/qa.html
Errors: 11, Warnings: 42, Info: 43, Broken Links: 19 (00:01.236 / 04:25.767, 2Gb)
Finished. Max Memory Used = 2Gb. Log file saved in /tmp/fhir-ig-publisher-tmp.log                    (00:00.010 / 04:25.777, 2Gb)
Keep a copy of the build directory at /tmp/web-root/run-20240605/ig-build-zips/ans.fhir.fr.mesures#3.1.0-ballot.zip

ok. All checks passed. Publish v3.1.0-ballot to /tmp/web-root/run-20240605/mesures/3.1.0-ballot
Copy the IG to /tmp/web-root/run-20240605/mesures/3.1.0-ballot
Update /tmp/web-root/run-20240605/mesures/package-list.json
Publish Box Statement: This page is part of the Guide d'implémentation FHIR - Mesures de santé (v3.1.0-ballot: Release) based on <a no-external="true" href="http://hl7.org/fhir/R4">FHIR (HL7® FHIR® Standard) R4</a>. The current version which supersedes this version is <a no-external="true" href="https://interop.esante.gouv.fr/ig/fhir/mesures{{fn}}">3.0.1</a>.  For a full list of available versions, see the <a no-external="true" href="https://interop.esante.gouv.fr/ig/fhir/mesures/history.html">Directory of published versions</a>
no html insert in /tmp/web-root/run-20240605/mesures/3.1.0-ballot/qa-txservers.html
  .. 257 files checked, 257 updated
  .. 164 clones checked, 328 updated
  .. 37 redirections (37 created/updated)
Update history page at /tmp/web-root/run-20240605/mesures from /home/runner/work/IG-fhir-mesures-de-sante/IG-fhir-mesures-de-sante/./IG-website-release/fhir-ig-history-template and ./IG-website-release/templates
Build is complete. Copy from /tmp/web-root/run-20240605
ans.fhir.fr.mesures (https://interop.esante.gouv.fr/ig/fhir/mesures): Guide d'implémentation FHIR - Mesures de santé @ https://ansforge.github.io/IG-fhir-mesures-de-sante/ig/main
  release: STU1 3.1.0-ballot/4.0.1 @ https://interop.esante.gouv.fr/ig/fhir/mesures/3.1.0-ballot
