FHIR IG Publisher Version 1.8.14 (Git# d6271a564c07). Built 2025-02-22T19:22:33.467Z (3 days old)
Detected Java version: 17.0.10 from /opt/hostedtoolcache/Java_Microsoft_jdk/17.0.10/x64 on amd64 (64bit). 3998MB available
dir = /home/runner/work/IG-fhir-medicosocial-transfert-donnees-dui/IG-fhir-medicosocial-transfert-donnees-dui, path = /opt/hostedtoolcache/Ruby/3.3.7/x64/bin:/opt/hostedtoolcache/node/20.18.3/x64/bin:/opt/hostedtoolcache/Java_Microsoft_jdk/17.0.10/x64/bin:/snap/bin:/home/runner/.local/bin:/opt/pipx_bin:/home/runner/.cargo/bin:/home/runner/.config/composer/vendor/bin:/usr/local/.ghcup/bin:/home/runner/.dotnet/tools:/usr/local/sbin:/usr/local/bin:/usr/sbin:/usr/bin:/sbin:/bin:/usr/games:/usr/local/games:/snap/bin
Parameters: -go-publish -source ./igSource -web ./IG-website-release/www/ig/fhir -registry ./IG-website-release/ig-registry/fhir-ig-list.json -history ./IG-website-release/fhir-ig-history-template -templates ./IG-website-release/templates
---------------
Publication Run: publish ./igSource to ./IG-website-release/www/ig/fhir
Relative directory for IG is '/tddui'
===== Web Publication Run Details ===============================
 Source IG: ans.fhir.fr.tddui#1.1.0 : https://interop.esante.gouv.fr/ig/fhir/tddui (R4) from ./igSource
All checks passed. Do the publication build from /home/runner/work/IG-fhir-medicosocial-transfert-donnees-dui/IG-fhir-medicosocial-transfert-donnees-dui/./igSource and publish to /tmp/web-root/run-20250226/tddui
Prepare Build space in /tmp/ans.fhir.fr.tddui#1.1.0
Build IG at /home/runner/work/IG-fhir-medicosocial-transfert-donnees-dui/IG-fhir-medicosocial-transfert-donnees-dui/./igSource: final copy suitable for publication (in /tmp/ans.fhir.fr.tddui#1.1.0)
FHIR IG Publisher Version 1.8.14 (Git# d6271a564c07). Built 2025-02-22T19:22:33.467Z (3 days old)   
Detected Java version: 17.0.10 from /opt/hostedtoolcache/Java_Microsoft_jdk/17.0.10/x64 on Linux/amd64 (64bit). 3998MB available
dir = /home/runner/work/IG-fhir-medicosocial-transfert-donnees-dui/IG-fhir-medicosocial-transfert-donnees-dui, path = /opt/hostedtoolcache/Ruby/3.3.7/x64/bin:/opt/hostedtoolcache/node/20.18.3/x64/bin:/opt/hostedtoolcache/Java_Microsoft_jdk/17.0.10/x64/bin:/snap/bin:/home/runner/.local/bin:/opt/pipx_bin:/home/runner/.cargo/bin:/home/runner/.config/composer/vendor/bin:/usr/local/.ghcup/bin:/home/runner/.dotnet/tools:/usr/local/sbin:/usr/local/bin:/usr/sbin:/usr/bin:/sbin:/bin:/usr/games:/usr/local/games:/snap/bin
Parameters: -ig /tmp/ans.fhir.fr.tddui#1.1.0 -resetTx -publish https://interop.esante.gouv.fr/ig/fhir/tddui/1.1.0 -no-exit
Start Clock @ Wednesday, February 26, 2025 at 10:25:36 AM Coordinated Universal Time (2025-02-26T10:25:36Z)
                                                                                                    
Build FHIR IG from /tmp/ans.fhir.fr.tddui#1.1.0                                                      (00:00.022 / 00:00.022, 29Mb)
Build Formal Publication package, intended for https://interop.esante.gouv.fr/ig/fhir/tddui/1.1.0    (00:00.002 / 00:00.024, 29Mb)
API keys loaded from /home/runner/.fhir/fhir-settings.json                                           (00:00.000 / 00:00.025, 29Mb)
Package Cache: /home/runner/.fhir/packages                                                           (00:00.003 / 00:00.028, 29Mb)
Run Sushi on /tmp/ans.fhir.fr.tddui#1.1.0                                                            (00:00.001 / 00:00.030, 29Mb)
Sushi: info  Running SUSHI v3.14.0 (implements FHIR Shorthand specification v3.0.0)                  (00:00.753 / 00:00.784, 31Mb)
Sushi: info  Arguments:                                                                              (00:00.000 / 00:00.784, 31Mb)
Sushi: info    --require-latest                                                                      (00:00.000 / 00:00.785, 31Mb)
Sushi: info    --out /tmp/ans.fhir.fr.tddui#1.1.0                                                    (00:00.000 / 00:00.786, 31Mb)
Sushi: info    /tmp/ans.fhir.fr.tddui#1.1.0                                                          (00:00.000 / 00:00.787, 31Mb)
Sushi: info  Using configuration file: /tmp/ans.fhir.fr.tddui#1.1.0/sushi-config.yaml                (00:00.481 / 00:01.269, 31Mb)
Sushi: info  Importing FSH text...                                                                   (00:00.111 / 00:01.380, 31Mb)
Sushi: info  Preprocessed 7 documents with 7 aliases.                                                (00:00.131 / 00:01.512, 31Mb)
Sushi: info  Imported 2 definitions and 6 instances.                                                 (00:00.008 / 00:01.520, 31Mb)
Sushi: info  Loaded virtual package sushi-r5forR4#1.0.0 with 7 resources                             (00:00.102 / 00:01.623, 31Mb)
Sushi: info  Resolved hl7.fhir.uv.tools.r4#latest to concrete version 0.3.0                          (00:00.488 / 00:02.112, 31Mb)
Sushi: info  Loaded hl7.fhir.uv.tools.r4#0.3.0 with 75 resources                                     (00:00.050 / 00:02.162, 31Mb)
Sushi: info  Resolved hl7.terminology.r4#latest to concrete version 6.2.0                            (00:00.108 / 00:02.270, 31Mb)
Sushi: info  Loaded hl7.terminology.r4#6.2.0 with 4323 resources                                     (00:02.112 / 00:04.382, 31Mb)
Sushi: info  Resolved hl7.fhir.uv.extensions.r4#latest to concrete version 5.2.0                     (00:00.106 / 00:04.489, 31Mb)
Sushi: info  Loaded hl7.fhir.uv.extensions.r4#5.2.0 with 759 resources                               (00:00.238 / 00:04.727, 31Mb)
Sushi: info  Loaded hl7.fhir.fr.core#2.1.0 with 120 resources                                        (00:00.064 / 00:04.792, 31Mb)
Sushi: info  Loaded ans.fr.nos#1.4.0 with 506 resources                                              (00:00.315 / 00:05.107, 31Mb)
Sushi: info  Loaded hl7.fhir.r4.core#4.0.1 with 4581 resources                                       (00:00.974 / 00:06.081, 31Mb)
Sushi: info  Loaded virtual package sushi-local#LOCAL with 0 resources                               (00:00.009 / 00:06.090, 31Mb)
Sushi: info  Converting FSH to FHIR resources...                                                     (00:00.018 / 00:06.109, 31Mb)
Sushi: info  Converted 2 FHIR StructureDefinitions.                                                  (00:00.348 / 00:06.458, 31Mb)
Sushi: info  Converted 6 FHIR instances.                                                             (00:00.290 / 00:06.748, 31Mb)
Sushi: info  Exporting FHIR resources as JSON...                                                     (00:00.000 / 00:06.749, 31Mb)
Sushi: info  Exported 6 FHIR resources as JSON.                                                      (00:00.011 / 00:06.760, 31Mb)
Sushi: info  Assembling Implementation Guide sources...                                              (00:00.001 / 00:06.761, 31Mb)
Sushi: info  Generated ImplementationGuide-ans.fhir.fr.tddui.json                                    (00:00.029 / 00:06.791, 31Mb)
Sushi: info  Assembled Implementation Guide sources; ready for IG Publisher.                         (00:00.000 / 00:06.791, 31Mb)
Sushi: ========================= SUSHI RESULTS ===========================                           (00:00.000 / 00:06.792, 31Mb)
Sushi: |  -------------------------------------------------------------  |                           (00:00.000 / 00:06.793, 31Mb)
Sushi: | |    Profiles   |  Extensions  |   Logicals   |   Resources   | |                           (00:00.000 / 00:06.793, 31Mb)
Sushi: | |-------------------------------------------------------------| |                           (00:00.000 / 00:06.794, 31Mb)
Sushi: | |       2       |      0       |      0       |       0       | |                           (00:00.000 / 00:06.795, 31Mb)
Sushi: |  -------------------------------------------------------------  |                           (00:00.000 / 00:06.795, 31Mb)
Sushi: |  -------------------------------------------------------------  |                           (00:00.000 / 00:06.796, 31Mb)
Sushi: | |      ValueSets     |    CodeSystems    |     Instances      | |                           (00:00.000 / 00:06.797, 31Mb)
Sushi: | |-------------------------------------------------------------| |                           (00:00.000 / 00:06.798, 31Mb)
Sushi: | |         0          |         0         |         6          | |                           (00:00.000 / 00:06.798, 31Mb)
Sushi: |  -------------------------------------------------------------  |                           (00:00.000 / 00:06.799, 31Mb)
Sushi: |                                                                 |                           (00:00.000 / 00:06.799, 31Mb)
Sushi: ===================================================================                           (00:00.000 / 00:06.800, 31Mb)
Sushi: | You're sailing along smoothly.         0 Errors      0 Warnings |                           (00:00.000 / 00:06.801, 31Mb)
Sushi: ===================================================================                           (00:00.000 / 00:06.801, 31Mb)
Unable to load IG as an r5 IG - try R4 (property code is a class com.google.gson.JsonPrimitive looking for an object) (00:00.440 / 00:07.242, 58Mb)
Load Template from https://github.com/ansforge/IG-template                                           (00:00.433 / 00:07.676, 39Mb)
 Load Template from fhir.base.template#current                                                       (00:00.851 / 00:08.527, 36Mb)
Root directory: /tmp/ans.fhir.fr.tddui#1.1.0                                                         (00:02.988 / 00:11.516, 121Mb)
Terminology Cache is at /tmp/ans.fhir.fr.tddui#1.1.0/input-cache/txcache. Clearing now               (00:00.552 / 00:12.069, 102Mb)
Core Package hl7.fhir.r4.core#4.0.1
Running Terminology Log: /tmp/ohfu-fhir-ig-11776633755078264903.log
Connect to Terminology Server at http://tx.fhir.org                                                  (00:03.515 / 00:15.584, 654Mb)
Load Package hl7.fhir.pubpack#0.2.1
Load Package hl7.fhir.xver-extensions#0.1.0
Load Package hl7.terminology.r4#6.2.0
Load Package hl7.fhir.uv.extensions.r4#5.2.0
Load Package hl7.terminology.r4#6.0.2
Load Package hl7.fhir.uv.extensions.r4#5.1.0
Load Package ans.fr.nos#1.3.0
Load Package hl7.fhir.fr.core#2.1.0
Load Package ans.fr.nos#1.4.0
Load Package hl7.fhir.uv.tools.r4#0.3.0
Load R5 Specials
Initialization complete                                                                              (00:07.851 / 00:23.435, 477Mb)
Load Content                                                                                         (00:00.000 / 00:23.436, 477Mb)
Using fr_FR as the default narrative language. (inferred from ImplementationGuide.jurisdiction=FR)   (00:00.097 / 00:23.533, 484Mb)
Process Loaded Resources                                                                             (00:00.426 / 00:23.960, 495Mb)
Generating Snapshots                                                                                 (00:00.216 / 00:24.176, 510Mb)
loadPrePages from FetchedFile[/tmp/ans.fhir.fr.tddui#1.1.0/fsh-generated/includes] as /tmp/ans.fhir.fr.tddui#1.1.0/fsh-generated/includes
loadPrePages from FetchedFile[/tmp/ans.fhir.fr.tddui#1.1.0/input/data] as /tmp/ans.fhir.fr.tddui#1.1.0/input/data
loadPrePages from FetchedFile[/tmp/ans.fhir.fr.tddui#1.1.0/input/pagecontent] as /tmp/ans.fhir.fr.tddui#1.1.0/input/pagecontent
Fetch https://interop.esante.gouv.fr/ig/fhir/tddui/package-list.json for version check               (00:00.308 / 00:24.485, 591Mb)
Processing Conformance Resources                                                                     (00:00.471 / 00:24.956, 593Mb)
Checking Language                                                                                    (00:00.000 / 00:24.957, 593Mb)
Load Dependency Info                                                                                 (00:00.001 / 00:24.958, 594Mb)
Load Info                                                                                            (00:00.001 / 00:24.959, 594Mb)
Load Paths                                                                                           (00:00.000 / 00:24.960, 595Mb)
Check R4 / R4B                                                                                       (00:00.000 / 00:24.961, 595Mb)
Assign Comparison Ids                                                                                (00:00.008 / 00:24.970, 596Mb)
Propagating status                                                                                   (00:00.000 / 00:24.970, 596Mb)
Generating Narratives                                                                                (00:00.000 / 00:24.971, 596Mb)
Validating Conformance Resources                                                                     (00:00.795 / 00:25.767, 698Mb)
Check profiles & code systems                                                                        (00:05.647 / 00:31.414, 982Mb)
Check realm rules                                                                                    (00:00.001 / 00:31.415, 982Mb)
Previous Version Comparison                                                                          (00:00.000 / 00:31.416, 982Mb)
Validating Resources                                                                                 (00:04.954 / 00:36.370, 1Gb)
Processing Provenance Records                                                                        (00:01.015 / 00:37.386, 1Gb)
Generating Outputs in /tmp/ans.fhir.fr.tddui#1.1.0/output                                            (00:00.000 / 00:37.387, 1Gb)
Generate Native Outputs                                                                              (00:00.136 / 00:37.524, 1Gb)
Run Template                                                                                         (00:00.895 / 00:38.420, 1Gb)
Generate HTML Outputs                                                                                (00:03.184 / 00:41.604, 715Mb)
Generate Spreadsheets                                                                                (00:02.099 / 00:43.703, 1012Mb)
Generate Summaries                                                                                   (00:02.188 / 00:45.892, 1Gb)
Generating Summary Outputs                                                                           (00:00.000 / 00:45.893, 1Gb)
DB Cumulative Time invested: 00:00:00.110
Sending Usage Stats to Server                                                                        (00:09.219 / 00:55.113, 1Gb)
## Memory (MB): Use = 1550, Free = 673, Total = 2224, Max = 3998                                     (00:00.004 / 00:55.117, 1Gb)
Reclaiming memory...                                                                                 (00:00.000 / 00:55.118, 1Gb)
## Memory (MB): Use = 843, Free = 1380, Total = 2224, Max = 3998                                     (00:00.422 / 00:55.540, 844Mb)
Run jekyll: jekyll build --destination "/tmp/ans.fhir.fr.tddui#1.1.0/output" (in folder /tmp/ans.fhir.fr.tddui#1.1.0/temp/pages) (00:00.001 / 00:55.542, 844Mb)
Troubleshooting Note: usual cases for Jekyll to fail are:                                            (00:00.000 / 00:55.543, 844Mb)
* A failure to produce a fragment that is already logged in the output above                         (00:00.000 / 00:55.544, 844Mb)
* A reference to a manually edited file that hasn't been provided                                    (00:00.000 / 00:55.544, 844Mb)
Jekyll: Source: /tmp/ans.fhir.fr.tddui#1.1.0/temp/pages                                              (00:00.448 / 00:55.993, 847Mb)
Jekyll: Generating...                                                                                (00:00.000 / 00:55.994, 847Mb)
Jekyll: done in 1.674 seconds.                                                                       (00:01.673 / 00:57.667, 847Mb)

Installing ans.fhir.fr.tddui#1.1.0
 done.
Checking Output HTML                                                                                 (00:00.909 / 00:58.577, 1Gb)
found 978 files                                                                                      (00:00.006 / 00:58.583, 1Gb)
........................................
........................................
  ... 978 html files, 0 pages invalid xhtml (0%)                                                     (00:03.894 / 01:02.477, 858Mb)
  ... 34057 links, 0 broken links (0%)                                                               (00:00.000 / 01:02.478, 858Mb)
Generate fragment-usage-analysis.csv                                                                 (00:00.000 / 01:02.478, 858Mb)
Build final .zip                                                                                     (00:00.005 / 01:02.484, 859Mb)
Final .zip built                                                                                     (00:01.367 / 01:03.851, 872Mb)
Built. Times: loading: 00:01.519, generate: 00:41.116, narrative generation: 00:00.795, realm-rules: 00:00.000, previous-version: 00:04.927, jekyll: 00:02.153, validation: 00:06.661 (#7), template: 00:03.190 (#3) (00:02.238 / 01:06.090, 1Gb)
Generating QA                                                                                        (00:00.000 / 01:06.091, 1Gb)
Internal error in location for message: 'Error @1, 1: Found / expecting a token name', loc = '/tmp/ans.fhir.fr.tddui#1.1.0/output/cda/terminology.html', err = 'The html source does not contain the publish box; this is recommended for publishing support'
Internal error in location for message: 'Error @1, 1: Found / expecting a token name', loc = '/tmp/ans.fhir.fr.tddui#1.1.0/output/cda/terminology.html#/html/head/script at Line 10, column 89', err = 'The <script> containing the javascript 'window.treeTableColl'... is illegal and not allowed on the H'
Internal error in location for message: 'Error @1, 1: Found / expecting a token name', loc = '/tmp/ans.fhir.fr.tddui#1.1.0/output/cda/terminology.html#/html/body/script at Line 19, column 8', err = 'The <script> containing the javascript '// Envoie la hauteur'... is illegal and not allowed on the H'
Internal error in location for message: 'Error @1, 1: Found / expecting a token name', loc = '/tmp/ans.fhir.fr.tddui#1.1.0/output/cda/tmp-1.2.250.1.213.1.1.1.1.10.10-2024-12-03T172030.html#/html', err = 'The <script> containing the javascript 'window.treeTableColl'... is illegal and not allowed on the H'
Internal error in location for message: 'Error @1, 1: Found / expecting a token name', loc = '/tmp/ans.fhir.fr.tddui#1.1.0/output/cda/tmp-1.2.250.1.213.1.1.1.1.10.10-2024-12-03T172030.html', err = 'The html source has duplicate anchor Ids: _1.2.250.1.213.1.1.1.1.9.218_,_1.2.250.1.213.1.1.1.1.9.219'
Internal error in location for message: 'Error @1, 1: Found / expecting a token name', loc = '/tmp/ans.fhir.fr.tddui#1.1.0/output/cda/tmp-1.2.250.1.213.1.1.1.1.10.12-2024-09-10T104919.html', err = 'The html source has duplicate anchor Ids: _1.2.250.1.213.1.1.1.1.9.218_,_1.2.250.1.213.1.1.1.1.9.219'
Internal error in location for message: 'Error @1, 1: Found / expecting a token name', loc = '/tmp/ans.fhir.fr.tddui#1.1.0/output/cda/tmp-1.2.250.1.213.1.1.1.1.10.14-2023-12-15T163609.html', err = 'The html source has duplicate anchor Ids: _1.2.250.1.213.1.1.1.1.9.218_,_1.2.250.1.213.1.1.1.1.9.219'
Internal error in location for message: 'Error @1, 1: Found / expecting a token name', loc = '/tmp/ans.fhir.fr.tddui#1.1.0/output/cda/tmp-1.2.250.1.213.1.1.1.1.10.15-2023-12-15T171349.html', err = 'The html source has duplicate anchor Ids: _1.2.250.1.213.1.1.1.1.9.218_,_1.2.250.1.213.1.1.1.1.9.219'
Internal error in location for message: 'Error @1, 1: Found / expecting a token name', loc = '/tmp/ans.fhir.fr.tddui#1.1.0/output/cda/tmp-1.2.250.1.213.1.1.1.1.10.16-2023-12-15T170436.html', err = 'The html source has duplicate anchor Ids: _1.2.250.1.213.1.1.1.1.9.218_,_1.2.250.1.213.1.1.1.1.9.219'
Internal error in location for message: 'Error @1, 1: Found / expecting a token name', loc = '/tmp/ans.fhir.fr.tddui#1.1.0/output/cda/tmp-1.2.250.1.213.1.1.1.1.10.2-2024-12-20T130919.html', err = 'The html source has duplicate anchor Ids: _1.2.250.1.213.1.1.1.1.9.218_,_1.2.250.1.213.1.1.1.1.9.219'
Internal error in location for message: 'Error @1, 1: Found / expecting a token name', loc = '/tmp/ans.fhir.fr.tddui#1.1.0/output/cda/tmp-1.2.250.1.213.1.1.1.1.10.4-2024-11-20T161310.html', err = 'The html source has duplicate anchor Ids: _1.2.250.1.213.1.1.1.1.9.218_,_1.2.250.1.213.1.1.1.1.9.219'
Internal error in location for message: 'Error @1, 1: Found / expecting a token name', loc = '/tmp/ans.fhir.fr.tddui#1.1.0/output/cda/tmp-1.2.250.1.213.1.1.1.1.10.6-2024-10-11T151018.html', err = 'The html source has duplicate anchor Ids: _1.2.250.1.213.1.1.1.1.9.218_,_1.2.250.1.213.1.1.1.1.9.219'
Internal error in location for message: 'Error @1, 1: Found / expecting a token name', loc = '/tmp/ans.fhir.fr.tddui#1.1.0/output/cda/tmp-1.2.250.1.213.1.1.1.1.10.7-2024-09-27T104314.html', err = 'The html source has duplicate anchor Ids: _1.2.250.1.213.1.1.1.1.9.218_,_1.2.250.1.213.1.1.1.1.9.219'
Internal error in location for message: 'Error @1, 1: Found / expecting a token name', loc = '/tmp/ans.fhir.fr.tddui#1.1.0/output/cda/tmp-1.2.250.1.213.1.1.1.1.10.9-2023-12-14T150730.html', err = 'The html source has duplicate anchor Ids: _1.2.250.1.213.1.1.1.1.9.218_,_1.2.250.1.213.1.1.1.1.9.219'
Internal error in location for message: 'Error @1, 1: Found / expecting a token name', loc = '/tmp/ans.fhir.fr.tddui#1.1.0/output/cda/tmp-1.2.250.1.213.1.1.1.58-2025-01-21T160337.html', err = 'The html source has duplicate anchor Ids: _1.2.250.1.213.1.1.1.1.9.218_,_1.2.250.1.213.1.1.1.1.9.219'
Internal error in location for message: 'Error @1, 1: Found / expecting a token name', loc = '/tmp/ans.fhir.fr.tddui#1.1.0/output/cda/tmp-1.2.250.1.213.1.1.1.99.99.10.85-2024-10-31T171901.html', err = 'The html source has duplicate anchor Ids: _1.2.250.1.213.1.1.1.1.9.218_,_1.2.250.1.213.1.1.1.1.9.219'
Internal error in location for message: 'Error @1, 1: Found / expecting a token name', loc = '/tmp/ans.fhir.fr.tddui#1.1.0/output/cda/tmp-1.2.250.1.213.1.1.2.246-2024-10-21T160707.html', err = 'The html source has duplicate anchor Ids: _1.2.250.1.213.1.1.1.1.9.218_,_1.2.250.1.213.1.1.1.1.9.219'
Internal error in location for message: 'Error @1, 1: Found / expecting a token name', loc = '/tmp/ans.fhir.fr.tddui#1.1.0/output/cda/tmp-1.2.250.1.213.1.1.3.215-2024-10-18T170010.html', err = 'The html source has duplicate anchor Ids: _1.2.250.1.213.1.1.1.1.9.218_,_1.2.250.1.213.1.1.1.1.9.219'
Internal error in location for message: 'Error @1, 1: Found / expecting a token name', loc = '/tmp/ans.fhir.fr.tddui#1.1.0/output/cda/tmp-1.2.250.1.213.1.1.3.216-2024-12-19T141744.html', err = 'The html source has duplicate anchor Ids: _1.2.250.1.213.1.1.1.1.9.218_,_1.2.250.1.213.1.1.1.1.9.219'
Internal error in location for message: 'Error @1, 1: Found / expecting a token name', loc = '/tmp/ans.fhir.fr.tddui#1.1.0/output/cda/tmp-1.2.250.1.213.1.1.3.217-2024-09-06T142804.html', err = 'The html source has duplicate anchor Ids: _1.2.250.1.213.1.1.1.1.9.218_,_1.2.250.1.213.1.1.1.1.9.219'
Internal error in location for message: 'Error @1, 1: Found / expecting a token name', loc = '/tmp/ans.fhir.fr.tddui#1.1.0/output/cda/tmp-1.2.250.1.213.1.1.3.218-2024-09-17T165718.html', err = 'The html source has duplicate anchor Ids: _1.2.250.1.213.1.1.1.1.9.218_,_1.2.250.1.213.1.1.1.1.9.219'
Internal error in location for message: 'Error @1, 1: Found / expecting a token name', loc = '/tmp/ans.fhir.fr.tddui#1.1.0/output/cda/tmp-1.2.250.1.213.1.1.3.24-2024-09-10T092953.html', err = 'The html source has duplicate anchor Ids: _1.2.250.1.213.1.1.1.1.9.218_,_1.2.250.1.213.1.1.1.1.9.219'
Internal error in location for message: 'Error @1, 1: Found / expecting a token name', loc = '/tmp/ans.fhir.fr.tddui#1.1.0/output/cda/tmp-1.2.250.1.213.1.1.3.25-2024-10-21T164618.html', err = 'The html source has duplicate anchor Ids: _1.2.250.1.213.1.1.1.1.9.218_,_1.2.250.1.213.1.1.1.1.9.219'
Internal error in location for message: 'Error @1, 1: Found / expecting a token name', loc = '/tmp/ans.fhir.fr.tddui#1.1.0/output/cda/tmp-1.2.250.1.213.1.1.3.32-2024-10-29T142132.html', err = 'The html source has duplicate anchor Ids: _1.2.250.1.213.1.1.1.1.9.218_,_1.2.250.1.213.1.1.1.1.9.219'
Internal error in location for message: 'Error @1, 1: Found / expecting a token name', loc = '/tmp/ans.fhir.fr.tddui#1.1.0/output/cda/tmp-1.2.250.1.213.1.1.3.48-2024-10-29T154828.html', err = 'The html source has duplicate anchor Ids: _1.2.250.1.213.1.1.1.1.9.218_,_1.2.250.1.213.1.1.1.1.9.219'
Internal error in location for message: 'Error @1, 1: Found / expecting a token name', loc = '/tmp/ans.fhir.fr.tddui#1.1.0/output/cda/tmp-1.2.250.1.213.1.1.3.48.6-2024-10-29T152050.html', err = 'The html source has duplicate anchor Ids: _1.2.250.1.213.1.1.1.1.9.218_,_1.2.250.1.213.1.1.1.1.9.219'
Internal error in location for message: 'Error @1, 1: Found / expecting a token name', loc = '/tmp/ans.fhir.fr.tddui#1.1.0/output/cda/tmp-1.2.250.1.213.1.1.3.48.7-2024-10-21T174323.html', err = 'The html source has duplicate anchor Ids: _1.2.250.1.213.1.1.1.1.9.218_,_1.2.250.1.213.1.1.1.1.9.219'
Internal error in location for message: 'Error @1, 1: Found / expecting a token name', loc = '/tmp/ans.fhir.fr.tddui#1.1.0/output/documentation.html#/html/body/div/div/div/div/div/script at Line', err = 'The <script> containing the javascript 'window.location.href'... is illegal and not allowed on the H'
Internal error in location for message: 'Error @1, 1: Found / expecting a token name', loc = '/tmp/ans.fhir.fr.tddui#1.1.0/output/searchform.html#/html/body/div/div/div/a/img/div/a/img/div/p/img', err = 'The <script> containing the javascript '$( document ).ready('... is illegal and not allowed on the H'
Internal error in location for message: 'Error @1, 1: Found / expecting a token name', loc = '/tmp/ans.fhir.fr.tddui#1.1.0/output/site_ans.html#/html/body/div/div/div/div/div/script at Line 285,', err = 'The <script> containing the javascript 'window.location.href'... is illegal and not allowed on the H'
Internal error in location for message: 'Error @1, 1: Found / expecting a token name', loc = '/tmp/ans.fhir.fr.tddui#1.1.0/output/specs_cda.html#/html/body/div/div/div/div/div/script at Line 285', err = 'The <script> containing the javascript 'window.location.href'... is illegal and not allowed on the H'
Internal error in location for message: 'Error @1, 1: Found / expecting a token name', loc = '/tmp/ans.fhir.fr.tddui#1.1.0/output/specs_fhir.html#/html/body/div/div/div/div/div/script at Line 28', err = 'The <script> containing the javascript 'window.location.href'... is illegal and not allowed on the H'
Internal error in location for message: 'Error @1, 1: Found / expecting a token name', loc = '/tmp/ans.fhir.fr.tddui#1.1.0/output/terminology_cda.html#/html/body/div/div/div/div/div/script at Li', err = 'The <script> containing the javascript 'window.addEventListe'... is illegal and not allowed on the H'
Validation output in /tmp/ans.fhir.fr.tddui#1.1.0/output/qa.html
Errors: 0, Warnings: 49, Info: 16, Broken Links: 0 (00:00.843 / 01:06.934, 1Gb)
Finished. Max Memory Used = 1Gb. Log file saved in /tmp/fhir-ig-publisher-tmp.log                    (00:00.002 / 01:06.937, 1Gb)
Prepare Build space in /tmp/ans.fhir.fr.tddui#1.1.0-milestone
Build IG at /home/runner/work/IG-fhir-medicosocial-transfert-donnees-dui/IG-fhir-medicosocial-transfert-donnees-dui/./igSource: final copy suitable for publication (in /tmp/ans.fhir.fr.tddui#1.1.0-milestone) (milestone build)
FHIR IG Publisher Version 1.8.14 (Git# d6271a564c07). Built 2025-02-22T19:22:33.467Z (3 days old)   
Detected Java version: 17.0.10 from /opt/hostedtoolcache/Java_Microsoft_jdk/17.0.10/x64 on Linux/amd64 (64bit). 3998MB available
dir = /home/runner/work/IG-fhir-medicosocial-transfert-donnees-dui/IG-fhir-medicosocial-transfert-donnees-dui, path = /opt/hostedtoolcache/Ruby/3.3.7/x64/bin:/opt/hostedtoolcache/node/20.18.3/x64/bin:/opt/hostedtoolcache/Java_Microsoft_jdk/17.0.10/x64/bin:/snap/bin:/home/runner/.local/bin:/opt/pipx_bin:/home/runner/.cargo/bin:/home/runner/.config/composer/vendor/bin:/usr/local/.ghcup/bin:/home/runner/.dotnet/tools:/usr/local/sbin:/usr/local/bin:/usr/sbin:/usr/bin:/sbin:/bin:/usr/games:/usr/local/games:/snap/bin
Parameters: -ig /tmp/ans.fhir.fr.tddui#1.1.0-milestone -publish https://interop.esante.gouv.fr/ig/fhir/tddui/1.1.0 -milestone -no-exit
Start Clock @ Wednesday, February 26, 2025 at 10:26:44 AM Coordinated Universal Time (2025-02-26T10:26:44Z)
                                                                                                    
Build FHIR IG from /tmp/ans.fhir.fr.tddui#1.1.0-milestone                                            (00:00.002 / 00:00.002, 1Gb)
Build Formal Publication package, intended for https://interop.esante.gouv.fr/ig/fhir/tddui/1.1.0    (00:00.000 / 00:00.002, 1Gb)
API keys loaded from /home/runner/.fhir/fhir-settings.json                                           (00:00.000 / 00:00.003, 1Gb)
Package Cache: /home/runner/.fhir/packages                                                           (00:00.000 / 00:00.004, 1Gb)
Run Sushi on /tmp/ans.fhir.fr.tddui#1.1.0-milestone                                                  (00:00.000 / 00:00.004, 1Gb)
Sushi: info  Running SUSHI v3.14.0 (implements FHIR Shorthand specification v3.0.0)                  (00:00.438 / 00:00.442, 1Gb)
Sushi: info  Arguments:                                                                              (00:00.000 / 00:00.443, 1Gb)
Sushi: info    --require-latest                                                                      (00:00.000 / 00:00.444, 1Gb)
Sushi: info    --out /tmp/ans.fhir.fr.tddui#1.1.0-milestone                                          (00:00.000 / 00:00.444, 1Gb)
Sushi: info    /tmp/ans.fhir.fr.tddui#1.1.0-milestone                                                (00:00.000 / 00:00.444, 1Gb)
Sushi: info  Using configuration file: /tmp/ans.fhir.fr.tddui#1.1.0-milestone/sushi-config.yaml      (00:00.393 / 00:00.838, 1Gb)
Sushi: info  Importing FSH text...                                                                   (00:00.121 / 00:00.960, 1Gb)
Sushi: info  Preprocessed 7 documents with 7 aliases.                                                (00:00.131 / 00:01.092, 1Gb)
Sushi: info  Imported 2 definitions and 6 instances.                                                 (00:00.011 / 00:01.103, 1Gb)
Sushi: info  Loaded virtual package sushi-r5forR4#1.0.0 with 7 resources                             (00:00.093 / 00:01.196, 1Gb)
Sushi: info  Resolved hl7.fhir.uv.tools.r4#latest to concrete version 0.3.0                          (00:00.525 / 00:01.721, 1Gb)
Sushi: info  Loaded hl7.fhir.uv.tools.r4#0.3.0 with 75 resources                                     (00:00.044 / 00:01.766, 1Gb)
Sushi: info  Resolved hl7.terminology.r4#latest to concrete version 6.2.0                            (00:00.107 / 00:01.873, 1Gb)
Sushi: info  Loaded hl7.terminology.r4#6.2.0 with 4323 resources                                     (00:01.045 / 00:02.919, 1Gb)
Sushi: info  Resolved hl7.fhir.uv.extensions.r4#latest to concrete version 5.2.0                     (00:00.109 / 00:03.028, 1Gb)
Sushi: info  Loaded hl7.fhir.uv.extensions.r4#5.2.0 with 759 resources                               (00:00.186 / 00:03.214, 1Gb)
Sushi: info  Loaded hl7.fhir.fr.core#2.1.0 with 120 resources                                        (00:00.050 / 00:03.265, 1Gb)
Sushi: info  Loaded ans.fr.nos#1.4.0 with 506 resources                                              (00:00.157 / 00:03.422, 1Gb)
Sushi: info  Loaded hl7.fhir.r4.core#4.0.1 with 4581 resources                                       (00:00.908 / 00:04.331, 1Gb)
Sushi: info  Loaded virtual package sushi-local#LOCAL with 0 resources                               (00:00.008 / 00:04.340, 1Gb)
Sushi: info  Converting FSH to FHIR resources...                                                     (00:00.019 / 00:04.359, 1Gb)
Sushi: info  Converted 2 FHIR StructureDefinitions.                                                  (00:00.384 / 00:04.743, 1Gb)
Sushi: info  Converted 6 FHIR instances.                                                             (00:00.308 / 00:05.052, 1Gb)
Sushi: info  Exporting FHIR resources as JSON...                                                     (00:00.000 / 00:05.053, 1Gb)
Sushi: info  Exported 6 FHIR resources as JSON.                                                      (00:00.013 / 00:05.066, 1Gb)
Sushi: info  Assembling Implementation Guide sources...                                              (00:00.001 / 00:05.067, 1Gb)
Sushi: info  Generated ImplementationGuide-ans.fhir.fr.tddui.json                                    (00:00.028 / 00:05.095, 1Gb)
Sushi: info  Assembled Implementation Guide sources; ready for IG Publisher.                         (00:00.000 / 00:05.095, 1Gb)
Sushi: ========================= SUSHI RESULTS ===========================                           (00:00.000 / 00:05.096, 1Gb)
Sushi: |  -------------------------------------------------------------  |                           (00:00.000 / 00:05.097, 1Gb)
Sushi: | |    Profiles   |  Extensions  |   Logicals   |   Resources   | |                           (00:00.000 / 00:05.097, 1Gb)
Sushi: | |-------------------------------------------------------------| |                           (00:00.000 / 00:05.097, 1Gb)
Sushi: | |       2       |      0       |      0       |       0       | |                           (00:00.000 / 00:05.098, 1Gb)
Sushi: |  -------------------------------------------------------------  |                           (00:00.000 / 00:05.098, 1Gb)
Sushi: |  -------------------------------------------------------------  |                           (00:00.000 / 00:05.099, 1Gb)
Sushi: | |      ValueSets     |    CodeSystems    |     Instances      | |                           (00:00.000 / 00:05.099, 1Gb)
Sushi: | |-------------------------------------------------------------| |                           (00:00.000 / 00:05.099, 1Gb)
Sushi: | |         0          |         0         |         6          | |                           (00:00.000 / 00:05.100, 1Gb)
Sushi: |  -------------------------------------------------------------  |                           (00:00.000 / 00:05.100, 1Gb)
Sushi: |                                                                 |                           (00:00.000 / 00:05.101, 1Gb)
Sushi: ===================================================================                           (00:00.000 / 00:05.101, 1Gb)
Sushi: | You've turned the tide.                0 Errors      0 Warnings |                           (00:00.000 / 00:05.101, 1Gb)
Sushi: ===================================================================                           (00:00.000 / 00:05.102, 1Gb)
Unable to load IG as an r5 IG - try R4 (property code is a class com.google.gson.JsonPrimitive looking for an object) (00:00.014 / 00:05.117, 1Gb)
Load Template from https://github.com/ansforge/IG-template                                           (00:00.015 / 00:05.132, 1Gb)
 Load Template from fhir.base.template#current                                                       (00:00.409 / 00:05.542, 1Gb)
Root directory: /tmp/ans.fhir.fr.tddui#1.1.0-milestone                                               (00:01.542 / 00:07.085, 1Gb)
Terminology Cache is at /tmp/ans.fhir.fr.tddui#1.1.0-milestone/input-cache/txcache. 11 files in cache (00:00.466 / 00:07.551, 1Gb)
Core Package hl7.fhir.r4.core#4.0.1
Running Terminology Log: /tmp/ohfu-fhir-ig-5895018930042554787.log
Connect to Terminology Server at http://tx.fhir.org                                                  (00:01.356 / 00:08.907, 995Mb)
Load Package hl7.fhir.pubpack#0.2.1
Load Package hl7.fhir.xver-extensions#0.1.0
Load Package hl7.terminology.r4#6.2.0
Load Package hl7.fhir.uv.extensions.r4#5.2.0
Load Package hl7.terminology.r4#6.0.2
Load Package hl7.fhir.uv.extensions.r4#5.1.0
Load Package ans.fr.nos#1.3.0
Load Package hl7.fhir.fr.core#2.1.0
Load Package ans.fr.nos#1.4.0
Load Package hl7.fhir.uv.tools.r4#0.3.0
Load R5 Specials
Initialization complete                                                                              (00:05.450 / 00:14.357, 1Gb)
Load Content                                                                                         (00:00.000 / 00:14.358, 1Gb)
Using fr_FR as the default narrative language. (inferred from ImplementationGuide.jurisdiction=FR)   (00:00.009 / 00:14.367, 1Gb)
Process Loaded Resources                                                                             (00:00.129 / 00:14.496, 1Gb)
Generating Snapshots                                                                                 (00:00.065 / 00:14.562, 1Gb)
loadPrePages from FetchedFile[/tmp/ans.fhir.fr.tddui#1.1.0-milestone/fsh-generated/includes] as /tmp/ans.fhir.fr.tddui#1.1.0-milestone/fsh-generated/includes
loadPrePages from FetchedFile[/tmp/ans.fhir.fr.tddui#1.1.0-milestone/input/data] as /tmp/ans.fhir.fr.tddui#1.1.0-milestone/input/data
loadPrePages from FetchedFile[/tmp/ans.fhir.fr.tddui#1.1.0-milestone/input/pagecontent] as /tmp/ans.fhir.fr.tddui#1.1.0-milestone/input/pagecontent
Fetch https://interop.esante.gouv.fr/ig/fhir/tddui/package-list.json for version check               (00:00.186 / 00:14.749, 1Gb)
Processing Conformance Resources                                                                     (00:00.296 / 00:15.045, 1Gb)
Checking Language                                                                                    (00:00.000 / 00:15.045, 1Gb)
Load Dependency Info                                                                                 (00:00.000 / 00:15.046, 1Gb)
Load Info                                                                                            (00:00.000 / 00:15.047, 1Gb)
Load Paths                                                                                           (00:00.000 / 00:15.047, 1Gb)
Check R4 / R4B                                                                                       (00:00.000 / 00:15.048, 1Gb)
Assign Comparison Ids                                                                                (00:00.002 / 00:15.050, 1Gb)
Propagating status                                                                                   (00:00.000 / 00:15.051, 1Gb)
Generating Narratives                                                                                (00:00.000 / 00:15.051, 1Gb)
Validating Conformance Resources                                                                     (00:00.220 / 00:15.272, 2Gb)
Check profiles & code systems                                                                        (00:02.935 / 00:18.207, 1Gb)
Check realm rules                                                                                    (00:00.000 / 00:18.208, 1Gb)
Previous Version Comparison                                                                          (00:00.000 / 00:18.208, 1Gb)
Validating Resources                                                                                 (00:03.700 / 00:21.909, 1Gb)
Processing Provenance Records                                                                        (00:00.075 / 00:21.984, 1Gb)
Generating Outputs in /tmp/ans.fhir.fr.tddui#1.1.0-milestone/output                                  (00:00.000 / 00:21.985, 1Gb)
Generate Native Outputs                                                                              (00:00.096 / 00:22.081, 1Gb)
Run Template                                                                                         (00:00.717 / 00:22.799, 1Gb)
Generate HTML Outputs                                                                                (00:02.990 / 00:25.789, 1Gb)
Generate Spreadsheets                                                                                (00:01.105 / 00:26.895, 1Gb)
Generate Summaries                                                                                   (00:00.711 / 00:27.607, 1Gb)
Generating Summary Outputs                                                                           (00:00.000 / 00:27.607, 1Gb)
DB Cumulative Time invested: 00:00:00.91
Sending Usage Stats to Server                                                                        (00:05.935 / 00:33.543, 2Gb)
## Memory (MB): Use = 2184, Free = 313, Total = 2498, Max = 3998                                     (00:00.001 / 00:33.544, 2Gb)
Reclaiming memory...                                                                                 (00:00.000 / 00:33.545, 2Gb)
## Memory (MB): Use = 1659, Free = 1120, Total = 2780, Max = 3998                                    (00:00.739 / 00:34.284, 1Gb)
Run jekyll: jekyll build --destination "/tmp/ans.fhir.fr.tddui#1.1.0-milestone/output" (in folder /tmp/ans.fhir.fr.tddui#1.1.0-milestone/temp/pages) (00:00.000 / 00:34.285, 1Gb)
Troubleshooting Note: usual cases for Jekyll to fail are:                                            (00:00.000 / 00:34.286, 1Gb)
* A failure to produce a fragment that is already logged in the output above                         (00:00.000 / 00:34.286, 1Gb)
* A reference to a manually edited file that hasn't been provided                                    (00:00.000 / 00:34.287, 1Gb)
Jekyll: Source: /tmp/ans.fhir.fr.tddui#1.1.0-milestone/temp/pages                                    (00:00.364 / 00:34.652, 1Gb)
Jekyll: Generating...                                                                                (00:00.000 / 00:34.652, 1Gb)
Jekyll: done in 1.571 seconds.                                                                       (00:01.570 / 00:36.223, 1Gb)

Installing ans.fhir.fr.tddui#1.1.0
Checking Output HTML                                                                                 (00:00.343 / 00:36.567, 1Gb)
found 978 files                                                                                      (00:00.005 / 00:36.573, 1Gb)
........................................
........................................
  ... 978 html files, 0 pages invalid xhtml (0%)                                                     (00:03.184 / 00:39.757, 1Gb)
  ... 34057 links, 0 broken links (0%)                                                               (00:00.000 / 00:39.758, 1Gb)
Generate fragment-usage-analysis.csv                                                                 (00:00.000 / 00:39.759, 1Gb)
Build final .zip                                                                                     (00:00.005 / 00:39.764, 1Gb)
Final .zip built                                                                                     (00:01.356 / 00:41.121, 1Gb)
Built. Times: loading: 00:00.686, generate: 00:28.215, narrative generation: 00:00.220, realm-rules: 00:00.000, previous-version: 00:03.690, jekyll: 00:01.947, validation: 00:03.008 (#7), template: 00:02.994 (#3) (00:02.140 / 00:43.261, 1Gb)
Generating QA                                                                                        (00:00.000 / 00:43.262, 1Gb)
Internal error in location for message: 'Error @1, 1: Found / expecting a token name', loc = '/tmp/ans.fhir.fr.tddui#1.1.0-milestone/output/cda/terminology.html', err = 'The html source does not contain the publish box; this is recommended for publishing support'
Internal error in location for message: 'Error @1, 1: Found / expecting a token name', loc = '/tmp/ans.fhir.fr.tddui#1.1.0-milestone/output/cda/terminology.html#/html/head/script at Line 10, col', err = 'The <script> containing the javascript 'window.treeTableColl'... is illegal and not allowed on the H'
Internal error in location for message: 'Error @1, 1: Found / expecting a token name', loc = '/tmp/ans.fhir.fr.tddui#1.1.0-milestone/output/cda/terminology.html#/html/body/script at Line 19, col', err = 'The <script> containing the javascript '// Envoie la hauteur'... is illegal and not allowed on the H'
Internal error in location for message: 'Error @1, 1: Found / expecting a token name', loc = '/tmp/ans.fhir.fr.tddui#1.1.0-milestone/output/cda/tmp-1.2.250.1.213.1.1.1.1.10.10-2024-12-03T172030.', err = 'The <script> containing the javascript 'window.treeTableColl'... is illegal and not allowed on the H'
Internal error in location for message: 'Error @1, 1: Found / expecting a token name', loc = '/tmp/ans.fhir.fr.tddui#1.1.0-milestone/output/cda/tmp-1.2.250.1.213.1.1.1.1.10.10-2024-12-03T172030.', err = 'The html source has duplicate anchor Ids: _1.2.250.1.213.1.1.1.1.9.218_,_1.2.250.1.213.1.1.1.1.9.219'
Internal error in location for message: 'Error @1, 1: Found / expecting a token name', loc = '/tmp/ans.fhir.fr.tddui#1.1.0-milestone/output/cda/tmp-1.2.250.1.213.1.1.1.1.10.12-2024-09-10T104919.', err = 'The html source has duplicate anchor Ids: _1.2.250.1.213.1.1.1.1.9.218_,_1.2.250.1.213.1.1.1.1.9.219'
Internal error in location for message: 'Error @1, 1: Found / expecting a token name', loc = '/tmp/ans.fhir.fr.tddui#1.1.0-milestone/output/cda/tmp-1.2.250.1.213.1.1.1.1.10.14-2023-12-15T163609.', err = 'The html source has duplicate anchor Ids: _1.2.250.1.213.1.1.1.1.9.218_,_1.2.250.1.213.1.1.1.1.9.219'
Internal error in location for message: 'Error @1, 1: Found / expecting a token name', loc = '/tmp/ans.fhir.fr.tddui#1.1.0-milestone/output/cda/tmp-1.2.250.1.213.1.1.1.1.10.15-2023-12-15T171349.', err = 'The html source has duplicate anchor Ids: _1.2.250.1.213.1.1.1.1.9.218_,_1.2.250.1.213.1.1.1.1.9.219'
Internal error in location for message: 'Error @1, 1: Found / expecting a token name', loc = '/tmp/ans.fhir.fr.tddui#1.1.0-milestone/output/cda/tmp-1.2.250.1.213.1.1.1.1.10.16-2023-12-15T170436.', err = 'The html source has duplicate anchor Ids: _1.2.250.1.213.1.1.1.1.9.218_,_1.2.250.1.213.1.1.1.1.9.219'
Internal error in location for message: 'Error @1, 1: Found / expecting a token name', loc = '/tmp/ans.fhir.fr.tddui#1.1.0-milestone/output/cda/tmp-1.2.250.1.213.1.1.1.1.10.2-2024-12-20T130919.h', err = 'The html source has duplicate anchor Ids: _1.2.250.1.213.1.1.1.1.9.218_,_1.2.250.1.213.1.1.1.1.9.219'
Internal error in location for message: 'Error @1, 1: Found / expecting a token name', loc = '/tmp/ans.fhir.fr.tddui#1.1.0-milestone/output/cda/tmp-1.2.250.1.213.1.1.1.1.10.4-2024-11-20T161310.h', err = 'The html source has duplicate anchor Ids: _1.2.250.1.213.1.1.1.1.9.218_,_1.2.250.1.213.1.1.1.1.9.219'
Internal error in location for message: 'Error @1, 1: Found / expecting a token name', loc = '/tmp/ans.fhir.fr.tddui#1.1.0-milestone/output/cda/tmp-1.2.250.1.213.1.1.1.1.10.6-2024-10-11T151018.h', err = 'The html source has duplicate anchor Ids: _1.2.250.1.213.1.1.1.1.9.218_,_1.2.250.1.213.1.1.1.1.9.219'
Internal error in location for message: 'Error @1, 1: Found / expecting a token name', loc = '/tmp/ans.fhir.fr.tddui#1.1.0-milestone/output/cda/tmp-1.2.250.1.213.1.1.1.1.10.7-2024-09-27T104314.h', err = 'The html source has duplicate anchor Ids: _1.2.250.1.213.1.1.1.1.9.218_,_1.2.250.1.213.1.1.1.1.9.219'
Internal error in location for message: 'Error @1, 1: Found / expecting a token name', loc = '/tmp/ans.fhir.fr.tddui#1.1.0-milestone/output/cda/tmp-1.2.250.1.213.1.1.1.1.10.9-2023-12-14T150730.h', err = 'The html source has duplicate anchor Ids: _1.2.250.1.213.1.1.1.1.9.218_,_1.2.250.1.213.1.1.1.1.9.219'
Internal error in location for message: 'Error @1, 1: Found / expecting a token name', loc = '/tmp/ans.fhir.fr.tddui#1.1.0-milestone/output/cda/tmp-1.2.250.1.213.1.1.1.58-2025-01-21T160337.html', err = 'The html source has duplicate anchor Ids: _1.2.250.1.213.1.1.1.1.9.218_,_1.2.250.1.213.1.1.1.1.9.219'
Internal error in location for message: 'Error @1, 1: Found / expecting a token name', loc = '/tmp/ans.fhir.fr.tddui#1.1.0-milestone/output/cda/tmp-1.2.250.1.213.1.1.1.99.99.10.85-2024-10-31T171', err = 'The html source has duplicate anchor Ids: _1.2.250.1.213.1.1.1.1.9.218_,_1.2.250.1.213.1.1.1.1.9.219'
Internal error in location for message: 'Error @1, 1: Found / expecting a token name', loc = '/tmp/ans.fhir.fr.tddui#1.1.0-milestone/output/cda/tmp-1.2.250.1.213.1.1.2.246-2024-10-21T160707.html', err = 'The html source has duplicate anchor Ids: _1.2.250.1.213.1.1.1.1.9.218_,_1.2.250.1.213.1.1.1.1.9.219'
Internal error in location for message: 'Error @1, 1: Found / expecting a token name', loc = '/tmp/ans.fhir.fr.tddui#1.1.0-milestone/output/cda/tmp-1.2.250.1.213.1.1.3.215-2024-10-18T170010.html', err = 'The html source has duplicate anchor Ids: _1.2.250.1.213.1.1.1.1.9.218_,_1.2.250.1.213.1.1.1.1.9.219'
Internal error in location for message: 'Error @1, 1: Found / expecting a token name', loc = '/tmp/ans.fhir.fr.tddui#1.1.0-milestone/output/cda/tmp-1.2.250.1.213.1.1.3.216-2024-12-19T141744.html', err = 'The html source has duplicate anchor Ids: _1.2.250.1.213.1.1.1.1.9.218_,_1.2.250.1.213.1.1.1.1.9.219'
Internal error in location for message: 'Error @1, 1: Found / expecting a token name', loc = '/tmp/ans.fhir.fr.tddui#1.1.0-milestone/output/cda/tmp-1.2.250.1.213.1.1.3.217-2024-09-06T142804.html', err = 'The html source has duplicate anchor Ids: _1.2.250.1.213.1.1.1.1.9.218_,_1.2.250.1.213.1.1.1.1.9.219'
Internal error in location for message: 'Error @1, 1: Found / expecting a token name', loc = '/tmp/ans.fhir.fr.tddui#1.1.0-milestone/output/cda/tmp-1.2.250.1.213.1.1.3.218-2024-09-17T165718.html', err = 'The html source has duplicate anchor Ids: _1.2.250.1.213.1.1.1.1.9.218_,_1.2.250.1.213.1.1.1.1.9.219'
Internal error in location for message: 'Error @1, 1: Found / expecting a token name', loc = '/tmp/ans.fhir.fr.tddui#1.1.0-milestone/output/cda/tmp-1.2.250.1.213.1.1.3.24-2024-09-10T092953.html', err = 'The html source has duplicate anchor Ids: _1.2.250.1.213.1.1.1.1.9.218_,_1.2.250.1.213.1.1.1.1.9.219'
Internal error in location for message: 'Error @1, 1: Found / expecting a token name', loc = '/tmp/ans.fhir.fr.tddui#1.1.0-milestone/output/cda/tmp-1.2.250.1.213.1.1.3.25-2024-10-21T164618.html', err = 'The html source has duplicate anchor Ids: _1.2.250.1.213.1.1.1.1.9.218_,_1.2.250.1.213.1.1.1.1.9.219'
Internal error in location for message: 'Error @1, 1: Found / expecting a token name', loc = '/tmp/ans.fhir.fr.tddui#1.1.0-milestone/output/cda/tmp-1.2.250.1.213.1.1.3.32-2024-10-29T142132.html', err = 'The html source has duplicate anchor Ids: _1.2.250.1.213.1.1.1.1.9.218_,_1.2.250.1.213.1.1.1.1.9.219'
Internal error in location for message: 'Error @1, 1: Found / expecting a token name', loc = '/tmp/ans.fhir.fr.tddui#1.1.0-milestone/output/cda/tmp-1.2.250.1.213.1.1.3.48-2024-10-29T154828.html', err = 'The html source has duplicate anchor Ids: _1.2.250.1.213.1.1.1.1.9.218_,_1.2.250.1.213.1.1.1.1.9.219'
Internal error in location for message: 'Error @1, 1: Found / expecting a token name', loc = '/tmp/ans.fhir.fr.tddui#1.1.0-milestone/output/cda/tmp-1.2.250.1.213.1.1.3.48.6-2024-10-29T152050.htm', err = 'The html source has duplicate anchor Ids: _1.2.250.1.213.1.1.1.1.9.218_,_1.2.250.1.213.1.1.1.1.9.219'
Internal error in location for message: 'Error @1, 1: Found / expecting a token name', loc = '/tmp/ans.fhir.fr.tddui#1.1.0-milestone/output/cda/tmp-1.2.250.1.213.1.1.3.48.7-2024-10-21T174323.htm', err = 'The html source has duplicate anchor Ids: _1.2.250.1.213.1.1.1.1.9.218_,_1.2.250.1.213.1.1.1.1.9.219'
Internal error in location for message: 'Error @1, 1: Found / expecting a token name', loc = '/tmp/ans.fhir.fr.tddui#1.1.0-milestone/output/documentation.html#/html/body/div/div/div/div/div/scri', err = 'The <script> containing the javascript 'window.location.href'... is illegal and not allowed on the H'
Internal error in location for message: 'Error @1, 1: Found / expecting a token name', loc = '/tmp/ans.fhir.fr.tddui#1.1.0-milestone/output/searchform.html#/html/body/div/div/div/a/img/div/a/img', err = 'The <script> containing the javascript '$( document ).ready('... is illegal and not allowed on the H'
Internal error in location for message: 'Error @1, 1: Found / expecting a token name', loc = '/tmp/ans.fhir.fr.tddui#1.1.0-milestone/output/site_ans.html#/html/body/div/div/div/div/div/script at', err = 'The <script> containing the javascript 'window.location.href'... is illegal and not allowed on the H'
Internal error in location for message: 'Error @1, 1: Found / expecting a token name', loc = '/tmp/ans.fhir.fr.tddui#1.1.0-milestone/output/specs_cda.html#/html/body/div/div/div/div/div/script a', err = 'The <script> containing the javascript 'window.location.href'... is illegal and not allowed on the H'
Internal error in location for message: 'Error @1, 1: Found / expecting a token name', loc = '/tmp/ans.fhir.fr.tddui#1.1.0-milestone/output/specs_fhir.html#/html/body/div/div/div/div/div/script ', err = 'The <script> containing the javascript 'window.location.href'... is illegal and not allowed on the H'
Internal error in location for message: 'Error @1, 1: Found / expecting a token name', loc = '/tmp/ans.fhir.fr.tddui#1.1.0-milestone/output/terminology_cda.html#/html/body/div/div/div/div/div/sc', err = 'The <script> containing the javascript 'window.addEventListe'... is illegal and not allowed on the H'
Validation output in /tmp/ans.fhir.fr.tddui#1.1.0-milestone/output/qa.html
Errors: 0, Warnings: 49, Info: 16, Broken Links: 0 (00:00.417 / 00:43.679, 1Gb)
Finished. Max Memory Used = 2Gb. Log file saved in /tmp/fhir-ig-publisher-tmp.log                    (00:00.003 / 00:43.683, 1Gb)
Keep a copy of the build directory at /tmp/web-root/run-20250226/ig-build-zips/ans.fhir.fr.tddui#1.1.0.zip

ok. All checks passed. Publish v1.1.0 to /tmp/web-root/run-20250226/tddui/1.1.0
Copy the IG to /tmp/web-root/run-20250226/tddui/1.1.0
Update /tmp/web-root/run-20250226/tddui/package-list.json
Publish Box Statement: This page is part of the Mdicosocial - Transfert de donnes DUI (v1.1.0: Release) based on <a no-external="true" href="http://hl7.org/fhir/R4">FHIR (HL7 FHIR Standard) R4</a>. This is the current published version in its permanent home (it will always be available at this URL).  For a full list of available versions, see the <a no-external="true" href="https://interop.esante.gouv.fr/ig/fhir/tddui/history.html">Directory of published versions</a>
no html insert in /tmp/web-root/run-20250226/tddui/1.1.0/cda/voc-1.2.250.1.213.3.3.252-2024-10-25T120000.html
no html insert in /tmp/web-root/run-20250226/tddui/1.1.0/cda/voc-1.2.250.1.213.1.1.5.806-2025-01-15T171206.html
no html insert in /tmp/web-root/run-20250226/tddui/1.1.0/cda/voc-2.16.840.1.113883.1.11.15933-2014-03-26T000000.html
no html insert in /tmp/web-root/run-20250226/tddui/1.1.0/cda/voc-1.2.250.1.213.3.4.218-2023-12-15T120000.html
no html insert in /tmp/web-root/run-20250226/tddui/1.1.0/cda/voc-1.2.250.1.213.1.1.5.590-2021-03-26T120000.html
no html insert in /tmp/web-root/run-20250226/tddui/1.1.0/cda/voc-1.2.250.1.213.1.1.5.801-2024-09-02T000000.html
no html insert in /tmp/web-root/run-20250226/tddui/1.1.0/cda/voc-1.2.250.1.213.3.3.253-2024-10-25T120000.html
no html insert in /tmp/web-root/run-20250226/tddui/1.1.0/cda/tmp-1.2.250.1.213.1.1.3.216-2024-12-19T141744.html
no html insert in /tmp/web-root/run-20250226/tddui/1.1.0/cda/tmp-1.2.250.1.213.1.1.1.1.10.11-2024-10-22T162900.html
no html insert in /tmp/web-root/run-20250226/tddui/1.1.0/cda/tmp-1.2.250.1.213.1.1.1.99.99.10.85-2024-10-31T171901.html
no html insert in /tmp/web-root/run-20250226/tddui/1.1.0/cda/tmp-1.2.250.1.213.1.1.1.1.10.9-2023-12-14T150730.html
no html insert in /tmp/web-root/run-20250226/tddui/1.1.0/cda/tmp-1.2.250.1.213.1.1.1.1.10.12-2024-09-10T104919.html
no html insert in /tmp/web-root/run-20250226/tddui/1.1.0/cda/voc-1.2.250.1.213.3.3.254-2024-10-25T120000.html
no html insert in /tmp/web-root/run-20250226/tddui/1.1.0/cda/voc-1.2.250.1.213.1.1.1.58.2024.11.1-2024-09-30T145433.html
no html insert in /tmp/web-root/run-20250226/tddui/1.1.0/cda/tmp-1.2.250.1.213.1.1.3.36-2024-11-14T144916.html
no html insert in /tmp/web-root/run-20250226/tddui/1.1.0/cda/tmp-1.2.250.1.213.1.1.3.61-2024-10-29T142700.html
no html insert in /tmp/web-root/run-20250226/tddui/1.1.0/cda/voc-1.2.250.1.213.1.1.5.528-2021-01-29T120000.html
no html insert in /tmp/web-root/run-20250226/tddui/1.1.0/cda/tmp-1.2.250.1.213.1.1.3.95-2024-10-16T152305.html
no html insert in /tmp/web-root/run-20250226/tddui/1.1.0/cda/voc-1.2.250.1.213.1.1.1.58.2024.11.3-2024-09-30T150022.html
no html insert in /tmp/web-root/run-20250226/tddui/1.1.0/cda/tmp-1.2.250.1.213.1.1.3.48.7-2024-10-21T174323.html
no html insert in /tmp/web-root/run-20250226/tddui/1.1.0/cda/voc-2.16.840.1.113883.1.11.10901-2014-03-26T000000.html
no html insert in /tmp/web-root/run-20250226/tddui/1.1.0/cda/tmp-1.2.250.1.213.1.1.3.214-2024-11-19T121425.html
no html insert in /tmp/web-root/run-20250226/tddui/1.1.0/cda/voc-1.2.250.1.213.1.1.5.591-2021-03-26T120000.html
no html insert in /tmp/web-root/run-20250226/tddui/1.1.0/cda/voc-1.2.250.1.213.1.1.5.809-2024-09-18T000000.html
no html insert in /tmp/web-root/run-20250226/tddui/1.1.0/cda/voc-1.2.250.1.213.1.1.5.817-2024-12-19T000000.html
no html insert in /tmp/web-root/run-20250226/tddui/1.1.0/cda/tmp-1.2.250.1.213.1.1.1.1.10.18-2024-04-22T162929.html
no html insert in /tmp/web-root/run-20250226/tddui/1.1.0/cda/tmp-1.2.250.1.213.1.1.2.249-2024-09-18T104731.html
no html insert in /tmp/web-root/run-20250226/tddui/1.1.0/cda/voc-1.2.250.1.213.1.1.5.718-2023-03-31T120000.html
no html insert in /tmp/web-root/run-20250226/tddui/1.1.0/cda/voc-1.2.250.1.213.1.1.5.125-2010-01-01T000000.html
no html insert in /tmp/web-root/run-20250226/tddui/1.1.0/cda/voc-1.2.250.1.213.1.1.5.803-2024-09-06T000000.html
no html insert in /tmp/web-root/run-20250226/tddui/1.1.0/cda/voc-1.2.250.1.213.1.1.5.588-2021-03-26T120000.html
no html insert in /tmp/web-root/run-20250226/tddui/1.1.0/cda/tmp-1.2.250.1.213.1.1.1.1.10.14-2023-12-15T163609.html
no html insert in /tmp/web-root/run-20250226/tddui/1.1.0/cda/tmp-1.2.250.1.213.1.1.3.48.18-2024-11-14T165825.html
no html insert in /tmp/web-root/run-20250226/tddui/1.1.0/cda/voc-1.2.250.1.213.1.1.5.124-2018-03-30T120000.html
no html insert in /tmp/web-root/run-20250226/tddui/1.1.0/cda/tmp-1.2.250.1.213.1.1.2.248-2024-09-06T174901.html
no html insert in /tmp/web-root/run-20250226/tddui/1.1.0/cda/tmp-1.2.250.1.213.1.1.3.109-2024-11-20T154401.html
no html insert in /tmp/web-root/run-20250226/tddui/1.1.0/cda/tmp-1.2.250.1.213.1.1.3.48.6-2024-10-29T152050.html
no html insert in /tmp/web-root/run-20250226/tddui/1.1.0/cda/voc-1.2.250.1.213.1.1.5.802-2024-09-06T000000.html
no html insert in /tmp/web-root/run-20250226/tddui/1.1.0/cda/voc-1.2.250.1.213.1.1.5.816-2024-12-19T000000.html
no html insert in /tmp/web-root/run-20250226/tddui/1.1.0/cda/voc-1.2.250.1.213.1.1.5.811-2024-09-24T000000.html
no html insert in /tmp/web-root/run-20250226/tddui/1.1.0/cda/voc-1.2.250.1.213.1.1.5.719-2023-03-31T120000.html
no html insert in /tmp/web-root/run-20250226/tddui/1.1.0/cda/voc-1.2.250.1.213.1.1.5.467-2010-11-04T000000.html
no html insert in /tmp/web-root/run-20250226/tddui/1.1.0/cda/voc-1.2.250.1.213.1.1.5.140-2010-01-01T000000.html
no html insert in /tmp/web-root/run-20250226/tddui/1.1.0/cda/tmp-1.2.250.1.213.1.1.1.1.10.17-2024-02-20T154733.html
no html insert in /tmp/web-root/run-20250226/tddui/1.1.0/cda/tmp-1.2.250.1.213.1.1.3.48-2024-10-29T154828.html
no html insert in /tmp/web-root/run-20250226/tddui/1.1.0/cda/tmp-1.2.250.1.213.1.1.1.1.10.15-2023-12-15T171349.html
no html insert in /tmp/web-root/run-20250226/tddui/1.1.0/cda/tmp-1.2.250.1.213.1.1.1.1.10.6-2024-10-11T151018.html
no html insert in /tmp/web-root/run-20250226/tddui/1.1.0/cda/tmp-1.2.250.1.213.1.1.1.1.10.25-2024-09-30T105040.html
no html insert in /tmp/web-root/run-20250226/tddui/1.1.0/cda/tmp-1.2.250.1.213.1.1.2.37-2024-10-29T141153.html
no html insert in /tmp/web-root/run-20250226/tddui/1.1.0/cda/tmp-1.2.250.1.213.1.1.2.246-2024-10-21T160707.html
no html insert in /tmp/web-root/run-20250226/tddui/1.1.0/cda/tmp-1.2.250.1.213.1.1.3.220-2024-11-19T102244.html
no html insert in /tmp/web-root/run-20250226/tddui/1.1.0/cda/voc-1.2.250.1.213.3.3.251-2024-10-25T120000.html
no html insert in /tmp/web-root/run-20250226/tddui/1.1.0/cda/voc-1.2.250.1.213.3.4.219-2024-09-27T120000.html
no html insert in /tmp/web-root/run-20250226/tddui/1.1.0/cda/voc-1.2.250.1.213.1.1.5.126-2010-01-01T000000.html
no html insert in /tmp/web-root/run-20250226/tddui/1.1.0/cda/tmp-1.2.250.1.213.1.1.1.1.10.2-2024-12-20T130919.html
no html insert in /tmp/web-root/run-20250226/tddui/1.1.0/cda/tmp-1.2.250.1.213.1.1.1.1.10.3-2024-04-29T110947.html
no html insert in /tmp/web-root/run-20250226/tddui/1.1.0/cda/terminology.html
no html insert in /tmp/web-root/run-20250226/tddui/1.1.0/cda/tmp-1.2.250.1.213.1.1.3.24-2024-09-10T092953.html
no html insert in /tmp/web-root/run-20250226/tddui/1.1.0/cda/tmp-1.2.250.1.213.1.1.1.1.10.5-2017-12-11T145049.html
no html insert in /tmp/web-root/run-20250226/tddui/1.1.0/cda/voc-1.2.250.1.213.1.1.5.589-2021-03-26T120000.html
no html insert in /tmp/web-root/run-20250226/tddui/1.1.0/cda/tmp-1.2.250.1.213.1.1.3.217-2024-09-06T142804.html
no html insert in /tmp/web-root/run-20250226/tddui/1.1.0/cda/tmp-1.2.250.1.213.1.1.3.18-2024-10-29T143105.html
no html insert in /tmp/web-root/run-20250226/tddui/1.1.0/cda/tmp-1.2.250.1.213.1.1.1.1.10.13-2023-12-15T171555.html
no html insert in /tmp/web-root/run-20250226/tddui/1.1.0/cda/voc-1.2.250.1.213.3.3.16-2016-09-01T000000.html
no html insert in /tmp/web-root/run-20250226/tddui/1.1.0/cda/tmp-1.2.250.1.213.1.1.1.1.10.16-2023-12-15T170436.html
no html insert in /tmp/web-root/run-20250226/tddui/1.1.0/cda/voc-1.2.250.1.213.1.1.5.807-2024-09-18T000000.html
no html insert in /tmp/web-root/run-20250226/tddui/1.1.0/cda/tmp-1.2.250.1.213.1.1.1.1.10.19-2020-02-06T100000.html
no html insert in /tmp/web-root/run-20250226/tddui/1.1.0/cda/tmp-1.2.250.1.213.1.1.3.215-2024-10-18T170010.html
no html insert in /tmp/web-root/run-20250226/tddui/1.1.0/cda/tmp-1.2.250.1.213.1.1.1.1.10.4-2024-11-20T161310.html
no html insert in /tmp/web-root/run-20250226/tddui/1.1.0/cda/tmp-1.2.250.1.213.1.1.1.58-2025-01-21T160337.html
no html insert in /tmp/web-root/run-20250226/tddui/1.1.0/cda/tmp-1.2.250.1.213.1.1.1.1.10.10-2024-12-03T172030.html
no html insert in /tmp/web-root/run-20250226/tddui/1.1.0/cda/voc-1.2.250.1.213.1.1.5.805-2025-01-15T171230.html
no html insert in /tmp/web-root/run-20250226/tddui/1.1.0/cda/voc-1.2.250.1.213.1.1.5.461-2012-11-12T000000.html
no html insert in /tmp/web-root/run-20250226/tddui/1.1.0/cda/voc-1.2.250.1.213.1.1.5.73-2010-01-01T000000.html
no html insert in /tmp/web-root/run-20250226/tddui/1.1.0/cda/voc-2.16.840.1.113883.1.11.10228-2014-03-26T000000.html
no html insert in /tmp/web-root/run-20250226/tddui/1.1.0/cda/tmp-1.2.250.1.213.1.1.3.218-2024-09-17T165718.html
no html insert in /tmp/web-root/run-20250226/tddui/1.1.0/cda/tmp-1.2.250.1.213.1.1.3.219-2024-10-17T211142.html
no html insert in /tmp/web-root/run-20250226/tddui/1.1.0/cda/tmp-1.2.250.1.213.1.1.3.94-2024-10-29T152810.html
no html insert in /tmp/web-root/run-20250226/tddui/1.1.0/cda/voc-1.2.250.1.213.1.6.1.168-2019-08-30T120000.html
no html insert in /tmp/web-root/run-20250226/tddui/1.1.0/cda/voc-1.2.250.1.213.1.1.5.466-2014-10-08T000000.html
no html insert in /tmp/web-root/run-20250226/tddui/1.1.0/cda/voc-1.2.250.1.213.1.1.5.53-2010-01-01T000000.html
no html insert in /tmp/web-root/run-20250226/tddui/1.1.0/cda/voc-1.2.250.1.213.1.1.1.58.2024.11.2-2024-09-30T145837.html
no html insert in /tmp/web-root/run-20250226/tddui/1.1.0/cda/voc-1.2.250.1.213.1.1.5.808-2024-09-18T000000.html
no html insert in /tmp/web-root/run-20250226/tddui/1.1.0/cda/tmp-1.2.250.1.213.1.1.1.1.10.7-2024-09-27T104314.html
no html insert in /tmp/web-root/run-20250226/tddui/1.1.0/cda/voc-1.2.250.1.213.1.1.5.804-2024-09-06T000000.html
no html insert in /tmp/web-root/run-20250226/tddui/1.1.0/cda/tmp-1.2.250.1.213.1.1.3.32-2024-10-29T142132.html
no html insert in /tmp/web-root/run-20250226/tddui/1.1.0/cda/tmp-1.2.250.1.213.1.1.2.79-2024-10-29T140733.html
no html insert in /tmp/web-root/run-20250226/tddui/1.1.0/cda/tmp-1.2.250.1.213.1.1.3.25-2024-10-21T164618.html
  .. 81 files checked, 81 updated
  .. 27 clones checked, 50 updated
  .. 7 redirections (7 created/updated)
This is a milestone release - publish v1.1.0 to /tmp/web-root/run-20250226/tddui
Update publish box for version 1.1.0-ballot @ https://interop.esante.gouv.fr/ig/fhir/tddui/1.1.0-ballot
Publish Box Statement: This page is part of the Mdicosocial - Transfert de donnes DUI (v1.1.0-ballot: Release) based on <a no-external="true" href="http://hl7.org/fhir/R4">FHIR (HL7 FHIR Standard) R4</a>. The current version which supersedes this version is <a no-external="true" href="https://interop.esante.gouv.fr/ig/fhir/tddui{{fn}}">1.1.0</a>.  For a full list of available versions, see the <a no-external="true" href="https://interop.esante.gouv.fr/ig/fhir/tddui/history.html">Directory of published versions</a>
no html insert in /tmp/web-root/run-20250226/tddui/1.1.0-ballot/cda/TDDUI-html/tmp-1.2.250.1.213.1.1.1.58-2024-07-04T090407.html
no html insert in /tmp/web-root/run-20250226/tddui/1.1.0-ballot/cda/TDDUI-html/voc-2.16.840.1.113883.1.11.15933-2014-03-26T000000.html
no html insert in /tmp/web-root/run-20250226/tddui/1.1.0-ballot/cda/TDDUI-html/tmp-1.2.250.1.213.1.1.1.1.10.2-2023-12-15T171133.html
no html insert in /tmp/web-root/run-20250226/tddui/1.1.0-ballot/cda/TDDUI-html/tmp-1.2.250.1.213.1.1.3.216-2024-10-18T100433.html
no html insert in /tmp/web-root/run-20250226/tddui/1.1.0-ballot/cda/TDDUI-html/tmp-1.2.250.1.213.1.1.3.214-2024-10-21T172216.html
no html insert in /tmp/web-root/run-20250226/tddui/1.1.0-ballot/cda/TDDUI-html/voc-1.2.250.1.213.1.1.5.590-2021-03-26T120000.html
no html insert in /tmp/web-root/run-20250226/tddui/1.1.0-ballot/cda/TDDUI-html/voc-1.2.250.1.213.1.1.5.801-2024-09-02T000000.html
no html insert in /tmp/web-root/run-20250226/tddui/1.1.0-ballot/cda/TDDUI-html/tmp-1.2.250.1.213.1.1.3.48.18-2024-09-17T093403.html
no html insert in /tmp/web-root/run-20250226/tddui/1.1.0-ballot/cda/TDDUI-html/tmp-1.2.250.1.213.1.1.1.1.10.11-2024-10-22T162900.html
no html insert in /tmp/web-root/run-20250226/tddui/1.1.0-ballot/cda/TDDUI-html/tmp-1.2.250.1.213.1.1.1.1.10.9-2023-12-14T150730.html
no html insert in /tmp/web-root/run-20250226/tddui/1.1.0-ballot/cda/TDDUI-html/tmp-1.2.250.1.213.1.1.1.1.10.12-2024-09-10T104919.html
no html insert in /tmp/web-root/run-20250226/tddui/1.1.0-ballot/cda/TDDUI-html/voc-1.2.250.1.213.1.1.1.58.2024.11.1-2024-09-30T145433.html
no html insert in /tmp/web-root/run-20250226/tddui/1.1.0-ballot/cda/TDDUI-html/tmp-1.2.250.1.213.1.1.3.61-2024-10-29T142700.html
no html insert in /tmp/web-root/run-20250226/tddui/1.1.0-ballot/cda/TDDUI-html/voc-1.2.250.1.213.1.1.5.528-2021-01-29T120000.html
no html insert in /tmp/web-root/run-20250226/tddui/1.1.0-ballot/cda/TDDUI-html/tmp-1.2.250.1.213.1.1.3.95-2024-10-16T152305.html
no html insert in /tmp/web-root/run-20250226/tddui/1.1.0-ballot/cda/TDDUI-html/voc-1.2.250.1.213.1.1.1.58.2024.11.3-2024-09-30T150022.html
no html insert in /tmp/web-root/run-20250226/tddui/1.1.0-ballot/cda/TDDUI-html/tmp-1.2.250.1.213.1.1.3.48.7-2024-10-21T174323.html
no html insert in /tmp/web-root/run-20250226/tddui/1.1.0-ballot/cda/TDDUI-html/voc-2.16.840.1.113883.1.11.10901-2014-03-26T000000.html
no html insert in /tmp/web-root/run-20250226/tddui/1.1.0-ballot/cda/TDDUI-html/voc-1.2.250.1.213.1.1.5.591-2021-03-26T120000.html
no html insert in /tmp/web-root/run-20250226/tddui/1.1.0-ballot/cda/TDDUI-html/voc-1.2.250.1.213.1.1.5.809-2024-09-18T000000.html
no html insert in /tmp/web-root/run-20250226/tddui/1.1.0-ballot/cda/TDDUI-html/tmp-1.2.250.1.213.1.1.1.1.10.18-2024-04-22T162929.html
no html insert in /tmp/web-root/run-20250226/tddui/1.1.0-ballot/cda/TDDUI-html/tmp-1.2.250.1.213.1.1.2.249-2024-09-18T104731.html
no html insert in /tmp/web-root/run-20250226/tddui/1.1.0-ballot/cda/TDDUI-html/voc-1.2.250.1.213.1.1.5.718-2023-03-31T120000.html
no html insert in /tmp/web-root/run-20250226/tddui/1.1.0-ballot/cda/TDDUI-html/voc-1.2.250.1.213.1.1.5.125-2010-01-01T000000.html
no html insert in /tmp/web-root/run-20250226/tddui/1.1.0-ballot/cda/TDDUI-html/voc-1.2.250.1.213.1.1.5.803-2024-09-06T000000.html
no html insert in /tmp/web-root/run-20250226/tddui/1.1.0-ballot/cda/TDDUI-html/voc-1.2.250.1.213.1.1.5.588-2021-03-26T120000.html
no html insert in /tmp/web-root/run-20250226/tddui/1.1.0-ballot/cda/TDDUI-html/tmp-1.2.250.1.213.1.1.1.1.10.14-2023-12-15T163609.html
no html insert in /tmp/web-root/run-20250226/tddui/1.1.0-ballot/cda/TDDUI-html/voc-1.2.250.1.213.1.1.5.124-2018-03-30T120000.html
no html insert in /tmp/web-root/run-20250226/tddui/1.1.0-ballot/cda/TDDUI-html/tmp-1.2.250.1.213.1.1.2.248-2024-09-06T174901.html
no html insert in /tmp/web-root/run-20250226/tddui/1.1.0-ballot/cda/TDDUI-html/tmp-1.2.250.1.213.1.1.3.48.6-2024-10-29T152050.html
no html insert in /tmp/web-root/run-20250226/tddui/1.1.0-ballot/cda/TDDUI-html/voc-1.2.250.1.213.1.1.5.802-2024-09-06T000000.html
no html insert in /tmp/web-root/run-20250226/tddui/1.1.0-ballot/cda/TDDUI-html/voc-1.2.250.1.213.1.1.5.466-2024-10-31T144004.html
no html insert in /tmp/web-root/run-20250226/tddui/1.1.0-ballot/cda/TDDUI-html/tmp-1.2.250.1.213.1.1.1.1.10.10-2023-12-15T171520.html
no html insert in /tmp/web-root/run-20250226/tddui/1.1.0-ballot/cda/TDDUI-html/voc-1.2.250.1.213.1.1.5.811-2024-09-24T000000.html
no html insert in /tmp/web-root/run-20250226/tddui/1.1.0-ballot/cda/TDDUI-html/voc-1.2.250.1.213.1.1.5.719-2023-03-31T120000.html
no html insert in /tmp/web-root/run-20250226/tddui/1.1.0-ballot/cda/TDDUI-html/voc-1.2.250.1.213.1.1.5.467-2010-11-04T000000.html
no html insert in /tmp/web-root/run-20250226/tddui/1.1.0-ballot/cda/TDDUI-html/voc-1.2.250.1.213.1.1.5.140-2010-01-01T000000.html
no html insert in /tmp/web-root/run-20250226/tddui/1.1.0-ballot/cda/TDDUI-html/tmp-1.2.250.1.213.1.1.1.1.10.17-2024-02-20T154733.html
no html insert in /tmp/web-root/run-20250226/tddui/1.1.0-ballot/cda/TDDUI-html/tmp-1.2.250.1.213.1.1.3.36-2024-10-29T154421.html
no html insert in /tmp/web-root/run-20250226/tddui/1.1.0-ballot/cda/TDDUI-html/tmp-1.2.250.1.213.1.1.3.48-2024-10-29T154828.html
no html insert in /tmp/web-root/run-20250226/tddui/1.1.0-ballot/cda/TDDUI-html/tmp-1.2.250.1.213.1.1.1.1.10.15-2023-12-15T171349.html
no html insert in /tmp/web-root/run-20250226/tddui/1.1.0-ballot/cda/TDDUI-html/tmp-1.2.250.1.213.1.1.1.1.10.6-2024-10-11T151018.html
no html insert in /tmp/web-root/run-20250226/tddui/1.1.0-ballot/cda/TDDUI-html/tmp-1.2.250.1.213.1.1.1.1.10.25-2024-09-30T105040.html
no html insert in /tmp/web-root/run-20250226/tddui/1.1.0-ballot/cda/TDDUI-html/tmp-1.2.250.1.213.1.1.2.37-2024-10-29T141153.html
no html insert in /tmp/web-root/run-20250226/tddui/1.1.0-ballot/cda/TDDUI-html/tmp-1.2.250.1.213.1.1.2.246-2024-10-21T160707.html
no html insert in /tmp/web-root/run-20250226/tddui/1.1.0-ballot/cda/TDDUI-html/voc-1.2.250.1.213.3.4.219-2024-09-27T120000.html
no html insert in /tmp/web-root/run-20250226/tddui/1.1.0-ballot/cda/TDDUI-html/voc-1.2.250.1.213.1.1.5.126-2010-01-01T000000.html
no html insert in /tmp/web-root/run-20250226/tddui/1.1.0-ballot/cda/TDDUI-html/tmp-1.2.250.1.213.1.1.1.1.10.3-2024-04-29T110947.html
no html insert in /tmp/web-root/run-20250226/tddui/1.1.0-ballot/cda/TDDUI-html/terminology.html
no html insert in /tmp/web-root/run-20250226/tddui/1.1.0-ballot/cda/TDDUI-html/tmp-1.2.250.1.213.1.1.1.1.10.4-2023-12-15T171243.html
no html insert in /tmp/web-root/run-20250226/tddui/1.1.0-ballot/cda/TDDUI-html/tmp-1.2.250.1.213.1.1.3.24-2024-09-10T092953.html
no html insert in /tmp/web-root/run-20250226/tddui/1.1.0-ballot/cda/TDDUI-html/tmp-1.2.250.1.213.1.1.1.1.10.5-2017-12-11T145049.html
no html insert in /tmp/web-root/run-20250226/tddui/1.1.0-ballot/cda/TDDUI-html/voc-1.2.250.1.213.1.1.5.589-2021-03-26T120000.html
no html insert in /tmp/web-root/run-20250226/tddui/1.1.0-ballot/cda/TDDUI-html/tmp-1.2.250.1.213.1.1.3.217-2024-09-06T142804.html
no html insert in /tmp/web-root/run-20250226/tddui/1.1.0-ballot/cda/TDDUI-html/tmp-1.2.250.1.213.1.1.3.18-2024-10-29T143105.html
no html insert in /tmp/web-root/run-20250226/tddui/1.1.0-ballot/cda/TDDUI-html/tmp-1.2.250.1.213.1.1.1.1.10.13-2023-12-15T171555.html
no html insert in /tmp/web-root/run-20250226/tddui/1.1.0-ballot/cda/TDDUI-html/voc-1.2.250.1.213.3.3.16-2016-09-01T000000.html
no html insert in /tmp/web-root/run-20250226/tddui/1.1.0-ballot/cda/TDDUI-html/tmp-1.2.250.1.213.1.1.1.1.10.16-2023-12-15T170436.html
no html insert in /tmp/web-root/run-20250226/tddui/1.1.0-ballot/cda/TDDUI-html/voc-1.2.250.1.213.1.1.5.807-2024-09-18T000000.html
no html insert in /tmp/web-root/run-20250226/tddui/1.1.0-ballot/cda/TDDUI-html/tmp-1.2.250.1.213.1.1.1.1.10.19-2020-02-06T100000.html
no html insert in /tmp/web-root/run-20250226/tddui/1.1.0-ballot/cda/TDDUI-html/tmp-1.2.250.1.213.1.1.3.215-2024-10-18T170010.html
no html insert in /tmp/web-root/run-20250226/tddui/1.1.0-ballot/cda/TDDUI-html/voc-1.2.250.1.213.1.1.5.461-2012-11-12T000000.html
no html insert in /tmp/web-root/run-20250226/tddui/1.1.0-ballot/cda/TDDUI-html/tmp-1.2.250.1.213.1.1.1.99.99.10.85-2023-10-13T105059.html
no html insert in /tmp/web-root/run-20250226/tddui/1.1.0-ballot/cda/TDDUI-html/voc-1.2.250.1.213.1.1.5.73-2010-01-01T000000.html
no html insert in /tmp/web-root/run-20250226/tddui/1.1.0-ballot/cda/TDDUI-html/voc-2.16.840.1.113883.1.11.10228-2014-03-26T000000.html
no html insert in /tmp/web-root/run-20250226/tddui/1.1.0-ballot/cda/TDDUI-html/tmp-1.2.250.1.213.1.1.3.109-2024-06-14T153411.html
no html insert in /tmp/web-root/run-20250226/tddui/1.1.0-ballot/cda/TDDUI-html/tmp-1.2.250.1.213.1.1.3.218-2024-09-17T165718.html
no html insert in /tmp/web-root/run-20250226/tddui/1.1.0-ballot/cda/TDDUI-html/tmp-1.2.250.1.213.1.1.3.219-2024-10-17T211142.html
no html insert in /tmp/web-root/run-20250226/tddui/1.1.0-ballot/cda/TDDUI-html/tmp-1.2.250.1.213.1.1.3.94-2024-10-29T152810.html
no html insert in /tmp/web-root/run-20250226/tddui/1.1.0-ballot/cda/TDDUI-html/voc-1.2.250.1.213.1.6.1.168-2019-08-30T120000.html
no html insert in /tmp/web-root/run-20250226/tddui/1.1.0-ballot/cda/TDDUI-html/voc-1.2.250.1.213.1.1.5.53-2010-01-01T000000.html
no html insert in /tmp/web-root/run-20250226/tddui/1.1.0-ballot/cda/TDDUI-html/voc-1.2.250.1.213.1.1.1.58.2024.11.2-2024-09-30T145837.html
no html insert in /tmp/web-root/run-20250226/tddui/1.1.0-ballot/cda/TDDUI-html/voc-1.2.250.1.213.1.1.5.808-2024-09-18T000000.html
no html insert in /tmp/web-root/run-20250226/tddui/1.1.0-ballot/cda/TDDUI-html/tmp-1.2.250.1.213.1.1.1.1.10.7-2024-09-27T104314.html
no html insert in /tmp/web-root/run-20250226/tddui/1.1.0-ballot/cda/TDDUI-html/voc-1.2.250.1.213.1.1.5.804-2024-09-06T000000.html
no html insert in /tmp/web-root/run-20250226/tddui/1.1.0-ballot/cda/TDDUI-html/tmp-1.2.250.1.213.1.1.3.32-2024-10-29T142132.html
no html insert in /tmp/web-root/run-20250226/tddui/1.1.0-ballot/cda/TDDUI-html/tmp-1.2.250.1.213.1.1.2.79-2024-10-29T140733.html
no html insert in /tmp/web-root/run-20250226/tddui/1.1.0-ballot/cda/TDDUI-html/tmp-1.2.250.1.213.1.1.3.25-2024-10-21T164618.html
  .. 74 files checked, 74 updated
  .. 47 clones checked, 0 updated
Update publish box for version 1.0.1 @ https://interop.esante.gouv.fr/ig/fhir/tddui/1.0.1
Publish Box Statement: This page is part of the Mdicosocial - Transfert de donnes DUI (v1.0.1: Release) based on <a no-external="true" href="http://hl7.org/fhir/R4">FHIR (HL7 FHIR Standard) R4</a>. The current version which supersedes this version is <a no-external="true" href="https://interop.esante.gouv.fr/ig/fhir/tddui{{fn}}">1.1.0</a>.  For a full list of available versions, see the <a no-external="true" href="https://interop.esante.gouv.fr/ig/fhir/tddui/history.html">Directory of published versions</a>
  .. 49 files checked, 49 updated
  .. 22 clones checked, 0 updated
Update publish box for version 1.0.1-ballot @ https://interop.esante.gouv.fr/ig/fhir/tddui/1.0.1-ballot
Publish Box Statement: This page is part of the Mdicosocial - Transfert de donnes DUI (v1.0.1-ballot: Release) based on <a no-external="true" href="http://hl7.org/fhir/R4">FHIR (HL7 FHIR Standard) R4</a>. The current version which supersedes this version is <a no-external="true" href="https://interop.esante.gouv.fr/ig/fhir/tddui{{fn}}">1.1.0</a>.  For a full list of available versions, see the <a no-external="true" href="https://interop.esante.gouv.fr/ig/fhir/tddui/history.html">Directory of published versions</a>
  .. 49 files checked, 49 updated
  .. 14 clones checked, 0 updated
Publish Box Statement: This page is part of the Mdicosocial - Transfert de donnes DUI (v1.1.0: Release) based on <a no-external="true" href="http://hl7.org/fhir/R4">FHIR (HL7 FHIR Standard) R4</a>. This is the current published version.  For a full list of available versions, see the <a no-external="true" href="https://interop.esante.gouv.fr/ig/fhir/tddui/history.html">Directory of published versions</a>
no html insert in /tmp/ans.fhir.fr.tddui#1.1.0-milestone/output/cda/voc-1.2.250.1.213.3.3.252-2024-10-25T120000.html
no html insert in /tmp/ans.fhir.fr.tddui#1.1.0-milestone/output/cda/voc-1.2.250.1.213.1.1.5.806-2025-01-15T171206.html
no html insert in /tmp/ans.fhir.fr.tddui#1.1.0-milestone/output/cda/voc-2.16.840.1.113883.1.11.15933-2014-03-26T000000.html
no html insert in /tmp/ans.fhir.fr.tddui#1.1.0-milestone/output/cda/voc-1.2.250.1.213.3.4.218-2023-12-15T120000.html
no html insert in /tmp/ans.fhir.fr.tddui#1.1.0-milestone/output/cda/voc-1.2.250.1.213.1.1.5.590-2021-03-26T120000.html
no html insert in /tmp/ans.fhir.fr.tddui#1.1.0-milestone/output/cda/voc-1.2.250.1.213.1.1.5.801-2024-09-02T000000.html
no html insert in /tmp/ans.fhir.fr.tddui#1.1.0-milestone/output/cda/voc-1.2.250.1.213.3.3.253-2024-10-25T120000.html
no html insert in /tmp/ans.fhir.fr.tddui#1.1.0-milestone/output/cda/tmp-1.2.250.1.213.1.1.3.216-2024-12-19T141744.html
no html insert in /tmp/ans.fhir.fr.tddui#1.1.0-milestone/output/cda/tmp-1.2.250.1.213.1.1.1.1.10.11-2024-10-22T162900.html
no html insert in /tmp/ans.fhir.fr.tddui#1.1.0-milestone/output/cda/tmp-1.2.250.1.213.1.1.1.99.99.10.85-2024-10-31T171901.html
no html insert in /tmp/ans.fhir.fr.tddui#1.1.0-milestone/output/cda/tmp-1.2.250.1.213.1.1.1.1.10.9-2023-12-14T150730.html
no html insert in /tmp/ans.fhir.fr.tddui#1.1.0-milestone/output/cda/tmp-1.2.250.1.213.1.1.1.1.10.12-2024-09-10T104919.html
no html insert in /tmp/ans.fhir.fr.tddui#1.1.0-milestone/output/cda/voc-1.2.250.1.213.3.3.254-2024-10-25T120000.html
no html insert in /tmp/ans.fhir.fr.tddui#1.1.0-milestone/output/cda/voc-1.2.250.1.213.1.1.1.58.2024.11.1-2024-09-30T145433.html
no html insert in /tmp/ans.fhir.fr.tddui#1.1.0-milestone/output/cda/tmp-1.2.250.1.213.1.1.3.36-2024-11-14T144916.html
no html insert in /tmp/ans.fhir.fr.tddui#1.1.0-milestone/output/cda/tmp-1.2.250.1.213.1.1.3.61-2024-10-29T142700.html
no html insert in /tmp/ans.fhir.fr.tddui#1.1.0-milestone/output/cda/voc-1.2.250.1.213.1.1.5.528-2021-01-29T120000.html
no html insert in /tmp/ans.fhir.fr.tddui#1.1.0-milestone/output/cda/tmp-1.2.250.1.213.1.1.3.95-2024-10-16T152305.html
no html insert in /tmp/ans.fhir.fr.tddui#1.1.0-milestone/output/cda/voc-1.2.250.1.213.1.1.1.58.2024.11.3-2024-09-30T150022.html
no html insert in /tmp/ans.fhir.fr.tddui#1.1.0-milestone/output/cda/tmp-1.2.250.1.213.1.1.3.48.7-2024-10-21T174323.html
no html insert in /tmp/ans.fhir.fr.tddui#1.1.0-milestone/output/cda/voc-2.16.840.1.113883.1.11.10901-2014-03-26T000000.html
no html insert in /tmp/ans.fhir.fr.tddui#1.1.0-milestone/output/cda/tmp-1.2.250.1.213.1.1.3.214-2024-11-19T121425.html
no html insert in /tmp/ans.fhir.fr.tddui#1.1.0-milestone/output/cda/voc-1.2.250.1.213.1.1.5.591-2021-03-26T120000.html
no html insert in /tmp/ans.fhir.fr.tddui#1.1.0-milestone/output/cda/voc-1.2.250.1.213.1.1.5.809-2024-09-18T000000.html
no html insert in /tmp/ans.fhir.fr.tddui#1.1.0-milestone/output/cda/voc-1.2.250.1.213.1.1.5.817-2024-12-19T000000.html
no html insert in /tmp/ans.fhir.fr.tddui#1.1.0-milestone/output/cda/tmp-1.2.250.1.213.1.1.1.1.10.18-2024-04-22T162929.html
no html insert in /tmp/ans.fhir.fr.tddui#1.1.0-milestone/output/cda/tmp-1.2.250.1.213.1.1.2.249-2024-09-18T104731.html
no html insert in /tmp/ans.fhir.fr.tddui#1.1.0-milestone/output/cda/voc-1.2.250.1.213.1.1.5.718-2023-03-31T120000.html
no html insert in /tmp/ans.fhir.fr.tddui#1.1.0-milestone/output/cda/voc-1.2.250.1.213.1.1.5.125-2010-01-01T000000.html
no html insert in /tmp/ans.fhir.fr.tddui#1.1.0-milestone/output/cda/voc-1.2.250.1.213.1.1.5.803-2024-09-06T000000.html
no html insert in /tmp/ans.fhir.fr.tddui#1.1.0-milestone/output/cda/voc-1.2.250.1.213.1.1.5.588-2021-03-26T120000.html
no html insert in /tmp/ans.fhir.fr.tddui#1.1.0-milestone/output/cda/tmp-1.2.250.1.213.1.1.1.1.10.14-2023-12-15T163609.html
no html insert in /tmp/ans.fhir.fr.tddui#1.1.0-milestone/output/cda/tmp-1.2.250.1.213.1.1.3.48.18-2024-11-14T165825.html
no html insert in /tmp/ans.fhir.fr.tddui#1.1.0-milestone/output/cda/voc-1.2.250.1.213.1.1.5.124-2018-03-30T120000.html
no html insert in /tmp/ans.fhir.fr.tddui#1.1.0-milestone/output/cda/tmp-1.2.250.1.213.1.1.2.248-2024-09-06T174901.html
no html insert in /tmp/ans.fhir.fr.tddui#1.1.0-milestone/output/cda/tmp-1.2.250.1.213.1.1.3.109-2024-11-20T154401.html
no html insert in /tmp/ans.fhir.fr.tddui#1.1.0-milestone/output/cda/tmp-1.2.250.1.213.1.1.3.48.6-2024-10-29T152050.html
no html insert in /tmp/ans.fhir.fr.tddui#1.1.0-milestone/output/cda/voc-1.2.250.1.213.1.1.5.802-2024-09-06T000000.html
no html insert in /tmp/ans.fhir.fr.tddui#1.1.0-milestone/output/cda/voc-1.2.250.1.213.1.1.5.816-2024-12-19T000000.html
no html insert in /tmp/ans.fhir.fr.tddui#1.1.0-milestone/output/cda/voc-1.2.250.1.213.1.1.5.811-2024-09-24T000000.html
no html insert in /tmp/ans.fhir.fr.tddui#1.1.0-milestone/output/cda/voc-1.2.250.1.213.1.1.5.719-2023-03-31T120000.html
no html insert in /tmp/ans.fhir.fr.tddui#1.1.0-milestone/output/cda/voc-1.2.250.1.213.1.1.5.467-2010-11-04T000000.html
no html insert in /tmp/ans.fhir.fr.tddui#1.1.0-milestone/output/cda/voc-1.2.250.1.213.1.1.5.140-2010-01-01T000000.html
no html insert in /tmp/ans.fhir.fr.tddui#1.1.0-milestone/output/cda/tmp-1.2.250.1.213.1.1.1.1.10.17-2024-02-20T154733.html
no html insert in /tmp/ans.fhir.fr.tddui#1.1.0-milestone/output/cda/tmp-1.2.250.1.213.1.1.3.48-2024-10-29T154828.html
no html insert in /tmp/ans.fhir.fr.tddui#1.1.0-milestone/output/cda/tmp-1.2.250.1.213.1.1.1.1.10.15-2023-12-15T171349.html
no html insert in /tmp/ans.fhir.fr.tddui#1.1.0-milestone/output/cda/tmp-1.2.250.1.213.1.1.1.1.10.6-2024-10-11T151018.html
no html insert in /tmp/ans.fhir.fr.tddui#1.1.0-milestone/output/cda/tmp-1.2.250.1.213.1.1.1.1.10.25-2024-09-30T105040.html
no html insert in /tmp/ans.fhir.fr.tddui#1.1.0-milestone/output/cda/tmp-1.2.250.1.213.1.1.2.37-2024-10-29T141153.html
no html insert in /tmp/ans.fhir.fr.tddui#1.1.0-milestone/output/cda/tmp-1.2.250.1.213.1.1.2.246-2024-10-21T160707.html
no html insert in /tmp/ans.fhir.fr.tddui#1.1.0-milestone/output/cda/tmp-1.2.250.1.213.1.1.3.220-2024-11-19T102244.html
no html insert in /tmp/ans.fhir.fr.tddui#1.1.0-milestone/output/cda/voc-1.2.250.1.213.3.3.251-2024-10-25T120000.html
no html insert in /tmp/ans.fhir.fr.tddui#1.1.0-milestone/output/cda/voc-1.2.250.1.213.3.4.219-2024-09-27T120000.html
no html insert in /tmp/ans.fhir.fr.tddui#1.1.0-milestone/output/cda/voc-1.2.250.1.213.1.1.5.126-2010-01-01T000000.html
no html insert in /tmp/ans.fhir.fr.tddui#1.1.0-milestone/output/cda/tmp-1.2.250.1.213.1.1.1.1.10.2-2024-12-20T130919.html
no html insert in /tmp/ans.fhir.fr.tddui#1.1.0-milestone/output/cda/tmp-1.2.250.1.213.1.1.1.1.10.3-2024-04-29T110947.html
no html insert in /tmp/ans.fhir.fr.tddui#1.1.0-milestone/output/cda/terminology.html
no html insert in /tmp/ans.fhir.fr.tddui#1.1.0-milestone/output/cda/tmp-1.2.250.1.213.1.1.3.24-2024-09-10T092953.html
no html insert in /tmp/ans.fhir.fr.tddui#1.1.0-milestone/output/cda/tmp-1.2.250.1.213.1.1.1.1.10.5-2017-12-11T145049.html
no html insert in /tmp/ans.fhir.fr.tddui#1.1.0-milestone/output/cda/voc-1.2.250.1.213.1.1.5.589-2021-03-26T120000.html
no html insert in /tmp/ans.fhir.fr.tddui#1.1.0-milestone/output/cda/tmp-1.2.250.1.213.1.1.3.217-2024-09-06T142804.html
no html insert in /tmp/ans.fhir.fr.tddui#1.1.0-milestone/output/cda/tmp-1.2.250.1.213.1.1.3.18-2024-10-29T143105.html
no html insert in /tmp/ans.fhir.fr.tddui#1.1.0-milestone/output/cda/tmp-1.2.250.1.213.1.1.1.1.10.13-2023-12-15T171555.html
no html insert in /tmp/ans.fhir.fr.tddui#1.1.0-milestone/output/cda/voc-1.2.250.1.213.3.3.16-2016-09-01T000000.html
no html insert in /tmp/ans.fhir.fr.tddui#1.1.0-milestone/output/cda/tmp-1.2.250.1.213.1.1.1.1.10.16-2023-12-15T170436.html
no html insert in /tmp/ans.fhir.fr.tddui#1.1.0-milestone/output/cda/voc-1.2.250.1.213.1.1.5.807-2024-09-18T000000.html
no html insert in /tmp/ans.fhir.fr.tddui#1.1.0-milestone/output/cda/tmp-1.2.250.1.213.1.1.1.1.10.19-2020-02-06T100000.html
no html insert in /tmp/ans.fhir.fr.tddui#1.1.0-milestone/output/cda/tmp-1.2.250.1.213.1.1.3.215-2024-10-18T170010.html
no html insert in /tmp/ans.fhir.fr.tddui#1.1.0-milestone/output/cda/tmp-1.2.250.1.213.1.1.1.1.10.4-2024-11-20T161310.html
no html insert in /tmp/ans.fhir.fr.tddui#1.1.0-milestone/output/cda/tmp-1.2.250.1.213.1.1.1.58-2025-01-21T160337.html
no html insert in /tmp/ans.fhir.fr.tddui#1.1.0-milestone/output/cda/tmp-1.2.250.1.213.1.1.1.1.10.10-2024-12-03T172030.html
no html insert in /tmp/ans.fhir.fr.tddui#1.1.0-milestone/output/cda/voc-1.2.250.1.213.1.1.5.805-2025-01-15T171230.html
no html insert in /tmp/ans.fhir.fr.tddui#1.1.0-milestone/output/cda/voc-1.2.250.1.213.1.1.5.461-2012-11-12T000000.html
no html insert in /tmp/ans.fhir.fr.tddui#1.1.0-milestone/output/cda/voc-1.2.250.1.213.1.1.5.73-2010-01-01T000000.html
no html insert in /tmp/ans.fhir.fr.tddui#1.1.0-milestone/output/cda/voc-2.16.840.1.113883.1.11.10228-2014-03-26T000000.html
no html insert in /tmp/ans.fhir.fr.tddui#1.1.0-milestone/output/cda/tmp-1.2.250.1.213.1.1.3.218-2024-09-17T165718.html
no html insert in /tmp/ans.fhir.fr.tddui#1.1.0-milestone/output/cda/tmp-1.2.250.1.213.1.1.3.219-2024-10-17T211142.html
no html insert in /tmp/ans.fhir.fr.tddui#1.1.0-milestone/output/cda/tmp-1.2.250.1.213.1.1.3.94-2024-10-29T152810.html
no html insert in /tmp/ans.fhir.fr.tddui#1.1.0-milestone/output/cda/voc-1.2.250.1.213.1.6.1.168-2019-08-30T120000.html
no html insert in /tmp/ans.fhir.fr.tddui#1.1.0-milestone/output/cda/voc-1.2.250.1.213.1.1.5.466-2014-10-08T000000.html
no html insert in /tmp/ans.fhir.fr.tddui#1.1.0-milestone/output/cda/voc-1.2.250.1.213.1.1.5.53-2010-01-01T000000.html
no html insert in /tmp/ans.fhir.fr.tddui#1.1.0-milestone/output/cda/voc-1.2.250.1.213.1.1.1.58.2024.11.2-2024-09-30T145837.html
no html insert in /tmp/ans.fhir.fr.tddui#1.1.0-milestone/output/cda/voc-1.2.250.1.213.1.1.5.808-2024-09-18T000000.html
no html insert in /tmp/ans.fhir.fr.tddui#1.1.0-milestone/output/cda/tmp-1.2.250.1.213.1.1.1.1.10.7-2024-09-27T104314.html
no html insert in /tmp/ans.fhir.fr.tddui#1.1.0-milestone/output/cda/voc-1.2.250.1.213.1.1.5.804-2024-09-06T000000.html
no html insert in /tmp/ans.fhir.fr.tddui#1.1.0-milestone/output/cda/tmp-1.2.250.1.213.1.1.3.32-2024-10-29T142132.html
no html insert in /tmp/ans.fhir.fr.tddui#1.1.0-milestone/output/cda/tmp-1.2.250.1.213.1.1.2.79-2024-10-29T140733.html
no html insert in /tmp/ans.fhir.fr.tddui#1.1.0-milestone/output/cda/tmp-1.2.250.1.213.1.1.3.25-2024-10-21T164618.html
  .. 81 files checked, 81 updated
  .. 27 clones checked, 50 updated
  .. 7 redirections (7 created/updated)
Check for Files to delete
  ... 0 files
Copy to new IG to /tmp/web-root/run-20250226/tddui
ans.fhir.fr.tddui (https://interop.esante.gouv.fr/ig/fhir/tddui): Mdicosocial - Transfert de donnes DUI @ https://ansforge.github.io/IG-fhir-medicosocial-transfert-donnees-dui/ig/main
  release: trial-implementation 1.1.0/4.0.1 @ https://interop.esante.gouv.fr/ig/fhir/tddui/1.1.0
Build is complete. Copy from /tmp/web-root/run-20250226
Update history page at /tmp/web-root/run-20250226/tddui from /home/runner/work/IG-fhir-medicosocial-transfert-donnees-dui/IG-fhir-medicosocial-transfert-donnees-dui/./IG-website-release/fhir-ig-history-template and ./IG-website-release/templates
