FHIR IG Publisher Version 1.6.5 (Git# 5f451ba7cb70). Built 2024-04-17T00:02:38.148Z (33 hours old)
Detected Java version: 17.0.10 from /opt/hostedtoolcache/Java_Microsoft_jdk/17.0.10/x64 on amd64 (64bit). 3996MB available
dir = /home/runner/work/IG-fhir-medicosocial-suivi-decisions-orientation/IG-fhir-medicosocial-suivi-decisions-orientation, path = /opt/hostedtoolcache/Ruby/3.3.0/x64/bin:/usr/share/dotnet:/opt/hostedtoolcache/node/20.12.2/x64/bin:/opt/hostedtoolcache/Java_Microsoft_jdk/17.0.10/x64/bin:/snap/bin:/home/runner/.local/bin:/opt/pipx_bin:/home/runner/.cargo/bin:/home/runner/.config/composer/vendor/bin:/usr/local/.ghcup/bin:/home/runner/.dotnet/tools:/usr/local/sbin:/usr/local/bin:/usr/sbin:/usr/bin:/sbin:/bin:/usr/games:/usr/local/games:/snap/bin
Parameters: -go-publish -source ./igSource -web ./IG-website-release/www/ig/fhir -registry ./IG-website-release/ig-registry/fhir-ig-list.json -history ./IG-website-release/fhir-ig-history-template -templates ./IG-website-release/templates
---------------
Publication Run: publish ./igSource to ./IG-website-release/www/ig/fhir
Run Number: 34
Relative directory for IG is '/sdo'
===== Web Publication Run Details ===============================
 Source IG: ans.fhir.fr.sdo#4.0.2-ballot-3 : https://interop.esante.gouv.fr/ig/fhir/sdo (R4) from ./igSource
All checks passed. Do the publication build from /home/runner/work/IG-fhir-medicosocial-suivi-decisions-orientation/IG-fhir-medicosocial-suivi-decisions-orientation/./igSource and publish to /tmp/web-root/run-20240418/sdo
Prepare Build space in /tmp/ans.fhir.fr.sdo#4.0.2-ballot-3
Build IG at /home/runner/work/IG-fhir-medicosocial-suivi-decisions-orientation/IG-fhir-medicosocial-suivi-decisions-orientation/./igSource: final copy suitable for publication (in /tmp/ans.fhir.fr.sdo#4.0.2-ballot-3)
FHIR IG Publisher Version 1.6.5 (Git# 5f451ba7cb70). Built 2024-04-17T00:02:38.148Z (33 hours old)  
Detected Java version: 17.0.10 from /opt/hostedtoolcache/Java_Microsoft_jdk/17.0.10/x64 on Linux/amd64 (64bit). 3996MB available
dir = /home/runner/work/IG-fhir-medicosocial-suivi-decisions-orientation/IG-fhir-medicosocial-suivi-decisions-orientation, path = /opt/hostedtoolcache/Ruby/3.3.0/x64/bin:/usr/share/dotnet:/opt/hostedtoolcache/node/20.12.2/x64/bin:/opt/hostedtoolcache/Java_Microsoft_jdk/17.0.10/x64/bin:/snap/bin:/home/runner/.local/bin:/opt/pipx_bin:/home/runner/.cargo/bin:/home/runner/.config/composer/vendor/bin:/usr/local/.ghcup/bin:/home/runner/.dotnet/tools:/usr/local/sbin:/usr/local/bin:/usr/sbin:/usr/bin:/sbin:/bin:/usr/games:/usr/local/games:/snap/bin
Parameters: -ig /tmp/ans.fhir.fr.sdo#4.0.2-ballot-3 -resetTx -publish https://interop.esante.gouv.fr/ig/fhir/sdo/4.0.2-ballot-3 -no-exit
Start Clock @ Thursday, April 18, 2024 at 9:29:41 AM Coordinated Universal Time (2024-04-18T09:29:41Z)
                                                                                                    
Build FHIR IG from /tmp/ans.fhir.fr.sdo#4.0.2-ballot-3                                               (00:00.022 / 00:00.022, 60Mb)
Build Formal Publication package, intended for https://interop.esante.gouv.fr/ig/fhir/sdo/4.0.2-ballot-3 (00:00.004 / 00:00.026, 60Mb)
API keys loaded from /home/runner/.fhir/fhir-settings.json                                           (00:00.001 / 00:00.027, 60Mb)
Package Cache: /home/runner/.fhir/packages                                                           (00:00.003 / 00:00.031, 60Mb)
Run Sushi on /tmp/ans.fhir.fr.sdo#4.0.2-ballot-3                                                     (00:00.027 / 00:00.058, 60Mb)
Sushi: info  Running SUSHI v3.9.0 (implements FHIR Shorthand specification v3.0.0-ballot)            (00:00.399 / 00:00.458, 61Mb)
Sushi: info  Arguments:                                                                              (00:00.001 / 00:00.459, 61Mb)
Sushi: info    --require-latest                                                                      (00:00.001 / 00:00.461, 61Mb)
Sushi: info    --out /tmp/ans.fhir.fr.sdo#4.0.2-ballot-3                                             (00:00.001 / 00:00.462, 61Mb)
Sushi: info    /tmp/ans.fhir.fr.sdo#4.0.2-ballot-3                                                   (00:00.001 / 00:00.464, 61Mb)
Sushi: info  Using configuration file: /tmp/ans.fhir.fr.sdo#4.0.2-ballot-3/sushi-config.yaml         (00:00.514 / 00:00.978, 61Mb)
Sushi: info  Importing FSH text...                                                                   (00:00.129 / 00:01.108, 61Mb)
Sushi: info  Preprocessed 23 documents with 18 aliases.                                              (00:00.208 / 00:01.316, 61Mb)
Sushi: info  Imported 8 definitions and 16 instances.                                                (00:00.014 / 00:01.331, 61Mb)
Sushi: info  Checking /home/runner/.fhir/packages for hl7.fhir.uv.tools#current...                   (00:00.001 / 00:01.332, 61Mb)
Sushi: info  Found hl7.fhir.uv.tools#current in /home/runner/.fhir/packages.                         (00:00.044 / 00:01.377, 61Mb)
Sushi: info  Loaded package hl7.fhir.uv.tools#current                                                (00:00.572 / 00:01.949, 61Mb)
Sushi: info  Checking /home/runner/.fhir/packages for hl7.terminology.r4#5.3.0...                    (00:00.652 / 00:02.602, 61Mb)
Sushi: info  Found hl7.terminology.r4#5.3.0 in /home/runner/.fhir/packages.                          (00:00.448 / 00:03.051, 61Mb)
Sushi: info  Loaded package hl7.terminology.r4#5.3.0                                                 (00:00.001 / 00:03.052, 61Mb)
Sushi: info  Checking /home/runner/.fhir/packages for hl7.fhir.uv.extensions.r4#1.0.0...             (00:00.165 / 00:03.218, 61Mb)
Sushi: info  Found hl7.fhir.uv.extensions.r4#1.0.0 in /home/runner/.fhir/packages.                   (00:00.488 / 00:03.707, 61Mb)
Sushi: info  Loaded package hl7.fhir.uv.extensions.r4#1.0.0                                          (00:00.001 / 00:03.708, 61Mb)
Sushi: info  Checking /home/runner/.fhir/packages for ans.fr.nos#1.1.0...                            (00:00.000 / 00:03.709, 61Mb)
Sushi: info  Found ans.fr.nos#1.1.0 in /home/runner/.fhir/packages.                                  (00:00.572 / 00:04.282, 61Mb)
Sushi: info  Loaded package ans.fr.nos#1.1.0                                                         (00:00.001 / 00:04.283, 61Mb)
Sushi: info  Checking /home/runner/.fhir/packages for hl7.fhir.r4.core#4.0.1...                      (00:00.000 / 00:04.284, 61Mb)
Sushi: info  Found hl7.fhir.r4.core#4.0.1 in /home/runner/.fhir/packages.                            (00:01.249 / 00:05.533, 61Mb)
Sushi: info  Loaded package hl7.fhir.r4.core#4.0.1                                                   (00:00.001 / 00:05.535, 61Mb)
Sushi: info  Converting FSH to FHIR resources...                                                     (00:00.039 / 00:05.575, 61Mb)
Sushi: info  Converted 6 FHIR StructureDefinitions.                                                  (00:00.807 / 00:06.382, 61Mb)
Sushi: info  Converted 1 FHIR CodeSystems.                                                           (00:00.033 / 00:06.416, 61Mb)
Sushi: info  Converted 1 FHIR ValueSets.                                                             (00:00.027 / 00:06.444, 61Mb)
Sushi: info  Converted 16 FHIR instances.                                                            (00:00.823 / 00:07.267, 61Mb)
Sushi: info  Exporting FHIR resources as JSON...                                                     (00:00.001 / 00:07.268, 61Mb)
Sushi: info  Exported 18 FHIR resources as JSON.                                                     (00:00.032 / 00:07.301, 61Mb)
Sushi: info  Assembling Implementation Guide sources...                                              (00:00.001 / 00:07.303, 61Mb)
Sushi: info  Generated ImplementationGuide-ans.fhir.fr.sdo.json                                      (00:00.023 / 00:07.326, 61Mb)
Sushi: info  Assembled Implementation Guide sources; ready for IG Publisher.                         (00:00.001 / 00:07.328, 61Mb)
Sushi: ========================= SUSHI RESULTS ===========================                           (00:00.001 / 00:07.329, 61Mb)
Sushi: |  -------------------------------------------------------------  |                           (00:00.001 / 00:07.330, 61Mb)
Sushi: | |    Profiles   |  Extensions  |   Logicals   |   Resources   | |                           (00:00.001 / 00:07.332, 61Mb)
Sushi: | |-------------------------------------------------------------| |                           (00:00.001 / 00:07.333, 61Mb)
Sushi: | |       6       |      0       |      0       |       0       | |                           (00:00.001 / 00:07.334, 61Mb)
Sushi: |  -------------------------------------------------------------  |                           (00:00.001 / 00:07.335, 61Mb)
Sushi: |  -------------------------------------------------------------  |                           (00:00.000 / 00:07.336, 61Mb)
Sushi: | |      ValueSets     |    CodeSystems    |     Instances      | |                           (00:00.000 / 00:07.337, 61Mb)
Sushi: | |-------------------------------------------------------------| |                           (00:00.001 / 00:07.338, 61Mb)
Sushi: | |         1          |         1         |         16         | |                           (00:00.000 / 00:07.339, 61Mb)
Sushi: |  -------------------------------------------------------------  |                           (00:00.000 / 00:07.340, 61Mb)
Sushi: |                                                                 |                           (00:00.001 / 00:07.341, 61Mb)
Sushi: ===================================================================                           (00:00.001 / 00:07.342, 61Mb)
Sushi: | You're piranha roll now!               0 Errors      0 Warnings |                           (00:00.002 / 00:07.345, 61Mb)
Sushi: ===================================================================                           (00:00.001 / 00:07.346, 61Mb)
Unable to load IG as an r5 IG - try R4 (property code is a class com.google.gson.JsonPrimitive looking for an object) (00:00.417 / 00:07.764, 51Mb)
Load Template from https://github.com/ansforge/IG-template                                           (00:00.446 / 00:08.210, 67Mb)

onLoad.findSpreadsheets:

onLoad.updateIg:
     [xslt] Processing /tmp/ans.fhir.fr.sdo#4.0.2-ballot-3/template/onLoad-ig-working.xml to /tmp/ans.fhir.fr.sdo#4.0.2-ballot-3/template/onLoad-ig-updated.xml
     [xslt] Loading stylesheet /tmp/ans.fhir.fr.sdo#4.0.2-ballot-3/template/scripts/onLoad.xslt

onLoad.extend:

onLoad:
Root directory: /tmp/ans.fhir.fr.sdo#4.0.2-ballot-3                                                  (00:03.292 / 00:11.503, 111Mb)
Terminology Cache is at /tmp/ans.fhir.fr.sdo#4.0.2-ballot-3/input-cache/txcache. Clearing now        (00:00.449 / 00:11.953, 129Mb)
Core Package hl7.fhir.r4.core#4.0.1
Unable to generate snapshot @2 for Definition from noname because Profile Definition (http://hl7.org/fhir/StructureDefinition/Definition) has no base and no snapshot
Unable to generate snapshot @2 for Event from noname because Profile Event (http://hl7.org/fhir/StructureDefinition/Event) has no base and no snapshot
Unable to generate snapshot @2 for FiveWs from noname because Profile FiveWs (http://hl7.org/fhir/StructureDefinition/FiveWs) has no base and no snapshot
Unable to generate snapshot @2 for Request from noname because Profile Request (http://hl7.org/fhir/StructureDefinition/Request) has no base and no snapshot
Running Terminology Log: /tmp/ohfu-fhir-ig-878803228982995567.log
Connect to Terminology Server at http://tx.fhir.org                                                  (00:03.275 / 00:15.229, 278Mb)
Load Package hl7.fhir.pubpack#0.1.7
Load Package hl7.fhir.xver-extensions#0.1.0
Load Package hl7.terminology.r4#5.3.0
Load Package hl7.fhir.uv.extensions.r4#1.0.0
Load Package ans.fr.nos#1.1.0
Version mismatch. This IG is version 4.0.1, while the IG 'hl7.fhir.uv.tools' is from version 5.0.0 (will try to run anyway) (00:03.940 / 00:19.169, 709Mb)
Load Package hl7.fhir.uv.tools#0.1.0
Load R5 Specials
Unable to generate snapshot @2 for Definition from noname because Profile Definition (http://hl7.org/fhir/StructureDefinition/Definition) has no base and no snapshot
Unable to generate snapshot @2 for Event from noname because Profile Event (http://hl7.org/fhir/StructureDefinition/Event) has no base and no snapshot
Unable to generate snapshot @2 for FiveWs from noname because Profile FiveWs (http://hl7.org/fhir/StructureDefinition/FiveWs) has no base and no snapshot
Unable to generate snapshot @2 for Request from noname because Profile Request (http://hl7.org/fhir/StructureDefinition/Request) has no base and no snapshot
Initialization complete                                                                              (00:00.418 / 00:19.588, 582Mb)
Fetch https://interop.esante.gouv.fr/ig/fhir/sdo/package-list.json for version check                 (00:00.002 / 00:19.590, 582Mb)
Load Content                                                                                         (00:00.925 / 00:20.515, 585Mb)
loadPrePages from FetchedFile[/tmp/ans.fhir.fr.sdo#4.0.2-ballot-3/fsh-generated/includes] as /tmp/ans.fhir.fr.sdo#4.0.2-ballot-3/fsh-generated/includes
loadPrePages from FetchedFile[/tmp/ans.fhir.fr.sdo#4.0.2-ballot-3/input/data] as /tmp/ans.fhir.fr.sdo#4.0.2-ballot-3/input/data
loadPrePages from FetchedFile[/tmp/ans.fhir.fr.sdo#4.0.2-ballot-3/input/pagecontent] as /tmp/ans.fhir.fr.sdo#4.0.2-ballot-3/input/pagecontent
Processing Conformance Resources                                                                     (00:00.593 / 00:21.109, 622Mb)
Load Dependency Info                                                                                 (00:00.002 / 00:21.112, 622Mb)
Load Info                                                                                            (00:00.002 / 00:21.114, 622Mb)
Load Resources                                                                                       (00:00.001 / 00:21.115, 623Mb)
Load Paths                                                                                           (00:00.203 / 00:21.319, 646Mb)
Generating Snapshots                                                                                 (00:00.000 / 00:21.320, 646Mb)
Check R4 / R4B                                                                                       (00:00.467 / 00:21.787, 494Mb)
Assign Comparison Ids                                                                                (00:00.006 / 00:21.794, 496Mb)
Propagating status                                                                                   (00:00.000 / 00:21.795, 496Mb)
Generating Narratives                                                                                (00:00.000 / 00:21.796, 496Mb)
Validating Conformance Resources                                                                     (00:01.351 / 00:23.147, 562Mb)
Unable to generate snapshot @2 for Definition from noname because Profile Definition (http://hl7.org/fhir/StructureDefinition/Definition) has no base and no snapshot
Unable to generate snapshot @2 for Event from noname because Profile Event (http://hl7.org/fhir/StructureDefinition/Event) has no base and no snapshot
Unable to generate snapshot @2 for FiveWs from noname because Profile FiveWs (http://hl7.org/fhir/StructureDefinition/FiveWs) has no base and no snapshot
Unable to generate snapshot @2 for Request from noname because Profile Request (http://hl7.org/fhir/StructureDefinition/Request) has no base and no snapshot
Check profiles & code systems                                                                        (00:05.696 / 00:28.844, 819Mb)
Check realm rules                                                                                    (00:00.002 / 00:28.846, 819Mb)
Previous Version Comparison                                                                          (00:00.000 / 00:28.847, 819Mb)
Unable to generate snapshot @1 for Definition from noname because Profile Definition (http://hl7.org/fhir/StructureDefinition/Definition) has no base and no snapshot
Unable to generate snapshot @1 for Event from noname because Profile Event (http://hl7.org/fhir/StructureDefinition/Event) has no base and no snapshot
Unable to generate snapshot @1 for FiveWs from noname because Profile FiveWs (http://hl7.org/fhir/StructureDefinition/FiveWs) has no base and no snapshot
Unable to generate snapshot @1 for Request from noname because Profile Request (http://hl7.org/fhir/StructureDefinition/Request) has no base and no snapshot
Validating Resources                                                                                 (00:04.895 / 00:33.742, 808Mb)
Processing Provenance Records                                                                        (00:02.525 / 00:36.267, 955Mb)
Generating Outputs in /tmp/ans.fhir.fr.sdo#4.0.2-ballot-3/output                                     (00:00.000 / 00:36.268, 955Mb)
Generate Native Outputs                                                                              (00:00.064 / 00:36.332, 965Mb)
Run Template                                                                                         (00:03.356 / 00:39.689, 918Mb)

onGenerate.checkVersions:
     [xslt] Processing /tmp/ans.fhir.fr.sdo#4.0.2-ballot-3/template/onGenerate-ig-working.xml to /tmp/ans.fhir.fr.sdo#4.0.2-ballot-3/template/versions.txt
     [xslt] Loading stylesheet /tmp/ans.fhir.fr.sdo#4.0.2-ballot-3/template/scripts/onGenerate.getVersions.xslt

onGenerate.r5-schemas:
      [get] Getting: http://build.fhir.org/fhir-single.xsd
      [get] To: /tmp/ans.fhir.fr.sdo#4.0.2-ballot-3/input-cache/schemas/R5/fhir-single.xsd
      [get] Not modified - so not downloaded
      [get] Getting: http://build.fhir.org/fhir-xhtml.xsd
      [get] To: /tmp/ans.fhir.fr.sdo#4.0.2-ballot-3/input-cache/schemas/R5/fhir-xhtml.xsd
      [get] Not modified - so not downloaded
      [get] Getting: http://build.fhir.org/xml.xsd
      [get] To: /tmp/ans.fhir.fr.sdo#4.0.2-ballot-3/input-cache/schemas/R5/xml.xsd
      [get] Not modified - so not downloaded
      [get] Getting: http://build.fhir.org/xmldsig-core-schema.xsd
      [get] To: /tmp/ans.fhir.fr.sdo#4.0.2-ballot-3/input-cache/schemas/R5/xmldsig-core-schema.xsd
      [get] Not modified - so not downloaded

onGenerate.r4-schemas:
      [get] Getting: http://hl7.org/fhir/R4/fhir-single.xsd
      [get] To: /tmp/ans.fhir.fr.sdo#4.0.2-ballot-3/input-cache/schemas/R4/fhir-single.xsd
      [get] Not modified - so not downloaded
      [get] Getting: http://hl7.org/fhir/R4/fhir-xhtml.xsd
      [get] To: /tmp/ans.fhir.fr.sdo#4.0.2-ballot-3/input-cache/schemas/R4/fhir-xhtml.xsd
      [get] Not modified - so not downloaded
      [get] Getting: http://hl7.org/fhir/R4/xml.xsd
      [get] To: /tmp/ans.fhir.fr.sdo#4.0.2-ballot-3/input-cache/schemas/R4/xml.xsd
      [get] Not modified - so not downloaded
      [get] Getting: http://hl7.org/fhir/R4/xmldsig-core-schema.xsd
      [get] To: /tmp/ans.fhir.fr.sdo#4.0.2-ballot-3/input-cache/schemas/R4/xmldsig-core-schema.xsd
      [get] Not modified - so not downloaded

onGenerate.r3-schemas:

onGenerate.r2b-schemas:

onGenerate.r2-schemas:

onGenerate.schemas:

onGenerate.data:
     [xslt] Processing /tmp/ans.fhir.fr.sdo#4.0.2-ballot-3/template/onGenerate-ig-working.xml to /tmp/ans.fhir.fr.sdo#4.0.2-ballot-3/temp/pages/_data/artifacts.json
     [xslt] Loading stylesheet /tmp/ans.fhir.fr.sdo#4.0.2-ballot-3/template/scripts/onGenerate.data.xslt

onGenerate.setup:

onGenerate.infoFile:
     [xslt] Processing /tmp/ans.fhir.fr.sdo#4.0.2-ballot-3/template/onGenerate-ig-working.xml to /tmp/ans.fhir.fr.sdo#4.0.2-ballot-3/temp/pages/_data/info.json
     [xslt] Loading stylesheet /tmp/ans.fhir.fr.sdo#4.0.2-ballot-3/template/scripts/onGenerate.genJson.xslt

onGenerate.processIncludes:
     [copy] Copying 17 files to /tmp/ans.fhir.fr.sdo#4.0.2-ballot-3/temp/pages/_includes

onGenerate.processIg:
     [xslt] Processing /tmp/ans.fhir.fr.sdo#4.0.2-ballot-3/template/onGenerate-ig-working.xml to /tmp/ans.fhir.fr.sdo#4.0.2-ballot-3/template/onGenerate-ig-working.1.xml
     [xslt] Loading stylesheet /tmp/ans.fhir.fr.sdo#4.0.2-ballot-3/template/scripts/onGenerate.group.xslt
     [xslt] Processing /tmp/ans.fhir.fr.sdo#4.0.2-ballot-3/template/onGenerate-ig-working.1.xml to /tmp/ans.fhir.fr.sdo#4.0.2-ballot-3/template/onGenerate-ig-working.2.xml
     [xslt] Loading stylesheet /tmp/ans.fhir.fr.sdo#4.0.2-ballot-3/template/scripts/onGenerate.groupSort.xslt
     [xslt] Processing /tmp/ans.fhir.fr.sdo#4.0.2-ballot-3/template/onGenerate-ig-working.2.xml to /tmp/ans.fhir.fr.sdo#4.0.2-ballot-3/template/onGenerate-ig-updated.xml
     [xslt] Loading stylesheet /tmp/ans.fhir.fr.sdo#4.0.2-ballot-3/template/scripts/onGenerate.final.xslt

onGenerate.igQa:
     [xslt] Processing /tmp/ans.fhir.fr.sdo#4.0.2-ballot-3/template/onGenerate-ig-updated.xml to /tmp/ans.fhir.fr.sdo#4.0.2-ballot-3/template/ongenerate-validation-igqa.json
     [xslt] Loading stylesheet /tmp/ans.fhir.fr.sdo#4.0.2-ballot-3/template/scripts/onGenerate.qa.xslt

onGenerate.artifactList:
     [xslt] Processing /tmp/ans.fhir.fr.sdo#4.0.2-ballot-3/template/onGenerate-ig-updated.xml to /tmp/ans.fhir.fr.sdo#4.0.2-ballot-3/temp/pages/_includes/artifacts.xml
     [xslt] Loading stylesheet /tmp/ans.fhir.fr.sdo#4.0.2-ballot-3/template/scripts/createArtifactSummary.xslt

check-plantumlfiles:

onGenerate.plantUml.ig:

onGenerate.plantUml.template:

onGenerate.plantUml:

onGenerate.copyDataFiles:
     [copy] Warning: /tmp/ans.fhir.fr.sdo#4.0.2-ballot-3/template/data does not exist.

onGenerate.extend:

onGenerate:
Template Done                                                                                        (00:02.028 / 00:41.717, 963Mb)
Generate HTML Outputs                                                                                (00:00.001 / 00:41.718, 963Mb)
ERROR StatusLogger Log4j2 could not find a logging implementation. Please add log4j-core to the classpath. Using SimpleLogger to log to the console...
Value set 'https://mos.esante.gouv.fr/NOS/JDV_JXX-ModePriseEnCharge/FHIR/JDV_JXX-ModePriseEnCharge/' at https://interop.esante.gouv.fr/ig/fhir/sdo/StructureDefinition/sdo-task#Task.input:modePriseCharge.value[x] not found
Value set 'https://mos.esante.gouv.fr/NOS/JDV_JXX-typeDroitPrestation/FHIR/JDV_JXX-typeDroitPrestation' at https://interop.esante.gouv.fr/ig/fhir/sdo/StructureDefinition/sdo-task#Task.input:typeDroitPrestation.value[x] not found
Value set 'https://mos.esante.gouv.fr/NOS/JDV_JXX-ModePriseEnCharge/FHIR/JDV_JXX-ModePriseEnCharge/' at https://interop.esante.gouv.fr/ig/fhir/sdo/StructureDefinition/sdo-task#Task.input:modePriseCharge.value[x] not found
Value set 'https://mos.esante.gouv.fr/NOS/JDV_JXX-typeDroitPrestation/FHIR/JDV_JXX-typeDroitPrestation' at https://interop.esante.gouv.fr/ig/fhir/sdo/StructureDefinition/sdo-task#Task.input:typeDroitPrestation.value[x] not found
Value set 'https://mos.esante.gouv.fr/NOS/JDV_JXX-ModePriseEnCharge/FHIR/JDV_JXX-ModePriseEnCharge/' at https://interop.esante.gouv.fr/ig/fhir/sdo/StructureDefinition/sdo-task#Task.input:modePriseCharge.value[x] not found
Value set 'https://mos.esante.gouv.fr/NOS/JDV_JXX-typeDroitPrestation/FHIR/JDV_JXX-typeDroitPrestation' at https://interop.esante.gouv.fr/ig/fhir/sdo/StructureDefinition/sdo-task#Task.input:typeDroitPrestation.value[x] not found
Generate Summaries                                                                                   (00:09.199 / 00:50.917, 1Gb)
Generating Summary Outputs                                                                           (00:00.001 / 00:50.918, 1Gb)
DB Cumulative Time invested: 00:00:00.118
Sending Usage Stats to Server                                                                        (02:19.298 / 03:10.217, 1Gb)
## Memory (MB): Use = 1844, Free = 445, Total = 2290, Max = 3996                                     (00:00.004 / 03:10.221, 1Gb)
Reclaiming memory...                                                                                 (00:00.000 / 03:10.222, 1Gb)
## Memory (MB): Use = 880, Free = 1407, Total = 2290, Max = 3996                                     (00:00.437 / 03:10.660, 882Mb)
Run jekyll: jekyll build --destination "/tmp/ans.fhir.fr.sdo#4.0.2-ballot-3/output" (in folder /tmp/ans.fhir.fr.sdo#4.0.2-ballot-3/temp/pages) (00:00.001 / 03:10.662, 882Mb)
Troubleshooting Note: usual cases for Jekyll to fail are:                                            (00:00.001 / 03:10.663, 882Mb)
* A failure to produce a fragment that is already logged in the output above                         (00:00.000 / 03:10.664, 882Mb)
* A reference to a manually edited file that hasn't been provided                                    (00:00.000 / 03:10.665, 882Mb)
Jekyll: Source: /tmp/ans.fhir.fr.sdo#4.0.2-ballot-3/temp/pages                                       (00:00.363 / 03:11.029, 886Mb)
Jekyll: Generating...                                                                                (00:00.000 / 03:11.029, 886Mb)
Jekyll: done in 1.74 seconds.                                                                        (00:01.739 / 03:12.769, 886Mb)

Installing ans.fhir.fr.sdo#4.0.2-ballot-3 done.
Checking Output HTML                                                                                 (00:01.396 / 03:14.166, 1Gb)
found 782 files                                                                                      (00:00.003 / 03:14.169, 1Gb)
.........................................
.........................................
  ... 782 html files, 0 pages invalid xhtml (0%)                                                     (00:05.062 / 03:19.232, 1Gb)
  ... 120943 links, 27 broken links (0%)                                                             (00:00.000 / 03:19.233, 1Gb)
Build final .zip                                                                                     (00:00.000 / 03:19.234, 1Gb)
Final .zip built                                                                                     (00:01.638 / 03:20.872, 1Gb)
Built. Times: loading: 00:00.592, generate: 03:02.375, narrative generation: 00:01.351, realm-rules: 00:00.000, previous-version: 00:04.869, jekyll: 00:02.120, validation: 00:08.218 (#19), template: 00:02.027 (#3) (00:02.658 / 03:23.530, 1Gb)
Generating QA                                                                                        (00:00.001 / 03:23.532, 1Gb)
Validation output in /tmp/ans.fhir.fr.sdo#4.0.2-ballot-3/output/qa.html
Errors: 0, Warnings: 22, Info: 91, Broken Links: 27 (00:00.995 / 03:24.527, 1Gb)
Finished. Max Memory Used = 1Gb. Log file saved in /tmp/fhir-ig-publisher-tmp.log                    (00:00.006 / 03:24.534, 1Gb)
Prepare Build space in /tmp/ans.fhir.fr.sdo#4.0.2-ballot-3-milestone
Build IG at /home/runner/work/IG-fhir-medicosocial-suivi-decisions-orientation/IG-fhir-medicosocial-suivi-decisions-orientation/./igSource: final copy suitable for publication (in /tmp/ans.fhir.fr.sdo#4.0.2-ballot-3-milestone) (milestone build)
FHIR IG Publisher Version 1.6.5 (Git# 5f451ba7cb70). Built 2024-04-17T00:02:38.148Z (33 hours old)  
Detected Java version: 17.0.10 from /opt/hostedtoolcache/Java_Microsoft_jdk/17.0.10/x64 on Linux/amd64 (64bit). 3996MB available
dir = /home/runner/work/IG-fhir-medicosocial-suivi-decisions-orientation/IG-fhir-medicosocial-suivi-decisions-orientation, path = /opt/hostedtoolcache/Ruby/3.3.0/x64/bin:/usr/share/dotnet:/opt/hostedtoolcache/node/20.12.2/x64/bin:/opt/hostedtoolcache/Java_Microsoft_jdk/17.0.10/x64/bin:/snap/bin:/home/runner/.local/bin:/opt/pipx_bin:/home/runner/.cargo/bin:/home/runner/.config/composer/vendor/bin:/usr/local/.ghcup/bin:/home/runner/.dotnet/tools:/usr/local/sbin:/usr/local/bin:/usr/sbin:/usr/bin:/sbin:/bin:/usr/games:/usr/local/games:/snap/bin
Parameters: -ig /tmp/ans.fhir.fr.sdo#4.0.2-ballot-3-milestone -publish https://interop.esante.gouv.fr/ig/fhir/sdo/4.0.2-ballot-3 -milestone -no-exit
Start Clock @ Thursday, April 18, 2024 at 9:33:08 AM Coordinated Universal Time (2024-04-18T09:33:08Z)
                                                                                                    
Build FHIR IG from /tmp/ans.fhir.fr.sdo#4.0.2-ballot-3-milestone                                     (00:00.003 / 00:00.003, 1Gb)
Build Formal Publication package, intended for https://interop.esante.gouv.fr/ig/fhir/sdo/4.0.2-ballot-3 (00:00.000 / 00:00.004, 1Gb)
API keys loaded from /home/runner/.fhir/fhir-settings.json                                           (00:00.000 / 00:00.005, 1Gb)
Package Cache: /home/runner/.fhir/packages                                                           (00:00.000 / 00:00.005, 1Gb)
Run Sushi on /tmp/ans.fhir.fr.sdo#4.0.2-ballot-3-milestone                                           (00:00.000 / 00:00.006, 1Gb)
Sushi: info  Running SUSHI v3.9.0 (implements FHIR Shorthand specification v3.0.0-ballot)            (00:00.361 / 00:00.367, 1Gb)
Sushi: info  Arguments:                                                                              (00:00.001 / 00:00.368, 1Gb)
Sushi: info    --require-latest                                                                      (00:00.000 / 00:00.369, 1Gb)
Sushi: info    --out /tmp/ans.fhir.fr.sdo#4.0.2-ballot-3-milestone                                   (00:00.000 / 00:00.370, 1Gb)
Sushi: info    /tmp/ans.fhir.fr.sdo#4.0.2-ballot-3-milestone                                         (00:00.000 / 00:00.371, 1Gb)
Sushi: info  Using configuration file: /tmp/ans.fhir.fr.sdo#4.0.2-ballot-3-milestone/sushi-config.yaml (00:00.367 / 00:00.739, 1Gb)
Sushi: info  Importing FSH text...                                                                   (00:00.133 / 00:00.873, 1Gb)
Sushi: info  Preprocessed 23 documents with 18 aliases.                                              (00:00.186 / 00:01.060, 1Gb)
Sushi: info  Imported 8 definitions and 16 instances.                                                (00:00.016 / 00:01.076, 1Gb)
Sushi: info  Checking /home/runner/.fhir/packages for hl7.fhir.uv.tools#current...                   (00:00.001 / 00:01.077, 1Gb)
Sushi: info  Found hl7.fhir.uv.tools#current in /home/runner/.fhir/packages.                         (00:00.039 / 00:01.117, 1Gb)
Sushi: info  Loaded package hl7.fhir.uv.tools#current                                                (00:00.688 / 00:01.805, 1Gb)
Sushi: info  Checking /home/runner/.fhir/packages for hl7.terminology.r4#5.3.0...                    (00:00.719 / 00:02.525, 1Gb)
Sushi: info  Found hl7.terminology.r4#5.3.0 in /home/runner/.fhir/packages.                          (00:00.459 / 00:02.984, 1Gb)
Sushi: info  Loaded package hl7.terminology.r4#5.3.0                                                 (00:00.000 / 00:02.985, 1Gb)
Sushi: info  Checking /home/runner/.fhir/packages for hl7.fhir.uv.extensions.r4#1.0.0...             (00:00.165 / 00:03.150, 1Gb)
Sushi: info  Found hl7.fhir.uv.extensions.r4#1.0.0 in /home/runner/.fhir/packages.                   (00:00.537 / 00:03.688, 1Gb)
Sushi: info  Loaded package hl7.fhir.uv.extensions.r4#1.0.0                                          (00:00.001 / 00:03.689, 1Gb)
Sushi: info  Checking /home/runner/.fhir/packages for ans.fr.nos#1.1.0...                            (00:00.001 / 00:03.690, 1Gb)
Sushi: info  Found ans.fr.nos#1.1.0 in /home/runner/.fhir/packages.                                  (00:00.559 / 00:04.250, 1Gb)
Sushi: info  Loaded package ans.fr.nos#1.1.0                                                         (00:00.000 / 00:04.251, 1Gb)
Sushi: info  Checking /home/runner/.fhir/packages for hl7.fhir.r4.core#4.0.1...                      (00:00.000 / 00:04.251, 1Gb)
Sushi: info  Found hl7.fhir.r4.core#4.0.1 in /home/runner/.fhir/packages.                            (00:01.185 / 00:05.437, 1Gb)
Sushi: info  Loaded package hl7.fhir.r4.core#4.0.1                                                   (00:00.001 / 00:05.438, 1Gb)
Sushi: info  Converting FSH to FHIR resources...                                                     (00:00.035 / 00:05.474, 1Gb)
Sushi: info  Converted 6 FHIR StructureDefinitions.                                                  (00:00.844 / 00:06.318, 1Gb)
Sushi: info  Converted 1 FHIR CodeSystems.                                                           (00:00.031 / 00:06.349, 1Gb)
Sushi: info  Converted 1 FHIR ValueSets.                                                             (00:00.026 / 00:06.376, 1Gb)
Sushi: info  Converted 16 FHIR instances.                                                            (00:00.774 / 00:07.151, 1Gb)
Sushi: info  Exporting FHIR resources as JSON...                                                     (00:00.001 / 00:07.152, 1Gb)
Sushi: info  Exported 18 FHIR resources as JSON.                                                     (00:00.031 / 00:07.184, 1Gb)
Sushi: info  Assembling Implementation Guide sources...                                              (00:00.001 / 00:07.186, 1Gb)
Sushi: info  Generated ImplementationGuide-ans.fhir.fr.sdo.json                                      (00:00.022 / 00:07.209, 1Gb)
Sushi: info  Assembled Implementation Guide sources; ready for IG Publisher.                         (00:00.001 / 00:07.210, 1Gb)
Sushi: ========================= SUSHI RESULTS ===========================                           (00:00.001 / 00:07.211, 1Gb)
Sushi: |  -------------------------------------------------------------  |                           (00:00.001 / 00:07.212, 1Gb)
Sushi: | |    Profiles   |  Extensions  |   Logicals   |   Resources   | |                           (00:00.000 / 00:07.212, 1Gb)
Sushi: | |-------------------------------------------------------------| |                           (00:00.000 / 00:07.213, 1Gb)
Sushi: | |       6       |      0       |      0       |       0       | |                           (00:00.000 / 00:07.214, 1Gb)
Sushi: |  -------------------------------------------------------------  |                           (00:00.000 / 00:07.215, 1Gb)
Sushi: |  -------------------------------------------------------------  |                           (00:00.000 / 00:07.216, 1Gb)
Sushi: | |      ValueSets     |    CodeSystems    |     Instances      | |                           (00:00.000 / 00:07.216, 1Gb)
Sushi: | |-------------------------------------------------------------| |                           (00:00.000 / 00:07.217, 1Gb)
Sushi: | |         1          |         1         |         16         | |                           (00:00.000 / 00:07.218, 1Gb)
Sushi: |  -------------------------------------------------------------  |                           (00:00.000 / 00:07.219, 1Gb)
Sushi: |                                                                 |                           (00:00.000 / 00:07.220, 1Gb)
Sushi: ===================================================================                           (00:00.000 / 00:07.221, 1Gb)
Sushi: | That was a big fish to fry!            0 Errors      0 Warnings |                           (00:00.000 / 00:07.221, 1Gb)
Sushi: ===================================================================                           (00:00.000 / 00:07.222, 1Gb)
Unable to load IG as an r5 IG - try R4 (property code is a class com.google.gson.JsonPrimitive looking for an object) (00:00.014 / 00:07.237, 1Gb)
Load Template from https://github.com/ansforge/IG-template                                           (00:00.011 / 00:07.249, 1Gb)

onLoad.findSpreadsheets:

onLoad.updateIg:
     [xslt] Processing /tmp/ans.fhir.fr.sdo#4.0.2-ballot-3-milestone/template/onLoad-ig-working.xml to /tmp/ans.fhir.fr.sdo#4.0.2-ballot-3-milestone/template/onLoad-ig-updated.xml
     [xslt] Loading stylesheet /tmp/ans.fhir.fr.sdo#4.0.2-ballot-3-milestone/template/scripts/onLoad.xslt

onLoad.extend:

onLoad:
Root directory: /tmp/ans.fhir.fr.sdo#4.0.2-ballot-3-milestone                                        (00:02.522 / 00:09.771, 1Gb)
Terminology Cache is at /tmp/ans.fhir.fr.sdo#4.0.2-ballot-3-milestone/input-cache/txcache. 11 files in cache (00:00.439 / 00:10.211, 1Gb)
Core Package hl7.fhir.r4.core#4.0.1
Unable to generate snapshot @2 for Definition from noname because Profile Definition (http://hl7.org/fhir/StructureDefinition/Definition) has no base and no snapshot
Unable to generate snapshot @2 for Event from noname because Profile Event (http://hl7.org/fhir/StructureDefinition/Event) has no base and no snapshot
Unable to generate snapshot @2 for FiveWs from noname because Profile FiveWs (http://hl7.org/fhir/StructureDefinition/FiveWs) has no base and no snapshot
Unable to generate snapshot @2 for Request from noname because Profile Request (http://hl7.org/fhir/StructureDefinition/Request) has no base and no snapshot
Running Terminology Log: /tmp/ohfu-fhir-ig-12176647453532512240.log
Connect to Terminology Server at http://tx.fhir.org                                                  (00:01.429 / 00:11.640, 1Gb)
Load Package hl7.fhir.pubpack#0.1.7
Load Package hl7.fhir.xver-extensions#0.1.0
Load Package hl7.terminology.r4#5.3.0
Load Package hl7.fhir.uv.extensions.r4#1.0.0
Load Package ans.fr.nos#1.1.0
Version mismatch. This IG is version 4.0.1, while the IG 'hl7.fhir.uv.tools' is from version 5.0.0 (will try to run anyway) (00:02.898 / 00:14.538, 1Gb)
Load Package hl7.fhir.uv.tools#0.1.0
Load R5 Specials
Unable to generate snapshot @2 for Definition from noname because Profile Definition (http://hl7.org/fhir/StructureDefinition/Definition) has no base and no snapshot
Unable to generate snapshot @2 for Event from noname because Profile Event (http://hl7.org/fhir/StructureDefinition/Event) has no base and no snapshot
Unable to generate snapshot @2 for FiveWs from noname because Profile FiveWs (http://hl7.org/fhir/StructureDefinition/FiveWs) has no base and no snapshot
Unable to generate snapshot @2 for Request from noname because Profile Request (http://hl7.org/fhir/StructureDefinition/Request) has no base and no snapshot
Initialization complete                                                                              (00:00.290 / 00:14.829, 1Gb)
Fetch https://interop.esante.gouv.fr/ig/fhir/sdo/package-list.json for version check                 (00:00.000 / 00:14.830, 1Gb)
Load Content                                                                                         (00:00.455 / 00:15.285, 1Gb)
loadPrePages from FetchedFile[/tmp/ans.fhir.fr.sdo#4.0.2-ballot-3-milestone/fsh-generated/includes] as /tmp/ans.fhir.fr.sdo#4.0.2-ballot-3-milestone/fsh-generated/includes
loadPrePages from FetchedFile[/tmp/ans.fhir.fr.sdo#4.0.2-ballot-3-milestone/input/data] as /tmp/ans.fhir.fr.sdo#4.0.2-ballot-3-milestone/input/data
loadPrePages from FetchedFile[/tmp/ans.fhir.fr.sdo#4.0.2-ballot-3-milestone/input/pagecontent] as /tmp/ans.fhir.fr.sdo#4.0.2-ballot-3-milestone/input/pagecontent
Processing Conformance Resources                                                                     (00:00.112 / 00:15.397, 1Gb)
Load Dependency Info                                                                                 (00:00.001 / 00:15.398, 1Gb)
Load Info                                                                                            (00:00.000 / 00:15.399, 1Gb)
Load Resources                                                                                       (00:00.000 / 00:15.400, 1Gb)
Load Paths                                                                                           (00:00.041 / 00:15.441, 1Gb)
Generating Snapshots                                                                                 (00:00.000 / 00:15.442, 1Gb)
Check R4 / R4B                                                                                       (00:00.219 / 00:15.662, 1Gb)
Assign Comparison Ids                                                                                (00:00.003 / 00:15.666, 1Gb)
Propagating status                                                                                   (00:00.001 / 00:15.667, 1Gb)
Generating Narratives                                                                                (00:00.000 / 00:15.668, 1Gb)
Validating Conformance Resources                                                                     (00:00.471 / 00:16.139, 1Gb)
Unable to generate snapshot @2 for Definition from noname because Profile Definition (http://hl7.org/fhir/StructureDefinition/Definition) has no base and no snapshot
Unable to generate snapshot @2 for Event from noname because Profile Event (http://hl7.org/fhir/StructureDefinition/Event) has no base and no snapshot
Unable to generate snapshot @2 for FiveWs from noname because Profile FiveWs (http://hl7.org/fhir/StructureDefinition/FiveWs) has no base and no snapshot
Unable to generate snapshot @2 for Request from noname because Profile Request (http://hl7.org/fhir/StructureDefinition/Request) has no base and no snapshot
Check profiles & code systems                                                                        (00:03.717 / 00:19.857, 1Gb)
Check realm rules                                                                                    (00:00.001 / 00:19.859, 1Gb)
Previous Version Comparison                                                                          (00:00.000 / 00:19.859, 1Gb)
Unable to generate snapshot @1 for Definition from noname because Profile Definition (http://hl7.org/fhir/StructureDefinition/Definition) has no base and no snapshot
Unable to generate snapshot @1 for Event from noname because Profile Event (http://hl7.org/fhir/StructureDefinition/Event) has no base and no snapshot
Unable to generate snapshot @1 for FiveWs from noname because Profile FiveWs (http://hl7.org/fhir/StructureDefinition/FiveWs) has no base and no snapshot
Unable to generate snapshot @1 for Request from noname because Profile Request (http://hl7.org/fhir/StructureDefinition/Request) has no base and no snapshot
Validating Resources                                                                                 (00:03.809 / 00:23.668, 1Gb)
Processing Provenance Records                                                                        (00:00.161 / 00:23.830, 1Gb)
Generating Outputs in /tmp/ans.fhir.fr.sdo#4.0.2-ballot-3-milestone/output                           (00:00.001 / 00:23.830, 1Gb)
Generate Native Outputs                                                                              (00:00.062 / 00:23.893, 1Gb)
Run Template                                                                                         (00:03.153 / 00:27.047, 1Gb)

onGenerate.checkVersions:
     [xslt] Processing /tmp/ans.fhir.fr.sdo#4.0.2-ballot-3-milestone/template/onGenerate-ig-working.xml to /tmp/ans.fhir.fr.sdo#4.0.2-ballot-3-milestone/template/versions.txt
     [xslt] Loading stylesheet /tmp/ans.fhir.fr.sdo#4.0.2-ballot-3-milestone/template/scripts/onGenerate.getVersions.xslt

onGenerate.r5-schemas:
      [get] Getting: http://build.fhir.org/fhir-single.xsd
      [get] To: /tmp/ans.fhir.fr.sdo#4.0.2-ballot-3-milestone/input-cache/schemas/R5/fhir-single.xsd
      [get] Not modified - so not downloaded
      [get] Getting: http://build.fhir.org/fhir-xhtml.xsd
      [get] To: /tmp/ans.fhir.fr.sdo#4.0.2-ballot-3-milestone/input-cache/schemas/R5/fhir-xhtml.xsd
      [get] Not modified - so not downloaded
      [get] Getting: http://build.fhir.org/xml.xsd
      [get] To: /tmp/ans.fhir.fr.sdo#4.0.2-ballot-3-milestone/input-cache/schemas/R5/xml.xsd
      [get] Not modified - so not downloaded
      [get] Getting: http://build.fhir.org/xmldsig-core-schema.xsd
      [get] To: /tmp/ans.fhir.fr.sdo#4.0.2-ballot-3-milestone/input-cache/schemas/R5/xmldsig-core-schema.xsd
      [get] Not modified - so not downloaded

onGenerate.r4-schemas:
      [get] Getting: http://hl7.org/fhir/R4/fhir-single.xsd
      [get] To: /tmp/ans.fhir.fr.sdo#4.0.2-ballot-3-milestone/input-cache/schemas/R4/fhir-single.xsd
      [get] Not modified - so not downloaded
      [get] Getting: http://hl7.org/fhir/R4/fhir-xhtml.xsd
      [get] To: /tmp/ans.fhir.fr.sdo#4.0.2-ballot-3-milestone/input-cache/schemas/R4/fhir-xhtml.xsd
      [get] Not modified - so not downloaded
      [get] Getting: http://hl7.org/fhir/R4/xml.xsd
      [get] To: /tmp/ans.fhir.fr.sdo#4.0.2-ballot-3-milestone/input-cache/schemas/R4/xml.xsd
      [get] Not modified - so not downloaded
      [get] Getting: http://hl7.org/fhir/R4/xmldsig-core-schema.xsd
      [get] To: /tmp/ans.fhir.fr.sdo#4.0.2-ballot-3-milestone/input-cache/schemas/R4/xmldsig-core-schema.xsd
      [get] Not modified - so not downloaded

onGenerate.r3-schemas:

onGenerate.r2b-schemas:

onGenerate.r2-schemas:

onGenerate.schemas:

onGenerate.data:
     [xslt] Processing /tmp/ans.fhir.fr.sdo#4.0.2-ballot-3-milestone/template/onGenerate-ig-working.xml to /tmp/ans.fhir.fr.sdo#4.0.2-ballot-3-milestone/temp/pages/_data/artifacts.json
     [xslt] Loading stylesheet /tmp/ans.fhir.fr.sdo#4.0.2-ballot-3-milestone/template/scripts/onGenerate.data.xslt

onGenerate.setup:

onGenerate.infoFile:
     [xslt] Processing /tmp/ans.fhir.fr.sdo#4.0.2-ballot-3-milestone/template/onGenerate-ig-working.xml to /tmp/ans.fhir.fr.sdo#4.0.2-ballot-3-milestone/temp/pages/_data/info.json
     [xslt] Loading stylesheet /tmp/ans.fhir.fr.sdo#4.0.2-ballot-3-milestone/template/scripts/onGenerate.genJson.xslt

onGenerate.processIncludes:
     [copy] Copying 17 files to /tmp/ans.fhir.fr.sdo#4.0.2-ballot-3-milestone/temp/pages/_includes

onGenerate.processIg:
     [xslt] Processing /tmp/ans.fhir.fr.sdo#4.0.2-ballot-3-milestone/template/onGenerate-ig-working.xml to /tmp/ans.fhir.fr.sdo#4.0.2-ballot-3-milestone/template/onGenerate-ig-working.1.xml
     [xslt] Loading stylesheet /tmp/ans.fhir.fr.sdo#4.0.2-ballot-3-milestone/template/scripts/onGenerate.group.xslt
     [xslt] Processing /tmp/ans.fhir.fr.sdo#4.0.2-ballot-3-milestone/template/onGenerate-ig-working.1.xml to /tmp/ans.fhir.fr.sdo#4.0.2-ballot-3-milestone/template/onGenerate-ig-working.2.xml
     [xslt] Loading stylesheet /tmp/ans.fhir.fr.sdo#4.0.2-ballot-3-milestone/template/scripts/onGenerate.groupSort.xslt
     [xslt] Processing /tmp/ans.fhir.fr.sdo#4.0.2-ballot-3-milestone/template/onGenerate-ig-working.2.xml to /tmp/ans.fhir.fr.sdo#4.0.2-ballot-3-milestone/template/onGenerate-ig-updated.xml
     [xslt] Loading stylesheet /tmp/ans.fhir.fr.sdo#4.0.2-ballot-3-milestone/template/scripts/onGenerate.final.xslt

onGenerate.igQa:
     [xslt] Processing /tmp/ans.fhir.fr.sdo#4.0.2-ballot-3-milestone/template/onGenerate-ig-updated.xml to /tmp/ans.fhir.fr.sdo#4.0.2-ballot-3-milestone/template/ongenerate-validation-igqa.json
     [xslt] Loading stylesheet /tmp/ans.fhir.fr.sdo#4.0.2-ballot-3-milestone/template/scripts/onGenerate.qa.xslt

onGenerate.artifactList:
     [xslt] Processing /tmp/ans.fhir.fr.sdo#4.0.2-ballot-3-milestone/template/onGenerate-ig-updated.xml to /tmp/ans.fhir.fr.sdo#4.0.2-ballot-3-milestone/temp/pages/_includes/artifacts.xml
     [xslt] Loading stylesheet /tmp/ans.fhir.fr.sdo#4.0.2-ballot-3-milestone/template/scripts/createArtifactSummary.xslt

check-plantumlfiles:

onGenerate.plantUml.ig:

onGenerate.plantUml.template:

onGenerate.plantUml:

onGenerate.copyDataFiles:
     [copy] Warning: /tmp/ans.fhir.fr.sdo#4.0.2-ballot-3-milestone/template/data does not exist.

onGenerate.extend:

onGenerate:
Template Done                                                                                        (00:02.072 / 00:29.120, 1Gb)
Generate HTML Outputs                                                                                (00:00.000 / 00:29.120, 1Gb)
Value set 'https://mos.esante.gouv.fr/NOS/JDV_JXX-ModePriseEnCharge/FHIR/JDV_JXX-ModePriseEnCharge/' at https://interop.esante.gouv.fr/ig/fhir/sdo/StructureDefinition/sdo-task#Task.input:modePriseCharge.value[x] not found
Value set 'https://mos.esante.gouv.fr/NOS/JDV_JXX-typeDroitPrestation/FHIR/JDV_JXX-typeDroitPrestation' at https://interop.esante.gouv.fr/ig/fhir/sdo/StructureDefinition/sdo-task#Task.input:typeDroitPrestation.value[x] not found
Value set 'https://mos.esante.gouv.fr/NOS/JDV_JXX-ModePriseEnCharge/FHIR/JDV_JXX-ModePriseEnCharge/' at https://interop.esante.gouv.fr/ig/fhir/sdo/StructureDefinition/sdo-task#Task.input:modePriseCharge.value[x] not found
Value set 'https://mos.esante.gouv.fr/NOS/JDV_JXX-typeDroitPrestation/FHIR/JDV_JXX-typeDroitPrestation' at https://interop.esante.gouv.fr/ig/fhir/sdo/StructureDefinition/sdo-task#Task.input:typeDroitPrestation.value[x] not found
Value set 'https://mos.esante.gouv.fr/NOS/JDV_JXX-ModePriseEnCharge/FHIR/JDV_JXX-ModePriseEnCharge/' at https://interop.esante.gouv.fr/ig/fhir/sdo/StructureDefinition/sdo-task#Task.input:modePriseCharge.value[x] not found
Value set 'https://mos.esante.gouv.fr/NOS/JDV_JXX-typeDroitPrestation/FHIR/JDV_JXX-typeDroitPrestation' at https://interop.esante.gouv.fr/ig/fhir/sdo/StructureDefinition/sdo-task#Task.input:typeDroitPrestation.value[x] not found
Generate Summaries                                                                                   (00:06.156 / 00:35.277, 1Gb)
Generating Summary Outputs                                                                           (00:00.000 / 00:35.277, 1Gb)
DB Cumulative Time invested: 00:00:00.111
Sending Usage Stats to Server                                                                        (00:03.054 / 00:38.332, 2Gb)
## Memory (MB): Use = 2217, Free = 312, Total = 2530, Max = 3996                                     (00:00.001 / 00:38.334, 2Gb)
Reclaiming memory...                                                                                 (00:00.000 / 00:38.335, 2Gb)
## Memory (MB): Use = 1736, Free = 1171, Total = 2908, Max = 3996                                    (00:00.921 / 00:39.256, 1Gb)
Run jekyll: jekyll build --destination "/tmp/ans.fhir.fr.sdo#4.0.2-ballot-3-milestone/output" (in folder /tmp/ans.fhir.fr.sdo#4.0.2-ballot-3-milestone/temp/pages) (00:00.001 / 00:39.258, 1Gb)
Troubleshooting Note: usual cases for Jekyll to fail are:                                            (00:00.001 / 00:39.259, 1Gb)
* A failure to produce a fragment that is already logged in the output above                         (00:00.000 / 00:39.259, 1Gb)
* A reference to a manually edited file that hasn't been provided                                    (00:00.000 / 00:39.260, 1Gb)
Jekyll: Source: /tmp/ans.fhir.fr.sdo#4.0.2-ballot-3-milestone/temp/pages                             (00:00.339 / 00:39.600, 1Gb)
Jekyll: Generating...                                                                                (00:00.000 / 00:39.601, 1Gb)
Jekyll: done in 1.679 seconds.                                                                       (00:01.678 / 00:41.279, 1Gb)

Installing ans.fhir.fr.sdo#4.0.2-ballot-3Checking Output HTML                                                                                 (00:00.953 / 00:42.233, 2Gb)
found 782 files                                                                                      (00:00.004 / 00:42.238, 2Gb)
.........................................
.........................................
  ... 782 html files, 0 pages invalid xhtml (0%)                                                     (00:04.810 / 00:47.049, 2Gb)
  ... 120943 links, 27 broken links (0%)                                                             (00:00.000 / 00:47.049, 2Gb)
Build final .zip                                                                                     (00:00.000 / 00:47.050, 2Gb)
Final .zip built                                                                                     (00:01.614 / 00:48.665, 2Gb)
Built. Times: loading: 00:00.111, generate: 00:35.779, narrative generation: 00:00.470, realm-rules: 00:00.000, previous-version: 00:03.803, jekyll: 00:02.035, validation: 00:03.876 (#19), template: 00:02.071 (#3) (00:02.512 / 00:51.178, 2Gb)
Generating QA                                                                                        (00:00.001 / 00:51.179, 2Gb)
Validation output in /tmp/ans.fhir.fr.sdo#4.0.2-ballot-3-milestone/output/qa.html
Errors: 0, Warnings: 22, Info: 91, Broken Links: 27 (00:00.823 / 00:52.003, 2Gb)
Finished. Max Memory Used = 2Gb. Log file saved in /tmp/fhir-ig-publisher-tmp.log                    (00:00.004 / 00:52.007, 2Gb)
Keep a copy of the build directory at /tmp/web-root/run-20240418/ig-build-zips/ans.fhir.fr.sdo#4.0.2-ballot-3.zip

ok. All checks passed. Publish v4.0.2-ballot-3 to /tmp/web-root/run-20240418/sdo/4.0.2-ballot-3
Copy the IG to /tmp/web-root/run-20240418/sdo/4.0.2-ballot-3
Update /tmp/web-root/run-20240418/sdo/package-list.json
Publish Box Statement: This page is part of the Mdicosocial - Suivi Dcisions Orientation (v4.0.2-ballot-3: Release) based on <a no-external="true" href="http://hl7.org/fhir/R4">FHIR (HL7 FHIR Standard) R4</a>. This is the current published version in its permanent home (it will always be available at this URL).  For a full list of available versions, see the <a no-external="true" href="https://interop.esante.gouv.fr/ig/fhir/sdo/history.html">Directory of published versions</a>
no html insert in /tmp/web-root/run-20240418/sdo/4.0.2-ballot-3/qa-txservers.html
  .. 130 files checked, 130 updated
  .. 61 clones checked, 118 updated
  .. 19 redirections (19 created/updated)
This is a milestone release - publish v4.0.2-ballot-3 to /tmp/web-root/run-20240418/sdo
Publish Box Statement: This page is part of the Mdicosocial - Suivi Dcisions Orientation (v4.0.2-ballot-3: Release) based on <a no-external="true" href="http://hl7.org/fhir/R4">FHIR (HL7 FHIR Standard) R4</a>. This is the current published version.  For a full list of available versions, see the <a no-external="true" href="https://interop.esante.gouv.fr/ig/fhir/sdo/history.html">Directory of published versions</a>
no html insert in /tmp/ans.fhir.fr.sdo#4.0.2-ballot-3-milestone/output/qa-txservers.html
  .. 130 files checked, 130 updated
  .. 61 clones checked, 118 updated
  .. 19 redirections (19 created/updated)
Check for Files to delete
  ... 0 files
Copy to new IG to /tmp/web-root/run-20240418/sdo
Update history page at /tmp/web-root/run-20240418/sdo from /home/runner/work/IG-fhir-medicosocial-suivi-decisions-orientation/IG-fhir-medicosocial-suivi-decisions-orientation/./IG-website-release/fhir-ig-history-template and ./IG-website-release/templates
Build is complete. Copy from /tmp/web-root/run-20240418
ans.fhir.fr.sdo (https://interop.esante.gouv.fr/ig/fhir/sdo): Mdicosocial - Suivi Dcisions Orientation @ https://ansforge.github.io/IG-fhir-medicosocial-suivi-decisions-orientation/ig/main
  release: trial-use 4.0.2-ballot-3/4.0.1 @ https://interop.esante.gouv.fr/ig/fhir/sdo/4.0.2-ballot-3
