FHIR IG Publisher Version 1.8.22 (Git# 3d9b32f2efa8). Built 2025-03-19T04:54:10.544Z (370 days old)
Detected Java version: 17.0.10 from /opt/hostedtoolcache/Java_Microsoft_jdk/17.0.10/x64 on amd64 (64bit). 4000MB available
dir = /home/runner/work/IG-fhir-repertoire-offre-ressources-sante/IG-fhir-repertoire-offre-ressources-sante, path = /opt/hostedtoolcache/Ruby/3.3.10/x64/bin:/usr/share/dotnet:/opt/hostedtoolcache/node/20.20.1/x64/bin:/opt/hostedtoolcache/Java_Microsoft_jdk/17.0.10/x64/bin:/snap/bin:/home/runner/.local/bin:/opt/pipx_bin:/home/runner/.cargo/bin:/home/runner/.config/composer/vendor/bin:/usr/local/.ghcup/bin:/home/runner/.dotnet/tools:/usr/local/sbin:/usr/local/bin:/usr/sbin:/usr/bin:/sbin:/bin:/usr/games:/usr/local/games:/snap/bin
Parameters: -go-publish -authorise-non-conformant-tx-servers -source ./igSource -web ./IG-website-release/www/ig/fhir -registry ./IG-website-release/ig-registry/fhir-ig-list.json -history ./IG-website-release/fhir-ig-history-template -templates ./IG-website-release/templates
---------------
Publication Run: publish ./igSource to ./IG-website-release/www/ig/fhir
Relative directory for IG is '/ror'
===== Web Publication Run Details ===============================
 Source IG: ans.fhir.fr.ror#0.7.0-snapshot-2 : https://interop.esante.gouv.fr/ig/fhir/ror (R4) from ./igSource
All checks passed. Do the publication build from /home/runner/work/IG-fhir-repertoire-offre-ressources-sante/IG-fhir-repertoire-offre-ressources-sante/./igSource and publish to /tmp/web-root/run-20260324/ror
Prepare Build space in /tmp/ig-builds/ans.fhir.fr.ror#0.7.0-snapshot-2
Build IG at /home/runner/work/IG-fhir-repertoire-offre-ressources-sante/IG-fhir-repertoire-offre-ressources-sante/./igSource: final copy suitable for publication (in /tmp/ig-builds/ans.fhir.fr.ror#0.7.0-snapshot-2)
FHIR IG Publisher Version 1.8.22 (Git# 3d9b32f2efa8). Built 2025-03-19T04:54:10.544Z (370 days old) 
Detected Java version: 17.0.10 from /opt/hostedtoolcache/Java_Microsoft_jdk/17.0.10/x64 on Linux/amd64 (64bit). 4000MB available
dir = /home/runner/work/IG-fhir-repertoire-offre-ressources-sante/IG-fhir-repertoire-offre-ressources-sante, path = /opt/hostedtoolcache/Ruby/3.3.10/x64/bin:/usr/share/dotnet:/opt/hostedtoolcache/node/20.20.1/x64/bin:/opt/hostedtoolcache/Java_Microsoft_jdk/17.0.10/x64/bin:/snap/bin:/home/runner/.local/bin:/opt/pipx_bin:/home/runner/.cargo/bin:/home/runner/.config/composer/vendor/bin:/usr/local/.ghcup/bin:/home/runner/.dotnet/tools:/usr/local/sbin:/usr/local/bin:/usr/sbin:/usr/bin:/sbin:/bin:/usr/games:/usr/local/games:/snap/bin
Parameters: -ig /tmp/ig-builds/ans.fhir.fr.ror#0.7.0-snapshot-2 -resetTx -publish https://interop.esante.gouv.fr/ig/fhir/ror/0.7.0-snapshot-2 -no-exit
Character encoding = UTF-8 / UTF-8                                                                  
Start Clock @ Tuesday, March 24, 2026 at 10:46:10 AM Coordinated Universal Time (2026-03-24T10:46:10Z)
                                                                                                    
Build FHIR IG from /tmp/ig-builds/ans.fhir.fr.ror#0.7.0-snapshot-2                                   (00:00.145 / 00:00.145, 47Mb)
Build Formal Publication package, intended for https://interop.esante.gouv.fr/ig/fhir/ror/0.7.0-snapshot-2 (00:00.003 / 00:00.148, 47Mb)
API keys loaded from /home/runner/.fhir/fhir-settings.json                                           (00:00.001 / 00:00.149, 47Mb)
Package Cache: /home/runner/.fhir/packages                                                           (00:00.005 / 00:00.154, 47Mb)
Run Sushi on /tmp/ig-builds/ans.fhir.fr.ror#0.7.0-snapshot-2                                         (00:00.002 / 00:00.157, 47Mb)
Sushi: info  Running SUSHI v3.18.1 (implements FHIR Shorthand specification v3.0.0)                  (00:00.769 / 00:00.926, 50Mb)
Sushi: info  Arguments:                                                                              (00:00.001 / 00:00.927, 50Mb)
Sushi: info    --require-latest                                                                      (00:00.001 / 00:00.929, 50Mb)
Sushi: info    --out /tmp/ig-builds/ans.fhir.fr.ror#0.7.0-snapshot-2                                 (00:00.001 / 00:00.930, 50Mb)
Sushi: info    /tmp/ig-builds/ans.fhir.fr.ror#0.7.0-snapshot-2                                       (00:00.000 / 00:00.931, 50Mb)
Sushi: info  Using configuration file: /tmp/ig-builds/ans.fhir.fr.ror#0.7.0-snapshot-2/sushi-config.yaml (00:00.603 / 00:01.534, 50Mb)
Sushi: info  Importing FSH text...                                                                   (00:00.109 / 00:01.643, 50Mb)
Sushi: info  Preprocessed 109 documents with 110 aliases.                                            (00:00.465 / 00:02.109, 50Mb)
Sushi: info  Imported 67 definitions and 41 instances.                                               (00:00.082 / 00:02.192, 50Mb)
Sushi: info  Loaded virtual package sushi-r5forR4#1.0.0 with 7 resources                             (00:00.109 / 00:02.301, 50Mb)
Sushi: info  Resolved hl7.fhir.uv.tools.r4#latest to concrete version 1.1.2                          (00:00.719 / 00:03.021, 50Mb)
Sushi: info  Loaded hl7.fhir.uv.tools.r4#1.1.2 with 119 resources                                    (00:00.087 / 00:03.109, 50Mb)
Sushi: info  Resolved hl7.terminology.r4#latest to concrete version 7.1.0                            (00:00.166 / 00:03.275, 50Mb)
Sushi: info  Loaded hl7.terminology.r4#7.1.0 with 4103 resources                                     (00:01.861 / 00:05.136, 50Mb)
Sushi: info  Loaded ans.annuaire.fhir.r4#0.2.0 with 62 resources                                     (00:00.030 / 00:05.167, 50Mb)
Sushi: info  Loaded hl7.fhir.fr.core#1.1.0 with 119 resources                                        (00:00.046 / 00:05.213, 50Mb)
Sushi: info  Loaded hl7.fhir.uv.bulkdata#2.0.0 with 8 resources                                      (00:00.004 / 00:05.217, 50Mb)
Sushi: info  Loaded hl7.fhir.uv.sdc#3.0.0 with 105 resources                                         (00:00.072 / 00:05.290, 50Mb)
Sushi: info  Loaded hl7.fhir.r4.core#4.0.1 with 4581 resources                                       (00:01.127 / 00:06.417, 50Mb)
Sushi: info  Loaded hl7.fhir.uv.extensions.r4#5.2.0 with 759 resources                               (00:00.418 / 00:06.835, 50Mb)
Sushi: info  Loaded virtual package sushi-local#LOCAL with 0 resources                               (00:00.012 / 00:06.847, 50Mb)
Sushi: info  Converting FSH to FHIR resources...                                                     (00:00.018 / 00:06.866, 50Mb)
Sushi: info  Converted 56 FHIR StructureDefinitions.                                                 (00:08.024 / 00:14.891, 50Mb)
Sushi: info  Converted 6 FHIR CodeSystems.                                                           (00:00.149 / 00:15.040, 50Mb)
Sushi: info  Converted 5 FHIR ValueSets.                                                             (00:00.105 / 00:15.145, 50Mb)
Sushi: info  Converted 41 FHIR instances.                                                            (00:11.433 / 00:26.579, 50Mb)
Sushi: info  Exporting FHIR resources as JSON...                                                     (00:00.140 / 00:26.719, 50Mb)
Sushi: info  Exported 108 FHIR resources as JSON.                                                    (00:00.119 / 00:26.839, 50Mb)
Sushi: info  Assembling Implementation Guide sources...                                              (00:00.004 / 00:26.844, 50Mb)
Sushi: info  Generated ImplementationGuide-ans.fhir.fr.ror.json                                      (00:00.027 / 00:26.872, 50Mb)
Sushi: info  Assembled Implementation Guide sources; ready for IG Publisher.                         (00:00.001 / 00:26.873, 50Mb)
Sushi: ========================= SUSHI RESULTS ===========================                           (00:00.000 / 00:26.874, 50Mb)
Sushi: |  -------------------------------------------------------------  |                           (00:00.000 / 00:26.875, 50Mb)
Sushi: | |    Profiles   |  Extensions  |   Logicals   |   Resources   | |                           (00:00.000 / 00:26.875, 50Mb)
Sushi: | |-------------------------------------------------------------| |                           (00:00.000 / 00:26.876, 50Mb)
Sushi: | |       9       |      47      |      0       |       0       | |                           (00:00.000 / 00:26.877, 50Mb)
Sushi: |  -------------------------------------------------------------  |                           (00:00.000 / 00:26.878, 50Mb)
Sushi: |  -------------------------------------------------------------  |                           (00:00.000 / 00:26.879, 50Mb)
Sushi: | |      ValueSets     |    CodeSystems    |     Instances      | |                           (00:00.000 / 00:26.880, 50Mb)
Sushi: | |-------------------------------------------------------------| |                           (00:00.000 / 00:26.880, 50Mb)
Sushi: | |         5          |         6         |         41         | |                           (00:00.000 / 00:26.881, 50Mb)
Sushi: |  -------------------------------------------------------------  |                           (00:00.000 / 00:26.882, 50Mb)
Sushi: |                                                                 |                           (00:00.000 / 00:26.882, 50Mb)
Sushi: ===================================================================                           (00:00.000 / 00:26.883, 50Mb)
Sushi: | Nice job! Are you hooked yet?          0 Errors      0 Warnings |                           (00:00.000 / 00:26.884, 50Mb)
Sushi: ===================================================================                           (00:00.000 / 00:26.884, 50Mb)
Unable to load IG as an r5 IG - try R4 (property code is a class com.google.gson.JsonPrimitive looking for an object) (00:00.506 / 00:27.390, 65Mb)
Load Template from ans.fr.template#0.2.0                                                             (00:00.467 / 00:27.857, 66Mb)
 Load Template from fhir.base.template#0.8.1                                                         (00:00.195 / 00:28.053, 76Mb)
Root directory: /tmp/ig-builds/ans.fhir.fr.ror#0.7.0-snapshot-2                                      (00:02.832 / 00:30.886, 96Mb)
Terminology Cache is at /tmp/ig-builds/ans.fhir.fr.ror#0.7.0-snapshot-2/input-cache/txcache. Clearing now (00:00.852 / 00:31.739, 65Mb)
Core Package hl7.fhir.r4.core#4.0.1
Unable to generate snapshot @2 for Definition from noname because Profile Definition (http://hl7.org/fhir/StructureDefinition/Definition) has no base and no snapshot
Unable to generate snapshot @2 for Event from noname because Profile Event (http://hl7.org/fhir/StructureDefinition/Event) has no base and no snapshot
Unable to generate snapshot @2 for FiveWs from noname because Profile FiveWs (http://hl7.org/fhir/StructureDefinition/FiveWs) has no base and no snapshot
Unable to generate snapshot @2 for Request from noname because Profile Request (http://hl7.org/fhir/StructureDefinition/Request) has no base and no snapshot
Running Terminology Log: /tmp/ohfu-fhir-ig-12574469182311337492.log
Connect to Terminology Server at http://tx.fhir.org                                                  (00:03.371 / 00:35.111, 384Mb)
Load Package hl7.fhir.pubpack#0.2.1
Load Package hl7.fhir.xver-extensions#0.1.0
Load Package hl7.terminology.r4#7.1.0
Load Package ANS.annuaire.fhir.r4#0.2.0
Load Package hl7.fhir.fr.core#1.1.0
Load Package hl7.fhir.uv.bulkdata#2.0.0
Load Package hl7.fhir.uv.extensions.r4#5.2.0
Ignore Dependency on Core FHIR hl7.fhir.r4.examples#4.0.1, from package 'hl7.fhir.uv.sdc#3.0.0'      (00:03.777 / 00:38.888, 519Mb)
Load Package hl7.fhir.uv.sdc#3.0.0
Load Package hl7.fhir.uv.tools.r4#0.4.1
Load R5 Specials
Unable to generate snapshot @2 for Definition from noname because Profile Definition (http://hl7.org/fhir/StructureDefinition/Definition) has no base and no snapshot
Unable to generate snapshot @2 for Event from noname because Profile Event (http://hl7.org/fhir/StructureDefinition/Event) has no base and no snapshot
Unable to generate snapshot @2 for FiveWs from noname because Profile FiveWs (http://hl7.org/fhir/StructureDefinition/FiveWs) has no base and no snapshot
Unable to generate snapshot @2 for Request from noname because Profile Request (http://hl7.org/fhir/StructureDefinition/Request) has no base and no snapshot
Initialization complete                                                                              (00:01.343 / 00:40.231, 474Mb)
Load Content                                                                                         (00:00.000 / 00:40.232, 474Mb)
Using fr_FR as the default narrative language. (inferred from ImplementationGuide.jurisdiction=FR)   (00:00.081 / 00:40.313, 486Mb)
Process Loaded Resources                                                                             (00:03.617 / 00:43.931, 622Mb)
Generating Snapshots                                                                                 (00:02.525 / 00:46.456, 416Mb)
loadPrePages from FetchedFile[/tmp/ig-builds/ans.fhir.fr.ror#0.7.0-snapshot-2/fsh-generated/includes] as /tmp/ig-builds/ans.fhir.fr.ror#0.7.0-snapshot-2/fsh-generated/includes
loadPrePages from FetchedFile[/tmp/ig-builds/ans.fhir.fr.ror#0.7.0-snapshot-2/input/data] as /tmp/ig-builds/ans.fhir.fr.ror#0.7.0-snapshot-2/input/data
loadPrePages from FetchedFile[/tmp/ig-builds/ans.fhir.fr.ror#0.7.0-snapshot-2/input/pagecontent] as /tmp/ig-builds/ans.fhir.fr.ror#0.7.0-snapshot-2/input/pagecontent
Fetch https://interop.esante.gouv.fr/ig/fhir/ror/package-list.json for version check                 (00:08.191 / 00:54.647, 606Mb)
Processing Conformance Resources                                                                     (00:00.715 / 00:55.363, 612Mb)
Checking Language                                                                                    (00:00.000 / 00:55.364, 612Mb)
Load Dependency Info                                                                                 (00:00.003 / 00:55.367, 613Mb)
Load Info                                                                                            (00:00.001 / 00:55.369, 613Mb)
Load Paths                                                                                           (00:00.000 / 00:55.370, 614Mb)
Check R4 / R4B                                                                                       (00:00.000 / 00:55.371, 614Mb)
Assign Comparison Ids                                                                                (00:00.022 / 00:55.394, 619Mb)
Propagating status                                                                                   (00:00.000 / 00:55.395, 619Mb)
Generating Narratives                                                                                (00:00.000 / 00:55.395, 619Mb)
Validating Conformance Resources                                                                     (00:33.166 / 01:28.562, 769Mb)
Unable to generate snapshot @2 for Definition from noname because Profile Definition (http://hl7.org/fhir/StructureDefinition/Definition) has no base and no snapshot
Unable to generate snapshot @2 for Event from noname because Profile Event (http://hl7.org/fhir/StructureDefinition/Event) has no base and no snapshot
Unable to generate snapshot @2 for FiveWs from noname because Profile FiveWs (http://hl7.org/fhir/StructureDefinition/FiveWs) has no base and no snapshot
Unable to generate snapshot @2 for Request from noname because Profile Request (http://hl7.org/fhir/StructureDefinition/Request) has no base and no snapshot
Unable to generate snapshot @2 for Definition from noname because Profile Definition (http://hl7.org/fhir/StructureDefinition/Definition) has no base and no snapshot
Unable to generate snapshot @2 for Event from noname because Profile Event (http://hl7.org/fhir/StructureDefinition/Event) has no base and no snapshot
Unable to generate snapshot @2 for FiveWs from noname because Profile FiveWs (http://hl7.org/fhir/StructureDefinition/FiveWs) has no base and no snapshot
Unable to generate snapshot @2 for Request from noname because Profile Request (http://hl7.org/fhir/StructureDefinition/Request) has no base and no snapshot
Check profiles & code systems                                                                        (00:29.977 / 01:58.539, 771Mb)
Check realm rules                                                                                    (00:00.007 / 01:58.546, 772Mb)
Previous Version Comparison                                                                          (00:00.001 / 01:58.547, 772Mb)
Validating Resources                                                                                 (00:00.039 / 01:58.587, 782Mb)
Processing Provenance Records                                                                        (00:05.468 / 02:04.055, 820Mb)
Generating Outputs in /tmp/ig-builds/ans.fhir.fr.ror#0.7.0-snapshot-2/output                         (00:00.001 / 02:04.056, 820Mb)
Generate Native Outputs                                                                              (00:00.103 / 02:04.159, 645Mb)
Run Template                                                                                         (00:10.915 / 02:15.075, 770Mb)
Generate HTML Outputs                                                                                (00:03.315 / 02:18.390, 666Mb)
Generate Spreadsheets                                                                                (00:21.549 / 02:39.940, 982Mb)
Generate Summaries                                                                                   (00:06.212 / 02:46.152, 1Gb)
Generating Summary Outputs                                                                           (00:00.001 / 02:46.153, 1Gb)
ERROR: Unable to populate flag information
DB Cumulative Time invested: 00:00:01.337
Sending Usage Stats to Server                                                                        (00:10.042 / 02:56.196, 1Gb)
## Memory (MB): Use = 1837, Free = 370, Total = 2208, Max = 4000                                     (00:00.005 / 02:56.202, 1Gb)
Reclaiming memory...                                                                                 (00:00.000 / 02:56.203, 1Gb)
## Memory (MB): Use = 610, Free = 1442, Total = 2054, Max = 4000                                     (00:00.340 / 02:56.543, 612Mb)
Run jekyll: jekyll build --destination "/tmp/ig-builds/ans.fhir.fr.ror#0.7.0-snapshot-2/output" (in folder /tmp/ig-builds/ans.fhir.fr.ror#0.7.0-snapshot-2/temp/pages) (00:00.002 / 02:56.545, 612Mb)
Troubleshooting Note: usual cases for Jekyll to fail are:                                            (00:00.001 / 02:56.546, 612Mb)
* A failure to produce a fragment that is already logged in the output above                         (00:00.000 / 02:56.547, 612Mb)
* A reference to a manually edited file that hasn't been provided                                    (00:00.000 / 02:56.548, 612Mb)
Jekyll: Source: /tmp/ig-builds/ans.fhir.fr.ror#0.7.0-snapshot-2/temp/pages                           (00:00.574 / 02:57.123, 616Mb)
Jekyll: Generating...                                                                                (00:00.000 / 02:57.123, 616Mb)
Jekyll: done in 5.255 seconds.                                                                       (00:05.252 / 03:02.376, 616Mb)

Installing ans.fhir.fr.ror#0.7.0-snapshot-2
 done.
Checking Output HTML                                                                                 (00:03.587 / 03:05.964, 1Gb)
found 2121 files                                                                                     (00:00.009 / 03:05.973, 1Gb)
........................................
........................................
  ... 2121 html files, 0 pages invalid xhtml (0%)                                                    (00:18.552 / 03:24.526, 630Mb)
  ... 455962 links, 55 broken links (0%)                                                             (00:00.001 / 03:24.527, 630Mb)
Generate fragment-usage-analysis.csv                                                                 (00:00.001 / 03:24.528, 630Mb)
Build final .zip                                                                                     (00:00.006 / 03:24.534, 630Mb)
Final .zip built                                                                                     (00:02.807 / 03:27.342, 647Mb)
Built. Times: loading: 00:15.130, generate: 02:35.136, narrative generation: 00:33.165, realm-rules: 00:00.001, previous-version: 00:00.000, jekyll: 00:05.864, validation: 00:35.093 (#109), template: 00:03.314 (#3) (00:03.448 / 03:30.790, 696Mb)
Generating QA                                                                                        (00:00.001 / 03:30.791, 696Mb)
Validation output in /tmp/ig-builds/ans.fhir.fr.ror#0.7.0-snapshot-2/output/qa.html
Errors: 163, Warnings: 158, Info: 78, Broken Links: 55 (00:04.969 / 03:35.761, 1Gb)
Finished. Max Memory Used = 1Gb. Log file saved in /tmp/fhir-ig-publisher-tmp.log                    (00:00.013 / 03:35.774, 1Gb)
Keep a copy of the build directory at /tmp/web-root/run-20260324/ig-build-zips/ans.fhir.fr.ror#0.7.0-snapshot-2.zip

ok. All checks passed. Publish v0.7.0-snapshot-2 to /tmp/web-root/run-20260324/ror/0.7.0-snapshot-2
Copy the IG to /tmp/web-root/run-20260324/ror/0.7.0-snapshot-2
Update /tmp/web-root/run-20260324/ror/package-list.json
Publish Box Statement: This page is part of the Répertoire national de l’Offre et des Ressources en santé et accompagnement médico-social (v0.7.0-snapshot-2: QA Preview) based on <a no-external="true" href="http://hl7.org/fhir/R4">FHIR (HL7® FHIR® Standard) R4</a>. This version is a pre-release. The current official version is <a no-external="true" href="https://interop.esante.gouv.fr/ig/fhir/ror{{fn}}">0.6.0</a>.  For a full list of available versions, see the <a no-external="true" href="https://interop.esante.gouv.fr/ig/fhir/ror/history.html">Directory of published versions</a>
  .. 792 files checked, 792 updated
  .. 221 clones checked, 442 updated
  .. 109 redirections (109 created/updated)
ans.fhir.fr.ror (https://interop.esante.gouv.fr/ig/fhir/ror): Répertoire national de l’Offre et des Ressources en santé et accompagnement médico-social @ https://ansforge.github.io/IG-fhir-repertoire-offre-ressources-sante/ig/main
  candidate: trial-use Preview 0.7.0-snapshot-2/4.0.1 @ https://interop.esante.gouv.fr/ig/fhir/ror/0.7.0-snapshot-2
Build is complete. Copy from /tmp/web-root/run-20260324
Update history page at /tmp/web-root/run-20260324/ror from /home/runner/work/IG-fhir-repertoire-offre-ressources-sante/IG-fhir-repertoire-offre-ressources-sante/./IG-website-release/fhir-ig-history-template and ./IG-website-release/templates
