FHIR IG Publisher Version 1.7.1 (Git# 74ea670a3891). Built 2024-10-25T03:52:19.844Z (5 days old)
Detected Java version: 17.0.10 from /opt/hostedtoolcache/Java_Microsoft_jdk/17.0.10/x64 on amd64 (64bit). 3996MB available
dir = /home/runner/work/IG-fhir-cahier-de-liaison/IG-fhir-cahier-de-liaison, path = /opt/hostedtoolcache/Ruby/3.3.5/x64/bin:/usr/share/dotnet:/opt/hostedtoolcache/node/20.18.0/x64/bin:/opt/hostedtoolcache/Java_Microsoft_jdk/17.0.10/x64/bin:/snap/bin:/home/runner/.local/bin:/opt/pipx_bin:/home/runner/.cargo/bin:/home/runner/.config/composer/vendor/bin:/usr/local/.ghcup/bin:/home/runner/.dotnet/tools:/usr/local/sbin:/usr/local/bin:/usr/sbin:/usr/bin:/sbin:/bin:/usr/games:/usr/local/games:/snap/bin
Parameters: -go-publish -source ./igSource -web ./IG-website-release/www/ig/fhir -registry ./IG-website-release/ig-registry/fhir-ig-list.json -history ./IG-website-release/fhir-ig-history-template -templates ./IG-website-release/templates
---------------
Publication Run: publish ./igSource to ./IG-website-release/www/ig/fhir
Run Number: 53
Relative directory for IG is '/cdl'
===== Web Publication Run Details ===============================
 Source IG: ans.fhir.fr.cdl#3.0.0 : https://interop.esante.gouv.fr/ig/fhir/cdl (R4) from ./igSource
All checks passed. Do the publication build from /home/runner/work/IG-fhir-cahier-de-liaison/IG-fhir-cahier-de-liaison/./igSource and publish to /tmp/web-root/run-20241030/cdl
Prepare Build space in /tmp/ans.fhir.fr.cdl#3.0.0
Build IG at /home/runner/work/IG-fhir-cahier-de-liaison/IG-fhir-cahier-de-liaison/./igSource: final copy suitable for publication (in /tmp/ans.fhir.fr.cdl#3.0.0)
FHIR IG Publisher Version 1.7.1 (Git# 74ea670a3891). Built 2024-10-25T03:52:19.844Z (5 days old)    
Detected Java version: 17.0.10 from /opt/hostedtoolcache/Java_Microsoft_jdk/17.0.10/x64 on Linux/amd64 (64bit). 3996MB available
dir = /home/runner/work/IG-fhir-cahier-de-liaison/IG-fhir-cahier-de-liaison, path = /opt/hostedtoolcache/Ruby/3.3.5/x64/bin:/usr/share/dotnet:/opt/hostedtoolcache/node/20.18.0/x64/bin:/opt/hostedtoolcache/Java_Microsoft_jdk/17.0.10/x64/bin:/snap/bin:/home/runner/.local/bin:/opt/pipx_bin:/home/runner/.cargo/bin:/home/runner/.config/composer/vendor/bin:/usr/local/.ghcup/bin:/home/runner/.dotnet/tools:/usr/local/sbin:/usr/local/bin:/usr/sbin:/usr/bin:/sbin:/bin:/usr/games:/usr/local/games:/snap/bin
Parameters: -ig /tmp/ans.fhir.fr.cdl#3.0.0 -resetTx -publish https://interop.esante.gouv.fr/ig/fhir/cdl/3.0.0-ballot -no-exit
Start Clock @ Wednesday, October 30, 2024 at 2:10:08 PM Coordinated Universal Time (2024-10-30T14:10:08Z)
                                                                                                    
Build FHIR IG from /tmp/ans.fhir.fr.cdl#3.0.0                                                        (00:00.022 / 00:00.023, 43Mb)
Build Formal Publication package, intended for https://interop.esante.gouv.fr/ig/fhir/cdl/3.0.0-ballot (00:00.004 / 00:00.027, 43Mb)
API keys loaded from /home/runner/.fhir/fhir-settings.json                                           (00:00.001 / 00:00.028, 43Mb)
Package Cache: /home/runner/.fhir/packages                                                           (00:00.004 / 00:00.032, 43Mb)
Run Sushi on /tmp/ans.fhir.fr.cdl#3.0.0                                                              (00:00.002 / 00:00.035, 43Mb)
Sushi: info  Running SUSHI v3.12.0 (implements FHIR Shorthand specification v3.0.0)                  (00:00.654 / 00:00.690, 46Mb)
Sushi: info  Arguments:                                                                              (00:00.001 / 00:00.691, 46Mb)
Sushi: info    --require-latest                                                                      (00:00.001 / 00:00.693, 46Mb)
Sushi: info    --out /tmp/ans.fhir.fr.cdl#3.0.0                                                      (00:00.002 / 00:00.695, 46Mb)
Sushi: info    /tmp/ans.fhir.fr.cdl#3.0.0                                                            (00:00.001 / 00:00.697, 46Mb)
Sushi: info  Using configuration file: /tmp/ans.fhir.fr.cdl#3.0.0/sushi-config.yaml                  (00:00.354 / 00:01.051, 46Mb)
Sushi: info  Importing FSH text...                                                                   (00:00.096 / 00:01.148, 46Mb)
Sushi: info  Preprocessed 12 documents with 4 aliases.                                               (00:00.206 / 00:01.355, 46Mb)
Sushi: info  Imported 5 definitions and 9 instances.                                                 (00:00.018 / 00:01.373, 46Mb)
Sushi: info  Checking /home/runner/.fhir/packages for hl7.fhir.uv.tools#current...                   (00:00.001 / 00:01.374, 46Mb)
Sushi: info  Found hl7.fhir.uv.tools#current in /home/runner/.fhir/packages.                         (00:00.070 / 00:01.445, 46Mb)
Sushi: info  Loaded package hl7.fhir.uv.tools#current                                                (00:00.383 / 00:01.828, 46Mb)
Sushi: info  Checking /home/runner/.fhir/packages for hl7.terminology.r4#6.0.2...                    (00:00.467 / 00:02.296, 46Mb)
Sushi: info  Found hl7.terminology.r4#6.0.2 in /home/runner/.fhir/packages.                          (00:01.051 / 00:03.347, 46Mb)
Sushi: info  Loaded package hl7.terminology.r4#6.0.2                                                 (00:00.001 / 00:03.348, 46Mb)
Sushi: info  Checking /home/runner/.fhir/packages for hl7.fhir.uv.extensions.r4#5.1.0...             (00:00.093 / 00:03.441, 46Mb)
Sushi: info  Found hl7.fhir.uv.extensions.r4#5.1.0 in /home/runner/.fhir/packages.                   (00:00.524 / 00:03.966, 46Mb)
Sushi: info  Loaded package hl7.fhir.uv.extensions.r4#5.1.0                                          (00:00.001 / 00:03.968, 46Mb)
Sushi: info  Checking /home/runner/.fhir/packages for ans.fhir.fr.annuaire#1.0.1...                  (00:00.001 / 00:03.969, 46Mb)
Sushi: info  Found ans.fhir.fr.annuaire#1.0.1 in /home/runner/.fhir/packages.                        (00:00.525 / 00:04.495, 46Mb)
Sushi: info  Loaded package ans.fhir.fr.annuaire#1.0.1                                               (00:00.001 / 00:04.496, 46Mb)
Sushi: info  Checking /home/runner/.fhir/packages for hl7.fhir.fr.core#2.0.1...                      (00:00.001 / 00:04.497, 46Mb)
Sushi: info  Found hl7.fhir.fr.core#2.0.1 in /home/runner/.fhir/packages.                            (00:00.549 / 00:05.047, 46Mb)
Sushi: info  Loaded package hl7.fhir.fr.core#2.0.1                                                   (00:00.001 / 00:05.048, 46Mb)
Sushi: info  Checking /home/runner/.fhir/packages for ans.fr.nos#1.3.0...                            (00:00.094 / 00:05.143, 46Mb)
Sushi: info  Found ans.fr.nos#1.3.0 in /home/runner/.fhir/packages.                                  (00:00.812 / 00:05.955, 46Mb)
Sushi: info  Loaded package ans.fr.nos#1.3.0                                                         (00:00.001 / 00:05.956, 46Mb)
Sushi: info  Checking /home/runner/.fhir/packages for hl7.fhir.r4.core#4.0.1...                      (00:00.001 / 00:05.958, 46Mb)
Sushi: info  Found hl7.fhir.r4.core#4.0.1 in /home/runner/.fhir/packages.                            (00:01.399 / 00:07.357, 46Mb)
Sushi: info  Loaded package hl7.fhir.r4.core#4.0.1                                                   (00:00.001 / 00:07.358, 46Mb)
Sushi: info  Converting FSH to FHIR resources...                                                     (00:00.042 / 00:07.400, 46Mb)
Sushi: info  Converted 5 FHIR StructureDefinitions.                                                  (00:00.774 / 00:08.175, 46Mb)
Sushi: info  Converted 9 FHIR instances.                                                             (00:00.917 / 00:09.092, 46Mb)
Sushi: info  Exporting FHIR resources as JSON...                                                     (00:00.004 / 00:09.096, 46Mb)
Sushi: info  Exported 11 FHIR resources as JSON.                                                     (00:00.041 / 00:09.137, 46Mb)
Sushi: info  Assembling Implementation Guide sources...                                              (00:00.001 / 00:09.139, 46Mb)
Sushi: info  Generated ImplementationGuide-ans.fhir.fr.cdl.json                                      (00:00.026 / 00:09.166, 46Mb)
Sushi: info  Assembled Implementation Guide sources; ready for IG Publisher.                         (00:00.001 / 00:09.167, 46Mb)
Sushi: ========================= SUSHI RESULTS ===========================                           (00:00.001 / 00:09.168, 46Mb)
Sushi: |  -------------------------------------------------------------  |                           (00:00.000 / 00:09.169, 46Mb)
Sushi: | |    Profiles   |  Extensions  |   Logicals   |   Resources   | |                           (00:00.001 / 00:09.170, 46Mb)
Sushi: | |-------------------------------------------------------------| |                           (00:00.001 / 00:09.171, 46Mb)
Sushi: | |       4       |      1       |      0       |       0       | |                           (00:00.001 / 00:09.172, 46Mb)
Sushi: |  -------------------------------------------------------------  |                           (00:00.001 / 00:09.173, 46Mb)
Sushi: |  -------------------------------------------------------------  |                           (00:00.001 / 00:09.174, 46Mb)
Sushi: | |      ValueSets     |    CodeSystems    |     Instances      | |                           (00:00.001 / 00:09.175, 46Mb)
Sushi: | |-------------------------------------------------------------| |                           (00:00.001 / 00:09.176, 46Mb)
Sushi: | |         0          |         0         |         9          | |                           (00:00.001 / 00:09.177, 46Mb)
Sushi: |  -------------------------------------------------------------  |                           (00:00.001 / 00:09.178, 46Mb)
Sushi: |                                                                 |                           (00:00.001 / 00:09.179, 46Mb)
Sushi: ===================================================================                           (00:00.001 / 00:09.180, 46Mb)
Sushi: | FSHing for compliments? Super job!     0 Errors      0 Warnings |                           (00:00.001 / 00:09.182, 46Mb)
Sushi: ===================================================================                           (00:00.000 / 00:09.183, 46Mb)
Unable to load IG as an r5 IG - try R4 (property code is a class com.google.gson.JsonPrimitive looking for an object) (00:00.488 / 00:09.671, 56Mb)
Load Template from https://github.com/ansforge/IG-template                                           (00:00.488 / 00:10.160, 27Mb)
 Load Template from fhir.base.template#current                                                       (00:00.791 / 00:10.952, 61Mb)

onLoad.findSpreadsheets:

onLoad.updateIg:
     [xslt] Processing /tmp/ans.fhir.fr.cdl#3.0.0/template/onLoad-ig-working.xml to /tmp/ans.fhir.fr.cdl#3.0.0/template/onLoad-ig-updated.xml
     [xslt] Loading stylesheet /tmp/ans.fhir.fr.cdl#3.0.0/template/scripts/onLoad.xslt

onLoad.extend:

onLoad:
Root directory: /tmp/ans.fhir.fr.cdl#3.0.0                                                           (00:02.835 / 00:13.788, 157Mb)
Terminology Cache is at /tmp/ans.fhir.fr.cdl#3.0.0/input-cache/txcache. Clearing now                 (00:00.384 / 00:14.172, 104Mb)
Core Package hl7.fhir.r4.core#4.0.1
Unable to generate snapshot @2 for Definition from noname because Profile Definition (http://hl7.org/fhir/StructureDefinition/Definition) has no base and no snapshot
Unable to generate snapshot @2 for Event from noname because Profile Event (http://hl7.org/fhir/StructureDefinition/Event) has no base and no snapshot
Unable to generate snapshot @2 for FiveWs from noname because Profile FiveWs (http://hl7.org/fhir/StructureDefinition/FiveWs) has no base and no snapshot
Unable to generate snapshot @2 for Request from noname because Profile Request (http://hl7.org/fhir/StructureDefinition/Request) has no base and no snapshot
Running Terminology Log: /tmp/ohfu-fhir-ig-7206730744729585502.log
Connect to Terminology Server at http://tx.fhir.org                                                  (00:03.582 / 00:17.754, 456Mb)
Load Package hl7.fhir.pubpack#0.1.8
Load Package hl7.fhir.xver-extensions#0.1.0
Load Package hl7.terminology.r4#6.0.2
Load Package hl7.fhir.uv.extensions.r4#5.1.0
Load Package hl7.terminology.r4#5.5.0
Load Package hl7.fhir.uv.extensions.r4#1.0.0
Load Package hl7.terminology.r4#5.3.0
Load Package ans.fr.nos#1.2.0
Load Package hl7.fhir.fr.core#2.0.1
Load Package ans.fhir.fr.annuaire#1.0.1
Load Package hl7.fhir.fr.core#2.0.1
Load Package ans.fr.nos#1.3.0
Version mismatch. This IG is version 4.0.1, while the IG 'hl7.fhir.uv.tools' is from version 5.0.0 (will try to run anyway) (00:10.118 / 00:27.873, 1Gb)
Load Package hl7.fhir.uv.tools#0.2.0
Load R5 Specials
Unable to generate snapshot @2 for Definition from noname because Profile Definition (http://hl7.org/fhir/StructureDefinition/Definition) has no base and no snapshot
Unable to generate snapshot @2 for Event from noname because Profile Event (http://hl7.org/fhir/StructureDefinition/Event) has no base and no snapshot
Unable to generate snapshot @2 for FiveWs from noname because Profile FiveWs (http://hl7.org/fhir/StructureDefinition/FiveWs) has no base and no snapshot
Unable to generate snapshot @2 for Request from noname because Profile Request (http://hl7.org/fhir/StructureDefinition/Request) has no base and no snapshot
Initialization complete                                                                              (00:00.679 / 00:28.552, 590Mb)
Load Content                                                                                         (00:00.000 / 00:28.553, 590Mb)
Using en-US as the default narrative language. (no language information in Implementation Guide or command line) (00:00.052 / 00:28.606, 595Mb)
loadPrePages from FetchedFile[/tmp/ans.fhir.fr.cdl#3.0.0/fsh-generated/includes] as /tmp/ans.fhir.fr.cdl#3.0.0/fsh-generated/includes
loadPrePages from FetchedFile[/tmp/ans.fhir.fr.cdl#3.0.0/input/data] as /tmp/ans.fhir.fr.cdl#3.0.0/input/data
loadPrePages from FetchedFile[/tmp/ans.fhir.fr.cdl#3.0.0/input/pagecontent] as /tmp/ans.fhir.fr.cdl#3.0.0/input/pagecontent
Fetch https://interop.esante.gouv.fr/ig/fhir/cdl/package-list.json for version check                 (00:00.677 / 00:29.283, 626Mb)
Processing Conformance Resources                                                                     (00:00.648 / 00:29.932, 627Mb)
Load Dependency Info                                                                                 (00:00.001 / 00:29.933, 627Mb)
Load Info                                                                                            (00:00.001 / 00:29.935, 627Mb)
Load Resources                                                                                       (00:00.001 / 00:29.937, 628Mb)
Load Paths                                                                                           (00:00.384 / 00:30.321, 661Mb)
Generating Snapshots                                                                                 (00:00.000 / 00:30.322, 661Mb)
Check R4 / R4B                                                                                       (00:00.881 / 00:31.203, 1Gb)
Assign Comparison Ids                                                                                (00:00.008 / 00:31.212, 1Gb)
Propagating status                                                                                   (00:00.000 / 00:31.213, 1Gb)
Generating Narratives                                                                                (00:00.000 / 00:31.214, 1Gb)
Validating Conformance Resources                                                                     (00:01.724 / 00:32.938, 1Gb)
Unable to generate snapshot @2 for Definition from noname because Profile Definition (http://hl7.org/fhir/StructureDefinition/Definition) has no base and no snapshot
Unable to generate snapshot @2 for Event from noname because Profile Event (http://hl7.org/fhir/StructureDefinition/Event) has no base and no snapshot
Unable to generate snapshot @2 for FiveWs from noname because Profile FiveWs (http://hl7.org/fhir/StructureDefinition/FiveWs) has no base and no snapshot
Unable to generate snapshot @2 for Request from noname because Profile Request (http://hl7.org/fhir/StructureDefinition/Request) has no base and no snapshot
Check profiles & code systems                                                                        (00:11.954 / 00:44.892, 1Gb)
Check realm rules                                                                                    (00:00.003 / 00:44.895, 1Gb)
Previous Version Comparison                                                                          (00:00.001 / 00:44.897, 1Gb)
Validating Resources                                                                                 (00:00.017 / 00:44.914, 1Gb)
Processing Provenance Records                                                                        (00:00.583 / 00:45.498, 1Gb)
Generating Outputs in /tmp/ans.fhir.fr.cdl#3.0.0/output                                              (00:00.001 / 00:45.499, 1Gb)
Generate Native Outputs                                                                              (00:00.072 / 00:45.571, 1Gb)
Run Template                                                                                         (00:04.415 / 00:49.987, 1Gb)

onGenerate.checkVersions:
     [xslt] Processing /tmp/ans.fhir.fr.cdl#3.0.0/template/onGenerate-ig-working.xml to /tmp/ans.fhir.fr.cdl#3.0.0/template/versions.txt
     [xslt] Loading stylesheet /tmp/ans.fhir.fr.cdl#3.0.0/template/scripts/onGenerate.getVersions.xslt

onGenerate.r5-schemas:
      [get] Getting: http://build.fhir.org/fhir-single.xsd
      [get] To: /tmp/ans.fhir.fr.cdl#3.0.0/input-cache/schemas/R5/fhir-single.xsd
      [get] Not modified - so not downloaded
      [get] Getting: http://build.fhir.org/fhir-xhtml.xsd
      [get] To: /tmp/ans.fhir.fr.cdl#3.0.0/input-cache/schemas/R5/fhir-xhtml.xsd
      [get] Not modified - so not downloaded
      [get] Getting: http://build.fhir.org/xml.xsd
      [get] To: /tmp/ans.fhir.fr.cdl#3.0.0/input-cache/schemas/R5/xml.xsd
      [get] Not modified - so not downloaded
      [get] Getting: http://build.fhir.org/xmldsig-core-schema.xsd
      [get] To: /tmp/ans.fhir.fr.cdl#3.0.0/input-cache/schemas/R5/xmldsig-core-schema.xsd
      [get] Not modified - so not downloaded

onGenerate.r4-schemas:
      [get] Getting: http://hl7.org/fhir/R4/fhir-single.xsd
      [get] To: /tmp/ans.fhir.fr.cdl#3.0.0/input-cache/schemas/R4/fhir-single.xsd
      [get] Not modified - so not downloaded
      [get] Getting: http://hl7.org/fhir/R4/fhir-xhtml.xsd
      [get] To: /tmp/ans.fhir.fr.cdl#3.0.0/input-cache/schemas/R4/fhir-xhtml.xsd
      [get] Not modified - so not downloaded
      [get] Getting: http://hl7.org/fhir/R4/xml.xsd
      [get] To: /tmp/ans.fhir.fr.cdl#3.0.0/input-cache/schemas/R4/xml.xsd
      [get] Not modified - so not downloaded
      [get] Getting: http://hl7.org/fhir/R4/xmldsig-core-schema.xsd
      [get] To: /tmp/ans.fhir.fr.cdl#3.0.0/input-cache/schemas/R4/xmldsig-core-schema.xsd
      [get] Not modified - so not downloaded

onGenerate.r3-schemas:

onGenerate.r2b-schemas:

onGenerate.r2-schemas:

onGenerate.schemas:

onGenerate.data:
     [xslt] Processing /tmp/ans.fhir.fr.cdl#3.0.0/template/onGenerate-ig-working.xml to /tmp/ans.fhir.fr.cdl#3.0.0/temp/pages/_data/artifacts.json
     [xslt] Loading stylesheet /tmp/ans.fhir.fr.cdl#3.0.0/template/scripts/onGenerate.data.xslt

onGenerate.setup:

onGenerate.infoFile:
     [xslt] Processing /tmp/ans.fhir.fr.cdl#3.0.0/template/onGenerate-ig-working.xml to /tmp/ans.fhir.fr.cdl#3.0.0/temp/pages/_data/info.json
     [xslt] Loading stylesheet /tmp/ans.fhir.fr.cdl#3.0.0/template/scripts/onGenerate.genJson.xslt

onGenerate.processIncludes:
     [copy] Copying 16 files to /tmp/ans.fhir.fr.cdl#3.0.0/temp/pages/_includes

onGenerate.processIg:
     [xslt] Processing /tmp/ans.fhir.fr.cdl#3.0.0/template/onGenerate-ig-working.xml to /tmp/ans.fhir.fr.cdl#3.0.0/template/onGenerate-ig-working.1.xml
     [xslt] Loading stylesheet /tmp/ans.fhir.fr.cdl#3.0.0/template/scripts/onGenerate.group.xslt
     [xslt] Processing /tmp/ans.fhir.fr.cdl#3.0.0/template/onGenerate-ig-working.1.xml to /tmp/ans.fhir.fr.cdl#3.0.0/template/onGenerate-ig-working.2.xml
     [xslt] Loading stylesheet /tmp/ans.fhir.fr.cdl#3.0.0/template/scripts/onGenerate.groupSort.xslt
     [xslt] Processing /tmp/ans.fhir.fr.cdl#3.0.0/template/onGenerate-ig-working.2.xml to /tmp/ans.fhir.fr.cdl#3.0.0/template/onGenerate-ig-updated.xml
     [xslt] Loading stylesheet /tmp/ans.fhir.fr.cdl#3.0.0/template/scripts/onGenerate.final.xslt

onGenerate.igQa:
     [xslt] Processing /tmp/ans.fhir.fr.cdl#3.0.0/template/onGenerate-ig-updated.xml to /tmp/ans.fhir.fr.cdl#3.0.0/template/ongenerate-validation-igqa.json
     [xslt] Loading stylesheet /tmp/ans.fhir.fr.cdl#3.0.0/template/scripts/onGenerate.qa.xslt

onGenerate.artifactList:
     [xslt] Processing /tmp/ans.fhir.fr.cdl#3.0.0/template/onGenerate-ig-updated.xml to /tmp/ans.fhir.fr.cdl#3.0.0/temp/pages/_includes/artifacts.xml
     [xslt] Loading stylesheet /tmp/ans.fhir.fr.cdl#3.0.0/template/scripts/createArtifactSummary.xslt

check-plantumlfiles:

onGenerate.plantUml.ig:

onGenerate.plantUml.template:

onGenerate.plantUml:

onGenerate.copyDataFiles:

onGenerate.extend:

onGenerate:
Template Done                                                                                        (00:01.902 / 00:51.890, 1Gb)
Generate HTML Outputs                                                                                (00:00.001 / 00:51.891, 1Gb)
ERROR StatusLogger Log4j2 could not find a logging implementation. Please add log4j-core to the classpath. Using SimpleLogger to log to the console...
Generate Summaries                                                                                   (00:11.014 / 01:02.906, 1Gb)
Generating Summary Outputs                                                                           (00:00.001 / 01:02.907, 1Gb)
DB Cumulative Time invested: 00:00:00.118
Sending Usage Stats to Server                                                                        (00:07.315 / 01:10.222, 1Gb)
## Memory (MB): Use = 1559, Free = 2080, Total = 3640, Max = 3996                                    (00:00.004 / 01:10.227, 1Gb)
Reclaiming memory...                                                                                 (00:00.000 / 01:10.228, 1Gb)
## Memory (MB): Use = 1320, Free = 2319, Total = 3640, Max = 3996                                    (00:00.752 / 01:10.981, 1Gb)
Run jekyll: jekyll build --destination "/tmp/ans.fhir.fr.cdl#3.0.0/output" (in folder /tmp/ans.fhir.fr.cdl#3.0.0/temp/pages) (00:00.001 / 01:10.982, 1Gb)
Troubleshooting Note: usual cases for Jekyll to fail are:                                            (00:00.001 / 01:10.983, 1Gb)
* A failure to produce a fragment that is already logged in the output above                         (00:00.000 / 01:10.984, 1Gb)
* A reference to a manually edited file that hasn't been provided                                    (00:00.000 / 01:10.985, 1Gb)
Jekyll: Source: /tmp/ans.fhir.fr.cdl#3.0.0/temp/pages                                                (00:00.413 / 01:11.398, 1Gb)
Jekyll: Generating...                                                                                (00:00.000 / 01:11.399, 1Gb)
Jekyll: done in 1.088 seconds.                                                                       (00:01.087 / 01:12.486, 1Gb)

Installing ans.fhir.fr.cdl#3.0.0
 done.
Checking Output HTML                                                                                 (00:01.701 / 01:14.188, 2Gb)
found 719 files                                                                                      (00:00.003 / 01:14.192, 2Gb)
..........................................
..........................................
  ... 719 html files, 0 pages invalid xhtml (0%)                                                     (00:07.768 / 01:21.961, 1Gb)
  ... 156260 links, 0 broken links (0%)                                                              (00:00.000 / 01:21.962, 1Gb)
Generate fragment-usage-analysis.csv                                                                 (00:00.000 / 01:21.963, 1Gb)
Build final .zip                                                                                     (00:00.007 / 01:21.970, 1Gb)
Final .zip built                                                                                     (00:01.143 / 01:23.113, 1Gb)
Built. Times: loading: 00:01.376, generate: 00:57.128, narrative generation: 00:01.723, realm-rules: 00:00.001, previous-version: 00:00.000, jekyll: 00:01.516, validation: 00:12.524 (#12), template: 00:01.902 (#3) (00:03.952 / 01:27.066, 1Gb)
Generating QA                                                                                        (00:00.001 / 01:27.067, 1Gb)
Validation output in /tmp/ans.fhir.fr.cdl#3.0.0/output/qa.html
Errors: 12, Warnings: 12, Info: 20, Broken Links: 0 (00:00.779 / 01:27.847, 2Gb)
Finished. Max Memory Used = 2Gb. Log file saved in /tmp/fhir-ig-publisher-tmp.log                    (00:00.004 / 01:27.851, 2Gb)
Keep a copy of the build directory at /tmp/web-root/run-20241030/ig-build-zips/ans.fhir.fr.cdl#3.0.0.zip

ok. All checks passed. Publish v3.0.0 to /tmp/web-root/run-20241030/cdl/3.0.0-ballot
Copy the IG to /tmp/web-root/run-20241030/cdl/3.0.0-ballot
Update /tmp/web-root/run-20241030/cdl/package-list.json
Publish Box Statement: This page is part of the Guide d'implémentation cahier de liaison (v3.0.0-ballot: Release) based on <a no-external="true" href="http://hl7.org/fhir/R4">FHIR (HL7® FHIR® Standard) R4</a>. .  For a full list of available versions, see the <a no-external="true" href="https://interop.esante.gouv.fr/ig/fhir/cdl/history.html">Directory of published versions</a>
no html insert in /tmp/web-root/run-20241030/cdl/3.0.0-ballot/qa-txservers.html
  .. 88 files checked, 88 updated
  .. 27 clones checked, 54 updated
  .. 12 redirections (12 created/updated)
Update history page at /tmp/web-root/run-20241030/cdl from /home/runner/work/IG-fhir-cahier-de-liaison/IG-fhir-cahier-de-liaison/./IG-website-release/fhir-ig-history-template and ./IG-website-release/templates
Build is complete. Copy from /tmp/web-root/run-20241030
ans.fhir.fr.cdl (https://interop.esante.gouv.fr/ig/fhir/cdl): Guide d'implémentation cahier de liaison @ https://ansforge.github.io/IG-fhir-cdl-de-sante/main/ig
  release: for-comment 3.0.0-ballot/4.0.1 @ https://interop.esante.gouv.fr/ig/fhir/cdl/3.0.0-ballot
