FHIR IG Publisher Version 1.6.4 (Git# d3e6eb41536d). Built 2024-04-04T02:21:19.440Z (6 days old)
Detected Java version: 17.0.10 from /opt/hostedtoolcache/Java_Microsoft_jdk/17.0.10/x64 on amd64 (64bit). 3996MB available
dir = /home/runner/work/IG-fhir-annuaire/IG-fhir-annuaire, path = /opt/hostedtoolcache/Ruby/3.3.0/x64/bin:/usr/share/dotnet:/opt/hostedtoolcache/node/20.12.1/x64/bin:/opt/hostedtoolcache/Java_Microsoft_jdk/17.0.10/x64/bin:/snap/bin:/home/runner/.local/bin:/opt/pipx_bin:/home/runner/.cargo/bin:/home/runner/.config/composer/vendor/bin:/usr/local/.ghcup/bin:/home/runner/.dotnet/tools:/usr/local/sbin:/usr/local/bin:/usr/sbin:/usr/bin:/sbin:/bin:/usr/games:/usr/local/games:/snap/bin
Parameters: -go-publish -source ./igSource -web ./IG-website-release/www/ig/fhir -registry ./IG-website-release/ig-registry/fhir-ig-list.json -history ./IG-website-release/fhir-ig-history-template -templates ./IG-website-release/templates
---------------
Publication Run: publish ./igSource to ./IG-website-release/www/ig/fhir
Run Number: 33
Relative directory for IG is '/annuaire'
===== Web Publication Run Details ===============================
 Source IG: ans.fhir.fr.annuaire#1.0.0 : https://interop.esante.gouv.fr/ig/fhir/annuaire (R4) from ./igSource
All checks passed. Do the publication build from /home/runner/work/IG-fhir-annuaire/IG-fhir-annuaire/./igSource and publish to /tmp/web-root/run-20240410/annuaire
Prepare Build space in /tmp/ans.fhir.fr.annuaire#1.0.0
Build IG at /home/runner/work/IG-fhir-annuaire/IG-fhir-annuaire/./igSource: final copy suitable for publication (in /tmp/ans.fhir.fr.annuaire#1.0.0)
FHIR IG Publisher Version 1.6.4 (Git# d3e6eb41536d). Built 2024-04-04T02:21:19.440Z (6 days old)    
Detected Java version: 17.0.10 from /opt/hostedtoolcache/Java_Microsoft_jdk/17.0.10/x64 on Linux/amd64 (64bit). 3996MB available
dir = /home/runner/work/IG-fhir-annuaire/IG-fhir-annuaire, path = /opt/hostedtoolcache/Ruby/3.3.0/x64/bin:/usr/share/dotnet:/opt/hostedtoolcache/node/20.12.1/x64/bin:/opt/hostedtoolcache/Java_Microsoft_jdk/17.0.10/x64/bin:/snap/bin:/home/runner/.local/bin:/opt/pipx_bin:/home/runner/.cargo/bin:/home/runner/.config/composer/vendor/bin:/usr/local/.ghcup/bin:/home/runner/.dotnet/tools:/usr/local/sbin:/usr/local/bin:/usr/sbin:/usr/bin:/sbin:/bin:/usr/games:/usr/local/games:/snap/bin
Parameters: -ig /tmp/ans.fhir.fr.annuaire#1.0.0 -resetTx -publish https://interop.esante.gouv.fr/ig/fhir/annuaire/1.0.0 -no-exit
Start Clock @ Wednesday, April 10, 2024 at 12:25:52 PM Coordinated Universal Time (2024-04-10T12:25:52Z)
                                                                                                    
Build FHIR IG from /tmp/ans.fhir.fr.annuaire#1.0.0                                                   (00:00.023 / 00:00.024, 121Mb)
Build Formal Publication package, intended for https://interop.esante.gouv.fr/ig/fhir/annuaire/1.0.0 (00:00.002 / 00:00.026, 121Mb)
API keys loaded from /home/runner/.fhir/fhir-settings.json                                           (00:00.001 / 00:00.027, 121Mb)
Package Cache: /home/runner/.fhir/packages                                                           (00:00.003 / 00:00.031, 122Mb)
Run Sushi on /tmp/ans.fhir.fr.annuaire#1.0.0                                                         (00:00.002 / 00:00.033, 122Mb)
Sushi: info  Running SUSHI v3.8.0 (implements FHIR Shorthand specification v3.0.0-ballot)            (00:00.429 / 00:00.462, 124Mb)
Sushi: info  Arguments:                                                                              (00:00.001 / 00:00.463, 124Mb)
Sushi: info    --require-latest                                                                      (00:00.001 / 00:00.464, 124Mb)
Sushi: info    --out /tmp/ans.fhir.fr.annuaire#1.0.0                                                 (00:00.001 / 00:00.466, 124Mb)
Sushi: info    /tmp/ans.fhir.fr.annuaire#1.0.0                                                       (00:00.001 / 00:00.467, 124Mb)
Sushi: info  Using configuration file: /tmp/ans.fhir.fr.annuaire#1.0.0/sushi-config.yaml             (00:00.695 / 00:01.163, 124Mb)
Sushi: info  Importing FSH text...                                                                   (00:00.122 / 00:01.285, 124Mb)
Sushi: info  Preprocessed 58 documents with 57 aliases.                                              (00:00.318 / 00:01.604, 124Mb)
Sushi: info  Imported 57 definitions and 8 instances.                                                (00:00.029 / 00:01.633, 124Mb)
Sushi: info  Checking /home/runner/.fhir/packages for hl7.fhir.uv.tools#current...                   (00:00.001 / 00:01.635, 124Mb)
Sushi: info  Found hl7.fhir.uv.tools#current in /home/runner/.fhir/packages.                         (00:00.041 / 00:01.677, 124Mb)
Sushi: info  Loaded package hl7.fhir.uv.tools#current                                                (00:00.361 / 00:02.038, 124Mb)
Sushi: info  Checking /home/runner/.fhir/packages for hl7.terminology.r4#5.3.0...                    (00:00.445 / 00:02.483, 124Mb)
Sushi: info  Found hl7.terminology.r4#5.3.0 in /home/runner/.fhir/packages.                          (00:00.433 / 00:02.917, 124Mb)
Sushi: info  Loaded package hl7.terminology.r4#5.3.0                                                 (00:00.001 / 00:02.918, 124Mb)
Sushi: info  Checking /home/runner/.fhir/packages for hl7.fhir.uv.extensions.r4#1.0.0...             (00:00.111 / 00:03.029, 124Mb)
Sushi: info  Found hl7.fhir.uv.extensions.r4#1.0.0 in /home/runner/.fhir/packages.                   (00:00.507 / 00:03.536, 124Mb)
Sushi: info  Loaded package hl7.fhir.uv.extensions.r4#1.0.0                                          (00:00.001 / 00:03.538, 124Mb)
Sushi: info  Checking /home/runner/.fhir/packages for hl7.fhir.fr.core#2.0.0...                      (00:00.000 / 00:03.539, 124Mb)
Sushi: info  Found hl7.fhir.fr.core#2.0.0 in /home/runner/.fhir/packages.                            (00:00.414 / 00:03.953, 124Mb)
Sushi: info  Loaded package hl7.fhir.fr.core#2.0.0                                                   (00:00.001 / 00:03.954, 124Mb)
Sushi: info  Loading supplemental version of FHIR to support extensions from hl7.fhir.extensions.r5  (00:00.001 / 00:03.955, 124Mb)
Sushi: info  Checking /home/runner/.fhir/packages for hl7.fhir.r5.core#5.0.0...                      (00:00.001 / 00:03.956, 124Mb)
Sushi: info  Found hl7.fhir.r5.core#5.0.0 in /home/runner/.fhir/packages.                            (00:00.462 / 00:04.419, 124Mb)
Sushi: info  Loaded package hl7.fhir.r5.core#5.0.0                                                   (00:00.001 / 00:04.420, 124Mb)
Sushi: info  Checking /home/runner/.fhir/packages for ans.fr.nos#1.2.0...                            (00:00.114 / 00:04.535, 124Mb)
Sushi: info  Found ans.fr.nos#1.2.0 in /home/runner/.fhir/packages.                                  (00:00.664 / 00:05.199, 124Mb)
Sushi: info  Loaded package ans.fr.nos#1.2.0                                                         (00:00.001 / 00:05.200, 124Mb)
Sushi: info  Checking /home/runner/.fhir/packages for hl7.fhir.r4.core#4.0.1...                      (00:00.000 / 00:05.201, 124Mb)
Sushi: info  Found hl7.fhir.r4.core#4.0.1 in /home/runner/.fhir/packages.                            (00:02.020 / 00:07.222, 124Mb)
Sushi: info  Loaded package hl7.fhir.r4.core#4.0.1                                                   (00:00.001 / 00:07.223, 124Mb)
Sushi: info  Converting FSH to FHIR resources...                                                     (00:00.035 / 00:07.258, 124Mb)
Sushi: info  Converted 48 FHIR StructureDefinitions.                                                 (00:04.659 / 00:11.918, 124Mb)
Sushi: info  Converted 3 FHIR CodeSystems.                                                           (00:00.030 / 00:11.948, 124Mb)
Sushi: info  Converted 6 FHIR ValueSets.                                                             (00:00.153 / 00:12.101, 124Mb)
Sushi: info  Converted 8 FHIR instances.                                                             (00:00.485 / 00:12.587, 124Mb)
Sushi: info  Exporting FHIR resources as JSON...                                                     (00:00.110 / 00:12.698, 124Mb)
Sushi: info  Exported 65 FHIR resources as JSON.                                                     (00:00.241 / 00:12.940, 124Mb)
Sushi: info  Assembling Implementation Guide sources...                                              (00:00.002 / 00:12.942, 124Mb)
Sushi: info  Generated ImplementationGuide-ans.fhir.fr.annuaire.json                                 (00:00.023 / 00:12.965, 124Mb)
Sushi: info  Assembled Implementation Guide sources; ready for IG Publisher.                         (00:00.001 / 00:12.966, 124Mb)
Sushi: ========================= SUSHI RESULTS ===========================                           (00:00.000 / 00:12.967, 124Mb)
Sushi: |  -------------------------------------------------------------  |                           (00:00.000 / 00:12.968, 124Mb)
Sushi: | |    Profiles   |  Extensions  |   Logicals   |   Resources   | |                           (00:00.000 / 00:12.969, 124Mb)
Sushi: | |-------------------------------------------------------------| |                           (00:00.000 / 00:12.970, 124Mb)
Sushi: | |      24       |      24      |      0       |       0       | |                           (00:00.000 / 00:12.971, 124Mb)
Sushi: |  -------------------------------------------------------------  |                           (00:00.000 / 00:12.972, 124Mb)
Sushi: |  -------------------------------------------------------------  |                           (00:00.000 / 00:12.973, 124Mb)
Sushi: | |      ValueSets     |    CodeSystems    |     Instances      | |                           (00:00.000 / 00:12.973, 124Mb)
Sushi: | |-------------------------------------------------------------| |                           (00:00.000 / 00:12.974, 124Mb)
Sushi: | |         6          |         3         |         8          | |                           (00:00.000 / 00:12.975, 124Mb)
Sushi: |  -------------------------------------------------------------  |                           (00:00.001 / 00:12.976, 124Mb)
Sushi: |                                                                 |                           (00:00.001 / 00:12.978, 124Mb)
Sushi: ===================================================================                           (00:00.001 / 00:12.979, 124Mb)
Sushi: | That went swimmingly!                  0 Errors      0 Warnings |                           (00:00.000 / 00:12.980, 124Mb)
Sushi: ===================================================================                           (00:00.001 / 00:12.981, 124Mb)
Unable to load IG as an r5 IG - try R4 (property code is a class com.google.gson.JsonPrimitive looking for an object) (00:00.424 / 00:13.405, 56Mb)
Load Template from https://github.com/ansforge/IG-template                                           (00:00.383 / 00:13.789, 73Mb)

onLoad.findSpreadsheets:

onLoad.updateIg:
     [xslt] Processing /tmp/ans.fhir.fr.annuaire#1.0.0/template/onLoad-ig-working.xml to /tmp/ans.fhir.fr.annuaire#1.0.0/template/onLoad-ig-updated.xml
     [xslt] Loading stylesheet /tmp/ans.fhir.fr.annuaire#1.0.0/template/scripts/onLoad.xslt

onLoad.extend:

onLoad:
Root directory: /tmp/ans.fhir.fr.annuaire#1.0.0                                                      (00:03.194 / 00:16.983, 96Mb)
Terminology Cache is at /tmp/ans.fhir.fr.annuaire#1.0.0/input-cache/txcache. Clearing now            (00:00.765 / 00:17.749, 125Mb)
Core Package hl7.fhir.r4.core#4.0.1
Unable to generate snapshot @2 for Definition from noname because Profile Definition (http://hl7.org/fhir/StructureDefinition/Definition) has no base and no snapshot
Unable to generate snapshot @2 for Event from noname because Profile Event (http://hl7.org/fhir/StructureDefinition/Event) has no base and no snapshot
Unable to generate snapshot @2 for FiveWs from noname because Profile FiveWs (http://hl7.org/fhir/StructureDefinition/FiveWs) has no base and no snapshot
Unable to generate snapshot @2 for Request from noname because Profile Request (http://hl7.org/fhir/StructureDefinition/Request) has no base and no snapshot
Running Terminology Log: /tmp/ohfu-fhir-ig-11776332232102832836.log
Connect to Terminology Server at http://tx.fhir.org                                                  (00:03.865 / 00:21.617, 439Mb)
Load Package hl7.fhir.pubpack#0.1.7
Load Package hl7.fhir.xver-extensions#0.1.0
Load Package hl7.terminology.r4#5.3.0
Load Package hl7.fhir.uv.extensions.r4#1.0.0
Load Package ans.fr.nos#1.2.0
Load Package hl7.fhir.fr.core#2.0.0
Load Package ans.fr.nos#1.2.0
Version mismatch. This IG is version 4.0.1, while the IG 'hl7.fhir.uv.tools' is from version 5.0.0 (will try to run anyway) (00:03.903 / 00:25.517, 601Mb)
Load Package hl7.fhir.uv.tools#0.1.0
Load R5 Specials
Unable to generate snapshot @2 for Definition from noname because Profile Definition (http://hl7.org/fhir/StructureDefinition/Definition) has no base and no snapshot
Unable to generate snapshot @2 for Event from noname because Profile Event (http://hl7.org/fhir/StructureDefinition/Event) has no base and no snapshot
Unable to generate snapshot @2 for FiveWs from noname because Profile FiveWs (http://hl7.org/fhir/StructureDefinition/FiveWs) has no base and no snapshot
Unable to generate snapshot @2 for Request from noname because Profile Request (http://hl7.org/fhir/StructureDefinition/Request) has no base and no snapshot
Initialization complete                                                                              (00:00.737 / 00:26.255, 496Mb)
Fetch https://interop.esante.gouv.fr/ig/fhir/annuaire/package-list.json for version check            (00:00.002 / 00:26.257, 496Mb)
Load Content                                                                                         (00:00.695 / 00:26.953, 500Mb)
loadPrePages from FetchedFile[/tmp/ans.fhir.fr.annuaire#1.0.0/fsh-generated/includes] as /tmp/ans.fhir.fr.annuaire#1.0.0/fsh-generated/includes
loadPrePages from FetchedFile[/tmp/ans.fhir.fr.annuaire#1.0.0/input/data] as /tmp/ans.fhir.fr.annuaire#1.0.0/input/data
loadPrePages from FetchedFile[/tmp/ans.fhir.fr.annuaire#1.0.0/input/pagecontent] as /tmp/ans.fhir.fr.annuaire#1.0.0/input/pagecontent
Processing Conformance Resources                                                                     (00:01.376 / 00:28.329, 616Mb)
Load Dependency Info                                                                                 (00:00.002 / 00:28.332, 616Mb)
Load Info                                                                                            (00:00.001 / 00:28.334, 616Mb)
Load Resources                                                                                       (00:00.001 / 00:28.335, 617Mb)
Load Paths                                                                                           (00:00.363 / 00:28.699, 359Mb)
Generating Snapshots                                                                                 (00:00.001 / 00:28.700, 359Mb)
Check R4 / R4B                                                                                       (00:01.919 / 00:30.620, 446Mb)
Assign Comparison Ids                                                                                (00:00.008 / 00:30.628, 449Mb)
Propagating status                                                                                   (00:00.000 / 00:30.629, 449Mb)
Generating Narratives                                                                                (00:00.000 / 00:30.630, 449Mb)
Validating Conformance Resources                                                                     (00:01.384 / 00:32.014, 502Mb)
Unable to generate snapshot @2 for Definition from noname because Profile Definition (http://hl7.org/fhir/StructureDefinition/Definition) has no base and no snapshot
Unable to generate snapshot @2 for Event from noname because Profile Event (http://hl7.org/fhir/StructureDefinition/Event) has no base and no snapshot
Unable to generate snapshot @2 for FiveWs from noname because Profile FiveWs (http://hl7.org/fhir/StructureDefinition/FiveWs) has no base and no snapshot
Unable to generate snapshot @2 for Request from noname because Profile Request (http://hl7.org/fhir/StructureDefinition/Request) has no base and no snapshot
Check profiles & code systems                                                                        (00:12.311 / 00:44.325, 708Mb)
Check realm rules                                                                                    (00:00.007 / 00:44.333, 709Mb)
Previous Version Comparison                                                                          (00:00.001 / 00:44.334, 709Mb)
Unable to generate snapshot @1 for Definition from noname because Profile Definition (http://hl7.org/fhir/StructureDefinition/Definition) has no base and no snapshot
Unable to generate snapshot @1 for Event from noname because Profile Event (http://hl7.org/fhir/StructureDefinition/Event) has no base and no snapshot
Unable to generate snapshot @1 for FiveWs from noname because Profile FiveWs (http://hl7.org/fhir/StructureDefinition/FiveWs) has no base and no snapshot
Unable to generate snapshot @1 for Request from noname because Profile Request (http://hl7.org/fhir/StructureDefinition/Request) has no base and no snapshot
Validating Resources                                                                                 (00:05.732 / 00:50.066, 985Mb)
Processing Provenance Records                                                                        (00:00.394 / 00:50.460, 1Gb)
Generating Outputs in /tmp/ans.fhir.fr.annuaire#1.0.0/output                                         (00:00.001 / 00:50.462, 1Gb)
Generate Native Outputs                                                                              (00:00.101 / 00:50.563, 1Gb)
Run Template                                                                                         (00:16.339 / 01:06.903, 1Gb)

onGenerate.checkVersions:
     [xslt] Processing /tmp/ans.fhir.fr.annuaire#1.0.0/template/onGenerate-ig-working.xml to /tmp/ans.fhir.fr.annuaire#1.0.0/template/versions.txt
     [xslt] Loading stylesheet /tmp/ans.fhir.fr.annuaire#1.0.0/template/scripts/onGenerate.getVersions.xslt

onGenerate.r5-schemas:
      [get] Getting: http://build.fhir.org/fhir-single.xsd
      [get] To: /tmp/ans.fhir.fr.annuaire#1.0.0/input-cache/schemas/R5/fhir-single.xsd
      [get] Not modified - so not downloaded
      [get] Getting: http://build.fhir.org/fhir-xhtml.xsd
      [get] To: /tmp/ans.fhir.fr.annuaire#1.0.0/input-cache/schemas/R5/fhir-xhtml.xsd
      [get] Not modified - so not downloaded
      [get] Getting: http://build.fhir.org/xml.xsd
      [get] To: /tmp/ans.fhir.fr.annuaire#1.0.0/input-cache/schemas/R5/xml.xsd
      [get] Not modified - so not downloaded
      [get] Getting: http://build.fhir.org/xmldsig-core-schema.xsd
      [get] To: /tmp/ans.fhir.fr.annuaire#1.0.0/input-cache/schemas/R5/xmldsig-core-schema.xsd
      [get] Not modified - so not downloaded

onGenerate.r4-schemas:
      [get] Getting: http://hl7.org/fhir/R4/fhir-single.xsd
      [get] To: /tmp/ans.fhir.fr.annuaire#1.0.0/input-cache/schemas/R4/fhir-single.xsd
      [get] Not modified - so not downloaded
      [get] Getting: http://hl7.org/fhir/R4/fhir-xhtml.xsd
      [get] To: /tmp/ans.fhir.fr.annuaire#1.0.0/input-cache/schemas/R4/fhir-xhtml.xsd
      [get] Not modified - so not downloaded
      [get] Getting: http://hl7.org/fhir/R4/xml.xsd
      [get] To: /tmp/ans.fhir.fr.annuaire#1.0.0/input-cache/schemas/R4/xml.xsd
      [get] Not modified - so not downloaded
      [get] Getting: http://hl7.org/fhir/R4/xmldsig-core-schema.xsd
      [get] To: /tmp/ans.fhir.fr.annuaire#1.0.0/input-cache/schemas/R4/xmldsig-core-schema.xsd
      [get] Not modified - so not downloaded

onGenerate.r3-schemas:

onGenerate.r2b-schemas:

onGenerate.r2-schemas:

onGenerate.schemas:

onGenerate.data:
     [xslt] Processing /tmp/ans.fhir.fr.annuaire#1.0.0/template/onGenerate-ig-working.xml to /tmp/ans.fhir.fr.annuaire#1.0.0/temp/pages/_data/artifacts.json
     [xslt] Loading stylesheet /tmp/ans.fhir.fr.annuaire#1.0.0/template/scripts/onGenerate.data.xslt

onGenerate.setup:

onGenerate.infoFile:
     [xslt] Processing /tmp/ans.fhir.fr.annuaire#1.0.0/template/onGenerate-ig-working.xml to /tmp/ans.fhir.fr.annuaire#1.0.0/temp/pages/_data/info.json
     [xslt] Loading stylesheet /tmp/ans.fhir.fr.annuaire#1.0.0/template/scripts/onGenerate.genJson.xslt

onGenerate.processIncludes:
     [copy] Copying 17 files to /tmp/ans.fhir.fr.annuaire#1.0.0/temp/pages/_includes

onGenerate.processIg:
     [xslt] Processing /tmp/ans.fhir.fr.annuaire#1.0.0/template/onGenerate-ig-working.xml to /tmp/ans.fhir.fr.annuaire#1.0.0/template/onGenerate-ig-working.1.xml
     [xslt] Loading stylesheet /tmp/ans.fhir.fr.annuaire#1.0.0/template/scripts/onGenerate.group.xslt
     [xslt] Processing /tmp/ans.fhir.fr.annuaire#1.0.0/template/onGenerate-ig-working.1.xml to /tmp/ans.fhir.fr.annuaire#1.0.0/template/onGenerate-ig-working.2.xml
     [xslt] Loading stylesheet /tmp/ans.fhir.fr.annuaire#1.0.0/template/scripts/onGenerate.groupSort.xslt
     [xslt] Processing /tmp/ans.fhir.fr.annuaire#1.0.0/template/onGenerate-ig-working.2.xml to /tmp/ans.fhir.fr.annuaire#1.0.0/template/onGenerate-ig-updated.xml
     [xslt] Loading stylesheet /tmp/ans.fhir.fr.annuaire#1.0.0/template/scripts/onGenerate.final.xslt

onGenerate.igQa:
     [xslt] Processing /tmp/ans.fhir.fr.annuaire#1.0.0/template/onGenerate-ig-updated.xml to /tmp/ans.fhir.fr.annuaire#1.0.0/template/ongenerate-validation-igqa.json
     [xslt] Loading stylesheet /tmp/ans.fhir.fr.annuaire#1.0.0/template/scripts/onGenerate.qa.xslt

onGenerate.artifactList:
     [xslt] Processing /tmp/ans.fhir.fr.annuaire#1.0.0/template/onGenerate-ig-updated.xml to /tmp/ans.fhir.fr.annuaire#1.0.0/temp/pages/_includes/artifacts.xml
     [xslt] Loading stylesheet /tmp/ans.fhir.fr.annuaire#1.0.0/template/scripts/createArtifactSummary.xslt

check-plantumlfiles:

onGenerate.plantUml.ig:

onGenerate.plantUml.template:

onGenerate.plantUml:

onGenerate.copyDataFiles:
     [copy] Warning: /tmp/ans.fhir.fr.annuaire#1.0.0/template/data does not exist.

onGenerate.extend:

onGenerate:
Template Done                                                                                        (00:02.035 / 01:08.939, 1Gb)
Generate HTML Outputs                                                                                (00:00.000 / 01:08.940, 1Gb)
ERROR StatusLogger Log4j2 could not find a logging implementation. Please add log4j-core to the classpath. Using SimpleLogger to log to the console...
Generate Summaries                                                                                   (00:26.091 / 01:35.031, 2Gb)
Generating Summary Outputs                                                                           (00:00.000 / 01:35.032, 2Gb)
DB Cumulative Time invested: 00:00:00.444
Sending Usage Stats to Server                                                                        (02:20.946 / 03:55.978, 1Gb)
## Memory (MB): Use = 1834, Free = 1563, Total = 3398, Max = 3996                                    (00:00.005 / 03:55.984, 1Gb)
Reclaiming memory...                                                                                 (00:00.000 / 03:55.985, 1Gb)
## Memory (MB): Use = 1276, Free = 2121, Total = 3398, Max = 3996                                    (00:00.698 / 03:56.683, 1Gb)
Run jekyll: jekyll build --destination "/tmp/ans.fhir.fr.annuaire#1.0.0/output" (in folder /tmp/ans.fhir.fr.annuaire#1.0.0/temp/pages) (00:00.001 / 03:56.685, 1Gb)
Troubleshooting Note: usual cases for Jekyll to fail are:                                            (00:00.000 / 03:56.685, 1Gb)
* A failure to produce a fragment that is already logged in the output above                         (00:00.000 / 03:56.686, 1Gb)
* A reference to a manually edited file that hasn't been provided                                    (00:00.000 / 03:56.687, 1Gb)
Jekyll: Source: /tmp/ans.fhir.fr.annuaire#1.0.0/temp/pages                                           (00:00.388 / 03:57.076, 1Gb)
Jekyll: Generating...                                                                                (00:00.000 / 03:57.077, 1Gb)
Jekyll: done in 3.032 seconds.                                                                       (00:03.031 / 04:00.108, 1Gb)

Installing ans.fhir.fr.annuaire#1.0.0 done.
Checking Output HTML                                                                                 (00:05.565 / 04:05.674, 2Gb)
found 1473 files                                                                                     (00:00.006 / 04:05.680, 2Gb)
........................................
........................................
  ... 1473 html files, 0 pages invalid xhtml (0%)                                                    (00:22.910 / 04:28.590, 1Gb)
  ... 675158 links, 0 broken links (0%)                                                              (00:00.000 / 04:28.591, 1Gb)
Build final .zip                                                                                     (00:00.000 / 04:28.592, 1Gb)
Final .zip built                                                                                     (00:03.955 / 04:32.548, 1Gb)
Built. Times: loading: 00:01.375, generate: 04:08.401, narrative generation: 00:01.383, realm-rules: 00:00.001, previous-version: 00:05.684, jekyll: 00:03.456, validation: 00:12.307 (#66), template: 00:02.034 (#3) (00:04.193 / 04:36.742, 1Gb)
Generating QA                                                                                        (00:00.001 / 04:36.743, 1Gb)
Validation output in /tmp/ans.fhir.fr.annuaire#1.0.0/output/qa.html
Errors: 3, Warnings: 59, Info: 45, Broken Links: 0 (00:01.134 / 04:37.878, 2Gb)
Finished. Max Memory Used = 2Gb. Log file saved in /tmp/fhir-ig-publisher-tmp.log                    (00:00.019 / 04:37.897, 2Gb)
Prepare Build space in /tmp/ans.fhir.fr.annuaire#1.0.0-milestone
Build IG at /home/runner/work/IG-fhir-annuaire/IG-fhir-annuaire/./igSource: final copy suitable for publication (in /tmp/ans.fhir.fr.annuaire#1.0.0-milestone) (milestone build)
FHIR IG Publisher Version 1.6.4 (Git# d3e6eb41536d). Built 2024-04-04T02:21:19.440Z (6 days old)    
Detected Java version: 17.0.10 from /opt/hostedtoolcache/Java_Microsoft_jdk/17.0.10/x64 on Linux/amd64 (64bit). 3996MB available
dir = /home/runner/work/IG-fhir-annuaire/IG-fhir-annuaire, path = /opt/hostedtoolcache/Ruby/3.3.0/x64/bin:/usr/share/dotnet:/opt/hostedtoolcache/node/20.12.1/x64/bin:/opt/hostedtoolcache/Java_Microsoft_jdk/17.0.10/x64/bin:/snap/bin:/home/runner/.local/bin:/opt/pipx_bin:/home/runner/.cargo/bin:/home/runner/.config/composer/vendor/bin:/usr/local/.ghcup/bin:/home/runner/.dotnet/tools:/usr/local/sbin:/usr/local/bin:/usr/sbin:/usr/bin:/sbin:/bin:/usr/games:/usr/local/games:/snap/bin
Parameters: -ig /tmp/ans.fhir.fr.annuaire#1.0.0-milestone -publish https://interop.esante.gouv.fr/ig/fhir/annuaire/1.0.0 -milestone -no-exit
Start Clock @ Wednesday, April 10, 2024 at 12:30:33 PM Coordinated Universal Time (2024-04-10T12:30:33Z)
                                                                                                    
Build FHIR IG from /tmp/ans.fhir.fr.annuaire#1.0.0-milestone                                         (00:00.003 / 00:00.003, 2Gb)
Build Formal Publication package, intended for https://interop.esante.gouv.fr/ig/fhir/annuaire/1.0.0 (00:00.001 / 00:00.004, 2Gb)
API keys loaded from /home/runner/.fhir/fhir-settings.json                                           (00:00.000 / 00:00.005, 2Gb)
Package Cache: /home/runner/.fhir/packages                                                           (00:00.000 / 00:00.005, 2Gb)
Run Sushi on /tmp/ans.fhir.fr.annuaire#1.0.0-milestone                                               (00:00.000 / 00:00.006, 2Gb)
Sushi: info  Running SUSHI v3.8.0 (implements FHIR Shorthand specification v3.0.0-ballot)            (00:00.673 / 00:00.680, 2Gb)
Sushi: info  Arguments:                                                                              (00:00.000 / 00:00.680, 2Gb)
Sushi: info    --require-latest                                                                      (00:00.000 / 00:00.681, 2Gb)
Sushi: info    --out /tmp/ans.fhir.fr.annuaire#1.0.0-milestone                                       (00:00.000 / 00:00.682, 2Gb)
Sushi: info    /tmp/ans.fhir.fr.annuaire#1.0.0-milestone                                             (00:00.000 / 00:00.683, 2Gb)
Sushi: info  Using configuration file: /tmp/ans.fhir.fr.annuaire#1.0.0-milestone/sushi-config.yaml   (00:00.487 / 00:01.170, 2Gb)
Sushi: info  Importing FSH text...                                                                   (00:00.119 / 00:01.290, 2Gb)
Sushi: info  Preprocessed 58 documents with 57 aliases.                                              (00:00.315 / 00:01.605, 2Gb)
Sushi: info  Imported 57 definitions and 8 instances.                                                (00:00.029 / 00:01.635, 2Gb)
Sushi: info  Checking /home/runner/.fhir/packages for hl7.fhir.uv.tools#current...                   (00:00.001 / 00:01.636, 2Gb)
Sushi: info  Found hl7.fhir.uv.tools#current in /home/runner/.fhir/packages.                         (00:00.072 / 00:01.708, 2Gb)
Sushi: info  Loaded package hl7.fhir.uv.tools#current                                                (00:00.270 / 00:01.979, 2Gb)
Sushi: info  Checking /home/runner/.fhir/packages for hl7.terminology.r4#5.3.0...                    (00:00.444 / 00:02.424, 2Gb)
Sushi: info  Found hl7.terminology.r4#5.3.0 in /home/runner/.fhir/packages.                          (00:00.433 / 00:02.857, 2Gb)
Sushi: info  Loaded package hl7.terminology.r4#5.3.0                                                 (00:00.000 / 00:02.858, 2Gb)
Sushi: info  Checking /home/runner/.fhir/packages for hl7.fhir.uv.extensions.r4#1.0.0...             (00:00.111 / 00:02.970, 2Gb)
Sushi: info  Found hl7.fhir.uv.extensions.r4#1.0.0 in /home/runner/.fhir/packages.                   (00:00.534 / 00:03.504, 2Gb)
Sushi: info  Loaded package hl7.fhir.uv.extensions.r4#1.0.0                                          (00:00.000 / 00:03.505, 2Gb)
Sushi: info  Checking /home/runner/.fhir/packages for hl7.fhir.fr.core#2.0.0...                      (00:00.000 / 00:03.506, 2Gb)
Sushi: info  Found hl7.fhir.fr.core#2.0.0 in /home/runner/.fhir/packages.                            (00:00.429 / 00:03.936, 2Gb)
Sushi: info  Loaded package hl7.fhir.fr.core#2.0.0                                                   (00:00.001 / 00:03.937, 2Gb)
Sushi: info  Loading supplemental version of FHIR to support extensions from hl7.fhir.extensions.r5  (00:00.000 / 00:03.938, 2Gb)
Sushi: info  Checking /home/runner/.fhir/packages for hl7.fhir.r5.core#5.0.0...                      (00:00.000 / 00:03.938, 2Gb)
Sushi: info  Found hl7.fhir.r5.core#5.0.0 in /home/runner/.fhir/packages.                            (00:00.483 / 00:04.422, 2Gb)
Sushi: info  Loaded package hl7.fhir.r5.core#5.0.0                                                   (00:00.000 / 00:04.423, 2Gb)
Sushi: info  Checking /home/runner/.fhir/packages for ans.fr.nos#1.2.0...                            (00:00.112 / 00:04.535, 2Gb)
Sushi: info  Found ans.fr.nos#1.2.0 in /home/runner/.fhir/packages.                                  (00:00.624 / 00:05.160, 2Gb)
Sushi: info  Loaded package ans.fr.nos#1.2.0                                                         (00:00.000 / 00:05.161, 2Gb)
Sushi: info  Checking /home/runner/.fhir/packages for hl7.fhir.r4.core#4.0.1...                      (00:00.000 / 00:05.162, 2Gb)
Sushi: info  Found hl7.fhir.r4.core#4.0.1 in /home/runner/.fhir/packages.                            (00:01.335 / 00:06.497, 2Gb)
Sushi: info  Loaded package hl7.fhir.r4.core#4.0.1                                                   (00:00.000 / 00:06.497, 2Gb)
Sushi: info  Converting FSH to FHIR resources...                                                     (00:00.041 / 00:06.539, 2Gb)
Sushi: info  Converted 48 FHIR StructureDefinitions.                                                 (00:04.776 / 00:11.316, 2Gb)
Sushi: info  Converted 3 FHIR CodeSystems.                                                           (00:00.031 / 00:11.347, 2Gb)
Sushi: info  Converted 6 FHIR ValueSets.                                                             (00:00.173 / 00:11.521, 2Gb)
Sushi: info  Converted 8 FHIR instances.                                                             (00:00.467 / 00:11.989, 2Gb)
Sushi: info  Exporting FHIR resources as JSON...                                                     (00:00.110 / 00:12.100, 2Gb)
Sushi: info  Exported 65 FHIR resources as JSON.                                                     (00:00.248 / 00:12.348, 2Gb)
Sushi: info  Assembling Implementation Guide sources...                                              (00:00.003 / 00:12.352, 2Gb)
Sushi: info  Generated ImplementationGuide-ans.fhir.fr.annuaire.json                                 (00:00.030 / 00:12.382, 2Gb)
Sushi: info  Assembled Implementation Guide sources; ready for IG Publisher.                         (00:00.000 / 00:12.383, 2Gb)
Sushi: ========================= SUSHI RESULTS ===========================                           (00:00.000 / 00:12.384, 2Gb)
Sushi: |  -------------------------------------------------------------  |                           (00:00.000 / 00:12.384, 2Gb)
Sushi: | |    Profiles   |  Extensions  |   Logicals   |   Resources   | |                           (00:00.000 / 00:12.385, 2Gb)
Sushi: | |-------------------------------------------------------------| |                           (00:00.000 / 00:12.386, 2Gb)
Sushi: | |      24       |      24      |      0       |       0       | |                           (00:00.000 / 00:12.387, 2Gb)
Sushi: |  -------------------------------------------------------------  |                           (00:00.000 / 00:12.388, 2Gb)
Sushi: |  -------------------------------------------------------------  |                           (00:00.000 / 00:12.388, 2Gb)
Sushi: | |      ValueSets     |    CodeSystems    |     Instances      | |                           (00:00.000 / 00:12.389, 2Gb)
Sushi: | |-------------------------------------------------------------| |                           (00:00.000 / 00:12.390, 2Gb)
Sushi: | |         6          |         3         |         8          | |                           (00:00.000 / 00:12.391, 2Gb)
Sushi: |  -------------------------------------------------------------  |                           (00:00.000 / 00:12.392, 2Gb)
Sushi: |                                                                 |                           (00:00.000 / 00:12.392, 2Gb)
Sushi: ===================================================================                           (00:00.000 / 00:12.393, 2Gb)
Sushi: | Catch of the day, right here!          0 Errors      0 Warnings |                           (00:00.000 / 00:12.394, 2Gb)
Sushi: ===================================================================                           (00:00.000 / 00:12.395, 2Gb)
Unable to load IG as an r5 IG - try R4 (property code is a class com.google.gson.JsonPrimitive looking for an object) (00:00.032 / 00:12.427, 2Gb)
Load Template from https://github.com/ansforge/IG-template                                           (00:00.012 / 00:12.440, 2Gb)

onLoad.findSpreadsheets:

onLoad.updateIg:
     [xslt] Processing /tmp/ans.fhir.fr.annuaire#1.0.0-milestone/template/onLoad-ig-working.xml to /tmp/ans.fhir.fr.annuaire#1.0.0-milestone/template/onLoad-ig-updated.xml
     [xslt] Loading stylesheet /tmp/ans.fhir.fr.annuaire#1.0.0-milestone/template/scripts/onLoad.xslt

onLoad.extend:

onLoad:
Root directory: /tmp/ans.fhir.fr.annuaire#1.0.0-milestone                                            (00:02.021 / 00:14.461, 1Gb)
Terminology Cache is at /tmp/ans.fhir.fr.annuaire#1.0.0-milestone/input-cache/txcache. 8 files in cache (00:00.739 / 00:15.200, 1Gb)
Core Package hl7.fhir.r4.core#4.0.1
Unable to generate snapshot @2 for Definition from noname because Profile Definition (http://hl7.org/fhir/StructureDefinition/Definition) has no base and no snapshot
Unable to generate snapshot @2 for Event from noname because Profile Event (http://hl7.org/fhir/StructureDefinition/Event) has no base and no snapshot
Unable to generate snapshot @2 for FiveWs from noname because Profile FiveWs (http://hl7.org/fhir/StructureDefinition/FiveWs) has no base and no snapshot
Unable to generate snapshot @2 for Request from noname because Profile Request (http://hl7.org/fhir/StructureDefinition/Request) has no base and no snapshot
Running Terminology Log: /tmp/ohfu-fhir-ig-11788917716160453691.log
Connect to Terminology Server at http://tx.fhir.org                                                  (00:01.122 / 00:16.322, 2Gb)
Load Package hl7.fhir.pubpack#0.1.7
Load Package hl7.fhir.xver-extensions#0.1.0
Load Package hl7.terminology.r4#5.3.0
Load Package hl7.fhir.uv.extensions.r4#1.0.0
Load Package ans.fr.nos#1.2.0
Load Package hl7.fhir.fr.core#2.0.0
Load Package ans.fr.nos#1.2.0
Version mismatch. This IG is version 4.0.1, while the IG 'hl7.fhir.uv.tools' is from version 5.0.0 (will try to run anyway) (00:02.562 / 00:18.885, 2Gb)
Load Package hl7.fhir.uv.tools#0.1.0
Load R5 Specials
Unable to generate snapshot @2 for Definition from noname because Profile Definition (http://hl7.org/fhir/StructureDefinition/Definition) has no base and no snapshot
Unable to generate snapshot @2 for Event from noname because Profile Event (http://hl7.org/fhir/StructureDefinition/Event) has no base and no snapshot
Unable to generate snapshot @2 for FiveWs from noname because Profile FiveWs (http://hl7.org/fhir/StructureDefinition/FiveWs) has no base and no snapshot
Unable to generate snapshot @2 for Request from noname because Profile Request (http://hl7.org/fhir/StructureDefinition/Request) has no base and no snapshot
Initialization complete                                                                              (00:00.333 / 00:19.219, 2Gb)
Fetch https://interop.esante.gouv.fr/ig/fhir/annuaire/package-list.json for version check            (00:00.000 / 00:19.219, 2Gb)
Load Content                                                                                         (00:00.430 / 00:19.650, 2Gb)
loadPrePages from FetchedFile[/tmp/ans.fhir.fr.annuaire#1.0.0-milestone/fsh-generated/includes] as /tmp/ans.fhir.fr.annuaire#1.0.0-milestone/fsh-generated/includes
loadPrePages from FetchedFile[/tmp/ans.fhir.fr.annuaire#1.0.0-milestone/input/data] as /tmp/ans.fhir.fr.annuaire#1.0.0-milestone/input/data
loadPrePages from FetchedFile[/tmp/ans.fhir.fr.annuaire#1.0.0-milestone/input/pagecontent] as /tmp/ans.fhir.fr.annuaire#1.0.0-milestone/input/pagecontent
Processing Conformance Resources                                                                     (00:00.685 / 00:20.335, 1Gb)
Load Dependency Info                                                                                 (00:00.001 / 00:20.337, 1Gb)
Load Info                                                                                            (00:00.000 / 00:20.338, 1Gb)
Load Resources                                                                                       (00:00.001 / 00:20.339, 1Gb)
Load Paths                                                                                           (00:00.341 / 00:20.680, 1Gb)
Generating Snapshots                                                                                 (00:00.001 / 00:20.681, 1Gb)
Check R4 / R4B                                                                                       (00:01.192 / 00:21.874, 2Gb)
Assign Comparison Ids                                                                                (00:00.006 / 00:21.880, 2Gb)
Propagating status                                                                                   (00:00.002 / 00:21.882, 2Gb)
Generating Narratives                                                                                (00:00.001 / 00:21.883, 2Gb)
Validating Conformance Resources                                                                     (00:01.028 / 00:22.912, 1Gb)
Unable to generate snapshot @2 for Definition from noname because Profile Definition (http://hl7.org/fhir/StructureDefinition/Definition) has no base and no snapshot
Unable to generate snapshot @2 for Event from noname because Profile Event (http://hl7.org/fhir/StructureDefinition/Event) has no base and no snapshot
Unable to generate snapshot @2 for FiveWs from noname because Profile FiveWs (http://hl7.org/fhir/StructureDefinition/FiveWs) has no base and no snapshot
Unable to generate snapshot @2 for Request from noname because Profile Request (http://hl7.org/fhir/StructureDefinition/Request) has no base and no snapshot
Check profiles & code systems                                                                        (00:07.974 / 00:30.886, 2Gb)
Check realm rules                                                                                    (00:00.005 / 00:30.891, 2Gb)
Previous Version Comparison                                                                          (00:00.000 / 00:30.892, 2Gb)
Unable to generate snapshot @1 for Definition from noname because Profile Definition (http://hl7.org/fhir/StructureDefinition/Definition) has no base and no snapshot
Unable to generate snapshot @1 for Event from noname because Profile Event (http://hl7.org/fhir/StructureDefinition/Event) has no base and no snapshot
Unable to generate snapshot @1 for FiveWs from noname because Profile FiveWs (http://hl7.org/fhir/StructureDefinition/FiveWs) has no base and no snapshot
Unable to generate snapshot @1 for Request from noname because Profile Request (http://hl7.org/fhir/StructureDefinition/Request) has no base and no snapshot
Validating Resources                                                                                 (00:05.145 / 00:36.037, 2Gb)
Processing Provenance Records                                                                        (00:00.523 / 00:36.561, 2Gb)
Generating Outputs in /tmp/ans.fhir.fr.annuaire#1.0.0-milestone/output                               (00:00.000 / 00:36.562, 2Gb)
Generate Native Outputs                                                                              (00:00.090 / 00:36.652, 2Gb)
Run Template                                                                                         (00:16.074 / 00:52.727, 2Gb)

onGenerate.checkVersions:
     [xslt] Processing /tmp/ans.fhir.fr.annuaire#1.0.0-milestone/template/onGenerate-ig-working.xml to /tmp/ans.fhir.fr.annuaire#1.0.0-milestone/template/versions.txt
     [xslt] Loading stylesheet /tmp/ans.fhir.fr.annuaire#1.0.0-milestone/template/scripts/onGenerate.getVersions.xslt

onGenerate.r5-schemas:
      [get] Getting: http://build.fhir.org/fhir-single.xsd
      [get] To: /tmp/ans.fhir.fr.annuaire#1.0.0-milestone/input-cache/schemas/R5/fhir-single.xsd
      [get] Not modified - so not downloaded
      [get] Getting: http://build.fhir.org/fhir-xhtml.xsd
      [get] To: /tmp/ans.fhir.fr.annuaire#1.0.0-milestone/input-cache/schemas/R5/fhir-xhtml.xsd
      [get] Not modified - so not downloaded
      [get] Getting: http://build.fhir.org/xml.xsd
      [get] To: /tmp/ans.fhir.fr.annuaire#1.0.0-milestone/input-cache/schemas/R5/xml.xsd
      [get] Not modified - so not downloaded
      [get] Getting: http://build.fhir.org/xmldsig-core-schema.xsd
      [get] To: /tmp/ans.fhir.fr.annuaire#1.0.0-milestone/input-cache/schemas/R5/xmldsig-core-schema.xsd
      [get] Not modified - so not downloaded

onGenerate.r4-schemas:
      [get] Getting: http://hl7.org/fhir/R4/fhir-single.xsd
      [get] To: /tmp/ans.fhir.fr.annuaire#1.0.0-milestone/input-cache/schemas/R4/fhir-single.xsd
      [get] Not modified - so not downloaded
      [get] Getting: http://hl7.org/fhir/R4/fhir-xhtml.xsd
      [get] To: /tmp/ans.fhir.fr.annuaire#1.0.0-milestone/input-cache/schemas/R4/fhir-xhtml.xsd
      [get] Not modified - so not downloaded
      [get] Getting: http://hl7.org/fhir/R4/xml.xsd
      [get] To: /tmp/ans.fhir.fr.annuaire#1.0.0-milestone/input-cache/schemas/R4/xml.xsd
      [get] Not modified - so not downloaded
      [get] Getting: http://hl7.org/fhir/R4/xmldsig-core-schema.xsd
      [get] To: /tmp/ans.fhir.fr.annuaire#1.0.0-milestone/input-cache/schemas/R4/xmldsig-core-schema.xsd
      [get] Not modified - so not downloaded

onGenerate.r3-schemas:

onGenerate.r2b-schemas:

onGenerate.r2-schemas:

onGenerate.schemas:

onGenerate.data:
     [xslt] Processing /tmp/ans.fhir.fr.annuaire#1.0.0-milestone/template/onGenerate-ig-working.xml to /tmp/ans.fhir.fr.annuaire#1.0.0-milestone/temp/pages/_data/artifacts.json
     [xslt] Loading stylesheet /tmp/ans.fhir.fr.annuaire#1.0.0-milestone/template/scripts/onGenerate.data.xslt

onGenerate.setup:

onGenerate.infoFile:
     [xslt] Processing /tmp/ans.fhir.fr.annuaire#1.0.0-milestone/template/onGenerate-ig-working.xml to /tmp/ans.fhir.fr.annuaire#1.0.0-milestone/temp/pages/_data/info.json
     [xslt] Loading stylesheet /tmp/ans.fhir.fr.annuaire#1.0.0-milestone/template/scripts/onGenerate.genJson.xslt

onGenerate.processIncludes:
     [copy] Copying 17 files to /tmp/ans.fhir.fr.annuaire#1.0.0-milestone/temp/pages/_includes

onGenerate.processIg:
     [xslt] Processing /tmp/ans.fhir.fr.annuaire#1.0.0-milestone/template/onGenerate-ig-working.xml to /tmp/ans.fhir.fr.annuaire#1.0.0-milestone/template/onGenerate-ig-working.1.xml
     [xslt] Loading stylesheet /tmp/ans.fhir.fr.annuaire#1.0.0-milestone/template/scripts/onGenerate.group.xslt
     [xslt] Processing /tmp/ans.fhir.fr.annuaire#1.0.0-milestone/template/onGenerate-ig-working.1.xml to /tmp/ans.fhir.fr.annuaire#1.0.0-milestone/template/onGenerate-ig-working.2.xml
     [xslt] Loading stylesheet /tmp/ans.fhir.fr.annuaire#1.0.0-milestone/template/scripts/onGenerate.groupSort.xslt
     [xslt] Processing /tmp/ans.fhir.fr.annuaire#1.0.0-milestone/template/onGenerate-ig-working.2.xml to /tmp/ans.fhir.fr.annuaire#1.0.0-milestone/template/onGenerate-ig-updated.xml
     [xslt] Loading stylesheet /tmp/ans.fhir.fr.annuaire#1.0.0-milestone/template/scripts/onGenerate.final.xslt

onGenerate.igQa:
     [xslt] Processing /tmp/ans.fhir.fr.annuaire#1.0.0-milestone/template/onGenerate-ig-updated.xml to /tmp/ans.fhir.fr.annuaire#1.0.0-milestone/template/ongenerate-validation-igqa.json
     [xslt] Loading stylesheet /tmp/ans.fhir.fr.annuaire#1.0.0-milestone/template/scripts/onGenerate.qa.xslt

onGenerate.artifactList:
     [xslt] Processing /tmp/ans.fhir.fr.annuaire#1.0.0-milestone/template/onGenerate-ig-updated.xml to /tmp/ans.fhir.fr.annuaire#1.0.0-milestone/temp/pages/_includes/artifacts.xml
     [xslt] Loading stylesheet /tmp/ans.fhir.fr.annuaire#1.0.0-milestone/template/scripts/createArtifactSummary.xslt

check-plantumlfiles:

onGenerate.plantUml.ig:

onGenerate.plantUml.template:

onGenerate.plantUml:

onGenerate.copyDataFiles:
     [copy] Warning: /tmp/ans.fhir.fr.annuaire#1.0.0-milestone/template/data does not exist.

onGenerate.extend:

onGenerate:
Template Done                                                                                        (00:01.726 / 00:54.453, 2Gb)
Generate HTML Outputs                                                                                (00:00.001 / 00:54.454, 2Gb)
Generate Summaries                                                                                   (00:16.963 / 01:11.418, 2Gb)
Generating Summary Outputs                                                                           (00:00.000 / 01:11.418, 2Gb)
DB Cumulative Time invested: 00:00:00.389
Sending Usage Stats to Server                                                                        (00:04.735 / 01:16.154, 2Gb)
## Memory (MB): Use = 2863, Free = 574, Total = 3438, Max = 3996                                     (00:00.002 / 01:16.157, 2Gb)
Reclaiming memory...                                                                                 (00:00.000 / 01:16.158, 2Gb)
## Memory (MB): Use = 2521, Free = 1474, Total = 3996, Max = 3996                                    (00:01.171 / 01:17.329, 2Gb)
Run jekyll: jekyll build --destination "/tmp/ans.fhir.fr.annuaire#1.0.0-milestone/output" (in folder /tmp/ans.fhir.fr.annuaire#1.0.0-milestone/temp/pages) (00:00.001 / 01:17.330, 2Gb)
Troubleshooting Note: usual cases for Jekyll to fail are:                                            (00:00.001 / 01:17.331, 2Gb)
* A failure to produce a fragment that is already logged in the output above                         (00:00.000 / 01:17.332, 2Gb)
* A reference to a manually edited file that hasn't been provided                                    (00:00.000 / 01:17.333, 2Gb)
Jekyll: Source: /tmp/ans.fhir.fr.annuaire#1.0.0-milestone/temp/pages                                 (00:00.345 / 01:17.679, 2Gb)
Jekyll: Generating...                                                                                (00:00.000 / 01:17.680, 2Gb)
Jekyll: done in 2.951 seconds.                                                                       (00:02.949 / 01:20.629, 2Gb)

Installing ans.fhir.fr.annuaire#1.0.0Checking Output HTML                                                                                 (00:03.697 / 01:24.327, 2Gb)
found 1473 files                                                                                     (00:00.008 / 01:24.336, 2Gb)
............Sending usage stats failed: Connection timed out
............................
........................................
  ... 1473 html files, 0 pages invalid xhtml (0%)                                                    (00:23.797 / 01:48.133, 2Gb)
  ... 675158 links, 0 broken links (0%)                                                              (00:00.000 / 01:48.134, 2Gb)
Build final .zip                                                                                     (00:00.000 / 01:48.135, 2Gb)
Final .zip built                                                                                     (00:03.983 / 01:52.118, 2Gb)
Built. Times: loading: 00:00.684, generate: 01:36.048, narrative generation: 00:01.026, realm-rules: 00:00.000, previous-version: 00:05.121, jekyll: 00:03.331, validation: 00:07.971 (#66), template: 00:01.725 (#3) (00:04.265 / 01:56.384, 2Gb)
Generating QA                                                                                        (00:00.001 / 01:56.385, 2Gb)
Validation output in /tmp/ans.fhir.fr.annuaire#1.0.0-milestone/output/qa.html
Errors: 3, Warnings: 59, Info: 45, Broken Links: 0 (00:00.859 / 01:57.245, 3Gb)
Finished. Max Memory Used = 3Gb. Log file saved in /tmp/fhir-ig-publisher-tmp.log                    (00:00.005 / 01:57.250, 3Gb)
Keep a copy of the build directory at /tmp/web-root/run-20240410/ig-build-zips/ans.fhir.fr.annuaire#1.0.0.zip

ok. All checks passed. Publish v1.0.0 to /tmp/web-root/run-20240410/annuaire/1.0.0
Copy the IG to /tmp/web-root/run-20240410/annuaire/1.0.0
Update /tmp/web-root/run-20240410/annuaire/package-list.json
Publish Box Statement: This page is part of the Guide d'implmentation FHIR - Annuaire de sant (v1.0.0: Release) based on <a no-external="true" href="http://hl7.org/fhir/R4">FHIR (HL7 FHIR Standard) R4</a>. This is the current published version in its permanent home (it will always be available at this URL).  For a full list of available versions, see the <a no-external="true" href="https://interop.esante.gouv.fr/ig/fhir/annuaire/history.html">Directory of published versions</a>
no html insert in /tmp/web-root/run-20240410/annuaire/1.0.0/qa-txservers.html
  .. 450 files checked, 450 updated
  .. 279 clones checked, 558 updated
  .. 66 redirections (66 created/updated)
This is a milestone release - publish v1.0.0 to /tmp/web-root/run-20240410/annuaire
Publish Box Statement: This page is part of the Guide d'implmentation FHIR - Annuaire de sant (v1.0.0: Release) based on <a no-external="true" href="http://hl7.org/fhir/R4">FHIR (HL7 FHIR Standard) R4</a>. This is the current published version.  For a full list of available versions, see the <a no-external="true" href="https://interop.esante.gouv.fr/ig/fhir/annuaire/history.html">Directory of published versions</a>
no html insert in /tmp/ans.fhir.fr.annuaire#1.0.0-milestone/output/qa-txservers.html
  .. 450 files checked, 450 updated
  .. 279 clones checked, 558 updated
  .. 66 redirections (66 created/updated)
Check for Files to delete
  ... 0 files
Copy to new IG to /tmp/web-root/run-20240410/annuaire
Update history page at /tmp/web-root/run-20240410/annuaire from /home/runner/work/IG-fhir-annuaire/IG-fhir-annuaire/./IG-website-release/fhir-ig-history-template and ./IG-website-release/templates
Build is complete. Copy from /tmp/web-root/run-20240410
ans.fhir.fr.annuaire (https://interop.esante.gouv.fr/ig/fhir/annuaire): Guide d'implmentation FHIR - Annuaire de sant @ https://ansforge.github.io/IG-fhir-annuaire/ig/main
  release: trial-use 1.0.0/4.0.1 @ https://interop.esante.gouv.fr/ig/fhir/annuaire/1.0.0
