FHIR IG Publisher Version 1.8.12 (Git# 2ea3c5f77906). Built 2025-02-10T17:59:30.819Z (39 hours old)
Detected Java version: 17.0.10 from /opt/hostedtoolcache/Java_Microsoft_jdk/17.0.10/x64 on amd64 (64bit). 3998MB available
dir = /home/runner/work/IG-fhir-annuaire/IG-fhir-annuaire, path = /opt/hostedtoolcache/Ruby/3.3.7/x64/bin:/opt/hostedtoolcache/node/20.18.2/x64/bin:/opt/hostedtoolcache/Java_Microsoft_jdk/17.0.10/x64/bin:/snap/bin:/home/runner/.local/bin:/opt/pipx_bin:/home/runner/.cargo/bin:/home/runner/.config/composer/vendor/bin:/usr/local/.ghcup/bin:/home/runner/.dotnet/tools:/usr/local/sbin:/usr/local/bin:/usr/sbin:/usr/bin:/sbin:/bin:/usr/games:/usr/local/games:/snap/bin
Parameters: -go-publish -source ./igSource -web ./IG-website-release/www/ig/fhir -registry ./IG-website-release/ig-registry/fhir-ig-list.json -history ./IG-website-release/fhir-ig-history-template -templates ./IG-website-release/templates
---------------
Publication Run: publish ./igSource to ./IG-website-release/www/ig/fhir
Relative directory for IG is '/annuaire'
===== Web Publication Run Details ===============================
 Source IG: ans.fhir.fr.annuaire#1.1.0-snapshot-5 : https://interop.esante.gouv.fr/ig/fhir/annuaire (R4) from ./igSource
All checks passed. Do the publication build from /home/runner/work/IG-fhir-annuaire/IG-fhir-annuaire/./igSource and publish to /tmp/web-root/run-20250212/annuaire
Prepare Build space in /tmp/ans.fhir.fr.annuaire#1.1.0-snapshot-5
Build IG at /home/runner/work/IG-fhir-annuaire/IG-fhir-annuaire/./igSource: final copy suitable for publication (in /tmp/ans.fhir.fr.annuaire#1.1.0-snapshot-5)
FHIR IG Publisher Version 1.8.12 (Git# 2ea3c5f77906). Built 2025-02-10T17:59:30.819Z (39 hours old) 
Detected Java version: 17.0.10 from /opt/hostedtoolcache/Java_Microsoft_jdk/17.0.10/x64 on Linux/amd64 (64bit). 3998MB available
dir = /home/runner/work/IG-fhir-annuaire/IG-fhir-annuaire, path = /opt/hostedtoolcache/Ruby/3.3.7/x64/bin:/opt/hostedtoolcache/node/20.18.2/x64/bin:/opt/hostedtoolcache/Java_Microsoft_jdk/17.0.10/x64/bin:/snap/bin:/home/runner/.local/bin:/opt/pipx_bin:/home/runner/.cargo/bin:/home/runner/.config/composer/vendor/bin:/usr/local/.ghcup/bin:/home/runner/.dotnet/tools:/usr/local/sbin:/usr/local/bin:/usr/sbin:/usr/bin:/sbin:/bin:/usr/games:/usr/local/games:/snap/bin
Parameters: -ig /tmp/ans.fhir.fr.annuaire#1.1.0-snapshot-5 -resetTx -publish https://interop.esante.gouv.fr/ig/fhir/annuaire/1.1.0-snapshot-5 -no-exit
Start Clock @ Wednesday, February 12, 2025 at 9:06:49 AM Coordinated Universal Time (2025-02-12T09:06:49Z)
                                                                                                    
Build FHIR IG from /tmp/ans.fhir.fr.annuaire#1.1.0-snapshot-5                                        (00:00.053 / 00:00.053, 43Mb)
Build Formal Publication package, intended for https://interop.esante.gouv.fr/ig/fhir/annuaire/1.1.0-snapshot-5 (00:00.002 / 00:00.055, 43Mb)
API keys loaded from /home/runner/.fhir/fhir-settings.json                                           (00:00.000 / 00:00.056, 43Mb)
Package Cache: /home/runner/.fhir/packages                                                           (00:00.004 / 00:00.061, 43Mb)
Run Sushi on /tmp/ans.fhir.fr.annuaire#1.1.0-snapshot-5                                              (00:00.001 / 00:00.063, 43Mb)
Sushi: info  Running SUSHI v3.14.0 (implements FHIR Shorthand specification v3.0.0)                  (00:00.779 / 00:00.842, 44Mb)
Sushi: info  Arguments:                                                                              (00:00.001 / 00:00.843, 44Mb)
Sushi: info    --require-latest                                                                      (00:00.000 / 00:00.844, 44Mb)
Sushi: info    --out /tmp/ans.fhir.fr.annuaire#1.1.0-snapshot-5                                      (00:00.001 / 00:00.845, 44Mb)
Sushi: info    /tmp/ans.fhir.fr.annuaire#1.1.0-snapshot-5                                            (00:00.001 / 00:00.846, 44Mb)
Sushi: info  Using configuration file: /tmp/ans.fhir.fr.annuaire#1.1.0-snapshot-5/sushi-config.yaml  (00:00.628 / 00:01.475, 44Mb)
Sushi: info  Importing FSH text...                                                                   (00:00.105 / 00:01.581, 44Mb)
Sushi: info  Preprocessed 80 documents with 57 aliases.                                              (00:00.326 / 00:01.907, 44Mb)
Sushi: info  Imported 55 definitions and 29 instances.                                               (00:00.051 / 00:01.958, 44Mb)
Sushi: info  Loaded virtual package sushi-r5forR4#1.0.0 with 7 resources                             (00:00.113 / 00:02.072, 44Mb)
Sushi: info  Resolved hl7.fhir.uv.tools.r4#latest to concrete version 0.3.0                          (00:00.456 / 00:02.528, 44Mb)
Sushi: info  Loaded hl7.fhir.uv.tools.r4#0.3.0 with 75 resources                                     (00:00.061 / 00:02.590, 44Mb)
Sushi: info  Resolved hl7.fhir.uv.extensions.r4#latest to concrete version 5.2.0                     (00:00.097 / 00:02.687, 44Mb)
Sushi: info  Loaded hl7.fhir.uv.extensions.r4#5.2.0 with 759 resources                               (00:00.466 / 00:03.154, 44Mb)
Sushi: info  Loaded hl7.fhir.fr.core#2.1.0 with 120 resources                                        (00:00.088 / 00:03.243, 44Mb)
Sushi: info  Loading supplemental version of FHIR to support extensions from hl7.fhir.extensions.r5  (00:00.001 / 00:03.244, 44Mb)
Sushi: info  Loaded hl7.fhir.r5.core#5.0.0 with 2968 resources                                       (00:01.505 / 00:04.749, 44Mb)
Sushi: info  Resolved ans.fr.nos#latest to concrete version 1.5.0                                    (00:00.097 / 00:04.846, 44Mb)
Sushi: info  Loaded ans.fr.nos#1.5.0 with 503 resources                                              (00:00.260 / 00:05.107, 44Mb)
Sushi: info  Loaded hl7.terminology.r4#5.5.0 with 4260 resources                                     (00:01.771 / 00:06.878, 44Mb)
Sushi: info  Loaded hl7.fhir.r4.core#4.0.1 with 4581 resources                                       (00:01.991 / 00:08.870, 44Mb)
Sushi: info  Loaded virtual package sushi-local#LOCAL with 0 resources                               (00:00.004 / 00:08.874, 44Mb)
Sushi: info  Converting FSH to FHIR resources...                                                     (00:00.016 / 00:08.891, 44Mb)
Sushi: info  Converted 49 FHIR StructureDefinitions.                                                 (00:05.299 / 00:14.190, 44Mb)
Sushi: info  Converted 3 FHIR CodeSystems.                                                           (00:00.042 / 00:14.233, 44Mb)
Sushi: info  Converted 3 FHIR ValueSets.                                                             (00:00.044 / 00:14.277, 44Mb)
Sushi: info  Converted 29 FHIR instances.                                                            (00:04.161 / 00:18.438, 44Mb)
Sushi: info  Exporting FHIR resources as JSON...                                                     (00:00.088 / 00:18.527, 44Mb)
Sushi: info  Exported 84 FHIR resources as JSON.                                                     (00:00.207 / 00:18.734, 44Mb)
Sushi: info  Assembling Implementation Guide sources...                                              (00:00.002 / 00:18.737, 44Mb)
Sushi: info  Generated ImplementationGuide-ans.fhir.fr.annuaire.json                                 (00:00.028 / 00:18.766, 44Mb)
Sushi: info  Assembled Implementation Guide sources; ready for IG Publisher.                         (00:00.000 / 00:18.766, 44Mb)
Sushi: ========================= SUSHI RESULTS ===========================                           (00:00.000 / 00:18.767, 44Mb)
Sushi: |  -------------------------------------------------------------  |                           (00:00.000 / 00:18.768, 44Mb)
Sushi: | |    Profiles   |  Extensions  |   Logicals   |   Resources   | |                           (00:00.000 / 00:18.768, 44Mb)
Sushi: | |-------------------------------------------------------------| |                           (00:00.000 / 00:18.769, 44Mb)
Sushi: | |      24       |      25      |      0       |       0       | |                           (00:00.000 / 00:18.770, 44Mb)
Sushi: |  -------------------------------------------------------------  |                           (00:00.000 / 00:18.770, 44Mb)
Sushi: |  -------------------------------------------------------------  |                           (00:00.000 / 00:18.771, 44Mb)
Sushi: | |      ValueSets     |    CodeSystems    |     Instances      | |                           (00:00.000 / 00:18.772, 44Mb)
Sushi: | |-------------------------------------------------------------| |                           (00:00.000 / 00:18.772, 44Mb)
Sushi: | |         3          |         3         |         29         | |                           (00:00.000 / 00:18.773, 44Mb)
Sushi: |  -------------------------------------------------------------  |                           (00:00.000 / 00:18.773, 44Mb)
Sushi: |                                                                 |                           (00:00.000 / 00:18.774, 44Mb)
Sushi: ===================================================================                           (00:00.000 / 00:18.775, 44Mb)
Sushi: | You're piranha roll now!               0 Errors      0 Warnings |                           (00:00.000 / 00:18.775, 44Mb)
Sushi: ===================================================================                           (00:00.000 / 00:18.776, 44Mb)
Unable to load IG as an r5 IG - try R4 (property code is a class com.google.gson.JsonPrimitive looking for an object) (00:00.481 / 00:19.258, 65Mb)
Load Template from https://github.com/ansforge/IG-template                                           (00:00.479 / 00:19.737, 67Mb)
 Load Template from fhir.base.template#current                                                       (00:01.291 / 00:21.029, 69Mb)
Root directory: /tmp/ans.fhir.fr.annuaire#1.1.0-snapshot-5                                           (00:03.018 / 00:24.048, 165Mb)
Terminology Cache is at /tmp/ans.fhir.fr.annuaire#1.1.0-snapshot-5/input-cache/txcache. Clearing now (00:00.869 / 00:24.917, 119Mb)
Core Package hl7.fhir.r4.core#4.0.1
Running Terminology Log: /tmp/ohfu-fhir-ig-10049121562233057000.log
Connect to Terminology Server at http://tx.fhir.org                                                  (00:03.446 / 00:28.363, 352Mb)
Load Package hl7.fhir.pubpack#0.2.1
Load Package hl7.fhir.xver-extensions#0.1.0
Load Package hl7.fhir.uv.extensions.r4#5.2.0
Load Package hl7.terminology.r4#6.0.2
Load Package hl7.fhir.uv.extensions.r4#5.1.0
Load Package ans.fr.nos#1.3.0
Load Package hl7.fhir.fr.core#2.1.0
Load Package hl7.terminology.r4#6.2.0
Load Package ans.fr.nos#1.5.0
Load Package hl7.terminology.r4#5.5.0
Load Package hl7.fhir.uv.tools.r4#0.3.0
Load R5 Specials
Initialization complete                                                                              (00:08.346 / 00:36.710, 1Gb)
Load Content                                                                                         (00:00.001 / 00:36.711, 1Gb)
Using fr_FR as the default narrative language. (inferred from ImplementationGuide.jurisdiction=FR)   (00:00.065 / 00:36.776, 1Gb)
Process Loaded Resources                                                                             (00:04.302 / 00:41.079, 426Mb)
Generating Snapshots                                                                                 (00:01.577 / 00:42.657, 548Mb)
Can't find ContactPoint profile https://interop.esante.gouv.fr/ig/fhir/annuaire/StructureDefinition/as-mailbox-mss but trying to go on
Can't find ContactPoint profile https://interop.esante.gouv.fr/ig/fhir/annuaire/StructureDefinition/as-mailbox-mss but trying to go on
Can't find ContactPoint profile https://interop.esante.gouv.fr/ig/fhir/annuaire/StructureDefinition/as-mailbox-mss but trying to go on
loadPrePages from FetchedFile[/tmp/ans.fhir.fr.annuaire#1.1.0-snapshot-5/fsh-generated/includes] as /tmp/ans.fhir.fr.annuaire#1.1.0-snapshot-5/fsh-generated/includes
loadPrePages from FetchedFile[/tmp/ans.fhir.fr.annuaire#1.1.0-snapshot-5/input/data] as /tmp/ans.fhir.fr.annuaire#1.1.0-snapshot-5/input/data
loadPrePages from FetchedFile[/tmp/ans.fhir.fr.annuaire#1.1.0-snapshot-5/input/pagecontent] as /tmp/ans.fhir.fr.annuaire#1.1.0-snapshot-5/input/pagecontent
Fetch https://interop.esante.gouv.fr/ig/fhir/annuaire/package-list.json for version check            (00:02.409 / 00:45.066, 995Mb)
Processing Conformance Resources                                                                     (00:00.388 / 00:45.454, 1000Mb)
Checking Language                                                                                    (00:00.000 / 00:45.455, 1000Mb)
Load Dependency Info                                                                                 (00:00.002 / 00:45.457, 1001Mb)
Load Info                                                                                            (00:00.001 / 00:45.459, 1001Mb)
Load Paths                                                                                           (00:00.001 / 00:45.460, 1002Mb)
Check R4 / R4B                                                                                       (00:00.000 / 00:45.461, 1002Mb)
Assign Comparison Ids                                                                                (00:00.014 / 00:45.475, 1004Mb)
Propagating status                                                                                   (00:00.001 / 00:45.476, 1004Mb)
Generating Narratives                                                                                (00:00.000 / 00:45.477, 1004Mb)
Validating Conformance Resources                                                                     (00:04.135 / 00:49.613, 1Gb)
Check profiles & code systems                                                                        (01:32.417 / 02:22.030, 792Mb)
Check realm rules                                                                                    (00:00.009 / 02:22.039, 793Mb)
Previous Version Comparison                                                                          (00:00.000 / 02:22.040, 793Mb)
Validating Resources                                                                                 (00:08.261 / 02:30.302, 1Gb)
Processing Provenance Records                                                                        (00:03.599 / 02:33.901, 1Gb)
Generating Outputs in /tmp/ans.fhir.fr.annuaire#1.1.0-snapshot-5/output                              (00:00.000 / 02:33.902, 1Gb)
Generate Native Outputs                                                                              (00:00.068 / 02:33.970, 1Gb)
Run Template                                                                                         (00:09.312 / 02:43.283, 1Gb)
Generate HTML Outputs                                                                                (00:02.258 / 02:45.541, 1Gb)
Generate Summaries                                                                                   (00:37.749 / 03:23.291, 2Gb)
Generating Summary Outputs                                                                           (00:00.000 / 03:23.292, 2Gb)
DB Cumulative Time invested: 00:00:00.298
Sending Usage Stats to Server                                                                        (00:08.301 / 03:31.593, 3Gb)
## Memory (MB): Use = 3229, Free = 768, Total = 3998, Max = 3998                                     (00:00.007 / 03:31.600, 3Gb)
Reclaiming memory...                                                                                 (00:00.000 / 03:31.601, 3Gb)
## Memory (MB): Use = 2077, Free = 1920, Total = 3998, Max = 3998                                    (00:01.118 / 03:32.720, 2Gb)
Run jekyll: jekyll build --destination "/tmp/ans.fhir.fr.annuaire#1.1.0-snapshot-5/output" (in folder /tmp/ans.fhir.fr.annuaire#1.1.0-snapshot-5/temp/pages) (00:00.001 / 03:32.722, 2Gb)
Troubleshooting Note: usual cases for Jekyll to fail are:                                            (00:00.001 / 03:32.723, 2Gb)
* A failure to produce a fragment that is already logged in the output above                         (00:00.000 / 03:32.724, 2Gb)
* A reference to a manually edited file that hasn't been provided                                    (00:00.000 / 03:32.725, 2Gb)
Jekyll: Source: /tmp/ans.fhir.fr.annuaire#1.1.0-snapshot-5/temp/pages                                (00:00.530 / 03:33.255, 2Gb)
Jekyll: Generating...                                                                                (00:00.000 / 03:33.255, 2Gb)
Jekyll: done in 3.493 seconds.                                                                       (00:03.492 / 03:36.748, 2Gb)

Installing ans.fhir.fr.annuaire#1.1.0-snapshot-5
 done.
Checking Output HTML                                                                                 (00:05.626 / 03:42.374, 2Gb)
found 1783 files                                                                                     (00:00.007 / 03:42.381, 2Gb)
........................................
........................................
  ... 1783 html files, 0 pages invalid xhtml (0%)                                                    (00:29.145 / 04:11.527, 2Gb)
  ... 759906 links, 0 broken links (0%)                                                              (00:00.000 / 04:11.528, 2Gb)
Generate fragment-usage-analysis.csv                                                                 (00:00.000 / 04:11.528, 2Gb)
Build final .zip                                                                                     (00:00.006 / 04:11.535, 2Gb)
Final .zip built                                                                                     (00:04.213 / 04:15.749, 2Gb)
Built. Times: loading: 00:08.742, generate: 03:34.922, narrative generation: 00:04.134, realm-rules: 00:00.000, previous-version: 00:08.215, jekyll: 00:04.067, validation: 01:35.344 (#85), template: 00:02.257 (#3) (00:04.647 / 04:20.396, 3Gb)
Generating QA                                                                                        (00:00.001 / 04:20.397, 3Gb)
Internal error in location for message: 'Error @1, 1: Found / expecting a token name', loc = '/tmp/ans.fhir.fr.annuaire#1.1.0-snapshot-5/output/searchform.html#/html/body/div/div/div/a/img/div/a', err = 'The <script> containing the javascript '$( document ).ready('... is illegal and not allowed on the H'
Validation output in /tmp/ans.fhir.fr.annuaire#1.1.0-snapshot-5/output/qa.html
Errors: 11, Warnings: 70, Info: 84, Broken Links: 0 (00:03.080 / 04:23.477, 3Gb)
Finished. Max Memory Used = 3Gb. Log file saved in /tmp/fhir-ig-publisher-tmp.log                    (00:00.018 / 04:23.496, 3Gb)
Keep a copy of the build directory at /tmp/web-root/run-20250212/ig-build-zips/ans.fhir.fr.annuaire#1.1.0-snapshot-5.zip

ok. All checks passed. Publish v1.1.0-snapshot-5 to /tmp/web-root/run-20250212/annuaire/1.1.0-snapshot-5
Copy the IG to /tmp/web-root/run-20250212/annuaire/1.1.0-snapshot-5
Update /tmp/web-root/run-20250212/annuaire/package-list.json
Publish Box Statement: This page is part of the Guide d'implémentation FHIR - Annuaire de santé (v1.1.0-snapshot-5: QA Preview) based on <a no-external="true" href="http://hl7.org/fhir/R4">FHIR (HL7® FHIR® Standard) R4</a>. This version is a pre-release. The current official version is <a no-external="true" href="https://interop.esante.gouv.fr/ig/fhir/annuaire{{fn}}">1.0.1</a>.  For a full list of available versions, see the <a no-external="true" href="https://interop.esante.gouv.fr/ig/fhir/annuaire/history.html">Directory of published versions</a>
no html insert in /tmp/web-root/run-20250212/annuaire/1.1.0-snapshot-5/qa-txservers.html
  .. 612 files checked, 612 updated
  .. 301 clones checked, 602 updated
  .. 85 redirections (85 created/updated)
ans.fhir.fr.annuaire (https://interop.esante.gouv.fr/ig/fhir/annuaire): Guide d'implémentation FHIR - Annuaire de santé @ https://ansforge.github.io/IG-fhir-annuaire/ig/main
  candidate: trial-use Preview 1.1.0-snapshot-5/4.0.1 @ https://interop.esante.gouv.fr/ig/fhir/annuaire/1.1.0-snapshot-5
Build is complete. Copy from /tmp/web-root/run-20250212
Update history page at /tmp/web-root/run-20250212/annuaire from /home/runner/work/IG-fhir-annuaire/IG-fhir-annuaire/./IG-website-release/fhir-ig-history-template and ./IG-website-release/templates
