FHIR IG Publisher Version 2.1.0 (Git# c044f39673af). Built 2026-02-03T21:34:10.972Z (14 days old)
Detected Java version: 17.0.10 from /opt/hostedtoolcache/Java_Microsoft_jdk/17.0.10/x64 on amd64 (64bit). 3998MB available
dir = /home/runner/work/IG-fhir-mesures-de-sante/IG-fhir-mesures-de-sante, path = /opt/hostedtoolcache/Ruby/3.3.10/x64/bin:/opt/hostedtoolcache/node/20.20.0/x64/bin:/opt/hostedtoolcache/Java_Microsoft_jdk/17.0.10/x64/bin:/snap/bin:/home/runner/.local/bin:/opt/pipx_bin:/home/runner/.cargo/bin:/home/runner/.config/composer/vendor/bin:/usr/local/.ghcup/bin:/home/runner/.dotnet/tools:/usr/local/sbin:/usr/local/bin:/usr/sbin:/usr/bin:/sbin:/bin:/usr/games:/usr/local/games:/snap/bin
Parameters: -go-publish -authorise-non-conformant-tx-servers -source ./igSource -web ./IG-website-release/www/ig/fhir -registry ./IG-website-release/ig-registry/fhir-ig-list.json -history ./IG-website-release/fhir-ig-history-template -templates ./IG-website-release/templates
---------------
Publication Run: publish ./igSource to ./IG-website-release/www/ig/fhir
Relative directory for IG is '/mesures'
===== Web Publication Run Details ===============================
 Source IG: ans.fhir.fr.mesures#3.2.0 : https://interop.esante.gouv.fr/ig/fhir/mesures (R4) from ./igSource
All checks passed. Do the publication build from /home/runner/work/IG-fhir-mesures-de-sante/IG-fhir-mesures-de-sante/./igSource and publish to /tmp/web-root/run-20260218/mesures
Prepare Build space in /tmp/ig-builds/ans.fhir.fr.mesures#3.2.0
Build IG at /home/runner/work/IG-fhir-mesures-de-sante/IG-fhir-mesures-de-sante/./igSource: final copy suitable for publication (in /tmp/ig-builds/ans.fhir.fr.mesures#3.2.0)
FHIR IG Publisher Version 2.1.0 (Git# c044f39673af). Built 2026-02-03T21:34:10.972Z (14 days old)   
Detected Java version: 17.0.10 from /opt/hostedtoolcache/Java_Microsoft_jdk/17.0.10/x64 on Linux/amd64 (64bit). 3998MB available
dir = /home/runner/work/IG-fhir-mesures-de-sante/IG-fhir-mesures-de-sante, path = /opt/hostedtoolcache/Ruby/3.3.10/x64/bin:/opt/hostedtoolcache/node/20.20.0/x64/bin:/opt/hostedtoolcache/Java_Microsoft_jdk/17.0.10/x64/bin:/snap/bin:/home/runner/.local/bin:/opt/pipx_bin:/home/runner/.cargo/bin:/home/runner/.config/composer/vendor/bin:/usr/local/.ghcup/bin:/home/runner/.dotnet/tools:/usr/local/sbin:/usr/local/bin:/usr/sbin:/usr/bin:/sbin:/bin:/usr/games:/usr/local/games:/snap/bin
Parameters: -publish https://interop.esante.gouv.fr/ig/fhir/mesures/3.2.0 -no-exit -ig /tmp/ig-builds/ans.fhir.fr.mesures#3.2.0 -resetTx
Character encoding = UTF-8 / UTF-8                                                                  
Start Clock @ Wednesday, February 18, 2026 at 1:40:11 PM Coordinated Universal Time (2026-02-18T13:40:11Z)
                                                                                                    
Build FHIR IG from /tmp/ig-builds/ans.fhir.fr.mesures#3.2.0                                          (00:00.019 / 00:00.020, 47Mb)
Build Formal Publication package, intended for https://interop.esante.gouv.fr/ig/fhir/mesures/3.2.0  (00:00.002 / 00:00.021, 47Mb)
API keys loaded from /home/runner/.fhir/fhir-settings.json                                           (00:00.000 / 00:00.022, 47Mb)
Package Cache: /home/runner/.fhir/packages                                                           (00:00.003 / 00:00.025, 48Mb)
Found dependency on ans.fr.terminologies#latest in Sushi config. Pre-installing                      (00:00.001 / 00:00.027, 48Mb)
Unable to install ans.fr.terminologies#latest: Invalid criteria: latest: (Expected numeric identifier at position 0) (00:00.002 / 00:00.030, 48Mb)
Trying to go on                                                                                      (00:00.000 / 00:00.030, 48Mb)
Run Sushi on /tmp/ig-builds/ans.fhir.fr.mesures#3.2.0                                                (00:00.001 / 00:00.031, 48Mb)
Sushi: info  Running SUSHI v3.17.0 (implements FHIR Shorthand specification v3.0.0)                  (00:00.560 / 00:00.592, 50Mb)
Sushi: info  Arguments:                                                                              (00:00.000 / 00:00.592, 50Mb)
Sushi: info    --require-latest                                                                      (00:00.000 / 00:00.593, 50Mb)
Sushi: info    --out /tmp/ig-builds/ans.fhir.fr.mesures#3.2.0                                        (00:00.000 / 00:00.594, 50Mb)
Sushi: info    /tmp/ig-builds/ans.fhir.fr.mesures#3.2.0                                              (00:00.000 / 00:00.594, 50Mb)
Sushi: info  Using configuration file: /tmp/ig-builds/ans.fhir.fr.mesures#3.2.0/sushi-config.yaml    (00:00.552 / 00:01.147, 50Mb)
Sushi: info  Importing FSH text...                                                                   (00:00.093 / 00:01.240, 50Mb)
Sushi: info  Preprocessed 36 documents with 40 aliases.                                              (00:00.218 / 00:01.458, 50Mb)
Sushi: info  Imported 27 definitions and 27 instances.                                               (00:00.019 / 00:01.478, 50Mb)
Sushi: info  Loaded virtual package sushi-r5forR4#1.0.0 with 7 resources                             (00:00.108 / 00:01.587, 50Mb)
Sushi: info  Resolved hl7.fhir.uv.tools.r4#latest to concrete version 1.0.0                          (00:00.875 / 00:02.462, 50Mb)
Sushi: info  Loaded hl7.fhir.uv.tools.r4#1.0.0 with 118 resources                                    (00:00.068 / 00:02.531, 50Mb)
Sushi: info  Resolved hl7.terminology.r4#latest to concrete version 7.0.1                            (00:00.155 / 00:02.686, 50Mb)
Sushi: info  Loaded hl7.terminology.r4#7.0.1 with 4096 resources                                     (00:01.496 / 00:04.183, 50Mb)
Sushi: info  Loaded hl7.fhir.fr.core#2.1.0 with 120 resources                                        (00:00.073 / 00:04.256, 50Mb)
Sushi: info  Loaded hl7.fhir.uv.phd#1.0.0 with 26 resources                                          (00:00.034 / 00:04.291, 50Mb)
Sushi: info  Resolved ans.fr.terminologies#latest to concrete version 1.4.0                          (00:00.148 / 00:04.440, 50Mb)
Sushi: info  Loaded ans.fr.terminologies#1.4.0 with 1050 resources                                   (00:00.481 / 00:04.922, 50Mb)
Sushi: info  Loaded hl7.fhir.r4.core#4.0.1 with 4581 resources                                       (00:01.078 / 00:06.001, 50Mb)
Sushi: info  Resolved hl7.fhir.uv.extensions.r4#latest to concrete version 5.2.0                     (00:00.169 / 00:06.170, 50Mb)
Sushi: info  Loaded hl7.fhir.uv.extensions.r4#5.2.0 with 759 resources                               (00:00.299 / 00:06.470, 50Mb)
Sushi: info  Loaded virtual package sushi-local#LOCAL with 0 resources                               (00:00.006 / 00:06.476, 50Mb)
Sushi: info  Converting FSH to FHIR resources...                                                     (00:00.017 / 00:06.494, 50Mb)
Sushi: warn  Slice named supportingInfo already exists on element Observation.extension of MesFrObservationBmi (00:01.570 / 00:08.065, 50Mb)
Sushi:   File: /tmp/ig-builds/ans.fhir.fr.mesures#3.2.0/input/fsh/RuleSet-observations.fsh           (00:00.000 / 00:08.065, 50Mb)
Sushi:   Line: 4 - 7                                                                                 (00:00.000 / 00:08.066, 50Mb)
Sushi:   Applied in File: /tmp/ig-builds/ans.fhir.fr.mesures#3.2.0/input/fsh/MesFrObservationBmi.fsh (00:00.000 / 00:08.066, 50Mb)
Sushi:   Applied on Line: 6 - 7                                                                      (00:00.000 / 00:08.067, 50Mb)
Sushi: warn  Slice named supportingInfo already exists on element Observation.extension of MesFrObservationBodyHeight (00:00.080 / 00:08.147, 50Mb)
Sushi:   File: /tmp/ig-builds/ans.fhir.fr.mesures#3.2.0/input/fsh/RuleSet-observations.fsh           (00:00.000 / 00:08.147, 50Mb)
Sushi:   Line: 4 - 7                                                                                 (00:00.000 / 00:08.148, 50Mb)
Sushi:   Applied in File: /tmp/ig-builds/ans.fhir.fr.mesures#3.2.0/input/fsh/MesFrObservationBodyHeight.fsh (00:00.000 / 00:08.148, 50Mb)
Sushi:   Applied on Line: 6 - 7                                                                      (00:00.000 / 00:08.149, 50Mb)
Sushi: warn  Slice named supportingInfo already exists on element Observation.extension of MesFrObservationBodyTemperature (00:00.101 / 00:08.251, 50Mb)
Sushi:   File: /tmp/ig-builds/ans.fhir.fr.mesures#3.2.0/input/fsh/RuleSet-observations.fsh           (00:00.000 / 00:08.251, 50Mb)
Sushi:   Line: 4 - 7                                                                                 (00:00.000 / 00:08.252, 50Mb)
Sushi:   Applied in File: /tmp/ig-builds/ans.fhir.fr.mesures#3.2.0/input/fsh/MesFrObservationBodyTemperature.fsh (00:00.000 / 00:08.252, 50Mb)
Sushi:   Applied on Line: 6 - 7                                                                      (00:00.000 / 00:08.253, 50Mb)
Sushi: warn  Slice named supportingInfo already exists on element Observation.extension of MesFrObservationBodyWeight (00:00.100 / 00:08.354, 50Mb)
Sushi:   File: /tmp/ig-builds/ans.fhir.fr.mesures#3.2.0/input/fsh/RuleSet-observations.fsh           (00:00.000 / 00:08.354, 50Mb)
Sushi:   Line: 4 - 7                                                                                 (00:00.000 / 00:08.355, 50Mb)
Sushi:   Applied in File: /tmp/ig-builds/ans.fhir.fr.mesures#3.2.0/input/fsh/MesFrObservationBodyWeight.fsh (00:00.000 / 00:08.355, 50Mb)
Sushi:   Applied on Line: 6 - 7                                                                      (00:00.000 / 00:08.356, 50Mb)
Sushi: warn  Slice named supportingInfo already exists on element Observation.extension of MesFrObservationBp (00:00.105 / 00:08.461, 50Mb)
Sushi:   File: /tmp/ig-builds/ans.fhir.fr.mesures#3.2.0/input/fsh/RuleSet-observations.fsh           (00:00.000 / 00:08.461, 50Mb)
Sushi:   Line: 4 - 7                                                                                 (00:00.000 / 00:08.462, 50Mb)
Sushi:   Applied in File: /tmp/ig-builds/ans.fhir.fr.mesures#3.2.0/input/fsh/MesFrObservationBp.fsh  (00:00.000 / 00:08.462, 50Mb)
Sushi:   Applied on Line: 6 - 7                                                                      (00:00.000 / 00:08.463, 50Mb)
Sushi: warn  Slice named supportingInfo already exists on element Observation.extension of MesFrObservationHeartrate (00:00.127 / 00:08.590, 50Mb)
Sushi:   File: /tmp/ig-builds/ans.fhir.fr.mesures#3.2.0/input/fsh/RuleSet-observations.fsh           (00:00.000 / 00:08.591, 50Mb)
Sushi:   Line: 4 - 7                                                                                 (00:00.000 / 00:08.591, 50Mb)
Sushi:   Applied in File: /tmp/ig-builds/ans.fhir.fr.mesures#3.2.0/input/fsh/MesFrObservationHeartrate.fsh (00:00.000 / 00:08.592, 50Mb)
Sushi:   Applied on Line: 6 - 7                                                                      (00:00.000 / 00:08.592, 50Mb)
Sushi: warn  Slice named supportingInfo already exists on element Observation.extension of MesFrObservationRespiratoryRate (00:00.228 / 00:08.820, 50Mb)
Sushi:   File: /tmp/ig-builds/ans.fhir.fr.mesures#3.2.0/input/fsh/RuleSet-observations.fsh           (00:00.000 / 00:08.821, 50Mb)
Sushi:   Line: 4 - 7                                                                                 (00:00.000 / 00:08.821, 50Mb)
Sushi:   Applied in File: /tmp/ig-builds/ans.fhir.fr.mesures#3.2.0/input/fsh/MesFrObservationRespRate.fsh (00:00.000 / 00:08.822, 50Mb)
Sushi:   Applied on Line: 6 - 7                                                                      (00:00.000 / 00:08.822, 50Mb)
Sushi: info  Converted 26 FHIR StructureDefinitions.                                                 (00:00.588 / 00:09.411, 50Mb)
Sushi: info  Converted 1 FHIR ValueSets.                                                             (00:00.008 / 00:09.419, 50Mb)
Sushi: info  Converted 27 FHIR instances.                                                            (00:02.392 / 00:11.812, 50Mb)
Sushi: info  Exporting FHIR resources as JSON...                                                     (00:00.000 / 00:11.812, 50Mb)
Sushi: info  Exported 52 FHIR resources as JSON.                                                     (00:00.140 / 00:11.953, 50Mb)
Sushi: info  Assembling Implementation Guide sources...                                              (00:00.002 / 00:11.956, 50Mb)
Sushi: info  Generated ImplementationGuide-ans.fhir.fr.mesures.json                                  (00:00.036 / 00:11.992, 50Mb)
Sushi: info  Assembled Implementation Guide sources; ready for IG Publisher.                         (00:00.000 / 00:11.992, 50Mb)
Sushi: ========================= SUSHI RESULTS ===========================                           (00:00.001 / 00:11.994, 50Mb)
Sushi: |  -------------------------------------------------------------  |                           (00:00.000 / 00:11.994, 50Mb)
Sushi: | |    Profiles   |  Extensions  |   Logicals   |   Resources   | |                           (00:00.000 / 00:11.994, 50Mb)
Sushi: | |-------------------------------------------------------------| |                           (00:00.000 / 00:11.995, 50Mb)
Sushi: | |      22       |      4       |      0       |       0       | |                           (00:00.000 / 00:11.995, 50Mb)
Sushi: |  -------------------------------------------------------------  |                           (00:00.000 / 00:11.996, 50Mb)
Sushi: |  -------------------------------------------------------------  |                           (00:00.000 / 00:11.996, 50Mb)
Sushi: | |      ValueSets     |    CodeSystems    |     Instances      | |                           (00:00.000 / 00:11.996, 50Mb)
Sushi: | |-------------------------------------------------------------| |                           (00:00.000 / 00:11.997, 50Mb)
Sushi: | |         1          |         0         |         27         | |                           (00:00.000 / 00:11.997, 50Mb)
Sushi: |  -------------------------------------------------------------  |                           (00:00.000 / 00:11.998, 50Mb)
Sushi: |                                                                 |                           (00:00.000 / 00:11.998, 50Mb)
Sushi: ===================================================================                           (00:00.000 / 00:11.998, 50Mb)
Sushi: | Something smells fishy...              0 Errors      7 Warnings |                           (00:00.000 / 00:11.999, 50Mb)
Sushi: ===================================================================                           (00:00.000 / 00:11.999, 50Mb)
Root directory: /tmp/ig-builds/ans.fhir.fr.mesures#3.2.0                                             (00:00.010 / 00:12.011, 50Mb)
Unable to load IG as an r5 IG - try R4 (property code is a class com.google.gson.JsonPrimitive looking for an object) (00:00.422 / 00:12.433, 62Mb)
Load Template from ans.fr.template#0.1.0                                                             (00:00.412 / 00:12.845, 65Mb)
 Load Template from fhir.base.template#0.8.1                                                         (00:00.008 / 00:12.854, 65Mb)
Scanning directory: /tmp/ig-builds/ans.fhir.fr.mesures#3.2.0/template
======================================================================
Terminology Cache is at /tmp/ig-builds/ans.fhir.fr.mesures#3.2.0/input-cache/txcache. Clearing now   (00:01.879 / 00:14.733, 116Mb)
Core Package hl7.fhir.r4.core#4.0.1                                                                  (00:00.001 / 00:14.734, 116Mb)
Running Terminology Log: /tmp/ohfu-fhir-ig-912761186944096885.html
Connect to Terminology Server at http://tx.fhir.org                                                  (00:03.538 / 00:18.273, 406Mb)
[39mLoad Package hl7.fhir.pubpack#0.2.4
[0;39m[39mLoad Package hl7.fhir.xver-extensions#0.1.0
[0;39m[39mLoad Package hl7.terminology.r4#7.0.1
[0;39m[39mLoad Package hl7.fhir.uv.extensions.r4#5.2.0
[0;39m[39mLoad Package hl7.terminology.r4#6.0.2
[0;39m[39mLoad Package hl7.fhir.uv.extensions.r4#5.1.0
[0;39m[39mLoad Package ans.fr.nos#1.3.0
[0;39m[39mLoad Package hl7.fhir.fr.core#2.1.0
[0;39m[39mLoad Package hl7.terminology.r4#3.1.0
[0;39m[39mLoad Package hl7.fhir.uv.phd#1.0.0
[0;39m[39mLoad Package hl7.terminology.r4#6.5.0
[0;39m[39mLoad Package hl7.terminology.r4#5.0.0
[0;39m[39mLoad Package fhir.dicom#2022.4.20221006
[0;39m[39mLoad Package hl7.fhir.uv.ips#1.1.0
[0;39m[39mLoad Package ans.fr.terminologies#1.4.0
[0;39m[39mLoad Package hl7.fhir.uv.tools.r4#0.9.0
[0;39mLoad R5 Specials
Cannot find or generate snapshot for base definition http://hl7.org/fhir/StructureDefinition/CanonicalResource from http://hl7.org/fhir/StructureDefinition/TestCases
Initialization complete                                                                              (00:15.309 / 00:33.582, 1Gb)
Load IG                                                                                              (00:00.000 / 00:33.583, 1Gb)
Load Content                                                                                         (00:00.002 / 00:33.585, 1Gb)
Using fr_FR as the default narrative language. (inferred from ImplementationGuide.jurisdiction=FR)   (00:00.054 / 00:33.640, 1Gb)
Process Loaded Resources                                                                             (00:00.838 / 00:34.479, 1Gb)
Generating Snapshots                                                                                 (00:00.230 / 00:34.709, 1Gb)

Signing Certificate: RSA key for Subject: OU=IG Publisher, L=Ann Arbor, CN=hl7.org, O=HL7, ST=Missouri, C=us from: OU=IG Publisher, L=Ann Arbor, CN=hl7.org, O=HL7, ST=Missouri, C=us
Fetch https://interop.esante.gouv.fr/ig/fhir/mesures/package-list.json for version check             (00:02.209 / 00:36.918, 1Gb)
Checking Language                                                                                    (00:00.684 / 00:37.602, 1Gb)
Load Dependency Info                                                                                 (00:00.001 / 00:37.604, 1Gb)
Load Info                                                                                            (00:00.000 / 00:37.605, 1Gb)
Load Paths                                                                                           (00:00.000 / 00:37.605, 1Gb)
Check R4 / R4B                                                                                       (00:00.000 / 00:37.606, 1Gb)
Assign Comparison Ids                                                                                (00:00.020 / 00:37.626, 1Gb)
Propagating status                                                                                   (00:00.000 / 00:37.626, 1Gb)
Generating Narratives                                                                                (00:00.000 / 00:37.626, 1Gb)
Validating Conformance Resources                                                                     (00:20.267 / 00:57.894, 1Gb)
Check profiles & code systems                                                                        (02:48.852 / 03:46.747, 991Mb)
Check realm rules                                                                                    (00:00.004 / 03:46.751, 992Mb)
Previous Version Comparison                                                                          (00:00.000 / 03:46.752, 992Mb)
Checking for Bundles to sign                                                                         (00:16.893 / 04:03.646, 1Gb)
Validating Resources                                                                                 (00:00.000 / 04:03.646, 1Gb)
Processing Provenance Records                                                                        (00:51.311 / 04:54.958, 1Gb)
Generating Outputs in /tmp/ig-builds/ans.fhir.fr.mesures#3.2.0/output                                (00:00.000 / 04:54.959, 1Gb)
Generate Native Outputs                                                                              (00:00.154 / 04:55.113, 1Gb)
Run Template                                                                                         (00:03.838 / 04:58.951, 1Gb)
Generate HTML Outputs                                                                                (00:02.103 / 05:01.055, 1Gb)
[1;31mOperation took too long - longer than 60000ms
[0;39m[1;31m 0 includeCodes
[0;39m[1;31m 0 doServerIncludeCodes
[0;39m[1;31m 122436 addCodeAndDescendents
[0;39mGenerate Spreadsheets                                                                                (02:33.484 / 07:34.539, 1Gb)
Generate Summaries                                                                                   (00:06.490 / 07:41.029, 2Gb)
Generating Summary Outputs                                                                           (00:00.000 / 07:41.030, 2Gb)
Unable to find 3-character code having same country code as ISO 2-char code AA - User-assigned       (00:13.973 / 07:55.003, 2Gb)
Unable to find 3-character code having same country code as ISO 2-char code QM - User-assigned       (00:00.000 / 07:55.003, 2Gb)
Unable to find 3-character code having same country code as ISO 2-char code QN - User-assigned       (00:00.000 / 07:55.004, 2Gb)
Unable to find 3-character code having same country code as ISO 2-char code QO - User-assigned       (00:00.000 / 07:55.004, 2Gb)
Unable to find 3-character code having same country code as ISO 2-char code QP - User-assigned       (00:00.000 / 07:55.004, 2Gb)
Unable to find 3-character code having same country code as ISO 2-char code QQ - User-assigned       (00:00.000 / 07:55.005, 2Gb)
Unable to find 3-character code having same country code as ISO 2-char code QR - User-assigned       (00:00.000 / 07:55.005, 2Gb)
Unable to find 3-character code having same country code as ISO 2-char code QS - User-assigned       (00:00.000 / 07:55.005, 2Gb)
Unable to find 3-character code having same country code as ISO 2-char code QT - User-assigned       (00:00.000 / 07:55.006, 2Gb)
Unable to find 3-character code having same country code as ISO 2-char code QU - User-assigned       (00:00.000 / 07:55.006, 2Gb)
Unable to find 3-character code having same country code as ISO 2-char code QV - User-assigned       (00:00.000 / 07:55.006, 2Gb)
Unable to find 3-character code having same country code as ISO 2-char code QW - User-assigned       (00:00.000 / 07:55.006, 2Gb)
Unable to find 3-character code having same country code as ISO 2-char code QX - User-assigned       (00:00.000 / 07:55.007, 2Gb)
Unable to find 3-character code having same country code as ISO 2-char code QY - User-assigned       (00:00.000 / 07:55.007, 2Gb)
Unable to find 3-character code having same country code as ISO 2-char code QZ - User-assigned       (00:00.000 / 07:55.007, 2Gb)
Unable to find 3-character code having same country code as ISO 2-char code XA - User-assigned       (00:00.000 / 07:55.007, 2Gb)
Unable to find 3-character code having same country code as ISO 2-char code XB - User-assigned       (00:00.000 / 07:55.007, 2Gb)
Unable to find 3-character code having same country code as ISO 2-char code XC - User-assigned       (00:00.000 / 07:55.007, 2Gb)
Unable to find 3-character code having same country code as ISO 2-char code XD - User-assigned       (00:00.000 / 07:55.008, 2Gb)
Unable to find 3-character code having same country code as ISO 2-char code XE - User-assigned       (00:00.000 / 07:55.008, 2Gb)
Unable to find 3-character code having same country code as ISO 2-char code XF - User-assigned       (00:00.000 / 07:55.008, 2Gb)
Unable to find 3-character code having same country code as ISO 2-char code XG - User-assigned       (00:00.000 / 07:55.008, 2Gb)
Unable to find 3-character code having same country code as ISO 2-char code XH - User-assigned       (00:00.000 / 07:55.008, 2Gb)
Unable to find 3-character code having same country code as ISO 2-char code XI - User-assigned       (00:00.000 / 07:55.009, 2Gb)
Unable to find 3-character code having same country code as ISO 2-char code XJ - User-assigned       (00:00.000 / 07:55.009, 2Gb)
Unable to find 3-character code having same country code as ISO 2-char code XK - Kosovo              (00:00.000 / 07:55.009, 2Gb)
Unable to find 3-character code having same country code as ISO 2-char code XL - User-assigned       (00:00.000 / 07:55.009, 2Gb)
Unable to find 3-character code having same country code as ISO 2-char code XM - User-assigned       (00:00.000 / 07:55.009, 2Gb)
Unable to find 3-character code having same country code as ISO 2-char code XN - User-assigned       (00:00.000 / 07:55.009, 2Gb)
Unable to find 3-character code having same country code as ISO 2-char code XO - User-assigned       (00:00.000 / 07:55.010, 2Gb)
Unable to find 3-character code having same country code as ISO 2-char code XP - User-assigned       (00:00.000 / 07:55.010, 2Gb)
Unable to find 3-character code having same country code as ISO 2-char code XQ - User-assigned       (00:00.000 / 07:55.010, 2Gb)
Unable to find 3-character code having same country code as ISO 2-char code XR - User-assigned       (00:00.000 / 07:55.010, 2Gb)
Unable to find 3-character code having same country code as ISO 2-char code XS - User-assigned       (00:00.000 / 07:55.010, 2Gb)
Unable to find 3-character code having same country code as ISO 2-char code XT - User-assigned       (00:00.000 / 07:55.011, 2Gb)
Unable to find 3-character code having same country code as ISO 2-char code XU - User-assigned       (00:00.000 / 07:55.011, 2Gb)
Unable to find 3-character code having same country code as ISO 2-char code XV - User-assigned       (00:00.000 / 07:55.011, 2Gb)
Unable to find 3-character code having same country code as ISO 2-char code XW - User-assigned       (00:00.000 / 07:55.011, 2Gb)
Unable to find 3-character code having same country code as ISO 2-char code XX - Unknown             (00:00.000 / 07:55.011, 2Gb)
Unable to find 3-character code having same country code as ISO 2-char code XY - User-assigned       (00:00.000 / 07:55.011, 2Gb)
Unable to find 3-character code having same country code as ISO 2-char code XZ - International Waters (00:00.000 / 07:55.012, 2Gb)
Unable to find 3-character code having same country code as ISO 2-char code ZZ - Unknown or Invalid Territory (00:00.000 / 07:55.012, 2Gb)
DB Cumulative Time invested: 00:00:00.982
Sending Usage Stats to Server                                                                        (00:00.210 / 07:55.222, 2Gb)
## Memory (MB): Use = 2400, Free = 545, Total = 2946, Max = 3998                                     (00:00.004 / 07:55.226, 2Gb)
Reclaiming memory...                                                                                 (00:00.000 / 07:55.227, 2Gb)
## Memory (MB): Use = 1589, Free = 1356, Total = 2946, Max = 3998                                    (00:00.914 / 07:56.141, 1Gb)
Run jekyll: jekyll build --destination "/tmp/ig-builds/ans.fhir.fr.mesures#3.2.0/output" (in folder /tmp/ig-builds/ans.fhir.fr.mesures#3.2.0/temp/pages) (00:00.001 / 07:56.143, 1Gb)
Troubleshooting Note: usual cases for Jekyll to fail are:                                            (00:00.000 / 07:56.143, 1Gb)
* A failure to produce a fragment that is already logged in the output above                         (00:00.000 / 07:56.144, 1Gb)
* A reference to a manually edited file that hasn't been provided                                    (00:00.000 / 07:56.144, 1Gb)
Jekyll: Source: /tmp/ig-builds/ans.fhir.fr.mesures#3.2.0/temp/pages                                  (00:00.510 / 07:56.654, 1Gb)
Jekyll: Generating...                                                                                (00:00.000 / 07:56.655, 1Gb)
Jekyll: done in 2.399 seconds.                                                                       (00:02.398 / 07:59.054, 1Gb)
[39m
[0;39m[39mInstalling ans.fhir.fr.mesures#3.2.0
[0;39m[39m done.
[0;39mChecking Output HTML                                                                                 (00:03.169 / 08:02.224, 2Gb)
Processed /tmp/ig-builds/ans.fhir.fr.mesures#3.2.0/output - % reduction = 100 (117092483 ==> 464484)
found 1271 files                                                                                     (00:02.534 / 08:04.759, 2Gb)
........................................
........................................
  ... 1271 html files, 0 pages invalid xhtml (0%)                                                    (00:36.099 / 08:40.858, 1Gb)
  ... 524390 links, 15 broken links (0%)                                                             (00:00.000 / 08:40.858, 1Gb)
Generate fragment-usage-analysis.csv                                                                 (00:00.000 / 08:40.859, 1Gb)
Build final .zip                                                                                     (00:00.005 / 08:40.864, 1Gb)
Final .zip built                                                                                     (00:04.174 / 08:45.038, 1Gb)
Built. Times: loading: 00:04.017, generate: 08:12.747, narrative generation: 00:20.267, realm-rules: 00:00.000, previous-version: 00:16.863, jekyll: 00:02.930, validation: 03:40.104 (#53), template: 00:02.102 (#3) (00:05.311 / 08:50.350, 2Gb)
Generating QA                                                                                        (00:00.000 / 08:50.351, 2Gb)
Internal error in location for message: 'Error @1, 2: Found / expecting a token name', loc = '/tmp/ig-builds/ans.fhir.fr.mesures#3.2.0/output/flux-alimentation-signes-vitaux.html', err = 'Illegal HTML: illegal html element: OID ()'
Internal error in location for message: 'Error @1, 2: Found / expecting a token name', loc = '/tmp/ig-builds/ans.fhir.fr.mesures#3.2.0/output/searchform.html#/html/body/div/div/div/a/img/div/a/i', err = 'The <script> containing the javascript '$( document ).ready('... is illegal and not allowed on the H'
Validation output in /tmp/ig-builds/ans.fhir.fr.mesures#3.2.0/output/qa.html
Errors: 247, Warnings: 125, Info: 56, Broken Links: 25 (00:01.201 / 08:51.552, 2Gb)
Finished @ 18/02/2026 13:49. Max Memory Used = 2Gb. Log file saved in /tmp/fhir-ig-publisher-tmp.log (00:00.011 / 08:51.563, 2Gb)
Prepare Build space in /tmp/ig-builds/ans.fhir.fr.mesures#3.2.0-milestone
Build IG at /home/runner/work/IG-fhir-mesures-de-sante/IG-fhir-mesures-de-sante/./igSource: final copy suitable for publication (in /tmp/ig-builds/ans.fhir.fr.mesures#3.2.0-milestone) (milestone build)
FHIR IG Publisher Version 2.1.0 (Git# c044f39673af). Built 2026-02-03T21:34:10.972Z (14 days old)   
Detected Java version: 17.0.10 from /opt/hostedtoolcache/Java_Microsoft_jdk/17.0.10/x64 on Linux/amd64 (64bit). 3998MB available
dir = /home/runner/work/IG-fhir-mesures-de-sante/IG-fhir-mesures-de-sante, path = /opt/hostedtoolcache/Ruby/3.3.10/x64/bin:/opt/hostedtoolcache/node/20.20.0/x64/bin:/opt/hostedtoolcache/Java_Microsoft_jdk/17.0.10/x64/bin:/snap/bin:/home/runner/.local/bin:/opt/pipx_bin:/home/runner/.cargo/bin:/home/runner/.config/composer/vendor/bin:/usr/local/.ghcup/bin:/home/runner/.dotnet/tools:/usr/local/sbin:/usr/local/bin:/usr/sbin:/usr/bin:/sbin:/bin:/usr/games:/usr/local/games:/snap/bin
Parameters: -publish https://interop.esante.gouv.fr/ig/fhir/mesures/3.2.0 -no-exit -ig /tmp/ig-builds/ans.fhir.fr.mesures#3.2.0-milestone -milestone
Character encoding = UTF-8 / UTF-8                                                                  
Start Clock @ Wednesday, February 18, 2026 at 1:49:04 PM Coordinated Universal Time (2026-02-18T13:49:04Z)
                                                                                                    
Build FHIR IG from /tmp/ig-builds/ans.fhir.fr.mesures#3.2.0-milestone                                (00:00.001 / 00:00.001, 2Gb)
Build Formal Publication package, intended for https://interop.esante.gouv.fr/ig/fhir/mesures/3.2.0  (00:00.000 / 00:00.001, 2Gb)
API keys loaded from /home/runner/.fhir/fhir-settings.json                                           (00:00.000 / 00:00.002, 2Gb)
Package Cache: /home/runner/.fhir/packages                                                           (00:00.000 / 00:00.002, 2Gb)
Found dependency on ans.fr.terminologies#latest in Sushi config. Pre-installing                      (00:00.000 / 00:00.002, 2Gb)
Unable to install ans.fr.terminologies#latest: Invalid criteria: latest: (Expected numeric identifier at position 0) (00:00.000 / 00:00.003, 2Gb)
Trying to go on                                                                                      (00:00.000 / 00:00.003, 2Gb)
Run Sushi on /tmp/ig-builds/ans.fhir.fr.mesures#3.2.0-milestone                                      (00:00.000 / 00:00.003, 2Gb)
Sushi: info  Running SUSHI v3.17.0 (implements FHIR Shorthand specification v3.0.0)                  (00:00.352 / 00:00.356, 2Gb)
Sushi: info  Arguments:                                                                              (00:00.000 / 00:00.356, 2Gb)
Sushi: info    --require-latest                                                                      (00:00.000 / 00:00.356, 2Gb)
Sushi: info    --out /tmp/ig-builds/ans.fhir.fr.mesures#3.2.0-milestone                              (00:00.000 / 00:00.357, 2Gb)
Sushi: info    /tmp/ig-builds/ans.fhir.fr.mesures#3.2.0-milestone                                    (00:00.000 / 00:00.357, 2Gb)
Sushi: info  Using configuration file: /tmp/ig-builds/ans.fhir.fr.mesures#3.2.0-milestone/sushi-config.yaml (00:00.379 / 00:00.737, 2Gb)
Sushi: info  Importing FSH text...                                                                   (00:00.097 / 00:00.834, 2Gb)
Sushi: info  Preprocessed 36 documents with 40 aliases.                                              (00:00.208 / 00:01.043, 2Gb)
Sushi: info  Imported 27 definitions and 27 instances.                                               (00:00.021 / 00:01.064, 2Gb)
Sushi: info  Loaded virtual package sushi-r5forR4#1.0.0 with 7 resources                             (00:00.104 / 00:01.169, 2Gb)
Sushi: info  Resolved hl7.fhir.uv.tools.r4#latest to concrete version 1.0.0                          (00:00.670 / 00:01.840, 2Gb)
Sushi: info  Loaded hl7.fhir.uv.tools.r4#1.0.0 with 118 resources                                    (00:00.048 / 00:01.888, 2Gb)
Sushi: info  Resolved hl7.terminology.r4#latest to concrete version 7.0.1                            (00:00.155 / 00:02.044, 2Gb)
Sushi: info  Loaded hl7.terminology.r4#7.0.1 with 4096 resources                                     (00:00.829 / 00:02.873, 2Gb)
Sushi: info  Loaded hl7.fhir.fr.core#2.1.0 with 120 resources                                        (00:00.051 / 00:02.924, 2Gb)
Sushi: info  Loaded hl7.fhir.uv.phd#1.0.0 with 26 resources                                          (00:00.032 / 00:02.956, 2Gb)
Sushi: info  Resolved ans.fr.terminologies#latest to concrete version 1.4.0                          (00:00.155 / 00:03.111, 2Gb)
Sushi: info  Loaded ans.fr.terminologies#1.4.0 with 1050 resources                                   (00:00.307 / 00:03.418, 2Gb)
Sushi: info  Loaded hl7.fhir.r4.core#4.0.1 with 4581 resources                                       (00:00.813 / 00:04.232, 2Gb)
Sushi: info  Resolved hl7.fhir.uv.extensions.r4#latest to concrete version 5.2.0                     (00:00.165 / 00:04.397, 2Gb)
Sushi: info  Loaded hl7.fhir.uv.extensions.r4#5.2.0 with 759 resources                               (00:00.154 / 00:04.552, 2Gb)
Sushi: info  Loaded virtual package sushi-local#LOCAL with 0 resources                               (00:00.006 / 00:04.558, 2Gb)
Sushi: info  Converting FSH to FHIR resources...                                                     (00:00.017 / 00:04.576, 2Gb)
Sushi: warn  Slice named supportingInfo already exists on element Observation.extension of MesFrObservationBmi (00:01.573 / 00:06.150, 2Gb)
Sushi:   File: /tmp/ig-builds/ans.fhir.fr.mesures#3.2.0-milestone/input/fsh/RuleSet-observations.fsh (00:00.000 / 00:06.151, 2Gb)
Sushi:   Line: 4 - 7                                                                                 (00:00.000 / 00:06.151, 2Gb)
Sushi:   Applied in File: /tmp/ig-builds/ans.fhir.fr.mesures#3.2.0-milestone/input/fsh/MesFrObservationBmi.fsh (00:00.000 / 00:06.151, 2Gb)
Sushi:   Applied on Line: 6 - 7                                                                      (00:00.000 / 00:06.151, 2Gb)
Sushi: warn  Slice named supportingInfo already exists on element Observation.extension of MesFrObservationBodyHeight (00:00.078 / 00:06.230, 2Gb)
Sushi:   File: /tmp/ig-builds/ans.fhir.fr.mesures#3.2.0-milestone/input/fsh/RuleSet-observations.fsh (00:00.000 / 00:06.230, 2Gb)
Sushi:   Line: 4 - 7                                                                                 (00:00.000 / 00:06.230, 2Gb)
Sushi:   Applied in File: /tmp/ig-builds/ans.fhir.fr.mesures#3.2.0-milestone/input/fsh/MesFrObservationBodyHeight.fsh (00:00.000 / 00:06.231, 2Gb)
Sushi:   Applied on Line: 6 - 7                                                                      (00:00.000 / 00:06.231, 2Gb)
Sushi: warn  Slice named supportingInfo already exists on element Observation.extension of MesFrObservationBodyTemperature (00:00.099 / 00:06.330, 2Gb)
Sushi:   File: /tmp/ig-builds/ans.fhir.fr.mesures#3.2.0-milestone/input/fsh/RuleSet-observations.fsh (00:00.000 / 00:06.330, 2Gb)
Sushi:   Line: 4 - 7                                                                                 (00:00.000 / 00:06.331, 2Gb)
Sushi:   Applied in File: /tmp/ig-builds/ans.fhir.fr.mesures#3.2.0-milestone/input/fsh/MesFrObservationBodyTemperature.fsh (00:00.000 / 00:06.331, 2Gb)
Sushi:   Applied on Line: 6 - 7                                                                      (00:00.000 / 00:06.331, 2Gb)
Sushi: warn  Slice named supportingInfo already exists on element Observation.extension of MesFrObservationBodyWeight (00:00.101 / 00:06.433, 2Gb)
Sushi:   File: /tmp/ig-builds/ans.fhir.fr.mesures#3.2.0-milestone/input/fsh/RuleSet-observations.fsh (00:00.000 / 00:06.433, 2Gb)
Sushi:   Line: 4 - 7                                                                                 (00:00.000 / 00:06.433, 2Gb)
Sushi:   Applied in File: /tmp/ig-builds/ans.fhir.fr.mesures#3.2.0-milestone/input/fsh/MesFrObservationBodyWeight.fsh (00:00.000 / 00:06.434, 2Gb)
Sushi:   Applied on Line: 6 - 7                                                                      (00:00.000 / 00:06.434, 2Gb)
Sushi: warn  Slice named supportingInfo already exists on element Observation.extension of MesFrObservationBp (00:00.138 / 00:06.573, 2Gb)
Sushi:   File: /tmp/ig-builds/ans.fhir.fr.mesures#3.2.0-milestone/input/fsh/RuleSet-observations.fsh (00:00.000 / 00:06.573, 2Gb)
Sushi:   Line: 4 - 7                                                                                 (00:00.000 / 00:06.573, 2Gb)
Sushi:   Applied in File: /tmp/ig-builds/ans.fhir.fr.mesures#3.2.0-milestone/input/fsh/MesFrObservationBp.fsh (00:00.000 / 00:06.573, 2Gb)
Sushi:   Applied on Line: 6 - 7                                                                      (00:00.000 / 00:06.574, 2Gb)
Sushi: warn  Slice named supportingInfo already exists on element Observation.extension of MesFrObservationHeartrate (00:00.099 / 00:06.673, 2Gb)
Sushi:   File: /tmp/ig-builds/ans.fhir.fr.mesures#3.2.0-milestone/input/fsh/RuleSet-observations.fsh (00:00.000 / 00:06.674, 2Gb)
Sushi:   Line: 4 - 7                                                                                 (00:00.000 / 00:06.674, 2Gb)
Sushi:   Applied in File: /tmp/ig-builds/ans.fhir.fr.mesures#3.2.0-milestone/input/fsh/MesFrObservationHeartrate.fsh (00:00.000 / 00:06.674, 2Gb)
Sushi:   Applied on Line: 6 - 7                                                                      (00:00.000 / 00:06.675, 2Gb)
Sushi: warn  Slice named supportingInfo already exists on element Observation.extension of MesFrObservationRespiratoryRate (00:00.217 / 00:06.892, 2Gb)
Sushi:   File: /tmp/ig-builds/ans.fhir.fr.mesures#3.2.0-milestone/input/fsh/RuleSet-observations.fsh (00:00.000 / 00:06.892, 2Gb)
Sushi:   Line: 4 - 7                                                                                 (00:00.000 / 00:06.893, 2Gb)
Sushi:   Applied in File: /tmp/ig-builds/ans.fhir.fr.mesures#3.2.0-milestone/input/fsh/MesFrObservationRespRate.fsh (00:00.000 / 00:06.893, 2Gb)
Sushi:   Applied on Line: 6 - 7                                                                      (00:00.000 / 00:06.893, 2Gb)
Sushi: info  Converted 26 FHIR StructureDefinitions.                                                 (00:00.593 / 00:07.486, 2Gb)
Sushi: info  Converted 1 FHIR ValueSets.                                                             (00:00.007 / 00:07.494, 2Gb)
Sushi: info  Converted 27 FHIR instances.                                                            (00:02.386 / 00:09.880, 2Gb)
Sushi: info  Exporting FHIR resources as JSON...                                                     (00:00.000 / 00:09.881, 2Gb)
Sushi: info  Exported 52 FHIR resources as JSON.                                                     (00:00.143 / 00:10.025, 2Gb)
Sushi: info  Assembling Implementation Guide sources...                                              (00:00.001 / 00:10.026, 2Gb)
Sushi: info  Generated ImplementationGuide-ans.fhir.fr.mesures.json                                  (00:00.037 / 00:10.064, 2Gb)
Sushi: info  Assembled Implementation Guide sources; ready for IG Publisher.                         (00:00.000 / 00:10.064, 2Gb)
Sushi: ========================= SUSHI RESULTS ===========================                           (00:00.001 / 00:10.065, 2Gb)
Sushi: |  -------------------------------------------------------------  |                           (00:00.000 / 00:10.065, 2Gb)
Sushi: | |    Profiles   |  Extensions  |   Logicals   |   Resources   | |                           (00:00.000 / 00:10.066, 2Gb)
Sushi: | |-------------------------------------------------------------| |                           (00:00.000 / 00:10.066, 2Gb)
Sushi: | |      22       |      4       |      0       |       0       | |                           (00:00.000 / 00:10.066, 2Gb)
Sushi: |  -------------------------------------------------------------  |                           (00:00.000 / 00:10.066, 2Gb)
Sushi: |  -------------------------------------------------------------  |                           (00:00.000 / 00:10.067, 2Gb)
Sushi: | |      ValueSets     |    CodeSystems    |     Instances      | |                           (00:00.000 / 00:10.067, 2Gb)
Sushi: | |-------------------------------------------------------------| |                           (00:00.000 / 00:10.067, 2Gb)
Sushi: | |         1          |         0         |         27         | |                           (00:00.000 / 00:10.067, 2Gb)
Sushi: |  -------------------------------------------------------------  |                           (00:00.000 / 00:10.067, 2Gb)
Sushi: |                                                                 |                           (00:00.000 / 00:10.068, 2Gb)
Sushi: ===================================================================                           (00:00.000 / 00:10.068, 2Gb)
Sushi: | Warnings... Water those about?         0 Errors      7 Warnings |                           (00:00.000 / 00:10.068, 2Gb)
Sushi: ===================================================================                           (00:00.000 / 00:10.068, 2Gb)
Root directory: /tmp/ig-builds/ans.fhir.fr.mesures#3.2.0-milestone                                   (00:00.013 / 00:10.082, 2Gb)
Unable to load IG as an r5 IG - try R4 (property code is a class com.google.gson.JsonPrimitive looking for an object) (00:00.001 / 00:10.083, 2Gb)
Load Template from ans.fr.template#0.1.0                                                             (00:00.009 / 00:10.093, 2Gb)
 Load Template from fhir.base.template#0.8.1                                                         (00:00.001 / 00:10.094, 2Gb)
Scanning directory: /tmp/ig-builds/ans.fhir.fr.mesures#3.2.0-milestone/template
======================================================================
Terminology Cache is at /tmp/ig-builds/ans.fhir.fr.mesures#3.2.0-milestone/input-cache/txcache. 19 files in cache (00:00.884 / 00:10.979, 1Gb)
Core Package hl7.fhir.r4.core#4.0.1                                                                  (00:00.000 / 00:10.979, 1Gb)
Running Terminology Log: /tmp/ohfu-fhir-ig-2948861561997127023.html
Connect to Terminology Server at http://tx.fhir.org                                                  (00:01.877 / 00:12.857, 2Gb)
[39mLoad Package hl7.fhir.pubpack#0.2.4
[0;39m[39mLoad Package hl7.fhir.xver-extensions#0.1.0
[0;39m[39mLoad Package hl7.terminology.r4#7.0.1
[0;39m[39mLoad Package hl7.fhir.uv.extensions.r4#5.2.0
[0;39m[39mLoad Package hl7.terminology.r4#6.0.2
[0;39m[39mLoad Package hl7.fhir.uv.extensions.r4#5.1.0
[0;39m[39mLoad Package ans.fr.nos#1.3.0
[0;39m[39mLoad Package hl7.fhir.fr.core#2.1.0
[0;39m[39mLoad Package hl7.terminology.r4#3.1.0
[0;39m[39mLoad Package hl7.fhir.uv.phd#1.0.0
[0;39m[39mLoad Package hl7.terminology.r4#6.5.0
[0;39m[39mLoad Package hl7.terminology.r4#5.0.0
[0;39m[39mLoad Package fhir.dicom#2022.4.20221006
[0;39m[39mLoad Package hl7.fhir.uv.ips#1.1.0
[0;39m[39mLoad Package ans.fr.terminologies#1.4.0
[0;39m[39mLoad Package hl7.fhir.uv.tools.r4#0.9.0
[0;39mLoad R5 Specials
Cannot find or generate snapshot for base definition http://hl7.org/fhir/StructureDefinition/CanonicalResource from http://hl7.org/fhir/StructureDefinition/TestCases
Initialization complete                                                                              (00:13.760 / 00:26.617, 2Gb)
Load IG                                                                                              (00:00.000 / 00:26.618, 2Gb)
Load Content                                                                                         (00:00.002 / 00:26.620, 2Gb)
Using fr_FR as the default narrative language. (inferred from ImplementationGuide.jurisdiction=FR)   (00:00.008 / 00:26.628, 2Gb)
Process Loaded Resources                                                                             (00:00.494 / 00:27.122, 2Gb)
Generating Snapshots                                                                                 (00:00.174 / 00:27.297, 2Gb)

Signing Certificate: RSA key for Subject: OU=IG Publisher, L=Ann Arbor, CN=hl7.org, O=HL7, ST=Missouri, C=us from: OU=IG Publisher, L=Ann Arbor, CN=hl7.org, O=HL7, ST=Missouri, C=us
Fetch https://interop.esante.gouv.fr/ig/fhir/mesures/package-list.json for version check             (00:01.690 / 00:28.987, 2Gb)
Checking Language                                                                                    (00:01.004 / 00:29.992, 2Gb)
Load Dependency Info                                                                                 (00:00.001 / 00:29.994, 2Gb)
Load Info                                                                                            (00:00.000 / 00:29.994, 2Gb)
Load Paths                                                                                           (00:00.000 / 00:29.994, 2Gb)
Check R4 / R4B                                                                                       (00:00.000 / 00:29.995, 2Gb)
Assign Comparison Ids                                                                                (00:00.007 / 00:30.003, 2Gb)
Propagating status                                                                                   (00:00.000 / 00:30.003, 2Gb)
Generating Narratives                                                                                (00:00.000 / 00:30.003, 2Gb)
Validating Conformance Resources                                                                     (00:05.424 / 00:35.427, 2Gb)
Check profiles & code systems                                                                        (00:26.005 / 01:01.433, 2Gb)
Check realm rules                                                                                    (00:00.004 / 01:01.437, 2Gb)
Previous Version Comparison                                                                          (00:00.000 / 01:01.438, 2Gb)
Checking for Bundles to sign                                                                         (00:00.018 / 01:01.456, 2Gb)
Validating Resources                                                                                 (00:00.000 / 01:01.456, 2Gb)
Processing Provenance Records                                                                        (00:08.317 / 01:09.774, 2Gb)
Generating Outputs in /tmp/ig-builds/ans.fhir.fr.mesures#3.2.0-milestone/output                      (00:00.000 / 01:09.775, 2Gb)
Generate Native Outputs                                                                              (00:00.074 / 01:09.849, 2Gb)
Run Template                                                                                         (00:03.497 / 01:13.347, 2Gb)
Generate HTML Outputs                                                                                (00:01.770 / 01:15.117, 2Gb)
Sending usage stats failed: Connection timed out
Generate Spreadsheets                                                                                (00:11.778 / 01:26.896, 2Gb)
Generate Summaries                                                                                   (00:04.481 / 01:31.377, 2Gb)
Generating Summary Outputs                                                                           (00:00.000 / 01:31.377, 2Gb)
Unable to find 3-character code having same country code as ISO 2-char code AA - User-assigned       (00:06.387 / 01:37.765, 1Gb)
Unable to find 3-character code having same country code as ISO 2-char code QM - User-assigned       (00:00.000 / 01:37.765, 1Gb)
Unable to find 3-character code having same country code as ISO 2-char code QN - User-assigned       (00:00.000 / 01:37.766, 1Gb)
Unable to find 3-character code having same country code as ISO 2-char code QO - User-assigned       (00:00.000 / 01:37.766, 1Gb)
Unable to find 3-character code having same country code as ISO 2-char code QP - User-assigned       (00:00.000 / 01:37.766, 1Gb)
Unable to find 3-character code having same country code as ISO 2-char code QQ - User-assigned       (00:00.000 / 01:37.767, 1Gb)
Unable to find 3-character code having same country code as ISO 2-char code QR - User-assigned       (00:00.000 / 01:37.767, 1Gb)
Unable to find 3-character code having same country code as ISO 2-char code QS - User-assigned       (00:00.000 / 01:37.767, 1Gb)
Unable to find 3-character code having same country code as ISO 2-char code QT - User-assigned       (00:00.000 / 01:37.767, 1Gb)
Unable to find 3-character code having same country code as ISO 2-char code QU - User-assigned       (00:00.000 / 01:37.768, 1Gb)
Unable to find 3-character code having same country code as ISO 2-char code QV - User-assigned       (00:00.000 / 01:37.768, 1Gb)
Unable to find 3-character code having same country code as ISO 2-char code QW - User-assigned       (00:00.000 / 01:37.768, 1Gb)
Unable to find 3-character code having same country code as ISO 2-char code QX - User-assigned       (00:00.000 / 01:37.769, 1Gb)
Unable to find 3-character code having same country code as ISO 2-char code QY - User-assigned       (00:00.000 / 01:37.769, 1Gb)
Unable to find 3-character code having same country code as ISO 2-char code QZ - User-assigned       (00:00.000 / 01:37.769, 1Gb)
Unable to find 3-character code having same country code as ISO 2-char code XA - User-assigned       (00:00.000 / 01:37.769, 1Gb)
Unable to find 3-character code having same country code as ISO 2-char code XB - User-assigned       (00:00.000 / 01:37.770, 1Gb)
Unable to find 3-character code having same country code as ISO 2-char code XC - User-assigned       (00:00.000 / 01:37.770, 1Gb)
Unable to find 3-character code having same country code as ISO 2-char code XD - User-assigned       (00:00.000 / 01:37.770, 1Gb)
Unable to find 3-character code having same country code as ISO 2-char code XE - User-assigned       (00:00.000 / 01:37.770, 1Gb)
Unable to find 3-character code having same country code as ISO 2-char code XF - User-assigned       (00:00.000 / 01:37.771, 1Gb)
Unable to find 3-character code having same country code as ISO 2-char code XG - User-assigned       (00:00.000 / 01:37.771, 1Gb)
Unable to find 3-character code having same country code as ISO 2-char code XH - User-assigned       (00:00.000 / 01:37.771, 1Gb)
Unable to find 3-character code having same country code as ISO 2-char code XI - User-assigned       (00:00.000 / 01:37.772, 1Gb)
Unable to find 3-character code having same country code as ISO 2-char code XJ - User-assigned       (00:00.000 / 01:37.772, 1Gb)
Unable to find 3-character code having same country code as ISO 2-char code XK - Kosovo              (00:00.000 / 01:37.772, 1Gb)
Unable to find 3-character code having same country code as ISO 2-char code XL - User-assigned       (00:00.000 / 01:37.772, 1Gb)
Unable to find 3-character code having same country code as ISO 2-char code XM - User-assigned       (00:00.000 / 01:37.773, 1Gb)
Unable to find 3-character code having same country code as ISO 2-char code XN - User-assigned       (00:00.000 / 01:37.773, 1Gb)
Unable to find 3-character code having same country code as ISO 2-char code XO - User-assigned       (00:00.000 / 01:37.773, 1Gb)
Unable to find 3-character code having same country code as ISO 2-char code XP - User-assigned       (00:00.000 / 01:37.773, 1Gb)
Unable to find 3-character code having same country code as ISO 2-char code XQ - User-assigned       (00:00.000 / 01:37.774, 1Gb)
Unable to find 3-character code having same country code as ISO 2-char code XR - User-assigned       (00:00.000 / 01:37.774, 1Gb)
Unable to find 3-character code having same country code as ISO 2-char code XS - User-assigned       (00:00.000 / 01:37.774, 1Gb)
Unable to find 3-character code having same country code as ISO 2-char code XT - User-assigned       (00:00.000 / 01:37.774, 1Gb)
Unable to find 3-character code having same country code as ISO 2-char code XU - User-assigned       (00:00.000 / 01:37.775, 1Gb)
Unable to find 3-character code having same country code as ISO 2-char code XV - User-assigned       (00:00.000 / 01:37.775, 1Gb)
Unable to find 3-character code having same country code as ISO 2-char code XW - User-assigned       (00:00.000 / 01:37.775, 1Gb)
Unable to find 3-character code having same country code as ISO 2-char code XX - Unknown             (00:00.000 / 01:37.775, 1Gb)
Unable to find 3-character code having same country code as ISO 2-char code XY - User-assigned       (00:00.000 / 01:37.775, 1Gb)
Unable to find 3-character code having same country code as ISO 2-char code XZ - International Waters (00:00.000 / 01:37.776, 1Gb)
Unable to find 3-character code having same country code as ISO 2-char code ZZ - Unknown or Invalid Territory (00:00.000 / 01:37.776, 1Gb)
DB Cumulative Time invested: 00:00:00.986
Sending Usage Stats to Server                                                                        (00:00.054 / 01:37.831, 1Gb)
## Memory (MB): Use = 1630, Free = 1831, Total = 3462, Max = 3998                                    (00:00.001 / 01:37.832, 1Gb)
Reclaiming memory...                                                                                 (00:00.000 / 01:37.833, 1Gb)
## Memory (MB): Use = 1094, Free = 2367, Total = 3462, Max = 3998                                    (00:00.684 / 01:38.517, 1Gb)
Run jekyll: jekyll build --destination "/tmp/ig-builds/ans.fhir.fr.mesures#3.2.0-milestone/output" (in folder /tmp/ig-builds/ans.fhir.fr.mesures#3.2.0-milestone/temp/pages) (00:00.000 / 01:38.518, 1Gb)
Troubleshooting Note: usual cases for Jekyll to fail are:                                            (00:00.000 / 01:38.518, 1Gb)
* A failure to produce a fragment that is already logged in the output above                         (00:00.000 / 01:38.518, 1Gb)
* A reference to a manually edited file that hasn't been provided                                    (00:00.000 / 01:38.518, 1Gb)
Jekyll: Source: /tmp/ig-builds/ans.fhir.fr.mesures#3.2.0-milestone/temp/pages                        (00:00.294 / 01:38.813, 1Gb)
Jekyll: Generating...                                                                                (00:00.000 / 01:38.813, 1Gb)
Jekyll: done in 2.37 seconds.                                                                        (00:02.369 / 01:41.182, 1Gb)
[39m
[0;39m[39mInstalling ans.fhir.fr.mesures#3.2.0
[0;39mChecking Output HTML                                                                                 (00:02.686 / 01:43.869, 1Gb)
Processed /tmp/ig-builds/ans.fhir.fr.mesures#3.2.0-milestone/output - % reduction = 100 (117092633 ==> 464484)
found 1493 files                                                                                     (00:02.358 / 01:46.227, 2Gb)
........................................
........................................
  ... 1493 html files, 0 pages invalid xhtml (0%)                                                    (00:40.170 / 02:26.398, 1Gb)
  ... 548013 links, 17120 broken links (3%)                                                          (00:00.000 / 02:26.399, 1Gb)
Generate fragment-usage-analysis.csv                                                                 (00:00.000 / 02:26.399, 1Gb)
Build final .zip                                                                                     (00:00.006 / 02:26.406, 1Gb)
Final .zip built                                                                                     (00:04.155 / 02:30.561, 3Gb)
Built. Times: loading: 00:03.372, generate: 02:08.223, narrative generation: 00:05.423, realm-rules: 00:00.000, previous-version: 00:00.000, jekyll: 00:02.683, validation: 00:34.259 (#53), template: 00:01.770 (#3) (00:07.654 / 02:38.216, 1Gb)
Generating QA                                                                                        (00:00.000 / 02:38.216, 1Gb)
Internal error in location for message: 'Error @1, 2: Found / expecting a token name', loc = '/tmp/ig-builds/ans.fhir.fr.mesures#3.2.0-milestone/output/comparison-v3.2.0-ballot/index.html', err = 'The html source does not contain the publish box; this is recommended for publishing support'
Internal error in location for message: 'Error @1, 2: Found / expecting a token name', loc = '/tmp/ig-builds/ans.fhir.fr.mesures#3.2.0-milestone/output/comparison-v3.2.0-ballot/sd-mesures-bundle', err = 'The html source has duplicate anchor Ids: cmp-Bundle.link.extension,cmp-Bundle.link.id,cmp-Bundle.li'
Internal error in location for message: 'Error @1, 2: Found / expecting a token name', loc = '/tmp/ig-builds/ans.fhir.fr.mesures#3.2.0-milestone/output/comparison-v3.2.0-ballot/sd-mesures-bundle', err = 'The html source has duplicate anchor Ids: cmp-Bundle.link.extension,cmp-Bundle.link.id,cmp-Bundle.li'
Internal error in location for message: 'Error @1, 2: Found / expecting a token name', loc = '/tmp/ig-builds/ans.fhir.fr.mesures#3.2.0-milestone/output/comparison-v3.2.0-ballot/sd-mesures-fr-obs', err = 'The html source has duplicate anchor Ids: cmp-Observation.referenceRange.age,cmp-Observation.referen'
Internal error in location for message: 'Error @1, 2: Found / expecting a token name', loc = '/tmp/ig-builds/ans.fhir.fr.mesures#3.2.0-milestone/output/comparison-v3.2.0-ballot/sd-mesures-fr-obs', err = 'The html source has duplicate anchor Ids: cmp-Observation.referenceRange.age,cmp-Observation.referen'
Internal error in location for message: 'Error @1, 2: Found / expecting a token name', loc = '/tmp/ig-builds/ans.fhir.fr.mesures#3.2.0-milestone/output/comparison-v3.2.0-ballot/sd-mesures-fr-obs', err = 'The html source has duplicate anchor Ids: cmp-Observation.referenceRange.age,cmp-Observation.referen'
Internal error in location for message: 'Error @1, 2: Found / expecting a token name', loc = '/tmp/ig-builds/ans.fhir.fr.mesures#3.2.0-milestone/output/comparison-v3.2.0-ballot/sd-mesures-fr-obs', err = 'The html source has duplicate anchor Ids: cmp-Observation.referenceRange.age,cmp-Observation.referen'
Internal error in location for message: 'Error @1, 2: Found / expecting a token name', loc = '/tmp/ig-builds/ans.fhir.fr.mesures#3.2.0-milestone/output/comparison-v3.2.0-ballot/sd-mesures-fr-obs', err = 'The html source has duplicate anchor Ids: cmp-Observation.referenceRange.age,cmp-Observation.referen'
Internal error in location for message: 'Error @1, 2: Found / expecting a token name', loc = '/tmp/ig-builds/ans.fhir.fr.mesures#3.2.0-milestone/output/comparison-v3.2.0-ballot/sd-mesures-observ', err = 'The html source has duplicate anchor Ids: cmp-Observation.referenceRange.age,cmp-Observation.referen'
Internal error in location for message: 'Error @1, 2: Found / expecting a token name', loc = '/tmp/ig-builds/ans.fhir.fr.mesures#3.2.0-milestone/output/comparison-v3.2.0-ballot/sd-mesures-observ', err = 'The html source has duplicate anchor Ids: cmp-Observation.referenceRange.age,cmp-Observation.referen'
Internal error in location for message: 'Error @1, 2: Found / expecting a token name', loc = '/tmp/ig-builds/ans.fhir.fr.mesures#3.2.0-milestone/output/comparison-v3.2.0-ballot/sd-mesures-observ', err = 'The html source has duplicate anchor Ids: cmp-Observation.referenceRange.age,cmp-Observation.referen'
Internal error in location for message: 'Error @1, 2: Found / expecting a token name', loc = '/tmp/ig-builds/ans.fhir.fr.mesures#3.2.0-milestone/output/comparison-v3.2.0-ballot/sd-mesures-observ', err = 'The html source has duplicate anchor Ids: cmp-Observation.referenceRange.age,cmp-Observation.referen'
Internal error in location for message: 'Error @1, 2: Found / expecting a token name', loc = '/tmp/ig-builds/ans.fhir.fr.mesures#3.2.0-milestone/output/comparison-v3.2.0-ballot/sd-mesures-observ', err = 'The html source has duplicate anchor Ids: cmp-Observation.referenceRange.age,cmp-Observation.referen'
Internal error in location for message: 'Error @1, 2: Found / expecting a token name', loc = '/tmp/ig-builds/ans.fhir.fr.mesures#3.2.0-milestone/output/comparison-v3.2.0-ballot/sd-mesures-observ', err = 'The html source has duplicate anchor Ids: cmp-Observation.referenceRange.age,cmp-Observation.referen'
Internal error in location for message: 'Error @1, 2: Found / expecting a token name', loc = '/tmp/ig-builds/ans.fhir.fr.mesures#3.2.0-milestone/output/comparison-v3.2.0-ballot/sd-mesures-observ', err = 'The html source has duplicate anchor Ids: cmp-Observation.referenceRange.age,cmp-Observation.referen'
Internal error in location for message: 'Error @1, 2: Found / expecting a token name', loc = '/tmp/ig-builds/ans.fhir.fr.mesures#3.2.0-milestone/output/comparison-v3.2.0-ballot/sd-mesures-observ', err = 'The html source has duplicate anchor Ids: cmp-Observation.referenceRange.age,cmp-Observation.referen'
Internal error in location for message: 'Error @1, 2: Found / expecting a token name', loc = '/tmp/ig-builds/ans.fhir.fr.mesures#3.2.0-milestone/output/flux-alimentation-signes-vitaux.html', err = 'Illegal HTML: illegal html element: OID ()'
Internal error in location for message: 'Error @1, 2: Found / expecting a token name', loc = '/tmp/ig-builds/ans.fhir.fr.mesures#3.2.0-milestone/output/searchform.html#/html/body/div/div/div/a/i', err = 'The <script> containing the javascript '$( document ).ready('... is illegal and not allowed on the H'
Validation output in /tmp/ig-builds/ans.fhir.fr.mesures#3.2.0-milestone/output/qa.html
Errors: 247, Warnings: 140, Info: 57, Broken Links: 17130 (00:02.855 / 02:41.072, 1Gb)
Finished @ 18/02/2026 13:51. Max Memory Used = 3Gb. Log file saved in /tmp/fhir-ig-publisher-tmp.log (00:00.008 / 02:41.080, 1Gb)
Keep a copy of the build directory at /tmp/web-root/run-20260218/ig-build-zips/ans.fhir.fr.mesures#3.2.0.zip

ok. All checks passed. Publish v3.2.0 to /tmp/web-root/run-20260218/mesures/3.2.0
Copy the IG to /tmp/web-root/run-20260218/mesures/3.2.0
Update /tmp/web-root/run-20260218/mesures/package-list.json
Publish Box Statement: This page is part of the Guide d'implémentation FHIR - Mesures de santé (v3.2.0: Release) based on <a data-no-external="true" href="http://hl7.org/fhir/R4">FHIR (HL7® FHIR® Standard) R4</a>. This is the current published version in its permanent home (it will always be available at this URL).  For a full list of available versions, see the <a data-no-external="true" href="https://interop.esante.gouv.fr/ig/fhir/mesures/history.html">Directory of published versions</a>
  .. 371 files checked, 371 updated
  .. 157 clones checked, 314 updated
  .. 53 redirections (53 created/updated)
This is a milestone release - publish v3.2.0 to /tmp/web-root/run-20260218/mesures
Update publish box for version 3.2.0-ballot @ https://interop.esante.gouv.fr/ig/fhir/mesures/3.2.0-ballot
Publish Box Statement: This page is part of the Guide d'implémentation FHIR - Mesures de santé (v3.2.0-ballot: final-text Ballot) based on <a data-no-external="true" href="http://hl7.org/fhir/R4">FHIR (HL7® FHIR® Standard) R4</a>. The current version which supersedes this version is <a data-no-external="true" href="https://interop.esante.gouv.fr/ig/fhir/mesures{{fn}}">3.2.0</a>.  For a full list of available versions, see the <a data-no-external="true" href="https://interop.esante.gouv.fr/ig/fhir/mesures/history.html">Directory of published versions</a>
  .. 371 files checked, 371 updated
  .. 157 clones checked, 0 updated
Building download for /tmp/web-root/run-20260218/mesures/3.2.0-ballot url = https://interop.esante.gouv.fr/ig/fhir/mesures/3.2.0-ballot, canonical = https://interop.esante.gouv.fr/ig/fhir/mesures
  ..............................................
 ..Finished
Update publish box for version 3.1.0 @ https://interop.esante.gouv.fr/ig/fhir/mesures/3.1.0
Publish Box Statement: This page is part of the Guide d'implémentation FHIR - Mesures de santé (v3.1.0: Release) based on <a data-no-external="true" href="http://hl7.org/fhir/R4">FHIR (HL7® FHIR® Standard) R4</a>. The current version which supersedes this version is <a data-no-external="true" href="https://interop.esante.gouv.fr/ig/fhir/mesures{{fn}}">3.2.0</a>.  For a full list of available versions, see the <a data-no-external="true" href="https://interop.esante.gouv.fr/ig/fhir/mesures/history.html">Directory of published versions</a>
  .. 257 files checked, 257 updated
  .. 121 clones checked, 0 updated
Update publish box for version 3.1.0-ballot @ https://interop.esante.gouv.fr/ig/fhir/mesures/3.1.0-ballot
Publish Box Statement: This page is part of the Guide d'implémentation FHIR - Mesures de santé (v3.1.0-ballot: Release) based on <a data-no-external="true" href="http://hl7.org/fhir/R4">FHIR (HL7® FHIR® Standard) R4</a>. The current version which supersedes this version is <a data-no-external="true" href="https://interop.esante.gouv.fr/ig/fhir/mesures{{fn}}">3.2.0</a>.  For a full list of available versions, see the <a data-no-external="true" href="https://interop.esante.gouv.fr/ig/fhir/mesures/history.html">Directory of published versions</a>
  .. 257 files checked, 257 updated
  .. 164 clones checked, 0 updated
Update publish box for version 3.0.1 @ https://interop.esante.gouv.fr/ig/fhir/mesures/3.0.1
Publish Box Statement: This page is part of the Guide d'implémentation FHIR - Mesures de santé (v3.0.1: Release) based on <a data-no-external="true" href="http://hl7.org/fhir/R4">FHIR (HL7® FHIR® Standard) R4</a>. The current version which supersedes this version is <a data-no-external="true" href="https://interop.esante.gouv.fr/ig/fhir/mesures{{fn}}">3.2.0</a>.  For a full list of available versions, see the <a data-no-external="true" href="https://interop.esante.gouv.fr/ig/fhir/mesures/history.html">Directory of published versions</a>
  .. 205 files checked, 205 updated
  .. 104 clones checked, 0 updated
Update publish box for version 3.0.0 @ https://interop.esante.gouv.fr/ig/fhir/mesures/3.0.0
Publish Box Statement: This page is part of the Guide d'implémentation FHIR - Mesures de santé (v3.0.0: draft Ballot) based on <a data-no-external="true" href="http://hl7.org/fhir/R4">FHIR (HL7® FHIR® Standard) R4</a>. The current version which supersedes this version is <a data-no-external="true" href="https://interop.esante.gouv.fr/ig/fhir/mesures{{fn}}">3.2.0</a>.  For a full list of available versions, see the <a data-no-external="true" href="https://interop.esante.gouv.fr/ig/fhir/mesures/history.html">Directory of published versions</a>
  .. 205 files checked, 205 updated
  .. 65 clones checked, 0 updated
Publish Box Statement: This page is part of the Guide d'implémentation FHIR - Mesures de santé (v3.2.0: Release) based on <a data-no-external="true" href="http://hl7.org/fhir/R4">FHIR (HL7® FHIR® Standard) R4</a>. This is the current published version.  For a full list of available versions, see the <a data-no-external="true" href="https://interop.esante.gouv.fr/ig/fhir/mesures/history.html">Directory of published versions</a>
  .. 371 files checked, 371 updated
  .. 157 clones checked, 314 updated
  .. 53 redirections (53 created/updated)
Check for Files to delete
  ... 0 files
Copy to new IG /tmp/web-root/run-20260218/mesures
ans.fhir.fr.mesures (https://interop.esante.gouv.fr/ig/fhir/mesures): Guide d'implémentation FHIR - Mesures de santé @ https://ansforge.github.io/IG-fhir-mesures-de-sante/ig/main
  release: final-text 3.2.0/4.0.1 @ https://interop.esante.gouv.fr/ig/fhir/mesures/3.2.0
Build is complete. Copy from /tmp/web-root/run-20260218
Update history page at /tmp/web-root/run-20260218/mesures from /home/runner/work/IG-fhir-mesures-de-sante/IG-fhir-mesures-de-sante/./IG-website-release/fhir-ig-history-template and ./IG-website-release/templates
