FHIR IG Publisher Version 1.8.22 (Git# 3d9b32f2efa8). Built 2025-03-19T04:54:10.544Z (271 days old)
Detected Java version: 17.0.10 from /opt/hostedtoolcache/Java_Microsoft_jdk/17.0.10/x64 on amd64 (64bit). 4000MB available
dir = /home/runner/work/IG-fhir-medicosocial-suivi-decisions-orientation/IG-fhir-medicosocial-suivi-decisions-orientation, path = /opt/hostedtoolcache/Ruby/3.3.10/x64/bin:/opt/hostedtoolcache/node/20.19.6/x64/bin:/opt/hostedtoolcache/Java_Microsoft_jdk/17.0.10/x64/bin:/snap/bin:/home/runner/.local/bin:/opt/pipx_bin:/home/runner/.cargo/bin:/home/runner/.config/composer/vendor/bin:/usr/local/.ghcup/bin:/home/runner/.dotnet/tools:/usr/local/sbin:/usr/local/bin:/usr/sbin:/usr/bin:/sbin:/bin:/usr/games:/usr/local/games:/snap/bin
Parameters: -go-publish -authorise-non-conformant-tx-servers -source ./igSource -web ./IG-website-release/www/ig/fhir -registry ./IG-website-release/ig-registry/fhir-ig-list.json -history ./IG-website-release/fhir-ig-history-template -templates ./IG-website-release/templates
---------------
Publication Run: publish ./igSource to ./IG-website-release/www/ig/fhir
Relative directory for IG is '/sdo'
===== Web Publication Run Details ===============================
 Source IG: ans.fhir.fr.sdo#4.0.6 : https://interop.esante.gouv.fr/ig/fhir/sdo (R4) from ./igSource
All checks passed. Do the publication build from /home/runner/work/IG-fhir-medicosocial-suivi-decisions-orientation/IG-fhir-medicosocial-suivi-decisions-orientation/./igSource and publish to /tmp/web-root/run-20251215/sdo
Prepare Build space in /tmp/ig-builds/ans.fhir.fr.sdo#4.0.6
Build IG at /home/runner/work/IG-fhir-medicosocial-suivi-decisions-orientation/IG-fhir-medicosocial-suivi-decisions-orientation/./igSource: final copy suitable for publication (in /tmp/ig-builds/ans.fhir.fr.sdo#4.0.6)
FHIR IG Publisher Version 1.8.22 (Git# 3d9b32f2efa8). Built 2025-03-19T04:54:10.544Z (271 days old) 
Detected Java version: 17.0.10 from /opt/hostedtoolcache/Java_Microsoft_jdk/17.0.10/x64 on Linux/amd64 (64bit). 4000MB available
dir = /home/runner/work/IG-fhir-medicosocial-suivi-decisions-orientation/IG-fhir-medicosocial-suivi-decisions-orientation, path = /opt/hostedtoolcache/Ruby/3.3.10/x64/bin:/opt/hostedtoolcache/node/20.19.6/x64/bin:/opt/hostedtoolcache/Java_Microsoft_jdk/17.0.10/x64/bin:/snap/bin:/home/runner/.local/bin:/opt/pipx_bin:/home/runner/.cargo/bin:/home/runner/.config/composer/vendor/bin:/usr/local/.ghcup/bin:/home/runner/.dotnet/tools:/usr/local/sbin:/usr/local/bin:/usr/sbin:/usr/bin:/sbin:/bin:/usr/games:/usr/local/games:/snap/bin
Parameters: -ig /tmp/ig-builds/ans.fhir.fr.sdo#4.0.6 -resetTx -publish https://interop.esante.gouv.fr/ig/fhir/sdo/4.0.6 -no-exit
Character encoding = UTF-8 / UTF-8                                                                  
Start Clock @ Monday, December 15, 2025 at 2:20:40 PM Coordinated Universal Time (2025-12-15T14:20:40Z)
                                                                                                    
Build FHIR IG from /tmp/ig-builds/ans.fhir.fr.sdo#4.0.6                                              (00:00.020 / 00:00.021, 35Mb)
Build Formal Publication package, intended for https://interop.esante.gouv.fr/ig/fhir/sdo/4.0.6      (00:00.002 / 00:00.023, 35Mb)
API keys loaded from /home/runner/.fhir/fhir-settings.json                                           (00:00.000 / 00:00.024, 35Mb)
Package Cache: /home/runner/.fhir/packages                                                           (00:00.003 / 00:00.027, 35Mb)
Run Sushi on /tmp/ig-builds/ans.fhir.fr.sdo#4.0.6                                                    (00:00.001 / 00:00.029, 35Mb)
Sushi: info  Running SUSHI v3.16.5 (implements FHIR Shorthand specification v3.0.0)                  (00:00.712 / 00:00.742, 37Mb)
Sushi: info  Arguments:                                                                              (00:00.001 / 00:00.743, 37Mb)
Sushi: info    --require-latest                                                                      (00:00.000 / 00:00.745, 37Mb)
Sushi: info    --out /tmp/ig-builds/ans.fhir.fr.sdo#4.0.6                                            (00:00.001 / 00:00.745, 37Mb)
Sushi: info    /tmp/ig-builds/ans.fhir.fr.sdo#4.0.6                                                  (00:00.000 / 00:00.746, 37Mb)
Sushi: info  Using configuration file: /tmp/ig-builds/ans.fhir.fr.sdo#4.0.6/sushi-config.yaml        (00:00.852 / 00:01.599, 37Mb)
Sushi: info  Importing FSH text...                                                                   (00:00.107 / 00:01.707, 37Mb)
Sushi: info  Preprocessed 21 documents with 17 aliases.                                              (00:00.177 / 00:01.884, 37Mb)
Sushi: info  Imported 7 definitions and 15 instances.                                                (00:00.016 / 00:01.900, 37Mb)
Sushi: info  Loaded virtual package sushi-r5forR4#1.0.0 with 7 resources                             (00:00.100 / 00:02.004, 37Mb)
Sushi: info  Resolved hl7.fhir.uv.tools.r4#latest to concrete version 0.8.0                          (00:00.489 / 00:02.490, 37Mb)
Sushi: info  Loaded hl7.fhir.uv.tools.r4#0.8.0 with 110 resources                                    (00:00.078 / 00:02.569, 37Mb)
Sushi: info  Resolved hl7.terminology.r4#latest to concrete version 7.0.1                            (00:00.117 / 00:02.686, 37Mb)
Sushi: info  Loaded hl7.terminology.r4#7.0.1 with 4096 resources                                     (00:01.989 / 00:04.676, 37Mb)
Sushi: info  Resolved ans.fr.terminologies#latest to concrete version 1.4.0                          (00:00.114 / 00:04.790, 37Mb)
Sushi: info  Loaded ans.fr.terminologies#1.4.0 with 1050 resources                                   (00:00.543 / 00:05.334, 37Mb)
Sushi: info  Loaded hl7.fhir.uv.extensions.r4#5.2.0 with 759 resources                               (00:00.385 / 00:05.719, 37Mb)
Sushi: info  Loaded hl7.fhir.r4.core#4.0.1 with 4581 resources                                       (00:01.881 / 00:07.601, 37Mb)
Sushi: info  Loaded virtual package sushi-local#LOCAL with 0 resources                               (00:00.011 / 00:07.613, 37Mb)
Sushi: info  Converting FSH to FHIR resources...                                                     (00:00.019 / 00:07.632, 37Mb)
Sushi: info  Converted 5 FHIR StructureDefinitions.                                                  (00:00.987 / 00:08.619, 37Mb)
Sushi: info  Converted 1 FHIR CodeSystems.                                                           (00:00.030 / 00:08.650, 37Mb)
Sushi: info  Converted 1 FHIR ValueSets.                                                             (00:00.021 / 00:08.671, 37Mb)
Sushi: info  Converted 15 FHIR instances.                                                            (00:01.183 / 00:09.855, 37Mb)
Sushi: info  Exporting FHIR resources as JSON...                                                     (00:00.000 / 00:09.855, 37Mb)
Sushi: info  Exported 16 FHIR resources as JSON.                                                     (00:00.030 / 00:09.886, 37Mb)
Sushi: info  Assembling Implementation Guide sources...                                              (00:00.002 / 00:09.888, 37Mb)
Sushi: info  Generated ImplementationGuide-ans.fhir.fr.sdo.json                                      (00:00.030 / 00:09.918, 37Mb)
Sushi: info  Assembled Implementation Guide sources; ready for IG Publisher.                         (00:00.000 / 00:09.919, 37Mb)
Sushi: ========================= SUSHI RESULTS ===========================                           (00:00.000 / 00:09.920, 37Mb)
Sushi: |  -------------------------------------------------------------  |                           (00:00.000 / 00:09.920, 37Mb)
Sushi: | |    Profiles   |  Extensions  |   Logicals   |   Resources   | |                           (00:00.000 / 00:09.921, 37Mb)
Sushi: | |-------------------------------------------------------------| |                           (00:00.000 / 00:09.922, 37Mb)
Sushi: | |       5       |      0       |      0       |       0       | |                           (00:00.000 / 00:09.922, 37Mb)
Sushi: |  -------------------------------------------------------------  |                           (00:00.000 / 00:09.923, 37Mb)
Sushi: |  -------------------------------------------------------------  |                           (00:00.000 / 00:09.924, 37Mb)
Sushi: | |      ValueSets     |    CodeSystems    |     Instances      | |                           (00:00.000 / 00:09.924, 37Mb)
Sushi: | |-------------------------------------------------------------| |                           (00:00.000 / 00:09.925, 37Mb)
Sushi: | |         1          |         1         |         15         | |                           (00:00.000 / 00:09.926, 37Mb)
Sushi: |  -------------------------------------------------------------  |                           (00:00.000 / 00:09.927, 37Mb)
Sushi: |                                                                 |                           (00:00.000 / 00:09.927, 37Mb)
Sushi: ===================================================================                           (00:00.000 / 00:09.928, 37Mb)
Sushi: | Swish! Nothing but fishnet.            0 Errors      0 Warnings |                           (00:00.000 / 00:09.928, 37Mb)
Sushi: ===================================================================                           (00:00.000 / 00:09.929, 37Mb)
Unable to load IG as an r5 IG - try R4 (property code is a class com.google.gson.JsonPrimitive looking for an object) (00:00.444 / 00:10.373, 59Mb)
Load Template from https://github.com/ansforge/IG-template                                           (00:00.435 / 00:10.808, 34Mb)
 Load Template from fhir.base.template#current                                                       (00:00.914 / 00:11.723, 55Mb)
Root directory: /tmp/ig-builds/ans.fhir.fr.sdo#4.0.6                                                 (00:02.850 / 00:14.574, 101Mb)
Terminology Cache is at /tmp/ig-builds/ans.fhir.fr.sdo#4.0.6/input-cache/txcache. Clearing now       (00:00.434 / 00:15.008, 90Mb)
Core Package hl7.fhir.r4.core#4.0.1
Running Terminology Log: /tmp/ohfu-fhir-ig-14646335293809563896.log
Connect to Terminology Server at http://tx.fhir.org                                                  (00:03.219 / 00:18.228, 252Mb)
Load Package hl7.fhir.pubpack#0.2.1
Load Package hl7.fhir.xver-extensions#0.1.0
Load Package hl7.terminology.r4#7.0.1
Load Package hl7.fhir.uv.extensions.r4#5.2.0
Load Package hl7.terminology.r4#6.5.0
Load Package hl7.terminology.r4#5.0.0
Load Package fhir.dicom#2022.4.20221006
Load Package hl7.fhir.uv.ips#1.1.0
Load Package ans.fr.terminologies#1.4.0
Load Package hl7.fhir.uv.extensions.r4#5.2.0
Load Package hl7.fhir.uv.tools.r4#0.4.1
Load R5 Specials
Initialization complete                                                                              (00:07.059 / 00:25.287, 491Mb)
Load Content                                                                                         (00:00.000 / 00:25.288, 491Mb)
Using fr_FR as the default narrative language. (inferred from ImplementationGuide.jurisdiction=FR)   (00:00.062 / 00:25.350, 497Mb)
Process Loaded Resources                                                                             (00:00.508 / 00:25.859, 521Mb)
Generating Snapshots                                                                                 (00:00.217 / 00:26.076, 543Mb)
loadPrePages from FetchedFile[/tmp/ig-builds/ans.fhir.fr.sdo#4.0.6/fsh-generated/includes] as /tmp/ig-builds/ans.fhir.fr.sdo#4.0.6/fsh-generated/includes
loadPrePages from FetchedFile[/tmp/ig-builds/ans.fhir.fr.sdo#4.0.6/input/data] as /tmp/ig-builds/ans.fhir.fr.sdo#4.0.6/input/data
loadPrePages from FetchedFile[/tmp/ig-builds/ans.fhir.fr.sdo#4.0.6/input/pagecontent] as /tmp/ig-builds/ans.fhir.fr.sdo#4.0.6/input/pagecontent
Fetch https://interop.esante.gouv.fr/ig/fhir/sdo/package-list.json for version check                 (00:00.653 / 00:26.730, 513Mb)
Processing Conformance Resources                                                                     (00:00.700 / 00:27.431, 515Mb)
Checking Language                                                                                    (00:00.000 / 00:27.431, 515Mb)
Load Dependency Info                                                                                 (00:00.001 / 00:27.433, 516Mb)
Load Info                                                                                            (00:00.001 / 00:27.434, 516Mb)
Load Paths                                                                                           (00:00.000 / 00:27.435, 517Mb)
Check R4 / R4B                                                                                       (00:00.000 / 00:27.435, 517Mb)
Assign Comparison Ids                                                                                (00:00.006 / 00:27.441, 518Mb)
Propagating status                                                                                   (00:00.000 / 00:27.442, 518Mb)
Generating Narratives                                                                                (00:00.000 / 00:27.442, 518Mb)
Validating Conformance Resources                                                                     (00:01.433 / 00:28.876, 433Mb)
Check profiles & code systems                                                                        (00:06.300 / 00:35.176, 989Mb)
Check realm rules                                                                                    (00:00.001 / 00:35.178, 989Mb)
Previous Version Comparison                                                                          (00:00.000 / 00:35.179, 989Mb)
Validating Resources                                                                                 (00:05.527 / 00:40.706, 875Mb)
Processing Provenance Records                                                                        (00:02.090 / 00:42.797, 992Mb)
Generating Outputs in /tmp/ig-builds/ans.fhir.fr.sdo#4.0.6/output                                    (00:00.000 / 00:42.798, 992Mb)
Generate Native Outputs                                                                              (00:00.083 / 00:42.881, 998Mb)
Run Template                                                                                         (00:01.462 / 00:44.344, 1Gb)
Generate HTML Outputs                                                                                (00:01.617 / 00:45.961, 1Gb)
Generate Spreadsheets                                                                                (00:07.916 / 00:53.878, 1Gb)
Generate Summaries                                                                                   (00:02.328 / 00:56.207, 1Gb)
Generating Summary Outputs                                                                           (00:00.000 / 00:56.207, 1Gb)
ERROR: Unable to populate flag information
DB Cumulative Time invested: 00:00:00.133
Sending Usage Stats to Server                                                                        (00:07.150 / 01:03.358, 1Gb)
## Memory (MB): Use = 1632, Free = 1095, Total = 2728, Max = 4000                                    (00:00.004 / 01:03.362, 1Gb)
Reclaiming memory...                                                                                 (00:00.000 / 01:03.363, 1Gb)
## Memory (MB): Use = 951, Free = 1776, Total = 2728, Max = 4000                                     (00:00.441 / 01:03.805, 952Mb)
Run jekyll: jekyll build --destination "/tmp/ig-builds/ans.fhir.fr.sdo#4.0.6/output" (in folder /tmp/ig-builds/ans.fhir.fr.sdo#4.0.6/temp/pages) (00:00.001 / 01:03.806, 953Mb)
Troubleshooting Note: usual cases for Jekyll to fail are:                                            (00:00.000 / 01:03.807, 953Mb)
* A failure to produce a fragment that is already logged in the output above                         (00:00.000 / 01:03.807, 953Mb)
* A reference to a manually edited file that hasn't been provided                                    (00:00.000 / 01:03.808, 953Mb)
Jekyll: Source: /tmp/ig-builds/ans.fhir.fr.sdo#4.0.6/temp/pages                                      (00:00.511 / 01:04.320, 956Mb)
Jekyll: Generating...                                                                                (00:00.000 / 01:04.323, 956Mb)
Jekyll: done in 1.62 seconds.                                                                        (00:01.619 / 01:05.940, 956Mb)

Installing ans.fhir.fr.sdo#4.0.6
 done.
Checking Output HTML                                                                                 (00:01.423 / 01:07.365, 1Gb)
found 809 files                                                                                      (00:00.005 / 01:07.370, 1Gb)
........................................
........................................
  ... 809 html files, 0 pages invalid xhtml (0%)                                                     (00:05.908 / 01:13.278, 1Gb)
  ... 94896 links, 0 broken links (0%)                                                               (00:00.000 / 01:13.279, 1Gb)
Generate fragment-usage-analysis.csv                                                                 (00:00.000 / 01:13.280, 1Gb)
Build final .zip                                                                                     (00:00.005 / 01:13.286, 1Gb)
Final .zip built                                                                                     (00:01.399 / 01:14.685, 1Gb)
Built. Times: loading: 00:02.141, generate: 00:53.591, narrative generation: 00:01.433, realm-rules: 00:00.000, previous-version: 00:05.511, jekyll: 00:02.148, validation: 00:08.389 (#17), template: 00:01.623 (#3) (00:06.363 / 01:21.049, 1Gb)
Generating QA                                                                                        (00:00.000 / 01:21.050, 1Gb)
Validation output in /tmp/ig-builds/ans.fhir.fr.sdo#4.0.6/output/qa.html
Errors: 1, Warnings: 16, Info: 9, Broken Links: 0 (00:00.563 / 01:21.613, 1Gb)
Finished. Max Memory Used = 1Gb. Log file saved in /tmp/fhir-ig-publisher-tmp.log                    (00:00.005 / 01:21.619, 1Gb)
Prepare Build space in /tmp/ig-builds/ans.fhir.fr.sdo#4.0.6-milestone
Build IG at /home/runner/work/IG-fhir-medicosocial-suivi-decisions-orientation/IG-fhir-medicosocial-suivi-decisions-orientation/./igSource: final copy suitable for publication (in /tmp/ig-builds/ans.fhir.fr.sdo#4.0.6-milestone) (milestone build)
FHIR IG Publisher Version 1.8.22 (Git# 3d9b32f2efa8). Built 2025-03-19T04:54:10.544Z (271 days old) 
Detected Java version: 17.0.10 from /opt/hostedtoolcache/Java_Microsoft_jdk/17.0.10/x64 on Linux/amd64 (64bit). 4000MB available
dir = /home/runner/work/IG-fhir-medicosocial-suivi-decisions-orientation/IG-fhir-medicosocial-suivi-decisions-orientation, path = /opt/hostedtoolcache/Ruby/3.3.10/x64/bin:/opt/hostedtoolcache/node/20.19.6/x64/bin:/opt/hostedtoolcache/Java_Microsoft_jdk/17.0.10/x64/bin:/snap/bin:/home/runner/.local/bin:/opt/pipx_bin:/home/runner/.cargo/bin:/home/runner/.config/composer/vendor/bin:/usr/local/.ghcup/bin:/home/runner/.dotnet/tools:/usr/local/sbin:/usr/local/bin:/usr/sbin:/usr/bin:/sbin:/bin:/usr/games:/usr/local/games:/snap/bin
Parameters: -ig /tmp/ig-builds/ans.fhir.fr.sdo#4.0.6-milestone -publish https://interop.esante.gouv.fr/ig/fhir/sdo/4.0.6 -milestone -no-exit
Character encoding = UTF-8 / UTF-8                                                                  
Start Clock @ Monday, December 15, 2025 at 2:22:03 PM Coordinated Universal Time (2025-12-15T14:22:03Z)
                                                                                                    
Build FHIR IG from /tmp/ig-builds/ans.fhir.fr.sdo#4.0.6-milestone                                    (00:00.002 / 00:00.002, 1Gb)
Build Formal Publication package, intended for https://interop.esante.gouv.fr/ig/fhir/sdo/4.0.6      (00:00.000 / 00:00.002, 1Gb)
API keys loaded from /home/runner/.fhir/fhir-settings.json                                           (00:00.000 / 00:00.003, 1Gb)
Package Cache: /home/runner/.fhir/packages                                                           (00:00.000 / 00:00.003, 1Gb)
Run Sushi on /tmp/ig-builds/ans.fhir.fr.sdo#4.0.6-milestone                                          (00:00.000 / 00:00.003, 1Gb)
Sushi: info  Running SUSHI v3.16.5 (implements FHIR Shorthand specification v3.0.0)                  (00:00.417 / 00:00.421, 1Gb)
Sushi: info  Arguments:                                                                              (00:00.000 / 00:00.421, 1Gb)
Sushi: info    --require-latest                                                                      (00:00.000 / 00:00.421, 1Gb)
Sushi: info    --out /tmp/ig-builds/ans.fhir.fr.sdo#4.0.6-milestone                                  (00:00.000 / 00:00.422, 1Gb)
Sushi: info    /tmp/ig-builds/ans.fhir.fr.sdo#4.0.6-milestone                                        (00:00.000 / 00:00.422, 1Gb)
Sushi: info  Using configuration file: /tmp/ig-builds/ans.fhir.fr.sdo#4.0.6-milestone/sushi-config.yaml (00:00.360 / 00:00.783, 1Gb)
Sushi: info  Importing FSH text...                                                                   (00:00.100 / 00:00.883, 1Gb)
Sushi: info  Preprocessed 21 documents with 17 aliases.                                              (00:00.175 / 00:01.059, 1Gb)
Sushi: info  Imported 7 definitions and 15 instances.                                                (00:00.014 / 00:01.074, 1Gb)
Sushi: info  Loaded virtual package sushi-r5forR4#1.0.0 with 7 resources                             (00:00.102 / 00:01.177, 1Gb)
Sushi: info  Resolved hl7.fhir.uv.tools.r4#latest to concrete version 0.8.0                          (00:00.543 / 00:01.720, 1Gb)
Sushi: info  Loaded hl7.fhir.uv.tools.r4#0.8.0 with 110 resources                                    (00:00.050 / 00:01.771, 1Gb)
Sushi: info  Resolved hl7.terminology.r4#latest to concrete version 7.0.1                            (00:00.117 / 00:01.888, 1Gb)
Sushi: info  Loaded hl7.terminology.r4#7.0.1 with 4096 resources                                     (00:00.942 / 00:02.831, 1Gb)
Sushi: info  Resolved ans.fr.terminologies#latest to concrete version 1.4.0                          (00:00.115 / 00:02.946, 1Gb)
Sushi: info  Loaded ans.fr.terminologies#1.4.0 with 1050 resources                                   (00:00.292 / 00:03.239, 1Gb)
Sushi: info  Loaded hl7.fhir.uv.extensions.r4#5.2.0 with 759 resources                               (00:00.223 / 00:03.462, 1Gb)
Sushi: info  Loaded hl7.fhir.r4.core#4.0.1 with 4581 resources                                       (00:00.897 / 00:04.360, 1Gb)
Sushi: info  Loaded virtual package sushi-local#LOCAL with 0 resources                               (00:00.006 / 00:04.367, 1Gb)
Sushi: info  Converting FSH to FHIR resources...                                                     (00:00.019 / 00:04.387, 1Gb)
Sushi: info  Converted 5 FHIR StructureDefinitions.                                                  (00:01.004 / 00:05.391, 1Gb)
Sushi: info  Converted 1 FHIR CodeSystems.                                                           (00:00.028 / 00:05.420, 1Gb)
Sushi: info  Converted 1 FHIR ValueSets.                                                             (00:00.022 / 00:05.442, 1Gb)
Sushi: info  Converted 15 FHIR instances.                                                            (00:01.156 / 00:06.599, 1Gb)
Sushi: info  Exporting FHIR resources as JSON...                                                     (00:00.000 / 00:06.600, 1Gb)
Sushi: info  Exported 16 FHIR resources as JSON.                                                     (00:00.035 / 00:06.635, 1Gb)
Sushi: info  Assembling Implementation Guide sources...                                              (00:00.001 / 00:06.637, 1Gb)
Sushi: info  Generated ImplementationGuide-ans.fhir.fr.sdo.json                                      (00:00.032 / 00:06.669, 1Gb)
Sushi: info  Assembled Implementation Guide sources; ready for IG Publisher.                         (00:00.000 / 00:06.670, 1Gb)
Sushi: ========================= SUSHI RESULTS ===========================                           (00:00.001 / 00:06.671, 1Gb)
Sushi: |  -------------------------------------------------------------  |                           (00:00.000 / 00:06.671, 1Gb)
Sushi: | |    Profiles   |  Extensions  |   Logicals   |   Resources   | |                           (00:00.000 / 00:06.672, 1Gb)
Sushi: | |-------------------------------------------------------------| |                           (00:00.000 / 00:06.672, 1Gb)
Sushi: | |       5       |      0       |      0       |       0       | |                           (00:00.000 / 00:06.673, 1Gb)
Sushi: |  -------------------------------------------------------------  |                           (00:00.000 / 00:06.673, 1Gb)
Sushi: |  -------------------------------------------------------------  |                           (00:00.000 / 00:06.673, 1Gb)
Sushi: | |      ValueSets     |    CodeSystems    |     Instances      | |                           (00:00.000 / 00:06.674, 1Gb)
Sushi: | |-------------------------------------------------------------| |                           (00:00.000 / 00:06.674, 1Gb)
Sushi: | |         1          |         1         |         15         | |                           (00:00.000 / 00:06.675, 1Gb)
Sushi: |  -------------------------------------------------------------  |                           (00:00.000 / 00:06.675, 1Gb)
Sushi: |                                                                 |                           (00:00.000 / 00:06.675, 1Gb)
Sushi: ===================================================================                           (00:00.000 / 00:06.676, 1Gb)
Sushi: | Ex-clam-ation point!                   0 Errors      0 Warnings |                           (00:00.000 / 00:06.676, 1Gb)
Sushi: ===================================================================                           (00:00.000 / 00:06.676, 1Gb)
Unable to load IG as an r5 IG - try R4 (property code is a class com.google.gson.JsonPrimitive looking for an object) (00:00.014 / 00:06.691, 1Gb)
Load Template from https://github.com/ansforge/IG-template                                           (00:00.018 / 00:06.709, 1Gb)
 Load Template from fhir.base.template#current                                                       (00:00.593 / 00:07.303, 1Gb)
Root directory: /tmp/ig-builds/ans.fhir.fr.sdo#4.0.6-milestone                                       (00:01.422 / 00:08.725, 1Gb)
Terminology Cache is at /tmp/ig-builds/ans.fhir.fr.sdo#4.0.6-milestone/input-cache/txcache. 12 files in cache (00:00.411 / 00:09.137, 1Gb)
Core Package hl7.fhir.r4.core#4.0.1
Running Terminology Log: /tmp/ohfu-fhir-ig-9050377479949586705.log
Connect to Terminology Server at http://tx.fhir.org                                                  (00:01.339 / 00:10.476, 2Gb)
Load Package hl7.fhir.pubpack#0.2.1
Load Package hl7.fhir.xver-extensions#0.1.0
Load Package hl7.terminology.r4#7.0.1
Load Package hl7.fhir.uv.extensions.r4#5.2.0
Load Package hl7.terminology.r4#6.5.0
Load Package hl7.terminology.r4#5.0.0
Load Package fhir.dicom#2022.4.20221006
Load Package hl7.fhir.uv.ips#1.1.0
Load Package ans.fr.terminologies#1.4.0
Load Package hl7.fhir.uv.extensions.r4#5.2.0
Load Package hl7.fhir.uv.tools.r4#0.4.1
Load R5 Specials
Initialization complete                                                                              (00:04.263 / 00:14.739, 2Gb)
Load Content                                                                                         (00:00.000 / 00:14.740, 2Gb)
Using fr_FR as the default narrative language. (inferred from ImplementationGuide.jurisdiction=FR)   (00:00.009 / 00:14.749, 2Gb)
Process Loaded Resources                                                                             (00:00.209 / 00:14.959, 2Gb)
Generating Snapshots                                                                                 (00:00.093 / 00:15.053, 2Gb)
loadPrePages from FetchedFile[/tmp/ig-builds/ans.fhir.fr.sdo#4.0.6-milestone/fsh-generated/includes] as /tmp/ig-builds/ans.fhir.fr.sdo#4.0.6-milestone/fsh-generated/includes
loadPrePages from FetchedFile[/tmp/ig-builds/ans.fhir.fr.sdo#4.0.6-milestone/input/data] as /tmp/ig-builds/ans.fhir.fr.sdo#4.0.6-milestone/input/data
loadPrePages from FetchedFile[/tmp/ig-builds/ans.fhir.fr.sdo#4.0.6-milestone/input/pagecontent] as /tmp/ig-builds/ans.fhir.fr.sdo#4.0.6-milestone/input/pagecontent
Fetch https://interop.esante.gouv.fr/ig/fhir/sdo/package-list.json for version check                 (00:00.472 / 00:15.525, 1Gb)
Processing Conformance Resources                                                                     (00:00.833 / 00:16.359, 1Gb)
Checking Language                                                                                    (00:00.000 / 00:16.359, 1Gb)
Load Dependency Info                                                                                 (00:00.000 / 00:16.360, 1Gb)
Load Info                                                                                            (00:00.000 / 00:16.361, 1Gb)
Load Paths                                                                                           (00:00.000 / 00:16.361, 1Gb)
Check R4 / R4B                                                                                       (00:00.000 / 00:16.361, 1Gb)
Assign Comparison Ids                                                                                (00:00.002 / 00:16.364, 1Gb)
Propagating status                                                                                   (00:00.000 / 00:16.364, 1Gb)
Generating Narratives                                                                                (00:00.000 / 00:16.365, 1Gb)
Validating Conformance Resources                                                                     (00:00.592 / 00:16.957, 1Gb)
Check profiles & code systems                                                                        (00:05.502 / 00:22.459, 1Gb)
Check realm rules                                                                                    (00:00.001 / 00:22.461, 1Gb)
Previous Version Comparison                                                                          (00:00.000 / 00:22.461, 1Gb)
Validating Resources                                                                                 (00:04.330 / 00:26.792, 1Gb)
Processing Provenance Records                                                                        (00:00.153 / 00:26.945, 1Gb)
Generating Outputs in /tmp/ig-builds/ans.fhir.fr.sdo#4.0.6-milestone/output                          (00:00.000 / 00:26.945, 1Gb)
Generate Native Outputs                                                                              (00:00.078 / 00:27.024, 1Gb)
Run Template                                                                                         (00:01.363 / 00:28.388, 2Gb)
Generate HTML Outputs                                                                                (00:01.296 / 00:29.684, 2Gb)
Generate Spreadsheets                                                                                (00:04.953 / 00:34.637, 2Gb)
Generate Summaries                                                                                   (00:01.527 / 00:36.165, 2Gb)
Generating Summary Outputs                                                                           (00:00.000 / 00:36.165, 2Gb)
ERROR: Unable to populate flag information
DB Cumulative Time invested: 00:00:00.126
Sending Usage Stats to Server                                                                        (00:04.699 / 00:40.865, 2Gb)
## Memory (MB): Use = 2734, Free = 913, Total = 3648, Max = 4000                                     (00:00.000 / 00:40.866, 2Gb)
Reclaiming memory...                                                                                 (00:00.000 / 00:40.866, 2Gb)
## Memory (MB): Use = 1874, Free = 1773, Total = 3648, Max = 4000                                    (00:00.817 / 00:41.683, 1Gb)
Run jekyll: jekyll build --destination "/tmp/ig-builds/ans.fhir.fr.sdo#4.0.6-milestone/output" (in folder /tmp/ig-builds/ans.fhir.fr.sdo#4.0.6-milestone/temp/pages) (00:00.000 / 00:41.684, 1Gb)
Troubleshooting Note: usual cases for Jekyll to fail are:                                            (00:00.000 / 00:41.685, 1Gb)
* A failure to produce a fragment that is already logged in the output above                         (00:00.000 / 00:41.685, 1Gb)
* A reference to a manually edited file that hasn't been provided                                    (00:00.000 / 00:41.686, 1Gb)
Jekyll: Source: /tmp/ig-builds/ans.fhir.fr.sdo#4.0.6-milestone/temp/pages                            (00:00.351 / 00:42.037, 1Gb)
Jekyll: Generating...                                                                                (00:00.000 / 00:42.037, 1Gb)
Jekyll: done in 1.548 seconds.                                                                       (00:01.547 / 00:43.585, 1Gb)

Installing ans.fhir.fr.sdo#4.0.6
Checking Output HTML                                                                                 (00:00.611 / 00:44.197, 2Gb)
found 809 files                                                                                      (00:00.003 / 00:44.200, 2Gb)
........................................
........................................
  ... 809 html files, 0 pages invalid xhtml (0%)                                                     (00:03.854 / 00:48.054, 2Gb)
  ... 94896 links, 0 broken links (0%)                                                               (00:00.000 / 00:48.055, 2Gb)
Generate fragment-usage-analysis.csv                                                                 (00:00.000 / 00:48.055, 2Gb)
Build final .zip                                                                                     (00:00.004 / 00:48.060, 2Gb)
Final .zip built                                                                                     (00:01.393 / 00:49.453, 2Gb)
Built. Times: loading: 00:01.618, generate: 00:35.265, narrative generation: 00:00.591, realm-rules: 00:00.000, previous-version: 00:04.323, jekyll: 00:01.914, validation: 00:05.652 (#17), template: 00:01.300 (#3) (00:02.171 / 00:51.625, 2Gb)
Generating QA                                                                                        (00:00.000 / 00:51.626, 2Gb)
Validation output in /tmp/ig-builds/ans.fhir.fr.sdo#4.0.6-milestone/output/qa.html
Errors: 1, Warnings: 16, Info: 9, Broken Links: 0 (00:00.488 / 00:52.115, 2Gb)
Finished. Max Memory Used = 2Gb. Log file saved in /tmp/fhir-ig-publisher-tmp.log                    (00:00.007 / 00:52.122, 2Gb)
Keep a copy of the build directory at /tmp/web-root/run-20251215/ig-build-zips/ans.fhir.fr.sdo#4.0.6.zip

ok. All checks passed. Publish v4.0.6 to /tmp/web-root/run-20251215/sdo/4.0.6
Copy the IG to /tmp/web-root/run-20251215/sdo/4.0.6
Update /tmp/web-root/run-20251215/sdo/package-list.json
Publish Box Statement: This page is part of the Médicosocial - Suivi Décisions Orientation (v4.0.6: Release) based on <a no-external="true" href="http://hl7.org/fhir/R4">FHIR (HL7® FHIR® Standard) R4</a>. This is the current published version in its permanent home (it will always be available at this URL).  For a full list of available versions, see the <a no-external="true" href="https://interop.esante.gouv.fr/ig/fhir/sdo/history.html">Directory of published versions</a>
  .. 127 files checked, 127 updated
  .. 54 clones checked, 104 updated
  .. 17 redirections (17 created/updated)
This is a milestone release - publish v4.0.6 to /tmp/web-root/run-20251215/sdo
Update publish box for version 4.0.5 @ https://interop.esante.gouv.fr/ig/fhir/sdo/4.0.5
Publish Box Statement: This page is part of the Médicosocial - Suivi Décisions Orientation (v4.0.5: Release) based on <a no-external="true" href="http://hl7.org/fhir/R4">FHIR (HL7® FHIR® Standard) R4</a>. The current version which supersedes this version is <a no-external="true" href="https://interop.esante.gouv.fr/ig/fhir/sdo{{fn}}">4.0.6</a>.  For a full list of available versions, see the <a no-external="true" href="https://interop.esante.gouv.fr/ig/fhir/sdo/history.html">Directory of published versions</a>
  .. 141 files checked, 141 updated
  .. 64 clones checked, 0 updated
Building download for /tmp/web-root/run-20251215/sdo/4.0.5 url = https://interop.esante.gouv.fr/ig/fhir/sdo/4.0.5, canonical = https://interop.esante.gouv.fr/ig/fhir/sdo
  ...................
 ..Finished
Update publish box for version 4.0.4 @ https://interop.esante.gouv.fr/ig/fhir/sdo/4.0.4
Publish Box Statement: This page is part of the Médicosocial - Suivi Décisions Orientation (v4.0.4: Release) based on <a no-external="true" href="http://hl7.org/fhir/R4">FHIR (HL7® FHIR® Standard) R4</a>. The current version which supersedes this version is <a no-external="true" href="https://interop.esante.gouv.fr/ig/fhir/sdo{{fn}}">4.0.6</a>.  For a full list of available versions, see the <a no-external="true" href="https://interop.esante.gouv.fr/ig/fhir/sdo/history.html">Directory of published versions</a>
  .. 140 files checked, 140 updated
  .. 63 clones checked, 0 updated
Update publish box for version 4.0.3 @ https://interop.esante.gouv.fr/ig/fhir/sdo/4.0.3
Publish Box Statement: This page is part of the Médicosocial - Suivi Décisions Orientation (v4.0.3: Release) based on <a no-external="true" href="http://hl7.org/fhir/R4">FHIR (HL7® FHIR® Standard) R4</a>. The current version which supersedes this version is <a no-external="true" href="https://interop.esante.gouv.fr/ig/fhir/sdo{{fn}}">4.0.6</a>.  For a full list of available versions, see the <a no-external="true" href="https://interop.esante.gouv.fr/ig/fhir/sdo/history.html">Directory of published versions</a>
  .. 141 files checked, 141 updated
  .. 63 clones checked, 0 updated
Update publish box for version 4.0.3-ballot @ https://interop.esante.gouv.fr/ig/fhir/sdo/4.0.3-ballot
Publish Box Statement: This page is part of the Médicosocial - Suivi Décisions Orientation (v4.0.3-ballot: Release) based on <a no-external="true" href="http://hl7.org/fhir/R4">FHIR (HL7® FHIR® Standard) R4</a>. The current version which supersedes this version is <a no-external="true" href="https://interop.esante.gouv.fr/ig/fhir/sdo{{fn}}">4.0.6</a>.  For a full list of available versions, see the <a no-external="true" href="https://interop.esante.gouv.fr/ig/fhir/sdo/history.html">Directory of published versions</a>
  .. 141 files checked, 141 updated
  .. 63 clones checked, 0 updated
Update publish box for version 4.0.2 @ https://interop.esante.gouv.fr/ig/fhir/sdo/4.0.2
Publish Box Statement: This page is part of the Médicosocial - Suivi Décisions Orientation (v4.0.2: Release) based on <a no-external="true" href="http://hl7.org/fhir/R4">FHIR (HL7® FHIR® Standard) R4</a>. The current version which supersedes this version is <a no-external="true" href="https://interop.esante.gouv.fr/ig/fhir/sdo{{fn}}">4.0.6</a>.  For a full list of available versions, see the <a no-external="true" href="https://interop.esante.gouv.fr/ig/fhir/sdo/history.html">Directory of published versions</a>
  .. 141 files checked, 141 updated
  .. 63 clones checked, 0 updated
Update publish box for version 4.0.2-ballot-3 @ https://interop.esante.gouv.fr/ig/fhir/sdo/4.0.2-ballot-3
Publish Box Statement: This page is part of the Médicosocial - Suivi Décisions Orientation (v4.0.2-ballot-3: Release) based on <a no-external="true" href="http://hl7.org/fhir/R4">FHIR (HL7® FHIR® Standard) R4</a>. The current version which supersedes this version is <a no-external="true" href="https://interop.esante.gouv.fr/ig/fhir/sdo{{fn}}">4.0.6</a>.  For a full list of available versions, see the <a no-external="true" href="https://interop.esante.gouv.fr/ig/fhir/sdo/history.html">Directory of published versions</a>
  .. 130 files checked, 130 updated
  .. 61 clones checked, 0 updated
Update publish box for version 4.0.2-ballot-2 @ https://interop.esante.gouv.fr/ig/fhir/sdo/4.0.2-ballot-2
Publish Box Statement: This page is part of the Médicosocial - Suivi Décisions Orientation (v4.0.2-ballot-2: Release) based on <a no-external="true" href="http://hl7.org/fhir/R4">FHIR (HL7® FHIR® Standard) R4</a>. The current version which supersedes this version is <a no-external="true" href="https://interop.esante.gouv.fr/ig/fhir/sdo{{fn}}">4.0.6</a>.  For a full list of available versions, see the <a no-external="true" href="https://interop.esante.gouv.fr/ig/fhir/sdo/history.html">Directory of published versions</a>
  .. 99 files checked, 99 updated
  .. 47 clones checked, 0 updated
Update publish box for version 4.0.2-ballot @ https://interop.esante.gouv.fr/ig/fhir/sdo/4.0.2-ballot
Publish Box Statement: This page is part of the Médicosocial - Suivi Décisions Orientation (v4.0.2-ballot: Release) based on <a no-external="true" href="http://hl7.org/fhir/R4">FHIR (HL7® FHIR® Standard) R4</a>. The current version which supersedes this version is <a no-external="true" href="https://interop.esante.gouv.fr/ig/fhir/sdo{{fn}}">4.0.6</a>.  For a full list of available versions, see the <a no-external="true" href="https://interop.esante.gouv.fr/ig/fhir/sdo/history.html">Directory of published versions</a>
  .. 126 files checked, 126 updated
  .. 57 clones checked, 0 updated
Update publish box for version 4.0.1 @ https://interop.esante.gouv.fr/ig/fhir/sdo/4.0.1
Publish Box Statement: This page is part of the Médicosocial - Suivi Décisions Orientation (v4.0.1: Release) based on <a no-external="true" href="http://hl7.org/fhir/R4">FHIR (HL7® FHIR® Standard) R4</a>. The current version which supersedes this version is <a no-external="true" href="https://interop.esante.gouv.fr/ig/fhir/sdo{{fn}}">4.0.6</a>.  For a full list of available versions, see the <a no-external="true" href="https://interop.esante.gouv.fr/ig/fhir/sdo/history.html">Directory of published versions</a>
  .. 126 files checked, 126 updated
  .. 41 clones checked, 0 updated
Publish Box Statement: This page is part of the Médicosocial - Suivi Décisions Orientation (v4.0.6: Release) based on <a no-external="true" href="http://hl7.org/fhir/R4">FHIR (HL7® FHIR® Standard) R4</a>. This is the current published version.  For a full list of available versions, see the <a no-external="true" href="https://interop.esante.gouv.fr/ig/fhir/sdo/history.html">Directory of published versions</a>
  .. 127 files checked, 127 updated
  .. 54 clones checked, 104 updated
  .. 17 redirections (17 created/updated)
Check for Files to delete
  ... 0 files
Copy to new IG /tmp/web-root/run-20251215/sdo
ans.fhir.fr.sdo (https://interop.esante.gouv.fr/ig/fhir/sdo): Médicosocial - Suivi Décisions Orientation @ https://ansforge.github.io/IG-fhir-medicosocial-suivi-decisions-orientation/ig/main
  release: trial-implementation 4.0.6/4.0.1 @ https://interop.esante.gouv.fr/ig/fhir/sdo/4.0.6
Build is complete. Copy from /tmp/web-root/run-20251215
Update history page at /tmp/web-root/run-20251215/sdo from /home/runner/work/IG-fhir-medicosocial-suivi-decisions-orientation/IG-fhir-medicosocial-suivi-decisions-orientation/./IG-website-release/fhir-ig-history-template and ./IG-website-release/templates
