FHIR IG Publisher Version 1.6.15 (Git# 125e6bbf891b). Built 2024-07-05T13:14:00.236Z (6 days old)
Detected Java version: 17.0.10 from /opt/hostedtoolcache/Java_Microsoft_jdk/17.0.10/x64 on amd64 (64bit). 3996MB available
dir = /home/runner/work/IG-fhir-annuaire/IG-fhir-annuaire, path = /opt/hostedtoolcache/Ruby/3.3.4/x64/bin:/usr/share/dotnet:/opt/hostedtoolcache/node/20.15.0/x64/bin:/opt/hostedtoolcache/Java_Microsoft_jdk/17.0.10/x64/bin:/snap/bin:/home/runner/.local/bin:/opt/pipx_bin:/home/runner/.cargo/bin:/home/runner/.config/composer/vendor/bin:/usr/local/.ghcup/bin:/home/runner/.dotnet/tools:/usr/local/sbin:/usr/local/bin:/usr/sbin:/usr/bin:/sbin:/bin:/usr/games:/usr/local/games:/snap/bin
Parameters: -go-publish -source ./igSource -web ./IG-website-release/www/ig/fhir -registry ./IG-website-release/ig-registry/fhir-ig-list.json -history ./IG-website-release/fhir-ig-history-template -templates ./IG-website-release/templates
---------------
Publication Run: publish ./igSource to ./IG-website-release/www/ig/fhir
Run Number: 45
Relative directory for IG is '/annuaire'
===== Web Publication Run Details ===============================
 Source IG: ans.fhir.fr.annuaire#1.1.0-snapshot-2 : https://interop.esante.gouv.fr/ig/fhir/annuaire (R4) from ./igSource
All checks passed. Do the publication build from /home/runner/work/IG-fhir-annuaire/IG-fhir-annuaire/./igSource and publish to /tmp/web-root/run-20240712/annuaire
Prepare Build space in /tmp/ans.fhir.fr.annuaire#1.1.0-snapshot-2
Build IG at /home/runner/work/IG-fhir-annuaire/IG-fhir-annuaire/./igSource: final copy suitable for publication (in /tmp/ans.fhir.fr.annuaire#1.1.0-snapshot-2)
FHIR IG Publisher Version 1.6.15 (Git# 125e6bbf891b). Built 2024-07-05T13:14:00.236Z (6 days old)   
Detected Java version: 17.0.10 from /opt/hostedtoolcache/Java_Microsoft_jdk/17.0.10/x64 on Linux/amd64 (64bit). 3996MB available
dir = /home/runner/work/IG-fhir-annuaire/IG-fhir-annuaire, path = /opt/hostedtoolcache/Ruby/3.3.4/x64/bin:/usr/share/dotnet:/opt/hostedtoolcache/node/20.15.0/x64/bin:/opt/hostedtoolcache/Java_Microsoft_jdk/17.0.10/x64/bin:/snap/bin:/home/runner/.local/bin:/opt/pipx_bin:/home/runner/.cargo/bin:/home/runner/.config/composer/vendor/bin:/usr/local/.ghcup/bin:/home/runner/.dotnet/tools:/usr/local/sbin:/usr/local/bin:/usr/sbin:/usr/bin:/sbin:/bin:/usr/games:/usr/local/games:/snap/bin
Parameters: -ig /tmp/ans.fhir.fr.annuaire#1.1.0-snapshot-2 -resetTx -publish https://interop.esante.gouv.fr/ig/fhir/annuaire/1.1.0-snapshot-2 -no-exit
Start Clock @ Friday, July 12, 2024 at 7:30:39 AM Coordinated Universal Time (2024-07-12T07:30:39Z) 
                                                                                                    
Build FHIR IG from /tmp/ans.fhir.fr.annuaire#1.1.0-snapshot-2                                        (00:00.025 / 00:00.026, 138Mb)
Build Formal Publication package, intended for https://interop.esante.gouv.fr/ig/fhir/annuaire/1.1.0-snapshot-2 (00:00.004 / 00:00.030, 138Mb)
API keys loaded from /home/runner/.fhir/fhir-settings.json                                           (00:00.001 / 00:00.031, 138Mb)
Package Cache: /home/runner/.fhir/packages                                                           (00:00.005 / 00:00.037, 138Mb)
Run Sushi on /tmp/ans.fhir.fr.annuaire#1.1.0-snapshot-2                                              (00:00.002 / 00:00.039, 138Mb)
Sushi: info  Running SUSHI v3.11.0 (implements FHIR Shorthand specification v3.0.0-ballot)           (00:00.661 / 00:00.701, 140Mb)
Sushi: info  Arguments:                                                                              (00:00.001 / 00:00.703, 140Mb)
Sushi: info    --require-latest                                                                      (00:00.001 / 00:00.704, 140Mb)
Sushi: info    --out /tmp/ans.fhir.fr.annuaire#1.1.0-snapshot-2                                      (00:00.001 / 00:00.706, 140Mb)
Sushi: info    /tmp/ans.fhir.fr.annuaire#1.1.0-snapshot-2                                            (00:00.001 / 00:00.707, 140Mb)
Sushi: info  Using configuration file: /tmp/ans.fhir.fr.annuaire#1.1.0-snapshot-2/sushi-config.yaml  (00:00.556 / 00:01.264, 140Mb)
Sushi: info  Importing FSH text...                                                                   (00:00.124 / 00:01.388, 140Mb)
Sushi: info  Preprocessed 80 documents with 57 aliases.                                              (00:00.387 / 00:01.775, 140Mb)
Sushi: info  Imported 57 definitions and 30 instances.                                               (00:00.049 / 00:01.825, 140Mb)
Sushi: info  Checking /home/runner/.fhir/packages for hl7.fhir.uv.tools#current...                   (00:00.001 / 00:01.827, 140Mb)
Sushi: info  Found hl7.fhir.uv.tools#current in /home/runner/.fhir/packages.                         (00:00.067 / 00:01.894, 140Mb)
Sushi: info  Loaded package hl7.fhir.uv.tools#current                                                (00:00.426 / 00:02.321, 140Mb)
Sushi: info  Checking /home/runner/.fhir/packages for hl7.terminology.r4#5.5.0...                    (00:00.395 / 00:02.716, 140Mb)
Sushi: info  Found hl7.terminology.r4#5.5.0 in /home/runner/.fhir/packages.                          (00:01.437 / 00:04.154, 140Mb)
Sushi: info  Loaded package hl7.terminology.r4#5.5.0                                                 (00:00.001 / 00:04.155, 140Mb)
Sushi: info  Checking /home/runner/.fhir/packages for hl7.fhir.uv.extensions.r4#5.1.0...             (00:00.096 / 00:04.251, 140Mb)
Sushi: info  Found hl7.fhir.uv.extensions.r4#5.1.0 in /home/runner/.fhir/packages.                   (00:01.016 / 00:05.268, 140Mb)
Sushi: info  Loaded package hl7.fhir.uv.extensions.r4#5.1.0                                          (00:00.001 / 00:05.269, 140Mb)
Sushi: info  Checking /home/runner/.fhir/packages for hl7.fhir.fr.core#current...                    (00:00.000 / 00:05.270, 140Mb)
Sushi: info  Found hl7.fhir.fr.core#current in /home/runner/.fhir/packages.                          (00:00.512 / 00:05.782, 140Mb)
Sushi: info  Loaded package hl7.fhir.fr.core#current                                                 (00:00.106 / 00:05.889, 140Mb)
Sushi: info  Loading supplemental version of FHIR to support extensions from hl7.fhir.extensions.r5  (00:00.001 / 00:05.890, 140Mb)
Sushi: info  Checking /home/runner/.fhir/packages for hl7.fhir.r5.core#5.0.0...                      (00:00.000 / 00:05.891, 140Mb)
Sushi: info  Found hl7.fhir.r5.core#5.0.0 in /home/runner/.fhir/packages.                            (00:01.234 / 00:07.126, 140Mb)
Sushi: info  Loaded package hl7.fhir.r5.core#5.0.0                                                   (00:00.001 / 00:07.127, 140Mb)
Sushi: info  Checking /home/runner/.fhir/packages for ans.fr.nos#1.2.0...                            (00:00.093 / 00:07.221, 140Mb)
Sushi: info  Found ans.fr.nos#1.2.0 in /home/runner/.fhir/packages.                                  (00:00.794 / 00:08.015, 140Mb)
Sushi: info  Loaded package ans.fr.nos#1.2.0                                                         (00:00.001 / 00:08.016, 140Mb)
Sushi: info  Checking /home/runner/.fhir/packages for hl7.fhir.r4.core#4.0.1...                      (00:00.000 / 00:08.017, 140Mb)
Sushi: info  Found hl7.fhir.r4.core#4.0.1 in /home/runner/.fhir/packages.                            (00:02.332 / 00:10.350, 140Mb)
Sushi: info  Loaded package hl7.fhir.r4.core#4.0.1                                                   (00:00.001 / 00:10.351, 140Mb)
Sushi: info  Converting FSH to FHIR resources...                                                     (00:00.038 / 00:10.389, 140Mb)
Sushi: info  Converted 48 FHIR StructureDefinitions.                                                 (00:04.703 / 00:15.093, 140Mb)
Sushi: info  Converted 3 FHIR CodeSystems.                                                           (00:00.034 / 00:15.127, 140Mb)
Sushi: info  Converted 6 FHIR ValueSets.                                                             (00:00.166 / 00:15.294, 140Mb)
Sushi: warn  Sliced element Practitioner.telecom is being accessed via numeric index. Use slice names in rule paths when possible. (00:00.539 / 00:15.833, 140Mb)
Sushi:   File: /tmp/ans.fhir.fr.annuaire#1.1.0-snapshot-2/input/fsh/examples/DP/PP16DP-Practitioner.fsh (00:00.001 / 00:15.835, 140Mb)
Sushi:   Line: 53                                                                                    (00:00.001 / 00:15.836, 140Mb)
Sushi: warn  Sliced element Practitioner.telecom is being accessed via numeric index. Use slice names in rule paths when possible. (00:00.001 / 00:15.837, 140Mb)
Sushi:   File: /tmp/ans.fhir.fr.annuaire#1.1.0-snapshot-2/input/fsh/examples/DP/PP16DP-Practitioner.fsh (00:00.001 / 00:15.839, 140Mb)
Sushi:   Line: 54                                                                                    (00:00.001 / 00:15.840, 140Mb)
Sushi: warn  Sliced element Practitioner.telecom is being accessed via numeric index. Use slice names in rule paths when possible. (00:00.001 / 00:15.841, 140Mb)
Sushi:   File: /tmp/ans.fhir.fr.annuaire#1.1.0-snapshot-2/input/fsh/examples/DP/PP16DP-Practitioner.fsh (00:00.001 / 00:15.842, 140Mb)
Sushi:   Line: 55                                                                                    (00:00.001 / 00:15.844, 140Mb)
Sushi: warn  Sliced element Practitioner.telecom is being accessed via numeric index. Use slice names in rule paths when possible. (00:00.000 / 00:15.845, 140Mb)
Sushi:   File: /tmp/ans.fhir.fr.annuaire#1.1.0-snapshot-2/input/fsh/examples/DP/PP16DP-Practitioner.fsh (00:00.001 / 00:15.846, 140Mb)
Sushi:   Line: 56                                                                                    (00:00.001 / 00:15.847, 140Mb)
Sushi: warn  Sliced element Practitioner.telecom is being accessed via numeric index. Use slice names in rule paths when possible. (00:00.000 / 00:15.848, 140Mb)
Sushi:   File: /tmp/ans.fhir.fr.annuaire#1.1.0-snapshot-2/input/fsh/examples/DP/PP16DP-Practitioner.fsh (00:00.001 / 00:15.849, 140Mb)
Sushi:   Line: 57                                                                                    (00:00.000 / 00:15.850, 140Mb)
Sushi: warn  Sliced element Practitioner.telecom is being accessed via numeric index. Use slice names in rule paths when possible. (00:00.000 / 00:15.851, 140Mb)
Sushi:   File: /tmp/ans.fhir.fr.annuaire#1.1.0-snapshot-2/input/fsh/examples/DP/PP16DP-Practitioner.fsh (00:00.001 / 00:15.852, 140Mb)
Sushi:   Line: 58                                                                                    (00:00.001 / 00:15.853, 140Mb)
Sushi: warn  Sliced element Practitioner.telecom is being accessed via numeric index. Use slice names in rule paths when possible. (00:00.001 / 00:15.854, 140Mb)
Sushi:   File: /tmp/ans.fhir.fr.annuaire#1.1.0-snapshot-2/input/fsh/examples/DP/PP16DP-Practitioner.fsh (00:00.001 / 00:15.856, 140Mb)
Sushi:   Line: 59                                                                                    (00:00.001 / 00:15.857, 140Mb)
Sushi: warn  Sliced element Practitioner.telecom is being accessed via numeric index. Use slice names in rule paths when possible. (00:00.655 / 00:16.512, 140Mb)
Sushi:   File: /tmp/ans.fhir.fr.annuaire#1.1.0-snapshot-2/input/fsh/examples/DP/PP19DP-Practitioner.fsh (00:00.001 / 00:16.514, 140Mb)
Sushi:   Line: 48                                                                                    (00:00.001 / 00:16.515, 140Mb)
Sushi: warn  Sliced element Practitioner.telecom is being accessed via numeric index. Use slice names in rule paths when possible. (00:00.001 / 00:16.516, 140Mb)
Sushi:   File: /tmp/ans.fhir.fr.annuaire#1.1.0-snapshot-2/input/fsh/examples/DP/PP19DP-Practitioner.fsh (00:00.001 / 00:16.518, 140Mb)
Sushi:   Line: 49                                                                                    (00:00.000 / 00:16.519, 140Mb)
Sushi: warn  Sliced element Practitioner.telecom is being accessed via numeric index. Use slice names in rule paths when possible. (00:00.000 / 00:16.519, 140Mb)
Sushi:   File: /tmp/ans.fhir.fr.annuaire#1.1.0-snapshot-2/input/fsh/examples/DP/PP19DP-Practitioner.fsh (00:00.000 / 00:16.520, 140Mb)
Sushi:   Line: 50                                                                                    (00:00.000 / 00:16.521, 140Mb)
Sushi: warn  Sliced element Practitioner.telecom is being accessed via numeric index. Use slice names in rule paths when possible. (00:00.000 / 00:16.522, 140Mb)
Sushi:   File: /tmp/ans.fhir.fr.annuaire#1.1.0-snapshot-2/input/fsh/examples/DP/PP19DP-Practitioner.fsh (00:00.001 / 00:16.524, 140Mb)
Sushi:   Line: 51                                                                                    (00:00.001 / 00:16.525, 140Mb)
Sushi: warn  Sliced element Practitioner.telecom is being accessed via numeric index. Use slice names in rule paths when possible. (00:00.001 / 00:16.526, 140Mb)
Sushi:   File: /tmp/ans.fhir.fr.annuaire#1.1.0-snapshot-2/input/fsh/examples/DP/PP19DP-Practitioner.fsh (00:00.001 / 00:16.527, 140Mb)
Sushi:   Line: 52                                                                                    (00:00.001 / 00:16.528, 140Mb)
Sushi: warn  Sliced element Practitioner.telecom is being accessed via numeric index. Use slice names in rule paths when possible. (00:00.001 / 00:16.529, 140Mb)
Sushi:   File: /tmp/ans.fhir.fr.annuaire#1.1.0-snapshot-2/input/fsh/examples/DP/PP19DP-Practitioner.fsh (00:00.001 / 00:16.531, 140Mb)
Sushi:   Line: 53                                                                                    (00:00.000 / 00:16.531, 140Mb)
Sushi: warn  Sliced element Practitioner.telecom is being accessed via numeric index. Use slice names in rule paths when possible. (00:00.000 / 00:16.532, 140Mb)
Sushi:   File: /tmp/ans.fhir.fr.annuaire#1.1.0-snapshot-2/input/fsh/examples/DP/PP19DP-Practitioner.fsh (00:00.001 / 00:16.533, 140Mb)
Sushi:   Line: 54                                                                                    (00:00.000 / 00:16.534, 140Mb)
Sushi: info  Converted 30 FHIR instances.                                                            (00:02.410 / 00:18.945, 141Mb)
Sushi: info  Exporting FHIR resources as JSON...                                                     (00:00.069 / 00:19.015, 141Mb)
Sushi: info  Exported 87 FHIR resources as JSON.                                                     (00:00.248 / 00:19.263, 141Mb)
Sushi: info  Assembling Implementation Guide sources...                                              (00:00.002 / 00:19.266, 141Mb)
Sushi: info  Generated ImplementationGuide-ans.fhir.fr.annuaire.json                                 (00:00.025 / 00:19.291, 141Mb)
Sushi: info  Assembled Implementation Guide sources; ready for IG Publisher.                         (00:00.001 / 00:19.292, 141Mb)
Sushi: ========================= SUSHI RESULTS ===========================                           (00:00.001 / 00:19.293, 141Mb)
Sushi: |  -------------------------------------------------------------  |                           (00:00.001 / 00:19.294, 141Mb)
Sushi: | |    Profiles   |  Extensions  |   Logicals   |   Resources   | |                           (00:00.000 / 00:19.295, 141Mb)
Sushi: | |-------------------------------------------------------------| |                           (00:00.001 / 00:19.296, 141Mb)
Sushi: | |      24       |      24      |      0       |       0       | |                           (00:00.000 / 00:19.297, 141Mb)
Sushi: |  -------------------------------------------------------------  |                           (00:00.000 / 00:19.298, 141Mb)
Sushi: |  -------------------------------------------------------------  |                           (00:00.000 / 00:19.299, 141Mb)
Sushi: | |      ValueSets     |    CodeSystems    |     Instances      | |                           (00:00.001 / 00:19.300, 141Mb)
Sushi: | |-------------------------------------------------------------| |                           (00:00.001 / 00:19.301, 141Mb)
Sushi: | |         6          |         3         |         30         | |                           (00:00.000 / 00:19.302, 141Mb)
Sushi: |  -------------------------------------------------------------  |                           (00:00.000 / 00:19.303, 141Mb)
Sushi: |                                                                 |                           (00:00.000 / 00:19.304, 141Mb)
Sushi: ===================================================================                           (00:00.001 / 00:19.305, 141Mb)
Sushi: | You're kraken me up.                   0 Errors     14 Warnings |                           (00:00.000 / 00:19.306, 141Mb)
Sushi: ===================================================================                           (00:00.000 / 00:19.307, 141Mb)
Unable to load IG as an r5 IG - try R4 (property code is a class com.google.gson.JsonPrimitive looking for an object) (00:00.527 / 00:19.835, 57Mb)
Load Template from https://github.com/ansforge/IG-template                                           (00:00.504 / 00:20.340, 25Mb)
 Load Template from fhir.base.template#current                                                       (00:01.307 / 00:21.647, 65Mb)

onLoad.findSpreadsheets:

onLoad.updateIg:
     [xslt] Processing /tmp/ans.fhir.fr.annuaire#1.1.0-snapshot-2/template/onLoad-ig-working.xml to /tmp/ans.fhir.fr.annuaire#1.1.0-snapshot-2/template/onLoad-ig-updated.xml
     [xslt] Loading stylesheet /tmp/ans.fhir.fr.annuaire#1.1.0-snapshot-2/template/scripts/onLoad.xslt

onLoad.extend:

onLoad:
Root directory: /tmp/ans.fhir.fr.annuaire#1.1.0-snapshot-2                                           (00:02.866 / 00:24.514, 99Mb)
Terminology Cache is at /tmp/ans.fhir.fr.annuaire#1.1.0-snapshot-2/input-cache/txcache. Clearing now (00:00.863 / 00:25.378, 105Mb)
Core Package hl7.fhir.r4.core#4.0.1
Unable to generate snapshot @2 for Definition from noname because Profile Definition (http://hl7.org/fhir/StructureDefinition/Definition) has no base and no snapshot
Unable to generate snapshot @2 for Event from noname because Profile Event (http://hl7.org/fhir/StructureDefinition/Event) has no base and no snapshot
Unable to generate snapshot @2 for FiveWs from noname because Profile FiveWs (http://hl7.org/fhir/StructureDefinition/FiveWs) has no base and no snapshot
Unable to generate snapshot @2 for Request from noname because Profile Request (http://hl7.org/fhir/StructureDefinition/Request) has no base and no snapshot
Running Terminology Log: /tmp/ohfu-fhir-ig-15977998386509159754.log
Connect to Terminology Server at http://tx.fhir.org                                                  (00:03.782 / 00:29.160, 375Mb)
Load Package hl7.fhir.pubpack#0.1.7
Load Package hl7.fhir.xver-extensions#0.1.0
Load Package hl7.terminology.r4#5.5.0
Load Package hl7.fhir.uv.extensions.r4#5.1.0
Load Package hl7.terminology.r4#5.3.0
Load Package hl7.fhir.uv.extensions.r4#1.0.0
Load Package ans.fr.nos#1.2.0
Load Package hl7.fhir.fr.core#2.0.1
Load Package ans.fr.nos#1.2.0
Version mismatch. This IG is version 4.0.1, while the IG 'hl7.fhir.uv.tools' is from version 5.0.0 (will try to run anyway) (00:07.938 / 00:37.098, 520Mb)
Load Package hl7.fhir.uv.tools#0.2.0
Load R5 Specials
Unable to generate snapshot @2 for Definition from noname because Profile Definition (http://hl7.org/fhir/StructureDefinition/Definition) has no base and no snapshot
Unable to generate snapshot @2 for Event from noname because Profile Event (http://hl7.org/fhir/StructureDefinition/Event) has no base and no snapshot
Unable to generate snapshot @2 for FiveWs from noname because Profile FiveWs (http://hl7.org/fhir/StructureDefinition/FiveWs) has no base and no snapshot
Unable to generate snapshot @2 for Request from noname because Profile Request (http://hl7.org/fhir/StructureDefinition/Request) has no base and no snapshot
Initialization complete                                                                              (00:00.670 / 00:37.769, 832Mb)
Load Content                                                                                         (00:00.000 / 00:37.770, 832Mb)
Using fr_FR as the default narrative language. (inferred from ImplementationGuide.jurisdiction=FR)   (00:00.115 / 00:37.885, 409Mb)
loadPrePages from FetchedFile[/tmp/ans.fhir.fr.annuaire#1.1.0-snapshot-2/fsh-generated/includes] as /tmp/ans.fhir.fr.annuaire#1.1.0-snapshot-2/fsh-generated/includes
loadPrePages from FetchedFile[/tmp/ans.fhir.fr.annuaire#1.1.0-snapshot-2/input/data] as /tmp/ans.fhir.fr.annuaire#1.1.0-snapshot-2/input/data
loadPrePages from FetchedFile[/tmp/ans.fhir.fr.annuaire#1.1.0-snapshot-2/input/pagecontent] as /tmp/ans.fhir.fr.annuaire#1.1.0-snapshot-2/input/pagecontent
Fetch https://interop.esante.gouv.fr/ig/fhir/annuaire/package-list.json for version check            (00:01.289 / 00:39.175, 527Mb)
Processing Conformance Resources                                                                     (00:00.335 / 00:39.511, 532Mb)
Load Dependency Info                                                                                 (00:00.002 / 00:39.513, 532Mb)
Load Info                                                                                            (00:00.001 / 00:39.515, 532Mb)
Load Resources                                                                                       (00:00.001 / 00:39.516, 533Mb)
Load Paths                                                                                           (00:00.443 / 00:39.959, 658Mb)
Generating Snapshots                                                                                 (00:00.001 / 00:39.960, 658Mb)
Check R4 / R4B                                                                                       (00:01.768 / 00:41.729, 841Mb)
Assign Comparison Ids                                                                                (00:00.010 / 00:41.739, 844Mb)
Propagating status                                                                                   (00:00.000 / 00:41.740, 844Mb)
Generating Narratives                                                                                (00:00.000 / 00:41.741, 844Mb)
Validating Conformance Resources                                                                     (00:02.264 / 00:44.006, 666Mb)
Unable to generate snapshot @2 for Definition from noname because Profile Definition (http://hl7.org/fhir/StructureDefinition/Definition) has no base and no snapshot
Unable to generate snapshot @2 for Event from noname because Profile Event (http://hl7.org/fhir/StructureDefinition/Event) has no base and no snapshot
Unable to generate snapshot @2 for FiveWs from noname because Profile FiveWs (http://hl7.org/fhir/StructureDefinition/FiveWs) has no base and no snapshot
Unable to generate snapshot @2 for Request from noname because Profile Request (http://hl7.org/fhir/StructureDefinition/Request) has no base and no snapshot
Check profiles & code systems                                                                        (00:16.465 / 01:00.471, 1Gb)
Check realm rules                                                                                    (00:00.006 / 01:00.478, 1Gb)
Previous Version Comparison                                                                          (00:00.000 / 01:00.479, 1Gb)
Unable to generate snapshot @1 for Definition from noname because Profile Definition (http://hl7.org/fhir/StructureDefinition/Definition) has no base and no snapshot
Unable to generate snapshot @1 for Event from noname because Profile Event (http://hl7.org/fhir/StructureDefinition/Event) has no base and no snapshot
Unable to generate snapshot @1 for FiveWs from noname because Profile FiveWs (http://hl7.org/fhir/StructureDefinition/FiveWs) has no base and no snapshot
Unable to generate snapshot @1 for Request from noname because Profile Request (http://hl7.org/fhir/StructureDefinition/Request) has no base and no snapshot
Validating Resources                                                                                 (00:07.573 / 01:08.052, 1Gb)
Processing Provenance Records                                                                        (00:01.473 / 01:09.526, 1Gb)
Generating Outputs in /tmp/ans.fhir.fr.annuaire#1.1.0-snapshot-2/output                              (00:00.001 / 01:09.527, 1Gb)
Generate Native Outputs                                                                              (00:00.086 / 01:09.613, 1Gb)
Run Template                                                                                         (00:17.269 / 01:26.883, 2Gb)

onGenerate.checkVersions:
     [xslt] Processing /tmp/ans.fhir.fr.annuaire#1.1.0-snapshot-2/template/onGenerate-ig-working.xml to /tmp/ans.fhir.fr.annuaire#1.1.0-snapshot-2/template/versions.txt
     [xslt] Loading stylesheet /tmp/ans.fhir.fr.annuaire#1.1.0-snapshot-2/template/scripts/onGenerate.getVersions.xslt

onGenerate.r5-schemas:
      [get] Getting: http://build.fhir.org/fhir-single.xsd
      [get] To: /tmp/ans.fhir.fr.annuaire#1.1.0-snapshot-2/input-cache/schemas/R5/fhir-single.xsd
      [get] Not modified - so not downloaded
      [get] Getting: http://build.fhir.org/fhir-xhtml.xsd
      [get] To: /tmp/ans.fhir.fr.annuaire#1.1.0-snapshot-2/input-cache/schemas/R5/fhir-xhtml.xsd
      [get] Not modified - so not downloaded
      [get] Getting: http://build.fhir.org/xml.xsd
      [get] To: /tmp/ans.fhir.fr.annuaire#1.1.0-snapshot-2/input-cache/schemas/R5/xml.xsd
      [get] Not modified - so not downloaded
      [get] Getting: http://build.fhir.org/xmldsig-core-schema.xsd
      [get] To: /tmp/ans.fhir.fr.annuaire#1.1.0-snapshot-2/input-cache/schemas/R5/xmldsig-core-schema.xsd
      [get] Not modified - so not downloaded

onGenerate.r4-schemas:
      [get] Getting: http://hl7.org/fhir/R4/fhir-single.xsd
      [get] To: /tmp/ans.fhir.fr.annuaire#1.1.0-snapshot-2/input-cache/schemas/R4/fhir-single.xsd
      [get] Not modified - so not downloaded
      [get] Getting: http://hl7.org/fhir/R4/fhir-xhtml.xsd
      [get] To: /tmp/ans.fhir.fr.annuaire#1.1.0-snapshot-2/input-cache/schemas/R4/fhir-xhtml.xsd
      [get] Not modified - so not downloaded
      [get] Getting: http://hl7.org/fhir/R4/xml.xsd
      [get] To: /tmp/ans.fhir.fr.annuaire#1.1.0-snapshot-2/input-cache/schemas/R4/xml.xsd
      [get] Not modified - so not downloaded
      [get] Getting: http://hl7.org/fhir/R4/xmldsig-core-schema.xsd
      [get] To: /tmp/ans.fhir.fr.annuaire#1.1.0-snapshot-2/input-cache/schemas/R4/xmldsig-core-schema.xsd
      [get] Not modified - so not downloaded

onGenerate.r3-schemas:

onGenerate.r2b-schemas:

onGenerate.r2-schemas:

onGenerate.schemas:

onGenerate.data:
     [xslt] Processing /tmp/ans.fhir.fr.annuaire#1.1.0-snapshot-2/template/onGenerate-ig-working.xml to /tmp/ans.fhir.fr.annuaire#1.1.0-snapshot-2/temp/pages/_data/artifacts.json
     [xslt] Loading stylesheet /tmp/ans.fhir.fr.annuaire#1.1.0-snapshot-2/template/scripts/onGenerate.data.xslt

onGenerate.setup:

onGenerate.infoFile:
     [xslt] Processing /tmp/ans.fhir.fr.annuaire#1.1.0-snapshot-2/template/onGenerate-ig-working.xml to /tmp/ans.fhir.fr.annuaire#1.1.0-snapshot-2/temp/pages/_data/info.json
     [xslt] Loading stylesheet /tmp/ans.fhir.fr.annuaire#1.1.0-snapshot-2/template/scripts/onGenerate.genJson.xslt

onGenerate.processIncludes:
     [copy] Copying 16 files to /tmp/ans.fhir.fr.annuaire#1.1.0-snapshot-2/temp/pages/_includes

onGenerate.processIg:
     [xslt] Processing /tmp/ans.fhir.fr.annuaire#1.1.0-snapshot-2/template/onGenerate-ig-working.xml to /tmp/ans.fhir.fr.annuaire#1.1.0-snapshot-2/template/onGenerate-ig-working.1.xml
     [xslt] Loading stylesheet /tmp/ans.fhir.fr.annuaire#1.1.0-snapshot-2/template/scripts/onGenerate.group.xslt
     [xslt] Processing /tmp/ans.fhir.fr.annuaire#1.1.0-snapshot-2/template/onGenerate-ig-working.1.xml to /tmp/ans.fhir.fr.annuaire#1.1.0-snapshot-2/template/onGenerate-ig-working.2.xml
     [xslt] Loading stylesheet /tmp/ans.fhir.fr.annuaire#1.1.0-snapshot-2/template/scripts/onGenerate.groupSort.xslt
     [xslt] Processing /tmp/ans.fhir.fr.annuaire#1.1.0-snapshot-2/template/onGenerate-ig-working.2.xml to /tmp/ans.fhir.fr.annuaire#1.1.0-snapshot-2/template/onGenerate-ig-updated.xml
     [xslt] Loading stylesheet /tmp/ans.fhir.fr.annuaire#1.1.0-snapshot-2/template/scripts/onGenerate.final.xslt

onGenerate.igQa:
     [xslt] Processing /tmp/ans.fhir.fr.annuaire#1.1.0-snapshot-2/template/onGenerate-ig-updated.xml to /tmp/ans.fhir.fr.annuaire#1.1.0-snapshot-2/template/ongenerate-validation-igqa.json
     [xslt] Loading stylesheet /tmp/ans.fhir.fr.annuaire#1.1.0-snapshot-2/template/scripts/onGenerate.qa.xslt

onGenerate.artifactList:
     [xslt] Processing /tmp/ans.fhir.fr.annuaire#1.1.0-snapshot-2/template/onGenerate-ig-updated.xml to /tmp/ans.fhir.fr.annuaire#1.1.0-snapshot-2/temp/pages/_includes/artifacts.xml
     [xslt] Loading stylesheet /tmp/ans.fhir.fr.annuaire#1.1.0-snapshot-2/template/scripts/createArtifactSummary.xslt

check-plantumlfiles:

onGenerate.plantUml.ig:

onGenerate.plantUml.template:

onGenerate.plantUml:

onGenerate.copyDataFiles:

onGenerate.extend:

onGenerate:
Template Done                                                                                        (00:02.053 / 01:28.936, 2Gb)
Generate HTML Outputs                                                                                (00:00.001 / 01:28.938, 2Gb)
ERROR StatusLogger Log4j2 could not find a logging implementation. Please add log4j-core to the classpath. Using SimpleLogger to log to the console...
Generate Summaries                                                                                   (00:29.399 / 01:58.338, 1Gb)
Generating Summary Outputs                                                                           (00:00.000 / 01:58.339, 1Gb)
DB Cumulative Time invested: 00:00:00.385
Sending Usage Stats to Server                                                                        (00:05.816 / 02:04.155, 2Gb)
## Memory (MB): Use = 2371, Free = 1098, Total = 3470, Max = 3996                                    (00:00.005 / 02:04.161, 2Gb)
Reclaiming memory...                                                                                 (00:00.000 / 02:04.162, 2Gb)
## Memory (MB): Use = 1848, Free = 1621, Total = 3470, Max = 3996                                    (00:00.853 / 02:05.016, 1Gb)
Run jekyll: jekyll build --destination "/tmp/ans.fhir.fr.annuaire#1.1.0-snapshot-2/output" (in folder /tmp/ans.fhir.fr.annuaire#1.1.0-snapshot-2/temp/pages) (00:00.001 / 02:05.017, 1Gb)
Troubleshooting Note: usual cases for Jekyll to fail are:                                            (00:00.001 / 02:05.018, 1Gb)
* A failure to produce a fragment that is already logged in the output above                         (00:00.000 / 02:05.019, 1Gb)
* A reference to a manually edited file that hasn't been provided                                    (00:00.000 / 02:05.020, 1Gb)
Jekyll: Source: /tmp/ans.fhir.fr.annuaire#1.1.0-snapshot-2/temp/pages                                (00:00.517 / 02:05.538, 1Gb)
Jekyll: Generating...                                                                                (00:00.001 / 02:05.539, 1Gb)
Jekyll: done in 3.554 seconds.                                                                       (00:03.552 / 02:09.092, 1Gb)

Installing ans.fhir.fr.annuaire#1.1.0-snapshot-2 done.
Checking Output HTML                                                                                 (00:05.014 / 02:14.106, 2Gb)
found 1763 files                                                                                     (00:00.007 / 02:14.114, 2Gb)
........................................
........................................
  ... 1763 html files, 0 pages invalid xhtml (0%)                                                    (00:24.584 / 02:38.698, 2Gb)
  ... 704048 links, 0 broken links (0%)                                                              (00:00.000 / 02:38.699, 2Gb)
Generate fragment-usage-analysis.csv                                                                 (00:00.000 / 02:38.700, 2Gb)
Build final .zip                                                                                     (00:00.005 / 02:38.705, 2Gb)
Final .zip built                                                                                     (00:04.064 / 02:42.770, 2Gb)
Built. Times: loading: 00:01.739, generate: 02:07.250, narrative generation: 00:02.263, realm-rules: 00:00.000, previous-version: 00:07.532, jekyll: 00:04.110, validation: 00:17.329 (#88), template: 00:02.052 (#3) (00:04.002 / 02:46.773, 2Gb)
Generating QA                                                                                        (00:00.001 / 02:46.774, 2Gb)
Validation output in /tmp/ans.fhir.fr.annuaire#1.1.0-snapshot-2/output/qa.html
Errors: 83, Warnings: 82, Info: 110, Broken Links: 0 (00:03.640 / 02:50.415, 2Gb)
Finished. Max Memory Used = 2Gb. Log file saved in /tmp/fhir-ig-publisher-tmp.log                    (00:00.042 / 02:50.458, 2Gb)
Keep a copy of the build directory at /tmp/web-root/run-20240712/ig-build-zips/ans.fhir.fr.annuaire#1.1.0-snapshot-2.zip

ok. All checks passed. Publish v1.1.0-snapshot-2 to /tmp/web-root/run-20240712/annuaire/1.1.0-snapshot-2
Copy the IG to /tmp/web-root/run-20240712/annuaire/1.1.0-snapshot-2
Update /tmp/web-root/run-20240712/annuaire/package-list.json
Publish Box Statement: This page is part of the Guide d'implémentation FHIR - Annuaire de santé (v1.1.0-snapshot-2: QA Preview) based on <a no-external="true" href="http://hl7.org/fhir/R4">FHIR (HL7® FHIR® Standard) R4</a>. The current version which supersedes this version is <a no-external="true" href="https://interop.esante.gouv.fr/ig/fhir/annuaire{{fn}}">1.0.1</a>.  For a full list of available versions, see the <a no-external="true" href="https://interop.esante.gouv.fr/ig/fhir/annuaire/history.html">Directory of published versions</a>
no html insert in /tmp/web-root/run-20240712/annuaire/1.1.0-snapshot-2/qa-txservers.html
  .. 625 files checked, 625 updated
  .. 303 clones checked, 606 updated
  .. 88 redirections (88 created/updated)
Update history page at /tmp/web-root/run-20240712/annuaire from /home/runner/work/IG-fhir-annuaire/IG-fhir-annuaire/./IG-website-release/fhir-ig-history-template and ./IG-website-release/templates
Build is complete. Copy from /tmp/web-root/run-20240712
ans.fhir.fr.annuaire (https://interop.esante.gouv.fr/ig/fhir/annuaire): Guide d'implémentation FHIR - Annuaire de santé @ https://ansforge.github.io/IG-fhir-annuaire/ig/main
  candidate: trial-use Preview 1.1.0-snapshot-2/4.0.1 @ https://interop.esante.gouv.fr/ig/fhir/annuaire/1.1.0-snapshot-2
