FHIR IG Publisher Version 1.6.14 (Git# 8074c42c0755). Built 2024-07-04T03:47:02.626Z (8 hours old)
Detected Java version: 17.0.10 from /opt/hostedtoolcache/Java_Microsoft_jdk/17.0.10/x64 on amd64 (64bit). 3996MB available
dir = /home/runner/work/IG-fhir-cercle-de-soins/IG-fhir-cercle-de-soins, path = /opt/hostedtoolcache/Ruby/3.3.3/x64/bin:/usr/share/dotnet:/opt/hostedtoolcache/node/20.15.0/x64/bin:/opt/hostedtoolcache/Java_Microsoft_jdk/17.0.10/x64/bin:/snap/bin:/home/runner/.local/bin:/opt/pipx_bin:/home/runner/.cargo/bin:/home/runner/.config/composer/vendor/bin:/usr/local/.ghcup/bin:/home/runner/.dotnet/tools:/usr/local/sbin:/usr/local/bin:/usr/sbin:/usr/bin:/sbin:/bin:/usr/games:/usr/local/games:/snap/bin
Parameters: -go-publish -source ./igSource -web ./IG-website-release/www/ig/fhir -registry ./IG-website-release/ig-registry/fhir-ig-list.json -history ./IG-website-release/fhir-ig-history-template -templates ./IG-website-release/templates
---------------
Publication Run: publish ./igSource to ./IG-website-release/www/ig/fhir
Run Number: 43
Relative directory for IG is '/cds'
===== Web Publication Run Details ===============================
 Source IG: ans.fhir.fr.cds#2.0.0-ballot : https://interop.esante.gouv.fr/ig/fhir/cds (R4) from ./igSource
All checks passed. Do the publication build from /home/runner/work/IG-fhir-cercle-de-soins/IG-fhir-cercle-de-soins/./igSource and publish to /tmp/web-root/run-20240704/cds
Prepare Build space in /tmp/ans.fhir.fr.cds#2.0.0-ballot
Build IG at /home/runner/work/IG-fhir-cercle-de-soins/IG-fhir-cercle-de-soins/./igSource: final copy suitable for publication (in /tmp/ans.fhir.fr.cds#2.0.0-ballot)
FHIR IG Publisher Version 1.6.14 (Git# 8074c42c0755). Built 2024-07-04T03:47:02.626Z (8 hours old)  
Detected Java version: 17.0.10 from /opt/hostedtoolcache/Java_Microsoft_jdk/17.0.10/x64 on Linux/amd64 (64bit). 3996MB available
dir = /home/runner/work/IG-fhir-cercle-de-soins/IG-fhir-cercle-de-soins, path = /opt/hostedtoolcache/Ruby/3.3.3/x64/bin:/usr/share/dotnet:/opt/hostedtoolcache/node/20.15.0/x64/bin:/opt/hostedtoolcache/Java_Microsoft_jdk/17.0.10/x64/bin:/snap/bin:/home/runner/.local/bin:/opt/pipx_bin:/home/runner/.cargo/bin:/home/runner/.config/composer/vendor/bin:/usr/local/.ghcup/bin:/home/runner/.dotnet/tools:/usr/local/sbin:/usr/local/bin:/usr/sbin:/usr/bin:/sbin:/bin:/usr/games:/usr/local/games:/snap/bin
Parameters: -ig /tmp/ans.fhir.fr.cds#2.0.0-ballot -resetTx -publish https://interop.esante.gouv.fr/ig/fhir/cds/2.0.0-ballot -no-exit
Start Clock @ Thursday, July 4, 2024 at 12:04:52 PM Coordinated Universal Time (2024-07-04T12:04:52Z)
                                                                                                    
Build FHIR IG from /tmp/ans.fhir.fr.cds#2.0.0-ballot                                                 (00:00.043 / 00:00.044, 51Mb)
Build Formal Publication package, intended for https://interop.esante.gouv.fr/ig/fhir/cds/2.0.0-ballot (00:00.004 / 00:00.047, 51Mb)
API keys loaded from /home/runner/.fhir/fhir-settings.json                                           (00:00.001 / 00:00.049, 51Mb)
Package Cache: /home/runner/.fhir/packages                                                           (00:00.003 / 00:00.052, 51Mb)
Run Sushi on /tmp/ans.fhir.fr.cds#2.0.0-ballot                                                       (00:00.002 / 00:00.054, 51Mb)
Sushi: info  Running SUSHI v3.11.0 (implements FHIR Shorthand specification v3.0.0-ballot)           (00:00.746 / 00:00.801, 53Mb)
Sushi: info  Arguments:                                                                              (00:00.001 / 00:00.803, 53Mb)
Sushi: info    --require-latest                                                                      (00:00.001 / 00:00.804, 53Mb)
Sushi: info    --out /tmp/ans.fhir.fr.cds#2.0.0-ballot                                               (00:00.001 / 00:00.805, 53Mb)
Sushi: info    /tmp/ans.fhir.fr.cds#2.0.0-ballot                                                     (00:00.001 / 00:00.807, 53Mb)
Sushi: info  Using configuration file: /tmp/ans.fhir.fr.cds#2.0.0-ballot/sushi-config.yaml           (00:00.469 / 00:01.276, 53Mb)
Sushi: info  Importing FSH text...                                                                   (00:00.120 / 00:01.397, 53Mb)
Sushi: info  Preprocessed 24 documents with 6 aliases.                                               (00:00.220 / 00:01.618, 53Mb)
Sushi: info  Imported 7 definitions and 15 instances.                                                (00:00.018 / 00:01.636, 53Mb)
Sushi: info  Checking /home/runner/.fhir/packages for hl7.fhir.uv.tools#current...                   (00:00.001 / 00:01.638, 53Mb)
Sushi: info  Found hl7.fhir.uv.tools#current in /home/runner/.fhir/packages.                         (00:00.093 / 00:01.732, 53Mb)
Sushi: info  Loaded package hl7.fhir.uv.tools#current                                                (00:00.264 / 00:01.996, 53Mb)
Sushi: info  Checking /home/runner/.fhir/packages for hl7.terminology.r4#5.5.0...                    (00:00.563 / 00:02.560, 53Mb)
Sushi: info  Found hl7.terminology.r4#5.5.0 in /home/runner/.fhir/packages.                          (00:00.594 / 00:03.155, 53Mb)
Sushi: info  Loaded package hl7.terminology.r4#5.5.0                                                 (00:00.001 / 00:03.156, 53Mb)
Sushi: info  Checking /home/runner/.fhir/packages for hl7.fhir.uv.extensions.r4#5.1.0...             (00:00.101 / 00:03.258, 53Mb)
Sushi: info  Found hl7.fhir.uv.extensions.r4#5.1.0 in /home/runner/.fhir/packages.                   (00:00.480 / 00:03.738, 53Mb)
Sushi: info  Loaded package hl7.fhir.uv.extensions.r4#5.1.0                                          (00:00.001 / 00:03.740, 53Mb)
Sushi: info  Checking /home/runner/.fhir/packages for ans.fhir.fr.annuaire#1.0.1...                  (00:00.001 / 00:03.741, 53Mb)
Sushi: info  Found ans.fhir.fr.annuaire#1.0.1 in /home/runner/.fhir/packages.                        (00:00.480 / 00:04.222, 53Mb)
Sushi: info  Loaded package ans.fhir.fr.annuaire#1.0.1                                               (00:00.001 / 00:04.223, 53Mb)
Sushi: info  Checking /home/runner/.fhir/packages for hl7.fhir.fr.core#2.0.1...                      (00:00.001 / 00:04.225, 53Mb)
Sushi: info  Found hl7.fhir.fr.core#2.0.1 in /home/runner/.fhir/packages.                            (00:00.525 / 00:04.750, 53Mb)
Sushi: info  Loaded package hl7.fhir.fr.core#2.0.1                                                   (00:00.001 / 00:04.752, 53Mb)
Sushi: info  Checking /home/runner/.fhir/packages for ans.fr.nos#1.2.0...                            (00:00.098 / 00:04.850, 53Mb)
Sushi: info  Found ans.fr.nos#1.2.0 in /home/runner/.fhir/packages.                                  (00:00.712 / 00:05.563, 53Mb)
Sushi: info  Loaded package ans.fr.nos#1.2.0                                                         (00:00.001 / 00:05.564, 53Mb)
Sushi: info  Checking /home/runner/.fhir/packages for hl7.fhir.r4.core#4.0.1...                      (00:00.000 / 00:05.565, 53Mb)
Sushi: info  Found hl7.fhir.r4.core#4.0.1 in /home/runner/.fhir/packages.                            (00:01.329 / 00:06.894, 53Mb)
Sushi: info  Loaded package hl7.fhir.r4.core#4.0.1                                                   (00:00.001 / 00:06.896, 53Mb)
Sushi: info  Converting FSH to FHIR resources...                                                     (00:00.043 / 00:06.939, 53Mb)
Sushi: info  Converted 6 FHIR StructureDefinitions.                                                  (00:00.945 / 00:07.885, 53Mb)
Sushi: info  Converted 1 FHIR ValueSets.                                                             (00:00.014 / 00:07.899, 53Mb)
Sushi: info  Converted 15 FHIR instances.                                                            (00:00.909 / 00:08.808, 53Mb)
Sushi: info  Exporting FHIR resources as JSON...                                                     (00:00.001 / 00:08.810, 53Mb)
Sushi: info  Exported 22 FHIR resources as JSON.                                                     (00:00.069 / 00:08.880, 53Mb)
Sushi: info  Assembling Implementation Guide sources...                                              (00:00.001 / 00:08.881, 53Mb)
Sushi: info  Generated ImplementationGuide-ans.fhir.fr.cds.json                                      (00:00.025 / 00:08.907, 53Mb)
Sushi: info  Assembled Implementation Guide sources; ready for IG Publisher.                         (00:00.001 / 00:08.908, 53Mb)
Sushi: ========================= SUSHI RESULTS ===========================                           (00:00.001 / 00:08.910, 53Mb)
Sushi: |  -------------------------------------------------------------  |                           (00:00.000 / 00:08.911, 53Mb)
Sushi: | |    Profiles   |  Extensions  |   Logicals   |   Resources   | |                           (00:00.000 / 00:08.912, 53Mb)
Sushi: | |-------------------------------------------------------------| |                           (00:00.001 / 00:08.913, 53Mb)
Sushi: | |       6       |      0       |      0       |       0       | |                           (00:00.000 / 00:08.913, 53Mb)
Sushi: |  -------------------------------------------------------------  |                           (00:00.000 / 00:08.914, 53Mb)
Sushi: |  -------------------------------------------------------------  |                           (00:00.000 / 00:08.915, 53Mb)
Sushi: | |      ValueSets     |    CodeSystems    |     Instances      | |                           (00:00.000 / 00:08.916, 53Mb)
Sushi: | |-------------------------------------------------------------| |                           (00:00.000 / 00:08.917, 53Mb)
Sushi: | |         1          |         0         |         15         | |                           (00:00.001 / 00:08.918, 53Mb)
Sushi: |  -------------------------------------------------------------  |                           (00:00.000 / 00:08.919, 53Mb)
Sushi: |                                                                 |                           (00:00.000 / 00:08.920, 53Mb)
Sushi: ===================================================================                           (00:00.001 / 00:08.921, 53Mb)
Sushi: | That was a big fish to fry!            0 Errors      0 Warnings |                           (00:00.001 / 00:08.922, 53Mb)
Sushi: ===================================================================                           (00:00.001 / 00:08.924, 53Mb)
Unable to load IG as an r5 IG - try R4 (property code is a class com.google.gson.JsonPrimitive looking for an object) (00:00.498 / 00:09.422, 55Mb)
Load Template from https://github.com/ansforge/IG-template                                           (00:00.453 / 00:09.876, 68Mb)
 Load Template from fhir.base.template#current                                                       (00:00.829 / 00:10.705, 59Mb)

onLoad.findSpreadsheets:

onLoad.updateIg:
     [xslt] Processing /tmp/ans.fhir.fr.cds#2.0.0-ballot/template/onLoad-ig-working.xml to /tmp/ans.fhir.fr.cds#2.0.0-ballot/template/onLoad-ig-updated.xml
     [xslt] Loading stylesheet /tmp/ans.fhir.fr.cds#2.0.0-ballot/template/scripts/onLoad.xslt

onLoad.extend:

onLoad:
Root directory: /tmp/ans.fhir.fr.cds#2.0.0-ballot                                                    (00:03.189 / 00:13.894, 86Mb)
Terminology Cache is at /tmp/ans.fhir.fr.cds#2.0.0-ballot/input-cache/txcache. Clearing now          (00:00.384 / 00:14.278, 102Mb)
Core Package hl7.fhir.r4.core#4.0.1
Unable to generate snapshot @2 for Definition from noname because Profile Definition (http://hl7.org/fhir/StructureDefinition/Definition) has no base and no snapshot
Unable to generate snapshot @2 for Event from noname because Profile Event (http://hl7.org/fhir/StructureDefinition/Event) has no base and no snapshot
Unable to generate snapshot @2 for FiveWs from noname because Profile FiveWs (http://hl7.org/fhir/StructureDefinition/FiveWs) has no base and no snapshot
Unable to generate snapshot @2 for Request from noname because Profile Request (http://hl7.org/fhir/StructureDefinition/Request) has no base and no snapshot
Running Terminology Log: /tmp/ohfu-fhir-ig-4308144439305935987.log
Connect to Terminology Server at http://tx.fhir.org                                                  (00:02.521 / 00:16.799, 516Mb)
Load Package hl7.fhir.pubpack#0.1.7
Load Package hl7.fhir.xver-extensions#0.1.0
Load Package hl7.terminology.r4#5.5.0
Load Package hl7.fhir.uv.extensions.r4#5.1.0
Load Package hl7.fhir.uv.extensions.r4#1.0.0
Load Package hl7.terminology.r4#5.3.0
Load Package ans.fr.nos#1.2.0
Load Package hl7.fhir.fr.core#2.0.1
Load Package ans.fhir.fr.annuaire#1.0.1
Load Package hl7.fhir.fr.core#2.0.1
Load Package ans.fr.nos#1.2.0
Version mismatch. This IG is version 4.0.1, while the IG 'hl7.fhir.uv.tools' is from version 5.0.0 (will try to run anyway) (00:06.572 / 00:23.372, 571Mb)
Load Package hl7.fhir.uv.tools#0.2.0
Load R5 Specials
Unable to generate snapshot @2 for Definition from noname because Profile Definition (http://hl7.org/fhir/StructureDefinition/Definition) has no base and no snapshot
Unable to generate snapshot @2 for Event from noname because Profile Event (http://hl7.org/fhir/StructureDefinition/Event) has no base and no snapshot
Unable to generate snapshot @2 for FiveWs from noname because Profile FiveWs (http://hl7.org/fhir/StructureDefinition/FiveWs) has no base and no snapshot
Unable to generate snapshot @2 for Request from noname because Profile Request (http://hl7.org/fhir/StructureDefinition/Request) has no base and no snapshot
Initialization complete                                                                              (00:00.532 / 00:23.904, 884Mb)
Load Content                                                                                         (00:00.000 / 00:23.905, 884Mb)
Using fr_FR as the default narrative language. (inferred from ImplementationGuide.jurisdiction=FR)   (00:00.054 / 00:23.960, 890Mb)
loadPrePages from FetchedFile[/tmp/ans.fhir.fr.cds#2.0.0-ballot/fsh-generated/includes] as /tmp/ans.fhir.fr.cds#2.0.0-ballot/fsh-generated/includes
loadPrePages from FetchedFile[/tmp/ans.fhir.fr.cds#2.0.0-ballot/input/data] as /tmp/ans.fhir.fr.cds#2.0.0-ballot/input/data
loadPrePages from FetchedFile[/tmp/ans.fhir.fr.cds#2.0.0-ballot/input/pagecontent] as /tmp/ans.fhir.fr.cds#2.0.0-ballot/input/pagecontent
Fetch https://interop.esante.gouv.fr/ig/fhir/cds/package-list.json for version check                 (00:00.619 / 00:24.580, 922Mb)
Processing Conformance Resources                                                                     (00:00.328 / 00:24.908, 924Mb)
Load Dependency Info                                                                                 (00:00.001 / 00:24.910, 924Mb)
Load Info                                                                                            (00:00.001 / 00:24.912, 924Mb)
Load Resources                                                                                       (00:00.001 / 00:24.913, 925Mb)
Load Paths                                                                                           (00:00.196 / 00:25.110, 496Mb)
Generating Snapshots                                                                                 (00:00.001 / 00:25.111, 496Mb)
Check R4 / R4B                                                                                       (00:00.898 / 00:26.010, 552Mb)
Assign Comparison Ids                                                                                (00:00.006 / 00:26.016, 554Mb)
Propagating status                                                                                   (00:00.000 / 00:26.017, 554Mb)
Generating Narratives                                                                                (00:00.000 / 00:26.018, 554Mb)
Validating Conformance Resources                                                                     (00:01.907 / 00:27.925, 827Mb)
Unable to generate snapshot @2 for Definition from noname because Profile Definition (http://hl7.org/fhir/StructureDefinition/Definition) has no base and no snapshot
Unable to generate snapshot @2 for Event from noname because Profile Event (http://hl7.org/fhir/StructureDefinition/Event) has no base and no snapshot
Unable to generate snapshot @2 for FiveWs from noname because Profile FiveWs (http://hl7.org/fhir/StructureDefinition/FiveWs) has no base and no snapshot
Unable to generate snapshot @2 for Request from noname because Profile Request (http://hl7.org/fhir/StructureDefinition/Request) has no base and no snapshot
Check profiles & code systems                                                                        (00:16.692 / 00:44.617, 1Gb)
Check realm rules                                                                                    (00:00.003 / 00:44.621, 1Gb)
Previous Version Comparison                                                                          (00:00.001 / 00:44.622, 1Gb)
Validating Resources                                                                                 (00:00.036 / 00:44.659, 1Gb)
Processing Provenance Records                                                                        (00:00.880 / 00:45.540, 1Gb)
Generating Outputs in /tmp/ans.fhir.fr.cds#2.0.0-ballot/output                                       (00:00.001 / 00:45.541, 1Gb)
Generate Native Outputs                                                                              (00:00.131 / 00:45.672, 1Gb)
Run Template                                                                                         (00:06.293 / 00:51.965, 1Gb)

onGenerate.checkVersions:
     [xslt] Processing /tmp/ans.fhir.fr.cds#2.0.0-ballot/template/onGenerate-ig-working.xml to /tmp/ans.fhir.fr.cds#2.0.0-ballot/template/versions.txt
     [xslt] Loading stylesheet /tmp/ans.fhir.fr.cds#2.0.0-ballot/template/scripts/onGenerate.getVersions.xslt

onGenerate.r5-schemas:
      [get] Getting: http://build.fhir.org/fhir-single.xsd
      [get] To: /tmp/ans.fhir.fr.cds#2.0.0-ballot/input-cache/schemas/R5/fhir-single.xsd
      [get] Not modified - so not downloaded
      [get] Getting: http://build.fhir.org/fhir-xhtml.xsd
      [get] To: /tmp/ans.fhir.fr.cds#2.0.0-ballot/input-cache/schemas/R5/fhir-xhtml.xsd
      [get] Not modified - so not downloaded
      [get] Getting: http://build.fhir.org/xml.xsd
      [get] To: /tmp/ans.fhir.fr.cds#2.0.0-ballot/input-cache/schemas/R5/xml.xsd
      [get] Not modified - so not downloaded
      [get] Getting: http://build.fhir.org/xmldsig-core-schema.xsd
      [get] To: /tmp/ans.fhir.fr.cds#2.0.0-ballot/input-cache/schemas/R5/xmldsig-core-schema.xsd
      [get] Not modified - so not downloaded

onGenerate.r4-schemas:
      [get] Getting: http://hl7.org/fhir/R4/fhir-single.xsd
      [get] To: /tmp/ans.fhir.fr.cds#2.0.0-ballot/input-cache/schemas/R4/fhir-single.xsd
      [get] Not modified - so not downloaded
      [get] Getting: http://hl7.org/fhir/R4/fhir-xhtml.xsd
      [get] To: /tmp/ans.fhir.fr.cds#2.0.0-ballot/input-cache/schemas/R4/fhir-xhtml.xsd
      [get] Not modified - so not downloaded
      [get] Getting: http://hl7.org/fhir/R4/xml.xsd
      [get] To: /tmp/ans.fhir.fr.cds#2.0.0-ballot/input-cache/schemas/R4/xml.xsd
      [get] Not modified - so not downloaded
      [get] Getting: http://hl7.org/fhir/R4/xmldsig-core-schema.xsd
      [get] To: /tmp/ans.fhir.fr.cds#2.0.0-ballot/input-cache/schemas/R4/xmldsig-core-schema.xsd
      [get] Not modified - so not downloaded

onGenerate.r3-schemas:

onGenerate.r2b-schemas:

onGenerate.r2-schemas:

onGenerate.schemas:

onGenerate.data:
     [xslt] Processing /tmp/ans.fhir.fr.cds#2.0.0-ballot/template/onGenerate-ig-working.xml to /tmp/ans.fhir.fr.cds#2.0.0-ballot/temp/pages/_data/artifacts.json
     [xslt] Loading stylesheet /tmp/ans.fhir.fr.cds#2.0.0-ballot/template/scripts/onGenerate.data.xslt

onGenerate.setup:

onGenerate.infoFile:
     [xslt] Processing /tmp/ans.fhir.fr.cds#2.0.0-ballot/template/onGenerate-ig-working.xml to /tmp/ans.fhir.fr.cds#2.0.0-ballot/temp/pages/_data/info.json
     [xslt] Loading stylesheet /tmp/ans.fhir.fr.cds#2.0.0-ballot/template/scripts/onGenerate.genJson.xslt

onGenerate.processIncludes:
     [copy] Copying 16 files to /tmp/ans.fhir.fr.cds#2.0.0-ballot/temp/pages/_includes

onGenerate.processIg:
     [xslt] Processing /tmp/ans.fhir.fr.cds#2.0.0-ballot/template/onGenerate-ig-working.xml to /tmp/ans.fhir.fr.cds#2.0.0-ballot/template/onGenerate-ig-working.1.xml
     [xslt] Loading stylesheet /tmp/ans.fhir.fr.cds#2.0.0-ballot/template/scripts/onGenerate.group.xslt
     [xslt] Processing /tmp/ans.fhir.fr.cds#2.0.0-ballot/template/onGenerate-ig-working.1.xml to /tmp/ans.fhir.fr.cds#2.0.0-ballot/template/onGenerate-ig-working.2.xml
     [xslt] Loading stylesheet /tmp/ans.fhir.fr.cds#2.0.0-ballot/template/scripts/onGenerate.groupSort.xslt
     [xslt] Processing /tmp/ans.fhir.fr.cds#2.0.0-ballot/template/onGenerate-ig-working.2.xml to /tmp/ans.fhir.fr.cds#2.0.0-ballot/template/onGenerate-ig-updated.xml
     [xslt] Loading stylesheet /tmp/ans.fhir.fr.cds#2.0.0-ballot/template/scripts/onGenerate.final.xslt

onGenerate.igQa:
     [xslt] Processing /tmp/ans.fhir.fr.cds#2.0.0-ballot/template/onGenerate-ig-updated.xml to /tmp/ans.fhir.fr.cds#2.0.0-ballot/template/ongenerate-validation-igqa.json
     [xslt] Loading stylesheet /tmp/ans.fhir.fr.cds#2.0.0-ballot/template/scripts/onGenerate.qa.xslt

onGenerate.artifactList:
     [xslt] Processing /tmp/ans.fhir.fr.cds#2.0.0-ballot/template/onGenerate-ig-updated.xml to /tmp/ans.fhir.fr.cds#2.0.0-ballot/temp/pages/_includes/artifacts.xml
     [xslt] Loading stylesheet /tmp/ans.fhir.fr.cds#2.0.0-ballot/template/scripts/createArtifactSummary.xslt

check-plantumlfiles:

onGenerate.plantUml.ig:

onGenerate.plantUml.template:

onGenerate.plantUml:

onGenerate.copyDataFiles:

onGenerate.extend:

onGenerate:
Template Done                                                                                        (00:01.762 / 00:53.727, 1Gb)
Generate HTML Outputs                                                                                (00:00.000 / 00:53.728, 1Gb)
ERROR StatusLogger Log4j2 could not find a logging implementation. Please add log4j-core to the classpath. Using SimpleLogger to log to the console...
Generate Summaries                                                                                   (00:16.377 / 01:10.106, 1Gb)
Generating Summary Outputs                                                                           (00:00.001 / 01:10.107, 1Gb)
DB Cumulative Time invested: 00:00:00.170
Sending Usage Stats to Server                                                                        (00:05.842 / 01:15.949, 2Gb)
## Memory (MB): Use = 2415, Free = 774, Total = 3190, Max = 3996                                     (00:00.004 / 01:15.953, 2Gb)
Reclaiming memory...                                                                                 (00:00.000 / 01:15.954, 2Gb)
## Memory (MB): Use = 1237, Free = 1952, Total = 3190, Max = 3996                                    (00:00.592 / 01:16.547, 1Gb)
Run jekyll: jekyll build --destination "/tmp/ans.fhir.fr.cds#2.0.0-ballot/output" (in folder /tmp/ans.fhir.fr.cds#2.0.0-ballot/temp/pages) (00:00.001 / 01:16.548, 1Gb)
Troubleshooting Note: usual cases for Jekyll to fail are:                                            (00:00.001 / 01:16.549, 1Gb)
* A failure to produce a fragment that is already logged in the output above                         (00:00.000 / 01:16.550, 1Gb)
* A reference to a manually edited file that hasn't been provided                                    (00:00.000 / 01:16.551, 1Gb)
Jekyll: Source: /tmp/ans.fhir.fr.cds#2.0.0-ballot/temp/pages                                         (00:00.369 / 01:16.921, 1Gb)
Jekyll: Generating...                                                                                (00:00.001 / 01:16.922, 1Gb)
Jekyll: done in 1.306 seconds.                                                                       (00:01.304 / 01:18.227, 1Gb)

Installing ans.fhir.fr.cds#2.0.0-ballot done.
Checking Output HTML                                                                                 (00:01.848 / 01:20.075, 2Gb)
found 856 files                                                                                      (00:00.003 / 01:20.079, 2Gb)
........................................
........................................
  ... 856 html files, 0 pages invalid xhtml (0%)                                                     (00:09.311 / 01:29.391, 2Gb)
  ... 196529 links, 1 broken links (0%)                                                              (00:00.001 / 01:29.392, 2Gb)
Generate fragment-usage-analysis.csv                                                                 (00:00.000 / 01:29.393, 2Gb)
Build final .zip                                                                                     (00:00.007 / 01:29.401, 2Gb)
Final .zip built                                                                                     (00:01.175 / 01:30.577, 2Gb)
Built. Times: loading: 00:01.001, generate: 01:09.151, narrative generation: 00:01.906, realm-rules: 00:00.001, previous-version: 00:00.000, jekyll: 00:01.695, validation: 00:17.569 (#23), template: 00:01.761 (#3) (00:03.494 / 01:34.071, 1Gb)
Generating QA                                                                                        (00:00.001 / 01:34.072, 1Gb)
Internal error in location for message: 'Error @1, 1: Found / expecting a token name', loc = '/tmp/ans.fhir.fr.cds#2.0.0-ballot/output/StructureDefinition-cds-bundle-response-recherche.html', err = 'The html source has duplicate anchor Ids: inv,s-summary'
Internal error in location for message: 'Error @1, 1: Found / expecting a token name', loc = '/tmp/ans.fhir.fr.cds#2.0.0-ballot/output/StructureDefinition-cds-bundle-transaction-creation.html', err = 'The html source has duplicate anchor Ids: inv,s-summary'
Internal error in location for message: 'Error @1, 1: Found / expecting a token name', loc = '/tmp/ans.fhir.fr.cds#2.0.0-ballot/output/StructureDefinition-cds-bundle-transaction-maj.html', err = 'The html source has duplicate anchor Ids: inv,s-summary'
Internal error in location for message: 'Error @1, 1: Found / expecting a token name', loc = '/tmp/ans.fhir.fr.cds#2.0.0-ballot/output/StructureDefinition-cds-fr-related-person.html', err = 'The html source has duplicate anchor Ids: inv,s-summary'
Internal error in location for message: 'Error @1, 1: Found / expecting a token name', loc = '/tmp/ans.fhir.fr.cds#2.0.0-ballot/output/StructureDefinition-cds-ihe-careteam.html', err = 'The html source has duplicate anchor Ids: inv,s-summary'
Internal error in location for message: 'Error @1, 1: Found / expecting a token name', loc = '/tmp/ans.fhir.fr.cds#2.0.0-ballot/output/StructureDefinition-cds-organization.html', err = 'The html source has duplicate anchor Ids: inv,s-summary'
Validation output in /tmp/ans.fhir.fr.cds#2.0.0-ballot/output/qa.html
Errors: 139, Warnings: 32, Info: 31, Broken Links: 1 (00:01.998 / 01:36.071, 2Gb)
Finished. Max Memory Used = 2Gb. Log file saved in /tmp/fhir-ig-publisher-tmp.log                    (00:00.007 / 01:36.078, 2Gb)
Keep a copy of the build directory at /tmp/web-root/run-20240704/ig-build-zips/ans.fhir.fr.cds#2.0.0-ballot.zip

ok. All checks passed. Publish v2.0.0-ballot to /tmp/web-root/run-20240704/cds/2.0.0-ballot
Copy the IG to /tmp/web-root/run-20240704/cds/2.0.0-ballot
Update /tmp/web-root/run-20240704/cds/package-list.json
Publish Box Statement: This page is part of the Cercle De Soins (v2.0.0-ballot: Release) based on <a no-external="true" href="http://hl7.org/fhir/R4">FHIR (HL7® FHIR® Standard) R4</a>. .  For a full list of available versions, see the <a no-external="true" href="https://interop.esante.gouv.fr/ig/fhir/cds/history.html">Directory of published versions</a>
no html insert in /tmp/web-root/run-20240704/cds/2.0.0-ballot/qa-txservers.html
  .. 156 files checked, 156 updated
  .. 49 clones checked, 98 updated
  .. 23 redirections (23 created/updated)
Update history page at /tmp/web-root/run-20240704/cds from /home/runner/work/IG-fhir-cercle-de-soins/IG-fhir-cercle-de-soins/./IG-website-release/fhir-ig-history-template and ./IG-website-release/templates
Build is complete. Copy from /tmp/web-root/run-20240704
ans.fhir.fr.cds (https://interop.esante.gouv.fr/ig/fhir/cds): Cercle De Soins @ https://ansforge.github.io/IG-fhir-mesures-de-sante/main/ig
  release: STU1 2.0.0-ballot/4.0.1 @ https://interop.esante.gouv.fr/ig/fhir/cds/2.0.0-ballot
