FHIR IG Publisher Version 2.1.0 (Git# c044f39673af). Built 2026-02-03T21:34:10.972Z (65 hours old)
Detected Java version: 17.0.10 from /opt/hostedtoolcache/Java_Microsoft_jdk/17.0.10/x64 on amd64 (64bit). 3998MB available
dir = /home/runner/work/IG-fhir-medicosocial-transfert-donnees-dui/IG-fhir-medicosocial-transfert-donnees-dui, path = /opt/hostedtoolcache/Ruby/3.3.10/x64/bin:/opt/hostedtoolcache/node/20.20.0/x64/bin:/opt/hostedtoolcache/Java_Microsoft_jdk/17.0.10/x64/bin:/snap/bin:/home/runner/.local/bin:/opt/pipx_bin:/home/runner/.cargo/bin:/home/runner/.config/composer/vendor/bin:/usr/local/.ghcup/bin:/home/runner/.dotnet/tools:/usr/local/sbin:/usr/local/bin:/usr/sbin:/usr/bin:/sbin:/bin:/usr/games:/usr/local/games:/snap/bin
Parameters: -go-publish -authorise-non-conformant-tx-servers -source ./igSource -web ./IG-website-release/www/ig/fhir -registry ./IG-website-release/ig-registry/fhir-ig-list.json -history ./IG-website-release/fhir-ig-history-template -templates ./IG-website-release/templates
---------------
Publication Run: publish ./igSource to ./IG-website-release/www/ig/fhir
Relative directory for IG is '/tddui'
===== Web Publication Run Details ===============================
 Source IG: ans.fhir.fr.tddui#2.2.0 : https://interop.esante.gouv.fr/ig/fhir/tddui (R4) from ./igSource
All checks passed. Do the publication build from /home/runner/work/IG-fhir-medicosocial-transfert-donnees-dui/IG-fhir-medicosocial-transfert-donnees-dui/./igSource and publish to /tmp/web-root/run-20260206/tddui
Prepare Build space in /tmp/ig-builds/ans.fhir.fr.tddui#2.2.0
Build IG at /home/runner/work/IG-fhir-medicosocial-transfert-donnees-dui/IG-fhir-medicosocial-transfert-donnees-dui/./igSource: final copy suitable for publication (in /tmp/ig-builds/ans.fhir.fr.tddui#2.2.0)
FHIR IG Publisher Version 2.1.0 (Git# c044f39673af). Built 2026-02-03T21:34:10.972Z (65 hours old)  
Detected Java version: 17.0.10 from /opt/hostedtoolcache/Java_Microsoft_jdk/17.0.10/x64 on Linux/amd64 (64bit). 3998MB available
dir = /home/runner/work/IG-fhir-medicosocial-transfert-donnees-dui/IG-fhir-medicosocial-transfert-donnees-dui, path = /opt/hostedtoolcache/Ruby/3.3.10/x64/bin:/opt/hostedtoolcache/node/20.20.0/x64/bin:/opt/hostedtoolcache/Java_Microsoft_jdk/17.0.10/x64/bin:/snap/bin:/home/runner/.local/bin:/opt/pipx_bin:/home/runner/.cargo/bin:/home/runner/.config/composer/vendor/bin:/usr/local/.ghcup/bin:/home/runner/.dotnet/tools:/usr/local/sbin:/usr/local/bin:/usr/sbin:/usr/bin:/sbin:/bin:/usr/games:/usr/local/games:/snap/bin
Parameters: -publish https://interop.esante.gouv.fr/ig/fhir/tddui/2.2.0 -no-exit -ig /tmp/ig-builds/ans.fhir.fr.tddui#2.2.0 -resetTx
Character encoding = UTF-8 / UTF-8                                                                  
Start Clock @ Friday, February 6, 2026 at 2:47:26 PM Coordinated Universal Time (2026-02-06T14:47:26Z)
                                                                                                    
Build FHIR IG from /tmp/ig-builds/ans.fhir.fr.tddui#2.2.0                                            (00:00.019 / 00:00.019, 42Mb)
Build Formal Publication package, intended for https://interop.esante.gouv.fr/ig/fhir/tddui/2.2.0    (00:00.002 / 00:00.022, 42Mb)
API keys loaded from /home/runner/.fhir/fhir-settings.json                                           (00:00.000 / 00:00.023, 42Mb)
Package Cache: /home/runner/.fhir/packages                                                           (00:00.003 / 00:00.026, 42Mb)
Run Sushi on /tmp/ig-builds/ans.fhir.fr.tddui#2.2.0                                                  (00:00.002 / 00:00.029, 43Mb)
Sushi: info  Running SUSHI v3.17.0 (implements FHIR Shorthand specification v3.0.0)                  (00:00.639 / 00:00.668, 44Mb)
Sushi: info  Arguments:                                                                              (00:00.001 / 00:00.669, 44Mb)
Sushi: info    --require-latest                                                                      (00:00.001 / 00:00.670, 44Mb)
Sushi: info    --out /tmp/ig-builds/ans.fhir.fr.tddui#2.2.0                                          (00:00.001 / 00:00.671, 44Mb)
Sushi: info    /tmp/ig-builds/ans.fhir.fr.tddui#2.2.0                                                (00:00.000 / 00:00.672, 44Mb)
Sushi: info  Using configuration file: /tmp/ig-builds/ans.fhir.fr.tddui#2.2.0/sushi-config.yaml      (00:00.553 / 00:01.226, 44Mb)
Sushi: info  Importing FSH text...                                                                   (00:00.098 / 00:01.324, 44Mb)
Sushi: info  Preprocessed 138 documents with 110 aliases.                                            (00:00.448 / 00:01.772, 44Mb)
Sushi: info  Imported 75 definitions and 58 instances.                                               (00:00.062 / 00:01.835, 44Mb)
Sushi: warn  Detected FSH entity definitions with duplicate names. While FSH allows for duplicate names across entity types, they can lead to ambiguous results when referring to these entities by name elsewhere (e.g., in references). Consider using unique names in FSH declarations and assigning duplicated names using caret assignment rules instead. Detected duplicate names: TDDUIConsentAccord, TDDUIDiscriminator, TDDUIEncounterIdentifier, TDDUIEncounterParticipant, TDDUITaskInputAction, TDDUITaskInputBilan, TDDUITaskInputMoyenRessource, TDDUITaskInputPrestation, TDDUITaskInputTransport, TDDUITaskOutputBilan. (00:00.015 / 00:01.851, 44Mb)
Sushi: info  Loaded virtual package sushi-r5forR4#1.0.0 with 7 resources                             (00:00.093 / 00:01.944, 44Mb)
Sushi: info  Resolved hl7.fhir.uv.tools.r4#latest to concrete version 1.0.0                          (00:00.553 / 00:02.498, 44Mb)
Sushi: info  Loaded hl7.fhir.uv.tools.r4#1.0.0 with 118 resources                                    (00:00.075 / 00:02.573, 44Mb)
Sushi: info  Resolved hl7.terminology.r4#latest to concrete version 7.0.1                            (00:00.122 / 00:02.695, 44Mb)
Sushi: info  Loaded hl7.terminology.r4#7.0.1 with 4096 resources                                     (00:01.499 / 00:04.194, 44Mb)
Sushi: info  Loaded hl7.fhir.fr.core#2.1.0 with 120 resources                                        (00:00.070 / 00:04.265, 44Mb)
Sushi: info  Resolved ans.fr.terminologies#latest to concrete version 1.4.0                          (00:00.120 / 00:04.385, 44Mb)
Sushi: info  Loaded ans.fr.terminologies#1.4.0 with 1050 resources                                   (00:00.476 / 00:04.862, 44Mb)
Sushi: info  Loading supplemental version of FHIR to support extensions from hl7.fhir.extensions.r5  (00:00.001 / 00:04.862, 44Mb)
Sushi: info  Loaded hl7.fhir.r5.core#5.0.0 with 2968 resources                                       (00:01.373 / 00:06.236, 44Mb)
Sushi: info  Loaded ihe.iti.mhd#4.2.0 with 65 resources                                              (00:00.042 / 00:06.278, 44Mb)
Sushi: info  Loaded hl7.fhir.r4.core#4.0.1 with 4581 resources                                       (00:01.081 / 00:07.360, 44Mb)
Sushi: info  Loaded hl7.fhir.uv.extensions#5.2.0 with 759 resources                                  (00:00.313 / 00:07.673, 44Mb)
Sushi: info  Loaded virtual package sushi-local#LOCAL with 0 resources                               (00:00.004 / 00:07.677, 44Mb)
Sushi: info  Converting FSH to FHIR resources...                                                     (00:00.019 / 00:07.697, 44Mb)
Sushi: warn  The name "tddui-humanname" may not be suitable for machine processing applications such as code generation. Valid names start with an upper-case ASCII letter ('A'..'Z') followed by any combination of upper- or lower-case ASCII letters ('A'..'Z', and 'a'..'z'), numerals ('0'..'9') and '_', with a length limit of 255 characters. (00:00.025 / 00:07.723, 44Mb)
Sushi:   File: /tmp/ig-builds/ans.fhir.fr.tddui#2.2.0/input/fsh/DataType/tddui-human-name.fsh        (00:00.001 / 00:07.724, 44Mb)
Sushi:   Line: 1 - 6                                                                                 (00:00.000 / 00:07.725, 44Mb)
Sushi: info  Converted 47 FHIR StructureDefinitions.                                                 (00:05.128 / 00:12.853, 44Mb)
Sushi: info  Converted 10 FHIR CodeSystems.                                                          (00:00.208 / 00:13.062, 44Mb)
Sushi: info  Converted 18 FHIR ValueSets.                                                            (00:00.319 / 00:13.381, 44Mb)
Sushi: info  Converted 58 FHIR instances.                                                            (00:08.995 / 00:22.377, 44Mb)
Sushi: info  Exporting FHIR resources as JSON...                                                     (00:00.087 / 00:22.465, 44Mb)
Sushi: info  Exported 133 FHIR resources as JSON.                                                    (00:00.195 / 00:22.661, 44Mb)
Sushi: info  Assembling Implementation Guide sources...                                              (00:00.005 / 00:22.666, 44Mb)
Sushi: info  Generated ImplementationGuide-ans.fhir.fr.tddui.json                                    (00:00.036 / 00:22.703, 44Mb)
Sushi: info  Assembled Implementation Guide sources; ready for IG Publisher.                         (00:00.001 / 00:22.704, 44Mb)
Sushi: ========================= SUSHI RESULTS ===========================                           (00:00.000 / 00:22.704, 44Mb)
Sushi: |  -------------------------------------------------------------  |                           (00:00.000 / 00:22.705, 44Mb)
Sushi: | |    Profiles   |  Extensions  |   Logicals   |   Resources   | |                           (00:00.000 / 00:22.706, 44Mb)
Sushi: | |-------------------------------------------------------------| |                           (00:00.000 / 00:22.706, 44Mb)
Sushi: | |      24       |      23      |      0       |       0       | |                           (00:00.000 / 00:22.707, 44Mb)
Sushi: |  -------------------------------------------------------------  |                           (00:00.000 / 00:22.708, 44Mb)
Sushi: |  -------------------------------------------------------------  |                           (00:00.000 / 00:22.708, 44Mb)
Sushi: | |      ValueSets     |    CodeSystems    |     Instances      | |                           (00:00.000 / 00:22.709, 44Mb)
Sushi: | |-------------------------------------------------------------| |                           (00:00.000 / 00:22.709, 44Mb)
Sushi: | |         18         |        10         |         58         | |                           (00:00.000 / 00:22.710, 44Mb)
Sushi: |  -------------------------------------------------------------  |                           (00:00.000 / 00:22.711, 44Mb)
Sushi: |                                                                 |                           (00:00.000 / 00:22.711, 44Mb)
Sushi: ===================================================================                           (00:00.000 / 00:22.712, 44Mb)
Sushi: | Let minnow if you need some help       0 Errors      2 Warnings |                           (00:00.000 / 00:22.712, 44Mb)
Sushi: ===================================================================                           (00:00.000 / 00:22.713, 44Mb)
Root directory: /tmp/ig-builds/ans.fhir.fr.tddui#2.2.0                                               (00:00.024 / 00:22.738, 45Mb)
Unable to load IG as an r5 IG - try R4 (property code is a class com.google.gson.JsonPrimitive looking for an object) (00:00.453 / 00:23.192, 67Mb)
Load Template from https://github.com/ansforge/IG-template                                           (00:00.466 / 00:23.658, 72Mb)
 Load Template from fhir.base.template#current                                                       (00:01.128 / 00:24.787, 55Mb)
Scanning directory: /tmp/ig-builds/ans.fhir.fr.tddui#2.2.0/template
======================================================================
Terminology Cache is at /tmp/ig-builds/ans.fhir.fr.tddui#2.2.0/input-cache/txcache. Clearing now     (00:04.057 / 00:28.845, 108Mb)
Core Package hl7.fhir.r4.core#4.0.1                                                                  (00:00.002 / 00:28.847, 108Mb)
Running Terminology Log: /tmp/ohfu-fhir-ig-12630915408425136049.html
Connect to Terminology Server at http://tx.fhir.org                                                  (00:03.971 / 00:32.819, 497Mb)
[39mLoad Package hl7.fhir.pubpack#0.2.4
[0;39m[39mLoad Package hl7.fhir.xver-extensions#0.1.0
[0;39m[39mLoad Package hl7.terminology.r4#7.0.1
[0;39m[39mLoad Package hl7.terminology.r4#6.0.2
[0;39m[39mLoad Package hl7.fhir.uv.extensions.r4#5.1.0
[0;39m[39mLoad Package ans.fr.nos#1.3.0
[0;39m[39mLoad Package hl7.fhir.fr.core#2.1.0
[0;39m[39mLoad Package hl7.fhir.uv.extensions.r4#5.2.0
[0;39m[39mLoad Package hl7.terminology.r4#6.5.0
[0;39m[39mLoad Package hl7.terminology.r4#5.0.0
[0;39m[39mLoad Package fhir.dicom#2022.4.20221006
[0;39m[39mLoad Package hl7.fhir.uv.ips#1.1.0
[0;39m[39mLoad Package ans.fr.terminologies#1.4.0
[0;39mVersion mismatch. This IG is version 4.0.1, while the IG 'hl7.fhir.uv.extensions' is from version 5.0.0 (will try to run anyway) (00:10.471 / 00:43.290, 757Mb)
Ignore Dependency on Core FHIR hl7.fhir.r5.core#5.0.0, from package 'hl7.terminology.r5#6.2.0'       (00:00.074 / 00:43.364, 805Mb)
[39mLoad Package hl7.terminology.r5#6.2.0
[0;39m[39mLoad Package hl7.fhir.uv.extensions#5.2.0
[0;39m[39mLoad Package hl7.terminology.r4#4.0.0
[0;39m[39mLoad Package ihe.iti.balp#1.1.1
[0;39m[39mLoad Package ihe.formatcode.fhir#1.1.0
[0;39m[39mLoad Package ihe.iti.mhd#4.2.0
[0;39m[39mLoad Package hl7.fhir.uv.tools.r4#0.9.0
[0;39mLoad R5 Specials
Cannot find or generate snapshot for base definition http://hl7.org/fhir/StructureDefinition/CanonicalResource from http://hl7.org/fhir/StructureDefinition/TestCases
Initialization complete                                                                              (00:05.917 / 00:49.281, 873Mb)
Load IG                                                                                              (00:00.000 / 00:49.282, 873Mb)
Load Content                                                                                         (00:00.003 / 00:49.285, 874Mb)
Using fr_FR as the default narrative language. (inferred from ImplementationGuide.jurisdiction=FR)   (00:00.127 / 00:49.413, 887Mb)
Process Loaded Resources                                                                             (00:02.941 / 00:52.355, 1Gb)
Generating Snapshots                                                                                 (00:00.994 / 00:53.349, 1Gb)
[1;31mUnable to generate snapshot @3 for https://interop.esante.gouv.fr/ig/fhir/tddui/StructureDefinition/tddui-patient: Profile TDDUIPatient (https://interop.esante.gouv.fr/ig/fhir/tddui/StructureDefinition/tddui-patient), element StructureDefinition-tddui-patient.html. Error generating snapshot: Error sorting Differential: The element Patient.extension:birthPlace.value[x].extension:inseeCode @diff[2] is out of order (and maybe others after it)
[0;39m[1;31mUnable to generate snapshot @3 for https://interop.esante.gouv.fr/ig/fhir/tddui/StructureDefinition/tddui-patient-ins: Profile TDDUIPatientINS (https://interop.esante.gouv.fr/ig/fhir/tddui/StructureDefinition/tddui-patient-ins), element StructureDefinition-tddui-patient-ins.html. Error generating snapshot: Error sorting Differential: The element Patient.extension:birthPlace.value[x].extension:inseeCode @diff[2] is out of order (and maybe others after it)
[0;39m
Signing Certificate: RSA key for Subject: OU=IG Publisher, L=Ann Arbor, CN=hl7.org, O=HL7, ST=Missouri, C=us from: OU=IG Publisher, L=Ann Arbor, CN=hl7.org, O=HL7, ST=Missouri, C=us
Fetch https://interop.esante.gouv.fr/ig/fhir/tddui/package-list.json for version check               (00:02.802 / 00:56.151, 1Gb)
Checking Language                                                                                    (00:00.810 / 00:56.962, 1Gb)
Load Dependency Info                                                                                 (00:00.004 / 00:56.966, 1Gb)
Load Info                                                                                            (00:00.001 / 00:56.968, 1Gb)
Load Paths                                                                                           (00:00.001 / 00:56.969, 1Gb)
Check R4 / R4B                                                                                       (00:00.001 / 00:56.970, 1Gb)
Assign Comparison Ids                                                                                (00:00.047 / 00:57.017, 1Gb)
Propagating status                                                                                   (00:00.000 / 00:57.018, 1Gb)
Generating Narratives                                                                                (00:00.000 / 00:57.018, 1Gb)
Validating Conformance Resources                                                                     (00:09.691 / 01:06.710, 1Gb)
Check profiles & code systems                                                                        (01:01.192 / 02:07.902, 1Gb)
Check realm rules                                                                                    (00:00.007 / 02:07.910, 1Gb)
Previous Version Comparison                                                                          (00:00.000 / 02:07.911, 1Gb)
[39mFHIR Version mismatch in package hl7.fhir.uv.extensions#5.2.0: version is 5.0.0 but must be 4.0.1 (path: ans.fhir.fr.tddui#2.2.0-ballot)
[0;39m[39mFHIR Version mismatch in package hl7.terminology.r5#6.2.0: version is 5.0.0 but must be 4.0.1 (path: ans.fhir.fr.tddui#2.2.0-ballot -> hl7.fhir.uv.extensions#5.2.0)
[0;39mChecking for Bundles to sign                                                                         (00:20.383 / 02:28.294, 2Gb)
Validating Resources                                                                                 (00:00.001 / 02:28.295, 2Gb)
[1;31mtodo: handle filters with property = ms =
[0;39m[1;31mtodo: handle filters with property = ms =
[0;39mProcessing Provenance Records                                                                        (00:33.241 / 03:01.537, 2Gb)
Generating Outputs in /tmp/ig-builds/ans.fhir.fr.tddui#2.2.0/output                                  (00:00.000 / 03:01.537, 2Gb)
Generate Native Outputs                                                                              (00:00.210 / 03:01.748, 2Gb)
Run Template                                                                                         (00:12.658 / 03:14.406, 2Gb)
Generate HTML Outputs                                                                                (00:03.884 / 03:18.291, 1Gb)
Generate Spreadsheets                                                                                (00:31.965 / 03:50.256, 3Gb)
Generate Summaries                                                                                   (00:09.188 / 03:59.445, 2Gb)
Generating Summary Outputs                                                                           (00:00.000 / 03:59.446, 2Gb)
Unable to find 3-character code having same country code as ISO 2-char code AA - User-assigned       (00:13.638 / 04:13.084, 2Gb)
Unable to find 3-character code having same country code as ISO 2-char code QM - User-assigned       (00:00.001 / 04:13.085, 2Gb)
Unable to find 3-character code having same country code as ISO 2-char code QN - User-assigned       (00:00.000 / 04:13.086, 2Gb)
Unable to find 3-character code having same country code as ISO 2-char code QO - User-assigned       (00:00.000 / 04:13.087, 2Gb)
Unable to find 3-character code having same country code as ISO 2-char code QP - User-assigned       (00:00.000 / 04:13.088, 2Gb)
Unable to find 3-character code having same country code as ISO 2-char code QQ - User-assigned       (00:00.000 / 04:13.088, 2Gb)
Unable to find 3-character code having same country code as ISO 2-char code QR - User-assigned       (00:00.000 / 04:13.089, 2Gb)
Unable to find 3-character code having same country code as ISO 2-char code QS - User-assigned       (00:00.000 / 04:13.090, 2Gb)
Unable to find 3-character code having same country code as ISO 2-char code QT - User-assigned       (00:00.000 / 04:13.091, 2Gb)
Unable to find 3-character code having same country code as ISO 2-char code QU - User-assigned       (00:00.000 / 04:13.092, 2Gb)
Unable to find 3-character code having same country code as ISO 2-char code QV - User-assigned       (00:00.000 / 04:13.093, 2Gb)
Unable to find 3-character code having same country code as ISO 2-char code QW - User-assigned       (00:00.000 / 04:13.094, 2Gb)
Unable to find 3-character code having same country code as ISO 2-char code QX - User-assigned       (00:00.000 / 04:13.094, 2Gb)
Unable to find 3-character code having same country code as ISO 2-char code QY - User-assigned       (00:00.000 / 04:13.095, 2Gb)
Unable to find 3-character code having same country code as ISO 2-char code QZ - User-assigned       (00:00.000 / 04:13.096, 2Gb)
Unable to find 3-character code having same country code as ISO 2-char code XA - User-assigned       (00:00.000 / 04:13.096, 2Gb)
Unable to find 3-character code having same country code as ISO 2-char code XB - User-assigned       (00:00.000 / 04:13.097, 2Gb)
Unable to find 3-character code having same country code as ISO 2-char code XC - User-assigned       (00:00.000 / 04:13.098, 2Gb)
Unable to find 3-character code having same country code as ISO 2-char code XD - User-assigned       (00:00.000 / 04:13.099, 2Gb)
Unable to find 3-character code having same country code as ISO 2-char code XE - User-assigned       (00:00.000 / 04:13.099, 2Gb)
Unable to find 3-character code having same country code as ISO 2-char code XF - User-assigned       (00:00.000 / 04:13.100, 2Gb)
Unable to find 3-character code having same country code as ISO 2-char code XG - User-assigned       (00:00.000 / 04:13.101, 2Gb)
Unable to find 3-character code having same country code as ISO 2-char code XH - User-assigned       (00:00.000 / 04:13.101, 2Gb)
Unable to find 3-character code having same country code as ISO 2-char code XI - User-assigned       (00:00.000 / 04:13.102, 2Gb)
Unable to find 3-character code having same country code as ISO 2-char code XJ - User-assigned       (00:00.000 / 04:13.103, 2Gb)
Unable to find 3-character code having same country code as ISO 2-char code XK - Kosovo              (00:00.000 / 04:13.104, 2Gb)
Unable to find 3-character code having same country code as ISO 2-char code XL - User-assigned       (00:00.000 / 04:13.104, 2Gb)
Unable to find 3-character code having same country code as ISO 2-char code XM - User-assigned       (00:00.000 / 04:13.105, 2Gb)
Unable to find 3-character code having same country code as ISO 2-char code XN - User-assigned       (00:00.000 / 04:13.105, 2Gb)
Unable to find 3-character code having same country code as ISO 2-char code XO - User-assigned       (00:00.000 / 04:13.106, 2Gb)
Unable to find 3-character code having same country code as ISO 2-char code XP - User-assigned       (00:00.000 / 04:13.106, 2Gb)
Unable to find 3-character code having same country code as ISO 2-char code XQ - User-assigned       (00:00.000 / 04:13.107, 2Gb)
Unable to find 3-character code having same country code as ISO 2-char code XR - User-assigned       (00:00.000 / 04:13.107, 2Gb)
Unable to find 3-character code having same country code as ISO 2-char code XS - User-assigned       (00:00.000 / 04:13.108, 2Gb)
Unable to find 3-character code having same country code as ISO 2-char code XT - User-assigned       (00:00.000 / 04:13.108, 2Gb)
Unable to find 3-character code having same country code as ISO 2-char code XU - User-assigned       (00:00.000 / 04:13.108, 2Gb)
Unable to find 3-character code having same country code as ISO 2-char code XV - User-assigned       (00:00.000 / 04:13.109, 2Gb)
Unable to find 3-character code having same country code as ISO 2-char code XW - User-assigned       (00:00.000 / 04:13.109, 2Gb)
Unable to find 3-character code having same country code as ISO 2-char code XX - Unknown             (00:00.000 / 04:13.110, 2Gb)
Unable to find 3-character code having same country code as ISO 2-char code XY - User-assigned       (00:00.000 / 04:13.110, 2Gb)
Unable to find 3-character code having same country code as ISO 2-char code XZ - International Waters (00:00.000 / 04:13.111, 2Gb)
Unable to find 3-character code having same country code as ISO 2-char code ZZ - Unknown or Invalid Territory (00:00.000 / 04:13.111, 2Gb)
DB Cumulative Time invested: 00:00:00.571
Sending Usage Stats to Server                                                                        (00:00.196 / 04:13.308, 2Gb)
## Memory (MB): Use = 2398, Free = 1599, Total = 3998, Max = 3998                                    (00:00.007 / 04:13.315, 2Gb)
Reclaiming memory...                                                                                 (00:00.000 / 04:13.316, 2Gb)
## Memory (MB): Use = 2060, Free = 1937, Total = 3998, Max = 3998                                    (00:00.988 / 04:14.304, 2Gb)
Run jekyll: jekyll build --destination "/tmp/ig-builds/ans.fhir.fr.tddui#2.2.0/output" (in folder /tmp/ig-builds/ans.fhir.fr.tddui#2.2.0/temp/pages) (00:00.001 / 04:14.305, 2Gb)
Troubleshooting Note: usual cases for Jekyll to fail are:                                            (00:00.000 / 04:14.306, 2Gb)
* A failure to produce a fragment that is already logged in the output above                         (00:00.000 / 04:14.306, 2Gb)
* A reference to a manually edited file that hasn't been provided                                    (00:00.000 / 04:14.306, 2Gb)
Jekyll: Source: /tmp/ig-builds/ans.fhir.fr.tddui#2.2.0/temp/pages                                    (00:00.463 / 04:14.769, 2Gb)
Jekyll: Generating...                                                                                (00:00.000 / 04:14.770, 2Gb)
Jekyll: done in 5.752 seconds.                                                                       (00:05.751 / 04:20.522, 2Gb)
[39m
[0;39m[39mInstalling ans.fhir.fr.tddui#2.2.0
[0;39m[39m done.
[0;39mChecking Output HTML                                                                                 (00:06.274 / 04:26.796, 3Gb)
Processed /tmp/ig-builds/ans.fhir.fr.tddui#2.2.0/output - % reduction = 100 (185056224 ==> 1680523)
found 2381 files                                                                                     (00:03.816 / 04:30.613, 2Gb)
........................................
........................................
  ... 2381 html files, 0 pages invalid xhtml (0%)                                                    (00:51.950 / 05:22.563, 3Gb)
  ... 795324 links, 0 broken links (0%)                                                              (00:00.001 / 05:22.564, 3Gb)
Generate fragment-usage-analysis.csv                                                                 (00:00.000 / 05:22.565, 3Gb)
Build final .zip                                                                                     (00:00.010 / 05:22.576, 3Gb)
Final .zip built                                                                                     (00:06.707 / 05:29.284, 2Gb)
Built. Times: loading: 00:07.676, generate: 04:37.570, narrative generation: 00:09.690, realm-rules: 00:00.000, previous-version: 00:20.334, jekyll: 00:06.266, validation: 01:33.809 (#134), template: 00:03.785 (#3) (00:05.248 / 05:34.532, 2Gb)
Generating QA                                                                                        (00:00.001 / 05:34.534, 2Gb)
Validation output in /tmp/ig-builds/ans.fhir.fr.tddui#2.2.0/output/qa.html
Errors: 111, Warnings: 178, Info: 101, Broken Links: 2 (00:00.884 / 05:35.418, 2Gb)
Finished @ 06/02/2026 14:53. Max Memory Used = 3Gb. Log file saved in /tmp/fhir-ig-publisher-tmp.log (00:00.037 / 05:35.455, 2Gb)
Prepare Build space in /tmp/ig-builds/ans.fhir.fr.tddui#2.2.0-milestone
Build IG at /home/runner/work/IG-fhir-medicosocial-transfert-donnees-dui/IG-fhir-medicosocial-transfert-donnees-dui/./igSource: final copy suitable for publication (in /tmp/ig-builds/ans.fhir.fr.tddui#2.2.0-milestone) (milestone build)
FHIR IG Publisher Version 2.1.0 (Git# c044f39673af). Built 2026-02-03T21:34:10.972Z (65 hours old)  
Detected Java version: 17.0.10 from /opt/hostedtoolcache/Java_Microsoft_jdk/17.0.10/x64 on Linux/amd64 (64bit). 3998MB available
dir = /home/runner/work/IG-fhir-medicosocial-transfert-donnees-dui/IG-fhir-medicosocial-transfert-donnees-dui, path = /opt/hostedtoolcache/Ruby/3.3.10/x64/bin:/opt/hostedtoolcache/node/20.20.0/x64/bin:/opt/hostedtoolcache/Java_Microsoft_jdk/17.0.10/x64/bin:/snap/bin:/home/runner/.local/bin:/opt/pipx_bin:/home/runner/.cargo/bin:/home/runner/.config/composer/vendor/bin:/usr/local/.ghcup/bin:/home/runner/.dotnet/tools:/usr/local/sbin:/usr/local/bin:/usr/sbin:/usr/bin:/sbin:/bin:/usr/games:/usr/local/games:/snap/bin
Parameters: -publish https://interop.esante.gouv.fr/ig/fhir/tddui/2.2.0 -no-exit -ig /tmp/ig-builds/ans.fhir.fr.tddui#2.2.0-milestone -milestone
Character encoding = UTF-8 / UTF-8                                                                  
Start Clock @ Friday, February 6, 2026 at 2:53:05 PM Coordinated Universal Time (2026-02-06T14:53:05Z)
                                                                                                    
Build FHIR IG from /tmp/ig-builds/ans.fhir.fr.tddui#2.2.0-milestone                                  (00:00.002 / 00:00.002, 2Gb)
Build Formal Publication package, intended for https://interop.esante.gouv.fr/ig/fhir/tddui/2.2.0    (00:00.000 / 00:00.002, 2Gb)
API keys loaded from /home/runner/.fhir/fhir-settings.json                                           (00:00.000 / 00:00.003, 2Gb)
Package Cache: /home/runner/.fhir/packages                                                           (00:00.000 / 00:00.003, 2Gb)
Run Sushi on /tmp/ig-builds/ans.fhir.fr.tddui#2.2.0-milestone                                        (00:00.000 / 00:00.004, 2Gb)
Sushi: info  Running SUSHI v3.17.0 (implements FHIR Shorthand specification v3.0.0)                  (00:00.427 / 00:00.432, 2Gb)
Sushi: info  Arguments:                                                                              (00:00.000 / 00:00.432, 2Gb)
Sushi: info    --require-latest                                                                      (00:00.000 / 00:00.432, 2Gb)
Sushi: info    --out /tmp/ig-builds/ans.fhir.fr.tddui#2.2.0-milestone                                (00:00.000 / 00:00.433, 2Gb)
Sushi: info    /tmp/ig-builds/ans.fhir.fr.tddui#2.2.0-milestone                                      (00:00.000 / 00:00.433, 2Gb)
Sushi: info  Using configuration file: /tmp/ig-builds/ans.fhir.fr.tddui#2.2.0-milestone/sushi-config.yaml (00:00.473 / 00:00.907, 2Gb)
Sushi: info  Importing FSH text...                                                                   (00:00.101 / 00:01.009, 2Gb)
Sushi: info  Preprocessed 138 documents with 110 aliases.                                            (00:00.448 / 00:01.457, 2Gb)
Sushi: info  Imported 75 definitions and 58 instances.                                               (00:00.064 / 00:01.521, 2Gb)
Sushi: warn  Detected FSH entity definitions with duplicate names. While FSH allows for duplicate names across entity types, they can lead to ambiguous results when referring to these entities by name elsewhere (e.g., in references). Consider using unique names in FSH declarations and assigning duplicated names using caret assignment rules instead. Detected duplicate names: TDDUIConsentAccord, TDDUIDiscriminator, TDDUIEncounterIdentifier, TDDUIEncounterParticipant, TDDUITaskInputAction, TDDUITaskInputBilan, TDDUITaskInputMoyenRessource, TDDUITaskInputPrestation, TDDUITaskInputTransport, TDDUITaskOutputBilan. (00:00.014 / 00:01.536, 2Gb)
Sushi: info  Loaded virtual package sushi-r5forR4#1.0.0 with 7 resources                             (00:00.082 / 00:01.618, 2Gb)
Sushi: info  Resolved hl7.fhir.uv.tools.r4#latest to concrete version 1.0.0                          (00:00.602 / 00:02.221, 2Gb)
Sushi: info  Loaded hl7.fhir.uv.tools.r4#1.0.0 with 118 resources                                    (00:00.056 / 00:02.278, 2Gb)
Sushi: info  Resolved hl7.terminology.r4#latest to concrete version 7.0.1                            (00:00.131 / 00:02.409, 2Gb)
Sushi: info  Loaded hl7.terminology.r4#7.0.1 with 4096 resources                                     (00:00.884 / 00:03.294, 2Gb)
Sushi: info  Loaded hl7.fhir.fr.core#2.1.0 with 120 resources                                        (00:00.050 / 00:03.345, 2Gb)
Sushi: info  Resolved ans.fr.terminologies#latest to concrete version 1.4.0                          (00:00.124 / 00:03.469, 2Gb)
Sushi: info  Loaded ans.fr.terminologies#1.4.0 with 1050 resources                                   (00:00.308 / 00:03.777, 2Gb)
Sushi: info  Loading supplemental version of FHIR to support extensions from hl7.fhir.extensions.r5  (00:00.000 / 00:03.778, 2Gb)
Sushi: info  Loaded hl7.fhir.r5.core#5.0.0 with 2968 resources                                       (00:00.759 / 00:04.538, 2Gb)
Sushi: info  Loaded ihe.iti.mhd#4.2.0 with 65 resources                                              (00:00.037 / 00:04.575, 2Gb)
Sushi: info  Loaded hl7.fhir.r4.core#4.0.1 with 4581 resources                                       (00:00.777 / 00:05.352, 2Gb)
Sushi: info  Loaded hl7.fhir.uv.extensions#5.2.0 with 759 resources                                  (00:00.162 / 00:05.515, 2Gb)
Sushi: info  Loaded virtual package sushi-local#LOCAL with 0 resources                               (00:00.005 / 00:05.521, 2Gb)
Sushi: info  Converting FSH to FHIR resources...                                                     (00:00.020 / 00:05.541, 2Gb)
Sushi: warn  The name "tddui-humanname" may not be suitable for machine processing applications such as code generation. Valid names start with an upper-case ASCII letter ('A'..'Z') followed by any combination of upper- or lower-case ASCII letters ('A'..'Z', and 'a'..'z'), numerals ('0'..'9') and '_', with a length limit of 255 characters. (00:00.029 / 00:05.571, 2Gb)
Sushi:   File: /tmp/ig-builds/ans.fhir.fr.tddui#2.2.0-milestone/input/fsh/DataType/tddui-human-name.fsh (00:00.001 / 00:05.572, 2Gb)
Sushi:   Line: 1 - 6                                                                                 (00:00.000 / 00:05.573, 2Gb)
Sushi: info  Converted 47 FHIR StructureDefinitions.                                                 (00:05.195 / 00:10.768, 2Gb)
Sushi: info  Converted 10 FHIR CodeSystems.                                                          (00:00.209 / 00:10.978, 2Gb)
Sushi: info  Converted 18 FHIR ValueSets.                                                            (00:00.320 / 00:11.298, 2Gb)
Sushi: info  Converted 58 FHIR instances.                                                            (00:08.795 / 00:20.094, 2Gb)
Sushi: info  Exporting FHIR resources as JSON...                                                     (00:00.088 / 00:20.183, 2Gb)
Sushi: info  Exported 133 FHIR resources as JSON.                                                    (00:00.189 / 00:20.372, 2Gb)
Sushi: info  Assembling Implementation Guide sources...                                              (00:00.004 / 00:20.376, 2Gb)
Sushi: info  Generated ImplementationGuide-ans.fhir.fr.tddui.json                                    (00:00.037 / 00:20.413, 2Gb)
Sushi: info  Assembled Implementation Guide sources; ready for IG Publisher.                         (00:00.000 / 00:20.414, 2Gb)
Sushi: ========================= SUSHI RESULTS ===========================                           (00:00.001 / 00:20.415, 2Gb)
Sushi: |  -------------------------------------------------------------  |                           (00:00.000 / 00:20.416, 2Gb)
Sushi: | |    Profiles   |  Extensions  |   Logicals   |   Resources   | |                           (00:00.000 / 00:20.416, 2Gb)
Sushi: | |-------------------------------------------------------------| |                           (00:00.000 / 00:20.416, 2Gb)
Sushi: | |      24       |      23      |      0       |       0       | |                           (00:00.000 / 00:20.417, 2Gb)
Sushi: |  -------------------------------------------------------------  |                           (00:00.000 / 00:20.417, 2Gb)
Sushi: |  -------------------------------------------------------------  |                           (00:00.000 / 00:20.418, 2Gb)
Sushi: | |      ValueSets     |    CodeSystems    |     Instances      | |                           (00:00.000 / 00:20.418, 2Gb)
Sushi: | |-------------------------------------------------------------| |                           (00:00.000 / 00:20.418, 2Gb)
Sushi: | |         18         |        10         |         58         | |                           (00:00.000 / 00:20.419, 2Gb)
Sushi: |  -------------------------------------------------------------  |                           (00:00.000 / 00:20.419, 2Gb)
Sushi: |                                                                 |                           (00:00.000 / 00:20.419, 2Gb)
Sushi: ===================================================================                           (00:00.000 / 00:20.420, 2Gb)
Sushi: | Sailors, take warning!                 0 Errors      2 Warnings |                           (00:00.000 / 00:20.420, 2Gb)
Sushi: ===================================================================                           (00:00.000 / 00:20.421, 2Gb)
Root directory: /tmp/ig-builds/ans.fhir.fr.tddui#2.2.0-milestone                                     (00:00.026 / 00:20.447, 2Gb)
Unable to load IG as an r5 IG - try R4 (property code is a class com.google.gson.JsonPrimitive looking for an object) (00:00.004 / 00:20.451, 2Gb)
Load Template from https://github.com/ansforge/IG-template                                           (00:00.017 / 00:20.469, 2Gb)
 Load Template from fhir.base.template#current                                                       (00:00.647 / 00:21.116, 2Gb)
Scanning directory: /tmp/ig-builds/ans.fhir.fr.tddui#2.2.0-milestone/template
======================================================================
Terminology Cache is at /tmp/ig-builds/ans.fhir.fr.tddui#2.2.0-milestone/input-cache/txcache. 21 files in cache (00:02.809 / 00:23.926, 2Gb)
Core Package hl7.fhir.r4.core#4.0.1                                                                  (00:00.000 / 00:23.926, 2Gb)
Running Terminology Log: /tmp/ohfu-fhir-ig-4351007093805935472.html
Connect to Terminology Server at http://tx.fhir.org                                                  (00:01.849 / 00:25.776, 2Gb)
[39mLoad Package hl7.fhir.pubpack#0.2.4
[0;39m[39mLoad Package hl7.fhir.xver-extensions#0.1.0
[0;39m[39mLoad Package hl7.terminology.r4#7.0.1
[0;39m[39mLoad Package hl7.terminology.r4#6.0.2
[0;39m[39mLoad Package hl7.fhir.uv.extensions.r4#5.1.0
[0;39m[39mLoad Package ans.fr.nos#1.3.0
[0;39m[39mLoad Package hl7.fhir.fr.core#2.1.0
[0;39m[39mLoad Package hl7.fhir.uv.extensions.r4#5.2.0
[0;39m[39mLoad Package hl7.terminology.r4#6.5.0
[0;39m[39mLoad Package hl7.terminology.r4#5.0.0
[0;39m[39mLoad Package fhir.dicom#2022.4.20221006
[0;39m[39mLoad Package hl7.fhir.uv.ips#1.1.0
[0;39m[39mLoad Package ans.fr.terminologies#1.4.0
[0;39mVersion mismatch. This IG is version 4.0.1, while the IG 'hl7.fhir.uv.extensions' is from version 5.0.0 (will try to run anyway) (00:08.882 / 00:34.658, 2Gb)
Ignore Dependency on Core FHIR hl7.fhir.r5.core#5.0.0, from package 'hl7.terminology.r5#6.2.0'       (00:00.071 / 00:34.730, 2Gb)
[39mLoad Package hl7.terminology.r5#6.2.0
[0;39m[39mLoad Package hl7.fhir.uv.extensions#5.2.0
[0;39m[39mLoad Package hl7.terminology.r4#4.0.0
[0;39m[39mLoad Package ihe.iti.balp#1.1.1
[0;39m[39mLoad Package ihe.formatcode.fhir#1.1.0
[0;39m[39mLoad Package ihe.iti.mhd#4.2.0
[0;39m[39mLoad Package hl7.fhir.uv.tools.r4#0.9.0
[0;39mLoad R5 Specials
Cannot find or generate snapshot for base definition http://hl7.org/fhir/StructureDefinition/CanonicalResource from http://hl7.org/fhir/StructureDefinition/TestCases
Initialization complete                                                                              (00:05.610 / 00:40.340, 2Gb)
Load IG                                                                                              (00:00.000 / 00:40.341, 2Gb)
Load Content                                                                                         (00:00.003 / 00:40.344, 2Gb)
Using fr_FR as the default narrative language. (inferred from ImplementationGuide.jurisdiction=FR)   (00:00.026 / 00:40.370, 2Gb)
Process Loaded Resources                                                                             (00:02.020 / 00:42.391, 3Gb)
Generating Snapshots                                                                                 (00:00.953 / 00:43.345, 3Gb)
[1;31mUnable to generate snapshot @3 for https://interop.esante.gouv.fr/ig/fhir/tddui/StructureDefinition/tddui-patient: Profile TDDUIPatient (https://interop.esante.gouv.fr/ig/fhir/tddui/StructureDefinition/tddui-patient), element StructureDefinition-tddui-patient.html. Error generating snapshot: Error sorting Differential: The element Patient.extension:birthPlace.value[x].extension:inseeCode @diff[2] is out of order (and maybe others after it)
[0;39m[1;31mUnable to generate snapshot @3 for https://interop.esante.gouv.fr/ig/fhir/tddui/StructureDefinition/tddui-patient-ins: Profile TDDUIPatientINS (https://interop.esante.gouv.fr/ig/fhir/tddui/StructureDefinition/tddui-patient-ins), element StructureDefinition-tddui-patient-ins.html. Error generating snapshot: Error sorting Differential: The element Patient.extension:birthPlace.value[x].extension:inseeCode @diff[2] is out of order (and maybe others after it)
[0;39m
Signing Certificate: RSA key for Subject: OU=IG Publisher, L=Ann Arbor, CN=hl7.org, O=HL7, ST=Missouri, C=us from: OU=IG Publisher, L=Ann Arbor, CN=hl7.org, O=HL7, ST=Missouri, C=us
Fetch https://interop.esante.gouv.fr/ig/fhir/tddui/package-list.json for version check               (00:02.764 / 00:46.110, 3Gb)
Checking Language                                                                                    (00:00.775 / 00:46.885, 3Gb)
Load Dependency Info                                                                                 (00:00.005 / 00:46.891, 3Gb)
Load Info                                                                                            (00:00.001 / 00:46.892, 3Gb)
Load Paths                                                                                           (00:00.001 / 00:46.893, 3Gb)
Check R4 / R4B                                                                                       (00:00.000 / 00:46.893, 3Gb)
Assign Comparison Ids                                                                                (00:00.084 / 00:46.978, 2Gb)
Propagating status                                                                                   (00:00.000 / 00:46.979, 2Gb)
Generating Narratives                                                                                (00:00.000 / 00:46.980, 2Gb)
Sending usage stats failed: Connection timed out
Validating Conformance Resources                                                                     (00:03.623 / 00:50.603, 3Gb)
Check profiles & code systems                                                                        (00:51.922 / 01:42.525, 1Gb)
Check realm rules                                                                                    (00:00.005 / 01:42.531, 1Gb)
Previous Version Comparison                                                                          (00:00.000 / 01:42.532, 1Gb)
Checking for Bundles to sign                                                                         (00:00.028 / 01:42.560, 1Gb)
Validating Resources                                                                                 (00:00.000 / 01:42.561, 1Gb)
Processing Provenance Records                                                                        (00:06.817 / 01:49.379, 1Gb)
Generating Outputs in /tmp/ig-builds/ans.fhir.fr.tddui#2.2.0-milestone/output                        (00:00.001 / 01:49.380, 1Gb)
Generate Native Outputs                                                                              (00:00.116 / 01:49.497, 1Gb)
Run Template                                                                                         (00:12.097 / 02:01.594, 1Gb)
Generate HTML Outputs                                                                                (00:03.603 / 02:05.198, 1Gb)
Generate Spreadsheets                                                                                (00:16.878 / 02:22.077, 3Gb)
Generate Summaries                                                                                   (00:05.506 / 02:27.583, 1Gb)
Generating Summary Outputs                                                                           (00:00.000 / 02:27.584, 1Gb)
Unable to find 3-character code having same country code as ISO 2-char code AA - User-assigned       (00:08.060 / 02:35.644, 3Gb)
Unable to find 3-character code having same country code as ISO 2-char code QM - User-assigned       (00:00.000 / 02:35.644, 3Gb)
Unable to find 3-character code having same country code as ISO 2-char code QN - User-assigned       (00:00.000 / 02:35.645, 3Gb)
Unable to find 3-character code having same country code as ISO 2-char code QO - User-assigned       (00:00.000 / 02:35.646, 3Gb)
Unable to find 3-character code having same country code as ISO 2-char code QP - User-assigned       (00:00.000 / 02:35.646, 3Gb)
Unable to find 3-character code having same country code as ISO 2-char code QQ - User-assigned       (00:00.000 / 02:35.647, 3Gb)
Unable to find 3-character code having same country code as ISO 2-char code QR - User-assigned       (00:00.000 / 02:35.647, 3Gb)
Unable to find 3-character code having same country code as ISO 2-char code QS - User-assigned       (00:00.000 / 02:35.648, 3Gb)
Unable to find 3-character code having same country code as ISO 2-char code QT - User-assigned       (00:00.000 / 02:35.649, 3Gb)
Unable to find 3-character code having same country code as ISO 2-char code QU - User-assigned       (00:00.000 / 02:35.649, 3Gb)
Unable to find 3-character code having same country code as ISO 2-char code QV - User-assigned       (00:00.000 / 02:35.650, 3Gb)
Unable to find 3-character code having same country code as ISO 2-char code QW - User-assigned       (00:00.000 / 02:35.650, 3Gb)
Unable to find 3-character code having same country code as ISO 2-char code QX - User-assigned       (00:00.000 / 02:35.651, 3Gb)
Unable to find 3-character code having same country code as ISO 2-char code QY - User-assigned       (00:00.000 / 02:35.652, 3Gb)
Unable to find 3-character code having same country code as ISO 2-char code QZ - User-assigned       (00:00.000 / 02:35.652, 3Gb)
Unable to find 3-character code having same country code as ISO 2-char code XA - User-assigned       (00:00.000 / 02:35.653, 3Gb)
Unable to find 3-character code having same country code as ISO 2-char code XB - User-assigned       (00:00.000 / 02:35.653, 3Gb)
Unable to find 3-character code having same country code as ISO 2-char code XC - User-assigned       (00:00.000 / 02:35.654, 3Gb)
Unable to find 3-character code having same country code as ISO 2-char code XD - User-assigned       (00:00.000 / 02:35.655, 3Gb)
Unable to find 3-character code having same country code as ISO 2-char code XE - User-assigned       (00:00.000 / 02:35.655, 3Gb)
Unable to find 3-character code having same country code as ISO 2-char code XF - User-assigned       (00:00.000 / 02:35.656, 3Gb)
Unable to find 3-character code having same country code as ISO 2-char code XG - User-assigned       (00:00.000 / 02:35.657, 3Gb)
Unable to find 3-character code having same country code as ISO 2-char code XH - User-assigned       (00:00.000 / 02:35.657, 3Gb)
Unable to find 3-character code having same country code as ISO 2-char code XI - User-assigned       (00:00.000 / 02:35.658, 3Gb)
Unable to find 3-character code having same country code as ISO 2-char code XJ - User-assigned       (00:00.000 / 02:35.659, 3Gb)
Unable to find 3-character code having same country code as ISO 2-char code XK - Kosovo              (00:00.000 / 02:35.659, 3Gb)
Unable to find 3-character code having same country code as ISO 2-char code XL - User-assigned       (00:00.000 / 02:35.660, 3Gb)
Unable to find 3-character code having same country code as ISO 2-char code XM - User-assigned       (00:00.000 / 02:35.661, 3Gb)
Unable to find 3-character code having same country code as ISO 2-char code XN - User-assigned       (00:00.000 / 02:35.661, 3Gb)
Unable to find 3-character code having same country code as ISO 2-char code XO - User-assigned       (00:00.000 / 02:35.662, 3Gb)
Unable to find 3-character code having same country code as ISO 2-char code XP - User-assigned       (00:00.000 / 02:35.662, 3Gb)
Unable to find 3-character code having same country code as ISO 2-char code XQ - User-assigned       (00:00.000 / 02:35.662, 3Gb)
Unable to find 3-character code having same country code as ISO 2-char code XR - User-assigned       (00:00.000 / 02:35.663, 3Gb)
Unable to find 3-character code having same country code as ISO 2-char code XS - User-assigned       (00:00.000 / 02:35.663, 3Gb)
Unable to find 3-character code having same country code as ISO 2-char code XT - User-assigned       (00:00.000 / 02:35.664, 3Gb)
Unable to find 3-character code having same country code as ISO 2-char code XU - User-assigned       (00:00.000 / 02:35.664, 3Gb)
Unable to find 3-character code having same country code as ISO 2-char code XV - User-assigned       (00:00.000 / 02:35.665, 3Gb)
Unable to find 3-character code having same country code as ISO 2-char code XW - User-assigned       (00:00.000 / 02:35.665, 3Gb)
Unable to find 3-character code having same country code as ISO 2-char code XX - Unknown             (00:00.000 / 02:35.665, 3Gb)
Unable to find 3-character code having same country code as ISO 2-char code XY - User-assigned       (00:00.000 / 02:35.666, 3Gb)
Unable to find 3-character code having same country code as ISO 2-char code XZ - International Waters (00:00.000 / 02:35.666, 3Gb)
Unable to find 3-character code having same country code as ISO 2-char code ZZ - Unknown or Invalid Territory (00:00.000 / 02:35.667, 3Gb)
DB Cumulative Time invested: 00:00:00.496
Sending Usage Stats to Server                                                                        (00:00.100 / 02:35.767, 3Gb)
## Memory (MB): Use = 3450, Free = 547, Total = 3998, Max = 3998                                     (00:00.002 / 02:35.769, 3Gb)
Reclaiming memory...                                                                                 (00:00.001 / 02:35.771, 3Gb)
## Memory (MB): Use = 1414, Free = 2583, Total = 3998, Max = 3998                                    (00:00.731 / 02:36.503, 1Gb)
Run jekyll: jekyll build --destination "/tmp/ig-builds/ans.fhir.fr.tddui#2.2.0-milestone/output" (in folder /tmp/ig-builds/ans.fhir.fr.tddui#2.2.0-milestone/temp/pages) (00:00.000 / 02:36.504, 1Gb)
Troubleshooting Note: usual cases for Jekyll to fail are:                                            (00:00.000 / 02:36.504, 1Gb)
* A failure to produce a fragment that is already logged in the output above                         (00:00.000 / 02:36.505, 1Gb)
* A reference to a manually edited file that hasn't been provided                                    (00:00.000 / 02:36.505, 1Gb)
Jekyll: Source: /tmp/ig-builds/ans.fhir.fr.tddui#2.2.0-milestone/temp/pages                          (00:00.356 / 02:36.862, 1Gb)
Jekyll: Generating...                                                                                (00:00.000 / 02:36.863, 1Gb)
Jekyll: done in 5.337 seconds.                                                                       (00:05.336 / 02:42.199, 1Gb)
[39m
[0;39m[39mInstalling ans.fhir.fr.tddui#2.2.0
[0;39mChecking Output HTML                                                                                 (00:04.150 / 02:46.350, 1Gb)
Processed /tmp/ig-builds/ans.fhir.fr.tddui#2.2.0-milestone/output - % reduction = 100 (185056414 ==> 1680523)
found 2381 files                                                                                     (00:03.381 / 02:49.731, 1Gb)
........................................
........................................
  ... 2381 html files, 0 pages invalid xhtml (0%)                                                    (00:47.354 / 03:37.086, 1Gb)
  ... 795324 links, 0 broken links (0%)                                                              (00:00.000 / 03:37.087, 1Gb)
Generate fragment-usage-analysis.csv                                                                 (00:00.000 / 03:37.087, 1Gb)
Build final .zip                                                                                     (00:00.006 / 03:37.094, 1Gb)
Final .zip built                                                                                     (00:06.063 / 03:43.158, 1Gb)
Built. Times: loading: 00:06.541, generate: 03:01.264, narrative generation: 00:03.622, realm-rules: 00:00.000, previous-version: 00:00.000, jekyll: 00:05.746, validation: 00:58.173 (#134), template: 00:03.607 (#3) (00:04.992 / 03:48.150, 1Gb)
Generating QA                                                                                        (00:00.000 / 03:48.151, 1Gb)
Validation output in /tmp/ig-builds/ans.fhir.fr.tddui#2.2.0-milestone/output/qa.html
Errors: 111, Warnings: 178, Info: 101, Broken Links: 2 (00:00.272 / 03:48.423, 1Gb)
Finished @ 06/02/2026 14:56. Max Memory Used = 3Gb. Log file saved in /tmp/fhir-ig-publisher-tmp.log (00:00.020 / 03:48.444, 1Gb)
Keep a copy of the build directory at /tmp/web-root/run-20260206/ig-build-zips/ans.fhir.fr.tddui#2.2.0.zip

ok. All checks passed. Publish v2.2.0 to /tmp/web-root/run-20260206/tddui/2.2.0
Copy the IG to /tmp/web-root/run-20260206/tddui/2.2.0
Update /tmp/web-root/run-20260206/tddui/package-list.json
Publish Box Statement: This page is part of the Médicosocial - Transfert de données DUI (v2.2.0: Release) based on <a data-no-external="true" href="http://hl7.org/fhir/R4">FHIR (HL7® FHIR® Standard) R4</a>. This is the current published version in its permanent home (it will always be available at this URL).  For a full list of available versions, see the <a data-no-external="true" href="https://interop.esante.gouv.fr/ig/fhir/tddui/history.html">Directory of published versions</a>
  .. 884 files checked, 884 updated
  .. 417 clones checked, 834 updated
  .. 134 redirections (134 created/updated)
This is a milestone release - publish v2.2.0 to /tmp/web-root/run-20260206/tddui
Update publish box for version 2.2.0-ballot @ https://interop.esante.gouv.fr/ig/fhir/tddui/2.2.0-ballot
Publish Box Statement: This page is part of the Médicosocial - Transfert de données DUI (v2.2.0-ballot: Release) based on <a data-no-external="true" href="http://hl7.org/fhir/R4">FHIR (HL7® FHIR® Standard) R4</a>. The current version which supersedes this version is <a data-no-external="true" href="https://interop.esante.gouv.fr/ig/fhir/tddui{{fn}}">2.2.0</a>.  For a full list of available versions, see the <a data-no-external="true" href="https://interop.esante.gouv.fr/ig/fhir/tddui/history.html">Directory of published versions</a>
  .. 841 files checked, 841 updated
  .. 387 clones checked, 0 updated
Building download for /tmp/web-root/run-20260206/tddui/2.2.0-ballot url = https://interop.esante.gouv.fr/ig/fhir/tddui/2.2.0-ballot, canonical = https://interop.esante.gouv.fr/ig/fhir/tddui
  ................................................................................
  ............................
 ..Finished
Update publish box for version 2.1.0 @ https://interop.esante.gouv.fr/ig/fhir/tddui/2.1.0
Publish Box Statement: This page is part of the Médicosocial - Transfert de données DUI (v2.1.0: Release) based on <a data-no-external="true" href="http://hl7.org/fhir/R4">FHIR (HL7® FHIR® Standard) R4</a>. The current version which supersedes this version is <a data-no-external="true" href="https://interop.esante.gouv.fr/ig/fhir/tddui{{fn}}">2.2.0</a>.  For a full list of available versions, see the <a data-no-external="true" href="https://interop.esante.gouv.fr/ig/fhir/tddui/history.html">Directory of published versions</a>
  .. 433 files checked, 433 updated
  .. 206 clones checked, 0 updated
Building download for /tmp/web-root/run-20260206/tddui/2.1.0 url = https://interop.esante.gouv.fr/ig/fhir/tddui/2.1.0, canonical = https://interop.esante.gouv.fr/ig/fhir/tddui
  ..........................................................
 ..Finished
Update publish box for version 2.1.0-ballot @ https://interop.esante.gouv.fr/ig/fhir/tddui/2.1.0-ballot
Publish Box Statement: This page is part of the Médicosocial - Transfert de données DUI (v2.1.0-ballot: Release) based on <a data-no-external="true" href="http://hl7.org/fhir/R4">FHIR (HL7® FHIR® Standard) R4</a>. The current version which supersedes this version is <a data-no-external="true" href="https://interop.esante.gouv.fr/ig/fhir/tddui{{fn}}">2.2.0</a>.  For a full list of available versions, see the <a data-no-external="true" href="https://interop.esante.gouv.fr/ig/fhir/tddui/history.html">Directory of published versions</a>
  .. 433 files checked, 433 updated
  .. 160 clones checked, 0 updated
Building download for /tmp/web-root/run-20260206/tddui/2.1.0-ballot url = https://interop.esante.gouv.fr/ig/fhir/tddui/2.1.0-ballot, canonical = https://interop.esante.gouv.fr/ig/fhir/tddui
  .....................................................
 ..Finished
Update publish box for version 2.0.0 @ https://interop.esante.gouv.fr/ig/fhir/tddui/2.0.0
Publish Box Statement: This page is part of the Médicosocial - Transfert de données DUI (v2.0.0: Release) based on <a data-no-external="true" href="http://hl7.org/fhir/R4">FHIR (HL7® FHIR® Standard) R4</a>. The current version which supersedes this version is <a data-no-external="true" href="https://interop.esante.gouv.fr/ig/fhir/tddui{{fn}}">2.2.0</a>.  For a full list of available versions, see the <a data-no-external="true" href="https://interop.esante.gouv.fr/ig/fhir/tddui/history.html">Directory of published versions</a>
  .. 163 files checked, 163 updated
  .. 82 clones checked, 0 updated
Building download for /tmp/web-root/run-20260206/tddui/2.0.0 url = https://interop.esante.gouv.fr/ig/fhir/tddui/2.0.0, canonical = https://interop.esante.gouv.fr/ig/fhir/tddui
  ........................
 ..Finished
Update publish box for version 2.0.0-ballot @ https://interop.esante.gouv.fr/ig/fhir/tddui/2.0.0-ballot
Publish Box Statement: This page is part of the Médicosocial - Transfert de données DUI (v2.0.0-ballot: Release) based on <a data-no-external="true" href="http://hl7.org/fhir/R4">FHIR (HL7® FHIR® Standard) R4</a>. The current version which supersedes this version is <a data-no-external="true" href="https://interop.esante.gouv.fr/ig/fhir/tddui{{fn}}">2.2.0</a>.  For a full list of available versions, see the <a data-no-external="true" href="https://interop.esante.gouv.fr/ig/fhir/tddui/history.html">Directory of published versions</a>
  .. 163 files checked, 163 updated
  .. 52 clones checked, 0 updated
Update publish box for version 1.1.0 @ https://interop.esante.gouv.fr/ig/fhir/tddui/1.1.0
Publish Box Statement: This page is part of the Médicosocial - Transfert de données DUI (v1.1.0: Release) based on <a data-no-external="true" href="http://hl7.org/fhir/R4">FHIR (HL7® FHIR® Standard) R4</a>. The current version which supersedes this version is <a data-no-external="true" href="https://interop.esante.gouv.fr/ig/fhir/tddui{{fn}}">2.2.0</a>.  For a full list of available versions, see the <a data-no-external="true" href="https://interop.esante.gouv.fr/ig/fhir/tddui/history.html">Directory of published versions</a>
no html insert in /tmp/web-root/run-20260206/tddui/1.1.0/cda/voc-1.2.250.1.213.1.1.5.808-2024-09-18T000000.html
no html insert in /tmp/web-root/run-20260206/tddui/1.1.0/cda/tmp-1.2.250.1.213.1.1.3.48.18-2024-11-14T165825.html
no html insert in /tmp/web-root/run-20260206/tddui/1.1.0/cda/voc-1.2.250.1.213.3.3.252-2024-10-25T120000.html
no html insert in /tmp/web-root/run-20260206/tddui/1.1.0/cda/tmp-1.2.250.1.213.1.1.1.58-2025-01-21T160337.html
no html insert in /tmp/web-root/run-20260206/tddui/1.1.0/cda/tmp-1.2.250.1.213.1.1.3.218-2024-09-17T165718.html
no html insert in /tmp/web-root/run-20260206/tddui/1.1.0/cda/tmp-1.2.250.1.213.1.1.1.1.10.4-2024-11-20T161310.html
no html insert in /tmp/web-root/run-20260206/tddui/1.1.0/cda/voc-1.2.250.1.213.3.3.16-2016-09-01T000000.html
no html insert in /tmp/web-root/run-20260206/tddui/1.1.0/cda/voc-1.2.250.1.213.1.1.5.590-2021-03-26T120000.html
no html insert in /tmp/web-root/run-20260206/tddui/1.1.0/cda/tmp-1.2.250.1.213.1.1.3.18-2024-10-29T143105.html
no html insert in /tmp/web-root/run-20260206/tddui/1.1.0/cda/voc-1.2.250.1.213.3.3.251-2024-10-25T120000.html
no html insert in /tmp/web-root/run-20260206/tddui/1.1.0/cda/voc-1.2.250.1.213.1.1.5.809-2024-09-18T000000.html
no html insert in /tmp/web-root/run-20260206/tddui/1.1.0/cda/tmp-1.2.250.1.213.1.1.3.32-2024-10-29T142132.html
no html insert in /tmp/web-root/run-20260206/tddui/1.1.0/cda/tmp-1.2.250.1.213.1.1.1.1.10.13-2023-12-15T171555.html
no html insert in /tmp/web-root/run-20260206/tddui/1.1.0/cda/voc-1.2.250.1.213.1.1.5.73-2010-01-01T000000.html
no html insert in /tmp/web-root/run-20260206/tddui/1.1.0/cda/voc-1.2.250.1.213.1.1.5.802-2024-09-06T000000.html
no html insert in /tmp/web-root/run-20260206/tddui/1.1.0/cda/voc-1.2.250.1.213.1.1.5.124-2018-03-30T120000.html
no html insert in /tmp/web-root/run-20260206/tddui/1.1.0/cda/voc-2.16.840.1.113883.1.11.10228-2014-03-26T000000.html
no html insert in /tmp/web-root/run-20260206/tddui/1.1.0/cda/tmp-1.2.250.1.213.1.1.3.48-2024-10-29T154828.html
no html insert in /tmp/web-root/run-20260206/tddui/1.1.0/cda/voc-2.16.840.1.113883.1.11.10901-2014-03-26T000000.html
no html insert in /tmp/web-root/run-20260206/tddui/1.1.0/cda/tmp-1.2.250.1.213.1.1.1.1.10.17-2024-02-20T154733.html
no html insert in /tmp/web-root/run-20260206/tddui/1.1.0/cda/voc-2.16.840.1.113883.1.11.15933-2014-03-26T000000.html
no html insert in /tmp/web-root/run-20260206/tddui/1.1.0/cda/tmp-1.2.250.1.213.1.1.1.1.10.7-2024-09-27T104314.html
no html insert in /tmp/web-root/run-20260206/tddui/1.1.0/cda/voc-1.2.250.1.213.1.1.5.466-2014-10-08T000000.html
no html insert in /tmp/web-root/run-20260206/tddui/1.1.0/cda/voc-1.2.250.1.213.1.1.5.804-2024-09-06T000000.html
no html insert in /tmp/web-root/run-20260206/tddui/1.1.0/cda/tmp-1.2.250.1.213.1.1.2.249-2024-09-18T104731.html
no html insert in /tmp/web-root/run-20260206/tddui/1.1.0/cda/tmp-1.2.250.1.213.1.1.3.94-2024-10-29T152810.html
no html insert in /tmp/web-root/run-20260206/tddui/1.1.0/cda/voc-1.2.250.1.213.1.1.5.126-2010-01-01T000000.html
no html insert in /tmp/web-root/run-20260206/tddui/1.1.0/cda/tmp-1.2.250.1.213.1.1.3.217-2024-09-06T142804.html
no html insert in /tmp/web-root/run-20260206/tddui/1.1.0/cda/voc-1.2.250.1.213.1.1.5.53-2010-01-01T000000.html
no html insert in /tmp/web-root/run-20260206/tddui/1.1.0/cda/voc-1.2.250.1.213.1.1.5.467-2010-11-04T000000.html
no html insert in /tmp/web-root/run-20260206/tddui/1.1.0/cda/voc-1.2.250.1.213.1.1.5.801-2024-09-02T000000.html
no html insert in /tmp/web-root/run-20260206/tddui/1.1.0/cda/tmp-1.2.250.1.213.1.1.3.61-2024-10-29T142700.html
no html insert in /tmp/web-root/run-20260206/tddui/1.1.0/cda/tmp-1.2.250.1.213.1.1.3.214-2024-11-19T121425.html
no html insert in /tmp/web-root/run-20260206/tddui/1.1.0/cda/tmp-1.2.250.1.213.1.1.1.1.10.16-2023-12-15T170436.html
no html insert in /tmp/web-root/run-20260206/tddui/1.1.0/cda/voc-1.2.250.1.213.1.1.5.528-2021-01-29T120000.html
no html insert in /tmp/web-root/run-20260206/tddui/1.1.0/cda/voc-1.2.250.1.213.1.1.1.58.2024.11.2-2024-09-30T145837.html
no html insert in /tmp/web-root/run-20260206/tddui/1.1.0/cda/voc-1.2.250.1.213.1.1.5.803-2024-09-06T000000.html
no html insert in /tmp/web-root/run-20260206/tddui/1.1.0/cda/tmp-1.2.250.1.213.1.1.3.48.7-2024-10-21T174323.html
no html insert in /tmp/web-root/run-20260206/tddui/1.1.0/cda/tmp-1.2.250.1.213.1.1.3.219-2024-10-17T211142.html
no html insert in /tmp/web-root/run-20260206/tddui/1.1.0/cda/tmp-1.2.250.1.213.1.1.3.216-2024-12-19T141744.html
no html insert in /tmp/web-root/run-20260206/tddui/1.1.0/cda/tmp-1.2.250.1.213.1.1.1.1.10.14-2023-12-15T163609.html
no html insert in /tmp/web-root/run-20260206/tddui/1.1.0/cda/voc-1.2.250.1.213.1.1.5.807-2024-09-18T000000.html
no html insert in /tmp/web-root/run-20260206/tddui/1.1.0/cda/voc-1.2.250.1.213.1.1.1.58.2024.11.1-2024-09-30T145433.html
no html insert in /tmp/web-root/run-20260206/tddui/1.1.0/cda/tmp-1.2.250.1.213.1.1.2.248-2024-09-06T174901.html
no html insert in /tmp/web-root/run-20260206/tddui/1.1.0/cda/tmp-1.2.250.1.213.1.1.3.48.6-2024-10-29T152050.html
no html insert in /tmp/web-root/run-20260206/tddui/1.1.0/cda/voc-1.2.250.1.213.1.1.5.718-2023-03-31T120000.html
no html insert in /tmp/web-root/run-20260206/tddui/1.1.0/cda/voc-1.2.250.1.213.1.1.5.461-2012-11-12T000000.html
no html insert in /tmp/web-root/run-20260206/tddui/1.1.0/cda/tmp-1.2.250.1.213.1.1.1.1.10.25-2024-09-30T105040.html
no html insert in /tmp/web-root/run-20260206/tddui/1.1.0/cda/voc-1.2.250.1.213.1.1.5.816-2024-12-19T000000.html
no html insert in /tmp/web-root/run-20260206/tddui/1.1.0/cda/voc-1.2.250.1.213.1.1.5.588-2021-03-26T120000.html
no html insert in /tmp/web-root/run-20260206/tddui/1.1.0/cda/tmp-1.2.250.1.213.1.1.1.1.10.12-2024-09-10T104919.html
no html insert in /tmp/web-root/run-20260206/tddui/1.1.0/cda/terminology.html
no html insert in /tmp/web-root/run-20260206/tddui/1.1.0/cda/tmp-1.2.250.1.213.1.1.1.99.99.10.85-2024-10-31T171901.html
no html insert in /tmp/web-root/run-20260206/tddui/1.1.0/cda/voc-1.2.250.1.213.1.1.5.591-2021-03-26T120000.html
no html insert in /tmp/web-root/run-20260206/tddui/1.1.0/cda/voc-1.2.250.1.213.3.3.253-2024-10-25T120000.html
no html insert in /tmp/web-root/run-20260206/tddui/1.1.0/cda/tmp-1.2.250.1.213.1.1.1.1.10.5-2017-12-11T145049.html
no html insert in /tmp/web-root/run-20260206/tddui/1.1.0/cda/voc-1.2.250.1.213.1.1.5.125-2010-01-01T000000.html
no html insert in /tmp/web-root/run-20260206/tddui/1.1.0/cda/tmp-1.2.250.1.213.1.1.1.1.10.6-2024-10-11T151018.html
no html insert in /tmp/web-root/run-20260206/tddui/1.1.0/cda/tmp-1.2.250.1.213.1.1.1.1.10.2-2024-12-20T130919.html
no html insert in /tmp/web-root/run-20260206/tddui/1.1.0/cda/tmp-1.2.250.1.213.1.1.1.1.10.9-2023-12-14T150730.html
no html insert in /tmp/web-root/run-20260206/tddui/1.1.0/cda/tmp-1.2.250.1.213.1.1.1.1.10.3-2024-04-29T110947.html
no html insert in /tmp/web-root/run-20260206/tddui/1.1.0/cda/voc-1.2.250.1.213.3.3.254-2024-10-25T120000.html
no html insert in /tmp/web-root/run-20260206/tddui/1.1.0/cda/voc-1.2.250.1.213.1.1.5.811-2024-09-24T000000.html
no html insert in /tmp/web-root/run-20260206/tddui/1.1.0/cda/tmp-1.2.250.1.213.1.1.2.246-2024-10-21T160707.html
no html insert in /tmp/web-root/run-20260206/tddui/1.1.0/cda/tmp-1.2.250.1.213.1.1.3.215-2024-10-18T170010.html
no html insert in /tmp/web-root/run-20260206/tddui/1.1.0/cda/tmp-1.2.250.1.213.1.1.3.95-2024-10-16T152305.html
no html insert in /tmp/web-root/run-20260206/tddui/1.1.0/cda/voc-1.2.250.1.213.1.1.5.140-2010-01-01T000000.html
no html insert in /tmp/web-root/run-20260206/tddui/1.1.0/cda/tmp-1.2.250.1.213.1.1.3.36-2024-11-14T144916.html
no html insert in /tmp/web-root/run-20260206/tddui/1.1.0/cda/voc-1.2.250.1.213.1.1.5.805-2025-01-15T171230.html
no html insert in /tmp/web-root/run-20260206/tddui/1.1.0/cda/tmp-1.2.250.1.213.1.1.1.1.10.15-2023-12-15T171349.html
no html insert in /tmp/web-root/run-20260206/tddui/1.1.0/cda/voc-1.2.250.1.213.1.1.5.817-2024-12-19T000000.html
no html insert in /tmp/web-root/run-20260206/tddui/1.1.0/cda/voc-1.2.250.1.213.1.1.5.589-2021-03-26T120000.html
no html insert in /tmp/web-root/run-20260206/tddui/1.1.0/cda/tmp-1.2.250.1.213.1.1.3.109-2024-11-20T154401.html
no html insert in /tmp/web-root/run-20260206/tddui/1.1.0/cda/tmp-1.2.250.1.213.1.1.3.25-2024-10-21T164618.html
no html insert in /tmp/web-root/run-20260206/tddui/1.1.0/cda/tmp-1.2.250.1.213.1.1.1.1.10.11-2024-10-22T162900.html
no html insert in /tmp/web-root/run-20260206/tddui/1.1.0/cda/voc-1.2.250.1.213.1.1.5.719-2023-03-31T120000.html
no html insert in /tmp/web-root/run-20260206/tddui/1.1.0/cda/voc-1.2.250.1.213.1.6.1.168-2019-08-30T120000.html
no html insert in /tmp/web-root/run-20260206/tddui/1.1.0/cda/voc-1.2.250.1.213.3.4.219-2024-09-27T120000.html
no html insert in /tmp/web-root/run-20260206/tddui/1.1.0/cda/voc-1.2.250.1.213.1.1.5.806-2025-01-15T171206.html
no html insert in /tmp/web-root/run-20260206/tddui/1.1.0/cda/tmp-1.2.250.1.213.1.1.1.1.10.10-2024-12-03T172030.html
no html insert in /tmp/web-root/run-20260206/tddui/1.1.0/cda/tmp-1.2.250.1.213.1.1.1.1.10.19-2020-02-06T100000.html
no html insert in /tmp/web-root/run-20260206/tddui/1.1.0/cda/voc-1.2.250.1.213.1.1.1.58.2024.11.3-2024-09-30T150022.html
no html insert in /tmp/web-root/run-20260206/tddui/1.1.0/cda/tmp-1.2.250.1.213.1.1.3.24-2024-09-10T092953.html
no html insert in /tmp/web-root/run-20260206/tddui/1.1.0/cda/voc-1.2.250.1.213.3.4.218-2023-12-15T120000.html
no html insert in /tmp/web-root/run-20260206/tddui/1.1.0/cda/tmp-1.2.250.1.213.1.1.2.79-2024-10-29T140733.html
no html insert in /tmp/web-root/run-20260206/tddui/1.1.0/cda/tmp-1.2.250.1.213.1.1.1.1.10.18-2024-04-22T162929.html
no html insert in /tmp/web-root/run-20260206/tddui/1.1.0/cda/tmp-1.2.250.1.213.1.1.2.37-2024-10-29T141153.html
no html insert in /tmp/web-root/run-20260206/tddui/1.1.0/cda/tmp-1.2.250.1.213.1.1.3.220-2024-11-19T102244.html
  .. 81 files checked, 81 updated
  .. 27 clones checked, 0 updated
Update publish box for version 1.1.0-ballot @ https://interop.esante.gouv.fr/ig/fhir/tddui/1.1.0-ballot
Publish Box Statement: This page is part of the Médicosocial - Transfert de données DUI (v1.1.0-ballot: Release) based on <a data-no-external="true" href="http://hl7.org/fhir/R4">FHIR (HL7® FHIR® Standard) R4</a>. The current version which supersedes this version is <a data-no-external="true" href="https://interop.esante.gouv.fr/ig/fhir/tddui{{fn}}">2.2.0</a>.  For a full list of available versions, see the <a data-no-external="true" href="https://interop.esante.gouv.fr/ig/fhir/tddui/history.html">Directory of published versions</a>
no html insert in /tmp/web-root/run-20260206/tddui/1.1.0-ballot/cda/TDDUI-html/tmp-1.2.250.1.213.1.1.3.36-2024-10-29T154421.html
no html insert in /tmp/web-root/run-20260206/tddui/1.1.0-ballot/cda/TDDUI-html/tmp-1.2.250.1.213.1.1.3.109-2024-06-14T153411.html
no html insert in /tmp/web-root/run-20260206/tddui/1.1.0-ballot/cda/TDDUI-html/voc-1.2.250.1.213.1.1.5.808-2024-09-18T000000.html
no html insert in /tmp/web-root/run-20260206/tddui/1.1.0-ballot/cda/TDDUI-html/tmp-1.2.250.1.213.1.1.3.218-2024-09-17T165718.html
no html insert in /tmp/web-root/run-20260206/tddui/1.1.0-ballot/cda/TDDUI-html/voc-1.2.250.1.213.3.3.16-2016-09-01T000000.html
no html insert in /tmp/web-root/run-20260206/tddui/1.1.0-ballot/cda/TDDUI-html/voc-1.2.250.1.213.1.1.5.590-2021-03-26T120000.html
no html insert in /tmp/web-root/run-20260206/tddui/1.1.0-ballot/cda/TDDUI-html/tmp-1.2.250.1.213.1.1.3.18-2024-10-29T143105.html
no html insert in /tmp/web-root/run-20260206/tddui/1.1.0-ballot/cda/TDDUI-html/voc-1.2.250.1.213.1.1.5.809-2024-09-18T000000.html
no html insert in /tmp/web-root/run-20260206/tddui/1.1.0-ballot/cda/TDDUI-html/tmp-1.2.250.1.213.1.1.3.32-2024-10-29T142132.html
no html insert in /tmp/web-root/run-20260206/tddui/1.1.0-ballot/cda/TDDUI-html/tmp-1.2.250.1.213.1.1.1.1.10.13-2023-12-15T171555.html
no html insert in /tmp/web-root/run-20260206/tddui/1.1.0-ballot/cda/TDDUI-html/voc-1.2.250.1.213.1.1.5.73-2010-01-01T000000.html
no html insert in /tmp/web-root/run-20260206/tddui/1.1.0-ballot/cda/TDDUI-html/voc-1.2.250.1.213.1.1.5.802-2024-09-06T000000.html
no html insert in /tmp/web-root/run-20260206/tddui/1.1.0-ballot/cda/TDDUI-html/voc-1.2.250.1.213.1.1.5.124-2018-03-30T120000.html
no html insert in /tmp/web-root/run-20260206/tddui/1.1.0-ballot/cda/TDDUI-html/voc-2.16.840.1.113883.1.11.10228-2014-03-26T000000.html
no html insert in /tmp/web-root/run-20260206/tddui/1.1.0-ballot/cda/TDDUI-html/tmp-1.2.250.1.213.1.1.3.48-2024-10-29T154828.html
no html insert in /tmp/web-root/run-20260206/tddui/1.1.0-ballot/cda/TDDUI-html/voc-2.16.840.1.113883.1.11.10901-2014-03-26T000000.html
no html insert in /tmp/web-root/run-20260206/tddui/1.1.0-ballot/cda/TDDUI-html/tmp-1.2.250.1.213.1.1.1.1.10.17-2024-02-20T154733.html
no html insert in /tmp/web-root/run-20260206/tddui/1.1.0-ballot/cda/TDDUI-html/voc-2.16.840.1.113883.1.11.15933-2014-03-26T000000.html
no html insert in /tmp/web-root/run-20260206/tddui/1.1.0-ballot/cda/TDDUI-html/tmp-1.2.250.1.213.1.1.1.1.10.7-2024-09-27T104314.html
no html insert in /tmp/web-root/run-20260206/tddui/1.1.0-ballot/cda/TDDUI-html/voc-1.2.250.1.213.1.1.5.804-2024-09-06T000000.html
no html insert in /tmp/web-root/run-20260206/tddui/1.1.0-ballot/cda/TDDUI-html/tmp-1.2.250.1.213.1.1.2.249-2024-09-18T104731.html
no html insert in /tmp/web-root/run-20260206/tddui/1.1.0-ballot/cda/TDDUI-html/tmp-1.2.250.1.213.1.1.3.94-2024-10-29T152810.html
no html insert in /tmp/web-root/run-20260206/tddui/1.1.0-ballot/cda/TDDUI-html/voc-1.2.250.1.213.1.1.5.466-2024-10-31T144004.html
no html insert in /tmp/web-root/run-20260206/tddui/1.1.0-ballot/cda/TDDUI-html/tmp-1.2.250.1.213.1.1.3.216-2024-10-18T100433.html
no html insert in /tmp/web-root/run-20260206/tddui/1.1.0-ballot/cda/TDDUI-html/voc-1.2.250.1.213.1.1.5.126-2010-01-01T000000.html
no html insert in /tmp/web-root/run-20260206/tddui/1.1.0-ballot/cda/TDDUI-html/tmp-1.2.250.1.213.1.1.1.99.99.10.85-2023-10-13T105059.html
no html insert in /tmp/web-root/run-20260206/tddui/1.1.0-ballot/cda/TDDUI-html/tmp-1.2.250.1.213.1.1.3.217-2024-09-06T142804.html
no html insert in /tmp/web-root/run-20260206/tddui/1.1.0-ballot/cda/TDDUI-html/voc-1.2.250.1.213.1.1.5.53-2010-01-01T000000.html
no html insert in /tmp/web-root/run-20260206/tddui/1.1.0-ballot/cda/TDDUI-html/voc-1.2.250.1.213.1.1.5.467-2010-11-04T000000.html
no html insert in /tmp/web-root/run-20260206/tddui/1.1.0-ballot/cda/TDDUI-html/voc-1.2.250.1.213.1.1.5.801-2024-09-02T000000.html
no html insert in /tmp/web-root/run-20260206/tddui/1.1.0-ballot/cda/TDDUI-html/tmp-1.2.250.1.213.1.1.3.61-2024-10-29T142700.html
no html insert in /tmp/web-root/run-20260206/tddui/1.1.0-ballot/cda/TDDUI-html/tmp-1.2.250.1.213.1.1.3.214-2024-10-21T172216.html
no html insert in /tmp/web-root/run-20260206/tddui/1.1.0-ballot/cda/TDDUI-html/tmp-1.2.250.1.213.1.1.1.1.10.16-2023-12-15T170436.html
no html insert in /tmp/web-root/run-20260206/tddui/1.1.0-ballot/cda/TDDUI-html/voc-1.2.250.1.213.1.1.5.528-2021-01-29T120000.html
no html insert in /tmp/web-root/run-20260206/tddui/1.1.0-ballot/cda/TDDUI-html/voc-1.2.250.1.213.1.1.1.58.2024.11.2-2024-09-30T145837.html
no html insert in /tmp/web-root/run-20260206/tddui/1.1.0-ballot/cda/TDDUI-html/voc-1.2.250.1.213.1.1.5.803-2024-09-06T000000.html
no html insert in /tmp/web-root/run-20260206/tddui/1.1.0-ballot/cda/TDDUI-html/tmp-1.2.250.1.213.1.1.3.48.7-2024-10-21T174323.html
no html insert in /tmp/web-root/run-20260206/tddui/1.1.0-ballot/cda/TDDUI-html/tmp-1.2.250.1.213.1.1.3.219-2024-10-17T211142.html
no html insert in /tmp/web-root/run-20260206/tddui/1.1.0-ballot/cda/TDDUI-html/tmp-1.2.250.1.213.1.1.1.1.10.14-2023-12-15T163609.html
no html insert in /tmp/web-root/run-20260206/tddui/1.1.0-ballot/cda/TDDUI-html/voc-1.2.250.1.213.1.1.5.807-2024-09-18T000000.html
no html insert in /tmp/web-root/run-20260206/tddui/1.1.0-ballot/cda/TDDUI-html/voc-1.2.250.1.213.1.1.1.58.2024.11.1-2024-09-30T145433.html
no html insert in /tmp/web-root/run-20260206/tddui/1.1.0-ballot/cda/TDDUI-html/tmp-1.2.250.1.213.1.1.2.248-2024-09-06T174901.html
no html insert in /tmp/web-root/run-20260206/tddui/1.1.0-ballot/cda/TDDUI-html/tmp-1.2.250.1.213.1.1.3.48.6-2024-10-29T152050.html
no html insert in /tmp/web-root/run-20260206/tddui/1.1.0-ballot/cda/TDDUI-html/voc-1.2.250.1.213.1.1.5.718-2023-03-31T120000.html
no html insert in /tmp/web-root/run-20260206/tddui/1.1.0-ballot/cda/TDDUI-html/voc-1.2.250.1.213.1.1.5.461-2012-11-12T000000.html
no html insert in /tmp/web-root/run-20260206/tddui/1.1.0-ballot/cda/TDDUI-html/tmp-1.2.250.1.213.1.1.1.1.10.25-2024-09-30T105040.html
no html insert in /tmp/web-root/run-20260206/tddui/1.1.0-ballot/cda/TDDUI-html/voc-1.2.250.1.213.1.1.5.588-2021-03-26T120000.html
no html insert in /tmp/web-root/run-20260206/tddui/1.1.0-ballot/cda/TDDUI-html/tmp-1.2.250.1.213.1.1.1.1.10.12-2024-09-10T104919.html
no html insert in /tmp/web-root/run-20260206/tddui/1.1.0-ballot/cda/TDDUI-html/terminology.html
no html insert in /tmp/web-root/run-20260206/tddui/1.1.0-ballot/cda/TDDUI-html/voc-1.2.250.1.213.1.1.5.591-2021-03-26T120000.html
no html insert in /tmp/web-root/run-20260206/tddui/1.1.0-ballot/cda/TDDUI-html/tmp-1.2.250.1.213.1.1.1.1.10.5-2017-12-11T145049.html
no html insert in /tmp/web-root/run-20260206/tddui/1.1.0-ballot/cda/TDDUI-html/voc-1.2.250.1.213.1.1.5.125-2010-01-01T000000.html
no html insert in /tmp/web-root/run-20260206/tddui/1.1.0-ballot/cda/TDDUI-html/tmp-1.2.250.1.213.1.1.1.1.10.6-2024-10-11T151018.html
no html insert in /tmp/web-root/run-20260206/tddui/1.1.0-ballot/cda/TDDUI-html/tmp-1.2.250.1.213.1.1.1.1.10.9-2023-12-14T150730.html
no html insert in /tmp/web-root/run-20260206/tddui/1.1.0-ballot/cda/TDDUI-html/tmp-1.2.250.1.213.1.1.1.1.10.4-2023-12-15T171243.html
no html insert in /tmp/web-root/run-20260206/tddui/1.1.0-ballot/cda/TDDUI-html/tmp-1.2.250.1.213.1.1.1.1.10.3-2024-04-29T110947.html
no html insert in /tmp/web-root/run-20260206/tddui/1.1.0-ballot/cda/TDDUI-html/tmp-1.2.250.1.213.1.1.1.1.10.10-2023-12-15T171520.html
no html insert in /tmp/web-root/run-20260206/tddui/1.1.0-ballot/cda/TDDUI-html/voc-1.2.250.1.213.1.1.5.811-2024-09-24T000000.html
no html insert in /tmp/web-root/run-20260206/tddui/1.1.0-ballot/cda/TDDUI-html/tmp-1.2.250.1.213.1.1.2.246-2024-10-21T160707.html
no html insert in /tmp/web-root/run-20260206/tddui/1.1.0-ballot/cda/TDDUI-html/tmp-1.2.250.1.213.1.1.3.215-2024-10-18T170010.html
no html insert in /tmp/web-root/run-20260206/tddui/1.1.0-ballot/cda/TDDUI-html/tmp-1.2.250.1.213.1.1.3.95-2024-10-16T152305.html
no html insert in /tmp/web-root/run-20260206/tddui/1.1.0-ballot/cda/TDDUI-html/voc-1.2.250.1.213.1.1.5.140-2010-01-01T000000.html
no html insert in /tmp/web-root/run-20260206/tddui/1.1.0-ballot/cda/TDDUI-html/tmp-1.2.250.1.213.1.1.1.1.10.2-2023-12-15T171133.html
no html insert in /tmp/web-root/run-20260206/tddui/1.1.0-ballot/cda/TDDUI-html/tmp-1.2.250.1.213.1.1.1.1.10.15-2023-12-15T171349.html
no html insert in /tmp/web-root/run-20260206/tddui/1.1.0-ballot/cda/TDDUI-html/voc-1.2.250.1.213.1.1.5.589-2021-03-26T120000.html
no html insert in /tmp/web-root/run-20260206/tddui/1.1.0-ballot/cda/TDDUI-html/tmp-1.2.250.1.213.1.1.3.25-2024-10-21T164618.html
no html insert in /tmp/web-root/run-20260206/tddui/1.1.0-ballot/cda/TDDUI-html/tmp-1.2.250.1.213.1.1.1.1.10.11-2024-10-22T162900.html
no html insert in /tmp/web-root/run-20260206/tddui/1.1.0-ballot/cda/TDDUI-html/tmp-1.2.250.1.213.1.1.1.58-2024-07-04T090407.html
no html insert in /tmp/web-root/run-20260206/tddui/1.1.0-ballot/cda/TDDUI-html/voc-1.2.250.1.213.1.1.5.719-2023-03-31T120000.html
no html insert in /tmp/web-root/run-20260206/tddui/1.1.0-ballot/cda/TDDUI-html/voc-1.2.250.1.213.1.6.1.168-2019-08-30T120000.html
no html insert in /tmp/web-root/run-20260206/tddui/1.1.0-ballot/cda/TDDUI-html/voc-1.2.250.1.213.3.4.219-2024-09-27T120000.html
no html insert in /tmp/web-root/run-20260206/tddui/1.1.0-ballot/cda/TDDUI-html/tmp-1.2.250.1.213.1.1.3.48.18-2024-09-17T093403.html
no html insert in /tmp/web-root/run-20260206/tddui/1.1.0-ballot/cda/TDDUI-html/tmp-1.2.250.1.213.1.1.1.1.10.19-2020-02-06T100000.html
no html insert in /tmp/web-root/run-20260206/tddui/1.1.0-ballot/cda/TDDUI-html/voc-1.2.250.1.213.1.1.1.58.2024.11.3-2024-09-30T150022.html
no html insert in /tmp/web-root/run-20260206/tddui/1.1.0-ballot/cda/TDDUI-html/tmp-1.2.250.1.213.1.1.3.24-2024-09-10T092953.html
no html insert in /tmp/web-root/run-20260206/tddui/1.1.0-ballot/cda/TDDUI-html/tmp-1.2.250.1.213.1.1.2.79-2024-10-29T140733.html
no html insert in /tmp/web-root/run-20260206/tddui/1.1.0-ballot/cda/TDDUI-html/tmp-1.2.250.1.213.1.1.1.1.10.18-2024-04-22T162929.html
no html insert in /tmp/web-root/run-20260206/tddui/1.1.0-ballot/cda/TDDUI-html/tmp-1.2.250.1.213.1.1.2.37-2024-10-29T141153.html
  .. 74 files checked, 74 updated
  .. 47 clones checked, 0 updated
Update publish box for version 1.0.1 @ https://interop.esante.gouv.fr/ig/fhir/tddui/1.0.1
Publish Box Statement: This page is part of the Médicosocial - Transfert de données DUI (v1.0.1: Release) based on <a data-no-external="true" href="http://hl7.org/fhir/R4">FHIR (HL7® FHIR® Standard) R4</a>. The current version which supersedes this version is <a data-no-external="true" href="https://interop.esante.gouv.fr/ig/fhir/tddui{{fn}}">2.2.0</a>.  For a full list of available versions, see the <a data-no-external="true" href="https://interop.esante.gouv.fr/ig/fhir/tddui/history.html">Directory of published versions</a>
  .. 49 files checked, 49 updated
  .. 22 clones checked, 0 updated
Update publish box for version 1.0.1-ballot @ https://interop.esante.gouv.fr/ig/fhir/tddui/1.0.1-ballot
Publish Box Statement: This page is part of the Médicosocial - Transfert de données DUI (v1.0.1-ballot: Release) based on <a data-no-external="true" href="http://hl7.org/fhir/R4">FHIR (HL7® FHIR® Standard) R4</a>. The current version which supersedes this version is <a data-no-external="true" href="https://interop.esante.gouv.fr/ig/fhir/tddui{{fn}}">2.2.0</a>.  For a full list of available versions, see the <a data-no-external="true" href="https://interop.esante.gouv.fr/ig/fhir/tddui/history.html">Directory of published versions</a>
  .. 49 files checked, 49 updated
  .. 14 clones checked, 0 updated
Publish Box Statement: This page is part of the Médicosocial - Transfert de données DUI (v2.2.0: Release) based on <a data-no-external="true" href="http://hl7.org/fhir/R4">FHIR (HL7® FHIR® Standard) R4</a>. This is the current published version.  For a full list of available versions, see the <a data-no-external="true" href="https://interop.esante.gouv.fr/ig/fhir/tddui/history.html">Directory of published versions</a>
  .. 884 files checked, 884 updated
  .. 271 clones checked, 542 updated
  .. 134 redirections (134 created/updated)
Check for Files to delete
  ... 0 files
Copy to new IG /tmp/web-root/run-20260206/tddui
ans.fhir.fr.tddui (https://interop.esante.gouv.fr/ig/fhir/tddui): Médicosocial - Transfert de données DUI @ https://ansforge.github.io/IG-fhir-medicosocial-transfert-donnees-dui/ig/main
  release: public-comment 2.2.0/4.0.1 @ https://interop.esante.gouv.fr/ig/fhir/tddui/2.2.0
Build is complete. Copy from /tmp/web-root/run-20260206
Update history page at /tmp/web-root/run-20260206/tddui from /home/runner/work/IG-fhir-medicosocial-transfert-donnees-dui/IG-fhir-medicosocial-transfert-donnees-dui/./IG-website-release/fhir-ig-history-template and ./IG-website-release/templates
