FHIR IG Publisher Version 1.6.22 (Git# 33e2566af5b4). Built 2024-08-28T19:21:55.278Z (11 days old)
Detected Java version: 17.0.10 from /opt/hostedtoolcache/Java_Microsoft_jdk/17.0.10/x64 on amd64 (64bit). 3996MB available
dir = /home/runner/work/IG-fhir-annuaire/IG-fhir-annuaire, path = /opt/hostedtoolcache/Ruby/3.3.5/x64/bin:/opt/hostedtoolcache/node/20.17.0/x64/bin:/opt/hostedtoolcache/Java_Microsoft_jdk/17.0.10/x64/bin:/snap/bin:/home/runner/.local/bin:/opt/pipx_bin:/home/runner/.cargo/bin:/home/runner/.config/composer/vendor/bin:/usr/local/.ghcup/bin:/home/runner/.dotnet/tools:/usr/local/sbin:/usr/local/bin:/usr/sbin:/usr/bin:/sbin:/bin:/usr/games:/usr/local/games:/snap/bin
Parameters: -go-publish -source ./igSource -web ./IG-website-release/www/ig/fhir -registry ./IG-website-release/ig-registry/fhir-ig-list.json -history ./IG-website-release/fhir-ig-history-template -templates ./IG-website-release/templates
---------------
Publication Run: publish ./igSource to ./IG-website-release/www/ig/fhir
Run Number: 48
Relative directory for IG is '/annuaire'
===== Web Publication Run Details ===============================
 Source IG: ans.fhir.fr.annuaire#1.1.0-snapshot-3 : https://interop.esante.gouv.fr/ig/fhir/annuaire (R4) from ./igSource
All checks passed. Do the publication build from /home/runner/work/IG-fhir-annuaire/IG-fhir-annuaire/./igSource and publish to /tmp/web-root/run-20240909/annuaire
Prepare Build space in /tmp/ans.fhir.fr.annuaire#1.1.0-snapshot-3
Build IG at /home/runner/work/IG-fhir-annuaire/IG-fhir-annuaire/./igSource: final copy suitable for publication (in /tmp/ans.fhir.fr.annuaire#1.1.0-snapshot-3)
FHIR IG Publisher Version 1.6.22 (Git# 33e2566af5b4). Built 2024-08-28T19:21:55.278Z (11 days old)  
Detected Java version: 17.0.10 from /opt/hostedtoolcache/Java_Microsoft_jdk/17.0.10/x64 on Linux/amd64 (64bit). 3996MB available
dir = /home/runner/work/IG-fhir-annuaire/IG-fhir-annuaire, path = /opt/hostedtoolcache/Ruby/3.3.5/x64/bin:/opt/hostedtoolcache/node/20.17.0/x64/bin:/opt/hostedtoolcache/Java_Microsoft_jdk/17.0.10/x64/bin:/snap/bin:/home/runner/.local/bin:/opt/pipx_bin:/home/runner/.cargo/bin:/home/runner/.config/composer/vendor/bin:/usr/local/.ghcup/bin:/home/runner/.dotnet/tools:/usr/local/sbin:/usr/local/bin:/usr/sbin:/usr/bin:/sbin:/bin:/usr/games:/usr/local/games:/snap/bin
Parameters: -ig /tmp/ans.fhir.fr.annuaire#1.1.0-snapshot-3 -resetTx -publish https://interop.esante.gouv.fr/ig/fhir/annuaire/1.1.0-snapshot-3 -no-exit
Start Clock @ Monday, September 9, 2024 at 4:47:18 PM Coordinated Universal Time (2024-09-09T16:47:18Z)
                                                                                                    
Build FHIR IG from /tmp/ans.fhir.fr.annuaire#1.1.0-snapshot-3                                        (00:00.636 / 00:00.636, 119Mb)
Build Formal Publication package, intended for https://interop.esante.gouv.fr/ig/fhir/annuaire/1.1.0-snapshot-3 (00:00.003 / 00:00.639, 119Mb)
API keys loaded from /home/runner/.fhir/fhir-settings.json                                           (00:00.001 / 00:00.640, 119Mb)
Package Cache: /home/runner/.fhir/packages                                                           (00:00.005 / 00:00.646, 119Mb)
Run Sushi on /tmp/ans.fhir.fr.annuaire#1.1.0-snapshot-3                                              (00:00.002 / 00:00.649, 119Mb)
Sushi: info  Running SUSHI v3.11.1 (implements FHIR Shorthand specification v3.0.0-ballot)           (00:02.041 / 00:02.690, 121Mb)
Sushi: info  Arguments:                                                                              (00:00.001 / 00:02.692, 121Mb)
Sushi: info    --require-latest                                                                      (00:00.001 / 00:02.693, 121Mb)
Sushi: info    --out /tmp/ans.fhir.fr.annuaire#1.1.0-snapshot-3                                      (00:00.001 / 00:02.695, 121Mb)
Sushi: info    /tmp/ans.fhir.fr.annuaire#1.1.0-snapshot-3                                            (00:00.001 / 00:02.696, 121Mb)
Sushi: info  Using configuration file: /tmp/ans.fhir.fr.annuaire#1.1.0-snapshot-3/sushi-config.yaml  (00:00.705 / 00:03.402, 121Mb)
Sushi: info  Importing FSH text...                                                                   (00:00.099 / 00:03.502, 121Mb)
Sushi: info  Preprocessed 80 documents with 57 aliases.                                              (00:00.317 / 00:03.819, 121Mb)
Sushi: info  Imported 58 definitions and 29 instances.                                               (00:00.045 / 00:03.865, 121Mb)
Sushi: info  Checking /home/runner/.fhir/packages for hl7.fhir.uv.tools#current...                   (00:00.001 / 00:03.866, 121Mb)
Sushi: info  Found hl7.fhir.uv.tools#current in /home/runner/.fhir/packages.                         (00:00.072 / 00:03.939, 121Mb)
Sushi: info  Loaded package hl7.fhir.uv.tools#current                                                (00:00.589 / 00:04.529, 121Mb)
Sushi: info  Checking /home/runner/.fhir/packages for hl7.fhir.uv.extensions.r4#5.1.0...             (00:00.498 / 00:05.027, 121Mb)
Sushi: info  Found hl7.fhir.uv.extensions.r4#5.1.0 in /home/runner/.fhir/packages.                   (00:00.473 / 00:05.501, 121Mb)
Sushi: info  Loaded package hl7.fhir.uv.extensions.r4#5.1.0                                          (00:00.001 / 00:05.502, 121Mb)
Sushi: info  Checking /home/runner/.fhir/packages for hl7.fhir.fr.core#2.1.0...                      (00:00.001 / 00:05.504, 121Mb)
Sushi: info  Found hl7.fhir.fr.core#2.1.0 in /home/runner/.fhir/packages.                            (00:00.239 / 00:05.743, 121Mb)
Sushi: info  Loaded package hl7.fhir.fr.core#2.1.0                                                   (00:00.001 / 00:05.744, 121Mb)
Sushi: info  Loading supplemental version of FHIR to support extensions from hl7.fhir.extensions.r5  (00:00.001 / 00:05.745, 121Mb)
Sushi: info  Checking /home/runner/.fhir/packages for hl7.fhir.r5.core#5.0.0...                      (00:00.001 / 00:05.746, 121Mb)
Sushi: info  Found hl7.fhir.r5.core#5.0.0 in /home/runner/.fhir/packages.                            (00:01.175 / 00:06.922, 121Mb)
Sushi: info  Loaded package hl7.fhir.r5.core#5.0.0                                                   (00:00.001 / 00:06.923, 121Mb)
Sushi: info  Checking /home/runner/.fhir/packages for ans.fr.nos#1.3.0...                            (00:00.093 / 00:07.017, 121Mb)
Sushi: info  Found ans.fr.nos#1.3.0 in /home/runner/.fhir/packages.                                  (00:00.514 / 00:07.531, 121Mb)
Sushi: info  Loaded package ans.fr.nos#1.3.0                                                         (00:00.001 / 00:07.532, 121Mb)
Sushi: info  Checking /home/runner/.fhir/packages for hl7.terminology.r4#5.5.0...                    (00:00.001 / 00:07.533, 121Mb)
Sushi: info  Found hl7.terminology.r4#5.5.0 in /home/runner/.fhir/packages.                          (00:01.697 / 00:09.231, 121Mb)
Sushi: info  Loaded package hl7.terminology.r4#5.5.0                                                 (00:00.001 / 00:09.232, 121Mb)
Sushi: info  Checking /home/runner/.fhir/packages for hl7.fhir.r4.core#4.0.1...                      (00:00.001 / 00:09.234, 121Mb)
Sushi: info  Found hl7.fhir.r4.core#4.0.1 in /home/runner/.fhir/packages.                            (00:01.380 / 00:10.614, 121Mb)
Sushi: info  Loaded package hl7.fhir.r4.core#4.0.1                                                   (00:00.001 / 00:10.615, 121Mb)
Sushi: info  Converting FSH to FHIR resources...                                                     (00:00.041 / 00:10.657, 121Mb)
Sushi: info  Converted 49 FHIR StructureDefinitions.                                                 (00:04.739 / 00:15.396, 121Mb)
Sushi: info  Converted 3 FHIR CodeSystems.                                                           (00:00.027 / 00:15.424, 121Mb)
Sushi: info  Converted 6 FHIR ValueSets.                                                             (00:00.138 / 00:15.563, 121Mb)
Sushi: warn  Sliced element Practitioner.telecom is being accessed via numeric index. Use slice names in rule paths when possible. (00:00.473 / 00:16.036, 121Mb)
Sushi:   File: /tmp/ans.fhir.fr.annuaire#1.1.0-snapshot-3/input/fsh/examples/DP/PP16DP-Practitioner.fsh (00:00.001 / 00:16.037, 121Mb)
Sushi:   Line: 52                                                                                    (00:00.001 / 00:16.039, 121Mb)
Sushi: warn  Sliced element Practitioner.telecom is being accessed via numeric index. Use slice names in rule paths when possible. (00:00.001 / 00:16.040, 121Mb)
Sushi:   File: /tmp/ans.fhir.fr.annuaire#1.1.0-snapshot-3/input/fsh/examples/DP/PP16DP-Practitioner.fsh (00:00.001 / 00:16.041, 121Mb)
Sushi:   Line: 53                                                                                    (00:00.000 / 00:16.042, 121Mb)
Sushi: warn  Sliced element Practitioner.telecom is being accessed via numeric index. Use slice names in rule paths when possible. (00:00.000 / 00:16.043, 121Mb)
Sushi:   File: /tmp/ans.fhir.fr.annuaire#1.1.0-snapshot-3/input/fsh/examples/DP/PP16DP-Practitioner.fsh (00:00.001 / 00:16.044, 121Mb)
Sushi:   Line: 54                                                                                    (00:00.000 / 00:16.044, 121Mb)
Sushi: warn  Sliced element Practitioner.telecom is being accessed via numeric index. Use slice names in rule paths when possible. (00:00.000 / 00:16.045, 121Mb)
Sushi:   File: /tmp/ans.fhir.fr.annuaire#1.1.0-snapshot-3/input/fsh/examples/DP/PP16DP-Practitioner.fsh (00:00.001 / 00:16.046, 121Mb)
Sushi:   Line: 55                                                                                    (00:00.001 / 00:16.047, 121Mb)
Sushi: warn  Sliced element Practitioner.telecom is being accessed via numeric index. Use slice names in rule paths when possible. (00:00.000 / 00:16.048, 121Mb)
Sushi:   File: /tmp/ans.fhir.fr.annuaire#1.1.0-snapshot-3/input/fsh/examples/DP/PP16DP-Practitioner.fsh (00:00.001 / 00:16.049, 121Mb)
Sushi:   Line: 56                                                                                    (00:00.000 / 00:16.050, 121Mb)
Sushi: warn  Sliced element Practitioner.telecom is being accessed via numeric index. Use slice names in rule paths when possible. (00:00.001 / 00:16.052, 121Mb)
Sushi:   File: /tmp/ans.fhir.fr.annuaire#1.1.0-snapshot-3/input/fsh/examples/DP/PP16DP-Practitioner.fsh (00:00.001 / 00:16.053, 121Mb)
Sushi:   Line: 57                                                                                    (00:00.000 / 00:16.054, 121Mb)
Sushi: warn  Sliced element Practitioner.telecom is being accessed via numeric index. Use slice names in rule paths when possible. (00:00.000 / 00:16.055, 121Mb)
Sushi:   File: /tmp/ans.fhir.fr.annuaire#1.1.0-snapshot-3/input/fsh/examples/DP/PP16DP-Practitioner.fsh (00:00.001 / 00:16.056, 121Mb)
Sushi:   Line: 58                                                                                    (00:00.001 / 00:16.058, 121Mb)
Sushi: warn  Sliced element Practitioner.telecom is being accessed via numeric index. Use slice names in rule paths when possible. (00:00.534 / 00:16.592, 121Mb)
Sushi:   File: /tmp/ans.fhir.fr.annuaire#1.1.0-snapshot-3/input/fsh/examples/DP/PP19DP-Practitioner.fsh (00:00.001 / 00:16.593, 121Mb)
Sushi:   Line: 47                                                                                    (00:00.001 / 00:16.595, 121Mb)
Sushi: warn  Sliced element Practitioner.telecom is being accessed via numeric index. Use slice names in rule paths when possible. (00:00.001 / 00:16.596, 121Mb)
Sushi:   File: /tmp/ans.fhir.fr.annuaire#1.1.0-snapshot-3/input/fsh/examples/DP/PP19DP-Practitioner.fsh (00:00.001 / 00:16.597, 121Mb)
Sushi:   Line: 48                                                                                    (00:00.000 / 00:16.598, 121Mb)
Sushi: warn  Sliced element Practitioner.telecom is being accessed via numeric index. Use slice names in rule paths when possible. (00:00.000 / 00:16.599, 121Mb)
Sushi:   File: /tmp/ans.fhir.fr.annuaire#1.1.0-snapshot-3/input/fsh/examples/DP/PP19DP-Practitioner.fsh (00:00.001 / 00:16.600, 121Mb)
Sushi:   Line: 49                                                                                    (00:00.001 / 00:16.601, 121Mb)
Sushi: warn  Sliced element Practitioner.telecom is being accessed via numeric index. Use slice names in rule paths when possible. (00:00.001 / 00:16.602, 121Mb)
Sushi:   File: /tmp/ans.fhir.fr.annuaire#1.1.0-snapshot-3/input/fsh/examples/DP/PP19DP-Practitioner.fsh (00:00.001 / 00:16.604, 121Mb)
Sushi:   Line: 50                                                                                    (00:00.001 / 00:16.605, 121Mb)
Sushi: warn  Sliced element Practitioner.telecom is being accessed via numeric index. Use slice names in rule paths when possible. (00:00.001 / 00:16.606, 121Mb)
Sushi:   File: /tmp/ans.fhir.fr.annuaire#1.1.0-snapshot-3/input/fsh/examples/DP/PP19DP-Practitioner.fsh (00:00.001 / 00:16.607, 121Mb)
Sushi:   Line: 51                                                                                    (00:00.001 / 00:16.608, 121Mb)
Sushi: warn  Sliced element Practitioner.telecom is being accessed via numeric index. Use slice names in rule paths when possible. (00:00.001 / 00:16.609, 121Mb)
Sushi:   File: /tmp/ans.fhir.fr.annuaire#1.1.0-snapshot-3/input/fsh/examples/DP/PP19DP-Practitioner.fsh (00:00.000 / 00:16.610, 121Mb)
Sushi:   Line: 52                                                                                    (00:00.000 / 00:16.611, 121Mb)
Sushi: warn  Sliced element Practitioner.telecom is being accessed via numeric index. Use slice names in rule paths when possible. (00:00.000 / 00:16.612, 121Mb)
Sushi:   File: /tmp/ans.fhir.fr.annuaire#1.1.0-snapshot-3/input/fsh/examples/DP/PP19DP-Practitioner.fsh (00:00.000 / 00:16.613, 121Mb)
Sushi:   Line: 53                                                                                    (00:00.000 / 00:16.614, 121Mb)
Sushi: info  Converted 29 FHIR instances.                                                            (00:01.889 / 00:18.503, 123Mb)
Sushi: info  Exporting FHIR resources as JSON...                                                     (00:00.068 / 00:18.572, 123Mb)
Sushi: info  Exported 87 FHIR resources as JSON.                                                     (00:00.196 / 00:18.769, 123Mb)
Sushi: info  Assembling Implementation Guide sources...                                              (00:00.003 / 00:18.772, 123Mb)
Sushi: info  Generated ImplementationGuide-ans.fhir.fr.annuaire.json                                 (00:00.025 / 00:18.798, 123Mb)
Sushi: info  Assembled Implementation Guide sources; ready for IG Publisher.                         (00:00.001 / 00:18.799, 123Mb)
Sushi: ========================= SUSHI RESULTS ===========================                           (00:00.001 / 00:18.801, 123Mb)
Sushi: |  -------------------------------------------------------------  |                           (00:00.005 / 00:18.806, 123Mb)
Sushi: | |    Profiles   |  Extensions  |   Logicals   |   Resources   | |                           (00:00.001 / 00:18.807, 123Mb)
Sushi: | |-------------------------------------------------------------| |                           (00:00.000 / 00:18.808, 123Mb)
Sushi: | |      24       |      25      |      0       |       0       | |                           (00:00.001 / 00:18.809, 123Mb)
Sushi: |  -------------------------------------------------------------  |                           (00:00.001 / 00:18.810, 123Mb)
Sushi: |  -------------------------------------------------------------  |                           (00:00.000 / 00:18.811, 123Mb)
Sushi: | |      ValueSets     |    CodeSystems    |     Instances      | |                           (00:00.001 / 00:18.812, 123Mb)
Sushi: | |-------------------------------------------------------------| |                           (00:00.001 / 00:18.813, 123Mb)
Sushi: | |         6          |         3         |         29         | |                           (00:00.001 / 00:18.814, 123Mb)
Sushi: |  -------------------------------------------------------------  |                           (00:00.000 / 00:18.815, 123Mb)
Sushi: |                                                                 |                           (00:00.000 / 00:18.816, 123Mb)
Sushi: ===================================================================                           (00:00.000 / 00:18.817, 123Mb)
Sushi: | You seem to be casting about.          0 Errors     14 Warnings |                           (00:00.000 / 00:18.818, 123Mb)
Sushi: ===================================================================                           (00:00.000 / 00:18.818, 123Mb)
Unable to load IG as an r5 IG - try R4 (property code is a class com.google.gson.JsonPrimitive looking for an object) (00:00.483 / 00:19.302, 59Mb)
Load Template from https://github.com/ansforge/IG-template                                           (00:00.455 / 00:19.758, 77Mb)
 Load Template from fhir.base.template#current                                                       (00:01.147 / 00:20.905, 66Mb)

onLoad.findSpreadsheets:

onLoad.updateIg:
     [xslt] Processing /tmp/ans.fhir.fr.annuaire#1.1.0-snapshot-3/template/onLoad-ig-working.xml to /tmp/ans.fhir.fr.annuaire#1.1.0-snapshot-3/template/onLoad-ig-updated.xml
     [xslt] Loading stylesheet /tmp/ans.fhir.fr.annuaire#1.1.0-snapshot-3/template/scripts/onLoad.xslt

onLoad.extend:

onLoad:
Root directory: /tmp/ans.fhir.fr.annuaire#1.1.0-snapshot-3                                           (00:02.953 / 00:23.859, 111Mb)
Terminology Cache is at /tmp/ans.fhir.fr.annuaire#1.1.0-snapshot-3/input-cache/txcache. Clearing now (00:00.910 / 00:24.770, 143Mb)
Core Package hl7.fhir.r4.core#4.0.1
Running Terminology Log: /tmp/ohfu-fhir-ig-13965836920350162453.log
Connect to Terminology Server at http://tx.fhir.org                                                  (00:03.467 / 00:28.237, 332Mb)
Load Package hl7.fhir.pubpack#0.1.8
Load Package hl7.fhir.xver-extensions#0.1.0
Load Package hl7.fhir.uv.extensions.r4#5.1.0
Load Package hl7.terminology.r4#6.0.2
Load Package ans.fr.nos#1.3.0
Load Package hl7.fhir.fr.core#2.1.0
Load Package ans.fr.nos#1.3.0
Load Package hl7.terminology.r4#5.5.0
Version mismatch. This IG is version 4.0.1, while the IG 'hl7.fhir.uv.tools' is from version 5.0.0 (will try to run anyway) (00:05.283 / 00:33.521, 504Mb)
Load Package hl7.fhir.uv.tools#0.2.0
Load R5 Specials
Initialization complete                                                                              (00:00.731 / 00:34.253, 491Mb)
Load Content                                                                                         (00:00.000 / 00:34.254, 491Mb)
Using fr_FR as the default narrative language. (inferred from ImplementationGuide.jurisdiction=FR)   (00:00.069 / 00:34.324, 500Mb)
loadPrePages from FetchedFile[/tmp/ans.fhir.fr.annuaire#1.1.0-snapshot-3/fsh-generated/includes] as /tmp/ans.fhir.fr.annuaire#1.1.0-snapshot-3/fsh-generated/includes
loadPrePages from FetchedFile[/tmp/ans.fhir.fr.annuaire#1.1.0-snapshot-3/input/data] as /tmp/ans.fhir.fr.annuaire#1.1.0-snapshot-3/input/data
loadPrePages from FetchedFile[/tmp/ans.fhir.fr.annuaire#1.1.0-snapshot-3/input/pagecontent] as /tmp/ans.fhir.fr.annuaire#1.1.0-snapshot-3/input/pagecontent
Fetch https://interop.esante.gouv.fr/ig/fhir/annuaire/package-list.json for version check            (00:00.856 / 00:35.180, 367Mb)
Processing Conformance Resources                                                                     (00:00.371 / 00:35.551, 372Mb)
Load Dependency Info                                                                                 (00:00.004 / 00:35.555, 373Mb)
Load Info                                                                                            (00:00.001 / 00:35.557, 373Mb)
Load Resources                                                                                       (00:00.001 / 00:35.558, 374Mb)
Load Paths                                                                                           (00:00.308 / 00:35.867, 497Mb)
Generating Snapshots                                                                                 (00:00.000 / 00:35.868, 497Mb)
Check R4 / R4B                                                                                       (00:01.480 / 00:37.348, 562Mb)
Assign Comparison Ids                                                                                (00:00.014 / 00:37.363, 572Mb)
Propagating status                                                                                   (00:00.001 / 00:37.364, 572Mb)
Generating Narratives                                                                                (00:00.001 / 00:37.365, 572Mb)
Validating Conformance Resources                                                                     (00:02.095 / 00:39.460, 880Mb)
Check profiles & code systems                                                                        (00:14.009 / 00:53.469, 1Gb)
Check realm rules                                                                                    (00:00.009 / 00:53.478, 1Gb)
Previous Version Comparison                                                                          (00:00.001 / 00:53.480, 1Gb)
Validating Resources                                                                                 (00:09.626 / 01:03.106, 1Gb)
Processing Provenance Records                                                                        (00:02.370 / 01:05.476, 1Gb)
Generating Outputs in /tmp/ans.fhir.fr.annuaire#1.1.0-snapshot-3/output                              (00:00.001 / 01:05.477, 1Gb)
Generate Native Outputs                                                                              (00:00.080 / 01:05.558, 1Gb)
Run Template                                                                                         (00:17.544 / 01:23.103, 1Gb)

onGenerate.checkVersions:
     [xslt] Processing /tmp/ans.fhir.fr.annuaire#1.1.0-snapshot-3/template/onGenerate-ig-working.xml to /tmp/ans.fhir.fr.annuaire#1.1.0-snapshot-3/template/versions.txt
     [xslt] Loading stylesheet /tmp/ans.fhir.fr.annuaire#1.1.0-snapshot-3/template/scripts/onGenerate.getVersions.xslt

onGenerate.r5-schemas:
      [get] Getting: http://build.fhir.org/fhir-single.xsd
      [get] To: /tmp/ans.fhir.fr.annuaire#1.1.0-snapshot-3/input-cache/schemas/R5/fhir-single.xsd
      [get] Not modified - so not downloaded
      [get] Getting: http://build.fhir.org/fhir-xhtml.xsd
      [get] To: /tmp/ans.fhir.fr.annuaire#1.1.0-snapshot-3/input-cache/schemas/R5/fhir-xhtml.xsd
      [get] Not modified - so not downloaded
      [get] Getting: http://build.fhir.org/xml.xsd
      [get] To: /tmp/ans.fhir.fr.annuaire#1.1.0-snapshot-3/input-cache/schemas/R5/xml.xsd
      [get] Not modified - so not downloaded
      [get] Getting: http://build.fhir.org/xmldsig-core-schema.xsd
      [get] To: /tmp/ans.fhir.fr.annuaire#1.1.0-snapshot-3/input-cache/schemas/R5/xmldsig-core-schema.xsd
      [get] Not modified - so not downloaded

onGenerate.r4-schemas:
      [get] Getting: http://hl7.org/fhir/R4/fhir-single.xsd
      [get] To: /tmp/ans.fhir.fr.annuaire#1.1.0-snapshot-3/input-cache/schemas/R4/fhir-single.xsd
      [get] Not modified - so not downloaded
      [get] Getting: http://hl7.org/fhir/R4/fhir-xhtml.xsd
      [get] To: /tmp/ans.fhir.fr.annuaire#1.1.0-snapshot-3/input-cache/schemas/R4/fhir-xhtml.xsd
      [get] Not modified - so not downloaded
      [get] Getting: http://hl7.org/fhir/R4/xml.xsd
      [get] To: /tmp/ans.fhir.fr.annuaire#1.1.0-snapshot-3/input-cache/schemas/R4/xml.xsd
      [get] Not modified - so not downloaded
      [get] Getting: http://hl7.org/fhir/R4/xmldsig-core-schema.xsd
      [get] To: /tmp/ans.fhir.fr.annuaire#1.1.0-snapshot-3/input-cache/schemas/R4/xmldsig-core-schema.xsd
      [get] Not modified - so not downloaded

onGenerate.r3-schemas:

onGenerate.r2b-schemas:

onGenerate.r2-schemas:

onGenerate.schemas:

onGenerate.data:
     [xslt] Processing /tmp/ans.fhir.fr.annuaire#1.1.0-snapshot-3/template/onGenerate-ig-working.xml to /tmp/ans.fhir.fr.annuaire#1.1.0-snapshot-3/temp/pages/_data/artifacts.json
     [xslt] Loading stylesheet /tmp/ans.fhir.fr.annuaire#1.1.0-snapshot-3/template/scripts/onGenerate.data.xslt

onGenerate.setup:

onGenerate.infoFile:
     [xslt] Processing /tmp/ans.fhir.fr.annuaire#1.1.0-snapshot-3/template/onGenerate-ig-working.xml to /tmp/ans.fhir.fr.annuaire#1.1.0-snapshot-3/temp/pages/_data/info.json
     [xslt] Loading stylesheet /tmp/ans.fhir.fr.annuaire#1.1.0-snapshot-3/template/scripts/onGenerate.genJson.xslt

onGenerate.processIncludes:
     [copy] Copying 16 files to /tmp/ans.fhir.fr.annuaire#1.1.0-snapshot-3/temp/pages/_includes

onGenerate.processIg:
     [xslt] Processing /tmp/ans.fhir.fr.annuaire#1.1.0-snapshot-3/template/onGenerate-ig-working.xml to /tmp/ans.fhir.fr.annuaire#1.1.0-snapshot-3/template/onGenerate-ig-working.1.xml
     [xslt] Loading stylesheet /tmp/ans.fhir.fr.annuaire#1.1.0-snapshot-3/template/scripts/onGenerate.group.xslt
     [xslt] Processing /tmp/ans.fhir.fr.annuaire#1.1.0-snapshot-3/template/onGenerate-ig-working.1.xml to /tmp/ans.fhir.fr.annuaire#1.1.0-snapshot-3/template/onGenerate-ig-working.2.xml
     [xslt] Loading stylesheet /tmp/ans.fhir.fr.annuaire#1.1.0-snapshot-3/template/scripts/onGenerate.groupSort.xslt
     [xslt] Processing /tmp/ans.fhir.fr.annuaire#1.1.0-snapshot-3/template/onGenerate-ig-working.2.xml to /tmp/ans.fhir.fr.annuaire#1.1.0-snapshot-3/template/onGenerate-ig-updated.xml
     [xslt] Loading stylesheet /tmp/ans.fhir.fr.annuaire#1.1.0-snapshot-3/template/scripts/onGenerate.final.xslt

onGenerate.igQa:
     [xslt] Processing /tmp/ans.fhir.fr.annuaire#1.1.0-snapshot-3/template/onGenerate-ig-updated.xml to /tmp/ans.fhir.fr.annuaire#1.1.0-snapshot-3/template/ongenerate-validation-igqa.json
     [xslt] Loading stylesheet /tmp/ans.fhir.fr.annuaire#1.1.0-snapshot-3/template/scripts/onGenerate.qa.xslt

onGenerate.artifactList:
     [xslt] Processing /tmp/ans.fhir.fr.annuaire#1.1.0-snapshot-3/template/onGenerate-ig-updated.xml to /tmp/ans.fhir.fr.annuaire#1.1.0-snapshot-3/temp/pages/_includes/artifacts.xml
     [xslt] Loading stylesheet /tmp/ans.fhir.fr.annuaire#1.1.0-snapshot-3/template/scripts/createArtifactSummary.xslt

check-plantumlfiles:

onGenerate.plantUml.ig:

onGenerate.plantUml.template:

onGenerate.plantUml:

onGenerate.copyDataFiles:

onGenerate.extend:

onGenerate:
Template Done                                                                                        (00:01.989 / 01:25.092, 1Gb)
Generate HTML Outputs                                                                                (00:00.001 / 01:25.093, 1Gb)
ERROR StatusLogger Log4j2 could not find a logging implementation. Please add log4j-core to the classpath. Using SimpleLogger to log to the console...
Generate Summaries                                                                                   (00:32.753 / 01:57.847, 1Gb)
Generating Summary Outputs                                                                           (00:00.000 / 01:57.848, 1Gb)
DB Cumulative Time invested: 00:00:00.377
Sending Usage Stats to Server                                                                        (00:06.034 / 02:03.882, 3Gb)
## Memory (MB): Use = 3417, Free = 578, Total = 3996, Max = 3996                                     (00:00.005 / 02:03.888, 3Gb)
Reclaiming memory...                                                                                 (00:00.000 / 02:03.889, 3Gb)
## Memory (MB): Use = 1731, Free = 2264, Total = 3996, Max = 3996                                    (00:00.928 / 02:04.817, 1Gb)
Run jekyll: jekyll build --destination "/tmp/ans.fhir.fr.annuaire#1.1.0-snapshot-3/output" (in folder /tmp/ans.fhir.fr.annuaire#1.1.0-snapshot-3/temp/pages) (00:00.001 / 02:04.818, 1Gb)
Troubleshooting Note: usual cases for Jekyll to fail are:                                            (00:00.001 / 02:04.820, 1Gb)
* A failure to produce a fragment that is already logged in the output above                         (00:00.001 / 02:04.821, 1Gb)
* A reference to a manually edited file that hasn't been provided                                    (00:00.001 / 02:04.822, 1Gb)
Jekyll: Source: /tmp/ans.fhir.fr.annuaire#1.1.0-snapshot-3/temp/pages                                (00:00.447 / 02:05.270, 1Gb)
Jekyll: Generating...                                                                                (00:00.000 / 02:05.270, 1Gb)
Jekyll: done in 3.63 seconds.                                                                        (00:03.628 / 02:08.899, 1Gb)

Installing ans.fhir.fr.annuaire#1.1.0-snapshot-3
 done.
Checking Output HTML                                                                                 (00:06.499 / 02:15.399, 2Gb)
found 1787 files                                                                                     (00:00.007 / 02:15.406, 2Gb)
........................................
........................................
  ... 1787 html files, 0 pages invalid xhtml (0%)                                                    (00:26.932 / 02:42.339, 2Gb)
  ... 715094 links, 2 broken links (0%)                                                              (00:00.001 / 02:42.340, 2Gb)
Generate fragment-usage-analysis.csv                                                                 (00:00.000 / 02:42.340, 2Gb)
Build final .zip                                                                                     (00:00.007 / 02:42.348, 2Gb)
Final .zip built                                                                                     (00:04.340 / 02:46.689, 2Gb)
Built. Times: loading: 00:01.296, generate: 02:15.342, narrative generation: 00:02.093, realm-rules: 00:00.001, previous-version: 00:09.555, jekyll: 00:04.122, validation: 00:15.796 (#88), template: 00:01.988 (#3) (00:04.218 / 02:50.907, 2Gb)
Generating QA                                                                                        (00:00.001 / 02:50.909, 2Gb)
Validation output in /tmp/ans.fhir.fr.annuaire#1.1.0-snapshot-3/output/qa.html
Errors: 48, Warnings: 64, Info: 68, Broken Links: 2 (00:02.589 / 02:53.498, 3Gb)
Finished. Max Memory Used = 3Gb. Log file saved in /tmp/fhir-ig-publisher-tmp.log                    (00:00.017 / 02:53.516, 3Gb)
Keep a copy of the build directory at /tmp/web-root/run-20240909/ig-build-zips/ans.fhir.fr.annuaire#1.1.0-snapshot-3.zip

ok. All checks passed. Publish v1.1.0-snapshot-3 to /tmp/web-root/run-20240909/annuaire/1.1.0-snapshot-3
Copy the IG to /tmp/web-root/run-20240909/annuaire/1.1.0-snapshot-3
Update /tmp/web-root/run-20240909/annuaire/package-list.json
Publish Box Statement: This page is part of the Guide d'implémentation FHIR - Annuaire de santé (v1.1.0-snapshot-3: QA Preview) based on <a no-external="true" href="http://hl7.org/fhir/R4">FHIR (HL7® FHIR® Standard) R4</a>. The current version which supersedes this version is <a no-external="true" href="https://interop.esante.gouv.fr/ig/fhir/annuaire{{fn}}">1.0.1</a>.  For a full list of available versions, see the <a no-external="true" href="https://interop.esante.gouv.fr/ig/fhir/annuaire/history.html">Directory of published versions</a>
no html insert in /tmp/web-root/run-20240909/annuaire/1.1.0-snapshot-3/qa-txservers.html
  .. 629 files checked, 629 updated
  .. 311 clones checked, 622 updated
  .. 88 redirections (88 created/updated)
Update history page at /tmp/web-root/run-20240909/annuaire from /home/runner/work/IG-fhir-annuaire/IG-fhir-annuaire/./IG-website-release/fhir-ig-history-template and ./IG-website-release/templates
Build is complete. Copy from /tmp/web-root/run-20240909
ans.fhir.fr.annuaire (https://interop.esante.gouv.fr/ig/fhir/annuaire): Guide d'implémentation FHIR - Annuaire de santé @ https://ansforge.github.io/IG-fhir-annuaire/ig/main
  candidate: trial-use Preview 1.1.0-snapshot-3/4.0.1 @ https://interop.esante.gouv.fr/ig/fhir/annuaire/1.1.0-snapshot-3
