FHIR IG Publisher Version 1.6.3 (Git# 58fd9ba64d35). Built 2024-03-20T17:15:59.428Z (12 days old)
Detected Java version: 17.0.10 from /opt/hostedtoolcache/Java_Microsoft_jdk/17.0.10/x64 on amd64 (64bit). 3996MB available
dir = /home/runner/work/IG-fhir-medicosocial-transfert-donnees-dui/IG-fhir-medicosocial-transfert-donnees-dui, path = /opt/hostedtoolcache/Ruby/3.3.0/x64/bin:/usr/share/dotnet:/opt/hostedtoolcache/node/20.11.1/x64/bin:/opt/hostedtoolcache/Java_Microsoft_jdk/17.0.10/x64/bin:/snap/bin:/home/runner/.local/bin:/opt/pipx_bin:/home/runner/.cargo/bin:/home/runner/.config/composer/vendor/bin:/usr/local/.ghcup/bin:/home/runner/.dotnet/tools:/usr/local/sbin:/usr/local/bin:/usr/sbin:/usr/bin:/sbin:/bin:/usr/games:/usr/local/games:/snap/bin
Parameters: -go-publish -source ./igSource -web ./IG-website-release/www/ig/fhir -registry ./IG-website-release/ig-registry/fhir-ig-list.json -history ./IG-website-release/fhir-ig-history-template -templates ./IG-website-release/templates
---------------
Publication Run: publish ./igSource to ./IG-website-release/www/ig/fhir
Run Number: 31
Relative directory for IG is '/tddui'
===== Web Publication Run Details ===============================
 Source IG: ans.fhir.fr.tddui#1.0.1 : https://interop.esante.gouv.fr/ig/fhir/tddui (R4) from ./igSource
All checks passed. Do the publication build from /home/runner/work/IG-fhir-medicosocial-transfert-donnees-dui/IG-fhir-medicosocial-transfert-donnees-dui/./igSource and publish to /tmp/web-root/run-20240402/tddui
Prepare Build space in /tmp/ans.fhir.fr.tddui#1.0.1
Build IG at /home/runner/work/IG-fhir-medicosocial-transfert-donnees-dui/IG-fhir-medicosocial-transfert-donnees-dui/./igSource: final copy suitable for publication (in /tmp/ans.fhir.fr.tddui#1.0.1)
FHIR IG Publisher Version 1.6.3 (Git# 58fd9ba64d35). Built 2024-03-20T17:15:59.428Z (12 days old)   
Detected Java version: 17.0.10 from /opt/hostedtoolcache/Java_Microsoft_jdk/17.0.10/x64 on Linux/amd64 (64bit). 3996MB available
dir = /home/runner/work/IG-fhir-medicosocial-transfert-donnees-dui/IG-fhir-medicosocial-transfert-donnees-dui, path = /opt/hostedtoolcache/Ruby/3.3.0/x64/bin:/usr/share/dotnet:/opt/hostedtoolcache/node/20.11.1/x64/bin:/opt/hostedtoolcache/Java_Microsoft_jdk/17.0.10/x64/bin:/snap/bin:/home/runner/.local/bin:/opt/pipx_bin:/home/runner/.cargo/bin:/home/runner/.config/composer/vendor/bin:/usr/local/.ghcup/bin:/home/runner/.dotnet/tools:/usr/local/sbin:/usr/local/bin:/usr/sbin:/usr/bin:/sbin:/bin:/usr/games:/usr/local/games:/snap/bin
Parameters: -ig /tmp/ans.fhir.fr.tddui#1.0.1 -resetTx -publish https://interop.esante.gouv.fr/ig/fhir/tddui/1.0.1 -no-exit
Start Clock @ Tuesday, April 2, 2024 at 2:11:50 PM Coordinated Universal Time (2024-04-02T14:11:50Z)
                                                                                                    
Build FHIR IG from /tmp/ans.fhir.fr.tddui#1.0.1                                                      (00:00.017 / 00:00.017, 32Mb)
Build Formal Publication package, intended for https://interop.esante.gouv.fr/ig/fhir/tddui/1.0.1    (00:00.003 / 00:00.020, 32Mb)
API keys loaded from /home/runner/.fhir/fhir-settings.json                                           (00:00.001 / 00:00.021, 32Mb)
Package Cache: /home/runner/.fhir/packages                                                           (00:00.003 / 00:00.025, 32Mb)
Run Sushi on /tmp/ans.fhir.fr.tddui#1.0.1                                                            (00:00.002 / 00:00.027, 32Mb)
Sushi: info  Running SUSHI v3.8.0 (implements FHIR Shorthand specification v3.0.0-ballot)            (00:00.377 / 00:00.405, 34Mb)
Sushi: info  Arguments:                                                                              (00:00.001 / 00:00.406, 34Mb)
Sushi: info    --require-latest                                                                      (00:00.001 / 00:00.408, 34Mb)
Sushi: info    --out /tmp/ans.fhir.fr.tddui#1.0.1                                                    (00:00.001 / 00:00.409, 34Mb)
Sushi: info    /tmp/ans.fhir.fr.tddui#1.0.1                                                          (00:00.001 / 00:00.411, 34Mb)
Sushi: info  Using configuration file: /tmp/ans.fhir.fr.tddui#1.0.1/sushi-config.yaml                (00:00.486 / 00:00.897, 34Mb)
Sushi: info  Importing FSH text...                                                                   (00:00.128 / 00:01.026, 34Mb)
Sushi: info  Preprocessed 5 documents with 7 aliases.                                                (00:00.119 / 00:01.146, 34Mb)
Sushi: info  Imported 2 definitions and 4 instances.                                                 (00:00.008 / 00:01.154, 34Mb)
Sushi: info  Checking /home/runner/.fhir/packages for hl7.fhir.uv.tools#current...                   (00:00.001 / 00:01.156, 34Mb)
Sushi: info  Found hl7.fhir.uv.tools#current in /home/runner/.fhir/packages.                         (00:00.041 / 00:01.198, 34Mb)
Sushi: info  Loaded package hl7.fhir.uv.tools#current                                                (00:00.564 / 00:01.763, 34Mb)
Sushi: info  Checking /home/runner/.fhir/packages for hl7.terminology.r4#5.3.0...                    (00:00.716 / 00:02.480, 34Mb)
Sushi: info  Found hl7.terminology.r4#5.3.0 in /home/runner/.fhir/packages.                          (00:00.426 / 00:02.907, 34Mb)
Sushi: info  Loaded package hl7.terminology.r4#5.3.0                                                 (00:00.001 / 00:02.908, 34Mb)
Sushi: info  Checking /home/runner/.fhir/packages for hl7.fhir.uv.extensions.r4#1.0.0...             (00:00.158 / 00:03.066, 34Mb)
Sushi: info  Found hl7.fhir.uv.extensions.r4#1.0.0 in /home/runner/.fhir/packages.                   (00:00.497 / 00:03.563, 34Mb)
Sushi: info  Loaded package hl7.fhir.uv.extensions.r4#1.0.0                                          (00:00.001 / 00:03.565, 34Mb)
Sushi: info  Checking /home/runner/.fhir/packages for hl7.fhir.fr.core#1.1.0...                      (00:00.000 / 00:03.566, 34Mb)
Sushi: info  Found hl7.fhir.fr.core#1.1.0 in /home/runner/.fhir/packages.                            (00:00.422 / 00:03.988, 34Mb)
Sushi: info  Loaded package hl7.fhir.fr.core#1.1.0                                                   (00:00.001 / 00:03.989, 34Mb)
Sushi: info  Checking /home/runner/.fhir/packages for hl7.fhir.r4.core#4.0.1...                      (00:00.001 / 00:03.990, 34Mb)
Sushi: info  Found hl7.fhir.r4.core#4.0.1 in /home/runner/.fhir/packages.                            (00:01.009 / 00:05.000, 34Mb)
Sushi: info  Loaded package hl7.fhir.r4.core#4.0.1                                                   (00:00.001 / 00:05.001, 34Mb)
Sushi: info  Converting FSH to FHIR resources...                                                     (00:00.033 / 00:05.034, 34Mb)
Sushi: info  Converted 2 FHIR StructureDefinitions.                                                  (00:00.343 / 00:05.378, 34Mb)
Sushi: info  Converted 4 FHIR instances.                                                             (00:00.184 / 00:05.563, 34Mb)
Sushi: info  Exporting FHIR resources as JSON...                                                     (00:00.001 / 00:05.564, 34Mb)
Sushi: info  Exported 4 FHIR resources as JSON.                                                      (00:00.009 / 00:05.574, 34Mb)
Sushi: info  Assembling Implementation Guide sources...                                              (00:00.001 / 00:05.575, 34Mb)
Sushi: info  Generated ImplementationGuide-ans.fhir.fr.tddui.json                                    (00:00.021 / 00:05.596, 34Mb)
Sushi: info  Assembled Implementation Guide sources; ready for IG Publisher.                         (00:00.001 / 00:05.597, 34Mb)
Sushi: ========================= SUSHI RESULTS ===========================                           (00:00.001 / 00:05.599, 34Mb)
Sushi: |  -------------------------------------------------------------  |                           (00:00.001 / 00:05.600, 34Mb)
Sushi: | |    Profiles   |  Extensions  |   Logicals   |   Resources   | |                           (00:00.001 / 00:05.601, 34Mb)
Sushi: | |-------------------------------------------------------------| |                           (00:00.000 / 00:05.602, 34Mb)
Sushi: | |       2       |      0       |      0       |       0       | |                           (00:00.001 / 00:05.603, 34Mb)
Sushi: |  -------------------------------------------------------------  |                           (00:00.001 / 00:05.604, 34Mb)
Sushi: |  -------------------------------------------------------------  |                           (00:00.001 / 00:05.605, 34Mb)
Sushi: | |      ValueSets     |    CodeSystems    |     Instances      | |                           (00:00.000 / 00:05.606, 34Mb)
Sushi: | |-------------------------------------------------------------| |                           (00:00.000 / 00:05.607, 34Mb)
Sushi: | |         0          |         0         |         4          | |                           (00:00.000 / 00:05.608, 34Mb)
Sushi: |  -------------------------------------------------------------  |                           (00:00.000 / 00:05.609, 34Mb)
Sushi: |                                                                 |                           (00:00.000 / 00:05.610, 34Mb)
Sushi: ===================================================================                           (00:00.001 / 00:05.611, 34Mb)
Sushi: | Nice job! Are you hooked yet?          0 Errors      0 Warnings |                           (00:00.001 / 00:05.612, 34Mb)
Sushi: ===================================================================                           (00:00.001 / 00:05.613, 34Mb)
Unable to load IG as an r5 IG - try R4 (property code is a class com.google.gson.JsonPrimitive looking for an object) (00:00.400 / 00:06.013, 51Mb)
Load Template from https://github.com/ansforge/IG-template                                           (00:00.397 / 00:06.411, 22Mb)

onLoad.findSpreadsheets:

onLoad.updateIg:
     [xslt] Processing /tmp/ans.fhir.fr.tddui#1.0.1/template/onLoad-ig-working.xml to /tmp/ans.fhir.fr.tddui#1.0.1/template/onLoad-ig-updated.xml
     [xslt] Loading stylesheet /tmp/ans.fhir.fr.tddui#1.0.1/template/scripts/onLoad.xslt

onLoad.extend:

onLoad:
Root directory: /tmp/ans.fhir.fr.tddui#1.0.1                                                         (00:03.490 / 00:09.902, 115Mb)
Terminology Cache is at /tmp/ans.fhir.fr.tddui#1.0.1/input-cache/txcache. Clearing now               (00:00.414 / 00:10.316, 84Mb)
Core Package hl7.fhir.r4.core#4.0.1
Unable to generate snapshot @2 for Definition from noname because Profile Definition (http://hl7.org/fhir/StructureDefinition/Definition) has no base and no snapshot
Unable to generate snapshot @2 for Event from noname because Profile Event (http://hl7.org/fhir/StructureDefinition/Event) has no base and no snapshot
Unable to generate snapshot @2 for FiveWs from noname because Profile FiveWs (http://hl7.org/fhir/StructureDefinition/FiveWs) has no base and no snapshot
Unable to generate snapshot @2 for Request from noname because Profile Request (http://hl7.org/fhir/StructureDefinition/Request) has no base and no snapshot
Running Terminology Log: /tmp/ohfu-fhir-ig-11324261695411197544.log
Connect to Terminology Server at http://tx.fhir.org                                                  (00:02.915 / 00:13.232, 451Mb)
Load Package hl7.fhir.pubpack#0.1.7
Load Package hl7.fhir.xver-extensions#0.1.0
Load Package hl7.terminology.r4#5.3.0
Load Package hl7.fhir.uv.extensions.r4#1.0.0
Load Package hl7.fhir.fr.core#1.1.0
Version mismatch. This IG is version 4.0.1, while the IG 'hl7.fhir.uv.tools' is from version 5.0.0 (will try to run anyway) (00:04.058 / 00:17.291, 490Mb)
Load Package hl7.fhir.uv.tools#0.1.0
Load R5 Specials
Unable to generate snapshot @2 for Definition from noname because Profile Definition (http://hl7.org/fhir/StructureDefinition/Definition) has no base and no snapshot
Unable to generate snapshot @2 for Event from noname because Profile Event (http://hl7.org/fhir/StructureDefinition/Event) has no base and no snapshot
Unable to generate snapshot @2 for FiveWs from noname because Profile FiveWs (http://hl7.org/fhir/StructureDefinition/FiveWs) has no base and no snapshot
Unable to generate snapshot @2 for Request from noname because Profile Request (http://hl7.org/fhir/StructureDefinition/Request) has no base and no snapshot
Initialization complete                                                                              (00:00.531 / 00:17.823, 749Mb)
Fetch https://interop.esante.gouv.fr/ig/fhir/tddui/package-list.json for version check               (00:00.002 / 00:17.825, 749Mb)
Load Content                                                                                         (00:00.871 / 00:18.696, 751Mb)
loadPrePages from FetchedFile[/tmp/ans.fhir.fr.tddui#1.0.1/fsh-generated/includes] as /tmp/ans.fhir.fr.tddui#1.0.1/fsh-generated/includes
loadPrePages from FetchedFile[/tmp/ans.fhir.fr.tddui#1.0.1/input/data] as /tmp/ans.fhir.fr.tddui#1.0.1/input/data
loadPrePages from FetchedFile[/tmp/ans.fhir.fr.tddui#1.0.1/input/pagecontent] as /tmp/ans.fhir.fr.tddui#1.0.1/input/pagecontent
Processing Conformance Resources                                                                     (00:00.283 / 00:18.979, 323Mb)
Load Dependency Info                                                                                 (00:00.001 / 00:18.981, 323Mb)
Load Info                                                                                            (00:00.001 / 00:18.982, 323Mb)
Load Resources                                                                                       (00:00.002 / 00:18.984, 324Mb)
Load Paths                                                                                           (00:00.111 / 00:19.096, 336Mb)
Generating Snapshots                                                                                 (00:00.001 / 00:19.097, 336Mb)
Check R4 / R4B                                                                                       (00:00.221 / 00:19.319, 405Mb)
Assign Comparison Ids                                                                                (00:00.007 / 00:19.326, 405Mb)
Propagating status                                                                                   (00:00.001 / 00:19.327, 405Mb)
Generating Narratives                                                                                (00:00.001 / 00:19.329, 405Mb)
Validating Conformance Resources                                                                     (00:01.344 / 00:20.674, 493Mb)
Check profiles & code systems                                                                        (00:03.194 / 00:23.869, 449Mb)
Check realm rules                                                                                    (00:00.001 / 00:23.870, 449Mb)
Previous Version Comparison                                                                          (00:00.001 / 00:23.871, 449Mb)
Unable to generate snapshot @1 for Definition from noname because Profile Definition (http://hl7.org/fhir/StructureDefinition/Definition) has no base and no snapshot
Unable to generate snapshot @1 for Event from noname because Profile Event (http://hl7.org/fhir/StructureDefinition/Event) has no base and no snapshot
Unable to generate snapshot @1 for FiveWs from noname because Profile FiveWs (http://hl7.org/fhir/StructureDefinition/FiveWs) has no base and no snapshot
Unable to generate snapshot @1 for Request from noname because Profile Request (http://hl7.org/fhir/StructureDefinition/Request) has no base and no snapshot
Validating Resources                                                                                 (00:05.035 / 00:28.907, 853Mb)
Processing Provenance Records                                                                        (00:00.422 / 00:29.330, 909Mb)
Generating Outputs in /tmp/ans.fhir.fr.tddui#1.0.1/output                                            (00:00.002 / 00:29.331, 909Mb)
Generate Native Outputs                                                                              (00:00.076 / 00:29.408, 916Mb)
Run Template                                                                                         (00:01.087 / 00:30.495, 646Mb)

onGenerate.checkVersions:
     [xslt] Processing /tmp/ans.fhir.fr.tddui#1.0.1/template/onGenerate-ig-working.xml to /tmp/ans.fhir.fr.tddui#1.0.1/template/versions.txt
     [xslt] Loading stylesheet /tmp/ans.fhir.fr.tddui#1.0.1/template/scripts/onGenerate.getVersions.xslt

onGenerate.r5-schemas:
      [get] Getting: http://build.fhir.org/fhir-single.xsd
      [get] To: /tmp/ans.fhir.fr.tddui#1.0.1/input-cache/schemas/R5/fhir-single.xsd
      [get] Not modified - so not downloaded
      [get] Getting: http://build.fhir.org/fhir-xhtml.xsd
      [get] To: /tmp/ans.fhir.fr.tddui#1.0.1/input-cache/schemas/R5/fhir-xhtml.xsd
      [get] Not modified - so not downloaded
      [get] Getting: http://build.fhir.org/xml.xsd
      [get] To: /tmp/ans.fhir.fr.tddui#1.0.1/input-cache/schemas/R5/xml.xsd
      [get] Not modified - so not downloaded
      [get] Getting: http://build.fhir.org/xmldsig-core-schema.xsd
      [get] To: /tmp/ans.fhir.fr.tddui#1.0.1/input-cache/schemas/R5/xmldsig-core-schema.xsd
      [get] Not modified - so not downloaded

onGenerate.r4-schemas:
      [get] Getting: http://hl7.org/fhir/R4/fhir-single.xsd
      [get] To: /tmp/ans.fhir.fr.tddui#1.0.1/input-cache/schemas/R4/fhir-single.xsd
      [get] Not modified - so not downloaded
      [get] Getting: http://hl7.org/fhir/R4/fhir-xhtml.xsd
      [get] To: /tmp/ans.fhir.fr.tddui#1.0.1/input-cache/schemas/R4/fhir-xhtml.xsd
      [get] Not modified - so not downloaded
      [get] Getting: http://hl7.org/fhir/R4/xml.xsd
      [get] To: /tmp/ans.fhir.fr.tddui#1.0.1/input-cache/schemas/R4/xml.xsd
      [get] Not modified - so not downloaded
      [get] Getting: http://hl7.org/fhir/R4/xmldsig-core-schema.xsd
      [get] To: /tmp/ans.fhir.fr.tddui#1.0.1/input-cache/schemas/R4/xmldsig-core-schema.xsd
      [get] Not modified - so not downloaded

onGenerate.r3-schemas:

onGenerate.r2b-schemas:

onGenerate.r2-schemas:

onGenerate.schemas:

onGenerate.data:
     [xslt] Processing /tmp/ans.fhir.fr.tddui#1.0.1/template/onGenerate-ig-working.xml to /tmp/ans.fhir.fr.tddui#1.0.1/temp/pages/_data/artifacts.json
     [xslt] Loading stylesheet /tmp/ans.fhir.fr.tddui#1.0.1/template/scripts/onGenerate.data.xslt

onGenerate.setup:

onGenerate.infoFile:
     [xslt] Processing /tmp/ans.fhir.fr.tddui#1.0.1/template/onGenerate-ig-working.xml to /tmp/ans.fhir.fr.tddui#1.0.1/temp/pages/_data/info.json
     [xslt] Loading stylesheet /tmp/ans.fhir.fr.tddui#1.0.1/template/scripts/onGenerate.genJson.xslt

onGenerate.processIncludes:
     [copy] Copying 17 files to /tmp/ans.fhir.fr.tddui#1.0.1/temp/pages/_includes

onGenerate.processIg:
     [xslt] Processing /tmp/ans.fhir.fr.tddui#1.0.1/template/onGenerate-ig-working.xml to /tmp/ans.fhir.fr.tddui#1.0.1/template/onGenerate-ig-working.1.xml
     [xslt] Loading stylesheet /tmp/ans.fhir.fr.tddui#1.0.1/template/scripts/onGenerate.group.xslt
     [xslt] Processing /tmp/ans.fhir.fr.tddui#1.0.1/template/onGenerate-ig-working.1.xml to /tmp/ans.fhir.fr.tddui#1.0.1/template/onGenerate-ig-working.2.xml
     [xslt] Loading stylesheet /tmp/ans.fhir.fr.tddui#1.0.1/template/scripts/onGenerate.groupSort.xslt
     [xslt] Processing /tmp/ans.fhir.fr.tddui#1.0.1/template/onGenerate-ig-working.2.xml to /tmp/ans.fhir.fr.tddui#1.0.1/template/onGenerate-ig-updated.xml
     [xslt] Loading stylesheet /tmp/ans.fhir.fr.tddui#1.0.1/template/scripts/onGenerate.final.xslt

onGenerate.igQa:
     [xslt] Processing /tmp/ans.fhir.fr.tddui#1.0.1/template/onGenerate-ig-updated.xml to /tmp/ans.fhir.fr.tddui#1.0.1/template/ongenerate-validation-igqa.json
     [xslt] Loading stylesheet /tmp/ans.fhir.fr.tddui#1.0.1/template/scripts/onGenerate.qa.xslt

onGenerate.artifactList:
     [xslt] Processing /tmp/ans.fhir.fr.tddui#1.0.1/template/onGenerate-ig-updated.xml to /tmp/ans.fhir.fr.tddui#1.0.1/temp/pages/_includes/artifacts.xml
     [xslt] Loading stylesheet /tmp/ans.fhir.fr.tddui#1.0.1/template/scripts/createArtifactSummary.xslt

check-plantumlfiles:

onGenerate.plantUml.ig:

onGenerate.plantUml.template:

onGenerate.plantUml:

onGenerate.copyDataFiles:
     [copy] Warning: /tmp/ans.fhir.fr.tddui#1.0.1/template/data does not exist.

onGenerate.extend:

onGenerate:
Template Done                                                                                        (00:02.915 / 00:33.411, 686Mb)
Generate HTML Outputs                                                                                (00:00.000 / 00:33.411, 686Mb)
ERROR StatusLogger Log4j2 could not find a logging implementation. Please add log4j-core to the classpath. Using SimpleLogger to log to the console...
Value set 'https://mos.esante.gouv.fr/NOS/JDV_J07-XdsTypeCode-CISIS/FHIR/JDV-J07-XdsTypeCode-CISIS' at https://interop.esante.gouv.fr/ig/fhir/tddui/StructureDefinition/tddui-documentreference#DocumentReference.type not found
Value set 'https://mos.esante.gouv.fr/NOS/JDV_J06-XdsClassCode-CISIS/FHIR/JDV-J06-XdsClassCode-CISIS' at https://interop.esante.gouv.fr/ig/fhir/tddui/StructureDefinition/tddui-documentreference#DocumentReference.category not found
Value set 'https://mos.esante.gouv.fr/NOS/JDV_J10-XdsFormatCode-CISIS/FHIR/JDV-J10-XdsFormatCode-CISIS' at https://interop.esante.gouv.fr/ig/fhir/tddui/StructureDefinition/tddui-documentreference#DocumentReference.content.format not found
Value set 'https://mos.esante.gouv.fr/NOS/JDV_J02-XdsHealthcareFacilityTypeCode-CISIS/FHIR/JDV-J02-XdsHealthcareFacilityTypeCode-CISIS' at https://interop.esante.gouv.fr/ig/fhir/tddui/StructureDefinition/tddui-documentreference#DocumentReference.context.facilityType not found
Value set 'https://mos.esante.gouv.fr/NOS/JDV_J04-XdsPracticeSettingCode-CISIS/FHIR/JDV-J04-XdsPracticeSettingCode-CISIS' at https://interop.esante.gouv.fr/ig/fhir/tddui/StructureDefinition/tddui-documentreference#DocumentReference.context.practiceSetting not found
Value set 'https://mos.esante.gouv.fr/NOS/JDV_J07-XdsTypeCode-CISIS/FHIR/JDV-J07-XdsTypeCode-CISIS' at https://interop.esante.gouv.fr/ig/fhir/tddui/StructureDefinition/tddui-documentreference#DocumentReference.type not found
Value set 'https://mos.esante.gouv.fr/NOS/JDV_J06-XdsClassCode-CISIS/FHIR/JDV-J06-XdsClassCode-CISIS' at https://interop.esante.gouv.fr/ig/fhir/tddui/StructureDefinition/tddui-documentreference#DocumentReference.category not found
Value set 'https://mos.esante.gouv.fr/NOS/JDV_J10-XdsFormatCode-CISIS/FHIR/JDV-J10-XdsFormatCode-CISIS' at https://interop.esante.gouv.fr/ig/fhir/tddui/StructureDefinition/tddui-documentreference#DocumentReference.content.format not found
Value set 'https://mos.esante.gouv.fr/NOS/JDV_J02-XdsHealthcareFacilityTypeCode-CISIS/FHIR/JDV-J02-XdsHealthcareFacilityTypeCode-CISIS' at https://interop.esante.gouv.fr/ig/fhir/tddui/StructureDefinition/tddui-documentreference#DocumentReference.context.facilityType not found
Value set 'https://mos.esante.gouv.fr/NOS/JDV_J04-XdsPracticeSettingCode-CISIS/FHIR/JDV-J04-XdsPracticeSettingCode-CISIS' at https://interop.esante.gouv.fr/ig/fhir/tddui/StructureDefinition/tddui-documentreference#DocumentReference.context.practiceSetting not found
Value set 'https://mos.esante.gouv.fr/NOS/JDV_J07-XdsTypeCode-CISIS/FHIR/JDV-J07-XdsTypeCode-CISIS' at https://interop.esante.gouv.fr/ig/fhir/tddui/StructureDefinition/tddui-documentreference#DocumentReference.type not found
Value set 'https://mos.esante.gouv.fr/NOS/JDV_J06-XdsClassCode-CISIS/FHIR/JDV-J06-XdsClassCode-CISIS' at https://interop.esante.gouv.fr/ig/fhir/tddui/StructureDefinition/tddui-documentreference#DocumentReference.category not found
Value set 'https://mos.esante.gouv.fr/NOS/JDV_J10-XdsFormatCode-CISIS/FHIR/JDV-J10-XdsFormatCode-CISIS' at https://interop.esante.gouv.fr/ig/fhir/tddui/StructureDefinition/tddui-documentreference#DocumentReference.content.format not found
Value set 'https://mos.esante.gouv.fr/NOS/JDV_J02-XdsHealthcareFacilityTypeCode-CISIS/FHIR/JDV-J02-XdsHealthcareFacilityTypeCode-CISIS' at https://interop.esante.gouv.fr/ig/fhir/tddui/StructureDefinition/tddui-documentreference#DocumentReference.context.facilityType not found
Value set 'https://mos.esante.gouv.fr/NOS/JDV_J04-XdsPracticeSettingCode-CISIS/FHIR/JDV-J04-XdsPracticeSettingCode-CISIS' at https://interop.esante.gouv.fr/ig/fhir/tddui/StructureDefinition/tddui-documentreference#DocumentReference.context.practiceSetting not found
Value set 'https://mos.esante.gouv.fr/NOS/JDV_J07-XdsTypeCode-CISIS/FHIR/JDV-J07-XdsTypeCode-CISIS' at https://interop.esante.gouv.fr/ig/fhir/tddui/StructureDefinition/tddui-documentreference#DocumentReference.type not found
Value set 'https://mos.esante.gouv.fr/NOS/JDV_J06-XdsClassCode-CISIS/FHIR/JDV-J06-XdsClassCode-CISIS' at https://interop.esante.gouv.fr/ig/fhir/tddui/StructureDefinition/tddui-documentreference#DocumentReference.category not found
Value set 'https://mos.esante.gouv.fr/NOS/JDV_J10-XdsFormatCode-CISIS/FHIR/JDV-J10-XdsFormatCode-CISIS' at https://interop.esante.gouv.fr/ig/fhir/tddui/StructureDefinition/tddui-documentreference#DocumentReference.content.format not found
Value set 'https://mos.esante.gouv.fr/NOS/JDV_J02-XdsHealthcareFacilityTypeCode-CISIS/FHIR/JDV-J02-XdsHealthcareFacilityTypeCode-CISIS' at https://interop.esante.gouv.fr/ig/fhir/tddui/StructureDefinition/tddui-documentreference#DocumentReference.context.facilityType not found
Value set 'https://mos.esante.gouv.fr/NOS/JDV_J04-XdsPracticeSettingCode-CISIS/FHIR/JDV-J04-XdsPracticeSettingCode-CISIS' at https://interop.esante.gouv.fr/ig/fhir/tddui/StructureDefinition/tddui-documentreference#DocumentReference.context.practiceSetting not found
Value set 'https://mos.esante.gouv.fr/NOS/JDV_J07-XdsTypeCode-CISIS/FHIR/JDV-J07-XdsTypeCode-CISIS' at https://interop.esante.gouv.fr/ig/fhir/tddui/StructureDefinition/tddui-documentreference#DocumentReference.type not found
Value set 'https://mos.esante.gouv.fr/NOS/JDV_J06-XdsClassCode-CISIS/FHIR/JDV-J06-XdsClassCode-CISIS' at https://interop.esante.gouv.fr/ig/fhir/tddui/StructureDefinition/tddui-documentreference#DocumentReference.category not found
Value set 'https://mos.esante.gouv.fr/NOS/JDV_J10-XdsFormatCode-CISIS/FHIR/JDV-J10-XdsFormatCode-CISIS' at https://interop.esante.gouv.fr/ig/fhir/tddui/StructureDefinition/tddui-documentreference#DocumentReference.content.format not found
Value set 'https://mos.esante.gouv.fr/NOS/JDV_J02-XdsHealthcareFacilityTypeCode-CISIS/FHIR/JDV-J02-XdsHealthcareFacilityTypeCode-CISIS' at https://interop.esante.gouv.fr/ig/fhir/tddui/StructureDefinition/tddui-documentreference#DocumentReference.context.facilityType not found
Value set 'https://mos.esante.gouv.fr/NOS/JDV_J04-XdsPracticeSettingCode-CISIS/FHIR/JDV-J04-XdsPracticeSettingCode-CISIS' at https://interop.esante.gouv.fr/ig/fhir/tddui/StructureDefinition/tddui-documentreference#DocumentReference.context.practiceSetting not found
Generate Summaries                                                                                   (00:03.923 / 00:37.335, 725Mb)
Generating Summary Outputs                                                                           (00:00.001 / 00:37.337, 725Mb)
DB Cumulative Time invested: 00:00:00.61
Sending Usage Stats to Server                                                                        (02:18.213 / 02:55.549, 778Mb)
## Memory (MB): Use = 778, Free = 839, Total = 1618, Max = 3996                                      (00:00.004 / 02:55.554, 780Mb)
Reclaiming memory...                                                                                 (00:00.001 / 02:55.555, 780Mb)
## Memory (MB): Use = 780, Free = 837, Total = 1618, Max = 3996                                      (00:00.006 / 02:55.561, 765Mb)
Run jekyll: jekyll build --destination "/tmp/ans.fhir.fr.tddui#1.0.1/output" (in folder /tmp/ans.fhir.fr.tddui#1.0.1/temp/pages) (00:00.001 / 02:55.563, 766Mb)
Troubleshooting Note: usual cases for Jekyll to fail are:                                            (00:00.000 / 02:55.564, 766Mb)
* A failure to produce a fragment that is already logged in the output above                         (00:00.000 / 02:55.565, 766Mb)
* A reference to a manually edited file that hasn't been provided                                    (00:00.000 / 02:55.566, 766Mb)
Jekyll: Source: /tmp/ans.fhir.fr.tddui#1.0.1/temp/pages                                              (00:00.322 / 02:55.888, 770Mb)
Jekyll: Generating...                                                                                (00:00.000 / 02:55.889, 770Mb)
Jekyll: done in 0.991 seconds.                                                                       (00:00.989 / 02:56.878, 770Mb)

Installing ans.fhir.fr.tddui#1.0.1 done.
Checking Output HTML                                                                                 (00:00.759 / 02:57.638, 1Gb)
found 621 files                                                                                      (00:00.003 / 02:57.641, 1Gb)
.........................................
.........................................
  ... 621 html files, 0 pages invalid xhtml (0%)                                                     (00:02.150 / 02:59.792, 1Gb)
  ... 32668 links, 5 broken links (0%)                                                               (00:00.000 / 02:59.793, 1Gb)
Build final .zip                                                                                     (00:00.000 / 02:59.794, 1Gb)
Final .zip built                                                                                     (00:00.863 / 03:00.658, 1Gb)
Built. Times: loading: 00:00.281, generate: 02:43.655, narrative generation: 00:01.343, realm-rules: 00:00.001, previous-version: 00:05.019, jekyll: 00:01.328, validation: 00:03.613 (#5), template: 00:02.914 (#3) (00:01.992 / 03:02.650, 857Mb)
Generating QA                                                                                        (00:00.001 / 03:02.651, 857Mb)
Validation output in /tmp/ans.fhir.fr.tddui#1.0.1/output/qa.html
Errors: 0, Warnings: 30, Info: 25, Broken Links: 5 (00:00.594 / 03:03.246, 1Gb)
Finished. Max Memory Used = 1Gb. Log file saved in /tmp/fhir-ig-publisher-tmp.log                    (00:00.002 / 03:03.249, 1Gb)
Prepare Build space in /tmp/ans.fhir.fr.tddui#1.0.1-milestone
Build IG at /home/runner/work/IG-fhir-medicosocial-transfert-donnees-dui/IG-fhir-medicosocial-transfert-donnees-dui/./igSource: final copy suitable for publication (in /tmp/ans.fhir.fr.tddui#1.0.1-milestone) (milestone build)
FHIR IG Publisher Version 1.6.3 (Git# 58fd9ba64d35). Built 2024-03-20T17:15:59.428Z (12 days old)   
Detected Java version: 17.0.10 from /opt/hostedtoolcache/Java_Microsoft_jdk/17.0.10/x64 on Linux/amd64 (64bit). 3996MB available
dir = /home/runner/work/IG-fhir-medicosocial-transfert-donnees-dui/IG-fhir-medicosocial-transfert-donnees-dui, path = /opt/hostedtoolcache/Ruby/3.3.0/x64/bin:/usr/share/dotnet:/opt/hostedtoolcache/node/20.11.1/x64/bin:/opt/hostedtoolcache/Java_Microsoft_jdk/17.0.10/x64/bin:/snap/bin:/home/runner/.local/bin:/opt/pipx_bin:/home/runner/.cargo/bin:/home/runner/.config/composer/vendor/bin:/usr/local/.ghcup/bin:/home/runner/.dotnet/tools:/usr/local/sbin:/usr/local/bin:/usr/sbin:/usr/bin:/sbin:/bin:/usr/games:/usr/local/games:/snap/bin
Parameters: -ig /tmp/ans.fhir.fr.tddui#1.0.1-milestone -publish https://interop.esante.gouv.fr/ig/fhir/tddui/1.0.1 -milestone -no-exit
Start Clock @ Tuesday, April 2, 2024 at 2:14:55 PM Coordinated Universal Time (2024-04-02T14:14:55Z)
                                                                                                    
Build FHIR IG from /tmp/ans.fhir.fr.tddui#1.0.1-milestone                                            (00:00.003 / 00:00.003, 1Gb)
Build Formal Publication package, intended for https://interop.esante.gouv.fr/ig/fhir/tddui/1.0.1    (00:00.000 / 00:00.003, 1Gb)
API keys loaded from /home/runner/.fhir/fhir-settings.json                                           (00:00.000 / 00:00.004, 1Gb)
Package Cache: /home/runner/.fhir/packages                                                           (00:00.000 / 00:00.005, 1Gb)
Run Sushi on /tmp/ans.fhir.fr.tddui#1.0.1-milestone                                                  (00:00.000 / 00:00.006, 1Gb)
Sushi: info  Running SUSHI v3.8.0 (implements FHIR Shorthand specification v3.0.0-ballot)            (00:00.368 / 00:00.374, 1Gb)
Sushi: info  Arguments:                                                                              (00:00.001 / 00:00.375, 1Gb)
Sushi: info    --require-latest                                                                      (00:00.000 / 00:00.375, 1Gb)
Sushi: info    --out /tmp/ans.fhir.fr.tddui#1.0.1-milestone                                          (00:00.000 / 00:00.376, 1Gb)
Sushi: info    /tmp/ans.fhir.fr.tddui#1.0.1-milestone                                                (00:00.000 / 00:00.377, 1Gb)
Sushi: info  Using configuration file: /tmp/ans.fhir.fr.tddui#1.0.1-milestone/sushi-config.yaml      (00:00.376 / 00:00.753, 1Gb)
Sushi: info  Importing FSH text...                                                                   (00:00.123 / 00:00.877, 1Gb)
Sushi: info  Preprocessed 5 documents with 7 aliases.                                                (00:00.122 / 00:01.000, 1Gb)
Sushi: info  Imported 2 definitions and 4 instances.                                                 (00:00.008 / 00:01.008, 1Gb)
Sushi: info  Checking /home/runner/.fhir/packages for hl7.fhir.uv.tools#current...                   (00:00.001 / 00:01.010, 1Gb)
Sushi: info  Found hl7.fhir.uv.tools#current in /home/runner/.fhir/packages.                         (00:00.037 / 00:01.047, 1Gb)
Sushi: info  Loaded package hl7.fhir.uv.tools#current                                                (00:00.613 / 00:01.661, 1Gb)
Sushi: info  Checking /home/runner/.fhir/packages for hl7.terminology.r4#5.3.0...                    (00:00.690 / 00:02.351, 1Gb)
Sushi: info  Found hl7.terminology.r4#5.3.0 in /home/runner/.fhir/packages.                          (00:00.429 / 00:02.780, 1Gb)
Sushi: info  Loaded package hl7.terminology.r4#5.3.0                                                 (00:00.001 / 00:02.781, 1Gb)
Sushi: info  Checking /home/runner/.fhir/packages for hl7.fhir.uv.extensions.r4#1.0.0...             (00:00.157 / 00:02.939, 1Gb)
Sushi: info  Found hl7.fhir.uv.extensions.r4#1.0.0 in /home/runner/.fhir/packages.                   (00:00.506 / 00:03.445, 1Gb)
Sushi: info  Loaded package hl7.fhir.uv.extensions.r4#1.0.0                                          (00:00.000 / 00:03.446, 1Gb)
Sushi: info  Checking /home/runner/.fhir/packages for hl7.fhir.fr.core#1.1.0...                      (00:00.000 / 00:03.446, 1Gb)
Sushi: info  Found hl7.fhir.fr.core#1.1.0 in /home/runner/.fhir/packages.                            (00:00.441 / 00:03.888, 1Gb)
Sushi: info  Loaded package hl7.fhir.fr.core#1.1.0                                                   (00:00.001 / 00:03.889, 1Gb)
Sushi: info  Checking /home/runner/.fhir/packages for hl7.fhir.r4.core#4.0.1...                      (00:00.000 / 00:03.890, 1Gb)
Sushi: info  Found hl7.fhir.r4.core#4.0.1 in /home/runner/.fhir/packages.                            (00:01.052 / 00:04.943, 1Gb)
Sushi: info  Loaded package hl7.fhir.r4.core#4.0.1                                                   (00:00.000 / 00:04.943, 1Gb)
Sushi: info  Converting FSH to FHIR resources...                                                     (00:00.037 / 00:04.981, 1Gb)
Sushi: info  Converted 2 FHIR StructureDefinitions.                                                  (00:00.338 / 00:05.320, 1Gb)
Sushi: info  Converted 4 FHIR instances.                                                             (00:00.189 / 00:05.509, 1Gb)
Sushi: info  Exporting FHIR resources as JSON...                                                     (00:00.001 / 00:05.510, 1Gb)
Sushi: info  Exported 4 FHIR resources as JSON.                                                      (00:00.010 / 00:05.521, 1Gb)
Sushi: info  Assembling Implementation Guide sources...                                              (00:00.001 / 00:05.522, 1Gb)
Sushi: info  Generated ImplementationGuide-ans.fhir.fr.tddui.json                                    (00:00.021 / 00:05.543, 1Gb)
Sushi: info  Assembled Implementation Guide sources; ready for IG Publisher.                         (00:00.000 / 00:05.544, 1Gb)
Sushi: ========================= SUSHI RESULTS ===========================                           (00:00.001 / 00:05.546, 1Gb)
Sushi: |  -------------------------------------------------------------  |                           (00:00.000 / 00:05.546, 1Gb)
Sushi: | |    Profiles   |  Extensions  |   Logicals   |   Resources   | |                           (00:00.000 / 00:05.547, 1Gb)
Sushi: | |-------------------------------------------------------------| |                           (00:00.000 / 00:05.548, 1Gb)
Sushi: | |       2       |      0       |      0       |       0       | |                           (00:00.000 / 00:05.549, 1Gb)
Sushi: |  -------------------------------------------------------------  |                           (00:00.000 / 00:05.550, 1Gb)
Sushi: |  -------------------------------------------------------------  |                           (00:00.000 / 00:05.550, 1Gb)
Sushi: | |      ValueSets     |    CodeSystems    |     Instances      | |                           (00:00.000 / 00:05.551, 1Gb)
Sushi: | |-------------------------------------------------------------| |                           (00:00.000 / 00:05.552, 1Gb)
Sushi: | |         0          |         0         |         4          | |                           (00:00.000 / 00:05.552, 1Gb)
Sushi: |  -------------------------------------------------------------  |                           (00:00.000 / 00:05.553, 1Gb)
Sushi: |                                                                 |                           (00:00.000 / 00:05.554, 1Gb)
Sushi: ===================================================================                           (00:00.000 / 00:05.555, 1Gb)
Sushi: | Tank you very much!                    0 Errors      0 Warnings |                           (00:00.000 / 00:05.555, 1Gb)
Sushi: ===================================================================                           (00:00.000 / 00:05.556, 1Gb)
Unable to load IG as an r5 IG - try R4 (property code is a class com.google.gson.JsonPrimitive looking for an object) (00:00.020 / 00:05.577, 1Gb)
Load Template from https://github.com/ansforge/IG-template                                           (00:00.012 / 00:05.589, 1Gb)

onLoad.findSpreadsheets:

onLoad.updateIg:
     [xslt] Processing /tmp/ans.fhir.fr.tddui#1.0.1-milestone/template/onLoad-ig-working.xml to /tmp/ans.fhir.fr.tddui#1.0.1-milestone/template/onLoad-ig-updated.xml
     [xslt] Loading stylesheet /tmp/ans.fhir.fr.tddui#1.0.1-milestone/template/scripts/onLoad.xslt

onLoad.extend:

onLoad:
Root directory: /tmp/ans.fhir.fr.tddui#1.0.1-milestone                                               (00:02.701 / 00:08.291, 1Gb)
Terminology Cache is at /tmp/ans.fhir.fr.tddui#1.0.1-milestone/input-cache/txcache. 10 files in cache (00:00.356 / 00:08.647, 1Gb)
Core Package hl7.fhir.r4.core#4.0.1
Unable to generate snapshot @2 for Definition from noname because Profile Definition (http://hl7.org/fhir/StructureDefinition/Definition) has no base and no snapshot
Unable to generate snapshot @2 for Event from noname because Profile Event (http://hl7.org/fhir/StructureDefinition/Event) has no base and no snapshot
Unable to generate snapshot @2 for FiveWs from noname because Profile FiveWs (http://hl7.org/fhir/StructureDefinition/FiveWs) has no base and no snapshot
Unable to generate snapshot @2 for Request from noname because Profile Request (http://hl7.org/fhir/StructureDefinition/Request) has no base and no snapshot
Running Terminology Log: /tmp/ohfu-fhir-ig-15265915232261403400.log
Connect to Terminology Server at http://tx.fhir.org                                                  (00:01.585 / 00:10.233, 1Gb)
Load Package hl7.fhir.pubpack#0.1.7
Load Package hl7.fhir.xver-extensions#0.1.0
Load Package hl7.terminology.r4#5.3.0
Load Package hl7.fhir.uv.extensions.r4#1.0.0
Load Package hl7.fhir.fr.core#1.1.0
Version mismatch. This IG is version 4.0.1, while the IG 'hl7.fhir.uv.tools' is from version 5.0.0 (will try to run anyway) (00:02.660 / 00:12.893, 1Gb)
Load Package hl7.fhir.uv.tools#0.1.0
Load R5 Specials
Unable to generate snapshot @2 for Definition from noname because Profile Definition (http://hl7.org/fhir/StructureDefinition/Definition) has no base and no snapshot
Unable to generate snapshot @2 for Event from noname because Profile Event (http://hl7.org/fhir/StructureDefinition/Event) has no base and no snapshot
Unable to generate snapshot @2 for FiveWs from noname because Profile FiveWs (http://hl7.org/fhir/StructureDefinition/FiveWs) has no base and no snapshot
Unable to generate snapshot @2 for Request from noname because Profile Request (http://hl7.org/fhir/StructureDefinition/Request) has no base and no snapshot
Initialization complete                                                                              (00:00.254 / 00:13.147, 1Gb)
Fetch https://interop.esante.gouv.fr/ig/fhir/tddui/package-list.json for version check               (00:00.000 / 00:13.148, 1Gb)
Load Content                                                                                         (00:00.591 / 00:13.740, 1Gb)
loadPrePages from FetchedFile[/tmp/ans.fhir.fr.tddui#1.0.1-milestone/fsh-generated/includes] as /tmp/ans.fhir.fr.tddui#1.0.1-milestone/fsh-generated/includes
loadPrePages from FetchedFile[/tmp/ans.fhir.fr.tddui#1.0.1-milestone/input/data] as /tmp/ans.fhir.fr.tddui#1.0.1-milestone/input/data
loadPrePages from FetchedFile[/tmp/ans.fhir.fr.tddui#1.0.1-milestone/input/pagecontent] as /tmp/ans.fhir.fr.tddui#1.0.1-milestone/input/pagecontent
Processing Conformance Resources                                                                     (00:00.099 / 00:13.839, 1016Mb)
Load Dependency Info                                                                                 (00:00.001 / 00:13.841, 1016Mb)
Load Info                                                                                            (00:00.001 / 00:13.843, 1016Mb)
Load Resources                                                                                       (00:00.001 / 00:13.844, 1017Mb)
Load Paths                                                                                           (00:00.028 / 00:13.873, 1Gb)
Generating Snapshots                                                                                 (00:00.001 / 00:13.874, 1Gb)
Check R4 / R4B                                                                                       (00:00.096 / 00:13.971, 1Gb)
Assign Comparison Ids                                                                                (00:00.003 / 00:13.975, 1Gb)
Propagating status                                                                                   (00:00.001 / 00:13.976, 1Gb)
Generating Narratives                                                                                (00:00.001 / 00:13.978, 1Gb)
Validating Conformance Resources                                                                     (00:00.293 / 00:14.271, 1Gb)
Check profiles & code systems                                                                        (00:01.797 / 00:16.068, 1Gb)
Check realm rules                                                                                    (00:00.001 / 00:16.070, 1Gb)
Previous Version Comparison                                                                          (00:00.000 / 00:16.071, 1Gb)
Unable to generate snapshot @1 for Definition from noname because Profile Definition (http://hl7.org/fhir/StructureDefinition/Definition) has no base and no snapshot
Unable to generate snapshot @1 for Event from noname because Profile Event (http://hl7.org/fhir/StructureDefinition/Event) has no base and no snapshot
Unable to generate snapshot @1 for FiveWs from noname because Profile FiveWs (http://hl7.org/fhir/StructureDefinition/FiveWs) has no base and no snapshot
Unable to generate snapshot @1 for Request from noname because Profile Request (http://hl7.org/fhir/StructureDefinition/Request) has no base and no snapshot
Validating Resources                                                                                 (00:03.344 / 00:19.415, 1Gb)
Processing Provenance Records                                                                        (00:00.051 / 00:19.466, 1Gb)
Generating Outputs in /tmp/ans.fhir.fr.tddui#1.0.1-milestone/output                                  (00:00.000 / 00:19.467, 1Gb)
Generate Native Outputs                                                                              (00:00.062 / 00:19.530, 1Gb)
Run Template                                                                                         (00:00.987 / 00:20.517, 1Gb)

onGenerate.checkVersions:
     [xslt] Processing /tmp/ans.fhir.fr.tddui#1.0.1-milestone/template/onGenerate-ig-working.xml to /tmp/ans.fhir.fr.tddui#1.0.1-milestone/template/versions.txt
     [xslt] Loading stylesheet /tmp/ans.fhir.fr.tddui#1.0.1-milestone/template/scripts/onGenerate.getVersions.xslt

onGenerate.r5-schemas:
      [get] Getting: http://build.fhir.org/fhir-single.xsd
      [get] To: /tmp/ans.fhir.fr.tddui#1.0.1-milestone/input-cache/schemas/R5/fhir-single.xsd
      [get] Not modified - so not downloaded
      [get] Getting: http://build.fhir.org/fhir-xhtml.xsd
      [get] To: /tmp/ans.fhir.fr.tddui#1.0.1-milestone/input-cache/schemas/R5/fhir-xhtml.xsd
      [get] Not modified - so not downloaded
      [get] Getting: http://build.fhir.org/xml.xsd
      [get] To: /tmp/ans.fhir.fr.tddui#1.0.1-milestone/input-cache/schemas/R5/xml.xsd
      [get] Not modified - so not downloaded
      [get] Getting: http://build.fhir.org/xmldsig-core-schema.xsd
      [get] To: /tmp/ans.fhir.fr.tddui#1.0.1-milestone/input-cache/schemas/R5/xmldsig-core-schema.xsd
      [get] Not modified - so not downloaded

onGenerate.r4-schemas:
      [get] Getting: http://hl7.org/fhir/R4/fhir-single.xsd
      [get] To: /tmp/ans.fhir.fr.tddui#1.0.1-milestone/input-cache/schemas/R4/fhir-single.xsd
      [get] Not modified - so not downloaded
      [get] Getting: http://hl7.org/fhir/R4/fhir-xhtml.xsd
      [get] To: /tmp/ans.fhir.fr.tddui#1.0.1-milestone/input-cache/schemas/R4/fhir-xhtml.xsd
      [get] Not modified - so not downloaded
      [get] Getting: http://hl7.org/fhir/R4/xml.xsd
      [get] To: /tmp/ans.fhir.fr.tddui#1.0.1-milestone/input-cache/schemas/R4/xml.xsd
      [get] Not modified - so not downloaded
      [get] Getting: http://hl7.org/fhir/R4/xmldsig-core-schema.xsd
      [get] To: /tmp/ans.fhir.fr.tddui#1.0.1-milestone/input-cache/schemas/R4/xmldsig-core-schema.xsd
      [get] Not modified - so not downloaded

onGenerate.r3-schemas:

onGenerate.r2b-schemas:

onGenerate.r2-schemas:

onGenerate.schemas:

onGenerate.data:
     [xslt] Processing /tmp/ans.fhir.fr.tddui#1.0.1-milestone/template/onGenerate-ig-working.xml to /tmp/ans.fhir.fr.tddui#1.0.1-milestone/temp/pages/_data/artifacts.json
     [xslt] Loading stylesheet /tmp/ans.fhir.fr.tddui#1.0.1-milestone/template/scripts/onGenerate.data.xslt

onGenerate.setup:

onGenerate.infoFile:
     [xslt] Processing /tmp/ans.fhir.fr.tddui#1.0.1-milestone/template/onGenerate-ig-working.xml to /tmp/ans.fhir.fr.tddui#1.0.1-milestone/temp/pages/_data/info.json
     [xslt] Loading stylesheet /tmp/ans.fhir.fr.tddui#1.0.1-milestone/template/scripts/onGenerate.genJson.xslt

onGenerate.processIncludes:
     [copy] Copying 17 files to /tmp/ans.fhir.fr.tddui#1.0.1-milestone/temp/pages/_includes

onGenerate.processIg:
     [xslt] Processing /tmp/ans.fhir.fr.tddui#1.0.1-milestone/template/onGenerate-ig-working.xml to /tmp/ans.fhir.fr.tddui#1.0.1-milestone/template/onGenerate-ig-working.1.xml
     [xslt] Loading stylesheet /tmp/ans.fhir.fr.tddui#1.0.1-milestone/template/scripts/onGenerate.group.xslt
     [xslt] Processing /tmp/ans.fhir.fr.tddui#1.0.1-milestone/template/onGenerate-ig-working.1.xml to /tmp/ans.fhir.fr.tddui#1.0.1-milestone/template/onGenerate-ig-working.2.xml
     [xslt] Loading stylesheet /tmp/ans.fhir.fr.tddui#1.0.1-milestone/template/scripts/onGenerate.groupSort.xslt
     [xslt] Processing /tmp/ans.fhir.fr.tddui#1.0.1-milestone/template/onGenerate-ig-working.2.xml to /tmp/ans.fhir.fr.tddui#1.0.1-milestone/template/onGenerate-ig-updated.xml
     [xslt] Loading stylesheet /tmp/ans.fhir.fr.tddui#1.0.1-milestone/template/scripts/onGenerate.final.xslt

onGenerate.igQa:
     [xslt] Processing /tmp/ans.fhir.fr.tddui#1.0.1-milestone/template/onGenerate-ig-updated.xml to /tmp/ans.fhir.fr.tddui#1.0.1-milestone/template/ongenerate-validation-igqa.json
     [xslt] Loading stylesheet /tmp/ans.fhir.fr.tddui#1.0.1-milestone/template/scripts/onGenerate.qa.xslt

onGenerate.artifactList:
     [xslt] Processing /tmp/ans.fhir.fr.tddui#1.0.1-milestone/template/onGenerate-ig-updated.xml to /tmp/ans.fhir.fr.tddui#1.0.1-milestone/temp/pages/_includes/artifacts.xml
     [xslt] Loading stylesheet /tmp/ans.fhir.fr.tddui#1.0.1-milestone/template/scripts/createArtifactSummary.xslt

check-plantumlfiles:

onGenerate.plantUml.ig:

onGenerate.plantUml.template:

onGenerate.plantUml:

onGenerate.copyDataFiles:
     [copy] Warning: /tmp/ans.fhir.fr.tddui#1.0.1-milestone/template/data does not exist.

onGenerate.extend:

onGenerate:
Template Done                                                                                        (00:02.452 / 00:22.970, 1Gb)
Generate HTML Outputs                                                                                (00:00.000 / 00:22.970, 1Gb)
Value set 'https://mos.esante.gouv.fr/NOS/JDV_J07-XdsTypeCode-CISIS/FHIR/JDV-J07-XdsTypeCode-CISIS' at https://interop.esante.gouv.fr/ig/fhir/tddui/StructureDefinition/tddui-documentreference#DocumentReference.type not found
Value set 'https://mos.esante.gouv.fr/NOS/JDV_J06-XdsClassCode-CISIS/FHIR/JDV-J06-XdsClassCode-CISIS' at https://interop.esante.gouv.fr/ig/fhir/tddui/StructureDefinition/tddui-documentreference#DocumentReference.category not found
Value set 'https://mos.esante.gouv.fr/NOS/JDV_J10-XdsFormatCode-CISIS/FHIR/JDV-J10-XdsFormatCode-CISIS' at https://interop.esante.gouv.fr/ig/fhir/tddui/StructureDefinition/tddui-documentreference#DocumentReference.content.format not found
Value set 'https://mos.esante.gouv.fr/NOS/JDV_J02-XdsHealthcareFacilityTypeCode-CISIS/FHIR/JDV-J02-XdsHealthcareFacilityTypeCode-CISIS' at https://interop.esante.gouv.fr/ig/fhir/tddui/StructureDefinition/tddui-documentreference#DocumentReference.context.facilityType not found
Value set 'https://mos.esante.gouv.fr/NOS/JDV_J04-XdsPracticeSettingCode-CISIS/FHIR/JDV-J04-XdsPracticeSettingCode-CISIS' at https://interop.esante.gouv.fr/ig/fhir/tddui/StructureDefinition/tddui-documentreference#DocumentReference.context.practiceSetting not found
Value set 'https://mos.esante.gouv.fr/NOS/JDV_J07-XdsTypeCode-CISIS/FHIR/JDV-J07-XdsTypeCode-CISIS' at https://interop.esante.gouv.fr/ig/fhir/tddui/StructureDefinition/tddui-documentreference#DocumentReference.type not found
Value set 'https://mos.esante.gouv.fr/NOS/JDV_J06-XdsClassCode-CISIS/FHIR/JDV-J06-XdsClassCode-CISIS' at https://interop.esante.gouv.fr/ig/fhir/tddui/StructureDefinition/tddui-documentreference#DocumentReference.category not found
Value set 'https://mos.esante.gouv.fr/NOS/JDV_J10-XdsFormatCode-CISIS/FHIR/JDV-J10-XdsFormatCode-CISIS' at https://interop.esante.gouv.fr/ig/fhir/tddui/StructureDefinition/tddui-documentreference#DocumentReference.content.format not found
Value set 'https://mos.esante.gouv.fr/NOS/JDV_J02-XdsHealthcareFacilityTypeCode-CISIS/FHIR/JDV-J02-XdsHealthcareFacilityTypeCode-CISIS' at https://interop.esante.gouv.fr/ig/fhir/tddui/StructureDefinition/tddui-documentreference#DocumentReference.context.facilityType not found
Value set 'https://mos.esante.gouv.fr/NOS/JDV_J04-XdsPracticeSettingCode-CISIS/FHIR/JDV-J04-XdsPracticeSettingCode-CISIS' at https://interop.esante.gouv.fr/ig/fhir/tddui/StructureDefinition/tddui-documentreference#DocumentReference.context.practiceSetting not found
Value set 'https://mos.esante.gouv.fr/NOS/JDV_J07-XdsTypeCode-CISIS/FHIR/JDV-J07-XdsTypeCode-CISIS' at https://interop.esante.gouv.fr/ig/fhir/tddui/StructureDefinition/tddui-documentreference#DocumentReference.type not found
Value set 'https://mos.esante.gouv.fr/NOS/JDV_J06-XdsClassCode-CISIS/FHIR/JDV-J06-XdsClassCode-CISIS' at https://interop.esante.gouv.fr/ig/fhir/tddui/StructureDefinition/tddui-documentreference#DocumentReference.category not found
Value set 'https://mos.esante.gouv.fr/NOS/JDV_J10-XdsFormatCode-CISIS/FHIR/JDV-J10-XdsFormatCode-CISIS' at https://interop.esante.gouv.fr/ig/fhir/tddui/StructureDefinition/tddui-documentreference#DocumentReference.content.format not found
Value set 'https://mos.esante.gouv.fr/NOS/JDV_J02-XdsHealthcareFacilityTypeCode-CISIS/FHIR/JDV-J02-XdsHealthcareFacilityTypeCode-CISIS' at https://interop.esante.gouv.fr/ig/fhir/tddui/StructureDefinition/tddui-documentreference#DocumentReference.context.facilityType not found
Value set 'https://mos.esante.gouv.fr/NOS/JDV_J04-XdsPracticeSettingCode-CISIS/FHIR/JDV-J04-XdsPracticeSettingCode-CISIS' at https://interop.esante.gouv.fr/ig/fhir/tddui/StructureDefinition/tddui-documentreference#DocumentReference.context.practiceSetting not found
Value set 'https://mos.esante.gouv.fr/NOS/JDV_J07-XdsTypeCode-CISIS/FHIR/JDV-J07-XdsTypeCode-CISIS' at https://interop.esante.gouv.fr/ig/fhir/tddui/StructureDefinition/tddui-documentreference#DocumentReference.type not found
Value set 'https://mos.esante.gouv.fr/NOS/JDV_J06-XdsClassCode-CISIS/FHIR/JDV-J06-XdsClassCode-CISIS' at https://interop.esante.gouv.fr/ig/fhir/tddui/StructureDefinition/tddui-documentreference#DocumentReference.category not found
Value set 'https://mos.esante.gouv.fr/NOS/JDV_J10-XdsFormatCode-CISIS/FHIR/JDV-J10-XdsFormatCode-CISIS' at https://interop.esante.gouv.fr/ig/fhir/tddui/StructureDefinition/tddui-documentreference#DocumentReference.content.format not found
Value set 'https://mos.esante.gouv.fr/NOS/JDV_J02-XdsHealthcareFacilityTypeCode-CISIS/FHIR/JDV-J02-XdsHealthcareFacilityTypeCode-CISIS' at https://interop.esante.gouv.fr/ig/fhir/tddui/StructureDefinition/tddui-documentreference#DocumentReference.context.facilityType not found
Value set 'https://mos.esante.gouv.fr/NOS/JDV_J04-XdsPracticeSettingCode-CISIS/FHIR/JDV-J04-XdsPracticeSettingCode-CISIS' at https://interop.esante.gouv.fr/ig/fhir/tddui/StructureDefinition/tddui-documentreference#DocumentReference.context.practiceSetting not found
Value set 'https://mos.esante.gouv.fr/NOS/JDV_J07-XdsTypeCode-CISIS/FHIR/JDV-J07-XdsTypeCode-CISIS' at https://interop.esante.gouv.fr/ig/fhir/tddui/StructureDefinition/tddui-documentreference#DocumentReference.type not found
Value set 'https://mos.esante.gouv.fr/NOS/JDV_J06-XdsClassCode-CISIS/FHIR/JDV-J06-XdsClassCode-CISIS' at https://interop.esante.gouv.fr/ig/fhir/tddui/StructureDefinition/tddui-documentreference#DocumentReference.category not found
Value set 'https://mos.esante.gouv.fr/NOS/JDV_J10-XdsFormatCode-CISIS/FHIR/JDV-J10-XdsFormatCode-CISIS' at https://interop.esante.gouv.fr/ig/fhir/tddui/StructureDefinition/tddui-documentreference#DocumentReference.content.format not found
Value set 'https://mos.esante.gouv.fr/NOS/JDV_J02-XdsHealthcareFacilityTypeCode-CISIS/FHIR/JDV-J02-XdsHealthcareFacilityTypeCode-CISIS' at https://interop.esante.gouv.fr/ig/fhir/tddui/StructureDefinition/tddui-documentreference#DocumentReference.context.facilityType not found
Value set 'https://mos.esante.gouv.fr/NOS/JDV_J04-XdsPracticeSettingCode-CISIS/FHIR/JDV-J04-XdsPracticeSettingCode-CISIS' at https://interop.esante.gouv.fr/ig/fhir/tddui/StructureDefinition/tddui-documentreference#DocumentReference.context.practiceSetting not found
Generate Summaries                                                                                   (00:01.162 / 00:24.133, 1Gb)
Generating Summary Outputs                                                                           (00:00.000 / 00:24.134, 1Gb)
DB Cumulative Time invested: 00:00:00.55
Sending Usage Stats to Server                                                                        (00:03.113 / 00:27.248, 1Gb)
## Memory (MB): Use = 1901, Free = 340, Total = 2242, Max = 3996                                     (00:00.001 / 00:27.249, 1Gb)
Reclaiming memory...                                                                                 (00:00.000 / 00:27.250, 1Gb)
## Memory (MB): Use = 1400, Free = 943, Total = 2344, Max = 3996                                     (00:00.637 / 00:27.888, 1Gb)
Run jekyll: jekyll build --destination "/tmp/ans.fhir.fr.tddui#1.0.1-milestone/output" (in folder /tmp/ans.fhir.fr.tddui#1.0.1-milestone/temp/pages) (00:00.001 / 00:27.889, 1Gb)
Troubleshooting Note: usual cases for Jekyll to fail are:                                            (00:00.000 / 00:27.890, 1Gb)
* A failure to produce a fragment that is already logged in the output above                         (00:00.000 / 00:27.891, 1Gb)
* A reference to a manually edited file that hasn't been provided                                    (00:00.000 / 00:27.891, 1Gb)
Jekyll: Source: /tmp/ans.fhir.fr.tddui#1.0.1-milestone/temp/pages                                    (00:00.332 / 00:28.224, 1Gb)
Jekyll: Generating...                                                                                (00:00.000 / 00:28.224, 1Gb)
Jekyll: done in 1.003 seconds.                                                                       (00:01.002 / 00:29.227, 1Gb)

Installing ans.fhir.fr.tddui#1.0.1Checking Output HTML                                                                                 (00:00.298 / 00:29.525, 1Gb)
found 621 files                                                                                      (00:00.003 / 00:29.529, 1Gb)
.........................................
.........................................
  ... 621 html files, 0 pages invalid xhtml (0%)                                                     (00:01.396 / 00:30.926, 1Gb)
  ... 32668 links, 5 broken links (0%)                                                               (00:00.000 / 00:30.926, 1Gb)
Build final .zip                                                                                     (00:00.000 / 00:30.927, 1Gb)
Final .zip built                                                                                     (00:00.863 / 00:31.790, 1Gb)
Built. Times: loading: 00:00.098, generate: 00:19.701, narrative generation: 00:00.291, realm-rules: 00:00.000, previous-version: 00:03.340, jekyll: 00:01.349, validation: 00:01.847 (#5), template: 00:02.451 (#3) (00:01.750 / 00:33.541, 1Gb)
Generating QA                                                                                        (00:00.001 / 00:33.543, 1Gb)
Validation output in /tmp/ans.fhir.fr.tddui#1.0.1-milestone/output/qa.html
Errors: 0, Warnings: 30, Info: 25, Broken Links: 5 (00:00.507 / 00:34.050, 1Gb)
Finished. Max Memory Used = 1Gb. Log file saved in /tmp/fhir-ig-publisher-tmp.log                    (00:00.003 / 00:34.053, 1Gb)
Keep a copy of the build directory at /tmp/web-root/run-20240402/ig-build-zips/ans.fhir.fr.tddui#1.0.1.zip

ok. All checks passed. Publish v1.0.1 to /tmp/web-root/run-20240402/tddui/1.0.1
Copy the IG to /tmp/web-root/run-20240402/tddui/1.0.1
Update /tmp/web-root/run-20240402/tddui/package-list.json
Publish Box Statement: This page is part of the Mdicosocial - Transfert de donnes DUI (v1.0.1: Release) based on <a no-external="true" href="http://hl7.org/fhir/R4">FHIR (HL7 FHIR Standard) R4</a>. This is the current published version in its permanent home (it will always be available at this URL).  For a full list of available versions, see the <a no-external="true" href="https://interop.esante.gouv.fr/ig/fhir/tddui/history.html">Directory of published versions</a>
no html insert in /tmp/web-root/run-20240402/tddui/1.0.1/qa-txservers.html
  .. 49 files checked, 49 updated
  .. 22 clones checked, 42 updated
  .. 5 redirections (5 created/updated)
This is a milestone release - publish v1.0.1 to /tmp/web-root/run-20240402/tddui
Publish Box Statement: This page is part of the Mdicosocial - Transfert de donnes DUI (v1.0.1: Release) based on <a no-external="true" href="http://hl7.org/fhir/R4">FHIR (HL7 FHIR Standard) R4</a>. This is the current published version.  For a full list of available versions, see the <a no-external="true" href="https://interop.esante.gouv.fr/ig/fhir/tddui/history.html">Directory of published versions</a>
no html insert in /tmp/ans.fhir.fr.tddui#1.0.1-milestone/output/qa-txservers.html
  .. 49 files checked, 49 updated
  .. 22 clones checked, 42 updated
  .. 5 redirections (5 created/updated)
Check for Files to delete
  ... 0 files
Copy to new IG to /tmp/web-root/run-20240402/tddui
Update history page at /tmp/web-root/run-20240402/tddui from /home/runner/work/IG-fhir-medicosocial-transfert-donnees-dui/IG-fhir-medicosocial-transfert-donnees-dui/./IG-website-release/fhir-ig-history-template and ./IG-website-release/templates
Build is complete. Copy from /tmp/web-root/run-20240402
ans.fhir.fr.tddui (https://interop.esante.gouv.fr/ig/fhir/tddui): Mdicosocial - Transfert de donnes DUI @ https://ansforge.github.io/IG-fhir-medicosocial-transfert-donnees-dui/ig/main
  release: trial-use 1.0.1/4.0.1 @ https://interop.esante.gouv.fr/ig/fhir/tddui/1.0.1
