FHIR IG Publisher Version 1.6.26 (Git# f08c60830633). Built 2024-09-22T20:04:38.586Z (42 hours old)
Detected Java version: 17.0.10 from /opt/hostedtoolcache/Java_Microsoft_jdk/17.0.10/x64 on amd64 (64bit). 3998MB available
dir = /home/runner/work/IG-fhir-cercle-de-soins/IG-fhir-cercle-de-soins, path = /opt/hostedtoolcache/Ruby/3.3.5/x64/bin:/opt/hostedtoolcache/node/20.17.0/x64/bin:/opt/hostedtoolcache/Java_Microsoft_jdk/17.0.10/x64/bin:/snap/bin:/home/runner/.local/bin:/opt/pipx_bin:/home/runner/.cargo/bin:/home/runner/.config/composer/vendor/bin:/usr/local/.ghcup/bin:/home/runner/.dotnet/tools:/usr/local/sbin:/usr/local/bin:/usr/sbin:/usr/bin:/sbin:/bin:/usr/games:/usr/local/games:/snap/bin
Parameters: -go-publish -source ./igSource -web ./IG-website-release/www/ig/fhir -registry ./IG-website-release/ig-registry/fhir-ig-list.json -history ./IG-website-release/fhir-ig-history-template -templates ./IG-website-release/templates
---------------
Publication Run: publish ./igSource to ./IG-website-release/www/ig/fhir
Run Number: 49
Relative directory for IG is '/cds'
===== Web Publication Run Details ===============================
 Source IG: ans.fhir.fr.cds#2.0.0 : https://interop.esante.gouv.fr/ig/fhir/cds (R4) from ./igSource
All checks passed. Do the publication build from /home/runner/work/IG-fhir-cercle-de-soins/IG-fhir-cercle-de-soins/./igSource and publish to /tmp/web-root/run-20240924/cds
Prepare Build space in /tmp/ans.fhir.fr.cds#2.0.0
Build IG at /home/runner/work/IG-fhir-cercle-de-soins/IG-fhir-cercle-de-soins/./igSource: final copy suitable for publication (in /tmp/ans.fhir.fr.cds#2.0.0)
FHIR IG Publisher Version 1.6.26 (Git# f08c60830633). Built 2024-09-22T20:04:38.586Z (42 hours old) 
Detected Java version: 17.0.10 from /opt/hostedtoolcache/Java_Microsoft_jdk/17.0.10/x64 on Linux/amd64 (64bit). 3998MB available
dir = /home/runner/work/IG-fhir-cercle-de-soins/IG-fhir-cercle-de-soins, path = /opt/hostedtoolcache/Ruby/3.3.5/x64/bin:/opt/hostedtoolcache/node/20.17.0/x64/bin:/opt/hostedtoolcache/Java_Microsoft_jdk/17.0.10/x64/bin:/snap/bin:/home/runner/.local/bin:/opt/pipx_bin:/home/runner/.cargo/bin:/home/runner/.config/composer/vendor/bin:/usr/local/.ghcup/bin:/home/runner/.dotnet/tools:/usr/local/sbin:/usr/local/bin:/usr/sbin:/usr/bin:/sbin:/bin:/usr/games:/usr/local/games:/snap/bin
Parameters: -ig /tmp/ans.fhir.fr.cds#2.0.0 -resetTx -publish https://interop.esante.gouv.fr/ig/fhir/cds/2.0.0 -no-exit
Start Clock @ Tuesday, September 24, 2024 at 2:07:09 PM Coordinated Universal Time (2024-09-24T14:07:09Z)
                                                                                                    
Build FHIR IG from /tmp/ans.fhir.fr.cds#2.0.0                                                        (00:00.023 / 00:00.023, 41Mb)
Build Formal Publication package, intended for https://interop.esante.gouv.fr/ig/fhir/cds/2.0.0      (00:00.002 / 00:00.025, 42Mb)
API keys loaded from /home/runner/.fhir/fhir-settings.json                                           (00:00.000 / 00:00.026, 42Mb)
Package Cache: /home/runner/.fhir/packages                                                           (00:00.004 / 00:00.031, 42Mb)
Run Sushi on /tmp/ans.fhir.fr.cds#2.0.0                                                              (00:00.002 / 00:00.033, 42Mb)
Sushi: info  Running SUSHI v3.11.1 (implements FHIR Shorthand specification v3.0.0-ballot)           (00:00.712 / 00:00.746, 44Mb)
Sushi: info  Arguments:                                                                              (00:00.000 / 00:00.747, 44Mb)
Sushi: info    --require-latest                                                                      (00:00.000 / 00:00.748, 44Mb)
Sushi: info    --out /tmp/ans.fhir.fr.cds#2.0.0                                                      (00:00.000 / 00:00.748, 44Mb)
Sushi: info    /tmp/ans.fhir.fr.cds#2.0.0                                                            (00:00.000 / 00:00.749, 44Mb)
Sushi: info  Using configuration file: /tmp/ans.fhir.fr.cds#2.0.0/sushi-config.yaml                  (00:00.415 / 00:01.165, 44Mb)
Sushi: info  Importing FSH text...                                                                   (00:00.105 / 00:01.270, 44Mb)
Sushi: info  Preprocessed 24 documents with 6 aliases.                                               (00:00.200 / 00:01.471, 44Mb)
Sushi: info  Imported 7 definitions and 15 instances.                                                (00:00.021 / 00:01.492, 44Mb)
Sushi: info  Checking /home/runner/.fhir/packages for hl7.fhir.uv.tools#current...                   (00:00.001 / 00:01.493, 44Mb)
Sushi: info  Found hl7.fhir.uv.tools#current in /home/runner/.fhir/packages.                         (00:00.075 / 00:01.569, 44Mb)
Sushi: info  Loaded package hl7.fhir.uv.tools#current                                                (00:00.201 / 00:01.771, 44Mb)
Sushi: info  Checking /home/runner/.fhir/packages for hl7.terminology.r4#6.0.2...                    (00:00.606 / 00:02.377, 44Mb)
Sushi: info  Found hl7.terminology.r4#6.0.2 in /home/runner/.fhir/packages.                          (00:00.568 / 00:02.946, 44Mb)
Sushi: info  Loaded package hl7.terminology.r4#6.0.2                                                 (00:00.000 / 00:02.946, 44Mb)
Sushi: info  Checking /home/runner/.fhir/packages for hl7.fhir.uv.extensions.r4#5.1.0...             (00:00.098 / 00:03.045, 44Mb)
Sushi: info  Found hl7.fhir.uv.extensions.r4#5.1.0 in /home/runner/.fhir/packages.                   (00:00.514 / 00:03.560, 44Mb)
Sushi: info  Loaded package hl7.fhir.uv.extensions.r4#5.1.0                                          (00:00.001 / 00:03.561, 44Mb)
Sushi: info  Checking /home/runner/.fhir/packages for ans.fhir.fr.annuaire#1.0.1...                  (00:00.000 / 00:03.562, 44Mb)
Sushi: info  Found ans.fhir.fr.annuaire#1.0.1 in /home/runner/.fhir/packages.                        (00:00.490 / 00:04.052, 44Mb)
Sushi: info  Loaded package ans.fhir.fr.annuaire#1.0.1                                               (00:00.000 / 00:04.053, 44Mb)
Sushi: info  Checking /home/runner/.fhir/packages for hl7.fhir.fr.core#2.0.1...                      (00:00.000 / 00:04.054, 44Mb)
Sushi: info  Found hl7.fhir.fr.core#2.0.1 in /home/runner/.fhir/packages.                            (00:00.570 / 00:04.625, 44Mb)
Sushi: info  Loaded package hl7.fhir.fr.core#2.0.1                                                   (00:00.000 / 00:04.625, 44Mb)
Sushi: info  Checking /home/runner/.fhir/packages for ans.fr.nos#1.3.0...                            (00:00.098 / 00:04.724, 44Mb)
Sushi: info  Found ans.fr.nos#1.3.0 in /home/runner/.fhir/packages.                                  (00:00.778 / 00:05.502, 44Mb)
Sushi: info  Loaded package ans.fr.nos#1.3.0                                                         (00:00.000 / 00:05.503, 44Mb)
Sushi: info  Checking /home/runner/.fhir/packages for hl7.fhir.r4.core#4.0.1...                      (00:00.000 / 00:05.503, 44Mb)
Sushi: info  Found hl7.fhir.r4.core#4.0.1 in /home/runner/.fhir/packages.                            (00:01.409 / 00:06.913, 44Mb)
Sushi: info  Loaded package hl7.fhir.r4.core#4.0.1                                                   (00:00.001 / 00:06.914, 44Mb)
Sushi: info  Converting FSH to FHIR resources...                                                     (00:00.042 / 00:06.956, 44Mb)
Sushi: info  Converted 6 FHIR StructureDefinitions.                                                  (00:00.847 / 00:07.804, 44Mb)
Sushi: info  Converted 1 FHIR ValueSets.                                                             (00:00.014 / 00:07.818, 44Mb)
Sushi: info  Converted 15 FHIR instances.                                                            (00:00.762 / 00:08.581, 44Mb)
Sushi: info  Exporting FHIR resources as JSON...                                                     (00:00.001 / 00:08.582, 44Mb)
Sushi: info  Exported 22 FHIR resources as JSON.                                                     (00:00.059 / 00:08.641, 44Mb)
Sushi: info  Assembling Implementation Guide sources...                                              (00:00.001 / 00:08.643, 44Mb)
Sushi: info  Generated ImplementationGuide-ans.fhir.fr.cds.json                                      (00:00.029 / 00:08.672, 44Mb)
Sushi: info  Assembled Implementation Guide sources; ready for IG Publisher.                         (00:00.001 / 00:08.673, 44Mb)
Sushi: ========================= SUSHI RESULTS ===========================                           (00:00.000 / 00:08.674, 44Mb)
Sushi: |  -------------------------------------------------------------  |                           (00:00.000 / 00:08.674, 44Mb)
Sushi: | |    Profiles   |  Extensions  |   Logicals   |   Resources   | |                           (00:00.000 / 00:08.675, 44Mb)
Sushi: | |-------------------------------------------------------------| |                           (00:00.000 / 00:08.676, 44Mb)
Sushi: | |       6       |      0       |      0       |       0       | |                           (00:00.000 / 00:08.676, 44Mb)
Sushi: |  -------------------------------------------------------------  |                           (00:00.000 / 00:08.677, 44Mb)
Sushi: |  -------------------------------------------------------------  |                           (00:00.000 / 00:08.677, 44Mb)
Sushi: | |      ValueSets     |    CodeSystems    |     Instances      | |                           (00:00.000 / 00:08.678, 44Mb)
Sushi: | |-------------------------------------------------------------| |                           (00:00.000 / 00:08.678, 44Mb)
Sushi: | |         1          |         0         |         15         | |                           (00:00.000 / 00:08.679, 44Mb)
Sushi: |  -------------------------------------------------------------  |                           (00:00.000 / 00:08.680, 44Mb)
Sushi: |                                                                 |                           (00:00.000 / 00:08.680, 44Mb)
Sushi: ===================================================================                           (00:00.000 / 00:08.681, 44Mb)
Sushi: | You're piranha roll now!               0 Errors      0 Warnings |                           (00:00.000 / 00:08.682, 44Mb)
Sushi: ===================================================================                           (00:00.000 / 00:08.682, 44Mb)
Unable to load IG as an r5 IG - try R4 (property code is a class com.google.gson.JsonPrimitive looking for an object) (00:00.486 / 00:09.169, 52Mb)
Load Template from https://github.com/ansforge/IG-template                                           (00:00.458 / 00:09.627, 29Mb)
 Load Template from fhir.base.template#current                                                       (00:01.244 / 00:10.872, 60Mb)

onLoad.findSpreadsheets:

onLoad.updateIg:
     [xslt] Processing /tmp/ans.fhir.fr.cds#2.0.0/template/onLoad-ig-working.xml to /tmp/ans.fhir.fr.cds#2.0.0/template/onLoad-ig-updated.xml
     [xslt] Loading stylesheet /tmp/ans.fhir.fr.cds#2.0.0/template/scripts/onLoad.xslt

onLoad.extend:

onLoad:
Root directory: /tmp/ans.fhir.fr.cds#2.0.0                                                           (00:02.847 / 00:13.719, 109Mb)
Terminology Cache is at /tmp/ans.fhir.fr.cds#2.0.0/input-cache/txcache. Clearing now                 (00:00.507 / 00:14.226, 127Mb)
Core Package hl7.fhir.r4.core#4.0.1
Running Terminology Log: /tmp/ohfu-fhir-ig-11617397883168530710.log
Connect to Terminology Server at http://tx.fhir.org                                                  (00:03.395 / 00:17.622, 358Mb)
Load Package hl7.fhir.pubpack#0.1.8
Load Package hl7.fhir.xver-extensions#0.1.0
Load Package hl7.terminology.r4#6.0.2
Load Package hl7.fhir.uv.extensions.r4#5.1.0
Load Package hl7.terminology.r4#5.5.0
Load Package hl7.fhir.uv.extensions.r4#1.0.0
Load Package hl7.terminology.r4#5.3.0
Load Package ans.fr.nos#1.2.0
Load Package hl7.fhir.fr.core#2.0.1
Load Package ans.fhir.fr.annuaire#1.0.1
Load Package hl7.fhir.fr.core#2.0.1
Load Package ans.fr.nos#1.3.0
Version mismatch. This IG is version 4.0.1, while the IG 'hl7.fhir.uv.tools' is from version 5.0.0 (will try to run anyway) (00:09.476 / 00:27.098, 929Mb)
Load Package hl7.fhir.uv.tools#0.2.0
Load R5 Specials
Initialization complete                                                                              (00:00.526 / 00:27.624, 762Mb)
Load Content                                                                                         (00:00.000 / 00:27.625, 762Mb)
Using fr_FR as the default narrative language. (inferred from ImplementationGuide.jurisdiction=FR)   (00:00.069 / 00:27.695, 768Mb)
loadPrePages from FetchedFile[/tmp/ans.fhir.fr.cds#2.0.0/fsh-generated/includes] as /tmp/ans.fhir.fr.cds#2.0.0/fsh-generated/includes
loadPrePages from FetchedFile[/tmp/ans.fhir.fr.cds#2.0.0/input/data] as /tmp/ans.fhir.fr.cds#2.0.0/input/data
loadPrePages from FetchedFile[/tmp/ans.fhir.fr.cds#2.0.0/input/pagecontent] as /tmp/ans.fhir.fr.cds#2.0.0/input/pagecontent
Fetch https://interop.esante.gouv.fr/ig/fhir/cds/package-list.json for version check                 (00:01.299 / 00:28.994, 805Mb)
Processing Conformance Resources                                                                     (00:00.360 / 00:29.354, 806Mb)
Load Dependency Info                                                                                 (00:00.001 / 00:29.355, 806Mb)
Load Info                                                                                            (00:00.001 / 00:29.357, 806Mb)
Load Resources                                                                                       (00:00.000 / 00:29.358, 807Mb)
Load Paths                                                                                           (00:00.447 / 00:29.805, 843Mb)
Generating Snapshots                                                                                 (00:00.000 / 00:29.806, 843Mb)
Check R4 / R4B                                                                                       (00:00.859 / 00:30.665, 803Mb)
Assign Comparison Ids                                                                                (00:00.006 / 00:30.672, 804Mb)
Propagating status                                                                                   (00:00.000 / 00:30.672, 804Mb)
Generating Narratives                                                                                (00:00.000 / 00:30.673, 804Mb)
Validating Conformance Resources                                                                     (00:02.012 / 00:32.685, 767Mb)
Check profiles & code systems                                                                        (00:06.950 / 00:39.636, 838Mb)
Check realm rules                                                                                    (00:00.003 / 00:39.639, 838Mb)
Previous Version Comparison                                                                          (00:00.000 / 00:39.640, 838Mb)
Validating Resources                                                                                 (00:07.228 / 00:46.869, 894Mb)
Processing Provenance Records                                                                        (00:00.468 / 00:47.338, 978Mb)
Generating Outputs in /tmp/ans.fhir.fr.cds#2.0.0/output                                              (00:00.001 / 00:47.339, 978Mb)
Generate Native Outputs                                                                              (00:00.101 / 00:47.441, 987Mb)
Run Template                                                                                         (00:02.567 / 00:50.008, 1Gb)

onGenerate.checkVersions:
     [xslt] Processing /tmp/ans.fhir.fr.cds#2.0.0/template/onGenerate-ig-working.xml to /tmp/ans.fhir.fr.cds#2.0.0/template/versions.txt
     [xslt] Loading stylesheet /tmp/ans.fhir.fr.cds#2.0.0/template/scripts/onGenerate.getVersions.xslt

onGenerate.r5-schemas:
      [get] Getting: http://build.fhir.org/fhir-single.xsd
      [get] To: /tmp/ans.fhir.fr.cds#2.0.0/input-cache/schemas/R5/fhir-single.xsd
      [get] Not modified - so not downloaded
      [get] Getting: http://build.fhir.org/fhir-xhtml.xsd
      [get] To: /tmp/ans.fhir.fr.cds#2.0.0/input-cache/schemas/R5/fhir-xhtml.xsd
      [get] Not modified - so not downloaded
      [get] Getting: http://build.fhir.org/xml.xsd
      [get] To: /tmp/ans.fhir.fr.cds#2.0.0/input-cache/schemas/R5/xml.xsd
      [get] Not modified - so not downloaded
      [get] Getting: http://build.fhir.org/xmldsig-core-schema.xsd
      [get] To: /tmp/ans.fhir.fr.cds#2.0.0/input-cache/schemas/R5/xmldsig-core-schema.xsd
      [get] Not modified - so not downloaded

onGenerate.r4-schemas:
      [get] Getting: http://hl7.org/fhir/R4/fhir-single.xsd
      [get] To: /tmp/ans.fhir.fr.cds#2.0.0/input-cache/schemas/R4/fhir-single.xsd
      [get] Not modified - so not downloaded
      [get] Getting: http://hl7.org/fhir/R4/fhir-xhtml.xsd
      [get] To: /tmp/ans.fhir.fr.cds#2.0.0/input-cache/schemas/R4/fhir-xhtml.xsd
      [get] Not modified - so not downloaded
      [get] Getting: http://hl7.org/fhir/R4/xml.xsd
      [get] To: /tmp/ans.fhir.fr.cds#2.0.0/input-cache/schemas/R4/xml.xsd
      [get] Not modified - so not downloaded
      [get] Getting: http://hl7.org/fhir/R4/xmldsig-core-schema.xsd
      [get] To: /tmp/ans.fhir.fr.cds#2.0.0/input-cache/schemas/R4/xmldsig-core-schema.xsd
      [get] Not modified - so not downloaded

onGenerate.r3-schemas:

onGenerate.r2b-schemas:

onGenerate.r2-schemas:

onGenerate.schemas:

onGenerate.data:
     [xslt] Processing /tmp/ans.fhir.fr.cds#2.0.0/template/onGenerate-ig-working.xml to /tmp/ans.fhir.fr.cds#2.0.0/temp/pages/_data/artifacts.json
     [xslt] Loading stylesheet /tmp/ans.fhir.fr.cds#2.0.0/template/scripts/onGenerate.data.xslt

onGenerate.setup:

onGenerate.infoFile:
     [xslt] Processing /tmp/ans.fhir.fr.cds#2.0.0/template/onGenerate-ig-working.xml to /tmp/ans.fhir.fr.cds#2.0.0/temp/pages/_data/info.json
     [xslt] Loading stylesheet /tmp/ans.fhir.fr.cds#2.0.0/template/scripts/onGenerate.genJson.xslt

onGenerate.processIncludes:
     [copy] Copying 16 files to /tmp/ans.fhir.fr.cds#2.0.0/temp/pages/_includes

onGenerate.processIg:
     [xslt] Processing /tmp/ans.fhir.fr.cds#2.0.0/template/onGenerate-ig-working.xml to /tmp/ans.fhir.fr.cds#2.0.0/template/onGenerate-ig-working.1.xml
     [xslt] Loading stylesheet /tmp/ans.fhir.fr.cds#2.0.0/template/scripts/onGenerate.group.xslt
     [xslt] Processing /tmp/ans.fhir.fr.cds#2.0.0/template/onGenerate-ig-working.1.xml to /tmp/ans.fhir.fr.cds#2.0.0/template/onGenerate-ig-working.2.xml
     [xslt] Loading stylesheet /tmp/ans.fhir.fr.cds#2.0.0/template/scripts/onGenerate.groupSort.xslt
     [xslt] Processing /tmp/ans.fhir.fr.cds#2.0.0/template/onGenerate-ig-working.2.xml to /tmp/ans.fhir.fr.cds#2.0.0/template/onGenerate-ig-updated.xml
     [xslt] Loading stylesheet /tmp/ans.fhir.fr.cds#2.0.0/template/scripts/onGenerate.final.xslt

onGenerate.igQa:
     [xslt] Processing /tmp/ans.fhir.fr.cds#2.0.0/template/onGenerate-ig-updated.xml to /tmp/ans.fhir.fr.cds#2.0.0/template/ongenerate-validation-igqa.json
     [xslt] Loading stylesheet /tmp/ans.fhir.fr.cds#2.0.0/template/scripts/onGenerate.qa.xslt

onGenerate.artifactList:
     [xslt] Processing /tmp/ans.fhir.fr.cds#2.0.0/template/onGenerate-ig-updated.xml to /tmp/ans.fhir.fr.cds#2.0.0/temp/pages/_includes/artifacts.xml
     [xslt] Loading stylesheet /tmp/ans.fhir.fr.cds#2.0.0/template/scripts/createArtifactSummary.xslt

check-plantumlfiles:

onGenerate.plantUml.ig:

onGenerate.plantUml.template:

onGenerate.plantUml:

onGenerate.copyDataFiles:

onGenerate.extend:

onGenerate:
Template Done                                                                                        (00:01.822 / 00:51.830, 1Gb)
Generate HTML Outputs                                                                                (00:00.000 / 00:51.831, 1Gb)
ERROR StatusLogger Log4j2 could not find a logging implementation. Please add log4j-core to the classpath. Using SimpleLogger to log to the console...
Generate Summaries                                                                                   (00:23.835 / 01:15.666, 2Gb)
Generating Summary Outputs                                                                           (00:00.001 / 01:15.667, 2Gb)
DB Cumulative Time invested: 00:00:00.180
Sending Usage Stats to Server                                                                        (00:05.925 / 01:21.593, 1Gb)
## Memory (MB): Use = 2015, Free = 1982, Total = 3998, Max = 3998                                    (00:00.006 / 01:21.599, 1Gb)
Reclaiming memory...                                                                                 (00:00.002 / 01:21.602, 1Gb)
## Memory (MB): Use = 1856, Free = 2141, Total = 3998, Max = 3998                                    (00:00.854 / 01:22.457, 1Gb)
Run jekyll: jekyll build --destination "/tmp/ans.fhir.fr.cds#2.0.0/output" (in folder /tmp/ans.fhir.fr.cds#2.0.0/temp/pages) (00:00.001 / 01:22.458, 1Gb)
Troubleshooting Note: usual cases for Jekyll to fail are:                                            (00:00.000 / 01:22.459, 1Gb)
* A failure to produce a fragment that is already logged in the output above                         (00:00.000 / 01:22.460, 1Gb)
* A reference to a manually edited file that hasn't been provided                                    (00:00.000 / 01:22.460, 1Gb)
Jekyll: Source: /tmp/ans.fhir.fr.cds#2.0.0/temp/pages                                                (00:00.431 / 01:22.892, 1Gb)
Jekyll: Generating...                                                                                (00:00.000 / 01:22.893, 1Gb)
Jekyll: done in 1.394 seconds.                                                                       (00:01.393 / 01:24.286, 1Gb)

Installing ans.fhir.fr.cds#2.0.0
 done.
Checking Output HTML                                                                                 (00:02.405 / 01:26.691, 2Gb)
found 851 files                                                                                      (00:00.005 / 01:26.696, 2Gb)
........................................
........................................
  ... 851 html files, 0 pages invalid xhtml (0%)                                                     (00:10.046 / 01:36.743, 2Gb)
  ... 181902 links, 1 broken links (0%)                                                              (00:00.000 / 01:36.744, 2Gb)
Generate fragment-usage-analysis.csv                                                                 (00:00.000 / 01:36.745, 2Gb)
Build final .zip                                                                                     (00:00.008 / 01:36.753, 2Gb)
Final .zip built                                                                                     (00:01.787 / 01:38.540, 2Gb)
Built. Times: loading: 00:01.728, generate: 01:13.437, narrative generation: 00:02.011, realm-rules: 00:00.001, previous-version: 00:07.173, jekyll: 00:01.843, validation: 00:07.415 (#23), template: 00:01.820 (#3) (00:04.265 / 01:42.806, 2Gb)
Generating QA                                                                                        (00:00.000 / 01:42.807, 2Gb)
Validation output in /tmp/ans.fhir.fr.cds#2.0.0/output/qa.html
Errors: 25, Warnings: 26, Info: 28, Broken Links: 1 (00:01.290 / 01:44.097, 3Gb)
Finished. Max Memory Used = 3Gb. Log file saved in /tmp/fhir-ig-publisher-tmp.log                    (00:00.010 / 01:44.108, 3Gb)
Prepare Build space in /tmp/ans.fhir.fr.cds#2.0.0-milestone
Build IG at /home/runner/work/IG-fhir-cercle-de-soins/IG-fhir-cercle-de-soins/./igSource: final copy suitable for publication (in /tmp/ans.fhir.fr.cds#2.0.0-milestone) (milestone build)
FHIR IG Publisher Version 1.6.26 (Git# f08c60830633). Built 2024-09-22T20:04:38.586Z (42 hours old) 
Detected Java version: 17.0.10 from /opt/hostedtoolcache/Java_Microsoft_jdk/17.0.10/x64 on Linux/amd64 (64bit). 3998MB available
dir = /home/runner/work/IG-fhir-cercle-de-soins/IG-fhir-cercle-de-soins, path = /opt/hostedtoolcache/Ruby/3.3.5/x64/bin:/opt/hostedtoolcache/node/20.17.0/x64/bin:/opt/hostedtoolcache/Java_Microsoft_jdk/17.0.10/x64/bin:/snap/bin:/home/runner/.local/bin:/opt/pipx_bin:/home/runner/.cargo/bin:/home/runner/.config/composer/vendor/bin:/usr/local/.ghcup/bin:/home/runner/.dotnet/tools:/usr/local/sbin:/usr/local/bin:/usr/sbin:/usr/bin:/sbin:/bin:/usr/games:/usr/local/games:/snap/bin
Parameters: -ig /tmp/ans.fhir.fr.cds#2.0.0-milestone -publish https://interop.esante.gouv.fr/ig/fhir/cds/2.0.0 -milestone -no-exit
Start Clock @ Tuesday, September 24, 2024 at 2:08:55 PM Coordinated Universal Time (2024-09-24T14:08:55Z)
                                                                                                    
Build FHIR IG from /tmp/ans.fhir.fr.cds#2.0.0-milestone                                              (00:00.002 / 00:00.002, 3Gb)
Build Formal Publication package, intended for https://interop.esante.gouv.fr/ig/fhir/cds/2.0.0      (00:00.000 / 00:00.002, 3Gb)
API keys loaded from /home/runner/.fhir/fhir-settings.json                                           (00:00.000 / 00:00.003, 3Gb)
Package Cache: /home/runner/.fhir/packages                                                           (00:00.000 / 00:00.003, 3Gb)
Run Sushi on /tmp/ans.fhir.fr.cds#2.0.0-milestone                                                    (00:00.000 / 00:00.004, 3Gb)
Sushi: info  Running SUSHI v3.11.1 (implements FHIR Shorthand specification v3.0.0-ballot)           (00:00.383 / 00:00.388, 3Gb)
Sushi: info  Arguments:                                                                              (00:00.000 / 00:00.389, 3Gb)
Sushi: info    --require-latest                                                                      (00:00.000 / 00:00.389, 3Gb)
Sushi: info    --out /tmp/ans.fhir.fr.cds#2.0.0-milestone                                            (00:00.000 / 00:00.390, 3Gb)
Sushi: info    /tmp/ans.fhir.fr.cds#2.0.0-milestone                                                  (00:00.000 / 00:00.390, 3Gb)
Sushi: info  Using configuration file: /tmp/ans.fhir.fr.cds#2.0.0-milestone/sushi-config.yaml        (00:00.381 / 00:00.771, 3Gb)
Sushi: info  Importing FSH text...                                                                   (00:00.102 / 00:00.874, 3Gb)
Sushi: info  Preprocessed 24 documents with 6 aliases.                                               (00:00.210 / 00:01.085, 3Gb)
Sushi: info  Imported 7 definitions and 15 instances.                                                (00:00.022 / 00:01.107, 3Gb)
Sushi: info  Checking /home/runner/.fhir/packages for hl7.fhir.uv.tools#current...                   (00:00.001 / 00:01.108, 3Gb)
Sushi: info  Found hl7.fhir.uv.tools#current in /home/runner/.fhir/packages.                         (00:00.043 / 00:01.151, 3Gb)
Sushi: info  Loaded package hl7.fhir.uv.tools#current                                                (00:00.214 / 00:01.366, 3Gb)
Sushi: info  Checking /home/runner/.fhir/packages for hl7.terminology.r4#6.0.2...                    (00:00.393 / 00:01.760, 3Gb)
Sushi: info  Found hl7.terminology.r4#6.0.2 in /home/runner/.fhir/packages.                          (00:00.488 / 00:02.249, 3Gb)
Sushi: info  Loaded package hl7.terminology.r4#6.0.2                                                 (00:00.000 / 00:02.249, 3Gb)
Sushi: info  Checking /home/runner/.fhir/packages for hl7.fhir.uv.extensions.r4#5.1.0...             (00:00.100 / 00:02.349, 3Gb)
Sushi: info  Found hl7.fhir.uv.extensions.r4#5.1.0 in /home/runner/.fhir/packages.                   (00:00.513 / 00:02.863, 3Gb)
Sushi: info  Loaded package hl7.fhir.uv.extensions.r4#5.1.0                                          (00:00.000 / 00:02.864, 3Gb)
Sushi: info  Checking /home/runner/.fhir/packages for ans.fhir.fr.annuaire#1.0.1...                  (00:00.000 / 00:02.864, 3Gb)
Sushi: info  Found ans.fhir.fr.annuaire#1.0.1 in /home/runner/.fhir/packages.                        (00:00.487 / 00:03.352, 3Gb)
Sushi: info  Loaded package ans.fhir.fr.annuaire#1.0.1                                               (00:00.000 / 00:03.353, 3Gb)
Sushi: info  Checking /home/runner/.fhir/packages for hl7.fhir.fr.core#2.0.1...                      (00:00.000 / 00:03.353, 3Gb)
Sushi: info  Found hl7.fhir.fr.core#2.0.1 in /home/runner/.fhir/packages.                            (00:00.548 / 00:03.901, 3Gb)
Sushi: info  Loaded package hl7.fhir.fr.core#2.0.1                                                   (00:00.001 / 00:03.902, 3Gb)
Sushi: info  Checking /home/runner/.fhir/packages for ans.fr.nos#1.3.0...                            (00:00.099 / 00:04.002, 3Gb)
Sushi: info  Found ans.fr.nos#1.3.0 in /home/runner/.fhir/packages.                                  (00:00.721 / 00:04.723, 3Gb)
Sushi: info  Loaded package ans.fr.nos#1.3.0                                                         (00:00.000 / 00:04.724, 3Gb)
Sushi: info  Checking /home/runner/.fhir/packages for hl7.fhir.r4.core#4.0.1...                      (00:00.000 / 00:04.724, 3Gb)
Sushi: info  Found hl7.fhir.r4.core#4.0.1 in /home/runner/.fhir/packages.                            (00:01.248 / 00:05.973, 3Gb)
Sushi: info  Loaded package hl7.fhir.r4.core#4.0.1                                                   (00:00.000 / 00:05.973, 3Gb)
Sushi: info  Converting FSH to FHIR resources...                                                     (00:00.040 / 00:06.014, 3Gb)
Sushi: info  Converted 6 FHIR StructureDefinitions.                                                  (00:00.841 / 00:06.855, 3Gb)
Sushi: info  Converted 1 FHIR ValueSets.                                                             (00:00.015 / 00:06.871, 3Gb)
Sushi: info  Converted 15 FHIR instances.                                                            (00:00.778 / 00:07.650, 3Gb)
Sushi: info  Exporting FHIR resources as JSON...                                                     (00:00.000 / 00:07.650, 3Gb)
Sushi: info  Exported 22 FHIR resources as JSON.                                                     (00:00.057 / 00:07.708, 3Gb)
Sushi: info  Assembling Implementation Guide sources...                                              (00:00.001 / 00:07.710, 3Gb)
Sushi: info  Generated ImplementationGuide-ans.fhir.fr.cds.json                                      (00:00.024 / 00:07.734, 3Gb)
Sushi: info  Assembled Implementation Guide sources; ready for IG Publisher.                         (00:00.000 / 00:07.735, 3Gb)
Sushi: ========================= SUSHI RESULTS ===========================                           (00:00.000 / 00:07.735, 3Gb)
Sushi: |  -------------------------------------------------------------  |                           (00:00.000 / 00:07.736, 3Gb)
Sushi: | |    Profiles   |  Extensions  |   Logicals   |   Resources   | |                           (00:00.000 / 00:07.737, 3Gb)
Sushi: | |-------------------------------------------------------------| |                           (00:00.000 / 00:07.737, 3Gb)
Sushi: | |       6       |      0       |      0       |       0       | |                           (00:00.000 / 00:07.738, 3Gb)
Sushi: |  -------------------------------------------------------------  |                           (00:00.000 / 00:07.738, 3Gb)
Sushi: |  -------------------------------------------------------------  |                           (00:00.000 / 00:07.739, 3Gb)
Sushi: | |      ValueSets     |    CodeSystems    |     Instances      | |                           (00:00.000 / 00:07.740, 3Gb)
Sushi: | |-------------------------------------------------------------| |                           (00:00.000 / 00:07.740, 3Gb)
Sushi: | |         1          |         0         |         15         | |                           (00:00.000 / 00:07.741, 3Gb)
Sushi: |  -------------------------------------------------------------  |                           (00:00.000 / 00:07.741, 3Gb)
Sushi: |                                                                 |                           (00:00.000 / 00:07.742, 3Gb)
Sushi: ===================================================================                           (00:00.000 / 00:07.742, 3Gb)
Sushi: | You've found your sea legs.            0 Errors      0 Warnings |                           (00:00.000 / 00:07.743, 3Gb)
Sushi: ===================================================================                           (00:00.000 / 00:07.743, 3Gb)
Unable to load IG as an r5 IG - try R4 (property code is a class com.google.gson.JsonPrimitive looking for an object) (00:00.026 / 00:07.770, 3Gb)
Load Template from https://github.com/ansforge/IG-template                                           (00:00.013 / 00:07.783, 3Gb)
 Load Template from fhir.base.template#current                                                       (00:00.904 / 00:08.687, 1Gb)

onLoad.findSpreadsheets:

onLoad.updateIg:
     [xslt] Processing /tmp/ans.fhir.fr.cds#2.0.0-milestone/template/onLoad-ig-working.xml to /tmp/ans.fhir.fr.cds#2.0.0-milestone/template/onLoad-ig-updated.xml
     [xslt] Loading stylesheet /tmp/ans.fhir.fr.cds#2.0.0-milestone/template/scripts/onLoad.xslt

onLoad.extend:

onLoad:
Root directory: /tmp/ans.fhir.fr.cds#2.0.0-milestone                                                 (00:01.644 / 00:10.332, 2Gb)
Terminology Cache is at /tmp/ans.fhir.fr.cds#2.0.0-milestone/input-cache/txcache. 8 files in cache   (00:00.441 / 00:10.774, 2Gb)
Core Package hl7.fhir.r4.core#4.0.1
Running Terminology Log: /tmp/ohfu-fhir-ig-14080288769753372512.log
Connect to Terminology Server at http://tx.fhir.org                                                  (00:01.540 / 00:12.314, 2Gb)
Load Package hl7.fhir.pubpack#0.1.8
Load Package hl7.fhir.xver-extensions#0.1.0
Load Package hl7.terminology.r4#6.0.2
Load Package hl7.fhir.uv.extensions.r4#5.1.0
Load Package hl7.terminology.r4#5.5.0
Load Package hl7.fhir.uv.extensions.r4#1.0.0
Load Package hl7.terminology.r4#5.3.0
Load Package ans.fr.nos#1.2.0
Load Package hl7.fhir.fr.core#2.0.1
Load Package ans.fhir.fr.annuaire#1.0.1
Load Package hl7.fhir.fr.core#2.0.1
Load Package ans.fr.nos#1.3.0
Version mismatch. This IG is version 4.0.1, while the IG 'hl7.fhir.uv.tools' is from version 5.0.0 (will try to run anyway) (00:06.134 / 00:18.448, 2Gb)
Load Package hl7.fhir.uv.tools#0.2.0
Load R5 Specials
Initialization complete                                                                              (00:00.602 / 00:19.051, 3Gb)
Load Content                                                                                         (00:00.000 / 00:19.051, 3Gb)
Using fr_FR as the default narrative language. (inferred from ImplementationGuide.jurisdiction=FR)   (00:00.025 / 00:19.077, 3Gb)
loadPrePages from FetchedFile[/tmp/ans.fhir.fr.cds#2.0.0-milestone/fsh-generated/includes] as /tmp/ans.fhir.fr.cds#2.0.0-milestone/fsh-generated/includes
loadPrePages from FetchedFile[/tmp/ans.fhir.fr.cds#2.0.0-milestone/input/data] as /tmp/ans.fhir.fr.cds#2.0.0-milestone/input/data
loadPrePages from FetchedFile[/tmp/ans.fhir.fr.cds#2.0.0-milestone/input/pagecontent] as /tmp/ans.fhir.fr.cds#2.0.0-milestone/input/pagecontent
Fetch https://interop.esante.gouv.fr/ig/fhir/cds/package-list.json for version check                 (00:00.280 / 00:19.358, 3Gb)
Processing Conformance Resources                                                                     (00:00.165 / 00:19.523, 3Gb)
Load Dependency Info                                                                                 (00:00.001 / 00:19.524, 3Gb)
Load Info                                                                                            (00:00.000 / 00:19.525, 3Gb)
Load Resources                                                                                       (00:00.000 / 00:19.525, 3Gb)
Load Paths                                                                                           (00:00.171 / 00:19.696, 3Gb)
Generating Snapshots                                                                                 (00:00.000 / 00:19.697, 3Gb)
Check R4 / R4B                                                                                       (00:01.000 / 00:20.698, 2Gb)
Assign Comparison Ids                                                                                (00:00.008 / 00:20.706, 2Gb)
Propagating status                                                                                   (00:00.000 / 00:20.707, 2Gb)
Generating Narratives                                                                                (00:00.000 / 00:20.707, 2Gb)
Validating Conformance Resources                                                                     (00:01.183 / 00:21.890, 2Gb)
Check profiles & code systems                                                                        (00:06.710 / 00:28.601, 2Gb)
Check realm rules                                                                                    (00:00.002 / 00:28.603, 2Gb)
Previous Version Comparison                                                                          (00:00.000 / 00:28.603, 2Gb)
Validating Resources                                                                                 (00:05.709 / 00:34.312, 2Gb)
Processing Provenance Records                                                                        (00:00.508 / 00:34.821, 3Gb)
Generating Outputs in /tmp/ans.fhir.fr.cds#2.0.0-milestone/output                                    (00:00.000 / 00:34.822, 3Gb)
Generate Native Outputs                                                                              (00:00.102 / 00:34.924, 3Gb)
Run Template                                                                                         (00:02.519 / 00:37.444, 2Gb)

onGenerate.checkVersions:
     [xslt] Processing /tmp/ans.fhir.fr.cds#2.0.0-milestone/template/onGenerate-ig-working.xml to /tmp/ans.fhir.fr.cds#2.0.0-milestone/template/versions.txt
     [xslt] Loading stylesheet /tmp/ans.fhir.fr.cds#2.0.0-milestone/template/scripts/onGenerate.getVersions.xslt

onGenerate.r5-schemas:
      [get] Getting: http://build.fhir.org/fhir-single.xsd
      [get] To: /tmp/ans.fhir.fr.cds#2.0.0-milestone/input-cache/schemas/R5/fhir-single.xsd
      [get] Not modified - so not downloaded
      [get] Getting: http://build.fhir.org/fhir-xhtml.xsd
      [get] To: /tmp/ans.fhir.fr.cds#2.0.0-milestone/input-cache/schemas/R5/fhir-xhtml.xsd
      [get] Not modified - so not downloaded
      [get] Getting: http://build.fhir.org/xml.xsd
      [get] To: /tmp/ans.fhir.fr.cds#2.0.0-milestone/input-cache/schemas/R5/xml.xsd
      [get] Not modified - so not downloaded
      [get] Getting: http://build.fhir.org/xmldsig-core-schema.xsd
      [get] To: /tmp/ans.fhir.fr.cds#2.0.0-milestone/input-cache/schemas/R5/xmldsig-core-schema.xsd
      [get] Not modified - so not downloaded

onGenerate.r4-schemas:
      [get] Getting: http://hl7.org/fhir/R4/fhir-single.xsd
      [get] To: /tmp/ans.fhir.fr.cds#2.0.0-milestone/input-cache/schemas/R4/fhir-single.xsd
      [get] Not modified - so not downloaded
      [get] Getting: http://hl7.org/fhir/R4/fhir-xhtml.xsd
      [get] To: /tmp/ans.fhir.fr.cds#2.0.0-milestone/input-cache/schemas/R4/fhir-xhtml.xsd
      [get] Not modified - so not downloaded
      [get] Getting: http://hl7.org/fhir/R4/xml.xsd
      [get] To: /tmp/ans.fhir.fr.cds#2.0.0-milestone/input-cache/schemas/R4/xml.xsd
      [get] Not modified - so not downloaded
      [get] Getting: http://hl7.org/fhir/R4/xmldsig-core-schema.xsd
      [get] To: /tmp/ans.fhir.fr.cds#2.0.0-milestone/input-cache/schemas/R4/xmldsig-core-schema.xsd
      [get] Not modified - so not downloaded

onGenerate.r3-schemas:

onGenerate.r2b-schemas:

onGenerate.r2-schemas:

onGenerate.schemas:

onGenerate.data:
     [xslt] Processing /tmp/ans.fhir.fr.cds#2.0.0-milestone/template/onGenerate-ig-working.xml to /tmp/ans.fhir.fr.cds#2.0.0-milestone/temp/pages/_data/artifacts.json
     [xslt] Loading stylesheet /tmp/ans.fhir.fr.cds#2.0.0-milestone/template/scripts/onGenerate.data.xslt

onGenerate.setup:

onGenerate.infoFile:
     [xslt] Processing /tmp/ans.fhir.fr.cds#2.0.0-milestone/template/onGenerate-ig-working.xml to /tmp/ans.fhir.fr.cds#2.0.0-milestone/temp/pages/_data/info.json
     [xslt] Loading stylesheet /tmp/ans.fhir.fr.cds#2.0.0-milestone/template/scripts/onGenerate.genJson.xslt

onGenerate.processIncludes:
     [copy] Copying 16 files to /tmp/ans.fhir.fr.cds#2.0.0-milestone/temp/pages/_includes

onGenerate.processIg:
     [xslt] Processing /tmp/ans.fhir.fr.cds#2.0.0-milestone/template/onGenerate-ig-working.xml to /tmp/ans.fhir.fr.cds#2.0.0-milestone/template/onGenerate-ig-working.1.xml
     [xslt] Loading stylesheet /tmp/ans.fhir.fr.cds#2.0.0-milestone/template/scripts/onGenerate.group.xslt
     [xslt] Processing /tmp/ans.fhir.fr.cds#2.0.0-milestone/template/onGenerate-ig-working.1.xml to /tmp/ans.fhir.fr.cds#2.0.0-milestone/template/onGenerate-ig-working.2.xml
     [xslt] Loading stylesheet /tmp/ans.fhir.fr.cds#2.0.0-milestone/template/scripts/onGenerate.groupSort.xslt
     [xslt] Processing /tmp/ans.fhir.fr.cds#2.0.0-milestone/template/onGenerate-ig-working.2.xml to /tmp/ans.fhir.fr.cds#2.0.0-milestone/template/onGenerate-ig-updated.xml
     [xslt] Loading stylesheet /tmp/ans.fhir.fr.cds#2.0.0-milestone/template/scripts/onGenerate.final.xslt

onGenerate.igQa:
     [xslt] Processing /tmp/ans.fhir.fr.cds#2.0.0-milestone/template/onGenerate-ig-updated.xml to /tmp/ans.fhir.fr.cds#2.0.0-milestone/template/ongenerate-validation-igqa.json
     [xslt] Loading stylesheet /tmp/ans.fhir.fr.cds#2.0.0-milestone/template/scripts/onGenerate.qa.xslt

onGenerate.artifactList:
     [xslt] Processing /tmp/ans.fhir.fr.cds#2.0.0-milestone/template/onGenerate-ig-updated.xml to /tmp/ans.fhir.fr.cds#2.0.0-milestone/temp/pages/_includes/artifacts.xml
     [xslt] Loading stylesheet /tmp/ans.fhir.fr.cds#2.0.0-milestone/template/scripts/createArtifactSummary.xslt

check-plantumlfiles:

onGenerate.plantUml.ig:

onGenerate.plantUml.template:

onGenerate.plantUml:

onGenerate.copyDataFiles:

onGenerate.extend:

onGenerate:
Template Done                                                                                        (00:01.238 / 00:38.683, 2Gb)
Generate HTML Outputs                                                                                (00:00.000 / 00:38.683, 2Gb)
Generate Summaries                                                                                   (00:16.429 / 00:55.113, 3Gb)
Generating Summary Outputs                                                                           (00:00.000 / 00:55.114, 3Gb)
DB Cumulative Time invested: 00:00:00.172
Sending Usage Stats to Server                                                                        (00:05.113 / 01:00.227, 3Gb)
## Memory (MB): Use = 3884, Free = 113, Total = 3998, Max = 3998                                     (00:00.007 / 01:00.234, 3Gb)
Reclaiming memory...                                                                                 (00:00.000 / 01:00.235, 3Gb)
## Memory (MB): Use = 3685, Free = 312, Total = 3998, Max = 3998                                     (00:01.611 / 01:01.847, 3Gb)
Run jekyll: jekyll build --destination "/tmp/ans.fhir.fr.cds#2.0.0-milestone/output" (in folder /tmp/ans.fhir.fr.cds#2.0.0-milestone/temp/pages) (00:00.001 / 01:01.848, 3Gb)
Troubleshooting Note: usual cases for Jekyll to fail are:                                            (00:00.001 / 01:01.849, 3Gb)
* A failure to produce a fragment that is already logged in the output above                         (00:00.000 / 01:01.850, 3Gb)
* A reference to a manually edited file that hasn't been provided                                    (00:00.000 / 01:01.851, 3Gb)
Jekyll: Source: /tmp/ans.fhir.fr.cds#2.0.0-milestone/temp/pages                                      (00:00.323 / 01:02.175, 3Gb)
Jekyll: Generating...                                                                                (00:00.000 / 01:02.175, 3Gb)
Jekyll: done in 1.335 seconds.                                                                       (00:01.334 / 01:03.510, 3Gb)

Installing ans.fhir.fr.cds#2.0.0
Checking Output HTML                                                                                 (00:01.136 / 01:04.646, 3Gb)
found 851 files                                                                                      (00:00.003 / 01:04.650, 3Gb)
........................................
........................................
  ... 851 html files, 0 pages invalid xhtml (0%)                                                     (00:07.345 / 01:11.996, 3Gb)
  ... 181902 links, 1 broken links (0%)                                                              (00:00.000 / 01:11.996, 3Gb)
Generate fragment-usage-analysis.csv                                                                 (00:00.000 / 01:11.997, 3Gb)
Build final .zip                                                                                     (00:00.006 / 01:12.003, 3Gb)
Final .zip built                                                                                     (00:01.715 / 01:13.719, 3Gb)
Built. Times: loading: 00:00.470, generate: 00:58.042, narrative generation: 00:01.182, realm-rules: 00:00.000, previous-version: 00:05.688, jekyll: 00:01.679, validation: 00:07.216 (#23), template: 00:01.238 (#3) (00:03.847 / 01:17.566, 3Gb)
Generating QA                                                                                        (00:00.000 / 01:17.567, 3Gb)
Validation output in /tmp/ans.fhir.fr.cds#2.0.0-milestone/output/qa.html
Errors: 25, Warnings: 26, Info: 28, Broken Links: 1 (00:01.169 / 01:18.737, 3Gb)
Finished. Max Memory Used = 3Gb. Log file saved in /tmp/fhir-ig-publisher-tmp.log                    (00:00.004 / 01:18.742, 3Gb)
Keep a copy of the build directory at /tmp/web-root/run-20240924/ig-build-zips/ans.fhir.fr.cds#2.0.0.zip

ok. All checks passed. Publish v2.0.0 to /tmp/web-root/run-20240924/cds/2.0.0
Copy the IG to /tmp/web-root/run-20240924/cds/2.0.0
Update /tmp/web-root/run-20240924/cds/package-list.json
Publish Box Statement: This page is part of the Cercle De Soins (v2.0.0: Release) based on <a no-external="true" href="http://hl7.org/fhir/R4">FHIR (HL7速 FHIR速 Standard) R4</a>. This is the current published version in its permanent home (it will always be available at this URL).  For a full list of available versions, see the <a no-external="true" href="https://interop.esante.gouv.fr/ig/fhir/cds/history.html">Directory of published versions</a>
no html insert in /tmp/web-root/run-20240924/cds/2.0.0/qa-txservers.html
  .. 156 files checked, 156 updated
  .. 75 clones checked, 150 updated
  .. 23 redirections (23 created/updated)
This is a milestone release - publish v2.0.0 to /tmp/web-root/run-20240924/cds
Publish Box Statement: This page is part of the Cercle De Soins (v2.0.0: Release) based on <a no-external="true" href="http://hl7.org/fhir/R4">FHIR (HL7速 FHIR速 Standard) R4</a>. This is the current published version.  For a full list of available versions, see the <a no-external="true" href="https://interop.esante.gouv.fr/ig/fhir/cds/history.html">Directory of published versions</a>
no html insert in /tmp/ans.fhir.fr.cds#2.0.0-milestone/output/qa-txservers.html
  .. 156 files checked, 156 updated
  .. 75 clones checked, 150 updated
  .. 23 redirections (23 created/updated)
Check for Files to delete
  ... 0 files
Copy to new IG to /tmp/web-root/run-20240924/cds
Update history page at /tmp/web-root/run-20240924/cds from /home/runner/work/IG-fhir-cercle-de-soins/IG-fhir-cercle-de-soins/./IG-website-release/fhir-ig-history-template and ./IG-website-release/templates
Build is complete. Copy from /tmp/web-root/run-20240924
ans.fhir.fr.cds (https://interop.esante.gouv.fr/ig/fhir/cds): Cercle De Soins @ https://ansforge.github.io/IG-fhir-mesures-de-sante/main/ig
  release: trial-use 2.0.0/4.0.1 @ https://interop.esante.gouv.fr/ig/fhir/cds/2.0.0
