FHIR IG Publisher Version 2.1.2 (Git# 1fdde7f9e667). Built 2026-03-01T18:54:08.225Z (3 days old)
Detected Java version: 17.0.10 from /opt/hostedtoolcache/Java_Microsoft_jdk/17.0.10/x64 on amd64 (64bit). 3998MB available
dir = /home/runner/work/interop-ig-fhir-tracabilite-dmi/interop-ig-fhir-tracabilite-dmi, path = /opt/hostedtoolcache/Ruby/3.3.10/x64/bin:/usr/share/dotnet:/opt/hostedtoolcache/node/20.20.0/x64/bin:/opt/hostedtoolcache/Java_Microsoft_jdk/17.0.10/x64/bin:/snap/bin:/home/runner/.local/bin:/opt/pipx_bin:/home/runner/.cargo/bin:/home/runner/.config/composer/vendor/bin:/usr/local/.ghcup/bin:/home/runner/.dotnet/tools:/usr/local/sbin:/usr/local/bin:/usr/sbin:/usr/bin:/sbin:/bin:/usr/games:/usr/local/games:/snap/bin
Parameters: -go-publish -source ./igSource -web ./IG-website-release/www/ig/fhir -registry ./IG-website-release/ig-registry/fhir-ig-list.json -history ./IG-website-release/fhir-ig-history-template -templates ./IG-website-release/templates
---------------
Publication Run: publish ./igSource to ./IG-website-release/www/ig/fhir
Relative directory for IG is '/tdmi'
===== Web Publication Run Details ===============================
 Source IG: ans.fhir.fr.tdmi#3.0.0-ballot : https://interop.esante.gouv.fr/ig/fhir/tdmi (R4) from ./igSource
All checks passed. Do the publication build from /home/runner/work/interop-ig-fhir-tracabilite-dmi/interop-ig-fhir-tracabilite-dmi/./igSource and publish to /tmp/web-root/run-20260305/tdmi
Prepare Build space in /tmp/ig-builds/ans.fhir.fr.tdmi#3.0.0-ballot
Build IG at /home/runner/work/interop-ig-fhir-tracabilite-dmi/interop-ig-fhir-tracabilite-dmi/./igSource: final copy suitable for publication (in /tmp/ig-builds/ans.fhir.fr.tdmi#3.0.0-ballot)
FHIR IG Publisher Version 2.1.2 (Git# 1fdde7f9e667). Built 2026-03-01T18:54:08.225Z (3 days old)    
Detected Java version: 17.0.10 from /opt/hostedtoolcache/Java_Microsoft_jdk/17.0.10/x64 on Linux/amd64 (64bit). 3998MB available
dir = /home/runner/work/interop-ig-fhir-tracabilite-dmi/interop-ig-fhir-tracabilite-dmi, path = /opt/hostedtoolcache/Ruby/3.3.10/x64/bin:/usr/share/dotnet:/opt/hostedtoolcache/node/20.20.0/x64/bin:/opt/hostedtoolcache/Java_Microsoft_jdk/17.0.10/x64/bin:/snap/bin:/home/runner/.local/bin:/opt/pipx_bin:/home/runner/.cargo/bin:/home/runner/.config/composer/vendor/bin:/usr/local/.ghcup/bin:/home/runner/.dotnet/tools:/usr/local/sbin:/usr/local/bin:/usr/sbin:/usr/bin:/sbin:/bin:/usr/games:/usr/local/games:/snap/bin
Parameters: -publish https://interop.esante.gouv.fr/ig/fhir/tdmi/3.0.0-ballot -no-exit -ig /tmp/ig-builds/ans.fhir.fr.tdmi#3.0.0-ballot -resetTx
Character encoding = UTF-8 / UTF-8                                                                  
Start Clock @ Thursday, March 5, 2026 at 10:32:57 AM Coordinated Universal Time (2026-03-05T10:32:57Z)
                                                                                                    
Build FHIR IG from /tmp/ig-builds/ans.fhir.fr.tdmi#3.0.0-ballot                                      (00:00.021 / 00:00.021, 46Mb)
Build Formal Publication package, intended for https://interop.esante.gouv.fr/ig/fhir/tdmi/3.0.0-ballot (00:00.002 / 00:00.024, 47Mb)
API keys loaded from /home/runner/.fhir/fhir-settings.json                                           (00:00.000 / 00:00.024, 47Mb)
Package Cache: /home/runner/.fhir/packages                                                           (00:00.003 / 00:00.028, 47Mb)
Run Sushi on /tmp/ig-builds/ans.fhir.fr.tdmi#3.0.0-ballot                                            (00:00.002 / 00:00.031, 47Mb)
Sushi: info  Running SUSHI v3.18.0 (implements FHIR Shorthand specification v3.0.0)                  (00:00.675 / 00:00.707, 50Mb)
Sushi: info  Arguments:                                                                              (00:00.001 / 00:00.708, 50Mb)
Sushi: info    --require-latest                                                                      (00:00.001 / 00:00.709, 50Mb)
Sushi: info    --out /tmp/ig-builds/ans.fhir.fr.tdmi#3.0.0-ballot                                    (00:00.001 / 00:00.710, 50Mb)
Sushi: info    /tmp/ig-builds/ans.fhir.fr.tdmi#3.0.0-ballot                                          (00:00.001 / 00:00.711, 50Mb)
Sushi: info  Using configuration file: /tmp/ig-builds/ans.fhir.fr.tdmi#3.0.0-ballot/sushi-config.yaml (00:00.567 / 00:01.279, 50Mb)
Sushi: info  Importing FSH text...                                                                   (00:00.106 / 00:01.386, 50Mb)
Sushi: info  Preprocessed 64 documents with 3 aliases.                                               (00:00.197 / 00:01.584, 50Mb)
Sushi: info  Imported 37 definitions and 26 instances.                                               (00:00.017 / 00:01.602, 50Mb)
Sushi: info  Loaded virtual package sushi-r5forR4#1.0.0 with 7 resources                             (00:00.110 / 00:01.712, 50Mb)
Sushi: info  Resolved hl7.fhir.uv.tools.r4#latest to concrete version 1.1.0                          (00:00.533 / 00:02.246, 50Mb)
Sushi: info  Loaded hl7.fhir.uv.tools.r4#1.1.0 with 119 resources                                    (00:00.078 / 00:02.324, 50Mb)
Sushi: info  Resolved hl7.terminology.r4#latest to concrete version 7.0.1                            (00:00.131 / 00:02.455, 50Mb)
Sushi: info  Loaded hl7.terminology.r4#7.0.1 with 4096 resources                                     (00:01.858 / 00:04.313, 50Mb)
Sushi: info  Loaded hl7.fhir.fr.core#2.1.0 with 120 resources                                        (00:00.088 / 00:04.402, 50Mb)
Sushi: info  Loaded ans.fhir.fr.tde#2.0.0-ballot with 7 resources                                    (00:00.004 / 00:04.406, 50Mb)
Sushi: info  Loaded hl7.fhir.r4.core#4.0.1 with 4581 resources                                       (00:00.996 / 00:05.403, 50Mb)
Sushi: info  Resolved hl7.fhir.uv.extensions.r4#latest to concrete version 5.2.0                     (00:00.142 / 00:05.546, 50Mb)
Sushi: info  Loaded hl7.fhir.uv.extensions.r4#5.2.0 with 759 resources                               (00:00.348 / 00:05.895, 50Mb)
Sushi: info  Loaded virtual package sushi-local#LOCAL with 0 resources                               (00:00.008 / 00:05.903, 50Mb)
Sushi: info  Converting FSH to FHIR resources...                                                     (00:00.019 / 00:05.923, 50Mb)
Sushi: info  Converted 36 FHIR StructureDefinitions.                                                 (00:02.499 / 00:08.423, 50Mb)
Sushi: info  Converted 1 FHIR CodeSystems.                                                           (00:00.026 / 00:08.449, 50Mb)
Sushi: info  Converted 26 FHIR instances.                                                            (00:01.590 / 00:10.040, 50Mb)
Sushi: info  Exporting FHIR resources as JSON...                                                     (00:00.001 / 00:10.041, 50Mb)
Sushi: info  Exported 63 FHIR resources as JSON.                                                     (00:00.100 / 00:10.141, 50Mb)
Sushi: info  Assembling Implementation Guide sources...                                              (00:00.002 / 00:10.143, 50Mb)
Sushi: info  Generated ImplementationGuide-ans.fhir.fr.tdmi.json                                     (00:00.025 / 00:10.169, 50Mb)
Sushi: info  Assembled Implementation Guide sources; ready for IG Publisher.                         (00:00.000 / 00:10.170, 50Mb)
Sushi: ========================= SUSHI RESULTS ===========================                           (00:00.000 / 00:10.171, 50Mb)
Sushi: |  -------------------------------------------------------------  |                           (00:00.000 / 00:10.171, 50Mb)
Sushi: | |    Profiles   |  Extensions  |   Logicals   |   Resources   | |                           (00:00.000 / 00:10.172, 50Mb)
Sushi: | |-------------------------------------------------------------| |                           (00:00.000 / 00:10.173, 50Mb)
Sushi: | |      21       |      15      |      0       |       0       | |                           (00:00.000 / 00:10.174, 50Mb)
Sushi: |  -------------------------------------------------------------  |                           (00:00.000 / 00:10.175, 50Mb)
Sushi: |  -------------------------------------------------------------  |                           (00:00.000 / 00:10.175, 50Mb)
Sushi: | |      ValueSets     |    CodeSystems    |     Instances      | |                           (00:00.000 / 00:10.176, 50Mb)
Sushi: | |-------------------------------------------------------------| |                           (00:00.000 / 00:10.177, 50Mb)
Sushi: | |         0          |         1         |         26         | |                           (00:00.000 / 00:10.177, 50Mb)
Sushi: |  -------------------------------------------------------------  |                           (00:00.000 / 00:10.178, 50Mb)
Sushi: |                                                                 |                           (00:00.000 / 00:10.179, 50Mb)
Sushi: ===================================================================                           (00:00.000 / 00:10.179, 50Mb)
Sushi: | Valedictorian of the School of FSH!    0 Errors      0 Warnings |                           (00:00.000 / 00:10.180, 50Mb)
Sushi: ===================================================================                           (00:00.000 / 00:10.181, 50Mb)
Root directory: /tmp/ig-builds/ans.fhir.fr.tdmi#3.0.0-ballot                                         (00:00.015 / 00:10.197, 50Mb)
Unable to load IG as an r5 IG - try R4 (property code is a class com.google.gson.JsonPrimitive looking for an object) (00:00.467 / 00:10.664, 64Mb)
Load Template from https://github.com/ansforge/IG-template                                           (00:00.459 / 00:11.124, 29Mb)
 Load Template from fhir.base.template#current                                                       (00:00.989 / 00:12.113, 54Mb)
Scanning directory: /tmp/ig-builds/ans.fhir.fr.tdmi#3.0.0-ballot/template
======================================================================
Terminology Cache is at /tmp/ig-builds/ans.fhir.fr.tdmi#3.0.0-ballot/input-cache/txcache. Clearing now (00:04.026 / 00:16.139, 136Mb)
Core Package hl7.fhir.r4.core#4.0.1                                                                  (00:00.001 / 00:16.140, 136Mb)
Running Terminology Log: /tmp/ohfu-fhir-ig-4172514904928921019.html
Connect to Terminology Server at http://tx.fhir.org                                                  (00:04.227 / 00:20.369, 276Mb)
[39mLoad Package hl7.fhir.pubpack#0.2.4
[0;39m[39mLoad Package hl7.fhir.xver-extensions#0.1.0
[0;39m[39mLoad Package hl7.terminology.r4#7.0.1
[0;39m[39mLoad Package hl7.fhir.uv.extensions.r4#5.2.0
[0;39m[39mLoad Package hl7.terminology.r4#6.0.2
[0;39m[39mLoad Package hl7.fhir.uv.extensions.r4#5.1.0
[0;39m[39mLoad Package ans.fr.nos#1.3.0
[0;39m[39mLoad Package hl7.fhir.fr.core#2.1.0
[0;39m[39mLoad Package ans.fhir.fr.tde#2.0.0-ballot
[0;39m[39mLoad Package hl7.fhir.uv.tools.r4#0.9.0
[0;39mLoad R5 Specials
Cannot find or generate snapshot for base definition http://hl7.org/fhir/StructureDefinition/CanonicalResource from http://hl7.org/fhir/StructureDefinition/TestCases
Initialization complete                                                                              (00:07.500 / 00:27.869, 914Mb)
Load IG                                                                                              (00:00.000 / 00:27.870, 914Mb)
Load Content                                                                                         (00:00.003 / 00:27.873, 915Mb)
Using fr_FR as the default narrative language. (inferred from ImplementationGuide.jurisdiction=FR)   (00:00.053 / 00:27.926, 924Mb)
Process Loaded Resources                                                                             (00:00.912 / 00:28.838, 972Mb)
Generating Snapshots                                                                                 (00:00.253 / 00:29.091, 1Gb)

Signing Certificate: RSA key for Subject: OU=IG Publisher, L=Ann Arbor, CN=hl7.org, O=HL7, ST=Missouri, C=us from: OU=IG Publisher, L=Ann Arbor, CN=hl7.org, O=HL7, ST=Missouri, C=us
Fetch https://interop.esante.gouv.fr/ig/fhir/tdmi/package-list.json for version check                (00:01.733 / 00:30.825, 580Mb)
Checking Language                                                                                    (00:00.767 / 00:31.592, 582Mb)
Load Dependency Info                                                                                 (00:00.003 / 00:31.596, 583Mb)
Load Info                                                                                            (00:00.001 / 00:31.598, 583Mb)
Load Paths                                                                                           (00:00.000 / 00:31.598, 584Mb)
Check R4 / R4B                                                                                       (00:00.000 / 00:31.599, 584Mb)
Assign Comparison Ids                                                                                (00:00.028 / 00:31.628, 589Mb)
Propagating status                                                                                   (00:00.000 / 00:31.629, 589Mb)
Generating Narratives                                                                                (00:00.000 / 00:31.629, 589Mb)
Validating Conformance Resources                                                                     (00:01.357 / 00:32.987, 625Mb)
[39mFailed to determine latest version of package ans.fhir.fr.tde from server: https://packages2.fhir.org/packages
[0;39m[39mFailed to determine latest version of package ans.fhir.fr.tde from server: https://packages.fhir.org
[0;39m[39mFailed to determine latest version of package ans.fhir.fr.tde from server: build.fhir.org
[0;39m[39mLatest version of package ans.fhir.fr.tde found locally is 2.0.0-ballot - using that
[0;39mCheck profiles & code systems                                                                        (00:12.349 / 00:45.337, 905Mb)
Check realm rules                                                                                    (00:00.004 / 00:45.341, 905Mb)
Previous Version Comparison                                                                          (00:00.000 / 00:45.342, 905Mb)
Checking for Bundles to sign                                                                         (00:00.025 / 00:45.368, 916Mb)
Validating Resources                                                                                 (00:00.000 / 00:45.368, 916Mb)
Processing Provenance Records                                                                        (00:00.868 / 00:46.237, 1Gb)
Generating Outputs in /tmp/ig-builds/ans.fhir.fr.tdmi#3.0.0-ballot/output                            (00:00.000 / 00:46.238, 1Gb)
Generate Native Outputs                                                                              (00:00.226 / 00:46.464, 1Gb)
Run Template                                                                                         (00:05.674 / 00:52.139, 853Mb)
Generate HTML Outputs                                                                                (00:01.903 / 00:54.043, 928Mb)
Generate Spreadsheets                                                                                (00:10.046 / 01:04.089, 1Gb)
Generate Summaries                                                                                   (00:05.807 / 01:09.897, 980Mb)
Generating Summary Outputs                                                                           (00:00.000 / 01:09.897, 980Mb)
Unable to find 3-character code having same country code as ISO 2-char code AA - User-assigned       (00:06.859 / 01:16.757, 1Gb)
Unable to find 3-character code having same country code as ISO 2-char code QM - User-assigned       (00:00.000 / 01:16.757, 1Gb)
Unable to find 3-character code having same country code as ISO 2-char code QN - User-assigned       (00:00.000 / 01:16.758, 1Gb)
Unable to find 3-character code having same country code as ISO 2-char code QO - User-assigned       (00:00.000 / 01:16.759, 1Gb)
Unable to find 3-character code having same country code as ISO 2-char code QP - User-assigned       (00:00.000 / 01:16.759, 1Gb)
Unable to find 3-character code having same country code as ISO 2-char code QQ - User-assigned       (00:00.000 / 01:16.760, 1Gb)
Unable to find 3-character code having same country code as ISO 2-char code QR - User-assigned       (00:00.000 / 01:16.760, 1Gb)
Unable to find 3-character code having same country code as ISO 2-char code QS - User-assigned       (00:00.000 / 01:16.761, 1Gb)
Unable to find 3-character code having same country code as ISO 2-char code QT - User-assigned       (00:00.000 / 01:16.761, 1Gb)
Unable to find 3-character code having same country code as ISO 2-char code QU - User-assigned       (00:00.000 / 01:16.762, 1Gb)
Unable to find 3-character code having same country code as ISO 2-char code QV - User-assigned       (00:00.000 / 01:16.762, 1Gb)
Unable to find 3-character code having same country code as ISO 2-char code QW - User-assigned       (00:00.000 / 01:16.762, 1Gb)
Unable to find 3-character code having same country code as ISO 2-char code QX - User-assigned       (00:00.000 / 01:16.763, 1Gb)
Unable to find 3-character code having same country code as ISO 2-char code QY - User-assigned       (00:00.000 / 01:16.763, 1Gb)
Unable to find 3-character code having same country code as ISO 2-char code QZ - User-assigned       (00:00.000 / 01:16.764, 1Gb)
Unable to find 3-character code having same country code as ISO 2-char code XA - User-assigned       (00:00.000 / 01:16.764, 1Gb)
Unable to find 3-character code having same country code as ISO 2-char code XB - User-assigned       (00:00.000 / 01:16.765, 1Gb)
Unable to find 3-character code having same country code as ISO 2-char code XC - User-assigned       (00:00.000 / 01:16.765, 1Gb)
Unable to find 3-character code having same country code as ISO 2-char code XD - User-assigned       (00:00.000 / 01:16.766, 1Gb)
Unable to find 3-character code having same country code as ISO 2-char code XE - User-assigned       (00:00.000 / 01:16.766, 1Gb)
Unable to find 3-character code having same country code as ISO 2-char code XF - User-assigned       (00:00.000 / 01:16.766, 1Gb)
Unable to find 3-character code having same country code as ISO 2-char code XG - User-assigned       (00:00.000 / 01:16.767, 1Gb)
Unable to find 3-character code having same country code as ISO 2-char code XH - User-assigned       (00:00.000 / 01:16.767, 1Gb)
Unable to find 3-character code having same country code as ISO 2-char code XI - User-assigned       (00:00.000 / 01:16.768, 1Gb)
Unable to find 3-character code having same country code as ISO 2-char code XJ - User-assigned       (00:00.000 / 01:16.768, 1Gb)
Unable to find 3-character code having same country code as ISO 2-char code XK - Kosovo              (00:00.000 / 01:16.769, 1Gb)
Unable to find 3-character code having same country code as ISO 2-char code XL - User-assigned       (00:00.000 / 01:16.770, 1Gb)
Unable to find 3-character code having same country code as ISO 2-char code XM - User-assigned       (00:00.000 / 01:16.770, 1Gb)
Unable to find 3-character code having same country code as ISO 2-char code XN - User-assigned       (00:00.000 / 01:16.771, 1Gb)
Unable to find 3-character code having same country code as ISO 2-char code XO - User-assigned       (00:00.000 / 01:16.771, 1Gb)
Unable to find 3-character code having same country code as ISO 2-char code XP - User-assigned       (00:00.000 / 01:16.771, 1Gb)
Unable to find 3-character code having same country code as ISO 2-char code XQ - User-assigned       (00:00.000 / 01:16.772, 1Gb)
Unable to find 3-character code having same country code as ISO 2-char code XR - User-assigned       (00:00.000 / 01:16.772, 1Gb)
Unable to find 3-character code having same country code as ISO 2-char code XS - User-assigned       (00:00.000 / 01:16.773, 1Gb)
Unable to find 3-character code having same country code as ISO 2-char code XT - User-assigned       (00:00.000 / 01:16.773, 1Gb)
Unable to find 3-character code having same country code as ISO 2-char code XU - User-assigned       (00:00.000 / 01:16.774, 1Gb)
Unable to find 3-character code having same country code as ISO 2-char code XV - User-assigned       (00:00.000 / 01:16.774, 1Gb)
Unable to find 3-character code having same country code as ISO 2-char code XW - User-assigned       (00:00.000 / 01:16.775, 1Gb)
Unable to find 3-character code having same country code as ISO 2-char code XX - Unknown             (00:00.000 / 01:16.775, 1Gb)
Unable to find 3-character code having same country code as ISO 2-char code XY - User-assigned       (00:00.000 / 01:16.775, 1Gb)
Unable to find 3-character code having same country code as ISO 2-char code XZ - International Waters (00:00.000 / 01:16.776, 1Gb)
Unable to find 3-character code having same country code as ISO 2-char code ZZ - Unknown or Invalid Territory (00:00.000 / 01:16.776, 1Gb)
DB Cumulative Time invested: 00:00:00.196
Sending Usage Stats to Server                                                                        (00:00.149 / 01:16.925, 1Gb)
## Memory (MB): Use = 1196, Free = 453, Total = 1650, Max = 3998                                     (00:00.005 / 01:16.931, 1Gb)
Reclaiming memory...                                                                                 (00:00.000 / 01:16.931, 1Gb)
## Memory (MB): Use = 982, Free = 667, Total = 1650, Max = 3998                                      (00:00.644 / 01:17.576, 984Mb)
Run jekyll: jekyll build --destination "/tmp/ig-builds/ans.fhir.fr.tdmi#3.0.0-ballot/output" (in folder /tmp/ig-builds/ans.fhir.fr.tdmi#3.0.0-ballot/temp/pages) (00:00.001 / 01:17.577, 984Mb)
Troubleshooting Note: usual cases for Jekyll to fail are:                                            (00:00.000 / 01:17.578, 984Mb)
* A failure to produce a fragment that is already logged in the output above                         (00:00.000 / 01:17.579, 984Mb)
* A reference to a manually edited file that hasn't been provided                                    (00:00.000 / 01:17.579, 984Mb)
Jekyll: Source: /tmp/ig-builds/ans.fhir.fr.tdmi#3.0.0-ballot/temp/pages                              (00:00.526 / 01:18.105, 988Mb)
Jekyll: Generating...                                                                                (00:00.000 / 01:18.106, 988Mb)
Jekyll: done in 2.67 seconds.                                                                        (00:02.669 / 01:20.775, 988Mb)
[39m
[0;39m[39mInstalling ans.fhir.fr.tdmi#3.0.0-ballot
[0;39m[39m done.
[0;39mChecking Output HTML                                                                                 (00:02.606 / 01:23.382, 1Gb)
Processed /tmp/ig-builds/ans.fhir.fr.tdmi#3.0.0-ballot/output - % reduction = 100 (98038288 ==> 556322)
found 1561 files                                                                                     (00:01.623 / 01:25.005, 1Gb)
........................................
........................................
  ... 1561 html files, 0 pages invalid xhtml (0%)                                                    (00:23.347 / 01:48.353, 2Gb)
  ... 449526 links, 4 broken links (0%)                                                              (00:00.000 / 01:48.354, 2Gb)
Generate fragment-usage-analysis.csv                                                                 (00:00.000 / 01:48.355, 2Gb)
Build final .zip                                                                                     (00:00.007 / 01:48.362, 2Gb)
Final .zip built                                                                                     (00:03.251 / 01:51.614, 1Gb)
Built. Times: loading: 00:03.719, generate: 01:23.019, narrative generation: 00:01.356, realm-rules: 00:00.000, previous-version: 00:00.000, jekyll: 00:03.228, validation: 00:13.026 (#64), template: 00:01.843 (#3) (00:02.998 / 01:54.612, 1Gb)
Generating QA                                                                                        (00:00.001 / 01:54.614, 1Gb)
Validation output in /tmp/ig-builds/ans.fhir.fr.tdmi#3.0.0-ballot/output/qa.html
Errors: 3, Warnings: 53, Info: 96, Broken Links: 4 (00:00.256 / 01:54.870, 1Gb)
Finished @ 05/03/2026 10:34. Max Memory Used = 2Gb. Log file saved in /tmp/fhir-ig-publisher-tmp.log (00:00.015 / 01:54.886, 1Gb)
Keep a copy of the build directory at /tmp/web-root/run-20260305/ig-build-zips/ans.fhir.fr.tdmi#3.0.0-ballot.zip

ok. All checks passed. Publish v3.0.0-ballot to /tmp/web-root/run-20260305/tdmi/3.0.0-ballot
Copy the IG to /tmp/web-root/run-20260305/tdmi/3.0.0-ballot
Update /tmp/web-root/run-20260305/tdmi/package-list.json
Publish Box Statement: This page is part of the Volet Traçabilité des Dispositifs Médicaux Implantables (v3.0.0-ballot: <a data-no-external="true" href="https://confluence.hl7.org/display/HL7/HL7+Balloting" title="Standard for Trial-Use">STU</a>1 Ballot 1) based on <a data-no-external="true" href="http://hl7.org/fhir/R4">FHIR (HL7® FHIR® Standard) R4</a>. No current official version has been published yet.  For a full list of available versions, see the <a data-no-external="true" href="https://interop.esante.gouv.fr/ig/fhir/tdmi/history.html">Directory of published versions</a>
  .. 464 files checked, 464 updated
  .. 131 clones checked, 262 updated
  .. 64 redirections (64 created/updated)
ans.fhir.fr.tdmi (https://interop.esante.gouv.fr/ig/fhir/tdmi): Volet Traçabilité des Dispositifs Médicaux Implantables @ https://ansforge.github.io/interop-ig-fhir-tracabilite-dmi/main/ig
  candidate: STU1 Ballot 3.0.0-ballot/4.0.1 @ https://interop.esante.gouv.fr/ig/fhir/tdmi/3.0.0-ballot
Build is complete. Copy from /tmp/web-root/run-20260305
Update history page at /tmp/web-root/run-20260305/tdmi from /home/runner/work/interop-ig-fhir-tracabilite-dmi/interop-ig-fhir-tracabilite-dmi/./IG-website-release/fhir-ig-history-template and ./IG-website-release/templates
