FHIR IG Publisher Version 2.0.7 (Git# f2fdf4e51a8d). Built 2025-06-14T10:53:27.183Z (4 days old)
Detected Java version: 17.0.10 from /opt/hostedtoolcache/Java_Microsoft_jdk/17.0.10/x64 on amd64 (64bit). 4000MB available
dir = /home/runner/work/IG-fhir-medicosocial-suivi-decisions-orientation/IG-fhir-medicosocial-suivi-decisions-orientation, path = /opt/hostedtoolcache/Ruby/3.3.8/x64/bin:/opt/hostedtoolcache/node/20.19.2/x64/bin:/opt/hostedtoolcache/Java_Microsoft_jdk/17.0.10/x64/bin:/snap/bin:/home/runner/.local/bin:/opt/pipx_bin:/home/runner/.cargo/bin:/home/runner/.config/composer/vendor/bin:/usr/local/.ghcup/bin:/home/runner/.dotnet/tools:/usr/local/sbin:/usr/local/bin:/usr/sbin:/usr/bin:/sbin:/bin:/usr/games:/usr/local/games:/snap/bin
Parameters: -go-publish -authorise-non-conformant-tx-servers -source ./igSource -web ./IG-website-release/www/ig/fhir -registry ./IG-website-release/ig-registry/fhir-ig-list.json -history ./IG-website-release/fhir-ig-history-template -templates ./IG-website-release/templates
---------------
Publication Run: publish ./igSource to ./IG-website-release/www/ig/fhir
Relative directory for IG is '/sdo'
===== Web Publication Run Details ===============================
 Source IG: ans.fhir.fr.sdo#4.0.4 : https://interop.esante.gouv.fr/ig/fhir/sdo (R4) from ./igSource
All checks passed. Do the publication build from /home/runner/work/IG-fhir-medicosocial-suivi-decisions-orientation/IG-fhir-medicosocial-suivi-decisions-orientation/./igSource and publish to /tmp/web-root/run-20250619/sdo
Prepare Build space in /tmp/ig-builds/ans.fhir.fr.sdo#4.0.4
Build IG at /home/runner/work/IG-fhir-medicosocial-suivi-decisions-orientation/IG-fhir-medicosocial-suivi-decisions-orientation/./igSource: final copy suitable for publication (in /tmp/ig-builds/ans.fhir.fr.sdo#4.0.4)
FHIR IG Publisher Version 2.0.7 (Git# f2fdf4e51a8d). Built 2025-06-14T10:53:27.183Z (4 days old)    
Detected Java version: 17.0.10 from /opt/hostedtoolcache/Java_Microsoft_jdk/17.0.10/x64 on Linux/amd64 (64bit). 4000MB available
dir = /home/runner/work/IG-fhir-medicosocial-suivi-decisions-orientation/IG-fhir-medicosocial-suivi-decisions-orientation, path = /opt/hostedtoolcache/Ruby/3.3.8/x64/bin:/opt/hostedtoolcache/node/20.19.2/x64/bin:/opt/hostedtoolcache/Java_Microsoft_jdk/17.0.10/x64/bin:/snap/bin:/home/runner/.local/bin:/opt/pipx_bin:/home/runner/.cargo/bin:/home/runner/.config/composer/vendor/bin:/usr/local/.ghcup/bin:/home/runner/.dotnet/tools:/usr/local/sbin:/usr/local/bin:/usr/sbin:/usr/bin:/sbin:/bin:/usr/games:/usr/local/games:/snap/bin
Parameters: -ig /tmp/ig-builds/ans.fhir.fr.sdo#4.0.4 -resetTx -publish https://interop.esante.gouv.fr/ig/fhir/sdo/4.0.4 -no-exit
Character encoding = UTF-8 / UTF-8                                                                  
Start Clock @ Thursday, June 19, 2025 at 8:11:55 AM Coordinated Universal Time (2025-06-19T08:11:55Z)
                                                                                                    
Build FHIR IG from /tmp/ig-builds/ans.fhir.fr.sdo#4.0.4                                              (00:00.022 / 00:00.022, 38Mb)
Build Formal Publication package, intended for https://interop.esante.gouv.fr/ig/fhir/sdo/4.0.4      (00:00.002 / 00:00.024, 38Mb)
API keys loaded from /home/runner/.fhir/fhir-settings.json                                           (00:00.000 / 00:00.025, 38Mb)
Package Cache: /home/runner/.fhir/packages                                                           (00:00.003 / 00:00.028, 38Mb)
Run Sushi on /tmp/ig-builds/ans.fhir.fr.sdo#4.0.4                                                    (00:00.002 / 00:00.031, 38Mb)
Sushi: info  Running SUSHI v3.16.0 (implements FHIR Shorthand specification v3.0.0)                  (00:00.719 / 00:00.750, 40Mb)
Sushi: info  Arguments:                                                                              (00:00.001 / 00:00.751, 40Mb)
Sushi: info    --require-latest                                                                      (00:00.000 / 00:00.752, 40Mb)
Sushi: info    --out /tmp/ig-builds/ans.fhir.fr.sdo#4.0.4                                            (00:00.000 / 00:00.753, 40Mb)
Sushi: info    /tmp/ig-builds/ans.fhir.fr.sdo#4.0.4                                                  (00:00.000 / 00:00.754, 40Mb)
Sushi: info  Using configuration file: /tmp/ig-builds/ans.fhir.fr.sdo#4.0.4/sushi-config.yaml        (00:00.735 / 00:01.490, 40Mb)
Sushi: info  Importing FSH text...                                                                   (00:00.100 / 00:01.591, 40Mb)
Sushi: info  Preprocessed 23 documents with 17 aliases.                                              (00:00.178 / 00:01.769, 40Mb)
Sushi: info  Imported 8 definitions and 16 instances.                                                (00:00.015 / 00:01.784, 40Mb)
Sushi: info  Loaded virtual package sushi-r5forR4#1.0.0 with 7 resources                             (00:00.104 / 00:01.889, 40Mb)
Sushi: info  Resolved hl7.fhir.uv.tools.r4#latest to concrete version 0.5.0                          (00:00.911 / 00:02.800, 40Mb)
Sushi: info  Loaded hl7.fhir.uv.tools.r4#0.5.0 with 88 resources                                     (00:00.063 / 00:02.864, 40Mb)
Sushi: info  Resolved hl7.terminology.r4#latest to concrete version 6.4.0                            (00:00.176 / 00:03.040, 40Mb)
Sushi: info  Loaded hl7.terminology.r4#6.4.0 with 4381 resources                                     (00:01.983 / 00:05.024, 40Mb)
Sushi: info  Resolved hl7.fhir.uv.extensions.r4#latest to concrete version 5.2.0                     (00:00.174 / 00:05.198, 40Mb)
Sushi: info  Loaded hl7.fhir.uv.extensions.r4#5.2.0 with 759 resources                               (00:02.918 / 00:08.116, 40Mb)
Sushi: info  Resolved ans.fr.nos#latest to concrete version 1.5.0                                    (00:00.171 / 00:08.288, 40Mb)
Sushi: info  Loaded ans.fr.nos#1.5.0 with 503 resources                                              (00:00.313 / 00:08.602, 40Mb)
Sushi: info  Loaded hl7.fhir.r4.core#4.0.1 with 4581 resources                                       (00:01.926 / 00:10.528, 40Mb)
Sushi: info  Loaded virtual package sushi-local#LOCAL with 0 resources                               (00:00.006 / 00:10.535, 40Mb)
Sushi: info  Converting FSH to FHIR resources...                                                     (00:00.020 / 00:10.555, 40Mb)
Sushi: info  Converted 6 FHIR StructureDefinitions.                                                  (00:01.008 / 00:11.564, 40Mb)
Sushi: info  Converted 1 FHIR CodeSystems.                                                           (00:00.024 / 00:11.588, 40Mb)
Sushi: info  Converted 1 FHIR ValueSets.                                                             (00:00.021 / 00:11.609, 40Mb)
Sushi: info  Converted 16 FHIR instances.                                                            (00:01.223 / 00:12.832, 40Mb)
Sushi: info  Exporting FHIR resources as JSON...                                                     (00:00.001 / 00:12.833, 40Mb)
Sushi: info  Exported 18 FHIR resources as JSON.                                                     (00:00.028 / 00:12.862, 40Mb)
Sushi: info  Assembling Implementation Guide sources...                                              (00:00.001 / 00:12.864, 40Mb)
Sushi: info  Generated ImplementationGuide-ans.fhir.fr.sdo.json                                      (00:00.056 / 00:12.920, 40Mb)
Sushi: info  Assembled Implementation Guide sources; ready for IG Publisher.                         (00:00.001 / 00:12.921, 40Mb)
Sushi: ========================= SUSHI RESULTS ===========================                           (00:00.001 / 00:12.922, 40Mb)
Sushi: |  -------------------------------------------------------------  |                           (00:00.000 / 00:12.923, 40Mb)
Sushi: | |    Profiles   |  Extensions  |   Logicals   |   Resources   | |                           (00:00.000 / 00:12.924, 40Mb)
Sushi: | |-------------------------------------------------------------| |                           (00:00.000 / 00:12.925, 40Mb)
Sushi: | |       6       |      0       |      0       |       0       | |                           (00:00.000 / 00:12.926, 40Mb)
Sushi: |  -------------------------------------------------------------  |                           (00:00.000 / 00:12.926, 40Mb)
Sushi: |  -------------------------------------------------------------  |                           (00:00.000 / 00:12.927, 40Mb)
Sushi: | |      ValueSets     |    CodeSystems    |     Instances      | |                           (00:00.000 / 00:12.928, 40Mb)
Sushi: | |-------------------------------------------------------------| |                           (00:00.000 / 00:12.928, 40Mb)
Sushi: | |         1          |         1         |         16         | |                           (00:00.000 / 00:12.929, 40Mb)
Sushi: |  -------------------------------------------------------------  |                           (00:00.000 / 00:12.929, 40Mb)
Sushi: |                                                                 |                           (00:00.000 / 00:12.930, 40Mb)
Sushi: ===================================================================                           (00:00.000 / 00:12.930, 40Mb)
Sushi: | You really made a splash!              0 Errors      0 Warnings |                           (00:00.000 / 00:12.931, 40Mb)
Sushi: ===================================================================                           (00:00.000 / 00:12.931, 40Mb)
Unable to load IG as an r5 IG - try R4 (property code is a class com.google.gson.JsonPrimitive looking for an object) (00:00.441 / 00:13.373, 56Mb)
Load Template from https://github.com/ansforge/IG-template                                           (00:00.452 / 00:13.826, 20Mb)
 Load Template from fhir.base.template#current                                                       (00:01.088 / 00:14.915, 61Mb)
Root directory: /tmp/ig-builds/ans.fhir.fr.sdo#4.0.4                                                 (00:03.460 / 00:18.375, 88Mb)
Terminology Cache is at /tmp/ig-builds/ans.fhir.fr.sdo#4.0.4/input-cache/txcache. Clearing now       (00:00.457 / 00:18.832, 69Mb)
Core Package hl7.fhir.r4.core#4.0.1
Running Terminology Log: /tmp/ohfu-fhir-ig-3343171853356373932.html
Connect to Terminology Server at http://tx.fhir.org                                                  (00:03.375 / 00:22.207, 243Mb)
[39mLoad Package hl7.fhir.pubpack#0.2.3
[0;39m[39mLoad Package hl7.fhir.xver-extensions#0.1.0
[0;39m[39mLoad Package hl7.terminology.r4#6.4.0
[0;39m[39mLoad Package hl7.fhir.uv.extensions.r4#5.2.0
[0;39m[39mLoad Package hl7.terminology.r4#6.2.0
[0;39m[39mLoad Package hl7.fhir.uv.extensions.r4#5.1.0
[0;39m[39mLoad Package ans.fr.nos#1.5.0
[0;39m[39mLoad Package hl7.fhir.uv.tools.r4#0.5.0
[0;39mLoad R5 Specials
Initialization complete                                                                              (00:08.161 / 00:30.368, 475Mb)
Load IG                                                                                              (00:00.000 / 00:30.369, 475Mb)
Load Content                                                                                         (00:00.000 / 00:30.370, 475Mb)
Using fr_FR as the default narrative language. (inferred from ImplementationGuide.jurisdiction=FR)   (00:00.061 / 00:30.432, 481Mb)
Process Loaded Resources                                                                             (00:00.713 / 00:31.146, 510Mb)
Generating Snapshots                                                                                 (00:00.113 / 00:31.259, 534Mb)
loadPrePages from FetchedFile[/tmp/ig-builds/ans.fhir.fr.sdo#4.0.4/fsh-generated/includes] as /tmp/ig-builds/ans.fhir.fr.sdo#4.0.4/fsh-generated/includes
loadPrePages from FetchedFile[/tmp/ig-builds/ans.fhir.fr.sdo#4.0.4/input/data] as /tmp/ig-builds/ans.fhir.fr.sdo#4.0.4/input/data
loadPrePages from FetchedFile[/tmp/ig-builds/ans.fhir.fr.sdo#4.0.4/input/pagecontent] as /tmp/ig-builds/ans.fhir.fr.sdo#4.0.4/input/pagecontent
Fetch https://interop.esante.gouv.fr/ig/fhir/sdo/package-list.json for version check                 (00:00.517 / 00:31.777, 464Mb)
Processing Conformance Resources                                                                     (00:00.906 / 00:32.683, 467Mb)
Checking Language                                                                                    (00:00.000 / 00:32.684, 467Mb)
Load Dependency Info                                                                                 (00:00.001 / 00:32.685, 467Mb)
Load Info                                                                                            (00:00.001 / 00:32.687, 467Mb)
Load Paths                                                                                           (00:00.000 / 00:32.687, 468Mb)
Check R4 / R4B                                                                                       (00:00.000 / 00:32.688, 468Mb)
Assign Comparison Ids                                                                                (00:00.022 / 00:32.710, 471Mb)
Propagating status                                                                                   (00:00.000 / 00:32.711, 471Mb)
Generating Narratives                                                                                (00:00.000 / 00:32.711, 471Mb)
Validating Conformance Resources                                                                     (00:02.788 / 00:35.500, 448Mb)
Check profiles & code systems                                                                        (00:16.951 / 00:52.452, 610Mb)
Check realm rules                                                                                    (00:00.002 / 00:52.454, 611Mb)
Previous Version Comparison                                                                          (00:00.000 / 00:52.455, 611Mb)
Validating Resources                                                                                 (00:05.822 / 00:58.277, 1Gb)
Processing Provenance Records                                                                        (00:03.978 / 01:02.256, 816Mb)
Checking for Bundles to sign                                                                         (00:00.000 / 01:02.257, 816Mb)
Generating Outputs in /tmp/ig-builds/ans.fhir.fr.sdo#4.0.4/output                                    (00:00.000 / 01:02.258, 816Mb)
Generate Native Outputs                                                                              (00:00.076 / 01:02.335, 823Mb)
Run Template                                                                                         (00:01.693 / 01:04.028, 1Gb)
Generate HTML Outputs                                                                                (00:02.283 / 01:06.311, 759Mb)
Generate Spreadsheets                                                                                (00:06.797 / 01:13.109, 947Mb)
Generate Summaries                                                                                   (00:02.691 / 01:15.801, 1015Mb)
Generating Summary Outputs                                                                           (00:00.000 / 01:15.801, 1015Mb)
DB Cumulative Time invested: 00:00:00.125
Sending Usage Stats to Server                                                                        (00:09.595 / 01:25.397, 1Gb)
## Memory (MB): Use = 1400, Free = 537, Total = 1938, Max = 4000                                     (00:00.004 / 01:25.401, 1Gb)
Reclaiming memory...                                                                                 (00:00.000 / 01:25.402, 1Gb)
## Memory (MB): Use = 999, Free = 938, Total = 1938, Max = 4000                                      (00:00.491 / 01:25.894, 1000Mb)
Run jekyll: jekyll build --destination "/tmp/ig-builds/ans.fhir.fr.sdo#4.0.4/output" (in folder /tmp/ig-builds/ans.fhir.fr.sdo#4.0.4/temp/pages) (00:00.003 / 01:25.897, 1001Mb)
Troubleshooting Note: usual cases for Jekyll to fail are:                                            (00:00.001 / 01:25.899, 1001Mb)
* A failure to produce a fragment that is already logged in the output above                         (00:00.000 / 01:25.900, 1001Mb)
* A reference to a manually edited file that hasn't been provided                                    (00:00.002 / 01:25.902, 1001Mb)
Jekyll: Source: /tmp/ig-builds/ans.fhir.fr.sdo#4.0.4/temp/pages                                      (00:00.433 / 01:26.336, 1005Mb)
Jekyll: Generating...                                                                                (00:00.000 / 01:26.337, 1005Mb)
Jekyll: done in 1.649 seconds.                                                                       (00:01.648 / 01:27.985, 1005Mb)
[39m
[0;39m[39mInstalling ans.fhir.fr.sdo#4.0.4
[0;39m[39m done.
[0;39mChecking Output HTML                                                                                 (00:01.234 / 01:29.219, 1Gb)
found 839 files                                                                                      (00:00.003 / 01:29.223, 1Gb)
.........................................
.........................................
  ... 839 html files, 0 pages invalid xhtml (0%)                                                     (00:05.593 / 01:34.817, 1Gb)
  ... 114457 links, 1 broken links (0%)                                                              (00:00.000 / 01:34.818, 1Gb)
Generate fragment-usage-analysis.csv                                                                 (00:00.000 / 01:34.818, 1Gb)
Build final .zip                                                                                     (00:00.008 / 01:34.827, 1Gb)
Final .zip built                                                                                     (00:01.566 / 01:36.394, 1Gb)
Built. Times: loading: 00:02.313, generate: 01:07.781, narrative generation: 00:02.787, realm-rules: 00:00.000, previous-version: 00:05.808, jekyll: 00:02.103, validation: 00:20.927 (#19), template: 00:02.289 (#3) (00:04.071 / 01:40.465, 1Gb)
Generating QA                                                                                        (00:00.000 / 01:40.466, 1Gb)
Validation output in /tmp/ig-builds/ans.fhir.fr.sdo#4.0.4/output/qa.html
Errors: 1, Warnings: 16, Info: 10, Broken Links: 1 (00:00.120 / 01:40.586, 1Gb)
Finished @ 19/06/2025 08:13. Max Memory Used = 1Gb. Log file saved in /tmp/fhir-ig-publisher-tmp.log (00:00.007 / 01:40.594, 1Gb)
Prepare Build space in /tmp/ig-builds/ans.fhir.fr.sdo#4.0.4-milestone
Build IG at /home/runner/work/IG-fhir-medicosocial-suivi-decisions-orientation/IG-fhir-medicosocial-suivi-decisions-orientation/./igSource: final copy suitable for publication (in /tmp/ig-builds/ans.fhir.fr.sdo#4.0.4-milestone) (milestone build)
FHIR IG Publisher Version 2.0.7 (Git# f2fdf4e51a8d). Built 2025-06-14T10:53:27.183Z (4 days old)    
Detected Java version: 17.0.10 from /opt/hostedtoolcache/Java_Microsoft_jdk/17.0.10/x64 on Linux/amd64 (64bit). 4000MB available
dir = /home/runner/work/IG-fhir-medicosocial-suivi-decisions-orientation/IG-fhir-medicosocial-suivi-decisions-orientation, path = /opt/hostedtoolcache/Ruby/3.3.8/x64/bin:/opt/hostedtoolcache/node/20.19.2/x64/bin:/opt/hostedtoolcache/Java_Microsoft_jdk/17.0.10/x64/bin:/snap/bin:/home/runner/.local/bin:/opt/pipx_bin:/home/runner/.cargo/bin:/home/runner/.config/composer/vendor/bin:/usr/local/.ghcup/bin:/home/runner/.dotnet/tools:/usr/local/sbin:/usr/local/bin:/usr/sbin:/usr/bin:/sbin:/bin:/usr/games:/usr/local/games:/snap/bin
Parameters: -ig /tmp/ig-builds/ans.fhir.fr.sdo#4.0.4-milestone -publish https://interop.esante.gouv.fr/ig/fhir/sdo/4.0.4 -milestone -no-exit
Character encoding = UTF-8 / UTF-8                                                                  
Start Clock @ Thursday, June 19, 2025 at 8:13:37 AM Coordinated Universal Time (2025-06-19T08:13:37Z)
                                                                                                    
Build FHIR IG from /tmp/ig-builds/ans.fhir.fr.sdo#4.0.4-milestone                                    (00:00.002 / 00:00.002, 1Gb)
Build Formal Publication package, intended for https://interop.esante.gouv.fr/ig/fhir/sdo/4.0.4      (00:00.000 / 00:00.002, 1Gb)
API keys loaded from /home/runner/.fhir/fhir-settings.json                                           (00:00.000 / 00:00.003, 1Gb)
Package Cache: /home/runner/.fhir/packages                                                           (00:00.000 / 00:00.003, 1Gb)
Run Sushi on /tmp/ig-builds/ans.fhir.fr.sdo#4.0.4-milestone                                          (00:00.000 / 00:00.004, 1Gb)
Sushi: info  Running SUSHI v3.16.0 (implements FHIR Shorthand specification v3.0.0)                  (00:00.404 / 00:00.409, 1Gb)
Sushi: info  Arguments:                                                                              (00:00.000 / 00:00.409, 1Gb)
Sushi: info    --require-latest                                                                      (00:00.000 / 00:00.410, 1Gb)
Sushi: info    --out /tmp/ig-builds/ans.fhir.fr.sdo#4.0.4-milestone                                  (00:00.000 / 00:00.410, 1Gb)
Sushi: info    /tmp/ig-builds/ans.fhir.fr.sdo#4.0.4-milestone                                        (00:00.000 / 00:00.411, 1Gb)
Sushi: info  Using configuration file: /tmp/ig-builds/ans.fhir.fr.sdo#4.0.4-milestone/sushi-config.yaml (00:00.378 / 00:00.790, 1Gb)
Sushi: info  Importing FSH text...                                                                   (00:00.103 / 00:00.893, 1Gb)
Sushi: info  Preprocessed 23 documents with 17 aliases.                                              (00:00.176 / 00:01.070, 1Gb)
Sushi: info  Imported 8 definitions and 16 instances.                                                (00:00.015 / 00:01.085, 1Gb)
Sushi: info  Loaded virtual package sushi-r5forR4#1.0.0 with 7 resources                             (00:00.094 / 00:01.180, 1Gb)
Sushi: info  Resolved hl7.fhir.uv.tools.r4#latest to concrete version 0.5.0                          (00:00.789 / 00:01.969, 1Gb)
Sushi: info  Loaded hl7.fhir.uv.tools.r4#0.5.0 with 88 resources                                     (00:00.041 / 00:02.011, 1Gb)
Sushi: info  Resolved hl7.terminology.r4#latest to concrete version 6.4.0                            (00:00.185 / 00:02.196, 1Gb)
Sushi: info  Loaded hl7.terminology.r4#6.4.0 with 4381 resources                                     (00:00.942 / 00:03.138, 1Gb)
Sushi: info  Resolved hl7.fhir.uv.extensions.r4#latest to concrete version 5.2.0                     (00:00.176 / 00:03.315, 1Gb)
Sushi: info  Loaded hl7.fhir.uv.extensions.r4#5.2.0 with 759 resources                               (00:00.214 / 00:03.529, 1Gb)
Sushi: info  Resolved ans.fr.nos#latest to concrete version 1.5.0                                    (00:00.172 / 00:03.701, 1Gb)
Sushi: info  Loaded ans.fr.nos#1.5.0 with 503 resources                                              (00:00.175 / 00:03.877, 1Gb)
Sushi: info  Loaded hl7.fhir.r4.core#4.0.1 with 4581 resources                                       (00:00.805 / 00:04.682, 1Gb)
Sushi: info  Loaded virtual package sushi-local#LOCAL with 0 resources                               (00:00.008 / 00:04.691, 1Gb)
Sushi: info  Converting FSH to FHIR resources...                                                     (00:00.020 / 00:04.711, 1Gb)
Sushi: info  Converted 6 FHIR StructureDefinitions.                                                  (00:01.002 / 00:05.714, 1Gb)
Sushi: info  Converted 1 FHIR CodeSystems.                                                           (00:00.024 / 00:05.739, 1Gb)
Sushi: info  Converted 1 FHIR ValueSets.                                                             (00:00.020 / 00:05.759, 1Gb)
Sushi: info  Converted 16 FHIR instances.                                                            (00:01.234 / 00:06.994, 1Gb)
Sushi: info  Exporting FHIR resources as JSON...                                                     (00:00.000 / 00:06.994, 1Gb)
Sushi: info  Exported 18 FHIR resources as JSON.                                                     (00:00.028 / 00:07.023, 1Gb)
Sushi: info  Assembling Implementation Guide sources...                                              (00:00.001 / 00:07.024, 1Gb)
Sushi: info  Generated ImplementationGuide-ans.fhir.fr.sdo.json                                      (00:00.025 / 00:07.050, 1Gb)
Sushi: info  Assembled Implementation Guide sources; ready for IG Publisher.                         (00:00.000 / 00:07.050, 1Gb)
Sushi: ========================= SUSHI RESULTS ===========================                           (00:00.001 / 00:07.052, 1Gb)
Sushi: |  -------------------------------------------------------------  |                           (00:00.000 / 00:07.052, 1Gb)
Sushi: | |    Profiles   |  Extensions  |   Logicals   |   Resources   | |                           (00:00.000 / 00:07.052, 1Gb)
Sushi: | |-------------------------------------------------------------| |                           (00:00.000 / 00:07.053, 1Gb)
Sushi: | |       6       |      0       |      0       |       0       | |                           (00:00.000 / 00:07.053, 1Gb)
Sushi: |  -------------------------------------------------------------  |                           (00:00.000 / 00:07.054, 1Gb)
Sushi: |  -------------------------------------------------------------  |                           (00:00.000 / 00:07.054, 1Gb)
Sushi: | |      ValueSets     |    CodeSystems    |     Instances      | |                           (00:00.000 / 00:07.054, 1Gb)
Sushi: | |-------------------------------------------------------------| |                           (00:00.000 / 00:07.055, 1Gb)
Sushi: | |         1          |         1         |         16         | |                           (00:00.000 / 00:07.055, 1Gb)
Sushi: |  -------------------------------------------------------------  |                           (00:00.000 / 00:07.056, 1Gb)
Sushi: |                                                                 |                           (00:00.000 / 00:07.056, 1Gb)
Sushi: ===================================================================                           (00:00.000 / 00:07.056, 1Gb)
Sushi: | Just like a perfect pearl.             0 Errors      0 Warnings |                           (00:00.000 / 00:07.057, 1Gb)
Sushi: ===================================================================                           (00:00.000 / 00:07.057, 1Gb)
Unable to load IG as an r5 IG - try R4 (property code is a class com.google.gson.JsonPrimitive looking for an object) (00:00.016 / 00:07.073, 1Gb)
Load Template from https://github.com/ansforge/IG-template                                           (00:00.015 / 00:07.089, 1Gb)
 Load Template from fhir.base.template#current                                                       (00:00.464 / 00:07.554, 1Gb)
Root directory: /tmp/ig-builds/ans.fhir.fr.sdo#4.0.4-milestone                                       (00:01.942 / 00:09.496, 1Gb)
Terminology Cache is at /tmp/ig-builds/ans.fhir.fr.sdo#4.0.4-milestone/input-cache/txcache. 12 files in cache (00:00.404 / 00:09.901, 1Gb)
Core Package hl7.fhir.r4.core#4.0.1
Running Terminology Log: /tmp/ohfu-fhir-ig-13514219774778532990.html
Connect to Terminology Server at http://tx.fhir.org                                                  (00:01.558 / 00:11.459, 1Gb)
[39mLoad Package hl7.fhir.pubpack#0.2.3
[0;39m[39mLoad Package hl7.fhir.xver-extensions#0.1.0
[0;39m[39mLoad Package hl7.terminology.r4#6.4.0
[0;39m[39mLoad Package hl7.fhir.uv.extensions.r4#5.2.0
[0;39m[39mLoad Package hl7.terminology.r4#6.2.0
[0;39m[39mLoad Package hl7.fhir.uv.extensions.r4#5.1.0
[0;39m[39mLoad Package ans.fr.nos#1.5.0
[0;39m[39mLoad Package hl7.fhir.uv.tools.r4#0.5.0
[0;39mLoad R5 Specials
Initialization complete                                                                              (00:05.268 / 00:16.728, 1Gb)
Load IG                                                                                              (00:00.000 / 00:16.728, 1Gb)
Load Content                                                                                         (00:00.000 / 00:16.729, 1Gb)
Using fr_FR as the default narrative language. (inferred from ImplementationGuide.jurisdiction=FR)   (00:00.007 / 00:16.737, 1Gb)
Process Loaded Resources                                                                             (00:00.231 / 00:16.968, 1Gb)
Generating Snapshots                                                                                 (00:00.078 / 00:17.047, 1Gb)
loadPrePages from FetchedFile[/tmp/ig-builds/ans.fhir.fr.sdo#4.0.4-milestone/fsh-generated/includes] as /tmp/ig-builds/ans.fhir.fr.sdo#4.0.4-milestone/fsh-generated/includes
loadPrePages from FetchedFile[/tmp/ig-builds/ans.fhir.fr.sdo#4.0.4-milestone/input/data] as /tmp/ig-builds/ans.fhir.fr.sdo#4.0.4-milestone/input/data
loadPrePages from FetchedFile[/tmp/ig-builds/ans.fhir.fr.sdo#4.0.4-milestone/input/pagecontent] as /tmp/ig-builds/ans.fhir.fr.sdo#4.0.4-milestone/input/pagecontent
Fetch https://interop.esante.gouv.fr/ig/fhir/sdo/package-list.json for version check                 (00:00.252 / 00:17.300, 1Gb)
Processing Conformance Resources                                                                     (00:04.302 / 00:21.602, 1Gb)
Checking Language                                                                                    (00:00.000 / 00:21.603, 1Gb)
Load Dependency Info                                                                                 (00:00.000 / 00:21.603, 1Gb)
Load Info                                                                                            (00:00.000 / 00:21.604, 1Gb)
Load Paths                                                                                           (00:00.000 / 00:21.604, 1Gb)
Check R4 / R4B                                                                                       (00:00.000 / 00:21.605, 1Gb)
Assign Comparison Ids                                                                                (00:00.003 / 00:21.609, 1Gb)
Propagating status                                                                                   (00:00.000 / 00:21.609, 1Gb)
Generating Narratives                                                                                (00:00.000 / 00:21.609, 1Gb)
Validating Conformance Resources                                                                     (00:00.482 / 00:22.092, 1Gb)
Check profiles & code systems                                                                        (00:12.141 / 00:34.234, 1Gb)
Check realm rules                                                                                    (00:00.001 / 00:34.235, 1Gb)
Previous Version Comparison                                                                          (00:00.000 / 00:34.236, 1Gb)
Validating Resources                                                                                 (00:04.604 / 00:38.840, 1Gb)
Processing Provenance Records                                                                        (00:00.098 / 00:38.938, 1Gb)
Checking for Bundles to sign                                                                         (00:00.000 / 00:38.939, 1Gb)
Generating Outputs in /tmp/ig-builds/ans.fhir.fr.sdo#4.0.4-milestone/output                          (00:00.000 / 00:38.939, 1Gb)
Generate Native Outputs                                                                              (00:00.065 / 00:39.005, 1Gb)
Run Template                                                                                         (00:01.546 / 00:40.551, 1Gb)
Generate HTML Outputs                                                                                (00:01.933 / 00:42.485, 1Gb)
Generate Spreadsheets                                                                                (00:03.891 / 00:46.376, 2Gb)
Generate Summaries                                                                                   (00:01.312 / 00:47.689, 2Gb)
Generating Summary Outputs                                                                           (00:00.000 / 00:47.690, 2Gb)
DB Cumulative Time invested: 00:00:00.135
Sending Usage Stats to Server                                                                        (00:05.482 / 00:53.172, 2Gb)
## Memory (MB): Use = 2397, Free = 452, Total = 2850, Max = 4000                                     (00:00.000 / 00:53.173, 2Gb)
Reclaiming memory...                                                                                 (00:00.000 / 00:53.174, 2Gb)
## Memory (MB): Use = 1969, Free = 1320, Total = 3290, Max = 4000                                    (00:00.910 / 00:54.085, 1Gb)
Run jekyll: jekyll build --destination "/tmp/ig-builds/ans.fhir.fr.sdo#4.0.4-milestone/output" (in folder /tmp/ig-builds/ans.fhir.fr.sdo#4.0.4-milestone/temp/pages) (00:00.000 / 00:54.085, 1Gb)
Troubleshooting Note: usual cases for Jekyll to fail are:                                            (00:00.000 / 00:54.086, 1Gb)
* A failure to produce a fragment that is already logged in the output above                         (00:00.000 / 00:54.086, 1Gb)
* A reference to a manually edited file that hasn't been provided                                    (00:00.000 / 00:54.087, 1Gb)
Jekyll: Source: /tmp/ig-builds/ans.fhir.fr.sdo#4.0.4-milestone/temp/pages                            (00:00.332 / 00:54.419, 1Gb)
Jekyll: Generating...                                                                                (00:00.000 / 00:54.420, 1Gb)
Jekyll: done in 1.584 seconds.                                                                       (00:01.583 / 00:56.003, 1Gb)
[39m
[0;39m[39mInstalling ans.fhir.fr.sdo#4.0.4
[0;39mChecking Output HTML                                                                                 (00:00.779 / 00:56.783, 2Gb)
found 839 files                                                                                      (00:00.003 / 00:56.787, 2Gb)
.........................................
.........................................
  ... 839 html files, 0 pages invalid xhtml (0%)                                                     (00:04.635 / 01:01.422, 2Gb)
  ... 114457 links, 1 broken links (0%)                                                              (00:00.000 / 01:01.422, 2Gb)
Generate fragment-usage-analysis.csv                                                                 (00:00.000 / 01:01.423, 2Gb)
Build final .zip                                                                                     (00:00.006 / 01:01.429, 2Gb)
Final .zip built                                                                                     (00:01.550 / 01:02.980, 2Gb)
Built. Times: loading: 00:04.873, generate: 00:44.962, narrative generation: 00:00.482, realm-rules: 00:00.000, previous-version: 00:04.596, jekyll: 00:01.931, validation: 00:12.237 (#19), template: 00:01.938 (#3) (00:03.585 / 01:06.565, 2Gb)
Generating QA                                                                                        (00:00.001 / 01:06.566, 2Gb)
Validation output in /tmp/ig-builds/ans.fhir.fr.sdo#4.0.4-milestone/output/qa.html
Errors: 1, Warnings: 16, Info: 10, Broken Links: 1 (00:00.058 / 01:06.625, 2Gb)
Finished @ 19/06/2025 08:14. Max Memory Used = 2Gb. Log file saved in /tmp/fhir-ig-publisher-tmp.log (00:00.007 / 01:06.633, 2Gb)
Keep a copy of the build directory at /tmp/web-root/run-20250619/ig-build-zips/ans.fhir.fr.sdo#4.0.4.zip

ok. All checks passed. Publish v4.0.4 to /tmp/web-root/run-20250619/sdo/4.0.4
Copy the IG to /tmp/web-root/run-20250619/sdo/4.0.4
Update /tmp/web-root/run-20250619/sdo/package-list.json
Publish Box Statement: This page is part of the Médicosocial - Suivi Décisions Orientation (v4.0.4: Release) based on <a data-no-external="true" href="http://hl7.org/fhir/R4">FHIR (HL7® FHIR® Standard) R4</a>. This is the current published version in its permanent home (it will always be available at this URL).  For a full list of available versions, see the <a data-no-external="true" href="https://interop.esante.gouv.fr/ig/fhir/sdo/history.html">Directory of published versions</a>
  .. 140 files checked, 140 updated
  .. 63 clones checked, 122 updated
  .. 19 redirections (19 created/updated)
This is a milestone release - publish v4.0.4 to /tmp/web-root/run-20250619/sdo
Update publish box for version 4.0.3 @ https://interop.esante.gouv.fr/ig/fhir/sdo/4.0.3
Publish Box Statement: This page is part of the Médicosocial - Suivi Décisions Orientation (v4.0.3: Release) based on <a data-no-external="true" href="http://hl7.org/fhir/R4">FHIR (HL7® FHIR® Standard) R4</a>. The current version which supersedes this version is <a data-no-external="true" href="https://interop.esante.gouv.fr/ig/fhir/sdo{{fn}}">4.0.4</a>.  For a full list of available versions, see the <a data-no-external="true" href="https://interop.esante.gouv.fr/ig/fhir/sdo/history.html">Directory of published versions</a>
  .. 141 files checked, 141 updated
  .. 63 clones checked, 0 updated
Update publish box for version 4.0.3-ballot @ https://interop.esante.gouv.fr/ig/fhir/sdo/4.0.3-ballot
Publish Box Statement: This page is part of the Médicosocial - Suivi Décisions Orientation (v4.0.3-ballot: Release) based on <a data-no-external="true" href="http://hl7.org/fhir/R4">FHIR (HL7® FHIR® Standard) R4</a>. The current version which supersedes this version is <a data-no-external="true" href="https://interop.esante.gouv.fr/ig/fhir/sdo{{fn}}">4.0.4</a>.  For a full list of available versions, see the <a data-no-external="true" href="https://interop.esante.gouv.fr/ig/fhir/sdo/history.html">Directory of published versions</a>
  .. 141 files checked, 141 updated
  .. 63 clones checked, 0 updated
Update publish box for version 4.0.2 @ https://interop.esante.gouv.fr/ig/fhir/sdo/4.0.2
Publish Box Statement: This page is part of the Médicosocial - Suivi Décisions Orientation (v4.0.2: Release) based on <a data-no-external="true" href="http://hl7.org/fhir/R4">FHIR (HL7® FHIR® Standard) R4</a>. The current version which supersedes this version is <a data-no-external="true" href="https://interop.esante.gouv.fr/ig/fhir/sdo{{fn}}">4.0.4</a>.  For a full list of available versions, see the <a data-no-external="true" href="https://interop.esante.gouv.fr/ig/fhir/sdo/history.html">Directory of published versions</a>
  .. 141 files checked, 141 updated
  .. 63 clones checked, 0 updated
Update publish box for version 4.0.2-ballot-3 @ https://interop.esante.gouv.fr/ig/fhir/sdo/4.0.2-ballot-3
Publish Box Statement: This page is part of the Médicosocial - Suivi Décisions Orientation (v4.0.2-ballot-3: Release) based on <a data-no-external="true" href="http://hl7.org/fhir/R4">FHIR (HL7® FHIR® Standard) R4</a>. The current version which supersedes this version is <a data-no-external="true" href="https://interop.esante.gouv.fr/ig/fhir/sdo{{fn}}">4.0.4</a>.  For a full list of available versions, see the <a data-no-external="true" href="https://interop.esante.gouv.fr/ig/fhir/sdo/history.html">Directory of published versions</a>
  .. 130 files checked, 130 updated
  .. 61 clones checked, 0 updated
Update publish box for version 4.0.2-ballot-2 @ https://interop.esante.gouv.fr/ig/fhir/sdo/4.0.2-ballot-2
Publish Box Statement: This page is part of the Médicosocial - Suivi Décisions Orientation (v4.0.2-ballot-2: Release) based on <a data-no-external="true" href="http://hl7.org/fhir/R4">FHIR (HL7® FHIR® Standard) R4</a>. The current version which supersedes this version is <a data-no-external="true" href="https://interop.esante.gouv.fr/ig/fhir/sdo{{fn}}">4.0.4</a>.  For a full list of available versions, see the <a data-no-external="true" href="https://interop.esante.gouv.fr/ig/fhir/sdo/history.html">Directory of published versions</a>
  .. 99 files checked, 99 updated
  .. 47 clones checked, 0 updated
Update publish box for version 4.0.2-ballot @ https://interop.esante.gouv.fr/ig/fhir/sdo/4.0.2-ballot
Publish Box Statement: This page is part of the Médicosocial - Suivi Décisions Orientation (v4.0.2-ballot: Release) based on <a data-no-external="true" href="http://hl7.org/fhir/R4">FHIR (HL7® FHIR® Standard) R4</a>. The current version which supersedes this version is <a data-no-external="true" href="https://interop.esante.gouv.fr/ig/fhir/sdo{{fn}}">4.0.4</a>.  For a full list of available versions, see the <a data-no-external="true" href="https://interop.esante.gouv.fr/ig/fhir/sdo/history.html">Directory of published versions</a>
  .. 126 files checked, 126 updated
  .. 57 clones checked, 0 updated
Update publish box for version 4.0.1 @ https://interop.esante.gouv.fr/ig/fhir/sdo/4.0.1
Publish Box Statement: This page is part of the Médicosocial - Suivi Décisions Orientation (v4.0.1: Release) based on <a data-no-external="true" href="http://hl7.org/fhir/R4">FHIR (HL7® FHIR® Standard) R4</a>. The current version which supersedes this version is <a data-no-external="true" href="https://interop.esante.gouv.fr/ig/fhir/sdo{{fn}}">4.0.4</a>.  For a full list of available versions, see the <a data-no-external="true" href="https://interop.esante.gouv.fr/ig/fhir/sdo/history.html">Directory of published versions</a>
  .. 126 files checked, 126 updated
  .. 41 clones checked, 0 updated
Publish Box Statement: This page is part of the Médicosocial - Suivi Décisions Orientation (v4.0.4: Release) based on <a data-no-external="true" href="http://hl7.org/fhir/R4">FHIR (HL7® FHIR® Standard) R4</a>. This is the current published version.  For a full list of available versions, see the <a data-no-external="true" href="https://interop.esante.gouv.fr/ig/fhir/sdo/history.html">Directory of published versions</a>
  .. 140 files checked, 140 updated
  .. 63 clones checked, 122 updated
  .. 19 redirections (19 created/updated)
Check for Files to delete
  ... 0 files
Copy to new IG /tmp/web-root/run-20250619/sdo
ans.fhir.fr.sdo (https://interop.esante.gouv.fr/ig/fhir/sdo): Médicosocial - Suivi Décisions Orientation @ https://ansforge.github.io/IG-fhir-medicosocial-suivi-decisions-orientation/ig/main
  release: trial-use 4.0.4/4.0.1 @ https://interop.esante.gouv.fr/ig/fhir/sdo/4.0.4
Build is complete. Copy from /tmp/web-root/run-20250619
Update history page at /tmp/web-root/run-20250619/sdo from /home/runner/work/IG-fhir-medicosocial-suivi-decisions-orientation/IG-fhir-medicosocial-suivi-decisions-orientation/./IG-website-release/fhir-ig-history-template and ./IG-website-release/templates
