FHIR IG Publisher Version 1.6.15 (Git# 125e6bbf891b). Built 2024-07-05T13:14:00.236Z (5 days old)
Detected Java version: 17.0.10 from /opt/hostedtoolcache/Java_Microsoft_jdk/17.0.10/x64 on amd64 (64bit). 3996MB available
dir = /home/runner/work/IG-fhir-annuaire/IG-fhir-annuaire, path = /opt/hostedtoolcache/Ruby/3.3.4/x64/bin:/usr/share/dotnet:/opt/hostedtoolcache/node/20.15.0/x64/bin:/opt/hostedtoolcache/Java_Microsoft_jdk/17.0.10/x64/bin:/snap/bin:/home/runner/.local/bin:/opt/pipx_bin:/home/runner/.cargo/bin:/home/runner/.config/composer/vendor/bin:/usr/local/.ghcup/bin:/home/runner/.dotnet/tools:/usr/local/sbin:/usr/local/bin:/usr/sbin:/usr/bin:/sbin:/bin:/usr/games:/usr/local/games:/snap/bin
Parameters: -go-publish -source ./igSource -web ./IG-website-release/www/ig/fhir -registry ./IG-website-release/ig-registry/fhir-ig-list.json -history ./IG-website-release/fhir-ig-history-template -templates ./IG-website-release/templates
---------------
Publication Run: publish ./igSource to ./IG-website-release/www/ig/fhir
Run Number: 44
Relative directory for IG is '/annuaire'
===== Web Publication Run Details ===============================
 Source IG: ans.fhir.fr.annuaire#1.1.0-snapshot : https://interop.esante.gouv.fr/ig/fhir/annuaire (R4) from ./igSource
All checks passed. Do the publication build from /home/runner/work/IG-fhir-annuaire/IG-fhir-annuaire/./igSource and publish to /tmp/web-root/run-20240710/annuaire
Prepare Build space in /tmp/ans.fhir.fr.annuaire#1.1.0-snapshot
Build IG at /home/runner/work/IG-fhir-annuaire/IG-fhir-annuaire/./igSource: final copy suitable for publication (in /tmp/ans.fhir.fr.annuaire#1.1.0-snapshot)
FHIR IG Publisher Version 1.6.15 (Git# 125e6bbf891b). Built 2024-07-05T13:14:00.236Z (5 days old)   
Detected Java version: 17.0.10 from /opt/hostedtoolcache/Java_Microsoft_jdk/17.0.10/x64 on Linux/amd64 (64bit). 3996MB available
dir = /home/runner/work/IG-fhir-annuaire/IG-fhir-annuaire, path = /opt/hostedtoolcache/Ruby/3.3.4/x64/bin:/usr/share/dotnet:/opt/hostedtoolcache/node/20.15.0/x64/bin:/opt/hostedtoolcache/Java_Microsoft_jdk/17.0.10/x64/bin:/snap/bin:/home/runner/.local/bin:/opt/pipx_bin:/home/runner/.cargo/bin:/home/runner/.config/composer/vendor/bin:/usr/local/.ghcup/bin:/home/runner/.dotnet/tools:/usr/local/sbin:/usr/local/bin:/usr/sbin:/usr/bin:/sbin:/bin:/usr/games:/usr/local/games:/snap/bin
Parameters: -ig /tmp/ans.fhir.fr.annuaire#1.1.0-snapshot -resetTx -publish https://interop.esante.gouv.fr/ig/fhir/annuaire/1.1.0-snapshot -no-exit
Start Clock @ Wednesday, July 10, 2024 at 1:16:56 PM Coordinated Universal Time (2024-07-10T13:16:56Z)
                                                                                                    
Build FHIR IG from /tmp/ans.fhir.fr.annuaire#1.1.0-snapshot                                          (00:00.020 / 00:00.021, 139Mb)
Build Formal Publication package, intended for https://interop.esante.gouv.fr/ig/fhir/annuaire/1.1.0-snapshot (00:00.003 / 00:00.024, 140Mb)
API keys loaded from /home/runner/.fhir/fhir-settings.json                                           (00:00.001 / 00:00.025, 140Mb)
Package Cache: /home/runner/.fhir/packages                                                           (00:00.003 / 00:00.028, 140Mb)
Run Sushi on /tmp/ans.fhir.fr.annuaire#1.1.0-snapshot                                                (00:00.002 / 00:00.030, 140Mb)
Sushi: info  Running SUSHI v3.11.0 (implements FHIR Shorthand specification v3.0.0-ballot)           (00:00.703 / 00:00.734, 142Mb)
Sushi: info  Arguments:                                                                              (00:00.001 / 00:00.735, 142Mb)
Sushi: info    --require-latest                                                                      (00:00.001 / 00:00.737, 142Mb)
Sushi: info    --out /tmp/ans.fhir.fr.annuaire#1.1.0-snapshot                                        (00:00.002 / 00:00.739, 142Mb)
Sushi: info    /tmp/ans.fhir.fr.annuaire#1.1.0-snapshot                                              (00:00.001 / 00:00.741, 142Mb)
Sushi: info  Using configuration file: /tmp/ans.fhir.fr.annuaire#1.1.0-snapshot/sushi-config.yaml    (00:00.380 / 00:01.121, 142Mb)
Sushi: info  Importing FSH text...                                                                   (00:00.114 / 00:01.236, 142Mb)
Sushi: info  Preprocessed 80 documents with 57 aliases.                                              (00:00.396 / 00:01.633, 142Mb)
Sushi: info  Imported 57 definitions and 30 instances.                                               (00:00.043 / 00:01.676, 142Mb)
Sushi: info  Checking /home/runner/.fhir/packages for hl7.fhir.uv.tools#current...                   (00:00.001 / 00:01.678, 142Mb)
Sushi: info  Found hl7.fhir.uv.tools#current in /home/runner/.fhir/packages.                         (00:00.085 / 00:01.764, 142Mb)
Sushi: info  Loaded package hl7.fhir.uv.tools#current                                                (00:00.189 / 00:01.954, 142Mb)
Sushi: info  Checking /home/runner/.fhir/packages for hl7.terminology.r4#5.5.0...                    (00:00.459 / 00:02.413, 142Mb)
Sushi: info  Found hl7.terminology.r4#5.5.0 in /home/runner/.fhir/packages.                          (00:00.625 / 00:03.038, 142Mb)
Sushi: info  Loaded package hl7.terminology.r4#5.5.0                                                 (00:00.001 / 00:03.039, 142Mb)
Sushi: info  Checking /home/runner/.fhir/packages for hl7.fhir.uv.extensions.r4#5.1.0...             (00:00.097 / 00:03.137, 142Mb)
Sushi: info  Found hl7.fhir.uv.extensions.r4#5.1.0 in /home/runner/.fhir/packages.                   (00:00.531 / 00:03.668, 142Mb)
Sushi: info  Loaded package hl7.fhir.uv.extensions.r4#5.1.0                                          (00:00.001 / 00:03.669, 142Mb)
Sushi: info  Checking /home/runner/.fhir/packages for hl7.fhir.fr.core#2.0.1...                      (00:00.001 / 00:03.670, 142Mb)
Sushi: info  Found hl7.fhir.fr.core#2.0.1 in /home/runner/.fhir/packages.                            (00:00.465 / 00:04.136, 142Mb)
Sushi: info  Loaded package hl7.fhir.fr.core#2.0.1                                                   (00:00.001 / 00:04.137, 142Mb)
Sushi: info  Loading supplemental version of FHIR to support extensions from hl7.fhir.extensions.r5  (00:00.001 / 00:04.138, 142Mb)
Sushi: info  Checking /home/runner/.fhir/packages for hl7.fhir.r5.core#5.0.0...                      (00:00.000 / 00:04.139, 142Mb)
Sushi: info  Found hl7.fhir.r5.core#5.0.0 in /home/runner/.fhir/packages.                            (00:04.377 / 00:08.517, 142Mb)
Sushi: info  Loaded package hl7.fhir.r5.core#5.0.0                                                   (00:00.001 / 00:08.518, 142Mb)
Sushi: info  Checking /home/runner/.fhir/packages for ans.fr.nos#1.2.0...                            (00:00.095 / 00:08.613, 142Mb)
Sushi: info  Found ans.fr.nos#1.2.0 in /home/runner/.fhir/packages.                                  (00:00.658 / 00:09.272, 142Mb)
Sushi: info  Loaded package ans.fr.nos#1.2.0                                                         (00:00.001 / 00:09.274, 142Mb)
Sushi: info  Checking /home/runner/.fhir/packages for hl7.fhir.r4.core#4.0.1...                      (00:00.000 / 00:09.275, 142Mb)
Sushi: info  Found hl7.fhir.r4.core#4.0.1 in /home/runner/.fhir/packages.                            (00:01.339 / 00:10.615, 142Mb)
Sushi: info  Loaded package hl7.fhir.r4.core#4.0.1                                                   (00:00.001 / 00:10.616, 142Mb)
Sushi: info  Converting FSH to FHIR resources...                                                     (00:00.042 / 00:10.659, 142Mb)
Sushi: info  Converted 48 FHIR StructureDefinitions.                                                 (00:04.651 / 00:15.310, 142Mb)
Sushi: info  Converted 3 FHIR CodeSystems.                                                           (00:00.033 / 00:15.343, 142Mb)
Sushi: info  Converted 6 FHIR ValueSets.                                                             (00:00.168 / 00:15.512, 142Mb)
Sushi: warn  Sliced element Practitioner.telecom is being accessed via numeric index. Use slice names in rule paths when possible. (00:00.546 / 00:16.059, 142Mb)
Sushi:   File: /tmp/ans.fhir.fr.annuaire#1.1.0-snapshot/input/fsh/examples/DP/PP16DP-Practitioner.fsh (00:00.001 / 00:16.061, 142Mb)
Sushi:   Line: 53                                                                                    (00:00.001 / 00:16.062, 142Mb)
Sushi: warn  Sliced element Practitioner.telecom is being accessed via numeric index. Use slice names in rule paths when possible. (00:00.001 / 00:16.063, 142Mb)
Sushi:   File: /tmp/ans.fhir.fr.annuaire#1.1.0-snapshot/input/fsh/examples/DP/PP16DP-Practitioner.fsh (00:00.001 / 00:16.065, 142Mb)
Sushi:   Line: 54                                                                                    (00:00.001 / 00:16.066, 142Mb)
Sushi: warn  Sliced element Practitioner.telecom is being accessed via numeric index. Use slice names in rule paths when possible. (00:00.001 / 00:16.067, 142Mb)
Sushi:   File: /tmp/ans.fhir.fr.annuaire#1.1.0-snapshot/input/fsh/examples/DP/PP16DP-Practitioner.fsh (00:00.001 / 00:16.068, 142Mb)
Sushi:   Line: 55                                                                                    (00:00.001 / 00:16.069, 142Mb)
Sushi: warn  Sliced element Practitioner.telecom is being accessed via numeric index. Use slice names in rule paths when possible. (00:00.001 / 00:16.070, 142Mb)
Sushi:   File: /tmp/ans.fhir.fr.annuaire#1.1.0-snapshot/input/fsh/examples/DP/PP16DP-Practitioner.fsh (00:00.002 / 00:16.072, 142Mb)
Sushi:   Line: 56                                                                                    (00:00.000 / 00:16.073, 142Mb)
Sushi: warn  Sliced element Practitioner.telecom is being accessed via numeric index. Use slice names in rule paths when possible. (00:00.000 / 00:16.074, 142Mb)
Sushi:   File: /tmp/ans.fhir.fr.annuaire#1.1.0-snapshot/input/fsh/examples/DP/PP16DP-Practitioner.fsh (00:00.001 / 00:16.075, 142Mb)
Sushi:   Line: 57                                                                                    (00:00.001 / 00:16.076, 142Mb)
Sushi: warn  Sliced element Practitioner.telecom is being accessed via numeric index. Use slice names in rule paths when possible. (00:00.001 / 00:16.077, 142Mb)
Sushi:   File: /tmp/ans.fhir.fr.annuaire#1.1.0-snapshot/input/fsh/examples/DP/PP16DP-Practitioner.fsh (00:00.002 / 00:16.080, 142Mb)
Sushi:   Line: 58                                                                                    (00:00.001 / 00:16.081, 142Mb)
Sushi: warn  Sliced element Practitioner.telecom is being accessed via numeric index. Use slice names in rule paths when possible. (00:00.001 / 00:16.083, 142Mb)
Sushi:   File: /tmp/ans.fhir.fr.annuaire#1.1.0-snapshot/input/fsh/examples/DP/PP16DP-Practitioner.fsh (00:00.001 / 00:16.084, 142Mb)
Sushi:   Line: 59                                                                                    (00:00.001 / 00:16.085, 142Mb)
Sushi: warn  Sliced element Practitioner.telecom is being accessed via numeric index. Use slice names in rule paths when possible. (00:00.637 / 00:16.723, 142Mb)
Sushi:   File: /tmp/ans.fhir.fr.annuaire#1.1.0-snapshot/input/fsh/examples/DP/PP19DP-Practitioner.fsh (00:00.001 / 00:16.724, 142Mb)
Sushi:   Line: 48                                                                                    (00:00.001 / 00:16.725, 142Mb)
Sushi: warn  Sliced element Practitioner.telecom is being accessed via numeric index. Use slice names in rule paths when possible. (00:00.001 / 00:16.726, 142Mb)
Sushi:   File: /tmp/ans.fhir.fr.annuaire#1.1.0-snapshot/input/fsh/examples/DP/PP19DP-Practitioner.fsh (00:00.001 / 00:16.727, 142Mb)
Sushi:   Line: 49                                                                                    (00:00.000 / 00:16.728, 142Mb)
Sushi: warn  Sliced element Practitioner.telecom is being accessed via numeric index. Use slice names in rule paths when possible. (00:00.000 / 00:16.729, 142Mb)
Sushi:   File: /tmp/ans.fhir.fr.annuaire#1.1.0-snapshot/input/fsh/examples/DP/PP19DP-Practitioner.fsh (00:00.001 / 00:16.730, 142Mb)
Sushi:   Line: 50                                                                                    (00:00.001 / 00:16.731, 142Mb)
Sushi: warn  Sliced element Practitioner.telecom is being accessed via numeric index. Use slice names in rule paths when possible. (00:00.000 / 00:16.732, 142Mb)
Sushi:   File: /tmp/ans.fhir.fr.annuaire#1.1.0-snapshot/input/fsh/examples/DP/PP19DP-Practitioner.fsh (00:00.001 / 00:16.733, 142Mb)
Sushi:   Line: 51                                                                                    (00:00.000 / 00:16.734, 142Mb)
Sushi: warn  Sliced element Practitioner.telecom is being accessed via numeric index. Use slice names in rule paths when possible. (00:00.001 / 00:16.735, 142Mb)
Sushi:   File: /tmp/ans.fhir.fr.annuaire#1.1.0-snapshot/input/fsh/examples/DP/PP19DP-Practitioner.fsh (00:00.001 / 00:16.736, 142Mb)
Sushi:   Line: 52                                                                                    (00:00.000 / 00:16.737, 142Mb)
Sushi: warn  Sliced element Practitioner.telecom is being accessed via numeric index. Use slice names in rule paths when possible. (00:00.000 / 00:16.738, 142Mb)
Sushi:   File: /tmp/ans.fhir.fr.annuaire#1.1.0-snapshot/input/fsh/examples/DP/PP19DP-Practitioner.fsh (00:00.001 / 00:16.739, 142Mb)
Sushi:   Line: 53                                                                                    (00:00.001 / 00:16.740, 142Mb)
Sushi: warn  Sliced element Practitioner.telecom is being accessed via numeric index. Use slice names in rule paths when possible. (00:00.000 / 00:16.741, 142Mb)
Sushi:   File: /tmp/ans.fhir.fr.annuaire#1.1.0-snapshot/input/fsh/examples/DP/PP19DP-Practitioner.fsh (00:00.001 / 00:16.742, 142Mb)
Sushi:   Line: 54                                                                                    (00:00.000 / 00:16.743, 142Mb)
Sushi: info  Converted 30 FHIR instances.                                                            (00:02.387 / 00:19.130, 144Mb)
Sushi: info  Exporting FHIR resources as JSON...                                                     (00:00.070 / 00:19.201, 144Mb)
Sushi: info  Exported 87 FHIR resources as JSON.                                                     (00:00.239 / 00:19.441, 144Mb)
Sushi: info  Assembling Implementation Guide sources...                                              (00:00.003 / 00:19.444, 144Mb)
Sushi: info  Generated ImplementationGuide-ans.fhir.fr.annuaire.json                                 (00:00.026 / 00:19.470, 144Mb)
Sushi: info  Assembled Implementation Guide sources; ready for IG Publisher.                         (00:00.001 / 00:19.471, 144Mb)
Sushi: ========================= SUSHI RESULTS ===========================                           (00:00.001 / 00:19.472, 144Mb)
Sushi: |  -------------------------------------------------------------  |                           (00:00.001 / 00:19.473, 144Mb)
Sushi: | |    Profiles   |  Extensions  |   Logicals   |   Resources   | |                           (00:00.000 / 00:19.474, 144Mb)
Sushi: | |-------------------------------------------------------------| |                           (00:00.000 / 00:19.475, 144Mb)
Sushi: | |      24       |      24      |      0       |       0       | |                           (00:00.000 / 00:19.476, 144Mb)
Sushi: |  -------------------------------------------------------------  |                           (00:00.001 / 00:19.477, 144Mb)
Sushi: |  -------------------------------------------------------------  |                           (00:00.000 / 00:19.478, 144Mb)
Sushi: | |      ValueSets     |    CodeSystems    |     Instances      | |                           (00:00.001 / 00:19.479, 144Mb)
Sushi: | |-------------------------------------------------------------| |                           (00:00.001 / 00:19.480, 144Mb)
Sushi: | |         6          |         3         |         30         | |                           (00:00.000 / 00:19.481, 144Mb)
Sushi: |  -------------------------------------------------------------  |                           (00:00.000 / 00:19.482, 144Mb)
Sushi: |                                                                 |                           (00:00.000 / 00:19.483, 144Mb)
Sushi: ===================================================================                           (00:00.000 / 00:19.484, 144Mb)
Sushi: | Don't be koi about asking for help.    0 Errors     14 Warnings |                           (00:00.001 / 00:19.485, 144Mb)
Sushi: ===================================================================                           (00:00.000 / 00:19.486, 144Mb)
Unable to load IG as an r5 IG - try R4 (property code is a class com.google.gson.JsonPrimitive looking for an object) (00:00.508 / 00:19.995, 57Mb)
Load Template from https://github.com/ansforge/IG-template                                           (00:00.472 / 00:20.468, 28Mb)
 Load Template from fhir.base.template#current                                                       (00:00.879 / 00:21.347, 64Mb)

onLoad.findSpreadsheets:

onLoad.updateIg:
     [xslt] Processing /tmp/ans.fhir.fr.annuaire#1.1.0-snapshot/template/onLoad-ig-working.xml to /tmp/ans.fhir.fr.annuaire#1.1.0-snapshot/template/onLoad-ig-updated.xml
     [xslt] Loading stylesheet /tmp/ans.fhir.fr.annuaire#1.1.0-snapshot/template/scripts/onLoad.xslt

onLoad.extend:

onLoad:
Root directory: /tmp/ans.fhir.fr.annuaire#1.1.0-snapshot                                             (00:03.026 / 00:24.374, 102Mb)
Terminology Cache is at /tmp/ans.fhir.fr.annuaire#1.1.0-snapshot/input-cache/txcache. Clearing now   (00:00.919 / 00:25.294, 65Mb)
Core Package hl7.fhir.r4.core#4.0.1
Unable to generate snapshot @2 for Definition from noname because Profile Definition (http://hl7.org/fhir/StructureDefinition/Definition) has no base and no snapshot
Unable to generate snapshot @2 for Event from noname because Profile Event (http://hl7.org/fhir/StructureDefinition/Event) has no base and no snapshot
Unable to generate snapshot @2 for FiveWs from noname because Profile FiveWs (http://hl7.org/fhir/StructureDefinition/FiveWs) has no base and no snapshot
Unable to generate snapshot @2 for Request from noname because Profile Request (http://hl7.org/fhir/StructureDefinition/Request) has no base and no snapshot
Running Terminology Log: /tmp/ohfu-fhir-ig-4289004535288898595.log
Connect to Terminology Server at http://tx.fhir.org                                                  (00:03.319 / 00:28.613, 246Mb)
Load Package hl7.fhir.pubpack#0.1.7
Load Package hl7.fhir.xver-extensions#0.1.0
Load Package hl7.terminology.r4#5.5.0
Load Package hl7.fhir.uv.extensions.r4#5.1.0
Load Package hl7.terminology.r4#5.3.0
Load Package hl7.fhir.uv.extensions.r4#1.0.0
Load Package ans.fr.nos#1.2.0
Load Package hl7.fhir.fr.core#2.0.1
Load Package ans.fr.nos#1.2.0
Version mismatch. This IG is version 4.0.1, while the IG 'hl7.fhir.uv.tools' is from version 5.0.0 (will try to run anyway) (00:06.907 / 00:35.521, 736Mb)
Load Package hl7.fhir.uv.tools#0.2.0
Load R5 Specials
Unable to generate snapshot @2 for Definition from noname because Profile Definition (http://hl7.org/fhir/StructureDefinition/Definition) has no base and no snapshot
Unable to generate snapshot @2 for Event from noname because Profile Event (http://hl7.org/fhir/StructureDefinition/Event) has no base and no snapshot
Unable to generate snapshot @2 for FiveWs from noname because Profile FiveWs (http://hl7.org/fhir/StructureDefinition/FiveWs) has no base and no snapshot
Unable to generate snapshot @2 for Request from noname because Profile Request (http://hl7.org/fhir/StructureDefinition/Request) has no base and no snapshot
Initialization complete                                                                              (00:00.886 / 00:36.408, 443Mb)
Load Content                                                                                         (00:00.000 / 00:36.409, 443Mb)
Using fr_FR as the default narrative language. (inferred from ImplementationGuide.jurisdiction=FR)   (00:00.058 / 00:36.467, 452Mb)
loadPrePages from FetchedFile[/tmp/ans.fhir.fr.annuaire#1.1.0-snapshot/fsh-generated/includes] as /tmp/ans.fhir.fr.annuaire#1.1.0-snapshot/fsh-generated/includes
loadPrePages from FetchedFile[/tmp/ans.fhir.fr.annuaire#1.1.0-snapshot/input/data] as /tmp/ans.fhir.fr.annuaire#1.1.0-snapshot/input/data
loadPrePages from FetchedFile[/tmp/ans.fhir.fr.annuaire#1.1.0-snapshot/input/pagecontent] as /tmp/ans.fhir.fr.annuaire#1.1.0-snapshot/input/pagecontent
Fetch https://interop.esante.gouv.fr/ig/fhir/annuaire/package-list.json for version check            (00:01.805 / 00:38.272, 587Mb)
Processing Conformance Resources                                                                     (00:00.549 / 00:38.822, 593Mb)
Load Dependency Info                                                                                 (00:00.002 / 00:38.825, 593Mb)
Load Info                                                                                            (00:00.001 / 00:38.826, 593Mb)
Load Resources                                                                                       (00:00.001 / 00:38.828, 594Mb)
Load Paths                                                                                           (00:00.274 / 00:39.103, 716Mb)
Generating Snapshots                                                                                 (00:00.001 / 00:39.104, 716Mb)
Check R4 / R4B                                                                                       (00:01.892 / 00:40.996, 628Mb)
Assign Comparison Ids                                                                                (00:00.011 / 00:41.008, 631Mb)
Propagating status                                                                                   (00:00.000 / 00:41.009, 631Mb)
Generating Narratives                                                                                (00:00.000 / 00:41.010, 631Mb)
Validating Conformance Resources                                                                     (00:02.788 / 00:43.798, 846Mb)
Unable to generate snapshot @2 for Definition from noname because Profile Definition (http://hl7.org/fhir/StructureDefinition/Definition) has no base and no snapshot
Unable to generate snapshot @2 for Event from noname because Profile Event (http://hl7.org/fhir/StructureDefinition/Event) has no base and no snapshot
Unable to generate snapshot @2 for FiveWs from noname because Profile FiveWs (http://hl7.org/fhir/StructureDefinition/FiveWs) has no base and no snapshot
Unable to generate snapshot @2 for Request from noname because Profile Request (http://hl7.org/fhir/StructureDefinition/Request) has no base and no snapshot
Check profiles & code systems                                                                        (00:15.784 / 00:59.583, 1Gb)
Check realm rules                                                                                    (00:00.008 / 00:59.591, 1Gb)
Previous Version Comparison                                                                          (00:00.001 / 00:59.592, 1Gb)
Unable to generate snapshot @1 for Definition from noname because Profile Definition (http://hl7.org/fhir/StructureDefinition/Definition) has no base and no snapshot
Unable to generate snapshot @1 for Event from noname because Profile Event (http://hl7.org/fhir/StructureDefinition/Event) has no base and no snapshot
Unable to generate snapshot @1 for FiveWs from noname because Profile FiveWs (http://hl7.org/fhir/StructureDefinition/FiveWs) has no base and no snapshot
Unable to generate snapshot @1 for Request from noname because Profile Request (http://hl7.org/fhir/StructureDefinition/Request) has no base and no snapshot
Validating Resources                                                                                 (00:06.773 / 01:06.365, 2Gb)
Processing Provenance Records                                                                        (00:01.576 / 01:07.942, 1Gb)
Generating Outputs in /tmp/ans.fhir.fr.annuaire#1.1.0-snapshot/output                                (00:00.001 / 01:07.943, 1Gb)
Generate Native Outputs                                                                              (00:00.082 / 01:08.025, 1Gb)
Run Template                                                                                         (00:17.599 / 01:25.625, 2Gb)

onGenerate.checkVersions:
     [xslt] Processing /tmp/ans.fhir.fr.annuaire#1.1.0-snapshot/template/onGenerate-ig-working.xml to /tmp/ans.fhir.fr.annuaire#1.1.0-snapshot/template/versions.txt
     [xslt] Loading stylesheet /tmp/ans.fhir.fr.annuaire#1.1.0-snapshot/template/scripts/onGenerate.getVersions.xslt

onGenerate.r5-schemas:
      [get] Getting: http://build.fhir.org/fhir-single.xsd
      [get] To: /tmp/ans.fhir.fr.annuaire#1.1.0-snapshot/input-cache/schemas/R5/fhir-single.xsd
      [get] Not modified - so not downloaded
      [get] Getting: http://build.fhir.org/fhir-xhtml.xsd
      [get] To: /tmp/ans.fhir.fr.annuaire#1.1.0-snapshot/input-cache/schemas/R5/fhir-xhtml.xsd
      [get] Not modified - so not downloaded
      [get] Getting: http://build.fhir.org/xml.xsd
      [get] To: /tmp/ans.fhir.fr.annuaire#1.1.0-snapshot/input-cache/schemas/R5/xml.xsd
      [get] Not modified - so not downloaded
      [get] Getting: http://build.fhir.org/xmldsig-core-schema.xsd
      [get] To: /tmp/ans.fhir.fr.annuaire#1.1.0-snapshot/input-cache/schemas/R5/xmldsig-core-schema.xsd
      [get] Not modified - so not downloaded

onGenerate.r4-schemas:
      [get] Getting: http://hl7.org/fhir/R4/fhir-single.xsd
      [get] To: /tmp/ans.fhir.fr.annuaire#1.1.0-snapshot/input-cache/schemas/R4/fhir-single.xsd
      [get] Not modified - so not downloaded
      [get] Getting: http://hl7.org/fhir/R4/fhir-xhtml.xsd
      [get] To: /tmp/ans.fhir.fr.annuaire#1.1.0-snapshot/input-cache/schemas/R4/fhir-xhtml.xsd
      [get] Not modified - so not downloaded
      [get] Getting: http://hl7.org/fhir/R4/xml.xsd
      [get] To: /tmp/ans.fhir.fr.annuaire#1.1.0-snapshot/input-cache/schemas/R4/xml.xsd
      [get] Not modified - so not downloaded
      [get] Getting: http://hl7.org/fhir/R4/xmldsig-core-schema.xsd
      [get] To: /tmp/ans.fhir.fr.annuaire#1.1.0-snapshot/input-cache/schemas/R4/xmldsig-core-schema.xsd
      [get] Not modified - so not downloaded

onGenerate.r3-schemas:

onGenerate.r2b-schemas:

onGenerate.r2-schemas:

onGenerate.schemas:

onGenerate.data:
     [xslt] Processing /tmp/ans.fhir.fr.annuaire#1.1.0-snapshot/template/onGenerate-ig-working.xml to /tmp/ans.fhir.fr.annuaire#1.1.0-snapshot/temp/pages/_data/artifacts.json
     [xslt] Loading stylesheet /tmp/ans.fhir.fr.annuaire#1.1.0-snapshot/template/scripts/onGenerate.data.xslt

onGenerate.setup:

onGenerate.infoFile:
     [xslt] Processing /tmp/ans.fhir.fr.annuaire#1.1.0-snapshot/template/onGenerate-ig-working.xml to /tmp/ans.fhir.fr.annuaire#1.1.0-snapshot/temp/pages/_data/info.json
     [xslt] Loading stylesheet /tmp/ans.fhir.fr.annuaire#1.1.0-snapshot/template/scripts/onGenerate.genJson.xslt

onGenerate.processIncludes:
     [copy] Copying 16 files to /tmp/ans.fhir.fr.annuaire#1.1.0-snapshot/temp/pages/_includes

onGenerate.processIg:
     [xslt] Processing /tmp/ans.fhir.fr.annuaire#1.1.0-snapshot/template/onGenerate-ig-working.xml to /tmp/ans.fhir.fr.annuaire#1.1.0-snapshot/template/onGenerate-ig-working.1.xml
     [xslt] Loading stylesheet /tmp/ans.fhir.fr.annuaire#1.1.0-snapshot/template/scripts/onGenerate.group.xslt
     [xslt] Processing /tmp/ans.fhir.fr.annuaire#1.1.0-snapshot/template/onGenerate-ig-working.1.xml to /tmp/ans.fhir.fr.annuaire#1.1.0-snapshot/template/onGenerate-ig-working.2.xml
     [xslt] Loading stylesheet /tmp/ans.fhir.fr.annuaire#1.1.0-snapshot/template/scripts/onGenerate.groupSort.xslt
     [xslt] Processing /tmp/ans.fhir.fr.annuaire#1.1.0-snapshot/template/onGenerate-ig-working.2.xml to /tmp/ans.fhir.fr.annuaire#1.1.0-snapshot/template/onGenerate-ig-updated.xml
     [xslt] Loading stylesheet /tmp/ans.fhir.fr.annuaire#1.1.0-snapshot/template/scripts/onGenerate.final.xslt

onGenerate.igQa:
     [xslt] Processing /tmp/ans.fhir.fr.annuaire#1.1.0-snapshot/template/onGenerate-ig-updated.xml to /tmp/ans.fhir.fr.annuaire#1.1.0-snapshot/template/ongenerate-validation-igqa.json
     [xslt] Loading stylesheet /tmp/ans.fhir.fr.annuaire#1.1.0-snapshot/template/scripts/onGenerate.qa.xslt

onGenerate.artifactList:
     [xslt] Processing /tmp/ans.fhir.fr.annuaire#1.1.0-snapshot/template/onGenerate-ig-updated.xml to /tmp/ans.fhir.fr.annuaire#1.1.0-snapshot/temp/pages/_includes/artifacts.xml
     [xslt] Loading stylesheet /tmp/ans.fhir.fr.annuaire#1.1.0-snapshot/template/scripts/createArtifactSummary.xslt

check-plantumlfiles:

onGenerate.plantUml.ig:

onGenerate.plantUml.template:

onGenerate.plantUml:

onGenerate.copyDataFiles:

onGenerate.extend:

onGenerate:
Template Done                                                                                        (00:01.961 / 01:27.587, 2Gb)
Generate HTML Outputs                                                                                (00:00.001 / 01:27.588, 2Gb)
ERROR StatusLogger Log4j2 could not find a logging implementation. Please add log4j-core to the classpath. Using SimpleLogger to log to the console...
Generate Summaries                                                                                   (00:28.353 / 01:55.942, 2Gb)
Generating Summary Outputs                                                                           (00:00.000 / 01:55.942, 2Gb)
DB Cumulative Time invested: 00:00:00.513
Sending Usage Stats to Server                                                                        (00:07.076 / 02:03.019, 2Gb)
## Memory (MB): Use = 2627, Free = 508, Total = 3136, Max = 3996                                     (00:00.005 / 02:03.025, 2Gb)
Reclaiming memory...                                                                                 (00:00.001 / 02:03.026, 2Gb)
## Memory (MB): Use = 1769, Free = 1366, Total = 3136, Max = 3996                                    (00:00.872 / 02:03.898, 1Gb)
Run jekyll: jekyll build --destination "/tmp/ans.fhir.fr.annuaire#1.1.0-snapshot/output" (in folder /tmp/ans.fhir.fr.annuaire#1.1.0-snapshot/temp/pages) (00:00.001 / 02:03.899, 1Gb)
Troubleshooting Note: usual cases for Jekyll to fail are:                                            (00:00.001 / 02:03.900, 1Gb)
* A failure to produce a fragment that is already logged in the output above                         (00:00.000 / 02:03.901, 1Gb)
* A reference to a manually edited file that hasn't been provided                                    (00:00.000 / 02:03.902, 1Gb)
Jekyll: Source: /tmp/ans.fhir.fr.annuaire#1.1.0-snapshot/temp/pages                                  (00:00.402 / 02:04.305, 1Gb)
Jekyll: Generating...                                                                                (00:00.001 / 02:04.306, 1Gb)
Jekyll: done in 3.661 seconds.                                                                       (00:03.660 / 02:07.966, 1Gb)

Installing ans.fhir.fr.annuaire#1.1.0-snapshot done.
Checking Output HTML                                                                                 (00:05.438 / 02:13.404, 2Gb)
found 1757 files                                                                                     (00:00.007 / 02:13.412, 2Gb)
........................................
........................................
  ... 1757 html files, 0 pages invalid xhtml (0%)                                                    (00:24.370 / 02:37.782, 2Gb)
  ... 702161 links, 0 broken links (0%)                                                              (00:00.000 / 02:37.783, 2Gb)
Generate fragment-usage-analysis.csv                                                                 (00:00.000 / 02:37.784, 2Gb)
Build final .zip                                                                                     (00:00.005 / 02:37.789, 2Gb)
Final .zip built                                                                                     (00:04.114 / 02:41.904, 2Gb)
Built. Times: loading: 00:02.412, generate: 02:07.008, narrative generation: 00:02.787, realm-rules: 00:00.001, previous-version: 00:06.728, jekyll: 00:04.103, validation: 00:16.667 (#88), template: 00:01.961 (#3) (00:03.938 / 02:45.843, 2Gb)
Generating QA                                                                                        (00:00.001 / 02:45.844, 2Gb)
Validation output in /tmp/ans.fhir.fr.annuaire#1.1.0-snapshot/output/qa.html
Errors: 223, Warnings: 82, Info: 160, Broken Links: 0 (00:05.365 / 02:51.209, 2Gb)
Finished. Max Memory Used = 2Gb. Log file saved in /tmp/fhir-ig-publisher-tmp.log                    (00:00.018 / 02:51.228, 2Gb)
Keep a copy of the build directory at /tmp/web-root/run-20240710/ig-build-zips/ans.fhir.fr.annuaire#1.1.0-snapshot.zip

ok. All checks passed. Publish v1.1.0-snapshot to /tmp/web-root/run-20240710/annuaire/1.1.0-snapshot
Copy the IG to /tmp/web-root/run-20240710/annuaire/1.1.0-snapshot
Update /tmp/web-root/run-20240710/annuaire/package-list.json
Publish Box Statement: This page is part of the Guide d'implémentation FHIR - Annuaire de santé (v1.1.0-snapshot: QA Preview) based on <a no-external="true" href="http://hl7.org/fhir/R4">FHIR (HL7® FHIR® Standard) R4</a>. The current version which supersedes this version is <a no-external="true" href="https://interop.esante.gouv.fr/ig/fhir/annuaire{{fn}}">1.0.1</a>.  For a full list of available versions, see the <a no-external="true" href="https://interop.esante.gouv.fr/ig/fhir/annuaire/history.html">Directory of published versions</a>
no html insert in /tmp/web-root/run-20240710/annuaire/1.1.0-snapshot/qa-txservers.html
  .. 625 files checked, 625 updated
  .. 301 clones checked, 602 updated
  .. 88 redirections (88 created/updated)
Update history page at /tmp/web-root/run-20240710/annuaire from /home/runner/work/IG-fhir-annuaire/IG-fhir-annuaire/./IG-website-release/fhir-ig-history-template and ./IG-website-release/templates
Build is complete. Copy from /tmp/web-root/run-20240710
ans.fhir.fr.annuaire (https://interop.esante.gouv.fr/ig/fhir/annuaire): Guide d'implémentation FHIR - Annuaire de santé @ https://ansforge.github.io/IG-fhir-annuaire/ig/main
  candidate: trial-use Preview 1.1.0-snapshot/4.0.1 @ https://interop.esante.gouv.fr/ig/fhir/annuaire/1.1.0-snapshot
