FHIR IG Publisher Version 1.6.3 (Git# 58fd9ba64d35). Built 2024-03-20T17:15:59.428Z (12 days old)
Detected Java version: 17.0.10 from /opt/hostedtoolcache/Java_Microsoft_jdk/17.0.10/x64 on amd64 (64bit). 3996MB available
dir = /home/runner/work/IG-fhir-annuaire/IG-fhir-annuaire, path = /opt/hostedtoolcache/Ruby/3.3.0/x64/bin:/usr/share/dotnet:/opt/hostedtoolcache/node/20.11.1/x64/bin:/opt/hostedtoolcache/Java_Microsoft_jdk/17.0.10/x64/bin:/snap/bin:/home/runner/.local/bin:/opt/pipx_bin:/home/runner/.cargo/bin:/home/runner/.config/composer/vendor/bin:/usr/local/.ghcup/bin:/home/runner/.dotnet/tools:/usr/local/sbin:/usr/local/bin:/usr/sbin:/usr/bin:/sbin:/bin:/usr/games:/usr/local/games:/snap/bin
Parameters: -go-publish -source ./igSource -web ./IG-website-release/www/ig/fhir -registry ./IG-website-release/ig-registry/fhir-ig-list.json -history ./IG-website-release/fhir-ig-history-template -templates ./IG-website-release/templates
---------------
Publication Run: publish ./igSource to ./IG-website-release/www/ig/fhir
Run Number: 32
Relative directory for IG is '/annuaire'
===== Web Publication Run Details ===============================
 Source IG: ans.fhir.fr.annuaire#1.0.0-ballot-4 : https://interop.esante.gouv.fr/ig/fhir/annuaire (R4) from ./igSource
All checks passed. Do the publication build from /home/runner/work/IG-fhir-annuaire/IG-fhir-annuaire/./igSource and publish to /tmp/web-root/run-20240402/annuaire
Prepare Build space in /tmp/ans.fhir.fr.annuaire#1.0.0-ballot-4
Build IG at /home/runner/work/IG-fhir-annuaire/IG-fhir-annuaire/./igSource: final copy suitable for publication (in /tmp/ans.fhir.fr.annuaire#1.0.0-ballot-4)
FHIR IG Publisher Version 1.6.3 (Git# 58fd9ba64d35). Built 2024-03-20T17:15:59.428Z (12 days old)   
Detected Java version: 17.0.10 from /opt/hostedtoolcache/Java_Microsoft_jdk/17.0.10/x64 on Linux/amd64 (64bit). 3996MB available
dir = /home/runner/work/IG-fhir-annuaire/IG-fhir-annuaire, path = /opt/hostedtoolcache/Ruby/3.3.0/x64/bin:/usr/share/dotnet:/opt/hostedtoolcache/node/20.11.1/x64/bin:/opt/hostedtoolcache/Java_Microsoft_jdk/17.0.10/x64/bin:/snap/bin:/home/runner/.local/bin:/opt/pipx_bin:/home/runner/.cargo/bin:/home/runner/.config/composer/vendor/bin:/usr/local/.ghcup/bin:/home/runner/.dotnet/tools:/usr/local/sbin:/usr/local/bin:/usr/sbin:/usr/bin:/sbin:/bin:/usr/games:/usr/local/games:/snap/bin
Parameters: -ig /tmp/ans.fhir.fr.annuaire#1.0.0-ballot-4 -resetTx -publish https://interop.esante.gouv.fr/ig/fhir/annuaire/1.0.0-ballot-4 -no-exit
Start Clock @ Tuesday, April 2, 2024 at 2:22:25 PM Coordinated Universal Time (2024-04-02T14:22:25Z)
                                                                                                    
Build FHIR IG from /tmp/ans.fhir.fr.annuaire#1.0.0-ballot-4                                          (00:00.020 / 00:00.020, 134Mb)
Build Formal Publication package, intended for https://interop.esante.gouv.fr/ig/fhir/annuaire/1.0.0-ballot-4 (00:00.003 / 00:00.023, 134Mb)
API keys loaded from /home/runner/.fhir/fhir-settings.json                                           (00:00.001 / 00:00.025, 134Mb)
Package Cache: /home/runner/.fhir/packages                                                           (00:00.003 / 00:00.028, 134Mb)
Run Sushi on /tmp/ans.fhir.fr.annuaire#1.0.0-ballot-4                                                (00:00.002 / 00:00.030, 135Mb)
Sushi: info  Running SUSHI v3.8.0 (implements FHIR Shorthand specification v3.0.0-ballot)            (00:00.393 / 00:00.424, 136Mb)
Sushi: info  Arguments:                                                                              (00:00.001 / 00:00.425, 136Mb)
Sushi: info    --require-latest                                                                      (00:00.001 / 00:00.426, 136Mb)
Sushi: info    --out /tmp/ans.fhir.fr.annuaire#1.0.0-ballot-4                                        (00:00.001 / 00:00.428, 136Mb)
Sushi: info    /tmp/ans.fhir.fr.annuaire#1.0.0-ballot-4                                              (00:00.001 / 00:00.429, 136Mb)
Sushi: info  Using configuration file: /tmp/ans.fhir.fr.annuaire#1.0.0-ballot-4/sushi-config.yaml    (00:00.544 / 00:00.974, 136Mb)
Sushi: info  Importing FSH text...                                                                   (00:00.118 / 00:01.092, 136Mb)
Sushi: info  Preprocessed 58 documents with 59 aliases.                                              (00:00.314 / 00:01.407, 136Mb)
Sushi: info  Imported 57 definitions and 8 instances.                                                (00:00.032 / 00:01.439, 136Mb)
Sushi: info  Checking /home/runner/.fhir/packages for hl7.fhir.uv.tools#current...                   (00:00.003 / 00:01.442, 136Mb)
Sushi: info  Found hl7.fhir.uv.tools#current in /home/runner/.fhir/packages.                         (00:00.039 / 00:01.481, 136Mb)
Sushi: info  Loaded package hl7.fhir.uv.tools#current                                                (00:00.484 / 00:01.966, 136Mb)
Sushi: info  Checking /home/runner/.fhir/packages for hl7.terminology.r4#5.3.0...                    (00:00.605 / 00:02.571, 136Mb)
Sushi: info  Found hl7.terminology.r4#5.3.0 in /home/runner/.fhir/packages.                          (00:00.473 / 00:03.044, 136Mb)
Sushi: info  Loaded package hl7.terminology.r4#5.3.0                                                 (00:00.001 / 00:03.045, 136Mb)
Sushi: info  Checking /home/runner/.fhir/packages for hl7.fhir.uv.extensions.r4#1.0.0...             (00:00.145 / 00:03.191, 136Mb)
Sushi: info  Found hl7.fhir.uv.extensions.r4#1.0.0 in /home/runner/.fhir/packages.                   (00:00.488 / 00:03.679, 136Mb)
Sushi: info  Loaded package hl7.fhir.uv.extensions.r4#1.0.0                                          (00:00.001 / 00:03.680, 136Mb)
Sushi: info  Checking /home/runner/.fhir/packages for hl7.fhir.fr.core#1.1.0...                      (00:00.001 / 00:03.681, 136Mb)
Sushi: info  Found hl7.fhir.fr.core#1.1.0 in /home/runner/.fhir/packages.                            (00:00.438 / 00:04.119, 136Mb)
Sushi: info  Loaded package hl7.fhir.fr.core#1.1.0                                                   (00:00.001 / 00:04.120, 136Mb)
Sushi: info  Loading supplemental version of FHIR to support extensions from hl7.fhir.extensions.r5  (00:00.001 / 00:04.121, 136Mb)
Sushi: info  Checking /home/runner/.fhir/packages for hl7.fhir.r5.core#5.0.0...                      (00:00.001 / 00:04.122, 136Mb)
Sushi: info  Found hl7.fhir.r5.core#5.0.0 in /home/runner/.fhir/packages.                            (00:00.524 / 00:04.647, 136Mb)
Sushi: info  Loaded package hl7.fhir.r5.core#5.0.0                                                   (00:00.001 / 00:04.648, 136Mb)
Sushi: info  Checking /home/runner/.fhir/packages for ans.fr.nos#1.2.0...                            (00:00.141 / 00:04.790, 136Mb)
Sushi: info  Found ans.fr.nos#1.2.0 in /home/runner/.fhir/packages.                                  (00:00.703 / 00:05.493, 136Mb)
Sushi: info  Loaded package ans.fr.nos#1.2.0                                                         (00:00.001 / 00:05.495, 136Mb)
Sushi: info  Checking /home/runner/.fhir/packages for hl7.fhir.r4.core#4.0.1...                      (00:00.001 / 00:05.496, 136Mb)
Sushi: info  Found hl7.fhir.r4.core#4.0.1 in /home/runner/.fhir/packages.                            (00:01.601 / 00:07.097, 136Mb)
Sushi: info  Loaded package hl7.fhir.r4.core#4.0.1                                                   (00:00.001 / 00:07.098, 136Mb)
Sushi: info  Converting FSH to FHIR resources...                                                     (00:00.036 / 00:07.135, 136Mb)
Sushi: warn  At least one slice of HealthcareService.identifier has a max greater than the overall element max. The max of the following slice(s) has been reduced to match the max of HealthcareService.identifier: numAutorisationArhgos (00:05.325 / 00:12.461, 136Mb)
Sushi: warn  At least one slice of HealthcareService.identifier has a max greater than the overall element max. The max of the following slice(s) has been reduced to match the max of HealthcareService.identifier: numAutorisationArhgos (00:00.430 / 00:12.891, 136Mb)
Sushi: info  Converted 48 FHIR StructureDefinitions.                                                 (00:00.349 / 00:13.241, 136Mb)
Sushi: info  Converted 3 FHIR CodeSystems.                                                           (00:00.033 / 00:13.274, 136Mb)
Sushi: info  Converted 6 FHIR ValueSets.                                                             (00:00.158 / 00:13.433, 136Mb)
Sushi: info  Converted 8 FHIR instances.                                                             (00:00.472 / 00:13.905, 136Mb)
Sushi: info  Exporting FHIR resources as JSON...                                                     (00:00.001 / 00:13.906, 136Mb)
Sushi: info  Exported 65 FHIR resources as JSON.                                                     (00:00.515 / 00:14.422, 136Mb)
Sushi: info  Assembling Implementation Guide sources...                                              (00:00.002 / 00:14.424, 136Mb)
Sushi: info  Generated ImplementationGuide-ans.fhir.fr.annuaire.json                                 (00:00.023 / 00:14.448, 136Mb)
Sushi: info  Assembled Implementation Guide sources; ready for IG Publisher.                         (00:00.001 / 00:14.449, 136Mb)
Sushi: ========================= SUSHI RESULTS ===========================                           (00:00.000 / 00:14.450, 136Mb)
Sushi: |  -------------------------------------------------------------  |                           (00:00.001 / 00:14.451, 136Mb)
Sushi: | |    Profiles   |  Extensions  |   Logicals   |   Resources   | |                           (00:00.001 / 00:14.452, 136Mb)
Sushi: | |-------------------------------------------------------------| |                           (00:00.001 / 00:14.453, 136Mb)
Sushi: | |      24       |      24      |      0       |       0       | |                           (00:00.001 / 00:14.454, 136Mb)
Sushi: |  -------------------------------------------------------------  |                           (00:00.001 / 00:14.455, 136Mb)
Sushi: |  -------------------------------------------------------------  |                           (00:00.000 / 00:14.456, 136Mb)
Sushi: | |      ValueSets     |    CodeSystems    |     Instances      | |                           (00:00.001 / 00:14.457, 136Mb)
Sushi: | |-------------------------------------------------------------| |                           (00:00.001 / 00:14.458, 136Mb)
Sushi: | |         6          |         3         |         8          | |                           (00:00.001 / 00:14.460, 136Mb)
Sushi: |  -------------------------------------------------------------  |                           (00:00.001 / 00:14.461, 136Mb)
Sushi: |                                                                 |                           (00:00.001 / 00:14.462, 136Mb)
Sushi: ===================================================================                           (00:00.001 / 00:14.463, 136Mb)
Sushi: | Are you in a no-wind situation?        0 Errors      2 Warnings |                           (00:00.001 / 00:14.464, 136Mb)
Sushi: ===================================================================                           (00:00.001 / 00:14.465, 136Mb)
Unable to load IG as an r5 IG - try R4 (property code is a class com.google.gson.JsonPrimitive looking for an object) (00:00.457 / 00:14.922, 60Mb)
Load Template from https://github.com/ansforge/IG-template                                           (00:00.423 / 00:15.345, 78Mb)

onLoad.findSpreadsheets:

onLoad.updateIg:
     [xslt] Processing /tmp/ans.fhir.fr.annuaire#1.0.0-ballot-4/template/onLoad-ig-working.xml to /tmp/ans.fhir.fr.annuaire#1.0.0-ballot-4/template/onLoad-ig-updated.xml
     [xslt] Loading stylesheet /tmp/ans.fhir.fr.annuaire#1.0.0-ballot-4/template/scripts/onLoad.xslt

onLoad.extend:

onLoad:
Root directory: /tmp/ans.fhir.fr.annuaire#1.0.0-ballot-4                                             (00:03.488 / 00:18.834, 89Mb)
Terminology Cache is at /tmp/ans.fhir.fr.annuaire#1.0.0-ballot-4/input-cache/txcache. Clearing now   (00:00.889 / 00:19.724, 87Mb)
Core Package hl7.fhir.r4.core#4.0.1
Unable to generate snapshot @2 for Definition from noname because Profile Definition (http://hl7.org/fhir/StructureDefinition/Definition) has no base and no snapshot
Unable to generate snapshot @2 for Event from noname because Profile Event (http://hl7.org/fhir/StructureDefinition/Event) has no base and no snapshot
Unable to generate snapshot @2 for FiveWs from noname because Profile FiveWs (http://hl7.org/fhir/StructureDefinition/FiveWs) has no base and no snapshot
Unable to generate snapshot @2 for Request from noname because Profile Request (http://hl7.org/fhir/StructureDefinition/Request) has no base and no snapshot
Running Terminology Log: /tmp/ohfu-fhir-ig-2008095183975859253.log
Connect to Terminology Server at http://tx.fhir.org                                                  (00:03.786 / 00:23.510, 288Mb)
Load Package hl7.fhir.pubpack#0.1.7
Load Package hl7.fhir.xver-extensions#0.1.0
Load Package hl7.terminology.r4#5.3.0
Load Package hl7.fhir.uv.extensions.r4#1.0.0
Load Package hl7.fhir.fr.core#1.1.0
Load Package ans.fr.nos#1.2.0
Version mismatch. This IG is version 4.0.1, while the IG 'hl7.fhir.uv.tools' is from version 5.0.0 (will try to run anyway) (00:04.338 / 00:27.849, 383Mb)
Load Package hl7.fhir.uv.tools#0.1.0
Load R5 Specials
Unable to generate snapshot @2 for Definition from noname because Profile Definition (http://hl7.org/fhir/StructureDefinition/Definition) has no base and no snapshot
Unable to generate snapshot @2 for Event from noname because Profile Event (http://hl7.org/fhir/StructureDefinition/Event) has no base and no snapshot
Unable to generate snapshot @2 for FiveWs from noname because Profile FiveWs (http://hl7.org/fhir/StructureDefinition/FiveWs) has no base and no snapshot
Unable to generate snapshot @2 for Request from noname because Profile Request (http://hl7.org/fhir/StructureDefinition/Request) has no base and no snapshot
Initialization complete                                                                              (00:00.464 / 00:28.313, 640Mb)
Fetch https://interop.esante.gouv.fr/ig/fhir/annuaire/package-list.json for version check            (00:00.002 / 00:28.315, 640Mb)
Load Content                                                                                         (00:00.825 / 00:29.140, 642Mb)
loadPrePages from FetchedFile[/tmp/ans.fhir.fr.annuaire#1.0.0-ballot-4/fsh-generated/includes] as /tmp/ans.fhir.fr.annuaire#1.0.0-ballot-4/fsh-generated/includes
loadPrePages from FetchedFile[/tmp/ans.fhir.fr.annuaire#1.0.0-ballot-4/input/data] as /tmp/ans.fhir.fr.annuaire#1.0.0-ballot-4/input/data
loadPrePages from FetchedFile[/tmp/ans.fhir.fr.annuaire#1.0.0-ballot-4/input/pagecontent] as /tmp/ans.fhir.fr.annuaire#1.0.0-ballot-4/input/pagecontent
Processing Conformance Resources                                                                     (00:00.935 / 00:30.076, 328Mb)
Load Dependency Info                                                                                 (00:00.002 / 00:30.079, 328Mb)
Load Info                                                                                            (00:00.001 / 00:30.081, 328Mb)
Load Resources                                                                                       (00:00.001 / 00:30.082, 329Mb)
Load Paths                                                                                           (00:00.313 / 00:30.396, 445Mb)
Generating Snapshots                                                                                 (00:00.001 / 00:30.397, 445Mb)
Check R4 / R4B                                                                                       (00:02.129 / 00:32.527, 756Mb)
Assign Comparison Ids                                                                                (00:00.009 / 00:32.536, 758Mb)
Propagating status                                                                                   (00:00.000 / 00:32.537, 758Mb)
Generating Narratives                                                                                (00:00.000 / 00:32.538, 758Mb)
Validating Conformance Resources                                                                     (00:01.551 / 00:34.090, 792Mb)
Unable to generate snapshot @2 for Definition from noname because Profile Definition (http://hl7.org/fhir/StructureDefinition/Definition) has no base and no snapshot
Unable to generate snapshot @2 for Event from noname because Profile Event (http://hl7.org/fhir/StructureDefinition/Event) has no base and no snapshot
Unable to generate snapshot @2 for FiveWs from noname because Profile FiveWs (http://hl7.org/fhir/StructureDefinition/FiveWs) has no base and no snapshot
Unable to generate snapshot @2 for Request from noname because Profile Request (http://hl7.org/fhir/StructureDefinition/Request) has no base and no snapshot
Check profiles & code systems                                                                        (00:14.224 / 00:48.314, 1Gb)
Check realm rules                                                                                    (00:00.007 / 00:48.322, 1Gb)
Previous Version Comparison                                                                          (00:00.000 / 00:48.323, 1Gb)
Unable to generate snapshot @1 for Definition from noname because Profile Definition (http://hl7.org/fhir/StructureDefinition/Definition) has no base and no snapshot
Unable to generate snapshot @1 for Event from noname because Profile Event (http://hl7.org/fhir/StructureDefinition/Event) has no base and no snapshot
Unable to generate snapshot @1 for FiveWs from noname because Profile FiveWs (http://hl7.org/fhir/StructureDefinition/FiveWs) has no base and no snapshot
Unable to generate snapshot @1 for Request from noname because Profile Request (http://hl7.org/fhir/StructureDefinition/Request) has no base and no snapshot
Validating Resources                                                                                 (00:06.310 / 00:54.633, 1Gb)
Processing Provenance Records                                                                        (00:00.654 / 00:55.288, 1Gb)
Generating Outputs in /tmp/ans.fhir.fr.annuaire#1.0.0-ballot-4/output                                (00:00.001 / 00:55.289, 1Gb)
Generate Native Outputs                                                                              (00:00.101 / 00:55.391, 1Gb)
Run Template                                                                                         (00:20.861 / 01:16.252, 1Gb)

onGenerate.checkVersions:
     [xslt] Processing /tmp/ans.fhir.fr.annuaire#1.0.0-ballot-4/template/onGenerate-ig-working.xml to /tmp/ans.fhir.fr.annuaire#1.0.0-ballot-4/template/versions.txt
     [xslt] Loading stylesheet /tmp/ans.fhir.fr.annuaire#1.0.0-ballot-4/template/scripts/onGenerate.getVersions.xslt

onGenerate.r5-schemas:
      [get] Getting: http://build.fhir.org/fhir-single.xsd
      [get] To: /tmp/ans.fhir.fr.annuaire#1.0.0-ballot-4/input-cache/schemas/R5/fhir-single.xsd
      [get] Not modified - so not downloaded
      [get] Getting: http://build.fhir.org/fhir-xhtml.xsd
      [get] To: /tmp/ans.fhir.fr.annuaire#1.0.0-ballot-4/input-cache/schemas/R5/fhir-xhtml.xsd
      [get] Not modified - so not downloaded
      [get] Getting: http://build.fhir.org/xml.xsd
      [get] To: /tmp/ans.fhir.fr.annuaire#1.0.0-ballot-4/input-cache/schemas/R5/xml.xsd
      [get] Not modified - so not downloaded
      [get] Getting: http://build.fhir.org/xmldsig-core-schema.xsd
      [get] To: /tmp/ans.fhir.fr.annuaire#1.0.0-ballot-4/input-cache/schemas/R5/xmldsig-core-schema.xsd
      [get] Not modified - so not downloaded

onGenerate.r4-schemas:
      [get] Getting: http://hl7.org/fhir/R4/fhir-single.xsd
      [get] To: /tmp/ans.fhir.fr.annuaire#1.0.0-ballot-4/input-cache/schemas/R4/fhir-single.xsd
      [get] Not modified - so not downloaded
      [get] Getting: http://hl7.org/fhir/R4/fhir-xhtml.xsd
      [get] To: /tmp/ans.fhir.fr.annuaire#1.0.0-ballot-4/input-cache/schemas/R4/fhir-xhtml.xsd
      [get] Not modified - so not downloaded
      [get] Getting: http://hl7.org/fhir/R4/xml.xsd
      [get] To: /tmp/ans.fhir.fr.annuaire#1.0.0-ballot-4/input-cache/schemas/R4/xml.xsd
      [get] Not modified - so not downloaded
      [get] Getting: http://hl7.org/fhir/R4/xmldsig-core-schema.xsd
      [get] To: /tmp/ans.fhir.fr.annuaire#1.0.0-ballot-4/input-cache/schemas/R4/xmldsig-core-schema.xsd
      [get] Not modified - so not downloaded

onGenerate.r3-schemas:

onGenerate.r2b-schemas:

onGenerate.r2-schemas:

onGenerate.schemas:

onGenerate.data:
     [xslt] Processing /tmp/ans.fhir.fr.annuaire#1.0.0-ballot-4/template/onGenerate-ig-working.xml to /tmp/ans.fhir.fr.annuaire#1.0.0-ballot-4/temp/pages/_data/artifacts.json
     [xslt] Loading stylesheet /tmp/ans.fhir.fr.annuaire#1.0.0-ballot-4/template/scripts/onGenerate.data.xslt

onGenerate.setup:

onGenerate.infoFile:
     [xslt] Processing /tmp/ans.fhir.fr.annuaire#1.0.0-ballot-4/template/onGenerate-ig-working.xml to /tmp/ans.fhir.fr.annuaire#1.0.0-ballot-4/temp/pages/_data/info.json
     [xslt] Loading stylesheet /tmp/ans.fhir.fr.annuaire#1.0.0-ballot-4/template/scripts/onGenerate.genJson.xslt

onGenerate.processIncludes:
     [copy] Copying 17 files to /tmp/ans.fhir.fr.annuaire#1.0.0-ballot-4/temp/pages/_includes

onGenerate.processIg:
     [xslt] Processing /tmp/ans.fhir.fr.annuaire#1.0.0-ballot-4/template/onGenerate-ig-working.xml to /tmp/ans.fhir.fr.annuaire#1.0.0-ballot-4/template/onGenerate-ig-working.1.xml
     [xslt] Loading stylesheet /tmp/ans.fhir.fr.annuaire#1.0.0-ballot-4/template/scripts/onGenerate.group.xslt
     [xslt] Processing /tmp/ans.fhir.fr.annuaire#1.0.0-ballot-4/template/onGenerate-ig-working.1.xml to /tmp/ans.fhir.fr.annuaire#1.0.0-ballot-4/template/onGenerate-ig-working.2.xml
     [xslt] Loading stylesheet /tmp/ans.fhir.fr.annuaire#1.0.0-ballot-4/template/scripts/onGenerate.groupSort.xslt
     [xslt] Processing /tmp/ans.fhir.fr.annuaire#1.0.0-ballot-4/template/onGenerate-ig-working.2.xml to /tmp/ans.fhir.fr.annuaire#1.0.0-ballot-4/template/onGenerate-ig-updated.xml
     [xslt] Loading stylesheet /tmp/ans.fhir.fr.annuaire#1.0.0-ballot-4/template/scripts/onGenerate.final.xslt

onGenerate.igQa:
     [xslt] Processing /tmp/ans.fhir.fr.annuaire#1.0.0-ballot-4/template/onGenerate-ig-updated.xml to /tmp/ans.fhir.fr.annuaire#1.0.0-ballot-4/template/ongenerate-validation-igqa.json
     [xslt] Loading stylesheet /tmp/ans.fhir.fr.annuaire#1.0.0-ballot-4/template/scripts/onGenerate.qa.xslt

onGenerate.artifactList:
     [xslt] Processing /tmp/ans.fhir.fr.annuaire#1.0.0-ballot-4/template/onGenerate-ig-updated.xml to /tmp/ans.fhir.fr.annuaire#1.0.0-ballot-4/temp/pages/_includes/artifacts.xml
     [xslt] Loading stylesheet /tmp/ans.fhir.fr.annuaire#1.0.0-ballot-4/template/scripts/createArtifactSummary.xslt

check-plantumlfiles:

onGenerate.plantUml.ig:

onGenerate.plantUml.template:

onGenerate.plantUml:

onGenerate.copyDataFiles:
     [copy] Warning: /tmp/ans.fhir.fr.annuaire#1.0.0-ballot-4/template/data does not exist.

onGenerate.extend:

onGenerate:
Template Done                                                                                        (00:02.140 / 01:18.392, 1Gb)
Generate HTML Outputs                                                                                (00:00.001 / 01:18.393, 1Gb)
ERROR StatusLogger Log4j2 could not find a logging implementation. Please add log4j-core to the classpath. Using SimpleLogger to log to the console...
Generate Summaries                                                                                   (00:29.748 / 01:48.142, 1Gb)
Generating Summary Outputs                                                                           (00:00.001 / 01:48.143, 1Gb)
DB Cumulative Time invested: 00:00:00.458
Sending Usage Stats to Server                                                                        (15:52.218 / 17:40.361, 2Gb)
## Memory (MB): Use = 2543, Free = 1364, Total = 3908, Max = 3996                                    (00:00.005 / 17:40.367, 2Gb)
Reclaiming memory...                                                                                 (00:00.000 / 17:40.368, 2Gb)
## Memory (MB): Use = 1354, Free = 2553, Total = 3908, Max = 3996                                    (00:00.682 / 17:41.051, 1Gb)
Run jekyll: jekyll build --destination "/tmp/ans.fhir.fr.annuaire#1.0.0-ballot-4/output" (in folder /tmp/ans.fhir.fr.annuaire#1.0.0-ballot-4/temp/pages) (00:00.001 / 17:41.052, 1Gb)
Troubleshooting Note: usual cases for Jekyll to fail are:                                            (00:00.001 / 17:41.053, 1Gb)
* A failure to produce a fragment that is already logged in the output above                         (00:00.000 / 17:41.054, 1Gb)
* A reference to a manually edited file that hasn't been provided                                    (00:00.000 / 17:41.055, 1Gb)
Jekyll: Source: /tmp/ans.fhir.fr.annuaire#1.0.0-ballot-4/temp/pages                                  (00:00.427 / 17:41.483, 1Gb)
Jekyll: Generating...                                                                                (00:00.001 / 17:41.484, 1Gb)
Jekyll: done in 3.271 seconds.                                                                       (00:03.269 / 17:44.753, 1Gb)

Installing ans.fhir.fr.annuaire#1.0.0-ballot-4 done.
Checking Output HTML                                                                                 (00:07.269 / 17:52.023, 2Gb)
found 1499 files                                                                                     (00:00.006 / 17:52.029, 2Gb)
........................................
........................................
  ... 1499 html files, 0 pages invalid xhtml (0%)                                                    (00:29.532 / 18:21.562, 3Gb)
  ... 865011 links, 0 broken links (0%)                                                              (00:00.000 / 18:21.563, 3Gb)
Build final .zip                                                                                     (00:00.000 / 18:21.564, 3Gb)
Final .zip built                                                                                     (00:04.623 / 18:26.187, 3Gb)
Built. Times: loading: 00:00.934, generate: 18:01.541, narrative generation: 00:01.550, realm-rules: 00:00.000, previous-version: 00:06.255, jekyll: 00:03.738, validation: 00:14.220 (#66), template: 00:02.139 (#3) (00:05.440 / 18:31.628, 1Gb)
Generating QA                                                                                        (00:00.001 / 18:31.629, 1Gb)
Validation output in /tmp/ans.fhir.fr.annuaire#1.0.0-ballot-4/output/qa.html
Errors: 3, Warnings: 59, Info: 123, Broken Links: 13 (00:01.589 / 18:33.218, 2Gb)
Finished. Max Memory Used = 3Gb. Log file saved in /tmp/fhir-ig-publisher-tmp.log                    (00:00.017 / 18:33.236, 2Gb)
Prepare Build space in /tmp/ans.fhir.fr.annuaire#1.0.0-ballot-4-milestone
Build IG at /home/runner/work/IG-fhir-annuaire/IG-fhir-annuaire/./igSource: final copy suitable for publication (in /tmp/ans.fhir.fr.annuaire#1.0.0-ballot-4-milestone) (milestone build)
FHIR IG Publisher Version 1.6.3 (Git# 58fd9ba64d35). Built 2024-03-20T17:15:59.428Z (12 days old)   
Detected Java version: 17.0.10 from /opt/hostedtoolcache/Java_Microsoft_jdk/17.0.10/x64 on Linux/amd64 (64bit). 3996MB available
dir = /home/runner/work/IG-fhir-annuaire/IG-fhir-annuaire, path = /opt/hostedtoolcache/Ruby/3.3.0/x64/bin:/usr/share/dotnet:/opt/hostedtoolcache/node/20.11.1/x64/bin:/opt/hostedtoolcache/Java_Microsoft_jdk/17.0.10/x64/bin:/snap/bin:/home/runner/.local/bin:/opt/pipx_bin:/home/runner/.cargo/bin:/home/runner/.config/composer/vendor/bin:/usr/local/.ghcup/bin:/home/runner/.dotnet/tools:/usr/local/sbin:/usr/local/bin:/usr/sbin:/usr/bin:/sbin:/bin:/usr/games:/usr/local/games:/snap/bin
Parameters: -ig /tmp/ans.fhir.fr.annuaire#1.0.0-ballot-4-milestone -publish https://interop.esante.gouv.fr/ig/fhir/annuaire/1.0.0-ballot-4 -milestone -no-exit
Start Clock @ Tuesday, April 2, 2024 at 2:41:01 PM Coordinated Universal Time (2024-04-02T14:41:01Z)
                                                                                                    
Build FHIR IG from /tmp/ans.fhir.fr.annuaire#1.0.0-ballot-4-milestone                                (00:00.005 / 00:00.005, 2Gb)
Build Formal Publication package, intended for https://interop.esante.gouv.fr/ig/fhir/annuaire/1.0.0-ballot-4 (00:00.000 / 00:00.006, 2Gb)
API keys loaded from /home/runner/.fhir/fhir-settings.json                                           (00:00.000 / 00:00.007, 2Gb)
Package Cache: /home/runner/.fhir/packages                                                           (00:00.000 / 00:00.008, 2Gb)
Run Sushi on /tmp/ans.fhir.fr.annuaire#1.0.0-ballot-4-milestone                                      (00:00.000 / 00:00.009, 2Gb)
Sushi: info  Running SUSHI v3.8.0 (implements FHIR Shorthand specification v3.0.0-ballot)            (00:00.731 / 00:00.741, 2Gb)
Sushi: info  Arguments:                                                                              (00:00.000 / 00:00.741, 2Gb)
Sushi: info    --require-latest                                                                      (00:00.000 / 00:00.742, 2Gb)
Sushi: info    --out /tmp/ans.fhir.fr.annuaire#1.0.0-ballot-4-milestone                              (00:00.000 / 00:00.743, 2Gb)
Sushi: info    /tmp/ans.fhir.fr.annuaire#1.0.0-ballot-4-milestone                                    (00:00.000 / 00:00.744, 2Gb)
Sushi: info  Using configuration file: /tmp/ans.fhir.fr.annuaire#1.0.0-ballot-4-milestone/sushi-config.yaml (00:00.671 / 00:01.416, 2Gb)
Sushi: info  Importing FSH text...                                                                   (00:00.111 / 00:01.528, 2Gb)
Sushi: info  Preprocessed 58 documents with 59 aliases.                                              (00:00.318 / 00:01.847, 2Gb)
Sushi: info  Imported 57 definitions and 8 instances.                                                (00:00.026 / 00:01.873, 2Gb)
Sushi: info  Checking /home/runner/.fhir/packages for hl7.fhir.uv.tools#current...                   (00:00.001 / 00:01.875, 2Gb)
Sushi: info  Found hl7.fhir.uv.tools#current in /home/runner/.fhir/packages.                         (00:00.079 / 00:01.954, 2Gb)
Sushi: info  Loaded package hl7.fhir.uv.tools#current                                                (00:00.530 / 00:02.484, 2Gb)
Sushi: info  Checking /home/runner/.fhir/packages for hl7.terminology.r4#5.3.0...                    (00:00.794 / 00:03.279, 2Gb)
Sushi: info  Found hl7.terminology.r4#5.3.0 in /home/runner/.fhir/packages.                          (00:00.951 / 00:04.230, 2Gb)
Sushi: info  Loaded package hl7.terminology.r4#5.3.0                                                 (00:00.001 / 00:04.231, 2Gb)
Sushi: info  Checking /home/runner/.fhir/packages for hl7.fhir.uv.extensions.r4#1.0.0...             (00:00.142 / 00:04.374, 2Gb)
Sushi: info  Found hl7.fhir.uv.extensions.r4#1.0.0 in /home/runner/.fhir/packages.                   (00:00.501 / 00:04.876, 2Gb)
Sushi: info  Loaded package hl7.fhir.uv.extensions.r4#1.0.0                                          (00:00.001 / 00:04.877, 2Gb)
Sushi: info  Checking /home/runner/.fhir/packages for hl7.fhir.fr.core#1.1.0...                      (00:00.001 / 00:04.878, 2Gb)
Sushi: info  Found hl7.fhir.fr.core#1.1.0 in /home/runner/.fhir/packages.                            (00:00.441 / 00:05.320, 2Gb)
Sushi: info  Loaded package hl7.fhir.fr.core#1.1.0                                                   (00:00.000 / 00:05.321, 2Gb)
Sushi: info  Loading supplemental version of FHIR to support extensions from hl7.fhir.extensions.r5  (00:00.000 / 00:05.322, 2Gb)
Sushi: info  Checking /home/runner/.fhir/packages for hl7.fhir.r5.core#5.0.0...                      (00:00.000 / 00:05.323, 2Gb)
Sushi: info  Found hl7.fhir.r5.core#5.0.0 in /home/runner/.fhir/packages.                            (00:01.252 / 00:06.576, 2Gb)
Sushi: info  Loaded package hl7.fhir.r5.core#5.0.0                                                   (00:00.001 / 00:06.577, 2Gb)
Sushi: info  Checking /home/runner/.fhir/packages for ans.fr.nos#1.2.0...                            (00:00.144 / 00:06.721, 2Gb)
Sushi: info  Found ans.fr.nos#1.2.0 in /home/runner/.fhir/packages.                                  (00:00.684 / 00:07.406, 2Gb)
Sushi: info  Loaded package ans.fr.nos#1.2.0                                                         (00:00.001 / 00:07.407, 2Gb)
Sushi: info  Checking /home/runner/.fhir/packages for hl7.fhir.r4.core#4.0.1...                      (00:00.000 / 00:07.408, 2Gb)
Sushi: info  Found hl7.fhir.r4.core#4.0.1 in /home/runner/.fhir/packages.                            (00:02.731 / 00:10.139, 2Gb)
Sushi: info  Loaded package hl7.fhir.r4.core#4.0.1                                                   (00:00.000 / 00:10.140, 2Gb)
Sushi: info  Converting FSH to FHIR resources...                                                     (00:00.047 / 00:10.187, 2Gb)
Sushi: warn  At least one slice of HealthcareService.identifier has a max greater than the overall element max. The max of the following slice(s) has been reduced to match the max of HealthcareService.identifier: numAutorisationArhgos (00:05.279 / 00:15.466, 2Gb)
Sushi: warn  At least one slice of HealthcareService.identifier has a max greater than the overall element max. The max of the following slice(s) has been reduced to match the max of HealthcareService.identifier: numAutorisationArhgos (00:00.455 / 00:15.921, 2Gb)
Sushi: info  Converted 48 FHIR StructureDefinitions.                                                 (00:00.222 / 00:16.144, 2Gb)
Sushi: info  Converted 3 FHIR CodeSystems.                                                           (00:00.030 / 00:16.175, 2Gb)
Sushi: info  Converted 6 FHIR ValueSets.                                                             (00:00.153 / 00:16.329, 2Gb)
Sushi: info  Converted 8 FHIR instances.                                                             (00:00.477 / 00:16.806, 2Gb)
Sushi: info  Exporting FHIR resources as JSON...                                                     (00:00.000 / 00:16.807, 2Gb)
Sushi: info  Exported 65 FHIR resources as JSON.                                                     (00:00.513 / 00:17.320, 2Gb)
Sushi: info  Assembling Implementation Guide sources...                                              (00:00.002 / 00:17.322, 2Gb)
Sushi: info  Generated ImplementationGuide-ans.fhir.fr.annuaire.json                                 (00:00.024 / 00:17.347, 2Gb)
Sushi: info  Assembled Implementation Guide sources; ready for IG Publisher.                         (00:00.000 / 00:17.348, 2Gb)
Sushi: ========================= SUSHI RESULTS ===========================                           (00:00.000 / 00:17.348, 2Gb)
Sushi: |  -------------------------------------------------------------  |                           (00:00.000 / 00:17.349, 2Gb)
Sushi: | |    Profiles   |  Extensions  |   Logicals   |   Resources   | |                           (00:00.000 / 00:17.350, 2Gb)
Sushi: | |-------------------------------------------------------------| |                           (00:00.000 / 00:17.351, 2Gb)
Sushi: | |      24       |      24      |      0       |       0       | |                           (00:00.000 / 00:17.352, 2Gb)
Sushi: |  -------------------------------------------------------------  |                           (00:00.000 / 00:17.353, 2Gb)
Sushi: |  -------------------------------------------------------------  |                           (00:00.000 / 00:17.353, 2Gb)
Sushi: | |      ValueSets     |    CodeSystems    |     Instances      | |                           (00:00.000 / 00:17.354, 2Gb)
Sushi: | |-------------------------------------------------------------| |                           (00:00.000 / 00:17.355, 2Gb)
Sushi: | |         6          |         3         |         8          | |                           (00:00.000 / 00:17.356, 2Gb)
Sushi: |  -------------------------------------------------------------  |                           (00:00.000 / 00:17.357, 2Gb)
Sushi: |                                                                 |                           (00:00.000 / 00:17.357, 2Gb)
Sushi: ===================================================================                           (00:00.000 / 00:17.358, 2Gb)
Sushi: | You should mullet over.                0 Errors      2 Warnings |                           (00:00.000 / 00:17.359, 2Gb)
Sushi: ===================================================================                           (00:00.000 / 00:17.360, 2Gb)
Unable to load IG as an r5 IG - try R4 (property code is a class com.google.gson.JsonPrimitive looking for an object) (00:00.038 / 00:17.398, 2Gb)
Load Template from https://github.com/ansforge/IG-template                                           (00:00.012 / 00:17.411, 2Gb)

onLoad.findSpreadsheets:

onLoad.updateIg:
     [xslt] Processing /tmp/ans.fhir.fr.annuaire#1.0.0-ballot-4-milestone/template/onLoad-ig-working.xml to /tmp/ans.fhir.fr.annuaire#1.0.0-ballot-4-milestone/template/onLoad-ig-updated.xml
     [xslt] Loading stylesheet /tmp/ans.fhir.fr.annuaire#1.0.0-ballot-4-milestone/template/scripts/onLoad.xslt

onLoad.extend:

onLoad:
Root directory: /tmp/ans.fhir.fr.annuaire#1.0.0-ballot-4-milestone                                   (00:02.919 / 00:20.331, 1Gb)
Terminology Cache is at /tmp/ans.fhir.fr.annuaire#1.0.0-ballot-4-milestone/input-cache/txcache. 8 files in cache (00:00.846 / 00:21.177, 1Gb)
Core Package hl7.fhir.r4.core#4.0.1
Unable to generate snapshot @2 for Definition from noname because Profile Definition (http://hl7.org/fhir/StructureDefinition/Definition) has no base and no snapshot
Unable to generate snapshot @2 for Event from noname because Profile Event (http://hl7.org/fhir/StructureDefinition/Event) has no base and no snapshot
Unable to generate snapshot @2 for FiveWs from noname because Profile FiveWs (http://hl7.org/fhir/StructureDefinition/FiveWs) has no base and no snapshot
Unable to generate snapshot @2 for Request from noname because Profile Request (http://hl7.org/fhir/StructureDefinition/Request) has no base and no snapshot
Running Terminology Log: /tmp/ohfu-fhir-ig-16214541038215166082.log
Connect to Terminology Server at http://tx.fhir.org                                                  (00:01.582 / 00:22.760, 2Gb)
Load Package hl7.fhir.pubpack#0.1.7
Load Package hl7.fhir.xver-extensions#0.1.0
Load Package hl7.terminology.r4#5.3.0
Load Package hl7.fhir.uv.extensions.r4#1.0.0
Load Package hl7.fhir.fr.core#1.1.0
Load Package ans.fr.nos#1.2.0
Version mismatch. This IG is version 4.0.1, while the IG 'hl7.fhir.uv.tools' is from version 5.0.0 (will try to run anyway) (00:03.050 / 00:25.811, 1Gb)
Load Package hl7.fhir.uv.tools#0.1.0
Load R5 Specials
Unable to generate snapshot @2 for Definition from noname because Profile Definition (http://hl7.org/fhir/StructureDefinition/Definition) has no base and no snapshot
Unable to generate snapshot @2 for Event from noname because Profile Event (http://hl7.org/fhir/StructureDefinition/Event) has no base and no snapshot
Unable to generate snapshot @2 for FiveWs from noname because Profile FiveWs (http://hl7.org/fhir/StructureDefinition/FiveWs) has no base and no snapshot
Unable to generate snapshot @2 for Request from noname because Profile Request (http://hl7.org/fhir/StructureDefinition/Request) has no base and no snapshot
Initialization complete                                                                              (00:00.638 / 00:26.450, 1Gb)
Fetch https://interop.esante.gouv.fr/ig/fhir/annuaire/package-list.json for version check            (00:00.000 / 00:26.450, 1Gb)
Load Content                                                                                         (00:00.583 / 00:27.033, 1Gb)
loadPrePages from FetchedFile[/tmp/ans.fhir.fr.annuaire#1.0.0-ballot-4-milestone/fsh-generated/includes] as /tmp/ans.fhir.fr.annuaire#1.0.0-ballot-4-milestone/fsh-generated/includes
loadPrePages from FetchedFile[/tmp/ans.fhir.fr.annuaire#1.0.0-ballot-4-milestone/input/data] as /tmp/ans.fhir.fr.annuaire#1.0.0-ballot-4-milestone/input/data
loadPrePages from FetchedFile[/tmp/ans.fhir.fr.annuaire#1.0.0-ballot-4-milestone/input/pagecontent] as /tmp/ans.fhir.fr.annuaire#1.0.0-ballot-4-milestone/input/pagecontent
Processing Conformance Resources                                                                     (00:00.456 / 00:27.490, 1Gb)
Load Dependency Info                                                                                 (00:00.001 / 00:27.492, 1Gb)
Load Info                                                                                            (00:00.001 / 00:27.493, 1Gb)
Load Resources                                                                                       (00:00.000 / 00:27.494, 1Gb)
Load Paths                                                                                           (00:00.306 / 00:27.800, 2Gb)
Generating Snapshots                                                                                 (00:00.001 / 00:27.801, 2Gb)
Check R4 / R4B                                                                                       (00:01.479 / 00:29.281, 2Gb)
Assign Comparison Ids                                                                                (00:00.004 / 00:29.285, 2Gb)
Propagating status                                                                                   (00:00.000 / 00:29.286, 2Gb)
Generating Narratives                                                                                (00:00.000 / 00:29.287, 2Gb)
Validating Conformance Resources                                                                     (00:01.027 / 00:30.315, 2Gb)
Unable to generate snapshot @2 for Definition from noname because Profile Definition (http://hl7.org/fhir/StructureDefinition/Definition) has no base and no snapshot
Unable to generate snapshot @2 for Event from noname because Profile Event (http://hl7.org/fhir/StructureDefinition/Event) has no base and no snapshot
Unable to generate snapshot @2 for FiveWs from noname because Profile FiveWs (http://hl7.org/fhir/StructureDefinition/FiveWs) has no base and no snapshot
Unable to generate snapshot @2 for Request from noname because Profile Request (http://hl7.org/fhir/StructureDefinition/Request) has no base and no snapshot
Check profiles & code systems                                                                        (00:10.045 / 00:40.361, 2Gb)
Check realm rules                                                                                    (00:00.008 / 00:40.369, 2Gb)
Previous Version Comparison                                                                          (00:00.001 / 00:40.370, 2Gb)
Unable to generate snapshot @1 for Definition from noname because Profile Definition (http://hl7.org/fhir/StructureDefinition/Definition) has no base and no snapshot
Unable to generate snapshot @1 for Event from noname because Profile Event (http://hl7.org/fhir/StructureDefinition/Event) has no base and no snapshot
Unable to generate snapshot @1 for FiveWs from noname because Profile FiveWs (http://hl7.org/fhir/StructureDefinition/FiveWs) has no base and no snapshot
Unable to generate snapshot @1 for Request from noname because Profile Request (http://hl7.org/fhir/StructureDefinition/Request) has no base and no snapshot
Validating Resources                                                                                 (00:05.353 / 00:45.724, 3Gb)
Processing Provenance Records                                                                        (00:00.686 / 00:46.410, 3Gb)
Generating Outputs in /tmp/ans.fhir.fr.annuaire#1.0.0-ballot-4-milestone/output                      (00:00.000 / 00:46.411, 3Gb)
Generate Native Outputs                                                                              (00:00.075 / 00:46.486, 3Gb)
Run Template                                                                                         (00:20.628 / 01:07.115, 3Gb)

onGenerate.checkVersions:
     [xslt] Processing /tmp/ans.fhir.fr.annuaire#1.0.0-ballot-4-milestone/template/onGenerate-ig-working.xml to /tmp/ans.fhir.fr.annuaire#1.0.0-ballot-4-milestone/template/versions.txt
     [xslt] Loading stylesheet /tmp/ans.fhir.fr.annuaire#1.0.0-ballot-4-milestone/template/scripts/onGenerate.getVersions.xslt

onGenerate.r5-schemas:
      [get] Getting: http://build.fhir.org/fhir-single.xsd
      [get] To: /tmp/ans.fhir.fr.annuaire#1.0.0-ballot-4-milestone/input-cache/schemas/R5/fhir-single.xsd
      [get] Not modified - so not downloaded
      [get] Getting: http://build.fhir.org/fhir-xhtml.xsd
      [get] To: /tmp/ans.fhir.fr.annuaire#1.0.0-ballot-4-milestone/input-cache/schemas/R5/fhir-xhtml.xsd
      [get] Not modified - so not downloaded
      [get] Getting: http://build.fhir.org/xml.xsd
      [get] To: /tmp/ans.fhir.fr.annuaire#1.0.0-ballot-4-milestone/input-cache/schemas/R5/xml.xsd
      [get] Not modified - so not downloaded
      [get] Getting: http://build.fhir.org/xmldsig-core-schema.xsd
      [get] To: /tmp/ans.fhir.fr.annuaire#1.0.0-ballot-4-milestone/input-cache/schemas/R5/xmldsig-core-schema.xsd
      [get] Not modified - so not downloaded

onGenerate.r4-schemas:
      [get] Getting: http://hl7.org/fhir/R4/fhir-single.xsd
      [get] To: /tmp/ans.fhir.fr.annuaire#1.0.0-ballot-4-milestone/input-cache/schemas/R4/fhir-single.xsd
      [get] Not modified - so not downloaded
      [get] Getting: http://hl7.org/fhir/R4/fhir-xhtml.xsd
      [get] To: /tmp/ans.fhir.fr.annuaire#1.0.0-ballot-4-milestone/input-cache/schemas/R4/fhir-xhtml.xsd
      [get] Not modified - so not downloaded
      [get] Getting: http://hl7.org/fhir/R4/xml.xsd
      [get] To: /tmp/ans.fhir.fr.annuaire#1.0.0-ballot-4-milestone/input-cache/schemas/R4/xml.xsd
      [get] Not modified - so not downloaded
      [get] Getting: http://hl7.org/fhir/R4/xmldsig-core-schema.xsd
      [get] To: /tmp/ans.fhir.fr.annuaire#1.0.0-ballot-4-milestone/input-cache/schemas/R4/xmldsig-core-schema.xsd
      [get] Not modified - so not downloaded

onGenerate.r3-schemas:

onGenerate.r2b-schemas:

onGenerate.r2-schemas:

onGenerate.schemas:

onGenerate.data:
     [xslt] Processing /tmp/ans.fhir.fr.annuaire#1.0.0-ballot-4-milestone/template/onGenerate-ig-working.xml to /tmp/ans.fhir.fr.annuaire#1.0.0-ballot-4-milestone/temp/pages/_data/artifacts.json
     [xslt] Loading stylesheet /tmp/ans.fhir.fr.annuaire#1.0.0-ballot-4-milestone/template/scripts/onGenerate.data.xslt

onGenerate.setup:

onGenerate.infoFile:
     [xslt] Processing /tmp/ans.fhir.fr.annuaire#1.0.0-ballot-4-milestone/template/onGenerate-ig-working.xml to /tmp/ans.fhir.fr.annuaire#1.0.0-ballot-4-milestone/temp/pages/_data/info.json
     [xslt] Loading stylesheet /tmp/ans.fhir.fr.annuaire#1.0.0-ballot-4-milestone/template/scripts/onGenerate.genJson.xslt

onGenerate.processIncludes:
     [copy] Copying 17 files to /tmp/ans.fhir.fr.annuaire#1.0.0-ballot-4-milestone/temp/pages/_includes

onGenerate.processIg:
     [xslt] Processing /tmp/ans.fhir.fr.annuaire#1.0.0-ballot-4-milestone/template/onGenerate-ig-working.xml to /tmp/ans.fhir.fr.annuaire#1.0.0-ballot-4-milestone/template/onGenerate-ig-working.1.xml
     [xslt] Loading stylesheet /tmp/ans.fhir.fr.annuaire#1.0.0-ballot-4-milestone/template/scripts/onGenerate.group.xslt
     [xslt] Processing /tmp/ans.fhir.fr.annuaire#1.0.0-ballot-4-milestone/template/onGenerate-ig-working.1.xml to /tmp/ans.fhir.fr.annuaire#1.0.0-ballot-4-milestone/template/onGenerate-ig-working.2.xml
     [xslt] Loading stylesheet /tmp/ans.fhir.fr.annuaire#1.0.0-ballot-4-milestone/template/scripts/onGenerate.groupSort.xslt
     [xslt] Processing /tmp/ans.fhir.fr.annuaire#1.0.0-ballot-4-milestone/template/onGenerate-ig-working.2.xml to /tmp/ans.fhir.fr.annuaire#1.0.0-ballot-4-milestone/template/onGenerate-ig-updated.xml
     [xslt] Loading stylesheet /tmp/ans.fhir.fr.annuaire#1.0.0-ballot-4-milestone/template/scripts/onGenerate.final.xslt

onGenerate.igQa:
     [xslt] Processing /tmp/ans.fhir.fr.annuaire#1.0.0-ballot-4-milestone/template/onGenerate-ig-updated.xml to /tmp/ans.fhir.fr.annuaire#1.0.0-ballot-4-milestone/template/ongenerate-validation-igqa.json
     [xslt] Loading stylesheet /tmp/ans.fhir.fr.annuaire#1.0.0-ballot-4-milestone/template/scripts/onGenerate.qa.xslt

onGenerate.artifactList:
     [xslt] Processing /tmp/ans.fhir.fr.annuaire#1.0.0-ballot-4-milestone/template/onGenerate-ig-updated.xml to /tmp/ans.fhir.fr.annuaire#1.0.0-ballot-4-milestone/temp/pages/_includes/artifacts.xml
     [xslt] Loading stylesheet /tmp/ans.fhir.fr.annuaire#1.0.0-ballot-4-milestone/template/scripts/createArtifactSummary.xslt

check-plantumlfiles:

onGenerate.plantUml.ig:

onGenerate.plantUml.template:

onGenerate.plantUml:

onGenerate.copyDataFiles:
     [copy] Warning: /tmp/ans.fhir.fr.annuaire#1.0.0-ballot-4-milestone/template/data does not exist.

onGenerate.extend:

onGenerate:
Template Done                                                                                        (00:01.834 / 01:08.950, 3Gb)
Generate HTML Outputs                                                                                (00:00.000 / 01:08.950, 3Gb)
Sending usage stats failed: Connection timed out
Generate Summaries                                                                                   (00:20.886 / 01:29.837, 1Gb)
Generating Summary Outputs                                                                           (00:00.000 / 01:29.837, 1Gb)
DB Cumulative Time invested: 00:00:00.441
Sending Usage Stats to Server                                                                        (00:05.039 / 01:34.877, 2Gb)
## Memory (MB): Use = 2676, Free = 1319, Total = 3996, Max = 3996                                    (00:00.002 / 01:34.880, 2Gb)
Reclaiming memory...                                                                                 (00:00.000 / 01:34.881, 2Gb)
## Memory (MB): Use = 1355, Free = 2640, Total = 3996, Max = 3996                                    (00:00.669 / 01:35.550, 1Gb)
Run jekyll: jekyll build --destination "/tmp/ans.fhir.fr.annuaire#1.0.0-ballot-4-milestone/output" (in folder /tmp/ans.fhir.fr.annuaire#1.0.0-ballot-4-milestone/temp/pages) (00:00.001 / 01:35.552, 1Gb)
Troubleshooting Note: usual cases for Jekyll to fail are:                                            (00:00.001 / 01:35.553, 1Gb)
* A failure to produce a fragment that is already logged in the output above                         (00:00.000 / 01:35.554, 1Gb)
* A reference to a manually edited file that hasn't been provided                                    (00:00.001 / 01:35.555, 1Gb)
Jekyll: Source: /tmp/ans.fhir.fr.annuaire#1.0.0-ballot-4-milestone/temp/pages                        (00:00.388 / 01:35.944, 1Gb)
Jekyll: Generating...                                                                                (00:00.000 / 01:35.945, 1Gb)
Jekyll: done in 3.312 seconds.                                                                       (00:03.311 / 01:39.256, 1Gb)

Installing ans.fhir.fr.annuaire#1.0.0-ballot-4Checking Output HTML                                                                                 (00:04.896 / 01:44.153, 1Gb)
found 1499 files                                                                                     (00:00.006 / 01:44.159, 1Gb)
........................................
........................................
  ... 1499 html files, 0 pages invalid xhtml (0%)                                                    (00:28.577 / 02:12.736, 3Gb)
  ... 865011 links, 0 broken links (0%)                                                              (00:00.000 / 02:12.737, 3Gb)
Build final .zip                                                                                     (00:00.000 / 02:12.738, 3Gb)
Final .zip built                                                                                     (00:04.651 / 02:17.390, 3Gb)
Built. Times: loading: 00:00.455, generate: 01:54.378, narrative generation: 00:01.027, realm-rules: 00:00.001, previous-version: 00:05.322, jekyll: 00:03.742, validation: 00:10.042 (#66), template: 00:01.833 (#3) (00:04.479 / 02:21.869, 2Gb)
Generating QA                                                                                        (00:00.001 / 02:21.871, 2Gb)
Validation output in /tmp/ans.fhir.fr.annuaire#1.0.0-ballot-4-milestone/output/qa.html
Errors: 3, Warnings: 59, Info: 123, Broken Links: 13 (00:01.356 / 02:23.227, 3Gb)
Finished. Max Memory Used = 3Gb. Log file saved in /tmp/fhir-ig-publisher-tmp.log                    (00:00.006 / 02:23.234, 3Gb)
Keep a copy of the build directory at /tmp/web-root/run-20240402/ig-build-zips/ans.fhir.fr.annuaire#1.0.0-ballot-4.zip

ok. All checks passed. Publish v1.0.0-ballot-4 to /tmp/web-root/run-20240402/annuaire/1.0.0-ballot-4
Copy the IG to /tmp/web-root/run-20240402/annuaire/1.0.0-ballot-4
Update /tmp/web-root/run-20240402/annuaire/package-list.json
Publish Box Statement: This page is part of the Guide d'implmentation FHIR - Annuaire de sant (v1.0.0-ballot-4: Release) based on <a no-external="true" href="http://hl7.org/fhir/R4">FHIR (HL7 FHIR Standard) R4</a>. This is the current published version in its permanent home (it will always be available at this URL).  For a full list of available versions, see the <a no-external="true" href="https://interop.esante.gouv.fr/ig/fhir/annuaire/history.html">Directory of published versions</a>
no html insert in /tmp/web-root/run-20240402/annuaire/1.0.0-ballot-4/qa-txservers.html
  .. 450 files checked, 450 updated
  .. 239 clones checked, 478 updated
  .. 66 redirections (66 created/updated)
This is a milestone release - publish v1.0.0-ballot-4 to /tmp/web-root/run-20240402/annuaire
Publish Box Statement: This page is part of the Guide d'implmentation FHIR - Annuaire de sant (v1.0.0-ballot-4: Release) based on <a no-external="true" href="http://hl7.org/fhir/R4">FHIR (HL7 FHIR Standard) R4</a>. This is the current published version.  For a full list of available versions, see the <a no-external="true" href="https://interop.esante.gouv.fr/ig/fhir/annuaire/history.html">Directory of published versions</a>
no html insert in /tmp/ans.fhir.fr.annuaire#1.0.0-ballot-4-milestone/output/qa-txservers.html
  .. 450 files checked, 450 updated
  .. 239 clones checked, 478 updated
  .. 66 redirections (66 created/updated)
Check for Files to delete
  ... 0 files
Copy to new IG to /tmp/web-root/run-20240402/annuaire
Update history page at /tmp/web-root/run-20240402/annuaire from /home/runner/work/IG-fhir-annuaire/IG-fhir-annuaire/./IG-website-release/fhir-ig-history-template and ./IG-website-release/templates
Build is complete. Copy from /tmp/web-root/run-20240402
ans.fhir.fr.annuaire (https://interop.esante.gouv.fr/ig/fhir/annuaire): Guide d'implmentation FHIR - Annuaire de sant @ https://ansforge.github.io/IG-fhir-annuaire/ig/main
  release: release 1.0.0-ballot-4/4.0.1 @ https://interop.esante.gouv.fr/ig/fhir/annuaire/1.0.0-ballot-4
