FHIR IG Publisher Version 1.6.20 (Git# 7bbd1ce5defe). Built 2024-08-13T18:33:37.376Z (118 days old)
Detected Java version: 17.0.10 from /opt/hostedtoolcache/Java_Microsoft_jdk/17.0.10/x64 on amd64 (64bit). 3996MB available
dir = /home/runner/work/IG-fhir-service-acces-aux-soins/IG-fhir-service-acces-aux-soins, path = /opt/hostedtoolcache/Ruby/3.3.6/x64/bin:/usr/share/dotnet:/opt/hostedtoolcache/node/20.18.1/x64/bin:/opt/hostedtoolcache/Java_Microsoft_jdk/17.0.10/x64/bin:/snap/bin:/home/runner/.local/bin:/opt/pipx_bin:/home/runner/.cargo/bin:/home/runner/.config/composer/vendor/bin:/usr/local/.ghcup/bin:/home/runner/.dotnet/tools:/usr/local/sbin:/usr/local/bin:/usr/sbin:/usr/bin:/sbin:/bin:/usr/games:/usr/local/games:/snap/bin
Parameters: -go-publish -source ./igSource -web ./IG-website-release/www/ig/fhir -registry ./IG-website-release/ig-registry/fhir-ig-list.json -history ./IG-website-release/fhir-ig-history-template -templates ./IG-website-release/templates
---------------
Publication Run: publish ./igSource to ./IG-website-release/www/ig/fhir
Run Number: 56
Relative directory for IG is '/sas'
===== Web Publication Run Details ===============================
 Source IG: ans.fhir.fr.sas#1.1.0 : https://interop.esante.gouv.fr/ig/fhir/sas (R4) from ./igSource
All checks passed. Do the publication build from /home/runner/work/IG-fhir-service-acces-aux-soins/IG-fhir-service-acces-aux-soins/./igSource and publish to /tmp/web-root/run-20241210/sas
Prepare Build space in /tmp/ans.fhir.fr.sas#1.1.0
Build IG at /home/runner/work/IG-fhir-service-acces-aux-soins/IG-fhir-service-acces-aux-soins/./igSource: final copy suitable for publication (in /tmp/ans.fhir.fr.sas#1.1.0)
FHIR IG Publisher Version 1.6.20 (Git# 7bbd1ce5defe). Built 2024-08-13T18:33:37.376Z (118 days old) 
Detected Java version: 17.0.10 from /opt/hostedtoolcache/Java_Microsoft_jdk/17.0.10/x64 on Linux/amd64 (64bit). 3996MB available
dir = /home/runner/work/IG-fhir-service-acces-aux-soins/IG-fhir-service-acces-aux-soins, path = /opt/hostedtoolcache/Ruby/3.3.6/x64/bin:/usr/share/dotnet:/opt/hostedtoolcache/node/20.18.1/x64/bin:/opt/hostedtoolcache/Java_Microsoft_jdk/17.0.10/x64/bin:/snap/bin:/home/runner/.local/bin:/opt/pipx_bin:/home/runner/.cargo/bin:/home/runner/.config/composer/vendor/bin:/usr/local/.ghcup/bin:/home/runner/.dotnet/tools:/usr/local/sbin:/usr/local/bin:/usr/sbin:/usr/bin:/sbin:/bin:/usr/games:/usr/local/games:/snap/bin
Parameters: -ig /tmp/ans.fhir.fr.sas#1.1.0 -resetTx -publish https://interop.esante.gouv.fr/ig/fhir/sas/1.1.0 -no-exit
Start Clock @ Tuesday, December 10, 2024 at 11:30:31 AM Coordinated Universal Time (2024-12-10T11:30:31Z)
                                                                                                    
Build FHIR IG from /tmp/ans.fhir.fr.sas#1.1.0                                                        (00:00.019 / 00:00.020, 97Mb)
Build Formal Publication package, intended for https://interop.esante.gouv.fr/ig/fhir/sas/1.1.0      (00:00.003 / 00:00.023, 97Mb)
API keys loaded from /home/runner/.fhir/fhir-settings.json                                           (00:00.001 / 00:00.024, 97Mb)
Package Cache: /home/runner/.fhir/packages                                                           (00:00.004 / 00:00.029, 97Mb)
Run Sushi on /tmp/ans.fhir.fr.sas#1.1.0                                                              (00:00.002 / 00:00.031, 97Mb)
Sushi: info  Running SUSHI v3.12.1 (implements FHIR Shorthand specification v3.0.0)                  (00:00.636 / 00:00.668, 100Mb)
Sushi: info  Arguments:                                                                              (00:00.001 / 00:00.670, 100Mb)
Sushi: info    --require-latest                                                                      (00:00.001 / 00:00.671, 100Mb)
Sushi: info    --out /tmp/ans.fhir.fr.sas#1.1.0                                                      (00:00.001 / 00:00.673, 100Mb)
Sushi: info    /tmp/ans.fhir.fr.sas#1.1.0                                                            (00:00.001 / 00:00.674, 100Mb)
Sushi: info  Using configuration file: /tmp/ans.fhir.fr.sas#1.1.0/sushi-config.yaml                  (00:00.593 / 00:01.268, 100Mb)
Sushi: warn  Configuration property menu/Spécif. techniques has a value with an unexpected type.     (00:00.105 / 00:01.374, 100Mb)
Sushi: warn  Configuration property menu/Spécif. techniques/________ PS indiv. ________ has a value with an unexpected type. (00:00.001 / 00:01.375, 100Mb)
Sushi: warn  Configuration property menu/Spécif. techniques/_________ CPTS _________ has a value with an unexpected type. (00:00.001 / 00:01.377, 100Mb)
Sushi: warn  Configuration property menu/Spécif. techniques/________ SOS Médecins ________ has a value with an unexpected type. (00:00.005 / 00:01.382, 100Mb)
Sushi: info  Importing FSH text...                                                                   (00:00.001 / 00:01.384, 100Mb)
Sushi: info  Preprocessed 82 documents with 8 aliases.                                               (00:00.213 / 00:01.597, 100Mb)
Sushi: info  Imported 26 definitions and 55 instances.                                               (00:00.026 / 00:01.624, 100Mb)
Sushi: info  Checking /home/runner/.fhir/packages for hl7.fhir.uv.tools#current...                   (00:00.001 / 00:01.625, 100Mb)
Sushi: info  Found hl7.fhir.uv.tools#current in /home/runner/.fhir/packages.                         (00:00.075 / 00:01.701, 100Mb)
Sushi: info  Loaded package hl7.fhir.uv.tools#current                                                (00:00.572 / 00:02.273, 100Mb)
Sushi: info  Checking /home/runner/.fhir/packages for hl7.terminology.r4#6.1.0...                    (00:00.874 / 00:03.148, 100Mb)
Sushi: info  Found hl7.terminology.r4#6.1.0 in /home/runner/.fhir/packages.                          (00:00.701 / 00:03.850, 100Mb)
Sushi: info  Loaded package hl7.terminology.r4#6.1.0                                                 (00:00.001 / 00:03.851, 100Mb)
Sushi: info  Checking /home/runner/.fhir/packages for hl7.fhir.uv.extensions.r4#5.1.0...             (00:00.207 / 00:04.058, 100Mb)
Sushi: info  Found hl7.fhir.uv.extensions.r4#5.1.0 in /home/runner/.fhir/packages.                   (00:00.529 / 00:04.587, 100Mb)
Sushi: info  Loaded package hl7.fhir.uv.extensions.r4#5.1.0                                          (00:00.001 / 00:04.588, 100Mb)
Sushi: info  Checking /home/runner/.fhir/packages for hl7.fhir.fr.core#1.1.0...                      (00:00.000 / 00:04.589, 100Mb)
Sushi: info  Found hl7.fhir.fr.core#1.1.0 in /home/runner/.fhir/packages.                            (00:00.471 / 00:05.061, 100Mb)
Sushi: info  Loaded package hl7.fhir.fr.core#1.1.0                                                   (00:00.001 / 00:05.062, 100Mb)
Sushi: info  Loading supplemental version of FHIR to support extensions from hl7.fhir.extensions.r5  (00:00.001 / 00:05.063, 100Mb)
Sushi: info  Checking /home/runner/.fhir/packages for hl7.fhir.r5.core#5.0.0...                      (00:00.001 / 00:05.064, 100Mb)
Sushi: info  Found hl7.fhir.r5.core#5.0.0 in /home/runner/.fhir/packages.                            (00:01.449 / 00:06.513, 100Mb)
Sushi: info  Loaded package hl7.fhir.r5.core#5.0.0                                                   (00:00.001 / 00:06.514, 100Mb)
Sushi: info  Checking /home/runner/.fhir/packages for ans.fr.nos#1.3.0...                            (00:00.001 / 00:06.515, 100Mb)
Sushi: info  Found ans.fr.nos#1.3.0 in /home/runner/.fhir/packages.                                  (00:00.673 / 00:07.189, 100Mb)
Sushi: info  Loaded package ans.fr.nos#1.3.0                                                         (00:00.001 / 00:07.191, 100Mb)
Sushi: info  Checking /home/runner/.fhir/packages for hl7.fhir.r4.core#4.0.1...                      (00:00.001 / 00:07.192, 100Mb)
Sushi: info  Found hl7.fhir.r4.core#4.0.1 in /home/runner/.fhir/packages.                            (00:01.341 / 00:08.533, 100Mb)
Sushi: info  Loaded package hl7.fhir.r4.core#4.0.1                                                   (00:00.001 / 00:08.534, 100Mb)
Sushi: info  Converting FSH to FHIR resources...                                                     (00:00.040 / 00:08.575, 100Mb)
Sushi: info  Converted 19 FHIR StructureDefinitions.                                                 (00:01.080 / 00:09.655, 100Mb)
Sushi: info  Converted 7 FHIR ValueSets.                                                             (00:00.088 / 00:09.744, 100Mb)
Sushi: info  Converted 55 FHIR instances.                                                            (00:01.994 / 00:11.739, 100Mb)
Sushi: info  Exporting FHIR resources as JSON...                                                     (00:00.001 / 00:11.740, 100Mb)
Sushi: info  Exported 78 FHIR resources as JSON.                                                     (00:00.118 / 00:11.859, 100Mb)
Sushi: info  Assembling Implementation Guide sources...                                              (00:00.003 / 00:11.863, 100Mb)
Sushi: warn  Files not in the supported file types (.md and .xml) were detected. These files will be included without any processing. (00:00.023 / 00:11.886, 100Mb)
Sushi:   File: /tmp/ans.fhir.fr.sas#1.1.0/input/pagecontent                                          (00:00.001 / 00:11.887, 100Mb)
Sushi: info  Generated ImplementationGuide-ans.fhir.fr.sas.json                                      (00:00.001 / 00:11.889, 100Mb)
Sushi: info  Assembled Implementation Guide sources; ready for IG Publisher.                         (00:00.001 / 00:11.891, 100Mb)
Sushi: ========================= SUSHI RESULTS ===========================                           (00:00.002 / 00:11.893, 100Mb)
Sushi: |  -------------------------------------------------------------  |                           (00:00.001 / 00:11.894, 100Mb)
Sushi: | |    Profiles   |  Extensions  |   Logicals   |   Resources   | |                           (00:00.001 / 00:11.895, 100Mb)
Sushi: | |-------------------------------------------------------------| |                           (00:00.001 / 00:11.897, 100Mb)
Sushi: | |      18       |      1       |      0       |       0       | |                           (00:00.001 / 00:11.898, 100Mb)
Sushi: |  -------------------------------------------------------------  |                           (00:00.001 / 00:11.900, 100Mb)
Sushi: |  -------------------------------------------------------------  |                           (00:00.001 / 00:11.901, 100Mb)
Sushi: | |      ValueSets     |    CodeSystems    |     Instances      | |                           (00:00.001 / 00:11.903, 100Mb)
Sushi: | |-------------------------------------------------------------| |                           (00:00.001 / 00:11.905, 100Mb)
Sushi: | |         7          |         0         |         55         | |                           (00:00.001 / 00:11.906, 100Mb)
Sushi: |  -------------------------------------------------------------  |                           (00:00.000 / 00:11.907, 100Mb)
Sushi: |                                                                 |                           (00:00.001 / 00:11.908, 100Mb)
Sushi: ===================================================================                           (00:00.001 / 00:11.909, 100Mb)
Sushi: | You seem to be casting about.          0 Errors      5 Warnings |                           (00:00.001 / 00:11.911, 100Mb)
Sushi: ===================================================================                           (00:00.001 / 00:11.912, 100Mb)
Unable to load IG as an r5 IG - try R4 (property code is a class com.google.gson.JsonPrimitive looking for an object) (00:01.392 / 00:13.304, 54Mb)
Load Template from https://github.com/ansforge/IG-template                                           (00:00.487 / 00:13.792, 25Mb)
 Load Template from fhir.base.template#current                                                       (00:01.472 / 00:15.265, 60Mb)

onLoad.findSpreadsheets:

onLoad.updateIg:
     [xslt] Processing /tmp/ans.fhir.fr.sas#1.1.0/template/onLoad-ig-working.xml to /tmp/ans.fhir.fr.sas#1.1.0/template/onLoad-ig-updated.xml
     [xslt] Loading stylesheet /tmp/ans.fhir.fr.sas#1.1.0/template/scripts/onLoad.xslt

onLoad.extend:

onLoad:
Root directory: /tmp/ans.fhir.fr.sas#1.1.0                                                           (00:03.343 / 00:18.609, 100Mb)
Terminology Cache is at /tmp/ans.fhir.fr.sas#1.1.0/input-cache/txcache. Clearing now                 (00:00.690 / 00:19.299, 99Mb)
Core Package hl7.fhir.r4.core#4.0.1
Unable to generate snapshot @2 for Definition from noname because Profile Definition (http://hl7.org/fhir/StructureDefinition/Definition) has no base and no snapshot
Unable to generate snapshot @2 for Event from noname because Profile Event (http://hl7.org/fhir/StructureDefinition/Event) has no base and no snapshot
Unable to generate snapshot @2 for FiveWs from noname because Profile FiveWs (http://hl7.org/fhir/StructureDefinition/FiveWs) has no base and no snapshot
Unable to generate snapshot @2 for Request from noname because Profile Request (http://hl7.org/fhir/StructureDefinition/Request) has no base and no snapshot
Running Terminology Log: /tmp/ohfu-fhir-ig-14937449298641830147.log
Connect to Terminology Server at http://tx.fhir.org                                                  (00:03.566 / 00:22.865, 266Mb)
Load Package hl7.fhir.pubpack#0.1.8
Load Package hl7.fhir.xver-extensions#0.1.0
Load Package hl7.terminology.r4#6.1.0
Load Package hl7.fhir.uv.extensions.r4#5.1.0
Load Package hl7.fhir.fr.core#1.1.0
Load Package hl7.terminology.r4#6.0.2
Load Package ans.fr.nos#1.3.0
Version mismatch. This IG is version 4.0.1, while the IG 'hl7.fhir.uv.tools' is from version 5.0.0 (will try to run anyway) (00:06.766 / 00:29.632, 357Mb)
Load Package hl7.fhir.uv.tools#0.2.0
Load R5 Specials
Unable to generate snapshot @2 for Definition from noname because Profile Definition (http://hl7.org/fhir/StructureDefinition/Definition) has no base and no snapshot
Unable to generate snapshot @2 for Event from noname because Profile Event (http://hl7.org/fhir/StructureDefinition/Event) has no base and no snapshot
Unable to generate snapshot @2 for FiveWs from noname because Profile FiveWs (http://hl7.org/fhir/StructureDefinition/FiveWs) has no base and no snapshot
Unable to generate snapshot @2 for Request from noname because Profile Request (http://hl7.org/fhir/StructureDefinition/Request) has no base and no snapshot
Initialization complete                                                                              (00:00.873 / 00:30.505, 668Mb)
Load Content                                                                                         (00:00.000 / 00:30.506, 668Mb)
Using fr_FR as the default narrative language. (inferred from ImplementationGuide.jurisdiction=FR)   (00:00.095 / 00:30.601, 678Mb)
loadPrePages from FetchedFile[/tmp/ans.fhir.fr.sas#1.1.0/fsh-generated/includes] as /tmp/ans.fhir.fr.sas#1.1.0/fsh-generated/includes
loadPrePages from FetchedFile[/tmp/ans.fhir.fr.sas#1.1.0/input/data] as /tmp/ans.fhir.fr.sas#1.1.0/input/data
loadPrePages from FetchedFile[/tmp/ans.fhir.fr.sas#1.1.0/input/pagecontent] as /tmp/ans.fhir.fr.sas#1.1.0/input/pagecontent
Fetch https://interop.esante.gouv.fr/ig/fhir/sas/package-list.json for version check                 (00:00.778 / 00:31.380, 749Mb)
Processing Conformance Resources                                                                     (00:00.755 / 00:32.136, 754Mb)
Load Dependency Info                                                                                 (00:00.002 / 00:32.139, 755Mb)
Load Info                                                                                            (00:00.001 / 00:32.140, 755Mb)
Load Resources                                                                                       (00:00.001 / 00:32.142, 756Mb)
Load Paths                                                                                           (00:00.230 / 00:32.372, 807Mb)
Generating Snapshots                                                                                 (00:00.001 / 00:32.373, 807Mb)
Check R4 / R4B                                                                                       (00:01.349 / 00:33.723, 723Mb)
Assign Comparison Ids                                                                                (00:00.015 / 00:33.738, 726Mb)
Propagating status                                                                                   (00:00.001 / 00:33.740, 726Mb)
Generating Narratives                                                                                (00:00.001 / 00:33.741, 726Mb)
org.hl7.fhir.exceptions.FHIRException: Error loading /home/runner/.fhir/packages/hl7.terminology.r4#6.1.0/package/NamingSystem-ILRSpeakingSkillScale.json: Url http://hl7.org/fhir/5.0/StructureDefinition/extension-NamingSystem.url must have only one match
	at org.hl7.fhir.r5.context.SimpleWorkerContext$PackageResourceLoader.loadResource(SimpleWorkerContext.java:126)
	at org.hl7.fhir.r5.context.CanonicalResourceManager$CanonicalResourceProxy.getResource(CanonicalResourceManager.java:98)
	at org.hl7.fhir.r5.context.CanonicalResourceManager$CachedCanonicalResource.getResource(CanonicalResourceManager.java:158)
	at org.hl7.fhir.r5.context.CanonicalResourceManager.getList(CanonicalResourceManager.java:696)
	at org.hl7.fhir.r5.context.BaseWorkerContext.getNSUrlMap(BaseWorkerContext.java:568)
	at org.hl7.fhir.r5.renderers.DataRenderer.displayIdentifier(DataRenderer.java:1443)
	at org.hl7.fhir.r5.renderers.DataRenderer.displayDataType(DataRenderer.java:575)
	at org.hl7.fhir.r5.renderers.ProfileDrivenRenderer.generateResourceSummary(ProfileDrivenRenderer.java:108)
	at org.hl7.fhir.r5.renderers.ProfileDrivenRenderer.buildSummary(ProfileDrivenRenderer.java:92)
	at org.hl7.fhir.r5.renderers.ResourceRenderer.renderReference(ResourceRenderer.java:353)
	at org.hl7.fhir.r5.renderers.DataRenderer.renderDataType(DataRenderer.java:812)
	at org.hl7.fhir.r5.renderers.ProfileDrivenRenderer.renderLeaf(ProfileDrivenRenderer.java:173)
	at org.hl7.fhir.r5.renderers.ProfileDrivenRenderer.generateElementByProfile(ProfileDrivenRenderer.java:362)
	at org.hl7.fhir.r5.renderers.ProfileDrivenRenderer.generateForProperty(ProfileDrivenRenderer.java:314)
	at org.hl7.fhir.r5.renderers.ProfileDrivenRenderer.generateByProfile(ProfileDrivenRenderer.java:298)
	at org.hl7.fhir.r5.renderers.ProfileDrivenRenderer.buildNarrative(ProfileDrivenRenderer.java:52)
	at org.hl7.fhir.r5.renderers.ResourceRenderer.renderResource(ResourceRenderer.java:105)
	at org.hl7.fhir.igtools.publisher.Publisher.generateNarratives(Publisher.java:2164)
	at org.hl7.fhir.igtools.publisher.Publisher.loadConformance(Publisher.java:5608)
	at org.hl7.fhir.igtools.publisher.Publisher.createIg(Publisher.java:1179)
	at org.hl7.fhir.igtools.publisher.Publisher.execute(Publisher.java:1018)
	at org.hl7.fhir.igtools.publisher.Publisher.main(Publisher.java:13022)
	at org.hl7.fhir.igtools.web.PublicationProcess.runBuild(PublicationProcess.java:911)
	at org.hl7.fhir.igtools.web.PublicationProcess.doPublish(PublicationProcess.java:488)
	at org.hl7.fhir.igtools.web.PublicationProcess.publishInner2(PublicationProcess.java:405)
	at org.hl7.fhir.igtools.web.PublicationProcess.publishInner(PublicationProcess.java:243)
	at org.hl7.fhir.igtools.web.PublicationProcess.publish(PublicationProcess.java:124)
	at org.hl7.fhir.igtools.publisher.Publisher.main(Publisher.java:12767)
Caused by: java.lang.IllegalArgumentException: Url http://hl7.org/fhir/5.0/StructureDefinition/extension-NamingSystem.url must have only one match
	at org.apache.commons.lang3.Validate.isTrue(Validate.java:572)
	at org.hl7.fhir.r4.model.DomainResource.getExtensionByUrl(DomainResource.java:577)
	at org.hl7.fhir.convertors.conv40_50.resources40_50.NamingSystem40_50.convertNamingSystem(NamingSystem40_50.java:58)
	at org.hl7.fhir.convertors.conv40_50.resources40_50.Resource40_50.convertResource(Resource40_50.java:200)
	at org.hl7.fhir.convertors.conv40_50.VersionConvertor_40_50.convertResource(VersionConvertor_40_50.java:77)
	at org.hl7.fhir.convertors.factory.VersionConvertorFactory_40_50.convertResource(VersionConvertorFactory_40_50.java:15)
	at org.hl7.fhir.convertors.factory.VersionConvertorFactory_40_50.convertResource(VersionConvertorFactory_40_50.java:10)
	at org.hl7.fhir.convertors.loaders.loaderR5.R4ToR5Loader.loadResource(R4ToR5Loader.java:119)
	at org.hl7.fhir.r5.context.SimpleWorkerContext$PackageResourceLoader.loadResource(SimpleWorkerContext.java:118)
	... 27 more
Validating Conformance Resources                                                                     (00:01.194 / 00:34.935, 482Mb)
org.hl7.fhir.exceptions.FHIRException: Error loading /home/runner/.fhir/packages/hl7.terminology.r4#6.1.0/package/NamingSystem-ILRSpeakingSkillScale.json: Url http://hl7.org/fhir/5.0/StructureDefinition/extension-NamingSystem.url must have only one match
	at org.hl7.fhir.r5.context.SimpleWorkerContext$PackageResourceLoader.loadResource(SimpleWorkerContext.java:126)
	at org.hl7.fhir.r5.context.CanonicalResourceManager$CanonicalResourceProxy.getResource(CanonicalResourceManager.java:98)
	at org.hl7.fhir.r5.context.CanonicalResourceManager$CachedCanonicalResource.getResource(CanonicalResourceManager.java:158)
	at org.hl7.fhir.r5.context.CanonicalResourceManager.getList(CanonicalResourceManager.java:696)
	at org.hl7.fhir.r5.context.BaseWorkerContext.fetchResourcesByType(BaseWorkerContext.java:2529)
	at org.hl7.fhir.igtools.publisher.ValidationServices.resolveURL(ValidationServices.java:306)
	at org.hl7.fhir.validation.instance.InstanceValidator.validateReference(InstanceValidator.java:3109)
	at org.hl7.fhir.validation.instance.InstanceValidator.checkPrimitive(InstanceValidator.java:2763)
	at org.hl7.fhir.validation.instance.InstanceValidator.checkChildByDefinition(InstanceValidator.java:6410)
	at org.hl7.fhir.validation.instance.InstanceValidator.checkChild(InstanceValidator.java:6238)
	at org.hl7.fhir.validation.instance.InstanceValidator.validateElement(InstanceValidator.java:6164)
	at org.hl7.fhir.validation.instance.InstanceValidator.checkChildByDefinition(InstanceValidator.java:6557)
	at org.hl7.fhir.validation.instance.InstanceValidator.checkChild(InstanceValidator.java:6238)
	at org.hl7.fhir.validation.instance.InstanceValidator.validateElement(InstanceValidator.java:6164)
	at org.hl7.fhir.validation.instance.InstanceValidator.checkChildByDefinition(InstanceValidator.java:6557)
	at org.hl7.fhir.validation.instance.InstanceValidator.checkChild(InstanceValidator.java:6238)
	at org.hl7.fhir.validation.instance.InstanceValidator.validateElement(InstanceValidator.java:6164)
	at org.hl7.fhir.validation.instance.InstanceValidator.startInner(InstanceValidator.java:5647)
	at org.hl7.fhir.validation.instance.InstanceValidator.start(InstanceValidator.java:5391)
	at org.hl7.fhir.validation.instance.InstanceValidator.validateResource(InstanceValidator.java:7244)
	at org.hl7.fhir.validation.instance.InstanceValidator.validate(InstanceValidator.java:986)
	at org.hl7.fhir.igtools.publisher.Publisher.validate(Publisher.java:7185)
	at org.hl7.fhir.igtools.publisher.Publisher.validate(Publisher.java:7498)
	at org.hl7.fhir.igtools.publisher.Publisher.validate(Publisher.java:5665)
	at org.hl7.fhir.igtools.publisher.Publisher.loadConformance(Publisher.java:5612)
	at org.hl7.fhir.igtools.publisher.Publisher.createIg(Publisher.java:1179)
	at org.hl7.fhir.igtools.publisher.Publisher.execute(Publisher.java:1018)
	at org.hl7.fhir.igtools.publisher.Publisher.main(Publisher.java:13022)
	at org.hl7.fhir.igtools.web.PublicationProcess.runBuild(PublicationProcess.java:911)
	at org.hl7.fhir.igtools.web.PublicationProcess.doPublish(PublicationProcess.java:488)
	at org.hl7.fhir.igtools.web.PublicationProcess.publishInner2(PublicationProcess.java:405)
	at org.hl7.fhir.igtools.web.PublicationProcess.publishInner(PublicationProcess.java:243)
	at org.hl7.fhir.igtools.web.PublicationProcess.publish(PublicationProcess.java:124)
	at org.hl7.fhir.igtools.publisher.Publisher.main(Publisher.java:12767)
Caused by: java.lang.IllegalArgumentException: Url http://hl7.org/fhir/5.0/StructureDefinition/extension-NamingSystem.url must have only one match
	at org.apache.commons.lang3.Validate.isTrue(Validate.java:572)
	at org.hl7.fhir.r4.model.DomainResource.getExtensionByUrl(DomainResource.java:577)
	at org.hl7.fhir.convertors.conv40_50.resources40_50.NamingSystem40_50.convertNamingSystem(NamingSystem40_50.java:58)
	at org.hl7.fhir.convertors.conv40_50.resources40_50.Resource40_50.convertResource(Resource40_50.java:200)
	at org.hl7.fhir.convertors.conv40_50.VersionConvertor_40_50.convertResource(VersionConvertor_40_50.java:77)
	at org.hl7.fhir.convertors.factory.VersionConvertorFactory_40_50.convertResource(VersionConvertorFactory_40_50.java:15)
	at org.hl7.fhir.convertors.factory.VersionConvertorFactory_40_50.convertResource(VersionConvertorFactory_40_50.java:10)
	at org.hl7.fhir.convertors.loaders.loaderR5.R4ToR5Loader.loadResource(R4ToR5Loader.java:119)
	at org.hl7.fhir.r5.context.SimpleWorkerContext$PackageResourceLoader.loadResource(SimpleWorkerContext.java:118)
	... 33 more
Unable to generate snapshot @2 for Definition from noname because Profile Definition (http://hl7.org/fhir/StructureDefinition/Definition) has no base and no snapshot
Unable to generate snapshot @2 for Event from noname because Profile Event (http://hl7.org/fhir/StructureDefinition/Event) has no base and no snapshot
Unable to generate snapshot @2 for FiveWs from noname because Profile FiveWs (http://hl7.org/fhir/StructureDefinition/FiveWs) has no base and no snapshot
Unable to generate snapshot @2 for Request from noname because Profile Request (http://hl7.org/fhir/StructureDefinition/Request) has no base and no snapshot
Check profiles & code systems                                                                        (00:14.289 / 00:49.224, 1Gb)
Check realm rules                                                                                    (00:00.005 / 00:49.229, 1Gb)
Previous Version Comparison                                                                          (00:00.001 / 00:49.230, 1Gb)
Unable to generate snapshot @1 for Definition from noname because Profile Definition (http://hl7.org/fhir/StructureDefinition/Definition) has no base and no snapshot
Unable to generate snapshot @1 for Event from noname because Profile Event (http://hl7.org/fhir/StructureDefinition/Event) has no base and no snapshot
Unable to generate snapshot @1 for FiveWs from noname because Profile FiveWs (http://hl7.org/fhir/StructureDefinition/FiveWs) has no base and no snapshot
Unable to generate snapshot @1 for Request from noname because Profile Request (http://hl7.org/fhir/StructureDefinition/Request) has no base and no snapshot
Validating Resources                                                                                 (00:05.180 / 00:54.410, 1Gb)
Processing Provenance Records                                                                        (00:00.646 / 00:55.057, 1Gb)
Generating Outputs in /tmp/ans.fhir.fr.sas#1.1.0/output                                              (00:00.001 / 00:55.058, 1Gb)
Generate Native Outputs                                                                              (00:00.102 / 00:55.160, 1Gb)
Run Template                                                                                         (00:09.308 / 01:04.468, 1Gb)

onGenerate.checkVersions:
     [xslt] Processing /tmp/ans.fhir.fr.sas#1.1.0/template/onGenerate-ig-working.xml to /tmp/ans.fhir.fr.sas#1.1.0/template/versions.txt
     [xslt] Loading stylesheet /tmp/ans.fhir.fr.sas#1.1.0/template/scripts/onGenerate.getVersions.xslt

onGenerate.r5-schemas:
      [get] Getting: http://build.fhir.org/fhir-single.xsd
      [get] To: /tmp/ans.fhir.fr.sas#1.1.0/input-cache/schemas/R5/fhir-single.xsd
      [get] Not modified - so not downloaded
      [get] Getting: http://build.fhir.org/fhir-xhtml.xsd
      [get] To: /tmp/ans.fhir.fr.sas#1.1.0/input-cache/schemas/R5/fhir-xhtml.xsd
      [get] Not modified - so not downloaded
      [get] Getting: http://build.fhir.org/xml.xsd
      [get] To: /tmp/ans.fhir.fr.sas#1.1.0/input-cache/schemas/R5/xml.xsd
      [get] Not modified - so not downloaded
      [get] Getting: http://build.fhir.org/xmldsig-core-schema.xsd
      [get] To: /tmp/ans.fhir.fr.sas#1.1.0/input-cache/schemas/R5/xmldsig-core-schema.xsd
      [get] Not modified - so not downloaded

onGenerate.r4-schemas:
      [get] Getting: http://hl7.org/fhir/R4/fhir-single.xsd
      [get] To: /tmp/ans.fhir.fr.sas#1.1.0/input-cache/schemas/R4/fhir-single.xsd
      [get] Not modified - so not downloaded
      [get] Getting: http://hl7.org/fhir/R4/fhir-xhtml.xsd
      [get] To: /tmp/ans.fhir.fr.sas#1.1.0/input-cache/schemas/R4/fhir-xhtml.xsd
      [get] Not modified - so not downloaded
      [get] Getting: http://hl7.org/fhir/R4/xml.xsd
      [get] To: /tmp/ans.fhir.fr.sas#1.1.0/input-cache/schemas/R4/xml.xsd
      [get] Not modified - so not downloaded
      [get] Getting: http://hl7.org/fhir/R4/xmldsig-core-schema.xsd
      [get] To: /tmp/ans.fhir.fr.sas#1.1.0/input-cache/schemas/R4/xmldsig-core-schema.xsd
      [get] Not modified - so not downloaded

onGenerate.r3-schemas:

onGenerate.r2b-schemas:

onGenerate.r2-schemas:

onGenerate.schemas:

onGenerate.data:
     [xslt] Processing /tmp/ans.fhir.fr.sas#1.1.0/template/onGenerate-ig-working.xml to /tmp/ans.fhir.fr.sas#1.1.0/temp/pages/_data/artifacts.json
     [xslt] Loading stylesheet /tmp/ans.fhir.fr.sas#1.1.0/template/scripts/onGenerate.data.xslt

onGenerate.setup:

onGenerate.infoFile:
     [xslt] Processing /tmp/ans.fhir.fr.sas#1.1.0/template/onGenerate-ig-working.xml to /tmp/ans.fhir.fr.sas#1.1.0/temp/pages/_data/info.json
     [xslt] Loading stylesheet /tmp/ans.fhir.fr.sas#1.1.0/template/scripts/onGenerate.genJson.xslt

onGenerate.processIncludes:
     [copy] Copying 16 files to /tmp/ans.fhir.fr.sas#1.1.0/temp/pages/_includes

onGenerate.processIg:
     [xslt] Processing /tmp/ans.fhir.fr.sas#1.1.0/template/onGenerate-ig-working.xml to /tmp/ans.fhir.fr.sas#1.1.0/template/onGenerate-ig-working.1.xml
     [xslt] Loading stylesheet /tmp/ans.fhir.fr.sas#1.1.0/template/scripts/onGenerate.group.xslt
     [xslt] Processing /tmp/ans.fhir.fr.sas#1.1.0/template/onGenerate-ig-working.1.xml to /tmp/ans.fhir.fr.sas#1.1.0/template/onGenerate-ig-working.2.xml
     [xslt] Loading stylesheet /tmp/ans.fhir.fr.sas#1.1.0/template/scripts/onGenerate.groupSort.xslt
     [xslt] Processing /tmp/ans.fhir.fr.sas#1.1.0/template/onGenerate-ig-working.2.xml to /tmp/ans.fhir.fr.sas#1.1.0/template/onGenerate-ig-updated.xml
     [xslt] Loading stylesheet /tmp/ans.fhir.fr.sas#1.1.0/template/scripts/onGenerate.final.xslt

onGenerate.igQa:
     [xslt] Processing /tmp/ans.fhir.fr.sas#1.1.0/template/onGenerate-ig-updated.xml to /tmp/ans.fhir.fr.sas#1.1.0/template/ongenerate-validation-igqa.json
     [xslt] Loading stylesheet /tmp/ans.fhir.fr.sas#1.1.0/template/scripts/onGenerate.qa.xslt

onGenerate.artifactList:
     [xslt] Processing /tmp/ans.fhir.fr.sas#1.1.0/template/onGenerate-ig-updated.xml to /tmp/ans.fhir.fr.sas#1.1.0/temp/pages/_includes/artifacts.xml
     [xslt] Loading stylesheet /tmp/ans.fhir.fr.sas#1.1.0/template/scripts/createArtifactSummary.xslt

check-plantumlfiles:

onGenerate.plantUml.ig:

onGenerate.plantUml.template:

onGenerate.plantUml:

onGenerate.copyDataFiles:

onGenerate.extend:

onGenerate:
Template Done                                                                                        (00:02.397 / 01:06.866, 1Gb)
Generate HTML Outputs                                                                                (00:00.001 / 01:06.867, 1Gb)
ERROR StatusLogger Log4j2 could not find a logging implementation. Please add log4j-core to the classpath. Using SimpleLogger to log to the console...
org.hl7.fhir.exceptions.FHIRException: Error loading /home/runner/.fhir/packages/hl7.terminology.r4#6.1.0/package/NamingSystem-ILRSpeakingSkillScale.json: Url http://hl7.org/fhir/5.0/StructureDefinition/extension-NamingSystem.url must have only one match
	at org.hl7.fhir.r5.context.SimpleWorkerContext$PackageResourceLoader.loadResource(SimpleWorkerContext.java:126)
	at org.hl7.fhir.r5.context.CanonicalResourceManager$CanonicalResourceProxy.getResource(CanonicalResourceManager.java:98)
	at org.hl7.fhir.r5.context.CanonicalResourceManager$CachedCanonicalResource.getResource(CanonicalResourceManager.java:158)
	at org.hl7.fhir.r5.context.CanonicalResourceManager.getList(CanonicalResourceManager.java:696)
	at org.hl7.fhir.r5.context.BaseWorkerContext.fetchResourcesByType(BaseWorkerContext.java:2509)
	at org.hl7.fhir.igtools.renderers.ValueSetRenderer.xref(ValueSetRenderer.java:112)
	at org.hl7.fhir.igtools.publisher.Publisher.generateOutputsValueSet(Publisher.java:11716)
	at org.hl7.fhir.igtools.publisher.Publisher.generateResourceHtml(Publisher.java:10788)
	at org.hl7.fhir.igtools.publisher.Publisher.generateHtmlOutputs(Publisher.java:10535)
	at org.hl7.fhir.igtools.publisher.Publisher.generate(Publisher.java:7587)
	at org.hl7.fhir.igtools.publisher.Publisher.createIg(Publisher.java:1196)
	at org.hl7.fhir.igtools.publisher.Publisher.execute(Publisher.java:1018)
	at org.hl7.fhir.igtools.publisher.Publisher.main(Publisher.java:13022)
	at org.hl7.fhir.igtools.web.PublicationProcess.runBuild(PublicationProcess.java:911)
	at org.hl7.fhir.igtools.web.PublicationProcess.doPublish(PublicationProcess.java:488)
	at org.hl7.fhir.igtools.web.PublicationProcess.publishInner2(PublicationProcess.java:405)
	at org.hl7.fhir.igtools.web.PublicationProcess.publishInner(PublicationProcess.java:243)
	at org.hl7.fhir.igtools.web.PublicationProcess.publish(PublicationProcess.java:124)
	at org.hl7.fhir.igtools.publisher.Publisher.main(Publisher.java:12767)
Caused by: java.lang.IllegalArgumentException: Url http://hl7.org/fhir/5.0/StructureDefinition/extension-NamingSystem.url must have only one match
	at org.apache.commons.lang3.Validate.isTrue(Validate.java:572)
	at org.hl7.fhir.r4.model.DomainResource.getExtensionByUrl(DomainResource.java:577)
	at org.hl7.fhir.convertors.conv40_50.resources40_50.NamingSystem40_50.convertNamingSystem(NamingSystem40_50.java:58)
	at org.hl7.fhir.convertors.conv40_50.resources40_50.Resource40_50.convertResource(Resource40_50.java:200)
	at org.hl7.fhir.convertors.conv40_50.VersionConvertor_40_50.convertResource(VersionConvertor_40_50.java:77)
	at org.hl7.fhir.convertors.factory.VersionConvertorFactory_40_50.convertResource(VersionConvertorFactory_40_50.java:15)
	at org.hl7.fhir.convertors.factory.VersionConvertorFactory_40_50.convertResource(VersionConvertorFactory_40_50.java:10)
	at org.hl7.fhir.convertors.loaders.loaderR5.R4ToR5Loader.loadResource(R4ToR5Loader.java:119)
	at org.hl7.fhir.r5.context.SimpleWorkerContext$PackageResourceLoader.loadResource(SimpleWorkerContext.java:118)
	... 18 more
XSLT Error: Error reported by XML parser
Exception generating xslt page /tmp/ans.fhir.fr.sas#1.1.0/temp/pages/_includes/specifications_techniques.txt for _includes/specifications_techniques.txt in /tmp/ans.fhir.fr.sas#1.1.0/temp/pages: org.xml.sax.SAXParseException; lineNumber: 1; columnNumber: 1; Content is not allowed in prolog. (00:17.008 / 01:23.875, 1Gb)
Generate Summaries                                                                                   (00:01.063 / 01:24.939, 1Gb)
Generating Summary Outputs                                                                           (00:00.001 / 01:24.940, 1Gb)
DB Cumulative Time invested: 00:00:00.269
Sending Usage Stats to Server                                                                        (00:05.062 / 01:30.002, 2Gb)
## Memory (MB): Use = 2071, Free = 254, Total = 2326, Max = 3996                                     (00:00.004 / 01:30.006, 2Gb)
Reclaiming memory...                                                                                 (00:00.001 / 01:30.007, 2Gb)
## Memory (MB): Use = 1421, Free = 956, Total = 2378, Max = 3996                                     (00:00.682 / 01:30.689, 1Gb)
Run jekyll: jekyll build --destination "/tmp/ans.fhir.fr.sas#1.1.0/output" (in folder /tmp/ans.fhir.fr.sas#1.1.0/temp/pages) (00:00.001 / 01:30.691, 1Gb)
Troubleshooting Note: usual cases for Jekyll to fail are:                                            (00:00.001 / 01:30.692, 1Gb)
* A failure to produce a fragment that is already logged in the output above                         (00:00.001 / 01:30.694, 1Gb)
* A reference to a manually edited file that hasn't been provided                                    (00:00.000 / 01:30.695, 1Gb)
Jekyll: Source: /tmp/ans.fhir.fr.sas#1.1.0/temp/pages                                                (00:00.389 / 01:31.084, 1Gb)
Jekyll: Generating...                                                                                (00:00.000 / 01:31.085, 1Gb)
Jekyll: done in 2.757 seconds.                                                                       (00:02.755 / 01:33.840, 1Gb)

Installing ans.fhir.fr.sas#1.1.0 done.
Checking Output HTML                                                                                 (00:03.158 / 01:36.999, 1Gb)
found 1468 files                                                                                     (00:00.006 / 01:37.005, 1Gb)
........................................
........................................
  ... 1468 html files, 0 pages invalid xhtml (0%)                                                    (00:13.824 / 01:50.830, 1Gb)
  ... 387761 links, 0 broken links (0%)                                                              (00:00.000 / 01:50.831, 1Gb)
Generate fragment-usage-analysis.csv                                                                 (00:00.000 / 01:50.831, 1Gb)
Build final .zip                                                                                     (00:00.005 / 01:50.837, 1Gb)
Final .zip built                                                                                     (00:02.964 / 01:53.801, 1Gb)
Built. Times: loading: 00:01.629, generate: 01:25.295, narrative generation: 00:01.192, realm-rules: 00:00.001, previous-version: 00:05.151, jekyll: 00:03.178, validation: 00:14.912 (#79), template: 00:02.396 (#3) (00:03.638 / 01:57.440, 1Gb)
Generating QA                                                                                        (00:00.001 / 01:57.441, 1Gb)
Internal error in location for message: 'Error @1, 1: Found / expecting a token name', loc = '/tmp/ans.fhir.fr.sas#1.1.0/output/searchform.html#/html/body/div/div/div/a/img/div/a/img/div/p/img/f', err = 'The <script> containing the javascript '$( document ).ready('... is illegal and not allowed on the H'
Internal error in location for message: 'Error @1, 1: Found / expecting a token name', loc = '/tmp/ans.fhir.fr.sas#1.1.0/output/specifications_techniques-cpts-gestion_rdv.html', err = 'The html source has duplicate anchor Ids: _ftn1,_ftnref1'
Internal error in location for message: 'Error @1, 1: Found / expecting a token name', loc = '/tmp/ans.fhir.fr.sas#1.1.0/output/specifications_techniques-ps-gestion_rdv.html', err = 'The html source has duplicate anchor Ids: _ftn1,_ftnref1'
Internal error in location for message: 'Error @1, 1: Found / expecting a token name', loc = '/tmp/ans.fhir.fr.sas#1.1.0/output/specifications_techniques-sos-gestion_rdv.html', err = 'The html source has duplicate anchor Ids: _ftn1,_ftnref1'
Validation output in /tmp/ans.fhir.fr.sas#1.1.0/output/qa.html
Errors: 19, Warnings: 106, Info: 110, Broken Links: 0 (00:02.786 / 02:00.228, 1Gb)
Finished. Max Memory Used = 2Gb. Log file saved in /tmp/fhir-ig-publisher-tmp.log                    (00:00.011 / 02:00.240, 1Gb)
Prepare Build space in /tmp/ans.fhir.fr.sas#1.1.0-milestone
Build IG at /home/runner/work/IG-fhir-service-acces-aux-soins/IG-fhir-service-acces-aux-soins/./igSource: final copy suitable for publication (in /tmp/ans.fhir.fr.sas#1.1.0-milestone) (milestone build)
FHIR IG Publisher Version 1.6.20 (Git# 7bbd1ce5defe). Built 2024-08-13T18:33:37.376Z (118 days old) 
Detected Java version: 17.0.10 from /opt/hostedtoolcache/Java_Microsoft_jdk/17.0.10/x64 on Linux/amd64 (64bit). 3996MB available
dir = /home/runner/work/IG-fhir-service-acces-aux-soins/IG-fhir-service-acces-aux-soins, path = /opt/hostedtoolcache/Ruby/3.3.6/x64/bin:/usr/share/dotnet:/opt/hostedtoolcache/node/20.18.1/x64/bin:/opt/hostedtoolcache/Java_Microsoft_jdk/17.0.10/x64/bin:/snap/bin:/home/runner/.local/bin:/opt/pipx_bin:/home/runner/.cargo/bin:/home/runner/.config/composer/vendor/bin:/usr/local/.ghcup/bin:/home/runner/.dotnet/tools:/usr/local/sbin:/usr/local/bin:/usr/sbin:/usr/bin:/sbin:/bin:/usr/games:/usr/local/games:/snap/bin
Parameters: -ig /tmp/ans.fhir.fr.sas#1.1.0-milestone -publish https://interop.esante.gouv.fr/ig/fhir/sas/1.1.0 -milestone -no-exit
Start Clock @ Tuesday, December 10, 2024 at 11:32:34 AM Coordinated Universal Time (2024-12-10T11:32:34Z)
                                                                                                    
Build FHIR IG from /tmp/ans.fhir.fr.sas#1.1.0-milestone                                              (00:00.003 / 00:00.003, 1Gb)
Build Formal Publication package, intended for https://interop.esante.gouv.fr/ig/fhir/sas/1.1.0      (00:00.001 / 00:00.004, 1Gb)
API keys loaded from /home/runner/.fhir/fhir-settings.json                                           (00:00.000 / 00:00.005, 1Gb)
Package Cache: /home/runner/.fhir/packages                                                           (00:00.000 / 00:00.006, 1Gb)
Run Sushi on /tmp/ans.fhir.fr.sas#1.1.0-milestone                                                    (00:00.000 / 00:00.006, 1Gb)
Sushi: info  Running SUSHI v3.12.1 (implements FHIR Shorthand specification v3.0.0)                  (00:00.383 / 00:00.390, 1Gb)
Sushi: info  Arguments:                                                                              (00:00.000 / 00:00.391, 1Gb)
Sushi: info    --require-latest                                                                      (00:00.000 / 00:00.392, 1Gb)
Sushi: info    --out /tmp/ans.fhir.fr.sas#1.1.0-milestone                                            (00:00.000 / 00:00.392, 1Gb)
Sushi: info    /tmp/ans.fhir.fr.sas#1.1.0-milestone                                                  (00:00.001 / 00:00.394, 1Gb)
Sushi: info  Using configuration file: /tmp/ans.fhir.fr.sas#1.1.0-milestone/sushi-config.yaml        (00:00.374 / 00:00.768, 1Gb)
Sushi: warn  Configuration property menu/Spécif. techniques has a value with an unexpected type.     (00:00.104 / 00:00.873, 1Gb)
Sushi: warn  Configuration property menu/Spécif. techniques/________ PS indiv. ________ has a value with an unexpected type. (00:00.001 / 00:00.874, 1Gb)
Sushi: warn  Configuration property menu/Spécif. techniques/_________ CPTS _________ has a value with an unexpected type. (00:00.001 / 00:00.875, 1Gb)
Sushi: warn  Configuration property menu/Spécif. techniques/________ SOS Médecins ________ has a value with an unexpected type. (00:00.001 / 00:00.876, 1Gb)
Sushi: info  Importing FSH text...                                                                   (00:00.001 / 00:00.877, 1Gb)
Sushi: info  Preprocessed 82 documents with 8 aliases.                                               (00:00.231 / 00:01.109, 1Gb)
Sushi: info  Imported 26 definitions and 55 instances.                                               (00:00.030 / 00:01.139, 1Gb)
Sushi: info  Checking /home/runner/.fhir/packages for hl7.fhir.uv.tools#current...                   (00:00.001 / 00:01.140, 1Gb)
Sushi: info  Found hl7.fhir.uv.tools#current in /home/runner/.fhir/packages.                         (00:00.041 / 00:01.182, 1Gb)
Sushi: info  Loaded package hl7.fhir.uv.tools#current                                                (00:00.577 / 00:01.759, 1Gb)
Sushi: info  Checking /home/runner/.fhir/packages for hl7.terminology.r4#6.1.0...                    (00:00.610 / 00:02.370, 1Gb)
Sushi: info  Found hl7.terminology.r4#6.1.0 in /home/runner/.fhir/packages.                          (00:00.530 / 00:02.901, 1Gb)
Sushi: info  Loaded package hl7.terminology.r4#6.1.0                                                 (00:00.000 / 00:02.901, 1Gb)
Sushi: info  Checking /home/runner/.fhir/packages for hl7.fhir.uv.extensions.r4#5.1.0...             (00:00.157 / 00:03.059, 1Gb)
Sushi: info  Found hl7.fhir.uv.extensions.r4#5.1.0 in /home/runner/.fhir/packages.                   (00:00.550 / 00:03.610, 1Gb)
Sushi: info  Loaded package hl7.fhir.uv.extensions.r4#5.1.0                                          (00:00.000 / 00:03.611, 1Gb)
Sushi: info  Checking /home/runner/.fhir/packages for hl7.fhir.fr.core#1.1.0...                      (00:00.000 / 00:03.612, 1Gb)
Sushi: info  Found hl7.fhir.fr.core#1.1.0 in /home/runner/.fhir/packages.                            (00:00.487 / 00:04.099, 1Gb)
Sushi: info  Loaded package hl7.fhir.fr.core#1.1.0                                                   (00:00.000 / 00:04.100, 1Gb)
Sushi: info  Loading supplemental version of FHIR to support extensions from hl7.fhir.extensions.r5  (00:00.000 / 00:04.101, 1Gb)
Sushi: info  Checking /home/runner/.fhir/packages for hl7.fhir.r5.core#5.0.0...                      (00:00.000 / 00:04.102, 1Gb)
Sushi: info  Found hl7.fhir.r5.core#5.0.0 in /home/runner/.fhir/packages.                            (00:00.506 / 00:04.608, 1Gb)
Sushi: info  Loaded package hl7.fhir.r5.core#5.0.0                                                   (00:00.000 / 00:04.609, 1Gb)
Sushi: info  Checking /home/runner/.fhir/packages for ans.fr.nos#1.3.0...                            (00:00.000 / 00:04.610, 1Gb)
Sushi: info  Found ans.fr.nos#1.3.0 in /home/runner/.fhir/packages.                                  (00:00.705 / 00:05.316, 1Gb)
Sushi: info  Loaded package ans.fr.nos#1.3.0                                                         (00:00.001 / 00:05.317, 1Gb)
Sushi: info  Checking /home/runner/.fhir/packages for hl7.fhir.r4.core#4.0.1...                      (00:00.000 / 00:05.318, 1Gb)
Sushi: info  Found hl7.fhir.r4.core#4.0.1 in /home/runner/.fhir/packages.                            (00:01.389 / 00:06.707, 1Gb)
Sushi: info  Loaded package hl7.fhir.r4.core#4.0.1                                                   (00:00.000 / 00:06.708, 1Gb)
Sushi: info  Converting FSH to FHIR resources...                                                     (00:00.036 / 00:06.745, 1Gb)
Sushi: info  Converted 19 FHIR StructureDefinitions.                                                 (00:01.140 / 00:07.885, 1Gb)
Sushi: info  Converted 7 FHIR ValueSets.                                                             (00:00.091 / 00:07.977, 1Gb)
Sushi: info  Converted 55 FHIR instances.                                                            (00:02.035 / 00:10.012, 1Gb)
Sushi: info  Exporting FHIR resources as JSON...                                                     (00:00.000 / 00:10.013, 1Gb)
Sushi: info  Exported 78 FHIR resources as JSON.                                                     (00:00.095 / 00:10.109, 1Gb)
Sushi: info  Assembling Implementation Guide sources...                                              (00:00.002 / 00:10.111, 1Gb)
Sushi: warn  Files not in the supported file types (.md and .xml) were detected. These files will be included without any processing. (00:00.021 / 00:10.133, 1Gb)
Sushi:   File: /tmp/ans.fhir.fr.sas#1.1.0-milestone/input/pagecontent                                (00:00.001 / 00:10.134, 1Gb)
Sushi: info  Generated ImplementationGuide-ans.fhir.fr.sas.json                                      (00:00.002 / 00:10.136, 1Gb)
Sushi: info  Assembled Implementation Guide sources; ready for IG Publisher.                         (00:00.000 / 00:10.137, 1Gb)
Sushi: ========================= SUSHI RESULTS ===========================                           (00:00.000 / 00:10.138, 1Gb)
Sushi: |  -------------------------------------------------------------  |                           (00:00.000 / 00:10.138, 1Gb)
Sushi: | |    Profiles   |  Extensions  |   Logicals   |   Resources   | |                           (00:00.000 / 00:10.139, 1Gb)
Sushi: | |-------------------------------------------------------------| |                           (00:00.000 / 00:10.140, 1Gb)
Sushi: | |      18       |      1       |      0       |       0       | |                           (00:00.000 / 00:10.141, 1Gb)
Sushi: |  -------------------------------------------------------------  |                           (00:00.000 / 00:10.142, 1Gb)
Sushi: |  -------------------------------------------------------------  |                           (00:00.001 / 00:10.143, 1Gb)
Sushi: | |      ValueSets     |    CodeSystems    |     Instances      | |                           (00:00.000 / 00:10.143, 1Gb)
Sushi: | |-------------------------------------------------------------| |                           (00:00.000 / 00:10.144, 1Gb)
Sushi: | |         7          |         0         |         55         | |                           (00:00.000 / 00:10.145, 1Gb)
Sushi: |  -------------------------------------------------------------  |                           (00:00.000 / 00:10.146, 1Gb)
Sushi: |                                                                 |                           (00:00.000 / 00:10.147, 1Gb)
Sushi: ===================================================================                           (00:00.000 / 00:10.147, 1Gb)
Sushi: | Warnings... Water those about?         0 Errors      5 Warnings |                           (00:00.000 / 00:10.148, 1Gb)
Sushi: ===================================================================                           (00:00.000 / 00:10.149, 1Gb)
Unable to load IG as an r5 IG - try R4 (property code is a class com.google.gson.JsonPrimitive looking for an object) (00:00.029 / 00:10.178, 1Gb)
Load Template from https://github.com/ansforge/IG-template                                           (00:00.024 / 00:10.202, 1Gb)
 Load Template from fhir.base.template#current                                                       (00:00.511 / 00:10.713, 1Gb)

onLoad.findSpreadsheets:

onLoad.updateIg:
     [xslt] Processing /tmp/ans.fhir.fr.sas#1.1.0-milestone/template/onLoad-ig-working.xml to /tmp/ans.fhir.fr.sas#1.1.0-milestone/template/onLoad-ig-updated.xml
     [xslt] Loading stylesheet /tmp/ans.fhir.fr.sas#1.1.0-milestone/template/scripts/onLoad.xslt

onLoad.extend:

onLoad:
Root directory: /tmp/ans.fhir.fr.sas#1.1.0-milestone                                                 (00:02.038 / 00:12.752, 2Gb)
Terminology Cache is at /tmp/ans.fhir.fr.sas#1.1.0-milestone/input-cache/txcache. 9 files in cache   (00:00.610 / 00:13.363, 2Gb)
Core Package hl7.fhir.r4.core#4.0.1
Unable to generate snapshot @2 for Definition from noname because Profile Definition (http://hl7.org/fhir/StructureDefinition/Definition) has no base and no snapshot
Unable to generate snapshot @2 for Event from noname because Profile Event (http://hl7.org/fhir/StructureDefinition/Event) has no base and no snapshot
Unable to generate snapshot @2 for FiveWs from noname because Profile FiveWs (http://hl7.org/fhir/StructureDefinition/FiveWs) has no base and no snapshot
Unable to generate snapshot @2 for Request from noname because Profile Request (http://hl7.org/fhir/StructureDefinition/Request) has no base and no snapshot
Running Terminology Log: /tmp/ohfu-fhir-ig-5291409677082504337.log
Connect to Terminology Server at http://tx.fhir.org                                                  (00:01.214 / 00:14.577, 1Gb)
Load Package hl7.fhir.pubpack#0.1.8
Load Package hl7.fhir.xver-extensions#0.1.0
Load Package hl7.terminology.r4#6.1.0
Load Package hl7.fhir.uv.extensions.r4#5.1.0
Load Package hl7.fhir.fr.core#1.1.0
Load Package hl7.terminology.r4#6.0.2
Load Package ans.fr.nos#1.3.0
Version mismatch. This IG is version 4.0.1, while the IG 'hl7.fhir.uv.tools' is from version 5.0.0 (will try to run anyway) (00:03.502 / 00:18.080, 1Gb)
Load Package hl7.fhir.uv.tools#0.2.0
Load R5 Specials
Unable to generate snapshot @2 for Definition from noname because Profile Definition (http://hl7.org/fhir/StructureDefinition/Definition) has no base and no snapshot
Unable to generate snapshot @2 for Event from noname because Profile Event (http://hl7.org/fhir/StructureDefinition/Event) has no base and no snapshot
Unable to generate snapshot @2 for FiveWs from noname because Profile FiveWs (http://hl7.org/fhir/StructureDefinition/FiveWs) has no base and no snapshot
Unable to generate snapshot @2 for Request from noname because Profile Request (http://hl7.org/fhir/StructureDefinition/Request) has no base and no snapshot
Initialization complete                                                                              (00:00.392 / 00:18.472, 1Gb)
Load Content                                                                                         (00:00.000 / 00:18.473, 1Gb)
Using fr_FR as the default narrative language. (inferred from ImplementationGuide.jurisdiction=FR)   (00:00.009 / 00:18.483, 1Gb)
loadPrePages from FetchedFile[/tmp/ans.fhir.fr.sas#1.1.0-milestone/fsh-generated/includes] as /tmp/ans.fhir.fr.sas#1.1.0-milestone/fsh-generated/includes
loadPrePages from FetchedFile[/tmp/ans.fhir.fr.sas#1.1.0-milestone/input/data] as /tmp/ans.fhir.fr.sas#1.1.0-milestone/input/data
loadPrePages from FetchedFile[/tmp/ans.fhir.fr.sas#1.1.0-milestone/input/pagecontent] as /tmp/ans.fhir.fr.sas#1.1.0-milestone/input/pagecontent
Fetch https://interop.esante.gouv.fr/ig/fhir/sas/package-list.json for version check                 (00:00.396 / 00:18.879, 1Gb)
Processing Conformance Resources                                                                     (00:00.783 / 00:19.663, 1Gb)
Load Dependency Info                                                                                 (00:00.002 / 00:19.665, 1Gb)
Load Info                                                                                            (00:00.000 / 00:19.666, 1Gb)
Load Resources                                                                                       (00:00.000 / 00:19.666, 1Gb)
Load Paths                                                                                           (00:00.227 / 00:19.894, 1Gb)
Generating Snapshots                                                                                 (00:00.001 / 00:19.895, 1Gb)
Check R4 / R4B                                                                                       (00:01.366 / 00:21.262, 2Gb)
Assign Comparison Ids                                                                                (00:00.012 / 00:21.274, 2Gb)
Propagating status                                                                                   (00:00.001 / 00:21.276, 2Gb)
Generating Narratives                                                                                (00:00.000 / 00:21.276, 2Gb)
Validating Conformance Resources                                                                     (00:00.746 / 00:22.023, 1Gb)
Unable to generate snapshot @2 for Definition from noname because Profile Definition (http://hl7.org/fhir/StructureDefinition/Definition) has no base and no snapshot
Unable to generate snapshot @2 for Event from noname because Profile Event (http://hl7.org/fhir/StructureDefinition/Event) has no base and no snapshot
Unable to generate snapshot @2 for FiveWs from noname because Profile FiveWs (http://hl7.org/fhir/StructureDefinition/FiveWs) has no base and no snapshot
Unable to generate snapshot @2 for Request from noname because Profile Request (http://hl7.org/fhir/StructureDefinition/Request) has no base and no snapshot
Check profiles & code systems                                                                        (00:10.941 / 00:32.965, 2Gb)
Check realm rules                                                                                    (00:00.003 / 00:32.968, 2Gb)
Previous Version Comparison                                                                          (00:00.000 / 00:32.969, 2Gb)
Unable to generate snapshot @1 for Definition from noname because Profile Definition (http://hl7.org/fhir/StructureDefinition/Definition) has no base and no snapshot
Unable to generate snapshot @1 for Event from noname because Profile Event (http://hl7.org/fhir/StructureDefinition/Event) has no base and no snapshot
Unable to generate snapshot @1 for FiveWs from noname because Profile FiveWs (http://hl7.org/fhir/StructureDefinition/FiveWs) has no base and no snapshot
Unable to generate snapshot @1 for Request from noname because Profile Request (http://hl7.org/fhir/StructureDefinition/Request) has no base and no snapshot
Validating Resources                                                                                 (00:04.175 / 00:37.144, 2Gb)
Processing Provenance Records                                                                        (00:00.460 / 00:37.605, 2Gb)
Generating Outputs in /tmp/ans.fhir.fr.sas#1.1.0-milestone/output                                    (00:00.000 / 00:37.606, 2Gb)
Generate Native Outputs                                                                              (00:00.070 / 00:37.676, 2Gb)
Run Template                                                                                         (00:09.220 / 00:46.897, 2Gb)

onGenerate.checkVersions:
     [xslt] Processing /tmp/ans.fhir.fr.sas#1.1.0-milestone/template/onGenerate-ig-working.xml to /tmp/ans.fhir.fr.sas#1.1.0-milestone/template/versions.txt
     [xslt] Loading stylesheet /tmp/ans.fhir.fr.sas#1.1.0-milestone/template/scripts/onGenerate.getVersions.xslt

onGenerate.r5-schemas:
      [get] Getting: http://build.fhir.org/fhir-single.xsd
      [get] To: /tmp/ans.fhir.fr.sas#1.1.0-milestone/input-cache/schemas/R5/fhir-single.xsd
      [get] Not modified - so not downloaded
      [get] Getting: http://build.fhir.org/fhir-xhtml.xsd
      [get] To: /tmp/ans.fhir.fr.sas#1.1.0-milestone/input-cache/schemas/R5/fhir-xhtml.xsd
      [get] Not modified - so not downloaded
      [get] Getting: http://build.fhir.org/xml.xsd
      [get] To: /tmp/ans.fhir.fr.sas#1.1.0-milestone/input-cache/schemas/R5/xml.xsd
      [get] Not modified - so not downloaded
      [get] Getting: http://build.fhir.org/xmldsig-core-schema.xsd
      [get] To: /tmp/ans.fhir.fr.sas#1.1.0-milestone/input-cache/schemas/R5/xmldsig-core-schema.xsd
      [get] Not modified - so not downloaded

onGenerate.r4-schemas:
      [get] Getting: http://hl7.org/fhir/R4/fhir-single.xsd
      [get] To: /tmp/ans.fhir.fr.sas#1.1.0-milestone/input-cache/schemas/R4/fhir-single.xsd
      [get] Not modified - so not downloaded
      [get] Getting: http://hl7.org/fhir/R4/fhir-xhtml.xsd
      [get] To: /tmp/ans.fhir.fr.sas#1.1.0-milestone/input-cache/schemas/R4/fhir-xhtml.xsd
      [get] Not modified - so not downloaded
      [get] Getting: http://hl7.org/fhir/R4/xml.xsd
      [get] To: /tmp/ans.fhir.fr.sas#1.1.0-milestone/input-cache/schemas/R4/xml.xsd
      [get] Not modified - so not downloaded
      [get] Getting: http://hl7.org/fhir/R4/xmldsig-core-schema.xsd
      [get] To: /tmp/ans.fhir.fr.sas#1.1.0-milestone/input-cache/schemas/R4/xmldsig-core-schema.xsd
      [get] Not modified - so not downloaded

onGenerate.r3-schemas:

onGenerate.r2b-schemas:

onGenerate.r2-schemas:

onGenerate.schemas:

onGenerate.data:
     [xslt] Processing /tmp/ans.fhir.fr.sas#1.1.0-milestone/template/onGenerate-ig-working.xml to /tmp/ans.fhir.fr.sas#1.1.0-milestone/temp/pages/_data/artifacts.json
     [xslt] Loading stylesheet /tmp/ans.fhir.fr.sas#1.1.0-milestone/template/scripts/onGenerate.data.xslt

onGenerate.setup:

onGenerate.infoFile:
     [xslt] Processing /tmp/ans.fhir.fr.sas#1.1.0-milestone/template/onGenerate-ig-working.xml to /tmp/ans.fhir.fr.sas#1.1.0-milestone/temp/pages/_data/info.json
     [xslt] Loading stylesheet /tmp/ans.fhir.fr.sas#1.1.0-milestone/template/scripts/onGenerate.genJson.xslt

onGenerate.processIncludes:
     [copy] Copying 16 files to /tmp/ans.fhir.fr.sas#1.1.0-milestone/temp/pages/_includes

onGenerate.processIg:
     [xslt] Processing /tmp/ans.fhir.fr.sas#1.1.0-milestone/template/onGenerate-ig-working.xml to /tmp/ans.fhir.fr.sas#1.1.0-milestone/template/onGenerate-ig-working.1.xml
     [xslt] Loading stylesheet /tmp/ans.fhir.fr.sas#1.1.0-milestone/template/scripts/onGenerate.group.xslt
     [xslt] Processing /tmp/ans.fhir.fr.sas#1.1.0-milestone/template/onGenerate-ig-working.1.xml to /tmp/ans.fhir.fr.sas#1.1.0-milestone/template/onGenerate-ig-working.2.xml
     [xslt] Loading stylesheet /tmp/ans.fhir.fr.sas#1.1.0-milestone/template/scripts/onGenerate.groupSort.xslt
     [xslt] Processing /tmp/ans.fhir.fr.sas#1.1.0-milestone/template/onGenerate-ig-working.2.xml to /tmp/ans.fhir.fr.sas#1.1.0-milestone/template/onGenerate-ig-updated.xml
     [xslt] Loading stylesheet /tmp/ans.fhir.fr.sas#1.1.0-milestone/template/scripts/onGenerate.final.xslt

onGenerate.igQa:
     [xslt] Processing /tmp/ans.fhir.fr.sas#1.1.0-milestone/template/onGenerate-ig-updated.xml to /tmp/ans.fhir.fr.sas#1.1.0-milestone/template/ongenerate-validation-igqa.json
     [xslt] Loading stylesheet /tmp/ans.fhir.fr.sas#1.1.0-milestone/template/scripts/onGenerate.qa.xslt

onGenerate.artifactList:
     [xslt] Processing /tmp/ans.fhir.fr.sas#1.1.0-milestone/template/onGenerate-ig-updated.xml to /tmp/ans.fhir.fr.sas#1.1.0-milestone/temp/pages/_includes/artifacts.xml
     [xslt] Loading stylesheet /tmp/ans.fhir.fr.sas#1.1.0-milestone/template/scripts/createArtifactSummary.xslt

check-plantumlfiles:

onGenerate.plantUml.ig:

onGenerate.plantUml.template:

onGenerate.plantUml:

onGenerate.copyDataFiles:

onGenerate.extend:

onGenerate:
Template Done                                                                                        (00:02.296 / 00:49.193, 2Gb)
Generate HTML Outputs                                                                                (00:00.001 / 00:49.195, 2Gb)
XSLT Error: Error reported by XML parser
Exception generating xslt page /tmp/ans.fhir.fr.sas#1.1.0-milestone/temp/pages/_includes/specifications_techniques.txt for _includes/specifications_techniques.txt in /tmp/ans.fhir.fr.sas#1.1.0-milestone/temp/pages: org.xml.sax.SAXParseException; lineNumber: 1; columnNumber: 1; Content is not allowed in prolog. (00:12.426 / 01:01.621, 2Gb)
Generate Summaries                                                                                   (00:01.066 / 01:02.688, 3Gb)
Generating Summary Outputs                                                                           (00:00.000 / 01:02.688, 3Gb)
DB Cumulative Time invested: 00:00:00.252
Sending Usage Stats to Server                                                                        (00:03.602 / 01:06.291, 3Gb)
## Memory (MB): Use = 3154, Free = 391, Total = 3546, Max = 3996                                     (00:00.001 / 01:06.292, 3Gb)
Reclaiming memory...                                                                                 (00:00.000 / 01:06.293, 3Gb)
## Memory (MB): Use = 2813, Free = 1181, Total = 3996, Max = 3996                                    (00:01.344 / 01:07.637, 2Gb)
Run jekyll: jekyll build --destination "/tmp/ans.fhir.fr.sas#1.1.0-milestone/output" (in folder /tmp/ans.fhir.fr.sas#1.1.0-milestone/temp/pages) (00:00.001 / 01:07.638, 2Gb)
Troubleshooting Note: usual cases for Jekyll to fail are:                                            (00:00.001 / 01:07.639, 2Gb)
* A failure to produce a fragment that is already logged in the output above                         (00:00.000 / 01:07.640, 2Gb)
* A reference to a manually edited file that hasn't been provided                                    (00:00.000 / 01:07.641, 2Gb)
Jekyll: Source: /tmp/ans.fhir.fr.sas#1.1.0-milestone/temp/pages                                      (00:00.368 / 01:08.010, 2Gb)
Jekyll: Generating...                                                                                (00:00.000 / 01:08.011, 2Gb)
Jekyll: done in 2.885 seconds.                                                                       (00:02.883 / 01:10.894, 2Gb)

Installing ans.fhir.fr.sas#1.1.0Checking Output HTML                                                                                 (00:02.559 / 01:13.454, 3Gb)
found 1468 files                                                                                     (00:00.008 / 01:13.462, 3Gb)
........................................
........................................
  ... 1468 html files, 0 pages invalid xhtml (0%)                                                    (00:14.061 / 01:27.523, 2Gb)
  ... 387761 links, 0 broken links (0%)                                                              (00:00.000 / 01:27.524, 2Gb)
Generate fragment-usage-analysis.csv                                                                 (00:00.000 / 01:27.525, 2Gb)
Build final .zip                                                                                     (00:00.005 / 01:27.530, 2Gb)
Final .zip built                                                                                     (00:02.989 / 01:30.520, 2Gb)
Built. Times: loading: 00:01.189, generate: 01:14.323, narrative generation: 00:00.745, realm-rules: 00:00.001, previous-version: 00:04.157, jekyll: 00:03.287, validation: 00:11.380 (#79), template: 00:02.295 (#3) (00:03.466 / 01:33.986, 3Gb)
Generating QA                                                                                        (00:00.001 / 01:33.987, 3Gb)
Internal error in location for message: 'Error @1, 1: Found / expecting a token name', loc = '/tmp/ans.fhir.fr.sas#1.1.0-milestone/output/searchform.html#/html/body/div/div/div/a/img/div/a/img/d', err = 'The <script> containing the javascript '$( document ).ready('... is illegal and not allowed on the H'
Internal error in location for message: 'Error @1, 1: Found / expecting a token name', loc = '/tmp/ans.fhir.fr.sas#1.1.0-milestone/output/specifications_techniques-cpts-gestion_rdv.html', err = 'The html source has duplicate anchor Ids: _ftn1,_ftnref1'
Internal error in location for message: 'Error @1, 1: Found / expecting a token name', loc = '/tmp/ans.fhir.fr.sas#1.1.0-milestone/output/specifications_techniques-ps-gestion_rdv.html', err = 'The html source has duplicate anchor Ids: _ftn1,_ftnref1'
Internal error in location for message: 'Error @1, 1: Found / expecting a token name', loc = '/tmp/ans.fhir.fr.sas#1.1.0-milestone/output/specifications_techniques-sos-gestion_rdv.html', err = 'The html source has duplicate anchor Ids: _ftn1,_ftnref1'
Validation output in /tmp/ans.fhir.fr.sas#1.1.0-milestone/output/qa.html
Errors: 19, Warnings: 106, Info: 110, Broken Links: 0 (00:02.692 / 01:36.680, 3Gb)
Finished. Max Memory Used = 3Gb. Log file saved in /tmp/fhir-ig-publisher-tmp.log                    (00:00.010 / 01:36.690, 3Gb)
Keep a copy of the build directory at /tmp/web-root/run-20241210/ig-build-zips/ans.fhir.fr.sas#1.1.0.zip
Sending usage stats failed: Connection timed out

ok. All checks passed. Publish v1.1.0 to /tmp/web-root/run-20241210/sas/1.1.0
Copy the IG to /tmp/web-root/run-20241210/sas/1.1.0
Update /tmp/web-root/run-20241210/sas/package-list.json
Publish Box Statement: This page is part of the Service d'Accès aux Soins (v1.1.0: trial-use - Mixed <a no-external="true" href="https://confluence.hl7.org/display/HL7/HL7+Balloting" title="Normative Standard">Normative</a> and <a no-external="true" href="https://confluence.hl7.org/display/HL7/HL7+Balloting" title="Standard for Trial-Use">STU</a>) based on <a no-external="true" href="http://hl7.org/fhir/R4">FHIR (HL7® FHIR® Standard) R4</a>. This is the current published version in its permanent home (it will always be available at this URL).  For a full list of available versions, see the <a no-external="true" href="https://interop.esante.gouv.fr/ig/fhir/sas/history.html">Directory of published versions</a>
no html insert in /tmp/web-root/run-20241210/sas/1.1.0/qa-txservers.html
  .. 502 files checked, 502 updated
  .. 223 clones checked, 446 updated
  .. 79 redirections (79 created/updated)
This is a milestone release - publish v1.1.0 to /tmp/web-root/run-20241210/sas
Publish Box Statement: This page is part of the Service d'Accès aux Soins (v1.1.0: trial-use - Mixed <a no-external="true" href="https://confluence.hl7.org/display/HL7/HL7+Balloting" title="Normative Standard">Normative</a> and <a no-external="true" href="https://confluence.hl7.org/display/HL7/HL7+Balloting" title="Standard for Trial-Use">STU</a>) based on <a no-external="true" href="http://hl7.org/fhir/R4">FHIR (HL7® FHIR® Standard) R4</a>. This is the current published version.  For a full list of available versions, see the <a no-external="true" href="https://interop.esante.gouv.fr/ig/fhir/sas/history.html">Directory of published versions</a>
no html insert in /tmp/ans.fhir.fr.sas#1.1.0-milestone/output/qa-txservers.html
  .. 502 files checked, 502 updated
  .. 223 clones checked, 446 updated
  .. 79 redirections (79 created/updated)
Check for Files to delete
  ... 0 files
Copy to new IG to /tmp/web-root/run-20241210/sas
Update history page at /tmp/web-root/run-20241210/sas from /home/runner/work/IG-fhir-service-acces-aux-soins/IG-fhir-service-acces-aux-soins/./IG-website-release/fhir-ig-history-template and ./IG-website-release/templates
Build is complete. Copy from /tmp/web-root/run-20241210
ans.fhir.fr.sas (https://interop.esante.gouv.fr/ig/fhir/sas): Service d'Accès aux Soins @ https://ansforge.github.io/IG-fhir/service-acces-aux-soins/main/ig
  candidate: trial-use Normative+trial-use 1.1.0/4.0.1 @ https://interop.esante.gouv.fr/ig/fhir/sas/1.1.0
