FHIR IG Publisher Version 1.6.11 (Git# c24a6a19351a). Built 2024-06-07T06:35:31.259Z (10 days old)
Detected Java version: 17.0.10 from /opt/hostedtoolcache/Java_Microsoft_jdk/17.0.10/x64 on amd64 (64bit). 3996MB available
dir = /home/runner/work/IG-fhir-telesurveillance/IG-fhir-telesurveillance, path = /opt/hostedtoolcache/Ruby/3.3.3/x64/bin:/usr/share/dotnet:/opt/hostedtoolcache/node/20.14.0/x64/bin:/opt/hostedtoolcache/Java_Microsoft_jdk/17.0.10/x64/bin:/snap/bin:/home/runner/.local/bin:/opt/pipx_bin:/home/runner/.cargo/bin:/home/runner/.config/composer/vendor/bin:/usr/local/.ghcup/bin:/home/runner/.dotnet/tools:/usr/local/sbin:/usr/local/bin:/usr/sbin:/usr/bin:/sbin:/bin:/usr/games:/usr/local/games:/snap/bin
Parameters: -go-publish -source ./igSource -web ./IG-website-release/www/ig/fhir -registry ./IG-website-release/ig-registry/fhir-ig-list.json -history ./IG-website-release/fhir-ig-history-template -templates ./IG-website-release/templates
---------------
Publication Run: publish ./igSource to ./IG-website-release/www/ig/fhir
Run Number: 40
Relative directory for IG is '/telesurveillance'
===== Web Publication Run Details ===============================
 Source IG: ans.fhir.fr.telesurveillance#0.1.0-ballot : https://interop.esante.gouv.fr/ig/fhir/telesurveillance (R4) from ./igSource
All checks passed. Do the publication build from /home/runner/work/IG-fhir-telesurveillance/IG-fhir-telesurveillance/./igSource and publish to /tmp/web-root/run-20240617/telesurveillance
Prepare Build space in /tmp/ans.fhir.fr.telesurveillance#0.1.0-ballot
Build IG at /home/runner/work/IG-fhir-telesurveillance/IG-fhir-telesurveillance/./igSource: final copy suitable for publication (in /tmp/ans.fhir.fr.telesurveillance#0.1.0-ballot)
FHIR IG Publisher Version 1.6.11 (Git# c24a6a19351a). Built 2024-06-07T06:35:31.259Z (10 days old)  
Detected Java version: 17.0.10 from /opt/hostedtoolcache/Java_Microsoft_jdk/17.0.10/x64 on Linux/amd64 (64bit). 3996MB available
dir = /home/runner/work/IG-fhir-telesurveillance/IG-fhir-telesurveillance, path = /opt/hostedtoolcache/Ruby/3.3.3/x64/bin:/usr/share/dotnet:/opt/hostedtoolcache/node/20.14.0/x64/bin:/opt/hostedtoolcache/Java_Microsoft_jdk/17.0.10/x64/bin:/snap/bin:/home/runner/.local/bin:/opt/pipx_bin:/home/runner/.cargo/bin:/home/runner/.config/composer/vendor/bin:/usr/local/.ghcup/bin:/home/runner/.dotnet/tools:/usr/local/sbin:/usr/local/bin:/usr/sbin:/usr/bin:/sbin:/bin:/usr/games:/usr/local/games:/snap/bin
Parameters: -ig /tmp/ans.fhir.fr.telesurveillance#0.1.0-ballot -resetTx -publish https://interop.esante.gouv.fr/ig/fhir/telesurveillance/0.1.O-ballot -no-exit
Start Clock @ Monday, June 17, 2024 at 3:45:03 PM Coordinated Universal Time (2024-06-17T15:45:03Z) 
                                                                                                    
Build FHIR IG from /tmp/ans.fhir.fr.telesurveillance#0.1.0-ballot                                    (00:00.018 / 00:00.019, 28Mb)
Build Formal Publication package, intended for https://interop.esante.gouv.fr/ig/fhir/telesurveillance/0.1.O-ballot (00:00.003 / 00:00.022, 28Mb)
API keys loaded from /home/runner/.fhir/fhir-settings.json                                           (00:00.001 / 00:00.023, 28Mb)
Package Cache: /home/runner/.fhir/packages                                                           (00:00.004 / 00:00.027, 28Mb)
Run Sushi on /tmp/ans.fhir.fr.telesurveillance#0.1.0-ballot                                          (00:00.002 / 00:00.030, 28Mb)
Sushi: info  Running SUSHI v3.11.0 (implements FHIR Shorthand specification v3.0.0-ballot)           (00:00.376 / 00:00.407, 29Mb)
Sushi: info  Arguments:                                                                              (00:00.001 / 00:00.409, 29Mb)
Sushi: info    --require-latest                                                                      (00:00.001 / 00:00.410, 29Mb)
Sushi: info    --out /tmp/ans.fhir.fr.telesurveillance#0.1.0-ballot                                  (00:00.001 / 00:00.411, 29Mb)
Sushi: info    /tmp/ans.fhir.fr.telesurveillance#0.1.0-ballot                                        (00:00.001 / 00:00.413, 29Mb)
Sushi: info  Using configuration file: /tmp/ans.fhir.fr.telesurveillance#0.1.0-ballot/sushi-config.yaml (00:00.630 / 00:01.044, 29Mb)
Sushi: info  Importing FSH text...                                                                   (00:00.118 / 00:01.162, 29Mb)
Sushi: info  Preprocessed 6 documents with 1 aliases.                                                (00:00.151 / 00:01.314, 29Mb)
Sushi: info  Imported 2 definitions and 11 instances.                                                (00:00.011 / 00:01.325, 29Mb)
Sushi: info  Checking /home/runner/.fhir/packages for hl7.fhir.uv.tools#current...                   (00:00.001 / 00:01.327, 29Mb)
Sushi: info  Found hl7.fhir.uv.tools#current in /home/runner/.fhir/packages.                         (00:00.042 / 00:01.370, 29Mb)
Sushi: info  Loaded package hl7.fhir.uv.tools#current                                                (00:00.265 / 00:01.635, 29Mb)
Sushi: info  Checking /home/runner/.fhir/packages for hl7.terminology.r4#5.5.0...                    (00:00.531 / 00:02.166, 29Mb)
Sushi: info  Found hl7.terminology.r4#5.5.0 in /home/runner/.fhir/packages.                          (00:00.547 / 00:02.714, 29Mb)
Sushi: info  Loaded package hl7.terminology.r4#5.5.0                                                 (00:00.001 / 00:02.715, 29Mb)
Sushi: info  Checking /home/runner/.fhir/packages for hl7.fhir.uv.extensions.r4#5.1.0...             (00:00.102 / 00:02.818, 29Mb)
Sushi: info  Found hl7.fhir.uv.extensions.r4#5.1.0 in /home/runner/.fhir/packages.                   (00:00.527 / 00:03.346, 29Mb)
Sushi: info  Loaded package hl7.fhir.uv.extensions.r4#5.1.0                                          (00:00.001 / 00:03.347, 29Mb)
Sushi: info  Checking /home/runner/.fhir/packages for hl7.fhir.fr.core#2.0.1...                      (00:00.000 / 00:03.348, 29Mb)
Sushi: info  Found hl7.fhir.fr.core#2.0.1 in /home/runner/.fhir/packages.                            (00:00.525 / 00:03.874, 29Mb)
Sushi: info  Loaded package hl7.fhir.fr.core#2.0.1                                                   (00:00.001 / 00:03.875, 29Mb)
Sushi: info  Checking /home/runner/.fhir/packages for hl7.fhir.r4.core#4.0.1...                      (00:00.000 / 00:03.876, 29Mb)
Sushi: info  Found hl7.fhir.r4.core#4.0.1 in /home/runner/.fhir/packages.                            (00:01.096 / 00:04.972, 29Mb)
Sushi: info  Loaded package hl7.fhir.r4.core#4.0.1                                                   (00:00.001 / 00:04.973, 29Mb)
Sushi: info  Converting FSH to FHIR resources...                                                     (00:00.036 / 00:05.010, 29Mb)
Sushi: info  Converted 1 FHIR StructureDefinitions.                                                  (00:00.266 / 00:05.276, 29Mb)
Sushi: info  Converted 1 FHIR ValueSets.                                                             (00:00.040 / 00:05.316, 29Mb)
Sushi: info  Converted 11 FHIR instances.                                                            (00:00.824 / 00:06.141, 29Mb)
Sushi: info  Exporting FHIR resources as JSON...                                                     (00:00.001 / 00:06.142, 29Mb)
Sushi: info  Exported 13 FHIR resources as JSON.                                                     (00:00.006 / 00:06.149, 29Mb)
Sushi: info  Assembling Implementation Guide sources...                                              (00:00.001 / 00:06.150, 29Mb)
Sushi: info  Generated ImplementationGuide-ans.fhir.fr.telesurveillance.json                         (00:00.023 / 00:06.173, 29Mb)
Sushi: info  Assembled Implementation Guide sources; ready for IG Publisher.                         (00:00.001 / 00:06.175, 29Mb)
Sushi: ========================= SUSHI RESULTS ===========================                           (00:00.001 / 00:06.176, 29Mb)
Sushi: |  -------------------------------------------------------------  |                           (00:00.001 / 00:06.177, 29Mb)
Sushi: | |    Profiles   |  Extensions  |   Logicals   |   Resources   | |                           (00:00.001 / 00:06.178, 29Mb)
Sushi: | |-------------------------------------------------------------| |                           (00:00.001 / 00:06.179, 29Mb)
Sushi: | |       1       |      0       |      0       |       0       | |                           (00:00.001 / 00:06.180, 29Mb)
Sushi: |  -------------------------------------------------------------  |                           (00:00.001 / 00:06.181, 29Mb)
Sushi: |  -------------------------------------------------------------  |                           (00:00.001 / 00:06.182, 29Mb)
Sushi: | |      ValueSets     |    CodeSystems    |     Instances      | |                           (00:00.001 / 00:06.183, 29Mb)
Sushi: | |-------------------------------------------------------------| |                           (00:00.001 / 00:06.184, 29Mb)
Sushi: | |         1          |         0         |         11         | |                           (00:00.001 / 00:06.185, 29Mb)
Sushi: |  -------------------------------------------------------------  |                           (00:00.001 / 00:06.186, 29Mb)
Sushi: |                                                                 |                           (00:00.001 / 00:06.187, 29Mb)
Sushi: ===================================================================                           (00:00.001 / 00:06.188, 29Mb)
Sushi: | You rock, lobster!                     0 Errors      0 Warnings |                           (00:00.001 / 00:06.189, 29Mb)
Sushi: ===================================================================                           (00:00.001 / 00:06.190, 29Mb)
Unable to load IG as an r5 IG - try R4 (property code is a class com.google.gson.JsonPrimitive looking for an object) (00:00.401 / 00:06.592, 50Mb)
Load Template from https://github.com/ansforge/IG-template/tree/for-comment-template                 (00:00.409 / 00:07.001, 30Mb)
 Load Template from fhir.base.template#current                                                       (00:01.170 / 00:08.172, 69Mb)

onLoad.findSpreadsheets:

onLoad.updateIg:
     [xslt] Processing /tmp/ans.fhir.fr.telesurveillance#0.1.0-ballot/template/onLoad-ig-working.xml to /tmp/ans.fhir.fr.telesurveillance#0.1.0-ballot/template/onLoad-ig-updated.xml
     [xslt] Loading stylesheet /tmp/ans.fhir.fr.telesurveillance#0.1.0-ballot/template/scripts/onLoad.xslt

onLoad.extend:

onLoad:
Root directory: /tmp/ans.fhir.fr.telesurveillance#0.1.0-ballot                                       (00:02.465 / 00:10.637, 113Mb)
Terminology Cache is at /tmp/ans.fhir.fr.telesurveillance#0.1.0-ballot/input-cache/txcache. Clearing now (00:00.378 / 00:11.016, 88Mb)
Core Package hl7.fhir.r4.core#4.0.1
Unable to generate snapshot @2 for Definition from noname because Profile Definition (http://hl7.org/fhir/StructureDefinition/Definition) has no base and no snapshot
Unable to generate snapshot @2 for Event from noname because Profile Event (http://hl7.org/fhir/StructureDefinition/Event) has no base and no snapshot
Unable to generate snapshot @2 for FiveWs from noname because Profile FiveWs (http://hl7.org/fhir/StructureDefinition/FiveWs) has no base and no snapshot
Unable to generate snapshot @2 for Request from noname because Profile Request (http://hl7.org/fhir/StructureDefinition/Request) has no base and no snapshot
Running Terminology Log: /tmp/ohfu-fhir-ig-2772553424511806490.log
Connect to Terminology Server at http://tx.fhir.org                                                  (00:03.602 / 00:14.618, 256Mb)
Load Package hl7.fhir.pubpack#0.1.7
Load Package hl7.fhir.xver-extensions#0.1.0
Load Package hl7.terminology.r4#5.5.0
Load Package hl7.fhir.uv.extensions.r4#5.1.0
Load Package hl7.terminology.r4#5.3.0
Load Package hl7.fhir.uv.extensions.r4#1.0.0
Load Package ans.fr.nos#1.2.0
Load Package hl7.fhir.fr.core#2.0.1
Version mismatch. This IG is version 4.0.1, while the IG 'hl7.fhir.uv.tools' is from version 5.0.0 (will try to run anyway) (00:06.919 / 00:21.538, 457Mb)
Load Package hl7.fhir.uv.tools#0.2.0
Load R5 Specials
Unable to generate snapshot @2 for Definition from noname because Profile Definition (http://hl7.org/fhir/StructureDefinition/Definition) has no base and no snapshot
Unable to generate snapshot @2 for Event from noname because Profile Event (http://hl7.org/fhir/StructureDefinition/Event) has no base and no snapshot
Unable to generate snapshot @2 for FiveWs from noname because Profile FiveWs (http://hl7.org/fhir/StructureDefinition/FiveWs) has no base and no snapshot
Unable to generate snapshot @2 for Request from noname because Profile Request (http://hl7.org/fhir/StructureDefinition/Request) has no base and no snapshot
Initialization complete                                                                              (00:00.613 / 00:22.151, 755Mb)
Load Content                                                                                         (00:00.000 / 00:22.152, 755Mb)
loadPrePages from FetchedFile[/tmp/ans.fhir.fr.telesurveillance#0.1.0-ballot/fsh-generated/includes] as /tmp/ans.fhir.fr.telesurveillance#0.1.0-ballot/fsh-generated/includes
loadPrePages from FetchedFile[/tmp/ans.fhir.fr.telesurveillance#0.1.0-ballot/input/data] as /tmp/ans.fhir.fr.telesurveillance#0.1.0-ballot/input/data
loadPrePages from FetchedFile[/tmp/ans.fhir.fr.telesurveillance#0.1.0-ballot/input/pagecontent] as /tmp/ans.fhir.fr.telesurveillance#0.1.0-ballot/input/pagecontent
Fetch https://interop.esante.gouv.fr/ig/fhir/telesurveillance/package-list.json for version check    (00:00.721 / 00:22.873, 777Mb)
Processing Conformance Resources                                                                     (00:00.442 / 00:23.316, 778Mb)
Load Dependency Info                                                                                 (00:00.002 / 00:23.318, 778Mb)
Load Info                                                                                            (00:00.001 / 00:23.320, 778Mb)
Load Resources                                                                                       (00:00.001 / 00:23.321, 779Mb)
Load Paths                                                                                           (00:00.038 / 00:23.360, 787Mb)
Generating Snapshots                                                                                 (00:00.000 / 00:23.361, 787Mb)
Check R4 / R4B                                                                                       (00:00.073 / 00:23.435, 817Mb)
Assign Comparison Ids                                                                                (00:00.005 / 00:23.440, 818Mb)
Propagating status                                                                                   (00:00.000 / 00:23.441, 818Mb)
Generating Narratives                                                                                (00:00.000 / 00:23.442, 818Mb)
Validating Conformance Resources                                                                     (00:01.285 / 00:24.727, 958Mb)
Check profiles & code systems                                                                        (00:04.736 / 00:29.464, 1Gb)
Check realm rules                                                                                    (00:00.001 / 00:29.465, 1Gb)
Previous Version Comparison                                                                          (00:00.000 / 00:29.466, 1Gb)
Validating Resources                                                                                 (00:00.010 / 00:29.476, 1Gb)
Processing Provenance Records                                                                        (00:01.468 / 00:30.944, 1Gb)
Generating Outputs in /tmp/ans.fhir.fr.telesurveillance#0.1.0-ballot/output                          (00:00.000 / 00:30.945, 1Gb)
Generate Native Outputs                                                                              (00:00.064 / 00:31.010, 1Gb)
Run Template                                                                                         (00:00.743 / 00:31.754, 1Gb)

onGenerate.checkVersions:
     [xslt] Processing /tmp/ans.fhir.fr.telesurveillance#0.1.0-ballot/template/onGenerate-ig-working.xml to /tmp/ans.fhir.fr.telesurveillance#0.1.0-ballot/template/versions.txt
     [xslt] Loading stylesheet /tmp/ans.fhir.fr.telesurveillance#0.1.0-ballot/template/scripts/onGenerate.getVersions.xslt

onGenerate.r5-schemas:
      [get] Getting: http://build.fhir.org/fhir-single.xsd
      [get] To: /tmp/ans.fhir.fr.telesurveillance#0.1.0-ballot/input-cache/schemas/R5/fhir-single.xsd
      [get] Not modified - so not downloaded
      [get] Getting: http://build.fhir.org/fhir-xhtml.xsd
      [get] To: /tmp/ans.fhir.fr.telesurveillance#0.1.0-ballot/input-cache/schemas/R5/fhir-xhtml.xsd
      [get] Not modified - so not downloaded
      [get] Getting: http://build.fhir.org/xml.xsd
      [get] To: /tmp/ans.fhir.fr.telesurveillance#0.1.0-ballot/input-cache/schemas/R5/xml.xsd
      [get] Not modified - so not downloaded
      [get] Getting: http://build.fhir.org/xmldsig-core-schema.xsd
      [get] To: /tmp/ans.fhir.fr.telesurveillance#0.1.0-ballot/input-cache/schemas/R5/xmldsig-core-schema.xsd
      [get] Not modified - so not downloaded

onGenerate.r4-schemas:
      [get] Getting: http://hl7.org/fhir/R4/fhir-single.xsd
      [get] To: /tmp/ans.fhir.fr.telesurveillance#0.1.0-ballot/input-cache/schemas/R4/fhir-single.xsd
      [get] Not modified - so not downloaded
      [get] Getting: http://hl7.org/fhir/R4/fhir-xhtml.xsd
      [get] To: /tmp/ans.fhir.fr.telesurveillance#0.1.0-ballot/input-cache/schemas/R4/fhir-xhtml.xsd
      [get] Not modified - so not downloaded
      [get] Getting: http://hl7.org/fhir/R4/xml.xsd
      [get] To: /tmp/ans.fhir.fr.telesurveillance#0.1.0-ballot/input-cache/schemas/R4/xml.xsd
      [get] Not modified - so not downloaded
      [get] Getting: http://hl7.org/fhir/R4/xmldsig-core-schema.xsd
      [get] To: /tmp/ans.fhir.fr.telesurveillance#0.1.0-ballot/input-cache/schemas/R4/xmldsig-core-schema.xsd
      [get] Not modified - so not downloaded

onGenerate.r3-schemas:

onGenerate.r2b-schemas:

onGenerate.r2-schemas:

onGenerate.schemas:

onGenerate.data:
     [xslt] Processing /tmp/ans.fhir.fr.telesurveillance#0.1.0-ballot/template/onGenerate-ig-working.xml to /tmp/ans.fhir.fr.telesurveillance#0.1.0-ballot/temp/pages/_data/artifacts.json
     [xslt] Loading stylesheet /tmp/ans.fhir.fr.telesurveillance#0.1.0-ballot/template/scripts/onGenerate.data.xslt

onGenerate.setup:

onGenerate.infoFile:
     [xslt] Processing /tmp/ans.fhir.fr.telesurveillance#0.1.0-ballot/template/onGenerate-ig-working.xml to /tmp/ans.fhir.fr.telesurveillance#0.1.0-ballot/temp/pages/_data/info.json
     [xslt] Loading stylesheet /tmp/ans.fhir.fr.telesurveillance#0.1.0-ballot/template/scripts/onGenerate.genJson.xslt

onGenerate.processIncludes:
     [copy] Copying 16 files to /tmp/ans.fhir.fr.telesurveillance#0.1.0-ballot/temp/pages/_includes

onGenerate.processIg:
     [xslt] Processing /tmp/ans.fhir.fr.telesurveillance#0.1.0-ballot/template/onGenerate-ig-working.xml to /tmp/ans.fhir.fr.telesurveillance#0.1.0-ballot/template/onGenerate-ig-working.1.xml
     [xslt] Loading stylesheet /tmp/ans.fhir.fr.telesurveillance#0.1.0-ballot/template/scripts/onGenerate.group.xslt
     [xslt] Processing /tmp/ans.fhir.fr.telesurveillance#0.1.0-ballot/template/onGenerate-ig-working.1.xml to /tmp/ans.fhir.fr.telesurveillance#0.1.0-ballot/template/onGenerate-ig-working.2.xml
     [xslt] Loading stylesheet /tmp/ans.fhir.fr.telesurveillance#0.1.0-ballot/template/scripts/onGenerate.groupSort.xslt
     [xslt] Processing /tmp/ans.fhir.fr.telesurveillance#0.1.0-ballot/template/onGenerate-ig-working.2.xml to /tmp/ans.fhir.fr.telesurveillance#0.1.0-ballot/template/onGenerate-ig-updated.xml
     [xslt] Loading stylesheet /tmp/ans.fhir.fr.telesurveillance#0.1.0-ballot/template/scripts/onGenerate.final.xslt

onGenerate.igQa:
     [xslt] Processing /tmp/ans.fhir.fr.telesurveillance#0.1.0-ballot/template/onGenerate-ig-updated.xml to /tmp/ans.fhir.fr.telesurveillance#0.1.0-ballot/template/ongenerate-validation-igqa.json
     [xslt] Loading stylesheet /tmp/ans.fhir.fr.telesurveillance#0.1.0-ballot/template/scripts/onGenerate.qa.xslt

onGenerate.artifactList:
     [xslt] Processing /tmp/ans.fhir.fr.telesurveillance#0.1.0-ballot/template/onGenerate-ig-updated.xml to /tmp/ans.fhir.fr.telesurveillance#0.1.0-ballot/temp/pages/_includes/artifacts.xml
     [xslt] Loading stylesheet /tmp/ans.fhir.fr.telesurveillance#0.1.0-ballot/template/scripts/createArtifactSummary.xslt

check-plantumlfiles:

onGenerate.plantUml.ig:

onGenerate.plantUml.template:

onGenerate.plantUml:

onGenerate.copyDataFiles:

onGenerate.extend:

onGenerate:
Template Done                                                                                        (00:01.505 / 00:33.259, 1Gb)
Generate HTML Outputs                                                                                (00:00.000 / 00:33.260, 1Gb)
ERROR StatusLogger Log4j2 could not find a logging implementation. Please add log4j-core to the classpath. Using SimpleLogger to log to the console...
Generate Summaries                                                                                   (00:07.312 / 00:40.573, 1Gb)
Generating Summary Outputs                                                                           (00:00.000 / 00:40.574, 1Gb)
DB Cumulative Time invested: 00:00:00.72
Sending Usage Stats to Server                                                                        (02:17.973 / 02:58.547, 1Gb)
## Memory (MB): Use = 1264, Free = 1689, Total = 2954, Max = 3996                                    (00:00.004 / 02:58.551, 1Gb)
Reclaiming memory...                                                                                 (00:00.001 / 02:58.552, 1Gb)
## Memory (MB): Use = 1105, Free = 1848, Total = 2954, Max = 3996                                    (00:00.794 / 02:59.346, 1Gb)
Run jekyll: jekyll build --destination "/tmp/ans.fhir.fr.telesurveillance#0.1.0-ballot/output" (in folder /tmp/ans.fhir.fr.telesurveillance#0.1.0-ballot/temp/pages) (00:00.001 / 02:59.348, 1Gb)
Troubleshooting Note: usual cases for Jekyll to fail are:                                            (00:00.001 / 02:59.349, 1Gb)
* A failure to produce a fragment that is already logged in the output above                         (00:00.001 / 02:59.351, 1Gb)
* A reference to a manually edited file that hasn't been provided                                    (00:00.000 / 02:59.352, 1Gb)
Jekyll: Source: /tmp/ans.fhir.fr.telesurveillance#0.1.0-ballot/temp/pages                            (00:00.367 / 02:59.719, 1Gb)
Jekyll: Generating...                                                                                (00:00.001 / 02:59.720, 1Gb)
Jekyll: done in 0.332 seconds.                                                                       (00:00.330 / 03:00.051, 1Gb)

Installing ans.fhir.fr.telesurveillance#0.1.0-ballot done.
Checking Output HTML                                                                                 (00:00.685 / 03:00.736, 1Gb)
found 661 files                                                                                      (00:00.003 / 03:00.740, 1Gb)
.........................................
.........................................
  ... 661 html files, 0 pages invalid xhtml (0%)                                                     (00:02.158 / 03:02.898, 1Gb)
  ... 18114 links, 4 broken links (0%)                                                               (00:00.001 / 03:02.899, 1Gb)
Generate fragment-usage-analysis.csv                                                                 (00:00.000 / 03:02.900, 1Gb)
Build final .zip                                                                                     (00:00.007 / 03:02.907, 1Gb)
Final .zip built                                                                                     (00:00.378 / 03:03.286, 1Gb)
Built. Times: loading: 00:01.162, generate: 02:42.714, narrative generation: 00:01.284, realm-rules: 00:00.000, previous-version: 00:00.000, jekyll: 00:00.707, validation: 00:06.201 (#14), template: 00:01.504 (#3) (00:02.760 / 03:06.047, 1Gb)
Generating QA                                                                                        (00:00.001 / 03:06.048, 1Gb)
Validation output in /tmp/ans.fhir.fr.telesurveillance#0.1.0-ballot/output/qa.html
Errors: 25, Warnings: 24, Info: 20, Broken Links: 4 (00:00.595 / 03:06.643, 1Gb)
Finished. Max Memory Used = 1Gb. Log file saved in /tmp/fhir-ig-publisher-tmp.log                    (00:00.004 / 03:06.648, 1Gb)
Keep a copy of the build directory at /tmp/web-root/run-20240617/ig-build-zips/ans.fhir.fr.telesurveillance#0.1.0-ballot.zip

ok. All checks passed. Publish v0.1.0-ballot to /tmp/web-root/run-20240617/telesurveillance/0.1.O-ballot
Copy the IG to /tmp/web-root/run-20240617/telesurveillance/0.1.O-ballot
Update /tmp/web-root/run-20240617/telesurveillance/package-list.json
Publish Box Statement: This page is part of the Guide d'implémentation de la télésurveillance (v0.1.O-ballot: Release) based on <a no-external="true" href="http://hl7.org/fhir/R4">FHIR (HL7® FHIR® Standard) R4</a>. .  For a full list of available versions, see the <a no-external="true" href="https://interop.esante.gouv.fr/ig/fhir/telesurveillance/history.html">Directory of published versions</a>
no html insert in /tmp/web-root/run-20240617/telesurveillance/0.1.O-ballot/qa-txservers.html
  .. 75 files checked, 75 updated
  .. 31 clones checked, 62 updated
  .. 14 redirections (14 created/updated)
Update history page at /tmp/web-root/run-20240617/telesurveillance from /home/runner/work/IG-fhir-telesurveillance/IG-fhir-telesurveillance/./IG-website-release/fhir-ig-history-template and ./IG-website-release/templates
Build is complete. Copy from /tmp/web-root/run-20240617
ans.fhir.fr.telesurveillance (https://interop.esante.gouv.fr/ig/fhir/telesurveillance): Guide d'implémentation de la télésurveillance @ https://ansforge.github.io/IG-fhir-telesurveillance-de-sante/main/ig
  release: trial-use 0.1.O-ballot/4.0.1 @ https://interop.esante.gouv.fr/ig/fhir/telesurveillance/0.1.O-ballot
