FHIR IG Publisher Version 1.6.6 (Git# d1dac76a7c14). Built 2024-04-23T09:27:48.515Z (50 hours old)
Detected Java version: 17.0.10 from /opt/hostedtoolcache/Java_Microsoft_jdk/17.0.10/x64 on amd64 (64bit). 3996MB available
dir = /home/runner/work/IG-fhir-annuaire/IG-fhir-annuaire, path = /opt/hostedtoolcache/Ruby/3.3.1/x64/bin:/usr/share/dotnet:/opt/hostedtoolcache/node/20.12.2/x64/bin:/opt/hostedtoolcache/Java_Microsoft_jdk/17.0.10/x64/bin:/snap/bin:/home/runner/.local/bin:/opt/pipx_bin:/home/runner/.cargo/bin:/home/runner/.config/composer/vendor/bin:/usr/local/.ghcup/bin:/home/runner/.dotnet/tools:/usr/local/sbin:/usr/local/bin:/usr/sbin:/usr/bin:/sbin:/bin:/usr/games:/usr/local/games:/snap/bin
Parameters: -go-publish -source ./igSource -web ./IG-website-release/www/ig/fhir -registry ./IG-website-release/ig-registry/fhir-ig-list.json -history ./IG-website-release/fhir-ig-history-template -templates ./IG-website-release/templates
---------------
Publication Run: publish ./igSource to ./IG-website-release/www/ig/fhir
Run Number: 35
Relative directory for IG is '/annuaire'
===== Web Publication Run Details ===============================
 Source IG: ans.fhir.fr.annuaire#1.0.1 : https://interop.esante.gouv.fr/ig/fhir/annuaire (R4) from ./igSource
All checks passed. Do the publication build from /home/runner/work/IG-fhir-annuaire/IG-fhir-annuaire/./igSource and publish to /tmp/web-root/run-20240425/annuaire
Prepare Build space in /tmp/ans.fhir.fr.annuaire#1.0.1
Build IG at /home/runner/work/IG-fhir-annuaire/IG-fhir-annuaire/./igSource: final copy suitable for publication (in /tmp/ans.fhir.fr.annuaire#1.0.1)
FHIR IG Publisher Version 1.6.6 (Git# d1dac76a7c14). Built 2024-04-23T09:27:48.515Z (50 hours old)  
Detected Java version: 17.0.10 from /opt/hostedtoolcache/Java_Microsoft_jdk/17.0.10/x64 on Linux/amd64 (64bit). 3996MB available
dir = /home/runner/work/IG-fhir-annuaire/IG-fhir-annuaire, path = /opt/hostedtoolcache/Ruby/3.3.1/x64/bin:/usr/share/dotnet:/opt/hostedtoolcache/node/20.12.2/x64/bin:/opt/hostedtoolcache/Java_Microsoft_jdk/17.0.10/x64/bin:/snap/bin:/home/runner/.local/bin:/opt/pipx_bin:/home/runner/.cargo/bin:/home/runner/.config/composer/vendor/bin:/usr/local/.ghcup/bin:/home/runner/.dotnet/tools:/usr/local/sbin:/usr/local/bin:/usr/sbin:/usr/bin:/sbin:/bin:/usr/games:/usr/local/games:/snap/bin
Parameters: -ig /tmp/ans.fhir.fr.annuaire#1.0.1 -resetTx -publish https://interop.esante.gouv.fr/ig/fhir/annuaire/1.0.1 -no-exit
Start Clock @ Thursday, April 25, 2024 at 11:41:34 AM Coordinated Universal Time (2024-04-25T11:41:34Z)
                                                                                                    
Build FHIR IG from /tmp/ans.fhir.fr.annuaire#1.0.1                                                   (00:00.019 / 00:00.019, 83Mb)
Build Formal Publication package, intended for https://interop.esante.gouv.fr/ig/fhir/annuaire/1.0.1 (00:00.002 / 00:00.022, 83Mb)
API keys loaded from /home/runner/.fhir/fhir-settings.json                                           (00:00.001 / 00:00.023, 83Mb)
Package Cache: /home/runner/.fhir/packages                                                           (00:00.003 / 00:00.026, 83Mb)
Run Sushi on /tmp/ans.fhir.fr.annuaire#1.0.1                                                         (00:00.002 / 00:00.029, 83Mb)
Sushi: info  Running SUSHI v3.9.0 (implements FHIR Shorthand specification v3.0.0-ballot)            (00:00.578 / 00:00.607, 86Mb)
Sushi: info  Arguments:                                                                              (00:00.001 / 00:00.608, 86Mb)
Sushi: info    --require-latest                                                                      (00:00.001 / 00:00.610, 86Mb)
Sushi: info    --out /tmp/ans.fhir.fr.annuaire#1.0.1                                                 (00:00.001 / 00:00.611, 86Mb)
Sushi: info    /tmp/ans.fhir.fr.annuaire#1.0.1                                                       (00:00.001 / 00:00.613, 86Mb)
Sushi: info  Using configuration file: /tmp/ans.fhir.fr.annuaire#1.0.1/sushi-config.yaml             (00:00.430 / 00:01.043, 86Mb)
Sushi: info  Importing FSH text...                                                                   (00:00.122 / 00:01.166, 86Mb)
Sushi: info  Preprocessed 58 documents with 57 aliases.                                              (00:00.316 / 00:01.483, 86Mb)
Sushi: info  Imported 57 definitions and 8 instances.                                                (00:00.029 / 00:01.512, 86Mb)
Sushi: info  Checking /home/runner/.fhir/packages for hl7.fhir.uv.tools#current...                   (00:00.001 / 00:01.513, 86Mb)
Sushi: info  Found hl7.fhir.uv.tools#current in /home/runner/.fhir/packages.                         (00:00.066 / 00:01.579, 86Mb)
Sushi: info  Loaded package hl7.fhir.uv.tools#current                                                (00:00.610 / 00:02.190, 86Mb)
Sushi: info  Checking /home/runner/.fhir/packages for hl7.terminology.r4#5.5.0...                    (00:00.643 / 00:02.834, 86Mb)
Sushi: info  Found hl7.terminology.r4#5.5.0 in /home/runner/.fhir/packages.                          (00:00.589 / 00:03.424, 86Mb)
Sushi: info  Loaded package hl7.terminology.r4#5.5.0                                                 (00:00.001 / 00:03.425, 86Mb)
Sushi: info  Checking /home/runner/.fhir/packages for hl7.fhir.uv.extensions.r4#1.0.0...             (00:00.153 / 00:03.579, 86Mb)
Sushi: info  Found hl7.fhir.uv.extensions.r4#1.0.0 in /home/runner/.fhir/packages.                   (00:00.521 / 00:04.100, 86Mb)
Sushi: info  Loaded package hl7.fhir.uv.extensions.r4#1.0.0                                          (00:00.001 / 00:04.101, 86Mb)
Sushi: info  Checking /home/runner/.fhir/packages for hl7.fhir.fr.core#2.0.1...                      (00:00.001 / 00:04.102, 86Mb)
Sushi: info  Found hl7.fhir.fr.core#2.0.1 in /home/runner/.fhir/packages.                            (00:00.439 / 00:04.542, 86Mb)
Sushi: info  Loaded package hl7.fhir.fr.core#2.0.1                                                   (00:00.001 / 00:04.544, 86Mb)
Sushi: info  Loading supplemental version of FHIR to support extensions from hl7.fhir.extensions.r5  (00:00.001 / 00:04.545, 86Mb)
Sushi: info  Checking /home/runner/.fhir/packages for hl7.fhir.r5.core#5.0.0...                      (00:00.001 / 00:04.546, 86Mb)
Sushi: info  Found hl7.fhir.r5.core#5.0.0 in /home/runner/.fhir/packages.                            (00:01.182 / 00:05.729, 86Mb)
Sushi: info  Loaded package hl7.fhir.r5.core#5.0.0                                                   (00:00.001 / 00:05.730, 86Mb)
Sushi: info  Checking /home/runner/.fhir/packages for ans.fr.nos#1.2.0...                            (00:00.155 / 00:05.885, 86Mb)
Sushi: info  Found ans.fr.nos#1.2.0 in /home/runner/.fhir/packages.                                  (00:00.641 / 00:06.527, 86Mb)
Sushi: info  Loaded package ans.fr.nos#1.2.0                                                         (00:00.001 / 00:06.528, 86Mb)
Sushi: info  Checking /home/runner/.fhir/packages for hl7.fhir.r4.core#4.0.1...                      (00:00.000 / 00:06.529, 86Mb)
Sushi: info  Found hl7.fhir.r4.core#4.0.1 in /home/runner/.fhir/packages.                            (00:01.271 / 00:07.801, 86Mb)
Sushi: info  Loaded package hl7.fhir.r4.core#4.0.1                                                   (00:00.001 / 00:07.802, 86Mb)
Sushi: info  Converting FSH to FHIR resources...                                                     (00:00.038 / 00:07.840, 86Mb)
Sushi: info  Converted 48 FHIR StructureDefinitions.                                                 (00:04.651 / 00:12.492, 86Mb)
Sushi: info  Converted 3 FHIR CodeSystems.                                                           (00:00.032 / 00:12.524, 86Mb)
Sushi: info  Converted 6 FHIR ValueSets.                                                             (00:00.161 / 00:12.686, 86Mb)
Sushi: info  Converted 8 FHIR instances.                                                             (00:00.317 / 00:13.003, 86Mb)
Sushi: info  Exporting FHIR resources as JSON...                                                     (00:00.071 / 00:13.075, 86Mb)
Sushi: info  Exported 65 FHIR resources as JSON.                                                     (00:00.254 / 00:13.330, 86Mb)
Sushi: info  Assembling Implementation Guide sources...                                              (00:00.002 / 00:13.332, 86Mb)
Sushi: info  Generated ImplementationGuide-ans.fhir.fr.annuaire.json                                 (00:00.023 / 00:13.356, 86Mb)
Sushi: info  Assembled Implementation Guide sources; ready for IG Publisher.                         (00:00.001 / 00:13.357, 86Mb)
Sushi: ========================= SUSHI RESULTS ===========================                           (00:00.001 / 00:13.358, 86Mb)
Sushi: |  -------------------------------------------------------------  |                           (00:00.000 / 00:13.359, 86Mb)
Sushi: | |    Profiles   |  Extensions  |   Logicals   |   Resources   | |                           (00:00.001 / 00:13.360, 86Mb)
Sushi: | |-------------------------------------------------------------| |                           (00:00.000 / 00:13.361, 86Mb)
Sushi: | |      24       |      24      |      0       |       0       | |                           (00:00.001 / 00:13.362, 86Mb)
Sushi: |  -------------------------------------------------------------  |                           (00:00.000 / 00:13.363, 86Mb)
Sushi: |  -------------------------------------------------------------  |                           (00:00.001 / 00:13.364, 86Mb)
Sushi: | |      ValueSets     |    CodeSystems    |     Instances      | |                           (00:00.000 / 00:13.365, 86Mb)
Sushi: | |-------------------------------------------------------------| |                           (00:00.001 / 00:13.366, 86Mb)
Sushi: | |         6          |         3         |         8          | |                           (00:00.000 / 00:13.367, 86Mb)
Sushi: |  -------------------------------------------------------------  |                           (00:00.001 / 00:13.368, 86Mb)
Sushi: |                                                                 |                           (00:00.000 / 00:13.369, 86Mb)
Sushi: ===================================================================                           (00:00.001 / 00:13.370, 86Mb)
Sushi: | You're piranha roll now!               0 Errors      0 Warnings |                           (00:00.000 / 00:13.371, 86Mb)
Sushi: ===================================================================                           (00:00.001 / 00:13.372, 86Mb)
Unable to load IG as an r5 IG - try R4 (property code is a class com.google.gson.JsonPrimitive looking for an object) (00:00.495 / 00:13.867, 60Mb)
Load Template from https://github.com/ansforge/IG-template                                           (00:00.444 / 00:14.312, 74Mb)

onLoad.findSpreadsheets:

onLoad.updateIg:
     [xslt] Processing /tmp/ans.fhir.fr.annuaire#1.0.1/template/onLoad-ig-working.xml to /tmp/ans.fhir.fr.annuaire#1.0.1/template/onLoad-ig-updated.xml
     [xslt] Loading stylesheet /tmp/ans.fhir.fr.annuaire#1.0.1/template/scripts/onLoad.xslt

onLoad.extend:

onLoad:
Root directory: /tmp/ans.fhir.fr.annuaire#1.0.1                                                      (00:03.820 / 00:18.133, 120Mb)
Terminology Cache is at /tmp/ans.fhir.fr.annuaire#1.0.1/input-cache/txcache. Clearing now            (00:00.790 / 00:18.924, 111Mb)
Core Package hl7.fhir.r4.core#4.0.1
Unable to generate snapshot @2 for Definition from noname because Profile Definition (http://hl7.org/fhir/StructureDefinition/Definition) has no base and no snapshot
Unable to generate snapshot @2 for Event from noname because Profile Event (http://hl7.org/fhir/StructureDefinition/Event) has no base and no snapshot
Unable to generate snapshot @2 for FiveWs from noname because Profile FiveWs (http://hl7.org/fhir/StructureDefinition/FiveWs) has no base and no snapshot
Unable to generate snapshot @2 for Request from noname because Profile Request (http://hl7.org/fhir/StructureDefinition/Request) has no base and no snapshot
Running Terminology Log: /tmp/ohfu-fhir-ig-8755756676049058772.log
Connect to Terminology Server at http://tx.fhir.org                                                  (00:03.782 / 00:22.707, 246Mb)
Load Package hl7.fhir.pubpack#0.1.7
Load Package hl7.fhir.xver-extensions#0.1.0
Load Package hl7.terminology.r4#5.5.0
Load Package hl7.fhir.uv.extensions.r4#1.0.0
Load Package hl7.terminology.r4#5.3.0
Load Package ans.fr.nos#1.2.0
Load Package hl7.fhir.fr.core#2.0.1
Load Package ans.fr.nos#1.2.0
Version mismatch. This IG is version 4.0.1, while the IG 'hl7.fhir.uv.tools' is from version 5.0.0 (will try to run anyway) (00:05.815 / 00:28.523, 553Mb)
Load Package hl7.fhir.uv.tools#0.1.0
Load R5 Specials
Unable to generate snapshot @2 for Definition from noname because Profile Definition (http://hl7.org/fhir/StructureDefinition/Definition) has no base and no snapshot
Unable to generate snapshot @2 for Event from noname because Profile Event (http://hl7.org/fhir/StructureDefinition/Event) has no base and no snapshot
Unable to generate snapshot @2 for FiveWs from noname because Profile FiveWs (http://hl7.org/fhir/StructureDefinition/FiveWs) has no base and no snapshot
Unable to generate snapshot @2 for Request from noname because Profile Request (http://hl7.org/fhir/StructureDefinition/Request) has no base and no snapshot
Initialization complete                                                                              (00:00.671 / 00:29.194, 445Mb)
Fetch https://interop.esante.gouv.fr/ig/fhir/annuaire/package-list.json for version check            (00:00.001 / 00:29.196, 445Mb)
Load Content                                                                                         (00:00.711 / 00:29.907, 447Mb)
loadPrePages from FetchedFile[/tmp/ans.fhir.fr.annuaire#1.0.1/fsh-generated/includes] as /tmp/ans.fhir.fr.annuaire#1.0.1/fsh-generated/includes
loadPrePages from FetchedFile[/tmp/ans.fhir.fr.annuaire#1.0.1/input/data] as /tmp/ans.fhir.fr.annuaire#1.0.1/input/data
loadPrePages from FetchedFile[/tmp/ans.fhir.fr.annuaire#1.0.1/input/pagecontent] as /tmp/ans.fhir.fr.annuaire#1.0.1/input/pagecontent
Processing Conformance Resources                                                                     (00:01.328 / 00:31.236, 563Mb)
Load Dependency Info                                                                                 (00:00.002 / 00:31.238, 563Mb)
Load Info                                                                                            (00:00.001 / 00:31.240, 563Mb)
Load Resources                                                                                       (00:00.001 / 00:31.241, 564Mb)
Load Paths                                                                                           (00:00.290 / 00:31.532, 350Mb)
Generating Snapshots                                                                                 (00:00.001 / 00:31.533, 351Mb)
Check R4 / R4B                                                                                       (00:01.857 / 00:33.391, 557Mb)
Assign Comparison Ids                                                                                (00:00.010 / 00:33.402, 559Mb)
Propagating status                                                                                   (00:00.000 / 00:33.402, 559Mb)
Generating Narratives                                                                                (00:00.001 / 00:33.403, 559Mb)
Validating Conformance Resources                                                                     (00:01.629 / 00:35.033, 886Mb)
Unable to generate snapshot @2 for Definition from noname because Profile Definition (http://hl7.org/fhir/StructureDefinition/Definition) has no base and no snapshot
Unable to generate snapshot @2 for Event from noname because Profile Event (http://hl7.org/fhir/StructureDefinition/Event) has no base and no snapshot
Unable to generate snapshot @2 for FiveWs from noname because Profile FiveWs (http://hl7.org/fhir/StructureDefinition/FiveWs) has no base and no snapshot
Unable to generate snapshot @2 for Request from noname because Profile Request (http://hl7.org/fhir/StructureDefinition/Request) has no base and no snapshot
Check profiles & code systems                                                                        (00:15.699 / 00:50.732, 929Mb)
Check realm rules                                                                                    (00:00.006 / 00:50.739, 929Mb)
Previous Version Comparison                                                                          (00:00.000 / 00:50.740, 929Mb)
Unable to generate snapshot @1 for Definition from noname because Profile Definition (http://hl7.org/fhir/StructureDefinition/Definition) has no base and no snapshot
Unable to generate snapshot @1 for Event from noname because Profile Event (http://hl7.org/fhir/StructureDefinition/Event) has no base and no snapshot
Unable to generate snapshot @1 for FiveWs from noname because Profile FiveWs (http://hl7.org/fhir/StructureDefinition/FiveWs) has no base and no snapshot
Unable to generate snapshot @1 for Request from noname because Profile Request (http://hl7.org/fhir/StructureDefinition/Request) has no base and no snapshot
Validating Resources                                                                                 (00:06.110 / 00:56.850, 1Gb)
Processing Provenance Records                                                                        (00:00.514 / 00:57.364, 1Gb)
Generating Outputs in /tmp/ans.fhir.fr.annuaire#1.0.1/output                                         (00:00.001 / 00:57.365, 1Gb)
Generate Native Outputs                                                                              (00:00.074 / 00:57.440, 1Gb)
Run Template                                                                                         (00:16.058 / 01:13.498, 1Gb)

onGenerate.checkVersions:
     [xslt] Processing /tmp/ans.fhir.fr.annuaire#1.0.1/template/onGenerate-ig-working.xml to /tmp/ans.fhir.fr.annuaire#1.0.1/template/versions.txt
     [xslt] Loading stylesheet /tmp/ans.fhir.fr.annuaire#1.0.1/template/scripts/onGenerate.getVersions.xslt

onGenerate.r5-schemas:
      [get] Getting: http://build.fhir.org/fhir-single.xsd
      [get] To: /tmp/ans.fhir.fr.annuaire#1.0.1/input-cache/schemas/R5/fhir-single.xsd
      [get] Not modified - so not downloaded
      [get] Getting: http://build.fhir.org/fhir-xhtml.xsd
      [get] To: /tmp/ans.fhir.fr.annuaire#1.0.1/input-cache/schemas/R5/fhir-xhtml.xsd
      [get] Not modified - so not downloaded
      [get] Getting: http://build.fhir.org/xml.xsd
      [get] To: /tmp/ans.fhir.fr.annuaire#1.0.1/input-cache/schemas/R5/xml.xsd
      [get] Not modified - so not downloaded
      [get] Getting: http://build.fhir.org/xmldsig-core-schema.xsd
      [get] To: /tmp/ans.fhir.fr.annuaire#1.0.1/input-cache/schemas/R5/xmldsig-core-schema.xsd
      [get] Not modified - so not downloaded

onGenerate.r4-schemas:
      [get] Getting: http://hl7.org/fhir/R4/fhir-single.xsd
      [get] To: /tmp/ans.fhir.fr.annuaire#1.0.1/input-cache/schemas/R4/fhir-single.xsd
      [get] Error opening connection java.io.IOException: Server returned HTTP response code: 405 for URL: http://hl7.org/fhir/R4/fhir-single.xsd
      [get] Error opening connection java.io.IOException: Server returned HTTP response code: 405 for URL: http://hl7.org/fhir/R4/fhir-single.xsd
      [get] Error opening connection java.io.IOException: Server returned HTTP response code: 405 for URL: http://hl7.org/fhir/R4/fhir-single.xsd
      [get] Can't get http://hl7.org/fhir/R4/fhir-single.xsd to /tmp/ans.fhir.fr.annuaire#1.0.1/input-cache/schemas/R4/fhir-single.xsd
      [get] Getting: http://hl7.org/fhir/R4/fhir-xhtml.xsd
      [get] To: /tmp/ans.fhir.fr.annuaire#1.0.1/input-cache/schemas/R4/fhir-xhtml.xsd
      [get] Error opening connection java.io.IOException: Server returned HTTP response code: 405 for URL: http://hl7.org/fhir/R4/fhir-xhtml.xsd
      [get] Error opening connection java.io.IOException: Server returned HTTP response code: 405 for URL: http://hl7.org/fhir/R4/fhir-xhtml.xsd
      [get] Error opening connection java.io.IOException: Server returned HTTP response code: 405 for URL: http://hl7.org/fhir/R4/fhir-xhtml.xsd
      [get] Can't get http://hl7.org/fhir/R4/fhir-xhtml.xsd to /tmp/ans.fhir.fr.annuaire#1.0.1/input-cache/schemas/R4/fhir-xhtml.xsd
      [get] Getting: http://hl7.org/fhir/R4/xml.xsd
      [get] To: /tmp/ans.fhir.fr.annuaire#1.0.1/input-cache/schemas/R4/xml.xsd
      [get] Error opening connection java.io.IOException: Server returned HTTP response code: 405 for URL: http://hl7.org/fhir/R4/xml.xsd
      [get] Error opening connection java.io.IOException: Server returned HTTP response code: 405 for URL: http://hl7.org/fhir/R4/xml.xsd
      [get] Error opening connection java.io.IOException: Server returned HTTP response code: 405 for URL: http://hl7.org/fhir/R4/xml.xsd
      [get] Can't get http://hl7.org/fhir/R4/xml.xsd to /tmp/ans.fhir.fr.annuaire#1.0.1/input-cache/schemas/R4/xml.xsd
      [get] Getting: http://hl7.org/fhir/R4/xmldsig-core-schema.xsd
      [get] To: /tmp/ans.fhir.fr.annuaire#1.0.1/input-cache/schemas/R4/xmldsig-core-schema.xsd
      [get] Error opening connection java.io.IOException: Server returned HTTP response code: 405 for URL: http://hl7.org/fhir/R4/xmldsig-core-schema.xsd
      [get] Error opening connection java.io.IOException: Server returned HTTP response code: 405 for URL: http://hl7.org/fhir/R4/xmldsig-core-schema.xsd
      [get] Error opening connection java.io.IOException: Server returned HTTP response code: 405 for URL: http://hl7.org/fhir/R4/xmldsig-core-schema.xsd
      [get] Can't get http://hl7.org/fhir/R4/xmldsig-core-schema.xsd to /tmp/ans.fhir.fr.annuaire#1.0.1/input-cache/schemas/R4/xmldsig-core-schema.xsd

onGenerate.r3-schemas:

onGenerate.r2b-schemas:

onGenerate.r2-schemas:

onGenerate.schemas:

onGenerate.data:
     [xslt] Processing /tmp/ans.fhir.fr.annuaire#1.0.1/template/onGenerate-ig-working.xml to /tmp/ans.fhir.fr.annuaire#1.0.1/temp/pages/_data/artifacts.json
     [xslt] Loading stylesheet /tmp/ans.fhir.fr.annuaire#1.0.1/template/scripts/onGenerate.data.xslt

onGenerate.setup:

onGenerate.infoFile:
     [xslt] Processing /tmp/ans.fhir.fr.annuaire#1.0.1/template/onGenerate-ig-working.xml to /tmp/ans.fhir.fr.annuaire#1.0.1/temp/pages/_data/info.json
     [xslt] Loading stylesheet /tmp/ans.fhir.fr.annuaire#1.0.1/template/scripts/onGenerate.genJson.xslt

onGenerate.processIncludes:
     [copy] Copying 17 files to /tmp/ans.fhir.fr.annuaire#1.0.1/temp/pages/_includes

onGenerate.processIg:
     [xslt] Processing /tmp/ans.fhir.fr.annuaire#1.0.1/template/onGenerate-ig-working.xml to /tmp/ans.fhir.fr.annuaire#1.0.1/template/onGenerate-ig-working.1.xml
     [xslt] Loading stylesheet /tmp/ans.fhir.fr.annuaire#1.0.1/template/scripts/onGenerate.group.xslt
     [xslt] Processing /tmp/ans.fhir.fr.annuaire#1.0.1/template/onGenerate-ig-working.1.xml to /tmp/ans.fhir.fr.annuaire#1.0.1/template/onGenerate-ig-working.2.xml
     [xslt] Loading stylesheet /tmp/ans.fhir.fr.annuaire#1.0.1/template/scripts/onGenerate.groupSort.xslt
     [xslt] Processing /tmp/ans.fhir.fr.annuaire#1.0.1/template/onGenerate-ig-working.2.xml to /tmp/ans.fhir.fr.annuaire#1.0.1/template/onGenerate-ig-updated.xml
     [xslt] Loading stylesheet /tmp/ans.fhir.fr.annuaire#1.0.1/template/scripts/onGenerate.final.xslt

onGenerate.igQa:
     [xslt] Processing /tmp/ans.fhir.fr.annuaire#1.0.1/template/onGenerate-ig-updated.xml to /tmp/ans.fhir.fr.annuaire#1.0.1/template/ongenerate-validation-igqa.json
     [xslt] Loading stylesheet /tmp/ans.fhir.fr.annuaire#1.0.1/template/scripts/onGenerate.qa.xslt

onGenerate.artifactList:
     [xslt] Processing /tmp/ans.fhir.fr.annuaire#1.0.1/template/onGenerate-ig-updated.xml to /tmp/ans.fhir.fr.annuaire#1.0.1/temp/pages/_includes/artifacts.xml
     [xslt] Loading stylesheet /tmp/ans.fhir.fr.annuaire#1.0.1/template/scripts/createArtifactSummary.xslt

check-plantumlfiles:

onGenerate.plantUml.ig:

onGenerate.plantUml.template:

onGenerate.plantUml:

onGenerate.copyDataFiles:
     [copy] Warning: /tmp/ans.fhir.fr.annuaire#1.0.1/template/data does not exist.

onGenerate.extend:

onGenerate:
Template Done                                                                                        (00:02.362 / 01:15.861, 1Gb)
Generate HTML Outputs                                                                                (00:00.000 / 01:15.862, 1Gb)
ERROR StatusLogger Log4j2 could not find a logging implementation. Please add log4j-core to the classpath. Using SimpleLogger to log to the console...
Generate Summaries                                                                                   (00:25.442 / 01:41.305, 2Gb)
Generating Summary Outputs                                                                           (00:00.000 / 01:41.305, 2Gb)
DB Cumulative Time invested: 00:00:00.402
Sending Usage Stats to Server                                                                        (02:19.939 / 04:01.245, 1Gb)
## Memory (MB): Use = 1995, Free = 2000, Total = 3996, Max = 3996                                    (00:00.005 / 04:01.251, 1Gb)
Reclaiming memory...                                                                                 (00:00.001 / 04:01.252, 1Gb)
## Memory (MB): Use = 1465, Free = 2530, Total = 3996, Max = 3996                                    (00:00.810 / 04:02.063, 1Gb)
Run jekyll: jekyll build --destination "/tmp/ans.fhir.fr.annuaire#1.0.1/output" (in folder /tmp/ans.fhir.fr.annuaire#1.0.1/temp/pages) (00:00.001 / 04:02.064, 1Gb)
Troubleshooting Note: usual cases for Jekyll to fail are:                                            (00:00.000 / 04:02.065, 1Gb)
* A failure to produce a fragment that is already logged in the output above                         (00:00.000 / 04:02.065, 1Gb)
* A reference to a manually edited file that hasn't been provided                                    (00:00.000 / 04:02.068, 1Gb)
Jekyll: Source: /tmp/ans.fhir.fr.annuaire#1.0.1/temp/pages                                           (00:00.352 / 04:02.419, 1Gb)
Jekyll: Generating...                                                                                (00:00.000 / 04:02.420, 1Gb)
Jekyll: done in 2.951 seconds.                                                                       (00:02.949 / 04:05.369, 1Gb)

Installing ans.fhir.fr.annuaire#1.0.1 done.
Checking Output HTML                                                                                 (00:05.432 / 04:10.802, 2Gb)
found 1473 files                                                                                     (00:00.008 / 04:10.810, 2Gb)
........................................
........................................
  ... 1473 html files, 3 pages invalid xhtml (0%)                                                    (00:25.961 / 04:36.771, 2Gb)
  ... 675201 links, 0 broken links (0%)                                                              (00:00.001 / 04:36.773, 2Gb)
Build final .zip                                                                                     (00:00.000 / 04:36.773, 2Gb)
Final .zip built                                                                                     (00:03.990 / 04:40.764, 2Gb)
Built. Times: loading: 00:01.327, generate: 04:13.946, narrative generation: 00:01.628, realm-rules: 00:00.000, previous-version: 00:06.062, jekyll: 00:03.337, validation: 00:15.695 (#66), template: 00:02.361 (#3) (00:04.428 / 04:45.192, 1Gb)
Generating QA                                                                                        (00:00.001 / 04:45.194, 1Gb)
Internal error in location for message: 'Error @1, 1: Found / expecting a token name', loc = '/tmp/ans.fhir.fr.annuaire#1.0.1/output/CapabilityStatement-AsServerCapabilityStatement.change.histor', err = 'The <script> tag containing the javascript 'try {       var curr'... is illegal and not allowed on t'
Internal error in location for message: 'Error @1, 1: Found / expecting a token name', loc = '/tmp/ans.fhir.fr.annuaire#1.0.1/output/CapabilityStatement-AsServerCapabilityStatement.change.histor', err = 'The <script> tag containing the javascript '$(document).ready(fu'... is illegal and not allowed on t'
Internal error in location for message: 'Error @1, 1: Found / expecting a token name', loc = '/tmp/ans.fhir.fr.annuaire#1.0.1/output/CapabilityStatement-AsServerCapabilityStatement.change.histor', err = 'The <script> tag containing the javascript 'anchors.options.visi'... is illegal and not allowed on t'
Validation output in /tmp/ans.fhir.fr.annuaire#1.0.1/output/qa.html
Errors: 6, Warnings: 59, Info: 45, Broken Links: 0 (00:01.150 / 04:46.344, 2Gb)
Finished. Max Memory Used = 2Gb. Log file saved in /tmp/fhir-ig-publisher-tmp.log                    (00:00.016 / 04:46.361, 2Gb)
Prepare Build space in /tmp/ans.fhir.fr.annuaire#1.0.1-milestone
Build IG at /home/runner/work/IG-fhir-annuaire/IG-fhir-annuaire/./igSource: final copy suitable for publication (in /tmp/ans.fhir.fr.annuaire#1.0.1-milestone) (milestone build)
FHIR IG Publisher Version 1.6.6 (Git# d1dac76a7c14). Built 2024-04-23T09:27:48.515Z (50 hours old)  
Detected Java version: 17.0.10 from /opt/hostedtoolcache/Java_Microsoft_jdk/17.0.10/x64 on Linux/amd64 (64bit). 3996MB available
dir = /home/runner/work/IG-fhir-annuaire/IG-fhir-annuaire, path = /opt/hostedtoolcache/Ruby/3.3.1/x64/bin:/usr/share/dotnet:/opt/hostedtoolcache/node/20.12.2/x64/bin:/opt/hostedtoolcache/Java_Microsoft_jdk/17.0.10/x64/bin:/snap/bin:/home/runner/.local/bin:/opt/pipx_bin:/home/runner/.cargo/bin:/home/runner/.config/composer/vendor/bin:/usr/local/.ghcup/bin:/home/runner/.dotnet/tools:/usr/local/sbin:/usr/local/bin:/usr/sbin:/usr/bin:/sbin:/bin:/usr/games:/usr/local/games:/snap/bin
Parameters: -ig /tmp/ans.fhir.fr.annuaire#1.0.1-milestone -publish https://interop.esante.gouv.fr/ig/fhir/annuaire/1.0.1 -milestone -no-exit
Start Clock @ Thursday, April 25, 2024 at 11:46:23 AM Coordinated Universal Time (2024-04-25T11:46:23Z)
                                                                                                    
Build FHIR IG from /tmp/ans.fhir.fr.annuaire#1.0.1-milestone                                         (00:00.003 / 00:00.003, 2Gb)
Build Formal Publication package, intended for https://interop.esante.gouv.fr/ig/fhir/annuaire/1.0.1 (00:00.000 / 00:00.004, 2Gb)
API keys loaded from /home/runner/.fhir/fhir-settings.json                                           (00:00.000 / 00:00.004, 2Gb)
Package Cache: /home/runner/.fhir/packages                                                           (00:00.000 / 00:00.005, 2Gb)
Run Sushi on /tmp/ans.fhir.fr.annuaire#1.0.1-milestone                                               (00:00.000 / 00:00.006, 2Gb)
Sushi: info  Running SUSHI v3.9.0 (implements FHIR Shorthand specification v3.0.0-ballot)            (00:00.364 / 00:00.371, 2Gb)
Sushi: info  Arguments:                                                                              (00:00.000 / 00:00.371, 2Gb)
Sushi: info    --require-latest                                                                      (00:00.000 / 00:00.372, 2Gb)
Sushi: info    --out /tmp/ans.fhir.fr.annuaire#1.0.1-milestone                                       (00:00.000 / 00:00.373, 2Gb)
Sushi: info    /tmp/ans.fhir.fr.annuaire#1.0.1-milestone                                             (00:00.000 / 00:00.374, 2Gb)
Sushi: info  Using configuration file: /tmp/ans.fhir.fr.annuaire#1.0.1-milestone/sushi-config.yaml   (00:00.483 / 00:00.858, 2Gb)
Sushi: info  Importing FSH text...                                                                   (00:00.109 / 00:00.967, 2Gb)
Sushi: info  Preprocessed 58 documents with 57 aliases.                                              (00:00.309 / 00:01.277, 2Gb)
Sushi: info  Imported 57 definitions and 8 instances.                                                (00:00.029 / 00:01.306, 2Gb)
Sushi: info  Checking /home/runner/.fhir/packages for hl7.fhir.uv.tools#current...                   (00:00.001 / 00:01.307, 2Gb)
Sushi: info  Found hl7.fhir.uv.tools#current in /home/runner/.fhir/packages.                         (00:00.040 / 00:01.348, 2Gb)
Sushi: info  Loaded package hl7.fhir.uv.tools#current                                                (00:00.626 / 00:01.974, 2Gb)
Sushi: info  Checking /home/runner/.fhir/packages for hl7.terminology.r4#5.5.0...                    (00:00.641 / 00:02.616, 2Gb)
Sushi: info  Found hl7.terminology.r4#5.5.0 in /home/runner/.fhir/packages.                          (00:00.528 / 00:03.144, 2Gb)
Sushi: info  Loaded package hl7.terminology.r4#5.5.0                                                 (00:00.000 / 00:03.145, 2Gb)
Sushi: info  Checking /home/runner/.fhir/packages for hl7.fhir.uv.extensions.r4#1.0.0...             (00:00.156 / 00:03.301, 2Gb)
Sushi: info  Found hl7.fhir.uv.extensions.r4#1.0.0 in /home/runner/.fhir/packages.                   (00:00.506 / 00:03.808, 2Gb)
Sushi: info  Loaded package hl7.fhir.uv.extensions.r4#1.0.0                                          (00:00.001 / 00:03.809, 2Gb)
Sushi: info  Checking /home/runner/.fhir/packages for hl7.fhir.fr.core#2.0.1...                      (00:00.001 / 00:03.810, 2Gb)
Sushi: info  Found hl7.fhir.fr.core#2.0.1 in /home/runner/.fhir/packages.                            (00:00.454 / 00:04.264, 2Gb)
Sushi: info  Loaded package hl7.fhir.fr.core#2.0.1                                                   (00:00.000 / 00:04.265, 2Gb)
Sushi: info  Loading supplemental version of FHIR to support extensions from hl7.fhir.extensions.r5  (00:00.000 / 00:04.266, 2Gb)
Sushi: info  Checking /home/runner/.fhir/packages for hl7.fhir.r5.core#5.0.0...                      (00:00.000 / 00:04.267, 2Gb)
Sushi: info  Found hl7.fhir.r5.core#5.0.0 in /home/runner/.fhir/packages.                            (00:00.481 / 00:04.749, 2Gb)
Sushi: info  Loaded package hl7.fhir.r5.core#5.0.0                                                   (00:00.000 / 00:04.750, 2Gb)
Sushi: info  Checking /home/runner/.fhir/packages for ans.fr.nos#1.2.0...                            (00:00.152 / 00:04.903, 2Gb)
Sushi: info  Found ans.fr.nos#1.2.0 in /home/runner/.fhir/packages.                                  (00:00.677 / 00:05.580, 2Gb)
Sushi: info  Loaded package ans.fr.nos#1.2.0                                                         (00:00.001 / 00:05.581, 2Gb)
Sushi: info  Checking /home/runner/.fhir/packages for hl7.fhir.r4.core#4.0.1...                      (00:00.000 / 00:05.582, 2Gb)
Sushi: info  Found hl7.fhir.r4.core#4.0.1 in /home/runner/.fhir/packages.                            (00:01.245 / 00:06.827, 2Gb)
Sushi: info  Loaded package hl7.fhir.r4.core#4.0.1                                                   (00:00.000 / 00:06.828, 2Gb)
Sushi: info  Converting FSH to FHIR resources...                                                     (00:00.037 / 00:06.866, 2Gb)
Sushi: info  Converted 48 FHIR StructureDefinitions.                                                 (00:04.682 / 00:11.549, 2Gb)
Sushi: info  Converted 3 FHIR CodeSystems.                                                           (00:00.032 / 00:11.582, 2Gb)
Sushi: info  Converted 6 FHIR ValueSets.                                                             (00:00.178 / 00:11.760, 2Gb)
Sushi: info  Converted 8 FHIR instances.                                                             (00:00.321 / 00:12.082, 2Gb)
Sushi: info  Exporting FHIR resources as JSON...                                                     (00:00.071 / 00:12.154, 2Gb)
Sushi: info  Exported 65 FHIR resources as JSON.                                                     (00:00.250 / 00:12.405, 2Gb)
Sushi: info  Assembling Implementation Guide sources...                                              (00:00.002 / 00:12.407, 2Gb)
Sushi: info  Generated ImplementationGuide-ans.fhir.fr.annuaire.json                                 (00:00.024 / 00:12.432, 2Gb)
Sushi: info  Assembled Implementation Guide sources; ready for IG Publisher.                         (00:00.000 / 00:12.432, 2Gb)
Sushi: ========================= SUSHI RESULTS ===========================                           (00:00.000 / 00:12.433, 2Gb)
Sushi: |  -------------------------------------------------------------  |                           (00:00.000 / 00:12.434, 2Gb)
Sushi: | |    Profiles   |  Extensions  |   Logicals   |   Resources   | |                           (00:00.000 / 00:12.435, 2Gb)
Sushi: | |-------------------------------------------------------------| |                           (00:00.000 / 00:12.435, 2Gb)
Sushi: | |      24       |      24      |      0       |       0       | |                           (00:00.000 / 00:12.436, 2Gb)
Sushi: |  -------------------------------------------------------------  |                           (00:00.000 / 00:12.437, 2Gb)
Sushi: |  -------------------------------------------------------------  |                           (00:00.000 / 00:12.438, 2Gb)
Sushi: | |      ValueSets     |    CodeSystems    |     Instances      | |                           (00:00.000 / 00:12.438, 2Gb)
Sushi: | |-------------------------------------------------------------| |                           (00:00.000 / 00:12.439, 2Gb)
Sushi: | |         6          |         3         |         8          | |                           (00:00.000 / 00:12.440, 2Gb)
Sushi: |  -------------------------------------------------------------  |                           (00:00.000 / 00:12.441, 2Gb)
Sushi: |                                                                 |                           (00:00.000 / 00:12.441, 2Gb)
Sushi: ===================================================================                           (00:00.000 / 00:12.442, 2Gb)
Sushi: | Why pun? Just for for the halibut.     0 Errors      0 Warnings |                           (00:00.000 / 00:12.443, 2Gb)
Sushi: ===================================================================                           (00:00.000 / 00:12.443, 2Gb)
Unable to load IG as an r5 IG - try R4 (property code is a class com.google.gson.JsonPrimitive looking for an object) (00:00.036 / 00:12.480, 2Gb)
Load Template from https://github.com/ansforge/IG-template                                           (00:00.015 / 00:12.495, 2Gb)

onLoad.findSpreadsheets:

onLoad.updateIg:
     [xslt] Processing /tmp/ans.fhir.fr.annuaire#1.0.1-milestone/template/onLoad-ig-working.xml to /tmp/ans.fhir.fr.annuaire#1.0.1-milestone/template/onLoad-ig-updated.xml
     [xslt] Loading stylesheet /tmp/ans.fhir.fr.annuaire#1.0.1-milestone/template/scripts/onLoad.xslt

onLoad.extend:

onLoad:
Root directory: /tmp/ans.fhir.fr.annuaire#1.0.1-milestone                                            (00:02.401 / 00:14.896, 1Gb)
Terminology Cache is at /tmp/ans.fhir.fr.annuaire#1.0.1-milestone/input-cache/txcache. 8 files in cache (00:00.769 / 00:15.666, 1Gb)
Core Package hl7.fhir.r4.core#4.0.1
Unable to generate snapshot @2 for Definition from noname because Profile Definition (http://hl7.org/fhir/StructureDefinition/Definition) has no base and no snapshot
Unable to generate snapshot @2 for Event from noname because Profile Event (http://hl7.org/fhir/StructureDefinition/Event) has no base and no snapshot
Unable to generate snapshot @2 for FiveWs from noname because Profile FiveWs (http://hl7.org/fhir/StructureDefinition/FiveWs) has no base and no snapshot
Unable to generate snapshot @2 for Request from noname because Profile Request (http://hl7.org/fhir/StructureDefinition/Request) has no base and no snapshot
Running Terminology Log: /tmp/ohfu-fhir-ig-14172798096713684072.log
Connect to Terminology Server at http://tx.fhir.org                                                  (00:01.421 / 00:17.089, 2Gb)
Load Package hl7.fhir.pubpack#0.1.7
Load Package hl7.fhir.xver-extensions#0.1.0
Load Package hl7.terminology.r4#5.5.0
Load Package hl7.fhir.uv.extensions.r4#1.0.0
Load Package hl7.terminology.r4#5.3.0
Load Package ans.fr.nos#1.2.0
Load Package hl7.fhir.fr.core#2.0.1
Load Package ans.fr.nos#1.2.0
Version mismatch. This IG is version 4.0.1, while the IG 'hl7.fhir.uv.tools' is from version 5.0.0 (will try to run anyway) (00:03.725 / 00:20.814, 2Gb)
Load Package hl7.fhir.uv.tools#0.1.0
Load R5 Specials
Unable to generate snapshot @2 for Definition from noname because Profile Definition (http://hl7.org/fhir/StructureDefinition/Definition) has no base and no snapshot
Unable to generate snapshot @2 for Event from noname because Profile Event (http://hl7.org/fhir/StructureDefinition/Event) has no base and no snapshot
Unable to generate snapshot @2 for FiveWs from noname because Profile FiveWs (http://hl7.org/fhir/StructureDefinition/FiveWs) has no base and no snapshot
Unable to generate snapshot @2 for Request from noname because Profile Request (http://hl7.org/fhir/StructureDefinition/Request) has no base and no snapshot
Initialization complete                                                                              (00:00.435 / 00:21.249, 2Gb)
Fetch https://interop.esante.gouv.fr/ig/fhir/annuaire/package-list.json for version check            (00:00.000 / 00:21.250, 2Gb)
Load Content                                                                                         (00:00.480 / 00:21.730, 2Gb)
loadPrePages from FetchedFile[/tmp/ans.fhir.fr.annuaire#1.0.1-milestone/fsh-generated/includes] as /tmp/ans.fhir.fr.annuaire#1.0.1-milestone/fsh-generated/includes
loadPrePages from FetchedFile[/tmp/ans.fhir.fr.annuaire#1.0.1-milestone/input/data] as /tmp/ans.fhir.fr.annuaire#1.0.1-milestone/input/data
loadPrePages from FetchedFile[/tmp/ans.fhir.fr.annuaire#1.0.1-milestone/input/pagecontent] as /tmp/ans.fhir.fr.annuaire#1.0.1-milestone/input/pagecontent
Processing Conformance Resources                                                                     (00:00.493 / 00:22.223, 2Gb)
Load Dependency Info                                                                                 (00:00.002 / 00:22.226, 2Gb)
Load Info                                                                                            (00:00.001 / 00:22.227, 2Gb)
Load Resources                                                                                       (00:00.000 / 00:22.228, 2Gb)
Load Paths                                                                                           (00:00.351 / 00:22.579, 2Gb)
Generating Snapshots                                                                                 (00:00.001 / 00:22.580, 2Gb)
Check R4 / R4B                                                                                       (00:01.556 / 00:24.136, 2Gb)
Assign Comparison Ids                                                                                (00:00.004 / 00:24.141, 2Gb)
Propagating status                                                                                   (00:00.000 / 00:24.141, 2Gb)
Generating Narratives                                                                                (00:00.000 / 00:24.142, 2Gb)
Validating Conformance Resources                                                                     (00:00.838 / 00:24.981, 2Gb)
Unable to generate snapshot @2 for Definition from noname because Profile Definition (http://hl7.org/fhir/StructureDefinition/Definition) has no base and no snapshot
Unable to generate snapshot @2 for Event from noname because Profile Event (http://hl7.org/fhir/StructureDefinition/Event) has no base and no snapshot
Unable to generate snapshot @2 for FiveWs from noname because Profile FiveWs (http://hl7.org/fhir/StructureDefinition/FiveWs) has no base and no snapshot
Unable to generate snapshot @2 for Request from noname because Profile Request (http://hl7.org/fhir/StructureDefinition/Request) has no base and no snapshot
Check profiles & code systems                                                                        (00:13.471 / 00:38.453, 3Gb)
Check realm rules                                                                                    (00:00.006 / 00:38.459, 3Gb)
Previous Version Comparison                                                                          (00:00.001 / 00:38.460, 3Gb)
Unable to generate snapshot @1 for Definition from noname because Profile Definition (http://hl7.org/fhir/StructureDefinition/Definition) has no base and no snapshot
Unable to generate snapshot @1 for Event from noname because Profile Event (http://hl7.org/fhir/StructureDefinition/Event) has no base and no snapshot
Unable to generate snapshot @1 for FiveWs from noname because Profile FiveWs (http://hl7.org/fhir/StructureDefinition/FiveWs) has no base and no snapshot
Unable to generate snapshot @1 for Request from noname because Profile Request (http://hl7.org/fhir/StructureDefinition/Request) has no base and no snapshot
Validating Resources                                                                                 (00:04.863 / 00:43.323, 2Gb)
Processing Provenance Records                                                                        (00:00.434 / 00:43.758, 2Gb)
Generating Outputs in /tmp/ans.fhir.fr.annuaire#1.0.1-milestone/output                               (00:00.000 / 00:43.758, 2Gb)
Generate Native Outputs                                                                              (00:00.063 / 00:43.822, 2Gb)
Run Template                                                                                         (00:16.059 / 00:59.881, 2Gb)

onGenerate.checkVersions:
     [xslt] Processing /tmp/ans.fhir.fr.annuaire#1.0.1-milestone/template/onGenerate-ig-working.xml to /tmp/ans.fhir.fr.annuaire#1.0.1-milestone/template/versions.txt
     [xslt] Loading stylesheet /tmp/ans.fhir.fr.annuaire#1.0.1-milestone/template/scripts/onGenerate.getVersions.xslt

onGenerate.r5-schemas:
      [get] Getting: http://build.fhir.org/fhir-single.xsd
      [get] To: /tmp/ans.fhir.fr.annuaire#1.0.1-milestone/input-cache/schemas/R5/fhir-single.xsd
      [get] Not modified - so not downloaded
      [get] Getting: http://build.fhir.org/fhir-xhtml.xsd
      [get] To: /tmp/ans.fhir.fr.annuaire#1.0.1-milestone/input-cache/schemas/R5/fhir-xhtml.xsd
      [get] Not modified - so not downloaded
      [get] Getting: http://build.fhir.org/xml.xsd
      [get] To: /tmp/ans.fhir.fr.annuaire#1.0.1-milestone/input-cache/schemas/R5/xml.xsd
      [get] Not modified - so not downloaded
      [get] Getting: http://build.fhir.org/xmldsig-core-schema.xsd
      [get] To: /tmp/ans.fhir.fr.annuaire#1.0.1-milestone/input-cache/schemas/R5/xmldsig-core-schema.xsd
      [get] Not modified - so not downloaded

onGenerate.r4-schemas:
      [get] Getting: http://hl7.org/fhir/R4/fhir-single.xsd
      [get] To: /tmp/ans.fhir.fr.annuaire#1.0.1-milestone/input-cache/schemas/R4/fhir-single.xsd
      [get] Error opening connection java.io.IOException: Server returned HTTP response code: 405 for URL: http://hl7.org/fhir/R4/fhir-single.xsd
      [get] Error opening connection java.io.IOException: Server returned HTTP response code: 405 for URL: http://hl7.org/fhir/R4/fhir-single.xsd
      [get] Error opening connection java.io.IOException: Server returned HTTP response code: 405 for URL: http://hl7.org/fhir/R4/fhir-single.xsd
      [get] Can't get http://hl7.org/fhir/R4/fhir-single.xsd to /tmp/ans.fhir.fr.annuaire#1.0.1-milestone/input-cache/schemas/R4/fhir-single.xsd
      [get] Getting: http://hl7.org/fhir/R4/fhir-xhtml.xsd
      [get] To: /tmp/ans.fhir.fr.annuaire#1.0.1-milestone/input-cache/schemas/R4/fhir-xhtml.xsd
      [get] Error opening connection java.io.IOException: Server returned HTTP response code: 405 for URL: http://hl7.org/fhir/R4/fhir-xhtml.xsd
      [get] Error opening connection java.io.IOException: Server returned HTTP response code: 405 for URL: http://hl7.org/fhir/R4/fhir-xhtml.xsd
      [get] Error opening connection java.io.IOException: Server returned HTTP response code: 405 for URL: http://hl7.org/fhir/R4/fhir-xhtml.xsd
      [get] Can't get http://hl7.org/fhir/R4/fhir-xhtml.xsd to /tmp/ans.fhir.fr.annuaire#1.0.1-milestone/input-cache/schemas/R4/fhir-xhtml.xsd
      [get] Getting: http://hl7.org/fhir/R4/xml.xsd
      [get] To: /tmp/ans.fhir.fr.annuaire#1.0.1-milestone/input-cache/schemas/R4/xml.xsd
      [get] Error opening connection java.io.IOException: Server returned HTTP response code: 405 for URL: http://hl7.org/fhir/R4/xml.xsd
      [get] Error opening connection java.io.IOException: Server returned HTTP response code: 405 for URL: http://hl7.org/fhir/R4/xml.xsd
      [get] Error opening connection java.io.IOException: Server returned HTTP response code: 405 for URL: http://hl7.org/fhir/R4/xml.xsd
      [get] Can't get http://hl7.org/fhir/R4/xml.xsd to /tmp/ans.fhir.fr.annuaire#1.0.1-milestone/input-cache/schemas/R4/xml.xsd
      [get] Getting: http://hl7.org/fhir/R4/xmldsig-core-schema.xsd
      [get] To: /tmp/ans.fhir.fr.annuaire#1.0.1-milestone/input-cache/schemas/R4/xmldsig-core-schema.xsd
      [get] Error opening connection java.io.IOException: Server returned HTTP response code: 405 for URL: http://hl7.org/fhir/R4/xmldsig-core-schema.xsd
      [get] Error opening connection java.io.IOException: Server returned HTTP response code: 405 for URL: http://hl7.org/fhir/R4/xmldsig-core-schema.xsd
      [get] Error opening connection java.io.IOException: Server returned HTTP response code: 405 for URL: http://hl7.org/fhir/R4/xmldsig-core-schema.xsd
      [get] Can't get http://hl7.org/fhir/R4/xmldsig-core-schema.xsd to /tmp/ans.fhir.fr.annuaire#1.0.1-milestone/input-cache/schemas/R4/xmldsig-core-schema.xsd

onGenerate.r3-schemas:

onGenerate.r2b-schemas:

onGenerate.r2-schemas:

onGenerate.schemas:

onGenerate.data:
     [xslt] Processing /tmp/ans.fhir.fr.annuaire#1.0.1-milestone/template/onGenerate-ig-working.xml to /tmp/ans.fhir.fr.annuaire#1.0.1-milestone/temp/pages/_data/artifacts.json
     [xslt] Loading stylesheet /tmp/ans.fhir.fr.annuaire#1.0.1-milestone/template/scripts/onGenerate.data.xslt

onGenerate.setup:

onGenerate.infoFile:
     [xslt] Processing /tmp/ans.fhir.fr.annuaire#1.0.1-milestone/template/onGenerate-ig-working.xml to /tmp/ans.fhir.fr.annuaire#1.0.1-milestone/temp/pages/_data/info.json
     [xslt] Loading stylesheet /tmp/ans.fhir.fr.annuaire#1.0.1-milestone/template/scripts/onGenerate.genJson.xslt

onGenerate.processIncludes:
     [copy] Copying 17 files to /tmp/ans.fhir.fr.annuaire#1.0.1-milestone/temp/pages/_includes

onGenerate.processIg:
     [xslt] Processing /tmp/ans.fhir.fr.annuaire#1.0.1-milestone/template/onGenerate-ig-working.xml to /tmp/ans.fhir.fr.annuaire#1.0.1-milestone/template/onGenerate-ig-working.1.xml
     [xslt] Loading stylesheet /tmp/ans.fhir.fr.annuaire#1.0.1-milestone/template/scripts/onGenerate.group.xslt
     [xslt] Processing /tmp/ans.fhir.fr.annuaire#1.0.1-milestone/template/onGenerate-ig-working.1.xml to /tmp/ans.fhir.fr.annuaire#1.0.1-milestone/template/onGenerate-ig-working.2.xml
     [xslt] Loading stylesheet /tmp/ans.fhir.fr.annuaire#1.0.1-milestone/template/scripts/onGenerate.groupSort.xslt
     [xslt] Processing /tmp/ans.fhir.fr.annuaire#1.0.1-milestone/template/onGenerate-ig-working.2.xml to /tmp/ans.fhir.fr.annuaire#1.0.1-milestone/template/onGenerate-ig-updated.xml
     [xslt] Loading stylesheet /tmp/ans.fhir.fr.annuaire#1.0.1-milestone/template/scripts/onGenerate.final.xslt

onGenerate.igQa:
     [xslt] Processing /tmp/ans.fhir.fr.annuaire#1.0.1-milestone/template/onGenerate-ig-updated.xml to /tmp/ans.fhir.fr.annuaire#1.0.1-milestone/template/ongenerate-validation-igqa.json
     [xslt] Loading stylesheet /tmp/ans.fhir.fr.annuaire#1.0.1-milestone/template/scripts/onGenerate.qa.xslt

onGenerate.artifactList:
     [xslt] Processing /tmp/ans.fhir.fr.annuaire#1.0.1-milestone/template/onGenerate-ig-updated.xml to /tmp/ans.fhir.fr.annuaire#1.0.1-milestone/temp/pages/_includes/artifacts.xml
     [xslt] Loading stylesheet /tmp/ans.fhir.fr.annuaire#1.0.1-milestone/template/scripts/createArtifactSummary.xslt

check-plantumlfiles:

onGenerate.plantUml.ig:

onGenerate.plantUml.template:

onGenerate.plantUml:

onGenerate.copyDataFiles:
     [copy] Warning: /tmp/ans.fhir.fr.annuaire#1.0.1-milestone/template/data does not exist.

onGenerate.extend:

onGenerate:
Template Done                                                                                        (00:02.197 / 01:02.079, 2Gb)
Generate HTML Outputs                                                                                (00:00.001 / 01:02.080, 2Gb)
Generate Summaries                                                                                   (00:20.299 / 01:22.380, 3Gb)
Generating Summary Outputs                                                                           (00:00.000 / 01:22.380, 3Gb)
Sending usage stats failed: Connection timed out
DB Cumulative Time invested: 00:00:00.353
Sending Usage Stats to Server                                                                        (00:05.601 / 01:27.981, 3Gb)
## Memory (MB): Use = 3367, Free = 628, Total = 3996, Max = 3996                                     (00:00.002 / 01:27.984, 3Gb)
Reclaiming memory...                                                                                 (00:00.000 / 01:27.985, 3Gb)
## Memory (MB): Use = 1466, Free = 2529, Total = 3996, Max = 3996                                    (00:00.690 / 01:28.675, 1Gb)
Run jekyll: jekyll build --destination "/tmp/ans.fhir.fr.annuaire#1.0.1-milestone/output" (in folder /tmp/ans.fhir.fr.annuaire#1.0.1-milestone/temp/pages) (00:00.001 / 01:28.677, 1Gb)
Troubleshooting Note: usual cases for Jekyll to fail are:                                            (00:00.001 / 01:28.678, 1Gb)
* A failure to produce a fragment that is already logged in the output above                         (00:00.000 / 01:28.679, 1Gb)
* A reference to a manually edited file that hasn't been provided                                    (00:00.000 / 01:28.679, 1Gb)
Jekyll: Source: /tmp/ans.fhir.fr.annuaire#1.0.1-milestone/temp/pages                                 (00:00.341 / 01:29.021, 1Gb)
Jekyll: Generating...                                                                                (00:00.000 / 01:29.022, 1Gb)
Jekyll: done in 2.948 seconds.                                                                       (00:02.947 / 01:31.969, 1Gb)

Installing ans.fhir.fr.annuaire#1.0.1Checking Output HTML                                                                                 (00:03.660 / 01:35.630, 2Gb)
found 1473 files                                                                                     (00:00.006 / 01:35.636, 2Gb)
........................................
........................................
  ... 1473 html files, 3 pages invalid xhtml (0%)                                                    (00:25.005 / 02:00.642, 2Gb)
  ... 675201 links, 0 broken links (0%)                                                              (00:00.000 / 02:00.643, 2Gb)
Build final .zip                                                                                     (00:00.000 / 02:00.644, 2Gb)
Final .zip built                                                                                     (00:04.001 / 02:04.646, 2Gb)
Built. Times: loading: 00:00.492, generate: 01:46.846, narrative generation: 00:00.837, realm-rules: 00:00.001, previous-version: 00:04.840, jekyll: 00:03.324, validation: 00:13.468 (#66), template: 00:02.196 (#3) (00:04.424 / 02:09.070, 1Gb)
Generating QA                                                                                        (00:00.001 / 02:09.072, 1Gb)
Internal error in location for message: 'Error @1, 1: Found / expecting a token name', loc = '/tmp/ans.fhir.fr.annuaire#1.0.1-milestone/output/CapabilityStatement-AsServerCapabilityStatement.cha', err = 'The <script> tag containing the javascript 'try {       var curr'... is illegal and not allowed on t'
Internal error in location for message: 'Error @1, 1: Found / expecting a token name', loc = '/tmp/ans.fhir.fr.annuaire#1.0.1-milestone/output/CapabilityStatement-AsServerCapabilityStatement.cha', err = 'The <script> tag containing the javascript '$(document).ready(fu'... is illegal and not allowed on t'
Internal error in location for message: 'Error @1, 1: Found / expecting a token name', loc = '/tmp/ans.fhir.fr.annuaire#1.0.1-milestone/output/CapabilityStatement-AsServerCapabilityStatement.cha', err = 'The <script> tag containing the javascript 'anchors.options.visi'... is illegal and not allowed on t'
Validation output in /tmp/ans.fhir.fr.annuaire#1.0.1-milestone/output/qa.html
Errors: 6, Warnings: 59, Info: 45, Broken Links: 0 (00:01.052 / 02:10.124, 2Gb)
Finished. Max Memory Used = 3Gb. Log file saved in /tmp/fhir-ig-publisher-tmp.log                    (00:00.007 / 02:10.132, 2Gb)
Keep a copy of the build directory at /tmp/web-root/run-20240425/ig-build-zips/ans.fhir.fr.annuaire#1.0.1.zip

ok. All checks passed. Publish v1.0.1 to /tmp/web-root/run-20240425/annuaire/1.0.1
Copy the IG to /tmp/web-root/run-20240425/annuaire/1.0.1
Update /tmp/web-root/run-20240425/annuaire/package-list.json
Publish Box Statement: This page is part of the Guide d'implmentation FHIR - Annuaire de sant (v1.0.1: Release) based on <a no-external="true" href="http://hl7.org/fhir/R4">FHIR (HL7 FHIR Standard) R4</a>. This is the current published version in its permanent home (it will always be available at this URL).  For a full list of available versions, see the <a no-external="true" href="https://interop.esante.gouv.fr/ig/fhir/annuaire/history.html">Directory of published versions</a>
no html insert in /tmp/web-root/run-20240425/annuaire/1.0.1/qa-txservers.html
  .. 450 files checked, 450 updated
  .. 265 clones checked, 530 updated
  .. 66 redirections (66 created/updated)
This is a milestone release - publish v1.0.1 to /tmp/web-root/run-20240425/annuaire
Publish Box Statement: This page is part of the Guide d'implmentation FHIR - Annuaire de sant (v1.0.1: Release) based on <a no-external="true" href="http://hl7.org/fhir/R4">FHIR (HL7 FHIR Standard) R4</a>. This is the current published version.  For a full list of available versions, see the <a no-external="true" href="https://interop.esante.gouv.fr/ig/fhir/annuaire/history.html">Directory of published versions</a>
no html insert in /tmp/ans.fhir.fr.annuaire#1.0.1-milestone/output/qa-txservers.html
  .. 450 files checked, 450 updated
  .. 265 clones checked, 530 updated
  .. 66 redirections (66 created/updated)
Check for Files to delete
  ... 0 files
Copy to new IG to /tmp/web-root/run-20240425/annuaire
Update history page at /tmp/web-root/run-20240425/annuaire from /home/runner/work/IG-fhir-annuaire/IG-fhir-annuaire/./IG-website-release/fhir-ig-history-template and ./IG-website-release/templates
Build is complete. Copy from /tmp/web-root/run-20240425
ans.fhir.fr.annuaire (https://interop.esante.gouv.fr/ig/fhir/annuaire): Guide d'implmentation FHIR - Annuaire de sant @ https://ansforge.github.io/IG-fhir-annuaire/ig/main
  release: trial-use 1.0.1/4.0.1 @ https://interop.esante.gouv.fr/ig/fhir/annuaire/1.0.1
