FHIR IG Publisher Version 2.1.2 (Git# 1fdde7f9e667). Built 2026-03-01T18:54:08.225Z (11 days old)
Detected Java version: 17.0.10 from /opt/hostedtoolcache/Java_Microsoft_jdk/17.0.10/x64 on amd64 (64bit). 4000MB available
dir = /home/runner/work/interop-ig-fhir-notification-evenements/interop-ig-fhir-notification-evenements, path = /opt/hostedtoolcache/Ruby/3.3.10/x64/bin:/opt/hostedtoolcache/node/20.20.0/x64/bin:/opt/hostedtoolcache/Java_Microsoft_jdk/17.0.10/x64/bin:/snap/bin:/home/runner/.local/bin:/opt/pipx_bin:/home/runner/.cargo/bin:/home/runner/.config/composer/vendor/bin:/usr/local/.ghcup/bin:/home/runner/.dotnet/tools:/usr/local/sbin:/usr/local/bin:/usr/sbin:/usr/bin:/sbin:/bin:/usr/games:/usr/local/games:/snap/bin
Parameters: -go-publish -authorise-non-conformant-tx-servers -source ./igSource -web ./IG-website-release/www/ig/fhir -registry ./IG-website-release/ig-registry/fhir-ig-list.json -history ./IG-website-release/fhir-ig-history-template -templates ./IG-website-release/templates
---------------
Publication Run: publish ./igSource to ./IG-website-release/www/ig/fhir
Relative directory for IG is '/nde'
===== Web Publication Run Details ===============================
 Source IG: ans.fhir.fr.nde#3.0.0 : https://interop.esante.gouv.fr/ig/fhir/nde (R4) from ./igSource
All checks passed. Do the publication build from /home/runner/work/interop-ig-fhir-notification-evenements/interop-ig-fhir-notification-evenements/./igSource and publish to /tmp/web-root/run-20260313/nde
Prepare Build space in /tmp/ig-builds/ans.fhir.fr.nde#3.0.0
Build IG at /home/runner/work/interop-ig-fhir-notification-evenements/interop-ig-fhir-notification-evenements/./igSource: final copy suitable for publication (in /tmp/ig-builds/ans.fhir.fr.nde#3.0.0)
FHIR IG Publisher Version 2.1.2 (Git# 1fdde7f9e667). Built 2026-03-01T18:54:08.225Z (11 days old)   
Detected Java version: 17.0.10 from /opt/hostedtoolcache/Java_Microsoft_jdk/17.0.10/x64 on Linux/amd64 (64bit). 4000MB available
dir = /home/runner/work/interop-ig-fhir-notification-evenements/interop-ig-fhir-notification-evenements, path = /opt/hostedtoolcache/Ruby/3.3.10/x64/bin:/opt/hostedtoolcache/node/20.20.0/x64/bin:/opt/hostedtoolcache/Java_Microsoft_jdk/17.0.10/x64/bin:/snap/bin:/home/runner/.local/bin:/opt/pipx_bin:/home/runner/.cargo/bin:/home/runner/.config/composer/vendor/bin:/usr/local/.ghcup/bin:/home/runner/.dotnet/tools:/usr/local/sbin:/usr/local/bin:/usr/sbin:/usr/bin:/sbin:/bin:/usr/games:/usr/local/games:/snap/bin
Parameters: -publish https://interop.esante.gouv.fr/ig/fhir/nde/3.0.0 -no-exit -ig /tmp/ig-builds/ans.fhir.fr.nde#3.0.0 -resetTx
Character encoding = UTF-8 / UTF-8                                                                  
Start Clock @ Friday, March 13, 2026 at 4:31:03 PM Coordinated Universal Time (2026-03-13T16:31:03Z)
                                                                                                    
Build FHIR IG from /tmp/ig-builds/ans.fhir.fr.nde#3.0.0                                              (00:00.024 / 00:00.025, 44Mb)
Build Formal Publication package, intended for https://interop.esante.gouv.fr/ig/fhir/nde/3.0.0      (00:00.002 / 00:00.027, 44Mb)
API keys loaded from /home/runner/.fhir/fhir-settings.json                                           (00:00.000 / 00:00.028, 44Mb)
Package Cache: /home/runner/.fhir/packages                                                           (00:00.004 / 00:00.032, 44Mb)
Run Sushi on /tmp/ig-builds/ans.fhir.fr.nde#3.0.0                                                    (00:00.002 / 00:00.035, 44Mb)
Sushi: info  Running SUSHI v3.18.1 (implements FHIR Shorthand specification v3.0.0)                  (00:00.729 / 00:00.765, 46Mb)
Sushi: info  Arguments:                                                                              (00:00.001 / 00:00.766, 46Mb)
Sushi: info    --require-latest                                                                      (00:00.001 / 00:00.767, 46Mb)
Sushi: info    --out /tmp/ig-builds/ans.fhir.fr.nde#3.0.0                                            (00:00.001 / 00:00.768, 46Mb)
Sushi: info    /tmp/ig-builds/ans.fhir.fr.nde#3.0.0                                                  (00:00.001 / 00:00.769, 46Mb)
Sushi: info  Using configuration file: /tmp/ig-builds/ans.fhir.fr.nde#3.0.0/sushi-config.yaml        (00:00.639 / 00:01.409, 46Mb)
Sushi: info  Importing FSH text...                                                                   (00:00.110 / 00:01.519, 46Mb)
Sushi: info  Preprocessed 21 documents with 104 aliases.                                             (00:00.164 / 00:01.684, 46Mb)
Sushi: info  Imported 12 definitions and 11 instances.                                               (00:00.012 / 00:01.696, 46Mb)
Sushi: info  Loaded virtual package sushi-r5forR4#1.0.0 with 7 resources                             (00:00.128 / 00:01.824, 46Mb)
Sushi: info  Resolved hl7.fhir.uv.tools.r4#latest to concrete version 1.1.0                          (00:00.651 / 00:02.476, 46Mb)
Sushi: info  Loaded hl7.fhir.uv.tools.r4#1.1.0 with 119 resources                                    (00:00.075 / 00:02.551, 46Mb)
Sushi: info  Resolved hl7.terminology.r4#latest to concrete version 7.1.0                            (00:00.101 / 00:02.653, 46Mb)
Sushi: info  Loaded hl7.terminology.r4#7.1.0 with 4103 resources                                     (00:01.863 / 00:04.516, 46Mb)
Sushi: info  Loaded hl7.fhir.fr.core#2.1.0 with 120 resources                                        (00:00.075 / 00:04.592, 46Mb)
Sushi: info  Resolved ans.fr.terminologies#latest to concrete version 1.7.0                          (00:00.103 / 00:04.695, 46Mb)
Sushi: info  Loaded ans.fr.terminologies#1.7.0 with 1139 resources                                   (00:00.637 / 00:05.332, 46Mb)
Sushi: info  Loaded hl7.fhir.r4.core#4.0.1 with 4581 resources                                       (00:01.242 / 00:06.574, 46Mb)
Sushi: info  Resolved hl7.fhir.uv.extensions.r4#latest to concrete version 5.2.0                     (00:00.111 / 00:06.686, 46Mb)
Sushi: info  Loaded hl7.fhir.uv.extensions.r4#5.2.0 with 759 resources                               (00:00.364 / 00:07.051, 46Mb)
Sushi: info  Loaded virtual package sushi-local#LOCAL with 0 resources                               (00:00.016 / 00:07.068, 46Mb)
Sushi: info  Converting FSH to FHIR resources...                                                     (00:00.020 / 00:07.088, 46Mb)
Sushi: info  Converted 12 FHIR StructureDefinitions.                                                 (00:00.745 / 00:07.833, 46Mb)
Sushi: info  Converted 11 FHIR instances.                                                            (00:00.874 / 00:08.708, 46Mb)
Sushi: info  Exporting FHIR resources as JSON...                                                     (00:00.000 / 00:08.709, 46Mb)
Sushi: info  Exported 20 FHIR resources as JSON.                                                     (00:00.016 / 00:08.725, 46Mb)
Sushi: info  Assembling Implementation Guide sources...                                              (00:00.001 / 00:08.727, 46Mb)
Sushi: info  Generated ImplementationGuide-ans.fhir.fr.nde.json                                      (00:00.036 / 00:08.763, 46Mb)
Sushi: info  Assembled Implementation Guide sources; ready for IG Publisher.                         (00:00.001 / 00:08.764, 46Mb)
Sushi: ========================= SUSHI RESULTS ===========================                           (00:00.000 / 00:08.765, 46Mb)
Sushi: |  -------------------------------------------------------------  |                           (00:00.000 / 00:08.766, 46Mb)
Sushi: | |    Profiles   |  Extensions  |   Logicals   |   Resources   | |                           (00:00.000 / 00:08.767, 46Mb)
Sushi: | |-------------------------------------------------------------| |                           (00:00.001 / 00:08.768, 46Mb)
Sushi: | |       3       |      9       |      0       |       0       | |                           (00:00.000 / 00:08.769, 46Mb)
Sushi: |  -------------------------------------------------------------  |                           (00:00.000 / 00:08.770, 46Mb)
Sushi: |  -------------------------------------------------------------  |                           (00:00.000 / 00:08.770, 46Mb)
Sushi: | |      ValueSets     |    CodeSystems    |     Instances      | |                           (00:00.000 / 00:08.771, 46Mb)
Sushi: | |-------------------------------------------------------------| |                           (00:00.000 / 00:08.772, 46Mb)
Sushi: | |         0          |         0         |         11         | |                           (00:00.000 / 00:08.773, 46Mb)
Sushi: |  -------------------------------------------------------------  |                           (00:00.000 / 00:08.773, 46Mb)
Sushi: |                                                                 |                           (00:00.000 / 00:08.774, 46Mb)
Sushi: ===================================================================                           (00:00.000 / 00:08.775, 46Mb)
Sushi: | You swim with the sharks!              0 Errors      0 Warnings |                           (00:00.000 / 00:08.776, 46Mb)
Sushi: ===================================================================                           (00:00.000 / 00:08.776, 46Mb)
Root directory: /tmp/ig-builds/ans.fhir.fr.nde#3.0.0                                                 (00:00.011 / 00:08.788, 46Mb)
Unable to load IG as an r5 IG - try R4 (property code is a class com.google.gson.JsonPrimitive looking for an object) (00:00.451 / 00:09.239, 60Mb)
Load Template from https://github.com/ansforge/IG-template                                           (00:00.462 / 00:09.702, 61Mb)
 Load Template from fhir.base.template#current                                                       (00:00.890 / 00:10.592, 50Mb)
Scanning directory: /tmp/ig-builds/ans.fhir.fr.nde#3.0.0/template
======================================================================
Terminology Cache is at /tmp/ig-builds/ans.fhir.fr.nde#3.0.0/input-cache/txcache. Clearing now       (00:03.836 / 00:14.428, 109Mb)
Core Package hl7.fhir.r4.core#4.0.1                                                                  (00:00.001 / 00:14.430, 109Mb)
Running Terminology Log: /tmp/ohfu-fhir-ig-4558487657342052679.html
Connect to Terminology Server at http://tx.fhir.org                                                  (00:03.235 / 00:17.666, 317Mb)
[39mLoad Package hl7.fhir.pubpack#0.2.4
[0;39m[39mLoad Package hl7.fhir.xver-extensions#0.1.0
[0;39m[39mLoad Package hl7.terminology.r4#7.1.0
[0;39m[39mLoad Package hl7.fhir.uv.extensions.r4#5.2.0
[0;39m[39mLoad Package hl7.terminology.r4#6.0.2
[0;39m[39mLoad Package hl7.fhir.uv.extensions.r4#5.1.0
[0;39m[39mLoad Package ans.fr.nos#1.3.0
[0;39m[39mLoad Package hl7.fhir.fr.core#2.1.0
[0;39m[39mLoad Package hl7.terminology.r4#7.0.1
[0;39m[39mLoad Package hl7.terminology.r4#5.0.0
[0;39m[39mLoad Package fhir.dicom#2022.4.20221006
[0;39m[39mLoad Package hl7.fhir.uv.ips#1.1.0
[0;39m[39mLoad Package ans.fr.terminologies#1.7.0
[0;39m[39mLoad Package hl7.fhir.uv.tools.r4#0.9.0
[0;39mLoad R5 Specials
Cannot find or generate snapshot for base definition http://hl7.org/fhir/StructureDefinition/CanonicalResource from http://hl7.org/fhir/StructureDefinition/TestCases
Initialization complete                                                                              (00:13.173 / 00:30.839, 534Mb)
Load IG                                                                                              (00:00.000 / 00:30.840, 534Mb)
Load Content                                                                                         (00:00.003 / 00:30.843, 535Mb)
Using fr_FR as the default narrative language. (inferred from ImplementationGuide.jurisdiction=FR)   (00:00.062 / 00:30.906, 542Mb)
Process Loaded Resources                                                                             (00:00.560 / 00:31.466, 562Mb)
Generating Snapshots                                                                                 (00:00.115 / 00:31.582, 583Mb)

Signing Certificate: RSA key for Subject: OU=IG Publisher, L=Ann Arbor, CN=hl7.org, O=HL7, ST=Missouri, C=us from: OU=IG Publisher, L=Ann Arbor, CN=hl7.org, O=HL7, ST=Missouri, C=us
Fetch https://interop.esante.gouv.fr/ig/fhir/nde/package-list.json for version check                 (00:00.467 / 00:32.050, 643Mb)
Checking Language                                                                                    (00:00.577 / 00:32.627, 645Mb)
Load Dependency Info                                                                                 (00:00.001 / 00:32.629, 645Mb)
Load Info                                                                                            (00:00.001 / 00:32.631, 645Mb)
Load Paths                                                                                           (00:00.001 / 00:32.632, 646Mb)
Check R4 / R4B                                                                                       (00:00.000 / 00:32.632, 646Mb)
Assign Comparison Ids                                                                                (00:00.021 / 00:32.654, 649Mb)
Propagating status                                                                                   (00:00.000 / 00:32.655, 649Mb)
Generating Narratives                                                                                (00:00.000 / 00:32.656, 649Mb)
Validating Conformance Resources                                                                     (00:01.575 / 00:34.232, 781Mb)
Check profiles & code systems                                                                        (00:06.710 / 00:40.942, 1014Mb)
Check realm rules                                                                                    (00:00.001 / 00:40.944, 1014Mb)
Previous Version Comparison                                                                          (00:00.000 / 00:40.945, 1014Mb)
Checking for Bundles to sign                                                                         (00:00.010 / 00:40.955, 1015Mb)
Validating Resources                                                                                 (00:00.000 / 00:40.956, 1015Mb)
Processing Provenance Records                                                                        (00:00.580 / 00:41.537, 1Gb)
Generating Outputs in /tmp/ig-builds/ans.fhir.fr.nde#3.0.0/output                                    (00:00.000 / 00:41.537, 1Gb)
Generate Native Outputs                                                                              (00:00.208 / 00:41.746, 1Gb)
Run Template                                                                                         (00:00.928 / 00:42.675, 1Gb)
Generate HTML Outputs                                                                                (00:01.846 / 00:44.522, 744Mb)
Generate Spreadsheets                                                                                (00:02.793 / 00:47.315, 1Gb)
Generate Summaries                                                                                   (00:01.973 / 00:49.289, 964Mb)
Generating Summary Outputs                                                                           (00:00.000 / 00:49.290, 964Mb)
DB Cumulative Time invested: 00:00:00.89
Sending Usage Stats to Server                                                                        (00:05.911 / 00:55.201, 1Gb)
## Memory (MB): Use = 1143, Free = 400, Total = 1544, Max = 4000                                     (00:00.004 / 00:55.205, 1Gb)
Reclaiming memory...                                                                                 (00:00.000 / 00:55.206, 1Gb)
## Memory (MB): Use = 878, Free = 664, Total = 1544, Max = 4000                                      (00:00.421 / 00:55.627, 880Mb)
Run jekyll: jekyll build --destination "/tmp/ig-builds/ans.fhir.fr.nde#3.0.0/output" (in folder /tmp/ig-builds/ans.fhir.fr.nde#3.0.0/temp/pages) (00:00.001 / 00:55.628, 880Mb)
Troubleshooting Note: usual cases for Jekyll to fail are:                                            (00:00.000 / 00:55.629, 880Mb)
* A failure to produce a fragment that is already logged in the output above                         (00:00.000 / 00:55.630, 880Mb)
* A reference to a manually edited file that hasn't been provided                                    (00:00.000 / 00:55.630, 880Mb)
Jekyll: Source: /tmp/ig-builds/ans.fhir.fr.nde#3.0.0/temp/pages                                      (00:00.591 / 00:56.222, 882Mb)
Jekyll: Generating...                                                                                (00:00.000 / 00:56.222, 882Mb)
Jekyll: done in 1.057 seconds.                                                                       (00:01.055 / 00:57.278, 882Mb)
[39m
[0;39m[39mInstalling ans.fhir.fr.nde#3.0.0
[0;39m[39m done.
[0;39mChecking Output HTML                                                                                 (00:00.944 / 00:58.223, 1Gb)
Processed /tmp/ig-builds/ans.fhir.fr.nde#3.0.0/output - % reduction = 99 (11909093 ==> 221810)
found 896 files                                                                                      (00:00.599 / 00:58.823, 1Gb)
........................................
........................................
  ... 896 html files, 0 pages invalid xhtml (0%)                                                     (00:03.669 / 01:02.492, 1Gb)
  ... 46219 links, 5 broken links (0%)                                                               (00:00.000 / 01:02.493, 1Gb)
Generate fragment-usage-analysis.csv                                                                 (00:00.000 / 01:02.494, 1Gb)
Build final .zip                                                                                     (00:00.011 / 01:02.506, 1Gb)
Final .zip built                                                                                     (00:00.912 / 01:03.418, 947Mb)
Built. Times: loading: 00:01.784, generate: 00:33.020, narrative generation: 00:01.574, realm-rules: 00:00.000, previous-version: 00:00.000, jekyll: 00:01.659, validation: 00:07.278 (#21), template: 00:01.784 (#3) (00:02.230 / 01:05.648, 1Gb)
Generating QA                                                                                        (00:00.001 / 01:05.649, 1Gb)
Validation output in /tmp/ig-builds/ans.fhir.fr.nde#3.0.0/output/qa.html
Errors: 19, Warnings: 15, Info: 3, Broken Links: 5 (00:00.155 / 01:05.805, 1Gb)
Finished @ 13/03/2026 16:32. Max Memory Used = 1Gb. Log file saved in /tmp/fhir-ig-publisher-tmp.log (00:00.012 / 01:05.817, 1Gb)
Prepare Build space in /tmp/ig-builds/ans.fhir.fr.nde#3.0.0-milestone
Build IG at /home/runner/work/interop-ig-fhir-notification-evenements/interop-ig-fhir-notification-evenements/./igSource: final copy suitable for publication (in /tmp/ig-builds/ans.fhir.fr.nde#3.0.0-milestone) (milestone build)
FHIR IG Publisher Version 2.1.2 (Git# 1fdde7f9e667). Built 2026-03-01T18:54:08.225Z (11 days old)   
Detected Java version: 17.0.10 from /opt/hostedtoolcache/Java_Microsoft_jdk/17.0.10/x64 on Linux/amd64 (64bit). 4000MB available
dir = /home/runner/work/interop-ig-fhir-notification-evenements/interop-ig-fhir-notification-evenements, path = /opt/hostedtoolcache/Ruby/3.3.10/x64/bin:/opt/hostedtoolcache/node/20.20.0/x64/bin:/opt/hostedtoolcache/Java_Microsoft_jdk/17.0.10/x64/bin:/snap/bin:/home/runner/.local/bin:/opt/pipx_bin:/home/runner/.cargo/bin:/home/runner/.config/composer/vendor/bin:/usr/local/.ghcup/bin:/home/runner/.dotnet/tools:/usr/local/sbin:/usr/local/bin:/usr/sbin:/usr/bin:/sbin:/bin:/usr/games:/usr/local/games:/snap/bin
Parameters: -publish https://interop.esante.gouv.fr/ig/fhir/nde/3.0.0 -no-exit -ig /tmp/ig-builds/ans.fhir.fr.nde#3.0.0-milestone -milestone
Character encoding = UTF-8 / UTF-8                                                                  
Start Clock @ Friday, March 13, 2026 at 4:32:11 PM Coordinated Universal Time (2026-03-13T16:32:11Z)
                                                                                                    
Build FHIR IG from /tmp/ig-builds/ans.fhir.fr.nde#3.0.0-milestone                                    (00:00.002 / 00:00.002, 1Gb)
Build Formal Publication package, intended for https://interop.esante.gouv.fr/ig/fhir/nde/3.0.0      (00:00.000 / 00:00.002, 1Gb)
API keys loaded from /home/runner/.fhir/fhir-settings.json                                           (00:00.000 / 00:00.003, 1Gb)
Package Cache: /home/runner/.fhir/packages                                                           (00:00.000 / 00:00.003, 1Gb)
Run Sushi on /tmp/ig-builds/ans.fhir.fr.nde#3.0.0-milestone                                          (00:00.000 / 00:00.004, 1Gb)
Sushi: info  Running SUSHI v3.18.1 (implements FHIR Shorthand specification v3.0.0)                  (00:00.419 / 00:00.424, 1Gb)
Sushi: info  Arguments:                                                                              (00:00.000 / 00:00.425, 1Gb)
Sushi: info    --require-latest                                                                      (00:00.000 / 00:00.425, 1Gb)
Sushi: info    --out /tmp/ig-builds/ans.fhir.fr.nde#3.0.0-milestone                                  (00:00.000 / 00:00.426, 1Gb)
Sushi: info    /tmp/ig-builds/ans.fhir.fr.nde#3.0.0-milestone                                        (00:00.000 / 00:00.426, 1Gb)
Sushi: info  Using configuration file: /tmp/ig-builds/ans.fhir.fr.nde#3.0.0-milestone/sushi-config.yaml (00:00.372 / 00:00.799, 1Gb)
Sushi: info  Importing FSH text...                                                                   (00:00.109 / 00:00.909, 1Gb)
Sushi: info  Preprocessed 21 documents with 104 aliases.                                             (00:00.159 / 00:01.068, 1Gb)
Sushi: info  Imported 12 definitions and 11 instances.                                               (00:00.013 / 00:01.081, 1Gb)
Sushi: info  Loaded virtual package sushi-r5forR4#1.0.0 with 7 resources                             (00:00.113 / 00:01.195, 1Gb)
Sushi: info  Resolved hl7.fhir.uv.tools.r4#latest to concrete version 1.1.0                          (00:00.831 / 00:02.027, 1Gb)
Sushi: info  Loaded hl7.fhir.uv.tools.r4#1.1.0 with 119 resources                                    (00:00.051 / 00:02.079, 1Gb)
Sushi: info  Resolved hl7.terminology.r4#latest to concrete version 7.1.0                            (00:00.173 / 00:02.252, 1Gb)
Sushi: info  Loaded hl7.terminology.r4#7.1.0 with 4103 resources                                     (00:00.933 / 00:03.186, 1Gb)
Sushi: info  Loaded hl7.fhir.fr.core#2.1.0 with 120 resources                                        (00:00.049 / 00:03.235, 1Gb)
Sushi: info  Resolved ans.fr.terminologies#latest to concrete version 1.7.0                          (00:00.101 / 00:03.336, 1Gb)
Sushi: info  Loaded ans.fr.terminologies#1.7.0 with 1139 resources                                   (00:00.341 / 00:03.677, 1Gb)
Sushi: info  Loaded hl7.fhir.r4.core#4.0.1 with 4581 resources                                       (00:00.919 / 00:04.597, 1Gb)
Sushi: info  Resolved hl7.fhir.uv.extensions.r4#latest to concrete version 5.2.0                     (00:00.111 / 00:04.708, 1Gb)
Sushi: info  Loaded hl7.fhir.uv.extensions.r4#5.2.0 with 759 resources                               (00:00.173 / 00:04.881, 1Gb)
Sushi: info  Loaded virtual package sushi-local#LOCAL with 0 resources                               (00:00.016 / 00:04.898, 1Gb)
Sushi: info  Converting FSH to FHIR resources...                                                     (00:00.019 / 00:04.917, 1Gb)
Sushi: info  Converted 12 FHIR StructureDefinitions.                                                 (00:00.755 / 00:05.672, 1Gb)
Sushi: info  Converted 11 FHIR instances.                                                            (00:00.872 / 00:06.545, 1Gb)
Sushi: info  Exporting FHIR resources as JSON...                                                     (00:00.000 / 00:06.546, 1Gb)
Sushi: info  Exported 20 FHIR resources as JSON.                                                     (00:00.017 / 00:06.563, 1Gb)
Sushi: info  Assembling Implementation Guide sources...                                              (00:00.001 / 00:06.565, 1Gb)
Sushi: info  Generated ImplementationGuide-ans.fhir.fr.nde.json                                      (00:00.034 / 00:06.600, 1Gb)
Sushi: info  Assembled Implementation Guide sources; ready for IG Publisher.                         (00:00.000 / 00:06.600, 1Gb)
Sushi: ========================= SUSHI RESULTS ===========================                           (00:00.000 / 00:06.601, 1Gb)
Sushi: |  -------------------------------------------------------------  |                           (00:00.000 / 00:06.602, 1Gb)
Sushi: | |    Profiles   |  Extensions  |   Logicals   |   Resources   | |                           (00:00.000 / 00:06.602, 1Gb)
Sushi: | |-------------------------------------------------------------| |                           (00:00.000 / 00:06.603, 1Gb)
Sushi: | |       3       |      9       |      0       |       0       | |                           (00:00.000 / 00:06.603, 1Gb)
Sushi: |  -------------------------------------------------------------  |                           (00:00.000 / 00:06.604, 1Gb)
Sushi: |  -------------------------------------------------------------  |                           (00:00.000 / 00:06.604, 1Gb)
Sushi: | |      ValueSets     |    CodeSystems    |     Instances      | |                           (00:00.000 / 00:06.605, 1Gb)
Sushi: | |-------------------------------------------------------------| |                           (00:00.000 / 00:06.605, 1Gb)
Sushi: | |         0          |         0         |         11         | |                           (00:00.000 / 00:06.606, 1Gb)
Sushi: |  -------------------------------------------------------------  |                           (00:00.000 / 00:06.606, 1Gb)
Sushi: |                                                                 |                           (00:00.000 / 00:06.607, 1Gb)
Sushi: ===================================================================                           (00:00.000 / 00:06.607, 1Gb)
Sushi: | Why pun? Just for for the halibut.     0 Errors      0 Warnings |                           (00:00.000 / 00:06.608, 1Gb)
Sushi: ===================================================================                           (00:00.000 / 00:06.608, 1Gb)
Root directory: /tmp/ig-builds/ans.fhir.fr.nde#3.0.0-milestone                                       (00:00.013 / 00:06.622, 1Gb)
Unable to load IG as an r5 IG - try R4 (property code is a class com.google.gson.JsonPrimitive looking for an object) (00:00.001 / 00:06.624, 1Gb)
Load Template from https://github.com/ansforge/IG-template                                           (00:00.016 / 00:06.640, 1Gb)
 Load Template from fhir.base.template#current                                                       (00:00.182 / 00:06.822, 1Gb)
Scanning directory: /tmp/ig-builds/ans.fhir.fr.nde#3.0.0-milestone/template
======================================================================
Terminology Cache is at /tmp/ig-builds/ans.fhir.fr.nde#3.0.0-milestone/input-cache/txcache. 7 files in cache (00:02.441 / 00:09.264, 1Gb)
Core Package hl7.fhir.r4.core#4.0.1                                                                  (00:00.000 / 00:09.265, 1Gb)
Running Terminology Log: /tmp/ohfu-fhir-ig-18100401273174459518.html
Connect to Terminology Server at http://tx.fhir.org                                                  (00:01.952 / 00:11.218, 1Gb)
[39mLoad Package hl7.fhir.pubpack#0.2.4
[0;39m[39mLoad Package hl7.fhir.xver-extensions#0.1.0
[0;39m[39mLoad Package hl7.terminology.r4#7.1.0
[0;39m[39mLoad Package hl7.fhir.uv.extensions.r4#5.2.0
[0;39m[39mLoad Package hl7.terminology.r4#6.0.2
[0;39m[39mLoad Package hl7.fhir.uv.extensions.r4#5.1.0
[0;39m[39mLoad Package ans.fr.nos#1.3.0
[0;39m[39mLoad Package hl7.fhir.fr.core#2.1.0
[0;39m[39mLoad Package hl7.terminology.r4#7.0.1
[0;39m[39mLoad Package hl7.terminology.r4#5.0.0
[0;39m[39mLoad Package fhir.dicom#2022.4.20221006
[0;39m[39mLoad Package hl7.fhir.uv.ips#1.1.0
[0;39m[39mLoad Package ans.fr.terminologies#1.7.0
[0;39m[39mLoad Package hl7.fhir.uv.tools.r4#0.9.0
[0;39mLoad R5 Specials
Cannot find or generate snapshot for base definition http://hl7.org/fhir/StructureDefinition/CanonicalResource from http://hl7.org/fhir/StructureDefinition/TestCases
Initialization complete                                                                              (00:08.486 / 00:19.704, 1Gb)
Load IG                                                                                              (00:00.000 / 00:19.705, 1Gb)
Load Content                                                                                         (00:00.002 / 00:19.707, 1Gb)
Using fr_FR as the default narrative language. (inferred from ImplementationGuide.jurisdiction=FR)   (00:00.015 / 00:19.723, 1Gb)
Process Loaded Resources                                                                             (00:00.095 / 00:19.819, 1Gb)
Generating Snapshots                                                                                 (00:00.063 / 00:19.882, 1Gb)

Signing Certificate: RSA key for Subject: OU=IG Publisher, L=Ann Arbor, CN=hl7.org, O=HL7, ST=Missouri, C=us from: OU=IG Publisher, L=Ann Arbor, CN=hl7.org, O=HL7, ST=Missouri, C=us
Fetch https://interop.esante.gouv.fr/ig/fhir/nde/package-list.json for version check                 (00:00.091 / 00:19.974, 1Gb)
Checking Language                                                                                    (00:00.268 / 00:20.242, 1Gb)
Load Dependency Info                                                                                 (00:00.001 / 00:20.244, 1Gb)
Load Info                                                                                            (00:00.001 / 00:20.245, 1Gb)
Load Paths                                                                                           (00:00.000 / 00:20.246, 1Gb)
Check R4 / R4B                                                                                       (00:00.000 / 00:20.246, 1Gb)
Assign Comparison Ids                                                                                (00:00.007 / 00:20.254, 1Gb)
Propagating status                                                                                   (00:00.000 / 00:20.255, 1Gb)
Generating Narratives                                                                                (00:00.000 / 00:20.256, 1Gb)
Validating Conformance Resources                                                                     (00:00.551 / 00:20.807, 1Gb)
Check profiles & code systems                                                                        (00:04.085 / 00:24.892, 1Gb)
Check realm rules                                                                                    (00:00.001 / 00:24.893, 1Gb)
Previous Version Comparison                                                                          (00:00.000 / 00:24.894, 1Gb)
Checking for Bundles to sign                                                                         (00:00.002 / 00:24.896, 1Gb)
Validating Resources                                                                                 (00:00.000 / 00:24.897, 1Gb)
Processing Provenance Records                                                                        (00:00.212 / 00:25.110, 1Gb)
Generating Outputs in /tmp/ig-builds/ans.fhir.fr.nde#3.0.0-milestone/output                          (00:00.000 / 00:25.110, 1Gb)
Generate Native Outputs                                                                              (00:00.112 / 00:25.223, 1Gb)
Run Template                                                                                         (00:00.812 / 00:26.036, 1Gb)
Generate HTML Outputs                                                                                (00:01.457 / 00:27.493, 1Gb)
Generate Spreadsheets                                                                                (00:01.867 / 00:29.361, 1Gb)
Generate Summaries                                                                                   (00:01.105 / 00:30.466, 1Gb)
Generating Summary Outputs                                                                           (00:00.000 / 00:30.467, 1Gb)
DB Cumulative Time invested: 00:00:00.85
Sending Usage Stats to Server                                                                        (00:07.835 / 00:38.303, 2Gb)
## Memory (MB): Use = 2140, Free = 419, Total = 2560, Max = 4000                                     (00:00.001 / 00:38.305, 2Gb)
Reclaiming memory...                                                                                 (00:00.000 / 00:38.305, 2Gb)
## Memory (MB): Use = 1746, Free = 1173, Total = 2920, Max = 4000                                    (00:00.816 / 00:39.122, 1Gb)
Run jekyll: jekyll build --destination "/tmp/ig-builds/ans.fhir.fr.nde#3.0.0-milestone/output" (in folder /tmp/ig-builds/ans.fhir.fr.nde#3.0.0-milestone/temp/pages) (00:00.001 / 00:39.123, 1Gb)
Troubleshooting Note: usual cases for Jekyll to fail are:                                            (00:00.001 / 00:39.124, 1Gb)
* A failure to produce a fragment that is already logged in the output above                         (00:00.000 / 00:39.125, 1Gb)
* A reference to a manually edited file that hasn't been provided                                    (00:00.000 / 00:39.125, 1Gb)
Jekyll: Source: /tmp/ig-builds/ans.fhir.fr.nde#3.0.0-milestone/temp/pages                            (00:00.381 / 00:39.507, 1Gb)
Jekyll: Generating...                                                                                (00:00.000 / 00:39.508, 1Gb)
Jekyll: done in 0.999 seconds.                                                                       (00:00.998 / 00:40.507, 1Gb)
[39m
[0;39m[39mInstalling ans.fhir.fr.nde#3.0.0
[0;39mChecking Output HTML                                                                                 (00:00.568 / 00:41.075, 1Gb)
Processed /tmp/ig-builds/ans.fhir.fr.nde#3.0.0-milestone/output - % reduction = 99 (11909223 ==> 221810)
found 896 files                                                                                      (00:00.458 / 00:41.534, 1Gb)
........................................
........................................
  ... 896 html files, 0 pages invalid xhtml (0%)                                                     (00:02.934 / 00:44.469, 2Gb)
  ... 46219 links, 5 broken links (0%)                                                               (00:00.000 / 00:44.469, 2Gb)
Generate fragment-usage-analysis.csv                                                                 (00:00.000 / 00:44.470, 2Gb)
Build final .zip                                                                                     (00:00.005 / 00:44.476, 2Gb)
Final .zip built                                                                                     (00:00.835 / 00:45.311, 2Gb)
Built. Times: loading: 00:00.534, generate: 00:27.305, narrative generation: 00:00.550, realm-rules: 00:00.000, previous-version: 00:00.000, jekyll: 00:01.393, validation: 00:04.287 (#21), template: 00:01.462 (#3) (00:02.235 / 00:47.547, 2Gb)
Generating QA                                                                                        (00:00.000 / 00:47.548, 2Gb)
Validation output in /tmp/ig-builds/ans.fhir.fr.nde#3.0.0-milestone/output/qa.html
Errors: 19, Warnings: 15, Info: 3, Broken Links: 5 (00:00.055 / 00:47.604, 1Gb)
Finished @ 13/03/2026 16:32. Max Memory Used = 2Gb. Log file saved in /tmp/fhir-ig-publisher-tmp.log (00:00.004 / 00:47.608, 1Gb)
Keep a copy of the build directory at /tmp/web-root/run-20260313/ig-build-zips/ans.fhir.fr.nde#3.0.0.zip

ok. All checks passed. Publish v3.0.0 to /tmp/web-root/run-20260313/nde/3.0.0
Copy the IG to /tmp/web-root/run-20260313/nde/3.0.0
Update /tmp/web-root/run-20260313/nde/package-list.json
Publish Box Statement: This page is part of the Volet Traçabilité des notifications d'événements (v3.0.0: <a data-no-external="true" href="https://confluence.hl7.org/display/HL7/HL7+Balloting" title="Standard for Trial-Use">STU</a>1) based on <a data-no-external="true" href="http://hl7.org/fhir/R4">FHIR (HL7® FHIR® Standard) R4</a>. This is the current published version in its permanent home (it will always be available at this URL).  For a full list of available versions, see the <a data-no-external="true" href="https://interop.esante.gouv.fr/ig/fhir/nde/history.html">Directory of published versions</a>
  .. 160 files checked, 160 updated
  .. 45 clones checked, 90 updated
  .. 21 redirections (21 created/updated)
This is a milestone release - publish v3.0.0 to /tmp/web-root/run-20260313/nde
Publish Box Statement: This page is part of the Volet Traçabilité des notifications d'événements (v3.0.0: <a data-no-external="true" href="https://confluence.hl7.org/display/HL7/HL7+Balloting" title="Standard for Trial-Use">STU</a>1) based on <a data-no-external="true" href="http://hl7.org/fhir/R4">FHIR (HL7® FHIR® Standard) R4</a>. This is the current published version.  For a full list of available versions, see the <a data-no-external="true" href="https://interop.esante.gouv.fr/ig/fhir/nde/history.html">Directory of published versions</a>
  .. 160 files checked, 160 updated
  .. 45 clones checked, 90 updated
  .. 21 redirections (21 created/updated)
Check for Files to delete
  ... 0 files
Copy to new IG /tmp/web-root/run-20260313/nde
ans.fhir.fr.nde (https://interop.esante.gouv.fr/ig/fhir/nde): Volet Traçabilité des notifications d'événements @ https://ansforge.github.io/interop-ig-fhir-notification-evenements/main/ig
  release: STU1 3.0.0/4.0.1 @ https://interop.esante.gouv.fr/ig/fhir/nde/3.0.0
Build is complete. Copy from /tmp/web-root/run-20260313
Update history page at /tmp/web-root/run-20260313/nde from /home/runner/work/interop-ig-fhir-notification-evenements/interop-ig-fhir-notification-evenements/./IG-website-release/fhir-ig-history-template and ./IG-website-release/templates
