FHIR IG Publisher Version 2.0.30 (Git# 04ebe87f19c1). Built 2026-01-20T18:29:40.591Z (12 days old)
Detected Java version: 17.0.10 from /opt/hostedtoolcache/Java_Microsoft_jdk/17.0.10/x64 on amd64 (64bit). 4000MB available
dir = /home/runner/work/IG-fhir-mesures-de-sante/IG-fhir-mesures-de-sante, path = /opt/hostedtoolcache/Ruby/3.3.10/x64/bin:/opt/hostedtoolcache/node/20.20.0/x64/bin:/opt/hostedtoolcache/Java_Microsoft_jdk/17.0.10/x64/bin:/snap/bin:/home/runner/.local/bin:/opt/pipx_bin:/home/runner/.cargo/bin:/home/runner/.config/composer/vendor/bin:/usr/local/.ghcup/bin:/home/runner/.dotnet/tools:/usr/local/sbin:/usr/local/bin:/usr/sbin:/usr/bin:/sbin:/bin:/usr/games:/usr/local/games:/snap/bin
Parameters: -go-publish -authorise-non-conformant-tx-servers -source ./igSource -web ./IG-website-release/www/ig/fhir -registry ./IG-website-release/ig-registry/fhir-ig-list.json -history ./IG-website-release/fhir-ig-history-template -templates ./IG-website-release/templates
---------------
Publication Run: publish ./igSource to ./IG-website-release/www/ig/fhir
Relative directory for IG is '/mesures'
===== Web Publication Run Details ===============================
 Source IG: ans.fhir.fr.mesures#3.2.0-ballot : https://interop.esante.gouv.fr/ig/fhir/mesures (R4) from ./igSource
All checks passed. Do the publication build from /home/runner/work/IG-fhir-mesures-de-sante/IG-fhir-mesures-de-sante/./igSource and publish to /tmp/web-root/run-20260202/mesures
Prepare Build space in /tmp/ig-builds/ans.fhir.fr.mesures#3.2.0-ballot
Build IG at /home/runner/work/IG-fhir-mesures-de-sante/IG-fhir-mesures-de-sante/./igSource: final copy suitable for publication (in /tmp/ig-builds/ans.fhir.fr.mesures#3.2.0-ballot)
FHIR IG Publisher Version 2.0.30 (Git# 04ebe87f19c1). Built 2026-01-20T18:29:40.591Z (12 days old)  
Detected Java version: 17.0.10 from /opt/hostedtoolcache/Java_Microsoft_jdk/17.0.10/x64 on Linux/amd64 (64bit). 4000MB available
dir = /home/runner/work/IG-fhir-mesures-de-sante/IG-fhir-mesures-de-sante, path = /opt/hostedtoolcache/Ruby/3.3.10/x64/bin:/opt/hostedtoolcache/node/20.20.0/x64/bin:/opt/hostedtoolcache/Java_Microsoft_jdk/17.0.10/x64/bin:/snap/bin:/home/runner/.local/bin:/opt/pipx_bin:/home/runner/.cargo/bin:/home/runner/.config/composer/vendor/bin:/usr/local/.ghcup/bin:/home/runner/.dotnet/tools:/usr/local/sbin:/usr/local/bin:/usr/sbin:/usr/bin:/sbin:/bin:/usr/games:/usr/local/games:/snap/bin
Parameters: -publish https://interop.esante.gouv.fr/ig/fhir/mesures/3.2.0-ballot -no-exit -ig /tmp/ig-builds/ans.fhir.fr.mesures#3.2.0-ballot -resetTx
Character encoding = UTF-8 / UTF-8                                                                  
Start Clock @ Monday, February 2, 2026 at 8:22:10 AM Coordinated Universal Time (2026-02-02T08:22:10Z)
                                                                                                    
Build FHIR IG from /tmp/ig-builds/ans.fhir.fr.mesures#3.2.0-ballot                                   (00:00.022 / 00:00.022, 47Mb)
Build Formal Publication package, intended for https://interop.esante.gouv.fr/ig/fhir/mesures/3.2.0-ballot (00:00.002 / 00:00.025, 48Mb)
API keys loaded from /home/runner/.fhir/fhir-settings.json                                           (00:00.000 / 00:00.026, 48Mb)
Package Cache: /home/runner/.fhir/packages                                                           (00:00.004 / 00:00.030, 48Mb)
Found dependency on ans.fr.terminologies#latest in Sushi config. Pre-installing                      (00:00.002 / 00:00.032, 48Mb)
Unable to install ans.fr.terminologies#latest: Invalid criteria: latest: (Expected numeric identifier at position 0) (00:00.003 / 00:00.035, 48Mb)
Trying to go on                                                                                      (00:00.000 / 00:00.036, 48Mb)
Run Sushi on /tmp/ig-builds/ans.fhir.fr.mesures#3.2.0-ballot                                         (00:00.001 / 00:00.037, 48Mb)
Sushi: info  Running SUSHI v3.17.0 (implements FHIR Shorthand specification v3.0.0)                  (00:00.870 / 00:00.908, 50Mb)
Sushi: info  Arguments:                                                                              (00:00.001 / 00:00.909, 50Mb)
Sushi: info    --require-latest                                                                      (00:00.000 / 00:00.910, 50Mb)
Sushi: info    --out /tmp/ig-builds/ans.fhir.fr.mesures#3.2.0-ballot                                 (00:00.000 / 00:00.911, 50Mb)
Sushi: info    /tmp/ig-builds/ans.fhir.fr.mesures#3.2.0-ballot                                       (00:00.000 / 00:00.912, 50Mb)
Sushi: info  Using configuration file: /tmp/ig-builds/ans.fhir.fr.mesures#3.2.0-ballot/sushi-config.yaml (00:00.741 / 00:01.653, 50Mb)
Sushi: info  Importing FSH text...                                                                   (00:00.103 / 00:01.757, 50Mb)
Sushi: info  Preprocessed 36 documents with 40 aliases.                                              (00:00.218 / 00:01.975, 50Mb)
Sushi: info  Imported 27 definitions and 27 instances.                                               (00:00.023 / 00:01.998, 50Mb)
Sushi: info  Loaded virtual package sushi-r5forR4#1.0.0 with 7 resources                             (00:00.108 / 00:02.107, 50Mb)
Sushi: info  Resolved hl7.fhir.uv.tools.r4#latest to concrete version 0.9.0                          (00:00.533 / 00:02.640, 50Mb)
Sushi: info  Loaded hl7.fhir.uv.tools.r4#0.9.0 with 117 resources                                    (00:00.093 / 00:02.734, 50Mb)
Sushi: info  Resolved hl7.terminology.r4#latest to concrete version 7.0.1                            (00:00.126 / 00:02.861, 50Mb)
Sushi: info  Loaded hl7.terminology.r4#7.0.1 with 4096 resources                                     (00:05.501 / 00:08.362, 50Mb)
Sushi: info  Loaded hl7.fhir.fr.core#2.1.0 with 120 resources                                        (00:00.107 / 00:08.470, 50Mb)
Sushi: info  Loaded hl7.fhir.uv.phd#1.0.0 with 26 resources                                          (00:00.034 / 00:08.504, 50Mb)
Sushi: info  Resolved ans.fr.terminologies#latest to concrete version 1.4.0                          (00:00.342 / 00:08.847, 50Mb)
Sushi: info  Loaded ans.fr.terminologies#1.4.0 with 1050 resources                                   (00:00.826 / 00:09.673, 50Mb)
Sushi: info  Loaded hl7.fhir.r4.core#4.0.1 with 4581 resources                                       (00:01.645 / 00:11.318, 50Mb)
Sushi: info  Resolved hl7.fhir.uv.extensions.r4#latest to concrete version 5.2.0                     (00:00.125 / 00:11.444, 50Mb)
Sushi: info  Loaded hl7.fhir.uv.extensions.r4#5.2.0 with 759 resources                               (00:00.619 / 00:12.064, 50Mb)
Sushi: info  Loaded virtual package sushi-local#LOCAL with 0 resources                               (00:00.006 / 00:12.071, 50Mb)
Sushi: info  Converting FSH to FHIR resources...                                                     (00:00.028 / 00:12.099, 50Mb)
Sushi: warn  Slice named supportingInfo already exists on element Observation.extension of MesFrObservationBmi (00:01.727 / 00:13.826, 50Mb)
Sushi:   File: /tmp/ig-builds/ans.fhir.fr.mesures#3.2.0-ballot/input/fsh/RuleSet-observations.fsh    (00:00.000 / 00:13.827, 50Mb)
Sushi:   Line: 4 - 7                                                                                 (00:00.001 / 00:13.828, 50Mb)
Sushi:   Applied in File: /tmp/ig-builds/ans.fhir.fr.mesures#3.2.0-ballot/input/fsh/MesFrObservationBmi.fsh (00:00.000 / 00:13.829, 50Mb)
Sushi:   Applied on Line: 6 - 7                                                                      (00:00.000 / 00:13.830, 50Mb)
Sushi: warn  Slice named supportingInfo already exists on element Observation.extension of MesFrObservationBodyHeight (00:00.079 / 00:13.909, 50Mb)
Sushi:   File: /tmp/ig-builds/ans.fhir.fr.mesures#3.2.0-ballot/input/fsh/RuleSet-observations.fsh    (00:00.001 / 00:13.910, 50Mb)
Sushi:   Line: 4 - 7                                                                                 (00:00.000 / 00:13.911, 50Mb)
Sushi:   Applied in File: /tmp/ig-builds/ans.fhir.fr.mesures#3.2.0-ballot/input/fsh/MesFrObservationBodyHeight.fsh (00:00.000 / 00:13.912, 50Mb)
Sushi:   Applied on Line: 6 - 7                                                                      (00:00.001 / 00:13.913, 50Mb)
Sushi: warn  Slice named supportingInfo already exists on element Observation.extension of MesFrObservationBodyTemperature (00:00.102 / 00:14.016, 50Mb)
Sushi:   File: /tmp/ig-builds/ans.fhir.fr.mesures#3.2.0-ballot/input/fsh/RuleSet-observations.fsh    (00:00.000 / 00:14.017, 50Mb)
Sushi:   Line: 4 - 7                                                                                 (00:00.000 / 00:14.017, 50Mb)
Sushi:   Applied in File: /tmp/ig-builds/ans.fhir.fr.mesures#3.2.0-ballot/input/fsh/MesFrObservationBodyTemperature.fsh (00:00.000 / 00:14.018, 50Mb)
Sushi:   Applied on Line: 6 - 7                                                                      (00:00.000 / 00:14.019, 50Mb)
Sushi: warn  Slice named supportingInfo already exists on element Observation.extension of MesFrObservationBodyWeight (00:00.104 / 00:14.124, 50Mb)
Sushi:   File: /tmp/ig-builds/ans.fhir.fr.mesures#3.2.0-ballot/input/fsh/RuleSet-observations.fsh    (00:00.000 / 00:14.125, 50Mb)
Sushi:   Line: 4 - 7                                                                                 (00:00.000 / 00:14.125, 50Mb)
Sushi:   Applied in File: /tmp/ig-builds/ans.fhir.fr.mesures#3.2.0-ballot/input/fsh/MesFrObservationBodyWeight.fsh (00:00.000 / 00:14.126, 50Mb)
Sushi:   Applied on Line: 6 - 7                                                                      (00:00.000 / 00:14.127, 50Mb)
Sushi: warn  Slice named supportingInfo already exists on element Observation.extension of MesFrObservationBp (00:00.107 / 00:14.235, 50Mb)
Sushi:   File: /tmp/ig-builds/ans.fhir.fr.mesures#3.2.0-ballot/input/fsh/RuleSet-observations.fsh    (00:00.000 / 00:14.235, 50Mb)
Sushi:   Line: 4 - 7                                                                                 (00:00.000 / 00:14.236, 50Mb)
Sushi:   Applied in File: /tmp/ig-builds/ans.fhir.fr.mesures#3.2.0-ballot/input/fsh/MesFrObservationBp.fsh (00:00.000 / 00:14.237, 50Mb)
Sushi:   Applied on Line: 6 - 7                                                                      (00:00.000 / 00:14.237, 50Mb)
Sushi: warn  Slice named supportingInfo already exists on element Observation.extension of MesFrObservationHeartrate (00:00.098 / 00:14.336, 50Mb)
Sushi:   File: /tmp/ig-builds/ans.fhir.fr.mesures#3.2.0-ballot/input/fsh/RuleSet-observations.fsh    (00:00.000 / 00:14.337, 50Mb)
Sushi:   Line: 4 - 7                                                                                 (00:00.000 / 00:14.337, 50Mb)
Sushi:   Applied in File: /tmp/ig-builds/ans.fhir.fr.mesures#3.2.0-ballot/input/fsh/MesFrObservationHeartrate.fsh (00:00.000 / 00:14.338, 50Mb)
Sushi:   Applied on Line: 6 - 7                                                                      (00:00.000 / 00:14.339, 50Mb)
Sushi: warn  Slice named supportingInfo already exists on element Observation.extension of MesFrObservationRespiratoryRate (00:00.226 / 00:14.566, 50Mb)
Sushi:   File: /tmp/ig-builds/ans.fhir.fr.mesures#3.2.0-ballot/input/fsh/RuleSet-observations.fsh    (00:00.001 / 00:14.566, 50Mb)
Sushi:   Line: 4 - 7                                                                                 (00:00.000 / 00:14.567, 50Mb)
Sushi:   Applied in File: /tmp/ig-builds/ans.fhir.fr.mesures#3.2.0-ballot/input/fsh/MesFrObservationRespRate.fsh (00:00.000 / 00:14.568, 50Mb)
Sushi:   Applied on Line: 6 - 7                                                                      (00:00.000 / 00:14.568, 50Mb)
Sushi: info  Converted 26 FHIR StructureDefinitions.                                                 (00:00.601 / 00:15.170, 50Mb)
Sushi: info  Converted 1 FHIR ValueSets.                                                             (00:00.007 / 00:15.177, 50Mb)
Sushi: info  Converted 27 FHIR instances.                                                            (00:02.647 / 00:17.825, 50Mb)
Sushi: info  Exporting FHIR resources as JSON...                                                     (00:00.000 / 00:17.826, 50Mb)
Sushi: info  Exported 52 FHIR resources as JSON.                                                     (00:00.141 / 00:17.968, 50Mb)
Sushi: info  Assembling Implementation Guide sources...                                              (00:00.002 / 00:17.970, 50Mb)
Sushi: info  Generated ImplementationGuide-ans.fhir.fr.mesures.json                                  (00:00.032 / 00:18.002, 50Mb)
Sushi: info  Assembled Implementation Guide sources; ready for IG Publisher.                         (00:00.000 / 00:18.003, 50Mb)
Sushi: ========================= SUSHI RESULTS ===========================                           (00:00.000 / 00:18.004, 50Mb)
Sushi: |  -------------------------------------------------------------  |                           (00:00.000 / 00:18.004, 50Mb)
Sushi: | |    Profiles   |  Extensions  |   Logicals   |   Resources   | |                           (00:00.000 / 00:18.005, 50Mb)
Sushi: | |-------------------------------------------------------------| |                           (00:00.000 / 00:18.006, 50Mb)
Sushi: | |      22       |      4       |      0       |       0       | |                           (00:00.000 / 00:18.006, 50Mb)
Sushi: |  -------------------------------------------------------------  |                           (00:00.000 / 00:18.007, 50Mb)
Sushi: |  -------------------------------------------------------------  |                           (00:00.000 / 00:18.007, 50Mb)
Sushi: | |      ValueSets     |    CodeSystems    |     Instances      | |                           (00:00.000 / 00:18.008, 50Mb)
Sushi: | |-------------------------------------------------------------| |                           (00:00.000 / 00:18.008, 50Mb)
Sushi: | |         1          |         0         |         27         | |                           (00:00.000 / 00:18.009, 50Mb)
Sushi: |  -------------------------------------------------------------  |                           (00:00.000 / 00:18.009, 50Mb)
Sushi: |                                                                 |                           (00:00.000 / 00:18.010, 50Mb)
Sushi: ===================================================================                           (00:00.000 / 00:18.011, 50Mb)
Sushi: | You're kraken me up.                   0 Errors      7 Warnings |                           (00:00.000 / 00:18.011, 50Mb)
Sushi: ===================================================================                           (00:00.000 / 00:18.012, 50Mb)
Root directory: /tmp/ig-builds/ans.fhir.fr.mesures#3.2.0-ballot                                      (00:00.019 / 00:18.031, 50Mb)
Unable to load IG as an r5 IG - try R4 (property code is a class com.google.gson.JsonPrimitive looking for an object) (00:00.441 / 00:18.472, 62Mb)
Load Template from ans.fr.template#0.1.0                                                             (00:00.486 / 00:18.959, 66Mb)
 Load Template from fhir.base.template#0.8.1                                                         (00:00.014 / 00:18.973, 67Mb)
Scanning directory: /tmp/ig-builds/ans.fhir.fr.mesures#3.2.0-ballot/template
======================================================================
Terminology Cache is at /tmp/ig-builds/ans.fhir.fr.mesures#3.2.0-ballot/input-cache/txcache. Clearing now (00:02.958 / 00:21.932, 95Mb)
Core Package hl7.fhir.r4.core#4.0.1                                                                  (00:00.002 / 00:21.934, 95Mb)
Running Terminology Log: /tmp/ohfu-fhir-ig-401217974960768609.html
Connect to Terminology Server at http://tx.fhir.org                                                  (00:03.750 / 00:25.684, 550Mb)
[39mLoad Package hl7.fhir.pubpack#0.2.3
[0;39m[39mLoad Package hl7.fhir.xver-extensions#0.1.0
[0;39m[39mLoad Package hl7.terminology.r4#7.0.1
[0;39m[39mLoad Package hl7.fhir.uv.extensions.r4#5.2.0
[0;39m[39mLoad Package hl7.terminology.r4#6.0.2
[0;39m[39mLoad Package hl7.fhir.uv.extensions.r4#5.1.0
[0;39m[39mLoad Package ans.fr.nos#1.3.0
[0;39m[39mLoad Package hl7.fhir.fr.core#2.1.0
[0;39m[39mLoad Package hl7.terminology.r4#3.1.0
[0;39m[39mLoad Package hl7.fhir.uv.phd#1.0.0
[0;39m[39mLoad Package hl7.terminology.r4#6.5.0
[0;39m[39mLoad Package hl7.terminology.r4#5.0.0
[0;39m[39mLoad Package fhir.dicom#2022.4.20221006
[0;39m[39mLoad Package hl7.fhir.uv.ips#1.1.0
[0;39m[39mLoad Package ans.fr.terminologies#1.4.0
[0;39m[39mLoad Package hl7.fhir.uv.tools.r4#0.9.0
[0;39mLoad R5 Specials
Cannot find or generate snapshot for base definition http://hl7.org/fhir/StructureDefinition/CanonicalResource from http://hl7.org/fhir/StructureDefinition/TestCases
Initialization complete                                                                              (00:13.398 / 00:39.083, 1Gb)
Load IG                                                                                              (00:00.000 / 00:39.084, 1Gb)
Load Content                                                                                         (00:00.002 / 00:39.087, 1Gb)
Using fr_FR as the default narrative language. (inferred from ImplementationGuide.jurisdiction=FR)   (00:00.077 / 00:39.164, 1Gb)
Process Loaded Resources                                                                             (00:00.862 / 00:40.026, 1Gb)
Generating Snapshots                                                                                 (00:00.209 / 00:40.236, 1Gb)

Signing Certificate: RSA key for Subject: OU=IG Publisher, L=Ann Arbor, CN=hl7.org, O=HL7, ST=Missouri, C=us from: OU=IG Publisher, L=Ann Arbor, CN=hl7.org, O=HL7, ST=Missouri, C=us
Fetch https://interop.esante.gouv.fr/ig/fhir/mesures/package-list.json for version check             (00:02.328 / 00:42.564, 1Gb)
Checking Language                                                                                    (00:00.620 / 00:43.185, 1Gb)
Load Dependency Info                                                                                 (00:00.001 / 00:43.187, 1Gb)
Load Info                                                                                            (00:00.001 / 00:43.188, 1Gb)
Load Paths                                                                                           (00:00.000 / 00:43.189, 1Gb)
Check R4 / R4B                                                                                       (00:00.000 / 00:43.190, 1Gb)
Assign Comparison Ids                                                                                (00:00.021 / 00:43.212, 1Gb)
Propagating status                                                                                   (00:00.000 / 00:43.212, 1Gb)
Generating Narratives                                                                                (00:00.000 / 00:43.213, 1Gb)
Validating Conformance Resources                                                                     (00:15.624 / 00:58.837, 1Gb)
Check profiles & code systems                                                                        (00:37.323 / 01:36.160, 1Gb)
Check realm rules                                                                                    (00:00.005 / 01:36.165, 1Gb)
Previous Version Comparison                                                                          (00:00.000 / 01:36.166, 1Gb)
Checking for Bundles to sign                                                                         (00:14.433 / 01:50.600, 1Gb)
Validating Resources                                                                                 (00:00.000 / 01:50.601, 1Gb)
Processing Provenance Records                                                                        (00:22.920 / 02:13.521, 1Gb)
Generating Outputs in /tmp/ig-builds/ans.fhir.fr.mesures#3.2.0-ballot/output                         (00:00.000 / 02:13.522, 1Gb)
Generate Native Outputs                                                                              (00:00.324 / 02:13.846, 1Gb)
Run Template                                                                                         (00:06.579 / 02:20.426, 1Gb)
Generate HTML Outputs                                                                                (00:02.003 / 02:22.429, 1Gb)
Generate Spreadsheets                                                                                (00:22.285 / 02:44.714, 1Gb)
Generate Summaries                                                                                   (00:06.846 / 02:51.561, 1Gb)
Generating Summary Outputs                                                                           (00:00.000 / 02:51.562, 1Gb)
Unable to find 3-character code having same country code as ISO 2-char code AA - User-assigned       (00:11.064 / 03:02.627, 1Gb)
Unable to find 3-character code having same country code as ISO 2-char code QM - User-assigned       (00:00.000 / 03:02.628, 1Gb)
Unable to find 3-character code having same country code as ISO 2-char code QN - User-assigned       (00:00.000 / 03:02.628, 1Gb)
Unable to find 3-character code having same country code as ISO 2-char code QO - User-assigned       (00:00.000 / 03:02.629, 1Gb)
Unable to find 3-character code having same country code as ISO 2-char code QP - User-assigned       (00:00.000 / 03:02.630, 1Gb)
Unable to find 3-character code having same country code as ISO 2-char code QQ - User-assigned       (00:00.000 / 03:02.630, 1Gb)
Unable to find 3-character code having same country code as ISO 2-char code QR - User-assigned       (00:00.000 / 03:02.631, 1Gb)
Unable to find 3-character code having same country code as ISO 2-char code QS - User-assigned       (00:00.000 / 03:02.632, 1Gb)
Unable to find 3-character code having same country code as ISO 2-char code QT - User-assigned       (00:00.000 / 03:02.633, 1Gb)
Unable to find 3-character code having same country code as ISO 2-char code QU - User-assigned       (00:00.000 / 03:02.633, 1Gb)
Unable to find 3-character code having same country code as ISO 2-char code QV - User-assigned       (00:00.000 / 03:02.634, 1Gb)
Unable to find 3-character code having same country code as ISO 2-char code QW - User-assigned       (00:00.000 / 03:02.635, 1Gb)
Unable to find 3-character code having same country code as ISO 2-char code QX - User-assigned       (00:00.000 / 03:02.635, 1Gb)
Unable to find 3-character code having same country code as ISO 2-char code QY - User-assigned       (00:00.000 / 03:02.636, 1Gb)
Unable to find 3-character code having same country code as ISO 2-char code QZ - User-assigned       (00:00.000 / 03:02.636, 1Gb)
Unable to find 3-character code having same country code as ISO 2-char code XA - User-assigned       (00:00.000 / 03:02.637, 1Gb)
Unable to find 3-character code having same country code as ISO 2-char code XB - User-assigned       (00:00.000 / 03:02.637, 1Gb)
Unable to find 3-character code having same country code as ISO 2-char code XC - User-assigned       (00:00.000 / 03:02.638, 1Gb)
Unable to find 3-character code having same country code as ISO 2-char code XD - User-assigned       (00:00.000 / 03:02.638, 1Gb)
Unable to find 3-character code having same country code as ISO 2-char code XE - User-assigned       (00:00.000 / 03:02.639, 1Gb)
Unable to find 3-character code having same country code as ISO 2-char code XF - User-assigned       (00:00.000 / 03:02.639, 1Gb)
Unable to find 3-character code having same country code as ISO 2-char code XG - User-assigned       (00:00.000 / 03:02.640, 1Gb)
Unable to find 3-character code having same country code as ISO 2-char code XH - User-assigned       (00:00.000 / 03:02.641, 1Gb)
Unable to find 3-character code having same country code as ISO 2-char code XI - User-assigned       (00:00.000 / 03:02.641, 1Gb)
Unable to find 3-character code having same country code as ISO 2-char code XJ - User-assigned       (00:00.000 / 03:02.642, 1Gb)
Unable to find 3-character code having same country code as ISO 2-char code XK - Kosovo              (00:00.000 / 03:02.642, 1Gb)
Unable to find 3-character code having same country code as ISO 2-char code XL - User-assigned       (00:00.000 / 03:02.643, 1Gb)
Unable to find 3-character code having same country code as ISO 2-char code XM - User-assigned       (00:00.000 / 03:02.643, 1Gb)
Unable to find 3-character code having same country code as ISO 2-char code XN - User-assigned       (00:00.000 / 03:02.644, 1Gb)
Unable to find 3-character code having same country code as ISO 2-char code XO - User-assigned       (00:00.000 / 03:02.644, 1Gb)
Unable to find 3-character code having same country code as ISO 2-char code XP - User-assigned       (00:00.000 / 03:02.645, 1Gb)
Unable to find 3-character code having same country code as ISO 2-char code XQ - User-assigned       (00:00.000 / 03:02.645, 1Gb)
Unable to find 3-character code having same country code as ISO 2-char code XR - User-assigned       (00:00.000 / 03:02.645, 1Gb)
Unable to find 3-character code having same country code as ISO 2-char code XS - User-assigned       (00:00.000 / 03:02.646, 1Gb)
Unable to find 3-character code having same country code as ISO 2-char code XT - User-assigned       (00:00.000 / 03:02.646, 1Gb)
Unable to find 3-character code having same country code as ISO 2-char code XU - User-assigned       (00:00.000 / 03:02.647, 1Gb)
Unable to find 3-character code having same country code as ISO 2-char code XV - User-assigned       (00:00.000 / 03:02.647, 1Gb)
Unable to find 3-character code having same country code as ISO 2-char code XW - User-assigned       (00:00.000 / 03:02.647, 1Gb)
Unable to find 3-character code having same country code as ISO 2-char code XX - Unknown             (00:00.000 / 03:02.648, 1Gb)
Unable to find 3-character code having same country code as ISO 2-char code XY - User-assigned       (00:00.000 / 03:02.648, 1Gb)
Unable to find 3-character code having same country code as ISO 2-char code XZ - International Waters (00:00.000 / 03:02.649, 1Gb)
Unable to find 3-character code having same country code as ISO 2-char code ZZ - Unknown or Invalid Territory (00:00.000 / 03:02.649, 1Gb)
DB Cumulative Time invested: 00:00:01.218
Sending Usage Stats to Server                                                                        (00:00.243 / 03:02.893, 1Gb)
## Memory (MB): Use = 1856, Free = 377, Total = 2234, Max = 4000                                     (00:00.004 / 03:02.897, 1Gb)
Reclaiming memory...                                                                                 (00:00.000 / 03:02.897, 1Gb)
## Memory (MB): Use = 1590, Free = 1073, Total = 2664, Max = 4000                                    (00:00.802 / 03:03.700, 1Gb)
Run jekyll: jekyll build --destination "/tmp/ig-builds/ans.fhir.fr.mesures#3.2.0-ballot/output" (in folder /tmp/ig-builds/ans.fhir.fr.mesures#3.2.0-ballot/temp/pages) (00:00.001 / 03:03.701, 1Gb)
Troubleshooting Note: usual cases for Jekyll to fail are:                                            (00:00.000 / 03:03.702, 1Gb)
* A failure to produce a fragment that is already logged in the output above                         (00:00.000 / 03:03.702, 1Gb)
* A reference to a manually edited file that hasn't been provided                                    (00:00.000 / 03:03.703, 1Gb)
Jekyll: Source: /tmp/ig-builds/ans.fhir.fr.mesures#3.2.0-ballot/temp/pages                           (00:00.606 / 03:04.309, 1Gb)
Jekyll: Generating...                                                                                (00:00.000 / 03:04.310, 1Gb)
Jekyll: done in 2.72 seconds.                                                                        (00:02.719 / 03:07.029, 1Gb)
[39m
[0;39m[39mInstalling ans.fhir.fr.mesures#3.2.0-ballot
[0;39m[39m done.
[0;39mChecking Output HTML                                                                                 (00:03.482 / 03:10.512, 2Gb)
Processed /tmp/ig-builds/ans.fhir.fr.mesures#3.2.0-ballot/output - % reduction = 100 (117043538 ==> 464767)
found 1270 files                                                                                     (00:01.904 / 03:12.416, 1Gb)
........................................
........................................
  ... 1270 html files, 0 pages invalid xhtml (0%)                                                    (00:26.863 / 03:39.280, 2Gb)
  ... 524366 links, 15 broken links (0%)                                                             (00:00.000 / 03:39.280, 2Gb)
Generate fragment-usage-analysis.csv                                                                 (00:00.000 / 03:39.281, 2Gb)
Build final .zip                                                                                     (00:00.007 / 03:39.289, 2Gb)
Final .zip built                                                                                     (00:04.469 / 03:43.758, 1Gb)
Built. Times: loading: 00:04.098, generate: 03:04.388, narrative generation: 00:15.623, realm-rules: 00:00.000, previous-version: 00:14.399, jekyll: 00:03.361, validation: 01:00.169 (#53), template: 00:02.002 (#3) (00:03.816 / 03:47.574, 2Gb)
Generating QA                                                                                        (00:00.001 / 03:47.575, 2Gb)
Internal error in location for message: 'Error @1, 2: Found / expecting a token name', loc = '/tmp/ig-builds/ans.fhir.fr.mesures#3.2.0-ballot/output/flux-alimentation-signes-vitaux.html', err = 'Illegal HTML: illegal html element: OID ()'
Internal error in location for message: 'Error @1, 2: Found / expecting a token name', loc = '/tmp/ig-builds/ans.fhir.fr.mesures#3.2.0-ballot/output/searchform.html#/html/body/div/div/div/a/img/', err = 'The <script> containing the javascript '$( document ).ready('... is illegal and not allowed on the H'
Validation output in /tmp/ig-builds/ans.fhir.fr.mesures#3.2.0-ballot/output/qa.html
Errors: 254, Warnings: 125, Info: 57, Broken Links: 25 (00:00.819 / 03:48.394, 2Gb)
Finished @ 02/02/2026 08:25. Max Memory Used = 2Gb. Log file saved in /tmp/fhir-ig-publisher-tmp.log (00:00.013 / 03:48.408, 2Gb)
Keep a copy of the build directory at /tmp/web-root/run-20260202/ig-build-zips/ans.fhir.fr.mesures#3.2.0-ballot.zip

ok. All checks passed. Publish v3.2.0-ballot to /tmp/web-root/run-20260202/mesures/3.2.0-ballot
Copy the IG to /tmp/web-root/run-20260202/mesures/3.2.0-ballot
Update /tmp/web-root/run-20260202/mesures/package-list.json
Publish Box Statement: This page is part of the Guide d'implémentation FHIR - Mesures de santé (v3.2.0-ballot: final-text Ballot) based on <a data-no-external="true" href="http://hl7.org/fhir/R4">FHIR (HL7® FHIR® Standard) R4</a>. This version is a pre-release. The current official version is <a data-no-external="true" href="https://interop.esante.gouv.fr/ig/fhir/mesures{{fn}}">3.1.0</a>.  For a full list of available versions, see the <a data-no-external="true" href="https://interop.esante.gouv.fr/ig/fhir/mesures/history.html">Directory of published versions</a>
  .. 371 files checked, 371 updated
  .. 157 clones checked, 314 updated
  .. 53 redirections (53 created/updated)
ans.fhir.fr.mesures (https://interop.esante.gouv.fr/ig/fhir/mesures): Guide d'implémentation FHIR - Mesures de santé @ https://ansforge.github.io/IG-fhir-mesures-de-sante/ig/main
  candidate: final-text Ballot 3.2.0-ballot/4.0.1 @ https://interop.esante.gouv.fr/ig/fhir/mesures/3.2.0-ballot
Build is complete. Copy from /tmp/web-root/run-20260202
Update history page at /tmp/web-root/run-20260202/mesures from /home/runner/work/IG-fhir-mesures-de-sante/IG-fhir-mesures-de-sante/./IG-website-release/fhir-ig-history-template and ./IG-website-release/templates
