FHIR IG Publisher Version 2.2.10 (Git# 37a39a2cca2d). Built 2026-06-25T21:40:25.53Z (5 days old)
Detected Java version: 17.0.19 from /usr/lib/jvm/java-17-openjdk-amd64 on amd64 (64bit). 3998MB available
dir = /__w/IG-fhir-medicosocial-transfert-donnees-dui/IG-fhir-medicosocial-transfert-donnees-dui, path = /usr/local/sbin:/usr/local/bin:/usr/sbin:/usr/bin:/sbin:/bin
Parameters: -go-publish -authorise-non-conformant-tx-servers -source ./igSource -web ./IG-website-release/www/ig/fhir -registry ./IG-website-release/ig-registry/fhir-ig-list.json -history ./IG-website-release/fhir-ig-history-template -templates ./IG-website-release/templates
---------------
Publication Run: publish ./igSource to ./IG-website-release/www/ig/fhir
Relative directory for IG is '/tddui'
===== Web Publication Run Details ===============================
 Source IG: ans.fhir.fr.tddui#2.4.0-ballot : https://interop.esante.gouv.fr/ig/fhir/tddui (R4) from ./igSource
All checks passed. Do the publication build from /__w/IG-fhir-medicosocial-transfert-donnees-dui/IG-fhir-medicosocial-transfert-donnees-dui/./igSource and publish to /tmp/web-root/run-20260701/tddui
Prepare Build space in /tmp/ig-builds/ans.fhir.fr.tddui#2.4.0-ballot
Build IG at /__w/IG-fhir-medicosocial-transfert-donnees-dui/IG-fhir-medicosocial-transfert-donnees-dui/./igSource: final copy suitable for publication (in /tmp/ig-builds/ans.fhir.fr.tddui#2.4.0-ballot)
FHIR IG Publisher Version 2.2.10 (Git# 37a39a2cca2d). Built 2026-06-25T21:40:25.53Z (5 days old)    
Detected Java version: 17.0.19 from /usr/lib/jvm/java-17-openjdk-amd64 on Linux/amd64 (64bit). 3998MB available
dir = /__w/IG-fhir-medicosocial-transfert-donnees-dui/IG-fhir-medicosocial-transfert-donnees-dui, path = /usr/local/sbin:/usr/local/bin:/usr/sbin:/usr/bin:/sbin:/bin
Parameters: -publish https://interop.esante.gouv.fr/ig/fhir/tddui/2.4.0-ballot -no-exit -ig /tmp/ig-builds/ans.fhir.fr.tddui#2.4.0-ballot -resetTx
Character encoding = UTF-8 / UTF-8                                                                  
Start Clock @ Wednesday, July 1, 2026 at 3:49:41 PM Coordinated Universal Time (2026-07-01T15:49:41Z)
                                                                                                    
Build FHIR IG from /tmp/ig-builds/ans.fhir.fr.tddui#2.4.0-ballot                                     (00:00.024 / 00:00.024, 102Mb)
Build Formal Publication package, intended for https://interop.esante.gouv.fr/ig/fhir/tddui/2.4.0-ballot (00:00.003 / 00:00.028, 102Mb)
API keys loaded from /root/.fhir/fhir-settings.json                                                  (00:00.001 / 00:00.029, 102Mb)
Package Cache: /root/.fhir/packages                                                                  (00:00.006 / 00:00.036, 102Mb)
Run Sushi on /tmp/ig-builds/ans.fhir.fr.tddui#2.4.0-ballot                                           (00:00.003 / 00:00.040, 102Mb)
Sushi: info  Running SUSHI v3.20.0 (implements FHIR Shorthand specification v3.0.0)                  (00:00.760 / 00:00.800, 105Mb)
Sushi: info  Arguments:                                                                              (00:00.001 / 00:00.801, 105Mb)
Sushi: info    --require-latest                                                                      (00:00.001 / 00:00.803, 105Mb)
Sushi: info    --out /tmp/ig-builds/ans.fhir.fr.tddui#2.4.0-ballot                                   (00:00.001 / 00:00.804, 105Mb)
Sushi: info    /tmp/ig-builds/ans.fhir.fr.tddui#2.4.0-ballot                                         (00:00.001 / 00:00.805, 105Mb)
Sushi: info  Using configuration file: /tmp/ig-builds/ans.fhir.fr.tddui#2.4.0-ballot/sushi-config.yaml (00:00.552 / 00:01.358, 105Mb)
Sushi: info  Importing FSH text...                                                                   (00:00.113 / 00:01.472, 105Mb)
Sushi: info  Preprocessed 184 documents with 120 aliases.                                            (00:00.552 / 00:02.024, 105Mb)
Sushi: info  Imported 110 definitions and 68 instances.                                              (00:00.084 / 00:02.109, 105Mb)
Sushi: warn  Detected FSH entity definitions with duplicate names. While FSH allows for duplicate names across entity types, they can lead to ambiguous results when referring to these entities by name elsewhere (e.g., in references). Consider using unique names in FSH declarations and assigning duplicated names using caret assignment rules instead. Detected duplicate names: TDDUIConsentAccord, TDDUIObservationPeriodeScolaire, TDDUIDiscriminator, TDDUIBasicDecisionIdentifier, TDDUIBasicType, TDDUIEncounterIdentifier, TDDUIObservationType, TDDUITaskInputAction, TDDUITaskInputBilan, TDDUITaskInputMoyenRessource, TDDUITaskInputPrestation, TDDUITaskInputTransport, TDDUITaskOutputBilan. (00:00.026 / 00:02.135, 105Mb)
Sushi: info  Loaded virtual package sushi-r5forR4#1.0.0 with 7 resources                             (00:00.120 / 00:02.256, 105Mb)
Sushi: info  Resolved hl7.fhir.uv.tools.r4#latest to concrete version 1.1.2                          (00:00.817 / 00:03.073, 105Mb)
Sushi: info  Attempting to download hl7.fhir.uv.tools.r4#1.1.2 from https://packages.fhir.org/hl7.fhir.uv.tools.r4/1.1.2 (00:00.000 / 00:03.073, 105Mb)
Sushi: info  Downloaded hl7.fhir.uv.tools.r4#1.1.2                                                   (00:00.648 / 00:03.722, 105Mb)
Sushi: info  Cached hl7.fhir.uv.tools.r4#1.1.2 to /github/home/.fhir/packages/hl7.fhir.uv.tools.r4#1.1.2 (00:00.051 / 00:03.774, 105Mb)
Sushi: info  Loaded hl7.fhir.uv.tools.r4#1.1.2 with 119 resources                                    (00:00.055 / 00:03.829, 105Mb)
Sushi: info  Resolved hl7.terminology.r4#latest to concrete version 7.2.0                            (00:00.168 / 00:03.998, 105Mb)
Sushi: info  Attempting to download hl7.terminology.r4#7.2.0 from https://packages.fhir.org/hl7.terminology.r4/7.2.0 (00:00.000 / 00:03.998, 105Mb)
Sushi: info  Downloaded hl7.terminology.r4#7.2.0                                                     (00:02.370 / 00:06.369, 105Mb)
Sushi: info  Cached hl7.terminology.r4#7.2.0 to /github/home/.fhir/packages/hl7.terminology.r4#7.2.0 (00:00.505 / 00:06.875, 105Mb)
Sushi: info  Loaded hl7.terminology.r4#7.2.0 with 4165 resources                                     (00:00.971 / 00:07.846, 105Mb)
Sushi: warn  Found old-style cross-version extensions package in dependencies: hl7.fhir.extensions.r5. (00:00.001 / 00:07.847, 105Mb)
Sushi:   SUSHI will use the official xver package instead: hl7.fhir.uv.xver-r5.r4.                   (00:00.000 / 00:07.848, 105Mb)
Sushi:   Please update your sushi-config.yaml file to reference the new xver package.                (00:00.000 / 00:07.849, 105Mb)
Sushi:   See: https://confluence.hl7.org/spaces/FHIRI/pages/413256623/FAQs                           (00:00.000 / 00:07.850, 105Mb)
Sushi: info  Attempting to download hl7.fhir.fr.core#2.1.0 from https://packages.fhir.org/hl7.fhir.fr.core/2.1.0 (00:00.000 / 00:07.850, 105Mb)
Sushi: info  Downloaded hl7.fhir.fr.core#2.1.0                                                       (00:00.299 / 00:08.150, 105Mb)
Sushi: info  Cached hl7.fhir.fr.core#2.1.0 to /github/home/.fhir/packages/hl7.fhir.fr.core#2.1.0     (00:00.029 / 00:08.180, 105Mb)
Sushi: info  Loaded hl7.fhir.fr.core#2.1.0 with 120 resources                                        (00:00.052 / 00:08.232, 105Mb)
Sushi: info  Resolved ans.fr.terminologies#latest to concrete version 1.10.0                         (00:00.167 / 00:08.400, 105Mb)
Sushi: info  Attempting to download ans.fr.terminologies#1.10.0 from https://packages.fhir.org/ans.fr.terminologies/1.10.0 (00:00.001 / 00:08.402, 105Mb)
Sushi: info  Downloaded ans.fr.terminologies#1.10.0                                                  (00:00.803 / 00:09.205, 105Mb)
Sushi: info  Cached ans.fr.terminologies#1.10.0 to /github/home/.fhir/packages/ans.fr.terminologies#1.10.0 (00:00.142 / 00:09.348, 105Mb)
Sushi: info  Loaded ans.fr.terminologies#1.10.0 with 1263 resources                                  (00:00.412 / 00:09.761, 105Mb)
Sushi: info  Resolved hl7.fhir.uv.xver-r5.r4#latest to concrete version 0.1.0                        (00:00.178 / 00:09.939, 105Mb)
Sushi: info  Attempting to download hl7.fhir.uv.xver-r5.r4#0.1.0 from https://packages.fhir.org/hl7.fhir.uv.xver-r5.r4/0.1.0 (00:00.000 / 00:09.940, 105Mb)
Sushi: info  Downloaded hl7.fhir.uv.xver-r5.r4#0.1.0                                                 (00:02.961 / 00:12.901, 105Mb)
Sushi: info  Cached hl7.fhir.uv.xver-r5.r4#0.1.0 to /github/home/.fhir/packages/hl7.fhir.uv.xver-r5.r4#0.1.0 (00:00.659 / 00:13.561, 105Mb)
Sushi: info  Loaded hl7.fhir.uv.xver-r5.r4#0.1.0 with 4707 resources                                 (00:01.302 / 00:14.863, 105Mb)
Sushi: info  Attempting to download ihe.iti.mhd#4.2.0 from https://packages.fhir.org/ihe.iti.mhd/4.2.0 (00:00.001 / 00:14.865, 105Mb)
Sushi: info  Downloaded ihe.iti.mhd#4.2.0                                                            (00:00.303 / 00:15.168, 105Mb)
Sushi: info  Cached ihe.iti.mhd#4.2.0 to /github/home/.fhir/packages/ihe.iti.mhd#4.2.0               (00:00.030 / 00:15.199, 105Mb)
Sushi: info  Loaded ihe.iti.mhd#4.2.0 with 65 resources                                              (00:00.041 / 00:15.241, 105Mb)
Sushi: info  Attempting to download ans.fhir.fr.annuaire#1.1.0 from https://packages.fhir.org/ans.fhir.fr.annuaire/1.1.0 (00:00.001 / 00:15.242, 105Mb)
Sushi: info  Downloaded ans.fhir.fr.annuaire#1.1.0                                                   (00:00.266 / 00:15.509, 105Mb)
Sushi: info  Cached ans.fhir.fr.annuaire#1.1.0 to /github/home/.fhir/packages/ans.fhir.fr.annuaire#1.1.0 (00:00.025 / 00:15.534, 105Mb)
Sushi: info  Loaded ans.fhir.fr.annuaire#1.1.0 with 65 resources                                     (00:00.054 / 00:15.589, 105Mb)
Sushi: info  Attempting to download hl7.fhir.r4.core#4.0.1 from https://packages.fhir.org/hl7.fhir.r4.core/4.0.1 (00:00.001 / 00:15.590, 105Mb)
Sushi: info  Downloaded hl7.fhir.r4.core#4.0.1                                                       (00:01.614 / 00:17.205, 105Mb)
Sushi: info  Cached hl7.fhir.r4.core#4.0.1 to /github/home/.fhir/packages/hl7.fhir.r4.core#4.0.1     (00:00.582 / 00:17.787, 105Mb)
Sushi: info  Loaded hl7.fhir.r4.core#4.0.1 with 4581 resources                                       (00:00.932 / 00:18.720, 105Mb)
Sushi: info  Attempting to download hl7.fhir.uv.extensions#5.2.0 from https://packages.fhir.org/hl7.fhir.uv.extensions/5.2.0 (00:00.001 / 00:18.721, 105Mb)
Sushi: info  Downloaded hl7.fhir.uv.extensions#5.2.0                                                 (00:00.704 / 00:19.425, 105Mb)
Sushi: info  Cached hl7.fhir.uv.extensions#5.2.0 to /github/home/.fhir/packages/hl7.fhir.uv.extensions#5.2.0 (00:00.150 / 00:19.575, 105Mb)
Sushi: info  Loaded hl7.fhir.uv.extensions#5.2.0 with 759 resources                                  (00:00.231 / 00:19.807, 105Mb)
Sushi: info  Loaded virtual package sushi-local#LOCAL with 0 resources                               (00:00.018 / 00:19.825, 105Mb)
Sushi: info  Converting FSH to FHIR resources...                                                     (00:00.024 / 00:19.850, 105Mb)
Sushi: warn  The name "tddui-humanname" may not be suitable for machine processing applications such as code generation. Valid names start with an upper-case ASCII letter ('A'..'Z') followed by any combination of upper- or lower-case ASCII letters ('A'..'Z', and 'a'..'z'), numerals ('0'..'9') and '_', with a length limit of 255 characters. (00:00.027 / 00:19.877, 105Mb)
Sushi:   File: /tmp/ig-builds/ans.fhir.fr.tddui#2.4.0-ballot/input/fsh/DataType/tddui-human-name.fsh (00:00.002 / 00:19.880, 105Mb)
Sushi:   Line: 1 - 6                                                                                 (00:00.001 / 00:19.881, 105Mb)
Sushi: info  Converted 64 FHIR StructureDefinitions.                                                 (00:08.241 / 00:28.123, 105Mb)
Sushi: info  Converted 17 FHIR CodeSystems.                                                          (00:00.371 / 00:28.495, 105Mb)
Sushi: info  Converted 29 FHIR ValueSets.                                                            (00:00.551 / 00:29.046, 105Mb)
Sushi: info  Converted 68 FHIR instances.                                                            (00:11.951 / 00:40.998, 105Mb)
Sushi: info  Exporting FHIR resources as JSON...                                                     (00:00.169 / 00:41.167, 105Mb)
Sushi: info  Exported 178 FHIR resources as JSON.                                                    (00:00.277 / 00:41.445, 105Mb)
Sushi: info  Assembling Implementation Guide sources...                                              (00:00.005 / 00:41.451, 105Mb)
Sushi: info  Generated ImplementationGuide-ans.fhir.fr.tddui.json                                    (00:00.061 / 00:41.512, 105Mb)
Sushi: info  Assembled Implementation Guide sources; ready for IG Publisher.                         (00:00.001 / 00:41.513, 105Mb)
Sushi: ========================= SUSHI RESULTS ===========================                           (00:00.002 / 00:41.515, 105Mb)
Sushi: |  -------------------------------------------------------------  |                           (00:00.000 / 00:41.516, 105Mb)
Sushi: | |    Profiles   |  Extensions  |   Logicals   |   Resources   | |                           (00:00.001 / 00:41.518, 105Mb)
Sushi: | |-------------------------------------------------------------| |                           (00:00.001 / 00:41.519, 105Mb)
Sushi: | |      33       |      31      |      0       |       0       | |                           (00:00.000 / 00:41.520, 105Mb)
Sushi: |  -------------------------------------------------------------  |                           (00:00.000 / 00:41.520, 105Mb)
Sushi: |  -------------------------------------------------------------  |                           (00:00.000 / 00:41.521, 105Mb)
Sushi: | |      ValueSets     |    CodeSystems    |     Instances      | |                           (00:00.000 / 00:41.522, 105Mb)
Sushi: | |-------------------------------------------------------------| |                           (00:00.000 / 00:41.523, 105Mb)
Sushi: | |         29         |        17         |         68         | |                           (00:00.000 / 00:41.523, 105Mb)
Sushi: |  -------------------------------------------------------------  |                           (00:00.000 / 00:41.524, 105Mb)
Sushi: |                                                                 |                           (00:00.000 / 00:41.525, 105Mb)
Sushi: ===================================================================                           (00:00.000 / 00:41.526, 105Mb)
Sushi: | This looks a bit fishy.                0 Errors      3 Warnings |                           (00:00.000 / 00:41.527, 105Mb)
Sushi: ===================================================================                           (00:00.000 / 00:41.527, 105Mb)
Root directory: /tmp/ig-builds/ans.fhir.fr.tddui#2.4.0-ballot                                        (00:00.031 / 00:41.559, 105Mb)
Unable to load IG as an r5 IG - try R4 (property code is a class com.google.gson.JsonPrimitive looking for an object) (00:00.486 / 00:42.045, 75Mb)
Load Template from https://github.com/ansforge/IG-template                                           (00:00.542 / 00:42.588, 94Mb)
 Load Template from fhir2.base.template#current                                                      (00:01.032 / 00:43.620, 42Mb)
Scanning directory: /tmp/ig-builds/ans.fhir.fr.tddui#2.4.0-ballot/template
======================================================================
Terminology Cache is at /tmp/ig-builds/ans.fhir.fr.tddui#2.4.0-ballot/input-cache/txcache. Clearing now (00:09.307 / 00:52.927, 142Mb)
Core Package hl7.fhir.r4.core#4.0.1                                                                  (00:00.003 / 00:52.931, 142Mb)
Running Terminology Log: /tmp/ohfu-fhir-ig-8524015984438244012.html
Connect to Terminology Server at http://tx.fhir.org                                                  (00:03.866 / 00:56.798, 332Mb)
Unable to start a terminology cache on https://tx.fhir.org/r4 via $cache-control (Error from https://tx.fhir.org/r4: Error: $cache-control requires a 'mode' of 'start' or 'end' (got 'START_CACHE')); caching disabled for this server (00:01.381 / 00:58.179, 374Mb)
[39mLoad Package hl7.fhir.pubpack#0.2.5
[0;39m[39mLoad Package hl7.fhir.xver-extensions#0.1.0
[0;39m[39mLoad Package hl7.terminology.r4#7.2.0
[0;39m[39mLoad Package hl7.terminology.r4#6.0.2
[0;39m[39mLoad Package hl7.fhir.uv.extensions.r4#5.1.0
[0;39m[39mLoad Package ans.fr.nos#1.3.0
[0;39m[39mLoad Package hl7.fhir.fr.core#2.1.0
[0;39m[39mLoad Package hl7.fhir.uv.extensions.r4#5.2.0
[0;39m[39mLoad Package hl7.terminology.r4#7.1.0
[0;39m[39mLoad Package hl7.terminology.r4#5.0.0
[0;39m[39mLoad Package fhir.dicom#2022.4.20221006
[0;39m[39mLoad Package hl7.fhir.uv.ips#1.1.0
[0;39m[39mLoad Package ans.fr.terminologies#1.10.0
[0;39m[39mLoad Package hl7.fhir.uv.xver-r5.r4#0.1.0
[0;39mVersion mismatch. This IG is version 4.0.1, while the IG 'hl7.fhir.uv.extensions' is from version 5.0.0 (will try to run anyway) (00:12.190 / 01:10.370, 403Mb)
Ignore Dependency on Core FHIR hl7.fhir.r5.core#5.0.0, from package 'hl7.terminology.r5#6.2.0'       (00:00.095 / 01:10.466, 450Mb)
[39mLoad Package hl7.terminology.r5#6.2.0
[0;39m[39mLoad Package hl7.fhir.uv.extensions#5.2.0
[0;39m[39mLoad Package hl7.terminology.r4#4.0.0
[0;39m[39mLoad Package ihe.iti.balp#1.1.1
[0;39m[39mLoad Package ihe.formatcode.fhir#1.1.0
[0;39m[39mLoad Package ihe.iti.mhd#4.2.0
[0;39m[39mLoad Package hl7.terminology.r4#6.2.0
[0;39m[39mLoad Package ans.fr.nos#1.5.0
[0;39m[39mLoad Package hl7.terminology.r4#5.5.0
[0;39m[39mLoad Package ans.fhir.fr.annuaire#1.1.0
[0;39m[39mLoad Package hl7.fhir.uv.tools.r4#1.1.2
[0;39mLoad R5 Specials
Initialization complete                                                                              (00:24.775 / 01:35.241, 1Gb)
Load IG                                                                                              (00:00.001 / 01:35.242, 1Gb)
Load Translations                                                                                    (00:00.005 / 01:35.247, 1Gb)
Load Content                                                                                         (00:00.000 / 01:35.248, 1Gb)
Using fr as the default narrative language. (Implementation Guide param i18n-default-lang)           (00:00.114 / 01:35.363, 743Mb)
Ignoring file /tmp/ig-builds/ans.fhir.fr.tddui#2.4.0-ballot/input/translations/en/.gitkeep - name is not {type}-{id}.xxx
Process Loaded Resources                                                                             (00:00.955 / 01:36.318, 1Gb)
Generating Snapshots                                                                                 (00:02.276 / 01:38.594, 952Mb)
[1;31mUnable to generate snapshot @3 for https://interop.esante.gouv.fr/ig/fhir/tddui/StructureDefinition/tddui-patient: Profile TDDUIPatient (https://interop.esante.gouv.fr/ig/fhir/tddui/StructureDefinition/tddui-patient), element StructureDefinition-tddui-patient.html. Error generating snapshot: Error sorting Differential: The element Patient.extension:birthPlace.value[x].extension:inseeCode @diff[4] is out of order (and maybe others after it)
[0;39m[1;31mUnable to generate snapshot @3 for https://interop.esante.gouv.fr/ig/fhir/tddui/StructureDefinition/tddui-patient-ins: Profile TDDUIPatientINS (https://interop.esante.gouv.fr/ig/fhir/tddui/StructureDefinition/tddui-patient-ins), element StructureDefinition-tddui-patient-ins.html. Error generating snapshot: Error sorting Differential: The element Patient.extension:birthPlace.value[x].extension:inseeCode @diff[4] is out of order (and maybe others after it)
[0;39m
Signing Certificate: RSA key for Subject: OU=IG Publisher, L=Ann Arbor, CN=hl7.org, O=HL7, ST=Missouri, C=us from: OU=IG Publisher, L=Ann Arbor, CN=hl7.org, O=HL7, ST=Missouri, C=us
Fetch https://interop.esante.gouv.fr/ig/fhir/tddui/package-list.json for version check               (00:02.259 / 01:40.853, 1Gb)
Checking Language                                                                                    (00:00.629 / 01:41.483, 1Gb)
Load Dependency Info                                                                                 (00:00.007 / 01:41.490, 1Gb)
Load Info                                                                                            (00:00.003 / 01:41.493, 1Gb)
Load Paths                                                                                           (00:00.001 / 01:41.494, 1Gb)
Check R4 / R4B                                                                                       (00:00.003 / 01:41.497, 1Gb)
Assign Comparison Ids                                                                                (00:00.069 / 01:41.567, 1Gb)
Propagating status                                                                                   (00:00.001 / 01:41.568, 1Gb)
Generating Narratives                                                                                (00:00.000 / 01:41.569, 1Gb)
Unable to start a terminology cache on https://tx.fhir.org/r4 via $cache-control (Error from https://tx.fhir.org/r4: Error: $cache-control requires a 'mode' of 'start' or 'end' (got 'START_CACHE')); caching disabled for this server (00:03.264 / 01:44.833, 1Gb)
Validating Conformance Resources                                                                     (00:05.600 / 01:50.434, 1Gb)
Check profiles & code systems                                                                        (00:56.328 / 02:46.763, 1Gb)
Check realm rules                                                                                    (00:00.009 / 02:46.772, 1Gb)
Previous Version Comparison                                                                          (00:00.001 / 02:46.773, 1Gb)
Comparing previous version 2.3.0                                                                     (00:00.000 / 02:46.774, 1Gb)
[39mUnable to start a terminology cache on https://tx.fhir.org/r4 via $cache-control (Error from https://tx.fhir.org/r4: Error: $cache-control requires a 'mode' of 'start' or 'end' (got 'START_CACHE')); caching disabled for this server
[0;39m[39mFHIR Version mismatch in package hl7.fhir.uv.extensions#5.2.0: version is 5.0.0 but must be 4.0.1 (path: ans.fhir.fr.tddui#2.3.0)
[0;39m[39mFHIR Version mismatch in package hl7.terminology.r5#6.2.0: version is 5.0.0 but must be 4.0.1 (path: ans.fhir.fr.tddui#2.3.0 -> hl7.fhir.uv.extensions#5.2.0)
[0;39m.. loaded. Process                                                                                   (00:29.867 / 03:16.642, 1Gb)
  ...ImplementationGuide ans.fhir.fr.tddui                                                           (00:00.000 / 03:16.643, 1Gb)
  ...CapabilityStatement TDDUIConsommateur                                                           (00:00.000 / 03:16.644, 1Gb)
  ...CapabilityStatement TDDUIProducteur                                                             (00:00.000 / 03:16.645, 1Gb)
  ...CodeSystem tddui-basic-decision-identifier                                                      (00:00.000 / 03:16.646, 1Gb)
  ...CodeSystem tddui-basic-type                                                                     (00:00.000 / 03:16.646, 1Gb)
  ...CodeSystem tddui-discriminator                                                                  (00:00.000 / 03:16.647, 1Gb)
  ...CodeSystem tddui-encounter-identifier                                                           (00:00.000 / 03:16.648, 1Gb)
  ...CodeSystem tddui-goal-identifier                                                                (00:00.000 / 03:16.649, 1Gb)
  ...CodeSystem tddui-identifier                                                                     (00:00.000 / 03:16.649, 1Gb)
  ...CodeSystem tddui-observation-identifier                                                         (00:00.000 / 03:16.650, 1Gb)
  ...CodeSystem tddui-observation-periode-scolaire                                                   (00:00.000 / 03:16.651, 1Gb)
  ...CodeSystem tddui-observation-type                                                               (00:00.000 / 03:16.652, 1Gb)
  ...CodeSystem tddui-service-request-identifier                                                     (00:00.000 / 03:16.652, 1Gb)
  ...CodeSystem tddui-slot-identifier                                                                (00:00.000 / 03:16.653, 1Gb)
  ...CodeSystem tddui-task-input-action                                                              (00:00.000 / 03:16.654, 1Gb)
  ...CodeSystem tddui-task-input-bilan                                                               (00:00.000 / 03:16.654, 1Gb)
  ...CodeSystem tddui-task-input-moyen-ressource                                                     (00:00.000 / 03:16.655, 1Gb)
  ...CodeSystem tddui-task-input-prestation                                                          (00:00.000 / 03:16.655, 1Gb)
  ...CodeSystem tddui-task-input-transport                                                           (00:00.000 / 03:16.656, 1Gb)
  ...CodeSystem tddui-task-output-bilan                                                              (00:00.000 / 03:16.657, 1Gb)
  ...Questionnaire tddui-questionnaire-aggir-pa-ssiad                                                (00:00.000 / 03:16.657, 1Gb)
  ...Questionnaire tddui-questionnaire-aggir-ph-ssiad                                                (00:00.000 / 03:16.658, 1Gb)
  ...Questionnaire tddui-questionnaire-serafin                                                       (00:00.000 / 03:16.659, 1Gb)
  ...Questionnaire tddui-questionnaire-situation-ssiad                                               (00:00.000 / 03:16.659, 1Gb)
  ...StructureDefinition tddui-admission-date                                                        (00:00.000 / 03:16.660, 1Gb)
  ...StructureDefinition tddui-assessment-method                                                     (00:00.000 / 03:16.660, 1Gb)
  ...StructureDefinition tddui-attachment                                                            (00:00.000 / 03:16.661, 1Gb)
  ...StructureDefinition tddui-basic-decision                                                        (00:00.000 / 03:16.662, 1Gb)
  ...StructureDefinition tddui-birth-order                                                           (00:00.000 / 03:16.662, 1Gb)
  ...StructureDefinition tddui-bundle                                                                (00:00.000 / 03:16.663, 1Gb)
  ...StructureDefinition tddui-careplan-projet-personnalise                                          (00:00.000 / 03:16.663, 1Gb)
  ...StructureDefinition tddui-careplan-reference                                                    (00:00.000 / 03:16.664, 1Gb)
  ...StructureDefinition tddui-comment                                                               (00:00.000 / 03:16.664, 1Gb)
  ...StructureDefinition tddui-consent-accord                                                        (00:00.000 / 03:16.665, 1Gb)
  ...StructureDefinition tddui-decision                                                              (00:00.000 / 03:16.665, 1Gb)
  ...StructureDefinition tddui-discriminator                                                         (00:00.000 / 03:16.666, 1Gb)
  ...StructureDefinition tddui-document-reference                                                    (00:00.000 / 03:16.667, 1Gb)
  ...StructureDefinition tddui-encounter-evenement                                                   (00:00.000 / 03:16.667, 1Gb)
  ...StructureDefinition tddui-encounter-sejour                                                      (00:00.000 / 03:16.668, 1Gb)
  ...StructureDefinition tddui-entry-date-origin                                                     (00:00.000 / 03:16.668, 1Gb)
  ...StructureDefinition tddui-entry-mode-label                                                      (00:00.000 / 03:16.669, 1Gb)
  ...StructureDefinition tddui-evaluation-reference                                                  (00:00.000 / 03:16.669, 1Gb)
  ...StructureDefinition tddui-event-cancel-reason                                                   (00:00.000 / 03:16.670, 1Gb)
  ...StructureDefinition tddui-event-label                                                           (00:00.000 / 03:16.670, 1Gb)
  ...StructureDefinition tddui-event-reason                                                          (00:00.000 / 03:16.671, 1Gb)
  ...StructureDefinition tddui-event-report                                                          (00:00.000 / 03:16.672, 1Gb)
  ...StructureDefinition tddui-exercise-mode                                                         (00:00.000 / 03:16.672, 1Gb)
  ...StructureDefinition tddui-exit-mode-label                                                       (00:00.000 / 03:16.673, 1Gb)
  ...StructureDefinition tddui-facturation                                                           (00:00.000 / 03:16.673, 1Gb)
  ...StructureDefinition tddui-goal-attente                                                          (00:00.000 / 03:16.674, 1Gb)
  ...StructureDefinition tddui-goal-objectif                                                         (00:00.000 / 03:16.675, 1Gb)
  ...StructureDefinition tddui-goal-projet-vie                                                       (00:00.000 / 03:16.675, 1Gb)
  ...StructureDefinition tddui-household-situation                                                   (00:00.000 / 03:16.676, 1Gb)
  ...StructureDefinition tddui-human-name                                                            (00:00.000 / 03:16.676, 1Gb)
  ...StructureDefinition tddui-meal                                                                  (00:00.000 / 03:16.677, 1Gb)
  ...StructureDefinition tddui-nationality                                                           (00:00.000 / 03:16.678, 1Gb)
  ...StructureDefinition tddui-observation-cause-mortalite                                           (00:00.000 / 03:16.678, 1Gb)
  ...StructureDefinition tddui-observation-mobilite-usager                                           (00:00.000 / 03:16.679, 1Gb)
  ...StructureDefinition tddui-observation-periode-scolaire                                          (00:00.000 / 03:16.679, 1Gb)
  ...StructureDefinition tddui-observation-repas                                                     (00:00.000 / 03:16.680, 1Gb)
  ...StructureDefinition tddui-organization                                                          (00:00.000 / 03:16.681, 1Gb)
  ...StructureDefinition tddui-outside-service                                                       (00:00.000 / 03:16.681, 1Gb)
  ...StructureDefinition tddui-participant-present                                                   (00:00.000 / 03:16.682, 1Gb)
  ...StructureDefinition tddui-patient-ins                                                           (00:00.000 / 03:16.682, 1Gb)
  ...StructureDefinition tddui-patient-present                                                       (00:00.000 / 03:16.683, 1Gb)
  ...StructureDefinition tddui-patient-validation                                                    (00:00.000 / 03:16.683, 1Gb)
  ...StructureDefinition tddui-patient                                                               (00:00.000 / 03:16.684, 1Gb)
  ...StructureDefinition tddui-planned-absence                                                       (00:00.000 / 03:16.685, 1Gb)
  ...StructureDefinition tddui-practitioner-role                                                     (00:00.000 / 03:16.685, 1Gb)
  ...StructureDefinition tddui-practitioner                                                          (00:00.000 / 03:16.686, 1Gb)
  ...StructureDefinition tddui-profession                                                            (00:00.000 / 03:16.686, 1Gb)
  ...StructureDefinition tddui-qr-participant                                                        (00:00.000 / 03:16.687, 1Gb)
  ...StructureDefinition tddui-questionnaire-response                                                (00:00.000 / 03:16.687, 1Gb)
  ...StructureDefinition tddui-related-person-contact-description                                    (00:00.000 / 03:16.688, 1Gb)
  ...StructureDefinition tddui-related-person-contact                                                (00:00.000 / 03:16.689, 1Gb)
  ...StructureDefinition tddui-ressources-used                                                       (00:00.000 / 03:16.689, 1Gb)
  ...StructureDefinition tddui-schedule                                                              (00:00.000 / 03:16.690, 1Gb)
  ...StructureDefinition tddui-service-request-besoin                                                (00:00.000 / 03:16.691, 1Gb)
  ...StructureDefinition tddui-service-request-demande-orientation                                   (00:00.000 / 03:16.691, 1Gb)
  ...StructureDefinition tddui-slot-presence-absence                                                 (00:00.000 / 03:16.692, 1Gb)
  ...StructureDefinition tddui-status-author                                                         (00:00.000 / 03:16.692, 1Gb)
  ...StructureDefinition tddui-task-action                                                           (00:00.000 / 03:16.693, 1Gb)
  ...StructureDefinition tddui-task-bilan                                                            (00:00.000 / 03:16.694, 1Gb)
  ...StructureDefinition tddui-task-moyen-ressource                                                  (00:00.000 / 03:16.694, 1Gb)
  ...StructureDefinition tddui-task-prestation                                                       (00:00.000 / 03:16.695, 1Gb)
  ...StructureDefinition tddui-task-transport-professionnel                                          (00:00.000 / 03:16.695, 1Gb)
  ...StructureDefinition tddui-task-transport-usager                                                 (00:00.000 / 03:16.696, 1Gb)
  ...StructureDefinition tddui-task-transport                                                        (00:00.000 / 03:16.696, 1Gb)
  ...ValueSet tddui-basic-decision-identifier                                                        (00:00.000 / 03:16.697, 1Gb)
  ...ValueSet tddui-basic-type                                                                       (00:00.000 / 03:16.698, 1Gb)
  ...ValueSet tddui-care-plan-supporting-info                                                        (00:00.000 / 03:16.698, 1Gb)
  ...ValueSet tddui-cim-10                                                                           (00:00.000 / 03:16.699, 1Gb)
  ...ValueSet tddui-contact-protection-juridique                                                     (00:00.000 / 03:16.699, 1Gb)
  ...ValueSet tddui-contact-related-person-relashionship                                             (00:00.000 / 03:16.700, 1Gb)
  ...ValueSet tddui-contact-relation                                                                 (00:00.000 / 03:16.700, 1Gb)
  ...ValueSet tddui-discriminator                                                                    (00:00.000 / 03:16.701, 1Gb)
  ...ValueSet tddui-encounter-identifier                                                             (00:00.000 / 03:16.702, 1Gb)
  ...ValueSet tddui-encounter-participant                                                            (00:00.000 / 03:16.702, 1Gb)
  ...ValueSet tddui-encounter-type                                                                   (00:00.000 / 03:16.703, 1Gb)
  ...ValueSet tddui-goal-Identifier-projet-vie                                                       (00:00.000 / 03:16.703, 1Gb)
  ...ValueSet tddui-goal-attente-note                                                                (00:00.000 / 03:16.704, 1Gb)
  ...ValueSet tddui-goal-objectif-note                                                               (00:00.000 / 03:16.705, 1Gb)
  ...ValueSet tddui-observation-identifier-repas                                                     (00:00.000 / 03:16.705, 1Gb)
  ...ValueSet tddui-observation-periode-scolaire                                                     (00:00.000 / 03:16.706, 1Gb)
  ...ValueSet tddui-observation-type                                                                 (00:00.000 / 03:16.706, 1Gb)
  ...ValueSet tddui-patient-identifier                                                               (00:00.000 / 03:16.707, 1Gb)
  ...ValueSet tddui-serafin                                                                          (00:00.000 / 03:16.707, 1Gb)
  ...ValueSet tddui-service-request-identifier-besoin                                                (00:00.000 / 03:16.708, 1Gb)
  ...ValueSet tddui-service-request-identifier-demande-orientation                                   (00:00.000 / 03:16.708, 1Gb)
  ...ValueSet tddui-servicerequest-supportinginfo                                                    (00:00.000 / 03:16.709, 1Gb)
  ...ValueSet tddui-slot-identifier-presence-absence                                                 (00:00.000 / 03:16.709, 1Gb)
  ...ValueSet tddui-task-input-action                                                                (00:00.000 / 03:16.710, 1Gb)
  ...ValueSet tddui-task-input-bilan                                                                 (00:00.000 / 03:16.711, 1Gb)
  ...ValueSet tddui-task-input-moyen-ressource                                                       (00:00.000 / 03:16.711, 1Gb)
  ...ValueSet tddui-task-input-prestation                                                            (00:00.000 / 03:16.712, 1Gb)
  ...ValueSet tddui-task-input-transport                                                             (00:00.000 / 03:16.713, 1Gb)
  ...ValueSet tddui-task-output-bilan                                                                (00:00.000 / 03:16.713, 1Gb)
finish previous version comparison                                                                   (00:00.000 / 03:16.714, 1Gb)
finish ipa version                                                                                   (00:04.273 / 03:20.988, 2Gb)
finish ips version                                                                                   (00:00.000 / 03:20.989, 2Gb)
comparisons done                                                                                     (00:00.000 / 03:20.989, 2Gb)
Checking for Bundles to sign                                                                         (00:00.050 / 03:21.040, 2Gb)
Validating Resources                                                                                 (00:00.000 / 03:21.041, 2Gb)
Processing Provenance Records                                                                        (00:12.691 / 03:33.732, 2Gb)
Generating Translation artifacts                                                                     (00:00.000 / 03:33.733, 2Gb)
Generating Outputs in /tmp/ig-builds/ans.fhir.fr.tddui#2.4.0-ballot/output                           (00:01.002 / 03:34.736, 2Gb)
Generate Native Outputs                                                                              (00:00.344 / 03:35.081, 2Gb)
Run Template                                                                                         (00:41.650 / 04:16.731, 2Gb)
Generate HTML Outputs                                                                                (00:05.229 / 04:21.960, 2Gb)
Generate Spreadsheets                                                                                (01:00.336 / 05:22.297, 3Gb)
Generate Summaries                                                                                   (00:10.392 / 05:32.689, 3Gb)
Generating Summary Outputs (fr)                                                                      (00:00.001 / 05:32.690, 3Gb)
Generating Summary Outputs (en)                                                                      (00:16.097 / 05:48.788, 3Gb)
DB Cumulative Time invested: 00:00:00.582
Sending Usage Stats to Server                                                                        (00:10.558 / 05:59.346, 3Gb)
## Memory (MB): Use = 3341, Free = 656, Total = 3998, Max = 3998                                     (00:00.006 / 05:59.352, 3Gb)
Reclaiming memory...                                                                                 (00:00.001 / 05:59.353, 3Gb)
Generating combined package                                                                          (00:00.024 / 05:59.378, 3Gb)
Error generating combined package: /tmp/ig-builds/ans.fhir.fr.tddui#2.4.0-ballot/output/package.tgz (No such file or directory) (00:00.004 / 05:59.382, 3Gb)
## Memory (MB): Use = 1963, Free = 2034, Total = 3998, Max = 3998                                    (00:01.020 / 06:00.402, 1Gb)
Run jekyll: jekyll build --destination "/tmp/ig-builds/ans.fhir.fr.tddui#2.4.0-ballot/output" (in folder /tmp/ig-builds/ans.fhir.fr.tddui#2.4.0-ballot/temp/pages) (00:00.002 / 06:00.405, 1Gb)
Troubleshooting Note: usual cases for Jekyll to fail are:                                            (00:00.001 / 06:00.406, 1Gb)
* A failure to produce a fragment that is already logged in the output above                         (00:00.000 / 06:00.407, 1Gb)
* A reference to a manually edited file that hasn't been provided                                    (00:00.001 / 06:00.408, 1Gb)
Jekyll: Source: /tmp/ig-builds/ans.fhir.fr.tddui#2.4.0-ballot/temp/pages                             (00:00.618 / 06:01.027, 1Gb)
Jekyll: Generating...                                                                                (00:00.000 / 06:01.027, 1Gb)
Jekyll: done in 21.336 seconds.                                                                      (00:21.335 / 06:22.362, 1Gb)
[39m
[0;39m[39mInstalling ans.fhir.fr.tddui#2.4.0-ballot
[0;39m[39m done.
[0;39m[39m loaded @ /root/.fhir/packages/ans.fhir.fr.tddui#2.4.0-ballot
[0;39mChecking Output HTML                                                                                 (00:09.215 / 06:31.578, 3Gb)
AI format for /tmp/ig-builds/ans.fhir.fr.tddui#2.4.0-ballot/output/fr - % reduction = 100
AI format for /tmp/ig-builds/ans.fhir.fr.tddui#2.4.0-ballot/output/en - % reduction = 100
found 7773 files                                                                                     (00:09.381 / 06:40.960, 2Gb)
........................................
........................................
  ... 7773 html files, 0 pages invalid xhtml (0%)                                                    (02:31.968 / 09:12.928, 3Gb)
  ... 2360743 links, 0 broken links (0%)                                                             (00:00.001 / 09:12.930, 3Gb)
Generate fragment-usage-analysis.csv                                                                 (00:00.001 / 09:12.931, 3Gb)
Build final .zip                                                                                     (00:00.007 / 09:12.938, 3Gb)
Final .zip built                                                                                     (00:18.347 / 09:31.285, 2Gb)
Built. Times: loading: 00:06.235, generate: 08:01.830, narrative generation: 00:08.863, realm-rules: 00:00.001, previous-version: 00:34.215, jekyll: 00:22.108, validation: 01:08.095 (#179), template: 00:05.129 (#3) (00:12.027 / 09:43.313, 2Gb)
Generating QA                                                                                        (00:00.001 / 09:43.315, 2Gb)
Validation output in /tmp/ig-builds/ans.fhir.fr.tddui#2.4.0-ballot/output/qa.html
Errors: 123, Warnings: 356, Info: 213, Broken Links: 4 (00:00.979 / 09:44.294, 2Gb)
Finished @ 01/07/2026 15:59. Max Memory Used = 3Gb. Log file saved in /tmp/fhir-ig-publisher-tmp.log (00:00.038 / 09:44.332, 2Gb)
Keep a copy of the build directory at /tmp/web-root/run-20260701/ig-build-zips/ans.fhir.fr.tddui#2.4.0-ballot.zip

ok. All checks passed. Publish v2.4.0-ballot to /tmp/web-root/run-20260701/tddui/2.4.0-ballot
Copy the IG to /tmp/web-root/run-20260701/tddui/2.4.0-ballot
Update /tmp/web-root/run-20260701/tddui/package-list.json
Publish Box Statement: This page is part of the Médicosocial - Transfert de données DUI (v2.4.0-ballot: Release) based on <a data-no-external="true" href="http://hl7.org/fhir/R4">FHIR (HL7® FHIR® Standard) R4</a>. This version is a pre-release. The current official version is <a data-no-external="true" href="https://interop.esante.gouv.fr/ig/fhir/tddui{{fn}}">2.3.0</a>.  For a full list of available versions, see the <a data-no-external="true" href="https://interop.esante.gouv.fr/ig/fhir/tddui/history.html">Directory of published versions</a>
  .. 3567 files checked, 3567 updated
  .. 1260 clones checked, 2520 updated
  .. 179 redirections (179 created/updated)
ans.fhir.fr.tddui (https://interop.esante.gouv.fr/ig/fhir/tddui): Médicosocial - Transfert de données DUI @ https://ansforge.github.io/IG-fhir-medicosocial-transfert-donnees-dui/ig/main
  edition: public-comment 2.4.0-ballot/4.0.1 @ https://interop.esante.gouv.fr/ig/fhir/tddui/2.4.0-ballot
Build is complete. Copy from /tmp/web-root/run-20260701
Update history page at /tmp/web-root/run-20260701/tddui from /__w/IG-fhir-medicosocial-transfert-donnees-dui/IG-fhir-medicosocial-transfert-donnees-dui/./IG-website-release/fhir-ig-history-template and ./IG-website-release/templates
