FHIR IG Publisher Version 1.8.23 (Git# ffc7678c1988). Built 2025-04-04T22:01:54.432Z (9 days old)
Detected Java version: 17.0.10 from /opt/hostedtoolcache/Java_Microsoft_jdk/17.0.10/x64 on amd64 (64bit). 3998MB available
dir = /home/runner/work/IG-fhir-annuaire/IG-fhir-annuaire, path = /opt/hostedtoolcache/Ruby/3.3.8/x64/bin:/opt/hostedtoolcache/node/20.19.0/x64/bin:/opt/hostedtoolcache/Java_Microsoft_jdk/17.0.10/x64/bin:/snap/bin:/home/runner/.local/bin:/opt/pipx_bin:/home/runner/.cargo/bin:/home/runner/.config/composer/vendor/bin:/usr/local/.ghcup/bin:/home/runner/.dotnet/tools:/usr/local/sbin:/usr/local/bin:/usr/sbin:/usr/bin:/sbin:/bin:/usr/games:/usr/local/games:/snap/bin
Parameters: -go-publish -source ./igSource -web ./IG-website-release/www/ig/fhir -registry ./IG-website-release/ig-registry/fhir-ig-list.json -history ./IG-website-release/fhir-ig-history-template -templates ./IG-website-release/templates
---------------
Publication Run: publish ./igSource to ./IG-website-release/www/ig/fhir
Relative directory for IG is '/annuaire'
===== Web Publication Run Details ===============================
 Source IG: ans.fhir.fr.annuaire#1.1.0 : https://interop.esante.gouv.fr/ig/fhir/annuaire (R4) from ./igSource
All checks passed. Do the publication build from /home/runner/work/IG-fhir-annuaire/IG-fhir-annuaire/./igSource and publish to /tmp/web-root/run-20250414/annuaire
Prepare Build space in /tmp/ig-builds/ans.fhir.fr.annuaire#1.1.0
Build IG at /home/runner/work/IG-fhir-annuaire/IG-fhir-annuaire/./igSource: final copy suitable for publication (in /tmp/ig-builds/ans.fhir.fr.annuaire#1.1.0)
FHIR IG Publisher Version 1.8.23 (Git# ffc7678c1988). Built 2025-04-04T22:01:54.432Z (9 days old)   
Detected Java version: 17.0.10 from /opt/hostedtoolcache/Java_Microsoft_jdk/17.0.10/x64 on Linux/amd64 (64bit). 3998MB available
dir = /home/runner/work/IG-fhir-annuaire/IG-fhir-annuaire, path = /opt/hostedtoolcache/Ruby/3.3.8/x64/bin:/opt/hostedtoolcache/node/20.19.0/x64/bin:/opt/hostedtoolcache/Java_Microsoft_jdk/17.0.10/x64/bin:/snap/bin:/home/runner/.local/bin:/opt/pipx_bin:/home/runner/.cargo/bin:/home/runner/.config/composer/vendor/bin:/usr/local/.ghcup/bin:/home/runner/.dotnet/tools:/usr/local/sbin:/usr/local/bin:/usr/sbin:/usr/bin:/sbin:/bin:/usr/games:/usr/local/games:/snap/bin
Parameters: -ig /tmp/ig-builds/ans.fhir.fr.annuaire#1.1.0 -resetTx -publish https://interop.esante.gouv.fr/ig/fhir/annuaire/1.1.0 -no-exit
Character encoding = UTF-8 / UTF-8                                                                  
Start Clock @ Monday, April 14, 2025 at 1:04:01 PM Coordinated Universal Time (2025-04-14T13:04:01Z)
                                                                                                    
Build FHIR IG from /tmp/ig-builds/ans.fhir.fr.annuaire#1.1.0                                         (00:00.019 / 00:00.019, 34Mb)
Build Formal Publication package, intended for https://interop.esante.gouv.fr/ig/fhir/annuaire/1.1.0 (00:00.002 / 00:00.021, 34Mb)
API keys loaded from /home/runner/.fhir/fhir-settings.json                                           (00:00.000 / 00:00.022, 34Mb)
Package Cache: /home/runner/.fhir/packages                                                           (00:00.003 / 00:00.025, 34Mb)
Run Sushi on /tmp/ig-builds/ans.fhir.fr.annuaire#1.1.0                                               (00:00.001 / 00:00.027, 34Mb)
Sushi: info  Running SUSHI v3.15.0 (implements FHIR Shorthand specification v3.0.0)                  (00:00.688 / 00:00.716, 36Mb)
Sushi: info  Arguments:                                                                              (00:00.001 / 00:00.717, 36Mb)
Sushi: info    --require-latest                                                                      (00:00.000 / 00:00.718, 36Mb)
Sushi: info    --out /tmp/ig-builds/ans.fhir.fr.annuaire#1.1.0                                       (00:00.000 / 00:00.719, 36Mb)
Sushi: info    /tmp/ig-builds/ans.fhir.fr.annuaire#1.1.0                                             (00:00.000 / 00:00.720, 36Mb)
Sushi: info  Using configuration file: /tmp/ig-builds/ans.fhir.fr.annuaire#1.1.0/sushi-config.yaml   (00:00.376 / 00:01.096, 36Mb)
Sushi: info  Importing FSH text...                                                                   (00:00.099 / 00:01.196, 36Mb)
Sushi: info  Preprocessed 80 documents with 57 aliases.                                              (00:00.316 / 00:01.513, 36Mb)
Sushi: info  Imported 55 definitions and 29 instances.                                               (00:00.045 / 00:01.559, 36Mb)
Sushi: info  Loaded virtual package sushi-r5forR4#1.0.0 with 7 resources                             (00:00.106 / 00:01.665, 36Mb)
Sushi: info  Resolved hl7.fhir.uv.tools.r4#latest to concrete version 0.4.1                          (00:00.749 / 00:02.415, 36Mb)
Sushi: info  Loaded hl7.fhir.uv.tools.r4#0.4.1 with 86 resources                                     (00:00.042 / 00:02.458, 36Mb)
Sushi: info  Resolved hl7.fhir.uv.extensions.r4#latest to concrete version 5.2.0                     (00:00.124 / 00:02.582, 36Mb)
Sushi: info  Loaded hl7.fhir.uv.extensions.r4#5.2.0 with 759 resources                               (00:00.245 / 00:02.828, 36Mb)
Sushi: info  Loaded hl7.fhir.fr.core#2.1.0 with 120 resources                                        (00:00.057 / 00:02.885, 36Mb)
Sushi: info  Loading supplemental version of FHIR to support extensions from hl7.fhir.extensions.r5  (00:00.001 / 00:02.886, 36Mb)
Sushi: info  Loaded hl7.fhir.r5.core#5.0.0 with 2968 resources                                       (00:01.464 / 00:04.351, 36Mb)
Sushi: info  Resolved ans.fr.nos#latest to concrete version 1.5.0                                    (00:00.121 / 00:04.472, 36Mb)
Sushi: info  Loaded ans.fr.nos#1.5.0 with 503 resources                                              (00:00.189 / 00:04.662, 36Mb)
Sushi: info  Loaded hl7.terminology.r4#5.5.0 with 4260 resources                                     (00:01.188 / 00:05.850, 36Mb)
Sushi: info  Loaded hl7.fhir.r4.core#4.0.1 with 4581 resources                                       (00:00.912 / 00:06.762, 36Mb)
Sushi: info  Loaded virtual package sushi-local#LOCAL with 0 resources                               (00:00.008 / 00:06.771, 36Mb)
Sushi: info  Converting FSH to FHIR resources...                                                     (00:00.016 / 00:06.791, 36Mb)
Sushi: info  Converted 49 FHIR StructureDefinitions.                                                 (00:05.733 / 00:12.521, 36Mb)
Sushi: info  Converted 3 FHIR CodeSystems.                                                           (00:00.040 / 00:12.562, 36Mb)
Sushi: info  Converted 3 FHIR ValueSets.                                                             (00:00.046 / 00:12.608, 36Mb)
Sushi: warn  Sliced element PractitionerRole.identifier is being accessed via numeric index. Use slice names in rule paths when possible. (00:01.031 / 00:13.639, 36Mb)
Sushi:   File: /tmp/ig-builds/ans.fhir.fr.annuaire#1.1.0/input/fsh/examples/DP/PP16DP-PractitionerRole.fsh (00:00.001 / 00:13.640, 36Mb)
Sushi:   Line: 21                                                                                    (00:00.000 / 00:13.641, 36Mb)
Sushi: warn  Sliced element PractitionerRole.identifier is being accessed via numeric index. Use slice names in rule paths when possible. (00:00.000 / 00:13.642, 36Mb)
Sushi:   File: /tmp/ig-builds/ans.fhir.fr.annuaire#1.1.0/input/fsh/examples/DP/PP16DP-PractitionerRole.fsh (00:00.000 / 00:13.643, 36Mb)
Sushi:   Line: 22                                                                                    (00:00.000 / 00:13.644, 36Mb)
Sushi: warn  Sliced element PractitionerRole.identifier is being accessed via numeric index. Use slice names in rule paths when possible. (00:00.000 / 00:13.644, 36Mb)
Sushi:   File: /tmp/ig-builds/ans.fhir.fr.annuaire#1.1.0/input/fsh/examples/DP/PP16DP-PractitionerRole.fsh (00:00.000 / 00:13.645, 36Mb)
Sushi:   Line: 23                                                                                    (00:00.000 / 00:13.646, 36Mb)
Sushi: warn  Sliced element PractitionerRole.identifier is being accessed via numeric index. Use slice names in rule paths when possible. (00:00.853 / 00:14.500, 36Mb)
Sushi:   File: /tmp/ig-builds/ans.fhir.fr.annuaire#1.1.0/input/fsh/examples/DP/PP19DP-PractitionerRole-Lib.fsh (00:00.001 / 00:14.501, 36Mb)
Sushi:   Line: 21                                                                                    (00:00.000 / 00:14.502, 36Mb)
Sushi: warn  Sliced element PractitionerRole.identifier is being accessed via numeric index. Use slice names in rule paths when possible. (00:00.000 / 00:14.503, 36Mb)
Sushi:   File: /tmp/ig-builds/ans.fhir.fr.annuaire#1.1.0/input/fsh/examples/DP/PP19DP-PractitionerRole-Lib.fsh (00:00.000 / 00:14.504, 36Mb)
Sushi:   Line: 22                                                                                    (00:00.000 / 00:14.504, 36Mb)
Sushi: warn  Sliced element PractitionerRole.identifier is being accessed via numeric index. Use slice names in rule paths when possible. (00:00.000 / 00:14.505, 36Mb)
Sushi:   File: /tmp/ig-builds/ans.fhir.fr.annuaire#1.1.0/input/fsh/examples/DP/PP19DP-PractitionerRole-Lib.fsh (00:00.000 / 00:14.506, 36Mb)
Sushi:   Line: 23                                                                                    (00:00.000 / 00:14.507, 36Mb)
Sushi: warn  Sliced element PractitionerRole.identifier is being accessed via numeric index. Use slice names in rule paths when possible. (00:00.069 / 00:14.576, 36Mb)
Sushi:   File: /tmp/ig-builds/ans.fhir.fr.annuaire#1.1.0/input/fsh/examples/DP/PP19DP-PractitionerRole-Sal.fsh (00:00.000 / 00:14.577, 36Mb)
Sushi:   Line: 21                                                                                    (00:00.000 / 00:14.577, 36Mb)
Sushi: warn  Sliced element PractitionerRole.identifier is being accessed via numeric index. Use slice names in rule paths when possible. (00:00.000 / 00:14.578, 36Mb)
Sushi:   File: /tmp/ig-builds/ans.fhir.fr.annuaire#1.1.0/input/fsh/examples/DP/PP19DP-PractitionerRole-Sal.fsh (00:00.000 / 00:14.579, 36Mb)
Sushi:   Line: 22                                                                                    (00:00.000 / 00:14.580, 36Mb)
Sushi: warn  Sliced element PractitionerRole.identifier is being accessed via numeric index. Use slice names in rule paths when possible. (00:00.000 / 00:14.581, 36Mb)
Sushi:   File: /tmp/ig-builds/ans.fhir.fr.annuaire#1.1.0/input/fsh/examples/DP/PP19DP-PractitionerRole-Sal.fsh (00:00.000 / 00:14.581, 36Mb)
Sushi:   Line: 23                                                                                    (00:00.000 / 00:14.582, 36Mb)
Sushi: info  Converted 29 FHIR instances.                                                            (00:03.077 / 00:17.660, 36Mb)
Sushi: info  Exporting FHIR resources as JSON...                                                     (00:00.087 / 00:17.747, 36Mb)
Sushi: info  Exported 84 FHIR resources as JSON.                                                     (00:00.202 / 00:17.950, 36Mb)
Sushi: info  Assembling Implementation Guide sources...                                              (00:00.002 / 00:17.952, 36Mb)
Sushi: info  Generated ImplementationGuide-ans.fhir.fr.annuaire.json                                 (00:00.023 / 00:17.976, 36Mb)
Sushi: info  Assembled Implementation Guide sources; ready for IG Publisher.                         (00:00.000 / 00:17.977, 36Mb)
Sushi: ========================= SUSHI RESULTS ===========================                           (00:00.001 / 00:17.978, 36Mb)
Sushi: |  -------------------------------------------------------------  |                           (00:00.000 / 00:17.979, 36Mb)
Sushi: | |    Profiles   |  Extensions  |   Logicals   |   Resources   | |                           (00:00.000 / 00:17.979, 36Mb)
Sushi: | |-------------------------------------------------------------| |                           (00:00.000 / 00:17.980, 36Mb)
Sushi: | |      24       |      25      |      0       |       0       | |                           (00:00.000 / 00:17.980, 36Mb)
Sushi: |  -------------------------------------------------------------  |                           (00:00.000 / 00:17.981, 36Mb)
Sushi: |  -------------------------------------------------------------  |                           (00:00.000 / 00:17.981, 36Mb)
Sushi: | |      ValueSets     |    CodeSystems    |     Instances      | |                           (00:00.000 / 00:17.982, 36Mb)
Sushi: | |-------------------------------------------------------------| |                           (00:00.000 / 00:17.983, 36Mb)
Sushi: | |         3          |         3         |         29         | |                           (00:00.000 / 00:17.983, 36Mb)
Sushi: |  -------------------------------------------------------------  |                           (00:00.000 / 00:17.984, 36Mb)
Sushi: |                                                                 |                           (00:00.000 / 00:17.984, 36Mb)
Sushi: ===================================================================                           (00:00.000 / 00:17.985, 36Mb)
Sushi: | Are you in a no-wind situation?        0 Errors      9 Warnings |                           (00:00.000 / 00:17.985, 36Mb)
Sushi: ===================================================================                           (00:00.000 / 00:17.986, 36Mb)
Unable to load IG as an r5 IG - try R4 (property code is a class com.google.gson.JsonPrimitive looking for an object) (00:00.442 / 00:18.428, 65Mb)
Load Template from ans.fr.template#0.2.0                                                             (00:00.453 / 00:18.881, 31Mb)
 Load Template from fhir.base.template#0.8.1                                                         (00:00.161 / 00:19.043, 41Mb)
Root directory: /tmp/ig-builds/ans.fhir.fr.annuaire#1.1.0                                            (00:02.279 / 00:21.323, 110Mb)
Terminology Cache is at /tmp/ig-builds/ans.fhir.fr.annuaire#1.1.0/input-cache/txcache. Clearing now  (00:00.902 / 00:22.225, 86Mb)
Core Package hl7.fhir.r4.core#4.0.1
Running Terminology Log: /tmp/ohfu-fhir-ig-11847442510427837319.log
Connect to Terminology Server at http://tx.fhir.org                                                  (00:03.161 / 00:25.387, 180Mb)
Load Package hl7.fhir.pubpack#0.2.1
Load Package hl7.fhir.xver-extensions#0.1.0
Load Package hl7.fhir.uv.extensions.r4#5.2.0
Load Package hl7.terminology.r4#6.0.2
Load Package hl7.fhir.uv.extensions.r4#5.1.0
Load Package ans.fr.nos#1.3.0
Load Package hl7.fhir.fr.core#2.1.0
Load Package hl7.terminology.r4#6.2.0
Load Package ans.fr.nos#1.5.0
Load Package hl7.terminology.r4#5.5.0
Load Package hl7.fhir.uv.tools.r4#0.4.1
Load R5 Specials
Initialization complete                                                                              (00:08.044 / 00:33.431, 600Mb)
Load Content                                                                                         (00:00.001 / 00:33.432, 600Mb)
Using fr_FR as the default narrative language. (inferred from ImplementationGuide.jurisdiction=FR)   (00:00.084 / 00:33.516, 609Mb)
Process Loaded Resources                                                                             (00:01.451 / 00:34.968, 730Mb)
Generating Snapshots                                                                                 (00:00.366 / 00:35.335, 494Mb)
Can't find ContactPoint profile https://interop.esante.gouv.fr/ig/fhir/annuaire/StructureDefinition/as-mailbox-mss but trying to go on
Unable to generate snapshot @3 for https://interop.esante.gouv.fr/ig/fhir/annuaire/StructureDefinition/as-organization: Profile AsOrganizationProfile (https://interop.esante.gouv.fr/ig/fhir/annuaire/StructureDefinition/as-organization), element StructureDefinition.differential.element[50]. Error generating snapshot: No match found for Organization.telecom:mailbox-mss.use in the generated snapshot: check that the path and definitions are legal in the differential (including order)
Can't find ContactPoint profile https://interop.esante.gouv.fr/ig/fhir/annuaire/StructureDefinition/as-mailbox-mss but trying to go on
Can't find ContactPoint profile https://interop.esante.gouv.fr/ig/fhir/annuaire/StructureDefinition/as-mailbox-mss but trying to go on
loadPrePages from FetchedFile[/tmp/ig-builds/ans.fhir.fr.annuaire#1.1.0/fsh-generated/includes] as /tmp/ig-builds/ans.fhir.fr.annuaire#1.1.0/fsh-generated/includes
loadPrePages from FetchedFile[/tmp/ig-builds/ans.fhir.fr.annuaire#1.1.0/input/data] as /tmp/ig-builds/ans.fhir.fr.annuaire#1.1.0/input/data
loadPrePages from FetchedFile[/tmp/ig-builds/ans.fhir.fr.annuaire#1.1.0/input/pagecontent] as /tmp/ig-builds/ans.fhir.fr.annuaire#1.1.0/input/pagecontent
Fetch https://interop.esante.gouv.fr/ig/fhir/annuaire/package-list.json for version check            (00:02.357 / 00:37.692, 689Mb)
Processing Conformance Resources                                                                     (00:00.685 / 00:38.378, 694Mb)
Checking Language                                                                                    (00:00.000 / 00:38.379, 694Mb)
Load Dependency Info                                                                                 (00:00.002 / 00:38.381, 694Mb)
Load Info                                                                                            (00:00.001 / 00:38.382, 694Mb)
Load Paths                                                                                           (00:00.001 / 00:38.383, 695Mb)
Check R4 / R4B                                                                                       (00:00.000 / 00:38.384, 695Mb)
Assign Comparison Ids                                                                                (00:00.010 / 00:38.395, 698Mb)
Propagating status                                                                                   (00:00.000 / 00:38.396, 698Mb)
Generating Narratives                                                                                (00:00.000 / 00:38.396, 698Mb)
Validating Conformance Resources                                                                     (00:03.137 / 00:41.534, 713Mb)
Check profiles & code systems                                                                        (00:23.592 / 01:05.127, 943Mb)
Check realm rules                                                                                    (00:00.008 / 01:05.135, 944Mb)
Previous Version Comparison                                                                          (00:00.000 / 01:05.136, 944Mb)
Validating Resources                                                                                 (00:09.549 / 01:14.685, 1Gb)
Processing Provenance Records                                                                        (00:04.049 / 01:18.735, 1Gb)
Generating Outputs in /tmp/ig-builds/ans.fhir.fr.annuaire#1.1.0/output                               (00:00.001 / 01:18.736, 1Gb)
Generate Native Outputs                                                                              (00:00.098 / 01:18.834, 1Gb)
Run Template                                                                                         (00:09.231 / 01:28.066, 1Gb)
Generate HTML Outputs                                                                                (00:01.919 / 01:29.985, 1Gb)
Generate Spreadsheets                                                                                (00:18.038 / 01:48.023, 1Gb)
Generate Summaries                                                                                   (00:08.290 / 01:56.314, 1Gb)
Generating Summary Outputs                                                                           (00:00.000 / 01:56.315, 1Gb)
DB Cumulative Time invested: 00:00:00.286
Sending Usage Stats to Server                                                                        (00:10.605 / 02:06.921, 2Gb)
## Memory (MB): Use = 2091, Free = 332, Total = 2424, Max = 3998                                     (00:00.005 / 02:06.926, 2Gb)
Reclaiming memory...                                                                                 (00:00.000 / 02:06.927, 2Gb)
## Memory (MB): Use = 2093, Free = 330, Total = 2424, Max = 3998                                     (00:00.025 / 02:06.953, 1Gb)
Run jekyll: jekyll build --destination "/tmp/ig-builds/ans.fhir.fr.annuaire#1.1.0/output" (in folder /tmp/ig-builds/ans.fhir.fr.annuaire#1.1.0/temp/pages) (00:00.001 / 02:06.954, 1Gb)
Troubleshooting Note: usual cases for Jekyll to fail are:                                            (00:00.000 / 02:06.955, 1Gb)
* A failure to produce a fragment that is already logged in the output above                         (00:00.000 / 02:06.956, 1Gb)
* A reference to a manually edited file that hasn't been provided                                    (00:00.000 / 02:06.956, 1Gb)
Jekyll: Source: /tmp/ig-builds/ans.fhir.fr.annuaire#1.1.0/temp/pages                                 (00:00.399 / 02:07.356, 1Gb)
Jekyll: Generating...                                                                                (00:00.000 / 02:07.356, 1Gb)
Jekyll: done in 3.466 seconds.                                                                       (00:03.465 / 02:10.822, 1Gb)

Installing ans.fhir.fr.annuaire#1.1.0
 done.
Checking Output HTML                                                                                 (00:05.068 / 02:15.890, 1Gb)
found 1783 files                                                                                     (00:00.007 / 02:15.897, 1Gb)
........................................
........................................
  ... 1783 html files, 0 pages invalid xhtml (0%)                                                    (00:26.366 / 02:42.263, 1Gb)
  ... 751816 links, 0 broken links (0%)                                                              (00:00.000 / 02:42.264, 1Gb)
Generate fragment-usage-analysis.csv                                                                 (00:00.000 / 02:42.265, 1Gb)
Build final .zip                                                                                     (00:00.005 / 02:42.271, 1Gb)
Final .zip built                                                                                     (00:04.109 / 02:46.381, 1Gb)
Built. Times: loading: 00:04.944, generate: 02:12.516, narrative generation: 00:03.136, realm-rules: 00:00.000, previous-version: 00:09.502, jekyll: 00:03.908, validation: 00:27.038 (#85), template: 00:01.918 (#3) (00:04.532 / 02:50.913, 2Gb)
Generating QA                                                                                        (00:00.000 / 02:50.914, 2Gb)
Validation output in /tmp/ig-builds/ans.fhir.fr.annuaire#1.1.0/output/qa.html
Errors: 23, Warnings: 393, Info: 84, Broken Links: 0 (00:09.067 / 02:59.981, 1Gb)
Finished. Max Memory Used = 2Gb. Log file saved in /tmp/fhir-ig-publisher-tmp.log                    (00:00.017 / 02:59.999, 1Gb)
Prepare Build space in /tmp/ig-builds/ans.fhir.fr.annuaire#1.1.0-milestone
Build IG at /home/runner/work/IG-fhir-annuaire/IG-fhir-annuaire/./igSource: final copy suitable for publication (in /tmp/ig-builds/ans.fhir.fr.annuaire#1.1.0-milestone) (milestone build)
FHIR IG Publisher Version 1.8.23 (Git# ffc7678c1988). Built 2025-04-04T22:01:54.432Z (9 days old)   
Detected Java version: 17.0.10 from /opt/hostedtoolcache/Java_Microsoft_jdk/17.0.10/x64 on Linux/amd64 (64bit). 3998MB available
dir = /home/runner/work/IG-fhir-annuaire/IG-fhir-annuaire, path = /opt/hostedtoolcache/Ruby/3.3.8/x64/bin:/opt/hostedtoolcache/node/20.19.0/x64/bin:/opt/hostedtoolcache/Java_Microsoft_jdk/17.0.10/x64/bin:/snap/bin:/home/runner/.local/bin:/opt/pipx_bin:/home/runner/.cargo/bin:/home/runner/.config/composer/vendor/bin:/usr/local/.ghcup/bin:/home/runner/.dotnet/tools:/usr/local/sbin:/usr/local/bin:/usr/sbin:/usr/bin:/sbin:/bin:/usr/games:/usr/local/games:/snap/bin
Parameters: -ig /tmp/ig-builds/ans.fhir.fr.annuaire#1.1.0-milestone -publish https://interop.esante.gouv.fr/ig/fhir/annuaire/1.1.0 -milestone -no-exit
Character encoding = UTF-8 / UTF-8                                                                  
Start Clock @ Monday, April 14, 2025 at 1:07:04 PM Coordinated Universal Time (2025-04-14T13:07:04Z)
                                                                                                    
Build FHIR IG from /tmp/ig-builds/ans.fhir.fr.annuaire#1.1.0-milestone                               (00:00.002 / 00:00.002, 1Gb)
Build Formal Publication package, intended for https://interop.esante.gouv.fr/ig/fhir/annuaire/1.1.0 (00:00.000 / 00:00.002, 1Gb)
API keys loaded from /home/runner/.fhir/fhir-settings.json                                           (00:00.000 / 00:00.002, 1Gb)
Package Cache: /home/runner/.fhir/packages                                                           (00:00.000 / 00:00.003, 1Gb)
Run Sushi on /tmp/ig-builds/ans.fhir.fr.annuaire#1.1.0-milestone                                     (00:00.000 / 00:00.003, 1Gb)
Sushi: info  Running SUSHI v3.15.0 (implements FHIR Shorthand specification v3.0.0)                  (00:00.420 / 00:00.424, 1Gb)
Sushi: info  Arguments:                                                                              (00:00.000 / 00:00.425, 1Gb)
Sushi: info    --require-latest                                                                      (00:00.000 / 00:00.425, 1Gb)
Sushi: info    --out /tmp/ig-builds/ans.fhir.fr.annuaire#1.1.0-milestone                             (00:00.000 / 00:00.426, 1Gb)
Sushi: info    /tmp/ig-builds/ans.fhir.fr.annuaire#1.1.0-milestone                                   (00:00.000 / 00:00.426, 1Gb)
Sushi: info  Using configuration file: /tmp/ig-builds/ans.fhir.fr.annuaire#1.1.0-milestone/sushi-config.yaml (00:00.400 / 00:00.827, 1Gb)
Sushi: info  Importing FSH text...                                                                   (00:00.103 / 00:00.930, 1Gb)
Sushi: info  Preprocessed 80 documents with 57 aliases.                                              (00:00.327 / 00:01.257, 1Gb)
Sushi: info  Imported 55 definitions and 29 instances.                                               (00:00.044 / 00:01.301, 1Gb)
Sushi: info  Loaded virtual package sushi-r5forR4#1.0.0 with 7 resources                             (00:00.103 / 00:01.405, 1Gb)
Sushi: info  Resolved hl7.fhir.uv.tools.r4#latest to concrete version 0.4.1                          (00:00.570 / 00:01.975, 1Gb)
Sushi: info  Loaded hl7.fhir.uv.tools.r4#0.4.1 with 86 resources                                     (00:00.037 / 00:02.013, 1Gb)
Sushi: info  Resolved hl7.fhir.uv.extensions.r4#latest to concrete version 5.2.0                     (00:00.125 / 00:02.138, 1Gb)
Sushi: info  Loaded hl7.fhir.uv.extensions.r4#5.2.0 with 759 resources                               (00:00.231 / 00:02.369, 1Gb)
Sushi: info  Loaded hl7.fhir.fr.core#2.1.0 with 120 resources                                        (00:00.053 / 00:02.423, 1Gb)
Sushi: info  Loading supplemental version of FHIR to support extensions from hl7.fhir.extensions.r5  (00:00.000 / 00:02.423, 1Gb)
Sushi: info  Loaded hl7.fhir.r5.core#5.0.0 with 2968 resources                                       (00:00.731 / 00:03.155, 1Gb)
Sushi: info  Resolved ans.fr.nos#latest to concrete version 1.5.0                                    (00:00.122 / 00:03.277, 1Gb)
Sushi: info  Loaded ans.fr.nos#1.5.0 with 503 resources                                              (00:00.143 / 00:03.420, 1Gb)
Sushi: info  Loaded hl7.terminology.r4#5.5.0 with 4260 resources                                     (00:00.818 / 00:04.239, 1Gb)
Sushi: info  Loaded hl7.fhir.r4.core#4.0.1 with 4581 resources                                       (00:00.806 / 00:05.045, 1Gb)
Sushi: info  Loaded virtual package sushi-local#LOCAL with 0 resources                               (00:00.009 / 00:05.055, 1Gb)
Sushi: info  Converting FSH to FHIR resources...                                                     (00:00.021 / 00:05.077, 1Gb)
Sushi: info  Converted 49 FHIR StructureDefinitions.                                                 (00:05.660 / 00:10.737, 1Gb)
Sushi: info  Converted 3 FHIR CodeSystems.                                                           (00:00.040 / 00:10.778, 1Gb)
Sushi: info  Converted 3 FHIR ValueSets.                                                             (00:00.046 / 00:10.824, 1Gb)
Sushi: warn  Sliced element PractitionerRole.identifier is being accessed via numeric index. Use slice names in rule paths when possible. (00:01.020 / 00:11.845, 1Gb)
Sushi:   File: /tmp/ig-builds/ans.fhir.fr.annuaire#1.1.0-milestone/input/fsh/examples/DP/PP16DP-PractitionerRole.fsh (00:00.000 / 00:11.845, 1Gb)
Sushi:   Line: 21                                                                                    (00:00.000 / 00:11.846, 1Gb)
Sushi: warn  Sliced element PractitionerRole.identifier is being accessed via numeric index. Use slice names in rule paths when possible. (00:00.000 / 00:11.846, 1Gb)
Sushi:   File: /tmp/ig-builds/ans.fhir.fr.annuaire#1.1.0-milestone/input/fsh/examples/DP/PP16DP-PractitionerRole.fsh (00:00.000 / 00:11.847, 1Gb)
Sushi:   Line: 22                                                                                    (00:00.000 / 00:11.847, 1Gb)
Sushi: warn  Sliced element PractitionerRole.identifier is being accessed via numeric index. Use slice names in rule paths when possible. (00:00.000 / 00:11.848, 1Gb)
Sushi:   File: /tmp/ig-builds/ans.fhir.fr.annuaire#1.1.0-milestone/input/fsh/examples/DP/PP16DP-PractitionerRole.fsh (00:00.000 / 00:11.848, 1Gb)
Sushi:   Line: 23                                                                                    (00:00.000 / 00:11.849, 1Gb)
Sushi: warn  Sliced element PractitionerRole.identifier is being accessed via numeric index. Use slice names in rule paths when possible. (00:00.847 / 00:12.696, 1Gb)
Sushi:   File: /tmp/ig-builds/ans.fhir.fr.annuaire#1.1.0-milestone/input/fsh/examples/DP/PP19DP-PractitionerRole-Lib.fsh (00:00.000 / 00:12.697, 1Gb)
Sushi:   Line: 21                                                                                    (00:00.000 / 00:12.697, 1Gb)
Sushi: warn  Sliced element PractitionerRole.identifier is being accessed via numeric index. Use slice names in rule paths when possible. (00:00.000 / 00:12.698, 1Gb)
Sushi:   File: /tmp/ig-builds/ans.fhir.fr.annuaire#1.1.0-milestone/input/fsh/examples/DP/PP19DP-PractitionerRole-Lib.fsh (00:00.000 / 00:12.698, 1Gb)
Sushi:   Line: 22                                                                                    (00:00.000 / 00:12.699, 1Gb)
Sushi: warn  Sliced element PractitionerRole.identifier is being accessed via numeric index. Use slice names in rule paths when possible. (00:00.000 / 00:12.699, 1Gb)
Sushi:   File: /tmp/ig-builds/ans.fhir.fr.annuaire#1.1.0-milestone/input/fsh/examples/DP/PP19DP-PractitionerRole-Lib.fsh (00:00.000 / 00:12.700, 1Gb)
Sushi:   Line: 23                                                                                    (00:00.000 / 00:12.701, 1Gb)
Sushi: warn  Sliced element PractitionerRole.identifier is being accessed via numeric index. Use slice names in rule paths when possible. (00:00.069 / 00:12.771, 1Gb)
Sushi:   File: /tmp/ig-builds/ans.fhir.fr.annuaire#1.1.0-milestone/input/fsh/examples/DP/PP19DP-PractitionerRole-Sal.fsh (00:00.000 / 00:12.771, 1Gb)
Sushi:   Line: 21                                                                                    (00:00.000 / 00:12.772, 1Gb)
Sushi: warn  Sliced element PractitionerRole.identifier is being accessed via numeric index. Use slice names in rule paths when possible. (00:00.000 / 00:12.772, 1Gb)
Sushi:   File: /tmp/ig-builds/ans.fhir.fr.annuaire#1.1.0-milestone/input/fsh/examples/DP/PP19DP-PractitionerRole-Sal.fsh (00:00.000 / 00:12.773, 1Gb)
Sushi:   Line: 22                                                                                    (00:00.000 / 00:12.773, 1Gb)
Sushi: warn  Sliced element PractitionerRole.identifier is being accessed via numeric index. Use slice names in rule paths when possible. (00:00.000 / 00:12.774, 1Gb)
Sushi:   File: /tmp/ig-builds/ans.fhir.fr.annuaire#1.1.0-milestone/input/fsh/examples/DP/PP19DP-PractitionerRole-Sal.fsh (00:00.000 / 00:12.774, 1Gb)
Sushi:   Line: 23                                                                                    (00:00.000 / 00:12.775, 1Gb)
Sushi: info  Converted 29 FHIR instances.                                                            (00:03.053 / 00:15.829, 1Gb)
Sushi: info  Exporting FHIR resources as JSON...                                                     (00:00.091 / 00:15.920, 1Gb)
Sushi: info  Exported 84 FHIR resources as JSON.                                                     (00:00.209 / 00:16.129, 1Gb)
Sushi: info  Assembling Implementation Guide sources...                                              (00:00.002 / 00:16.132, 1Gb)
Sushi: info  Generated ImplementationGuide-ans.fhir.fr.annuaire.json                                 (00:00.022 / 00:16.155, 1Gb)
Sushi: info  Assembled Implementation Guide sources; ready for IG Publisher.                         (00:00.000 / 00:16.155, 1Gb)
Sushi: ========================= SUSHI RESULTS ===========================                           (00:00.001 / 00:16.156, 1Gb)
Sushi: |  -------------------------------------------------------------  |                           (00:00.000 / 00:16.156, 1Gb)
Sushi: | |    Profiles   |  Extensions  |   Logicals   |   Resources   | |                           (00:00.000 / 00:16.157, 1Gb)
Sushi: | |-------------------------------------------------------------| |                           (00:00.000 / 00:16.157, 1Gb)
Sushi: | |      24       |      25      |      0       |       0       | |                           (00:00.000 / 00:16.158, 1Gb)
Sushi: |  -------------------------------------------------------------  |                           (00:00.000 / 00:16.158, 1Gb)
Sushi: |  -------------------------------------------------------------  |                           (00:00.000 / 00:16.159, 1Gb)
Sushi: | |      ValueSets     |    CodeSystems    |     Instances      | |                           (00:00.000 / 00:16.159, 1Gb)
Sushi: | |-------------------------------------------------------------| |                           (00:00.000 / 00:16.159, 1Gb)
Sushi: | |         3          |         3         |         29         | |                           (00:00.000 / 00:16.160, 1Gb)
Sushi: |  -------------------------------------------------------------  |                           (00:00.000 / 00:16.160, 1Gb)
Sushi: |                                                                 |                           (00:00.000 / 00:16.161, 1Gb)
Sushi: ===================================================================                           (00:00.000 / 00:16.161, 1Gb)
Sushi: | You should mullet over.                0 Errors      9 Warnings |                           (00:00.000 / 00:16.161, 1Gb)
Sushi: ===================================================================                           (00:00.000 / 00:16.162, 1Gb)
Unable to load IG as an r5 IG - try R4 (property code is a class com.google.gson.JsonPrimitive looking for an object) (00:00.025 / 00:16.187, 1Gb)
Load Template from ans.fr.template#0.2.0                                                             (00:00.013 / 00:16.201, 1Gb)
 Load Template from fhir.base.template#0.8.1                                                         (00:00.039 / 00:16.240, 1Gb)
Root directory: /tmp/ig-builds/ans.fhir.fr.annuaire#1.1.0-milestone                                  (00:01.212 / 00:17.453, 2Gb)
Terminology Cache is at /tmp/ig-builds/ans.fhir.fr.annuaire#1.1.0-milestone/input-cache/txcache. 9 files in cache (00:00.784 / 00:18.237, 2Gb)
Core Package hl7.fhir.r4.core#4.0.1
Running Terminology Log: /tmp/ohfu-fhir-ig-14994464151449910120.log
Connect to Terminology Server at http://tx.fhir.org                                                  (00:01.371 / 00:19.609, 1Gb)
Load Package hl7.fhir.pubpack#0.2.1
Load Package hl7.fhir.xver-extensions#0.1.0
Load Package hl7.fhir.uv.extensions.r4#5.2.0
Load Package hl7.terminology.r4#6.0.2
Load Package hl7.fhir.uv.extensions.r4#5.1.0
Load Package ans.fr.nos#1.3.0
Load Package hl7.fhir.fr.core#2.1.0
Load Package hl7.terminology.r4#6.2.0
Load Package ans.fr.nos#1.5.0
Load Package hl7.terminology.r4#5.5.0
Load Package hl7.fhir.uv.tools.r4#0.4.1
Load R5 Specials
Initialization complete                                                                              (00:05.612 / 00:25.221, 2Gb)
Load Content                                                                                         (00:00.000 / 00:25.222, 2Gb)
Using fr_FR as the default narrative language. (inferred from ImplementationGuide.jurisdiction=FR)   (00:00.012 / 00:25.234, 2Gb)
Process Loaded Resources                                                                             (00:00.666 / 00:25.900, 2Gb)
Generating Snapshots                                                                                 (00:00.487 / 00:26.388, 2Gb)
Can't find ContactPoint profile https://interop.esante.gouv.fr/ig/fhir/annuaire/StructureDefinition/as-mailbox-mss but trying to go on
Unable to generate snapshot @3 for https://interop.esante.gouv.fr/ig/fhir/annuaire/StructureDefinition/as-organization: Profile AsOrganizationProfile (https://interop.esante.gouv.fr/ig/fhir/annuaire/StructureDefinition/as-organization), element StructureDefinition.differential.element[50]. Error generating snapshot: No match found for Organization.telecom:mailbox-mss.use in the generated snapshot: check that the path and definitions are legal in the differential (including order)
Can't find ContactPoint profile https://interop.esante.gouv.fr/ig/fhir/annuaire/StructureDefinition/as-mailbox-mss but trying to go on
Can't find ContactPoint profile https://interop.esante.gouv.fr/ig/fhir/annuaire/StructureDefinition/as-mailbox-mss but trying to go on
loadPrePages from FetchedFile[/tmp/ig-builds/ans.fhir.fr.annuaire#1.1.0-milestone/fsh-generated/includes] as /tmp/ig-builds/ans.fhir.fr.annuaire#1.1.0-milestone/fsh-generated/includes
loadPrePages from FetchedFile[/tmp/ig-builds/ans.fhir.fr.annuaire#1.1.0-milestone/input/data] as /tmp/ig-builds/ans.fhir.fr.annuaire#1.1.0-milestone/input/data
loadPrePages from FetchedFile[/tmp/ig-builds/ans.fhir.fr.annuaire#1.1.0-milestone/input/pagecontent] as /tmp/ig-builds/ans.fhir.fr.annuaire#1.1.0-milestone/input/pagecontent
Fetch https://interop.esante.gouv.fr/ig/fhir/annuaire/package-list.json for version check            (00:01.485 / 00:27.873, 2Gb)
Processing Conformance Resources                                                                     (00:00.391 / 00:28.265, 2Gb)
Checking Language                                                                                    (00:00.000 / 00:28.266, 2Gb)
Load Dependency Info                                                                                 (00:00.001 / 00:28.267, 2Gb)
Load Info                                                                                            (00:00.000 / 00:28.268, 2Gb)
Load Paths                                                                                           (00:00.000 / 00:28.268, 2Gb)
Check R4 / R4B                                                                                       (00:00.000 / 00:28.269, 2Gb)
Assign Comparison Ids                                                                                (00:00.006 / 00:28.276, 2Gb)
Propagating status                                                                                   (00:00.000 / 00:28.276, 2Gb)
Generating Narratives                                                                                (00:00.000 / 00:28.277, 2Gb)
Validating Conformance Resources                                                                     (00:02.070 / 00:30.348, 2Gb)
Check profiles & code systems                                                                        (00:25.206 / 00:55.554, 2Gb)
Check realm rules                                                                                    (00:00.007 / 00:55.561, 2Gb)
Previous Version Comparison                                                                          (00:00.000 / 00:55.562, 2Gb)
Validating Resources                                                                                 (00:09.222 / 01:04.785, 3Gb)
Processing Provenance Records                                                                        (00:02.456 / 01:07.241, 3Gb)
Generating Outputs in /tmp/ig-builds/ans.fhir.fr.annuaire#1.1.0-milestone/output                     (00:00.000 / 01:07.241, 3Gb)
Generate Native Outputs                                                                              (00:00.075 / 01:07.317, 3Gb)
Run Template                                                                                         (00:09.344 / 01:16.662, 2Gb)
Generate HTML Outputs                                                                                (00:01.606 / 01:18.269, 2Gb)
Sending usage stats failed: Connection timed out
Generate Spreadsheets                                                                                (00:15.916 / 01:34.185, 1Gb)
Generate Summaries                                                                                   (00:06.024 / 01:40.210, 1Gb)
Generating Summary Outputs                                                                           (00:00.000 / 01:40.211, 1Gb)
DB Cumulative Time invested: 00:00:00.294
Sending Usage Stats to Server                                                                        (00:07.839 / 01:48.050, 3Gb)
## Memory (MB): Use = 3527, Free = 470, Total = 3998, Max = 3998                                     (00:00.002 / 01:48.052, 3Gb)
Reclaiming memory...                                                                                 (00:00.001 / 01:48.053, 3Gb)
## Memory (MB): Use = 1524, Free = 2473, Total = 3998, Max = 3998                                    (00:00.789 / 01:48.843, 1Gb)
Run jekyll: jekyll build --destination "/tmp/ig-builds/ans.fhir.fr.annuaire#1.1.0-milestone/output" (in folder /tmp/ig-builds/ans.fhir.fr.annuaire#1.1.0-milestone/temp/pages) (00:00.001 / 01:48.844, 1Gb)
Troubleshooting Note: usual cases for Jekyll to fail are:                                            (00:00.001 / 01:48.845, 1Gb)
* A failure to produce a fragment that is already logged in the output above                         (00:00.000 / 01:48.845, 1Gb)
* A reference to a manually edited file that hasn't been provided                                    (00:00.000 / 01:48.846, 1Gb)
Jekyll: Source: /tmp/ig-builds/ans.fhir.fr.annuaire#1.1.0-milestone/temp/pages                       (00:00.330 / 01:49.177, 1Gb)
Jekyll: Generating...                                                                                (00:00.000 / 01:49.178, 1Gb)
Jekyll: done in 3.444 seconds.                                                                       (00:03.442 / 01:52.621, 1Gb)

Installing ans.fhir.fr.annuaire#1.1.0
Checking Output HTML                                                                                 (00:03.219 / 01:55.840, 2Gb)
found 1783 files                                                                                     (00:00.010 / 01:55.850, 2Gb)
........................................
........................................
  ... 1783 html files, 0 pages invalid xhtml (0%)                                                    (00:27.957 / 02:23.807, 3Gb)
  ... 751816 links, 0 broken links (0%)                                                              (00:00.000 / 02:23.808, 3Gb)
Generate fragment-usage-analysis.csv                                                                 (00:00.001 / 02:23.809, 3Gb)
Build final .zip                                                                                     (00:00.006 / 02:23.816, 3Gb)
Final .zip built                                                                                     (00:04.138 / 02:27.955, 3Gb)
Built. Times: loading: 00:03.043, generate: 02:04.285, narrative generation: 00:02.070, realm-rules: 00:00.001, previous-version: 00:09.198, jekyll: 00:03.817, validation: 00:27.283 (#85), template: 00:01.606 (#3) (00:04.596 / 02:32.551, 2Gb)
Generating QA                                                                                        (00:00.000 / 02:32.552, 2Gb)
Validation output in /tmp/ig-builds/ans.fhir.fr.annuaire#1.1.0-milestone/output/qa.html
Errors: 23, Warnings: 393, Info: 84, Broken Links: 0 (00:08.713 / 02:41.265, 1Gb)
Finished. Max Memory Used = 3Gb. Log file saved in /tmp/fhir-ig-publisher-tmp.log                    (00:00.008 / 02:41.274, 1Gb)
Keep a copy of the build directory at /tmp/web-root/run-20250414/ig-build-zips/ans.fhir.fr.annuaire#1.1.0.zip

ok. All checks passed. Publish v1.1.0 to /tmp/web-root/run-20250414/annuaire/1.1.0
Copy the IG to /tmp/web-root/run-20250414/annuaire/1.1.0
Update /tmp/web-root/run-20250414/annuaire/package-list.json
Publish Box Statement: This page is part of the Guide d'implémentation FHIR - Annuaire de santé (v1.1.0: Release) based on <a data-no-external="true" href="http://hl7.org/fhir/R4">FHIR (HL7® FHIR® Standard) R4</a>. This is the current published version in its permanent home (it will always be available at this URL).  For a full list of available versions, see the <a data-no-external="true" href="https://interop.esante.gouv.fr/ig/fhir/annuaire/history.html">Directory of published versions</a>
  .. 612 files checked, 612 updated
  .. 293 clones checked, 586 updated
  .. 85 redirections (85 created/updated)
This is a milestone release - publish v1.1.0 to /tmp/web-root/run-20250414/annuaire
Update publish box for version 1.1.0-snapshot-6 @ https://interop.esante.gouv.fr/ig/fhir/annuaire/1.1.0-snapshot-6
Publish Box Statement: This page is part of the Guide d'implémentation FHIR - Annuaire de santé (v1.1.0-snapshot-6: QA Preview) based on <a data-no-external="true" href="http://hl7.org/fhir/R4">FHIR (HL7® FHIR® Standard) R4</a>. The current version which supersedes this version is <a data-no-external="true" href="https://interop.esante.gouv.fr/ig/fhir/annuaire{{fn}}">1.1.0</a>.  For a full list of available versions, see the <a data-no-external="true" href="https://interop.esante.gouv.fr/ig/fhir/annuaire/history.html">Directory of published versions</a>
  .. 612 files checked, 612 updated
  .. 293 clones checked, 0 updated
Update publish box for version 1.1.0-snapshot-5 @ https://interop.esante.gouv.fr/ig/fhir/annuaire/1.1.0-snapshot-5
Publish Box Statement: This page is part of the Guide d'implémentation FHIR - Annuaire de santé (v1.1.0-snapshot-5: QA Preview) based on <a data-no-external="true" href="http://hl7.org/fhir/R4">FHIR (HL7® FHIR® Standard) R4</a>. The current version which supersedes this version is <a data-no-external="true" href="https://interop.esante.gouv.fr/ig/fhir/annuaire{{fn}}">1.1.0</a>.  For a full list of available versions, see the <a data-no-external="true" href="https://interop.esante.gouv.fr/ig/fhir/annuaire/history.html">Directory of published versions</a>
  .. 612 files checked, 612 updated
  .. 301 clones checked, 0 updated
Update publish box for version 1.1.0-snapshot-4 @ https://interop.esante.gouv.fr/ig/fhir/annuaire/1.1.0-snapshot-4
Publish Box Statement: This page is part of the Guide d'implémentation FHIR - Annuaire de santé (v1.1.0-snapshot-4: QA Preview) based on <a data-no-external="true" href="http://hl7.org/fhir/R4">FHIR (HL7® FHIR® Standard) R4</a>. The current version which supersedes this version is <a data-no-external="true" href="https://interop.esante.gouv.fr/ig/fhir/annuaire{{fn}}">1.1.0</a>.  For a full list of available versions, see the <a data-no-external="true" href="https://interop.esante.gouv.fr/ig/fhir/annuaire/history.html">Directory of published versions</a>
  .. 641 files checked, 641 updated
  .. 311 clones checked, 0 updated
Update publish box for version 1.1.0-snapshot-3 @ https://interop.esante.gouv.fr/ig/fhir/annuaire/1.1.0-snapshot-3
Publish Box Statement: This page is part of the Guide d'implémentation FHIR - Annuaire de santé (v1.1.0-snapshot-3: QA Preview) based on <a data-no-external="true" href="http://hl7.org/fhir/R4">FHIR (HL7® FHIR® Standard) R4</a>. The current version which supersedes this version is <a data-no-external="true" href="https://interop.esante.gouv.fr/ig/fhir/annuaire{{fn}}">1.1.0</a>.  For a full list of available versions, see the <a data-no-external="true" href="https://interop.esante.gouv.fr/ig/fhir/annuaire/history.html">Directory of published versions</a>
  .. 629 files checked, 629 updated
  .. 311 clones checked, 0 updated
Update publish box for version 1.1.0-snapshot-2 @ https://interop.esante.gouv.fr/ig/fhir/annuaire/1.1.0-snapshot-2
Publish Box Statement: This page is part of the Guide d'implémentation FHIR - Annuaire de santé (v1.1.0-snapshot-2: QA Preview) based on <a data-no-external="true" href="http://hl7.org/fhir/R4">FHIR (HL7® FHIR® Standard) R4</a>. The current version which supersedes this version is <a data-no-external="true" href="https://interop.esante.gouv.fr/ig/fhir/annuaire{{fn}}">1.1.0</a>.  For a full list of available versions, see the <a data-no-external="true" href="https://interop.esante.gouv.fr/ig/fhir/annuaire/history.html">Directory of published versions</a>
  .. 633 files checked, 633 updated
  .. 181 clones checked, 0 updated
Update publish box for version 1.1.0-snapshot @ https://interop.esante.gouv.fr/ig/fhir/annuaire/1.1.0-snapshot
Publish Box Statement: This page is part of the Guide d'implémentation FHIR - Annuaire de santé (v1.1.0-snapshot: QA Preview) based on <a data-no-external="true" href="http://hl7.org/fhir/R4">FHIR (HL7® FHIR® Standard) R4</a>. The current version which supersedes this version is <a data-no-external="true" href="https://interop.esante.gouv.fr/ig/fhir/annuaire{{fn}}">1.1.0</a>.  For a full list of available versions, see the <a data-no-external="true" href="https://interop.esante.gouv.fr/ig/fhir/annuaire/history.html">Directory of published versions</a>
  .. 625 files checked, 625 updated
  .. 301 clones checked, 0 updated
Update publish box for version 1.0.1 @ https://interop.esante.gouv.fr/ig/fhir/annuaire/1.0.1
Publish Box Statement: This page is part of the Guide d'implémentation FHIR - Annuaire de santé (v1.0.1: Release) based on <a data-no-external="true" href="http://hl7.org/fhir/R4">FHIR (HL7® FHIR® Standard) R4</a>. The current version which supersedes this version is <a data-no-external="true" href="https://interop.esante.gouv.fr/ig/fhir/annuaire{{fn}}">1.1.0</a>.  For a full list of available versions, see the <a data-no-external="true" href="https://interop.esante.gouv.fr/ig/fhir/annuaire/history.html">Directory of published versions</a>
  .. 450 files checked, 450 updated
  .. 265 clones checked, 0 updated
Update publish box for version 1.0.0 @ https://interop.esante.gouv.fr/ig/fhir/annuaire/1.0.0
Publish Box Statement: This page is part of the Guide d'implémentation FHIR - Annuaire de santé (v1.0.0: Release) based on <a data-no-external="true" href="http://hl7.org/fhir/R4">FHIR (HL7® FHIR® Standard) R4</a>. The current version which supersedes this version is <a data-no-external="true" href="https://interop.esante.gouv.fr/ig/fhir/annuaire{{fn}}">1.1.0</a>.  For a full list of available versions, see the <a data-no-external="true" href="https://interop.esante.gouv.fr/ig/fhir/annuaire/history.html">Directory of published versions</a>
  .. 450 files checked, 450 updated
  .. 279 clones checked, 0 updated
Update publish box for version 1.0.0-ballot-4 @ https://interop.esante.gouv.fr/ig/fhir/annuaire/1.0.0-ballot-4
Publish Box Statement: This page is part of the Guide d'implémentation FHIR - Annuaire de santé (v1.0.0-ballot-4: Release) based on <a data-no-external="true" href="http://hl7.org/fhir/R4">FHIR (HL7® FHIR® Standard) R4</a>. The current version which supersedes this version is <a data-no-external="true" href="https://interop.esante.gouv.fr/ig/fhir/annuaire{{fn}}">1.1.0</a>.  For a full list of available versions, see the <a data-no-external="true" href="https://interop.esante.gouv.fr/ig/fhir/annuaire/history.html">Directory of published versions</a>
  .. 450 files checked, 450 updated
  .. 239 clones checked, 0 updated
Update publish box for version 1.0.0-ballot-3 @ https://interop.esante.gouv.fr/ig/fhir/annuaire/1.0.0-ballot-3
Publish Box Statement: This page is part of the Guide d'implémentation FHIR - Annuaire de santé (v1.0.0-ballot-3: Release) based on <a data-no-external="true" href="http://hl7.org/fhir/R4">FHIR (HL7® FHIR® Standard) R4</a>. The current version which supersedes this version is <a data-no-external="true" href="https://interop.esante.gouv.fr/ig/fhir/annuaire{{fn}}">1.1.0</a>.  For a full list of available versions, see the <a data-no-external="true" href="https://interop.esante.gouv.fr/ig/fhir/annuaire/history.html">Directory of published versions</a>
  .. 410 files checked, 410 updated
  .. 206 clones checked, 0 updated
Update publish box for version 1.0.0-ballot-2 @ https://interop.esante.gouv.fr/ig/fhir/annuaire/1.0.0-ballot-2
Publish Box Statement: This page is part of the Guide d'implémentation FHIR - Annuaire de santé (v1.0.0-ballot-2: Release) based on <a data-no-external="true" href="http://hl7.org/fhir/R4">FHIR (HL7® FHIR® Standard) R4</a>. The current version which supersedes this version is <a data-no-external="true" href="https://interop.esante.gouv.fr/ig/fhir/annuaire{{fn}}">1.1.0</a>.  For a full list of available versions, see the <a data-no-external="true" href="https://interop.esante.gouv.fr/ig/fhir/annuaire/history.html">Directory of published versions</a>
  .. 410 files checked, 410 updated
  .. 230 clones checked, 0 updated
Update publish box for version 1.0.0-ballot @ https://interop.esante.gouv.fr/ig/fhir/annuaire/1.0.0-ballot
Publish Box Statement: This page is part of the Guide d'implémentation FHIR - Annuaire de santé (v1.0.0-ballot: Release) based on <a data-no-external="true" href="http://hl7.org/fhir/R4">FHIR (HL7® FHIR® Standard) R4</a>. The current version which supersedes this version is <a data-no-external="true" href="https://interop.esante.gouv.fr/ig/fhir/annuaire{{fn}}">1.1.0</a>.  For a full list of available versions, see the <a data-no-external="true" href="https://interop.esante.gouv.fr/ig/fhir/annuaire/history.html">Directory of published versions</a>
  .. 380 files checked, 380 updated
  .. 107 clones checked, 0 updated
Update publish box for version 0.1.0 @ https://interop.esante.gouv.fr/ig/fhir/annuaire/0.1.0
Publish Box Statement: This page is part of the Guide d'implémentation FHIR - Annuaire de santé (v0.1.0: trial-use) based on <a data-no-external="true" href="http://hl7.org/fhir/R4">FHIR (HL7® FHIR® Standard) R4</a>. The current version which supersedes this version is <a data-no-external="true" href="https://interop.esante.gouv.fr/ig/fhir/annuaire{{fn}}">1.1.0</a>.  For a full list of available versions, see the <a data-no-external="true" href="https://interop.esante.gouv.fr/ig/fhir/annuaire/history.html">Directory of published versions</a>
  .. 320 files checked, 320 updated
  .. 93 clones checked, 0 updated
Publish Box Statement: This page is part of the Guide d'implémentation FHIR - Annuaire de santé (v1.1.0: Release) based on <a data-no-external="true" href="http://hl7.org/fhir/R4">FHIR (HL7® FHIR® Standard) R4</a>. This is the current published version.  For a full list of available versions, see the <a data-no-external="true" href="https://interop.esante.gouv.fr/ig/fhir/annuaire/history.html">Directory of published versions</a>
  .. 612 files checked, 612 updated
  .. 293 clones checked, 586 updated
  .. 85 redirections (85 created/updated)
Check for Files to delete
  ... 0 files
Copy to new IG /tmp/web-root/run-20250414/annuaire
ans.fhir.fr.annuaire (https://interop.esante.gouv.fr/ig/fhir/annuaire): Guide d'implémentation FHIR - Annuaire de santé @ https://ansforge.github.io/IG-fhir-annuaire/ig/main
  release: final-text 1.1.0/4.0.1 @ https://interop.esante.gouv.fr/ig/fhir/annuaire/1.1.0
Build is complete. Copy from /tmp/web-root/run-20250414
Update history page at /tmp/web-root/run-20250414/annuaire from /home/runner/work/IG-fhir-annuaire/IG-fhir-annuaire/./IG-website-release/fhir-ig-history-template and ./IG-website-release/templates
