FHIR IG Publisher Version 1.6.20 (Git# 7bbd1ce5defe). Built 2024-08-13T18:33:37.376Z (22 days old)
Detected Java version: 17.0.10 from /opt/hostedtoolcache/Java_Microsoft_jdk/17.0.10/x64 on amd64 (64bit). 3996MB available
dir = /home/runner/work/IG-fhir-service-acces-aux-soins/IG-fhir-service-acces-aux-soins, path = /opt/hostedtoolcache/Ruby/3.3.5/x64/bin:/usr/share/dotnet:/opt/hostedtoolcache/node/20.17.0/x64/bin:/opt/hostedtoolcache/Java_Microsoft_jdk/17.0.10/x64/bin:/snap/bin:/home/runner/.local/bin:/opt/pipx_bin:/home/runner/.cargo/bin:/home/runner/.config/composer/vendor/bin:/usr/local/.ghcup/bin:/home/runner/.dotnet/tools:/usr/local/sbin:/usr/local/bin:/usr/sbin:/usr/bin:/sbin:/bin:/usr/games:/usr/local/games:/snap/bin
Parameters: -go-publish -source ./igSource -web ./IG-website-release/www/ig/fhir -registry ./IG-website-release/ig-registry/fhir-ig-list.json -history ./IG-website-release/fhir-ig-history-template -templates ./IG-website-release/templates
---------------
Publication Run: publish ./igSource to ./IG-website-release/www/ig/fhir
Run Number: 47
Relative directory for IG is '/sas'
===== Web Publication Run Details ===============================
 Source IG: ans.fhir.fr.sas#1.0.0 : https://interop.esante.gouv.fr/ig/fhir/sas (R4) from ./igSource
All checks passed. Do the publication build from /home/runner/work/IG-fhir-service-acces-aux-soins/IG-fhir-service-acces-aux-soins/./igSource and publish to /tmp/web-root/run-20240905/sas
Prepare Build space in /tmp/ans.fhir.fr.sas#1.0.0
Build IG at /home/runner/work/IG-fhir-service-acces-aux-soins/IG-fhir-service-acces-aux-soins/./igSource: final copy suitable for publication (in /tmp/ans.fhir.fr.sas#1.0.0)
FHIR IG Publisher Version 1.6.20 (Git# 7bbd1ce5defe). Built 2024-08-13T18:33:37.376Z (22 days old)  
Detected Java version: 17.0.10 from /opt/hostedtoolcache/Java_Microsoft_jdk/17.0.10/x64 on Linux/amd64 (64bit). 3996MB available
dir = /home/runner/work/IG-fhir-service-acces-aux-soins/IG-fhir-service-acces-aux-soins, path = /opt/hostedtoolcache/Ruby/3.3.5/x64/bin:/usr/share/dotnet:/opt/hostedtoolcache/node/20.17.0/x64/bin:/opt/hostedtoolcache/Java_Microsoft_jdk/17.0.10/x64/bin:/snap/bin:/home/runner/.local/bin:/opt/pipx_bin:/home/runner/.cargo/bin:/home/runner/.config/composer/vendor/bin:/usr/local/.ghcup/bin:/home/runner/.dotnet/tools:/usr/local/sbin:/usr/local/bin:/usr/sbin:/usr/bin:/sbin:/bin:/usr/games:/usr/local/games:/snap/bin
Parameters: -ig /tmp/ans.fhir.fr.sas#1.0.0 -resetTx -publish https://interop.esante.gouv.fr/ig/fhir/sas/1.0.0 -no-exit
Start Clock @ Thursday, September 5, 2024 at 4:02:03 PM Coordinated Universal Time (2024-09-05T16:02:03Z)
                                                                                                    
Build FHIR IG from /tmp/ans.fhir.fr.sas#1.0.0                                                        (00:00.021 / 00:00.022, 43Mb)
Build Formal Publication package, intended for https://interop.esante.gouv.fr/ig/fhir/sas/1.0.0      (00:00.003 / 00:00.025, 43Mb)
API keys loaded from /home/runner/.fhir/fhir-settings.json                                           (00:00.001 / 00:00.026, 43Mb)
Package Cache: /home/runner/.fhir/packages                                                           (00:00.004 / 00:00.031, 44Mb)
Run Sushi on /tmp/ans.fhir.fr.sas#1.0.0                                                              (00:00.002 / 00:00.033, 44Mb)
Sushi: info  Running SUSHI v3.11.1 (implements FHIR Shorthand specification v3.0.0-ballot)           (00:00.627 / 00:00.661, 46Mb)
Sushi: info  Arguments:                                                                              (00:00.001 / 00:00.662, 46Mb)
Sushi: info    --require-latest                                                                      (00:00.001 / 00:00.663, 46Mb)
Sushi: info    --out /tmp/ans.fhir.fr.sas#1.0.0                                                      (00:00.001 / 00:00.665, 46Mb)
Sushi: info    /tmp/ans.fhir.fr.sas#1.0.0                                                            (00:00.001 / 00:00.666, 46Mb)
Sushi: info  Using configuration file: /tmp/ans.fhir.fr.sas#1.0.0/sushi-config.yaml                  (00:00.641 / 00:01.307, 46Mb)
Sushi: warn  Configuration property menu/Spécif. techniques has a value with an unexpected type.     (00:00.109 / 00:01.417, 46Mb)
Sushi: warn  Configuration property menu/Spécif. techniques/________ PS indiv. ________ has a value with an unexpected type. (00:00.001 / 00:01.418, 46Mb)
Sushi: warn  Configuration property menu/Spécif. techniques/_________ CPTS _________ has a value with an unexpected type. (00:00.001 / 00:01.420, 46Mb)
Sushi: info  Importing FSH text...                                                                   (00:00.001 / 00:01.422, 46Mb)
Sushi: info  Preprocessed 57 documents with 8 aliases.                                               (00:00.163 / 00:01.585, 46Mb)
Sushi: info  Imported 26 definitions and 30 instances.                                               (00:00.021 / 00:01.607, 46Mb)
Sushi: info  Checking /home/runner/.fhir/packages for hl7.fhir.uv.tools#current...                   (00:00.001 / 00:01.609, 46Mb)
Sushi: info  Found hl7.fhir.uv.tools#current in /home/runner/.fhir/packages.                         (00:00.065 / 00:01.674, 46Mb)
Sushi: info  Loaded package hl7.fhir.uv.tools#current                                                (00:00.615 / 00:02.290, 46Mb)
Sushi: info  Checking /home/runner/.fhir/packages for hl7.terminology.r4#6.0.2...                    (00:00.636 / 00:02.926, 46Mb)
Sushi: info  Found hl7.terminology.r4#6.0.2 in /home/runner/.fhir/packages.                          (00:00.565 / 00:03.492, 46Mb)
Sushi: info  Loaded package hl7.terminology.r4#6.0.2                                                 (00:00.001 / 00:03.493, 46Mb)
Sushi: info  Checking /home/runner/.fhir/packages for hl7.fhir.uv.extensions.r4#5.1.0...             (00:00.157 / 00:03.651, 46Mb)
Sushi: info  Found hl7.fhir.uv.extensions.r4#5.1.0 in /home/runner/.fhir/packages.                   (00:00.494 / 00:04.146, 46Mb)
Sushi: info  Loaded package hl7.fhir.uv.extensions.r4#5.1.0                                          (00:00.001 / 00:04.147, 46Mb)
Sushi: info  Checking /home/runner/.fhir/packages for hl7.fhir.fr.core#1.1.0...                      (00:00.001 / 00:04.148, 46Mb)
Sushi: info  Found hl7.fhir.fr.core#1.1.0 in /home/runner/.fhir/packages.                            (00:00.467 / 00:04.616, 46Mb)
Sushi: info  Loaded package hl7.fhir.fr.core#1.1.0                                                   (00:00.001 / 00:04.617, 46Mb)
Sushi: info  Loading supplemental version of FHIR to support extensions from hl7.fhir.extensions.r5  (00:00.001 / 00:04.618, 46Mb)
Sushi: info  Checking /home/runner/.fhir/packages for hl7.fhir.r5.core#5.0.0...                      (00:00.001 / 00:04.619, 46Mb)
Sushi: info  Found hl7.fhir.r5.core#5.0.0 in /home/runner/.fhir/packages.                            (00:01.132 / 00:05.752, 46Mb)
Sushi: info  Loaded package hl7.fhir.r5.core#5.0.0                                                   (00:00.001 / 00:05.753, 46Mb)
Sushi: info  Checking /home/runner/.fhir/packages for ans.fr.nos#1.3.0...                            (00:00.001 / 00:05.754, 46Mb)
Sushi: info  Found ans.fr.nos#1.3.0 in /home/runner/.fhir/packages.                                  (00:00.713 / 00:06.468, 46Mb)
Sushi: info  Loaded package ans.fr.nos#1.3.0                                                         (00:00.001 / 00:06.469, 46Mb)
Sushi: info  Checking /home/runner/.fhir/packages for hl7.fhir.r4.core#4.0.1...                      (00:00.001 / 00:06.471, 46Mb)
Sushi: info  Found hl7.fhir.r4.core#4.0.1 in /home/runner/.fhir/packages.                            (00:01.298 / 00:07.769, 46Mb)
Sushi: info  Loaded package hl7.fhir.r4.core#4.0.1                                                   (00:00.001 / 00:07.770, 46Mb)
Sushi: info  Converting FSH to FHIR resources...                                                     (00:00.040 / 00:07.810, 46Mb)
Sushi: info  Converted 19 FHIR StructureDefinitions.                                                 (00:01.179 / 00:08.990, 46Mb)
Sushi: info  Converted 7 FHIR ValueSets.                                                             (00:00.087 / 00:09.077, 46Mb)
Sushi: info  Converted 30 FHIR instances.                                                            (00:01.152 / 00:10.230, 46Mb)
Sushi: info  Exporting FHIR resources as JSON...                                                     (00:00.001 / 00:10.231, 46Mb)
Sushi: info  Exported 53 FHIR resources as JSON.                                                     (00:00.090 / 00:10.321, 46Mb)
Sushi: info  Assembling Implementation Guide sources...                                              (00:00.002 / 00:10.324, 46Mb)
Sushi: warn  Files not in the supported file types (.md and .xml) were detected. These files will be included without any processing. (00:00.022 / 00:10.346, 46Mb)
Sushi:   File: /tmp/ans.fhir.fr.sas#1.0.0/input/pagecontent                                          (00:00.001 / 00:10.347, 46Mb)
Sushi: info  Generated ImplementationGuide-ans.fhir.fr.sas.json                                      (00:00.001 / 00:10.349, 46Mb)
Sushi: info  Assembled Implementation Guide sources; ready for IG Publisher.                         (00:00.000 / 00:10.350, 46Mb)
Sushi: ========================= SUSHI RESULTS ===========================                           (00:00.000 / 00:10.351, 46Mb)
Sushi: |  -------------------------------------------------------------  |                           (00:00.001 / 00:10.353, 46Mb)
Sushi: | |    Profiles   |  Extensions  |   Logicals   |   Resources   | |                           (00:00.000 / 00:10.353, 46Mb)
Sushi: | |-------------------------------------------------------------| |                           (00:00.000 / 00:10.354, 46Mb)
Sushi: | |      18       |      1       |      0       |       0       | |                           (00:00.000 / 00:10.355, 46Mb)
Sushi: |  -------------------------------------------------------------  |                           (00:00.000 / 00:10.356, 46Mb)
Sushi: |  -------------------------------------------------------------  |                           (00:00.000 / 00:10.357, 46Mb)
Sushi: | |      ValueSets     |    CodeSystems    |     Instances      | |                           (00:00.000 / 00:10.358, 46Mb)
Sushi: | |-------------------------------------------------------------| |                           (00:00.001 / 00:10.359, 46Mb)
Sushi: | |         7          |         0         |         30         | |                           (00:00.001 / 00:10.360, 46Mb)
Sushi: |  -------------------------------------------------------------  |                           (00:00.001 / 00:10.362, 46Mb)
Sushi: |                                                                 |                           (00:00.000 / 00:10.363, 46Mb)
Sushi: ===================================================================                           (00:00.000 / 00:10.363, 46Mb)
Sushi: | Not bad, but you cod do batter!        0 Errors      4 Warnings |                           (00:00.000 / 00:10.364, 46Mb)
Sushi: ===================================================================                           (00:00.000 / 00:10.365, 46Mb)
Unable to load IG as an r5 IG - try R4 (property code is a class com.google.gson.JsonPrimitive looking for an object) (00:00.496 / 00:10.862, 56Mb)
Load Template from https://github.com/ansforge/FIG_ans-ig-template                                   (00:00.435 / 00:11.297, 26Mb)
 Load Template from fhir.base.template#current                                                       (00:01.630 / 00:12.927, 63Mb)

onLoad.findSpreadsheets:

onLoad.updateIg:
     [xslt] Processing /tmp/ans.fhir.fr.sas#1.0.0/template/onLoad-ig-working.xml to /tmp/ans.fhir.fr.sas#1.0.0/template/onLoad-ig-updated.xml
     [xslt] Loading stylesheet /tmp/ans.fhir.fr.sas#1.0.0/template/scripts/onLoad.xslt

onLoad.extend:

onLoad:
Root directory: /tmp/ans.fhir.fr.sas#1.0.0                                                           (00:03.458 / 00:16.385, 125Mb)
Terminology Cache is at /tmp/ans.fhir.fr.sas#1.0.0/input-cache/txcache. Clearing now                 (00:00.614 / 00:17.000, 106Mb)
Core Package hl7.fhir.r4.core#4.0.1
Unable to generate snapshot @2 for Definition from noname because Profile Definition (http://hl7.org/fhir/StructureDefinition/Definition) has no base and no snapshot
Unable to generate snapshot @2 for Event from noname because Profile Event (http://hl7.org/fhir/StructureDefinition/Event) has no base and no snapshot
Unable to generate snapshot @2 for FiveWs from noname because Profile FiveWs (http://hl7.org/fhir/StructureDefinition/FiveWs) has no base and no snapshot
Unable to generate snapshot @2 for Request from noname because Profile Request (http://hl7.org/fhir/StructureDefinition/Request) has no base and no snapshot
Running Terminology Log: /tmp/ohfu-fhir-ig-17491821376128127479.log
Connect to Terminology Server at http://tx.fhir.org                                                  (00:03.651 / 00:20.652, 533Mb)
Load Package hl7.fhir.pubpack#0.1.8
Load Package hl7.fhir.xver-extensions#0.1.0
Load Package hl7.terminology.r4#6.0.2
Load Package hl7.fhir.uv.extensions.r4#5.1.0
Load Package hl7.fhir.fr.core#1.1.0
Load Package ans.fr.nos#1.3.0
Version mismatch. This IG is version 4.0.1, while the IG 'hl7.fhir.uv.tools' is from version 5.0.0 (will try to run anyway) (00:05.403 / 00:26.056, 470Mb)
Load Package hl7.fhir.uv.tools#0.2.0
Load R5 Specials
Unable to generate snapshot @2 for Definition from noname because Profile Definition (http://hl7.org/fhir/StructureDefinition/Definition) has no base and no snapshot
Unable to generate snapshot @2 for Event from noname because Profile Event (http://hl7.org/fhir/StructureDefinition/Event) has no base and no snapshot
Unable to generate snapshot @2 for FiveWs from noname because Profile FiveWs (http://hl7.org/fhir/StructureDefinition/FiveWs) has no base and no snapshot
Unable to generate snapshot @2 for Request from noname because Profile Request (http://hl7.org/fhir/StructureDefinition/Request) has no base and no snapshot
Initialization complete                                                                              (00:00.702 / 00:26.758, 387Mb)
Load Content                                                                                         (00:00.000 / 00:26.759, 387Mb)
Using fr_FR as the default narrative language. (inferred from ImplementationGuide.jurisdiction=FR)   (00:00.048 / 00:26.808, 395Mb)
loadPrePages from FetchedFile[/tmp/ans.fhir.fr.sas#1.0.0/fsh-generated/includes] as /tmp/ans.fhir.fr.sas#1.0.0/fsh-generated/includes
loadPrePages from FetchedFile[/tmp/ans.fhir.fr.sas#1.0.0/input/data] as /tmp/ans.fhir.fr.sas#1.0.0/input/data
loadPrePages from FetchedFile[/tmp/ans.fhir.fr.sas#1.0.0/input/pagecontent] as /tmp/ans.fhir.fr.sas#1.0.0/input/pagecontent
Fetch https://interop.esante.gouv.fr/ig/fhir/sas/package-list.json for version check                 (00:00.844 / 00:27.652, 447Mb)
Processing Conformance Resources                                                                     (00:01.020 / 00:28.672, 450Mb)
Load Dependency Info                                                                                 (00:00.002 / 00:28.674, 450Mb)
Load Info                                                                                            (00:00.001 / 00:28.676, 450Mb)
Load Resources                                                                                       (00:00.001 / 00:28.677, 451Mb)
Load Paths                                                                                           (00:00.142 / 00:28.820, 489Mb)
Generating Snapshots                                                                                 (00:00.001 / 00:28.821, 489Mb)
Check R4 / R4B                                                                                       (00:01.322 / 00:30.144, 464Mb)
Assign Comparison Ids                                                                                (00:00.010 / 00:30.155, 466Mb)
Propagating status                                                                                   (00:00.001 / 00:30.156, 466Mb)
Generating Narratives                                                                                (00:00.001 / 00:30.157, 466Mb)
Error from http://tx.fhir.org/r4: Unable to provide support for code system https://mos.esante.gouv.fr/NOS/TRE_R66-CategorieEtablissement/TRE_R66-CategorieEtablissement [x-request-id: 154-1619630]
Error from http://tx.fhir.org/r4: Unable to provide support for code system https://mos.esante.gouv.fr/NOS/TRE_R66-CategorieEtablissement/TRE_R66-CategorieEtablissement [x-request-id: 154-1619636]
Validating Conformance Resources                                                                     (00:02.270 / 00:32.428, 678Mb)
Unable to generate snapshot @2 for Definition from noname because Profile Definition (http://hl7.org/fhir/StructureDefinition/Definition) has no base and no snapshot
Unable to generate snapshot @2 for Event from noname because Profile Event (http://hl7.org/fhir/StructureDefinition/Event) has no base and no snapshot
Unable to generate snapshot @2 for FiveWs from noname because Profile FiveWs (http://hl7.org/fhir/StructureDefinition/FiveWs) has no base and no snapshot
Unable to generate snapshot @2 for Request from noname because Profile Request (http://hl7.org/fhir/StructureDefinition/Request) has no base and no snapshot
Check profiles & code systems                                                                        (00:08.569 / 00:40.998, 1Gb)
Check realm rules                                                                                    (00:00.005 / 00:41.003, 1Gb)
Previous Version Comparison                                                                          (00:00.001 / 00:41.005, 1Gb)
Unable to generate snapshot @1 for Definition from noname because Profile Definition (http://hl7.org/fhir/StructureDefinition/Definition) has no base and no snapshot
Unable to generate snapshot @1 for Event from noname because Profile Event (http://hl7.org/fhir/StructureDefinition/Event) has no base and no snapshot
Unable to generate snapshot @1 for FiveWs from noname because Profile FiveWs (http://hl7.org/fhir/StructureDefinition/FiveWs) has no base and no snapshot
Unable to generate snapshot @1 for Request from noname because Profile Request (http://hl7.org/fhir/StructureDefinition/Request) has no base and no snapshot
Validating Resources                                                                                 (00:06.076 / 00:47.081, 1Gb)
Processing Provenance Records                                                                        (00:00.353 / 00:47.434, 1Gb)
Generating Outputs in /tmp/ans.fhir.fr.sas#1.0.0/output                                              (00:00.001 / 00:47.435, 1Gb)
Generate Native Outputs                                                                              (00:00.064 / 00:47.499, 1Gb)
Run Template                                                                                         (00:08.754 / 00:56.254, 1Gb)

onGenerate.checkVersions:
     [xslt] Processing /tmp/ans.fhir.fr.sas#1.0.0/template/onGenerate-ig-working.xml to /tmp/ans.fhir.fr.sas#1.0.0/template/versions.txt
     [xslt] Loading stylesheet /tmp/ans.fhir.fr.sas#1.0.0/template/scripts/onGenerate.getVersions.xslt

onGenerate.r5-schemas:
      [get] Getting: http://build.fhir.org/fhir-single.xsd
      [get] To: /tmp/ans.fhir.fr.sas#1.0.0/input-cache/schemas/R5/fhir-single.xsd
      [get] Not modified - so not downloaded
      [get] Getting: http://build.fhir.org/fhir-xhtml.xsd
      [get] To: /tmp/ans.fhir.fr.sas#1.0.0/input-cache/schemas/R5/fhir-xhtml.xsd
      [get] Not modified - so not downloaded
      [get] Getting: http://build.fhir.org/xml.xsd
      [get] To: /tmp/ans.fhir.fr.sas#1.0.0/input-cache/schemas/R5/xml.xsd
      [get] Not modified - so not downloaded
      [get] Getting: http://build.fhir.org/xmldsig-core-schema.xsd
      [get] To: /tmp/ans.fhir.fr.sas#1.0.0/input-cache/schemas/R5/xmldsig-core-schema.xsd
      [get] Not modified - so not downloaded

onGenerate.r4-schemas:
      [get] Getting: http://hl7.org/fhir/R4/fhir-single.xsd
      [get] To: /tmp/ans.fhir.fr.sas#1.0.0/input-cache/schemas/R4/fhir-single.xsd
      [get] Not modified - so not downloaded
      [get] Getting: http://hl7.org/fhir/R4/fhir-xhtml.xsd
      [get] To: /tmp/ans.fhir.fr.sas#1.0.0/input-cache/schemas/R4/fhir-xhtml.xsd
      [get] Not modified - so not downloaded
      [get] Getting: http://hl7.org/fhir/R4/xml.xsd
      [get] To: /tmp/ans.fhir.fr.sas#1.0.0/input-cache/schemas/R4/xml.xsd
      [get] Not modified - so not downloaded
      [get] Getting: http://hl7.org/fhir/R4/xmldsig-core-schema.xsd
      [get] To: /tmp/ans.fhir.fr.sas#1.0.0/input-cache/schemas/R4/xmldsig-core-schema.xsd
      [get] Not modified - so not downloaded

onGenerate.r3-schemas:

onGenerate.r2b-schemas:

onGenerate.r2-schemas:

onGenerate.schemas:

onGenerate.data:
     [xslt] Processing /tmp/ans.fhir.fr.sas#1.0.0/template/onGenerate-ig-working.xml to /tmp/ans.fhir.fr.sas#1.0.0/temp/pages/_data/artifacts.json
     [xslt] Loading stylesheet /tmp/ans.fhir.fr.sas#1.0.0/template/scripts/onGenerate.data.xslt

onGenerate.setup:

onGenerate.infoFile:
     [xslt] Processing /tmp/ans.fhir.fr.sas#1.0.0/template/onGenerate-ig-working.xml to /tmp/ans.fhir.fr.sas#1.0.0/temp/pages/_data/info.json
     [xslt] Loading stylesheet /tmp/ans.fhir.fr.sas#1.0.0/template/scripts/onGenerate.genJson.xslt

onGenerate.processIncludes:
     [copy] Copying 16 files to /tmp/ans.fhir.fr.sas#1.0.0/temp/pages/_includes

onGenerate.processIg:
     [xslt] Processing /tmp/ans.fhir.fr.sas#1.0.0/template/onGenerate-ig-working.xml to /tmp/ans.fhir.fr.sas#1.0.0/template/onGenerate-ig-working.1.xml
     [xslt] Loading stylesheet /tmp/ans.fhir.fr.sas#1.0.0/template/scripts/onGenerate.group.xslt
     [xslt] Processing /tmp/ans.fhir.fr.sas#1.0.0/template/onGenerate-ig-working.1.xml to /tmp/ans.fhir.fr.sas#1.0.0/template/onGenerate-ig-working.2.xml
     [xslt] Loading stylesheet /tmp/ans.fhir.fr.sas#1.0.0/template/scripts/onGenerate.groupSort.xslt
     [xslt] Processing /tmp/ans.fhir.fr.sas#1.0.0/template/onGenerate-ig-working.2.xml to /tmp/ans.fhir.fr.sas#1.0.0/template/onGenerate-ig-updated.xml
     [xslt] Loading stylesheet /tmp/ans.fhir.fr.sas#1.0.0/template/scripts/onGenerate.final.xslt

onGenerate.igQa:
     [xslt] Processing /tmp/ans.fhir.fr.sas#1.0.0/template/onGenerate-ig-updated.xml to /tmp/ans.fhir.fr.sas#1.0.0/template/ongenerate-validation-igqa.json
     [xslt] Loading stylesheet /tmp/ans.fhir.fr.sas#1.0.0/template/scripts/onGenerate.qa.xslt

onGenerate.artifactList:
     [xslt] Processing /tmp/ans.fhir.fr.sas#1.0.0/template/onGenerate-ig-updated.xml to /tmp/ans.fhir.fr.sas#1.0.0/temp/pages/_includes/artifacts.xml
     [xslt] Loading stylesheet /tmp/ans.fhir.fr.sas#1.0.0/template/scripts/createArtifactSummary.xslt

check-plantumlfiles:

onGenerate.plantUml.ig:

onGenerate.plantUml.template:

onGenerate.plantUml:

onGenerate.copyDataFiles:

onGenerate.extend:

onGenerate:
Template Done                                                                                        (00:02.625 / 00:58.880, 960Mb)
Generate HTML Outputs                                                                                (00:00.001 / 00:58.881, 960Mb)
ERROR StatusLogger Log4j2 could not find a logging implementation. Please add log4j-core to the classpath. Using SimpleLogger to log to the console...
Error from http://tx.fhir.org/r4: Unable to provide support for code system https://mos.esante.gouv.fr/NOS/TRE_R66-CategorieEtablissement/TRE_R66-CategorieEtablissement [x-request-id: 154-1619812]
Error from http://tx.fhir.org/r4: Unable to provide support for code system https://mos.esante.gouv.fr/NOS/TRE_R66-CategorieEtablissement/TRE_R66-CategorieEtablissement [x-request-id: 154-1619815]
XSLT Error: Error reported by XML parser
Exception generating xslt page /tmp/ans.fhir.fr.sas#1.0.0/temp/pages/_includes/specifications_techniques.txt for _includes/specifications_techniques.txt in /tmp/ans.fhir.fr.sas#1.0.0/temp/pages: org.xml.sax.SAXParseException; lineNumber: 1; columnNumber: 1; Content is not allowed in prolog. (00:17.105 / 01:15.987, 1Gb)
Generate Summaries                                                                                   (00:01.108 / 01:17.095, 1Gb)
Generating Summary Outputs                                                                           (00:00.000 / 01:17.096, 1Gb)
DB Cumulative Time invested: 00:00:00.197
Sending Usage Stats to Server                                                                        (00:04.889 / 01:21.985, 2Gb)
## Memory (MB): Use = 2338, Free = 399, Total = 2738, Max = 3996                                     (00:00.023 / 01:22.009, 2Gb)
Reclaiming memory...                                                                                 (00:00.001 / 01:22.010, 2Gb)
## Memory (MB): Use = 1222, Free = 1515, Total = 2738, Max = 3996                                    (00:00.591 / 01:22.602, 1Gb)
Run jekyll: jekyll build --destination "/tmp/ans.fhir.fr.sas#1.0.0/output" (in folder /tmp/ans.fhir.fr.sas#1.0.0/temp/pages) (00:00.002 / 01:22.604, 1Gb)
Troubleshooting Note: usual cases for Jekyll to fail are:                                            (00:00.000 / 01:22.605, 1Gb)
* A failure to produce a fragment that is already logged in the output above                         (00:00.000 / 01:22.606, 1Gb)
* A reference to a manually edited file that hasn't been provided                                    (00:00.000 / 01:22.607, 1Gb)
Jekyll: Source: /tmp/ans.fhir.fr.sas#1.0.0/temp/pages                                                (00:00.388 / 01:22.996, 1Gb)
Jekyll: Generating...                                                                                (00:00.000 / 01:22.997, 1Gb)
Jekyll: done in 2.452 seconds.                                                                       (00:02.451 / 01:25.448, 1Gb)

Installing ans.fhir.fr.sas#1.0.0 done.
Checking Output HTML                                                                                 (00:04.053 / 01:29.502, 1Gb)
found 1238 files                                                                                     (00:00.005 / 01:29.507, 1Gb)
.........................................
.........................................
  ... 1238 html files, 0 pages invalid xhtml (0%)                                                    (00:14.365 / 01:43.873, 3Gb)
  ... 372311 links, 0 broken links (0%)                                                              (00:00.001 / 01:43.874, 3Gb)
Generate fragment-usage-analysis.csv                                                                 (00:00.000 / 01:43.875, 3Gb)
Build final .zip                                                                                     (00:00.007 / 01:43.882, 3Gb)
Final .zip built                                                                                     (00:02.860 / 01:46.743, 3Gb)
Built. Times: loading: 00:01.911, generate: 01:22.088, narrative generation: 00:02.269, realm-rules: 00:00.001, previous-version: 00:06.047, jekyll: 00:02.866, validation: 00:08.901 (#54), template: 00:02.624 (#3) (00:04.026 / 01:50.769, 1Gb)
Generating QA                                                                                        (00:00.001 / 01:50.770, 1Gb)
Internal error in location for message: 'Error @1, 1: Found / expecting a token name', loc = '/tmp/ans.fhir.fr.sas#1.0.0/output/specifications_techniques-cpts-gestion_rdv.html', err = 'The html source has duplicate anchor Ids: _ftn1,_ftnref1'
Internal error in location for message: 'Error @1, 1: Found / expecting a token name', loc = '/tmp/ans.fhir.fr.sas#1.0.0/output/specifications_techniques-ps-gestion_rdv.html', err = 'The html source has duplicate anchor Ids: _ftn1,_ftnref1'
Validation output in /tmp/ans.fhir.fr.sas#1.0.0/output/qa.html
Errors: 17, Warnings: 40, Info: 105, Broken Links: 0 (00:02.095 / 01:52.866, 3Gb)
Finished. Max Memory Used = 3Gb. Log file saved in /tmp/fhir-ig-publisher-tmp.log                    (00:00.010 / 01:52.876, 3Gb)
Prepare Build space in /tmp/ans.fhir.fr.sas#1.0.0-milestone
Build IG at /home/runner/work/IG-fhir-service-acces-aux-soins/IG-fhir-service-acces-aux-soins/./igSource: final copy suitable for publication (in /tmp/ans.fhir.fr.sas#1.0.0-milestone) (milestone build)
FHIR IG Publisher Version 1.6.20 (Git# 7bbd1ce5defe). Built 2024-08-13T18:33:37.376Z (22 days old)  
Detected Java version: 17.0.10 from /opt/hostedtoolcache/Java_Microsoft_jdk/17.0.10/x64 on Linux/amd64 (64bit). 3996MB available
dir = /home/runner/work/IG-fhir-service-acces-aux-soins/IG-fhir-service-acces-aux-soins, path = /opt/hostedtoolcache/Ruby/3.3.5/x64/bin:/usr/share/dotnet:/opt/hostedtoolcache/node/20.17.0/x64/bin:/opt/hostedtoolcache/Java_Microsoft_jdk/17.0.10/x64/bin:/snap/bin:/home/runner/.local/bin:/opt/pipx_bin:/home/runner/.cargo/bin:/home/runner/.config/composer/vendor/bin:/usr/local/.ghcup/bin:/home/runner/.dotnet/tools:/usr/local/sbin:/usr/local/bin:/usr/sbin:/usr/bin:/sbin:/bin:/usr/games:/usr/local/games:/snap/bin
Parameters: -ig /tmp/ans.fhir.fr.sas#1.0.0-milestone -publish https://interop.esante.gouv.fr/ig/fhir/sas/1.0.0 -milestone -no-exit
Start Clock @ Thursday, September 5, 2024 at 4:03:59 PM Coordinated Universal Time (2024-09-05T16:03:59Z)
                                                                                                    
Build FHIR IG from /tmp/ans.fhir.fr.sas#1.0.0-milestone                                              (00:00.003 / 00:00.003, 3Gb)
Build Formal Publication package, intended for https://interop.esante.gouv.fr/ig/fhir/sas/1.0.0      (00:00.000 / 00:00.004, 3Gb)
API keys loaded from /home/runner/.fhir/fhir-settings.json                                           (00:00.000 / 00:00.004, 3Gb)
Package Cache: /home/runner/.fhir/packages                                                           (00:00.000 / 00:00.005, 3Gb)
Run Sushi on /tmp/ans.fhir.fr.sas#1.0.0-milestone                                                    (00:00.000 / 00:00.006, 3Gb)
Sushi: info  Running SUSHI v3.11.1 (implements FHIR Shorthand specification v3.0.0-ballot)           (00:00.408 / 00:00.415, 3Gb)
Sushi: info  Arguments:                                                                              (00:00.000 / 00:00.416, 3Gb)
Sushi: info    --require-latest                                                                      (00:00.000 / 00:00.416, 3Gb)
Sushi: info    --out /tmp/ans.fhir.fr.sas#1.0.0-milestone                                            (00:00.000 / 00:00.417, 3Gb)
Sushi: info    /tmp/ans.fhir.fr.sas#1.0.0-milestone                                                  (00:00.000 / 00:00.418, 3Gb)
Sushi: info  Using configuration file: /tmp/ans.fhir.fr.sas#1.0.0-milestone/sushi-config.yaml        (00:00.345 / 00:00.764, 3Gb)
Sushi: warn  Configuration property menu/Spécif. techniques has a value with an unexpected type.     (00:00.103 / 00:00.867, 3Gb)
Sushi: warn  Configuration property menu/Spécif. techniques/________ PS indiv. ________ has a value with an unexpected type. (00:00.000 / 00:00.868, 3Gb)
Sushi: warn  Configuration property menu/Spécif. techniques/_________ CPTS _________ has a value with an unexpected type. (00:00.000 / 00:00.869, 3Gb)
Sushi: info  Importing FSH text...                                                                   (00:00.001 / 00:00.870, 3Gb)
Sushi: info  Preprocessed 57 documents with 8 aliases.                                               (00:00.167 / 00:01.037, 3Gb)
Sushi: info  Imported 26 definitions and 30 instances.                                               (00:00.019 / 00:01.057, 3Gb)
Sushi: info  Checking /home/runner/.fhir/packages for hl7.fhir.uv.tools#current...                   (00:00.001 / 00:01.058, 3Gb)
Sushi: info  Found hl7.fhir.uv.tools#current in /home/runner/.fhir/packages.                         (00:00.038 / 00:01.096, 3Gb)
Sushi: info  Loaded package hl7.fhir.uv.tools#current                                                (00:00.617 / 00:01.714, 3Gb)
Sushi: info  Checking /home/runner/.fhir/packages for hl7.terminology.r4#6.0.2...                    (00:00.618 / 00:02.332, 3Gb)
Sushi: info  Found hl7.terminology.r4#6.0.2 in /home/runner/.fhir/packages.                          (00:00.480 / 00:02.813, 3Gb)
Sushi: info  Loaded package hl7.terminology.r4#6.0.2                                                 (00:00.000 / 00:02.814, 3Gb)
Sushi: info  Checking /home/runner/.fhir/packages for hl7.fhir.uv.extensions.r4#5.1.0...             (00:00.157 / 00:02.971, 3Gb)
Sushi: info  Found hl7.fhir.uv.extensions.r4#5.1.0 in /home/runner/.fhir/packages.                   (00:00.484 / 00:03.455, 3Gb)
Sushi: info  Loaded package hl7.fhir.uv.extensions.r4#5.1.0                                          (00:00.001 / 00:03.456, 3Gb)
Sushi: info  Checking /home/runner/.fhir/packages for hl7.fhir.fr.core#1.1.0...                      (00:00.001 / 00:03.457, 3Gb)
Sushi: info  Found hl7.fhir.fr.core#1.1.0 in /home/runner/.fhir/packages.                            (00:00.488 / 00:03.946, 3Gb)
Sushi: info  Loaded package hl7.fhir.fr.core#1.1.0                                                   (00:00.000 / 00:03.946, 3Gb)
Sushi: info  Loading supplemental version of FHIR to support extensions from hl7.fhir.extensions.r5  (00:00.000 / 00:03.947, 3Gb)
Sushi: info  Checking /home/runner/.fhir/packages for hl7.fhir.r5.core#5.0.0...                      (00:00.000 / 00:03.948, 3Gb)
Sushi: info  Found hl7.fhir.r5.core#5.0.0 in /home/runner/.fhir/packages.                            (00:00.481 / 00:04.430, 3Gb)
Sushi: info  Loaded package hl7.fhir.r5.core#5.0.0                                                   (00:00.001 / 00:04.431, 3Gb)
Sushi: info  Checking /home/runner/.fhir/packages for ans.fr.nos#1.3.0...                            (00:00.001 / 00:04.432, 3Gb)
Sushi: info  Found ans.fr.nos#1.3.0 in /home/runner/.fhir/packages.                                  (00:00.658 / 00:05.091, 3Gb)
Sushi: info  Loaded package ans.fr.nos#1.3.0                                                         (00:00.000 / 00:05.092, 3Gb)
Sushi: info  Checking /home/runner/.fhir/packages for hl7.fhir.r4.core#4.0.1...                      (00:00.000 / 00:05.092, 3Gb)
Sushi: info  Found hl7.fhir.r4.core#4.0.1 in /home/runner/.fhir/packages.                            (00:01.294 / 00:06.387, 3Gb)
Sushi: info  Loaded package hl7.fhir.r4.core#4.0.1                                                   (00:00.001 / 00:06.388, 3Gb)
Sushi: info  Converting FSH to FHIR resources...                                                     (00:00.036 / 00:06.424, 3Gb)
Sushi: info  Converted 19 FHIR StructureDefinitions.                                                 (00:01.126 / 00:07.551, 3Gb)
Sushi: info  Converted 7 FHIR ValueSets.                                                             (00:00.084 / 00:07.636, 3Gb)
Sushi: info  Converted 30 FHIR instances.                                                            (00:01.128 / 00:08.765, 3Gb)
Sushi: info  Exporting FHIR resources as JSON...                                                     (00:00.000 / 00:08.766, 3Gb)
Sushi: info  Exported 53 FHIR resources as JSON.                                                     (00:00.097 / 00:08.863, 3Gb)
Sushi: info  Assembling Implementation Guide sources...                                              (00:00.001 / 00:08.865, 3Gb)
Sushi: warn  Files not in the supported file types (.md and .xml) were detected. These files will be included without any processing. (00:00.021 / 00:08.886, 3Gb)
Sushi:   File: /tmp/ans.fhir.fr.sas#1.0.0-milestone/input/pagecontent                                (00:00.000 / 00:08.887, 3Gb)
Sushi: info  Generated ImplementationGuide-ans.fhir.fr.sas.json                                      (00:00.002 / 00:08.890, 3Gb)
Sushi: info  Assembled Implementation Guide sources; ready for IG Publisher.                         (00:00.000 / 00:08.890, 3Gb)
Sushi: ========================= SUSHI RESULTS ===========================                           (00:00.000 / 00:08.891, 3Gb)
Sushi: |  -------------------------------------------------------------  |                           (00:00.000 / 00:08.892, 3Gb)
Sushi: | |    Profiles   |  Extensions  |   Logicals   |   Resources   | |                           (00:00.000 / 00:08.893, 3Gb)
Sushi: | |-------------------------------------------------------------| |                           (00:00.000 / 00:08.893, 3Gb)
Sushi: | |      18       |      1       |      0       |       0       | |                           (00:00.000 / 00:08.894, 3Gb)
Sushi: |  -------------------------------------------------------------  |                           (00:00.000 / 00:08.895, 3Gb)
Sushi: |  -------------------------------------------------------------  |                           (00:00.000 / 00:08.896, 3Gb)
Sushi: | |      ValueSets     |    CodeSystems    |     Instances      | |                           (00:00.000 / 00:08.897, 3Gb)
Sushi: | |-------------------------------------------------------------| |                           (00:00.000 / 00:08.898, 3Gb)
Sushi: | |         7          |         0         |         30         | |                           (00:00.000 / 00:08.898, 3Gb)
Sushi: |  -------------------------------------------------------------  |                           (00:00.000 / 00:08.899, 3Gb)
Sushi: |                                                                 |                           (00:00.001 / 00:08.900, 3Gb)
Sushi: ===================================================================                           (00:00.000 / 00:08.901, 3Gb)
Sushi: | You might need some Vitamin Sea        0 Errors      4 Warnings |                           (00:00.000 / 00:08.902, 3Gb)
Sushi: ===================================================================                           (00:00.000 / 00:08.903, 3Gb)
Unable to load IG as an r5 IG - try R4 (property code is a class com.google.gson.JsonPrimitive looking for an object) (00:00.033 / 00:08.937, 3Gb)
Load Template from https://github.com/ansforge/FIG_ans-ig-template                                   (00:00.021 / 00:08.958, 3Gb)
 Load Template from fhir.base.template#current                                                       (00:00.755 / 00:09.714, 1Gb)

onLoad.findSpreadsheets:

onLoad.updateIg:
     [xslt] Processing /tmp/ans.fhir.fr.sas#1.0.0-milestone/template/onLoad-ig-working.xml to /tmp/ans.fhir.fr.sas#1.0.0-milestone/template/onLoad-ig-updated.xml
     [xslt] Loading stylesheet /tmp/ans.fhir.fr.sas#1.0.0-milestone/template/scripts/onLoad.xslt

onLoad.extend:

onLoad:
Root directory: /tmp/ans.fhir.fr.sas#1.0.0-milestone                                                 (00:02.105 / 00:11.819, 1Gb)
Terminology Cache is at /tmp/ans.fhir.fr.sas#1.0.0-milestone/input-cache/txcache. 10 files in cache  (00:00.545 / 00:12.364, 1Gb)
Core Package hl7.fhir.r4.core#4.0.1
Unable to generate snapshot @2 for Definition from noname because Profile Definition (http://hl7.org/fhir/StructureDefinition/Definition) has no base and no snapshot
Unable to generate snapshot @2 for Event from noname because Profile Event (http://hl7.org/fhir/StructureDefinition/Event) has no base and no snapshot
Unable to generate snapshot @2 for FiveWs from noname because Profile FiveWs (http://hl7.org/fhir/StructureDefinition/FiveWs) has no base and no snapshot
Unable to generate snapshot @2 for Request from noname because Profile Request (http://hl7.org/fhir/StructureDefinition/Request) has no base and no snapshot
Running Terminology Log: /tmp/ohfu-fhir-ig-585077047786662869.log
Connect to Terminology Server at http://tx.fhir.org                                                  (00:01.860 / 00:14.225, 2Gb)
Load Package hl7.fhir.pubpack#0.1.8
Load Package hl7.fhir.xver-extensions#0.1.0
Load Package hl7.terminology.r4#6.0.2
Load Package hl7.fhir.uv.extensions.r4#5.1.0
Load Package hl7.fhir.fr.core#1.1.0
Load Package ans.fr.nos#1.3.0
Version mismatch. This IG is version 4.0.1, while the IG 'hl7.fhir.uv.tools' is from version 5.0.0 (will try to run anyway) (00:03.016 / 00:17.241, 1Gb)
Load Package hl7.fhir.uv.tools#0.2.0
Load R5 Specials
Unable to generate snapshot @2 for Definition from noname because Profile Definition (http://hl7.org/fhir/StructureDefinition/Definition) has no base and no snapshot
Unable to generate snapshot @2 for Event from noname because Profile Event (http://hl7.org/fhir/StructureDefinition/Event) has no base and no snapshot
Unable to generate snapshot @2 for FiveWs from noname because Profile FiveWs (http://hl7.org/fhir/StructureDefinition/FiveWs) has no base and no snapshot
Unable to generate snapshot @2 for Request from noname because Profile Request (http://hl7.org/fhir/StructureDefinition/Request) has no base and no snapshot
Initialization complete                                                                              (00:00.505 / 00:17.747, 1Gb)
Load Content                                                                                         (00:00.000 / 00:17.748, 1Gb)
Using fr_FR as the default narrative language. (inferred from ImplementationGuide.jurisdiction=FR)   (00:00.011 / 00:17.759, 1Gb)
loadPrePages from FetchedFile[/tmp/ans.fhir.fr.sas#1.0.0-milestone/fsh-generated/includes] as /tmp/ans.fhir.fr.sas#1.0.0-milestone/fsh-generated/includes
loadPrePages from FetchedFile[/tmp/ans.fhir.fr.sas#1.0.0-milestone/input/data] as /tmp/ans.fhir.fr.sas#1.0.0-milestone/input/data
loadPrePages from FetchedFile[/tmp/ans.fhir.fr.sas#1.0.0-milestone/input/pagecontent] as /tmp/ans.fhir.fr.sas#1.0.0-milestone/input/pagecontent
Fetch https://interop.esante.gouv.fr/ig/fhir/sas/package-list.json for version check                 (00:00.405 / 00:18.164, 1Gb)
Processing Conformance Resources                                                                     (00:00.480 / 00:18.645, 1Gb)
Load Dependency Info                                                                                 (00:00.002 / 00:18.648, 1Gb)
Load Info                                                                                            (00:00.001 / 00:18.650, 1Gb)
Load Resources                                                                                       (00:00.000 / 00:18.651, 1Gb)
Load Paths                                                                                           (00:00.127 / 00:18.779, 1Gb)
Generating Snapshots                                                                                 (00:00.001 / 00:18.781, 1Gb)
Check R4 / R4B                                                                                       (00:01.455 / 00:20.236, 2Gb)
Assign Comparison Ids                                                                                (00:00.006 / 00:20.242, 2Gb)
Propagating status                                                                                   (00:00.001 / 00:20.243, 2Gb)
Generating Narratives                                                                                (00:00.000 / 00:20.244, 2Gb)
Validating Conformance Resources                                                                     (00:01.291 / 00:21.536, 2Gb)
Unable to generate snapshot @2 for Definition from noname because Profile Definition (http://hl7.org/fhir/StructureDefinition/Definition) has no base and no snapshot
Unable to generate snapshot @2 for Event from noname because Profile Event (http://hl7.org/fhir/StructureDefinition/Event) has no base and no snapshot
Unable to generate snapshot @2 for FiveWs from noname because Profile FiveWs (http://hl7.org/fhir/StructureDefinition/FiveWs) has no base and no snapshot
Unable to generate snapshot @2 for Request from noname because Profile Request (http://hl7.org/fhir/StructureDefinition/Request) has no base and no snapshot
Check profiles & code systems                                                                        (00:07.994 / 00:29.530, 2Gb)
Check realm rules                                                                                    (00:00.003 / 00:29.533, 2Gb)
Previous Version Comparison                                                                          (00:00.001 / 00:29.534, 2Gb)
Unable to generate snapshot @1 for Definition from noname because Profile Definition (http://hl7.org/fhir/StructureDefinition/Definition) has no base and no snapshot
Unable to generate snapshot @1 for Event from noname because Profile Event (http://hl7.org/fhir/StructureDefinition/Event) has no base and no snapshot
Unable to generate snapshot @1 for FiveWs from noname because Profile FiveWs (http://hl7.org/fhir/StructureDefinition/FiveWs) has no base and no snapshot
Unable to generate snapshot @1 for Request from noname because Profile Request (http://hl7.org/fhir/StructureDefinition/Request) has no base and no snapshot
Validating Resources                                                                                 (00:04.589 / 00:34.123, 2Gb)
Processing Provenance Records                                                                        (00:00.284 / 00:34.408, 2Gb)
Generating Outputs in /tmp/ans.fhir.fr.sas#1.0.0-milestone/output                                    (00:00.001 / 00:34.409, 2Gb)
Generate Native Outputs                                                                              (00:00.065 / 00:34.474, 2Gb)
Run Template                                                                                         (00:08.715 / 00:43.189, 2Gb)

onGenerate.checkVersions:
     [xslt] Processing /tmp/ans.fhir.fr.sas#1.0.0-milestone/template/onGenerate-ig-working.xml to /tmp/ans.fhir.fr.sas#1.0.0-milestone/template/versions.txt
     [xslt] Loading stylesheet /tmp/ans.fhir.fr.sas#1.0.0-milestone/template/scripts/onGenerate.getVersions.xslt

onGenerate.r5-schemas:
      [get] Getting: http://build.fhir.org/fhir-single.xsd
      [get] To: /tmp/ans.fhir.fr.sas#1.0.0-milestone/input-cache/schemas/R5/fhir-single.xsd
      [get] Not modified - so not downloaded
      [get] Getting: http://build.fhir.org/fhir-xhtml.xsd
      [get] To: /tmp/ans.fhir.fr.sas#1.0.0-milestone/input-cache/schemas/R5/fhir-xhtml.xsd
      [get] Not modified - so not downloaded
      [get] Getting: http://build.fhir.org/xml.xsd
      [get] To: /tmp/ans.fhir.fr.sas#1.0.0-milestone/input-cache/schemas/R5/xml.xsd
      [get] Not modified - so not downloaded
      [get] Getting: http://build.fhir.org/xmldsig-core-schema.xsd
      [get] To: /tmp/ans.fhir.fr.sas#1.0.0-milestone/input-cache/schemas/R5/xmldsig-core-schema.xsd
      [get] Not modified - so not downloaded

onGenerate.r4-schemas:
      [get] Getting: http://hl7.org/fhir/R4/fhir-single.xsd
      [get] To: /tmp/ans.fhir.fr.sas#1.0.0-milestone/input-cache/schemas/R4/fhir-single.xsd
      [get] Not modified - so not downloaded
      [get] Getting: http://hl7.org/fhir/R4/fhir-xhtml.xsd
      [get] To: /tmp/ans.fhir.fr.sas#1.0.0-milestone/input-cache/schemas/R4/fhir-xhtml.xsd
      [get] Not modified - so not downloaded
      [get] Getting: http://hl7.org/fhir/R4/xml.xsd
      [get] To: /tmp/ans.fhir.fr.sas#1.0.0-milestone/input-cache/schemas/R4/xml.xsd
      [get] Not modified - so not downloaded
      [get] Getting: http://hl7.org/fhir/R4/xmldsig-core-schema.xsd
      [get] To: /tmp/ans.fhir.fr.sas#1.0.0-milestone/input-cache/schemas/R4/xmldsig-core-schema.xsd
      [get] Not modified - so not downloaded

onGenerate.r3-schemas:

onGenerate.r2b-schemas:

onGenerate.r2-schemas:

onGenerate.schemas:

onGenerate.data:
     [xslt] Processing /tmp/ans.fhir.fr.sas#1.0.0-milestone/template/onGenerate-ig-working.xml to /tmp/ans.fhir.fr.sas#1.0.0-milestone/temp/pages/_data/artifacts.json
     [xslt] Loading stylesheet /tmp/ans.fhir.fr.sas#1.0.0-milestone/template/scripts/onGenerate.data.xslt

onGenerate.setup:

onGenerate.infoFile:
     [xslt] Processing /tmp/ans.fhir.fr.sas#1.0.0-milestone/template/onGenerate-ig-working.xml to /tmp/ans.fhir.fr.sas#1.0.0-milestone/temp/pages/_data/info.json
     [xslt] Loading stylesheet /tmp/ans.fhir.fr.sas#1.0.0-milestone/template/scripts/onGenerate.genJson.xslt

onGenerate.processIncludes:
     [copy] Copying 16 files to /tmp/ans.fhir.fr.sas#1.0.0-milestone/temp/pages/_includes

onGenerate.processIg:
     [xslt] Processing /tmp/ans.fhir.fr.sas#1.0.0-milestone/template/onGenerate-ig-working.xml to /tmp/ans.fhir.fr.sas#1.0.0-milestone/template/onGenerate-ig-working.1.xml
     [xslt] Loading stylesheet /tmp/ans.fhir.fr.sas#1.0.0-milestone/template/scripts/onGenerate.group.xslt
     [xslt] Processing /tmp/ans.fhir.fr.sas#1.0.0-milestone/template/onGenerate-ig-working.1.xml to /tmp/ans.fhir.fr.sas#1.0.0-milestone/template/onGenerate-ig-working.2.xml
     [xslt] Loading stylesheet /tmp/ans.fhir.fr.sas#1.0.0-milestone/template/scripts/onGenerate.groupSort.xslt
     [xslt] Processing /tmp/ans.fhir.fr.sas#1.0.0-milestone/template/onGenerate-ig-working.2.xml to /tmp/ans.fhir.fr.sas#1.0.0-milestone/template/onGenerate-ig-updated.xml
     [xslt] Loading stylesheet /tmp/ans.fhir.fr.sas#1.0.0-milestone/template/scripts/onGenerate.final.xslt

onGenerate.igQa:
     [xslt] Processing /tmp/ans.fhir.fr.sas#1.0.0-milestone/template/onGenerate-ig-updated.xml to /tmp/ans.fhir.fr.sas#1.0.0-milestone/template/ongenerate-validation-igqa.json
     [xslt] Loading stylesheet /tmp/ans.fhir.fr.sas#1.0.0-milestone/template/scripts/onGenerate.qa.xslt

onGenerate.artifactList:
     [xslt] Processing /tmp/ans.fhir.fr.sas#1.0.0-milestone/template/onGenerate-ig-updated.xml to /tmp/ans.fhir.fr.sas#1.0.0-milestone/temp/pages/_includes/artifacts.xml
     [xslt] Loading stylesheet /tmp/ans.fhir.fr.sas#1.0.0-milestone/template/scripts/createArtifactSummary.xslt

check-plantumlfiles:

onGenerate.plantUml.ig:

onGenerate.plantUml.template:

onGenerate.plantUml:

onGenerate.copyDataFiles:

onGenerate.extend:

onGenerate:
Template Done                                                                                        (00:02.333 / 00:45.523, 2Gb)
Generate HTML Outputs                                                                                (00:00.001 / 00:45.525, 2Gb)
XSLT Error: Error reported by XML parser
Exception generating xslt page /tmp/ans.fhir.fr.sas#1.0.0-milestone/temp/pages/_includes/specifications_techniques.txt for _includes/specifications_techniques.txt in /tmp/ans.fhir.fr.sas#1.0.0-milestone/temp/pages: org.xml.sax.SAXParseException; lineNumber: 1; columnNumber: 1; Content is not allowed in prolog. (00:11.299 / 00:56.824, 2Gb)
Generate Summaries                                                                                   (00:00.924 / 00:57.749, 2Gb)
Generating Summary Outputs                                                                           (00:00.000 / 00:57.750, 2Gb)
DB Cumulative Time invested: 00:00:00.167
Sending Usage Stats to Server                                                                        (00:03.363 / 01:01.113, 2Gb)
## Memory (MB): Use = 3045, Free = 950, Total = 3996, Max = 3996                                     (00:00.001 / 01:01.115, 2Gb)
Reclaiming memory...                                                                                 (00:00.000 / 01:01.116, 2Gb)
## Memory (MB): Use = 2416, Free = 1579, Total = 3996, Max = 3996                                    (00:01.215 / 01:02.331, 2Gb)
Run jekyll: jekyll build --destination "/tmp/ans.fhir.fr.sas#1.0.0-milestone/output" (in folder /tmp/ans.fhir.fr.sas#1.0.0-milestone/temp/pages) (00:00.001 / 01:02.332, 2Gb)
Troubleshooting Note: usual cases for Jekyll to fail are:                                            (00:00.001 / 01:02.334, 2Gb)
* A failure to produce a fragment that is already logged in the output above                         (00:00.001 / 01:02.335, 2Gb)
* A reference to a manually edited file that hasn't been provided                                    (00:00.001 / 01:02.336, 2Gb)
Jekyll: Source: /tmp/ans.fhir.fr.sas#1.0.0-milestone/temp/pages                                      (00:00.399 / 01:02.735, 2Gb)
Jekyll: Generating...                                                                                (00:00.000 / 01:02.736, 2Gb)
Jekyll: done in 2.331 seconds.                                                                       (00:02.330 / 01:05.067, 2Gb)

Installing ans.fhir.fr.sas#1.0.0Checking Output HTML                                                                                 (00:02.211 / 01:07.278, 2Gb)
found 1238 files                                                                                     (00:00.005 / 01:07.283, 2Gb)
.........................................
.........................................
  ... 1238 html files, 0 pages invalid xhtml (0%)                                                    (00:13.536 / 01:20.820, 3Gb)
  ... 372311 links, 0 broken links (0%)                                                              (00:00.000 / 01:20.821, 3Gb)
Generate fragment-usage-analysis.csv                                                                 (00:00.000 / 01:20.822, 3Gb)
Build final .zip                                                                                     (00:00.005 / 01:20.827, 3Gb)
Final .zip built                                                                                     (00:02.803 / 01:23.630, 3Gb)
Built. Times: loading: 00:00.896, generate: 01:08.191, narrative generation: 00:01.290, realm-rules: 00:00.001, previous-version: 00:04.570, jekyll: 00:02.755, validation: 00:08.256 (#54), template: 00:02.333 (#3) (00:03.206 / 01:26.837, 3Gb)
Generating QA                                                                                        (00:00.001 / 01:26.838, 3Gb)
Internal error in location for message: 'Error @1, 1: Found / expecting a token name', loc = '/tmp/ans.fhir.fr.sas#1.0.0-milestone/output/specifications_techniques-cpts-gestion_rdv.html', err = 'The html source has duplicate anchor Ids: _ftn1,_ftnref1'
Internal error in location for message: 'Error @1, 1: Found / expecting a token name', loc = '/tmp/ans.fhir.fr.sas#1.0.0-milestone/output/specifications_techniques-ps-gestion_rdv.html', err = 'The html source has duplicate anchor Ids: _ftn1,_ftnref1'
Validation output in /tmp/ans.fhir.fr.sas#1.0.0-milestone/output/qa.html
Errors: 17, Warnings: 40, Info: 105, Broken Links: 0 (00:01.943 / 01:28.782, 3Gb)
Finished. Max Memory Used = 3Gb. Log file saved in /tmp/fhir-ig-publisher-tmp.log                    (00:00.007 / 01:28.789, 3Gb)
Keep a copy of the build directory at /tmp/web-root/run-20240905/ig-build-zips/ans.fhir.fr.sas#1.0.0.zip

ok. All checks passed. Publish v1.0.0 to /tmp/web-root/run-20240905/sas/1.0.0
Copy the IG to /tmp/web-root/run-20240905/sas/1.0.0
Update /tmp/web-root/run-20240905/sas/package-list.json
Publish Box Statement: This page is part of the Service d'Accès aux Soins (v1.0.0: trial-use) based on <a no-external="true" href="http://hl7.org/fhir/R4">FHIR (HL7® FHIR® Standard) R4</a>. This is the current published version in its permanent home (it will always be available at this URL).  For a full list of available versions, see the <a no-external="true" href="https://interop.esante.gouv.fr/ig/fhir/sas/history.html">Directory of published versions</a>
no html insert in /tmp/web-root/run-20240905/sas/1.0.0/qa-txservers.html
  .. 362 files checked, 362 updated
  .. 171 clones checked, 342 updated
  .. 54 redirections (54 created/updated)
This is a milestone release - publish v1.0.0 to /tmp/web-root/run-20240905/sas
Publish Box Statement: This page is part of the Service d'Accès aux Soins (v1.0.0: trial-use) based on <a no-external="true" href="http://hl7.org/fhir/R4">FHIR (HL7® FHIR® Standard) R4</a>. This is the current published version.  For a full list of available versions, see the <a no-external="true" href="https://interop.esante.gouv.fr/ig/fhir/sas/history.html">Directory of published versions</a>
no html insert in /tmp/ans.fhir.fr.sas#1.0.0-milestone/output/qa-txservers.html
  .. 362 files checked, 362 updated
  .. 171 clones checked, 342 updated
Sending usage stats failed: Connection timed out
  .. 54 redirections (54 created/updated)
Check for Files to delete
  ... 0 files
Copy to new IG to /tmp/web-root/run-20240905/sas
Update history page at /tmp/web-root/run-20240905/sas from /home/runner/work/IG-fhir-service-acces-aux-soins/IG-fhir-service-acces-aux-soins/./IG-website-release/fhir-ig-history-template and ./IG-website-release/templates
Build is complete. Copy from /tmp/web-root/run-20240905
ans.fhir.fr.sas (https://interop.esante.gouv.fr/ig/fhir/sas): Service d'Accès aux Soins @ https://ansforge.github.io/IG-fhir/service-acces-aux-soins/main/ig
  release: trial-use 1.0.0/4.0.1 @ https://interop.esante.gouv.fr/ig/fhir/sas/1.0.0
