FHIR IG Publisher Version 2.1.0 (Git# c044f39673af). Built 2026-02-03T21:34:10.972Z (5 days old)
Detected Java version: 17.0.10 from /opt/hostedtoolcache/Java_Microsoft_jdk/17.0.10/x64 on amd64 (64bit). 3998MB available
dir = /home/runner/work/interop-ig-fhir-notification-evenements/interop-ig-fhir-notification-evenements, path = /opt/hostedtoolcache/Ruby/3.3.10/x64/bin:/opt/hostedtoolcache/node/20.20.0/x64/bin:/opt/hostedtoolcache/Java_Microsoft_jdk/17.0.10/x64/bin:/snap/bin:/home/runner/.local/bin:/opt/pipx_bin:/home/runner/.cargo/bin:/home/runner/.config/composer/vendor/bin:/usr/local/.ghcup/bin:/home/runner/.dotnet/tools:/usr/local/sbin:/usr/local/bin:/usr/sbin:/usr/bin:/sbin:/bin:/usr/games:/usr/local/games:/snap/bin
Parameters: -go-publish -authorise-non-conformant-tx-servers -source ./igSource -web ./IG-website-release/www/ig/fhir -registry ./IG-website-release/ig-registry/fhir-ig-list.json -history ./IG-website-release/fhir-ig-history-template -templates ./IG-website-release/templates
---------------
Publication Run: publish ./igSource to ./IG-website-release/www/ig/fhir
Relative directory for IG is '/nde'
===== Web Publication Run Details ===============================
 Source IG: ans.fhir.fr.nde#3.0.0-ballot : https://interop.esante.gouv.fr/ig/fhir/nde (R4) from ./igSource
All checks passed. Do the publication build from /home/runner/work/interop-ig-fhir-notification-evenements/interop-ig-fhir-notification-evenements/./igSource and publish to /tmp/web-root/run-20260209/nde
Prepare Build space in /tmp/ig-builds/ans.fhir.fr.nde#3.0.0-ballot
Build IG at /home/runner/work/interop-ig-fhir-notification-evenements/interop-ig-fhir-notification-evenements/./igSource: final copy suitable for publication (in /tmp/ig-builds/ans.fhir.fr.nde#3.0.0-ballot)
FHIR IG Publisher Version 2.1.0 (Git# c044f39673af). Built 2026-02-03T21:34:10.972Z (5 days old)    
Detected Java version: 17.0.10 from /opt/hostedtoolcache/Java_Microsoft_jdk/17.0.10/x64 on Linux/amd64 (64bit). 3998MB available
dir = /home/runner/work/interop-ig-fhir-notification-evenements/interop-ig-fhir-notification-evenements, path = /opt/hostedtoolcache/Ruby/3.3.10/x64/bin:/opt/hostedtoolcache/node/20.20.0/x64/bin:/opt/hostedtoolcache/Java_Microsoft_jdk/17.0.10/x64/bin:/snap/bin:/home/runner/.local/bin:/opt/pipx_bin:/home/runner/.cargo/bin:/home/runner/.config/composer/vendor/bin:/usr/local/.ghcup/bin:/home/runner/.dotnet/tools:/usr/local/sbin:/usr/local/bin:/usr/sbin:/usr/bin:/sbin:/bin:/usr/games:/usr/local/games:/snap/bin
Parameters: -publish https://interop.esante.gouv.fr/ig/fhir/nde/3.0.0-ballot -no-exit -ig /tmp/ig-builds/ans.fhir.fr.nde#3.0.0-ballot -resetTx
Character encoding = UTF-8 / UTF-8                                                                  
Start Clock @ Monday, February 9, 2026 at 3:21:20 PM Coordinated Universal Time (2026-02-09T15:21:20Z)
                                                                                                    
Build FHIR IG from /tmp/ig-builds/ans.fhir.fr.nde#3.0.0-ballot                                       (00:00.022 / 00:00.023, 44Mb)
Build Formal Publication package, intended for https://interop.esante.gouv.fr/ig/fhir/nde/3.0.0-ballot (00:00.002 / 00:00.025, 44Mb)
API keys loaded from /home/runner/.fhir/fhir-settings.json                                           (00:00.000 / 00:00.026, 44Mb)
Package Cache: /home/runner/.fhir/packages                                                           (00:00.003 / 00:00.029, 44Mb)
Run Sushi on /tmp/ig-builds/ans.fhir.fr.nde#3.0.0-ballot                                             (00:00.002 / 00:00.031, 44Mb)
Sushi: info  Running SUSHI v3.17.0 (implements FHIR Shorthand specification v3.0.0)                  (00:00.680 / 00:00.712, 46Mb)
Sushi: info  Arguments:                                                                              (00:00.000 / 00:00.713, 46Mb)
Sushi: info    --require-latest                                                                      (00:00.000 / 00:00.714, 46Mb)
Sushi: info    --out /tmp/ig-builds/ans.fhir.fr.nde#3.0.0-ballot                                     (00:00.001 / 00:00.715, 46Mb)
Sushi: info    /tmp/ig-builds/ans.fhir.fr.nde#3.0.0-ballot                                           (00:00.000 / 00:00.716, 46Mb)
Sushi: info  Using configuration file: /tmp/ig-builds/ans.fhir.fr.nde#3.0.0-ballot/sushi-config.yaml (00:00.632 / 00:01.349, 46Mb)
Sushi: info  Importing FSH text...                                                                   (00:00.104 / 00:01.453, 46Mb)
Sushi: info  Preprocessed 21 documents with 104 aliases.                                             (00:00.153 / 00:01.607, 46Mb)
Sushi: info  Imported 12 definitions and 11 instances.                                               (00:00.014 / 00:01.621, 46Mb)
Sushi: info  Loaded virtual package sushi-r5forR4#1.0.0 with 7 resources                             (00:00.099 / 00:01.721, 46Mb)
Sushi: info  Resolved hl7.fhir.uv.tools.r4#latest to concrete version 1.0.0                          (00:00.502 / 00:02.224, 46Mb)
Sushi: info  Loaded hl7.fhir.uv.tools.r4#1.0.0 with 118 resources                                    (00:00.085 / 00:02.309, 46Mb)
Sushi: info  Resolved hl7.terminology.r4#latest to concrete version 7.0.1                            (00:00.115 / 00:02.425, 46Mb)
Sushi: info  Loaded hl7.terminology.r4#7.0.1 with 4096 resources                                     (00:01.750 / 00:04.176, 46Mb)
Sushi: info  Loaded hl7.fhir.fr.core#2.1.0 with 120 resources                                        (00:00.082 / 00:04.258, 46Mb)
Sushi: info  Resolved ans.fr.terminologies#latest to concrete version 1.4.0                          (00:00.109 / 00:04.367, 46Mb)
Sushi: info  Loaded ans.fr.terminologies#1.4.0 with 1050 resources                                   (00:00.537 / 00:04.905, 46Mb)
Sushi: info  Loaded hl7.fhir.r4.core#4.0.1 with 4581 resources                                       (00:01.180 / 00:06.085, 46Mb)
Sushi: info  Resolved hl7.fhir.uv.extensions.r4#latest to concrete version 5.2.0                     (00:00.109 / 00:06.195, 46Mb)
Sushi: info  Loaded hl7.fhir.uv.extensions.r4#5.2.0 with 759 resources                               (00:00.442 / 00:06.638, 46Mb)
Sushi: info  Loaded virtual package sushi-local#LOCAL with 0 resources                               (00:00.008 / 00:06.646, 46Mb)
Sushi: info  Converting FSH to FHIR resources...                                                     (00:00.021 / 00:06.667, 46Mb)
Sushi: info  Converted 12 FHIR StructureDefinitions.                                                 (00:00.738 / 00:07.406, 46Mb)
Sushi: info  Converted 11 FHIR instances.                                                            (00:00.845 / 00:08.251, 46Mb)
Sushi: info  Exporting FHIR resources as JSON...                                                     (00:00.001 / 00:08.252, 46Mb)
Sushi: info  Exported 20 FHIR resources as JSON.                                                     (00:00.016 / 00:08.269, 46Mb)
Sushi: info  Assembling Implementation Guide sources...                                              (00:00.001 / 00:08.270, 46Mb)
Sushi: info  Generated ImplementationGuide-ans.fhir.fr.nde.json                                      (00:00.031 / 00:08.301, 46Mb)
Sushi: info  Assembled Implementation Guide sources; ready for IG Publisher.                         (00:00.000 / 00:08.302, 46Mb)
Sushi: ========================= SUSHI RESULTS ===========================                           (00:00.000 / 00:08.303, 46Mb)
Sushi: |  -------------------------------------------------------------  |                           (00:00.000 / 00:08.304, 46Mb)
Sushi: | |    Profiles   |  Extensions  |   Logicals   |   Resources   | |                           (00:00.000 / 00:08.305, 46Mb)
Sushi: | |-------------------------------------------------------------| |                           (00:00.000 / 00:08.305, 46Mb)
Sushi: | |       3       |      9       |      0       |       0       | |                           (00:00.000 / 00:08.306, 46Mb)
Sushi: |  -------------------------------------------------------------  |                           (00:00.000 / 00:08.307, 46Mb)
Sushi: |  -------------------------------------------------------------  |                           (00:00.000 / 00:08.308, 46Mb)
Sushi: | |      ValueSets     |    CodeSystems    |     Instances      | |                           (00:00.000 / 00:08.308, 46Mb)
Sushi: | |-------------------------------------------------------------| |                           (00:00.000 / 00:08.309, 46Mb)
Sushi: | |         0          |         0         |         11         | |                           (00:00.000 / 00:08.310, 46Mb)
Sushi: |  -------------------------------------------------------------  |                           (00:00.000 / 00:08.310, 46Mb)
Sushi: |                                                                 |                           (00:00.000 / 00:08.311, 46Mb)
Sushi: ===================================================================                           (00:00.000 / 00:08.311, 46Mb)
Sushi: | Everything is ship-shape!              0 Errors      0 Warnings |                           (00:00.000 / 00:08.312, 46Mb)
Sushi: ===================================================================                           (00:00.000 / 00:08.312, 46Mb)
Root directory: /tmp/ig-builds/ans.fhir.fr.nde#3.0.0-ballot                                          (00:00.012 / 00:08.325, 46Mb)
Unable to load IG as an r5 IG - try R4 (property code is a class com.google.gson.JsonPrimitive looking for an object) (00:00.416 / 00:08.741, 57Mb)
Load Template from https://github.com/ansforge/IG-template                                           (00:00.442 / 00:09.184, 62Mb)
 Load Template from fhir.base.template#current                                                       (00:00.678 / 00:09.862, 52Mb)
Scanning directory: /tmp/ig-builds/ans.fhir.fr.nde#3.0.0-ballot/template
======================================================================
Terminology Cache is at /tmp/ig-builds/ans.fhir.fr.nde#3.0.0-ballot/input-cache/txcache. Clearing now (00:03.146 / 00:13.009, 114Mb)
Core Package hl7.fhir.r4.core#4.0.1                                                                  (00:00.001 / 00:13.010, 114Mb)
Running Terminology Log: /tmp/ohfu-fhir-ig-4125927936856339101.html
Connect to Terminology Server at http://tx.fhir.org                                                  (00:03.281 / 00:16.292, 486Mb)
[39mLoad Package hl7.fhir.pubpack#0.2.4
[0;39m[39mLoad Package hl7.fhir.xver-extensions#0.1.0
[0;39m[39mLoad Package hl7.terminology.r4#7.0.1
[0;39m[39mLoad Package hl7.fhir.uv.extensions.r4#5.2.0
[0;39m[39mLoad Package hl7.terminology.r4#6.0.2
[0;39m[39mLoad Package hl7.fhir.uv.extensions.r4#5.1.0
[0;39m[39mLoad Package ans.fr.nos#1.3.0
[0;39m[39mLoad Package hl7.fhir.fr.core#2.1.0
[0;39m[39mLoad Package hl7.terminology.r4#6.5.0
[0;39m[39mLoad Package hl7.terminology.r4#5.0.0
[0;39m[39mLoad Package fhir.dicom#2022.4.20221006
[0;39m[39mLoad Package hl7.fhir.uv.ips#1.1.0
[0;39m[39mLoad Package ans.fr.terminologies#1.4.0
[0;39m[39mLoad Package hl7.fhir.uv.tools.r4#0.9.0
[0;39mLoad R5 Specials
Cannot find or generate snapshot for base definition http://hl7.org/fhir/StructureDefinition/CanonicalResource from http://hl7.org/fhir/StructureDefinition/TestCases
Initialization complete                                                                              (00:24.558 / 00:40.850, 531Mb)
Load IG                                                                                              (00:00.000 / 00:40.851, 531Mb)
Load Content                                                                                         (00:00.003 / 00:40.854, 532Mb)
Using fr_FR as the default narrative language. (inferred from ImplementationGuide.jurisdiction=FR)   (00:00.075 / 00:40.930, 539Mb)
Process Loaded Resources                                                                             (00:00.630 / 00:41.560, 563Mb)
Generating Snapshots                                                                                 (00:00.147 / 00:41.708, 586Mb)

Signing Certificate: RSA key for Subject: OU=IG Publisher, L=Ann Arbor, CN=hl7.org, O=HL7, ST=Missouri, C=us from: OU=IG Publisher, L=Ann Arbor, CN=hl7.org, O=HL7, ST=Missouri, C=us
Fetch https://interop.esante.gouv.fr/ig/fhir/nde/package-list.json for version check                 (00:00.581 / 00:42.289, 666Mb)
Checking Language                                                                                    (00:00.816 / 00:43.106, 669Mb)
Load Dependency Info                                                                                 (00:00.001 / 00:43.108, 669Mb)
Load Info                                                                                            (00:00.001 / 00:43.109, 669Mb)
Load Paths                                                                                           (00:00.000 / 00:43.110, 670Mb)
Check R4 / R4B                                                                                       (00:00.000 / 00:43.111, 670Mb)
Assign Comparison Ids                                                                                (00:00.022 / 00:43.133, 674Mb)
Propagating status                                                                                   (00:00.000 / 00:43.134, 674Mb)
Generating Narratives                                                                                (00:00.000 / 00:43.135, 674Mb)
Validating Conformance Resources                                                                     (00:01.573 / 00:44.708, 975Mb)
Check profiles & code systems                                                                        (00:32.196 / 01:16.905, 788Mb)
Check realm rules                                                                                    (00:00.001 / 01:16.907, 788Mb)
Previous Version Comparison                                                                          (00:00.001 / 01:16.908, 788Mb)
Checking for Bundles to sign                                                                         (00:00.011 / 01:16.919, 789Mb)
Validating Resources                                                                                 (00:00.000 / 01:16.920, 789Mb)
Processing Provenance Records                                                                        (00:01.226 / 01:18.146, 966Mb)
Generating Outputs in /tmp/ig-builds/ans.fhir.fr.nde#3.0.0-ballot/output                             (00:00.000 / 01:18.147, 966Mb)
Generate Native Outputs                                                                              (00:00.191 / 01:18.338, 983Mb)
Run Template                                                                                         (00:00.946 / 01:19.285, 1Gb)
Generate HTML Outputs                                                                                (00:01.934 / 01:21.219, 758Mb)
Generate Spreadsheets                                                                                (00:03.673 / 01:24.893, 1Gb)
Generate Summaries                                                                                   (00:01.735 / 01:26.628, 930Mb)
Generating Summary Outputs                                                                           (00:00.000 / 01:26.629, 930Mb)
Unable to find 3-character code having same country code as ISO 2-char code AA - User-assigned       (00:08.096 / 01:34.725, 1015Mb)
Unable to find 3-character code having same country code as ISO 2-char code QM - User-assigned       (00:00.000 / 01:34.726, 1015Mb)
Unable to find 3-character code having same country code as ISO 2-char code QN - User-assigned       (00:00.000 / 01:34.726, 1015Mb)
Unable to find 3-character code having same country code as ISO 2-char code QO - User-assigned       (00:00.000 / 01:34.727, 1015Mb)
Unable to find 3-character code having same country code as ISO 2-char code QP - User-assigned       (00:00.000 / 01:34.728, 1015Mb)
Unable to find 3-character code having same country code as ISO 2-char code QQ - User-assigned       (00:00.000 / 01:34.728, 1015Mb)
Unable to find 3-character code having same country code as ISO 2-char code QR - User-assigned       (00:00.000 / 01:34.729, 1015Mb)
Unable to find 3-character code having same country code as ISO 2-char code QS - User-assigned       (00:00.000 / 01:34.730, 1015Mb)
Unable to find 3-character code having same country code as ISO 2-char code QT - User-assigned       (00:00.000 / 01:34.730, 1015Mb)
Unable to find 3-character code having same country code as ISO 2-char code QU - User-assigned       (00:00.000 / 01:34.730, 1015Mb)
Unable to find 3-character code having same country code as ISO 2-char code QV - User-assigned       (00:00.000 / 01:34.731, 1015Mb)
Unable to find 3-character code having same country code as ISO 2-char code QW - User-assigned       (00:00.000 / 01:34.731, 1015Mb)
Unable to find 3-character code having same country code as ISO 2-char code QX - User-assigned       (00:00.000 / 01:34.732, 1015Mb)
Unable to find 3-character code having same country code as ISO 2-char code QY - User-assigned       (00:00.000 / 01:34.732, 1015Mb)
Unable to find 3-character code having same country code as ISO 2-char code QZ - User-assigned       (00:00.000 / 01:34.733, 1015Mb)
Unable to find 3-character code having same country code as ISO 2-char code XA - User-assigned       (00:00.000 / 01:34.733, 1015Mb)
Unable to find 3-character code having same country code as ISO 2-char code XB - User-assigned       (00:00.000 / 01:34.733, 1015Mb)
Unable to find 3-character code having same country code as ISO 2-char code XC - User-assigned       (00:00.000 / 01:34.734, 1015Mb)
Unable to find 3-character code having same country code as ISO 2-char code XD - User-assigned       (00:00.000 / 01:34.734, 1015Mb)
Unable to find 3-character code having same country code as ISO 2-char code XE - User-assigned       (00:00.000 / 01:34.735, 1015Mb)
Unable to find 3-character code having same country code as ISO 2-char code XF - User-assigned       (00:00.000 / 01:34.735, 1015Mb)
Unable to find 3-character code having same country code as ISO 2-char code XG - User-assigned       (00:00.000 / 01:34.736, 1015Mb)
Unable to find 3-character code having same country code as ISO 2-char code XH - User-assigned       (00:00.000 / 01:34.736, 1015Mb)
Unable to find 3-character code having same country code as ISO 2-char code XI - User-assigned       (00:00.000 / 01:34.736, 1015Mb)
Unable to find 3-character code having same country code as ISO 2-char code XJ - User-assigned       (00:00.000 / 01:34.737, 1015Mb)
Unable to find 3-character code having same country code as ISO 2-char code XK - Kosovo              (00:00.000 / 01:34.737, 1015Mb)
Unable to find 3-character code having same country code as ISO 2-char code XL - User-assigned       (00:00.000 / 01:34.738, 1015Mb)
Unable to find 3-character code having same country code as ISO 2-char code XM - User-assigned       (00:00.000 / 01:34.738, 1015Mb)
Unable to find 3-character code having same country code as ISO 2-char code XN - User-assigned       (00:00.000 / 01:34.738, 1015Mb)
Unable to find 3-character code having same country code as ISO 2-char code XO - User-assigned       (00:00.000 / 01:34.739, 1015Mb)
Unable to find 3-character code having same country code as ISO 2-char code XP - User-assigned       (00:00.000 / 01:34.739, 1015Mb)
Unable to find 3-character code having same country code as ISO 2-char code XQ - User-assigned       (00:00.000 / 01:34.740, 1015Mb)
Unable to find 3-character code having same country code as ISO 2-char code XR - User-assigned       (00:00.000 / 01:34.740, 1015Mb)
Unable to find 3-character code having same country code as ISO 2-char code XS - User-assigned       (00:00.000 / 01:34.741, 1015Mb)
Unable to find 3-character code having same country code as ISO 2-char code XT - User-assigned       (00:00.000 / 01:34.741, 1015Mb)
Unable to find 3-character code having same country code as ISO 2-char code XU - User-assigned       (00:00.000 / 01:34.741, 1015Mb)
Unable to find 3-character code having same country code as ISO 2-char code XV - User-assigned       (00:00.000 / 01:34.742, 1015Mb)
Unable to find 3-character code having same country code as ISO 2-char code XW - User-assigned       (00:00.000 / 01:34.742, 1015Mb)
Unable to find 3-character code having same country code as ISO 2-char code XX - Unknown             (00:00.000 / 01:34.743, 1015Mb)
Unable to find 3-character code having same country code as ISO 2-char code XY - User-assigned       (00:00.000 / 01:34.743, 1015Mb)
Unable to find 3-character code having same country code as ISO 2-char code XZ - International Waters (00:00.000 / 01:34.743, 1015Mb)
Unable to find 3-character code having same country code as ISO 2-char code ZZ - Unknown or Invalid Territory (00:00.000 / 01:34.744, 1015Mb)
DB Cumulative Time invested: 00:00:00.80
Sending Usage Stats to Server                                                                        (00:00.083 / 01:34.828, 1Gb)
## Memory (MB): Use = 1031, Free = 368, Total = 1400, Max = 3998                                     (00:00.004 / 01:34.832, 1Gb)
Reclaiming memory...                                                                                 (00:00.000 / 01:34.832, 1Gb)
## Memory (MB): Use = 880, Free = 597, Total = 1478, Max = 3998                                      (00:00.445 / 01:35.278, 881Mb)
Run jekyll: jekyll build --destination "/tmp/ig-builds/ans.fhir.fr.nde#3.0.0-ballot/output" (in folder /tmp/ig-builds/ans.fhir.fr.nde#3.0.0-ballot/temp/pages) (00:00.001 / 01:35.279, 881Mb)
Troubleshooting Note: usual cases for Jekyll to fail are:                                            (00:00.000 / 01:35.280, 881Mb)
* A failure to produce a fragment that is already logged in the output above                         (00:00.000 / 01:35.280, 881Mb)
* A reference to a manually edited file that hasn't been provided                                    (00:00.000 / 01:35.281, 881Mb)
Jekyll: Source: /tmp/ig-builds/ans.fhir.fr.nde#3.0.0-ballot/temp/pages                               (00:00.568 / 01:35.849, 885Mb)
Jekyll: Generating...                                                                                (00:00.000 / 01:35.849, 885Mb)
Jekyll: done in 1.012 seconds.                                                                       (00:01.011 / 01:36.861, 885Mb)
[39m
[0;39m[39mInstalling ans.fhir.fr.nde#3.0.0-ballot
[0;39m[39m done.
[0;39mChecking Output HTML                                                                                 (00:00.894 / 01:37.755, 1Gb)
Processed /tmp/ig-builds/ans.fhir.fr.nde#3.0.0-ballot/output - % reduction = 99 (11920879 ==> 233045)
found 897 files                                                                                      (00:00.790 / 01:38.546, 1Gb)
........................................
........................................
  ... 897 html files, 0 pages invalid xhtml (0%)                                                     (00:04.058 / 01:42.604, 1Gb)
  ... 46367 links, 3 broken links (0%)                                                               (00:00.000 / 01:42.605, 1Gb)
Generate fragment-usage-analysis.csv                                                                 (00:00.000 / 01:42.605, 1Gb)
Build final .zip                                                                                     (00:00.006 / 01:42.611, 1Gb)
Final .zip built                                                                                     (00:00.930 / 01:43.542, 1Gb)
Built. Times: loading: 00:02.252, generate: 01:02.656, narrative generation: 00:01.572, realm-rules: 00:00.001, previous-version: 00:00.000, jekyll: 00:01.591, validation: 00:33.412 (#21), template: 00:01.878 (#3) (00:02.220 / 01:45.762, 1Gb)
Generating QA                                                                                        (00:00.000 / 01:45.763, 1Gb)
Validation output in /tmp/ig-builds/ans.fhir.fr.nde#3.0.0-ballot/output/qa.html
Errors: 1, Warnings: 15, Info: 3, Broken Links: 3 (00:00.134 / 01:45.898, 1Gb)
Finished @ 09/02/2026 15:23. Max Memory Used = 1Gb. Log file saved in /tmp/fhir-ig-publisher-tmp.log (00:00.012 / 01:45.910, 1Gb)
Keep a copy of the build directory at /tmp/web-root/run-20260209/ig-build-zips/ans.fhir.fr.nde#3.0.0-ballot.zip

ok. All checks passed. Publish v3.0.0-ballot to /tmp/web-root/run-20260209/nde/3.0.0-ballot
Copy the IG to /tmp/web-root/run-20260209/nde/3.0.0-ballot
Update /tmp/web-root/run-20260209/nde/package-list.json
Publish Box Statement: This page is part of the Volet Traçabilité des notifications d'événements (v3.0.0-ballot: <a data-no-external="true" href="https://confluence.hl7.org/display/HL7/HL7+Balloting" title="Standard for Trial-Use">STU</a>1 Ballot 1) based on <a data-no-external="true" href="http://hl7.org/fhir/R4">FHIR (HL7® FHIR® Standard) R4</a>. No current official version has been published yet.  For a full list of available versions, see the <a data-no-external="true" href="https://interop.esante.gouv.fr/ig/fhir/nde/history.html">Directory of published versions</a>
  .. 160 files checked, 160 updated
  .. 45 clones checked, 90 updated
  .. 21 redirections (21 created/updated)
ans.fhir.fr.nde (https://interop.esante.gouv.fr/ig/fhir/nde): Volet Traçabilité des notifications d'événements @ https://ansforge.github.io/interop-ig-fhir-notification-evenements/main/ig
  candidate: STU1 Ballot 3.0.0-ballot/4.0.1 @ https://interop.esante.gouv.fr/ig/fhir/nde/3.0.0-ballot
Build is complete. Copy from /tmp/web-root/run-20260209
Update history page at /tmp/web-root/run-20260209/nde from /home/runner/work/interop-ig-fhir-notification-evenements/interop-ig-fhir-notification-evenements/./IG-website-release/fhir-ig-history-template and ./IG-website-release/templates
