FHIR IG Publisher Version 2.0.26 (Git# 0a43ac207d1f). Built 2025-11-06T09:21:35.314Z (18 days old)
Detected Java version: 17.0.10 from /opt/hostedtoolcache/Java_Microsoft_jdk/17.0.10/x64 on amd64 (64bit). 4000MB available
dir = /home/runner/work/IG-fhir-service-acces-aux-soins/IG-fhir-service-acces-aux-soins, path = /opt/hostedtoolcache/Ruby/3.3.10/x64/bin:/usr/share/dotnet:/opt/hostedtoolcache/node/20.19.5/x64/bin:/opt/hostedtoolcache/Java_Microsoft_jdk/17.0.10/x64/bin:/snap/bin:/home/runner/.local/bin:/opt/pipx_bin:/home/runner/.cargo/bin:/home/runner/.config/composer/vendor/bin:/usr/local/.ghcup/bin:/home/runner/.dotnet/tools:/usr/local/sbin:/usr/local/bin:/usr/sbin:/usr/bin:/sbin:/bin:/usr/games:/usr/local/games:/snap/bin
Parameters: -go-publish -authorise-non-conformant-tx-servers -source ./igSource -web ./IG-website-release/www/ig/fhir -registry ./IG-website-release/ig-registry/fhir-ig-list.json -history ./IG-website-release/fhir-ig-history-template -templates ./IG-website-release/templates
---------------
Publication Run: publish ./igSource to ./IG-website-release/www/ig/fhir
Relative directory for IG is '/sas'
===== Web Publication Run Details ===============================
 Source IG: ans.fhir.fr.sas#1.2.0 : https://interop.esante.gouv.fr/ig/fhir/sas (R4) from ./igSource
All checks passed. Do the publication build from /home/runner/work/IG-fhir-service-acces-aux-soins/IG-fhir-service-acces-aux-soins/./igSource and publish to /tmp/web-root/run-20251124/sas
Prepare Build space in /tmp/ig-builds/ans.fhir.fr.sas#1.2.0
Build IG at /home/runner/work/IG-fhir-service-acces-aux-soins/IG-fhir-service-acces-aux-soins/./igSource: final copy suitable for publication (in /tmp/ig-builds/ans.fhir.fr.sas#1.2.0)
FHIR IG Publisher Version 2.0.26 (Git# 0a43ac207d1f). Built 2025-11-06T09:21:35.314Z (18 days old)  
Detected Java version: 17.0.10 from /opt/hostedtoolcache/Java_Microsoft_jdk/17.0.10/x64 on Linux/amd64 (64bit). 4000MB available
dir = /home/runner/work/IG-fhir-service-acces-aux-soins/IG-fhir-service-acces-aux-soins, path = /opt/hostedtoolcache/Ruby/3.3.10/x64/bin:/usr/share/dotnet:/opt/hostedtoolcache/node/20.19.5/x64/bin:/opt/hostedtoolcache/Java_Microsoft_jdk/17.0.10/x64/bin:/snap/bin:/home/runner/.local/bin:/opt/pipx_bin:/home/runner/.cargo/bin:/home/runner/.config/composer/vendor/bin:/usr/local/.ghcup/bin:/home/runner/.dotnet/tools:/usr/local/sbin:/usr/local/bin:/usr/sbin:/usr/bin:/sbin:/bin:/usr/games:/usr/local/games:/snap/bin
Parameters: -publish https://interop.esante.gouv.fr/ig/fhir/sas/1.2.0 -no-exit -ig /tmp/ig-builds/ans.fhir.fr.sas#1.2.0 -resetTx
Character encoding = UTF-8 / UTF-8                                                                  
Start Clock @ Monday, November 24, 2025 at 2:15:43 PM Coordinated Universal Time (2025-11-24T14:15:43Z)
                                                                                                    
Build FHIR IG from /tmp/ig-builds/ans.fhir.fr.sas#1.2.0                                              (00:00.020 / 00:00.020, 40Mb)
Build Formal Publication package, intended for https://interop.esante.gouv.fr/ig/fhir/sas/1.2.0      (00:00.002 / 00:00.022, 41Mb)
API keys loaded from /home/runner/.fhir/fhir-settings.json                                           (00:00.000 / 00:00.023, 41Mb)
Package Cache: /home/runner/.fhir/packages                                                           (00:00.003 / 00:00.026, 41Mb)
Run Sushi on /tmp/ig-builds/ans.fhir.fr.sas#1.2.0                                                    (00:00.002 / 00:00.029, 41Mb)
Sushi: info  Running SUSHI v3.16.5 (implements FHIR Shorthand specification v3.0.0)                  (00:00.715 / 00:00.744, 42Mb)
Sushi: info  Arguments:                                                                              (00:00.001 / 00:00.745, 42Mb)
Sushi: info    --require-latest                                                                      (00:00.000 / 00:00.746, 42Mb)
Sushi: info    --out /tmp/ig-builds/ans.fhir.fr.sas#1.2.0                                            (00:00.000 / 00:00.747, 42Mb)
Sushi: info    /tmp/ig-builds/ans.fhir.fr.sas#1.2.0                                                  (00:00.000 / 00:00.748, 42Mb)
Sushi: info  Using configuration file: /tmp/ig-builds/ans.fhir.fr.sas#1.2.0/sushi-config.yaml        (00:00.662 / 00:01.410, 42Mb)
Sushi: warn  Configuration property menu/Spécif. techniques has a value with an unexpected type.     (00:00.115 / 00:01.526, 42Mb)
Sushi: warn  Configuration property menu/Spécif. techniques/________ PS indiv. ________ has a value with an unexpected type. (00:00.001 / 00:01.527, 42Mb)
Sushi: warn  Configuration property menu/Spécif. techniques/_________ CPTS _________ has a value with an unexpected type. (00:00.000 / 00:01.528, 42Mb)
Sushi: warn  Configuration property menu/Spécif. techniques/________ SOS Médecins ________ has a value with an unexpected type. (00:00.000 / 00:01.529, 42Mb)
Sushi: warn  Configuration property menu/Spécif. techniques/________ Fluidification parcours régulateur ________ has a value with an unexpected type. (00:00.000 / 00:01.530, 42Mb)
Sushi: info  Importing FSH text...                                                                   (00:00.001 / 00:01.531, 42Mb)
Sushi: info  Preprocessed 88 documents with 9 aliases.                                               (00:00.246 / 00:01.778, 42Mb)
Sushi: info  Imported 30 definitions and 57 instances.                                               (00:00.028 / 00:01.807, 42Mb)
Sushi: info  Loaded virtual package sushi-r5forR4#1.0.0 with 7 resources                             (00:00.118 / 00:01.925, 42Mb)
Sushi: info  Resolved hl7.fhir.uv.tools.r4#latest to concrete version 0.8.0                          (00:00.491 / 00:02.416, 42Mb)
Sushi: info  Loaded hl7.fhir.uv.tools.r4#0.8.0 with 110 resources                                    (00:00.078 / 00:02.495, 42Mb)
Sushi: info  Resolved hl7.terminology.r4#latest to concrete version 7.0.0                            (00:00.117 / 00:02.612, 42Mb)
Sushi: info  Loaded hl7.terminology.r4#7.0.0 with 4096 resources                                     (00:01.815 / 00:04.427, 42Mb)
Sushi: info  Resolved hl7.fhir.uv.extensions.r4#latest to concrete version 5.2.0                     (00:00.116 / 00:04.544, 42Mb)
Sushi: info  Loaded hl7.fhir.uv.extensions.r4#5.2.0 with 759 resources                               (00:02.697 / 00:07.241, 42Mb)
Sushi: info  Loaded hl7.fhir.fr.core#1.1.0 with 119 resources                                        (00:00.127 / 00:07.368, 42Mb)
Sushi: info  Loaded hl7.fhir.fr.core#2.1.0 with 120 resources                                        (00:00.164 / 00:07.533, 42Mb)
Sushi: info  Loaded hl7.fhir.r4.core#4.0.1 with 4581 resources                                       (00:00.990 / 00:08.523, 42Mb)
Sushi: info  Loaded virtual package sushi-local#LOCAL with 0 resources                               (00:00.006 / 00:08.530, 42Mb)
Sushi: info  Converting FSH to FHIR resources...                                                     (00:00.020 / 00:08.550, 42Mb)
Sushi: info  Converted 20 FHIR StructureDefinitions.                                                 (00:01.271 / 00:09.822, 42Mb)
Sushi: info  Converted 1 FHIR CodeSystems.                                                           (00:00.012 / 00:09.834, 42Mb)
Sushi: info  Converted 9 FHIR ValueSets.                                                             (00:00.104 / 00:09.939, 42Mb)
Sushi: info  Converted 57 FHIR instances.                                                            (00:03.392 / 00:13.332, 42Mb)
Sushi: info  Exporting FHIR resources as JSON...                                                     (00:00.001 / 00:13.333, 42Mb)
Sushi: info  Exported 84 FHIR resources as JSON.                                                     (00:00.095 / 00:13.428, 42Mb)
Sushi: info  Assembling Implementation Guide sources...                                              (00:00.003 / 00:13.432, 42Mb)
Sushi: warn  Files not in the supported file types (.md and .xml) were detected. These files will be included without any processing. (00:00.027 / 00:13.460, 42Mb)
Sushi:   File: /tmp/ig-builds/ans.fhir.fr.sas#1.2.0/input/pagecontent                                (00:00.000 / 00:13.461, 42Mb)
Sushi: info  Generated ImplementationGuide-ans.fhir.fr.sas.json                                      (00:00.002 / 00:13.463, 42Mb)
Sushi: info  Assembled Implementation Guide sources; ready for IG Publisher.                         (00:00.000 / 00:13.464, 42Mb)
Sushi: ========================= SUSHI RESULTS ===========================                           (00:00.001 / 00:13.465, 42Mb)
Sushi: |  -------------------------------------------------------------  |                           (00:00.000 / 00:13.466, 42Mb)
Sushi: | |    Profiles   |  Extensions  |   Logicals   |   Resources   | |                           (00:00.000 / 00:13.466, 42Mb)
Sushi: | |-------------------------------------------------------------| |                           (00:00.000 / 00:13.467, 42Mb)
Sushi: | |      18       |      2       |      0       |       0       | |                           (00:00.000 / 00:13.468, 42Mb)
Sushi: |  -------------------------------------------------------------  |                           (00:00.000 / 00:13.468, 42Mb)
Sushi: |  -------------------------------------------------------------  |                           (00:00.000 / 00:13.469, 42Mb)
Sushi: | |      ValueSets     |    CodeSystems    |     Instances      | |                           (00:00.000 / 00:13.469, 42Mb)
Sushi: | |-------------------------------------------------------------| |                           (00:00.000 / 00:13.470, 42Mb)
Sushi: | |         9          |         1         |         57         | |                           (00:00.000 / 00:13.470, 42Mb)
Sushi: |  -------------------------------------------------------------  |                           (00:00.000 / 00:13.471, 42Mb)
Sushi: |                                                                 |                           (00:00.000 / 00:13.472, 42Mb)
Sushi: ===================================================================                           (00:00.000 / 00:13.472, 42Mb)
Sushi: | You seem to be casting about.          0 Errors      6 Warnings |                           (00:00.000 / 00:13.473, 42Mb)
Sushi: ===================================================================                           (00:00.000 / 00:13.473, 42Mb)
Root directory: /tmp/ig-builds/ans.fhir.fr.sas#1.2.0                                                 (00:00.016 / 00:13.489, 42Mb)
Unable to load IG as an r5 IG - try R4 (property code is a class com.google.gson.JsonPrimitive looking for an object) (00:00.429 / 00:13.919, 62Mb)
Load Template from https://github.com/ansforge/IG-template                                           (00:00.446 / 00:14.365, 25Mb)
 Load Template from fhir.base.template#current                                                       (00:00.867 / 00:15.232, 46Mb)
Scanning directory: /tmp/ig-builds/ans.fhir.fr.sas#1.2.0/template
======================================================================
Terminology Cache is at /tmp/ig-builds/ans.fhir.fr.sas#1.2.0/input-cache/txcache. Clearing now       (00:02.971 / 00:18.204, 95Mb)
Core Package hl7.fhir.r4.core#4.0.1                                                                  (00:00.001 / 00:18.206, 95Mb)
Running Terminology Log: /tmp/ohfu-fhir-ig-2644039014056331825.html
Connect to Terminology Server at http://tx.fhir.org                                                  (00:03.979 / 00:22.185, 408Mb)
[39mLoad Package hl7.fhir.pubpack#0.2.3
[0;39m[39mLoad Package hl7.fhir.xver-extensions#0.1.0
[0;39m[39mLoad Package hl7.terminology.r4#7.0.0
[0;39m[39mLoad Package hl7.fhir.uv.extensions.r4#5.2.0
[0;39m[39mLoad Package hl7.terminology.r4#6.0.2
[0;39m[39mLoad Package hl7.fhir.uv.extensions.r4#5.1.0
[0;39m[39mLoad Package ans.fr.nos#1.3.0
[0;39m[39mLoad Package hl7.fhir.fr.core#2.1.0
[0;39m[39mLoad Package hl7.fhir.fr.core#1.1.0
[0;39m[1;31mProblem constructing IG for hl7.fhir.fr.core#1.1.0: No IG canonical can be determined for package: hl7.fhir.fr.core#1.1.0
[0;39m[39mLoad Package hl7.fhir.uv.tools.r4#0.8.0
[0;39mLoad R5 Specials
Initialization complete                                                                              (00:07.934 / 00:30.119, 686Mb)
Load IG                                                                                              (00:00.000 / 00:30.119, 686Mb)
Load Content                                                                                         (00:00.002 / 00:30.122, 687Mb)
Using fr_FR as the default narrative language. (inferred from ImplementationGuide.jurisdiction=FR)   (00:00.065 / 00:30.187, 697Mb)
Process Loaded Resources                                                                             (00:01.229 / 00:31.417, 783Mb)
Generating Snapshots                                                                                 (00:00.340 / 00:31.758, 838Mb)

Signing Certificate: RSA key for Subject: OU=IG Publisher, L=Ann Arbor, CN=hl7.org, O=HL7, ST=Missouri, C=us from: OU=IG Publisher, L=Ann Arbor, CN=hl7.org, O=HL7, ST=Missouri, C=us
Fetch https://interop.esante.gouv.fr/ig/fhir/sas/package-list.json for version check                 (00:01.855 / 00:33.613, 862Mb)
Checking Language                                                                                    (00:00.537 / 00:34.151, 868Mb)
Load Dependency Info                                                                                 (00:00.002 / 00:34.153, 868Mb)
Load Info                                                                                            (00:00.001 / 00:34.155, 868Mb)
Load Paths                                                                                           (00:00.001 / 00:34.156, 869Mb)
Check R4 / R4B                                                                                       (00:00.000 / 00:34.157, 869Mb)
Assign Comparison Ids                                                                                (00:00.031 / 00:34.188, 878Mb)
Propagating status                                                                                   (00:00.000 / 00:34.188, 878Mb)
Generating Narratives                                                                                (00:00.000 / 00:34.188, 878Mb)
Validating Conformance Resources                                                                     (00:01.789 / 00:35.978, 1012Mb)
Check profiles & code systems                                                                        (00:14.748 / 00:50.727, 1Gb)
Check realm rules                                                                                    (00:00.003 / 00:50.730, 1Gb)
Previous Version Comparison                                                                          (00:00.000 / 00:50.731, 1Gb)
[1;31mUnable to generate snapshot @1 for Definition from noname because Profile Definition (http://hl7.org/fhir/StructureDefinition/Definition) has no base and no snapshot
[0;39m[1;31mUnable to generate snapshot @1 for Event from noname because Profile Event (http://hl7.org/fhir/StructureDefinition/Event) has no base and no snapshot
[0;39m[1;31mUnable to generate snapshot @1 for FiveWs from noname because Profile FiveWs (http://hl7.org/fhir/StructureDefinition/FiveWs) has no base and no snapshot
[0;39m[1;31mUnable to generate snapshot @1 for Request from noname because Profile Request (http://hl7.org/fhir/StructureDefinition/Request) has no base and no snapshot
[0;39m[1;31mProblem constructing IG for hl7.fhir.fr.core#1.1.0: No IG canonical can be determined for package: hl7.fhir.fr.core#1.1.0
[0;39mChecking for Bundles to sign                                                                         (00:07.499 / 00:58.231, 1Gb)
Validating Resources                                                                                 (00:00.000 / 00:58.232, 1Gb)
Processing Provenance Records                                                                        (00:03.219 / 01:01.451, 1Gb)
Generating Outputs in /tmp/ig-builds/ans.fhir.fr.sas#1.2.0/output                                    (00:00.001 / 01:01.452, 1Gb)
Generate Native Outputs                                                                              (00:00.134 / 01:01.586, 1Gb)
Run Template                                                                                         (00:05.434 / 01:07.020, 1Gb)
Generate HTML Outputs                                                                                (00:02.619 / 01:09.640, 1Gb)
XSLT Error:  Error reported by XML parser: Content is not allowed in prolog.
Exception generating xslt page /tmp/ig-builds/ans.fhir.fr.sas#1.2.0/temp/pages/_includes/specifications_techniques.txt for _includes/specifications_techniques.txt in /tmp/ig-builds/ans.fhir.fr.sas#1.2.0/temp/pages: org.xml.sax.SAXParseException; lineNumber: 1; columnNumber: 1; Content is not allowed in prolog. (00:10.837 / 01:20.477, 2Gb)
Generate Spreadsheets                                                                                (00:00.028 / 01:20.506, 2Gb)
Generate Summaries                                                                                   (00:05.780 / 01:26.287, 1Gb)
Generating Summary Outputs                                                                           (00:00.000 / 01:26.288, 1Gb)
DB Cumulative Time invested: 00:00:00.213
Sending Usage Stats to Server                                                                        (00:07.778 / 01:34.066, 2Gb)
## Memory (MB): Use = 2177, Free = 516, Total = 2694, Max = 4000                                     (00:00.004 / 01:34.071, 2Gb)
Reclaiming memory...                                                                                 (00:00.001 / 01:34.073, 2Gb)
## Memory (MB): Use = 2179, Free = 514, Total = 2694, Max = 4000                                     (00:00.031 / 01:34.104, 1Gb)
Run jekyll: jekyll build --destination "/tmp/ig-builds/ans.fhir.fr.sas#1.2.0/output" (in folder /tmp/ig-builds/ans.fhir.fr.sas#1.2.0/temp/pages) (00:00.001 / 01:34.106, 1Gb)
Troubleshooting Note: usual cases for Jekyll to fail are:                                            (00:00.001 / 01:34.107, 1Gb)
* A failure to produce a fragment that is already logged in the output above                         (00:00.000 / 01:34.108, 1Gb)
* A reference to a manually edited file that hasn't been provided                                    (00:00.000 / 01:34.109, 1Gb)
Jekyll: Source: /tmp/ig-builds/ans.fhir.fr.sas#1.2.0/temp/pages                                      (00:00.571 / 01:34.680, 1Gb)
Jekyll: Generating...                                                                                (00:00.000 / 01:34.681, 1Gb)
Jekyll: done in 2.904 seconds.                                                                       (00:02.903 / 01:37.584, 1Gb)
[39m
[0;39m[39mInstalling ans.fhir.fr.sas#1.2.0
[0;39m[39m done.
[0;39mChecking Output HTML                                                                                 (00:02.630 / 01:40.215, 1Gb)
Processed /tmp/ig-builds/ans.fhir.fr.sas#1.2.0/output - % reduction = 100 (90728382 ==> 681262)
found 1674 files                                                                                     (00:01.405 / 01:41.620, 1Gb)
........................................
........................................
  ... 1674 html files, 0 pages invalid xhtml (0%)                                                    (00:20.884 / 02:02.504, 2Gb)
  ... 427440 links, 0 broken links (0%)                                                              (00:00.000 / 02:02.505, 2Gb)
Generate fragment-usage-analysis.csv                                                                 (00:00.000 / 02:02.506, 2Gb)
Build final .zip                                                                                     (00:00.006 / 02:02.512, 2Gb)
Final .zip built                                                                                     (00:03.671 / 02:06.183, 1Gb)
Built. Times: loading: 00:04.028, generate: 01:35.136, narrative generation: 00:01.788, realm-rules: 00:00.000, previous-version: 00:07.469, jekyll: 00:03.506, validation: 00:17.930 (#85), template: 00:02.624 (#3) (00:03.104 / 02:09.288, 1Gb)
Generating QA                                                                                        (00:00.001 / 02:09.290, 1Gb)
Internal error in location for message: 'Error @1, 2: Found / expecting a token name', loc = '/tmp/ig-builds/ans.fhir.fr.sas#1.2.0/output/SearchParameter-slot-sp-start.html', err = 'Illegal HTML: illegal html element: date1 ( et inférieure ou égale à ))'
Internal error in location for message: 'Error @1, 2: Found / expecting a token name', loc = '/tmp/ig-builds/ans.fhir.fr.sas#1.2.0/output/faq.html', err = 'Illegal HTML: illegal html element: ins (Requête)'
Internal error in location for message: 'Error @1, 2: Found / expecting a token name', loc = '/tmp/ig-builds/ans.fhir.fr.sas#1.2.0/output/specifications_techniques-cpts-gestion_rdv.html', err = 'The html source has duplicate anchor Ids: _ftn1,_ftnref1'
Internal error in location for message: 'Error @1, 2: Found / expecting a token name', loc = '/tmp/ig-builds/ans.fhir.fr.sas#1.2.0/output/specifications_techniques-cpts-recherche_creneaux.html', err = 'Illegal HTML: illegal html element: référence ()'
Internal error in location for message: 'Error @1, 2: Found / expecting a token name', loc = '/tmp/ig-builds/ans.fhir.fr.sas#1.2.0/output/specifications_techniques-ps-gestion_rdv.html', err = 'The html source has duplicate anchor Ids: _ftn1,_ftnref1'
Internal error in location for message: 'Error @1, 2: Found / expecting a token name', loc = '/tmp/ig-builds/ans.fhir.fr.sas#1.2.0/output/specifications_techniques-sos-gestion_rdv.html', err = 'The html source has duplicate anchor Ids: _ftn1,_ftnref1'
Validation output in /tmp/ig-builds/ans.fhir.fr.sas#1.2.0/output/qa.html
Errors: 18, Warnings: 90, Info: 171, Broken Links: 0 (00:00.375 / 02:09.665, 1Gb)
Finished @ 24/11/2025 14:17. Max Memory Used = 2Gb. Log file saved in /tmp/fhir-ig-publisher-tmp.log (00:00.016 / 02:09.681, 1Gb)
Prepare Build space in /tmp/ig-builds/ans.fhir.fr.sas#1.2.0-milestone
Build IG at /home/runner/work/IG-fhir-service-acces-aux-soins/IG-fhir-service-acces-aux-soins/./igSource: final copy suitable for publication (in /tmp/ig-builds/ans.fhir.fr.sas#1.2.0-milestone) (milestone build)
FHIR IG Publisher Version 2.0.26 (Git# 0a43ac207d1f). Built 2025-11-06T09:21:35.314Z (18 days old)  
Detected Java version: 17.0.10 from /opt/hostedtoolcache/Java_Microsoft_jdk/17.0.10/x64 on Linux/amd64 (64bit). 4000MB available
dir = /home/runner/work/IG-fhir-service-acces-aux-soins/IG-fhir-service-acces-aux-soins, path = /opt/hostedtoolcache/Ruby/3.3.10/x64/bin:/usr/share/dotnet:/opt/hostedtoolcache/node/20.19.5/x64/bin:/opt/hostedtoolcache/Java_Microsoft_jdk/17.0.10/x64/bin:/snap/bin:/home/runner/.local/bin:/opt/pipx_bin:/home/runner/.cargo/bin:/home/runner/.config/composer/vendor/bin:/usr/local/.ghcup/bin:/home/runner/.dotnet/tools:/usr/local/sbin:/usr/local/bin:/usr/sbin:/usr/bin:/sbin:/bin:/usr/games:/usr/local/games:/snap/bin
Parameters: -publish https://interop.esante.gouv.fr/ig/fhir/sas/1.2.0 -no-exit -ig /tmp/ig-builds/ans.fhir.fr.sas#1.2.0-milestone -milestone
Character encoding = UTF-8 / UTF-8                                                                  
Start Clock @ Monday, November 24, 2025 at 2:17:55 PM Coordinated Universal Time (2025-11-24T14:17:55Z)
                                                                                                    
Build FHIR IG from /tmp/ig-builds/ans.fhir.fr.sas#1.2.0-milestone                                    (00:00.002 / 00:00.002, 1Gb)
Build Formal Publication package, intended for https://interop.esante.gouv.fr/ig/fhir/sas/1.2.0      (00:00.000 / 00:00.002, 1Gb)
API keys loaded from /home/runner/.fhir/fhir-settings.json                                           (00:00.000 / 00:00.002, 1Gb)
Package Cache: /home/runner/.fhir/packages                                                           (00:00.000 / 00:00.003, 1Gb)
Run Sushi on /tmp/ig-builds/ans.fhir.fr.sas#1.2.0-milestone                                          (00:00.000 / 00:00.003, 1Gb)
Sushi: info  Running SUSHI v3.16.5 (implements FHIR Shorthand specification v3.0.0)                  (00:00.412 / 00:00.416, 1Gb)
Sushi: info  Arguments:                                                                              (00:00.000 / 00:00.417, 1Gb)
Sushi: info    --require-latest                                                                      (00:00.000 / 00:00.417, 1Gb)
Sushi: info    --out /tmp/ig-builds/ans.fhir.fr.sas#1.2.0-milestone                                  (00:00.000 / 00:00.418, 1Gb)
Sushi: info    /tmp/ig-builds/ans.fhir.fr.sas#1.2.0-milestone                                        (00:00.000 / 00:00.418, 1Gb)
Sushi: info  Using configuration file: /tmp/ig-builds/ans.fhir.fr.sas#1.2.0-milestone/sushi-config.yaml (00:00.356 / 00:00.775, 1Gb)
Sushi: warn  Configuration property menu/Spécif. techniques has a value with an unexpected type.     (00:00.102 / 00:00.878, 1Gb)
Sushi: warn  Configuration property menu/Spécif. techniques/________ PS indiv. ________ has a value with an unexpected type. (00:00.000 / 00:00.878, 1Gb)
Sushi: warn  Configuration property menu/Spécif. techniques/_________ CPTS _________ has a value with an unexpected type. (00:00.000 / 00:00.879, 1Gb)
Sushi: warn  Configuration property menu/Spécif. techniques/________ SOS Médecins ________ has a value with an unexpected type. (00:00.000 / 00:00.879, 1Gb)
Sushi: warn  Configuration property menu/Spécif. techniques/________ Fluidification parcours régulateur ________ has a value with an unexpected type. (00:00.000 / 00:00.880, 1Gb)
Sushi: info  Importing FSH text...                                                                   (00:00.000 / 00:00.880, 1Gb)
Sushi: info  Preprocessed 88 documents with 9 aliases.                                               (00:00.245 / 00:01.125, 1Gb)
Sushi: info  Imported 30 definitions and 57 instances.                                               (00:00.031 / 00:01.157, 1Gb)
Sushi: info  Loaded virtual package sushi-r5forR4#1.0.0 with 7 resources                             (00:00.096 / 00:01.254, 1Gb)
Sushi: info  Resolved hl7.fhir.uv.tools.r4#latest to concrete version 0.8.0                          (00:00.496 / 00:01.750, 1Gb)
Sushi: info  Loaded hl7.fhir.uv.tools.r4#0.8.0 with 110 resources                                    (00:00.048 / 00:01.798, 1Gb)
Sushi: info  Resolved hl7.terminology.r4#latest to concrete version 7.0.0                            (00:00.114 / 00:01.913, 1Gb)
Sushi: info  Loaded hl7.terminology.r4#7.0.0 with 4096 resources                                     (00:00.891 / 00:02.804, 1Gb)
Sushi: info  Resolved hl7.fhir.uv.extensions.r4#latest to concrete version 5.2.0                     (00:00.116 / 00:02.921, 1Gb)
Sushi: info  Loaded hl7.fhir.uv.extensions.r4#5.2.0 with 759 resources                               (00:00.177 / 00:03.098, 1Gb)
Sushi: info  Loaded hl7.fhir.fr.core#1.1.0 with 119 resources                                        (00:00.051 / 00:03.149, 1Gb)
Sushi: info  Loaded hl7.fhir.fr.core#2.1.0 with 120 resources                                        (00:00.059 / 00:03.208, 1Gb)
Sushi: info  Loaded hl7.fhir.r4.core#4.0.1 with 4581 resources                                       (00:00.927 / 00:04.136, 1Gb)
Sushi: info  Loaded virtual package sushi-local#LOCAL with 0 resources                               (00:00.006 / 00:04.143, 1Gb)
Sushi: info  Converting FSH to FHIR resources...                                                     (00:00.018 / 00:04.161, 1Gb)
Sushi: info  Converted 20 FHIR StructureDefinitions.                                                 (00:01.267 / 00:05.429, 1Gb)
Sushi: info  Converted 1 FHIR CodeSystems.                                                           (00:00.012 / 00:05.441, 1Gb)
Sushi: info  Converted 9 FHIR ValueSets.                                                             (00:00.103 / 00:05.545, 1Gb)
Sushi: info  Converted 57 FHIR instances.                                                            (00:03.333 / 00:08.879, 1Gb)
Sushi: info  Exporting FHIR resources as JSON...                                                     (00:00.000 / 00:08.879, 1Gb)
Sushi: info  Exported 84 FHIR resources as JSON.                                                     (00:00.094 / 00:08.974, 1Gb)
Sushi: info  Assembling Implementation Guide sources...                                              (00:00.003 / 00:08.977, 1Gb)
Sushi: warn  Files not in the supported file types (.md and .xml) were detected. These files will be included without any processing. (00:00.025 / 00:09.002, 1Gb)
Sushi:   File: /tmp/ig-builds/ans.fhir.fr.sas#1.2.0-milestone/input/pagecontent                      (00:00.000 / 00:09.003, 1Gb)
Sushi: info  Generated ImplementationGuide-ans.fhir.fr.sas.json                                      (00:00.002 / 00:09.006, 1Gb)
Sushi: info  Assembled Implementation Guide sources; ready for IG Publisher.                         (00:00.000 / 00:09.006, 1Gb)
Sushi: ========================= SUSHI RESULTS ===========================                           (00:00.001 / 00:09.007, 1Gb)
Sushi: |  -------------------------------------------------------------  |                           (00:00.000 / 00:09.008, 1Gb)
Sushi: | |    Profiles   |  Extensions  |   Logicals   |   Resources   | |                           (00:00.000 / 00:09.008, 1Gb)
Sushi: | |-------------------------------------------------------------| |                           (00:00.000 / 00:09.008, 1Gb)
Sushi: | |      18       |      2       |      0       |       0       | |                           (00:00.000 / 00:09.009, 1Gb)
Sushi: |  -------------------------------------------------------------  |                           (00:00.000 / 00:09.009, 1Gb)
Sushi: |  -------------------------------------------------------------  |                           (00:00.000 / 00:09.010, 1Gb)
Sushi: | |      ValueSets     |    CodeSystems    |     Instances      | |                           (00:00.000 / 00:09.010, 1Gb)
Sushi: | |-------------------------------------------------------------| |                           (00:00.000 / 00:09.010, 1Gb)
Sushi: | |         9          |         1         |         57         | |                           (00:00.000 / 00:09.011, 1Gb)
Sushi: |  -------------------------------------------------------------  |                           (00:00.000 / 00:09.011, 1Gb)
Sushi: |                                                                 |                           (00:00.000 / 00:09.012, 1Gb)
Sushi: ===================================================================                           (00:00.000 / 00:09.012, 1Gb)
Sushi: | You seem a bit rudderless.             0 Errors      6 Warnings |                           (00:00.000 / 00:09.012, 1Gb)
Sushi: ===================================================================                           (00:00.000 / 00:09.013, 1Gb)
Root directory: /tmp/ig-builds/ans.fhir.fr.sas#1.2.0-milestone                                       (00:00.017 / 00:09.030, 1Gb)
Unable to load IG as an r5 IG - try R4 (property code is a class com.google.gson.JsonPrimitive looking for an object) (00:00.014 / 00:09.044, 1Gb)
Load Template from https://github.com/ansforge/IG-template                                           (00:00.023 / 00:09.067, 1Gb)
 Load Template from fhir.base.template#current                                                       (00:00.677 / 00:09.745, 1Gb)
Scanning directory: /tmp/ig-builds/ans.fhir.fr.sas#1.2.0-milestone/template
======================================================================
Terminology Cache is at /tmp/ig-builds/ans.fhir.fr.sas#1.2.0-milestone/input-cache/txcache. 14 files in cache (00:01.632 / 00:11.378, 2Gb)
Core Package hl7.fhir.r4.core#4.0.1                                                                  (00:00.000 / 00:11.378, 2Gb)
Running Terminology Log: /tmp/ohfu-fhir-ig-14246237679439321311.html
Connect to Terminology Server at http://tx.fhir.org                                                  (00:01.872 / 00:13.251, 2Gb)
[39mLoad Package hl7.fhir.pubpack#0.2.3
[0;39m[39mLoad Package hl7.fhir.xver-extensions#0.1.0
[0;39m[39mLoad Package hl7.terminology.r4#7.0.0
[0;39m[39mLoad Package hl7.fhir.uv.extensions.r4#5.2.0
[0;39m[39mLoad Package hl7.terminology.r4#6.0.2
[0;39m[39mLoad Package hl7.fhir.uv.extensions.r4#5.1.0
[0;39m[39mLoad Package ans.fr.nos#1.3.0
[0;39m[39mLoad Package hl7.fhir.fr.core#2.1.0
[0;39m[39mLoad Package hl7.fhir.fr.core#1.1.0
[0;39m[1;31mProblem constructing IG for hl7.fhir.fr.core#1.1.0: No IG canonical can be determined for package: hl7.fhir.fr.core#1.1.0
[0;39m[39mLoad Package hl7.fhir.uv.tools.r4#0.8.0
[0;39mLoad R5 Specials
Initialization complete                                                                              (00:05.152 / 00:18.403, 1Gb)
Load IG                                                                                              (00:00.000 / 00:18.403, 1Gb)
Load Content                                                                                         (00:00.002 / 00:18.406, 1Gb)
Using fr_FR as the default narrative language. (inferred from ImplementationGuide.jurisdiction=FR)   (00:00.010 / 00:18.416, 1Gb)
Process Loaded Resources                                                                             (00:01.069 / 00:19.485, 2Gb)
Generating Snapshots                                                                                 (00:00.378 / 00:19.863, 2Gb)

Signing Certificate: RSA key for Subject: OU=IG Publisher, L=Ann Arbor, CN=hl7.org, O=HL7, ST=Missouri, C=us from: OU=IG Publisher, L=Ann Arbor, CN=hl7.org, O=HL7, ST=Missouri, C=us
Fetch https://interop.esante.gouv.fr/ig/fhir/sas/package-list.json for version check                 (00:01.710 / 00:21.574, 2Gb)
Checking Language                                                                                    (00:00.288 / 00:21.862, 2Gb)
Load Dependency Info                                                                                 (00:00.002 / 00:21.864, 2Gb)
Load Info                                                                                            (00:00.000 / 00:21.864, 2Gb)
Load Paths                                                                                           (00:00.000 / 00:21.865, 2Gb)
Check R4 / R4B                                                                                       (00:00.000 / 00:21.865, 2Gb)
Assign Comparison Ids                                                                                (00:00.017 / 00:21.883, 2Gb)
Propagating status                                                                                   (00:00.000 / 00:21.883, 2Gb)
Generating Narratives                                                                                (00:00.000 / 00:21.884, 2Gb)
Validating Conformance Resources                                                                     (00:01.423 / 00:23.307, 2Gb)
Check profiles & code systems                                                                        (00:12.524 / 00:35.831, 2Gb)
Check realm rules                                                                                    (00:00.003 / 00:35.835, 2Gb)
Previous Version Comparison                                                                          (00:00.000 / 00:35.836, 2Gb)
[1;31mUnable to generate snapshot @1 for Definition from noname because Profile Definition (http://hl7.org/fhir/StructureDefinition/Definition) has no base and no snapshot
[0;39m[1;31mUnable to generate snapshot @1 for Event from noname because Profile Event (http://hl7.org/fhir/StructureDefinition/Event) has no base and no snapshot
[0;39m[1;31mUnable to generate snapshot @1 for FiveWs from noname because Profile FiveWs (http://hl7.org/fhir/StructureDefinition/FiveWs) has no base and no snapshot
[0;39m[1;31mUnable to generate snapshot @1 for Request from noname because Profile Request (http://hl7.org/fhir/StructureDefinition/Request) has no base and no snapshot
[0;39m[1;31mProblem constructing IG for hl7.fhir.fr.core#1.1.0: No IG canonical can be determined for package: hl7.fhir.fr.core#1.1.0
[0;39mChecking for Bundles to sign                                                                         (00:06.736 / 00:42.573, 2Gb)
Validating Resources                                                                                 (00:00.000 / 00:42.574, 2Gb)
Processing Provenance Records                                                                        (00:00.664 / 00:43.239, 2Gb)
Generating Outputs in /tmp/ig-builds/ans.fhir.fr.sas#1.2.0-milestone/output                          (00:00.000 / 00:43.239, 2Gb)
Generate Native Outputs                                                                              (00:00.105 / 00:43.345, 2Gb)
Run Template                                                                                         (00:05.066 / 00:48.412, 2Gb)
Generate HTML Outputs                                                                                (00:02.088 / 00:50.500, 2Gb)
XSLT Error:  Error reported by XML parser: Content is not allowed in prolog.
Exception generating xslt page /tmp/ig-builds/ans.fhir.fr.sas#1.2.0-milestone/temp/pages/_includes/specifications_techniques.txt for _includes/specifications_techniques.txt in /tmp/ig-builds/ans.fhir.fr.sas#1.2.0-milestone/temp/pages: org.xml.sax.SAXParseException; lineNumber: 1; columnNumber: 1; Content is not allowed in prolog. (00:07.680 / 00:58.180, 2Gb)
Generate Spreadsheets                                                                                (00:00.026 / 00:58.206, 2Gb)
Generate Summaries                                                                                   (00:03.097 / 01:01.303, 2Gb)
Generating Summary Outputs                                                                           (00:00.000 / 01:01.304, 2Gb)
DB Cumulative Time invested: 00:00:00.192
Sending Usage Stats to Server                                                                        (00:06.442 / 01:07.747, 3Gb)
## Memory (MB): Use = 3545, Free = 454, Total = 4000, Max = 4000                                     (00:00.001 / 01:07.748, 3Gb)
Reclaiming memory...                                                                                 (00:00.000 / 01:07.748, 3Gb)
## Memory (MB): Use = 2658, Free = 1341, Total = 4000, Max = 4000                                    (00:01.264 / 01:09.013, 2Gb)
Run jekyll: jekyll build --destination "/tmp/ig-builds/ans.fhir.fr.sas#1.2.0-milestone/output" (in folder /tmp/ig-builds/ans.fhir.fr.sas#1.2.0-milestone/temp/pages) (00:00.000 / 01:09.013, 2Gb)
Troubleshooting Note: usual cases for Jekyll to fail are:                                            (00:00.000 / 01:09.014, 2Gb)
* A failure to produce a fragment that is already logged in the output above                         (00:00.000 / 01:09.014, 2Gb)
* A reference to a manually edited file that hasn't been provided                                    (00:00.000 / 01:09.015, 2Gb)
Jekyll: Source: /tmp/ig-builds/ans.fhir.fr.sas#1.2.0-milestone/temp/pages                            (00:00.334 / 01:09.350, 2Gb)
Jekyll: Generating...                                                                                (00:00.000 / 01:09.350, 2Gb)
Jekyll: done in 2.81 seconds.                                                                        (00:02.810 / 01:12.160, 2Gb)
[39m
[0;39m[39mInstalling ans.fhir.fr.sas#1.2.0
[0;39mChecking Output HTML                                                                                 (00:02.204 / 01:14.365, 3Gb)
Processed /tmp/ig-builds/ans.fhir.fr.sas#1.2.0-milestone/output - % reduction = 100 (90728472 ==> 681262)
found 1674 files                                                                                     (00:01.279 / 01:15.644, 2Gb)
........................................
........................................
  ... 1674 html files, 0 pages invalid xhtml (0%)                                                    (00:21.004 / 01:36.649, 3Gb)
  ... 427440 links, 0 broken links (0%)                                                              (00:00.000 / 01:36.649, 3Gb)
Generate fragment-usage-analysis.csv                                                                 (00:00.000 / 01:36.650, 3Gb)
Build final .zip                                                                                     (00:00.006 / 01:36.656, 3Gb)
Sending usage stats failed: Connection timed out
Final .zip built                                                                                     (00:03.593 / 01:40.250, 3Gb)
Built. Times: loading: 00:03.456, generate: 01:21.580, narrative generation: 00:01.422, realm-rules: 00:00.000, previous-version: 00:06.721, jekyll: 00:03.204, validation: 00:13.158 (#85), template: 00:02.092 (#3) (00:03.191 / 01:43.442, 2Gb)
Generating QA                                                                                        (00:00.000 / 01:43.442, 2Gb)
Internal error in location for message: 'Error @1, 2: Found / expecting a token name', loc = '/tmp/ig-builds/ans.fhir.fr.sas#1.2.0-milestone/output/SearchParameter-slot-sp-start.html', err = 'Illegal HTML: illegal html element: date1 ( et inférieure ou égale à ))'
Internal error in location for message: 'Error @1, 2: Found / expecting a token name', loc = '/tmp/ig-builds/ans.fhir.fr.sas#1.2.0-milestone/output/faq.html', err = 'Illegal HTML: illegal html element: ins (Requête)'
Internal error in location for message: 'Error @1, 2: Found / expecting a token name', loc = '/tmp/ig-builds/ans.fhir.fr.sas#1.2.0-milestone/output/specifications_techniques-cpts-gestion_rdv.htm', err = 'The html source has duplicate anchor Ids: _ftn1,_ftnref1'
Internal error in location for message: 'Error @1, 2: Found / expecting a token name', loc = '/tmp/ig-builds/ans.fhir.fr.sas#1.2.0-milestone/output/specifications_techniques-cpts-recherche_crene', err = 'Illegal HTML: illegal html element: référence ()'
Internal error in location for message: 'Error @1, 2: Found / expecting a token name', loc = '/tmp/ig-builds/ans.fhir.fr.sas#1.2.0-milestone/output/specifications_techniques-ps-gestion_rdv.html', err = 'The html source has duplicate anchor Ids: _ftn1,_ftnref1'
Internal error in location for message: 'Error @1, 2: Found / expecting a token name', loc = '/tmp/ig-builds/ans.fhir.fr.sas#1.2.0-milestone/output/specifications_techniques-sos-gestion_rdv.html', err = 'The html source has duplicate anchor Ids: _ftn1,_ftnref1'
Validation output in /tmp/ig-builds/ans.fhir.fr.sas#1.2.0-milestone/output/qa.html
Errors: 18, Warnings: 90, Info: 171, Broken Links: 0 (00:00.156 / 01:43.599, 2Gb)
Finished @ 24/11/2025 14:19. Max Memory Used = 3Gb. Log file saved in /tmp/fhir-ig-publisher-tmp.log (00:00.008 / 01:43.607, 2Gb)
Keep a copy of the build directory at /tmp/web-root/run-20251124/ig-build-zips/ans.fhir.fr.sas#1.2.0.zip

ok. All checks passed. Publish v1.2.0 to /tmp/web-root/run-20251124/sas/1.2.0
Copy the IG to /tmp/web-root/run-20251124/sas/1.2.0
Update /tmp/web-root/run-20251124/sas/package-list.json
Publish Box Statement: This page is part of the Service d'Accès aux Soins (v1.2.0: trial-use - Mixed <a data-no-external="true" href="https://confluence.hl7.org/display/HL7/HL7+Balloting" title="Normative Standard">Normative</a> and <a data-no-external="true" href="https://confluence.hl7.org/display/HL7/HL7+Balloting" title="Standard for Trial-Use">STU</a>) based on <a data-no-external="true" href="http://hl7.org/fhir/R4">FHIR (HL7® FHIR® Standard) R4</a>. This is the current published version in its permanent home (it will always be available at this URL).  For a full list of available versions, see the <a data-no-external="true" href="https://interop.esante.gouv.fr/ig/fhir/sas/history.html">Directory of published versions</a>
  .. 540 files checked, 540 updated
  .. 239 clones checked, 478 updated
  .. 85 redirections (85 created/updated)
This is a milestone release - publish v1.2.0 to /tmp/web-root/run-20251124/sas
Update publish box for version 1.1.0 @ https://interop.esante.gouv.fr/ig/fhir/sas/1.1.0
Publish Box Statement: This page is part of the Service d'Accès aux Soins (v1.1.0: trial-use - Mixed <a data-no-external="true" href="https://confluence.hl7.org/display/HL7/HL7+Balloting" title="Normative Standard">Normative</a> and <a data-no-external="true" href="https://confluence.hl7.org/display/HL7/HL7+Balloting" title="Standard for Trial-Use">STU</a>) based on <a data-no-external="true" href="http://hl7.org/fhir/R4">FHIR (HL7® FHIR® Standard) R4</a>. The current version which supersedes this version is <a data-no-external="true" href="https://interop.esante.gouv.fr/ig/fhir/sas{{fn}}">1.2.0</a>.  For a full list of available versions, see the <a data-no-external="true" href="https://interop.esante.gouv.fr/ig/fhir/sas/history.html">Directory of published versions</a>
  .. 502 files checked, 502 updated
  .. 223 clones checked, 0 updated
Update publish box for version 1.0.0 @ https://interop.esante.gouv.fr/ig/fhir/sas/1.0.0
Publish Box Statement: This page is part of the Service d'Accès aux Soins (v1.0.0: trial-use) based on <a data-no-external="true" href="http://hl7.org/fhir/R4">FHIR (HL7® FHIR® Standard) R4</a>. The current version which supersedes this version is <a data-no-external="true" href="https://interop.esante.gouv.fr/ig/fhir/sas{{fn}}">1.2.0</a>.  For a full list of available versions, see the <a data-no-external="true" href="https://interop.esante.gouv.fr/ig/fhir/sas/history.html">Directory of published versions</a>
  .. 362 files checked, 362 updated
  .. 171 clones checked, 0 updated
Update publish box for version 1.0.0-ballot @ https://interop.esante.gouv.fr/ig/fhir/sas/1.0.0-ballot
Publish Box Statement: This page is part of the Service d'Accès aux Soins (v1.0.0-ballot: trial-use Ballot 1) based on <a data-no-external="true" href="http://hl7.org/fhir/R4">FHIR (HL7® FHIR® Standard) R4</a>. The current version which supersedes this version is <a data-no-external="true" href="https://interop.esante.gouv.fr/ig/fhir/sas{{fn}}">1.2.0</a>.  For a full list of available versions, see the <a data-no-external="true" href="https://interop.esante.gouv.fr/ig/fhir/sas/history.html">Directory of published versions</a>
  .. 258 files checked, 258 updated
  .. 71 clones checked, 0 updated
Publish Box Statement: This page is part of the Service d'Accès aux Soins (v1.2.0: trial-use - Mixed <a data-no-external="true" href="https://confluence.hl7.org/display/HL7/HL7+Balloting" title="Normative Standard">Normative</a> and <a data-no-external="true" href="https://confluence.hl7.org/display/HL7/HL7+Balloting" title="Standard for Trial-Use">STU</a>) based on <a data-no-external="true" href="http://hl7.org/fhir/R4">FHIR (HL7® FHIR® Standard) R4</a>. This is the current published version.  For a full list of available versions, see the <a data-no-external="true" href="https://interop.esante.gouv.fr/ig/fhir/sas/history.html">Directory of published versions</a>
  .. 540 files checked, 540 updated
  .. 239 clones checked, 478 updated
  .. 85 redirections (85 created/updated)
Check for Files to delete
  ... 0 files
Copy to new IG /tmp/web-root/run-20251124/sas
ans.fhir.fr.sas (https://interop.esante.gouv.fr/ig/fhir/sas): Service d'Accès aux Soins @ https://ansforge.github.io/IG-fhir/service-acces-aux-soins/main/ig
  candidate: trial-use Normative+trial-use 1.2.0/4.0.1 @ https://interop.esante.gouv.fr/ig/fhir/sas/1.2.0
Build is complete. Copy from /tmp/web-root/run-20251124
Update history page at /tmp/web-root/run-20251124/sas from /home/runner/work/IG-fhir-service-acces-aux-soins/IG-fhir-service-acces-aux-soins/./IG-website-release/fhir-ig-history-template and ./IG-website-release/templates
