FHIR IG Publisher Version 1.8.9 (Git# 7e77066dfe99). Built 2025-01-24T15:53:46.176Z (6 days old)
Detected Java version: 17.0.10 from /opt/hostedtoolcache/Java_Microsoft_jdk/17.0.10/x64 on amd64 (64bit). 3998MB available
dir = /home/runner/work/IG-fhir-medicosocial-suivi-decisions-orientation/IG-fhir-medicosocial-suivi-decisions-orientation, path = /opt/hostedtoolcache/Ruby/3.3.7/x64/bin:/opt/hostedtoolcache/node/20.18.2/x64/bin:/opt/hostedtoolcache/Java_Microsoft_jdk/17.0.10/x64/bin:/snap/bin:/home/runner/.local/bin:/opt/pipx_bin:/home/runner/.cargo/bin:/home/runner/.config/composer/vendor/bin:/usr/local/.ghcup/bin:/home/runner/.dotnet/tools:/usr/local/sbin:/usr/local/bin:/usr/sbin:/usr/bin:/sbin:/bin:/usr/games:/usr/local/games:/snap/bin
Parameters: -go-publish -source ./igSource -web ./IG-website-release/www/ig/fhir -registry ./IG-website-release/ig-registry/fhir-ig-list.json -history ./IG-website-release/fhir-ig-history-template -templates ./IG-website-release/templates
---------------
Publication Run: publish ./igSource to ./IG-website-release/www/ig/fhir
Run Number: 58
Relative directory for IG is '/sdo'
===== Web Publication Run Details ===============================
 Source IG: ans.fhir.fr.sdo#4.0.3 : https://interop.esante.gouv.fr/ig/fhir/sdo (R4) from ./igSource
All checks passed. Do the publication build from /home/runner/work/IG-fhir-medicosocial-suivi-decisions-orientation/IG-fhir-medicosocial-suivi-decisions-orientation/./igSource and publish to /tmp/web-root/run-20250130/sdo
Prepare Build space in /tmp/ans.fhir.fr.sdo#4.0.3
Build IG at /home/runner/work/IG-fhir-medicosocial-suivi-decisions-orientation/IG-fhir-medicosocial-suivi-decisions-orientation/./igSource: final copy suitable for publication (in /tmp/ans.fhir.fr.sdo#4.0.3)
FHIR IG Publisher Version 1.8.9 (Git# 7e77066dfe99). Built 2025-01-24T15:53:46.176Z (6 days old)    
Detected Java version: 17.0.10 from /opt/hostedtoolcache/Java_Microsoft_jdk/17.0.10/x64 on Linux/amd64 (64bit). 3998MB available
dir = /home/runner/work/IG-fhir-medicosocial-suivi-decisions-orientation/IG-fhir-medicosocial-suivi-decisions-orientation, path = /opt/hostedtoolcache/Ruby/3.3.7/x64/bin:/opt/hostedtoolcache/node/20.18.2/x64/bin:/opt/hostedtoolcache/Java_Microsoft_jdk/17.0.10/x64/bin:/snap/bin:/home/runner/.local/bin:/opt/pipx_bin:/home/runner/.cargo/bin:/home/runner/.config/composer/vendor/bin:/usr/local/.ghcup/bin:/home/runner/.dotnet/tools:/usr/local/sbin:/usr/local/bin:/usr/sbin:/usr/bin:/sbin:/bin:/usr/games:/usr/local/games:/snap/bin
Parameters: -ig /tmp/ans.fhir.fr.sdo#4.0.3 -resetTx -publish https://interop.esante.gouv.fr/ig/fhir/sdo/4.0.3 -no-exit
Start Clock @ Thursday, January 30, 2025 at 5:26:38 PM Coordinated Universal Time (2025-01-30T17:26:38Z)
                                                                                                    
Build FHIR IG from /tmp/ans.fhir.fr.sdo#4.0.3                                                        (00:00.024 / 00:00.024, 57Mb)
Build Formal Publication package, intended for https://interop.esante.gouv.fr/ig/fhir/sdo/4.0.3      (00:00.002 / 00:00.026, 57Mb)
API keys loaded from /home/runner/.fhir/fhir-settings.json                                           (00:00.000 / 00:00.027, 57Mb)
Package Cache: /home/runner/.fhir/packages                                                           (00:00.002 / 00:00.030, 57Mb)
Run Sushi on /tmp/ans.fhir.fr.sdo#4.0.3                                                              (00:00.001 / 00:00.032, 57Mb)
Sushi: info  Running SUSHI v3.14.0 (implements FHIR Shorthand specification v3.0.0)                  (00:00.750 / 00:00.782, 59Mb)
Sushi: info  Arguments:                                                                              (00:00.000 / 00:00.783, 59Mb)
Sushi: info    --require-latest                                                                      (00:00.001 / 00:00.784, 59Mb)
Sushi: info    --out /tmp/ans.fhir.fr.sdo#4.0.3                                                      (00:00.000 / 00:00.785, 59Mb)
Sushi: info    /tmp/ans.fhir.fr.sdo#4.0.3                                                            (00:00.000 / 00:00.786, 59Mb)
Sushi: info  Using configuration file: /tmp/ans.fhir.fr.sdo#4.0.3/sushi-config.yaml                  (00:00.439 / 00:01.226, 59Mb)
Sushi: info  Importing FSH text...                                                                   (00:00.109 / 00:01.335, 59Mb)
Sushi: info  Preprocessed 23 documents with 17 aliases.                                              (00:00.179 / 00:01.515, 59Mb)
Sushi: info  Imported 8 definitions and 16 instances.                                                (00:00.015 / 00:01.530, 59Mb)
Sushi: info  Loaded virtual package sushi-r5forR4#1.0.0 with 7 resources                             (00:00.112 / 00:01.642, 59Mb)
Sushi: info  Resolved hl7.fhir.uv.tools.r4#latest to concrete version 0.3.0                          (00:00.613 / 00:02.256, 59Mb)
Sushi: info  Loaded hl7.fhir.uv.tools.r4#0.3.0 with 75 resources                                     (00:00.043 / 00:02.299, 59Mb)
Sushi: info  Resolved hl7.terminology.r4#latest to concrete version 6.2.0                            (00:00.121 / 00:02.421, 59Mb)
Sushi: info  Loaded hl7.terminology.r4#6.2.0 with 4323 resources                                     (00:01.086 / 00:03.507, 59Mb)
Sushi: info  Resolved hl7.fhir.uv.extensions.r4#latest to concrete version 5.1.0                     (00:00.105 / 00:03.613, 59Mb)
Sushi: info  Loaded hl7.fhir.uv.extensions.r4#5.1.0 with 1397 resources                              (00:00.403 / 00:04.016, 59Mb)
Sushi: info  Resolved ans.fr.nos#latest to concrete version 1.4.0                                    (00:00.102 / 00:04.119, 59Mb)
Sushi: info  Loaded ans.fr.nos#1.4.0 with 506 resources                                              (00:00.155 / 00:04.275, 59Mb)
Sushi: info  Loaded hl7.fhir.r4.core#4.0.1 with 4581 resources                                       (00:00.921 / 00:05.196, 59Mb)
Sushi: info  Loaded virtual package sushi-local#LOCAL with 0 resources                               (00:00.006 / 00:05.202, 59Mb)
Sushi: info  Converting FSH to FHIR resources...                                                     (00:00.018 / 00:05.221, 59Mb)
Sushi: info  Converted 6 FHIR StructureDefinitions.                                                  (00:00.924 / 00:06.145, 59Mb)
Sushi: info  Converted 1 FHIR CodeSystems.                                                           (00:00.028 / 00:06.174, 59Mb)
Sushi: info  Converted 1 FHIR ValueSets.                                                             (00:00.018 / 00:06.193, 59Mb)
Sushi: info  Converted 16 FHIR instances.                                                            (00:01.048 / 00:07.241, 59Mb)
Sushi: info  Exporting FHIR resources as JSON...                                                     (00:00.001 / 00:07.242, 59Mb)
Sushi: info  Exported 18 FHIR resources as JSON.                                                     (00:00.029 / 00:07.272, 59Mb)
Sushi: info  Assembling Implementation Guide sources...                                              (00:00.001 / 00:07.274, 59Mb)
Sushi: info  Generated ImplementationGuide-ans.fhir.fr.sdo.json                                      (00:00.028 / 00:07.302, 59Mb)
Sushi: info  Assembled Implementation Guide sources; ready for IG Publisher.                         (00:00.000 / 00:07.303, 59Mb)
Sushi: ========================= SUSHI RESULTS ===========================                           (00:00.001 / 00:07.304, 59Mb)
Sushi: |  -------------------------------------------------------------  |                           (00:00.000 / 00:07.305, 59Mb)
Sushi: | |    Profiles   |  Extensions  |   Logicals   |   Resources   | |                           (00:00.000 / 00:07.306, 59Mb)
Sushi: | |-------------------------------------------------------------| |                           (00:00.000 / 00:07.306, 59Mb)
Sushi: | |       6       |      0       |      0       |       0       | |                           (00:00.000 / 00:07.307, 59Mb)
Sushi: |  -------------------------------------------------------------  |                           (00:00.000 / 00:07.307, 59Mb)
Sushi: |  -------------------------------------------------------------  |                           (00:00.000 / 00:07.308, 59Mb)
Sushi: | |      ValueSets     |    CodeSystems    |     Instances      | |                           (00:00.000 / 00:07.309, 59Mb)
Sushi: | |-------------------------------------------------------------| |                           (00:00.000 / 00:07.309, 59Mb)
Sushi: | |         1          |         1         |         16         | |                           (00:00.000 / 00:07.310, 59Mb)
Sushi: |  -------------------------------------------------------------  |                           (00:00.000 / 00:07.311, 59Mb)
Sushi: |                                                                 |                           (00:00.000 / 00:07.311, 59Mb)
Sushi: ===================================================================                           (00:00.000 / 00:07.312, 59Mb)
Sushi: | You're swimming in success!            0 Errors      0 Warnings |                           (00:00.000 / 00:07.312, 59Mb)
Sushi: ===================================================================                           (00:00.000 / 00:07.313, 59Mb)
Unable to load IG as an r5 IG - try R4 (property code is a class com.google.gson.JsonPrimitive looking for an object) (00:00.476 / 00:07.789, 59Mb)
Load Template from https://github.com/ansforge/IG-template                                           (00:00.463 / 00:08.252, 30Mb)
 Load Template from fhir.base.template#current                                                       (00:01.237 / 00:09.489, 60Mb)
Root directory: /tmp/ans.fhir.fr.sdo#4.0.3                                                           (00:03.067 / 00:12.557, 118Mb)
Terminology Cache is at /tmp/ans.fhir.fr.sdo#4.0.3/input-cache/txcache. Clearing now                 (00:00.431 / 00:12.988, 137Mb)
Core Package hl7.fhir.r4.core#4.0.1
Running Terminology Log: /tmp/ohfu-fhir-ig-6742569106107401275.log
Connect to Terminology Server at http://tx.fhir.org                                                  (00:03.218 / 00:16.206, 347Mb)
Load Package hl7.fhir.pubpack#0.2.1
Load Package hl7.fhir.xver-extensions#0.1.0
Load Package hl7.terminology.r4#6.2.0
Load Package hl7.fhir.uv.extensions.r4#5.1.0
Load Package hl7.terminology.r4#6.0.2
Load Package ans.fr.nos#1.4.0
Load Package hl7.fhir.uv.tools.r4#0.3.0
Load R5 Specials
Initialization complete                                                                              (00:07.779 / 00:23.986, 651Mb)
Load Content                                                                                         (00:00.000 / 00:23.987, 651Mb)
Using fr_FR as the default narrative language. (inferred from ImplementationGuide.jurisdiction=FR)   (00:00.053 / 00:24.040, 657Mb)
loadPrePages from FetchedFile[/tmp/ans.fhir.fr.sdo#4.0.3/fsh-generated/includes] as /tmp/ans.fhir.fr.sdo#4.0.3/fsh-generated/includes
loadPrePages from FetchedFile[/tmp/ans.fhir.fr.sdo#4.0.3/input/data] as /tmp/ans.fhir.fr.sdo#4.0.3/input/data
loadPrePages from FetchedFile[/tmp/ans.fhir.fr.sdo#4.0.3/input/pagecontent] as /tmp/ans.fhir.fr.sdo#4.0.3/input/pagecontent
Fetch https://interop.esante.gouv.fr/ig/fhir/sdo/package-list.json for version check                 (00:00.527 / 00:24.568, 689Mb)
Checking Language                                                                                    (00:00.472 / 00:25.040, 691Mb)
Processing Conformance Resources                                                                     (00:00.000 / 00:25.040, 691Mb)
Load Dependency Info                                                                                 (00:00.001 / 00:25.042, 691Mb)
Load Info                                                                                            (00:00.001 / 00:25.043, 691Mb)
Load Resources                                                                                       (00:00.001 / 00:25.044, 692Mb)
Load Paths                                                                                           (00:00.094 / 00:25.139, 717Mb)
Generating Snapshots                                                                                 (00:00.000 / 00:25.140, 717Mb)
Check R4 / R4B                                                                                       (00:00.372 / 00:25.512, 506Mb)
Assign Comparison Ids                                                                                (00:00.006 / 00:25.519, 508Mb)
Propagating status                                                                                   (00:00.000 / 00:25.519, 508Mb)
Generating Narratives                                                                                (00:00.000 / 00:25.520, 508Mb)
Validating Conformance Resources                                                                     (00:01.092 / 00:26.612, 544Mb)
Check profiles & code systems                                                                        (00:05.162 / 00:31.774, 465Mb)
Check realm rules                                                                                    (00:00.002 / 00:31.776, 465Mb)
Previous Version Comparison                                                                          (00:00.000 / 00:31.777, 465Mb)
Validating Resources                                                                                 (00:05.280 / 00:37.058, 871Mb)
Processing Provenance Records                                                                        (00:01.068 / 00:38.126, 968Mb)
Generating Outputs in /tmp/ans.fhir.fr.sdo#4.0.3/output                                              (00:00.000 / 00:38.127, 968Mb)
Generate Native Outputs                                                                              (00:00.086 / 00:38.213, 975Mb)
Run Template                                                                                         (00:01.747 / 00:39.960, 876Mb)
Generate HTML Outputs                                                                                (00:01.799 / 00:41.760, 926Mb)
Generate Summaries                                                                                   (00:14.513 / 00:56.274, 1Gb)
Generating Summary Outputs                                                                           (00:00.000 / 00:56.274, 1Gb)
DB Cumulative Time invested: 00:00:00.166
Sending Usage Stats to Server                                                                        (00:05.179 / 01:01.454, 2Gb)
## Memory (MB): Use = 2411, Free = 596, Total = 3008, Max = 3998                                     (00:00.004 / 01:01.458, 2Gb)
Reclaiming memory...                                                                                 (00:00.000 / 01:01.459, 2Gb)
## Memory (MB): Use = 1241, Free = 1766, Total = 3008, Max = 3998                                    (00:00.593 / 01:02.052, 1Gb)
Run jekyll: jekyll build --destination "/tmp/ans.fhir.fr.sdo#4.0.3/output" (in folder /tmp/ans.fhir.fr.sdo#4.0.3/temp/pages) (00:00.001 / 01:02.054, 1Gb)
Troubleshooting Note: usual cases for Jekyll to fail are:                                            (00:00.000 / 01:02.055, 1Gb)
* A failure to produce a fragment that is already logged in the output above                         (00:00.001 / 01:02.056, 1Gb)
* A reference to a manually edited file that hasn't been provided                                    (00:00.000 / 01:02.057, 1Gb)
Jekyll: Source: /tmp/ans.fhir.fr.sdo#4.0.3/temp/pages                                                (00:00.409 / 01:02.466, 1Gb)
Jekyll: Generating...                                                                                (00:00.000 / 01:02.467, 1Gb)
Jekyll: done in 1.643 seconds.                                                                       (00:01.642 / 01:04.109, 1Gb)

Installing ans.fhir.fr.sdo#4.0.3
 done.
Checking Output HTML                                                                                 (00:01.337 / 01:05.446, 1Gb)
found 809 files                                                                                      (00:00.003 / 01:05.450, 1Gb)
........................................
........................................
  ... 809 html files, 0 pages invalid xhtml (0%)                                                     (00:05.232 / 01:10.683, 1Gb)
  ... 109027 links, 27 broken links (0%)                                                             (00:00.000 / 01:10.684, 1Gb)
Generate fragment-usage-analysis.csv                                                                 (00:00.000 / 01:10.684, 1Gb)
Build final .zip                                                                                     (00:00.005 / 01:10.690, 1Gb)
Final .zip built                                                                                     (00:01.503 / 01:12.194, 1Gb)
Built. Times: loading: 00:01.052, generate: 00:49.023, narrative generation: 00:01.091, realm-rules: 00:00.000, previous-version: 00:05.267, jekyll: 00:02.069, validation: 00:06.227 (#19), template: 00:01.798 (#3) (00:01.899 / 01:14.093, 1Gb)
Generating QA                                                                                        (00:00.000 / 01:14.094, 1Gb)
Internal error in location for message: 'Error @1, 1: Found / expecting a token name', loc = '/tmp/ans.fhir.fr.sdo#4.0.3/output/searchform.html#/html/body/div/div/div/a/img/div/a/img/div/p/img/f', err = 'The <script> containing the javascript '$( document ).ready('... is illegal and not allowed on the H'
Validation output in /tmp/ans.fhir.fr.sdo#4.0.3/output/qa.html
Errors: 0, Warnings: 14, Info: 3, Broken Links: 27 (00:00.420 / 01:14.514, 1Gb)
Finished. Max Memory Used = 2Gb. Log file saved in /tmp/fhir-ig-publisher-tmp.log                    (00:00.006 / 01:14.520, 1Gb)
Prepare Build space in /tmp/ans.fhir.fr.sdo#4.0.3-milestone
Build IG at /home/runner/work/IG-fhir-medicosocial-suivi-decisions-orientation/IG-fhir-medicosocial-suivi-decisions-orientation/./igSource: final copy suitable for publication (in /tmp/ans.fhir.fr.sdo#4.0.3-milestone) (milestone build)
FHIR IG Publisher Version 1.8.9 (Git# 7e77066dfe99). Built 2025-01-24T15:53:46.176Z (6 days old)    
Detected Java version: 17.0.10 from /opt/hostedtoolcache/Java_Microsoft_jdk/17.0.10/x64 on Linux/amd64 (64bit). 3998MB available
dir = /home/runner/work/IG-fhir-medicosocial-suivi-decisions-orientation/IG-fhir-medicosocial-suivi-decisions-orientation, path = /opt/hostedtoolcache/Ruby/3.3.7/x64/bin:/opt/hostedtoolcache/node/20.18.2/x64/bin:/opt/hostedtoolcache/Java_Microsoft_jdk/17.0.10/x64/bin:/snap/bin:/home/runner/.local/bin:/opt/pipx_bin:/home/runner/.cargo/bin:/home/runner/.config/composer/vendor/bin:/usr/local/.ghcup/bin:/home/runner/.dotnet/tools:/usr/local/sbin:/usr/local/bin:/usr/sbin:/usr/bin:/sbin:/bin:/usr/games:/usr/local/games:/snap/bin
Parameters: -ig /tmp/ans.fhir.fr.sdo#4.0.3-milestone -publish https://interop.esante.gouv.fr/ig/fhir/sdo/4.0.3 -milestone -no-exit
Start Clock @ Thursday, January 30, 2025 at 5:27:54 PM Coordinated Universal Time (2025-01-30T17:27:54Z)
                                                                                                    
Build FHIR IG from /tmp/ans.fhir.fr.sdo#4.0.3-milestone                                              (00:00.002 / 00:00.002, 1Gb)
Build Formal Publication package, intended for https://interop.esante.gouv.fr/ig/fhir/sdo/4.0.3      (00:00.000 / 00:00.002, 1Gb)
API keys loaded from /home/runner/.fhir/fhir-settings.json                                           (00:00.000 / 00:00.003, 1Gb)
Package Cache: /home/runner/.fhir/packages                                                           (00:00.000 / 00:00.003, 1Gb)
Run Sushi on /tmp/ans.fhir.fr.sdo#4.0.3-milestone                                                    (00:00.000 / 00:00.004, 1Gb)
Sushi: info  Running SUSHI v3.14.0 (implements FHIR Shorthand specification v3.0.0)                  (00:00.410 / 00:00.414, 1Gb)
Sushi: info  Arguments:                                                                              (00:00.000 / 00:00.414, 1Gb)
Sushi: info    --require-latest                                                                      (00:00.000 / 00:00.415, 1Gb)
Sushi: info    --out /tmp/ans.fhir.fr.sdo#4.0.3-milestone                                            (00:00.000 / 00:00.415, 1Gb)
Sushi: info    /tmp/ans.fhir.fr.sdo#4.0.3-milestone                                                  (00:00.000 / 00:00.416, 1Gb)
Sushi: info  Using configuration file: /tmp/ans.fhir.fr.sdo#4.0.3-milestone/sushi-config.yaml        (00:00.423 / 00:00.839, 1Gb)
Sushi: info  Importing FSH text...                                                                   (00:00.108 / 00:00.948, 1Gb)
Sushi: info  Preprocessed 23 documents with 17 aliases.                                              (00:00.173 / 00:01.121, 1Gb)
Sushi: info  Imported 8 definitions and 16 instances.                                                (00:00.014 / 00:01.136, 1Gb)
Sushi: info  Loaded virtual package sushi-r5forR4#1.0.0 with 7 resources                             (00:00.104 / 00:01.240, 1Gb)
Sushi: info  Resolved hl7.fhir.uv.tools.r4#latest to concrete version 0.3.0                          (00:00.488 / 00:01.729, 1Gb)
Sushi: info  Loaded hl7.fhir.uv.tools.r4#0.3.0 with 75 resources                                     (00:00.043 / 00:01.772, 1Gb)
Sushi: info  Resolved hl7.terminology.r4#latest to concrete version 6.2.0                            (00:00.106 / 00:01.879, 1Gb)
Sushi: info  Loaded hl7.terminology.r4#6.2.0 with 4323 resources                                     (00:00.989 / 00:02.868, 1Gb)
Sushi: info  Resolved hl7.fhir.uv.extensions.r4#latest to concrete version 5.1.0                     (00:00.109 / 00:02.978, 1Gb)
Sushi: info  Loaded hl7.fhir.uv.extensions.r4#5.1.0 with 1397 resources                              (00:00.398 / 00:03.376, 1Gb)
Sushi: info  Resolved ans.fr.nos#latest to concrete version 1.4.0                                    (00:00.102 / 00:03.479, 1Gb)
Sushi: info  Loaded ans.fr.nos#1.4.0 with 506 resources                                              (00:00.147 / 00:03.627, 1Gb)
Sushi: info  Loaded hl7.fhir.r4.core#4.0.1 with 4581 resources                                       (00:00.855 / 00:04.482, 1Gb)
Sushi: info  Loaded virtual package sushi-local#LOCAL with 0 resources                               (00:00.007 / 00:04.489, 1Gb)
Sushi: info  Converting FSH to FHIR resources...                                                     (00:00.018 / 00:04.508, 1Gb)
Sushi: info  Converted 6 FHIR StructureDefinitions.                                                  (00:00.934 / 00:05.442, 1Gb)
Sushi: info  Converted 1 FHIR CodeSystems.                                                           (00:00.025 / 00:05.468, 1Gb)
Sushi: info  Converted 1 FHIR ValueSets.                                                             (00:00.020 / 00:05.489, 1Gb)
Sushi: info  Converted 16 FHIR instances.                                                            (00:01.005 / 00:06.494, 1Gb)
Sushi: info  Exporting FHIR resources as JSON...                                                     (00:00.001 / 00:06.496, 1Gb)
Sushi: info  Exported 18 FHIR resources as JSON.                                                     (00:00.029 / 00:06.526, 1Gb)
Sushi: info  Assembling Implementation Guide sources...                                              (00:00.001 / 00:06.528, 1Gb)
Sushi: info  Generated ImplementationGuide-ans.fhir.fr.sdo.json                                      (00:00.027 / 00:06.555, 1Gb)
Sushi: info  Assembled Implementation Guide sources; ready for IG Publisher.                         (00:00.000 / 00:06.556, 1Gb)
Sushi: ========================= SUSHI RESULTS ===========================                           (00:00.000 / 00:06.557, 1Gb)
Sushi: |  -------------------------------------------------------------  |                           (00:00.000 / 00:06.557, 1Gb)
Sushi: | |    Profiles   |  Extensions  |   Logicals   |   Resources   | |                           (00:00.000 / 00:06.558, 1Gb)
Sushi: | |-------------------------------------------------------------| |                           (00:00.000 / 00:06.558, 1Gb)
Sushi: | |       6       |      0       |      0       |       0       | |                           (00:00.000 / 00:06.559, 1Gb)
Sushi: |  -------------------------------------------------------------  |                           (00:00.000 / 00:06.559, 1Gb)
Sushi: |  -------------------------------------------------------------  |                           (00:00.000 / 00:06.560, 1Gb)
Sushi: | |      ValueSets     |    CodeSystems    |     Instances      | |                           (00:00.000 / 00:06.560, 1Gb)
Sushi: | |-------------------------------------------------------------| |                           (00:00.000 / 00:06.560, 1Gb)
Sushi: | |         1          |         1         |         16         | |                           (00:00.000 / 00:06.561, 1Gb)
Sushi: |  -------------------------------------------------------------  |                           (00:00.000 / 00:06.561, 1Gb)
Sushi: |                                                                 |                           (00:00.000 / 00:06.562, 1Gb)
Sushi: ===================================================================                           (00:00.000 / 00:06.562, 1Gb)
Sushi: | Ac-clam-ations!                        0 Errors      0 Warnings |                           (00:00.000 / 00:06.562, 1Gb)
Sushi: ===================================================================                           (00:00.000 / 00:06.563, 1Gb)
Unable to load IG as an r5 IG - try R4 (property code is a class com.google.gson.JsonPrimitive looking for an object) (00:00.016 / 00:06.579, 1Gb)
Load Template from https://github.com/ansforge/IG-template                                           (00:00.019 / 00:06.598, 1Gb)
 Load Template from fhir.base.template#current                                                       (00:00.831 / 00:07.430, 1Gb)
Root directory: /tmp/ans.fhir.fr.sdo#4.0.3-milestone                                                 (00:01.581 / 00:09.011, 1Gb)
Terminology Cache is at /tmp/ans.fhir.fr.sdo#4.0.3-milestone/input-cache/txcache. 11 files in cache  (00:00.390 / 00:09.402, 1Gb)
Core Package hl7.fhir.r4.core#4.0.1
Running Terminology Log: /tmp/ohfu-fhir-ig-5384907208948879695.log
Connect to Terminology Server at http://tx.fhir.org                                                  (00:01.160 / 00:10.562, 1Gb)
Load Package hl7.fhir.pubpack#0.2.1
Load Package hl7.fhir.xver-extensions#0.1.0
Load Package hl7.terminology.r4#6.2.0
Load Package hl7.fhir.uv.extensions.r4#5.1.0
Load Package hl7.terminology.r4#6.0.2
Load Package ans.fr.nos#1.4.0
Load Package hl7.fhir.uv.tools.r4#0.3.0
Load R5 Specials
Initialization complete                                                                              (00:04.406 / 00:14.969, 1Gb)
Load Content                                                                                         (00:00.000 / 00:14.969, 1Gb)
Using fr_FR as the default narrative language. (inferred from ImplementationGuide.jurisdiction=FR)   (00:00.021 / 00:14.990, 1Gb)
loadPrePages from FetchedFile[/tmp/ans.fhir.fr.sdo#4.0.3-milestone/fsh-generated/includes] as /tmp/ans.fhir.fr.sdo#4.0.3-milestone/fsh-generated/includes
loadPrePages from FetchedFile[/tmp/ans.fhir.fr.sdo#4.0.3-milestone/input/data] as /tmp/ans.fhir.fr.sdo#4.0.3-milestone/input/data
loadPrePages from FetchedFile[/tmp/ans.fhir.fr.sdo#4.0.3-milestone/input/pagecontent] as /tmp/ans.fhir.fr.sdo#4.0.3-milestone/input/pagecontent
Fetch https://interop.esante.gouv.fr/ig/fhir/sdo/package-list.json for version check                 (00:00.356 / 00:15.347, 1Gb)
Checking Language                                                                                    (00:00.407 / 00:15.754, 1Gb)
Processing Conformance Resources                                                                     (00:00.000 / 00:15.755, 1Gb)
Load Dependency Info                                                                                 (00:00.000 / 00:15.756, 1Gb)
Load Info                                                                                            (00:00.000 / 00:15.756, 1Gb)
Load Resources                                                                                       (00:00.000 / 00:15.757, 1Gb)
Load Paths                                                                                           (00:00.045 / 00:15.802, 1Gb)
Generating Snapshots                                                                                 (00:00.000 / 00:15.803, 1Gb)
Check R4 / R4B                                                                                       (00:00.169 / 00:15.972, 2Gb)
Assign Comparison Ids                                                                                (00:00.003 / 00:15.975, 2Gb)
Propagating status                                                                                   (00:00.000 / 00:15.976, 2Gb)
Generating Narratives                                                                                (00:00.000 / 00:15.977, 2Gb)
Validating Conformance Resources                                                                     (00:00.499 / 00:16.476, 2Gb)
Check profiles & code systems                                                                        (00:03.189 / 00:19.666, 1Gb)
Check realm rules                                                                                    (00:00.001 / 00:19.667, 1Gb)
Previous Version Comparison                                                                          (00:00.000 / 00:19.668, 1Gb)
Validating Resources                                                                                 (00:04.415 / 00:24.083, 2Gb)
Processing Provenance Records                                                                        (00:00.162 / 00:24.245, 2Gb)
Generating Outputs in /tmp/ans.fhir.fr.sdo#4.0.3-milestone/output                                    (00:00.000 / 00:24.246, 2Gb)
Generate Native Outputs                                                                              (00:00.089 / 00:24.336, 2Gb)
Run Template                                                                                         (00:01.635 / 00:25.972, 1Gb)
Generate HTML Outputs                                                                                (00:01.341 / 00:27.313, 1Gb)
Generate Summaries                                                                                   (00:09.145 / 00:36.458, 2Gb)
Generating Summary Outputs                                                                           (00:00.000 / 00:36.459, 2Gb)
DB Cumulative Time invested: 00:00:00.171
Sending Usage Stats to Server                                                                        (00:04.279 / 00:40.739, 2Gb)
## Memory (MB): Use = 2621, Free = 616, Total = 3238, Max = 3998                                     (00:00.000 / 00:40.740, 2Gb)
Reclaiming memory...                                                                                 (00:00.000 / 00:40.740, 2Gb)
## Memory (MB): Use = 2455, Free = 1542, Total = 3998, Max = 3998                                    (00:01.122 / 00:41.863, 2Gb)
Run jekyll: jekyll build --destination "/tmp/ans.fhir.fr.sdo#4.0.3-milestone/output" (in folder /tmp/ans.fhir.fr.sdo#4.0.3-milestone/temp/pages) (00:00.001 / 00:41.864, 2Gb)
Troubleshooting Note: usual cases for Jekyll to fail are:                                            (00:00.000 / 00:41.864, 2Gb)
* A failure to produce a fragment that is already logged in the output above                         (00:00.000 / 00:41.865, 2Gb)
* A reference to a manually edited file that hasn't been provided                                    (00:00.000 / 00:41.866, 2Gb)
Jekyll: Source: /tmp/ans.fhir.fr.sdo#4.0.3-milestone/temp/pages                                      (00:00.340 / 00:42.206, 2Gb)
Jekyll: Generating...                                                                                (00:00.000 / 00:42.207, 2Gb)
Jekyll: done in 1.601 seconds.                                                                       (00:01.600 / 00:43.807, 2Gb)

Installing ans.fhir.fr.sdo#4.0.3
Checking Output HTML                                                                                 (00:01.033 / 00:44.840, 3Gb)
found 809 files                                                                                      (00:00.003 / 00:44.843, 3Gb)
........................................
........................................
  ... 809 html files, 0 pages invalid xhtml (0%)                                                     (00:05.058 / 00:49.902, 2Gb)
  ... 109027 links, 27 broken links (0%)                                                             (00:00.000 / 00:49.902, 2Gb)
Generate fragment-usage-analysis.csv                                                                 (00:00.000 / 00:49.903, 2Gb)
Build final .zip                                                                                     (00:00.005 / 00:49.908, 2Gb)
Final .zip built                                                                                     (00:01.519 / 00:51.428, 2Gb)
Built. Times: loading: 00:00.785, generate: 00:37.645, narrative generation: 00:00.499, realm-rules: 00:00.000, previous-version: 00:04.403, jekyll: 00:01.957, validation: 00:03.349 (#19), template: 00:01.340 (#3) (00:01.972 / 00:53.400, 2Gb)
Generating QA                                                                                        (00:00.000 / 00:53.401, 2Gb)
Internal error in location for message: 'Error @1, 1: Found / expecting a token name', loc = '/tmp/ans.fhir.fr.sdo#4.0.3-milestone/output/searchform.html#/html/body/div/div/div/a/img/div/a/img/d', err = 'The <script> containing the javascript '$( document ).ready('... is illegal and not allowed on the H'
Validation output in /tmp/ans.fhir.fr.sdo#4.0.3-milestone/output/qa.html
Errors: 0, Warnings: 14, Info: 3, Broken Links: 27 (00:00.441 / 00:53.843, 2Gb)
Finished. Max Memory Used = 3Gb. Log file saved in /tmp/fhir-ig-publisher-tmp.log                    (00:00.007 / 00:53.851, 2Gb)
Keep a copy of the build directory at /tmp/web-root/run-20250130/ig-build-zips/ans.fhir.fr.sdo#4.0.3.zip

ok. All checks passed. Publish v4.0.3 to /tmp/web-root/run-20250130/sdo/4.0.3
Copy the IG to /tmp/web-root/run-20250130/sdo/4.0.3
Update /tmp/web-root/run-20250130/sdo/package-list.json
Publish Box Statement: This page is part of the Médicosocial - Suivi Décisions Orientation (v4.0.3: Release) based on <a no-external="true" href="http://hl7.org/fhir/R4">FHIR (HL7® FHIR® Standard) R4</a>. This is the current published version in its permanent home (it will always be available at this URL).  For a full list of available versions, see the <a no-external="true" href="https://interop.esante.gouv.fr/ig/fhir/sdo/history.html">Directory of published versions</a>
no html insert in /tmp/web-root/run-20250130/sdo/4.0.3/qa-txservers.html
  .. 141 files checked, 141 updated
  .. 63 clones checked, 122 updated
  .. 19 redirections (19 created/updated)
This is a milestone release - publish v4.0.3 to /tmp/web-root/run-20250130/sdo
Publish Box Statement: This page is part of the Médicosocial - Suivi Décisions Orientation (v4.0.3: Release) based on <a no-external="true" href="http://hl7.org/fhir/R4">FHIR (HL7® FHIR® Standard) R4</a>. This is the current published version.  For a full list of available versions, see the <a no-external="true" href="https://interop.esante.gouv.fr/ig/fhir/sdo/history.html">Directory of published versions</a>
no html insert in /tmp/ans.fhir.fr.sdo#4.0.3-milestone/output/qa-txservers.html
  .. 141 files checked, 141 updated
  .. 63 clones checked, 122 updated
  .. 19 redirections (19 created/updated)
Check for Files to delete
  ... 0 files
Copy to new IG to /tmp/web-root/run-20250130/sdo
Update history page at /tmp/web-root/run-20250130/sdo from /home/runner/work/IG-fhir-medicosocial-suivi-decisions-orientation/IG-fhir-medicosocial-suivi-decisions-orientation/./IG-website-release/fhir-ig-history-template and ./IG-website-release/templates
Build is complete. Copy from /tmp/web-root/run-20250130
ans.fhir.fr.sdo (https://interop.esante.gouv.fr/ig/fhir/sdo): Médicosocial - Suivi Décisions Orientation @ https://ansforge.github.io/IG-fhir-medicosocial-suivi-decisions-orientation/ig/main
  release: trial-use 4.0.3/4.0.1 @ https://interop.esante.gouv.fr/ig/fhir/sdo/4.0.3
