FHIR IG Publisher Version 2.0.29 (Git# 826a7eb003d6). Built 2025-12-17T01:19:30.102Z (29 days old)
Detected Java version: 17.0.10 from /opt/hostedtoolcache/Java_Microsoft_jdk/17.0.10/x64 on amd64 (64bit). 4000MB available
dir = /home/runner/work/IG-fhir-partage-de-documents-de-sante/IG-fhir-partage-de-documents-de-sante, path = /opt/hostedtoolcache/Ruby/3.3.10/x64/bin:/opt/hostedtoolcache/node/20.19.6/x64/bin:/opt/hostedtoolcache/Java_Microsoft_jdk/17.0.10/x64/bin:/snap/bin:/home/runner/.local/bin:/opt/pipx_bin:/home/runner/.cargo/bin:/home/runner/.config/composer/vendor/bin:/usr/local/.ghcup/bin:/home/runner/.dotnet/tools:/usr/local/sbin:/usr/local/bin:/usr/sbin:/usr/bin:/sbin:/bin:/usr/games:/usr/local/games:/snap/bin
Parameters: -go-publish -authorise-non-conformant-tx-servers -source ./igSource -web ./IG-website-release/www/ig/fhir -registry ./IG-website-release/ig-registry/fhir-ig-list.json -history ./IG-website-release/fhir-ig-history-template -templates ./IG-website-release/templates
---------------
Publication Run: publish ./igSource to ./IG-website-release/www/ig/fhir
Relative directory for IG is '/pdsm'
===== Web Publication Run Details ===============================
 Source IG: ans.fhir.fr.pdsm#3.1.1 : https://interop.esante.gouv.fr/ig/fhir/pdsm (R4) from ./igSource
All checks passed. Do the publication build from /home/runner/work/IG-fhir-partage-de-documents-de-sante/IG-fhir-partage-de-documents-de-sante/./igSource and publish to /tmp/web-root/run-20260115/pdsm
Prepare Build space in /tmp/ig-builds/ans.fhir.fr.pdsm#3.1.1
Build IG at /home/runner/work/IG-fhir-partage-de-documents-de-sante/IG-fhir-partage-de-documents-de-sante/./igSource: final copy suitable for publication (in /tmp/ig-builds/ans.fhir.fr.pdsm#3.1.1)
FHIR IG Publisher Version 2.0.29 (Git# 826a7eb003d6). Built 2025-12-17T01:19:30.102Z (29 days old)  
Detected Java version: 17.0.10 from /opt/hostedtoolcache/Java_Microsoft_jdk/17.0.10/x64 on Linux/amd64 (64bit). 4000MB available
dir = /home/runner/work/IG-fhir-partage-de-documents-de-sante/IG-fhir-partage-de-documents-de-sante, path = /opt/hostedtoolcache/Ruby/3.3.10/x64/bin:/opt/hostedtoolcache/node/20.19.6/x64/bin:/opt/hostedtoolcache/Java_Microsoft_jdk/17.0.10/x64/bin:/snap/bin:/home/runner/.local/bin:/opt/pipx_bin:/home/runner/.cargo/bin:/home/runner/.config/composer/vendor/bin:/usr/local/.ghcup/bin:/home/runner/.dotnet/tools:/usr/local/sbin:/usr/local/bin:/usr/sbin:/usr/bin:/sbin:/bin:/usr/games:/usr/local/games:/snap/bin
Parameters: -publish https://interop.esante.gouv.fr/ig/fhir/pdsm/3.1.1 -no-exit -ig /tmp/ig-builds/ans.fhir.fr.pdsm#3.1.1 -resetTx
Character encoding = UTF-8 / UTF-8                                                                  
Start Clock @ Thursday, January 15, 2026 at 1:26:19 PM Coordinated Universal Time (2026-01-15T13:26:19Z)
                                                                                                    
Build FHIR IG from /tmp/ig-builds/ans.fhir.fr.pdsm#3.1.1                                             (00:00.023 / 00:00.023, 50Mb)
Build Formal Publication package, intended for https://interop.esante.gouv.fr/ig/fhir/pdsm/3.1.1     (00:00.002 / 00:00.025, 50Mb)
API keys loaded from /home/runner/.fhir/fhir-settings.json                                           (00:00.000 / 00:00.026, 50Mb)
Package Cache: /home/runner/.fhir/packages                                                           (00:00.004 / 00:00.030, 50Mb)
Run Sushi on /tmp/ig-builds/ans.fhir.fr.pdsm#3.1.1                                                   (00:00.002 / 00:00.033, 51Mb)
Sushi: info  Running SUSHI v3.17.0 (implements FHIR Shorthand specification v3.0.0)                  (00:00.755 / 00:00.788, 24Mb)
Sushi: info  Arguments:                                                                              (00:00.001 / 00:00.789, 24Mb)
Sushi: info    --require-latest                                                                      (00:00.000 / 00:00.790, 24Mb)
Sushi: info    --out /tmp/ig-builds/ans.fhir.fr.pdsm#3.1.1                                           (00:00.001 / 00:00.791, 24Mb)
Sushi: info    /tmp/ig-builds/ans.fhir.fr.pdsm#3.1.1                                                 (00:00.000 / 00:00.792, 24Mb)
Sushi: info  Using configuration file: /tmp/ig-builds/ans.fhir.fr.pdsm#3.1.1/sushi-config.yaml       (00:00.677 / 00:01.470, 24Mb)
Sushi: info  Importing FSH text...                                                                   (00:00.105 / 00:01.575, 24Mb)
Sushi: info  Preprocessed 26 documents with 29 aliases.                                              (00:00.223 / 00:01.798, 24Mb)
Sushi: info  Imported 9 definitions and 20 instances.                                                (00:00.021 / 00:01.820, 24Mb)
Sushi: info  Loaded virtual package sushi-r5forR4#1.0.0 with 7 resources                             (00:00.102 / 00:01.922, 24Mb)
Sushi: info  Resolved hl7.fhir.uv.tools.r4#latest to concrete version 0.9.0                          (00:00.512 / 00:02.435, 24Mb)
Sushi: info  Loaded hl7.fhir.uv.tools.r4#0.9.0 with 117 resources                                    (00:00.080 / 00:02.515, 24Mb)
Sushi: info  Resolved hl7.terminology.r4#latest to concrete version 7.0.1                            (00:00.106 / 00:02.622, 24Mb)
Sushi: info  Loaded hl7.terminology.r4#7.0.1 with 4096 resources                                     (00:02.112 / 00:04.734, 24Mb)
Sushi: info  Loaded ihe.iti.mhd#4.2.0 with 65 resources                                              (00:00.042 / 00:04.776, 24Mb)
Sushi: info  Loaded ans.fhir.fr.annuaire#1.1.0 with 65 resources                                     (00:00.075 / 00:04.852, 24Mb)
Sushi: info  Loaded hl7.fhir.fr.core#2.1.0 with 120 resources                                        (00:00.087 / 00:04.939, 24Mb)
Sushi: info  Resolved ans.fr.terminologies#latest to concrete version 1.4.0                          (00:00.109 / 00:05.049, 24Mb)
Sushi: info  Loaded ans.fr.terminologies#1.4.0 with 1050 resources                                   (00:00.606 / 00:05.656, 24Mb)
Sushi: info  Loaded hl7.fhir.r4.core#4.0.1 with 4581 resources                                       (00:01.351 / 00:07.007, 24Mb)
Sushi: info  Resolved hl7.fhir.uv.extensions.r4#latest to concrete version 5.2.0                     (00:00.130 / 00:07.137, 24Mb)
Sushi: info  Loaded hl7.fhir.uv.extensions.r4#5.2.0 with 759 resources                               (00:00.411 / 00:07.548, 24Mb)
Sushi: info  Loaded virtual package sushi-local#LOCAL with 0 resources                               (00:00.006 / 00:07.555, 24Mb)
Sushi: info  Converting FSH to FHIR resources...                                                     (00:00.028 / 00:07.583, 24Mb)
Sushi: info  Converted 9 FHIR StructureDefinitions.                                                  (00:01.218 / 00:08.801, 24Mb)
Sushi: info  Converted 20 FHIR instances.                                                            (00:01.337 / 00:10.139, 24Mb)
Sushi: info  Exporting FHIR resources as JSON...                                                     (00:00.005 / 00:10.144, 24Mb)
Sushi: info  Exported 27 FHIR resources as JSON.                                                     (00:00.070 / 00:10.215, 24Mb)
Sushi: info  Assembling Implementation Guide sources...                                              (00:00.002 / 00:10.217, 24Mb)
Sushi: info  Generated ImplementationGuide-ans.fhir.fr.pdsm.json                                     (00:00.039 / 00:10.256, 24Mb)
Sushi: info  Assembled Implementation Guide sources; ready for IG Publisher.                         (00:00.000 / 00:10.257, 24Mb)
Sushi: ========================= SUSHI RESULTS ===========================                           (00:00.000 / 00:10.258, 24Mb)
Sushi: |  -------------------------------------------------------------  |                           (00:00.000 / 00:10.259, 24Mb)
Sushi: | |    Profiles   |  Extensions  |   Logicals   |   Resources   | |                           (00:00.000 / 00:10.259, 24Mb)
Sushi: | |-------------------------------------------------------------| |                           (00:00.000 / 00:10.260, 24Mb)
Sushi: | |       7       |      2       |      0       |       0       | |                           (00:00.000 / 00:10.261, 24Mb)
Sushi: |  -------------------------------------------------------------  |                           (00:00.000 / 00:10.261, 24Mb)
Sushi: |  -------------------------------------------------------------  |                           (00:00.000 / 00:10.262, 24Mb)
Sushi: | |      ValueSets     |    CodeSystems    |     Instances      | |                           (00:00.000 / 00:10.263, 24Mb)
Sushi: | |-------------------------------------------------------------| |                           (00:00.000 / 00:10.263, 24Mb)
Sushi: | |         0          |         0         |         20         | |                           (00:00.000 / 00:10.264, 24Mb)
Sushi: |  -------------------------------------------------------------  |                           (00:00.000 / 00:10.265, 24Mb)
Sushi: |                                                                 |                           (00:00.000 / 00:10.265, 24Mb)
Sushi: ===================================================================                           (00:00.000 / 00:10.266, 24Mb)
Sushi: | You're in the swim of things now!      0 Errors      0 Warnings |                           (00:00.000 / 00:10.266, 24Mb)
Sushi: ===================================================================                           (00:00.000 / 00:10.267, 24Mb)
Root directory: /tmp/ig-builds/ans.fhir.fr.pdsm#3.1.1                                                (00:00.012 / 00:10.280, 24Mb)
Unable to load IG as an r5 IG - try R4 (property code is a class com.google.gson.JsonPrimitive looking for an object) (00:00.448 / 00:10.729, 60Mb)
Load Template from https://github.com/ansforge/IG-template                                           (00:00.440 / 00:11.169, 31Mb)
 Load Template from fhir.base.template#current                                                       (00:00.869 / 00:12.039, 58Mb)
Scanning directory: /tmp/ig-builds/ans.fhir.fr.pdsm#3.1.1/template
======================================================================
Terminology Cache is at /tmp/ig-builds/ans.fhir.fr.pdsm#3.1.1/input-cache/txcache. Clearing now      (00:02.947 / 00:14.986, 166Mb)
Core Package hl7.fhir.r4.core#4.0.1                                                                  (00:00.001 / 00:14.988, 166Mb)
Running Terminology Log: /tmp/ohfu-fhir-ig-15163392824534645840.html
Connect to Terminology Server at http://tx.fhir.org                                                  (00:03.282 / 00:18.270, 511Mb)
[39mLoad Package hl7.fhir.pubpack#0.2.3
[0;39m[39mLoad Package hl7.fhir.xver-extensions#0.1.0
[0;39m[39mLoad Package hl7.terminology.r4#7.0.1
[0;39m[39mLoad Package hl7.fhir.uv.extensions.r4#5.2.0
[0;39m[39mLoad Package hl7.terminology.r4#5.0.0
[0;39m[39mLoad Package hl7.terminology.r4#4.0.0
[0;39m[39mLoad Package ihe.iti.balp#1.1.1
[0;39m[39mLoad Package ihe.formatcode.fhir#1.1.0
[0;39m[39mLoad Package ihe.iti.mhd#4.2.0
[0;39m[39mLoad Package hl7.terminology.r4#6.0.2
[0;39m[39mLoad Package hl7.fhir.uv.extensions.r4#5.1.0
[0;39m[39mLoad Package ans.fr.nos#1.3.0
[0;39m[39mLoad Package hl7.fhir.fr.core#2.1.0
[0;39m[39mLoad Package hl7.terminology.r4#6.2.0
[0;39m[39mLoad Package ans.fr.nos#1.5.0
[0;39m[39mLoad Package hl7.terminology.r4#5.5.0
[0;39m[39mLoad Package ans.fhir.fr.annuaire#1.1.0
[0;39m[39mLoad Package hl7.fhir.fr.core#2.1.0
[0;39m[39mLoad Package hl7.terminology.r4#6.5.0
[0;39m[39mLoad Package fhir.dicom#2022.4.20221006
[0;39m[39mLoad Package hl7.fhir.uv.ips#1.1.0
[0;39m[39mLoad Package ans.fr.terminologies#1.4.0
[0;39m[39mLoad Package hl7.fhir.uv.tools.r4#0.9.0
[0;39mLoad R5 Specials
Cannot find or generate snapshot for base definition http://hl7.org/fhir/StructureDefinition/CanonicalResource from http://hl7.org/fhir/StructureDefinition/TestCases
Initialization complete                                                                              (00:22.110 / 00:40.381, 1010Mb)
Load IG                                                                                              (00:00.000 / 00:40.382, 1010Mb)
Load Content                                                                                         (00:00.003 / 00:40.385, 1010Mb)
Using fr_FR as the default narrative language. (inferred from ImplementationGuide.jurisdiction=FR)   (00:00.080 / 00:40.465, 1017Mb)
Process Loaded Resources                                                                             (00:00.882 / 00:41.348, 1Gb)
Generating Snapshots                                                                                 (00:00.227 / 00:41.575, 1Gb)

Signing Certificate: RSA key for Subject: OU=IG Publisher, L=Ann Arbor, CN=hl7.org, O=HL7, ST=Missouri, C=us from: OU=IG Publisher, L=Ann Arbor, CN=hl7.org, O=HL7, ST=Missouri, C=us
Fetch https://interop.esante.gouv.fr/ig/fhir/pdsm/package-list.json for version check                (00:00.914 / 00:42.490, 953Mb)
Checking Language                                                                                    (00:00.717 / 00:43.207, 956Mb)
Load Dependency Info                                                                                 (00:00.002 / 00:43.210, 956Mb)
Load Info                                                                                            (00:00.001 / 00:43.211, 956Mb)
Load Paths                                                                                           (00:00.000 / 00:43.212, 957Mb)
Check R4 / R4B                                                                                       (00:00.000 / 00:43.213, 957Mb)
Assign Comparison Ids                                                                                (00:00.026 / 00:43.239, 962Mb)
Propagating status                                                                                   (00:00.000 / 00:43.240, 962Mb)
Generating Narratives                                                                                (00:00.000 / 00:43.240, 962Mb)
Validating Conformance Resources                                                                     (00:04.135 / 00:47.376, 1Gb)
Check profiles & code systems                                                                        (00:18.150 / 01:05.526, 1Gb)
Check realm rules                                                                                    (00:00.003 / 01:05.529, 1Gb)
Previous Version Comparison                                                                          (00:00.000 / 01:05.530, 1Gb)
Checking for Bundles to sign                                                                         (00:12.108 / 01:17.639, 2Gb)
Validating Resources                                                                                 (00:00.000 / 01:17.640, 2Gb)
Processing Provenance Records                                                                        (00:06.961 / 01:24.601, 1Gb)
Generating Outputs in /tmp/ig-builds/ans.fhir.fr.pdsm#3.1.1/output                                   (00:00.000 / 01:24.602, 1Gb)
Generate Native Outputs                                                                              (00:00.277 / 01:24.879, 1Gb)
Run Template                                                                                         (00:02.310 / 01:27.190, 2Gb)
Generate HTML Outputs                                                                                (00:01.913 / 01:29.103, 2Gb)
Generate Spreadsheets                                                                                (00:04.641 / 01:33.745, 1Gb)
Generate Summaries                                                                                   (00:04.010 / 01:37.755, 2Gb)
Generating Summary Outputs                                                                           (00:00.000 / 01:37.756, 2Gb)
Unable to find 3-character code having same country code as ISO 2-char code AA - User-assigned       (00:11.212 / 01:48.968, 1Gb)
Unable to find 3-character code having same country code as ISO 2-char code QM - User-assigned       (00:00.000 / 01:48.969, 1Gb)
Unable to find 3-character code having same country code as ISO 2-char code QN - User-assigned       (00:00.000 / 01:48.970, 1Gb)
Unable to find 3-character code having same country code as ISO 2-char code QO - User-assigned       (00:00.000 / 01:48.971, 1Gb)
Unable to find 3-character code having same country code as ISO 2-char code QP - User-assigned       (00:00.000 / 01:48.971, 1Gb)
Unable to find 3-character code having same country code as ISO 2-char code QQ - User-assigned       (00:00.000 / 01:48.972, 1Gb)
Unable to find 3-character code having same country code as ISO 2-char code QR - User-assigned       (00:00.000 / 01:48.973, 1Gb)
Unable to find 3-character code having same country code as ISO 2-char code QS - User-assigned       (00:00.000 / 01:48.973, 1Gb)
Unable to find 3-character code having same country code as ISO 2-char code QT - User-assigned       (00:00.000 / 01:48.974, 1Gb)
Unable to find 3-character code having same country code as ISO 2-char code QU - User-assigned       (00:00.000 / 01:48.974, 1Gb)
Unable to find 3-character code having same country code as ISO 2-char code QV - User-assigned       (00:00.000 / 01:48.975, 1Gb)
Unable to find 3-character code having same country code as ISO 2-char code QW - User-assigned       (00:00.000 / 01:48.976, 1Gb)
Unable to find 3-character code having same country code as ISO 2-char code QX - User-assigned       (00:00.000 / 01:48.977, 1Gb)
Unable to find 3-character code having same country code as ISO 2-char code QY - User-assigned       (00:00.000 / 01:48.977, 1Gb)
Unable to find 3-character code having same country code as ISO 2-char code QZ - User-assigned       (00:00.000 / 01:48.978, 1Gb)
Unable to find 3-character code having same country code as ISO 2-char code XA - User-assigned       (00:00.000 / 01:48.979, 1Gb)
Unable to find 3-character code having same country code as ISO 2-char code XB - User-assigned       (00:00.000 / 01:48.979, 1Gb)
Unable to find 3-character code having same country code as ISO 2-char code XC - User-assigned       (00:00.000 / 01:48.980, 1Gb)
Unable to find 3-character code having same country code as ISO 2-char code XD - User-assigned       (00:00.000 / 01:48.980, 1Gb)
Unable to find 3-character code having same country code as ISO 2-char code XE - User-assigned       (00:00.000 / 01:48.981, 1Gb)
Unable to find 3-character code having same country code as ISO 2-char code XF - User-assigned       (00:00.000 / 01:48.981, 1Gb)
Unable to find 3-character code having same country code as ISO 2-char code XG - User-assigned       (00:00.000 / 01:48.982, 1Gb)
Unable to find 3-character code having same country code as ISO 2-char code XH - User-assigned       (00:00.000 / 01:48.982, 1Gb)
Unable to find 3-character code having same country code as ISO 2-char code XI - User-assigned       (00:00.000 / 01:48.983, 1Gb)
Unable to find 3-character code having same country code as ISO 2-char code XJ - User-assigned       (00:00.000 / 01:48.983, 1Gb)
Unable to find 3-character code having same country code as ISO 2-char code XK - Kosovo              (00:00.000 / 01:48.983, 1Gb)
Unable to find 3-character code having same country code as ISO 2-char code XL - User-assigned       (00:00.000 / 01:48.984, 1Gb)
Unable to find 3-character code having same country code as ISO 2-char code XM - User-assigned       (00:00.000 / 01:48.984, 1Gb)
Unable to find 3-character code having same country code as ISO 2-char code XN - User-assigned       (00:00.000 / 01:48.985, 1Gb)
Unable to find 3-character code having same country code as ISO 2-char code XO - User-assigned       (00:00.000 / 01:48.985, 1Gb)
Unable to find 3-character code having same country code as ISO 2-char code XP - User-assigned       (00:00.000 / 01:48.985, 1Gb)
Unable to find 3-character code having same country code as ISO 2-char code XQ - User-assigned       (00:00.000 / 01:48.986, 1Gb)
Unable to find 3-character code having same country code as ISO 2-char code XR - User-assigned       (00:00.000 / 01:48.986, 1Gb)
Unable to find 3-character code having same country code as ISO 2-char code XS - User-assigned       (00:00.000 / 01:48.986, 1Gb)
Unable to find 3-character code having same country code as ISO 2-char code XT - User-assigned       (00:00.000 / 01:48.987, 1Gb)
Unable to find 3-character code having same country code as ISO 2-char code XU - User-assigned       (00:00.000 / 01:48.987, 1Gb)
Unable to find 3-character code having same country code as ISO 2-char code XV - User-assigned       (00:00.000 / 01:48.988, 1Gb)
Unable to find 3-character code having same country code as ISO 2-char code XW - User-assigned       (00:00.000 / 01:48.988, 1Gb)
Unable to find 3-character code having same country code as ISO 2-char code XX - Unknown             (00:00.000 / 01:48.988, 1Gb)
Unable to find 3-character code having same country code as ISO 2-char code XY - User-assigned       (00:00.000 / 01:48.989, 1Gb)
Unable to find 3-character code having same country code as ISO 2-char code XZ - International Waters (00:00.000 / 01:48.989, 1Gb)
Unable to find 3-character code having same country code as ISO 2-char code ZZ - Unknown or Invalid Territory (00:00.000 / 01:48.990, 1Gb)
DB Cumulative Time invested: 00:00:00.160
Sending Usage Stats to Server                                                                        (00:00.075 / 01:49.065, 1Gb)
## Memory (MB): Use = 1955, Free = 614, Total = 2570, Max = 4000                                     (00:00.003 / 01:49.068, 1Gb)
Reclaiming memory...                                                                                 (00:00.000 / 01:49.068, 1Gb)
## Memory (MB): Use = 1601, Free = 1076, Total = 2678, Max = 4000                                    (00:00.780 / 01:49.849, 1Gb)
Run jekyll: jekyll build --destination "/tmp/ig-builds/ans.fhir.fr.pdsm#3.1.1/output" (in folder /tmp/ig-builds/ans.fhir.fr.pdsm#3.1.1/temp/pages) (00:00.001 / 01:49.850, 1Gb)
Troubleshooting Note: usual cases for Jekyll to fail are:                                            (00:00.000 / 01:49.850, 1Gb)
* A failure to produce a fragment that is already logged in the output above                         (00:00.000 / 01:49.851, 1Gb)
* A reference to a manually edited file that hasn't been provided                                    (00:00.000 / 01:49.851, 1Gb)
Jekyll: Source: /tmp/ig-builds/ans.fhir.fr.pdsm#3.1.1/temp/pages                                     (00:00.534 / 01:50.386, 1Gb)
Jekyll: Generating...                                                                                (00:00.000 / 01:50.386, 1Gb)
Jekyll: done in 1.438 seconds.                                                                       (00:01.437 / 01:51.824, 1Gb)
[39m
[0;39m[39mInstalling ans.fhir.fr.pdsm#3.1.1
[0;39m[39m done.
[0;39mChecking Output HTML                                                                                 (00:01.585 / 01:53.409, 1Gb)
Processed /tmp/ig-builds/ans.fhir.fr.pdsm#3.1.1/output - % reduction = 100 (36895486 ==> 319421)
found 1024 files                                                                                     (00:00.666 / 01:54.076, 2Gb)
........................................
........................................
  ... 1024 html files, 1 page invalid xhtml (0%)                                                     (00:09.444 / 02:03.521, 2Gb)
  ... 161932 links, 5 broken link (0%)                                                               (00:00.000 / 02:03.521, 2Gb)
Generate fragment-usage-analysis.csv                                                                 (00:00.000 / 02:03.522, 2Gb)
Build final .zip                                                                                     (00:00.008 / 02:03.530, 2Gb)
Final .zip built                                                                                     (00:02.261 / 02:05.791, 3Gb)
Built. Times: loading: 00:02.822, generate: 01:26.479, narrative generation: 00:04.134, realm-rules: 00:00.000, previous-version: 00:12.092, jekyll: 00:01.988, validation: 00:25.084 (#28), template: 00:01.918 (#3) (00:03.896 / 02:09.688, 1Gb)
Generating QA                                                                                        (00:00.001 / 02:09.689, 1Gb)
Validation output in /tmp/ig-builds/ans.fhir.fr.pdsm#3.1.1/output/qa.html
Errors: 26, Warnings: 100, Info: 63, Broken Links: 6 (00:00.335 / 02:10.024, 1Gb)
Finished @ 15/01/2026 13:28. Max Memory Used = 3Gb. Log file saved in /tmp/fhir-ig-publisher-tmp.log (00:00.013 / 02:10.038, 1Gb)
Prepare Build space in /tmp/ig-builds/ans.fhir.fr.pdsm#3.1.1-milestone
Build IG at /home/runner/work/IG-fhir-partage-de-documents-de-sante/IG-fhir-partage-de-documents-de-sante/./igSource: final copy suitable for publication (in /tmp/ig-builds/ans.fhir.fr.pdsm#3.1.1-milestone) (milestone build)
FHIR IG Publisher Version 2.0.29 (Git# 826a7eb003d6). Built 2025-12-17T01:19:30.102Z (29 days old)  
Detected Java version: 17.0.10 from /opt/hostedtoolcache/Java_Microsoft_jdk/17.0.10/x64 on Linux/amd64 (64bit). 4000MB available
dir = /home/runner/work/IG-fhir-partage-de-documents-de-sante/IG-fhir-partage-de-documents-de-sante, path = /opt/hostedtoolcache/Ruby/3.3.10/x64/bin:/opt/hostedtoolcache/node/20.19.6/x64/bin:/opt/hostedtoolcache/Java_Microsoft_jdk/17.0.10/x64/bin:/snap/bin:/home/runner/.local/bin:/opt/pipx_bin:/home/runner/.cargo/bin:/home/runner/.config/composer/vendor/bin:/usr/local/.ghcup/bin:/home/runner/.dotnet/tools:/usr/local/sbin:/usr/local/bin:/usr/sbin:/usr/bin:/sbin:/bin:/usr/games:/usr/local/games:/snap/bin
Parameters: -publish https://interop.esante.gouv.fr/ig/fhir/pdsm/3.1.1 -no-exit -ig /tmp/ig-builds/ans.fhir.fr.pdsm#3.1.1-milestone -milestone
Character encoding = UTF-8 / UTF-8                                                                  
Start Clock @ Thursday, January 15, 2026 at 1:28:31 PM Coordinated Universal Time (2026-01-15T13:28:31Z)
                                                                                                    
Build FHIR IG from /tmp/ig-builds/ans.fhir.fr.pdsm#3.1.1-milestone                                   (00:00.002 / 00:00.002, 1Gb)
Build Formal Publication package, intended for https://interop.esante.gouv.fr/ig/fhir/pdsm/3.1.1     (00:00.000 / 00:00.002, 1Gb)
API keys loaded from /home/runner/.fhir/fhir-settings.json                                           (00:00.000 / 00:00.002, 1Gb)
Package Cache: /home/runner/.fhir/packages                                                           (00:00.000 / 00:00.003, 1Gb)
Run Sushi on /tmp/ig-builds/ans.fhir.fr.pdsm#3.1.1-milestone                                         (00:00.000 / 00:00.003, 1Gb)
Sushi: info  Running SUSHI v3.17.0 (implements FHIR Shorthand specification v3.0.0)                  (00:00.412 / 00:00.416, 1Gb)
Sushi: info  Arguments:                                                                              (00:00.000 / 00:00.417, 1Gb)
Sushi: info    --require-latest                                                                      (00:00.000 / 00:00.417, 1Gb)
Sushi: info    --out /tmp/ig-builds/ans.fhir.fr.pdsm#3.1.1-milestone                                 (00:00.000 / 00:00.418, 1Gb)
Sushi: info    /tmp/ig-builds/ans.fhir.fr.pdsm#3.1.1-milestone                                       (00:00.000 / 00:00.418, 1Gb)
Sushi: info  Using configuration file: /tmp/ig-builds/ans.fhir.fr.pdsm#3.1.1-milestone/sushi-config.yaml (00:00.400 / 00:00.819, 1Gb)
Sushi: info  Importing FSH text...                                                                   (00:00.105 / 00:00.924, 1Gb)
Sushi: info  Preprocessed 26 documents with 29 aliases.                                              (00:00.215 / 00:01.139, 1Gb)
Sushi: info  Imported 9 definitions and 20 instances.                                                (00:00.019 / 00:01.159, 1Gb)
Sushi: info  Loaded virtual package sushi-r5forR4#1.0.0 with 7 resources                             (00:00.100 / 00:01.259, 1Gb)
Sushi: info  Resolved hl7.fhir.uv.tools.r4#latest to concrete version 0.9.0                          (00:00.493 / 00:01.752, 1Gb)
Sushi: info  Loaded hl7.fhir.uv.tools.r4#0.9.0 with 117 resources                                    (00:00.050 / 00:01.803, 1Gb)
Sushi: info  Resolved hl7.terminology.r4#latest to concrete version 7.0.1                            (00:00.105 / 00:01.908, 1Gb)
Sushi: info  Loaded hl7.terminology.r4#7.0.1 with 4096 resources                                     (00:00.925 / 00:02.834, 1Gb)
Sushi: info  Loaded ihe.iti.mhd#4.2.0 with 65 resources                                              (00:00.035 / 00:02.870, 1Gb)
Sushi: info  Loaded ans.fhir.fr.annuaire#1.1.0 with 65 resources                                     (00:00.049 / 00:02.919, 1Gb)
Sushi: info  Loaded hl7.fhir.fr.core#2.1.0 with 120 resources                                        (00:00.050 / 00:02.970, 1Gb)
Sushi: info  Resolved ans.fr.terminologies#latest to concrete version 1.4.0                          (00:00.105 / 00:03.075, 1Gb)
Sushi: info  Loaded ans.fr.terminologies#1.4.0 with 1050 resources                                   (00:00.311 / 00:03.386, 1Gb)
Sushi: info  Loaded hl7.fhir.r4.core#4.0.1 with 4581 resources                                       (00:00.850 / 00:04.237, 1Gb)
Sushi: info  Resolved hl7.fhir.uv.extensions.r4#latest to concrete version 5.2.0                     (00:00.120 / 00:04.357, 1Gb)
Sushi: info  Loaded hl7.fhir.uv.extensions.r4#5.2.0 with 759 resources                               (00:00.202 / 00:04.559, 1Gb)
Sushi: info  Loaded virtual package sushi-local#LOCAL with 0 resources                               (00:00.020 / 00:04.580, 1Gb)
Sushi: info  Converting FSH to FHIR resources...                                                     (00:00.022 / 00:04.602, 1Gb)
Sushi: info  Converted 9 FHIR StructureDefinitions.                                                  (00:01.248 / 00:05.851, 1Gb)
Sushi: info  Converted 20 FHIR instances.                                                            (00:01.355 / 00:07.206, 1Gb)
Sushi: info  Exporting FHIR resources as JSON...                                                     (00:00.005 / 00:07.212, 1Gb)
Sushi: info  Exported 27 FHIR resources as JSON.                                                     (00:00.073 / 00:07.286, 1Gb)
Sushi: info  Assembling Implementation Guide sources...                                              (00:00.002 / 00:07.288, 1Gb)
Sushi: info  Generated ImplementationGuide-ans.fhir.fr.pdsm.json                                     (00:00.034 / 00:07.322, 1Gb)
Sushi: info  Assembled Implementation Guide sources; ready for IG Publisher.                         (00:00.000 / 00:07.323, 1Gb)
Sushi: ========================= SUSHI RESULTS ===========================                           (00:00.001 / 00:07.324, 1Gb)
Sushi: |  -------------------------------------------------------------  |                           (00:00.000 / 00:07.324, 1Gb)
Sushi: | |    Profiles   |  Extensions  |   Logicals   |   Resources   | |                           (00:00.000 / 00:07.325, 1Gb)
Sushi: | |-------------------------------------------------------------| |                           (00:00.000 / 00:07.325, 1Gb)
Sushi: | |       7       |      2       |      0       |       0       | |                           (00:00.000 / 00:07.326, 1Gb)
Sushi: |  -------------------------------------------------------------  |                           (00:00.000 / 00:07.326, 1Gb)
Sushi: |  -------------------------------------------------------------  |                           (00:00.000 / 00:07.326, 1Gb)
Sushi: | |      ValueSets     |    CodeSystems    |     Instances      | |                           (00:00.000 / 00:07.327, 1Gb)
Sushi: | |-------------------------------------------------------------| |                           (00:00.000 / 00:07.327, 1Gb)
Sushi: | |         0          |         0         |         20         | |                           (00:00.000 / 00:07.328, 1Gb)
Sushi: |  -------------------------------------------------------------  |                           (00:00.000 / 00:07.328, 1Gb)
Sushi: |                                                                 |                           (00:00.000 / 00:07.328, 1Gb)
Sushi: ===================================================================                           (00:00.000 / 00:07.329, 1Gb)
Sushi: | You're piranha roll now!               0 Errors      0 Warnings |                           (00:00.000 / 00:07.329, 1Gb)
Sushi: ===================================================================                           (00:00.000 / 00:07.329, 1Gb)
Root directory: /tmp/ig-builds/ans.fhir.fr.pdsm#3.1.1-milestone                                      (00:00.016 / 00:07.346, 1Gb)
Unable to load IG as an r5 IG - try R4 (property code is a class com.google.gson.JsonPrimitive looking for an object) (00:00.004 / 00:07.351, 1Gb)
Load Template from https://github.com/ansforge/IG-template                                           (00:00.016 / 00:07.367, 1Gb)
 Load Template from fhir.base.template#current                                                       (00:00.335 / 00:07.703, 1Gb)
Scanning directory: /tmp/ig-builds/ans.fhir.fr.pdsm#3.1.1-milestone/template
======================================================================
Terminology Cache is at /tmp/ig-builds/ans.fhir.fr.pdsm#3.1.1-milestone/input-cache/txcache. 14 files in cache (00:01.691 / 00:09.395, 1Gb)
Core Package hl7.fhir.r4.core#4.0.1                                                                  (00:00.000 / 00:09.395, 1Gb)
Running Terminology Log: /tmp/ohfu-fhir-ig-1644531363672642433.html
Connect to Terminology Server at http://tx.fhir.org                                                  (00:02.202 / 00:11.598, 2Gb)
[39mLoad Package hl7.fhir.pubpack#0.2.3
[0;39m[39mLoad Package hl7.fhir.xver-extensions#0.1.0
[0;39m[39mLoad Package hl7.terminology.r4#7.0.1
[0;39m[39mLoad Package hl7.fhir.uv.extensions.r4#5.2.0
[0;39m[39mLoad Package hl7.terminology.r4#5.0.0
[0;39m[39mLoad Package hl7.terminology.r4#4.0.0
[0;39m[39mLoad Package ihe.iti.balp#1.1.1
[0;39m[39mLoad Package ihe.formatcode.fhir#1.1.0
[0;39m[39mLoad Package ihe.iti.mhd#4.2.0
[0;39m[39mLoad Package hl7.terminology.r4#6.0.2
[0;39m[39mLoad Package hl7.fhir.uv.extensions.r4#5.1.0
[0;39m[39mLoad Package ans.fr.nos#1.3.0
[0;39m[39mLoad Package hl7.fhir.fr.core#2.1.0
[0;39m[39mLoad Package hl7.terminology.r4#6.2.0
[0;39m[39mLoad Package ans.fr.nos#1.5.0
[0;39m[39mLoad Package hl7.terminology.r4#5.5.0
[0;39m[39mLoad Package ans.fhir.fr.annuaire#1.1.0
[0;39m[39mLoad Package hl7.fhir.fr.core#2.1.0
[0;39m[39mLoad Package hl7.terminology.r4#6.5.0
[0;39m[39mLoad Package fhir.dicom#2022.4.20221006
[0;39m[39mLoad Package hl7.fhir.uv.ips#1.1.0
[0;39m[39mLoad Package ans.fr.terminologies#1.4.0
[0;39m[39mLoad Package hl7.fhir.uv.tools.r4#0.9.0
[0;39mLoad R5 Specials
Cannot find or generate snapshot for base definition http://hl7.org/fhir/StructureDefinition/CanonicalResource from http://hl7.org/fhir/StructureDefinition/TestCases
Initialization complete                                                                              (00:18.721 / 00:30.319, 2Gb)
Load IG                                                                                              (00:00.000 / 00:30.320, 2Gb)
Load Content                                                                                         (00:00.002 / 00:30.323, 2Gb)
Using fr_FR as the default narrative language. (inferred from ImplementationGuide.jurisdiction=FR)   (00:00.014 / 00:30.337, 2Gb)
Process Loaded Resources                                                                             (00:00.376 / 00:30.714, 2Gb)
Generating Snapshots                                                                                 (00:00.253 / 00:30.968, 2Gb)

Signing Certificate: RSA key for Subject: OU=IG Publisher, L=Ann Arbor, CN=hl7.org, O=HL7, ST=Missouri, C=us from: OU=IG Publisher, L=Ann Arbor, CN=hl7.org, O=HL7, ST=Missouri, C=us
Fetch https://interop.esante.gouv.fr/ig/fhir/pdsm/package-list.json for version check                (00:00.460 / 00:31.428, 3Gb)
Checking Language                                                                                    (00:00.710 / 00:32.139, 3Gb)
Load Dependency Info                                                                                 (00:00.001 / 00:32.141, 3Gb)
Load Info                                                                                            (00:00.000 / 00:32.142, 3Gb)
Load Paths                                                                                           (00:00.000 / 00:32.143, 3Gb)
Check R4 / R4B                                                                                       (00:00.000 / 00:32.143, 3Gb)
Assign Comparison Ids                                                                                (00:00.005 / 00:32.149, 3Gb)
Propagating status                                                                                   (00:00.000 / 00:32.150, 3Gb)
Generating Narratives                                                                                (00:00.000 / 00:32.150, 3Gb)
Validating Conformance Resources                                                                     (00:01.611 / 00:33.761, 2Gb)
Check profiles & code systems                                                                        (00:19.684 / 00:53.445, 2Gb)
Check realm rules                                                                                    (00:00.001 / 00:53.447, 2Gb)
Previous Version Comparison                                                                          (00:00.000 / 00:53.448, 2Gb)
Checking for Bundles to sign                                                                         (00:11.757 / 01:05.205, 2Gb)
Validating Resources                                                                                 (00:00.000 / 01:05.206, 2Gb)
Processing Provenance Records                                                                        (00:05.889 / 01:11.096, 3Gb)
Generating Outputs in /tmp/ig-builds/ans.fhir.fr.pdsm#3.1.1-milestone/output                         (00:00.000 / 01:11.097, 3Gb)
Generate Native Outputs                                                                              (00:00.124 / 01:11.221, 3Gb)
Run Template                                                                                         (00:02.195 / 01:13.417, 3Gb)
Generate HTML Outputs                                                                                (00:01.282 / 01:14.699, 3Gb)
Generate Spreadsheets                                                                                (00:05.053 / 01:19.752, 3Gb)
Generate Summaries                                                                                   (00:02.291 / 01:22.044, 3Gb)
Generating Summary Outputs                                                                           (00:00.000 / 01:22.044, 3Gb)
Unable to find 3-character code having same country code as ISO 2-char code AA - User-assigned       (00:08.683 / 01:30.728, 3Gb)
Unable to find 3-character code having same country code as ISO 2-char code QM - User-assigned       (00:00.001 / 01:30.729, 3Gb)
Unable to find 3-character code having same country code as ISO 2-char code QN - User-assigned       (00:00.000 / 01:30.730, 3Gb)
Unable to find 3-character code having same country code as ISO 2-char code QO - User-assigned       (00:00.000 / 01:30.731, 3Gb)
Unable to find 3-character code having same country code as ISO 2-char code QP - User-assigned       (00:00.000 / 01:30.732, 3Gb)
Unable to find 3-character code having same country code as ISO 2-char code QQ - User-assigned       (00:00.000 / 01:30.733, 3Gb)
Unable to find 3-character code having same country code as ISO 2-char code QR - User-assigned       (00:00.000 / 01:30.734, 3Gb)
Unable to find 3-character code having same country code as ISO 2-char code QS - User-assigned       (00:00.000 / 01:30.735, 3Gb)
Unable to find 3-character code having same country code as ISO 2-char code QT - User-assigned       (00:00.000 / 01:30.735, 3Gb)
Unable to find 3-character code having same country code as ISO 2-char code QU - User-assigned       (00:00.000 / 01:30.736, 3Gb)
Unable to find 3-character code having same country code as ISO 2-char code QV - User-assigned       (00:00.000 / 01:30.737, 3Gb)
Unable to find 3-character code having same country code as ISO 2-char code QW - User-assigned       (00:00.000 / 01:30.738, 3Gb)
Unable to find 3-character code having same country code as ISO 2-char code QX - User-assigned       (00:00.000 / 01:30.739, 3Gb)
Unable to find 3-character code having same country code as ISO 2-char code QY - User-assigned       (00:00.000 / 01:30.740, 3Gb)
Unable to find 3-character code having same country code as ISO 2-char code QZ - User-assigned       (00:00.000 / 01:30.740, 3Gb)
Unable to find 3-character code having same country code as ISO 2-char code XA - User-assigned       (00:00.000 / 01:30.741, 3Gb)
Unable to find 3-character code having same country code as ISO 2-char code XB - User-assigned       (00:00.000 / 01:30.742, 3Gb)
Unable to find 3-character code having same country code as ISO 2-char code XC - User-assigned       (00:00.000 / 01:30.742, 3Gb)
Unable to find 3-character code having same country code as ISO 2-char code XD - User-assigned       (00:00.000 / 01:30.742, 3Gb)
Unable to find 3-character code having same country code as ISO 2-char code XE - User-assigned       (00:00.000 / 01:30.743, 3Gb)
Unable to find 3-character code having same country code as ISO 2-char code XF - User-assigned       (00:00.000 / 01:30.743, 3Gb)
Unable to find 3-character code having same country code as ISO 2-char code XG - User-assigned       (00:00.000 / 01:30.744, 3Gb)
Unable to find 3-character code having same country code as ISO 2-char code XH - User-assigned       (00:00.000 / 01:30.744, 3Gb)
Unable to find 3-character code having same country code as ISO 2-char code XI - User-assigned       (00:00.000 / 01:30.744, 3Gb)
Unable to find 3-character code having same country code as ISO 2-char code XJ - User-assigned       (00:00.000 / 01:30.745, 3Gb)
Unable to find 3-character code having same country code as ISO 2-char code XK - Kosovo              (00:00.000 / 01:30.745, 3Gb)
Unable to find 3-character code having same country code as ISO 2-char code XL - User-assigned       (00:00.000 / 01:30.746, 3Gb)
Unable to find 3-character code having same country code as ISO 2-char code XM - User-assigned       (00:00.000 / 01:30.746, 3Gb)
Unable to find 3-character code having same country code as ISO 2-char code XN - User-assigned       (00:00.000 / 01:30.746, 3Gb)
Unable to find 3-character code having same country code as ISO 2-char code XO - User-assigned       (00:00.000 / 01:30.747, 3Gb)
Unable to find 3-character code having same country code as ISO 2-char code XP - User-assigned       (00:00.000 / 01:30.747, 3Gb)
Unable to find 3-character code having same country code as ISO 2-char code XQ - User-assigned       (00:00.000 / 01:30.748, 3Gb)
Unable to find 3-character code having same country code as ISO 2-char code XR - User-assigned       (00:00.000 / 01:30.748, 3Gb)
Unable to find 3-character code having same country code as ISO 2-char code XS - User-assigned       (00:00.000 / 01:30.748, 3Gb)
Unable to find 3-character code having same country code as ISO 2-char code XT - User-assigned       (00:00.000 / 01:30.749, 3Gb)
Unable to find 3-character code having same country code as ISO 2-char code XU - User-assigned       (00:00.000 / 01:30.749, 3Gb)
Unable to find 3-character code having same country code as ISO 2-char code XV - User-assigned       (00:00.000 / 01:30.750, 3Gb)
Unable to find 3-character code having same country code as ISO 2-char code XW - User-assigned       (00:00.000 / 01:30.750, 3Gb)
Unable to find 3-character code having same country code as ISO 2-char code XX - Unknown             (00:00.000 / 01:30.750, 3Gb)
Unable to find 3-character code having same country code as ISO 2-char code XY - User-assigned       (00:00.000 / 01:30.751, 3Gb)
Unable to find 3-character code having same country code as ISO 2-char code XZ - International Waters (00:00.000 / 01:30.751, 3Gb)
Unable to find 3-character code having same country code as ISO 2-char code ZZ - Unknown or Invalid Territory (00:00.000 / 01:30.752, 3Gb)
DB Cumulative Time invested: 00:00:00.140
Sending Usage Stats to Server                                                                        (00:00.040 / 01:30.792, 3Gb)
## Memory (MB): Use = 3516, Free = 483, Total = 4000, Max = 4000                                     (00:00.001 / 01:30.793, 3Gb)
Reclaiming memory...                                                                                 (00:00.000 / 01:30.793, 3Gb)
## Memory (MB): Use = 3167, Free = 832, Total = 4000, Max = 4000                                     (00:01.453 / 01:32.247, 3Gb)
Run jekyll: jekyll build --destination "/tmp/ig-builds/ans.fhir.fr.pdsm#3.1.1-milestone/output" (in folder /tmp/ig-builds/ans.fhir.fr.pdsm#3.1.1-milestone/temp/pages) (00:00.000 / 01:32.248, 3Gb)
Troubleshooting Note: usual cases for Jekyll to fail are:                                            (00:00.000 / 01:32.248, 3Gb)
* A failure to produce a fragment that is already logged in the output above                         (00:00.000 / 01:32.249, 3Gb)
* A reference to a manually edited file that hasn't been provided                                    (00:00.000 / 01:32.249, 3Gb)
Jekyll: Source: /tmp/ig-builds/ans.fhir.fr.pdsm#3.1.1-milestone/temp/pages                           (00:00.375 / 01:32.624, 3Gb)
Jekyll: Generating...                                                                                (00:00.000 / 01:32.625, 3Gb)
Jekyll: done in 1.386 seconds.                                                                       (00:01.385 / 01:34.011, 3Gb)
[39m
[0;39m[39mInstalling ans.fhir.fr.pdsm#3.1.1
[0;39mChecking Output HTML                                                                                 (00:00.989 / 01:35.000, 3Gb)
Processed /tmp/ig-builds/ans.fhir.fr.pdsm#3.1.1-milestone/output - % reduction = 100 (36895696 ==> 319421)
found 1024 files                                                                                     (00:00.864 / 01:35.865, 3Gb)
........................................
........................................
  ... 1024 html files, 1 page invalid xhtml (0%)                                                     (00:09.431 / 01:45.296, 3Gb)
  ... 161932 links, 5 broken link (0%)                                                               (00:00.000 / 01:45.297, 3Gb)
Generate fragment-usage-analysis.csv                                                                 (00:00.000 / 01:45.297, 3Gb)
Build final .zip                                                                                     (00:00.005 / 01:45.303, 3Gb)
Final .zip built                                                                                     (00:01.952 / 01:47.256, 3Gb)
Sending usage stats failed: Connection timed out
Built. Times: loading: 00:01.816, generate: 01:22.294, narrative generation: 00:01.610, realm-rules: 00:00.000, previous-version: 00:11.745, jekyll: 00:01.776, validation: 00:25.555 (#28), template: 00:01.287 (#3) (00:07.177 / 01:54.433, 3Gb)
Generating QA                                                                                        (00:00.001 / 01:54.435, 3Gb)
Validation output in /tmp/ig-builds/ans.fhir.fr.pdsm#3.1.1-milestone/output/qa.html
Errors: 26, Warnings: 100, Info: 63, Broken Links: 6 (00:00.160 / 01:54.596, 3Gb)
Finished @ 15/01/2026 13:30. Max Memory Used = 3Gb. Log file saved in /tmp/fhir-ig-publisher-tmp.log (00:00.013 / 01:54.609, 3Gb)
Keep a copy of the build directory at /tmp/web-root/run-20260115/ig-build-zips/ans.fhir.fr.pdsm#3.1.1.zip

ok. All checks passed. Publish v3.1.1 to /tmp/web-root/run-20260115/pdsm/3.1.1
Copy the IG to /tmp/web-root/run-20260115/pdsm/3.1.1
Update /tmp/web-root/run-20260115/pdsm/package-list.json
Publish Box Statement: This page is part of the Partage de Documents de Santé en mobilité (PDSm) (v3.1.1: Release) based on <a data-no-external="true" href="http://hl7.org/fhir/R4">FHIR (HL7® FHIR® Standard) R4</a>. This is the current published version in its permanent home (it will always be available at this URL).  For a full list of available versions, see the <a data-no-external="true" href="https://interop.esante.gouv.fr/ig/fhir/pdsm/history.html">Directory of published versions</a>
  .. 199 files checked, 199 updated
  .. 103 clones checked, 206 updated
  .. 28 redirections (28 created/updated)
This is a milestone release - publish v3.1.1 to /tmp/web-root/run-20260115/pdsm
Update publish box for version 3.1.0 @ https://interop.esante.gouv.fr/ig/fhir/pdsm/3.1.0
Publish Box Statement: This page is part of the Partage de Documents de Santé en mobilité (PDSm) (v3.1.0: Release) based on <a data-no-external="true" href="http://hl7.org/fhir/R4">FHIR (HL7® FHIR® Standard) R4</a>. The current version which supersedes this version is <a data-no-external="true" href="https://interop.esante.gouv.fr/ig/fhir/pdsm{{fn}}">3.1.1</a>.  For a full list of available versions, see the <a data-no-external="true" href="https://interop.esante.gouv.fr/ig/fhir/pdsm/history.html">Directory of published versions</a>
  .. 164 files checked, 164 updated
  .. 50 clones checked, 0 updated
Update publish box for version 3.1.0-ballot @ https://interop.esante.gouv.fr/ig/fhir/pdsm/3.1.0-ballot
Publish Box Statement: This page is part of the Partage de Documents de Santé en mobilité (PDSm) (v3.1.0-ballot: <a data-no-external="true" href="https://confluence.hl7.org/display/HL7/HL7+Balloting" title="Standard for Trial-Use">STU</a>1 Ballot) based on <a data-no-external="true" href="http://hl7.org/fhir/R4">FHIR (HL7® FHIR® Standard) R4</a>. The current version which supersedes this version is <a data-no-external="true" href="https://interop.esante.gouv.fr/ig/fhir/pdsm{{fn}}">3.1.1</a>.  For a full list of available versions, see the <a data-no-external="true" href="https://interop.esante.gouv.fr/ig/fhir/pdsm/history.html">Directory of published versions</a>
  .. 155 files checked, 155 updated
  .. 92 clones checked, 0 updated
Update publish box for version 3.0.1 @ https://interop.esante.gouv.fr/ig/fhir/pdsm/3.0.1
Publish Box Statement: This page is part of the Partage de Documents de Santé en mobilité (PDSm) (v3.0.1: Release) based on <a data-no-external="true" href="http://hl7.org/fhir/R4">FHIR (HL7® FHIR® Standard) R4</a>. The current version which supersedes this version is <a data-no-external="true" href="https://interop.esante.gouv.fr/ig/fhir/pdsm{{fn}}">3.1.1</a>.  For a full list of available versions, see the <a data-no-external="true" href="https://interop.esante.gouv.fr/ig/fhir/pdsm/history.html">Directory of published versions</a>
  .. 166 files checked, 166 updated
  .. 78 clones checked, 0 updated
Update publish box for version 3.0.0 @ https://interop.esante.gouv.fr/ig/fhir/pdsm/3.0.0
Publish Box Statement: This page is part of the Partage de Documents de Santé en mobilité (PDSm) (v3.0.0: Release) based on <a data-no-external="true" href="http://hl7.org/fhir/R4">FHIR (HL7® FHIR® Standard) R4</a>. The current version which supersedes this version is <a data-no-external="true" href="https://interop.esante.gouv.fr/ig/fhir/pdsm{{fn}}">3.1.1</a>.  For a full list of available versions, see the <a data-no-external="true" href="https://interop.esante.gouv.fr/ig/fhir/pdsm/history.html">Directory of published versions</a>
  .. 166 files checked, 166 updated
  .. 55 clones checked, 0 updated
Publish Box Statement: This page is part of the Partage de Documents de Santé en mobilité (PDSm) (v3.1.1: Release) based on <a data-no-external="true" href="http://hl7.org/fhir/R4">FHIR (HL7® FHIR® Standard) R4</a>. This is the current published version.  For a full list of available versions, see the <a data-no-external="true" href="https://interop.esante.gouv.fr/ig/fhir/pdsm/history.html">Directory of published versions</a>
  .. 199 files checked, 199 updated
  .. 103 clones checked, 206 updated
  .. 28 redirections (28 created/updated)
Check for Files to delete
  ... 0 files
Copy to new IG /tmp/web-root/run-20260115/pdsm
ans.fhir.fr.pdsm (https://interop.esante.gouv.fr/ig/fhir/pdsm): Partage de Documents de Santé en mobilité (PDSm) @ https://ansforge.github.io/IG-fhir-partage-de-documents-de-sante/ig/main
  release: trial-use 3.1.1/4.0.1 @ https://interop.esante.gouv.fr/ig/fhir/pdsm/3.1.1
Build is complete. Copy from /tmp/web-root/run-20260115
Update history page at /tmp/web-root/run-20260115/pdsm from /home/runner/work/IG-fhir-partage-de-documents-de-sante/IG-fhir-partage-de-documents-de-sante/./IG-website-release/fhir-ig-history-template and ./IG-website-release/templates
