FHIR IG Publisher Version 1.7.5 (Git# 2ec44e6c46a5). Built 2024-11-22T15:37:50.312Z (16 days old)
Detected Java version: 17.0.10 from /opt/hostedtoolcache/Java_Microsoft_jdk/17.0.10/x64 on amd64 (64bit). 3996MB available
dir = /home/runner/work/IG-fhir-repertoire-offre-ressources-sante/IG-fhir-repertoire-offre-ressources-sante, path = /opt/hostedtoolcache/Ruby/3.3.6/x64/bin:/usr/share/dotnet:/opt/hostedtoolcache/node/20.18.1/x64/bin:/opt/hostedtoolcache/Java_Microsoft_jdk/17.0.10/x64/bin:/snap/bin:/home/runner/.local/bin:/opt/pipx_bin:/home/runner/.cargo/bin:/home/runner/.config/composer/vendor/bin:/usr/local/.ghcup/bin:/home/runner/.dotnet/tools:/usr/local/sbin:/usr/local/bin:/usr/sbin:/usr/bin:/sbin:/bin:/usr/games:/usr/local/games:/snap/bin
Parameters: -go-publish -source ./igSource -web ./IG-website-release/www/ig/fhir -registry ./IG-website-release/ig-registry/fhir-ig-list.json -history ./IG-website-release/fhir-ig-history-template -templates ./IG-website-release/templates
---------------
Publication Run: publish ./igSource to ./IG-website-release/www/ig/fhir
Run Number: 55
Relative directory for IG is '/ror'
===== Web Publication Run Details ===============================
 Source IG: ans.fhir.fr.ror#0.4.0 : https://interop.esante.gouv.fr/ig/fhir/ror (R4) from ./igSource
All checks passed. Do the publication build from /home/runner/work/IG-fhir-repertoire-offre-ressources-sante/IG-fhir-repertoire-offre-ressources-sante/./igSource and publish to /tmp/web-root/run-20241209/ror
Prepare Build space in /tmp/ans.fhir.fr.ror#0.4.0
Build IG at /home/runner/work/IG-fhir-repertoire-offre-ressources-sante/IG-fhir-repertoire-offre-ressources-sante/./igSource: final copy suitable for publication (in /tmp/ans.fhir.fr.ror#0.4.0)
FHIR IG Publisher Version 1.7.5 (Git# 2ec44e6c46a5). Built 2024-11-22T15:37:50.312Z (16 days old)   
Detected Java version: 17.0.10 from /opt/hostedtoolcache/Java_Microsoft_jdk/17.0.10/x64 on Linux/amd64 (64bit). 3996MB available
dir = /home/runner/work/IG-fhir-repertoire-offre-ressources-sante/IG-fhir-repertoire-offre-ressources-sante, path = /opt/hostedtoolcache/Ruby/3.3.6/x64/bin:/usr/share/dotnet:/opt/hostedtoolcache/node/20.18.1/x64/bin:/opt/hostedtoolcache/Java_Microsoft_jdk/17.0.10/x64/bin:/snap/bin:/home/runner/.local/bin:/opt/pipx_bin:/home/runner/.cargo/bin:/home/runner/.config/composer/vendor/bin:/usr/local/.ghcup/bin:/home/runner/.dotnet/tools:/usr/local/sbin:/usr/local/bin:/usr/sbin:/usr/bin:/sbin:/bin:/usr/games:/usr/local/games:/snap/bin
Parameters: -ig /tmp/ans.fhir.fr.ror#0.4.0 -resetTx -publish https://interop.esante.gouv.fr/ig/fhir/ror/0.4.0 -no-exit
Start Clock @ Monday, December 9, 2024 at 2:28:13 PM Coordinated Universal Time (2024-12-09T14:28:13Z)
                                                                                                    
Build FHIR IG from /tmp/ans.fhir.fr.ror#0.4.0                                                        (00:00.021 / 00:00.021, 114Mb)
Build Formal Publication package, intended for https://interop.esante.gouv.fr/ig/fhir/ror/0.4.0      (00:00.003 / 00:00.024, 114Mb)
API keys loaded from /home/runner/.fhir/fhir-settings.json                                           (00:00.001 / 00:00.025, 114Mb)
Package Cache: /home/runner/.fhir/packages                                                           (00:00.003 / 00:00.029, 114Mb)
Run Sushi on /tmp/ans.fhir.fr.ror#0.4.0                                                              (00:00.002 / 00:00.031, 115Mb)
Sushi: info  Running SUSHI v3.12.1 (implements FHIR Shorthand specification v3.0.0)                  (00:00.675 / 00:00.706, 23Mb)
Sushi: info  Arguments:                                                                              (00:00.001 / 00:00.708, 23Mb)
Sushi: info    --require-latest                                                                      (00:00.001 / 00:00.709, 23Mb)
Sushi: info    --out /tmp/ans.fhir.fr.ror#0.4.0                                                      (00:00.001 / 00:00.710, 23Mb)
Sushi: info    /tmp/ans.fhir.fr.ror#0.4.0                                                            (00:00.001 / 00:00.711, 23Mb)
Sushi: info  Using configuration file: /tmp/ans.fhir.fr.ror#0.4.0/sushi-config.yaml                  (00:00.443 / 00:01.155, 23Mb)
Sushi: info  Importing FSH text...                                                                   (00:00.106 / 00:01.261, 23Mb)
Sushi: info  Preprocessed 104 documents with 106 aliases.                                            (00:00.421 / 00:01.683, 23Mb)
Sushi: info  Imported 62 definitions and 41 instances.                                               (00:00.058 / 00:01.742, 23Mb)
Sushi: info  Checking /home/runner/.fhir/packages for hl7.fhir.uv.tools#current...                   (00:00.001 / 00:01.743, 23Mb)
Sushi: info  Found hl7.fhir.uv.tools#current in /home/runner/.fhir/packages.                         (00:00.075 / 00:01.819, 23Mb)
Sushi: info  Loaded package hl7.fhir.uv.tools#current                                                (00:00.460 / 00:02.279, 23Mb)
Sushi: info  Checking /home/runner/.fhir/packages for hl7.terminology.r4#6.1.0...                    (00:00.658 / 00:02.938, 23Mb)
Sushi: info  Found hl7.terminology.r4#6.1.0 in /home/runner/.fhir/packages.                          (00:00.582 / 00:03.521, 23Mb)
Sushi: info  Loaded package hl7.terminology.r4#6.1.0                                                 (00:00.001 / 00:03.522, 23Mb)
Sushi: info  Checking /home/runner/.fhir/packages for hl7.fhir.uv.extensions.r4#5.1.0...             (00:00.145 / 00:03.668, 23Mb)
Sushi: info  Found hl7.fhir.uv.extensions.r4#5.1.0 in /home/runner/.fhir/packages.                   (00:00.506 / 00:04.174, 23Mb)
Sushi: info  Loaded package hl7.fhir.uv.extensions.r4#5.1.0                                          (00:00.001 / 00:04.175, 23Mb)
Sushi: info  Checking /home/runner/.fhir/packages for ans.annuaire.fhir.r4#0.2.0...                  (00:00.001 / 00:04.177, 23Mb)
Sushi: info  Found ans.annuaire.fhir.r4#0.2.0 in /home/runner/.fhir/packages.                        (00:00.464 / 00:04.641, 23Mb)
Sushi: info  Loaded package ans.annuaire.fhir.r4#0.2.0                                               (00:00.001 / 00:04.642, 23Mb)
Sushi: info  Checking /home/runner/.fhir/packages for hl7.fhir.fr.core#1.1.0...                      (00:00.001 / 00:04.643, 23Mb)
Sushi: info  Found hl7.fhir.fr.core#1.1.0 in /home/runner/.fhir/packages.                            (00:00.515 / 00:05.158, 23Mb)
Sushi: info  Loaded package hl7.fhir.fr.core#1.1.0                                                   (00:00.001 / 00:05.160, 23Mb)
Sushi: info  Checking /home/runner/.fhir/packages for hl7.fhir.uv.bulkdata#2.0.0...                  (00:00.001 / 00:05.161, 23Mb)
Sushi: info  Found hl7.fhir.uv.bulkdata#2.0.0 in /home/runner/.fhir/packages.                        (00:00.510 / 00:05.672, 23Mb)
Sushi: info  Loaded package hl7.fhir.uv.bulkdata#2.0.0                                               (00:00.001 / 00:05.673, 23Mb)
Sushi: info  Checking /home/runner/.fhir/packages for hl7.fhir.r4.core#4.0.1...                      (00:00.001 / 00:05.675, 23Mb)
Sushi: info  Found hl7.fhir.r4.core#4.0.1 in /home/runner/.fhir/packages.                            (00:01.130 / 00:06.806, 23Mb)
Sushi: info  Loaded package hl7.fhir.r4.core#4.0.1                                                   (00:00.001 / 00:06.807, 23Mb)
Sushi: info  Converting FSH to FHIR resources...                                                     (00:00.055 / 00:06.862, 23Mb)
Sushi: info  Converted 54 FHIR StructureDefinitions.                                                 (00:06.133 / 00:12.996, 23Mb)
Sushi: info  Converted 4 FHIR CodeSystems.                                                           (00:00.063 / 00:13.059, 23Mb)
Sushi: info  Converted 4 FHIR ValueSets.                                                             (00:00.047 / 00:13.106, 23Mb)
Sushi: info  Converted 41 FHIR instances.                                                            (00:02.260 / 00:15.367, 23Mb)
Sushi: info  Exporting FHIR resources as JSON...                                                     (00:00.048 / 00:15.416, 23Mb)
Sushi: info  Exported 103 FHIR resources as JSON.                                                    (00:00.132 / 00:15.548, 23Mb)
Sushi: info  Assembling Implementation Guide sources...                                              (00:00.004 / 00:15.552, 23Mb)
Sushi: info  Generated ImplementationGuide-ans.fhir.fr.ror.json                                      (00:00.023 / 00:15.576, 23Mb)
Sushi: info  Assembled Implementation Guide sources; ready for IG Publisher.                         (00:00.001 / 00:15.577, 23Mb)
Sushi: ========================= SUSHI RESULTS ===========================                           (00:00.001 / 00:15.579, 23Mb)
Sushi: |  -------------------------------------------------------------  |                           (00:00.001 / 00:15.580, 23Mb)
Sushi: | |    Profiles   |  Extensions  |   Logicals   |   Resources   | |                           (00:00.000 / 00:15.581, 23Mb)
Sushi: | |-------------------------------------------------------------| |                           (00:00.000 / 00:15.581, 23Mb)
Sushi: | |       9       |      45      |      0       |       0       | |                           (00:00.000 / 00:15.582, 23Mb)
Sushi: |  -------------------------------------------------------------  |                           (00:00.000 / 00:15.583, 23Mb)
Sushi: |  -------------------------------------------------------------  |                           (00:00.000 / 00:15.584, 23Mb)
Sushi: | |      ValueSets     |    CodeSystems    |     Instances      | |                           (00:00.000 / 00:15.585, 23Mb)
Sushi: | |-------------------------------------------------------------| |                           (00:00.000 / 00:15.586, 24Mb)
Sushi: | |         4          |         4         |         41         | |                           (00:00.000 / 00:15.587, 24Mb)
Sushi: |  -------------------------------------------------------------  |                           (00:00.000 / 00:15.588, 24Mb)
Sushi: |                                                                 |                           (00:00.001 / 00:15.589, 24Mb)
Sushi: ===================================================================                           (00:00.001 / 00:15.593, 24Mb)
Sushi: | Fin-tastic job!                        0 Errors      0 Warnings |                           (00:00.003 / 00:15.594, 24Mb)
Sushi: ===================================================================                           (00:00.001 / 00:15.595, 24Mb)
Unable to load IG as an r5 IG - try R4 (property code is a class com.google.gson.JsonPrimitive looking for an object) (00:00.485 / 00:16.080, 56Mb)
Load Template from https://github.com/ansforge/IG-template                                           (00:01.515 / 00:17.595, 74Mb)
 Load Template from fhir.base.template#current                                                       (00:01.738 / 00:19.334, 62Mb)

onLoad.findSpreadsheets:

onLoad.updateIg:
     [xslt] Processing /tmp/ans.fhir.fr.ror#0.4.0/template/onLoad-ig-working.xml to /tmp/ans.fhir.fr.ror#0.4.0/template/onLoad-ig-updated.xml
     [xslt] Loading stylesheet /tmp/ans.fhir.fr.ror#0.4.0/template/scripts/onLoad.xslt

onLoad.extend:

onLoad:
Root directory: /tmp/ans.fhir.fr.ror#0.4.0                                                           (00:03.364 / 00:22.699, 115Mb)
Terminology Cache is at /tmp/ans.fhir.fr.ror#0.4.0/input-cache/txcache. Clearing now                 (00:00.909 / 00:23.608, 89Mb)
Core Package hl7.fhir.r4.core#4.0.1
Unable to generate snapshot @2 for Definition from noname because Profile Definition (http://hl7.org/fhir/StructureDefinition/Definition) has no base and no snapshot
Unable to generate snapshot @2 for Event from noname because Profile Event (http://hl7.org/fhir/StructureDefinition/Event) has no base and no snapshot
Unable to generate snapshot @2 for FiveWs from noname because Profile FiveWs (http://hl7.org/fhir/StructureDefinition/FiveWs) has no base and no snapshot
Unable to generate snapshot @2 for Request from noname because Profile Request (http://hl7.org/fhir/StructureDefinition/Request) has no base and no snapshot
Running Terminology Log: /tmp/ohfu-fhir-ig-14820623860570240803.log
Connect to Terminology Server at http://tx.fhir.org                                                  (00:03.094 / 00:26.703, 409Mb)
Load Package hl7.fhir.pubpack#0.1.9
Load Package hl7.fhir.xver-extensions#0.1.0
Load Package hl7.terminology.r4#6.1.0
Load Package hl7.fhir.uv.extensions.r4#5.1.0
Load Package ANS.annuaire.fhir.r4#0.2.0
Load Package hl7.fhir.fr.core#1.1.0
Load Package hl7.fhir.uv.bulkdata#2.0.0
Load Package hl7.fhir.uv.tools.r4#0.3.0
Load R5 Specials
Unable to generate snapshot @2 for Definition from noname because Profile Definition (http://hl7.org/fhir/StructureDefinition/Definition) has no base and no snapshot
Unable to generate snapshot @2 for Event from noname because Profile Event (http://hl7.org/fhir/StructureDefinition/Event) has no base and no snapshot
Unable to generate snapshot @2 for FiveWs from noname because Profile FiveWs (http://hl7.org/fhir/StructureDefinition/FiveWs) has no base and no snapshot
Unable to generate snapshot @2 for Request from noname because Profile Request (http://hl7.org/fhir/StructureDefinition/Request) has no base and no snapshot
Initialization complete                                                                              (00:05.122 / 00:31.826, 547Mb)
Load Content                                                                                         (00:00.000 / 00:31.827, 547Mb)
Using fr_FR as the default narrative language. (inferred from ImplementationGuide.jurisdiction=FR)   (00:00.066 / 00:31.893, 557Mb)
loadPrePages from FetchedFile[/tmp/ans.fhir.fr.ror#0.4.0/fsh-generated/includes] as /tmp/ans.fhir.fr.ror#0.4.0/fsh-generated/includes
loadPrePages from FetchedFile[/tmp/ans.fhir.fr.ror#0.4.0/input/data] as /tmp/ans.fhir.fr.ror#0.4.0/input/data
loadPrePages from FetchedFile[/tmp/ans.fhir.fr.ror#0.4.0/input/pagecontent] as /tmp/ans.fhir.fr.ror#0.4.0/input/pagecontent
Fetch https://interop.esante.gouv.fr/ig/fhir/ror/package-list.json for version check                 (00:01.415 / 00:33.309, 695Mb)
Processing Conformance Resources                                                                     (00:01.143 / 00:34.453, 702Mb)
Load Dependency Info                                                                                 (00:00.003 / 00:34.457, 702Mb)
Load Info                                                                                            (00:00.001 / 00:34.459, 702Mb)
Load Resources                                                                                       (00:00.001 / 00:34.460, 703Mb)
Load Paths                                                                                           (00:00.423 / 00:34.884, 877Mb)
Generating Snapshots                                                                                 (00:00.001 / 00:34.885, 877Mb)
Check R4 / R4B                                                                                       (00:13.258 / 00:48.143, 701Mb)
Assign Comparison Ids                                                                                (00:00.015 / 00:48.159, 706Mb)
Propagating status                                                                                   (00:00.000 / 00:48.160, 706Mb)
Generating Narratives                                                                                (00:00.000 / 00:48.161, 706Mb)
Validating Conformance Resources                                                                     (00:37.004 / 01:25.165, 579Mb)
Unable to generate snapshot @2 for Definition from noname because Profile Definition (http://hl7.org/fhir/StructureDefinition/Definition) has no base and no snapshot
Unable to generate snapshot @2 for Event from noname because Profile Event (http://hl7.org/fhir/StructureDefinition/Event) has no base and no snapshot
Unable to generate snapshot @2 for FiveWs from noname because Profile FiveWs (http://hl7.org/fhir/StructureDefinition/FiveWs) has no base and no snapshot
Unable to generate snapshot @2 for Request from noname because Profile Request (http://hl7.org/fhir/StructureDefinition/Request) has no base and no snapshot
Check profiles & code systems                                                                        (00:18.512 / 01:43.678, 1Gb)
Check realm rules                                                                                    (00:00.006 / 01:43.684, 1Gb)
Previous Version Comparison                                                                          (00:00.000 / 01:43.685, 1Gb)
Unable to generate snapshot @1 for Definition from noname because Profile Definition (http://hl7.org/fhir/StructureDefinition/Definition) has no base and no snapshot
Unable to generate snapshot @1 for Event from noname because Profile Event (http://hl7.org/fhir/StructureDefinition/Event) has no base and no snapshot
Unable to generate snapshot @1 for FiveWs from noname because Profile FiveWs (http://hl7.org/fhir/StructureDefinition/FiveWs) has no base and no snapshot
Unable to generate snapshot @1 for Request from noname because Profile Request (http://hl7.org/fhir/StructureDefinition/Request) has no base and no snapshot
Validating Resources                                                                                 (00:07.933 / 01:51.619, 1Gb)
Processing Provenance Records                                                                        (00:03.640 / 01:55.259, 1Gb)
Generating Outputs in /tmp/ans.fhir.fr.ror#0.4.0/output                                              (00:00.001 / 01:55.260, 1Gb)
Generate Native Outputs                                                                              (00:00.078 / 01:55.339, 1Gb)
Run Template                                                                                         (00:12.512 / 02:07.852, 1Gb)

onGenerate.checkVersions:
     [xslt] Processing /tmp/ans.fhir.fr.ror#0.4.0/template/onGenerate-ig-working.xml to /tmp/ans.fhir.fr.ror#0.4.0/template/versions.txt
     [xslt] Loading stylesheet /tmp/ans.fhir.fr.ror#0.4.0/template/scripts/onGenerate.getVersions.xslt

onGenerate.r5-schemas:
      [get] Getting: http://build.fhir.org/fhir-single.xsd
      [get] To: /tmp/ans.fhir.fr.ror#0.4.0/input-cache/schemas/R5/fhir-single.xsd
      [get] Not modified - so not downloaded
      [get] Getting: http://build.fhir.org/fhir-xhtml.xsd
      [get] To: /tmp/ans.fhir.fr.ror#0.4.0/input-cache/schemas/R5/fhir-xhtml.xsd
      [get] Not modified - so not downloaded
      [get] Getting: http://build.fhir.org/xml.xsd
      [get] To: /tmp/ans.fhir.fr.ror#0.4.0/input-cache/schemas/R5/xml.xsd
      [get] Not modified - so not downloaded
      [get] Getting: http://build.fhir.org/xmldsig-core-schema.xsd
      [get] To: /tmp/ans.fhir.fr.ror#0.4.0/input-cache/schemas/R5/xmldsig-core-schema.xsd
      [get] Not modified - so not downloaded

onGenerate.r4-schemas:
      [get] Getting: http://hl7.org/fhir/R4/fhir-single.xsd
      [get] To: /tmp/ans.fhir.fr.ror#0.4.0/input-cache/schemas/R4/fhir-single.xsd
      [get] Not modified - so not downloaded
      [get] Getting: http://hl7.org/fhir/R4/fhir-xhtml.xsd
      [get] To: /tmp/ans.fhir.fr.ror#0.4.0/input-cache/schemas/R4/fhir-xhtml.xsd
      [get] Not modified - so not downloaded
      [get] Getting: http://hl7.org/fhir/R4/xml.xsd
      [get] To: /tmp/ans.fhir.fr.ror#0.4.0/input-cache/schemas/R4/xml.xsd
      [get] Not modified - so not downloaded
      [get] Getting: http://hl7.org/fhir/R4/xmldsig-core-schema.xsd
      [get] To: /tmp/ans.fhir.fr.ror#0.4.0/input-cache/schemas/R4/xmldsig-core-schema.xsd
      [get] Not modified - so not downloaded

onGenerate.r3-schemas:

onGenerate.r2b-schemas:

onGenerate.r2-schemas:

onGenerate.schemas:

onGenerate.data:
     [xslt] Processing /tmp/ans.fhir.fr.ror#0.4.0/template/onGenerate-ig-working.xml to /tmp/ans.fhir.fr.ror#0.4.0/temp/pages/_data/artifacts.json
     [xslt] Loading stylesheet /tmp/ans.fhir.fr.ror#0.4.0/template/scripts/onGenerate.data.xslt

onGenerate.setup:

onGenerate.infoFile:
     [xslt] Processing /tmp/ans.fhir.fr.ror#0.4.0/template/onGenerate-ig-working.xml to /tmp/ans.fhir.fr.ror#0.4.0/temp/pages/_data/info.json
     [xslt] Loading stylesheet /tmp/ans.fhir.fr.ror#0.4.0/template/scripts/onGenerate.genJson.xslt

onGenerate.processIncludes:
     [copy] Copying 16 files to /tmp/ans.fhir.fr.ror#0.4.0/temp/pages/_includes

onGenerate.processIg:
     [xslt] Processing /tmp/ans.fhir.fr.ror#0.4.0/template/onGenerate-ig-working.xml to /tmp/ans.fhir.fr.ror#0.4.0/template/onGenerate-ig-working.1.xml
     [xslt] Loading stylesheet /tmp/ans.fhir.fr.ror#0.4.0/template/scripts/onGenerate.group.xslt
     [xslt] Processing /tmp/ans.fhir.fr.ror#0.4.0/template/onGenerate-ig-working.1.xml to /tmp/ans.fhir.fr.ror#0.4.0/template/onGenerate-ig-working.2.xml
     [xslt] Loading stylesheet /tmp/ans.fhir.fr.ror#0.4.0/template/scripts/onGenerate.groupSort.xslt
     [xslt] Processing /tmp/ans.fhir.fr.ror#0.4.0/template/onGenerate-ig-working.2.xml to /tmp/ans.fhir.fr.ror#0.4.0/template/onGenerate-ig-updated.xml
     [xslt] Loading stylesheet /tmp/ans.fhir.fr.ror#0.4.0/template/scripts/onGenerate.final.xslt

onGenerate.igQa:
     [xslt] Processing /tmp/ans.fhir.fr.ror#0.4.0/template/onGenerate-ig-updated.xml to /tmp/ans.fhir.fr.ror#0.4.0/template/ongenerate-validation-igqa.json
     [xslt] Loading stylesheet /tmp/ans.fhir.fr.ror#0.4.0/template/scripts/onGenerate.qa.xslt

onGenerate.artifactList:
     [xslt] Processing /tmp/ans.fhir.fr.ror#0.4.0/template/onGenerate-ig-updated.xml to /tmp/ans.fhir.fr.ror#0.4.0/temp/pages/_includes/artifacts.xml
     [xslt] Loading stylesheet /tmp/ans.fhir.fr.ror#0.4.0/template/scripts/createArtifactSummary.xslt

check-plantumlfiles:

onGenerate.plantUml.ig:

onGenerate.plantUml.template:

onGenerate.plantUml:

onGenerate.copyDataFiles:

onGenerate.extend:

onGenerate:
Template Done                                                                                        (00:03.114 / 02:10.966, 1Gb)
Generate HTML Outputs                                                                                (00:00.000 / 02:10.967, 1Gb)
ERROR StatusLogger Log4j2 could not find a logging implementation. Please add log4j-core to the classpath. Using SimpleLogger to log to the console...
Generate Summaries                                                                                   (00:38.408 / 02:49.376, 2Gb)
Generating Summary Outputs                                                                           (00:00.000 / 02:49.376, 2Gb)
DB Cumulative Time invested: 00:00:00.373
Sending Usage Stats to Server                                                                        (00:08.017 / 02:57.394, 1Gb)
## Memory (MB): Use = 1582, Free = 2413, Total = 3996, Max = 3996                                    (00:00.005 / 02:57.399, 1Gb)
Reclaiming memory...                                                                                 (00:00.000 / 02:57.400, 1Gb)
## Memory (MB): Use = 1279, Free = 2716, Total = 3996, Max = 3996                                    (00:00.648 / 02:58.049, 1Gb)
Run jekyll: jekyll build --destination "/tmp/ans.fhir.fr.ror#0.4.0/output" (in folder /tmp/ans.fhir.fr.ror#0.4.0/temp/pages) (00:00.002 / 02:58.051, 1Gb)
Troubleshooting Note: usual cases for Jekyll to fail are:                                            (00:00.001 / 02:58.052, 1Gb)
* A failure to produce a fragment that is already logged in the output above                         (00:00.000 / 02:58.053, 1Gb)
* A reference to a manually edited file that hasn't been provided                                    (00:00.000 / 02:58.054, 1Gb)
Jekyll: Source: /tmp/ans.fhir.fr.ror#0.4.0/temp/pages                                                (00:00.437 / 02:58.492, 1Gb)
Jekyll: Generating...                                                                                (00:00.001 / 02:58.493, 1Gb)
Jekyll: done in 5.124 seconds.                                                                       (00:05.122 / 03:03.616, 1Gb)

Installing ans.fhir.fr.ror#0.4.0
 done.
Checking Output HTML                                                                                 (00:04.671 / 03:08.288, 2Gb)
found 1936 files                                                                                     (00:00.008 / 03:08.296, 2Gb)
........................................
........................................
  ... 1936 html files, 0 pages invalid xhtml (0%)                                                    (00:19.053 / 03:27.350, 1Gb)
  ... 408405 links, 71 broken links (0%)                                                             (00:00.001 / 03:27.351, 1Gb)
Generate fragment-usage-analysis.csv                                                                 (00:00.000 / 03:27.352, 1Gb)
Build final .zip                                                                                     (00:00.007 / 03:27.360, 1Gb)
Final .zip built                                                                                     (00:03.260 / 03:30.621, 1Gb)
Built. Times: loading: 00:02.625, generate: 02:59.853, narrative generation: 00:37.003, realm-rules: 00:00.001, previous-version: 00:07.903, jekyll: 00:05.603, validation: 00:21.753 (#104), template: 00:03.113 (#3) (00:04.046 / 03:34.667, 1Gb)
Generating QA                                                                                        (00:00.001 / 03:34.668, 1Gb)
Internal error in location for message: 'Error @1, 1: Found / expecting a token name', loc = '/tmp/ans.fhir.fr.ror#0.4.0/output/searchform.html#/html/body/div/div/div/a/img/div/a/img/div/p/img/f', err = 'The <script> containing the javascript '$( document ).ready('... is illegal and not allowed on the H'
Validation output in /tmp/ans.fhir.fr.ror#0.4.0/output/qa.html
Errors: 81, Warnings: 83, Info: 56, Broken Links: 71 (00:02.522 / 03:37.191, 2Gb)
Finished. Max Memory Used = 2Gb. Log file saved in /tmp/fhir-ig-publisher-tmp.log                    (00:00.020 / 03:37.211, 2Gb)
Prepare Build space in /tmp/ans.fhir.fr.ror#0.4.0-milestone
Build IG at /home/runner/work/IG-fhir-repertoire-offre-ressources-sante/IG-fhir-repertoire-offre-ressources-sante/./igSource: final copy suitable for publication (in /tmp/ans.fhir.fr.ror#0.4.0-milestone) (milestone build)
FHIR IG Publisher Version 1.7.5 (Git# 2ec44e6c46a5). Built 2024-11-22T15:37:50.312Z (16 days old)   
Detected Java version: 17.0.10 from /opt/hostedtoolcache/Java_Microsoft_jdk/17.0.10/x64 on Linux/amd64 (64bit). 3996MB available
dir = /home/runner/work/IG-fhir-repertoire-offre-ressources-sante/IG-fhir-repertoire-offre-ressources-sante, path = /opt/hostedtoolcache/Ruby/3.3.6/x64/bin:/usr/share/dotnet:/opt/hostedtoolcache/node/20.18.1/x64/bin:/opt/hostedtoolcache/Java_Microsoft_jdk/17.0.10/x64/bin:/snap/bin:/home/runner/.local/bin:/opt/pipx_bin:/home/runner/.cargo/bin:/home/runner/.config/composer/vendor/bin:/usr/local/.ghcup/bin:/home/runner/.dotnet/tools:/usr/local/sbin:/usr/local/bin:/usr/sbin:/usr/bin:/sbin:/bin:/usr/games:/usr/local/games:/snap/bin
Parameters: -ig /tmp/ans.fhir.fr.ror#0.4.0-milestone -publish https://interop.esante.gouv.fr/ig/fhir/ror/0.4.0 -milestone -no-exit
Start Clock @ Monday, December 9, 2024 at 2:31:53 PM Coordinated Universal Time (2024-12-09T14:31:53Z)
                                                                                                    
Build FHIR IG from /tmp/ans.fhir.fr.ror#0.4.0-milestone                                              (00:00.003 / 00:00.003, 2Gb)
Build Formal Publication package, intended for https://interop.esante.gouv.fr/ig/fhir/ror/0.4.0      (00:00.000 / 00:00.004, 2Gb)
API keys loaded from /home/runner/.fhir/fhir-settings.json                                           (00:00.000 / 00:00.004, 2Gb)
Package Cache: /home/runner/.fhir/packages                                                           (00:00.000 / 00:00.005, 2Gb)
Run Sushi on /tmp/ans.fhir.fr.ror#0.4.0-milestone                                                    (00:00.000 / 00:00.006, 2Gb)
Sushi: info  Running SUSHI v3.12.1 (implements FHIR Shorthand specification v3.0.0)                  (00:00.377 / 00:00.383, 2Gb)
Sushi: info  Arguments:                                                                              (00:00.001 / 00:00.384, 2Gb)
Sushi: info    --require-latest                                                                      (00:00.000 / 00:00.385, 2Gb)
Sushi: info    --out /tmp/ans.fhir.fr.ror#0.4.0-milestone                                            (00:00.000 / 00:00.386, 2Gb)
Sushi: info    /tmp/ans.fhir.fr.ror#0.4.0-milestone                                                  (00:00.000 / 00:00.387, 2Gb)
Sushi: info  Using configuration file: /tmp/ans.fhir.fr.ror#0.4.0-milestone/sushi-config.yaml        (00:00.664 / 00:01.052, 2Gb)
Sushi: info  Importing FSH text...                                                                   (00:00.104 / 00:01.156, 2Gb)
Sushi: info  Preprocessed 104 documents with 106 aliases.                                            (00:00.406 / 00:01.563, 2Gb)
Sushi: info  Imported 62 definitions and 41 instances.                                               (00:00.073 / 00:01.636, 2Gb)
Sushi: info  Checking /home/runner/.fhir/packages for hl7.fhir.uv.tools#current...                   (00:00.001 / 00:01.638, 2Gb)
Sushi: info  Found hl7.fhir.uv.tools#current in /home/runner/.fhir/packages.                         (00:00.044 / 00:01.682, 2Gb)
Sushi: info  Loaded package hl7.fhir.uv.tools#current                                                (00:00.396 / 00:02.079, 2Gb)
Sushi: info  Checking /home/runner/.fhir/packages for hl7.terminology.r4#6.1.0...                    (00:00.571 / 00:02.651, 2Gb)
Sushi: info  Found hl7.terminology.r4#6.1.0 in /home/runner/.fhir/packages.                          (00:00.523 / 00:03.174, 2Gb)
Sushi: info  Loaded package hl7.terminology.r4#6.1.0                                                 (00:00.000 / 00:03.175, 2Gb)
Sushi: info  Checking /home/runner/.fhir/packages for hl7.fhir.uv.extensions.r4#5.1.0...             (00:00.146 / 00:03.321, 2Gb)
Sushi: info  Found hl7.fhir.uv.extensions.r4#5.1.0 in /home/runner/.fhir/packages.                   (00:00.483 / 00:03.804, 2Gb)
Sushi: info  Loaded package hl7.fhir.uv.extensions.r4#5.1.0                                          (00:00.000 / 00:03.805, 2Gb)
Sushi: info  Checking /home/runner/.fhir/packages for ans.annuaire.fhir.r4#0.2.0...                  (00:00.000 / 00:03.806, 2Gb)
Sushi: info  Found ans.annuaire.fhir.r4#0.2.0 in /home/runner/.fhir/packages.                        (00:00.487 / 00:04.294, 2Gb)
Sushi: info  Loaded package ans.annuaire.fhir.r4#0.2.0                                               (00:00.000 / 00:04.295, 2Gb)
Sushi: info  Checking /home/runner/.fhir/packages for hl7.fhir.fr.core#1.1.0...                      (00:00.000 / 00:04.295, 2Gb)
Sushi: info  Found hl7.fhir.fr.core#1.1.0 in /home/runner/.fhir/packages.                            (00:00.510 / 00:04.806, 2Gb)
Sushi: info  Loaded package hl7.fhir.fr.core#1.1.0                                                   (00:00.000 / 00:04.806, 2Gb)
Sushi: info  Checking /home/runner/.fhir/packages for hl7.fhir.uv.bulkdata#2.0.0...                  (00:00.000 / 00:04.807, 2Gb)
Sushi: info  Found hl7.fhir.uv.bulkdata#2.0.0 in /home/runner/.fhir/packages.                        (00:00.536 / 00:05.344, 2Gb)
Sushi: info  Loaded package hl7.fhir.uv.bulkdata#2.0.0                                               (00:00.000 / 00:05.344, 2Gb)
Sushi: info  Checking /home/runner/.fhir/packages for hl7.fhir.r4.core#4.0.1...                      (00:00.000 / 00:05.345, 2Gb)
Sushi: info  Found hl7.fhir.r4.core#4.0.1 in /home/runner/.fhir/packages.                            (00:01.115 / 00:06.460, 2Gb)
Sushi: info  Loaded package hl7.fhir.r4.core#4.0.1                                                   (00:00.000 / 00:06.461, 2Gb)
Sushi: info  Converting FSH to FHIR resources...                                                     (00:00.039 / 00:06.501, 2Gb)
Sushi: info  Converted 54 FHIR StructureDefinitions.                                                 (00:06.321 / 00:12.822, 2Gb)
Sushi: info  Converted 4 FHIR CodeSystems.                                                           (00:00.070 / 00:12.892, 2Gb)
Sushi: info  Converted 4 FHIR ValueSets.                                                             (00:00.062 / 00:12.954, 2Gb)
Sushi: info  Converted 41 FHIR instances.                                                            (00:02.330 / 00:15.285, 2Gb)
Sushi: info  Exporting FHIR resources as JSON...                                                     (00:00.041 / 00:15.327, 2Gb)
Sushi: info  Exported 103 FHIR resources as JSON.                                                    (00:00.127 / 00:15.454, 2Gb)
Sushi: info  Assembling Implementation Guide sources...                                              (00:00.004 / 00:15.458, 2Gb)
Sushi: info  Generated ImplementationGuide-ans.fhir.fr.ror.json                                      (00:00.029 / 00:15.487, 2Gb)
Sushi: info  Assembled Implementation Guide sources; ready for IG Publisher.                         (00:00.000 / 00:15.488, 2Gb)
Sushi: ========================= SUSHI RESULTS ===========================                           (00:00.000 / 00:15.489, 2Gb)
Sushi: |  -------------------------------------------------------------  |                           (00:00.000 / 00:15.490, 2Gb)
Sushi: | |    Profiles   |  Extensions  |   Logicals   |   Resources   | |                           (00:00.000 / 00:15.491, 2Gb)
Sushi: | |-------------------------------------------------------------| |                           (00:00.000 / 00:15.492, 2Gb)
Sushi: | |       9       |      45      |      0       |       0       | |                           (00:00.000 / 00:15.492, 2Gb)
Sushi: |  -------------------------------------------------------------  |                           (00:00.000 / 00:15.493, 2Gb)
Sushi: |  -------------------------------------------------------------  |                           (00:00.000 / 00:15.494, 2Gb)
Sushi: | |      ValueSets     |    CodeSystems    |     Instances      | |                           (00:00.000 / 00:15.494, 2Gb)
Sushi: | |-------------------------------------------------------------| |                           (00:00.000 / 00:15.495, 2Gb)
Sushi: | |         4          |         4         |         41         | |                           (00:00.000 / 00:15.496, 2Gb)
Sushi: |  -------------------------------------------------------------  |                           (00:00.000 / 00:15.497, 2Gb)
Sushi: |                                                                 |                           (00:00.000 / 00:15.498, 2Gb)
Sushi: ===================================================================                           (00:00.000 / 00:15.499, 2Gb)
Sushi: | A whale of a job!                      0 Errors      0 Warnings |                           (00:00.000 / 00:15.499, 2Gb)
Sushi: ===================================================================                           (00:00.000 / 00:15.500, 2Gb)
Unable to load IG as an r5 IG - try R4 (property code is a class com.google.gson.JsonPrimitive looking for an object) (00:00.031 / 00:15.532, 2Gb)
Load Template from https://github.com/ansforge/IG-template                                           (00:00.018 / 00:15.550, 2Gb)
 Load Template from fhir.base.template#current                                                       (00:01.296 / 00:16.847, 1Gb)

onLoad.findSpreadsheets:

onLoad.updateIg:
     [xslt] Processing /tmp/ans.fhir.fr.ror#0.4.0-milestone/template/onLoad-ig-working.xml to /tmp/ans.fhir.fr.ror#0.4.0-milestone/template/onLoad-ig-updated.xml
     [xslt] Loading stylesheet /tmp/ans.fhir.fr.ror#0.4.0-milestone/template/scripts/onLoad.xslt

onLoad.extend:

onLoad:
Root directory: /tmp/ans.fhir.fr.ror#0.4.0-milestone                                                 (00:02.003 / 00:18.850, 1Gb)
Terminology Cache is at /tmp/ans.fhir.fr.ror#0.4.0-milestone/input-cache/txcache. 122 files in cache (00:00.875 / 00:19.726, 1Gb)
Core Package hl7.fhir.r4.core#4.0.1
Unable to generate snapshot @2 for Definition from noname because Profile Definition (http://hl7.org/fhir/StructureDefinition/Definition) has no base and no snapshot
Unable to generate snapshot @2 for Event from noname because Profile Event (http://hl7.org/fhir/StructureDefinition/Event) has no base and no snapshot
Unable to generate snapshot @2 for FiveWs from noname because Profile FiveWs (http://hl7.org/fhir/StructureDefinition/FiveWs) has no base and no snapshot
Unable to generate snapshot @2 for Request from noname because Profile Request (http://hl7.org/fhir/StructureDefinition/Request) has no base and no snapshot
Running Terminology Log: /tmp/ohfu-fhir-ig-3056341913115911559.log
Connect to Terminology Server at http://tx.fhir.org                                                  (00:01.557 / 00:21.284, 2Gb)
Load Package hl7.fhir.pubpack#0.1.9
Load Package hl7.fhir.xver-extensions#0.1.0
Load Package hl7.terminology.r4#6.1.0
Load Package hl7.fhir.uv.extensions.r4#5.1.0
Load Package ANS.annuaire.fhir.r4#0.2.0
Load Package hl7.fhir.fr.core#1.1.0
Load Package hl7.fhir.uv.bulkdata#2.0.0
Load Package hl7.fhir.uv.tools.r4#0.3.0
Load R5 Specials
Unable to generate snapshot @2 for Definition from noname because Profile Definition (http://hl7.org/fhir/StructureDefinition/Definition) has no base and no snapshot
Unable to generate snapshot @2 for Event from noname because Profile Event (http://hl7.org/fhir/StructureDefinition/Event) has no base and no snapshot
Unable to generate snapshot @2 for FiveWs from noname because Profile FiveWs (http://hl7.org/fhir/StructureDefinition/FiveWs) has no base and no snapshot
Unable to generate snapshot @2 for Request from noname because Profile Request (http://hl7.org/fhir/StructureDefinition/Request) has no base and no snapshot
Initialization complete                                                                              (00:03.735 / 00:25.019, 1Gb)
Load Content                                                                                         (00:00.000 / 00:25.020, 1Gb)
Using fr_FR as the default narrative language. (inferred from ImplementationGuide.jurisdiction=FR)   (00:00.017 / 00:25.037, 1Gb)
loadPrePages from FetchedFile[/tmp/ans.fhir.fr.ror#0.4.0-milestone/fsh-generated/includes] as /tmp/ans.fhir.fr.ror#0.4.0-milestone/fsh-generated/includes
loadPrePages from FetchedFile[/tmp/ans.fhir.fr.ror#0.4.0-milestone/input/data] as /tmp/ans.fhir.fr.ror#0.4.0-milestone/input/data
loadPrePages from FetchedFile[/tmp/ans.fhir.fr.ror#0.4.0-milestone/input/pagecontent] as /tmp/ans.fhir.fr.ror#0.4.0-milestone/input/pagecontent
Fetch https://interop.esante.gouv.fr/ig/fhir/ror/package-list.json for version check                 (00:00.554 / 00:25.592, 1Gb)
Processing Conformance Resources                                                                     (00:00.808 / 00:26.400, 1Gb)
Load Dependency Info                                                                                 (00:00.002 / 00:26.403, 1Gb)
Load Info                                                                                            (00:00.001 / 00:26.405, 1Gb)
Load Resources                                                                                       (00:00.000 / 00:26.406, 1Gb)
Load Paths                                                                                           (00:00.510 / 00:26.916, 1Gb)
Generating Snapshots                                                                                 (00:00.000 / 00:26.917, 1Gb)
Check R4 / R4B                                                                                       (00:01.299 / 00:28.217, 2Gb)
Assign Comparison Ids                                                                                (00:00.017 / 00:28.234, 2Gb)
Propagating status                                                                                   (00:00.001 / 00:28.235, 2Gb)
Generating Narratives                                                                                (00:00.000 / 00:28.236, 2Gb)
Validating Conformance Resources                                                                     (00:01.347 / 00:29.583, 3Gb)
Unable to generate snapshot @2 for Definition from noname because Profile Definition (http://hl7.org/fhir/StructureDefinition/Definition) has no base and no snapshot
Unable to generate snapshot @2 for Event from noname because Profile Event (http://hl7.org/fhir/StructureDefinition/Event) has no base and no snapshot
Unable to generate snapshot @2 for FiveWs from noname because Profile FiveWs (http://hl7.org/fhir/StructureDefinition/FiveWs) has no base and no snapshot
Unable to generate snapshot @2 for Request from noname because Profile Request (http://hl7.org/fhir/StructureDefinition/Request) has no base and no snapshot
Check profiles & code systems                                                                        (00:08.020 / 00:37.603, 1Gb)
Check realm rules                                                                                    (00:00.004 / 00:37.607, 1Gb)
Previous Version Comparison                                                                          (00:00.001 / 00:37.608, 1Gb)
Unable to generate snapshot @1 for Definition from noname because Profile Definition (http://hl7.org/fhir/StructureDefinition/Definition) has no base and no snapshot
Unable to generate snapshot @1 for Event from noname because Profile Event (http://hl7.org/fhir/StructureDefinition/Event) has no base and no snapshot
Unable to generate snapshot @1 for FiveWs from noname because Profile FiveWs (http://hl7.org/fhir/StructureDefinition/FiveWs) has no base and no snapshot
Unable to generate snapshot @1 for Request from noname because Profile Request (http://hl7.org/fhir/StructureDefinition/Request) has no base and no snapshot
Validating Resources                                                                                 (00:06.858 / 00:44.467, 2Gb)
Processing Provenance Records                                                                        (00:00.720 / 00:45.187, 2Gb)
Generating Outputs in /tmp/ans.fhir.fr.ror#0.4.0-milestone/output                                    (00:00.000 / 00:45.188, 2Gb)
Generate Native Outputs                                                                              (00:00.068 / 00:45.256, 2Gb)
Run Template                                                                                         (00:12.430 / 00:57.687, 2Gb)

onGenerate.checkVersions:
     [xslt] Processing /tmp/ans.fhir.fr.ror#0.4.0-milestone/template/onGenerate-ig-working.xml to /tmp/ans.fhir.fr.ror#0.4.0-milestone/template/versions.txt
     [xslt] Loading stylesheet /tmp/ans.fhir.fr.ror#0.4.0-milestone/template/scripts/onGenerate.getVersions.xslt

onGenerate.r5-schemas:
      [get] Getting: http://build.fhir.org/fhir-single.xsd
      [get] To: /tmp/ans.fhir.fr.ror#0.4.0-milestone/input-cache/schemas/R5/fhir-single.xsd
      [get] Not modified - so not downloaded
      [get] Getting: http://build.fhir.org/fhir-xhtml.xsd
      [get] To: /tmp/ans.fhir.fr.ror#0.4.0-milestone/input-cache/schemas/R5/fhir-xhtml.xsd
      [get] Not modified - so not downloaded
      [get] Getting: http://build.fhir.org/xml.xsd
      [get] To: /tmp/ans.fhir.fr.ror#0.4.0-milestone/input-cache/schemas/R5/xml.xsd
      [get] Not modified - so not downloaded
      [get] Getting: http://build.fhir.org/xmldsig-core-schema.xsd
      [get] To: /tmp/ans.fhir.fr.ror#0.4.0-milestone/input-cache/schemas/R5/xmldsig-core-schema.xsd
      [get] Not modified - so not downloaded

onGenerate.r4-schemas:
      [get] Getting: http://hl7.org/fhir/R4/fhir-single.xsd
      [get] To: /tmp/ans.fhir.fr.ror#0.4.0-milestone/input-cache/schemas/R4/fhir-single.xsd
      [get] Not modified - so not downloaded
      [get] Getting: http://hl7.org/fhir/R4/fhir-xhtml.xsd
      [get] To: /tmp/ans.fhir.fr.ror#0.4.0-milestone/input-cache/schemas/R4/fhir-xhtml.xsd
      [get] Not modified - so not downloaded
      [get] Getting: http://hl7.org/fhir/R4/xml.xsd
      [get] To: /tmp/ans.fhir.fr.ror#0.4.0-milestone/input-cache/schemas/R4/xml.xsd
      [get] Not modified - so not downloaded
      [get] Getting: http://hl7.org/fhir/R4/xmldsig-core-schema.xsd
      [get] To: /tmp/ans.fhir.fr.ror#0.4.0-milestone/input-cache/schemas/R4/xmldsig-core-schema.xsd
      [get] Not modified - so not downloaded

onGenerate.r3-schemas:

onGenerate.r2b-schemas:

onGenerate.r2-schemas:

onGenerate.schemas:

onGenerate.data:
     [xslt] Processing /tmp/ans.fhir.fr.ror#0.4.0-milestone/template/onGenerate-ig-working.xml to /tmp/ans.fhir.fr.ror#0.4.0-milestone/temp/pages/_data/artifacts.json
     [xslt] Loading stylesheet /tmp/ans.fhir.fr.ror#0.4.0-milestone/template/scripts/onGenerate.data.xslt

onGenerate.setup:

onGenerate.infoFile:
     [xslt] Processing /tmp/ans.fhir.fr.ror#0.4.0-milestone/template/onGenerate-ig-working.xml to /tmp/ans.fhir.fr.ror#0.4.0-milestone/temp/pages/_data/info.json
     [xslt] Loading stylesheet /tmp/ans.fhir.fr.ror#0.4.0-milestone/template/scripts/onGenerate.genJson.xslt

onGenerate.processIncludes:
     [copy] Copying 16 files to /tmp/ans.fhir.fr.ror#0.4.0-milestone/temp/pages/_includes

onGenerate.processIg:
     [xslt] Processing /tmp/ans.fhir.fr.ror#0.4.0-milestone/template/onGenerate-ig-working.xml to /tmp/ans.fhir.fr.ror#0.4.0-milestone/template/onGenerate-ig-working.1.xml
     [xslt] Loading stylesheet /tmp/ans.fhir.fr.ror#0.4.0-milestone/template/scripts/onGenerate.group.xslt
     [xslt] Processing /tmp/ans.fhir.fr.ror#0.4.0-milestone/template/onGenerate-ig-working.1.xml to /tmp/ans.fhir.fr.ror#0.4.0-milestone/template/onGenerate-ig-working.2.xml
     [xslt] Loading stylesheet /tmp/ans.fhir.fr.ror#0.4.0-milestone/template/scripts/onGenerate.groupSort.xslt
     [xslt] Processing /tmp/ans.fhir.fr.ror#0.4.0-milestone/template/onGenerate-ig-working.2.xml to /tmp/ans.fhir.fr.ror#0.4.0-milestone/template/onGenerate-ig-updated.xml
     [xslt] Loading stylesheet /tmp/ans.fhir.fr.ror#0.4.0-milestone/template/scripts/onGenerate.final.xslt

onGenerate.igQa:
     [xslt] Processing /tmp/ans.fhir.fr.ror#0.4.0-milestone/template/onGenerate-ig-updated.xml to /tmp/ans.fhir.fr.ror#0.4.0-milestone/template/ongenerate-validation-igqa.json
     [xslt] Loading stylesheet /tmp/ans.fhir.fr.ror#0.4.0-milestone/template/scripts/onGenerate.qa.xslt

onGenerate.artifactList:
     [xslt] Processing /tmp/ans.fhir.fr.ror#0.4.0-milestone/template/onGenerate-ig-updated.xml to /tmp/ans.fhir.fr.ror#0.4.0-milestone/temp/pages/_includes/artifacts.xml
     [xslt] Loading stylesheet /tmp/ans.fhir.fr.ror#0.4.0-milestone/template/scripts/createArtifactSummary.xslt

check-plantumlfiles:

onGenerate.plantUml.ig:

onGenerate.plantUml.template:

onGenerate.plantUml:

onGenerate.copyDataFiles:

onGenerate.extend:

onGenerate:
Template Done                                                                                        (00:02.703 / 01:00.390, 2Gb)
Generate HTML Outputs                                                                                (00:00.000 / 01:00.391, 2Gb)
Generate Summaries                                                                                   (00:14.065 / 01:14.457, 2Gb)
Generating Summary Outputs                                                                           (00:00.000 / 01:14.458, 2Gb)
DB Cumulative Time invested: 00:00:00.320
Sending Usage Stats to Server                                                                        (00:05.099 / 01:19.557, 2Gb)
## Memory (MB): Use = 2882, Free = 1113, Total = 3996, Max = 3996                                    (00:00.002 / 01:19.559, 2Gb)
Reclaiming memory...                                                                                 (00:00.000 / 01:19.560, 2Gb)
## Memory (MB): Use = 2526, Free = 1469, Total = 3996, Max = 3996                                    (00:01.182 / 01:20.743, 2Gb)
Run jekyll: jekyll build --destination "/tmp/ans.fhir.fr.ror#0.4.0-milestone/output" (in folder /tmp/ans.fhir.fr.ror#0.4.0-milestone/temp/pages) (00:00.001 / 01:20.744, 2Gb)
Troubleshooting Note: usual cases for Jekyll to fail are:                                            (00:00.001 / 01:20.746, 2Gb)
* A failure to produce a fragment that is already logged in the output above                         (00:00.001 / 01:20.747, 2Gb)
* A reference to a manually edited file that hasn't been provided                                    (00:00.000 / 01:20.748, 2Gb)
Jekyll: Source: /tmp/ans.fhir.fr.ror#0.4.0-milestone/temp/pages                                      (00:00.334 / 01:21.082, 2Gb)
Jekyll: Generating...                                                                                (00:00.000 / 01:21.083, 2Gb)
Jekyll: done in 5.19 seconds.                                                                        (00:05.188 / 01:26.272, 2Gb)

Installing ans.fhir.fr.ror#0.4.0
Checking Output HTML                                                                                 (00:03.431 / 01:29.704, 3Gb)
found 1936 files                                                                                     (00:00.007 / 01:29.712, 3Gb)
.......Sending usage stats failed: Connection timed out
.................................
........................................
  ... 1936 html files, 0 pages invalid xhtml (0%)                                                    (00:17.255 / 01:46.967, 1Gb)
  ... 408405 links, 71 broken links (0%)                                                             (00:00.000 / 01:46.968, 1Gb)
Generate fragment-usage-analysis.csv                                                                 (00:00.000 / 01:46.969, 1Gb)
Build final .zip                                                                                     (00:00.006 / 01:46.975, 1Gb)
Final .zip built                                                                                     (00:03.256 / 01:50.232, 1Gb)
Built. Times: loading: 00:01.379, generate: 01:27.403, narrative generation: 00:01.346, realm-rules: 00:00.001, previous-version: 00:06.841, jekyll: 00:05.565, validation: 00:08.153 (#104), template: 00:02.702 (#3) (00:03.574 / 01:53.806, 2Gb)
Generating QA                                                                                        (00:00.001 / 01:53.808, 2Gb)
Internal error in location for message: 'Error @1, 1: Found / expecting a token name', loc = '/tmp/ans.fhir.fr.ror#0.4.0-milestone/output/searchform.html#/html/body/div/div/div/a/img/div/a/img/d', err = 'The <script> containing the javascript '$( document ).ready('... is illegal and not allowed on the H'
Validation output in /tmp/ans.fhir.fr.ror#0.4.0-milestone/output/qa.html
Errors: 81, Warnings: 83, Info: 62, Broken Links: 71 (00:01.946 / 01:55.755, 1Gb)
Finished. Max Memory Used = 3Gb. Log file saved in /tmp/fhir-ig-publisher-tmp.log                    (00:00.013 / 01:55.768, 1Gb)
Keep a copy of the build directory at /tmp/web-root/run-20241209/ig-build-zips/ans.fhir.fr.ror#0.4.0.zip

ok. All checks passed. Publish v0.4.0 to /tmp/web-root/run-20241209/ror/0.4.0
Copy the IG to /tmp/web-root/run-20241209/ror/0.4.0
Update /tmp/web-root/run-20241209/ror/package-list.json
Publish Box Statement: This page is part of the Rpertoire national de lOffre et des Ressources en sant et accompagnement mdico-social (v0.4.0: <a no-external="true" href="https://confluence.hl7.org/display/HL7/HL7+Balloting" title="Standard for Trial-Use">STU</a>1) based on <a no-external="true" href="http://hl7.org/fhir/R4">FHIR (HL7 FHIR Standard) R4</a>. This is the current published version in its permanent home (it will always be available at this URL).  For a full list of available versions, see the <a no-external="true" href="https://interop.esante.gouv.fr/ig/fhir/ror/history.html">Directory of published versions</a>
no html insert in /tmp/web-root/run-20241209/ror/0.4.0/qa-txservers.html
  .. 757 files checked, 757 updated
  .. 343 clones checked, 686 updated
  .. 104 redirections (104 created/updated)
This is a milestone release - publish v0.4.0 to /tmp/web-root/run-20241209/ror
Publish Box Statement: This page is part of the Rpertoire national de lOffre et des Ressources en sant et accompagnement mdico-social (v0.4.0: <a no-external="true" href="https://confluence.hl7.org/display/HL7/HL7+Balloting" title="Standard for Trial-Use">STU</a>1) based on <a no-external="true" href="http://hl7.org/fhir/R4">FHIR (HL7 FHIR Standard) R4</a>. This is the current published version.  For a full list of available versions, see the <a no-external="true" href="https://interop.esante.gouv.fr/ig/fhir/ror/history.html">Directory of published versions</a>
no html insert in /tmp/ans.fhir.fr.ror#0.4.0-milestone/output/qa-txservers.html
  .. 757 files checked, 757 updated
  .. 343 clones checked, 686 updated
  .. 104 redirections (104 created/updated)
Check for Files to delete
  ... 0 files
Copy to new IG to /tmp/web-root/run-20241209/ror
Update history page at /tmp/web-root/run-20241209/ror from /home/runner/work/IG-fhir-repertoire-offre-ressources-sante/IG-fhir-repertoire-offre-ressources-sante/./IG-website-release/fhir-ig-history-template and ./IG-website-release/templates
Build is complete. Copy from /tmp/web-root/run-20241209
ans.fhir.fr.ror (https://interop.esante.gouv.fr/ig/fhir/ror): Rpertoire national de lOffre et des Ressources en sant et accompagnement mdico-social @ https://ansforge.github.io/IG-fhir-repertoire-offre-ressources-sante/ig/main
  release: STU1 0.4.0/4.0.1 @ https://interop.esante.gouv.fr/ig/fhir/ror/0.4.0
