FHIR IG Publisher Version 1.8.21 (Git# 405adfe2fb91). Built 2025-03-17T08:32:10.338Z (4 hours old)
Detected Java version: 17.0.10 from /opt/hostedtoolcache/Java_Microsoft_jdk/17.0.10/x64 on amd64 (64bit). 3998MB available
dir = /home/runner/work/IG-fhir-repertoire-offre-ressources-sante/IG-fhir-repertoire-offre-ressources-sante, path = /opt/hostedtoolcache/Ruby/3.3.7/x64/bin:/usr/share/dotnet:/opt/hostedtoolcache/node/20.18.3/x64/bin:/opt/hostedtoolcache/Java_Microsoft_jdk/17.0.10/x64/bin:/snap/bin:/home/runner/.local/bin:/opt/pipx_bin:/home/runner/.cargo/bin:/home/runner/.config/composer/vendor/bin:/usr/local/.ghcup/bin:/home/runner/.dotnet/tools:/usr/local/sbin:/usr/local/bin:/usr/sbin:/usr/bin:/sbin:/bin:/usr/games:/usr/local/games:/snap/bin
Parameters: -go-publish -source ./igSource -web ./IG-website-release/www/ig/fhir -registry ./IG-website-release/ig-registry/fhir-ig-list.json -history ./IG-website-release/fhir-ig-history-template -templates ./IG-website-release/templates
---------------
Publication Run: publish ./igSource to ./IG-website-release/www/ig/fhir
Relative directory for IG is '/ror'
===== Web Publication Run Details ===============================
 Source IG: ans.fhir.fr.ror#0.5.0 : https://interop.esante.gouv.fr/ig/fhir/ror (R4) from ./igSource
All checks passed. Do the publication build from /home/runner/work/IG-fhir-repertoire-offre-ressources-sante/IG-fhir-repertoire-offre-ressources-sante/./igSource and publish to /tmp/web-root/run-20250317/ror
Prepare Build space in /tmp/ig-builds/ans.fhir.fr.ror#0.5.0
Build IG at /home/runner/work/IG-fhir-repertoire-offre-ressources-sante/IG-fhir-repertoire-offre-ressources-sante/./igSource: final copy suitable for publication (in /tmp/ig-builds/ans.fhir.fr.ror#0.5.0)
FHIR IG Publisher Version 1.8.21 (Git# 405adfe2fb91). Built 2025-03-17T08:32:10.338Z (4 hours old)  
Detected Java version: 17.0.10 from /opt/hostedtoolcache/Java_Microsoft_jdk/17.0.10/x64 on Linux/amd64 (64bit). 3998MB available
dir = /home/runner/work/IG-fhir-repertoire-offre-ressources-sante/IG-fhir-repertoire-offre-ressources-sante, path = /opt/hostedtoolcache/Ruby/3.3.7/x64/bin:/usr/share/dotnet:/opt/hostedtoolcache/node/20.18.3/x64/bin:/opt/hostedtoolcache/Java_Microsoft_jdk/17.0.10/x64/bin:/snap/bin:/home/runner/.local/bin:/opt/pipx_bin:/home/runner/.cargo/bin:/home/runner/.config/composer/vendor/bin:/usr/local/.ghcup/bin:/home/runner/.dotnet/tools:/usr/local/sbin:/usr/local/bin:/usr/sbin:/usr/bin:/sbin:/bin:/usr/games:/usr/local/games:/snap/bin
Parameters: -ig /tmp/ig-builds/ans.fhir.fr.ror#0.5.0 -resetTx -publish https://interop.esante.gouv.fr/ig/fhir/ror/0.5.0 -no-exit
Character encoding = UTF-8 / UTF-8                                                                  
Start Clock @ Monday, March 17, 2025 at 1:22:51 PM Coordinated Universal Time (2025-03-17T13:22:51Z)
                                                                                                    
Build FHIR IG from /tmp/ig-builds/ans.fhir.fr.ror#0.5.0                                              (00:00.022 / 00:00.023, 43Mb)
Build Formal Publication package, intended for https://interop.esante.gouv.fr/ig/fhir/ror/0.5.0      (00:00.002 / 00:00.025, 43Mb)
API keys loaded from /home/runner/.fhir/fhir-settings.json                                           (00:00.000 / 00:00.026, 43Mb)
Package Cache: /home/runner/.fhir/packages                                                           (00:00.003 / 00:00.030, 43Mb)
Run Sushi on /tmp/ig-builds/ans.fhir.fr.ror#0.5.0                                                    (00:00.002 / 00:00.032, 43Mb)
Sushi: info  Running SUSHI v3.14.0 (implements FHIR Shorthand specification v3.0.0)                  (00:00.707 / 00:00.740, 46Mb)
Sushi: info  Arguments:                                                                              (00:00.001 / 00:00.741, 46Mb)
Sushi: info    --require-latest                                                                      (00:00.000 / 00:00.742, 46Mb)
Sushi: info    --out /tmp/ig-builds/ans.fhir.fr.ror#0.5.0                                            (00:00.000 / 00:00.742, 46Mb)
Sushi: info    /tmp/ig-builds/ans.fhir.fr.ror#0.5.0                                                  (00:00.000 / 00:00.743, 46Mb)
Sushi: info  Using configuration file: /tmp/ig-builds/ans.fhir.fr.ror#0.5.0/sushi-config.yaml        (00:00.413 / 00:01.157, 46Mb)
Sushi: info  Importing FSH text...                                                                   (00:00.111 / 00:01.269, 46Mb)
Sushi: info  Preprocessed 105 documents with 107 aliases.                                            (00:00.447 / 00:01.716, 46Mb)
Sushi: info  Imported 63 definitions and 41 instances.                                               (00:00.058 / 00:01.774, 46Mb)
Sushi: info  Loaded virtual package sushi-r5forR4#1.0.0 with 7 resources                             (00:00.097 / 00:01.872, 46Mb)
Sushi: info  Resolved hl7.fhir.uv.tools.r4#latest to concrete version 0.4.1                          (00:00.470 / 00:02.342, 46Mb)
Sushi: info  Loaded hl7.fhir.uv.tools.r4#0.4.1 with 86 resources                                     (00:00.043 / 00:02.386, 46Mb)
Sushi: info  Resolved hl7.terminology.r4#latest to concrete version 6.2.0                            (00:00.107 / 00:02.493, 46Mb)
Sushi: info  Loaded hl7.terminology.r4#6.2.0 with 4323 resources                                     (00:01.281 / 00:03.775, 46Mb)
Sushi: info  Resolved hl7.fhir.uv.extensions.r4#latest to concrete version 5.2.0                     (00:00.104 / 00:03.879, 46Mb)
Sushi: info  Loaded hl7.fhir.uv.extensions.r4#5.2.0 with 759 resources                               (00:00.229 / 00:04.109, 46Mb)
Sushi: info  Loaded ans.annuaire.fhir.r4#0.2.0 with 62 resources                                     (00:00.029 / 00:04.138, 46Mb)
Sushi: info  Loaded hl7.fhir.fr.core#1.1.0 with 119 resources                                        (00:00.045 / 00:04.183, 46Mb)
Sushi: info  Loaded hl7.fhir.uv.bulkdata#2.0.0 with 8 resources                                      (00:00.002 / 00:04.186, 46Mb)
Sushi: info  Loaded hl7.fhir.r4.core#4.0.1 with 4581 resources                                       (00:00.971 / 00:05.157, 46Mb)
Sushi: info  Loaded virtual package sushi-local#LOCAL with 0 resources                               (00:00.007 / 00:05.164, 46Mb)
Sushi: info  Converting FSH to FHIR resources...                                                     (00:00.020 / 00:05.185, 46Mb)
Sushi: info  Converted 54 FHIR StructureDefinitions.                                                 (00:07.737 / 00:12.923, 46Mb)
Sushi: info  Converted 5 FHIR CodeSystems.                                                           (00:00.120 / 00:13.043, 46Mb)
Sushi: info  Converted 4 FHIR ValueSets.                                                             (00:00.081 / 00:13.125, 46Mb)
Sushi: info  Converted 41 FHIR instances.                                                            (00:04.530 / 00:17.656, 46Mb)
Sushi: info  Exporting FHIR resources as JSON...                                                     (00:00.047 / 00:17.704, 46Mb)
Sushi: info  Exported 104 FHIR resources as JSON.                                                    (00:00.134 / 00:17.838, 46Mb)
Sushi: info  Assembling Implementation Guide sources...                                              (00:00.004 / 00:17.842, 46Mb)
Sushi: info  Generated ImplementationGuide-ans.fhir.fr.ror.json                                      (00:00.030 / 00:17.873, 46Mb)
Sushi: info  Assembled Implementation Guide sources; ready for IG Publisher.                         (00:00.000 / 00:17.874, 46Mb)
Sushi: ========================= SUSHI RESULTS ===========================                           (00:00.000 / 00:17.874, 46Mb)
Sushi: |  -------------------------------------------------------------  |                           (00:00.000 / 00:17.875, 46Mb)
Sushi: | |    Profiles   |  Extensions  |   Logicals   |   Resources   | |                           (00:00.000 / 00:17.876, 46Mb)
Sushi: | |-------------------------------------------------------------| |                           (00:00.000 / 00:17.876, 46Mb)
Sushi: | |       9       |      45      |      0       |       0       | |                           (00:00.000 / 00:17.877, 46Mb)
Sushi: |  -------------------------------------------------------------  |                           (00:00.000 / 00:17.878, 46Mb)
Sushi: |  -------------------------------------------------------------  |                           (00:00.000 / 00:17.878, 46Mb)
Sushi: | |      ValueSets     |    CodeSystems    |     Instances      | |                           (00:00.000 / 00:17.879, 46Mb)
Sushi: | |-------------------------------------------------------------| |                           (00:00.000 / 00:17.879, 46Mb)
Sushi: | |         4          |         5         |         41         | |                           (00:00.000 / 00:17.880, 46Mb)
Sushi: |  -------------------------------------------------------------  |                           (00:00.000 / 00:17.881, 46Mb)
Sushi: |                                                                 |                           (00:00.000 / 00:17.881, 46Mb)
Sushi: ===================================================================                           (00:00.000 / 00:17.882, 46Mb)
Sushi: | Why pun? Just for for the halibut.     0 Errors      0 Warnings |                           (00:00.000 / 00:17.883, 46Mb)
Sushi: ===================================================================                           (00:00.000 / 00:17.883, 46Mb)
Unable to load IG as an r5 IG - try R4 (property code is a class com.google.gson.JsonPrimitive looking for an object) (00:00.444 / 00:18.328, 64Mb)
Load Template from ans.fr.template#0.2.0                                                             (00:00.425 / 00:18.753, 66Mb)
 Load Template from fhir.base.template#0.8.1                                                         (00:00.164 / 00:18.918, 30Mb)
Root directory: /tmp/ig-builds/ans.fhir.fr.ror#0.5.0                                                 (00:02.396 / 00:21.314, 115Mb)
Terminology Cache is at /tmp/ig-builds/ans.fhir.fr.ror#0.5.0/input-cache/txcache. Clearing now       (00:00.882 / 00:22.197, 83Mb)
Core Package hl7.fhir.r4.core#4.0.1
Unable to generate snapshot @2 for Definition from noname because Profile Definition (http://hl7.org/fhir/StructureDefinition/Definition) has no base and no snapshot
Unable to generate snapshot @2 for Event from noname because Profile Event (http://hl7.org/fhir/StructureDefinition/Event) has no base and no snapshot
Unable to generate snapshot @2 for FiveWs from noname because Profile FiveWs (http://hl7.org/fhir/StructureDefinition/FiveWs) has no base and no snapshot
Unable to generate snapshot @2 for Request from noname because Profile Request (http://hl7.org/fhir/StructureDefinition/Request) has no base and no snapshot
Running Terminology Log: /tmp/ohfu-fhir-ig-10518080272336878356.log
Connect to Terminology Server at http://tx.fhir.org                                                  (00:03.333 / 00:25.530, 262Mb)
Load Package hl7.fhir.pubpack#0.2.1
Load Package hl7.fhir.xver-extensions#0.1.0
Load Package hl7.terminology.r4#6.2.0
Load Package hl7.fhir.uv.extensions.r4#5.2.0
Load Package ANS.annuaire.fhir.r4#0.2.0
Load Package hl7.fhir.fr.core#1.1.0
Load Package hl7.fhir.uv.bulkdata#2.0.0
Load Package hl7.fhir.uv.tools.r4#0.4.1
Load R5 Specials
Unable to generate snapshot @2 for Definition from noname because Profile Definition (http://hl7.org/fhir/StructureDefinition/Definition) has no base and no snapshot
Unable to generate snapshot @2 for Event from noname because Profile Event (http://hl7.org/fhir/StructureDefinition/Event) has no base and no snapshot
Unable to generate snapshot @2 for FiveWs from noname because Profile FiveWs (http://hl7.org/fhir/StructureDefinition/FiveWs) has no base and no snapshot
Unable to generate snapshot @2 for Request from noname because Profile Request (http://hl7.org/fhir/StructureDefinition/Request) has no base and no snapshot
Initialization complete                                                                              (00:05.660 / 00:31.191, 463Mb)
Load Content                                                                                         (00:00.001 / 00:31.191, 463Mb)
Using fr_FR as the default narrative language. (inferred from ImplementationGuide.jurisdiction=FR)   (00:00.085 / 00:31.277, 474Mb)
Process Loaded Resources                                                                             (00:01.336 / 00:32.613, 604Mb)
Generating Snapshots                                                                                 (00:00.531 / 00:33.145, 433Mb)
loadPrePages from FetchedFile[/tmp/ig-builds/ans.fhir.fr.ror#0.5.0/fsh-generated/includes] as /tmp/ig-builds/ans.fhir.fr.ror#0.5.0/fsh-generated/includes
loadPrePages from FetchedFile[/tmp/ig-builds/ans.fhir.fr.ror#0.5.0/input/data] as /tmp/ig-builds/ans.fhir.fr.ror#0.5.0/input/data
loadPrePages from FetchedFile[/tmp/ig-builds/ans.fhir.fr.ror#0.5.0/input/pagecontent] as /tmp/ig-builds/ans.fhir.fr.ror#0.5.0/input/pagecontent
Fetch https://interop.esante.gouv.fr/ig/fhir/ror/package-list.json for version check                 (00:06.023 / 00:39.168, 649Mb)
Processing Conformance Resources                                                                     (00:00.441 / 00:39.610, 656Mb)
Checking Language                                                                                    (00:00.000 / 00:39.610, 656Mb)
Load Dependency Info                                                                                 (00:00.003 / 00:39.614, 656Mb)
Load Info                                                                                            (00:00.002 / 00:39.616, 657Mb)
Load Paths                                                                                           (00:00.001 / 00:39.617, 657Mb)
Check R4 / R4B                                                                                       (00:00.000 / 00:39.618, 657Mb)
Assign Comparison Ids                                                                                (00:00.019 / 00:39.637, 662Mb)
Propagating status                                                                                   (00:00.000 / 00:39.638, 662Mb)
Generating Narratives                                                                                (00:00.000 / 00:39.638, 662Mb)
Validating Conformance Resources                                                                     (00:23.261 / 01:02.900, 681Mb)
Unable to generate snapshot @2 for Definition from noname because Profile Definition (http://hl7.org/fhir/StructureDefinition/Definition) has no base and no snapshot
Unable to generate snapshot @2 for Event from noname because Profile Event (http://hl7.org/fhir/StructureDefinition/Event) has no base and no snapshot
Unable to generate snapshot @2 for FiveWs from noname because Profile FiveWs (http://hl7.org/fhir/StructureDefinition/FiveWs) has no base and no snapshot
Unable to generate snapshot @2 for Request from noname because Profile Request (http://hl7.org/fhir/StructureDefinition/Request) has no base and no snapshot
Check profiles & code systems                                                                        (00:24.010 / 01:26.911, 676Mb)
Check realm rules                                                                                    (00:00.004 / 01:26.916, 677Mb)
Previous Version Comparison                                                                          (00:00.000 / 01:26.917, 677Mb)
Unable to generate snapshot @1 for Definition from noname because Profile Definition (http://hl7.org/fhir/StructureDefinition/Definition) has no base and no snapshot
Unable to generate snapshot @1 for Event from noname because Profile Event (http://hl7.org/fhir/StructureDefinition/Event) has no base and no snapshot
Unable to generate snapshot @1 for FiveWs from noname because Profile FiveWs (http://hl7.org/fhir/StructureDefinition/FiveWs) has no base and no snapshot
Unable to generate snapshot @1 for Request from noname because Profile Request (http://hl7.org/fhir/StructureDefinition/Request) has no base and no snapshot
Validating Resources                                                                                 (00:06.415 / 01:33.332, 831Mb)
Processing Provenance Records                                                                        (00:04.924 / 01:38.256, 867Mb)
Generating Outputs in /tmp/ig-builds/ans.fhir.fr.ror#0.5.0/output                                    (00:00.001 / 01:38.257, 867Mb)
Generate Native Outputs                                                                              (00:00.079 / 01:38.336, 883Mb)
Run Template                                                                                         (00:06.580 / 01:44.917, 1Gb)
Generate HTML Outputs                                                                                (00:02.806 / 01:47.724, 1Gb)
XHTML content could not be parsed from https://smt.esante.gouv.fr/fhir
org.hl7.fhir.exceptions.FHIRFormatError: unable to parse character reference 'body=Bonjour%2C%0A%0AL%E2%80%99acc%C3%A8s%20%C3%A0%20la%20page%20suivante%20a%20%C3%A9t%C3%A9%20bloqu%C3%A9.%20Merci%20de%20le%20d%C3%A9bloquer.%0A%0AIdentifiant%20de%20l%E2%80%99alerte%20%3A%2015579811f5ca429b99fbe91fed3b578c%0AURL%20de%20la%20page%20qui%20a%20g%C3%A9n%C3%A9r%C3%A9%20le%20blocage%20%28sur%20le%20site%20smt.esante.gouv.fr%29%20%3A%20%2Ffhir%2FValueSet%2F%24expand%0A%0A'' (last text = '
 A l'adresse ' at line 24 column 571
	at org.hl7.fhir.utilities.xhtml.XhtmlParser.parseLiteral(XhtmlParser.java:1292)
	at org.hl7.fhir.utilities.xhtml.XhtmlParser.parseAttributeValue(XhtmlParser.java:745)
	at org.hl7.fhir.utilities.xhtml.XhtmlParser.parseAttributes(XhtmlParser.java:729)
	at org.hl7.fhir.utilities.xhtml.XhtmlParser.parseElement(XhtmlParser.java:687)
	at org.hl7.fhir.utilities.xhtml.XhtmlParser.parseElementInner(XhtmlParser.java:646)
	at org.hl7.fhir.utilities.xhtml.XhtmlParser.parseElement(XhtmlParser.java:699)
	at org.hl7.fhir.utilities.xhtml.XhtmlParser.parseElementInner(XhtmlParser.java:646)
	at org.hl7.fhir.utilities.xhtml.XhtmlParser.parseElement(XhtmlParser.java:699)
	at org.hl7.fhir.utilities.xhtml.XhtmlParser.parseElementInner(XhtmlParser.java:646)
	at org.hl7.fhir.utilities.xhtml.XhtmlParser.parse(XhtmlParser.java:516)
	at org.hl7.fhir.utilities.xhtml.XhtmlParser.parse(XhtmlParser.java:483)
	at org.hl7.fhir.utilities.xhtml.XhtmlUtils.convertHtmlToText(XhtmlUtils.java:7)
	at org.hl7.fhir.r4.utils.client.network.FhirRequestBuilder.unmarshalReference(FhirRequestBuilder.java:230)
	at org.hl7.fhir.r4.utils.client.network.FhirRequestBuilder.execute(FhirRequestBuilder.java:164)
	at org.hl7.fhir.r4.utils.client.network.Client.executeFhirRequest(Client.java:148)
	at org.hl7.fhir.r4.utils.client.network.Client.issuePostRequest(Client.java:84)
	at org.hl7.fhir.r4.utils.client.FHIRToolingClient.expandValueset(FHIRToolingClient.java:449)
	at org.hl7.fhir.convertors.txClient.TerminologyClientR4.expandValueset(TerminologyClientR4.java:90)
	at org.hl7.fhir.r5.context.BaseWorkerContext.expandVS(BaseWorkerContext.java:980)
	at org.hl7.fhir.r5.terminologies.expansion.ValueSetExpander.doServerIncludeCodes(ValueSetExpander.java:1161)
	at org.hl7.fhir.r5.terminologies.expansion.ValueSetExpander.includeCodes(ValueSetExpander.java:1141)
	at org.hl7.fhir.r5.terminologies.expansion.ValueSetExpander.handleCompose(ValueSetExpander.java:925)
	at org.hl7.fhir.r5.terminologies.expansion.ValueSetExpander.doExpand(ValueSetExpander.java:835)
	at org.hl7.fhir.r5.terminologies.expansion.ValueSetExpander.expandInternal(ValueSetExpander.java:768)
	at org.hl7.fhir.r5.terminologies.expansion.ValueSetExpander.expand(ValueSetExpander.java:740)
	at org.hl7.fhir.r5.terminologies.expansion.ValueSetExpander.importValueSet(ValueSetExpander.java:963)
	at org.hl7.fhir.r5.terminologies.expansion.ValueSetExpander.includeCodes(ValueSetExpander.java:1127)
	at org.hl7.fhir.r5.terminologies.expansion.ValueSetExpander.handleCompose(ValueSetExpander.java:925)
	at org.hl7.fhir.r5.terminologies.expansion.ValueSetExpander.doExpand(ValueSetExpander.java:835)
	at org.hl7.fhir.r5.terminologies.expansion.ValueSetExpander.expandInternal(ValueSetExpander.java:768)
	at org.hl7.fhir.r5.terminologies.expansion.ValueSetExpander.expand(ValueSetExpander.java:740)
	at org.hl7.fhir.r5.context.BaseWorkerContext.expandVS(BaseWorkerContext.java:1129)
	at org.hl7.fhir.r5.context.BaseWorkerContext.expandVS(BaseWorkerContext.java:1074)
	at org.hl7.fhir.r5.context.BaseWorkerContext.expandVS(BaseWorkerContext.java:1000)
	at org.hl7.fhir.r5.renderers.QuestionnaireRenderer.listOptions(QuestionnaireRenderer.java:924)
	at org.hl7.fhir.r5.renderers.QuestionnaireRenderer.renderFormItem(QuestionnaireRenderer.java:715)
	at org.hl7.fhir.r5.renderers.QuestionnaireRenderer.renderFormItem(QuestionnaireRenderer.java:880)
	at org.hl7.fhir.r5.renderers.QuestionnaireRenderer.renderForm(QuestionnaireRenderer.java:660)
	at org.hl7.fhir.r5.renderers.QuestionnaireRenderer.buildNarrative(QuestionnaireRenderer.java:54)
	at org.hl7.fhir.r5.renderers.ResourceRenderer.buildNarrative(ResourceRenderer.java:98)
	at org.hl7.fhir.igtools.renderers.QuestionnaireRenderer.render(QuestionnaireRenderer.java:63)
	at org.hl7.fhir.igtools.publisher.Publisher.generateOutputsQuestionnaire(Publisher.java:14485)
	at org.hl7.fhir.igtools.publisher.Publisher.generateResourceHtmlInner(Publisher.java:12778)
	at org.hl7.fhir.igtools.publisher.Publisher.generateResourceHtml(Publisher.java:12741)
	at org.hl7.fhir.igtools.publisher.Publisher.generateHtmlOutputs(Publisher.java:12130)
	at org.hl7.fhir.igtools.publisher.Publisher.generate(Publisher.java:8577)
	at org.hl7.fhir.igtools.publisher.Publisher.createIg(Publisher.java:1233)
	at org.hl7.fhir.igtools.publisher.Publisher.execute(Publisher.java:1045)
	at org.hl7.fhir.igtools.publisher.Publisher.main(Publisher.java:15216)
	at org.hl7.fhir.igtools.web.PublicationProcess.runBuild(PublicationProcess.java:1050)
	at org.hl7.fhir.igtools.web.PublicationProcess.doPublish(PublicationProcess.java:530)
	at org.hl7.fhir.igtools.web.PublicationProcess.publishInner2(PublicationProcess.java:443)
	at org.hl7.fhir.igtools.web.PublicationProcess.publishInner(PublicationProcess.java:248)
	at org.hl7.fhir.igtools.web.PublicationProcess.publish(PublicationProcess.java:127)
	at org.hl7.fhir.igtools.publisher.Publisher.main(Publisher.java:14969)
<html>
<title>Oops !</title>
<meta charset="UTF-8">
<script>window.onload=function(){var e=document.getElementById("_alt");document.getElementById("_dt").textContent=new Date().toLocaleString();document.getElementById("_id").textContent.match(/[0-9a-f]{32}/)||e.parentNode.removeChild(e)}</script>
<style>body{text-align:center;padding:10%;font:18px Helvetica}h1{font-size:30px}#_svg{fill:#e41a22;width:50%}
ul{display:table; text-align:center; margin:0 auto;}
li{text-align:left;}
li.items_inside_li{ vertical-align:middle;}

</style>
<svg viewBox="0 0 3000 1366" id="_svg"><path d="M380 239l-221 91-2 28c-14 204-2 373 33 485 17 54 47 109 89 165a935 935 0 00318 261l5 2 14-6a925 925 0 00330-287c46-69 69-125 85-206 15-72 21-151 21-256l-2-103-29 36-28 36v52l-2 71c-7 124-25 208-57 271a756 756 0 01-249 273c-27 19-79 51-83 51s-55-31-83-51a767 767 0 01-246-265c-11-21-17-36-24-58-23-69-35-154-38-269a2189 2189 0 015-187c1-1 376-157 384-159 2-1 20 6 174 70l172 71 13-10 28-21 15-11-3-2-398-164-221 91zM1459 314v153h55V161h-55v153zM2665 202v40h-30v39h30v76c1 81 1 81 6 91 11 20 43 28 88 21h3v-44h-15c-18-1-21-2-25-9l-2-5-1-65v-65h42v-39h-42v-81h-54v41zM1317 239c-24 5-41 15-58 32-21 22-32 50-32 84 0 20 3 35 10 52s22 36 37 46c9 6 24 13 35 16 9 2 11 2 28 2s19 0 29-2a105 105 0 0072-66l-52-10c-3-1-3-1-5 5-7 18-17 24-42 24-13 0-21-2-30-8-11-7-20-21-25-37-2-10-3-31-1-41 7-35 28-53 59-52 21 2 33 9 40 24 1 4 3 5 4 5l26-7 24-6-3-6c-10-19-27-37-45-46a110 110 0 00-71-9zM1623 239c-19 3-34 10-46 22a64 64 0 00-20 40v7h54l1-4c2-10 10-20 22-23 11-4 29-3 39 1 6 2 12 9 15 14l2 11c1 6 0 7-1 7l-39 9c-50 11-62 15-76 24-13 9-24 24-28 40-2 9-1 28 2 37 8 24 29 41 58 46 12 3 34 2 45-1 10-3 23-9 32-15l6-4v17h54v-84c0-84-1-85-3-92-3-14-8-23-17-31a76 76 0 00-41-21c-11-2-47-3-59 0zm67 137c0 17-1 19-3 24-6 14-22 23-43 26s-37-3-43-16c-2-5-3-15 0-20 3-8 12-15 27-19l60-13c2 0 2 1 2 18zM2009 238c-10 1-23 6-31 9a69 69 0 00-39 56v5h55v-4c2-9 10-18 19-22 10-5 32-5 42 0 11 4 17 14 17 26l1 6-41 9c-53 12-64 15-79 26a67 67 0 00-25 63c4 28 22 47 52 57 8 2 10 2 27 2 16 0 20 0 27-2 10-3 25-9 32-15l5-4v17h55v-83c-1-83-1-84-3-92-7-27-22-42-50-50-14-5-47-6-64-4zm64 138c-1 21-2 24-10 33a64 64 0 01-68 13c-7-4-11-9-13-17-3-14 6-27 25-33l64-14c2 0 2 1 2 18zM2273 239c-14 3-32 11-42 21l-4 3v-21h-54v225h53v-57l1-76c1-18 1-19 4-25 7-16 24-26 42-26 20 0 34 9 40 27 3 5 3 6 3 81v76h52v-80l-1-86c-5-33-28-56-61-63-9-1-25-1-33 1zM2491 239c-40 7-71 33-84 72-9 26-8 60 1 87 16 46 58 74 111 74 34 0 57-9 80-30 8-8 20-22 20-24l-19-15-19-14-2 2a74 74 0 01-94 25c-7-4-17-14-22-21-4-7-9-19-10-25l-1-4h168v-9c-3-39-14-68-34-89a95 95 0 00-55-29c-10-2-30-2-40 0zm33 41c10 2 16 6 24 14 6 6 9 10 12 16l5 12v3h-54l-54-1c0-3 5-15 8-21s13-16 20-19c11-6 27-7 39-4z"/><path d="M1117 270c-109 83-203 159-269 219a3149 3149 0 00-232 241 18577 18577 0 01-226-191l104 210 104 211 8-16c57-125 199-317 406-546a6166 6166 0 01147-159l-42 31zM1898 241c-21 3-39 12-48 24l-3 3-1-13v-13h-55v225h55v-57c1-68 2-76 10-92s24-24 50-24l12-1v-54h-6l-14 1zM1668 697v152h53v-22l5 5c17 16 34 23 55 23 23 0 40-6 58-20 14-11 27-29 35-49 10-29 11-64 2-92-6-18-14-32-26-44a97 97 0 00-45-27 93 93 0 00-76 16l-8 6V544h-53v153zm119-26c28 8 44 38 40 74-2 21-9 35-19 46-9 10-20 14-34 14s-26-5-35-14c-10-10-16-25-18-46-4-35 11-66 35-74 8-2 23-3 31 0zM1319 621c-59 10-98 64-92 128 2 22 8 41 20 58a109 109 0 00179 0l11-22-54-11-3 6c-7 17-15 23-36 24-19 1-32-4-43-15a65 65 0 01-18-37c-2-9-1-33 1-42 8-29 31-46 59-44 19 2 34 11 38 24l2 4 52-12-11-20c-6-8-19-21-27-26-9-6-20-11-31-14-12-3-34-4-47-2zM2001 621c-48 7-82 42-91 92-1 11-1 37 2 49 10 52 48 86 102 91a116 116 0 00112-54l-19-14-18-14-10 10a68 68 0 01-31 20c-11 4-26 5-37 3-16-4-31-14-39-27-5-7-10-19-11-25l-1-4h167v-11c-4-61-33-102-80-115-13-3-33-4-46-1zm30 41c16 3 29 14 36 30l6 12v3h-54l-54-1 2-7c7-20 20-33 37-38h27zM2278 622c-23 2-45 13-54 25l-3 4v-27h-55v224h55v-54c0-54 1-67 4-80 3-11 6-18 13-25 10-9 22-13 43-13l11-1v-54h-3l-11 1zM1440 625l41 110c45 122 42 112 36 121-7 9-19 14-37 13l-10-1v23l1 22 3 1c7 2 36 2 45 1 32-5 47-23 63-75l35-116 30-99-28-1h-28l-2 6-21 73-19 67-24-66-26-73-2-7h-29l-28 1zM2328 946l1 24 27 1h27v-50h-55v25zM2445 961v40h-30v40h30v75l2 80c6 27 34 40 79 35l15-2 1-22v-23h-14c-13 1-15 0-19-2-6-3-8-6-9-15l-1-67v-59h42v-40h-42v-80h-54v40zM1303 997c-30 5-55 21-66 43-5 10-7 17-7 28 0 17 5 29 16 40 13 13 30 21 61 26 41 8 47 10 53 15 4 4 6 8 6 13 0 6-2 10-7 15-10 8-29 12-47 10-19-2-33-8-46-20l-7-7-38 32 18 16c35 23 88 30 129 17 16-5 27-12 38-23 24-27 25-65 2-89-13-13-25-17-75-26-23-4-34-7-40-11-7-6-10-15-6-23 8-16 44-19 69-7 7 4 17 13 22 20l4 6 18-17 19-18a117 117 0 00-65-38c-10-2-41-4-51-2zM1530 999c-48 10-80 45-87 94-2 12-1 36 2 49 9 43 38 74 81 85 24 7 52 6 75-1 20-7 40-22 55-43 4-4 4-5 3-6l-36-28-5 5c-9 12-28 24-44 27-21 5-44 0-59-14a76 76 0 01-22-40l84-1h83v-8c0-26-8-54-20-75-7-10-23-26-32-32-18-10-35-14-56-14l-23 2zm35 41c10 2 16 6 24 14a68 68 0 0117 28v3h-54l-54-1c0-3 5-17 9-22 6-11 17-19 29-23 7-1 22-1 29 1zM1778 998l-8 1c-38 7-70 36-82 74-5 15-7 23-6 42a109 109 0 0063 106c45 22 103 9 132-30 6-8 15-25 15-28l-54-11-3 6c-7 18-15 23-37 24-20 1-32-4-43-16-13-13-18-30-18-53 0-24 6-41 18-54 8-7 15-11 24-13 12-3 30-2 40 3 7 3 14 11 17 18l3 6 26-7 25-6a105 105 0 00-53-54c-15-7-22-8-41-9l-18 1zM2276 1000c-10 1-24 6-31 10-5 2-10 6-15 11l-7 7v-27h-56v226h56v-55c0-56 1-67 4-81 4-15 11-24 23-31 8-4 16-6 31-7h13v-54h-6l-13 1zM2329 1002l-1 113v112h55v-226h-27l-27 1zM2553 1003l42 112 40 109-3 7c-4 7-9 11-17 14-5 2-7 2-19 2h-13v22c0 19 0 23 2 23 8 4 44 4 56 1 18-5 32-17 42-39 5-11 8-21 17-50a22988 22988 0 0161-202l-28-1-28 1-21 73-22 74-26-74-26-73-28-1c-28 0-29 0-29 2zM2782 1004v3h15v41h8v-41h16v-6h-39v3zM2826 1025v23h8v-40l6 20c6 18 7 20 9 20 3 0 3-1 6-9l6-21 4-10v40h7v-47h-13l-5 15-5 16-5-16-4-15h-14v24zM1921 1086l2 90c10 33 35 53 71 56 20 1 43-6 60-20l8-6v21h54v-225h-53v73c-1 69-1 74-3 80-6 21-28 33-51 30-14-2-24-9-30-20-6-10-6-12-6-91v-72h-52v84z"/></svg>
<h3>Requ&ecirc;te bloqu&eacute;e par le pare-feu applicatif Claranet WebFence</h3>
<p>La requ&ecirc;te que vous venez d'ex&eacute;cuter a &eacute;t&eacute; bloqu&eacute;e par mesure de s&eacute;curit&eacute;.</p>
<p id='_alt'>Alerte ID: <span id='_id'>15579811f5ca429b99fbe91fed3b578c</span></p><p>Date: <span id='_dt'></span></p>

<p>
Afin de vous débloquer rapidement, merci d'envoyer les informations suivantes :
</p>
<ul>
<li>L'identifiant de l'alerte (voir ci-dessus)</li>
<li>L'URL de la page qui a généré le blocage</li>
</ul>
<p>
 A l'adresse <a HREF="mailto:ans-terminologies@esante.gouv.fr?subject=%5BEspace de tests%5D%20Demande%20de%20d%C3%A9blocage%20apr%C3%A8s%20alerte%2015579811f5ca429b99fbe91fed3b578c&body=Bonjour%2C%0A%0AL%E2%80%99acc%C3%A8s%20%C3%A0%20la%20page%20suivante%20a%20%C3%A9t%C3%A9%20bloqu%C3%A9.%20Merci%20de%20le%20d%C3%A9bloquer.%0A%0AIdentifiant%20de%20l%E2%80%99alerte%20%3A%2015579811f5ca429b99fbe91fed3b578c%0AURL%20de%20la%20page%20qui%20a%20g%C3%A9n%C3%A9r%C3%A9%20le%20blocage%20%28sur%20le%20site%20smt.esante.gouv.fr%29%20%3A%20%2Ffhir%2FValueSet%2F%24expand%0A%0A">ans-terminologies@esante.gouv.fr</a> (utilisez ce lien pour préremplir le message). 
</p>
</html>
XHTML content could not be parsed from https://smt.esante.gouv.fr/fhir
org.hl7.fhir.exceptions.FHIRFormatError: unable to parse character reference 'body=Bonjour%2C%0A%0AL%E2%80%99acc%C3%A8s%20%C3%A0%20la%20page%20suivante%20a%20%C3%A9t%C3%A9%20bloqu%C3%A9.%20Merci%20de%20le%20d%C3%A9bloquer.%0A%0AIdentifiant%20de%20l%E2%80%99alerte%20%3A%20e219f7a1f546439ba66ed434f3d97460%0AURL%20de%20la%20page%20qui%20a%20g%C3%A9n%C3%A9r%C3%A9%20le%20blocage%20%28sur%20le%20site%20smt.esante.gouv.fr%29%20%3A%20%2Ffhir%2FValueSet%2F%24expand%0A%0A'' (last text = '
 A l'adresse ' at line 24 column 571
	at org.hl7.fhir.utilities.xhtml.XhtmlParser.parseLiteral(XhtmlParser.java:1292)
	at org.hl7.fhir.utilities.xhtml.XhtmlParser.parseAttributeValue(XhtmlParser.java:745)
	at org.hl7.fhir.utilities.xhtml.XhtmlParser.parseAttributes(XhtmlParser.java:729)
	at org.hl7.fhir.utilities.xhtml.XhtmlParser.parseElement(XhtmlParser.java:687)
	at org.hl7.fhir.utilities.xhtml.XhtmlParser.parseElementInner(XhtmlParser.java:646)
	at org.hl7.fhir.utilities.xhtml.XhtmlParser.parseElement(XhtmlParser.java:699)
	at org.hl7.fhir.utilities.xhtml.XhtmlParser.parseElementInner(XhtmlParser.java:646)
	at org.hl7.fhir.utilities.xhtml.XhtmlParser.parseElement(XhtmlParser.java:699)
	at org.hl7.fhir.utilities.xhtml.XhtmlParser.parseElementInner(XhtmlParser.java:646)
	at org.hl7.fhir.utilities.xhtml.XhtmlParser.parse(XhtmlParser.java:516)
	at org.hl7.fhir.utilities.xhtml.XhtmlParser.parse(XhtmlParser.java:483)
	at org.hl7.fhir.utilities.xhtml.XhtmlUtils.convertHtmlToText(XhtmlUtils.java:7)
	at org.hl7.fhir.r4.utils.client.network.FhirRequestBuilder.unmarshalReference(FhirRequestBuilder.java:230)
	at org.hl7.fhir.r4.utils.client.network.FhirRequestBuilder.execute(FhirRequestBuilder.java:164)
	at org.hl7.fhir.r4.utils.client.network.Client.executeFhirRequest(Client.java:148)
	at org.hl7.fhir.r4.utils.client.network.Client.issuePostRequest(Client.java:84)
	at org.hl7.fhir.r4.utils.client.FHIRToolingClient.expandValueset(FHIRToolingClient.java:449)
	at org.hl7.fhir.convertors.txClient.TerminologyClientR4.expandValueset(TerminologyClientR4.java:90)
	at org.hl7.fhir.r5.context.BaseWorkerContext.expandVS(BaseWorkerContext.java:980)
	at org.hl7.fhir.r5.terminologies.expansion.ValueSetExpander.doServerIncludeCodes(ValueSetExpander.java:1161)
	at org.hl7.fhir.r5.terminologies.expansion.ValueSetExpander.includeCodes(ValueSetExpander.java:1141)
	at org.hl7.fhir.r5.terminologies.expansion.ValueSetExpander.handleCompose(ValueSetExpander.java:925)
	at org.hl7.fhir.r5.terminologies.expansion.ValueSetExpander.doExpand(ValueSetExpander.java:835)
	at org.hl7.fhir.r5.terminologies.expansion.ValueSetExpander.expandInternal(ValueSetExpander.java:768)
	at org.hl7.fhir.r5.terminologies.expansion.ValueSetExpander.expand(ValueSetExpander.java:740)
	at org.hl7.fhir.r5.terminologies.expansion.ValueSetExpander.importValueSet(ValueSetExpander.java:963)
	at org.hl7.fhir.r5.terminologies.expansion.ValueSetExpander.includeCodes(ValueSetExpander.java:1127)
	at org.hl7.fhir.r5.terminologies.expansion.ValueSetExpander.handleCompose(ValueSetExpander.java:925)
	at org.hl7.fhir.r5.terminologies.expansion.ValueSetExpander.doExpand(ValueSetExpander.java:835)
	at org.hl7.fhir.r5.terminologies.expansion.ValueSetExpander.expandInternal(ValueSetExpander.java:768)
	at org.hl7.fhir.r5.terminologies.expansion.ValueSetExpander.expand(ValueSetExpander.java:740)
	at org.hl7.fhir.r5.context.BaseWorkerContext.expandVS(BaseWorkerContext.java:1129)
	at org.hl7.fhir.r5.context.BaseWorkerContext.expandVS(BaseWorkerContext.java:1074)
	at org.hl7.fhir.r5.context.BaseWorkerContext.expandVS(BaseWorkerContext.java:1070)
	at org.hl7.fhir.igtools.publisher.Publisher.generateOutputsValueSet(Publisher.java:13905)
	at org.hl7.fhir.igtools.publisher.Publisher.generateResourceHtmlInner(Publisher.java:12755)
	at org.hl7.fhir.igtools.publisher.Publisher.generateResourceHtml(Publisher.java:12741)
	at org.hl7.fhir.igtools.publisher.Publisher.generateHtmlOutputs(Publisher.java:12130)
	at org.hl7.fhir.igtools.publisher.Publisher.generate(Publisher.java:8577)
	at org.hl7.fhir.igtools.publisher.Publisher.createIg(Publisher.java:1233)
	at org.hl7.fhir.igtools.publisher.Publisher.execute(Publisher.java:1045)
	at org.hl7.fhir.igtools.publisher.Publisher.main(Publisher.java:15216)
	at org.hl7.fhir.igtools.web.PublicationProcess.runBuild(PublicationProcess.java:1050)
	at org.hl7.fhir.igtools.web.PublicationProcess.doPublish(PublicationProcess.java:530)
	at org.hl7.fhir.igtools.web.PublicationProcess.publishInner2(PublicationProcess.java:443)
	at org.hl7.fhir.igtools.web.PublicationProcess.publishInner(PublicationProcess.java:248)
	at org.hl7.fhir.igtools.web.PublicationProcess.publish(PublicationProcess.java:127)
	at org.hl7.fhir.igtools.publisher.Publisher.main(Publisher.java:14969)
<html>
<title>Oops !</title>
<meta charset="UTF-8">
<script>window.onload=function(){var e=document.getElementById("_alt");document.getElementById("_dt").textContent=new Date().toLocaleString();document.getElementById("_id").textContent.match(/[0-9a-f]{32}/)||e.parentNode.removeChild(e)}</script>
<style>body{text-align:center;padding:10%;font:18px Helvetica}h1{font-size:30px}#_svg{fill:#e41a22;width:50%}
ul{display:table; text-align:center; margin:0 auto;}
li{text-align:left;}
li.items_inside_li{ vertical-align:middle;}

</style>
<svg viewBox="0 0 3000 1366" id="_svg"><path d="M380 239l-221 91-2 28c-14 204-2 373 33 485 17 54 47 109 89 165a935 935 0 00318 261l5 2 14-6a925 925 0 00330-287c46-69 69-125 85-206 15-72 21-151 21-256l-2-103-29 36-28 36v52l-2 71c-7 124-25 208-57 271a756 756 0 01-249 273c-27 19-79 51-83 51s-55-31-83-51a767 767 0 01-246-265c-11-21-17-36-24-58-23-69-35-154-38-269a2189 2189 0 015-187c1-1 376-157 384-159 2-1 20 6 174 70l172 71 13-10 28-21 15-11-3-2-398-164-221 91zM1459 314v153h55V161h-55v153zM2665 202v40h-30v39h30v76c1 81 1 81 6 91 11 20 43 28 88 21h3v-44h-15c-18-1-21-2-25-9l-2-5-1-65v-65h42v-39h-42v-81h-54v41zM1317 239c-24 5-41 15-58 32-21 22-32 50-32 84 0 20 3 35 10 52s22 36 37 46c9 6 24 13 35 16 9 2 11 2 28 2s19 0 29-2a105 105 0 0072-66l-52-10c-3-1-3-1-5 5-7 18-17 24-42 24-13 0-21-2-30-8-11-7-20-21-25-37-2-10-3-31-1-41 7-35 28-53 59-52 21 2 33 9 40 24 1 4 3 5 4 5l26-7 24-6-3-6c-10-19-27-37-45-46a110 110 0 00-71-9zM1623 239c-19 3-34 10-46 22a64 64 0 00-20 40v7h54l1-4c2-10 10-20 22-23 11-4 29-3 39 1 6 2 12 9 15 14l2 11c1 6 0 7-1 7l-39 9c-50 11-62 15-76 24-13 9-24 24-28 40-2 9-1 28 2 37 8 24 29 41 58 46 12 3 34 2 45-1 10-3 23-9 32-15l6-4v17h54v-84c0-84-1-85-3-92-3-14-8-23-17-31a76 76 0 00-41-21c-11-2-47-3-59 0zm67 137c0 17-1 19-3 24-6 14-22 23-43 26s-37-3-43-16c-2-5-3-15 0-20 3-8 12-15 27-19l60-13c2 0 2 1 2 18zM2009 238c-10 1-23 6-31 9a69 69 0 00-39 56v5h55v-4c2-9 10-18 19-22 10-5 32-5 42 0 11 4 17 14 17 26l1 6-41 9c-53 12-64 15-79 26a67 67 0 00-25 63c4 28 22 47 52 57 8 2 10 2 27 2 16 0 20 0 27-2 10-3 25-9 32-15l5-4v17h55v-83c-1-83-1-84-3-92-7-27-22-42-50-50-14-5-47-6-64-4zm64 138c-1 21-2 24-10 33a64 64 0 01-68 13c-7-4-11-9-13-17-3-14 6-27 25-33l64-14c2 0 2 1 2 18zM2273 239c-14 3-32 11-42 21l-4 3v-21h-54v225h53v-57l1-76c1-18 1-19 4-25 7-16 24-26 42-26 20 0 34 9 40 27 3 5 3 6 3 81v76h52v-80l-1-86c-5-33-28-56-61-63-9-1-25-1-33 1zM2491 239c-40 7-71 33-84 72-9 26-8 60 1 87 16 46 58 74 111 74 34 0 57-9 80-30 8-8 20-22 20-24l-19-15-19-14-2 2a74 74 0 01-94 25c-7-4-17-14-22-21-4-7-9-19-10-25l-1-4h168v-9c-3-39-14-68-34-89a95 95 0 00-55-29c-10-2-30-2-40 0zm33 41c10 2 16 6 24 14 6 6 9 10 12 16l5 12v3h-54l-54-1c0-3 5-15 8-21s13-16 20-19c11-6 27-7 39-4z"/><path d="M1117 270c-109 83-203 159-269 219a3149 3149 0 00-232 241 18577 18577 0 01-226-191l104 210 104 211 8-16c57-125 199-317 406-546a6166 6166 0 01147-159l-42 31zM1898 241c-21 3-39 12-48 24l-3 3-1-13v-13h-55v225h55v-57c1-68 2-76 10-92s24-24 50-24l12-1v-54h-6l-14 1zM1668 697v152h53v-22l5 5c17 16 34 23 55 23 23 0 40-6 58-20 14-11 27-29 35-49 10-29 11-64 2-92-6-18-14-32-26-44a97 97 0 00-45-27 93 93 0 00-76 16l-8 6V544h-53v153zm119-26c28 8 44 38 40 74-2 21-9 35-19 46-9 10-20 14-34 14s-26-5-35-14c-10-10-16-25-18-46-4-35 11-66 35-74 8-2 23-3 31 0zM1319 621c-59 10-98 64-92 128 2 22 8 41 20 58a109 109 0 00179 0l11-22-54-11-3 6c-7 17-15 23-36 24-19 1-32-4-43-15a65 65 0 01-18-37c-2-9-1-33 1-42 8-29 31-46 59-44 19 2 34 11 38 24l2 4 52-12-11-20c-6-8-19-21-27-26-9-6-20-11-31-14-12-3-34-4-47-2zM2001 621c-48 7-82 42-91 92-1 11-1 37 2 49 10 52 48 86 102 91a116 116 0 00112-54l-19-14-18-14-10 10a68 68 0 01-31 20c-11 4-26 5-37 3-16-4-31-14-39-27-5-7-10-19-11-25l-1-4h167v-11c-4-61-33-102-80-115-13-3-33-4-46-1zm30 41c16 3 29 14 36 30l6 12v3h-54l-54-1 2-7c7-20 20-33 37-38h27zM2278 622c-23 2-45 13-54 25l-3 4v-27h-55v224h55v-54c0-54 1-67 4-80 3-11 6-18 13-25 10-9 22-13 43-13l11-1v-54h-3l-11 1zM1440 625l41 110c45 122 42 112 36 121-7 9-19 14-37 13l-10-1v23l1 22 3 1c7 2 36 2 45 1 32-5 47-23 63-75l35-116 30-99-28-1h-28l-2 6-21 73-19 67-24-66-26-73-2-7h-29l-28 1zM2328 946l1 24 27 1h27v-50h-55v25zM2445 961v40h-30v40h30v75l2 80c6 27 34 40 79 35l15-2 1-22v-23h-14c-13 1-15 0-19-2-6-3-8-6-9-15l-1-67v-59h42v-40h-42v-80h-54v40zM1303 997c-30 5-55 21-66 43-5 10-7 17-7 28 0 17 5 29 16 40 13 13 30 21 61 26 41 8 47 10 53 15 4 4 6 8 6 13 0 6-2 10-7 15-10 8-29 12-47 10-19-2-33-8-46-20l-7-7-38 32 18 16c35 23 88 30 129 17 16-5 27-12 38-23 24-27 25-65 2-89-13-13-25-17-75-26-23-4-34-7-40-11-7-6-10-15-6-23 8-16 44-19 69-7 7 4 17 13 22 20l4 6 18-17 19-18a117 117 0 00-65-38c-10-2-41-4-51-2zM1530 999c-48 10-80 45-87 94-2 12-1 36 2 49 9 43 38 74 81 85 24 7 52 6 75-1 20-7 40-22 55-43 4-4 4-5 3-6l-36-28-5 5c-9 12-28 24-44 27-21 5-44 0-59-14a76 76 0 01-22-40l84-1h83v-8c0-26-8-54-20-75-7-10-23-26-32-32-18-10-35-14-56-14l-23 2zm35 41c10 2 16 6 24 14a68 68 0 0117 28v3h-54l-54-1c0-3 5-17 9-22 6-11 17-19 29-23 7-1 22-1 29 1zM1778 998l-8 1c-38 7-70 36-82 74-5 15-7 23-6 42a109 109 0 0063 106c45 22 103 9 132-30 6-8 15-25 15-28l-54-11-3 6c-7 18-15 23-37 24-20 1-32-4-43-16-13-13-18-30-18-53 0-24 6-41 18-54 8-7 15-11 24-13 12-3 30-2 40 3 7 3 14 11 17 18l3 6 26-7 25-6a105 105 0 00-53-54c-15-7-22-8-41-9l-18 1zM2276 1000c-10 1-24 6-31 10-5 2-10 6-15 11l-7 7v-27h-56v226h56v-55c0-56 1-67 4-81 4-15 11-24 23-31 8-4 16-6 31-7h13v-54h-6l-13 1zM2329 1002l-1 113v112h55v-226h-27l-27 1zM2553 1003l42 112 40 109-3 7c-4 7-9 11-17 14-5 2-7 2-19 2h-13v22c0 19 0 23 2 23 8 4 44 4 56 1 18-5 32-17 42-39 5-11 8-21 17-50a22988 22988 0 0161-202l-28-1-28 1-21 73-22 74-26-74-26-73-28-1c-28 0-29 0-29 2zM2782 1004v3h15v41h8v-41h16v-6h-39v3zM2826 1025v23h8v-40l6 20c6 18 7 20 9 20 3 0 3-1 6-9l6-21 4-10v40h7v-47h-13l-5 15-5 16-5-16-4-15h-14v24zM1921 1086l2 90c10 33 35 53 71 56 20 1 43-6 60-20l8-6v21h54v-225h-53v73c-1 69-1 74-3 80-6 21-28 33-51 30-14-2-24-9-30-20-6-10-6-12-6-91v-72h-52v84z"/></svg>
<h3>Requ&ecirc;te bloqu&eacute;e par le pare-feu applicatif Claranet WebFence</h3>
<p>La requ&ecirc;te que vous venez d'ex&eacute;cuter a &eacute;t&eacute; bloqu&eacute;e par mesure de s&eacute;curit&eacute;.</p>
<p id='_alt'>Alerte ID: <span id='_id'>e219f7a1f546439ba66ed434f3d97460</span></p><p>Date: <span id='_dt'></span></p>

<p>
Afin de vous débloquer rapidement, merci d'envoyer les informations suivantes :
</p>
<ul>
<li>L'identifiant de l'alerte (voir ci-dessus)</li>
<li>L'URL de la page qui a généré le blocage</li>
</ul>
<p>
 A l'adresse <a HREF="mailto:ans-terminologies@esante.gouv.fr?subject=%5BEspace de tests%5D%20Demande%20de%20d%C3%A9blocage%20apr%C3%A8s%20alerte%20e219f7a1f546439ba66ed434f3d97460&body=Bonjour%2C%0A%0AL%E2%80%99acc%C3%A8s%20%C3%A0%20la%20page%20suivante%20a%20%C3%A9t%C3%A9%20bloqu%C3%A9.%20Merci%20de%20le%20d%C3%A9bloquer.%0A%0AIdentifiant%20de%20l%E2%80%99alerte%20%3A%20e219f7a1f546439ba66ed434f3d97460%0AURL%20de%20la%20page%20qui%20a%20g%C3%A9n%C3%A9r%C3%A9%20le%20blocage%20%28sur%20le%20site%20smt.esante.gouv.fr%29%20%3A%20%2Ffhir%2FValueSet%2F%24expand%0A%0A">ans-terminologies@esante.gouv.fr</a> (utilisez ce lien pour préremplir le message). 
</p>
</html>
Generate Spreadsheets                                                                                (00:26.150 / 02:13.874, 1Gb)
Generate Summaries                                                                                   (00:05.172 / 02:19.047, 2Gb)
Generating Summary Outputs                                                                           (00:00.000 / 02:19.047, 2Gb)
DB Cumulative Time invested: 00:00:01.429
Sending Usage Stats to Server                                                                        (00:06.905 / 02:25.953, 1Gb)
## Memory (MB): Use = 1144, Free = 2091, Total = 3236, Max = 3998                                    (00:00.005 / 02:25.959, 1Gb)
Reclaiming memory...                                                                                 (00:00.000 / 02:25.959, 1Gb)
## Memory (MB): Use = 833, Free = 1960, Total = 2794, Max = 3998                                     (00:00.428 / 02:26.388, 835Mb)
Run jekyll: jekyll build --destination "/tmp/ig-builds/ans.fhir.fr.ror#0.5.0/output" (in folder /tmp/ig-builds/ans.fhir.fr.ror#0.5.0/temp/pages) (00:00.001 / 02:26.390, 835Mb)
Troubleshooting Note: usual cases for Jekyll to fail are:                                            (00:00.000 / 02:26.390, 835Mb)
* A failure to produce a fragment that is already logged in the output above                         (00:00.000 / 02:26.391, 835Mb)
* A reference to a manually edited file that hasn't been provided                                    (00:00.000 / 02:26.391, 835Mb)
Jekyll: Source: /tmp/ig-builds/ans.fhir.fr.ror#0.5.0/temp/pages                                      (00:00.422 / 02:26.814, 837Mb)
Jekyll: Generating...                                                                                (00:00.000 / 02:26.814, 837Mb)
Jekyll: done in 4.888 seconds.                                                                       (00:04.887 / 02:31.702, 837Mb)

Installing ans.fhir.fr.ror#0.5.0
 done.
Checking Output HTML                                                                                 (00:03.800 / 02:35.503, 1Gb)
found 1948 files                                                                                     (00:00.008 / 02:35.511, 1Gb)
........................................
........................................
  ... 1948 html files, 0 pages invalid xhtml (0%)                                                    (00:17.646 / 02:53.157, 1Gb)
  ... 412767 links, 71 broken links (0%)                                                             (00:00.001 / 02:53.158, 1Gb)
Generate fragment-usage-analysis.csv                                                                 (00:00.000 / 02:53.159, 1Gb)
Build final .zip                                                                                     (00:00.005 / 02:53.164, 1Gb)
Final .zip built                                                                                     (00:03.128 / 02:56.293, 1Gb)
Built. Times: loading: 00:08.417, generate: 02:19.135, narrative generation: 00:23.261, realm-rules: 00:00.000, previous-version: 00:06.369, jekyll: 00:05.341, validation: 00:28.618 (#105), template: 00:02.805 (#3) (00:02.834 / 02:59.128, 944Mb)
Generating QA                                                                                        (00:00.001 / 02:59.129, 944Mb)
Validation output in /tmp/ig-builds/ans.fhir.fr.ror#0.5.0/output/qa.html
Errors: 81, Warnings: 112, Info: 61, Broken Links: 71 (00:02.912 / 03:02.042, 905Mb)
Finished. Max Memory Used = 2Gb. Log file saved in /tmp/fhir-ig-publisher-tmp.log                    (00:00.020 / 03:02.062, 909Mb)
Prepare Build space in /tmp/ig-builds/ans.fhir.fr.ror#0.5.0-milestone
Build IG at /home/runner/work/IG-fhir-repertoire-offre-ressources-sante/IG-fhir-repertoire-offre-ressources-sante/./igSource: final copy suitable for publication (in /tmp/ig-builds/ans.fhir.fr.ror#0.5.0-milestone) (milestone build)
FHIR IG Publisher Version 1.8.21 (Git# 405adfe2fb91). Built 2025-03-17T08:32:10.338Z (4 hours old)  
Detected Java version: 17.0.10 from /opt/hostedtoolcache/Java_Microsoft_jdk/17.0.10/x64 on Linux/amd64 (64bit). 3998MB available
dir = /home/runner/work/IG-fhir-repertoire-offre-ressources-sante/IG-fhir-repertoire-offre-ressources-sante, path = /opt/hostedtoolcache/Ruby/3.3.7/x64/bin:/usr/share/dotnet:/opt/hostedtoolcache/node/20.18.3/x64/bin:/opt/hostedtoolcache/Java_Microsoft_jdk/17.0.10/x64/bin:/snap/bin:/home/runner/.local/bin:/opt/pipx_bin:/home/runner/.cargo/bin:/home/runner/.config/composer/vendor/bin:/usr/local/.ghcup/bin:/home/runner/.dotnet/tools:/usr/local/sbin:/usr/local/bin:/usr/sbin:/usr/bin:/sbin:/bin:/usr/games:/usr/local/games:/snap/bin
Parameters: -ig /tmp/ig-builds/ans.fhir.fr.ror#0.5.0-milestone -publish https://interop.esante.gouv.fr/ig/fhir/ror/0.5.0 -milestone -no-exit
Character encoding = UTF-8 / UTF-8                                                                  
Start Clock @ Monday, March 17, 2025 at 1:25:57 PM Coordinated Universal Time (2025-03-17T13:25:57Z)
                                                                                                    
Build FHIR IG from /tmp/ig-builds/ans.fhir.fr.ror#0.5.0-milestone                                    (00:00.002 / 00:00.002, 958Mb)
Build Formal Publication package, intended for https://interop.esante.gouv.fr/ig/fhir/ror/0.5.0      (00:00.000 / 00:00.003, 958Mb)
API keys loaded from /home/runner/.fhir/fhir-settings.json                                           (00:00.000 / 00:00.003, 958Mb)
Package Cache: /home/runner/.fhir/packages                                                           (00:00.000 / 00:00.003, 959Mb)
Run Sushi on /tmp/ig-builds/ans.fhir.fr.ror#0.5.0-milestone                                          (00:00.000 / 00:00.004, 959Mb)
Sushi: info  Running SUSHI v3.14.0 (implements FHIR Shorthand specification v3.0.0)                  (00:00.430 / 00:00.435, 960Mb)
Sushi: info  Arguments:                                                                              (00:00.000 / 00:00.435, 961Mb)
Sushi: info    --require-latest                                                                      (00:00.000 / 00:00.436, 961Mb)
Sushi: info    --out /tmp/ig-builds/ans.fhir.fr.ror#0.5.0-milestone                                  (00:00.000 / 00:00.436, 961Mb)
Sushi: info    /tmp/ig-builds/ans.fhir.fr.ror#0.5.0-milestone                                        (00:00.000 / 00:00.437, 961Mb)
Sushi: info  Using configuration file: /tmp/ig-builds/ans.fhir.fr.ror#0.5.0-milestone/sushi-config.yaml (00:00.383 / 00:00.821, 961Mb)
Sushi: info  Importing FSH text...                                                                   (00:00.104 / 00:00.925, 961Mb)
Sushi: info  Preprocessed 105 documents with 107 aliases.                                            (00:00.416 / 00:01.341, 961Mb)
Sushi: info  Imported 63 definitions and 41 instances.                                               (00:00.078 / 00:01.420, 961Mb)
Sushi: info  Loaded virtual package sushi-r5forR4#1.0.0 with 7 resources                             (00:00.087 / 00:01.507, 961Mb)
Sushi: info  Resolved hl7.fhir.uv.tools.r4#latest to concrete version 0.4.1                          (00:00.637 / 00:02.145, 961Mb)
Sushi: info  Loaded hl7.fhir.uv.tools.r4#0.4.1 with 86 resources                                     (00:00.039 / 00:02.185, 961Mb)
Sushi: info  Resolved hl7.terminology.r4#latest to concrete version 6.2.0                            (00:00.104 / 00:02.289, 961Mb)
Sushi: info  Loaded hl7.terminology.r4#6.2.0 with 4323 resources                                     (00:00.939 / 00:03.229, 961Mb)
Sushi: info  Resolved hl7.fhir.uv.extensions.r4#latest to concrete version 5.2.0                     (00:00.103 / 00:03.333, 961Mb)
Sushi: info  Loaded hl7.fhir.uv.extensions.r4#5.2.0 with 759 resources                               (00:00.203 / 00:03.536, 961Mb)
Sushi: info  Loaded ans.annuaire.fhir.r4#0.2.0 with 62 resources                                     (00:00.037 / 00:03.573, 961Mb)
Sushi: info  Loaded hl7.fhir.fr.core#1.1.0 with 119 resources                                        (00:00.058 / 00:03.632, 961Mb)
Sushi: info  Loaded hl7.fhir.uv.bulkdata#2.0.0 with 8 resources                                      (00:00.002 / 00:03.634, 961Mb)
Sushi: info  Loaded hl7.fhir.r4.core#4.0.1 with 4581 resources                                       (00:00.877 / 00:04.511, 961Mb)
Sushi: info  Loaded virtual package sushi-local#LOCAL with 0 resources                               (00:00.006 / 00:04.518, 961Mb)
Sushi: info  Converting FSH to FHIR resources...                                                     (00:00.019 / 00:04.537, 961Mb)
Sushi: info  Converted 54 FHIR StructureDefinitions.                                                 (00:07.876 / 00:12.414, 961Mb)
Sushi: info  Converted 5 FHIR CodeSystems.                                                           (00:00.120 / 00:12.534, 961Mb)
Sushi: info  Converted 4 FHIR ValueSets.                                                             (00:00.084 / 00:12.619, 961Mb)
Sushi: info  Converted 41 FHIR instances.                                                            (00:04.591 / 00:17.210, 961Mb)
Sushi: info  Exporting FHIR resources as JSON...                                                     (00:00.048 / 00:17.259, 961Mb)
Sushi: info  Exported 104 FHIR resources as JSON.                                                    (00:00.132 / 00:17.392, 961Mb)
Sushi: info  Assembling Implementation Guide sources...                                              (00:00.003 / 00:17.395, 961Mb)
Sushi: info  Generated ImplementationGuide-ans.fhir.fr.ror.json                                      (00:00.023 / 00:17.419, 961Mb)
Sushi: info  Assembled Implementation Guide sources; ready for IG Publisher.                         (00:00.001 / 00:17.420, 961Mb)
Sushi: ========================= SUSHI RESULTS ===========================                           (00:00.001 / 00:17.421, 961Mb)
Sushi: |  -------------------------------------------------------------  |                           (00:00.000 / 00:17.422, 961Mb)
Sushi: | |    Profiles   |  Extensions  |   Logicals   |   Resources   | |                           (00:00.000 / 00:17.423, 961Mb)
Sushi: | |-------------------------------------------------------------| |                           (00:00.000 / 00:17.424, 961Mb)
Sushi: | |       9       |      45      |      0       |       0       | |                           (00:00.000 / 00:17.425, 961Mb)
Sushi: |  -------------------------------------------------------------  |                           (00:00.000 / 00:17.426, 961Mb)
Sushi: |  -------------------------------------------------------------  |                           (00:00.000 / 00:17.427, 961Mb)
Sushi: | |      ValueSets     |    CodeSystems    |     Instances      | |                           (00:00.000 / 00:17.428, 961Mb)
Sushi: | |-------------------------------------------------------------| |                           (00:00.001 / 00:17.429, 961Mb)
Sushi: | |         4          |         5         |         41         | |                           (00:00.001 / 00:17.430, 961Mb)
Sushi: |  -------------------------------------------------------------  |                           (00:00.000 / 00:17.431, 961Mb)
Sushi: |                                                                 |                           (00:00.000 / 00:17.432, 961Mb)
Sushi: ===================================================================                           (00:00.000 / 00:17.433, 961Mb)
Sushi: | That was a sea breeze!                 0 Errors      0 Warnings |                           (00:00.000 / 00:17.433, 961Mb)
Sushi: ===================================================================                           (00:00.000 / 00:17.434, 961Mb)
Unable to load IG as an r5 IG - try R4 (property code is a class com.google.gson.JsonPrimitive looking for an object) (00:00.021 / 00:17.455, 961Mb)
Load Template from ans.fr.template#0.2.0                                                             (00:00.015 / 00:17.471, 964Mb)
 Load Template from fhir.base.template#0.8.1                                                         (00:00.036 / 00:17.508, 971Mb)
Root directory: /tmp/ig-builds/ans.fhir.fr.ror#0.5.0-milestone                                       (00:01.205 / 00:18.713, 1Gb)
Terminology Cache is at /tmp/ig-builds/ans.fhir.fr.ror#0.5.0-milestone/input-cache/txcache. 127 files in cache (00:00.768 / 00:19.481, 1Gb)
Core Package hl7.fhir.r4.core#4.0.1
Unable to generate snapshot @2 for Definition from noname because Profile Definition (http://hl7.org/fhir/StructureDefinition/Definition) has no base and no snapshot
Unable to generate snapshot @2 for Event from noname because Profile Event (http://hl7.org/fhir/StructureDefinition/Event) has no base and no snapshot
Unable to generate snapshot @2 for FiveWs from noname because Profile FiveWs (http://hl7.org/fhir/StructureDefinition/FiveWs) has no base and no snapshot
Unable to generate snapshot @2 for Request from noname because Profile Request (http://hl7.org/fhir/StructureDefinition/Request) has no base and no snapshot
Running Terminology Log: /tmp/ohfu-fhir-ig-4882920868748260414.log
Connect to Terminology Server at http://tx.fhir.org                                                  (00:01.465 / 00:20.946, 1Gb)
Load Package hl7.fhir.pubpack#0.2.1
Load Package hl7.fhir.xver-extensions#0.1.0
Load Package hl7.terminology.r4#6.2.0
Load Package hl7.fhir.uv.extensions.r4#5.2.0
Load Package ANS.annuaire.fhir.r4#0.2.0
Load Package hl7.fhir.fr.core#1.1.0
Load Package hl7.fhir.uv.bulkdata#2.0.0
Load Package hl7.fhir.uv.tools.r4#0.4.1
Load R5 Specials
Unable to generate snapshot @2 for Definition from noname because Profile Definition (http://hl7.org/fhir/StructureDefinition/Definition) has no base and no snapshot
Unable to generate snapshot @2 for Event from noname because Profile Event (http://hl7.org/fhir/StructureDefinition/Event) has no base and no snapshot
Unable to generate snapshot @2 for FiveWs from noname because Profile FiveWs (http://hl7.org/fhir/StructureDefinition/FiveWs) has no base and no snapshot
Unable to generate snapshot @2 for Request from noname because Profile Request (http://hl7.org/fhir/StructureDefinition/Request) has no base and no snapshot
Initialization complete                                                                              (00:03.923 / 00:24.870, 1Gb)
Load Content                                                                                         (00:00.000 / 00:24.870, 1Gb)
Using fr_FR as the default narrative language. (inferred from ImplementationGuide.jurisdiction=FR)   (00:00.012 / 00:24.883, 1Gb)
Process Loaded Resources                                                                             (00:00.620 / 00:25.504, 1Gb)
Generating Snapshots                                                                                 (00:00.545 / 00:26.049, 1Gb)
loadPrePages from FetchedFile[/tmp/ig-builds/ans.fhir.fr.ror#0.5.0-milestone/fsh-generated/includes] as /tmp/ig-builds/ans.fhir.fr.ror#0.5.0-milestone/fsh-generated/includes
loadPrePages from FetchedFile[/tmp/ig-builds/ans.fhir.fr.ror#0.5.0-milestone/input/data] as /tmp/ig-builds/ans.fhir.fr.ror#0.5.0-milestone/input/data
loadPrePages from FetchedFile[/tmp/ig-builds/ans.fhir.fr.ror#0.5.0-milestone/input/pagecontent] as /tmp/ig-builds/ans.fhir.fr.ror#0.5.0-milestone/input/pagecontent
Fetch https://interop.esante.gouv.fr/ig/fhir/ror/package-list.json for version check                 (00:01.151 / 00:27.200, 1Gb)
Processing Conformance Resources                                                                     (00:00.259 / 00:27.460, 1Gb)
Checking Language                                                                                    (00:00.000 / 00:27.460, 1Gb)
Load Dependency Info                                                                                 (00:00.002 / 00:27.462, 1Gb)
Load Info                                                                                            (00:00.000 / 00:27.463, 1Gb)
Load Paths                                                                                           (00:00.000 / 00:27.464, 1Gb)
Check R4 / R4B                                                                                       (00:00.000 / 00:27.464, 1Gb)
Assign Comparison Ids                                                                                (00:00.010 / 00:27.474, 1Gb)
Propagating status                                                                                   (00:00.000 / 00:27.475, 1Gb)
Generating Narratives                                                                                (00:00.000 / 00:27.475, 1Gb)
Validating Conformance Resources                                                                     (00:01.347 / 00:28.823, 1Gb)
Unable to generate snapshot @2 for Definition from noname because Profile Definition (http://hl7.org/fhir/StructureDefinition/Definition) has no base and no snapshot
Unable to generate snapshot @2 for Event from noname because Profile Event (http://hl7.org/fhir/StructureDefinition/Event) has no base and no snapshot
Unable to generate snapshot @2 for FiveWs from noname because Profile FiveWs (http://hl7.org/fhir/StructureDefinition/FiveWs) has no base and no snapshot
Unable to generate snapshot @2 for Request from noname because Profile Request (http://hl7.org/fhir/StructureDefinition/Request) has no base and no snapshot
Check profiles & code systems                                                                        (00:14.982 / 00:43.806, 2Gb)
Check realm rules                                                                                    (00:00.003 / 00:43.809, 2Gb)
Previous Version Comparison                                                                          (00:00.000 / 00:43.810, 2Gb)
Unable to generate snapshot @1 for Definition from noname because Profile Definition (http://hl7.org/fhir/StructureDefinition/Definition) has no base and no snapshot
Unable to generate snapshot @1 for Event from noname because Profile Event (http://hl7.org/fhir/StructureDefinition/Event) has no base and no snapshot
Unable to generate snapshot @1 for FiveWs from noname because Profile FiveWs (http://hl7.org/fhir/StructureDefinition/FiveWs) has no base and no snapshot
Unable to generate snapshot @1 for Request from noname because Profile Request (http://hl7.org/fhir/StructureDefinition/Request) has no base and no snapshot
Validating Resources                                                                                 (00:05.753 / 00:49.563, 1Gb)
Processing Provenance Records                                                                        (00:00.476 / 00:50.040, 2Gb)
Generating Outputs in /tmp/ig-builds/ans.fhir.fr.ror#0.5.0-milestone/output                          (00:00.000 / 00:50.040, 2Gb)
Generate Native Outputs                                                                              (00:00.074 / 00:50.115, 2Gb)
Run Template                                                                                         (00:06.478 / 00:56.594, 1Gb)
Generate HTML Outputs                                                                                (00:02.720 / 00:59.314, 1Gb)
Generate Spreadsheets                                                                                (00:09.694 / 01:09.008, 2Gb)
Generate Summaries                                                                                   (00:02.908 / 01:11.917, 2Gb)
Generating Summary Outputs                                                                           (00:00.000 / 01:11.918, 2Gb)
DB Cumulative Time invested: 00:00:01.582
Sending Usage Stats to Server                                                                        (00:04.293 / 01:16.212, 1Gb)
## Memory (MB): Use = 1933, Free = 860, Total = 2794, Max = 3998                                     (00:00.001 / 01:16.213, 1Gb)
Reclaiming memory...                                                                                 (00:00.000 / 01:16.214, 1Gb)
## Memory (MB): Use = 1635, Free = 1158, Total = 2794, Max = 3998                                    (00:00.772 / 01:16.987, 1Gb)
Run jekyll: jekyll build --destination "/tmp/ig-builds/ans.fhir.fr.ror#0.5.0-milestone/output" (in folder /tmp/ig-builds/ans.fhir.fr.ror#0.5.0-milestone/temp/pages) (00:00.001 / 01:16.988, 1Gb)
Troubleshooting Note: usual cases for Jekyll to fail are:                                            (00:00.000 / 01:16.989, 1Gb)
* A failure to produce a fragment that is already logged in the output above                         (00:00.000 / 01:16.989, 1Gb)
* A reference to a manually edited file that hasn't been provided                                    (00:00.000 / 01:16.990, 1Gb)
Jekyll: Source: /tmp/ig-builds/ans.fhir.fr.ror#0.5.0-milestone/temp/pages                            (00:00.330 / 01:17.320, 1Gb)
Jekyll: Generating...                                                                                (00:00.000 / 01:17.320, 1Gb)
Jekyll: done in 4.871 seconds.                                                                       (00:04.871 / 01:22.191, 1Gb)

Installing ans.fhir.fr.ror#0.5.0
Checking Output HTML                                                                                 (00:02.260 / 01:24.452, 1Gb)
found 1948 files                                                                                     (00:00.008 / 01:24.460, 1Gb)
........................................
...................Sending usage stats failed: Connection timed out
.....................
  ... 1948 html files, 0 pages invalid xhtml (0%)                                                    (00:16.130 / 01:40.590, 1Gb)
  ... 412767 links, 71 broken links (0%)                                                             (00:00.000 / 01:40.591, 1Gb)
Generate fragment-usage-analysis.csv                                                                 (00:00.000 / 01:40.592, 1Gb)
Build final .zip                                                                                     (00:00.006 / 01:40.598, 1Gb)
Final .zip built                                                                                     (00:03.118 / 01:43.717, 1Gb)
Built. Times: loading: 00:02.588, generate: 01:18.157, narrative generation: 00:01.347, realm-rules: 00:00.000, previous-version: 00:05.735, jekyll: 00:05.230, validation: 00:15.008 (#105), template: 00:02.719 (#3) (00:01.902 / 01:45.620, 2Gb)
Generating QA                                                                                        (00:00.001 / 01:45.621, 2Gb)
Validation output in /tmp/ig-builds/ans.fhir.fr.ror#0.5.0-milestone/output/qa.html
Errors: 81, Warnings: 112, Info: 67, Broken Links: 71 (00:02.752 / 01:48.373, 2Gb)
Finished. Max Memory Used = 2Gb. Log file saved in /tmp/fhir-ig-publisher-tmp.log                    (00:00.008 / 01:48.382, 2Gb)
Keep a copy of the build directory at /tmp/web-root/run-20250317/ig-build-zips/ans.fhir.fr.ror#0.5.0.zip

ok. All checks passed. Publish v0.5.0 to /tmp/web-root/run-20250317/ror/0.5.0
Copy the IG to /tmp/web-root/run-20250317/ror/0.5.0
Update /tmp/web-root/run-20250317/ror/package-list.json
Publish Box Statement: This page is part of the Répertoire national de l’Offre et des Ressources en santé et accompagnement médico-social (v0.5.0: <a no-external="true" href="https://confluence.hl7.org/display/HL7/HL7+Balloting" title="Standard for Trial-Use">STU</a>1) based on <a no-external="true" href="http://hl7.org/fhir/R4">FHIR (HL7® FHIR® Standard) R4</a>. This is the current published version in its permanent home (it will always be available at this URL).  For a full list of available versions, see the <a no-external="true" href="https://interop.esante.gouv.fr/ig/fhir/ror/history.html">Directory of published versions</a>
  .. 763 files checked, 763 updated
  .. 345 clones checked, 690 updated
  .. 105 redirections (105 created/updated)
This is a milestone release - publish v0.5.0 to /tmp/web-root/run-20250317/ror
Update publish box for version 0.4.0 @ https://interop.esante.gouv.fr/ig/fhir/ror/0.4.0
Publish Box Statement: This page is part of the Répertoire national de l’Offre et des Ressources en santé et accompagnement médico-social (v0.4.0: <a no-external="true" href="https://confluence.hl7.org/display/HL7/HL7+Balloting" title="Standard for Trial-Use">STU</a>1) based on <a no-external="true" href="http://hl7.org/fhir/R4">FHIR (HL7® FHIR® Standard) R4</a>. The current version which supersedes this version is <a no-external="true" href="https://interop.esante.gouv.fr/ig/fhir/ror{{fn}}">0.5.0</a>.  For a full list of available versions, see the <a no-external="true" href="https://interop.esante.gouv.fr/ig/fhir/ror/history.html">Directory of published versions</a>
  .. 757 files checked, 757 updated
  .. 343 clones checked, 0 updated
Update publish box for version 0.4.0-snapshot-1 @ https://interop.esante.gouv.fr/ig/fhir/ror/0.4.0-snapshot-1
Publish Box Statement: This page is part of the Répertoire national de l’Offre et des Ressources en santé et accompagnement médico-social (v0.4.0-snapshot-1: QA Preview) based on <a no-external="true" href="http://hl7.org/fhir/R4">FHIR (HL7® FHIR® Standard) R4</a>. The current version which supersedes this version is <a no-external="true" href="https://interop.esante.gouv.fr/ig/fhir/ror{{fn}}">0.5.0</a>.  For a full list of available versions, see the <a no-external="true" href="https://interop.esante.gouv.fr/ig/fhir/ror/history.html">Directory of published versions</a>
  .. 747 files checked, 747 updated
  .. 333 clones checked, 0 updated
Update publish box for version 0.3.0 @ https://interop.esante.gouv.fr/ig/fhir/ror/0.3.0
Publish Box Statement: This page is part of the Répertoire national de l’Offre et des Ressources en santé et accompagnement médico-social (v0.3.0: Release) based on <a no-external="true" href="http://hl7.org/fhir/R4">FHIR (HL7® FHIR® Standard) R4</a>. The current version which supersedes this version is <a no-external="true" href="https://interop.esante.gouv.fr/ig/fhir/ror{{fn}}">0.5.0</a>.  For a full list of available versions, see the <a no-external="true" href="https://interop.esante.gouv.fr/ig/fhir/ror/history.html">Directory of published versions</a>
  .. 627 files checked, 627 updated
  .. 329 clones checked, 0 updated
Update publish box for version 0.2.0 @ https://interop.esante.gouv.fr/ig/fhir/ror/0.2.0
Publish Box Statement: This page is part of the Répertoire national de l’Offre et des Ressources en santé et accompagnement médico-social (v0.2.0: Release) based on <a no-external="true" href="http://hl7.org/fhir/R4">FHIR (HL7® FHIR® Standard) R4</a>. The current version which supersedes this version is <a no-external="true" href="https://interop.esante.gouv.fr/ig/fhir/ror{{fn}}">0.5.0</a>.  For a full list of available versions, see the <a no-external="true" href="https://interop.esante.gouv.fr/ig/fhir/ror/history.html">Directory of published versions</a>
  .. 621 files checked, 621 updated
  .. 308 clones checked, 0 updated
Update publish box for version 0.1.1 @ https://interop.esante.gouv.fr/ig/fhir/ror/0.1.1
Publish Box Statement: This page is part of the Répertoire national de l’Offre et des Ressources en santé et accompagnement médico-social (v0.1.1: Release) based on <a no-external="true" href="http://hl7.org/fhir/R4">FHIR (HL7® FHIR® Standard) R4</a>. The current version which supersedes this version is <a no-external="true" href="https://interop.esante.gouv.fr/ig/fhir/ror{{fn}}">0.5.0</a>.  For a full list of available versions, see the <a no-external="true" href="https://interop.esante.gouv.fr/ig/fhir/ror/history.html">Directory of published versions</a>
  .. 528 files checked, 528 updated
  .. 278 clones checked, 0 updated
Update publish box for version 0.1.0 @ https://interop.esante.gouv.fr/ig/fhir/ror/0.1.0
Publish Box Statement: This page is part of the Répertoire national de l’Offre et des Ressources en santé et accompagnement médico-social (v0.1.0: Release) based on <a no-external="true" href="http://hl7.org/fhir/R4">FHIR (HL7® FHIR® Standard) R4</a>. The current version which supersedes this version is <a no-external="true" href="https://interop.esante.gouv.fr/ig/fhir/ror{{fn}}">0.5.0</a>.  For a full list of available versions, see the <a no-external="true" href="https://interop.esante.gouv.fr/ig/fhir/ror/history.html">Directory of published versions</a>
  .. 533 files checked, 533 updated
  .. 169 clones checked, 0 updated
Publish Box Statement: This page is part of the Répertoire national de l’Offre et des Ressources en santé et accompagnement médico-social (v0.5.0: <a no-external="true" href="https://confluence.hl7.org/display/HL7/HL7+Balloting" title="Standard for Trial-Use">STU</a>1) based on <a no-external="true" href="http://hl7.org/fhir/R4">FHIR (HL7® FHIR® Standard) R4</a>. This is the current published version.  For a full list of available versions, see the <a no-external="true" href="https://interop.esante.gouv.fr/ig/fhir/ror/history.html">Directory of published versions</a>
  .. 763 files checked, 763 updated
  .. 345 clones checked, 690 updated
  .. 105 redirections (105 created/updated)
Check for Files to delete
  ... 0 files
Copy to new IG /tmp/web-root/run-20250317/ror
ans.fhir.fr.ror (https://interop.esante.gouv.fr/ig/fhir/ror): Répertoire national de l’Offre et des Ressources en santé et accompagnement médico-social @ https://ansforge.github.io/IG-fhir-repertoire-offre-ressources-sante/ig/main
  release: STU1 0.5.0/4.0.1 @ https://interop.esante.gouv.fr/ig/fhir/ror/0.5.0
Build is complete. Copy from /tmp/web-root/run-20250317
Update history page at /tmp/web-root/run-20250317/ror from /home/runner/work/IG-fhir-repertoire-offre-ressources-sante/IG-fhir-repertoire-offre-ressources-sante/./IG-website-release/fhir-ig-history-template and ./IG-website-release/templates
