FHIR IG Publisher Version 1.5.8 (Git# a6632bc40257). Built 2023-12-15T18:34:49.481Z (3 days old)
Detected Java version: 17.0.7 from /opt/hostedtoolcache/Java_Microsoft_jdk/17.0.7/x64 on amd64 (64bit). 3996MB available
dir = /home/runner/work/IG-fhir-annuaire/IG-fhir-annuaire, path = /opt/hostedtoolcache/Java_Microsoft_jdk/17.0.7/x64/bin:/home/runner/.dotnet:/snap/bin:/home/runner/.local/bin:/opt/pipx_bin:/home/runner/.cargo/bin:/home/runner/.config/composer/vendor/bin:/usr/local/.ghcup/bin:/home/runner/.dotnet/tools:/usr/local/sbin:/usr/local/bin:/usr/sbin:/usr/bin:/sbin:/bin:/usr/games:/usr/local/games:/snap/bin
Parameters: -go-publish -source igRepo -web ./IG-website-release/www/ig/fhir -registry ./IG-website-release/ig-registry/fhir-ig-list.json -history ./IG-website-release/fhir-ig-history-template -templates ./IG-website-release/templates
---------------
Publication Run: publish igRepo to ./IG-website-release/www/ig/fhir
Run Number: 25
Relative directory for IG is '/annuaire'
All checks passed. Do the publication build from /home/runner/work/IG-fhir-annuaire/IG-fhir-annuaire/igRepo and publish to /tmp/web-root/run-20231219/annuaire
Prepare Build space in /tmp/ans.fhir.fr.annuaire#1.0.0-ballot-3
Build IG at /home/runner/work/IG-fhir-annuaire/IG-fhir-annuaire/igRepo: final copy suitable for publication (in /tmp/ans.fhir.fr.annuaire#1.0.0-ballot-3)
FHIR IG Publisher Version 1.5.8 (Git# a6632bc40257). Built 2023-12-15T18:34:49.481Z (3 days old)    
Detected Java version: 17.0.7 from /opt/hostedtoolcache/Java_Microsoft_jdk/17.0.7/x64 on Linux/amd64 (64bit). 3996MB available
dir = /home/runner/work/IG-fhir-annuaire/IG-fhir-annuaire, path = /opt/hostedtoolcache/Java_Microsoft_jdk/17.0.7/x64/bin:/home/runner/.dotnet:/snap/bin:/home/runner/.local/bin:/opt/pipx_bin:/home/runner/.cargo/bin:/home/runner/.config/composer/vendor/bin:/usr/local/.ghcup/bin:/home/runner/.dotnet/tools:/usr/local/sbin:/usr/local/bin:/usr/sbin:/usr/bin:/sbin:/bin:/usr/games:/usr/local/games:/snap/bin
Parameters: -ig /tmp/ans.fhir.fr.annuaire#1.0.0-ballot-3 -resetTx -publish https://interop.esante.gouv.fr/ig/fhir/annuaire/1.0.0-ballot-3 -no-exit
Start Clock @ Tuesday, December 19, 2023 at 3:13:34 PM Coordinated Universal Time (2023-12-19T15:13:34Z)
                                                                                                    
Build FHIR IG from /tmp/ans.fhir.fr.annuaire#1.0.0-ballot-3                                          (00:00.015 / 00:00.015, 53Mb)
Build Formal Publication package, intended for https://interop.esante.gouv.fr/ig/fhir/annuaire/1.0.0-ballot-3 (00:00.003 / 00:00.018, 53Mb)
API keys loaded from /home/runner/.fhir/fhir-settings.json                                           (00:00.001 / 00:00.019, 53Mb)
Package Cache: /home/runner/.fhir/packages                                                           (00:00.002 / 00:00.022, 54Mb)
Run Sushi on /tmp/ans.fhir.fr.annuaire#1.0.0-ballot-3                                                (00:00.002 / 00:00.024, 54Mb)
Sushi: info  Running SUSHI v3.6.0 (implements FHIR Shorthand specification v3.0.0-ballot)            (00:00.427 / 00:00.452, 55Mb)
Sushi: info  Arguments:                                                                              (00:00.001 / 00:00.453, 55Mb)
Sushi: info    --require-latest                                                                      (00:00.001 / 00:00.454, 55Mb)
Sushi: info    --out /tmp/ans.fhir.fr.annuaire#1.0.0-ballot-3                                        (00:00.001 / 00:00.456, 55Mb)
Sushi: info    /tmp/ans.fhir.fr.annuaire#1.0.0-ballot-3                                              (00:00.001 / 00:00.457, 55Mb)
Sushi: info  Using configuration file: /tmp/ans.fhir.fr.annuaire#1.0.0-ballot-3/sushi-config.yaml    (00:00.774 / 00:01.231, 55Mb)
Sushi: info  Importing FSH text...                                                                   (00:00.115 / 00:01.347, 55Mb)
Sushi: info  Preprocessed 55 documents with 84 aliases.                                              (00:00.183 / 00:01.530, 55Mb)
Sushi: info  Imported 50 definitions and 8 instances.                                                (00:00.028 / 00:01.558, 55Mb)
Sushi: info  Checking /home/runner/.fhir/packages for hl7.fhir.uv.tools#current...                   (00:00.001 / 00:01.560, 55Mb)
Sushi: info  Found hl7.fhir.uv.tools#current in /home/runner/.fhir/packages.                         (00:00.046 / 00:01.607, 55Mb)
Sushi: info  Loaded package hl7.fhir.uv.tools#current                                                (00:00.332 / 00:01.939, 55Mb)
Sushi: info  Checking /home/runner/.fhir/packages for hl7.terminology.r4#5.3.0...                    (00:00.534 / 00:02.474, 55Mb)
Sushi: info  Found hl7.terminology.r4#5.3.0 in /home/runner/.fhir/packages.                          (00:00.514 / 00:02.988, 55Mb)
Sushi: info  Loaded package hl7.terminology.r4#5.3.0                                                 (00:00.001 / 00:02.989, 55Mb)
Sushi: info  Checking /home/runner/.fhir/packages for hl7.fhir.uv.extensions.r4#1.0.0...             (00:00.450 / 00:03.440, 55Mb)
Sushi: info  Found hl7.fhir.uv.extensions.r4#1.0.0 in /home/runner/.fhir/packages.                   (00:00.533 / 00:03.973, 55Mb)
Sushi: info  Loaded package hl7.fhir.uv.extensions.r4#1.0.0                                          (00:00.001 / 00:03.974, 55Mb)
Sushi: info  Checking /home/runner/.fhir/packages for hl7.fhir.fr.core#1.1.0...                      (00:00.000 / 00:03.975, 55Mb)
Sushi: info  Found hl7.fhir.fr.core#1.1.0 in /home/runner/.fhir/packages.                            (00:00.497 / 00:04.473, 55Mb)
Sushi: info  Loaded package hl7.fhir.fr.core#1.1.0                                                   (00:00.001 / 00:04.474, 55Mb)
Sushi: info  Loading supplemental version of FHIR to support extensions from hl7.fhir.extensions.r5  (00:00.001 / 00:04.475, 55Mb)
Sushi: info  Checking /home/runner/.fhir/packages for hl7.fhir.r5.core#5.0.0...                      (00:00.001 / 00:04.476, 55Mb)
Sushi: info  Found hl7.fhir.r5.core#5.0.0 in /home/runner/.fhir/packages.                            (00:00.514 / 00:04.991, 55Mb)
Sushi: info  Loaded package hl7.fhir.r5.core#5.0.0                                                   (00:00.001 / 00:04.992, 55Mb)
Sushi: info  Checking /home/runner/.fhir/packages for ans.fr.nos#1.1.0...                            (00:00.001 / 00:04.993, 55Mb)
Sushi: info  Found ans.fr.nos#1.1.0 in /home/runner/.fhir/packages.                                  (00:00.701 / 00:05.695, 55Mb)
Sushi: info  Loaded package ans.fr.nos#1.1.0                                                         (00:00.001 / 00:05.696, 55Mb)
Sushi: info  Checking /home/runner/.fhir/packages for hl7.fhir.r4.core#4.0.1...                      (00:00.001 / 00:05.697, 55Mb)
Sushi: info  Found hl7.fhir.r4.core#4.0.1 in /home/runner/.fhir/packages.                            (00:01.411 / 00:07.109, 55Mb)
Sushi: info  Loaded package hl7.fhir.r4.core#4.0.1                                                   (00:00.001 / 00:07.111, 55Mb)
Sushi: info  Converting FSH to FHIR resources...                                                     (00:00.038 / 00:07.149, 55Mb)
Sushi: warn  Slice named as-mailbox-mss-metadata already exists on element PractitionerRole.telecom:mailbox-mss.extension of AsPractitionerRoleProfile (00:04.949 / 00:12.099, 55Mb)
Sushi:   File: /tmp/ans.fhir.fr.annuaire#1.0.0-ballot-3/input/fsh/profiles/AsPractitionerRoleProfile.fsh (00:00.001 / 00:12.100, 55Mb)
Sushi:   Line: 126                                                                                   (00:00.000 / 00:12.101, 55Mb)
Sushi: warn  At least one slice of HealthcareService.identifier has a max greater than the overall element max. The max of the following slice(s) has been reduced to match the max of HealthcareService.identifier: numAutorisationArhgos (00:00.329 / 00:12.431, 55Mb)
Sushi: warn  At least one slice of HealthcareService.identifier has a max greater than the overall element max. The max of the following slice(s) has been reduced to match the max of HealthcareService.identifier: numAutorisationArhgos (00:00.446 / 00:12.877, 55Mb)
Sushi: info  Converted 46 FHIR StructureDefinitions.                                                 (00:00.285 / 00:13.162, 55Mb)
Sushi: info  Converted 2 FHIR CodeSystems.                                                           (00:00.011 / 00:13.174, 55Mb)
Sushi: info  Converted 2 FHIR ValueSets.                                                             (00:00.025 / 00:13.199, 55Mb)
Sushi: info  Converted 8 FHIR instances.                                                             (00:00.417 / 00:13.617, 55Mb)
Sushi: info  Exporting FHIR resources as JSON...                                                     (00:00.001 / 00:13.618, 55Mb)
Sushi: info  Exported 58 FHIR resources as JSON.                                                     (00:00.528 / 00:14.146, 55Mb)
Sushi: info  Assembling Implementation Guide sources...                                              (00:00.002 / 00:14.149, 55Mb)
Sushi: info  Generated ImplementationGuide-ans.fhir.fr.annuaire.json                                 (00:00.025 / 00:14.175, 55Mb)
Sushi: info  Assembled Implementation Guide sources; ready for IG Publisher.                         (00:00.001 / 00:14.176, 55Mb)
Sushi: ========================= SUSHI RESULTS ===========================                           (00:00.001 / 00:14.177, 55Mb)
Sushi: |  -------------------------------------------------------------  |                           (00:00.000 / 00:14.178, 55Mb)
Sushi: | |    Profiles   |  Extensions  |   Logicals   |   Resources   | |                           (00:00.000 / 00:14.179, 55Mb)
Sushi: | |-------------------------------------------------------------| |                           (00:00.000 / 00:14.180, 55Mb)
Sushi: | |      23       |      23      |      0       |       0       | |                           (00:00.000 / 00:14.181, 55Mb)
Sushi: |  -------------------------------------------------------------  |                           (00:00.001 / 00:14.182, 55Mb)
Sushi: |  -------------------------------------------------------------  |                           (00:00.000 / 00:14.183, 55Mb)
Sushi: | |      ValueSets     |    CodeSystems    |     Instances      | |                           (00:00.000 / 00:14.184, 55Mb)
Sushi: | |-------------------------------------------------------------| |                           (00:00.000 / 00:14.185, 55Mb)
Sushi: | |         2          |         2         |         8          | |                           (00:00.001 / 00:14.186, 55Mb)
Sushi: |  -------------------------------------------------------------  |                           (00:00.000 / 00:14.187, 55Mb)
Sushi: |                                                                 |                           (00:00.001 / 00:14.188, 55Mb)
Sushi: ===================================================================                           (00:00.001 / 00:14.189, 55Mb)
Sushi: | Keep swimming, Dory.                   0 Errors      3 Warnings |                           (00:00.001 / 00:14.190, 55Mb)
Sushi: ===================================================================                           (00:00.001 / 00:14.191, 55Mb)
Unable to load IG as an r5 IG - try R4 (property code is a class com.google.gson.JsonPrimitive looking for an object) (00:00.420 / 00:14.612, 60Mb)
Load Template from https://github.com/ansforge/IG-template                                           (00:00.380 / 00:14.993, 78Mb)

onLoad.findSpreadsheets:

onLoad.updateIg:
     [xslt] Processing /tmp/ans.fhir.fr.annuaire#1.0.0-ballot-3/template/onLoad-ig-working.xml to /tmp/ans.fhir.fr.annuaire#1.0.0-ballot-3/template/onLoad-ig-updated.xml
     [xslt] Loading stylesheet /tmp/ans.fhir.fr.annuaire#1.0.0-ballot-3/template/scripts/onLoad.xslt

onLoad.extend:

onLoad:
Root directory: /tmp/ans.fhir.fr.annuaire#1.0.0-ballot-3                                             (00:03.052 / 00:18.045, 84Mb)
Core Package hl7.fhir.r4.core#4.0.1
Unable to generate snapshot @2 for Definition from noname because Profile Definition (http://hl7.org/fhir/StructureDefinition/Definition) has no base and no snapshot
Unable to generate snapshot @2 for Event from noname because Profile Event (http://hl7.org/fhir/StructureDefinition/Event) has no base and no snapshot
Unable to generate snapshot @2 for FiveWs from noname because Profile FiveWs (http://hl7.org/fhir/StructureDefinition/FiveWs) has no base and no snapshot
Unable to generate snapshot @2 for Request from noname because Profile Request (http://hl7.org/fhir/StructureDefinition/Request) has no base and no snapshot
Terminology Cache is at /tmp/ans.fhir.fr.annuaire#1.0.0-ballot-3/input-cache/txcache. Clearing now   (00:04.580 / 00:22.625, 472Mb)
Connect to Terminology Server at http://tx.fhir.org                                                  (00:00.002 / 00:22.627, 472Mb)
Load Package hl7.fhir.pubpack#0.1.7
Load Package hl7.fhir.xver-extensions#0.1.0
Error fetching https://packages.fhir.org/hl7.fhir.uv.extensions.r4: PKIX path validation failed: java.security.cert.CertPathValidatorException: validity check failed
2023-12-19 15:13:57.464 [main] INFO  o.h.f.u.n.FilesystemPackageCacheManager [FilesystemPackageCacheManager.java:351] Failed to determine latest version of package hl7.fhir.uv.extensions.r4 from server: https://packages.fhir.org
Error fetching https://packages.fhir.org/hl7.terminology.r4: PKIX path validation failed: java.security.cert.CertPathValidatorException: validity check failed
2023-12-19 15:13:57.863 [main] INFO  o.h.f.u.n.FilesystemPackageCacheManager [FilesystemPackageCacheManager.java:351] Failed to determine latest version of package hl7.terminology.r4 from server: https://packages.fhir.org
Load Package hl7.terminology.r4#5.3.0
Load Package hl7.fhir.uv.extensions.r4#1.0.0
Load Package hl7.fhir.fr.core#1.1.0
Load Package ans.fr.nos#1.1.0
Version mismatch. This IG is version 4.0.1, while the IG 'hl7.fhir.uv.tools' is from version 5.0.0 (will try to run anyway) (00:05.450 / 00:28.078, 381Mb)
Load Package hl7.fhir.uv.tools#1.0.0-candidate
Load R5 Specials
Unable to generate snapshot @2 for Definition from noname because Profile Definition (http://hl7.org/fhir/StructureDefinition/Definition) has no base and no snapshot
Unable to generate snapshot @2 for Event from noname because Profile Event (http://hl7.org/fhir/StructureDefinition/Event) has no base and no snapshot
Unable to generate snapshot @2 for FiveWs from noname because Profile FiveWs (http://hl7.org/fhir/StructureDefinition/FiveWs) has no base and no snapshot
Unable to generate snapshot @2 for Request from noname because Profile Request (http://hl7.org/fhir/StructureDefinition/Request) has no base and no snapshot
Initialization complete                                                                              (00:00.868 / 00:28.946, 749Mb)
Fetch https://interop.esante.gouv.fr/ig/fhir/annuaire/package-list.json for version check            (00:00.002 / 00:28.949, 749Mb)
Load Content                                                                                         (00:00.515 / 00:29.465, 751Mb)
loadPrePages from FetchedFile[/tmp/ans.fhir.fr.annuaire#1.0.0-ballot-3/fsh-generated/includes] as /tmp/ans.fhir.fr.annuaire#1.0.0-ballot-3/fsh-generated/includes
loadPrePages from FetchedFile[/tmp/ans.fhir.fr.annuaire#1.0.0-ballot-3/input/data] as /tmp/ans.fhir.fr.annuaire#1.0.0-ballot-3/input/data
loadPrePages from FetchedFile[/tmp/ans.fhir.fr.annuaire#1.0.0-ballot-3/input/pagecontent] as /tmp/ans.fhir.fr.annuaire#1.0.0-ballot-3/input/pagecontent
Processing Conformance Resources                                                                     (00:01.294 / 00:30.759, 430Mb)
Load Dependency Info                                                                                 (00:00.003 / 00:30.762, 430Mb)
Load Info                                                                                            (00:00.001 / 00:30.764, 430Mb)
Load Resources                                                                                       (00:00.001 / 00:30.765, 431Mb)
Load Paths                                                                                           (00:00.801 / 00:31.567, 842Mb)
Generating Snapshots                                                                                 (00:00.000 / 00:31.568, 842Mb)
Check R4 / R4B                                                                                       (00:08.754 / 00:40.322, 574Mb)
Assign Comparison Ids                                                                                (00:00.012 / 00:40.335, 576Mb)
Propagating status                                                                                   (00:00.001 / 00:40.336, 576Mb)
Generating Narratives                                                                                (00:00.001 / 00:40.338, 576Mb)
Validating Conformance Resources                                                                     (00:08.631 / 00:48.969, 735Mb)
Unable to generate snapshot @2 for Definition from noname because Profile Definition (http://hl7.org/fhir/StructureDefinition/Definition) has no base and no snapshot
Unable to generate snapshot @2 for Event from noname because Profile Event (http://hl7.org/fhir/StructureDefinition/Event) has no base and no snapshot
Unable to generate snapshot @2 for FiveWs from noname because Profile FiveWs (http://hl7.org/fhir/StructureDefinition/FiveWs) has no base and no snapshot
Unable to generate snapshot @2 for Request from noname because Profile Request (http://hl7.org/fhir/StructureDefinition/Request) has no base and no snapshot
Check profiles & code systems                                                                        (00:16.603 / 01:05.572, 1Gb)
Check realm rules                                                                                    (00:00.008 / 01:05.581, 1Gb)
Previous Version Comparison                                                                          (00:00.000 / 01:05.582, 1Gb)
Unable to generate snapshot @1 for Definition from noname because Profile Definition (http://hl7.org/fhir/StructureDefinition/Definition) has no base and no snapshot
Unable to generate snapshot @1 for Event from noname because Profile Event (http://hl7.org/fhir/StructureDefinition/Event) has no base and no snapshot
Unable to generate snapshot @1 for FiveWs from noname because Profile FiveWs (http://hl7.org/fhir/StructureDefinition/FiveWs) has no base and no snapshot
Unable to generate snapshot @1 for Request from noname because Profile Request (http://hl7.org/fhir/StructureDefinition/Request) has no base and no snapshot
Validating Resources                                                                                 (00:06.046 / 01:11.628, 1Gb)
Processing Provenance Records                                                                        (00:00.630 / 01:12.259, 1Gb)
Generating Outputs in /tmp/ans.fhir.fr.annuaire#1.0.0-ballot-3/output                                (00:00.001 / 01:12.260, 1Gb)
Generate Native Outputs                                                                              (00:00.118 / 01:12.378, 1Gb)
Run Template                                                                                         (00:22.712 / 01:35.091, 1Gb)

onGenerate.checkVersions:
     [xslt] Processing /tmp/ans.fhir.fr.annuaire#1.0.0-ballot-3/template/onGenerate-ig-working.xml to /tmp/ans.fhir.fr.annuaire#1.0.0-ballot-3/template/versions.txt
     [xslt] Loading stylesheet /tmp/ans.fhir.fr.annuaire#1.0.0-ballot-3/template/scripts/onGenerate.getVersions.xslt

onGenerate.r5-schemas:
      [get] Getting: http://build.fhir.org/fhir-single.xsd
      [get] To: /tmp/ans.fhir.fr.annuaire#1.0.0-ballot-3/input-cache/schemas/R5/fhir-single.xsd
      [get] Not modified - so not downloaded
      [get] Getting: http://build.fhir.org/fhir-xhtml.xsd
      [get] To: /tmp/ans.fhir.fr.annuaire#1.0.0-ballot-3/input-cache/schemas/R5/fhir-xhtml.xsd
      [get] Not modified - so not downloaded
      [get] Getting: http://build.fhir.org/xml.xsd
      [get] To: /tmp/ans.fhir.fr.annuaire#1.0.0-ballot-3/input-cache/schemas/R5/xml.xsd
      [get] Not modified - so not downloaded
      [get] Getting: http://build.fhir.org/xmldsig-core-schema.xsd
      [get] To: /tmp/ans.fhir.fr.annuaire#1.0.0-ballot-3/input-cache/schemas/R5/xmldsig-core-schema.xsd
      [get] Not modified - so not downloaded

onGenerate.r4-schemas:
      [get] Getting: http://hl7.org/fhir/R4/fhir-single.xsd
      [get] To: /tmp/ans.fhir.fr.annuaire#1.0.0-ballot-3/input-cache/schemas/R4/fhir-single.xsd
      [get] Not modified - so not downloaded
      [get] Getting: http://hl7.org/fhir/R4/fhir-xhtml.xsd
      [get] To: /tmp/ans.fhir.fr.annuaire#1.0.0-ballot-3/input-cache/schemas/R4/fhir-xhtml.xsd
      [get] Not modified - so not downloaded
      [get] Getting: http://hl7.org/fhir/R4/xml.xsd
      [get] To: /tmp/ans.fhir.fr.annuaire#1.0.0-ballot-3/input-cache/schemas/R4/xml.xsd
      [get] Not modified - so not downloaded
      [get] Getting: http://hl7.org/fhir/R4/xmldsig-core-schema.xsd
      [get] To: /tmp/ans.fhir.fr.annuaire#1.0.0-ballot-3/input-cache/schemas/R4/xmldsig-core-schema.xsd
      [get] Not modified - so not downloaded

onGenerate.r3-schemas:

onGenerate.r2b-schemas:

onGenerate.r2-schemas:

onGenerate.schemas:

onGenerate.data:
     [xslt] Processing /tmp/ans.fhir.fr.annuaire#1.0.0-ballot-3/template/onGenerate-ig-working.xml to /tmp/ans.fhir.fr.annuaire#1.0.0-ballot-3/temp/pages/_data/artifacts.json
     [xslt] Loading stylesheet /tmp/ans.fhir.fr.annuaire#1.0.0-ballot-3/template/scripts/onGenerate.data.xslt

onGenerate.setup:

onGenerate.infoFile:
     [xslt] Processing /tmp/ans.fhir.fr.annuaire#1.0.0-ballot-3/template/onGenerate-ig-working.xml to /tmp/ans.fhir.fr.annuaire#1.0.0-ballot-3/temp/pages/_data/info.json
     [xslt] Loading stylesheet /tmp/ans.fhir.fr.annuaire#1.0.0-ballot-3/template/scripts/onGenerate.genJson.xslt

onGenerate.processIncludes:
     [copy] Copying 17 files to /tmp/ans.fhir.fr.annuaire#1.0.0-ballot-3/temp/pages/_includes

onGenerate.processIg:
     [xslt] Processing /tmp/ans.fhir.fr.annuaire#1.0.0-ballot-3/template/onGenerate-ig-working.xml to /tmp/ans.fhir.fr.annuaire#1.0.0-ballot-3/template/onGenerate-ig-working.1.xml
     [xslt] Loading stylesheet /tmp/ans.fhir.fr.annuaire#1.0.0-ballot-3/template/scripts/onGenerate.group.xslt
     [xslt] Processing /tmp/ans.fhir.fr.annuaire#1.0.0-ballot-3/template/onGenerate-ig-working.1.xml to /tmp/ans.fhir.fr.annuaire#1.0.0-ballot-3/template/onGenerate-ig-working.2.xml
     [xslt] Loading stylesheet /tmp/ans.fhir.fr.annuaire#1.0.0-ballot-3/template/scripts/onGenerate.groupSort.xslt
     [xslt] Processing /tmp/ans.fhir.fr.annuaire#1.0.0-ballot-3/template/onGenerate-ig-working.2.xml to /tmp/ans.fhir.fr.annuaire#1.0.0-ballot-3/template/onGenerate-ig-updated.xml
     [xslt] Loading stylesheet /tmp/ans.fhir.fr.annuaire#1.0.0-ballot-3/template/scripts/onGenerate.final.xslt

onGenerate.igQa:
     [xslt] Processing /tmp/ans.fhir.fr.annuaire#1.0.0-ballot-3/template/onGenerate-ig-updated.xml to /tmp/ans.fhir.fr.annuaire#1.0.0-ballot-3/template/ongenerate-validation-igqa.json
     [xslt] Loading stylesheet /tmp/ans.fhir.fr.annuaire#1.0.0-ballot-3/template/scripts/onGenerate.qa.xslt

onGenerate.artifactList:
     [xslt] Processing /tmp/ans.fhir.fr.annuaire#1.0.0-ballot-3/template/onGenerate-ig-updated.xml to /tmp/ans.fhir.fr.annuaire#1.0.0-ballot-3/temp/pages/_includes/artifacts.xml
     [xslt] Loading stylesheet /tmp/ans.fhir.fr.annuaire#1.0.0-ballot-3/template/scripts/createArtifactSummary.xslt

check-plantumlfiles:

onGenerate.plantUml.ig:

onGenerate.plantUml.template:

onGenerate.plantUml:

onGenerate.copyDataFiles:
     [copy] Warning: /tmp/ans.fhir.fr.annuaire#1.0.0-ballot-3/template/data does not exist.

onGenerate.extend:

onGenerate:
Template Done                                                                                        (00:01.832 / 01:36.924, 1Gb)
Generate HTML Outputs                                                                                (00:00.001 / 01:36.925, 1Gb)
ERROR StatusLogger Log4j2 could not find a logging implementation. Please add log4j-core to the classpath. Using SimpleLogger to log to the console...
Value set 'https://mos.esante.gouv.fr/NOS/TRE_R301-SourceInformationInstallation/FHIR/TRE-R301-SourceInformationInstallation' at https://interop.esante.gouv.fr/ig/fhir/annuaire/StructureDefinition/as-ext-healthcareservice-authorization#Extension.extension:sourceReportInstallation.value[x] not found
Value set 'https://mos.esante.gouv.fr/NOS/TRE_R301-SourceInformationInstallation/FHIR/TRE-R301-SourceInformationInstallation' at https://interop.esante.gouv.fr/ig/fhir/annuaire/StructureDefinition/as-ext-healthcareservice-authorization#Extension.extension:sourceReportInstallation.value[x] not found
Value set 'https://mos.esante.gouv.fr/NOS/TRE_R301-SourceInformationInstallation/FHIR/TRE-R301-SourceInformationInstallation' at https://interop.esante.gouv.fr/ig/fhir/annuaire/StructureDefinition/as-ext-healthcareservice-authorization#Extension.extension:sourceReportInstallation.value[x] not found
Value set 'https://mos.esante.gouv.fr/NOS/TRE_R286-TypeFermeture/FHIR/TRE-R286-TypeFermeture' at https://interop.esante.gouv.fr/ig/fhir/annuaire/StructureDefinition/as-ext-organization-closing-type#Extension.value[x] not found
Value set 'https://mos.esante.gouv.fr/NOS/TRE_R286-TypeFermeture/FHIR/TRE-R286-TypeFermeture' at https://interop.esante.gouv.fr/ig/fhir/annuaire/StructureDefinition/as-ext-organization-closing-type#Extension.value[x] not found
Value set 'https://mos.esante.gouv.fr/NOS/TRE_R286-TypeFermeture/FHIR/TRE-R286-TypeFermeture' at https://interop.esante.gouv.fr/ig/fhir/annuaire/StructureDefinition/as-ext-organization-closing-type#Extension.value[x] not found
Value set 'https://mos.esante.gouv.fr/NOS/TRE_R74-ModeFixationTarifaire/FHIR/TRE-R74-ModeFixationTarifaire' at https://interop.esante.gouv.fr/ig/fhir/annuaire/StructureDefinition/as-ext-organization-pricing-model#Extension.value[x] not found
Value set 'https://mos.esante.gouv.fr/NOS/TRE_R74-ModeFixationTarifaire/FHIR/TRE-R74-ModeFixationTarifaire' at https://interop.esante.gouv.fr/ig/fhir/annuaire/StructureDefinition/as-ext-organization-pricing-model#Extension.value[x] not found
Value set 'https://mos.esante.gouv.fr/NOS/TRE_R74-ModeFixationTarifaire/FHIR/TRE-R74-ModeFixationTarifaire' at https://interop.esante.gouv.fr/ig/fhir/annuaire/StructureDefinition/as-ext-organization-pricing-model#Extension.value[x] not found
Generate Summaries                                                                                   (00:27.586 / 02:04.512, 1Gb)
Generating Summary Outputs                                                                           (00:00.000 / 02:04.513, 1Gb)
DB Cumulative Time invested: 00:00:00.254
Sending Usage Stats to Server                                                                        (02:15.226 / 04:19.739, 1Gb)
## Memory (MB): Use = 1818, Free = 673, Total = 2492, Max = 3996                                     (00:00.006 / 04:19.746, 1Gb)
Reclaiming memory...                                                                                 (00:00.000 / 04:19.747, 1Gb)
## Memory (MB): Use = 1258, Free = 1233, Total = 2492, Max = 3996                                    (00:00.592 / 04:20.340, 1Gb)
Run jekyll: jekyll build --destination "/tmp/ans.fhir.fr.annuaire#1.0.0-ballot-3/output" (in folder /tmp/ans.fhir.fr.annuaire#1.0.0-ballot-3/temp/pages) (00:00.001 / 04:20.341, 1Gb)
Note: usual cases for Jekyll to fail are:                                                            (00:00.001 / 04:20.343, 1Gb)
* A failure to produce a fragment that is already logged in the output above                         (00:00.000 / 04:20.344, 1Gb)
* A reference to a manually edited file that hasn't been provided                                    (00:00.000 / 04:20.344, 1Gb)
Jekyll: Source: /tmp/ans.fhir.fr.annuaire#1.0.0-ballot-3/temp/pages                                  (00:00.320 / 04:20.665, 1Gb)
Jekyll: Generating...                                                                                (00:00.001 / 04:20.666, 1Gb)
Jekyll: done in 3.118 seconds.                                                                       (00:03.117 / 04:23.783, 1Gb)

Installing ans.fhir.fr.annuaire#1.0.0-ballot-3 done.
Checking Output HTML                                                                                 (00:06.297 / 04:30.081, 1Gb)
found 1394 files                                                                                     (00:00.005 / 04:30.087, 1Gb)
........................................
........................................
  ... 1394 html files, 0 pages invalid xhtml (0%)                                                    (00:34.369 / 05:04.457, 1Gb)
  ... 865409 links, 0 broken links (0%)                                                              (00:00.000 / 05:04.457, 1Gb)
Build final .zip                                                                                     (00:00.000 / 05:04.458, 1Gb)
Final .zip built                                                                                     (00:04.460 / 05:08.918, 1Gb)
Built. Times: loading: 00:01.292, generate: 04:42.243, narrative generation: 00:08.630, realm-rules: 00:00.000, previous-version: 00:05.979, jekyll: 00:03.481, validation: 00:16.599 (#59), template: 00:01.832 (#3) (00:04.084 / 05:13.002, 1Gb)
Validation output in /tmp/ans.fhir.fr.annuaire#1.0.0-ballot-3/output/qa.html
Errors: 15, Warnings: 57, Info: 101, Broken Links: 0 (00:01.593 / 05:14.596, 1Gb)
Finished. Max Memory Used = 1Gb. Log file saved in /tmp/fhir-ig-publisher-tmp.log                    (00:00.011 / 05:14.607, 1Gb)
Prepare Build space in /tmp/ans.fhir.fr.annuaire#1.0.0-ballot-3-milestone
Build IG at /home/runner/work/IG-fhir-annuaire/IG-fhir-annuaire/igRepo: final copy suitable for publication (in /tmp/ans.fhir.fr.annuaire#1.0.0-ballot-3-milestone) (milestone build)
FHIR IG Publisher Version 1.5.8 (Git# a6632bc40257). Built 2023-12-15T18:34:49.481Z (3 days old)    
Detected Java version: 17.0.7 from /opt/hostedtoolcache/Java_Microsoft_jdk/17.0.7/x64 on Linux/amd64 (64bit). 3996MB available
dir = /home/runner/work/IG-fhir-annuaire/IG-fhir-annuaire, path = /opt/hostedtoolcache/Java_Microsoft_jdk/17.0.7/x64/bin:/home/runner/.dotnet:/snap/bin:/home/runner/.local/bin:/opt/pipx_bin:/home/runner/.cargo/bin:/home/runner/.config/composer/vendor/bin:/usr/local/.ghcup/bin:/home/runner/.dotnet/tools:/usr/local/sbin:/usr/local/bin:/usr/sbin:/usr/bin:/sbin:/bin:/usr/games:/usr/local/games:/snap/bin
Parameters: -ig /tmp/ans.fhir.fr.annuaire#1.0.0-ballot-3-milestone -publish https://interop.esante.gouv.fr/ig/fhir/annuaire/1.0.0-ballot-3 -milestone -no-exit
Start Clock @ Tuesday, December 19, 2023 at 3:18:52 PM Coordinated Universal Time (2023-12-19T15:18:52Z)
                                                                                                    
Build FHIR IG from /tmp/ans.fhir.fr.annuaire#1.0.0-ballot-3-milestone                                (00:00.002 / 00:00.002, 1Gb)
Build Formal Publication package, intended for https://interop.esante.gouv.fr/ig/fhir/annuaire/1.0.0-ballot-3 (00:00.000 / 00:00.003, 1Gb)
API keys loaded from /home/runner/.fhir/fhir-settings.json                                           (00:00.000 / 00:00.004, 1Gb)
Package Cache: /home/runner/.fhir/packages                                                           (00:00.000 / 00:00.004, 1Gb)
Run Sushi on /tmp/ans.fhir.fr.annuaire#1.0.0-ballot-3-milestone                                      (00:00.001 / 00:00.005, 1Gb)
Sushi: info  Running SUSHI v3.6.0 (implements FHIR Shorthand specification v3.0.0-ballot)            (00:00.409 / 00:00.415, 1Gb)
Sushi: info  Arguments:                                                                              (00:00.001 / 00:00.416, 1Gb)
Sushi: info    --require-latest                                                                      (00:00.000 / 00:00.417, 1Gb)
Sushi: info    --out /tmp/ans.fhir.fr.annuaire#1.0.0-ballot-3-milestone                              (00:00.000 / 00:00.418, 1Gb)
Sushi: info    /tmp/ans.fhir.fr.annuaire#1.0.0-ballot-3-milestone                                    (00:00.000 / 00:00.418, 1Gb)
Sushi: info  Using configuration file: /tmp/ans.fhir.fr.annuaire#1.0.0-ballot-3-milestone/sushi-config.yaml (00:00.811 / 00:01.230, 1Gb)
Sushi: info  Importing FSH text...                                                                   (00:00.116 / 00:01.347, 1Gb)
Sushi: info  Preprocessed 55 documents with 84 aliases.                                              (00:00.185 / 00:01.533, 1Gb)
Sushi: info  Imported 50 definitions and 8 instances.                                                (00:00.028 / 00:01.561, 1Gb)
Sushi: info  Checking /home/runner/.fhir/packages for hl7.fhir.uv.tools#current...                   (00:00.001 / 00:01.562, 1Gb)
Sushi: info  Found hl7.fhir.uv.tools#current in /home/runner/.fhir/packages.                         (00:00.041 / 00:01.604, 1Gb)
Sushi: info  Loaded package hl7.fhir.uv.tools#current                                                (00:00.332 / 00:01.936, 1Gb)
Sushi: info  Checking /home/runner/.fhir/packages for hl7.terminology.r4#5.3.0...                    (00:00.574 / 00:02.511, 1Gb)
Sushi: info  Found hl7.terminology.r4#5.3.0 in /home/runner/.fhir/packages.                          (00:00.575 / 00:03.087, 1Gb)
Sushi: info  Loaded package hl7.terminology.r4#5.3.0                                                 (00:00.000 / 00:03.088, 1Gb)
Sushi: info  Checking /home/runner/.fhir/packages for hl7.fhir.uv.extensions.r4#1.0.0...             (00:00.562 / 00:03.650, 1Gb)
Sushi: info  Found hl7.fhir.uv.extensions.r4#1.0.0 in /home/runner/.fhir/packages.                   (00:00.539 / 00:04.190, 1Gb)
Sushi: info  Loaded package hl7.fhir.uv.extensions.r4#1.0.0                                          (00:00.000 / 00:04.190, 1Gb)
Sushi: info  Checking /home/runner/.fhir/packages for hl7.fhir.fr.core#1.1.0...                      (00:00.000 / 00:04.191, 1Gb)
Sushi: info  Found hl7.fhir.fr.core#1.1.0 in /home/runner/.fhir/packages.                            (00:00.514 / 00:04.705, 1Gb)
Sushi: info  Loaded package hl7.fhir.fr.core#1.1.0                                                   (00:00.000 / 00:04.706, 1Gb)
Sushi: info  Loading supplemental version of FHIR to support extensions from hl7.fhir.extensions.r5  (00:00.000 / 00:04.707, 1Gb)
Sushi: info  Checking /home/runner/.fhir/packages for hl7.fhir.r5.core#5.0.0...                      (00:00.000 / 00:04.708, 1Gb)
Sushi: info  Found hl7.fhir.r5.core#5.0.0 in /home/runner/.fhir/packages.                            (00:00.523 / 00:05.231, 1Gb)
Sushi: info  Loaded package hl7.fhir.r5.core#5.0.0                                                   (00:00.001 / 00:05.232, 1Gb)
Sushi: info  Checking /home/runner/.fhir/packages for ans.fr.nos#1.1.0...                            (00:00.000 / 00:05.233, 1Gb)
Sushi: info  Found ans.fr.nos#1.1.0 in /home/runner/.fhir/packages.                                  (00:00.699 / 00:05.933, 1Gb)
Sushi: info  Loaded package ans.fr.nos#1.1.0                                                         (00:00.000 / 00:05.933, 1Gb)
Sushi: info  Checking /home/runner/.fhir/packages for hl7.fhir.r4.core#4.0.1...                      (00:00.000 / 00:05.934, 1Gb)
Sushi: info  Found hl7.fhir.r4.core#4.0.1 in /home/runner/.fhir/packages.                            (00:01.447 / 00:07.381, 1Gb)
Sushi: info  Loaded package hl7.fhir.r4.core#4.0.1                                                   (00:00.000 / 00:07.382, 1Gb)
Sushi: info  Converting FSH to FHIR resources...                                                     (00:00.039 / 00:07.421, 1Gb)
Sushi: warn  Slice named as-mailbox-mss-metadata already exists on element PractitionerRole.telecom:mailbox-mss.extension of AsPractitionerRoleProfile (00:05.064 / 00:12.486, 1Gb)
Sushi:   File: /tmp/ans.fhir.fr.annuaire#1.0.0-ballot-3-milestone/input/fsh/profiles/AsPractitionerRoleProfile.fsh (00:00.001 / 00:12.487, 1Gb)
Sushi:   Line: 126                                                                                   (00:00.000 / 00:12.488, 1Gb)
Sushi: warn  At least one slice of HealthcareService.identifier has a max greater than the overall element max. The max of the following slice(s) has been reduced to match the max of HealthcareService.identifier: numAutorisationArhgos (00:00.341 / 00:12.830, 1Gb)
Sushi: warn  At least one slice of HealthcareService.identifier has a max greater than the overall element max. The max of the following slice(s) has been reduced to match the max of HealthcareService.identifier: numAutorisationArhgos (00:00.461 / 00:13.291, 1Gb)
Sushi: info  Converted 46 FHIR StructureDefinitions.                                                 (00:00.285 / 00:13.577, 1Gb)
Sushi: info  Converted 2 FHIR CodeSystems.                                                           (00:00.011 / 00:13.588, 1Gb)
Sushi: info  Converted 2 FHIR ValueSets.                                                             (00:00.025 / 00:13.614, 1Gb)
Sushi: info  Converted 8 FHIR instances.                                                             (00:00.450 / 00:14.064, 1Gb)
Sushi: info  Exporting FHIR resources as JSON...                                                     (00:00.000 / 00:14.065, 1Gb)
Sushi: info  Exported 58 FHIR resources as JSON.                                                     (00:00.522 / 00:14.587, 1Gb)
Sushi: info  Assembling Implementation Guide sources...                                              (00:00.002 / 00:14.590, 1Gb)
Sushi: info  Generated ImplementationGuide-ans.fhir.fr.annuaire.json                                 (00:00.025 / 00:14.615, 1Gb)
Sushi: info  Assembled Implementation Guide sources; ready for IG Publisher.                         (00:00.000 / 00:14.616, 1Gb)
Sushi: ========================= SUSHI RESULTS ===========================                           (00:00.000 / 00:14.617, 1Gb)
Sushi: |  -------------------------------------------------------------  |                           (00:00.000 / 00:14.618, 1Gb)
Sushi: | |    Profiles   |  Extensions  |   Logicals   |   Resources   | |                           (00:00.000 / 00:14.619, 1Gb)
Sushi: | |-------------------------------------------------------------| |                           (00:00.000 / 00:14.619, 1Gb)
Sushi: | |      23       |      23      |      0       |       0       | |                           (00:00.000 / 00:14.620, 1Gb)
Sushi: |  -------------------------------------------------------------  |                           (00:00.000 / 00:14.621, 1Gb)
Sushi: |  -------------------------------------------------------------  |                           (00:00.000 / 00:14.622, 1Gb)
Sushi: | |      ValueSets     |    CodeSystems    |     Instances      | |                           (00:00.000 / 00:14.623, 1Gb)
Sushi: | |-------------------------------------------------------------| |                           (00:00.000 / 00:14.623, 1Gb)
Sushi: | |         2          |         2         |         8          | |                           (00:00.000 / 00:14.624, 1Gb)
Sushi: |  -------------------------------------------------------------  |                           (00:00.000 / 00:14.625, 1Gb)
Sushi: |                                                                 |                           (00:00.000 / 00:14.626, 1Gb)
Sushi: ===================================================================                           (00:00.000 / 00:14.627, 1Gb)
Sushi: | Don't be koi about asking for help.    0 Errors      3 Warnings |                           (00:00.000 / 00:14.627, 1Gb)
Sushi: ===================================================================                           (00:00.000 / 00:14.628, 1Gb)
Unable to load IG as an r5 IG - try R4 (property code is a class com.google.gson.JsonPrimitive looking for an object) (00:00.036 / 00:14.664, 1Gb)
Load Template from https://github.com/ansforge/IG-template                                           (00:00.014 / 00:14.679, 1Gb)

onLoad.findSpreadsheets:

onLoad.updateIg:
     [xslt] Processing /tmp/ans.fhir.fr.annuaire#1.0.0-ballot-3-milestone/template/onLoad-ig-working.xml to /tmp/ans.fhir.fr.annuaire#1.0.0-ballot-3-milestone/template/onLoad-ig-updated.xml
     [xslt] Loading stylesheet /tmp/ans.fhir.fr.annuaire#1.0.0-ballot-3-milestone/template/scripts/onLoad.xslt

onLoad.extend:

onLoad:
Root directory: /tmp/ans.fhir.fr.annuaire#1.0.0-ballot-3-milestone                                   (00:01.925 / 00:16.604, 1Gb)
Core Package hl7.fhir.r4.core#4.0.1
Unable to generate snapshot @2 for Definition from noname because Profile Definition (http://hl7.org/fhir/StructureDefinition/Definition) has no base and no snapshot
Unable to generate snapshot @2 for Event from noname because Profile Event (http://hl7.org/fhir/StructureDefinition/Event) has no base and no snapshot
Unable to generate snapshot @2 for FiveWs from noname because Profile FiveWs (http://hl7.org/fhir/StructureDefinition/FiveWs) has no base and no snapshot
Unable to generate snapshot @2 for Request from noname because Profile Request (http://hl7.org/fhir/StructureDefinition/Request) has no base and no snapshot
Terminology Cache is at /tmp/ans.fhir.fr.annuaire#1.0.0-ballot-3-milestone/input-cache/txcache. 4 files in cache (00:02.679 / 00:19.284, 2Gb)
Connect to Terminology Server at http://tx.fhir.org                                                  (00:00.001 / 00:19.285, 2Gb)
Load Package hl7.fhir.pubpack#0.1.7
Load Package hl7.fhir.xver-extensions#0.1.0
Error fetching https://packages.fhir.org/hl7.fhir.uv.extensions.r4: PKIX path validation failed: java.security.cert.CertPathValidatorException: validity check failed
2023-12-19 15:19:11.944 [main] INFO  o.h.f.u.n.FilesystemPackageCacheManager [FilesystemPackageCacheManager.java:351] Failed to determine latest version of package hl7.fhir.uv.extensions.r4 from server: https://packages.fhir.org
Error fetching https://packages.fhir.org/hl7.terminology.r4: PKIX path validation failed: java.security.cert.CertPathValidatorException: validity check failed
2023-12-19 15:19:12.339 [main] INFO  o.h.f.u.n.FilesystemPackageCacheManager [FilesystemPackageCacheManager.java:351] Failed to determine latest version of package hl7.terminology.r4 from server: https://packages.fhir.org
Load Package hl7.terminology.r4#5.3.0
Load Package hl7.fhir.uv.extensions.r4#1.0.0
Load Package hl7.fhir.fr.core#1.1.0
Load Package ans.fr.nos#1.1.0
Version mismatch. This IG is version 4.0.1, while the IG 'hl7.fhir.uv.tools' is from version 5.0.0 (will try to run anyway) (00:04.292 / 00:23.578, 2Gb)
Load Package hl7.fhir.uv.tools#1.0.0-candidate
Load R5 Specials
Unable to generate snapshot @2 for Definition from noname because Profile Definition (http://hl7.org/fhir/StructureDefinition/Definition) has no base and no snapshot
Unable to generate snapshot @2 for Event from noname because Profile Event (http://hl7.org/fhir/StructureDefinition/Event) has no base and no snapshot
Unable to generate snapshot @2 for FiveWs from noname because Profile FiveWs (http://hl7.org/fhir/StructureDefinition/FiveWs) has no base and no snapshot
Unable to generate snapshot @2 for Request from noname because Profile Request (http://hl7.org/fhir/StructureDefinition/Request) has no base and no snapshot
Initialization complete                                                                              (00:00.500 / 00:24.079, 2Gb)
Fetch https://interop.esante.gouv.fr/ig/fhir/annuaire/package-list.json for version check            (00:00.000 / 00:24.080, 2Gb)
Load Content                                                                                         (00:00.598 / 00:24.678, 2Gb)
loadPrePages from FetchedFile[/tmp/ans.fhir.fr.annuaire#1.0.0-ballot-3-milestone/fsh-generated/includes] as /tmp/ans.fhir.fr.annuaire#1.0.0-ballot-3-milestone/fsh-generated/includes
loadPrePages from FetchedFile[/tmp/ans.fhir.fr.annuaire#1.0.0-ballot-3-milestone/input/data] as /tmp/ans.fhir.fr.annuaire#1.0.0-ballot-3-milestone/input/data
loadPrePages from FetchedFile[/tmp/ans.fhir.fr.annuaire#1.0.0-ballot-3-milestone/input/pagecontent] as /tmp/ans.fhir.fr.annuaire#1.0.0-ballot-3-milestone/input/pagecontent
Processing Conformance Resources                                                                     (00:00.744 / 00:25.422, 1Gb)
Load Dependency Info                                                                                 (00:00.001 / 00:25.424, 1Gb)
Load Info                                                                                            (00:00.000 / 00:25.425, 1Gb)
Load Resources                                                                                       (00:00.000 / 00:25.425, 1Gb)
Load Paths                                                                                           (00:00.510 / 00:25.936, 1Gb)
Generating Snapshots                                                                                 (00:00.000 / 00:25.937, 1Gb)
Check R4 / R4B                                                                                       (00:08.125 / 00:34.062, 1Gb)
Assign Comparison Ids                                                                                (00:00.004 / 00:34.067, 1Gb)
Propagating status                                                                                   (00:00.000 / 00:34.068, 1Gb)
Generating Narratives                                                                                (00:00.000 / 00:34.068, 1Gb)
Validating Conformance Resources                                                                     (00:08.273 / 00:42.342, 1Gb)
Unable to generate snapshot @2 for Definition from noname because Profile Definition (http://hl7.org/fhir/StructureDefinition/Definition) has no base and no snapshot
Unable to generate snapshot @2 for Event from noname because Profile Event (http://hl7.org/fhir/StructureDefinition/Event) has no base and no snapshot
Unable to generate snapshot @2 for FiveWs from noname because Profile FiveWs (http://hl7.org/fhir/StructureDefinition/FiveWs) has no base and no snapshot
Unable to generate snapshot @2 for Request from noname because Profile Request (http://hl7.org/fhir/StructureDefinition/Request) has no base and no snapshot
Check profiles & code systems                                                                        (00:11.661 / 00:54.003, 2Gb)
Check realm rules                                                                                    (00:00.005 / 00:54.008, 2Gb)
Previous Version Comparison                                                                          (00:00.000 / 00:54.009, 2Gb)
Unable to generate snapshot @1 for Definition from noname because Profile Definition (http://hl7.org/fhir/StructureDefinition/Definition) has no base and no snapshot
Unable to generate snapshot @1 for Event from noname because Profile Event (http://hl7.org/fhir/StructureDefinition/Event) has no base and no snapshot
Unable to generate snapshot @1 for FiveWs from noname because Profile FiveWs (http://hl7.org/fhir/StructureDefinition/FiveWs) has no base and no snapshot
Unable to generate snapshot @1 for Request from noname because Profile Request (http://hl7.org/fhir/StructureDefinition/Request) has no base and no snapshot
Validating Resources                                                                                 (00:04.701 / 00:58.711, 2Gb)
Processing Provenance Records                                                                        (00:00.569 / 00:59.280, 2Gb)
Generating Outputs in /tmp/ans.fhir.fr.annuaire#1.0.0-ballot-3-milestone/output                      (00:00.000 / 00:59.281, 2Gb)
Generate Native Outputs                                                                              (00:00.104 / 00:59.386, 2Gb)
Sending usage stats failed: Connection timed out
Run Template                                                                                         (00:22.586 / 01:21.972, 2Gb)

onGenerate.checkVersions:
     [xslt] Processing /tmp/ans.fhir.fr.annuaire#1.0.0-ballot-3-milestone/template/onGenerate-ig-working.xml to /tmp/ans.fhir.fr.annuaire#1.0.0-ballot-3-milestone/template/versions.txt
     [xslt] Loading stylesheet /tmp/ans.fhir.fr.annuaire#1.0.0-ballot-3-milestone/template/scripts/onGenerate.getVersions.xslt

onGenerate.r5-schemas:
      [get] Getting: http://build.fhir.org/fhir-single.xsd
      [get] To: /tmp/ans.fhir.fr.annuaire#1.0.0-ballot-3-milestone/input-cache/schemas/R5/fhir-single.xsd
      [get] Not modified - so not downloaded
      [get] Getting: http://build.fhir.org/fhir-xhtml.xsd
      [get] To: /tmp/ans.fhir.fr.annuaire#1.0.0-ballot-3-milestone/input-cache/schemas/R5/fhir-xhtml.xsd
      [get] Not modified - so not downloaded
      [get] Getting: http://build.fhir.org/xml.xsd
      [get] To: /tmp/ans.fhir.fr.annuaire#1.0.0-ballot-3-milestone/input-cache/schemas/R5/xml.xsd
      [get] Not modified - so not downloaded
      [get] Getting: http://build.fhir.org/xmldsig-core-schema.xsd
      [get] To: /tmp/ans.fhir.fr.annuaire#1.0.0-ballot-3-milestone/input-cache/schemas/R5/xmldsig-core-schema.xsd
      [get] Not modified - so not downloaded

onGenerate.r4-schemas:
      [get] Getting: http://hl7.org/fhir/R4/fhir-single.xsd
      [get] To: /tmp/ans.fhir.fr.annuaire#1.0.0-ballot-3-milestone/input-cache/schemas/R4/fhir-single.xsd
      [get] Not modified - so not downloaded
      [get] Getting: http://hl7.org/fhir/R4/fhir-xhtml.xsd
      [get] To: /tmp/ans.fhir.fr.annuaire#1.0.0-ballot-3-milestone/input-cache/schemas/R4/fhir-xhtml.xsd
      [get] Not modified - so not downloaded
      [get] Getting: http://hl7.org/fhir/R4/xml.xsd
      [get] To: /tmp/ans.fhir.fr.annuaire#1.0.0-ballot-3-milestone/input-cache/schemas/R4/xml.xsd
      [get] Not modified - so not downloaded
      [get] Getting: http://hl7.org/fhir/R4/xmldsig-core-schema.xsd
      [get] To: /tmp/ans.fhir.fr.annuaire#1.0.0-ballot-3-milestone/input-cache/schemas/R4/xmldsig-core-schema.xsd
      [get] Not modified - so not downloaded

onGenerate.r3-schemas:

onGenerate.r2b-schemas:

onGenerate.r2-schemas:

onGenerate.schemas:

onGenerate.data:
     [xslt] Processing /tmp/ans.fhir.fr.annuaire#1.0.0-ballot-3-milestone/template/onGenerate-ig-working.xml to /tmp/ans.fhir.fr.annuaire#1.0.0-ballot-3-milestone/temp/pages/_data/artifacts.json
     [xslt] Loading stylesheet /tmp/ans.fhir.fr.annuaire#1.0.0-ballot-3-milestone/template/scripts/onGenerate.data.xslt

onGenerate.setup:

onGenerate.infoFile:
     [xslt] Processing /tmp/ans.fhir.fr.annuaire#1.0.0-ballot-3-milestone/template/onGenerate-ig-working.xml to /tmp/ans.fhir.fr.annuaire#1.0.0-ballot-3-milestone/temp/pages/_data/info.json
     [xslt] Loading stylesheet /tmp/ans.fhir.fr.annuaire#1.0.0-ballot-3-milestone/template/scripts/onGenerate.genJson.xslt

onGenerate.processIncludes:
     [copy] Copying 17 files to /tmp/ans.fhir.fr.annuaire#1.0.0-ballot-3-milestone/temp/pages/_includes

onGenerate.processIg:
     [xslt] Processing /tmp/ans.fhir.fr.annuaire#1.0.0-ballot-3-milestone/template/onGenerate-ig-working.xml to /tmp/ans.fhir.fr.annuaire#1.0.0-ballot-3-milestone/template/onGenerate-ig-working.1.xml
     [xslt] Loading stylesheet /tmp/ans.fhir.fr.annuaire#1.0.0-ballot-3-milestone/template/scripts/onGenerate.group.xslt
     [xslt] Processing /tmp/ans.fhir.fr.annuaire#1.0.0-ballot-3-milestone/template/onGenerate-ig-working.1.xml to /tmp/ans.fhir.fr.annuaire#1.0.0-ballot-3-milestone/template/onGenerate-ig-working.2.xml
     [xslt] Loading stylesheet /tmp/ans.fhir.fr.annuaire#1.0.0-ballot-3-milestone/template/scripts/onGenerate.groupSort.xslt
     [xslt] Processing /tmp/ans.fhir.fr.annuaire#1.0.0-ballot-3-milestone/template/onGenerate-ig-working.2.xml to /tmp/ans.fhir.fr.annuaire#1.0.0-ballot-3-milestone/template/onGenerate-ig-updated.xml
     [xslt] Loading stylesheet /tmp/ans.fhir.fr.annuaire#1.0.0-ballot-3-milestone/template/scripts/onGenerate.final.xslt

onGenerate.igQa:
     [xslt] Processing /tmp/ans.fhir.fr.annuaire#1.0.0-ballot-3-milestone/template/onGenerate-ig-updated.xml to /tmp/ans.fhir.fr.annuaire#1.0.0-ballot-3-milestone/template/ongenerate-validation-igqa.json
     [xslt] Loading stylesheet /tmp/ans.fhir.fr.annuaire#1.0.0-ballot-3-milestone/template/scripts/onGenerate.qa.xslt

onGenerate.artifactList:
     [xslt] Processing /tmp/ans.fhir.fr.annuaire#1.0.0-ballot-3-milestone/template/onGenerate-ig-updated.xml to /tmp/ans.fhir.fr.annuaire#1.0.0-ballot-3-milestone/temp/pages/_includes/artifacts.xml
     [xslt] Loading stylesheet /tmp/ans.fhir.fr.annuaire#1.0.0-ballot-3-milestone/template/scripts/createArtifactSummary.xslt

check-plantumlfiles:

onGenerate.plantUml.ig:

onGenerate.plantUml.template:

onGenerate.plantUml:

onGenerate.copyDataFiles:
     [copy] Warning: /tmp/ans.fhir.fr.annuaire#1.0.0-ballot-3-milestone/template/data does not exist.

onGenerate.extend:

onGenerate:
Template Done                                                                                        (00:01.523 / 01:23.496, 2Gb)
Generate HTML Outputs                                                                                (00:00.000 / 01:23.497, 2Gb)
Value set 'https://mos.esante.gouv.fr/NOS/TRE_R301-SourceInformationInstallation/FHIR/TRE-R301-SourceInformationInstallation' at https://interop.esante.gouv.fr/ig/fhir/annuaire/StructureDefinition/as-ext-healthcareservice-authorization#Extension.extension:sourceReportInstallation.value[x] not found
Value set 'https://mos.esante.gouv.fr/NOS/TRE_R301-SourceInformationInstallation/FHIR/TRE-R301-SourceInformationInstallation' at https://interop.esante.gouv.fr/ig/fhir/annuaire/StructureDefinition/as-ext-healthcareservice-authorization#Extension.extension:sourceReportInstallation.value[x] not found
Value set 'https://mos.esante.gouv.fr/NOS/TRE_R301-SourceInformationInstallation/FHIR/TRE-R301-SourceInformationInstallation' at https://interop.esante.gouv.fr/ig/fhir/annuaire/StructureDefinition/as-ext-healthcareservice-authorization#Extension.extension:sourceReportInstallation.value[x] not found
Value set 'https://mos.esante.gouv.fr/NOS/TRE_R286-TypeFermeture/FHIR/TRE-R286-TypeFermeture' at https://interop.esante.gouv.fr/ig/fhir/annuaire/StructureDefinition/as-ext-organization-closing-type#Extension.value[x] not found
Value set 'https://mos.esante.gouv.fr/NOS/TRE_R286-TypeFermeture/FHIR/TRE-R286-TypeFermeture' at https://interop.esante.gouv.fr/ig/fhir/annuaire/StructureDefinition/as-ext-organization-closing-type#Extension.value[x] not found
Value set 'https://mos.esante.gouv.fr/NOS/TRE_R286-TypeFermeture/FHIR/TRE-R286-TypeFermeture' at https://interop.esante.gouv.fr/ig/fhir/annuaire/StructureDefinition/as-ext-organization-closing-type#Extension.value[x] not found
Value set 'https://mos.esante.gouv.fr/NOS/TRE_R74-ModeFixationTarifaire/FHIR/TRE-R74-ModeFixationTarifaire' at https://interop.esante.gouv.fr/ig/fhir/annuaire/StructureDefinition/as-ext-organization-pricing-model#Extension.value[x] not found
Value set 'https://mos.esante.gouv.fr/NOS/TRE_R74-ModeFixationTarifaire/FHIR/TRE-R74-ModeFixationTarifaire' at https://interop.esante.gouv.fr/ig/fhir/annuaire/StructureDefinition/as-ext-organization-pricing-model#Extension.value[x] not found
Value set 'https://mos.esante.gouv.fr/NOS/TRE_R74-ModeFixationTarifaire/FHIR/TRE-R74-ModeFixationTarifaire' at https://interop.esante.gouv.fr/ig/fhir/annuaire/StructureDefinition/as-ext-organization-pricing-model#Extension.value[x] not found
Generate Summaries                                                                                   (00:21.177 / 01:44.674, 1Gb)
Generating Summary Outputs                                                                           (00:00.000 / 01:44.675, 1Gb)
DB Cumulative Time invested: 00:00:00.212
Sending Usage Stats to Server                                                                        (00:05.709 / 01:50.385, 1Gb)
## Memory (MB): Use = 1988, Free = 2007, Total = 3996, Max = 3996                                    (00:00.003 / 01:50.388, 1Gb)
Reclaiming memory...                                                                                 (00:00.001 / 01:50.389, 1Gb)
## Memory (MB): Use = 1258, Free = 2737, Total = 3996, Max = 3996                                    (00:00.652 / 01:51.041, 1Gb)
Run jekyll: jekyll build --destination "/tmp/ans.fhir.fr.annuaire#1.0.0-ballot-3-milestone/output" (in folder /tmp/ans.fhir.fr.annuaire#1.0.0-ballot-3-milestone/temp/pages) (00:00.001 / 01:51.043, 1Gb)
Note: usual cases for Jekyll to fail are:                                                            (00:00.001 / 01:51.044, 1Gb)
* A failure to produce a fragment that is already logged in the output above                         (00:00.000 / 01:51.045, 1Gb)
* A reference to a manually edited file that hasn't been provided                                    (00:00.000 / 01:51.046, 1Gb)
Jekyll: Source: /tmp/ans.fhir.fr.annuaire#1.0.0-ballot-3-milestone/temp/pages                        (00:00.321 / 01:51.368, 1Gb)
Jekyll: Generating...                                                                                (00:00.000 / 01:51.368, 1Gb)
Jekyll: done in 3.141 seconds.                                                                       (00:03.140 / 01:54.509, 1Gb)

Installing ans.fhir.fr.annuaire#1.0.0-ballot-3Checking Output HTML                                                                                 (00:05.101 / 01:59.611, 3Gb)
found 1394 files                                                                                     (00:00.005 / 01:59.616, 3Gb)
........................................
........................................
  ... 1394 html files, 0 pages invalid xhtml (0%)                                                    (00:37.336 / 02:36.953, 2Gb)
  ... 865409 links, 0 broken links (0%)                                                              (00:00.000 / 02:36.954, 2Gb)
Build final .zip                                                                                     (00:00.000 / 02:36.955, 2Gb)
Final .zip built                                                                                     (00:04.465 / 02:41.420, 2Gb)
Built. Times: loading: 00:00.743, generate: 02:20.279, narrative generation: 00:08.272, realm-rules: 00:00.000, previous-version: 00:04.675, jekyll: 00:03.508, validation: 00:11.658 (#59), template: 00:01.522 (#3) (00:04.283 / 02:45.703, 2Gb)
Validation output in /tmp/ans.fhir.fr.annuaire#1.0.0-ballot-3-milestone/output/qa.html
Errors: 15, Warnings: 57, Info: 101, Broken Links: 0 (00:01.160 / 02:46.864, 2Gb)
Finished. Max Memory Used = 3Gb. Log file saved in /tmp/fhir-ig-publisher-tmp.log                    (00:00.006 / 02:46.870, 2Gb)
Keep a copy of the build directory at /tmp/web-root/run-20231219/ig-build-zips/ans.fhir.fr.annuaire#1.0.0-ballot-3.zip

ok. All checks passed. Publish v1.0.0-ballot-3 to /tmp/web-root/run-20231219/annuaire/1.0.0-ballot-3
Copy the IG to /tmp/web-root/run-20231219/annuaire/1.0.0-ballot-3
Update /tmp/web-root/run-20231219/annuaire/package-list.json
Publish Box Statement: This page is part of the Guide d'implmentation FHIR - Annuaire de sant (v1.0.0-ballot-3: Release) based on <a no-external="true" href="http://hl7.org/fhir/R4">FHIR (HL7 FHIR Standard) R4</a>. This is the current published version in its permanent home (it will always be available at this URL).  For a full list of available versions, see the <a no-external="true" href="https://interop.esante.gouv.fr/ig/fhir/annuaire/history.html">Directory of published versions</a>
  .. 410 files checked, 410 updated
  .. 206 clones checked, 412 updated
  .. 59 redirections (59 created/updated)
This is a milestone release - publish v1.0.0-ballot-3 to /tmp/web-root/run-20231219/annuaire
Publish Box Statement: This page is part of the Guide d'implmentation FHIR - Annuaire de sant (v1.0.0-ballot-3: Release) based on <a no-external="true" href="http://hl7.org/fhir/R4">FHIR (HL7 FHIR Standard) R4</a>. This is the current published version.  For a full list of available versions, see the <a no-external="true" href="https://interop.esante.gouv.fr/ig/fhir/annuaire/history.html">Directory of published versions</a>
  .. 410 files checked, 410 updated
  .. 206 clones checked, 412 updated
  .. 59 redirections (59 created/updated)
Check for Files to delete
  ... 0 files
Copy to new IG to /tmp/web-root/run-20231219/annuaire
Update history page at /tmp/web-root/run-20231219/annuaire from /home/runner/work/IG-fhir-annuaire/IG-fhir-annuaire/./IG-website-release/fhir-ig-history-template and ./IG-website-release/templates
Build is complete. Copy from /tmp/web-root/run-20231219
ans.fhir.fr.annuaire (https://interop.esante.gouv.fr/ig/fhir/annuaire): Guide d'implmentation FHIR - Annuaire de sant @ https://ansforge.github.io/IG-fhir-annuaire/ig/main
  release: release 1.0.0-ballot-3/4.0.1 @ https://interop.esante.gouv.fr/ig/fhir/annuaire/1.0.0-ballot-3
