FHIR IG Publisher Version 1.8.22 (Git# 3d9b32f2efa8). Built 2025-03-19T04:54:10.544Z (133 days old)
Detected Java version: 17.0.10 from /opt/hostedtoolcache/Java_Microsoft_jdk/17.0.10/x64 on amd64 (64bit). 4000MB available
dir = /home/runner/work/IG-fhir-repertoire-offre-ressources-sante/IG-fhir-repertoire-offre-ressources-sante, path = /opt/hostedtoolcache/Ruby/3.3.9/x64/bin:/usr/share/dotnet:/opt/hostedtoolcache/node/20.19.4/x64/bin:/opt/hostedtoolcache/Java_Microsoft_jdk/17.0.10/x64/bin:/snap/bin:/home/runner/.local/bin:/opt/pipx_bin:/home/runner/.cargo/bin:/home/runner/.config/composer/vendor/bin:/usr/local/.ghcup/bin:/home/runner/.dotnet/tools:/usr/local/sbin:/usr/local/bin:/usr/sbin:/usr/bin:/sbin:/bin:/usr/games:/usr/local/games:/snap/bin
Parameters: -go-publish -authorise-non-conformant-tx-servers -source ./igSource -web ./IG-website-release/www/ig/fhir -registry ./IG-website-release/ig-registry/fhir-ig-list.json -history ./IG-website-release/fhir-ig-history-template -templates ./IG-website-release/templates
---------------
Publication Run: publish ./igSource to ./IG-website-release/www/ig/fhir
Relative directory for IG is '/ror'
===== Web Publication Run Details ===============================
 Source IG: ans.fhir.fr.ror#0.6.0 : https://interop.esante.gouv.fr/ig/fhir/ror (R4) from ./igSource
All checks passed. Do the publication build from /home/runner/work/IG-fhir-repertoire-offre-ressources-sante/IG-fhir-repertoire-offre-ressources-sante/./igSource and publish to /tmp/web-root/run-20250730/ror
Prepare Build space in /tmp/ig-builds/ans.fhir.fr.ror#0.6.0
Build IG at /home/runner/work/IG-fhir-repertoire-offre-ressources-sante/IG-fhir-repertoire-offre-ressources-sante/./igSource: final copy suitable for publication (in /tmp/ig-builds/ans.fhir.fr.ror#0.6.0)
FHIR IG Publisher Version 1.8.22 (Git# 3d9b32f2efa8). Built 2025-03-19T04:54:10.544Z (133 days old) 
Detected Java version: 17.0.10 from /opt/hostedtoolcache/Java_Microsoft_jdk/17.0.10/x64 on Linux/amd64 (64bit). 4000MB available
dir = /home/runner/work/IG-fhir-repertoire-offre-ressources-sante/IG-fhir-repertoire-offre-ressources-sante, path = /opt/hostedtoolcache/Ruby/3.3.9/x64/bin:/usr/share/dotnet:/opt/hostedtoolcache/node/20.19.4/x64/bin:/opt/hostedtoolcache/Java_Microsoft_jdk/17.0.10/x64/bin:/snap/bin:/home/runner/.local/bin:/opt/pipx_bin:/home/runner/.cargo/bin:/home/runner/.config/composer/vendor/bin:/usr/local/.ghcup/bin:/home/runner/.dotnet/tools:/usr/local/sbin:/usr/local/bin:/usr/sbin:/usr/bin:/sbin:/bin:/usr/games:/usr/local/games:/snap/bin
Parameters: -ig /tmp/ig-builds/ans.fhir.fr.ror#0.6.0 -resetTx -publish https://interop.esante.gouv.fr/ig/fhir/ror/0.6.0 -no-exit
Character encoding = UTF-8 / UTF-8                                                                  
Start Clock @ Wednesday, July 30, 2025 at 9:50:35 AM Coordinated Universal Time (2025-07-30T09:50:35Z)
                                                                                                    
Build FHIR IG from /tmp/ig-builds/ans.fhir.fr.ror#0.6.0                                              (00:00.020 / 00:00.021, 43Mb)
Build Formal Publication package, intended for https://interop.esante.gouv.fr/ig/fhir/ror/0.6.0      (00:00.002 / 00:00.023, 43Mb)
API keys loaded from /home/runner/.fhir/fhir-settings.json                                           (00:00.000 / 00:00.024, 43Mb)
Package Cache: /home/runner/.fhir/packages                                                           (00:00.003 / 00:00.028, 43Mb)
Run Sushi on /tmp/ig-builds/ans.fhir.fr.ror#0.6.0                                                    (00:00.002 / 00:00.030, 44Mb)
Sushi: info  Running SUSHI v3.16.3 (implements FHIR Shorthand specification v3.0.0)                  (00:00.703 / 00:00.734, 46Mb)
Sushi: info  Arguments:                                                                              (00:00.001 / 00:00.735, 46Mb)
Sushi: info    --require-latest                                                                      (00:00.001 / 00:00.736, 46Mb)
Sushi: info    --out /tmp/ig-builds/ans.fhir.fr.ror#0.6.0                                            (00:00.001 / 00:00.737, 46Mb)
Sushi: info    /tmp/ig-builds/ans.fhir.fr.ror#0.6.0                                                  (00:00.001 / 00:00.739, 46Mb)
Sushi: info  Using configuration file: /tmp/ig-builds/ans.fhir.fr.ror#0.6.0/sushi-config.yaml        (00:00.720 / 00:01.459, 46Mb)
Sushi: info  Importing FSH text...                                                                   (00:00.107 / 00:01.566, 46Mb)
Sushi: info  Preprocessed 105 documents with 107 aliases.                                            (00:00.436 / 00:02.002, 46Mb)
Sushi: info  Imported 63 definitions and 41 instances.                                               (00:00.059 / 00:02.061, 46Mb)
Sushi: info  Loaded virtual package sushi-r5forR4#1.0.0 with 7 resources                             (00:00.092 / 00:02.154, 46Mb)
Sushi: info  Resolved hl7.fhir.uv.tools.r4#latest to concrete version 0.7.1                          (00:00.677 / 00:02.832, 46Mb)
Sushi: info  Loaded hl7.fhir.uv.tools.r4#0.7.1 with 105 resources                                    (00:00.076 / 00:02.908, 46Mb)
Sushi: info  Resolved hl7.terminology.r4#latest to concrete version 6.5.0                            (00:00.108 / 00:03.017, 46Mb)
Sushi: info  Loaded hl7.terminology.r4#6.5.0 with 4392 resources                                     (00:01.967 / 00:04.984, 46Mb)
Sushi: info  Resolved hl7.fhir.uv.extensions.r4#latest to concrete version 5.2.0                     (00:00.106 / 00:05.091, 46Mb)
Sushi: info  Loaded hl7.fhir.uv.extensions.r4#5.2.0 with 759 resources                               (00:00.393 / 00:05.485, 46Mb)
Sushi: info  Loaded ans.annuaire.fhir.r4#0.2.0 with 62 resources                                     (00:00.029 / 00:05.515, 46Mb)
Sushi: info  Loaded hl7.fhir.fr.core#1.1.0 with 119 resources                                        (00:00.057 / 00:05.572, 46Mb)
Sushi: info  Loaded hl7.fhir.uv.bulkdata#2.0.0 with 8 resources                                      (00:00.003 / 00:05.576, 46Mb)
Sushi: info  Loaded hl7.fhir.r4.core#4.0.1 with 4581 resources                                       (00:01.106 / 00:06.683, 46Mb)
Sushi: info  Loaded virtual package sushi-local#LOCAL with 0 resources                               (00:00.006 / 00:06.689, 46Mb)
Sushi: info  Converting FSH to FHIR resources...                                                     (00:00.019 / 00:06.708, 46Mb)
Sushi: info  Converted 54 FHIR StructureDefinitions.                                                 (00:07.748 / 00:14.457, 46Mb)
Sushi: info  Converted 5 FHIR CodeSystems.                                                           (00:00.119 / 00:14.576, 46Mb)
Sushi: info  Converted 4 FHIR ValueSets.                                                             (00:00.084 / 00:14.661, 46Mb)
Sushi: info  Converted 41 FHIR instances.                                                            (00:04.513 / 00:19.174, 46Mb)
Sushi: info  Exporting FHIR resources as JSON...                                                     (00:00.051 / 00:19.225, 46Mb)
Sushi: info  Exported 104 FHIR resources as JSON.                                                    (00:00.129 / 00:19.355, 46Mb)
Sushi: info  Assembling Implementation Guide sources...                                              (00:00.004 / 00:19.359, 46Mb)
Sushi: info  Generated ImplementationGuide-ans.fhir.fr.ror.json                                      (00:00.030 / 00:19.390, 46Mb)
Sushi: info  Assembled Implementation Guide sources; ready for IG Publisher.                         (00:00.001 / 00:19.391, 46Mb)
Sushi: ========================= SUSHI RESULTS ===========================                           (00:00.000 / 00:19.392, 46Mb)
Sushi: |  -------------------------------------------------------------  |                           (00:00.000 / 00:19.393, 46Mb)
Sushi: | |    Profiles   |  Extensions  |   Logicals   |   Resources   | |                           (00:00.000 / 00:19.393, 46Mb)
Sushi: | |-------------------------------------------------------------| |                           (00:00.000 / 00:19.394, 46Mb)
Sushi: | |       9       |      45      |      0       |       0       | |                           (00:00.000 / 00:19.395, 46Mb)
Sushi: |  -------------------------------------------------------------  |                           (00:00.000 / 00:19.396, 46Mb)
Sushi: |  -------------------------------------------------------------  |                           (00:00.000 / 00:19.396, 46Mb)
Sushi: | |      ValueSets     |    CodeSystems    |     Instances      | |                           (00:00.000 / 00:19.397, 46Mb)
Sushi: | |-------------------------------------------------------------| |                           (00:00.000 / 00:19.398, 46Mb)
Sushi: | |         4          |         5         |         41         | |                           (00:00.000 / 00:19.398, 46Mb)
Sushi: |  -------------------------------------------------------------  |                           (00:00.000 / 00:19.399, 46Mb)
Sushi: |                                                                 |                           (00:00.000 / 00:19.399, 46Mb)
Sushi: ===================================================================                           (00:00.000 / 00:19.400, 46Mb)
Sushi: | Valedictorian of the School of FSH!    0 Errors      0 Warnings |                           (00:00.000 / 00:19.400, 46Mb)
Sushi: ===================================================================                           (00:00.000 / 00:19.401, 46Mb)
Unable to load IG as an r5 IG - try R4 (property code is a class com.google.gson.JsonPrimitive looking for an object) (00:00.462 / 00:19.863, 63Mb)
Load Template from ans.fr.template#0.2.0                                                             (00:00.466 / 00:20.329, 33Mb)
 Load Template from fhir.base.template#0.8.1                                                         (00:00.200 / 00:20.530, 43Mb)
Root directory: /tmp/ig-builds/ans.fhir.fr.ror#0.6.0                                                 (00:02.393 / 00:22.924, 43Mb)
Terminology Cache is at /tmp/ig-builds/ans.fhir.fr.ror#0.6.0/input-cache/txcache. Clearing now       (00:00.803 / 00:23.727, 43Mb)
Core Package hl7.fhir.r4.core#4.0.1
Unable to generate snapshot @2 for Definition from noname because Profile Definition (http://hl7.org/fhir/StructureDefinition/Definition) has no base and no snapshot
Unable to generate snapshot @2 for Event from noname because Profile Event (http://hl7.org/fhir/StructureDefinition/Event) has no base and no snapshot
Unable to generate snapshot @2 for FiveWs from noname because Profile FiveWs (http://hl7.org/fhir/StructureDefinition/FiveWs) has no base and no snapshot
Unable to generate snapshot @2 for Request from noname because Profile Request (http://hl7.org/fhir/StructureDefinition/Request) has no base and no snapshot
Running Terminology Log: /tmp/ohfu-fhir-ig-11927298338251107404.log
Connect to Terminology Server at http://tx.fhir.org                                                  (00:03.328 / 00:27.055, 296Mb)
Load Package hl7.fhir.pubpack#0.2.1
Load Package hl7.fhir.xver-extensions#0.1.0
Load Package hl7.terminology.r4#6.5.0
Load Package hl7.fhir.uv.extensions.r4#5.2.0
Load Package ANS.annuaire.fhir.r4#0.2.0
Load Package hl7.fhir.fr.core#1.1.0
Load Package hl7.fhir.uv.bulkdata#2.0.0
Load Package hl7.fhir.uv.tools.r4#0.4.1
Load R5 Specials
Unable to generate snapshot @2 for Definition from noname because Profile Definition (http://hl7.org/fhir/StructureDefinition/Definition) has no base and no snapshot
Unable to generate snapshot @2 for Event from noname because Profile Event (http://hl7.org/fhir/StructureDefinition/Event) has no base and no snapshot
Unable to generate snapshot @2 for FiveWs from noname because Profile FiveWs (http://hl7.org/fhir/StructureDefinition/FiveWs) has no base and no snapshot
Unable to generate snapshot @2 for Request from noname because Profile Request (http://hl7.org/fhir/StructureDefinition/Request) has no base and no snapshot
Initialization complete                                                                              (00:05.729 / 00:32.785, 551Mb)
Load Content                                                                                         (00:00.000 / 00:32.785, 551Mb)
Using fr_FR as the default narrative language. (inferred from ImplementationGuide.jurisdiction=FR)   (00:00.100 / 00:32.886, 562Mb)
Process Loaded Resources                                                                             (00:03.503 / 00:36.389, 689Mb)
Generating Snapshots                                                                                 (00:02.677 / 00:39.066, 854Mb)
loadPrePages from FetchedFile[/tmp/ig-builds/ans.fhir.fr.ror#0.6.0/fsh-generated/includes] as /tmp/ig-builds/ans.fhir.fr.ror#0.6.0/fsh-generated/includes
loadPrePages from FetchedFile[/tmp/ig-builds/ans.fhir.fr.ror#0.6.0/input/data] as /tmp/ig-builds/ans.fhir.fr.ror#0.6.0/input/data
loadPrePages from FetchedFile[/tmp/ig-builds/ans.fhir.fr.ror#0.6.0/input/pagecontent] as /tmp/ig-builds/ans.fhir.fr.ror#0.6.0/input/pagecontent
Fetch https://interop.esante.gouv.fr/ig/fhir/ror/package-list.json for version check                 (00:06.556 / 00:45.623, 530Mb)
Processing Conformance Resources                                                                     (00:00.706 / 00:46.329, 537Mb)
Checking Language                                                                                    (00:00.001 / 00:46.331, 537Mb)
Load Dependency Info                                                                                 (00:00.004 / 00:46.335, 538Mb)
Load Info                                                                                            (00:00.002 / 00:46.337, 538Mb)
Load Paths                                                                                           (00:00.001 / 00:46.338, 539Mb)
Check R4 / R4B                                                                                       (00:00.000 / 00:46.339, 539Mb)
Assign Comparison Ids                                                                                (00:00.017 / 00:46.357, 544Mb)
Propagating status                                                                                   (00:00.000 / 00:46.358, 544Mb)
Generating Narratives                                                                                (00:00.000 / 00:46.358, 544Mb)
Validating Conformance Resources                                                                     (00:23.821 / 01:10.180, 479Mb)
Unable to generate snapshot @2 for Definition from noname because Profile Definition (http://hl7.org/fhir/StructureDefinition/Definition) has no base and no snapshot
Unable to generate snapshot @2 for Event from noname because Profile Event (http://hl7.org/fhir/StructureDefinition/Event) has no base and no snapshot
Unable to generate snapshot @2 for FiveWs from noname because Profile FiveWs (http://hl7.org/fhir/StructureDefinition/FiveWs) has no base and no snapshot
Unable to generate snapshot @2 for Request from noname because Profile Request (http://hl7.org/fhir/StructureDefinition/Request) has no base and no snapshot
Check profiles & code systems                                                                        (00:30.096 / 01:40.276, 885Mb)
Check realm rules                                                                                    (00:00.006 / 01:40.282, 885Mb)
Previous Version Comparison                                                                          (00:00.001 / 01:40.283, 885Mb)
Unable to generate snapshot @1 for Definition from noname because Profile Definition (http://hl7.org/fhir/StructureDefinition/Definition) has no base and no snapshot
Unable to generate snapshot @1 for Event from noname because Profile Event (http://hl7.org/fhir/StructureDefinition/Event) has no base and no snapshot
Unable to generate snapshot @1 for FiveWs from noname because Profile FiveWs (http://hl7.org/fhir/StructureDefinition/FiveWs) has no base and no snapshot
Unable to generate snapshot @1 for Request from noname because Profile Request (http://hl7.org/fhir/StructureDefinition/Request) has no base and no snapshot
Validating Resources                                                                                 (00:09.974 / 01:50.258, 1Gb)
Processing Provenance Records                                                                        (00:05.083 / 01:55.341, 1Gb)
Generating Outputs in /tmp/ig-builds/ans.fhir.fr.ror#0.6.0/output                                    (00:00.000 / 01:55.342, 1Gb)
Generate Native Outputs                                                                              (00:00.112 / 01:55.454, 1Gb)
Run Template                                                                                         (00:09.734 / 02:05.189, 1Gb)
Generate HTML Outputs                                                                                (00:02.804 / 02:07.993, 1Gb)
XHTML content could not be parsed from https://smt.esante.gouv.fr/fhir
org.hl7.fhir.exceptions.FHIRFormatError: unable to parse character reference 'body=Bonjour%2C%0A%0AL%E2%80%99acc%C3%A8s%20%C3%A0%20la%20page%20suivante%20a%20%C3%A9t%C3%A9%20bloqu%C3%A9.%20Merci%20de%20le%20d%C3%A9bloquer.%0A%0AIdentifiant%20de%20l%E2%80%99alerte%20%3A%20a73443b3b22045f3ac54629199989562%0AURL%20de%20la%20page%20qui%20a%20g%C3%A9n%C3%A9r%C3%A9%20le%20blocage%20%28sur%20le%20site%20smt.esante.gouv.fr%29%20%3A%20%2Ffhir%2FValueSet%2F%24expand%0A%0A'' (last text = '
 A l'adresse ' at line 24 column 571
	at org.hl7.fhir.utilities.xhtml.XhtmlParser.parseLiteral(XhtmlParser.java:1292)
	at org.hl7.fhir.utilities.xhtml.XhtmlParser.parseAttributeValue(XhtmlParser.java:745)
	at org.hl7.fhir.utilities.xhtml.XhtmlParser.parseAttributes(XhtmlParser.java:729)
	at org.hl7.fhir.utilities.xhtml.XhtmlParser.parseElement(XhtmlParser.java:687)
	at org.hl7.fhir.utilities.xhtml.XhtmlParser.parseElementInner(XhtmlParser.java:646)
	at org.hl7.fhir.utilities.xhtml.XhtmlParser.parseElement(XhtmlParser.java:699)
	at org.hl7.fhir.utilities.xhtml.XhtmlParser.parseElementInner(XhtmlParser.java:646)
	at org.hl7.fhir.utilities.xhtml.XhtmlParser.parseElement(XhtmlParser.java:699)
	at org.hl7.fhir.utilities.xhtml.XhtmlParser.parseElementInner(XhtmlParser.java:646)
	at org.hl7.fhir.utilities.xhtml.XhtmlParser.parse(XhtmlParser.java:516)
	at org.hl7.fhir.utilities.xhtml.XhtmlParser.parse(XhtmlParser.java:483)
	at org.hl7.fhir.utilities.xhtml.XhtmlUtils.convertHtmlToText(XhtmlUtils.java:7)
	at org.hl7.fhir.r4.utils.client.network.FhirRequestBuilder.unmarshalReference(FhirRequestBuilder.java:230)
	at org.hl7.fhir.r4.utils.client.network.FhirRequestBuilder.execute(FhirRequestBuilder.java:164)
	at org.hl7.fhir.r4.utils.client.network.Client.executeFhirRequest(Client.java:148)
	at org.hl7.fhir.r4.utils.client.network.Client.issuePostRequest(Client.java:84)
	at org.hl7.fhir.r4.utils.client.FHIRToolingClient.expandValueset(FHIRToolingClient.java:449)
	at org.hl7.fhir.convertors.txClient.TerminologyClientR4.expandValueset(TerminologyClientR4.java:90)
	at org.hl7.fhir.r5.context.BaseWorkerContext.expandVS(BaseWorkerContext.java:980)
	at org.hl7.fhir.r5.terminologies.expansion.ValueSetExpander.doServerIncludeCodes(ValueSetExpander.java:1241)
	at org.hl7.fhir.r5.terminologies.expansion.ValueSetExpander.includeCodes(ValueSetExpander.java:1221)
	at org.hl7.fhir.r5.terminologies.expansion.ValueSetExpander.handleCompose(ValueSetExpander.java:1005)
	at org.hl7.fhir.r5.terminologies.expansion.ValueSetExpander.expandInternal(ValueSetExpander.java:795)
	at org.hl7.fhir.r5.terminologies.expansion.ValueSetExpander.expand(ValueSetExpander.java:740)
	at org.hl7.fhir.r5.terminologies.expansion.ValueSetExpander.importValueSet(ValueSetExpander.java:1043)
	at org.hl7.fhir.r5.terminologies.expansion.ValueSetExpander.includeCodes(ValueSetExpander.java:1207)
	at org.hl7.fhir.r5.terminologies.expansion.ValueSetExpander.handleCompose(ValueSetExpander.java:1005)
	at org.hl7.fhir.r5.terminologies.expansion.ValueSetExpander.expandInternal(ValueSetExpander.java:795)
	at org.hl7.fhir.r5.terminologies.expansion.ValueSetExpander.expand(ValueSetExpander.java:740)
	at org.hl7.fhir.r5.context.BaseWorkerContext.expandVS(BaseWorkerContext.java:1129)
	at org.hl7.fhir.r5.context.BaseWorkerContext.expandVS(BaseWorkerContext.java:1074)
	at org.hl7.fhir.r5.context.BaseWorkerContext.expandVS(BaseWorkerContext.java:1000)
	at org.hl7.fhir.r5.renderers.QuestionnaireRenderer.listOptions(QuestionnaireRenderer.java:924)
	at org.hl7.fhir.r5.renderers.QuestionnaireRenderer.renderFormItem(QuestionnaireRenderer.java:715)
	at org.hl7.fhir.r5.renderers.QuestionnaireRenderer.renderFormItem(QuestionnaireRenderer.java:880)
	at org.hl7.fhir.r5.renderers.QuestionnaireRenderer.renderForm(QuestionnaireRenderer.java:660)
	at org.hl7.fhir.r5.renderers.QuestionnaireRenderer.buildNarrative(QuestionnaireRenderer.java:54)
	at org.hl7.fhir.r5.renderers.ResourceRenderer.buildNarrative(ResourceRenderer.java:98)
	at org.hl7.fhir.igtools.renderers.QuestionnaireRenderer.render(QuestionnaireRenderer.java:63)
	at org.hl7.fhir.igtools.publisher.Publisher.generateOutputsQuestionnaire(Publisher.java:14485)
	at org.hl7.fhir.igtools.publisher.Publisher.generateResourceHtmlInner(Publisher.java:12778)
	at org.hl7.fhir.igtools.publisher.Publisher.generateResourceHtml(Publisher.java:12741)
	at org.hl7.fhir.igtools.publisher.Publisher.generateHtmlOutputs(Publisher.java:12130)
	at org.hl7.fhir.igtools.publisher.Publisher.generate(Publisher.java:8577)
	at org.hl7.fhir.igtools.publisher.Publisher.createIg(Publisher.java:1233)
	at org.hl7.fhir.igtools.publisher.Publisher.execute(Publisher.java:1045)
	at org.hl7.fhir.igtools.publisher.Publisher.main(Publisher.java:15216)
	at org.hl7.fhir.igtools.web.PublicationProcess.runBuild(PublicationProcess.java:1050)
	at org.hl7.fhir.igtools.web.PublicationProcess.doPublish(PublicationProcess.java:530)
	at org.hl7.fhir.igtools.web.PublicationProcess.publishInner2(PublicationProcess.java:443)
	at org.hl7.fhir.igtools.web.PublicationProcess.publishInner(PublicationProcess.java:248)
	at org.hl7.fhir.igtools.web.PublicationProcess.publish(PublicationProcess.java:127)
	at org.hl7.fhir.igtools.publisher.Publisher.main(Publisher.java:14969)
<html>
<title>Oops !</title>
<meta charset="UTF-8">
<script>window.onload=function(){var e=document.getElementById("_alt");document.getElementById("_dt").textContent=new Date().toLocaleString();document.getElementById("_id").textContent.match(/[0-9a-f]{32}/)||e.parentNode.removeChild(e)}</script>
<style>body{text-align:center;padding:10%;font:18px Helvetica}h1{font-size:30px}#_svg{fill:#e41a22;width:50%}
ul{display:table; text-align:center; margin:0 auto;}
li{text-align:left;}
li.items_inside_li{ vertical-align:middle;}

</style>
<svg viewBox="0 0 3000 1366" id="_svg"><path d="M380 239l-221 91-2 28c-14 204-2 373 33 485 17 54 47 109 89 165a935 935 0 00318 261l5 2 14-6a925 925 0 00330-287c46-69 69-125 85-206 15-72 21-151 21-256l-2-103-29 36-28 36v52l-2 71c-7 124-25 208-57 271a756 756 0 01-249 273c-27 19-79 51-83 51s-55-31-83-51a767 767 0 01-246-265c-11-21-17-36-24-58-23-69-35-154-38-269a2189 2189 0 015-187c1-1 376-157 384-159 2-1 20 6 174 70l172 71 13-10 28-21 15-11-3-2-398-164-221 91zM1459 314v153h55V161h-55v153zM2665 202v40h-30v39h30v76c1 81 1 81 6 91 11 20 43 28 88 21h3v-44h-15c-18-1-21-2-25-9l-2-5-1-65v-65h42v-39h-42v-81h-54v41zM1317 239c-24 5-41 15-58 32-21 22-32 50-32 84 0 20 3 35 10 52s22 36 37 46c9 6 24 13 35 16 9 2 11 2 28 2s19 0 29-2a105 105 0 0072-66l-52-10c-3-1-3-1-5 5-7 18-17 24-42 24-13 0-21-2-30-8-11-7-20-21-25-37-2-10-3-31-1-41 7-35 28-53 59-52 21 2 33 9 40 24 1 4 3 5 4 5l26-7 24-6-3-6c-10-19-27-37-45-46a110 110 0 00-71-9zM1623 239c-19 3-34 10-46 22a64 64 0 00-20 40v7h54l1-4c2-10 10-20 22-23 11-4 29-3 39 1 6 2 12 9 15 14l2 11c1 6 0 7-1 7l-39 9c-50 11-62 15-76 24-13 9-24 24-28 40-2 9-1 28 2 37 8 24 29 41 58 46 12 3 34 2 45-1 10-3 23-9 32-15l6-4v17h54v-84c0-84-1-85-3-92-3-14-8-23-17-31a76 76 0 00-41-21c-11-2-47-3-59 0zm67 137c0 17-1 19-3 24-6 14-22 23-43 26s-37-3-43-16c-2-5-3-15 0-20 3-8 12-15 27-19l60-13c2 0 2 1 2 18zM2009 238c-10 1-23 6-31 9a69 69 0 00-39 56v5h55v-4c2-9 10-18 19-22 10-5 32-5 42 0 11 4 17 14 17 26l1 6-41 9c-53 12-64 15-79 26a67 67 0 00-25 63c4 28 22 47 52 57 8 2 10 2 27 2 16 0 20 0 27-2 10-3 25-9 32-15l5-4v17h55v-83c-1-83-1-84-3-92-7-27-22-42-50-50-14-5-47-6-64-4zm64 138c-1 21-2 24-10 33a64 64 0 01-68 13c-7-4-11-9-13-17-3-14 6-27 25-33l64-14c2 0 2 1 2 18zM2273 239c-14 3-32 11-42 21l-4 3v-21h-54v225h53v-57l1-76c1-18 1-19 4-25 7-16 24-26 42-26 20 0 34 9 40 27 3 5 3 6 3 81v76h52v-80l-1-86c-5-33-28-56-61-63-9-1-25-1-33 1zM2491 239c-40 7-71 33-84 72-9 26-8 60 1 87 16 46 58 74 111 74 34 0 57-9 80-30 8-8 20-22 20-24l-19-15-19-14-2 2a74 74 0 01-94 25c-7-4-17-14-22-21-4-7-9-19-10-25l-1-4h168v-9c-3-39-14-68-34-89a95 95 0 00-55-29c-10-2-30-2-40 0zm33 41c10 2 16 6 24 14 6 6 9 10 12 16l5 12v3h-54l-54-1c0-3 5-15 8-21s13-16 20-19c11-6 27-7 39-4z"/><path d="M1117 270c-109 83-203 159-269 219a3149 3149 0 00-232 241 18577 18577 0 01-226-191l104 210 104 211 8-16c57-125 199-317 406-546a6166 6166 0 01147-159l-42 31zM1898 241c-21 3-39 12-48 24l-3 3-1-13v-13h-55v225h55v-57c1-68 2-76 10-92s24-24 50-24l12-1v-54h-6l-14 1zM1668 697v152h53v-22l5 5c17 16 34 23 55 23 23 0 40-6 58-20 14-11 27-29 35-49 10-29 11-64 2-92-6-18-14-32-26-44a97 97 0 00-45-27 93 93 0 00-76 16l-8 6V544h-53v153zm119-26c28 8 44 38 40 74-2 21-9 35-19 46-9 10-20 14-34 14s-26-5-35-14c-10-10-16-25-18-46-4-35 11-66 35-74 8-2 23-3 31 0zM1319 621c-59 10-98 64-92 128 2 22 8 41 20 58a109 109 0 00179 0l11-22-54-11-3 6c-7 17-15 23-36 24-19 1-32-4-43-15a65 65 0 01-18-37c-2-9-1-33 1-42 8-29 31-46 59-44 19 2 34 11 38 24l2 4 52-12-11-20c-6-8-19-21-27-26-9-6-20-11-31-14-12-3-34-4-47-2zM2001 621c-48 7-82 42-91 92-1 11-1 37 2 49 10 52 48 86 102 91a116 116 0 00112-54l-19-14-18-14-10 10a68 68 0 01-31 20c-11 4-26 5-37 3-16-4-31-14-39-27-5-7-10-19-11-25l-1-4h167v-11c-4-61-33-102-80-115-13-3-33-4-46-1zm30 41c16 3 29 14 36 30l6 12v3h-54l-54-1 2-7c7-20 20-33 37-38h27zM2278 622c-23 2-45 13-54 25l-3 4v-27h-55v224h55v-54c0-54 1-67 4-80 3-11 6-18 13-25 10-9 22-13 43-13l11-1v-54h-3l-11 1zM1440 625l41 110c45 122 42 112 36 121-7 9-19 14-37 13l-10-1v23l1 22 3 1c7 2 36 2 45 1 32-5 47-23 63-75l35-116 30-99-28-1h-28l-2 6-21 73-19 67-24-66-26-73-2-7h-29l-28 1zM2328 946l1 24 27 1h27v-50h-55v25zM2445 961v40h-30v40h30v75l2 80c6 27 34 40 79 35l15-2 1-22v-23h-14c-13 1-15 0-19-2-6-3-8-6-9-15l-1-67v-59h42v-40h-42v-80h-54v40zM1303 997c-30 5-55 21-66 43-5 10-7 17-7 28 0 17 5 29 16 40 13 13 30 21 61 26 41 8 47 10 53 15 4 4 6 8 6 13 0 6-2 10-7 15-10 8-29 12-47 10-19-2-33-8-46-20l-7-7-38 32 18 16c35 23 88 30 129 17 16-5 27-12 38-23 24-27 25-65 2-89-13-13-25-17-75-26-23-4-34-7-40-11-7-6-10-15-6-23 8-16 44-19 69-7 7 4 17 13 22 20l4 6 18-17 19-18a117 117 0 00-65-38c-10-2-41-4-51-2zM1530 999c-48 10-80 45-87 94-2 12-1 36 2 49 9 43 38 74 81 85 24 7 52 6 75-1 20-7 40-22 55-43 4-4 4-5 3-6l-36-28-5 5c-9 12-28 24-44 27-21 5-44 0-59-14a76 76 0 01-22-40l84-1h83v-8c0-26-8-54-20-75-7-10-23-26-32-32-18-10-35-14-56-14l-23 2zm35 41c10 2 16 6 24 14a68 68 0 0117 28v3h-54l-54-1c0-3 5-17 9-22 6-11 17-19 29-23 7-1 22-1 29 1zM1778 998l-8 1c-38 7-70 36-82 74-5 15-7 23-6 42a109 109 0 0063 106c45 22 103 9 132-30 6-8 15-25 15-28l-54-11-3 6c-7 18-15 23-37 24-20 1-32-4-43-16-13-13-18-30-18-53 0-24 6-41 18-54 8-7 15-11 24-13 12-3 30-2 40 3 7 3 14 11 17 18l3 6 26-7 25-6a105 105 0 00-53-54c-15-7-22-8-41-9l-18 1zM2276 1000c-10 1-24 6-31 10-5 2-10 6-15 11l-7 7v-27h-56v226h56v-55c0-56 1-67 4-81 4-15 11-24 23-31 8-4 16-6 31-7h13v-54h-6l-13 1zM2329 1002l-1 113v112h55v-226h-27l-27 1zM2553 1003l42 112 40 109-3 7c-4 7-9 11-17 14-5 2-7 2-19 2h-13v22c0 19 0 23 2 23 8 4 44 4 56 1 18-5 32-17 42-39 5-11 8-21 17-50a22988 22988 0 0161-202l-28-1-28 1-21 73-22 74-26-74-26-73-28-1c-28 0-29 0-29 2zM2782 1004v3h15v41h8v-41h16v-6h-39v3zM2826 1025v23h8v-40l6 20c6 18 7 20 9 20 3 0 3-1 6-9l6-21 4-10v40h7v-47h-13l-5 15-5 16-5-16-4-15h-14v24zM1921 1086l2 90c10 33 35 53 71 56 20 1 43-6 60-20l8-6v21h54v-225h-53v73c-1 69-1 74-3 80-6 21-28 33-51 30-14-2-24-9-30-20-6-10-6-12-6-91v-72h-52v84z"/></svg>
<h3>Requ&ecirc;te bloqu&eacute;e par le pare-feu applicatif Claranet WebFence</h3>
<p>La requ&ecirc;te que vous venez d'ex&eacute;cuter a &eacute;t&eacute; bloqu&eacute;e par mesure de s&eacute;curit&eacute;.</p>
<p id='_alt'>Alerte ID: <span id='_id'>a73443b3b22045f3ac54629199989562</span></p><p>Date: <span id='_dt'></span></p>

<p>
Afin de vous débloquer rapidement, merci d'envoyer les informations suivantes :
</p>
<ul>
<li>L'identifiant de l'alerte (voir ci-dessus)</li>
<li>L'URL de la page qui a généré le blocage</li>
</ul>
<p>
 A l'adresse <a HREF="mailto:ans-terminologies@esante.gouv.fr?subject=%5BEspace de tests%5D%20Demande%20de%20d%C3%A9blocage%20apr%C3%A8s%20alerte%20a73443b3b22045f3ac54629199989562&body=Bonjour%2C%0A%0AL%E2%80%99acc%C3%A8s%20%C3%A0%20la%20page%20suivante%20a%20%C3%A9t%C3%A9%20bloqu%C3%A9.%20Merci%20de%20le%20d%C3%A9bloquer.%0A%0AIdentifiant%20de%20l%E2%80%99alerte%20%3A%20a73443b3b22045f3ac54629199989562%0AURL%20de%20la%20page%20qui%20a%20g%C3%A9n%C3%A9r%C3%A9%20le%20blocage%20%28sur%20le%20site%20smt.esante.gouv.fr%29%20%3A%20%2Ffhir%2FValueSet%2F%24expand%0A%0A">ans-terminologies@esante.gouv.fr</a> (utilisez ce lien pour préremplir le message). 
</p>
</html>
XHTML content could not be parsed from https://smt.esante.gouv.fr/fhir
org.hl7.fhir.exceptions.FHIRFormatError: unable to parse character reference 'body=Bonjour%2C%0A%0AL%E2%80%99acc%C3%A8s%20%C3%A0%20la%20page%20suivante%20a%20%C3%A9t%C3%A9%20bloqu%C3%A9.%20Merci%20de%20le%20d%C3%A9bloquer.%0A%0AIdentifiant%20de%20l%E2%80%99alerte%20%3A%201eea392cd79f43fabb93f36b73b6e8c3%0AURL%20de%20la%20page%20qui%20a%20g%C3%A9n%C3%A9r%C3%A9%20le%20blocage%20%28sur%20le%20site%20smt.esante.gouv.fr%29%20%3A%20%2Ffhir%2FValueSet%2F%24expand%0A%0A'' (last text = '
 A l'adresse ' at line 24 column 571
	at org.hl7.fhir.utilities.xhtml.XhtmlParser.parseLiteral(XhtmlParser.java:1292)
	at org.hl7.fhir.utilities.xhtml.XhtmlParser.parseAttributeValue(XhtmlParser.java:745)
	at org.hl7.fhir.utilities.xhtml.XhtmlParser.parseAttributes(XhtmlParser.java:729)
	at org.hl7.fhir.utilities.xhtml.XhtmlParser.parseElement(XhtmlParser.java:687)
	at org.hl7.fhir.utilities.xhtml.XhtmlParser.parseElementInner(XhtmlParser.java:646)
	at org.hl7.fhir.utilities.xhtml.XhtmlParser.parseElement(XhtmlParser.java:699)
	at org.hl7.fhir.utilities.xhtml.XhtmlParser.parseElementInner(XhtmlParser.java:646)
	at org.hl7.fhir.utilities.xhtml.XhtmlParser.parseElement(XhtmlParser.java:699)
	at org.hl7.fhir.utilities.xhtml.XhtmlParser.parseElementInner(XhtmlParser.java:646)
	at org.hl7.fhir.utilities.xhtml.XhtmlParser.parse(XhtmlParser.java:516)
	at org.hl7.fhir.utilities.xhtml.XhtmlParser.parse(XhtmlParser.java:483)
	at org.hl7.fhir.utilities.xhtml.XhtmlUtils.convertHtmlToText(XhtmlUtils.java:7)
	at org.hl7.fhir.r4.utils.client.network.FhirRequestBuilder.unmarshalReference(FhirRequestBuilder.java:230)
	at org.hl7.fhir.r4.utils.client.network.FhirRequestBuilder.execute(FhirRequestBuilder.java:164)
	at org.hl7.fhir.r4.utils.client.network.Client.executeFhirRequest(Client.java:148)
	at org.hl7.fhir.r4.utils.client.network.Client.issuePostRequest(Client.java:84)
	at org.hl7.fhir.r4.utils.client.FHIRToolingClient.expandValueset(FHIRToolingClient.java:449)
	at org.hl7.fhir.convertors.txClient.TerminologyClientR4.expandValueset(TerminologyClientR4.java:90)
	at org.hl7.fhir.r5.context.BaseWorkerContext.expandVS(BaseWorkerContext.java:980)
	at org.hl7.fhir.r5.terminologies.expansion.ValueSetExpander.doServerIncludeCodes(ValueSetExpander.java:1241)
	at org.hl7.fhir.r5.terminologies.expansion.ValueSetExpander.includeCodes(ValueSetExpander.java:1221)
	at org.hl7.fhir.r5.terminologies.expansion.ValueSetExpander.handleCompose(ValueSetExpander.java:1005)
	at org.hl7.fhir.r5.terminologies.expansion.ValueSetExpander.expandInternal(ValueSetExpander.java:795)
	at org.hl7.fhir.r5.terminologies.expansion.ValueSetExpander.expand(ValueSetExpander.java:740)
	at org.hl7.fhir.r5.terminologies.expansion.ValueSetExpander.importValueSet(ValueSetExpander.java:1043)
	at org.hl7.fhir.r5.terminologies.expansion.ValueSetExpander.includeCodes(ValueSetExpander.java:1207)
	at org.hl7.fhir.r5.terminologies.expansion.ValueSetExpander.handleCompose(ValueSetExpander.java:1005)
	at org.hl7.fhir.r5.terminologies.expansion.ValueSetExpander.expandInternal(ValueSetExpander.java:795)
	at org.hl7.fhir.r5.terminologies.expansion.ValueSetExpander.expand(ValueSetExpander.java:740)
	at org.hl7.fhir.r5.context.BaseWorkerContext.expandVS(BaseWorkerContext.java:1129)
	at org.hl7.fhir.r5.context.BaseWorkerContext.expandVS(BaseWorkerContext.java:1074)
	at org.hl7.fhir.r5.context.BaseWorkerContext.expandVS(BaseWorkerContext.java:1070)
	at org.hl7.fhir.igtools.publisher.Publisher.generateOutputsValueSet(Publisher.java:13905)
	at org.hl7.fhir.igtools.publisher.Publisher.generateResourceHtmlInner(Publisher.java:12755)
	at org.hl7.fhir.igtools.publisher.Publisher.generateResourceHtml(Publisher.java:12741)
	at org.hl7.fhir.igtools.publisher.Publisher.generateHtmlOutputs(Publisher.java:12130)
	at org.hl7.fhir.igtools.publisher.Publisher.generate(Publisher.java:8577)
	at org.hl7.fhir.igtools.publisher.Publisher.createIg(Publisher.java:1233)
	at org.hl7.fhir.igtools.publisher.Publisher.execute(Publisher.java:1045)
	at org.hl7.fhir.igtools.publisher.Publisher.main(Publisher.java:15216)
	at org.hl7.fhir.igtools.web.PublicationProcess.runBuild(PublicationProcess.java:1050)
	at org.hl7.fhir.igtools.web.PublicationProcess.doPublish(PublicationProcess.java:530)
	at org.hl7.fhir.igtools.web.PublicationProcess.publishInner2(PublicationProcess.java:443)
	at org.hl7.fhir.igtools.web.PublicationProcess.publishInner(PublicationProcess.java:248)
	at org.hl7.fhir.igtools.web.PublicationProcess.publish(PublicationProcess.java:127)
	at org.hl7.fhir.igtools.publisher.Publisher.main(Publisher.java:14969)
<html>
<title>Oops !</title>
<meta charset="UTF-8">
<script>window.onload=function(){var e=document.getElementById("_alt");document.getElementById("_dt").textContent=new Date().toLocaleString();document.getElementById("_id").textContent.match(/[0-9a-f]{32}/)||e.parentNode.removeChild(e)}</script>
<style>body{text-align:center;padding:10%;font:18px Helvetica}h1{font-size:30px}#_svg{fill:#e41a22;width:50%}
ul{display:table; text-align:center; margin:0 auto;}
li{text-align:left;}
li.items_inside_li{ vertical-align:middle;}

</style>
<svg viewBox="0 0 3000 1366" id="_svg"><path d="M380 239l-221 91-2 28c-14 204-2 373 33 485 17 54 47 109 89 165a935 935 0 00318 261l5 2 14-6a925 925 0 00330-287c46-69 69-125 85-206 15-72 21-151 21-256l-2-103-29 36-28 36v52l-2 71c-7 124-25 208-57 271a756 756 0 01-249 273c-27 19-79 51-83 51s-55-31-83-51a767 767 0 01-246-265c-11-21-17-36-24-58-23-69-35-154-38-269a2189 2189 0 015-187c1-1 376-157 384-159 2-1 20 6 174 70l172 71 13-10 28-21 15-11-3-2-398-164-221 91zM1459 314v153h55V161h-55v153zM2665 202v40h-30v39h30v76c1 81 1 81 6 91 11 20 43 28 88 21h3v-44h-15c-18-1-21-2-25-9l-2-5-1-65v-65h42v-39h-42v-81h-54v41zM1317 239c-24 5-41 15-58 32-21 22-32 50-32 84 0 20 3 35 10 52s22 36 37 46c9 6 24 13 35 16 9 2 11 2 28 2s19 0 29-2a105 105 0 0072-66l-52-10c-3-1-3-1-5 5-7 18-17 24-42 24-13 0-21-2-30-8-11-7-20-21-25-37-2-10-3-31-1-41 7-35 28-53 59-52 21 2 33 9 40 24 1 4 3 5 4 5l26-7 24-6-3-6c-10-19-27-37-45-46a110 110 0 00-71-9zM1623 239c-19 3-34 10-46 22a64 64 0 00-20 40v7h54l1-4c2-10 10-20 22-23 11-4 29-3 39 1 6 2 12 9 15 14l2 11c1 6 0 7-1 7l-39 9c-50 11-62 15-76 24-13 9-24 24-28 40-2 9-1 28 2 37 8 24 29 41 58 46 12 3 34 2 45-1 10-3 23-9 32-15l6-4v17h54v-84c0-84-1-85-3-92-3-14-8-23-17-31a76 76 0 00-41-21c-11-2-47-3-59 0zm67 137c0 17-1 19-3 24-6 14-22 23-43 26s-37-3-43-16c-2-5-3-15 0-20 3-8 12-15 27-19l60-13c2 0 2 1 2 18zM2009 238c-10 1-23 6-31 9a69 69 0 00-39 56v5h55v-4c2-9 10-18 19-22 10-5 32-5 42 0 11 4 17 14 17 26l1 6-41 9c-53 12-64 15-79 26a67 67 0 00-25 63c4 28 22 47 52 57 8 2 10 2 27 2 16 0 20 0 27-2 10-3 25-9 32-15l5-4v17h55v-83c-1-83-1-84-3-92-7-27-22-42-50-50-14-5-47-6-64-4zm64 138c-1 21-2 24-10 33a64 64 0 01-68 13c-7-4-11-9-13-17-3-14 6-27 25-33l64-14c2 0 2 1 2 18zM2273 239c-14 3-32 11-42 21l-4 3v-21h-54v225h53v-57l1-76c1-18 1-19 4-25 7-16 24-26 42-26 20 0 34 9 40 27 3 5 3 6 3 81v76h52v-80l-1-86c-5-33-28-56-61-63-9-1-25-1-33 1zM2491 239c-40 7-71 33-84 72-9 26-8 60 1 87 16 46 58 74 111 74 34 0 57-9 80-30 8-8 20-22 20-24l-19-15-19-14-2 2a74 74 0 01-94 25c-7-4-17-14-22-21-4-7-9-19-10-25l-1-4h168v-9c-3-39-14-68-34-89a95 95 0 00-55-29c-10-2-30-2-40 0zm33 41c10 2 16 6 24 14 6 6 9 10 12 16l5 12v3h-54l-54-1c0-3 5-15 8-21s13-16 20-19c11-6 27-7 39-4z"/><path d="M1117 270c-109 83-203 159-269 219a3149 3149 0 00-232 241 18577 18577 0 01-226-191l104 210 104 211 8-16c57-125 199-317 406-546a6166 6166 0 01147-159l-42 31zM1898 241c-21 3-39 12-48 24l-3 3-1-13v-13h-55v225h55v-57c1-68 2-76 10-92s24-24 50-24l12-1v-54h-6l-14 1zM1668 697v152h53v-22l5 5c17 16 34 23 55 23 23 0 40-6 58-20 14-11 27-29 35-49 10-29 11-64 2-92-6-18-14-32-26-44a97 97 0 00-45-27 93 93 0 00-76 16l-8 6V544h-53v153zm119-26c28 8 44 38 40 74-2 21-9 35-19 46-9 10-20 14-34 14s-26-5-35-14c-10-10-16-25-18-46-4-35 11-66 35-74 8-2 23-3 31 0zM1319 621c-59 10-98 64-92 128 2 22 8 41 20 58a109 109 0 00179 0l11-22-54-11-3 6c-7 17-15 23-36 24-19 1-32-4-43-15a65 65 0 01-18-37c-2-9-1-33 1-42 8-29 31-46 59-44 19 2 34 11 38 24l2 4 52-12-11-20c-6-8-19-21-27-26-9-6-20-11-31-14-12-3-34-4-47-2zM2001 621c-48 7-82 42-91 92-1 11-1 37 2 49 10 52 48 86 102 91a116 116 0 00112-54l-19-14-18-14-10 10a68 68 0 01-31 20c-11 4-26 5-37 3-16-4-31-14-39-27-5-7-10-19-11-25l-1-4h167v-11c-4-61-33-102-80-115-13-3-33-4-46-1zm30 41c16 3 29 14 36 30l6 12v3h-54l-54-1 2-7c7-20 20-33 37-38h27zM2278 622c-23 2-45 13-54 25l-3 4v-27h-55v224h55v-54c0-54 1-67 4-80 3-11 6-18 13-25 10-9 22-13 43-13l11-1v-54h-3l-11 1zM1440 625l41 110c45 122 42 112 36 121-7 9-19 14-37 13l-10-1v23l1 22 3 1c7 2 36 2 45 1 32-5 47-23 63-75l35-116 30-99-28-1h-28l-2 6-21 73-19 67-24-66-26-73-2-7h-29l-28 1zM2328 946l1 24 27 1h27v-50h-55v25zM2445 961v40h-30v40h30v75l2 80c6 27 34 40 79 35l15-2 1-22v-23h-14c-13 1-15 0-19-2-6-3-8-6-9-15l-1-67v-59h42v-40h-42v-80h-54v40zM1303 997c-30 5-55 21-66 43-5 10-7 17-7 28 0 17 5 29 16 40 13 13 30 21 61 26 41 8 47 10 53 15 4 4 6 8 6 13 0 6-2 10-7 15-10 8-29 12-47 10-19-2-33-8-46-20l-7-7-38 32 18 16c35 23 88 30 129 17 16-5 27-12 38-23 24-27 25-65 2-89-13-13-25-17-75-26-23-4-34-7-40-11-7-6-10-15-6-23 8-16 44-19 69-7 7 4 17 13 22 20l4 6 18-17 19-18a117 117 0 00-65-38c-10-2-41-4-51-2zM1530 999c-48 10-80 45-87 94-2 12-1 36 2 49 9 43 38 74 81 85 24 7 52 6 75-1 20-7 40-22 55-43 4-4 4-5 3-6l-36-28-5 5c-9 12-28 24-44 27-21 5-44 0-59-14a76 76 0 01-22-40l84-1h83v-8c0-26-8-54-20-75-7-10-23-26-32-32-18-10-35-14-56-14l-23 2zm35 41c10 2 16 6 24 14a68 68 0 0117 28v3h-54l-54-1c0-3 5-17 9-22 6-11 17-19 29-23 7-1 22-1 29 1zM1778 998l-8 1c-38 7-70 36-82 74-5 15-7 23-6 42a109 109 0 0063 106c45 22 103 9 132-30 6-8 15-25 15-28l-54-11-3 6c-7 18-15 23-37 24-20 1-32-4-43-16-13-13-18-30-18-53 0-24 6-41 18-54 8-7 15-11 24-13 12-3 30-2 40 3 7 3 14 11 17 18l3 6 26-7 25-6a105 105 0 00-53-54c-15-7-22-8-41-9l-18 1zM2276 1000c-10 1-24 6-31 10-5 2-10 6-15 11l-7 7v-27h-56v226h56v-55c0-56 1-67 4-81 4-15 11-24 23-31 8-4 16-6 31-7h13v-54h-6l-13 1zM2329 1002l-1 113v112h55v-226h-27l-27 1zM2553 1003l42 112 40 109-3 7c-4 7-9 11-17 14-5 2-7 2-19 2h-13v22c0 19 0 23 2 23 8 4 44 4 56 1 18-5 32-17 42-39 5-11 8-21 17-50a22988 22988 0 0161-202l-28-1-28 1-21 73-22 74-26-74-26-73-28-1c-28 0-29 0-29 2zM2782 1004v3h15v41h8v-41h16v-6h-39v3zM2826 1025v23h8v-40l6 20c6 18 7 20 9 20 3 0 3-1 6-9l6-21 4-10v40h7v-47h-13l-5 15-5 16-5-16-4-15h-14v24zM1921 1086l2 90c10 33 35 53 71 56 20 1 43-6 60-20l8-6v21h54v-225h-53v73c-1 69-1 74-3 80-6 21-28 33-51 30-14-2-24-9-30-20-6-10-6-12-6-91v-72h-52v84z"/></svg>
<h3>Requ&ecirc;te bloqu&eacute;e par le pare-feu applicatif Claranet WebFence</h3>
<p>La requ&ecirc;te que vous venez d'ex&eacute;cuter a &eacute;t&eacute; bloqu&eacute;e par mesure de s&eacute;curit&eacute;.</p>
<p id='_alt'>Alerte ID: <span id='_id'>1eea392cd79f43fabb93f36b73b6e8c3</span></p><p>Date: <span id='_dt'></span></p>

<p>
Afin de vous débloquer rapidement, merci d'envoyer les informations suivantes :
</p>
<ul>
<li>L'identifiant de l'alerte (voir ci-dessus)</li>
<li>L'URL de la page qui a généré le blocage</li>
</ul>
<p>
 A l'adresse <a HREF="mailto:ans-terminologies@esante.gouv.fr?subject=%5BEspace de tests%5D%20Demande%20de%20d%C3%A9blocage%20apr%C3%A8s%20alerte%201eea392cd79f43fabb93f36b73b6e8c3&body=Bonjour%2C%0A%0AL%E2%80%99acc%C3%A8s%20%C3%A0%20la%20page%20suivante%20a%20%C3%A9t%C3%A9%20bloqu%C3%A9.%20Merci%20de%20le%20d%C3%A9bloquer.%0A%0AIdentifiant%20de%20l%E2%80%99alerte%20%3A%201eea392cd79f43fabb93f36b73b6e8c3%0AURL%20de%20la%20page%20qui%20a%20g%C3%A9n%C3%A9r%C3%A9%20le%20blocage%20%28sur%20le%20site%20smt.esante.gouv.fr%29%20%3A%20%2Ffhir%2FValueSet%2F%24expand%0A%0A">ans-terminologies@esante.gouv.fr</a> (utilisez ce lien pour préremplir le message). 
</p>
</html>
Generate Spreadsheets                                                                                (00:25.922 / 02:33.915, 1Gb)
Generate Summaries                                                                                   (00:05.343 / 02:39.259, 2Gb)
Generating Summary Outputs                                                                           (00:00.000 / 02:39.259, 2Gb)
DB Cumulative Time invested: 00:00:01.534
Sending Usage Stats to Server                                                                        (00:08.546 / 02:47.805, 1Gb)
## Memory (MB): Use = 1396, Free = 1465, Total = 2862, Max = 4000                                    (00:00.005 / 02:47.810, 1Gb)
Reclaiming memory...                                                                                 (00:00.000 / 02:47.811, 1Gb)
## Memory (MB): Use = 1398, Free = 1463, Total = 2862, Max = 4000                                    (00:00.028 / 02:47.839, 908Mb)
Run jekyll: jekyll build --destination "/tmp/ig-builds/ans.fhir.fr.ror#0.6.0/output" (in folder /tmp/ig-builds/ans.fhir.fr.ror#0.6.0/temp/pages) (00:00.002 / 02:47.841, 909Mb)
Troubleshooting Note: usual cases for Jekyll to fail are:                                            (00:00.000 / 02:47.842, 909Mb)
* A failure to produce a fragment that is already logged in the output above                         (00:00.000 / 02:47.842, 909Mb)
* A reference to a manually edited file that hasn't been provided                                    (00:00.000 / 02:47.842, 909Mb)
Jekyll: Source: /tmp/ig-builds/ans.fhir.fr.ror#0.6.0/temp/pages                                      (00:00.458 / 02:48.301, 913Mb)
Jekyll: Generating...                                                                                (00:00.000 / 02:48.301, 913Mb)
Jekyll: done in 5.104 seconds.                                                                       (00:05.102 / 02:53.404, 914Mb)

Installing ans.fhir.fr.ror#0.6.0
 done.
Checking Output HTML                                                                                 (00:03.455 / 02:56.859, 2Gb)
found 1949 files                                                                                     (00:00.008 / 02:56.867, 2Gb)
........................................
........................................
  ... 1949 html files, 0 pages invalid xhtml (0%)                                                    (00:17.141 / 03:14.008, 1Gb)
  ... 414357 links, 80 broken links (0%)                                                             (00:00.001 / 03:14.009, 1Gb)
Generate fragment-usage-analysis.csv                                                                 (00:00.000 / 03:14.010, 1Gb)
Build final .zip                                                                                     (00:00.005 / 03:14.016, 1Gb)
Final .zip built                                                                                     (00:03.167 / 03:17.183, 1Gb)
Built. Times: loading: 00:13.542, generate: 02:33.389, narrative generation: 00:23.821, realm-rules: 00:00.001, previous-version: 00:09.936, jekyll: 00:05.593, validation: 00:34.812 (#105), template: 00:02.803 (#3) (00:03.023 / 03:20.206, 1000Mb)
Generating QA                                                                                        (00:00.001 / 03:20.207, 1000Mb)
Validation output in /tmp/ig-builds/ans.fhir.fr.ror#0.6.0/output/qa.html
Errors: 81, Warnings: 111, Info: 62, Broken Links: 80 (00:02.870 / 03:23.078, 1017Mb)
Finished. Max Memory Used = 2Gb. Log file saved in /tmp/fhir-ig-publisher-tmp.log                    (00:00.020 / 03:23.098, 1021Mb)
Prepare Build space in /tmp/ig-builds/ans.fhir.fr.ror#0.6.0-milestone
Build IG at /home/runner/work/IG-fhir-repertoire-offre-ressources-sante/IG-fhir-repertoire-offre-ressources-sante/./igSource: final copy suitable for publication (in /tmp/ig-builds/ans.fhir.fr.ror#0.6.0-milestone) (milestone build)
FHIR IG Publisher Version 1.8.22 (Git# 3d9b32f2efa8). Built 2025-03-19T04:54:10.544Z (133 days old) 
Detected Java version: 17.0.10 from /opt/hostedtoolcache/Java_Microsoft_jdk/17.0.10/x64 on Linux/amd64 (64bit). 4000MB available
dir = /home/runner/work/IG-fhir-repertoire-offre-ressources-sante/IG-fhir-repertoire-offre-ressources-sante, path = /opt/hostedtoolcache/Ruby/3.3.9/x64/bin:/usr/share/dotnet:/opt/hostedtoolcache/node/20.19.4/x64/bin:/opt/hostedtoolcache/Java_Microsoft_jdk/17.0.10/x64/bin:/snap/bin:/home/runner/.local/bin:/opt/pipx_bin:/home/runner/.cargo/bin:/home/runner/.config/composer/vendor/bin:/usr/local/.ghcup/bin:/home/runner/.dotnet/tools:/usr/local/sbin:/usr/local/bin:/usr/sbin:/usr/bin:/sbin:/bin:/usr/games:/usr/local/games:/snap/bin
Parameters: -ig /tmp/ig-builds/ans.fhir.fr.ror#0.6.0-milestone -publish https://interop.esante.gouv.fr/ig/fhir/ror/0.6.0 -milestone -no-exit
Character encoding = UTF-8 / UTF-8                                                                  
Start Clock @ Wednesday, July 30, 2025 at 9:54:01 AM Coordinated Universal Time (2025-07-30T09:54:01Z)
                                                                                                    
Build FHIR IG from /tmp/ig-builds/ans.fhir.fr.ror#0.6.0-milestone                                    (00:00.002 / 00:00.002, 1Gb)
Build Formal Publication package, intended for https://interop.esante.gouv.fr/ig/fhir/ror/0.6.0      (00:00.000 / 00:00.002, 1Gb)
API keys loaded from /home/runner/.fhir/fhir-settings.json                                           (00:00.000 / 00:00.003, 1Gb)
Package Cache: /home/runner/.fhir/packages                                                           (00:00.000 / 00:00.003, 1Gb)
Run Sushi on /tmp/ig-builds/ans.fhir.fr.ror#0.6.0-milestone                                          (00:00.000 / 00:00.004, 1Gb)
Sushi: info  Running SUSHI v3.16.3 (implements FHIR Shorthand specification v3.0.0)                  (00:00.426 / 00:00.430, 1Gb)
Sushi: info  Arguments:                                                                              (00:00.000 / 00:00.430, 1Gb)
Sushi: info    --require-latest                                                                      (00:00.000 / 00:00.431, 1Gb)
Sushi: info    --out /tmp/ig-builds/ans.fhir.fr.ror#0.6.0-milestone                                  (00:00.000 / 00:00.432, 1Gb)
Sushi: info    /tmp/ig-builds/ans.fhir.fr.ror#0.6.0-milestone                                        (00:00.000 / 00:00.432, 1Gb)
Sushi: info  Using configuration file: /tmp/ig-builds/ans.fhir.fr.ror#0.6.0-milestone/sushi-config.yaml (00:00.348 / 00:00.780, 1Gb)
Sushi: info  Importing FSH text...                                                                   (00:00.106 / 00:00.887, 1Gb)
Sushi: info  Preprocessed 105 documents with 107 aliases.                                            (00:00.431 / 00:01.318, 1Gb)
Sushi: info  Imported 63 definitions and 41 instances.                                               (00:00.065 / 00:01.384, 1Gb)
Sushi: info  Loaded virtual package sushi-r5forR4#1.0.0 with 7 resources                             (00:00.096 / 00:01.480, 1Gb)
Sushi: info  Resolved hl7.fhir.uv.tools.r4#latest to concrete version 0.7.1                          (00:00.620 / 00:02.101, 1Gb)
Sushi: info  Loaded hl7.fhir.uv.tools.r4#0.7.1 with 105 resources                                    (00:00.051 / 00:02.152, 1Gb)
Sushi: info  Resolved hl7.terminology.r4#latest to concrete version 6.5.0                            (00:00.108 / 00:02.261, 1Gb)
Sushi: info  Loaded hl7.terminology.r4#6.5.0 with 4392 resources                                     (00:00.956 / 00:03.217, 1Gb)
Sushi: info  Resolved hl7.fhir.uv.extensions.r4#latest to concrete version 5.2.0                     (00:00.109 / 00:03.326, 1Gb)
Sushi: info  Loaded hl7.fhir.uv.extensions.r4#5.2.0 with 759 resources                               (00:00.213 / 00:03.540, 1Gb)
Sushi: info  Loaded ans.annuaire.fhir.r4#0.2.0 with 62 resources                                     (00:00.027 / 00:03.568, 1Gb)
Sushi: info  Loaded hl7.fhir.fr.core#1.1.0 with 119 resources                                        (00:00.059 / 00:03.627, 1Gb)
Sushi: info  Loaded hl7.fhir.uv.bulkdata#2.0.0 with 8 resources                                      (00:00.002 / 00:03.630, 1Gb)
Sushi: info  Loaded hl7.fhir.r4.core#4.0.1 with 4581 resources                                       (00:00.902 / 00:04.532, 1Gb)
Sushi: info  Loaded virtual package sushi-local#LOCAL with 0 resources                               (00:00.006 / 00:04.539, 1Gb)
Sushi: info  Converting FSH to FHIR resources...                                                     (00:00.024 / 00:04.564, 1Gb)
Sushi: info  Converted 54 FHIR StructureDefinitions.                                                 (00:07.740 / 00:12.304, 1Gb)
Sushi: info  Converted 5 FHIR CodeSystems.                                                           (00:00.117 / 00:12.422, 1Gb)
Sushi: info  Converted 4 FHIR ValueSets.                                                             (00:00.081 / 00:12.503, 1Gb)
Sushi: info  Converted 41 FHIR instances.                                                            (00:04.489 / 00:16.993, 1Gb)
Sushi: info  Exporting FHIR resources as JSON...                                                     (00:00.048 / 00:17.041, 1Gb)
Sushi: info  Exported 104 FHIR resources as JSON.                                                    (00:00.145 / 00:17.187, 1Gb)
Sushi: info  Assembling Implementation Guide sources...                                              (00:00.004 / 00:17.192, 1Gb)
Sushi: info  Generated ImplementationGuide-ans.fhir.fr.ror.json                                      (00:00.028 / 00:17.220, 1Gb)
Sushi: info  Assembled Implementation Guide sources; ready for IG Publisher.                         (00:00.000 / 00:17.221, 1Gb)
Sushi: ========================= SUSHI RESULTS ===========================                           (00:00.000 / 00:17.222, 1Gb)
Sushi: |  -------------------------------------------------------------  |                           (00:00.000 / 00:17.222, 1Gb)
Sushi: | |    Profiles   |  Extensions  |   Logicals   |   Resources   | |                           (00:00.000 / 00:17.223, 1Gb)
Sushi: | |-------------------------------------------------------------| |                           (00:00.000 / 00:17.224, 1Gb)
Sushi: | |       9       |      45      |      0       |       0       | |                           (00:00.000 / 00:17.225, 1Gb)
Sushi: |  -------------------------------------------------------------  |                           (00:00.000 / 00:17.226, 1Gb)
Sushi: |  -------------------------------------------------------------  |                           (00:00.000 / 00:17.226, 1Gb)
Sushi: | |      ValueSets     |    CodeSystems    |     Instances      | |                           (00:00.000 / 00:17.227, 1Gb)
Sushi: | |-------------------------------------------------------------| |                           (00:00.000 / 00:17.228, 1Gb)
Sushi: | |         4          |         5         |         41         | |                           (00:00.000 / 00:17.229, 1Gb)
Sushi: |  -------------------------------------------------------------  |                           (00:00.000 / 00:17.229, 1Gb)
Sushi: |                                                                 |                           (00:00.000 / 00:17.230, 1Gb)
Sushi: ===================================================================                           (00:00.000 / 00:17.231, 1Gb)
Sushi: | That was a sea breeze!                 0 Errors      0 Warnings |                           (00:00.000 / 00:17.232, 1Gb)
Sushi: ===================================================================                           (00:00.000 / 00:17.232, 1Gb)
Unable to load IG as an r5 IG - try R4 (property code is a class com.google.gson.JsonPrimitive looking for an object) (00:00.030 / 00:17.263, 1Gb)
Load Template from ans.fr.template#0.2.0                                                             (00:00.014 / 00:17.277, 1Gb)
 Load Template from fhir.base.template#0.8.1                                                         (00:00.044 / 00:17.322, 1Gb)
Root directory: /tmp/ig-builds/ans.fhir.fr.ror#0.6.0-milestone                                       (00:01.183 / 00:18.505, 1Gb)
Terminology Cache is at /tmp/ig-builds/ans.fhir.fr.ror#0.6.0-milestone/input-cache/txcache. 127 files in cache (00:00.768 / 00:19.274, 1Gb)
Core Package hl7.fhir.r4.core#4.0.1
Unable to generate snapshot @2 for Definition from noname because Profile Definition (http://hl7.org/fhir/StructureDefinition/Definition) has no base and no snapshot
Unable to generate snapshot @2 for Event from noname because Profile Event (http://hl7.org/fhir/StructureDefinition/Event) has no base and no snapshot
Unable to generate snapshot @2 for FiveWs from noname because Profile FiveWs (http://hl7.org/fhir/StructureDefinition/FiveWs) has no base and no snapshot
Unable to generate snapshot @2 for Request from noname because Profile Request (http://hl7.org/fhir/StructureDefinition/Request) has no base and no snapshot
Running Terminology Log: /tmp/ohfu-fhir-ig-16415984591993090247.log
Connect to Terminology Server at http://tx.fhir.org                                                  (00:01.608 / 00:20.882, 1Gb)
Load Package hl7.fhir.pubpack#0.2.1
Load Package hl7.fhir.xver-extensions#0.1.0
Load Package hl7.terminology.r4#6.5.0
Load Package hl7.fhir.uv.extensions.r4#5.2.0
Load Package ANS.annuaire.fhir.r4#0.2.0
Load Package hl7.fhir.fr.core#1.1.0
Load Package hl7.fhir.uv.bulkdata#2.0.0
Load Package hl7.fhir.uv.tools.r4#0.4.1
Load R5 Specials
Unable to generate snapshot @2 for Definition from noname because Profile Definition (http://hl7.org/fhir/StructureDefinition/Definition) has no base and no snapshot
Unable to generate snapshot @2 for Event from noname because Profile Event (http://hl7.org/fhir/StructureDefinition/Event) has no base and no snapshot
Unable to generate snapshot @2 for FiveWs from noname because Profile FiveWs (http://hl7.org/fhir/StructureDefinition/FiveWs) has no base and no snapshot
Unable to generate snapshot @2 for Request from noname because Profile Request (http://hl7.org/fhir/StructureDefinition/Request) has no base and no snapshot
Initialization complete                                                                              (00:03.481 / 00:24.364, 1Gb)
Load Content                                                                                         (00:00.000 / 00:24.364, 1Gb)
Using fr_FR as the default narrative language. (inferred from ImplementationGuide.jurisdiction=FR)   (00:00.008 / 00:24.373, 1Gb)
Process Loaded Resources                                                                             (00:00.621 / 00:24.994, 1Gb)
Generating Snapshots                                                                                 (00:00.518 / 00:25.513, 1Gb)
loadPrePages from FetchedFile[/tmp/ig-builds/ans.fhir.fr.ror#0.6.0-milestone/fsh-generated/includes] as /tmp/ig-builds/ans.fhir.fr.ror#0.6.0-milestone/fsh-generated/includes
loadPrePages from FetchedFile[/tmp/ig-builds/ans.fhir.fr.ror#0.6.0-milestone/input/data] as /tmp/ig-builds/ans.fhir.fr.ror#0.6.0-milestone/input/data
loadPrePages from FetchedFile[/tmp/ig-builds/ans.fhir.fr.ror#0.6.0-milestone/input/pagecontent] as /tmp/ig-builds/ans.fhir.fr.ror#0.6.0-milestone/input/pagecontent
Fetch https://interop.esante.gouv.fr/ig/fhir/ror/package-list.json for version check                 (00:01.261 / 00:26.774, 1Gb)
Processing Conformance Resources                                                                     (00:00.445 / 00:27.220, 1Gb)
Checking Language                                                                                    (00:00.000 / 00:27.220, 1Gb)
Load Dependency Info                                                                                 (00:00.001 / 00:27.222, 1Gb)
Load Info                                                                                            (00:00.000 / 00:27.223, 1Gb)
Load Paths                                                                                           (00:00.000 / 00:27.224, 1Gb)
Check R4 / R4B                                                                                       (00:00.000 / 00:27.224, 1Gb)
Assign Comparison Ids                                                                                (00:00.010 / 00:27.234, 1Gb)
Propagating status                                                                                   (00:00.000 / 00:27.235, 1Gb)
Generating Narratives                                                                                (00:00.000 / 00:27.235, 1Gb)
Validating Conformance Resources                                                                     (00:01.080 / 00:28.315, 1Gb)
Unable to generate snapshot @2 for Definition from noname because Profile Definition (http://hl7.org/fhir/StructureDefinition/Definition) has no base and no snapshot
Unable to generate snapshot @2 for Event from noname because Profile Event (http://hl7.org/fhir/StructureDefinition/Event) has no base and no snapshot
Unable to generate snapshot @2 for FiveWs from noname because Profile FiveWs (http://hl7.org/fhir/StructureDefinition/FiveWs) has no base and no snapshot
Unable to generate snapshot @2 for Request from noname because Profile Request (http://hl7.org/fhir/StructureDefinition/Request) has no base and no snapshot
Check profiles & code systems                                                                        (00:15.576 / 00:43.892, 1Gb)
Check realm rules                                                                                    (00:00.004 / 00:43.897, 1Gb)
Previous Version Comparison                                                                          (00:00.000 / 00:43.897, 1Gb)
Unable to generate snapshot @1 for Definition from noname because Profile Definition (http://hl7.org/fhir/StructureDefinition/Definition) has no base and no snapshot
Unable to generate snapshot @1 for Event from noname because Profile Event (http://hl7.org/fhir/StructureDefinition/Event) has no base and no snapshot
Unable to generate snapshot @1 for FiveWs from noname because Profile FiveWs (http://hl7.org/fhir/StructureDefinition/FiveWs) has no base and no snapshot
Unable to generate snapshot @1 for Request from noname because Profile Request (http://hl7.org/fhir/StructureDefinition/Request) has no base and no snapshot
Validating Resources                                                                                 (00:05.424 / 00:49.322, 1Gb)
Processing Provenance Records                                                                        (00:00.495 / 00:49.818, 1Gb)
Generating Outputs in /tmp/ig-builds/ans.fhir.fr.ror#0.6.0-milestone/output                          (00:00.000 / 00:49.819, 1Gb)
Generate Native Outputs                                                                              (00:00.072 / 00:49.891, 1Gb)
Run Template                                                                                         (00:06.194 / 00:56.085, 1Gb)
Generate HTML Outputs                                                                                (00:02.570 / 00:58.656, 1Gb)
Generate Spreadsheets                                                                                (00:09.350 / 01:08.007, 2Gb)
Generate Summaries                                                                                   (00:02.695 / 01:10.702, 2Gb)
Generating Summary Outputs                                                                           (00:00.000 / 01:10.703, 2Gb)
DB Cumulative Time invested: 00:00:01.532
Sending Usage Stats to Server                                                                        (00:04.521 / 01:15.224, 2Gb)
## Memory (MB): Use = 2185, Free = 908, Total = 3094, Max = 4000                                     (00:00.002 / 01:15.227, 2Gb)
Reclaiming memory...                                                                                 (00:00.001 / 01:15.228, 2Gb)
## Memory (MB): Use = 1662, Free = 1431, Total = 3094, Max = 4000                                    (00:00.810 / 01:16.039, 1Gb)
Run jekyll: jekyll build --destination "/tmp/ig-builds/ans.fhir.fr.ror#0.6.0-milestone/output" (in folder /tmp/ig-builds/ans.fhir.fr.ror#0.6.0-milestone/temp/pages) (00:00.001 / 01:16.041, 1Gb)
Troubleshooting Note: usual cases for Jekyll to fail are:                                            (00:00.001 / 01:16.042, 1Gb)
* A failure to produce a fragment that is already logged in the output above                         (00:00.000 / 01:16.043, 1Gb)
* A reference to a manually edited file that hasn't been provided                                    (00:00.000 / 01:16.044, 1Gb)
Jekyll: Source: /tmp/ig-builds/ans.fhir.fr.ror#0.6.0-milestone/temp/pages                            (00:00.324 / 01:16.368, 1Gb)
Jekyll: Generating...                                                                                (00:00.000 / 01:16.368, 1Gb)
Jekyll: done in 5.046 seconds.                                                                       (00:05.045 / 01:21.414, 1Gb)

Installing ans.fhir.fr.ror#0.6.0
Checking Output HTML                                                                                 (00:02.303 / 01:23.718, 2Gb)
found 1949 files                                                                                     (00:00.008 / 01:23.726, 2Gb)
........................................
..........Sending usage stats failed: Connection timed out
..............................
  ... 1949 html files, 0 pages invalid xhtml (0%)                                                    (00:16.189 / 01:39.916, 1Gb)
  ... 414357 links, 80 broken links (0%)                                                             (00:00.000 / 01:39.917, 1Gb)
Generate fragment-usage-analysis.csv                                                                 (00:00.000 / 01:39.917, 1Gb)
Build final .zip                                                                                     (00:00.004 / 01:39.922, 1Gb)
Final .zip built                                                                                     (00:03.138 / 01:43.061, 1Gb)
Built. Times: loading: 00:02.855, generate: 01:18.099, narrative generation: 00:01.079, realm-rules: 00:00.000, previous-version: 00:05.408, jekyll: 00:05.406, validation: 00:15.602 (#105), template: 00:02.569 (#3) (00:02.259 / 01:45.321, 2Gb)
Generating QA                                                                                        (00:00.001 / 01:45.322, 2Gb)
Validation output in /tmp/ig-builds/ans.fhir.fr.ror#0.6.0-milestone/output/qa.html
Errors: 81, Warnings: 111, Info: 68, Broken Links: 80 (00:02.693 / 01:48.016, 1Gb)
Finished. Max Memory Used = 2Gb. Log file saved in /tmp/fhir-ig-publisher-tmp.log                    (00:00.008 / 01:48.024, 1Gb)
Keep a copy of the build directory at /tmp/web-root/run-20250730/ig-build-zips/ans.fhir.fr.ror#0.6.0.zip

ok. All checks passed. Publish v0.6.0 to /tmp/web-root/run-20250730/ror/0.6.0
Copy the IG to /tmp/web-root/run-20250730/ror/0.6.0
Update /tmp/web-root/run-20250730/ror/package-list.json
Publish Box Statement: This page is part of the Répertoire national de l’Offre et des Ressources en santé et accompagnement médico-social (v0.6.0: <a no-external="true" href="https://confluence.hl7.org/display/HL7/HL7+Balloting" title="Standard for Trial-Use">STU</a>1) based on <a no-external="true" href="http://hl7.org/fhir/R4">FHIR (HL7® FHIR® Standard) R4</a>. This is the current published version in its permanent home (it will always be available at this URL).  For a full list of available versions, see the <a no-external="true" href="https://interop.esante.gouv.fr/ig/fhir/ror/history.html">Directory of published versions</a>
  .. 764 files checked, 764 updated
  .. 347 clones checked, 694 updated
  .. 105 redirections (105 created/updated)
This is a milestone release - publish v0.6.0 to /tmp/web-root/run-20250730/ror
Update publish box for version 0.5.0 @ https://interop.esante.gouv.fr/ig/fhir/ror/0.5.0
Publish Box Statement: This page is part of the Répertoire national de l’Offre et des Ressources en santé et accompagnement médico-social (v0.5.0: <a no-external="true" href="https://confluence.hl7.org/display/HL7/HL7+Balloting" title="Standard for Trial-Use">STU</a>1) based on <a no-external="true" href="http://hl7.org/fhir/R4">FHIR (HL7® FHIR® Standard) R4</a>. The current version which supersedes this version is <a no-external="true" href="https://interop.esante.gouv.fr/ig/fhir/ror{{fn}}">0.6.0</a>.  For a full list of available versions, see the <a no-external="true" href="https://interop.esante.gouv.fr/ig/fhir/ror/history.html">Directory of published versions</a>
  .. 763 files checked, 763 updated
  .. 345 clones checked, 0 updated
Update publish box for version 0.4.0 @ https://interop.esante.gouv.fr/ig/fhir/ror/0.4.0
Publish Box Statement: This page is part of the Répertoire national de l’Offre et des Ressources en santé et accompagnement médico-social (v0.4.0: <a no-external="true" href="https://confluence.hl7.org/display/HL7/HL7+Balloting" title="Standard for Trial-Use">STU</a>1) based on <a no-external="true" href="http://hl7.org/fhir/R4">FHIR (HL7® FHIR® Standard) R4</a>. The current version which supersedes this version is <a no-external="true" href="https://interop.esante.gouv.fr/ig/fhir/ror{{fn}}">0.6.0</a>.  For a full list of available versions, see the <a no-external="true" href="https://interop.esante.gouv.fr/ig/fhir/ror/history.html">Directory of published versions</a>
  .. 757 files checked, 757 updated
  .. 343 clones checked, 0 updated
Update publish box for version 0.4.0-snapshot-1 @ https://interop.esante.gouv.fr/ig/fhir/ror/0.4.0-snapshot-1
Publish Box Statement: This page is part of the Répertoire national de l’Offre et des Ressources en santé et accompagnement médico-social (v0.4.0-snapshot-1: QA Preview) based on <a no-external="true" href="http://hl7.org/fhir/R4">FHIR (HL7® FHIR® Standard) R4</a>. The current version which supersedes this version is <a no-external="true" href="https://interop.esante.gouv.fr/ig/fhir/ror{{fn}}">0.6.0</a>.  For a full list of available versions, see the <a no-external="true" href="https://interop.esante.gouv.fr/ig/fhir/ror/history.html">Directory of published versions</a>
  .. 747 files checked, 747 updated
  .. 333 clones checked, 0 updated
Update publish box for version 0.3.0 @ https://interop.esante.gouv.fr/ig/fhir/ror/0.3.0
Publish Box Statement: This page is part of the Répertoire national de l’Offre et des Ressources en santé et accompagnement médico-social (v0.3.0: Release) based on <a no-external="true" href="http://hl7.org/fhir/R4">FHIR (HL7® FHIR® Standard) R4</a>. The current version which supersedes this version is <a no-external="true" href="https://interop.esante.gouv.fr/ig/fhir/ror{{fn}}">0.6.0</a>.  For a full list of available versions, see the <a no-external="true" href="https://interop.esante.gouv.fr/ig/fhir/ror/history.html">Directory of published versions</a>
  .. 627 files checked, 627 updated
  .. 329 clones checked, 0 updated
Update publish box for version 0.2.0 @ https://interop.esante.gouv.fr/ig/fhir/ror/0.2.0
Publish Box Statement: This page is part of the Répertoire national de l’Offre et des Ressources en santé et accompagnement médico-social (v0.2.0: Release) based on <a no-external="true" href="http://hl7.org/fhir/R4">FHIR (HL7® FHIR® Standard) R4</a>. The current version which supersedes this version is <a no-external="true" href="https://interop.esante.gouv.fr/ig/fhir/ror{{fn}}">0.6.0</a>.  For a full list of available versions, see the <a no-external="true" href="https://interop.esante.gouv.fr/ig/fhir/ror/history.html">Directory of published versions</a>
  .. 621 files checked, 621 updated
  .. 308 clones checked, 0 updated
Update publish box for version 0.1.1 @ https://interop.esante.gouv.fr/ig/fhir/ror/0.1.1
Publish Box Statement: This page is part of the Répertoire national de l’Offre et des Ressources en santé et accompagnement médico-social (v0.1.1: Release) based on <a no-external="true" href="http://hl7.org/fhir/R4">FHIR (HL7® FHIR® Standard) R4</a>. The current version which supersedes this version is <a no-external="true" href="https://interop.esante.gouv.fr/ig/fhir/ror{{fn}}">0.6.0</a>.  For a full list of available versions, see the <a no-external="true" href="https://interop.esante.gouv.fr/ig/fhir/ror/history.html">Directory of published versions</a>
  .. 528 files checked, 528 updated
  .. 278 clones checked, 0 updated
Update publish box for version 0.1.0 @ https://interop.esante.gouv.fr/ig/fhir/ror/0.1.0
Publish Box Statement: This page is part of the Répertoire national de l’Offre et des Ressources en santé et accompagnement médico-social (v0.1.0: Release) based on <a no-external="true" href="http://hl7.org/fhir/R4">FHIR (HL7® FHIR® Standard) R4</a>. The current version which supersedes this version is <a no-external="true" href="https://interop.esante.gouv.fr/ig/fhir/ror{{fn}}">0.6.0</a>.  For a full list of available versions, see the <a no-external="true" href="https://interop.esante.gouv.fr/ig/fhir/ror/history.html">Directory of published versions</a>
  .. 533 files checked, 533 updated
  .. 169 clones checked, 0 updated
Publish Box Statement: This page is part of the Répertoire national de l’Offre et des Ressources en santé et accompagnement médico-social (v0.6.0: <a no-external="true" href="https://confluence.hl7.org/display/HL7/HL7+Balloting" title="Standard for Trial-Use">STU</a>1) based on <a no-external="true" href="http://hl7.org/fhir/R4">FHIR (HL7® FHIR® Standard) R4</a>. This is the current published version.  For a full list of available versions, see the <a no-external="true" href="https://interop.esante.gouv.fr/ig/fhir/ror/history.html">Directory of published versions</a>
  .. 764 files checked, 764 updated
  .. 347 clones checked, 694 updated
  .. 105 redirections (105 created/updated)
Check for Files to delete
  ... 0 files
Copy to new IG /tmp/web-root/run-20250730/ror
ans.fhir.fr.ror (https://interop.esante.gouv.fr/ig/fhir/ror): Répertoire national de l’Offre et des Ressources en santé et accompagnement médico-social @ https://ansforge.github.io/IG-fhir-repertoire-offre-ressources-sante/ig/main
  release: STU1 0.6.0/4.0.1 @ https://interop.esante.gouv.fr/ig/fhir/ror/0.6.0
Build is complete. Copy from /tmp/web-root/run-20250730
Update history page at /tmp/web-root/run-20250730/ror from /home/runner/work/IG-fhir-repertoire-offre-ressources-sante/IG-fhir-repertoire-offre-ressources-sante/./IG-website-release/fhir-ig-history-template and ./IG-website-release/templates
