FHIR IG Publisher Version 1.6.13 (Git# 43dd4978cd9e). Built 2024-06-28T02:52:51.699Z (5 days old)
Detected Java version: 17.0.10 from /opt/hostedtoolcache/Java_Microsoft_jdk/17.0.10/x64 on amd64 (64bit). 3996MB available
dir = /home/runner/work/IG-fhir-medicosocial-suivi-decisions-orientation/IG-fhir-medicosocial-suivi-decisions-orientation, path = /opt/hostedtoolcache/Ruby/3.3.3/x64/bin:/usr/share/dotnet:/opt/hostedtoolcache/node/20.15.0/x64/bin:/opt/hostedtoolcache/Java_Microsoft_jdk/17.0.10/x64/bin:/snap/bin:/home/runner/.local/bin:/opt/pipx_bin:/home/runner/.cargo/bin:/home/runner/.config/composer/vendor/bin:/usr/local/.ghcup/bin:/home/runner/.dotnet/tools:/usr/local/sbin:/usr/local/bin:/usr/sbin:/usr/bin:/sbin:/bin:/usr/games:/usr/local/games:/snap/bin
Parameters: -go-publish -source ./igSource -web ./IG-website-release/www/ig/fhir -registry ./IG-website-release/ig-registry/fhir-ig-list.json -history ./IG-website-release/fhir-ig-history-template -templates ./IG-website-release/templates
---------------
Publication Run: publish ./igSource to ./IG-website-release/www/ig/fhir
Run Number: 41
Relative directory for IG is '/sdo'
===== Web Publication Run Details ===============================
 Source IG: ans.fhir.fr.sdo#4.0.2 : https://interop.esante.gouv.fr/ig/fhir/sdo (R4) from ./igSource
All checks passed. Do the publication build from /home/runner/work/IG-fhir-medicosocial-suivi-decisions-orientation/IG-fhir-medicosocial-suivi-decisions-orientation/./igSource and publish to /tmp/web-root/run-20240703/sdo
Prepare Build space in /tmp/ans.fhir.fr.sdo#4.0.2
Build IG at /home/runner/work/IG-fhir-medicosocial-suivi-decisions-orientation/IG-fhir-medicosocial-suivi-decisions-orientation/./igSource: final copy suitable for publication (in /tmp/ans.fhir.fr.sdo#4.0.2)
FHIR IG Publisher Version 1.6.13 (Git# 43dd4978cd9e). Built 2024-06-28T02:52:51.699Z (5 days old)   
Detected Java version: 17.0.10 from /opt/hostedtoolcache/Java_Microsoft_jdk/17.0.10/x64 on Linux/amd64 (64bit). 3996MB available
dir = /home/runner/work/IG-fhir-medicosocial-suivi-decisions-orientation/IG-fhir-medicosocial-suivi-decisions-orientation, path = /opt/hostedtoolcache/Ruby/3.3.3/x64/bin:/usr/share/dotnet:/opt/hostedtoolcache/node/20.15.0/x64/bin:/opt/hostedtoolcache/Java_Microsoft_jdk/17.0.10/x64/bin:/snap/bin:/home/runner/.local/bin:/opt/pipx_bin:/home/runner/.cargo/bin:/home/runner/.config/composer/vendor/bin:/usr/local/.ghcup/bin:/home/runner/.dotnet/tools:/usr/local/sbin:/usr/local/bin:/usr/sbin:/usr/bin:/sbin:/bin:/usr/games:/usr/local/games:/snap/bin
Parameters: -ig /tmp/ans.fhir.fr.sdo#4.0.2 -resetTx -publish https://interop.esante.gouv.fr/ig/fhir/sdo/4.0.2 -no-exit
Start Clock @ Wednesday, July 3, 2024 at 7:40:11 AM Coordinated Universal Time (2024-07-03T07:40:11Z)
                                                                                                    
Build FHIR IG from /tmp/ans.fhir.fr.sdo#4.0.2                                                        (00:00.045 / 00:00.045, 22Mb)
Build Formal Publication package, intended for https://interop.esante.gouv.fr/ig/fhir/sdo/4.0.2      (00:00.004 / 00:00.049, 22Mb)
API keys loaded from /home/runner/.fhir/fhir-settings.json                                           (00:00.001 / 00:00.050, 22Mb)
Package Cache: /home/runner/.fhir/packages                                                           (00:00.003 / 00:00.054, 22Mb)
Run Sushi on /tmp/ans.fhir.fr.sdo#4.0.2                                                              (00:00.002 / 00:00.056, 23Mb)
Sushi: info  Running SUSHI v3.11.0 (implements FHIR Shorthand specification v3.0.0-ballot)           (00:00.415 / 00:00.472, 24Mb)
Sushi: info  Arguments:                                                                              (00:00.001 / 00:00.474, 24Mb)
Sushi: info    --require-latest                                                                      (00:00.001 / 00:00.475, 24Mb)
Sushi: info    --out /tmp/ans.fhir.fr.sdo#4.0.2                                                      (00:00.001 / 00:00.477, 24Mb)
Sushi: info    /tmp/ans.fhir.fr.sdo#4.0.2                                                            (00:00.001 / 00:00.478, 24Mb)
Sushi: info  Using configuration file: /tmp/ans.fhir.fr.sdo#4.0.2/sushi-config.yaml                  (00:00.454 / 00:00.932, 24Mb)
Sushi: info  Importing FSH text...                                                                   (00:00.125 / 00:01.058, 24Mb)
Sushi: info  Preprocessed 23 documents with 18 aliases.                                              (00:00.192 / 00:01.251, 24Mb)
Sushi: info  Imported 8 definitions and 16 instances.                                                (00:00.015 / 00:01.266, 24Mb)
Sushi: info  Checking /home/runner/.fhir/packages for hl7.fhir.uv.tools#current...                   (00:00.001 / 00:01.268, 24Mb)
Sushi: info  Found hl7.fhir.uv.tools#current in /home/runner/.fhir/packages.                         (00:00.040 / 00:01.308, 24Mb)
Sushi: info  Loaded package hl7.fhir.uv.tools#current                                                (00:00.191 / 00:01.500, 24Mb)
Sushi: info  Checking /home/runner/.fhir/packages for hl7.terminology.r4#5.5.0...                    (00:00.381 / 00:01.882, 24Mb)
Sushi: info  Found hl7.terminology.r4#5.5.0 in /home/runner/.fhir/packages.                          (00:00.554 / 00:02.437, 24Mb)
Sushi: info  Loaded package hl7.terminology.r4#5.5.0                                                 (00:00.001 / 00:02.438, 24Mb)
Sushi: info  Checking /home/runner/.fhir/packages for hl7.fhir.uv.extensions.r4#5.1.0...             (00:00.094 / 00:02.532, 24Mb)
Sushi: info  Found hl7.fhir.uv.extensions.r4#5.1.0 in /home/runner/.fhir/packages.                   (00:00.512 / 00:03.044, 24Mb)
Sushi: info  Loaded package hl7.fhir.uv.extensions.r4#5.1.0                                          (00:00.001 / 00:03.046, 24Mb)
Sushi: info  Checking /home/runner/.fhir/packages for ans.fr.nos#1.2.0...                            (00:00.001 / 00:03.047, 24Mb)
Sushi: info  Found ans.fr.nos#1.2.0 in /home/runner/.fhir/packages.                                  (00:00.604 / 00:03.651, 24Mb)
Sushi: info  Loaded package ans.fr.nos#1.2.0                                                         (00:00.001 / 00:03.652, 24Mb)
Sushi: info  Checking /home/runner/.fhir/packages for hl7.fhir.r4.core#4.0.1...                      (00:00.001 / 00:03.653, 24Mb)
Sushi: info  Found hl7.fhir.r4.core#4.0.1 in /home/runner/.fhir/packages.                            (00:01.211 / 00:04.865, 24Mb)
Sushi: info  Loaded package hl7.fhir.r4.core#4.0.1                                                   (00:00.001 / 00:04.866, 24Mb)
Sushi: info  Converting FSH to FHIR resources...                                                     (00:00.038 / 00:04.904, 24Mb)
Sushi: info  Converted 6 FHIR StructureDefinitions.                                                  (00:00.817 / 00:05.721, 24Mb)
Sushi: info  Converted 1 FHIR CodeSystems.                                                           (00:00.033 / 00:05.755, 24Mb)
Sushi: info  Converted 1 FHIR ValueSets.                                                             (00:00.030 / 00:05.785, 24Mb)
Sushi: info  Converted 16 FHIR instances.                                                            (00:00.833 / 00:06.619, 24Mb)
Sushi: info  Exporting FHIR resources as JSON...                                                     (00:00.001 / 00:06.620, 24Mb)
Sushi: info  Exported 18 FHIR resources as JSON.                                                     (00:00.037 / 00:06.658, 24Mb)
Sushi: info  Assembling Implementation Guide sources...                                              (00:00.002 / 00:06.660, 24Mb)
Sushi: info  Generated ImplementationGuide-ans.fhir.fr.sdo.json                                      (00:00.024 / 00:06.684, 24Mb)
Sushi: info  Assembled Implementation Guide sources; ready for IG Publisher.                         (00:00.001 / 00:06.686, 24Mb)
Sushi: ========================= SUSHI RESULTS ===========================                           (00:00.001 / 00:06.688, 24Mb)
Sushi: |  -------------------------------------------------------------  |                           (00:00.000 / 00:06.689, 24Mb)
Sushi: | |    Profiles   |  Extensions  |   Logicals   |   Resources   | |                           (00:00.000 / 00:06.690, 24Mb)
Sushi: | |-------------------------------------------------------------| |                           (00:00.001 / 00:06.691, 24Mb)
Sushi: | |       6       |      0       |      0       |       0       | |                           (00:00.001 / 00:06.692, 24Mb)
Sushi: |  -------------------------------------------------------------  |                           (00:00.000 / 00:06.693, 24Mb)
Sushi: |  -------------------------------------------------------------  |                           (00:00.000 / 00:06.693, 24Mb)
Sushi: | |      ValueSets     |    CodeSystems    |     Instances      | |                           (00:00.000 / 00:06.694, 24Mb)
Sushi: | |-------------------------------------------------------------| |                           (00:00.001 / 00:06.695, 24Mb)
Sushi: | |         1          |         1         |         16         | |                           (00:00.000 / 00:06.696, 24Mb)
Sushi: |  -------------------------------------------------------------  |                           (00:00.001 / 00:06.697, 24Mb)
Sushi: |                                                                 |                           (00:00.000 / 00:06.698, 24Mb)
Sushi: ===================================================================                           (00:00.000 / 00:06.699, 24Mb)
Sushi: | You're catching on now!                0 Errors      0 Warnings |                           (00:00.001 / 00:06.701, 24Mb)
Sushi: ===================================================================                           (00:00.000 / 00:06.701, 24Mb)
Unable to load IG as an r5 IG - try R4 (property code is a class com.google.gson.JsonPrimitive looking for an object) (00:00.485 / 00:07.187, 52Mb)
Load Template from https://github.com/ansforge/IG-template                                           (00:00.480 / 00:07.667, 28Mb)
 Load Template from fhir.base.template#current                                                       (00:01.214 / 00:08.882, 59Mb)

onLoad.findSpreadsheets:

onLoad.updateIg:
     [xslt] Processing /tmp/ans.fhir.fr.sdo#4.0.2/template/onLoad-ig-working.xml to /tmp/ans.fhir.fr.sdo#4.0.2/template/onLoad-ig-updated.xml
     [xslt] Loading stylesheet /tmp/ans.fhir.fr.sdo#4.0.2/template/scripts/onLoad.xslt

onLoad.extend:

onLoad:
Root directory: /tmp/ans.fhir.fr.sdo#4.0.2                                                           (00:02.891 / 00:11.773, 125Mb)
Terminology Cache is at /tmp/ans.fhir.fr.sdo#4.0.2/input-cache/txcache. Clearing now                 (00:00.466 / 00:12.239, 100Mb)
Core Package hl7.fhir.r4.core#4.0.1
Unable to generate snapshot @2 for Definition from noname because Profile Definition (http://hl7.org/fhir/StructureDefinition/Definition) has no base and no snapshot
Unable to generate snapshot @2 for Event from noname because Profile Event (http://hl7.org/fhir/StructureDefinition/Event) has no base and no snapshot
Unable to generate snapshot @2 for FiveWs from noname because Profile FiveWs (http://hl7.org/fhir/StructureDefinition/FiveWs) has no base and no snapshot
Unable to generate snapshot @2 for Request from noname because Profile Request (http://hl7.org/fhir/StructureDefinition/Request) has no base and no snapshot
Running Terminology Log: /tmp/ohfu-fhir-ig-12032223971288997029.log
Connect to Terminology Server at http://tx.fhir.org                                                  (00:02.896 / 00:15.136, 230Mb)
Load Package hl7.fhir.pubpack#0.1.7
Load Package hl7.fhir.xver-extensions#0.1.0
Load Package hl7.terminology.r4#5.5.0
Load Package hl7.fhir.uv.extensions.r4#5.1.0
Load Package hl7.terminology.r4#5.3.0
Load Package hl7.fhir.uv.extensions.r4#1.0.0
Load Package ans.fr.nos#1.2.0
Version mismatch. This IG is version 4.0.1, while the IG 'hl7.fhir.uv.tools' is from version 5.0.0 (will try to run anyway) (00:05.607 / 00:20.743, 1Gb)
Load Package hl7.fhir.uv.tools#0.2.0
Load R5 Specials
Unable to generate snapshot @2 for Definition from noname because Profile Definition (http://hl7.org/fhir/StructureDefinition/Definition) has no base and no snapshot
Unable to generate snapshot @2 for Event from noname because Profile Event (http://hl7.org/fhir/StructureDefinition/Event) has no base and no snapshot
Unable to generate snapshot @2 for FiveWs from noname because Profile FiveWs (http://hl7.org/fhir/StructureDefinition/FiveWs) has no base and no snapshot
Unable to generate snapshot @2 for Request from noname because Profile Request (http://hl7.org/fhir/StructureDefinition/Request) has no base and no snapshot
Initialization complete                                                                              (00:00.662 / 00:21.406, 425Mb)
Load Content                                                                                         (00:00.001 / 00:21.407, 425Mb)
Using fr_FR as the default narrative language. (inferred from ImplementationGuide.jurisdiction=FR)   (00:00.053 / 00:21.460, 431Mb)
loadPrePages from FetchedFile[/tmp/ans.fhir.fr.sdo#4.0.2/fsh-generated/includes] as /tmp/ans.fhir.fr.sdo#4.0.2/fsh-generated/includes
loadPrePages from FetchedFile[/tmp/ans.fhir.fr.sdo#4.0.2/input/data] as /tmp/ans.fhir.fr.sdo#4.0.2/input/data
loadPrePages from FetchedFile[/tmp/ans.fhir.fr.sdo#4.0.2/input/pagecontent] as /tmp/ans.fhir.fr.sdo#4.0.2/input/pagecontent
Fetch https://interop.esante.gouv.fr/ig/fhir/sdo/package-list.json for version check                 (00:00.599 / 00:22.060, 464Mb)
Processing Conformance Resources                                                                     (00:00.307 / 00:22.368, 467Mb)
Load Dependency Info                                                                                 (00:00.001 / 00:22.370, 467Mb)
Load Info                                                                                            (00:00.001 / 00:22.371, 467Mb)
Load Resources                                                                                       (00:00.001 / 00:22.372, 468Mb)
Load Paths                                                                                           (00:00.098 / 00:22.470, 492Mb)
Generating Snapshots                                                                                 (00:00.000 / 00:22.471, 492Mb)
Check R4 / R4B                                                                                       (00:00.477 / 00:22.949, 718Mb)
Assign Comparison Ids                                                                                (00:00.009 / 00:22.959, 719Mb)
Propagating status                                                                                   (00:00.001 / 00:22.960, 719Mb)
Generating Narratives                                                                                (00:00.001 / 00:22.961, 719Mb)
Validating Conformance Resources                                                                     (00:03.510 / 00:26.471, 1Gb)
Unable to generate snapshot @2 for Definition from noname because Profile Definition (http://hl7.org/fhir/StructureDefinition/Definition) has no base and no snapshot
Unable to generate snapshot @2 for Event from noname because Profile Event (http://hl7.org/fhir/StructureDefinition/Event) has no base and no snapshot
Unable to generate snapshot @2 for FiveWs from noname because Profile FiveWs (http://hl7.org/fhir/StructureDefinition/FiveWs) has no base and no snapshot
Unable to generate snapshot @2 for Request from noname because Profile Request (http://hl7.org/fhir/StructureDefinition/Request) has no base and no snapshot
Check profiles & code systems                                                                        (00:10.611 / 00:37.083, 1Gb)
Check realm rules                                                                                    (00:00.002 / 00:37.085, 1Gb)
Previous Version Comparison                                                                          (00:00.000 / 00:37.086, 1Gb)
Unable to generate snapshot @1 for Definition from noname because Profile Definition (http://hl7.org/fhir/StructureDefinition/Definition) has no base and no snapshot
Unable to generate snapshot @1 for Event from noname because Profile Event (http://hl7.org/fhir/StructureDefinition/Event) has no base and no snapshot
Unable to generate snapshot @1 for FiveWs from noname because Profile FiveWs (http://hl7.org/fhir/StructureDefinition/FiveWs) has no base and no snapshot
Unable to generate snapshot @1 for Request from noname because Profile Request (http://hl7.org/fhir/StructureDefinition/Request) has no base and no snapshot
Validating Resources                                                                                 (00:04.952 / 00:42.038, 1Gb)
Processing Provenance Records                                                                        (00:00.744 / 00:42.783, 1Gb)
Generating Outputs in /tmp/ans.fhir.fr.sdo#4.0.2/output                                              (00:00.000 / 00:42.784, 1Gb)
Generate Native Outputs                                                                              (00:00.091 / 00:42.875, 1Gb)
Run Template                                                                                         (00:04.114 / 00:46.990, 1Gb)

onGenerate.checkVersions:
     [xslt] Processing /tmp/ans.fhir.fr.sdo#4.0.2/template/onGenerate-ig-working.xml to /tmp/ans.fhir.fr.sdo#4.0.2/template/versions.txt
     [xslt] Loading stylesheet /tmp/ans.fhir.fr.sdo#4.0.2/template/scripts/onGenerate.getVersions.xslt

onGenerate.r5-schemas:
      [get] Getting: http://build.fhir.org/fhir-single.xsd
      [get] To: /tmp/ans.fhir.fr.sdo#4.0.2/input-cache/schemas/R5/fhir-single.xsd
      [get] Not modified - so not downloaded
      [get] Getting: http://build.fhir.org/fhir-xhtml.xsd
      [get] To: /tmp/ans.fhir.fr.sdo#4.0.2/input-cache/schemas/R5/fhir-xhtml.xsd
      [get] Not modified - so not downloaded
      [get] Getting: http://build.fhir.org/xml.xsd
      [get] To: /tmp/ans.fhir.fr.sdo#4.0.2/input-cache/schemas/R5/xml.xsd
      [get] Not modified - so not downloaded
      [get] Getting: http://build.fhir.org/xmldsig-core-schema.xsd
      [get] To: /tmp/ans.fhir.fr.sdo#4.0.2/input-cache/schemas/R5/xmldsig-core-schema.xsd
      [get] Not modified - so not downloaded

onGenerate.r4-schemas:
      [get] Getting: http://hl7.org/fhir/R4/fhir-single.xsd
      [get] To: /tmp/ans.fhir.fr.sdo#4.0.2/input-cache/schemas/R4/fhir-single.xsd
      [get] Not modified - so not downloaded
      [get] Getting: http://hl7.org/fhir/R4/fhir-xhtml.xsd
      [get] To: /tmp/ans.fhir.fr.sdo#4.0.2/input-cache/schemas/R4/fhir-xhtml.xsd
      [get] Not modified - so not downloaded
      [get] Getting: http://hl7.org/fhir/R4/xml.xsd
      [get] To: /tmp/ans.fhir.fr.sdo#4.0.2/input-cache/schemas/R4/xml.xsd
      [get] Not modified - so not downloaded
      [get] Getting: http://hl7.org/fhir/R4/xmldsig-core-schema.xsd
      [get] To: /tmp/ans.fhir.fr.sdo#4.0.2/input-cache/schemas/R4/xmldsig-core-schema.xsd
      [get] Not modified - so not downloaded

onGenerate.r3-schemas:

onGenerate.r2b-schemas:

onGenerate.r2-schemas:

onGenerate.schemas:

onGenerate.data:
     [xslt] Processing /tmp/ans.fhir.fr.sdo#4.0.2/template/onGenerate-ig-working.xml to /tmp/ans.fhir.fr.sdo#4.0.2/temp/pages/_data/artifacts.json
     [xslt] Loading stylesheet /tmp/ans.fhir.fr.sdo#4.0.2/template/scripts/onGenerate.data.xslt

onGenerate.setup:

onGenerate.infoFile:
     [xslt] Processing /tmp/ans.fhir.fr.sdo#4.0.2/template/onGenerate-ig-working.xml to /tmp/ans.fhir.fr.sdo#4.0.2/temp/pages/_data/info.json
     [xslt] Loading stylesheet /tmp/ans.fhir.fr.sdo#4.0.2/template/scripts/onGenerate.genJson.xslt

onGenerate.processIncludes:
     [copy] Copying 16 files to /tmp/ans.fhir.fr.sdo#4.0.2/temp/pages/_includes

onGenerate.processIg:
     [xslt] Processing /tmp/ans.fhir.fr.sdo#4.0.2/template/onGenerate-ig-working.xml to /tmp/ans.fhir.fr.sdo#4.0.2/template/onGenerate-ig-working.1.xml
     [xslt] Loading stylesheet /tmp/ans.fhir.fr.sdo#4.0.2/template/scripts/onGenerate.group.xslt
     [xslt] Processing /tmp/ans.fhir.fr.sdo#4.0.2/template/onGenerate-ig-working.1.xml to /tmp/ans.fhir.fr.sdo#4.0.2/template/onGenerate-ig-working.2.xml
     [xslt] Loading stylesheet /tmp/ans.fhir.fr.sdo#4.0.2/template/scripts/onGenerate.groupSort.xslt
     [xslt] Processing /tmp/ans.fhir.fr.sdo#4.0.2/template/onGenerate-ig-working.2.xml to /tmp/ans.fhir.fr.sdo#4.0.2/template/onGenerate-ig-updated.xml
     [xslt] Loading stylesheet /tmp/ans.fhir.fr.sdo#4.0.2/template/scripts/onGenerate.final.xslt

onGenerate.igQa:
     [xslt] Processing /tmp/ans.fhir.fr.sdo#4.0.2/template/onGenerate-ig-updated.xml to /tmp/ans.fhir.fr.sdo#4.0.2/template/ongenerate-validation-igqa.json
     [xslt] Loading stylesheet /tmp/ans.fhir.fr.sdo#4.0.2/template/scripts/onGenerate.qa.xslt

onGenerate.artifactList:
     [xslt] Processing /tmp/ans.fhir.fr.sdo#4.0.2/template/onGenerate-ig-updated.xml to /tmp/ans.fhir.fr.sdo#4.0.2/temp/pages/_includes/artifacts.xml
     [xslt] Loading stylesheet /tmp/ans.fhir.fr.sdo#4.0.2/template/scripts/createArtifactSummary.xslt

check-plantumlfiles:

onGenerate.plantUml.ig:

onGenerate.plantUml.template:

onGenerate.plantUml:

onGenerate.copyDataFiles:

onGenerate.extend:

onGenerate:
Template Done                                                                                        (00:01.875 / 00:48.866, 927Mb)
Generate HTML Outputs                                                                                (00:00.001 / 00:48.867, 927Mb)
ERROR StatusLogger Log4j2 could not find a logging implementation. Please add log4j-core to the classpath. Using SimpleLogger to log to the console...
Value set 'https://mos.esante.gouv.fr/NOS/JDV_J264-ModeEtCentreDePriseEnCharge-MDPH/FHIR/JDV_J264-ModeEtCentreDePriseEnCharge-MDPH' at https://interop.esante.gouv.fr/ig/fhir/sdo/StructureDefinition/sdo-task#Task.input:modePriseCharge.value[x] not found
Value set 'https://mos.esante.gouv.fr/NOS/JDV_JXX-typeDroitPrestation/FHIR/JDV_JXX-typeDroitPrestation' at https://interop.esante.gouv.fr/ig/fhir/sdo/StructureDefinition/sdo-task#Task.input:typeDroitPrestation.value[x] not found
Value set 'https://mos.esante.gouv.fr/NOS/JDV_J264-ModeEtCentreDePriseEnCharge-MDPH/FHIR/JDV_J264-ModeEtCentreDePriseEnCharge-MDPH' at https://interop.esante.gouv.fr/ig/fhir/sdo/StructureDefinition/sdo-task#Task.input:modePriseCharge.value[x] not found
Value set 'https://mos.esante.gouv.fr/NOS/JDV_JXX-typeDroitPrestation/FHIR/JDV_JXX-typeDroitPrestation' at https://interop.esante.gouv.fr/ig/fhir/sdo/StructureDefinition/sdo-task#Task.input:typeDroitPrestation.value[x] not found
Value set 'https://mos.esante.gouv.fr/NOS/JDV_J264-ModeEtCentreDePriseEnCharge-MDPH/FHIR/JDV_J264-ModeEtCentreDePriseEnCharge-MDPH' at https://interop.esante.gouv.fr/ig/fhir/sdo/StructureDefinition/sdo-task#Task.input:modePriseCharge.value[x] not found
Value set 'https://mos.esante.gouv.fr/NOS/JDV_JXX-typeDroitPrestation/FHIR/JDV_JXX-typeDroitPrestation' at https://interop.esante.gouv.fr/ig/fhir/sdo/StructureDefinition/sdo-task#Task.input:typeDroitPrestation.value[x] not found
Generate Summaries                                                                                   (00:13.003 / 01:01.870, 1Gb)
Generating Summary Outputs                                                                           (00:00.001 / 01:01.871, 1Gb)
DB Cumulative Time invested: 00:00:00.125
Sending Usage Stats to Server                                                                        (00:04.184 / 01:06.056, 2Gb)
## Memory (MB): Use = 2647, Free = 902, Total = 3550, Max = 3996                                     (00:00.004 / 01:06.060, 2Gb)
Reclaiming memory...                                                                                 (00:00.000 / 01:06.061, 2Gb)
## Memory (MB): Use = 1350, Free = 2199, Total = 3550, Max = 3996                                    (00:00.628 / 01:06.690, 1Gb)
Run jekyll: jekyll build --destination "/tmp/ans.fhir.fr.sdo#4.0.2/output" (in folder /tmp/ans.fhir.fr.sdo#4.0.2/temp/pages) (00:00.001 / 01:06.691, 1Gb)
Troubleshooting Note: usual cases for Jekyll to fail are:                                            (00:00.001 / 01:06.692, 1Gb)
* A failure to produce a fragment that is already logged in the output above                         (00:00.000 / 01:06.693, 1Gb)
* A reference to a manually edited file that hasn't been provided                                    (00:00.000 / 01:06.694, 1Gb)
Jekyll: Source: /tmp/ans.fhir.fr.sdo#4.0.2/temp/pages                                                (00:00.375 / 01:07.069, 1Gb)
Jekyll: Generating...                                                                                (00:00.000 / 01:07.070, 1Gb)
Jekyll: done in 1.727 seconds.                                                                       (00:01.725 / 01:08.796, 1Gb)

Installing ans.fhir.fr.sdo#4.0.2 done.
Checking Output HTML                                                                                 (00:01.562 / 01:10.359, 2Gb)
found 798 files                                                                                      (00:00.004 / 01:10.363, 2Gb)
.........................................
.........................................
  ... 798 html files, 0 pages invalid xhtml (0%)                                                     (00:06.254 / 01:16.617, 3Gb)
  ... 121517 links, 27 broken links (0%)                                                             (00:00.001 / 01:16.619, 3Gb)
Generate fragment-usage-analysis.csv                                                                 (00:00.000 / 01:16.619, 3Gb)
Build final .zip                                                                                     (00:00.007 / 01:16.627, 3Gb)
Final .zip built                                                                                     (00:01.506 / 01:18.133, 3Gb)
Built. Times: loading: 00:00.959, generate: 00:57.713, narrative generation: 00:03.509, realm-rules: 00:00.000, previous-version: 00:04.925, jekyll: 00:02.121, validation: 00:11.352 (#19), template: 00:01.874 (#3) (00:01.966 / 01:20.099, 1Gb)
Generating QA                                                                                        (00:00.001 / 01:20.100, 1Gb)
Internal error in location for message: 'Error @1, 1: Found / expecting a token name', loc = '/tmp/ans.fhir.fr.sdo#4.0.2/output/StructureDefinition-esms-bundle-resultat-recherche-decision-evalua', err = 'The html source has duplicate anchor Ids: Bundle.implicitRules,Bundle.entry.search.id,Bundle.entry.r'
Internal error in location for message: 'Error @1, 1: Found / expecting a token name', loc = '/tmp/ans.fhir.fr.sdo#4.0.2/output/StructureDefinition-esms-consent.html', err = 'The html source has duplicate anchor Ids: Consent.verification.verificationDate,Consent.policy.autho'
Internal error in location for message: 'Error @1, 1: Found / expecting a token name', loc = '/tmp/ans.fhir.fr.sdo#4.0.2/output/StructureDefinition-esms-document-reference.html', err = 'The html source has duplicate anchor Ids: DocumentReference.type.id,DocumentReference.content.attach'
Internal error in location for message: 'Error @1, 1: Found / expecting a token name', loc = '/tmp/ans.fhir.fr.sdo#4.0.2/output/StructureDefinition-sdo-bundle-resultat-recherche-notification-esm', err = 'The html source has duplicate anchor Ids: Bundle.implicitRules,Bundle.entry.search.id,Bundle.entry.r'
Internal error in location for message: 'Error @1, 1: Found / expecting a token name', loc = '/tmp/ans.fhir.fr.sdo#4.0.2/output/StructureDefinition-sdo-document-reference.html', err = 'The html source has duplicate anchor Ids: DocumentReference.content.attachment.size,DocumentReferenc'
Internal error in location for message: 'Error @1, 1: Found / expecting a token name', loc = '/tmp/ans.fhir.fr.sdo#4.0.2/output/StructureDefinition-sdo-task.html', err = 'The html source has duplicate anchor Ids: Task.meta.profile,Task,Task.meta.security,Task.basedOn,Tas'
Validation output in /tmp/ans.fhir.fr.sdo#4.0.2/output/qa.html
Errors: 0, Warnings: 28, Info: 18, Broken Links: 27 (00:00.719 / 01:20.820, 2Gb)
Finished. Max Memory Used = 3Gb. Log file saved in /tmp/fhir-ig-publisher-tmp.log                    (00:00.006 / 01:20.826, 2Gb)
Prepare Build space in /tmp/ans.fhir.fr.sdo#4.0.2-milestone
Build IG at /home/runner/work/IG-fhir-medicosocial-suivi-decisions-orientation/IG-fhir-medicosocial-suivi-decisions-orientation/./igSource: final copy suitable for publication (in /tmp/ans.fhir.fr.sdo#4.0.2-milestone) (milestone build)
FHIR IG Publisher Version 1.6.13 (Git# 43dd4978cd9e). Built 2024-06-28T02:52:51.699Z (5 days old)   
Detected Java version: 17.0.10 from /opt/hostedtoolcache/Java_Microsoft_jdk/17.0.10/x64 on Linux/amd64 (64bit). 3996MB available
dir = /home/runner/work/IG-fhir-medicosocial-suivi-decisions-orientation/IG-fhir-medicosocial-suivi-decisions-orientation, path = /opt/hostedtoolcache/Ruby/3.3.3/x64/bin:/usr/share/dotnet:/opt/hostedtoolcache/node/20.15.0/x64/bin:/opt/hostedtoolcache/Java_Microsoft_jdk/17.0.10/x64/bin:/snap/bin:/home/runner/.local/bin:/opt/pipx_bin:/home/runner/.cargo/bin:/home/runner/.config/composer/vendor/bin:/usr/local/.ghcup/bin:/home/runner/.dotnet/tools:/usr/local/sbin:/usr/local/bin:/usr/sbin:/usr/bin:/sbin:/bin:/usr/games:/usr/local/games:/snap/bin
Parameters: -ig /tmp/ans.fhir.fr.sdo#4.0.2-milestone -publish https://interop.esante.gouv.fr/ig/fhir/sdo/4.0.2 -milestone -no-exit
Start Clock @ Wednesday, July 3, 2024 at 7:41:33 AM Coordinated Universal Time (2024-07-03T07:41:33Z)
                                                                                                    
Build FHIR IG from /tmp/ans.fhir.fr.sdo#4.0.2-milestone                                              (00:00.008 / 00:00.008, 2Gb)
Build Formal Publication package, intended for https://interop.esante.gouv.fr/ig/fhir/sdo/4.0.2      (00:00.000 / 00:00.009, 2Gb)
API keys loaded from /home/runner/.fhir/fhir-settings.json                                           (00:00.000 / 00:00.010, 2Gb)
Package Cache: /home/runner/.fhir/packages                                                           (00:00.000 / 00:00.011, 2Gb)
Run Sushi on /tmp/ans.fhir.fr.sdo#4.0.2-milestone                                                    (00:00.000 / 00:00.011, 2Gb)
Sushi: info  Running SUSHI v3.11.0 (implements FHIR Shorthand specification v3.0.0-ballot)           (00:00.382 / 00:00.394, 2Gb)
Sushi: info  Arguments:                                                                              (00:00.000 / 00:00.394, 2Gb)
Sushi: info    --require-latest                                                                      (00:00.000 / 00:00.395, 2Gb)
Sushi: info    --out /tmp/ans.fhir.fr.sdo#4.0.2-milestone                                            (00:00.000 / 00:00.396, 2Gb)
Sushi: info    /tmp/ans.fhir.fr.sdo#4.0.2-milestone                                                  (00:00.000 / 00:00.397, 2Gb)
Sushi: info  Using configuration file: /tmp/ans.fhir.fr.sdo#4.0.2-milestone/sushi-config.yaml        (00:00.352 / 00:00.749, 2Gb)
Sushi: info  Importing FSH text...                                                                   (00:00.111 / 00:00.860, 2Gb)
Sushi: info  Preprocessed 23 documents with 18 aliases.                                              (00:00.181 / 00:01.042, 2Gb)
Sushi: info  Imported 8 definitions and 16 instances.                                                (00:00.015 / 00:01.058, 2Gb)
Sushi: info  Checking /home/runner/.fhir/packages for hl7.fhir.uv.tools#current...                   (00:00.001 / 00:01.059, 2Gb)
Sushi: info  Found hl7.fhir.uv.tools#current in /home/runner/.fhir/packages.                         (00:00.039 / 00:01.099, 2Gb)
Sushi: info  Loaded package hl7.fhir.uv.tools#current                                                (00:00.383 / 00:01.482, 2Gb)
Sushi: info  Checking /home/runner/.fhir/packages for hl7.terminology.r4#5.5.0...                    (00:00.468 / 00:01.951, 2Gb)
Sushi: info  Found hl7.terminology.r4#5.5.0 in /home/runner/.fhir/packages.                          (00:00.521 / 00:02.473, 2Gb)
Sushi: info  Loaded package hl7.terminology.r4#5.5.0                                                 (00:00.001 / 00:02.474, 2Gb)
Sushi: info  Checking /home/runner/.fhir/packages for hl7.fhir.uv.extensions.r4#5.1.0...             (00:00.096 / 00:02.570, 2Gb)
Sushi: info  Found hl7.fhir.uv.extensions.r4#5.1.0 in /home/runner/.fhir/packages.                   (00:00.496 / 00:03.066, 2Gb)
Sushi: info  Loaded package hl7.fhir.uv.extensions.r4#5.1.0                                          (00:00.001 / 00:03.067, 2Gb)
Sushi: info  Checking /home/runner/.fhir/packages for ans.fr.nos#1.2.0...                            (00:00.000 / 00:03.068, 2Gb)
Sushi: info  Found ans.fr.nos#1.2.0 in /home/runner/.fhir/packages.                                  (00:00.602 / 00:03.670, 2Gb)
Sushi: info  Loaded package ans.fr.nos#1.2.0                                                         (00:00.000 / 00:03.671, 2Gb)
Sushi: info  Checking /home/runner/.fhir/packages for hl7.fhir.r4.core#4.0.1...                      (00:00.000 / 00:03.672, 2Gb)
Sushi: info  Found hl7.fhir.r4.core#4.0.1 in /home/runner/.fhir/packages.                            (00:01.248 / 00:04.921, 2Gb)
Sushi: info  Loaded package hl7.fhir.r4.core#4.0.1                                                   (00:00.000 / 00:04.921, 2Gb)
Sushi: info  Converting FSH to FHIR resources...                                                     (00:00.038 / 00:04.960, 2Gb)
Sushi: info  Converted 6 FHIR StructureDefinitions.                                                  (00:00.791 / 00:05.752, 2Gb)
Sushi: info  Converted 1 FHIR CodeSystems.                                                           (00:00.037 / 00:05.789, 2Gb)
Sushi: info  Converted 1 FHIR ValueSets.                                                             (00:00.027 / 00:05.817, 2Gb)
Sushi: info  Converted 16 FHIR instances.                                                            (00:00.785 / 00:06.603, 2Gb)
Sushi: info  Exporting FHIR resources as JSON...                                                     (00:00.000 / 00:06.604, 2Gb)
Sushi: info  Exported 18 FHIR resources as JSON.                                                     (00:00.032 / 00:06.636, 2Gb)
Sushi: info  Assembling Implementation Guide sources...                                              (00:00.001 / 00:06.638, 2Gb)
Sushi: info  Generated ImplementationGuide-ans.fhir.fr.sdo.json                                      (00:00.021 / 00:06.659, 2Gb)
Sushi: info  Assembled Implementation Guide sources; ready for IG Publisher.                         (00:00.000 / 00:06.660, 2Gb)
Sushi: ========================= SUSHI RESULTS ===========================                           (00:00.000 / 00:06.660, 2Gb)
Sushi: |  -------------------------------------------------------------  |                           (00:00.000 / 00:06.661, 2Gb)
Sushi: | |    Profiles   |  Extensions  |   Logicals   |   Resources   | |                           (00:00.000 / 00:06.662, 2Gb)
Sushi: | |-------------------------------------------------------------| |                           (00:00.000 / 00:06.663, 2Gb)
Sushi: | |       6       |      0       |      0       |       0       | |                           (00:00.000 / 00:06.664, 2Gb)
Sushi: |  -------------------------------------------------------------  |                           (00:00.000 / 00:06.664, 2Gb)
Sushi: |  -------------------------------------------------------------  |                           (00:00.000 / 00:06.665, 2Gb)
Sushi: | |      ValueSets     |    CodeSystems    |     Instances      | |                           (00:00.000 / 00:06.666, 2Gb)
Sushi: | |-------------------------------------------------------------| |                           (00:00.000 / 00:06.666, 2Gb)
Sushi: | |         1          |         1         |         16         | |                           (00:00.000 / 00:06.667, 2Gb)
Sushi: |  -------------------------------------------------------------  |                           (00:00.000 / 00:06.668, 2Gb)
Sushi: |                                                                 |                           (00:00.000 / 00:06.669, 2Gb)
Sushi: ===================================================================                           (00:00.001 / 00:06.670, 2Gb)
Sushi: | Fin-tastic job!                        0 Errors      0 Warnings |                           (00:00.000 / 00:06.671, 2Gb)
Sushi: ===================================================================                           (00:00.000 / 00:06.672, 2Gb)
Unable to load IG as an r5 IG - try R4 (property code is a class com.google.gson.JsonPrimitive looking for an object) (00:00.018 / 00:06.691, 2Gb)
Load Template from https://github.com/ansforge/IG-template                                           (00:00.016 / 00:06.707, 2Gb)
 Load Template from fhir.base.template#current                                                       (00:00.657 / 00:07.364, 1Gb)

onLoad.findSpreadsheets:

onLoad.updateIg:
     [xslt] Processing /tmp/ans.fhir.fr.sdo#4.0.2-milestone/template/onLoad-ig-working.xml to /tmp/ans.fhir.fr.sdo#4.0.2-milestone/template/onLoad-ig-updated.xml
     [xslt] Loading stylesheet /tmp/ans.fhir.fr.sdo#4.0.2-milestone/template/scripts/onLoad.xslt

onLoad.extend:

onLoad:
Root directory: /tmp/ans.fhir.fr.sdo#4.0.2-milestone                                                 (00:01.757 / 00:09.122, 1Gb)
Terminology Cache is at /tmp/ans.fhir.fr.sdo#4.0.2-milestone/input-cache/txcache. 13 files in cache  (00:00.502 / 00:09.625, 1Gb)
Core Package hl7.fhir.r4.core#4.0.1
Unable to generate snapshot @2 for Definition from noname because Profile Definition (http://hl7.org/fhir/StructureDefinition/Definition) has no base and no snapshot
Unable to generate snapshot @2 for Event from noname because Profile Event (http://hl7.org/fhir/StructureDefinition/Event) has no base and no snapshot
Unable to generate snapshot @2 for FiveWs from noname because Profile FiveWs (http://hl7.org/fhir/StructureDefinition/FiveWs) has no base and no snapshot
Unable to generate snapshot @2 for Request from noname because Profile Request (http://hl7.org/fhir/StructureDefinition/Request) has no base and no snapshot
Running Terminology Log: /tmp/ohfu-fhir-ig-12730236758964115091.log
Connect to Terminology Server at http://tx.fhir.org                                                  (00:01.765 / 00:11.390, 2Gb)
Load Package hl7.fhir.pubpack#0.1.7
Load Package hl7.fhir.xver-extensions#0.1.0
Load Package hl7.terminology.r4#5.5.0
Load Package hl7.fhir.uv.extensions.r4#5.1.0
Load Package hl7.terminology.r4#5.3.0
Load Package hl7.fhir.uv.extensions.r4#1.0.0
Load Package ans.fr.nos#1.2.0
Version mismatch. This IG is version 4.0.1, while the IG 'hl7.fhir.uv.tools' is from version 5.0.0 (will try to run anyway) (00:03.996 / 00:15.387, 1Gb)
Load Package hl7.fhir.uv.tools#0.2.0
Load R5 Specials
Unable to generate snapshot @2 for Definition from noname because Profile Definition (http://hl7.org/fhir/StructureDefinition/Definition) has no base and no snapshot
Unable to generate snapshot @2 for Event from noname because Profile Event (http://hl7.org/fhir/StructureDefinition/Event) has no base and no snapshot
Unable to generate snapshot @2 for FiveWs from noname because Profile FiveWs (http://hl7.org/fhir/StructureDefinition/FiveWs) has no base and no snapshot
Unable to generate snapshot @2 for Request from noname because Profile Request (http://hl7.org/fhir/StructureDefinition/Request) has no base and no snapshot
Initialization complete                                                                              (00:00.333 / 00:15.721, 1Gb)
Load Content                                                                                         (00:00.000 / 00:15.721, 1Gb)
Using fr_FR as the default narrative language. (inferred from ImplementationGuide.jurisdiction=FR)   (00:00.012 / 00:15.734, 1Gb)
loadPrePages from FetchedFile[/tmp/ans.fhir.fr.sdo#4.0.2-milestone/fsh-generated/includes] as /tmp/ans.fhir.fr.sdo#4.0.2-milestone/fsh-generated/includes
loadPrePages from FetchedFile[/tmp/ans.fhir.fr.sdo#4.0.2-milestone/input/data] as /tmp/ans.fhir.fr.sdo#4.0.2-milestone/input/data
loadPrePages from FetchedFile[/tmp/ans.fhir.fr.sdo#4.0.2-milestone/input/pagecontent] as /tmp/ans.fhir.fr.sdo#4.0.2-milestone/input/pagecontent
Fetch https://interop.esante.gouv.fr/ig/fhir/sdo/package-list.json for version check                 (00:00.244 / 00:15.978, 2Gb)
Processing Conformance Resources                                                                     (00:00.128 / 00:16.107, 2Gb)
Load Dependency Info                                                                                 (00:00.001 / 00:16.108, 2Gb)
Load Info                                                                                            (00:00.000 / 00:16.109, 2Gb)
Load Resources                                                                                       (00:00.001 / 00:16.110, 2Gb)
Load Paths                                                                                           (00:00.068 / 00:16.179, 2Gb)
Generating Snapshots                                                                                 (00:00.001 / 00:16.180, 2Gb)
Check R4 / R4B                                                                                       (00:00.441 / 00:16.621, 2Gb)
Assign Comparison Ids                                                                                (00:00.005 / 00:16.627, 2Gb)
Propagating status                                                                                   (00:00.001 / 00:16.629, 2Gb)
Generating Narratives                                                                                (00:00.001 / 00:16.630, 2Gb)
Validating Conformance Resources                                                                     (00:00.533 / 00:17.164, 2Gb)
Unable to generate snapshot @2 for Definition from noname because Profile Definition (http://hl7.org/fhir/StructureDefinition/Definition) has no base and no snapshot
Unable to generate snapshot @2 for Event from noname because Profile Event (http://hl7.org/fhir/StructureDefinition/Event) has no base and no snapshot
Unable to generate snapshot @2 for FiveWs from noname because Profile FiveWs (http://hl7.org/fhir/StructureDefinition/FiveWs) has no base and no snapshot
Unable to generate snapshot @2 for Request from noname because Profile Request (http://hl7.org/fhir/StructureDefinition/Request) has no base and no snapshot
Check profiles & code systems                                                                        (00:06.937 / 00:24.101, 1Gb)
Check realm rules                                                                                    (00:00.001 / 00:24.103, 1Gb)
Previous Version Comparison                                                                          (00:00.000 / 00:24.103, 1Gb)
Unable to generate snapshot @1 for Definition from noname because Profile Definition (http://hl7.org/fhir/StructureDefinition/Definition) has no base and no snapshot
Unable to generate snapshot @1 for Event from noname because Profile Event (http://hl7.org/fhir/StructureDefinition/Event) has no base and no snapshot
Unable to generate snapshot @1 for FiveWs from noname because Profile FiveWs (http://hl7.org/fhir/StructureDefinition/FiveWs) has no base and no snapshot
Unable to generate snapshot @1 for Request from noname because Profile Request (http://hl7.org/fhir/StructureDefinition/Request) has no base and no snapshot
Validating Resources                                                                                 (00:03.791 / 00:27.895, 2Gb)
Processing Provenance Records                                                                        (00:00.159 / 00:28.054, 2Gb)
Generating Outputs in /tmp/ans.fhir.fr.sdo#4.0.2-milestone/output                                    (00:00.001 / 00:28.056, 2Gb)
Generate Native Outputs                                                                              (00:00.119 / 00:28.175, 2Gb)
Run Template                                                                                         (00:03.338 / 00:31.514, 2Gb)

onGenerate.checkVersions:
     [xslt] Processing /tmp/ans.fhir.fr.sdo#4.0.2-milestone/template/onGenerate-ig-working.xml to /tmp/ans.fhir.fr.sdo#4.0.2-milestone/template/versions.txt
     [xslt] Loading stylesheet /tmp/ans.fhir.fr.sdo#4.0.2-milestone/template/scripts/onGenerate.getVersions.xslt

onGenerate.r5-schemas:
      [get] Getting: http://build.fhir.org/fhir-single.xsd
      [get] To: /tmp/ans.fhir.fr.sdo#4.0.2-milestone/input-cache/schemas/R5/fhir-single.xsd
      [get] Not modified - so not downloaded
      [get] Getting: http://build.fhir.org/fhir-xhtml.xsd
      [get] To: /tmp/ans.fhir.fr.sdo#4.0.2-milestone/input-cache/schemas/R5/fhir-xhtml.xsd
      [get] Not modified - so not downloaded
      [get] Getting: http://build.fhir.org/xml.xsd
      [get] To: /tmp/ans.fhir.fr.sdo#4.0.2-milestone/input-cache/schemas/R5/xml.xsd
      [get] Not modified - so not downloaded
      [get] Getting: http://build.fhir.org/xmldsig-core-schema.xsd
      [get] To: /tmp/ans.fhir.fr.sdo#4.0.2-milestone/input-cache/schemas/R5/xmldsig-core-schema.xsd
      [get] Not modified - so not downloaded

onGenerate.r4-schemas:
      [get] Getting: http://hl7.org/fhir/R4/fhir-single.xsd
      [get] To: /tmp/ans.fhir.fr.sdo#4.0.2-milestone/input-cache/schemas/R4/fhir-single.xsd
      [get] Not modified - so not downloaded
      [get] Getting: http://hl7.org/fhir/R4/fhir-xhtml.xsd
      [get] To: /tmp/ans.fhir.fr.sdo#4.0.2-milestone/input-cache/schemas/R4/fhir-xhtml.xsd
      [get] Not modified - so not downloaded
      [get] Getting: http://hl7.org/fhir/R4/xml.xsd
      [get] To: /tmp/ans.fhir.fr.sdo#4.0.2-milestone/input-cache/schemas/R4/xml.xsd
      [get] Not modified - so not downloaded
      [get] Getting: http://hl7.org/fhir/R4/xmldsig-core-schema.xsd
      [get] To: /tmp/ans.fhir.fr.sdo#4.0.2-milestone/input-cache/schemas/R4/xmldsig-core-schema.xsd
      [get] Not modified - so not downloaded

onGenerate.r3-schemas:

onGenerate.r2b-schemas:

onGenerate.r2-schemas:

onGenerate.schemas:

onGenerate.data:
     [xslt] Processing /tmp/ans.fhir.fr.sdo#4.0.2-milestone/template/onGenerate-ig-working.xml to /tmp/ans.fhir.fr.sdo#4.0.2-milestone/temp/pages/_data/artifacts.json
     [xslt] Loading stylesheet /tmp/ans.fhir.fr.sdo#4.0.2-milestone/template/scripts/onGenerate.data.xslt

onGenerate.setup:

onGenerate.infoFile:
     [xslt] Processing /tmp/ans.fhir.fr.sdo#4.0.2-milestone/template/onGenerate-ig-working.xml to /tmp/ans.fhir.fr.sdo#4.0.2-milestone/temp/pages/_data/info.json
     [xslt] Loading stylesheet /tmp/ans.fhir.fr.sdo#4.0.2-milestone/template/scripts/onGenerate.genJson.xslt

onGenerate.processIncludes:
     [copy] Copying 16 files to /tmp/ans.fhir.fr.sdo#4.0.2-milestone/temp/pages/_includes

onGenerate.processIg:
     [xslt] Processing /tmp/ans.fhir.fr.sdo#4.0.2-milestone/template/onGenerate-ig-working.xml to /tmp/ans.fhir.fr.sdo#4.0.2-milestone/template/onGenerate-ig-working.1.xml
     [xslt] Loading stylesheet /tmp/ans.fhir.fr.sdo#4.0.2-milestone/template/scripts/onGenerate.group.xslt
     [xslt] Processing /tmp/ans.fhir.fr.sdo#4.0.2-milestone/template/onGenerate-ig-working.1.xml to /tmp/ans.fhir.fr.sdo#4.0.2-milestone/template/onGenerate-ig-working.2.xml
     [xslt] Loading stylesheet /tmp/ans.fhir.fr.sdo#4.0.2-milestone/template/scripts/onGenerate.groupSort.xslt
     [xslt] Processing /tmp/ans.fhir.fr.sdo#4.0.2-milestone/template/onGenerate-ig-working.2.xml to /tmp/ans.fhir.fr.sdo#4.0.2-milestone/template/onGenerate-ig-updated.xml
     [xslt] Loading stylesheet /tmp/ans.fhir.fr.sdo#4.0.2-milestone/template/scripts/onGenerate.final.xslt

onGenerate.igQa:
     [xslt] Processing /tmp/ans.fhir.fr.sdo#4.0.2-milestone/template/onGenerate-ig-updated.xml to /tmp/ans.fhir.fr.sdo#4.0.2-milestone/template/ongenerate-validation-igqa.json
     [xslt] Loading stylesheet /tmp/ans.fhir.fr.sdo#4.0.2-milestone/template/scripts/onGenerate.qa.xslt

onGenerate.artifactList:
     [xslt] Processing /tmp/ans.fhir.fr.sdo#4.0.2-milestone/template/onGenerate-ig-updated.xml to /tmp/ans.fhir.fr.sdo#4.0.2-milestone/temp/pages/_includes/artifacts.xml
     [xslt] Loading stylesheet /tmp/ans.fhir.fr.sdo#4.0.2-milestone/template/scripts/createArtifactSummary.xslt

check-plantumlfiles:

onGenerate.plantUml.ig:

onGenerate.plantUml.template:

onGenerate.plantUml:

onGenerate.copyDataFiles:

onGenerate.extend:

onGenerate:
Template Done                                                                                        (00:01.719 / 00:33.234, 2Gb)
Generate HTML Outputs                                                                                (00:00.000 / 00:33.234, 2Gb)
Value set 'https://mos.esante.gouv.fr/NOS/JDV_J264-ModeEtCentreDePriseEnCharge-MDPH/FHIR/JDV_J264-ModeEtCentreDePriseEnCharge-MDPH' at https://interop.esante.gouv.fr/ig/fhir/sdo/StructureDefinition/sdo-task#Task.input:modePriseCharge.value[x] not found
Value set 'https://mos.esante.gouv.fr/NOS/JDV_JXX-typeDroitPrestation/FHIR/JDV_JXX-typeDroitPrestation' at https://interop.esante.gouv.fr/ig/fhir/sdo/StructureDefinition/sdo-task#Task.input:typeDroitPrestation.value[x] not found
Value set 'https://mos.esante.gouv.fr/NOS/JDV_J264-ModeEtCentreDePriseEnCharge-MDPH/FHIR/JDV_J264-ModeEtCentreDePriseEnCharge-MDPH' at https://interop.esante.gouv.fr/ig/fhir/sdo/StructureDefinition/sdo-task#Task.input:modePriseCharge.value[x] not found
Value set 'https://mos.esante.gouv.fr/NOS/JDV_JXX-typeDroitPrestation/FHIR/JDV_JXX-typeDroitPrestation' at https://interop.esante.gouv.fr/ig/fhir/sdo/StructureDefinition/sdo-task#Task.input:typeDroitPrestation.value[x] not found
Value set 'https://mos.esante.gouv.fr/NOS/JDV_J264-ModeEtCentreDePriseEnCharge-MDPH/FHIR/JDV_J264-ModeEtCentreDePriseEnCharge-MDPH' at https://interop.esante.gouv.fr/ig/fhir/sdo/StructureDefinition/sdo-task#Task.input:modePriseCharge.value[x] not found
Value set 'https://mos.esante.gouv.fr/NOS/JDV_JXX-typeDroitPrestation/FHIR/JDV_JXX-typeDroitPrestation' at https://interop.esante.gouv.fr/ig/fhir/sdo/StructureDefinition/sdo-task#Task.input:typeDroitPrestation.value[x] not found
Generate Summaries                                                                                   (00:09.027 / 00:42.262, 2Gb)
Generating Summary Outputs                                                                           (00:00.000 / 00:42.263, 2Gb)
DB Cumulative Time invested: 00:00:00.122
Sending Usage Stats to Server                                                                        (00:02.656 / 00:44.919, 2Gb)
## Memory (MB): Use = 2771, Free = 1224, Total = 3996, Max = 3996                                    (00:00.001 / 00:44.921, 2Gb)
Reclaiming memory...                                                                                 (00:00.000 / 00:44.922, 2Gb)
## Memory (MB): Use = 2674, Free = 1321, Total = 3996, Max = 3996                                    (00:01.351 / 00:46.273, 2Gb)
Run jekyll: jekyll build --destination "/tmp/ans.fhir.fr.sdo#4.0.2-milestone/output" (in folder /tmp/ans.fhir.fr.sdo#4.0.2-milestone/temp/pages) (00:00.001 / 00:46.274, 2Gb)
Troubleshooting Note: usual cases for Jekyll to fail are:                                            (00:00.000 / 00:46.275, 2Gb)
* A failure to produce a fragment that is already logged in the output above                         (00:00.000 / 00:46.276, 2Gb)
* A reference to a manually edited file that hasn't been provided                                    (00:00.000 / 00:46.276, 2Gb)
Jekyll: Source: /tmp/ans.fhir.fr.sdo#4.0.2-milestone/temp/pages                                      (00:00.323 / 00:46.600, 2Gb)
Jekyll: Generating...                                                                                (00:00.000 / 00:46.601, 2Gb)
Jekyll: done in 1.732 seconds.                                                                       (00:01.730 / 00:48.332, 2Gb)

Installing ans.fhir.fr.sdo#4.0.2Checking Output HTML                                                                                 (00:00.916 / 00:49.249, 2Gb)
found 798 files                                                                                      (00:00.004 / 00:49.254, 2Gb)
.........................................
.........................................
  ... 798 html files, 0 pages invalid xhtml (0%)                                                     (00:05.794 / 00:55.048, 2Gb)
  ... 121517 links, 27 broken links (0%)                                                             (00:00.000 / 00:55.049, 2Gb)
Generate fragment-usage-analysis.csv                                                                 (00:00.000 / 00:55.050, 2Gb)
Build final .zip                                                                                     (00:00.006 / 00:55.056, 2Gb)
Final .zip built                                                                                     (00:01.540 / 00:56.597, 2Gb)
Built. Times: loading: 00:00.384, generate: 00:42.186, narrative generation: 00:00.531, realm-rules: 00:00.000, previous-version: 00:03.776, jekyll: 00:02.074, validation: 00:07.093 (#19), template: 00:01.719 (#3) (00:01.697 / 00:58.294, 3Gb)
Generating QA                                                                                        (00:00.001 / 00:58.296, 3Gb)
Internal error in location for message: 'Error @1, 1: Found / expecting a token name', loc = '/tmp/ans.fhir.fr.sdo#4.0.2-milestone/output/StructureDefinition-esms-bundle-resultat-recherche-decis', err = 'The html source has duplicate anchor Ids: Bundle.implicitRules,Bundle.entry.search.id,Bundle.entry.r'
Internal error in location for message: 'Error @1, 1: Found / expecting a token name', loc = '/tmp/ans.fhir.fr.sdo#4.0.2-milestone/output/StructureDefinition-esms-consent.html', err = 'The html source has duplicate anchor Ids: Consent.verification.verificationDate,Consent.policy.autho'
Internal error in location for message: 'Error @1, 1: Found / expecting a token name', loc = '/tmp/ans.fhir.fr.sdo#4.0.2-milestone/output/StructureDefinition-esms-document-reference.html', err = 'The html source has duplicate anchor Ids: DocumentReference.type.id,DocumentReference.content.attach'
Internal error in location for message: 'Error @1, 1: Found / expecting a token name', loc = '/tmp/ans.fhir.fr.sdo#4.0.2-milestone/output/StructureDefinition-sdo-bundle-resultat-recherche-notifi', err = 'The html source has duplicate anchor Ids: Bundle.implicitRules,Bundle.entry.search.id,Bundle.entry.r'
Internal error in location for message: 'Error @1, 1: Found / expecting a token name', loc = '/tmp/ans.fhir.fr.sdo#4.0.2-milestone/output/StructureDefinition-sdo-document-reference.html', err = 'The html source has duplicate anchor Ids: DocumentReference.content.attachment.size,DocumentReferenc'
Internal error in location for message: 'Error @1, 1: Found / expecting a token name', loc = '/tmp/ans.fhir.fr.sdo#4.0.2-milestone/output/StructureDefinition-sdo-task.html', err = 'The html source has duplicate anchor Ids: Task.meta.profile,Task,Task.meta.security,Task.basedOn,Tas'
Validation output in /tmp/ans.fhir.fr.sdo#4.0.2-milestone/output/qa.html
Errors: 0, Warnings: 28, Info: 18, Broken Links: 27 (00:00.801 / 00:59.097, 3Gb)
Finished. Max Memory Used = 3Gb. Log file saved in /tmp/fhir-ig-publisher-tmp.log                    (00:00.005 / 00:59.103, 3Gb)
Keep a copy of the build directory at /tmp/web-root/run-20240703/ig-build-zips/ans.fhir.fr.sdo#4.0.2.zip

ok. All checks passed. Publish v4.0.2 to /tmp/web-root/run-20240703/sdo/4.0.2
Copy the IG to /tmp/web-root/run-20240703/sdo/4.0.2
Update /tmp/web-root/run-20240703/sdo/package-list.json
Publish Box Statement: This page is part of the Mdicosocial - Suivi Dcisions Orientation (v4.0.2: Release) based on <a no-external="true" href="http://hl7.org/fhir/R4">FHIR (HL7 FHIR Standard) R4</a>. This is the current published version in its permanent home (it will always be available at this URL).  For a full list of available versions, see the <a no-external="true" href="https://interop.esante.gouv.fr/ig/fhir/sdo/history.html">Directory of published versions</a>
no html insert in /tmp/web-root/run-20240703/sdo/4.0.2/qa-txservers.html
  .. 141 files checked, 141 updated
  .. 63 clones checked, 122 updated
  .. 19 redirections (19 created/updated)
This is a milestone release - publish v4.0.2 to /tmp/web-root/run-20240703/sdo
Publish Box Statement: This page is part of the Mdicosocial - Suivi Dcisions Orientation (v4.0.2: Release) based on <a no-external="true" href="http://hl7.org/fhir/R4">FHIR (HL7 FHIR Standard) R4</a>. This is the current published version.  For a full list of available versions, see the <a no-external="true" href="https://interop.esante.gouv.fr/ig/fhir/sdo/history.html">Directory of published versions</a>
no html insert in /tmp/ans.fhir.fr.sdo#4.0.2-milestone/output/qa-txservers.html
  .. 141 files checked, 141 updated
  .. 63 clones checked, 122 updated
  .. 19 redirections (19 created/updated)
Check for Files to delete
  ... 0 files
Copy to new IG to /tmp/web-root/run-20240703/sdo
Update history page at /tmp/web-root/run-20240703/sdo from /home/runner/work/IG-fhir-medicosocial-suivi-decisions-orientation/IG-fhir-medicosocial-suivi-decisions-orientation/./IG-website-release/fhir-ig-history-template and ./IG-website-release/templates
Build is complete. Copy from /tmp/web-root/run-20240703
ans.fhir.fr.sdo (https://interop.esante.gouv.fr/ig/fhir/sdo): Mdicosocial - Suivi Dcisions Orientation @ https://ansforge.github.io/IG-fhir-medicosocial-suivi-decisions-orientation/ig/main
  release: trial-use 4.0.2/4.0.1 @ https://interop.esante.gouv.fr/ig/fhir/sdo/4.0.2
