FHIR IG Publisher Version 1.8.22 (Git# 3d9b32f2efa8). Built 2025-03-19T04:54:10.544Z (135 days old)
Detected Java version: 17.0.10 from /opt/hostedtoolcache/Java_Microsoft_jdk/17.0.10/x64 on amd64 (64bit). 4000MB available
dir = /home/runner/work/IG-fhir-medicosocial-transfert-donnees-dui/IG-fhir-medicosocial-transfert-donnees-dui, path = /opt/hostedtoolcache/Ruby/3.3.9/x64/bin:/opt/hostedtoolcache/node/20.19.4/x64/bin:/opt/hostedtoolcache/Java_Microsoft_jdk/17.0.10/x64/bin:/snap/bin:/home/runner/.local/bin:/opt/pipx_bin:/home/runner/.cargo/bin:/home/runner/.config/composer/vendor/bin:/usr/local/.ghcup/bin:/home/runner/.dotnet/tools:/usr/local/sbin:/usr/local/bin:/usr/sbin:/usr/bin:/sbin:/bin:/usr/games:/usr/local/games:/snap/bin
Parameters: -go-publish -authorise-non-conformant-tx-servers -source ./igSource -web ./IG-website-release/www/ig/fhir -registry ./IG-website-release/ig-registry/fhir-ig-list.json -history ./IG-website-release/fhir-ig-history-template -templates ./IG-website-release/templates
---------------
Publication Run: publish ./igSource to ./IG-website-release/www/ig/fhir
Relative directory for IG is '/tddui'
===== Web Publication Run Details ===============================
 Source IG: ans.fhir.fr.tddui#2.0.0-ballot : https://interop.esante.gouv.fr/ig/fhir/tddui (R4) from ./igSource
All checks passed. Do the publication build from /home/runner/work/IG-fhir-medicosocial-transfert-donnees-dui/IG-fhir-medicosocial-transfert-donnees-dui/./igSource and publish to /tmp/web-root/run-20250801/tddui
Prepare Build space in /tmp/ig-builds/ans.fhir.fr.tddui#2.0.0-ballot
Build IG at /home/runner/work/IG-fhir-medicosocial-transfert-donnees-dui/IG-fhir-medicosocial-transfert-donnees-dui/./igSource: final copy suitable for publication (in /tmp/ig-builds/ans.fhir.fr.tddui#2.0.0-ballot)
FHIR IG Publisher Version 1.8.22 (Git# 3d9b32f2efa8). Built 2025-03-19T04:54:10.544Z (135 days old) 
Detected Java version: 17.0.10 from /opt/hostedtoolcache/Java_Microsoft_jdk/17.0.10/x64 on Linux/amd64 (64bit). 4000MB available
dir = /home/runner/work/IG-fhir-medicosocial-transfert-donnees-dui/IG-fhir-medicosocial-transfert-donnees-dui, path = /opt/hostedtoolcache/Ruby/3.3.9/x64/bin:/opt/hostedtoolcache/node/20.19.4/x64/bin:/opt/hostedtoolcache/Java_Microsoft_jdk/17.0.10/x64/bin:/snap/bin:/home/runner/.local/bin:/opt/pipx_bin:/home/runner/.cargo/bin:/home/runner/.config/composer/vendor/bin:/usr/local/.ghcup/bin:/home/runner/.dotnet/tools:/usr/local/sbin:/usr/local/bin:/usr/sbin:/usr/bin:/sbin:/bin:/usr/games:/usr/local/games:/snap/bin
Parameters: -ig /tmp/ig-builds/ans.fhir.fr.tddui#2.0.0-ballot -resetTx -publish https://interop.esante.gouv.fr/ig/fhir/tddui/2.0.0-ballot -no-exit
Character encoding = UTF-8 / UTF-8                                                                  
Start Clock @ Friday, August 1, 2025 at 7:00:18 AM Coordinated Universal Time (2025-08-01T07:00:18Z)
                                                                                                    
Build FHIR IG from /tmp/ig-builds/ans.fhir.fr.tddui#2.0.0-ballot                                     (00:00.025 / 00:00.026, 39Mb)
Build Formal Publication package, intended for https://interop.esante.gouv.fr/ig/fhir/tddui/2.0.0-ballot (00:00.002 / 00:00.028, 39Mb)
API keys loaded from /home/runner/.fhir/fhir-settings.json                                           (00:00.000 / 00:00.029, 39Mb)
Package Cache: /home/runner/.fhir/packages                                                           (00:00.004 / 00:00.034, 39Mb)
Run Sushi on /tmp/ig-builds/ans.fhir.fr.tddui#2.0.0-ballot                                           (00:00.002 / 00:00.036, 40Mb)
Sushi: info  Running SUSHI v3.16.3 (implements FHIR Shorthand specification v3.0.0)                  (00:00.804 / 00:00.841, 41Mb)
Sushi: info  Arguments:                                                                              (00:00.001 / 00:00.842, 41Mb)
Sushi: info    --require-latest                                                                      (00:00.000 / 00:00.843, 41Mb)
Sushi: info    --out /tmp/ig-builds/ans.fhir.fr.tddui#2.0.0-ballot                                   (00:00.000 / 00:00.844, 41Mb)
Sushi: info    /tmp/ig-builds/ans.fhir.fr.tddui#2.0.0-ballot                                         (00:00.000 / 00:00.845, 41Mb)
Sushi: info  Using configuration file: /tmp/ig-builds/ans.fhir.fr.tddui#2.0.0-ballot/sushi-config.yaml (00:00.530 / 00:01.375, 41Mb)
Sushi: info  Importing FSH text...                                                                   (00:00.106 / 00:01.482, 41Mb)
Sushi: info  Preprocessed 22 documents with 89 aliases.                                              (00:00.155 / 00:01.638, 41Mb)
Sushi: info  Imported 13 definitions and 7 instances.                                                (00:00.012 / 00:01.650, 41Mb)
Sushi: info  Loaded virtual package sushi-r5forR4#1.0.0 with 7 resources                             (00:00.102 / 00:01.753, 41Mb)
Sushi: info  Resolved hl7.fhir.uv.tools.r4#latest to concrete version 0.7.1                          (00:00.533 / 00:02.286, 41Mb)
Sushi: info  Loaded hl7.fhir.uv.tools.r4#0.7.1 with 105 resources                                    (00:00.068 / 00:02.354, 41Mb)
Sushi: info  Resolved hl7.terminology.r4#latest to concrete version 6.5.0                            (00:00.110 / 00:02.465, 41Mb)
Sushi: info  Loaded hl7.terminology.r4#6.5.0 with 4392 resources                                     (00:02.234 / 00:04.699, 41Mb)
Sushi: info  Loaded hl7.fhir.fr.core#2.1.0 with 120 resources                                        (00:00.084 / 00:04.783, 41Mb)
Sushi: info  Resolved ans.fr.terminologies#latest to concrete version 1.2.0                          (00:00.109 / 00:04.892, 41Mb)
Sushi: info  Loaded ans.fr.terminologies#1.2.0 with 1047 resources                                   (00:00.664 / 00:05.557, 41Mb)
Sushi: info  Loading supplemental version of FHIR to support extensions from hl7.fhir.extensions.r5  (00:00.001 / 00:05.558, 41Mb)
Sushi: info  Loaded hl7.fhir.r5.core#5.0.0 with 2968 resources                                       (00:01.666 / 00:07.225, 41Mb)
Sushi: info  Loaded hl7.fhir.uv.extensions#5.2.0 with 759 resources                                  (00:00.459 / 00:07.684, 41Mb)
Sushi: info  Loaded hl7.fhir.r4.core#4.0.1 with 4581 resources                                       (00:02.196 / 00:09.880, 41Mb)
Sushi: info  Loaded virtual package sushi-local#LOCAL with 0 resources                               (00:00.003 / 00:09.884, 41Mb)
Sushi: info  Converting FSH to FHIR resources...                                                     (00:00.018 / 00:09.902, 41Mb)
Sushi: warn  The name "tddui-humanname" may not be suitable for machine processing applications such as code generation. Valid names start with an upper-case ASCII letter ('A'..'Z') followed by any combination of upper- or lower-case ASCII letters ('A'..'Z', and 'a'..'z'), numerals ('0'..'9') and '_', with a length limit of 255 characters. (00:00.022 / 00:09.924, 41Mb)
Sushi:   File: /tmp/ig-builds/ans.fhir.fr.tddui#2.0.0-ballot/input/fsh/DataType/tddui-human-name.fsh (00:00.001 / 00:09.926, 41Mb)
Sushi:   Line: 1 - 6                                                                                 (00:00.000 / 00:09.926, 41Mb)
Sushi: info  Converted 11 FHIR StructureDefinitions.                                                 (00:00.663 / 00:10.590, 41Mb)
Sushi: info  Converted 2 FHIR CodeSystems.                                                           (00:00.041 / 00:10.631, 41Mb)
Sushi: info  Converted 7 FHIR instances.                                                             (00:00.878 / 00:11.510, 41Mb)
Sushi: info  Exporting FHIR resources as JSON...                                                     (00:00.011 / 00:11.521, 41Mb)
Sushi: info  Exported 20 FHIR resources as JSON.                                                     (00:00.074 / 00:11.595, 41Mb)
Sushi: info  Assembling Implementation Guide sources...                                              (00:00.001 / 00:11.597, 41Mb)
Sushi: info  Generated ImplementationGuide-ans.fhir.fr.tddui.json                                    (00:00.034 / 00:11.632, 41Mb)
Sushi: info  Assembled Implementation Guide sources; ready for IG Publisher.                         (00:00.001 / 00:11.633, 41Mb)
Sushi: ========================= SUSHI RESULTS ===========================                           (00:00.001 / 00:11.634, 41Mb)
Sushi: |  -------------------------------------------------------------  |                           (00:00.000 / 00:11.634, 41Mb)
Sushi: | |    Profiles   |  Extensions  |   Logicals   |   Resources   | |                           (00:00.000 / 00:11.635, 41Mb)
Sushi: | |-------------------------------------------------------------| |                           (00:00.000 / 00:11.636, 41Mb)
Sushi: | |       6       |      5       |      0       |       0       | |                           (00:00.000 / 00:11.637, 41Mb)
Sushi: |  -------------------------------------------------------------  |                           (00:00.000 / 00:11.637, 41Mb)
Sushi: |  -------------------------------------------------------------  |                           (00:00.000 / 00:11.638, 41Mb)
Sushi: | |      ValueSets     |    CodeSystems    |     Instances      | |                           (00:00.000 / 00:11.638, 41Mb)
Sushi: | |-------------------------------------------------------------| |                           (00:00.000 / 00:11.639, 41Mb)
Sushi: | |         0          |         2         |         7          | |                           (00:00.000 / 00:11.639, 41Mb)
Sushi: |  -------------------------------------------------------------  |                           (00:00.000 / 00:11.640, 41Mb)
Sushi: |                                                                 |                           (00:00.000 / 00:11.640, 41Mb)
Sushi: ===================================================================                           (00:00.000 / 00:11.641, 41Mb)
Sushi: | You should gut it out.                 0 Errors       1 Warning |                           (00:00.000 / 00:11.641, 41Mb)
Sushi: ===================================================================                           (00:00.000 / 00:11.642, 41Mb)
Unable to load IG as an r5 IG - try R4 (property code is a class com.google.gson.JsonPrimitive looking for an object) (00:00.459 / 00:12.101, 58Mb)
Load Template from https://github.com/ansforge/IG-template                                           (00:00.505 / 00:12.607, 26Mb)
 Load Template from fhir.base.template#current                                                       (00:00.894 / 00:13.501, 49Mb)
Root directory: /tmp/ig-builds/ans.fhir.fr.tddui#2.0.0-ballot                                        (00:02.962 / 00:16.464, 109Mb)
Terminology Cache is at /tmp/ig-builds/ans.fhir.fr.tddui#2.0.0-ballot/input-cache/txcache. Clearing now (00:00.445 / 00:16.910, 129Mb)
Core Package hl7.fhir.r4.core#4.0.1
Running Terminology Log: /tmp/ohfu-fhir-ig-1503968866106256350.log
Connect to Terminology Server at http://tx.fhir.org                                                  (00:03.268 / 00:20.178, 310Mb)
Load Package hl7.fhir.pubpack#0.2.1
Load Package hl7.fhir.xver-extensions#0.1.0
Load Package hl7.terminology.r4#6.5.0
Load Package hl7.terminology.r4#6.0.2
Load Package hl7.fhir.uv.extensions.r4#5.1.0
Load Package ans.fr.nos#1.3.0
Load Package hl7.fhir.fr.core#2.1.0
Load Package hl7.fhir.uv.extensions.r4#5.2.0
Load Package hl7.terminology.r4#5.0.0
Load Package fhir.dicom#2022.4.20221006
Load Package hl7.fhir.uv.ips#1.1.0
Load Package ans.fr.terminologies#1.2.0
Version mismatch. This IG is version 4.0.1, while the IG 'hl7.fhir.uv.extensions' is from version 5.0.0 (will try to run anyway) (00:07.560 / 00:27.738, 613Mb)
Ignore Dependency on Core FHIR hl7.fhir.r5.core#5.0.0, from package 'hl7.terminology.r5#6.2.0'       (00:00.117 / 00:27.855, 681Mb)
Load Package hl7.terminology.r5#6.2.0
Load Package hl7.fhir.uv.extensions#5.2.0
Load Package hl7.fhir.uv.tools.r4#0.4.1
Load R5 Specials
Initialization complete                                                                              (00:03.137 / 00:30.992, 860Mb)
Load Content                                                                                         (00:00.000 / 00:30.993, 860Mb)
Using fr_FR as the default narrative language. (inferred from ImplementationGuide.jurisdiction=FR)   (00:00.078 / 00:31.071, 866Mb)
Process Loaded Resources                                                                             (00:01.255 / 00:32.327, 896Mb)
Generating Snapshots                                                                                 (00:00.129 / 00:32.457, 923Mb)
Unable to generate snapshot @3 for https://interop.esante.gouv.fr/ig/fhir/tddui/StructureDefinition/tddui-patient: Profile TDDUIPatient (https://interop.esante.gouv.fr/ig/fhir/tddui/StructureDefinition/tddui-patient), element StructureDefinition-tddui-patient.html. Error generating snapshot: Error sorting Differential: The element Patient.extension:birthPlace.value[x].extension:inseeCode @diff[2] is out of order (and maybe others after it)
Unable to generate snapshot @3 for https://interop.esante.gouv.fr/ig/fhir/tddui/StructureDefinition/tddui-patient-ins: Profile TDDUIPatientINS (https://interop.esante.gouv.fr/ig/fhir/tddui/StructureDefinition/tddui-patient-ins), element StructureDefinition-tddui-patient-ins.html. Error generating snapshot: Error sorting Differential: The element Patient.extension:birthPlace.value[x].extension:inseeCode @diff[3] is out of order (and maybe others after it)
loadPrePages from FetchedFile[/tmp/ig-builds/ans.fhir.fr.tddui#2.0.0-ballot/fsh-generated/includes] as /tmp/ig-builds/ans.fhir.fr.tddui#2.0.0-ballot/fsh-generated/includes
loadPrePages from FetchedFile[/tmp/ig-builds/ans.fhir.fr.tddui#2.0.0-ballot/input/data] as /tmp/ig-builds/ans.fhir.fr.tddui#2.0.0-ballot/input/data
loadPrePages from FetchedFile[/tmp/ig-builds/ans.fhir.fr.tddui#2.0.0-ballot/input/pagecontent] as /tmp/ig-builds/ans.fhir.fr.tddui#2.0.0-ballot/input/pagecontent
Fetch https://interop.esante.gouv.fr/ig/fhir/tddui/package-list.json for version check               (00:01.340 / 00:33.798, 969Mb)
Processing Conformance Resources                                                                     (00:00.470 / 00:34.268, 972Mb)
Checking Language                                                                                    (00:00.000 / 00:34.268, 972Mb)
Load Dependency Info                                                                                 (00:00.000 / 00:34.269, 972Mb)
Load Info                                                                                            (00:00.001 / 00:34.270, 972Mb)
Load Paths                                                                                           (00:00.001 / 00:34.272, 973Mb)
Check R4 / R4B                                                                                       (00:00.000 / 00:34.272, 973Mb)
Assign Comparison Ids                                                                                (00:00.008 / 00:34.281, 974Mb)
Propagating status                                                                                   (00:00.000 / 00:34.281, 974Mb)
Generating Narratives                                                                                (00:00.000 / 00:34.282, 974Mb)
Validating Conformance Resources                                                                     (00:02.632 / 00:36.915, 979Mb)
Check profiles & code systems                                                                        (00:39.027 / 01:15.942, 1Gb)
Check realm rules                                                                                    (00:00.003 / 01:15.946, 1Gb)
Previous Version Comparison                                                                          (00:00.001 / 01:15.947, 1Gb)
Validating Resources                                                                                 (00:06.001 / 01:21.948, 1Gb)
Processing Provenance Records                                                                        (00:05.018 / 01:26.967, 1Gb)
Generating Outputs in /tmp/ig-builds/ans.fhir.fr.tddui#2.0.0-ballot/output                           (00:00.000 / 01:26.968, 1Gb)
Generate Native Outputs                                                                              (00:00.134 / 01:27.102, 1Gb)
Run Template                                                                                         (00:03.553 / 01:30.655, 1Gb)
Generate HTML Outputs                                                                                (00:02.705 / 01:33.361, 1Gb)
Generate Spreadsheets                                                                                (00:12.659 / 01:46.020, 1Gb)
Generate Summaries                                                                                   (00:03.874 / 01:49.895, 1Gb)
Generating Summary Outputs                                                                           (00:00.000 / 01:49.895, 1Gb)
DB Cumulative Time invested: 00:00:00.113
Sending Usage Stats to Server                                                                        (00:10.084 / 01:59.980, 1Gb)
## Memory (MB): Use = 1701, Free = 464, Total = 2166, Max = 4000                                     (00:00.004 / 01:59.984, 1Gb)
Reclaiming memory...                                                                                 (00:00.000 / 01:59.985, 1Gb)
## Memory (MB): Use = 1487, Free = 1000, Total = 2488, Max = 4000                                    (00:00.716 / 02:00.701, 1Gb)
Run jekyll: jekyll build --destination "/tmp/ig-builds/ans.fhir.fr.tddui#2.0.0-ballot/output" (in folder /tmp/ig-builds/ans.fhir.fr.tddui#2.0.0-ballot/temp/pages) (00:00.001 / 02:00.703, 1Gb)
Troubleshooting Note: usual cases for Jekyll to fail are:                                            (00:00.001 / 02:00.704, 1Gb)
* A failure to produce a fragment that is already logged in the output above                         (00:00.000 / 02:00.705, 1Gb)
* A reference to a manually edited file that hasn't been provided                                    (00:00.003 / 02:00.709, 1Gb)
Jekyll: Source: /tmp/ig-builds/ans.fhir.fr.tddui#2.0.0-ballot/temp/pages                             (00:00.450 / 02:01.159, 1Gb)
Jekyll: Generating...                                                                                (00:00.000 / 02:01.160, 1Gb)
Jekyll: done in 1.646 seconds.                                                                       (00:01.645 / 02:02.805, 1Gb)

Installing ans.fhir.fr.tddui#2.0.0-ballot
 done.
Checking Output HTML                                                                                 (00:01.809 / 02:04.615, 1Gb)
found 889 files                                                                                      (00:00.005 / 02:04.621, 1Gb)
........................................
........................................
  ... 889 html files, 0 pages invalid xhtml (0%)                                                     (00:07.214 / 02:11.835, 2Gb)
  ... 164612 links, 0 broken links (0%)                                                              (00:00.000 / 02:11.836, 2Gb)
Generate fragment-usage-analysis.csv                                                                 (00:00.000 / 02:11.836, 2Gb)
Build final .zip                                                                                     (00:00.006 / 02:11.843, 2Gb)
Final .zip built                                                                                     (00:01.557 / 02:13.400, 2Gb)
Built. Times: loading: 00:03.273, generate: 01:42.716, narrative generation: 00:02.632, realm-rules: 00:00.001, previous-version: 00:05.957, jekyll: 00:02.118, validation: 00:44.016 (#21), template: 00:02.713 (#3) (00:03.604 / 02:17.005, 1Gb)
Generating QA                                                                                        (00:00.000 / 02:17.006, 1Gb)
Validation output in /tmp/ig-builds/ans.fhir.fr.tddui#2.0.0-ballot/output/qa.html
Errors: 7, Warnings: 20, Info: 17, Broken Links: 0 (00:00.962 / 02:17.968, 1Gb)
Finished. Max Memory Used = 2Gb. Log file saved in /tmp/fhir-ig-publisher-tmp.log                    (00:00.006 / 02:17.975, 1Gb)
Keep a copy of the build directory at /tmp/web-root/run-20250801/ig-build-zips/ans.fhir.fr.tddui#2.0.0-ballot.zip

ok. All checks passed. Publish v2.0.0-ballot to /tmp/web-root/run-20250801/tddui/2.0.0-ballot
Copy the IG to /tmp/web-root/run-20250801/tddui/2.0.0-ballot
Update /tmp/web-root/run-20250801/tddui/package-list.json
Publish Box Statement: This page is part of the Médicosocial - Transfert de données DUI (v2.0.0-ballot: Release) based on <a no-external="true" href="http://hl7.org/fhir/R4">FHIR (HL7® FHIR® Standard) R4</a>. This version is a pre-release. The current official version is <a no-external="true" href="https://interop.esante.gouv.fr/ig/fhir/tddui{{fn}}">1.1.0</a>.  For a full list of available versions, see the <a no-external="true" href="https://interop.esante.gouv.fr/ig/fhir/tddui/history.html">Directory of published versions</a>
  .. 163 files checked, 163 updated
  .. 52 clones checked, 104 updated
  .. 21 redirections (21 created/updated)
ans.fhir.fr.tddui (https://interop.esante.gouv.fr/ig/fhir/tddui): Médicosocial - Transfert de données DUI @ https://ansforge.github.io/IG-fhir-medicosocial-transfert-donnees-dui/ig/main
  release: public-comment 2.0.0-ballot/4.0.1 @ https://interop.esante.gouv.fr/ig/fhir/tddui/2.0.0-ballot
Build is complete. Copy from /tmp/web-root/run-20250801
Update history page at /tmp/web-root/run-20250801/tddui from /home/runner/work/IG-fhir-medicosocial-transfert-donnees-dui/IG-fhir-medicosocial-transfert-donnees-dui/./IG-website-release/fhir-ig-history-template and ./IG-website-release/templates
