FHIR IG Publisher Version 2.1.2 (Git# 1fdde7f9e667). Built 2026-03-01T18:54:08.225Z (11 days old)
Detected Java version: 17.0.10 from /opt/hostedtoolcache/Java_Microsoft_jdk/17.0.10/x64 on amd64 (64bit). 4000MB available
dir = /home/runner/work/interop-ig-fhir-tracabilite-evenements/interop-ig-fhir-tracabilite-evenements, path = /opt/hostedtoolcache/Ruby/3.3.10/x64/bin:/opt/hostedtoolcache/node/20.20.0/x64/bin:/opt/hostedtoolcache/Java_Microsoft_jdk/17.0.10/x64/bin:/snap/bin:/home/runner/.local/bin:/opt/pipx_bin:/home/runner/.cargo/bin:/home/runner/.config/composer/vendor/bin:/usr/local/.ghcup/bin:/home/runner/.dotnet/tools:/usr/local/sbin:/usr/local/bin:/usr/sbin:/usr/bin:/sbin:/bin:/usr/games:/usr/local/games:/snap/bin
Parameters: -go-publish -authorise-non-conformant-tx-servers -source ./igSource -web ./IG-website-release/www/ig/fhir -registry ./IG-website-release/ig-registry/fhir-ig-list.json -history ./IG-website-release/fhir-ig-history-template -templates ./IG-website-release/templates
---------------
Publication Run: publish ./igSource to ./IG-website-release/www/ig/fhir
Relative directory for IG is '/tde'
===== Web Publication Run Details ===============================
 Source IG: ans.fhir.fr.tde#2.0.0 : https://interop.esante.gouv.fr/ig/fhir/tde (R4) from ./igSource
All checks passed. Do the publication build from /home/runner/work/interop-ig-fhir-tracabilite-evenements/interop-ig-fhir-tracabilite-evenements/./igSource and publish to /tmp/web-root/run-20260313/tde
Prepare Build space in /tmp/ig-builds/ans.fhir.fr.tde#2.0.0
Build IG at /home/runner/work/interop-ig-fhir-tracabilite-evenements/interop-ig-fhir-tracabilite-evenements/./igSource: final copy suitable for publication (in /tmp/ig-builds/ans.fhir.fr.tde#2.0.0)
FHIR IG Publisher Version 2.1.2 (Git# 1fdde7f9e667). Built 2026-03-01T18:54:08.225Z (11 days old)   
Detected Java version: 17.0.10 from /opt/hostedtoolcache/Java_Microsoft_jdk/17.0.10/x64 on Linux/amd64 (64bit). 4000MB available
dir = /home/runner/work/interop-ig-fhir-tracabilite-evenements/interop-ig-fhir-tracabilite-evenements, path = /opt/hostedtoolcache/Ruby/3.3.10/x64/bin:/opt/hostedtoolcache/node/20.20.0/x64/bin:/opt/hostedtoolcache/Java_Microsoft_jdk/17.0.10/x64/bin:/snap/bin:/home/runner/.local/bin:/opt/pipx_bin:/home/runner/.cargo/bin:/home/runner/.config/composer/vendor/bin:/usr/local/.ghcup/bin:/home/runner/.dotnet/tools:/usr/local/sbin:/usr/local/bin:/usr/sbin:/usr/bin:/sbin:/bin:/usr/games:/usr/local/games:/snap/bin
Parameters: -publish https://interop.esante.gouv.fr/ig/fhir/tde/2.0.0 -no-exit -ig /tmp/ig-builds/ans.fhir.fr.tde#2.0.0 -resetTx
Character encoding = UTF-8 / UTF-8                                                                  
Start Clock @ Friday, March 13, 2026 at 4:16:37 PM Coordinated Universal Time (2026-03-13T16:16:37Z)
                                                                                                    
Build FHIR IG from /tmp/ig-builds/ans.fhir.fr.tde#2.0.0                                              (00:00.031 / 00:00.032, 37Mb)
Build Formal Publication package, intended for https://interop.esante.gouv.fr/ig/fhir/tde/2.0.0      (00:00.002 / 00:00.034, 37Mb)
API keys loaded from /home/runner/.fhir/fhir-settings.json                                           (00:00.000 / 00:00.035, 37Mb)
Package Cache: /home/runner/.fhir/packages                                                           (00:00.004 / 00:00.039, 37Mb)
Run Sushi on /tmp/ig-builds/ans.fhir.fr.tde#2.0.0                                                    (00:00.003 / 00:00.042, 37Mb)
Sushi: info  Running SUSHI v3.18.1 (implements FHIR Shorthand specification v3.0.0)                  (00:00.748 / 00:00.791, 39Mb)
Sushi: info  Arguments:                                                                              (00:00.001 / 00:00.792, 39Mb)
Sushi: info    --require-latest                                                                      (00:00.001 / 00:00.793, 39Mb)
Sushi: info    --out /tmp/ig-builds/ans.fhir.fr.tde#2.0.0                                            (00:00.001 / 00:00.794, 39Mb)
Sushi: info    /tmp/ig-builds/ans.fhir.fr.tde#2.0.0                                                  (00:00.000 / 00:00.795, 39Mb)
Sushi: info  Using configuration file: /tmp/ig-builds/ans.fhir.fr.tde#2.0.0/sushi-config.yaml        (00:00.648 / 00:01.444, 39Mb)
Sushi: info  Importing FSH text...                                                                   (00:00.111 / 00:01.556, 39Mb)
Sushi: info  Preprocessed 10 documents with 0 aliases.                                               (00:00.124 / 00:01.680, 39Mb)
Sushi: info  Imported 2 definitions and 9 instances.                                                 (00:00.008 / 00:01.689, 39Mb)
Sushi: info  Loaded virtual package sushi-r5forR4#1.0.0 with 7 resources                             (00:00.110 / 00:01.799, 39Mb)
Sushi: info  Resolved hl7.fhir.uv.tools.r4#latest to concrete version 1.1.0                          (00:00.754 / 00:02.554, 39Mb)
Sushi: info  Loaded hl7.fhir.uv.tools.r4#1.1.0 with 119 resources                                    (00:00.082 / 00:02.636, 39Mb)
Sushi: info  Resolved hl7.terminology.r4#latest to concrete version 7.1.0                            (00:00.157 / 00:02.793, 39Mb)
Sushi: info  Loaded hl7.terminology.r4#7.1.0 with 4103 resources                                     (00:01.991 / 00:04.785, 39Mb)
Sushi: info  Loaded hl7.fhir.fr.core#2.1.0 with 120 resources                                        (00:00.096 / 00:04.881, 39Mb)
Sushi: info  Loaded hl7.fhir.r4.core#4.0.1 with 4581 resources                                       (00:02.047 / 00:06.929, 39Mb)
Sushi: info  Resolved hl7.fhir.uv.extensions.r4#latest to concrete version 5.2.0                     (00:00.159 / 00:07.088, 39Mb)
Sushi: info  Loaded hl7.fhir.uv.extensions.r4#5.2.0 with 759 resources                               (00:00.443 / 00:07.532, 39Mb)
Sushi: info  Loaded virtual package sushi-local#LOCAL with 0 resources                               (00:00.011 / 00:07.543, 39Mb)
Sushi: info  Converting FSH to FHIR resources...                                                     (00:00.020 / 00:07.564, 39Mb)
Sushi: info  Converted 2 FHIR StructureDefinitions.                                                  (00:00.163 / 00:07.728, 39Mb)
Sushi: info  Converted 9 FHIR instances.                                                             (00:00.456 / 00:08.184, 39Mb)
Sushi: info  Exporting FHIR resources as JSON...                                                     (00:00.000 / 00:08.185, 39Mb)
Sushi: info  Exported 11 FHIR resources as JSON.                                                     (00:00.011 / 00:08.196, 39Mb)
Sushi: info  Assembling Implementation Guide sources...                                              (00:00.001 / 00:08.198, 39Mb)
Sushi: info  Generated ImplementationGuide-ans.fhir.fr.tde.json                                      (00:00.029 / 00:08.227, 39Mb)
Sushi: info  Assembled Implementation Guide sources; ready for IG Publisher.                         (00:00.001 / 00:08.228, 39Mb)
Sushi: ========================= SUSHI RESULTS ===========================                           (00:00.000 / 00:08.229, 39Mb)
Sushi: |  -------------------------------------------------------------  |                           (00:00.000 / 00:08.230, 39Mb)
Sushi: | |    Profiles   |  Extensions  |   Logicals   |   Resources   | |                           (00:00.000 / 00:08.231, 39Mb)
Sushi: | |-------------------------------------------------------------| |                           (00:00.000 / 00:08.231, 39Mb)
Sushi: | |       2       |      0       |      0       |       0       | |                           (00:00.000 / 00:08.232, 39Mb)
Sushi: |  -------------------------------------------------------------  |                           (00:00.000 / 00:08.233, 39Mb)
Sushi: |  -------------------------------------------------------------  |                           (00:00.000 / 00:08.233, 39Mb)
Sushi: | |      ValueSets     |    CodeSystems    |     Instances      | |                           (00:00.000 / 00:08.234, 39Mb)
Sushi: | |-------------------------------------------------------------| |                           (00:00.000 / 00:08.235, 39Mb)
Sushi: | |         0          |         0         |         9          | |                           (00:00.000 / 00:08.235, 39Mb)
Sushi: |  -------------------------------------------------------------  |                           (00:00.000 / 00:08.236, 39Mb)
Sushi: |                                                                 |                           (00:00.000 / 00:08.237, 39Mb)
Sushi: ===================================================================                           (00:00.000 / 00:08.238, 39Mb)
Sushi: | Why pun? Just for for the halibut.     0 Errors      0 Warnings |                           (00:00.000 / 00:08.238, 39Mb)
Sushi: ===================================================================                           (00:00.000 / 00:08.239, 39Mb)
Root directory: /tmp/ig-builds/ans.fhir.fr.tde#2.0.0                                                 (00:00.010 / 00:08.250, 39Mb)
Unable to load IG as an r5 IG - try R4 (property code is a class com.google.gson.JsonPrimitive looking for an object) (00:00.475 / 00:08.726, 57Mb)
Load Template from https://github.com/ansforge/IG-template                                           (00:00.502 / 00:09.228, 61Mb)
 Load Template from fhir.base.template#current                                                       (00:01.411 / 00:10.639, 40Mb)
Scanning directory: /tmp/ig-builds/ans.fhir.fr.tde#2.0.0/template
======================================================================
Terminology Cache is at /tmp/ig-builds/ans.fhir.fr.tde#2.0.0/input-cache/txcache. Clearing now       (00:04.285 / 00:14.925, 119Mb)
Core Package hl7.fhir.r4.core#4.0.1                                                                  (00:00.002 / 00:14.927, 119Mb)
Running Terminology Log: /tmp/ohfu-fhir-ig-4594387148820841869.html
Connect to Terminology Server at http://tx.fhir.org                                                  (00:03.540 / 00:18.468, 383Mb)
[39mLoad Package hl7.fhir.pubpack#0.2.4
[0;39m[39mLoad Package hl7.fhir.xver-extensions#0.1.0
[0;39m[39mLoad Package hl7.terminology.r4#7.1.0
[0;39m[39mLoad Package hl7.fhir.uv.extensions.r4#5.2.0
[0;39m[39mLoad Package hl7.terminology.r4#6.0.2
[0;39m[39mLoad Package hl7.fhir.uv.extensions.r4#5.1.0
[0;39m[39mLoad Package ans.fr.nos#1.3.0
[0;39m[39mLoad Package hl7.fhir.fr.core#2.1.0
[0;39m[39mLoad Package hl7.fhir.uv.tools.r4#0.9.0
[0;39mLoad R5 Specials
Cannot find or generate snapshot for base definition http://hl7.org/fhir/StructureDefinition/CanonicalResource from http://hl7.org/fhir/StructureDefinition/TestCases
Initialization complete                                                                              (00:07.972 / 00:26.441, 990Mb)
Load IG                                                                                              (00:00.000 / 00:26.441, 990Mb)
Load Content                                                                                         (00:00.003 / 00:26.445, 991Mb)
Using fr_FR as the default narrative language. (inferred from ImplementationGuide.jurisdiction=FR)   (00:00.044 / 00:26.489, 997Mb)
Process Loaded Resources                                                                             (00:00.376 / 00:26.866, 1006Mb)
Generating Snapshots                                                                                 (00:00.172 / 00:27.038, 1017Mb)

Signing Certificate: RSA key for Subject: OU=IG Publisher, L=Ann Arbor, CN=hl7.org, O=HL7, ST=Missouri, C=us from: OU=IG Publisher, L=Ann Arbor, CN=hl7.org, O=HL7, ST=Missouri, C=us
Fetch https://interop.esante.gouv.fr/ig/fhir/tde/package-list.json for version check                 (00:00.229 / 00:27.268, 1Gb)
Checking Language                                                                                    (00:00.807 / 00:28.076, 1Gb)
Load Dependency Info                                                                                 (00:00.001 / 00:28.078, 1Gb)
Load Info                                                                                            (00:00.001 / 00:28.079, 1Gb)
Load Paths                                                                                           (00:00.001 / 00:28.081, 1Gb)
Check R4 / R4B                                                                                       (00:00.000 / 00:28.081, 1Gb)
Assign Comparison Ids                                                                                (00:00.014 / 00:28.096, 1Gb)
Propagating status                                                                                   (00:00.000 / 00:28.096, 1Gb)
Generating Narratives                                                                                (00:00.000 / 00:28.097, 1Gb)
Validating Conformance Resources                                                                     (00:00.894 / 00:28.992, 664Mb)
Check profiles & code systems                                                                        (00:06.906 / 00:35.898, 485Mb)
Check realm rules                                                                                    (00:00.001 / 00:35.900, 485Mb)
Previous Version Comparison                                                                          (00:00.000 / 00:35.901, 485Mb)
Checking for Bundles to sign                                                                         (00:00.011 / 00:35.912, 486Mb)
Validating Resources                                                                                 (00:00.000 / 00:35.913, 486Mb)
Processing Provenance Records                                                                        (00:00.094 / 00:36.007, 495Mb)
Generating Outputs in /tmp/ig-builds/ans.fhir.fr.tde#2.0.0/output                                    (00:00.001 / 00:36.008, 495Mb)
Generate Native Outputs                                                                              (00:00.306 / 00:36.314, 511Mb)
Run Template                                                                                         (00:00.599 / 00:36.914, 609Mb)
Generate HTML Outputs                                                                                (00:01.890 / 00:38.805, 663Mb)
Generate Spreadsheets                                                                                (00:01.628 / 00:40.434, 1Gb)
Generate Summaries                                                                                   (00:01.712 / 00:42.146, 705Mb)
Generating Summary Outputs                                                                           (00:00.000 / 00:42.147, 705Mb)
DB Cumulative Time invested: 00:00:00.94
Sending Usage Stats to Server                                                                        (00:05.617 / 00:47.764, 930Mb)
## Memory (MB): Use = 930, Free = 701, Total = 1632, Max = 4000                                      (00:00.004 / 00:47.768, 931Mb)
Reclaiming memory...                                                                                 (00:00.000 / 00:47.769, 931Mb)
## Memory (MB): Use = 931, Free = 700, Total = 1632, Max = 4000                                      (00:00.004 / 00:47.788, 931Mb)
Run jekyll: jekyll build --destination "/tmp/ig-builds/ans.fhir.fr.tde#2.0.0/output" (in folder /tmp/ig-builds/ans.fhir.fr.tde#2.0.0/temp/pages) (00:00.015 / 00:47.789, 708Mb)
Troubleshooting Note: usual cases for Jekyll to fail are:                                            (00:00.000 / 00:47.790, 708Mb)
* A failure to produce a fragment that is already logged in the output above                         (00:00.000 / 00:47.791, 708Mb)
* A reference to a manually edited file that hasn't been provided                                    (00:00.000 / 00:47.791, 708Mb)
Jekyll: Source: /tmp/ig-builds/ans.fhir.fr.tde#2.0.0/temp/pages                                      (00:00.610 / 00:48.402, 712Mb)
Jekyll: Generating...                                                                                (00:00.000 / 00:48.402, 712Mb)
Jekyll: done in 0.834 seconds.                                                                       (00:00.833 / 00:49.236, 712Mb)
[39m
[0;39m[39mInstalling ans.fhir.fr.tde#2.0.0
[0;39m[39m done.
[0;39mChecking Output HTML                                                                                 (00:00.939 / 00:50.175, 918Mb)
Processed /tmp/ig-builds/ans.fhir.fr.tde#2.0.0/output - % reduction = 98 (7625634 ==> 171999)
found 755 files                                                                                      (00:00.370 / 00:50.546, 1Gb)
.........................................
.........................................
  ... 755 html files, 0 pages invalid xhtml (0%)                                                     (00:03.014 / 00:53.560, 967Mb)
  ... 33020 links, 2 broken links (0%)                                                               (00:00.000 / 00:53.561, 968Mb)
Generate fragment-usage-analysis.csv                                                                 (00:00.000 / 00:53.561, 968Mb)
Build final .zip                                                                                     (00:00.013 / 00:53.575, 969Mb)
Final .zip built                                                                                     (00:00.817 / 00:54.392, 1Gb)
Built. Times: loading: 00:01.631, generate: 00:28.882, narrative generation: 00:00.894, realm-rules: 00:00.000, previous-version: 00:00.000, jekyll: 00:01.455, validation: 00:06.997 (#12), template: 00:01.830 (#3) (00:02.565 / 00:56.958, 1Gb)
Generating QA                                                                                        (00:00.000 / 00:56.959, 1Gb)
Internal error in location for message: 'Error @1, 2: Found / expecting a token name', loc = '/tmp/ig-builds/ans.fhir.fr.tde#2.0.0/output/normes_standards.html', err = 'Illegal HTML: Illegal HTML element: section'
Internal error in location for message: 'Error @1, 2: Found / expecting a token name', loc = '/tmp/ig-builds/ans.fhir.fr.tde#2.0.0/output/specifications_technique_api.html', err = 'Illegal HTML: illegal html element: query ( représente les autres paramètres, sous la forme param=va'
Validation output in /tmp/ig-builds/ans.fhir.fr.tde#2.0.0/output/qa.html
Errors: 8, Warnings: 17, Info: 5, Broken Links: 2 (00:00.130 / 00:57.090, 1Gb)
Finished @ 13/03/2026 16:17. Max Memory Used = 1Gb. Log file saved in /tmp/fhir-ig-publisher-tmp.log (00:00.011 / 00:57.102, 1Gb)
Prepare Build space in /tmp/ig-builds/ans.fhir.fr.tde#2.0.0-milestone
Build IG at /home/runner/work/interop-ig-fhir-tracabilite-evenements/interop-ig-fhir-tracabilite-evenements/./igSource: final copy suitable for publication (in /tmp/ig-builds/ans.fhir.fr.tde#2.0.0-milestone) (milestone build)
FHIR IG Publisher Version 2.1.2 (Git# 1fdde7f9e667). Built 2026-03-01T18:54:08.225Z (11 days old)   
Detected Java version: 17.0.10 from /opt/hostedtoolcache/Java_Microsoft_jdk/17.0.10/x64 on Linux/amd64 (64bit). 4000MB available
dir = /home/runner/work/interop-ig-fhir-tracabilite-evenements/interop-ig-fhir-tracabilite-evenements, path = /opt/hostedtoolcache/Ruby/3.3.10/x64/bin:/opt/hostedtoolcache/node/20.20.0/x64/bin:/opt/hostedtoolcache/Java_Microsoft_jdk/17.0.10/x64/bin:/snap/bin:/home/runner/.local/bin:/opt/pipx_bin:/home/runner/.cargo/bin:/home/runner/.config/composer/vendor/bin:/usr/local/.ghcup/bin:/home/runner/.dotnet/tools:/usr/local/sbin:/usr/local/bin:/usr/sbin:/usr/bin:/sbin:/bin:/usr/games:/usr/local/games:/snap/bin
Parameters: -publish https://interop.esante.gouv.fr/ig/fhir/tde/2.0.0 -no-exit -ig /tmp/ig-builds/ans.fhir.fr.tde#2.0.0-milestone -milestone
Character encoding = UTF-8 / UTF-8                                                                  
Start Clock @ Friday, March 13, 2026 at 4:17:36 PM Coordinated Universal Time (2026-03-13T16:17:36Z)
                                                                                                    
Build FHIR IG from /tmp/ig-builds/ans.fhir.fr.tde#2.0.0-milestone                                    (00:00.002 / 00:00.002, 1Gb)
Build Formal Publication package, intended for https://interop.esante.gouv.fr/ig/fhir/tde/2.0.0      (00:00.000 / 00:00.002, 1Gb)
API keys loaded from /home/runner/.fhir/fhir-settings.json                                           (00:00.000 / 00:00.003, 1Gb)
Package Cache: /home/runner/.fhir/packages                                                           (00:00.000 / 00:00.003, 1Gb)
Run Sushi on /tmp/ig-builds/ans.fhir.fr.tde#2.0.0-milestone                                          (00:00.000 / 00:00.004, 1Gb)
Sushi: info  Running SUSHI v3.18.1 (implements FHIR Shorthand specification v3.0.0)                  (00:00.437 / 00:00.441, 1Gb)
Sushi: info  Arguments:                                                                              (00:00.000 / 00:00.442, 1Gb)
Sushi: info    --require-latest                                                                      (00:00.000 / 00:00.443, 1Gb)
Sushi: info    --out /tmp/ig-builds/ans.fhir.fr.tde#2.0.0-milestone                                  (00:00.000 / 00:00.443, 1Gb)
Sushi: info    /tmp/ig-builds/ans.fhir.fr.tde#2.0.0-milestone                                        (00:00.000 / 00:00.444, 1Gb)
Sushi: info  Using configuration file: /tmp/ig-builds/ans.fhir.fr.tde#2.0.0-milestone/sushi-config.yaml (00:00.413 / 00:00.858, 1Gb)
Sushi: info  Importing FSH text...                                                                   (00:00.115 / 00:00.973, 1Gb)
Sushi: info  Preprocessed 10 documents with 0 aliases.                                               (00:00.121 / 00:01.095, 1Gb)
Sushi: info  Imported 2 definitions and 9 instances.                                                 (00:00.012 / 00:01.108, 1Gb)
Sushi: info  Loaded virtual package sushi-r5forR4#1.0.0 with 7 resources                             (00:00.132 / 00:01.241, 1Gb)
Sushi: info  Resolved hl7.fhir.uv.tools.r4#latest to concrete version 1.1.0                          (00:00.854 / 00:02.095, 1Gb)
Sushi: info  Loaded hl7.fhir.uv.tools.r4#1.1.0 with 119 resources                                    (00:00.056 / 00:02.152, 1Gb)
Sushi: info  Resolved hl7.terminology.r4#latest to concrete version 7.1.0                            (00:00.165 / 00:02.318, 1Gb)
Sushi: info  Loaded hl7.terminology.r4#7.1.0 with 4103 resources                                     (00:00.942 / 00:03.261, 1Gb)
Sushi: info  Loaded hl7.fhir.fr.core#2.1.0 with 120 resources                                        (00:00.052 / 00:03.313, 1Gb)
Sushi: info  Loaded hl7.fhir.r4.core#4.0.1 with 4581 resources                                       (00:00.873 / 00:04.187, 1Gb)
Sushi: info  Resolved hl7.fhir.uv.extensions.r4#latest to concrete version 5.2.0                     (00:00.162 / 00:04.349, 1Gb)
Sushi: info  Loaded hl7.fhir.uv.extensions.r4#5.2.0 with 759 resources                               (00:00.212 / 00:04.561, 1Gb)
Sushi: info  Loaded virtual package sushi-local#LOCAL with 0 resources                               (00:00.012 / 00:04.573, 1Gb)
Sushi: info  Converting FSH to FHIR resources...                                                     (00:00.019 / 00:04.592, 1Gb)
Sushi: info  Converted 2 FHIR StructureDefinitions.                                                  (00:00.167 / 00:04.759, 1Gb)
Sushi: info  Converted 9 FHIR instances.                                                             (00:00.458 / 00:05.217, 1Gb)
Sushi: info  Exporting FHIR resources as JSON...                                                     (00:00.000 / 00:05.218, 1Gb)
Sushi: info  Exported 11 FHIR resources as JSON.                                                     (00:00.011 / 00:05.229, 1Gb)
Sushi: info  Assembling Implementation Guide sources...                                              (00:00.001 / 00:05.231, 1Gb)
Sushi: info  Generated ImplementationGuide-ans.fhir.fr.tde.json                                      (00:00.027 / 00:05.259, 1Gb)
Sushi: info  Assembled Implementation Guide sources; ready for IG Publisher.                         (00:00.000 / 00:05.259, 1Gb)
Sushi: ========================= SUSHI RESULTS ===========================                           (00:00.000 / 00:05.260, 1Gb)
Sushi: |  -------------------------------------------------------------  |                           (00:00.000 / 00:05.260, 1Gb)
Sushi: | |    Profiles   |  Extensions  |   Logicals   |   Resources   | |                           (00:00.000 / 00:05.261, 1Gb)
Sushi: | |-------------------------------------------------------------| |                           (00:00.000 / 00:05.261, 1Gb)
Sushi: | |       2       |      0       |      0       |       0       | |                           (00:00.000 / 00:05.262, 1Gb)
Sushi: |  -------------------------------------------------------------  |                           (00:00.000 / 00:05.263, 1Gb)
Sushi: |  -------------------------------------------------------------  |                           (00:00.000 / 00:05.263, 1Gb)
Sushi: | |      ValueSets     |    CodeSystems    |     Instances      | |                           (00:00.000 / 00:05.264, 1Gb)
Sushi: | |-------------------------------------------------------------| |                           (00:00.000 / 00:05.264, 1Gb)
Sushi: | |         0          |         0         |         9          | |                           (00:00.000 / 00:05.265, 1Gb)
Sushi: |  -------------------------------------------------------------  |                           (00:00.000 / 00:05.265, 1Gb)
Sushi: |                                                                 |                           (00:00.000 / 00:05.266, 1Gb)
Sushi: ===================================================================                           (00:00.000 / 00:05.266, 1Gb)
Sushi: | Why pun? Just for for the halibut.     0 Errors      0 Warnings |                           (00:00.000 / 00:05.267, 1Gb)
Sushi: ===================================================================                           (00:00.000 / 00:05.267, 1Gb)
Root directory: /tmp/ig-builds/ans.fhir.fr.tde#2.0.0-milestone                                       (00:00.011 / 00:05.279, 1Gb)
Unable to load IG as an r5 IG - try R4 (property code is a class com.google.gson.JsonPrimitive looking for an object) (00:00.001 / 00:05.280, 1Gb)
Load Template from https://github.com/ansforge/IG-template                                           (00:00.023 / 00:05.304, 1Gb)
 Load Template from fhir.base.template#current                                                       (00:00.726 / 00:06.030, 1Gb)
Scanning directory: /tmp/ig-builds/ans.fhir.fr.tde#2.0.0-milestone/template
======================================================================
Terminology Cache is at /tmp/ig-builds/ans.fhir.fr.tde#2.0.0-milestone/input-cache/txcache. 8 files in cache (00:02.698 / 00:08.729, 1Gb)
Core Package hl7.fhir.r4.core#4.0.1                                                                  (00:00.000 / 00:08.729, 1Gb)
Running Terminology Log: /tmp/ohfu-fhir-ig-17426713085376047294.html
Connect to Terminology Server at http://tx.fhir.org                                                  (00:02.598 / 00:11.328, 1Gb)
[39mLoad Package hl7.fhir.pubpack#0.2.4
[0;39m[39mLoad Package hl7.fhir.xver-extensions#0.1.0
[0;39m[39mLoad Package hl7.terminology.r4#7.1.0
[0;39m[39mLoad Package hl7.fhir.uv.extensions.r4#5.2.0
[0;39m[39mLoad Package hl7.terminology.r4#6.0.2
[0;39m[39mLoad Package hl7.fhir.uv.extensions.r4#5.1.0
[0;39m[39mLoad Package ans.fr.nos#1.3.0
[0;39m[39mLoad Package hl7.fhir.fr.core#2.1.0
[0;39m[39mLoad Package hl7.fhir.uv.tools.r4#0.9.0
[0;39mLoad R5 Specials
Cannot find or generate snapshot for base definition http://hl7.org/fhir/StructureDefinition/CanonicalResource from http://hl7.org/fhir/StructureDefinition/TestCases
Initialization complete                                                                              (00:05.422 / 00:16.750, 1Gb)
Load IG                                                                                              (00:00.000 / 00:16.751, 1Gb)
Load Content                                                                                         (00:00.002 / 00:16.754, 1Gb)
Using fr_FR as the default narrative language. (inferred from ImplementationGuide.jurisdiction=FR)   (00:00.023 / 00:16.778, 1Gb)
Process Loaded Resources                                                                             (00:00.182 / 00:16.960, 1Gb)
Generating Snapshots                                                                                 (00:00.030 / 00:16.991, 1Gb)

Signing Certificate: RSA key for Subject: OU=IG Publisher, L=Ann Arbor, CN=hl7.org, O=HL7, ST=Missouri, C=us from: OU=IG Publisher, L=Ann Arbor, CN=hl7.org, O=HL7, ST=Missouri, C=us
Fetch https://interop.esante.gouv.fr/ig/fhir/tde/package-list.json for version check                 (00:00.065 / 00:17.056, 1Gb)
Checking Language                                                                                    (00:00.467 / 00:17.524, 1Gb)
Load Dependency Info                                                                                 (00:00.001 / 00:17.525, 1Gb)
Load Info                                                                                            (00:00.000 / 00:17.526, 1Gb)
Load Paths                                                                                           (00:00.000 / 00:17.527, 1Gb)
Check R4 / R4B                                                                                       (00:00.000 / 00:17.527, 1Gb)
Assign Comparison Ids                                                                                (00:00.003 / 00:17.531, 1Gb)
Propagating status                                                                                   (00:00.000 / 00:17.532, 1Gb)
Generating Narratives                                                                                (00:00.000 / 00:17.532, 1Gb)
Validating Conformance Resources                                                                     (00:00.281 / 00:17.814, 2Gb)
Check profiles & code systems                                                                        (00:03.195 / 00:21.009, 1Gb)
Check realm rules                                                                                    (00:00.001 / 00:21.010, 1Gb)
Previous Version Comparison                                                                          (00:00.000 / 00:21.011, 1Gb)
Checking for Bundles to sign                                                                         (00:00.003 / 00:21.015, 1Gb)
Validating Resources                                                                                 (00:00.000 / 00:21.016, 1Gb)
Processing Provenance Records                                                                        (00:00.057 / 00:21.074, 1Gb)
Generating Outputs in /tmp/ig-builds/ans.fhir.fr.tde#2.0.0-milestone/output                          (00:00.000 / 00:21.074, 1Gb)
Generate Native Outputs                                                                              (00:00.153 / 00:21.228, 1Gb)
Run Template                                                                                         (00:00.474 / 00:21.703, 1Gb)
Generate HTML Outputs                                                                                (00:01.581 / 00:23.285, 1Gb)
Generate Spreadsheets                                                                                (00:00.704 / 00:23.989, 1Gb)
Generate Summaries                                                                                   (00:00.708 / 00:24.698, 2Gb)
Generating Summary Outputs                                                                           (00:00.000 / 00:24.699, 2Gb)
DB Cumulative Time invested: 00:00:00.77
Sending Usage Stats to Server                                                                        (00:04.643 / 00:29.342, 2Gb)
## Memory (MB): Use = 2294, Free = 599, Total = 2894, Max = 4000                                     (00:00.000 / 00:29.343, 2Gb)
Reclaiming memory...                                                                                 (00:00.000 / 00:29.343, 2Gb)
## Memory (MB): Use = 1274, Free = 1618, Total = 2894, Max = 4000                                    (00:00.618 / 00:29.962, 1Gb)
Run jekyll: jekyll build --destination "/tmp/ig-builds/ans.fhir.fr.tde#2.0.0-milestone/output" (in folder /tmp/ig-builds/ans.fhir.fr.tde#2.0.0-milestone/temp/pages) (00:00.000 / 00:29.963, 1Gb)
Troubleshooting Note: usual cases for Jekyll to fail are:                                            (00:00.000 / 00:29.963, 1Gb)
* A failure to produce a fragment that is already logged in the output above                         (00:00.000 / 00:29.964, 1Gb)
* A reference to a manually edited file that hasn't been provided                                    (00:00.000 / 00:29.964, 1Gb)
Jekyll: Source: /tmp/ig-builds/ans.fhir.fr.tde#2.0.0-milestone/temp/pages                            (00:00.380 / 00:30.345, 1Gb)
Jekyll: Generating...                                                                                (00:00.000 / 00:30.345, 1Gb)
Jekyll: done in 0.758 seconds.                                                                       (00:00.757 / 00:31.103, 1Gb)
[39m
[0;39m[39mInstalling ans.fhir.fr.tde#2.0.0
[0;39mChecking Output HTML                                                                                 (00:00.280 / 00:31.383, 1Gb)
Processed /tmp/ig-builds/ans.fhir.fr.tde#2.0.0-milestone/output - % reduction = 98 (7625714 ==> 171999)
found 755 files                                                                                      (00:00.331 / 00:31.714, 1Gb)
.........................................
.........................................
  ... 755 html files, 0 pages invalid xhtml (0%)                                                     (00:02.633 / 00:34.347, 2Gb)
  ... 33020 links, 2 broken links (0%)                                                               (00:00.000 / 00:34.348, 2Gb)
Generate fragment-usage-analysis.csv                                                                 (00:00.000 / 00:34.349, 2Gb)
Build final .zip                                                                                     (00:00.009 / 00:34.358, 2Gb)
Final .zip built                                                                                     (00:00.716 / 00:35.074, 2Gb)
Built. Times: loading: 00:00.769, generate: 00:19.907, narrative generation: 00:00.280, realm-rules: 00:00.000, previous-version: 00:00.000, jekyll: 00:01.150, validation: 00:03.250 (#12), template: 00:01.586 (#3) (00:02.356 / 00:37.431, 1Gb)
Generating QA                                                                                        (00:00.001 / 00:37.432, 1Gb)
Internal error in location for message: 'Error @1, 2: Found / expecting a token name', loc = '/tmp/ig-builds/ans.fhir.fr.tde#2.0.0-milestone/output/normes_standards.html', err = 'Illegal HTML: Illegal HTML element: section'
Internal error in location for message: 'Error @1, 2: Found / expecting a token name', loc = '/tmp/ig-builds/ans.fhir.fr.tde#2.0.0-milestone/output/specifications_technique_api.html', err = 'Illegal HTML: illegal html element: query ( représente les autres paramètres, sous la forme param=va'
Validation output in /tmp/ig-builds/ans.fhir.fr.tde#2.0.0-milestone/output/qa.html
Errors: 8, Warnings: 17, Info: 5, Broken Links: 2 (00:00.062 / 00:37.495, 1Gb)
Finished @ 13/03/2026 16:18. Max Memory Used = 2Gb. Log file saved in /tmp/fhir-ig-publisher-tmp.log (00:00.003 / 00:37.499, 1Gb)
Keep a copy of the build directory at /tmp/web-root/run-20260313/ig-build-zips/ans.fhir.fr.tde#2.0.0.zip

ok. All checks passed. Publish v2.0.0 to /tmp/web-root/run-20260313/tde/2.0.0
Copy the IG to /tmp/web-root/run-20260313/tde/2.0.0
Update /tmp/web-root/run-20260313/tde/package-list.json
Publish Box Statement: This page is part of the Volet Traçabilité des événements (v2.0.0: <a data-no-external="true" href="https://confluence.hl7.org/display/HL7/HL7+Balloting" title="Standard for Trial-Use">STU</a>1) based on <a data-no-external="true" href="http://hl7.org/fhir/R4">FHIR (HL7® FHIR® Standard) R4</a>. This is the current published version in its permanent home (it will always be available at this URL).  For a full list of available versions, see the <a data-no-external="true" href="https://interop.esante.gouv.fr/ig/fhir/tde/history.html">Directory of published versions</a>
  .. 81 files checked, 81 updated
  .. 28 clones checked, 54 updated
  .. 12 redirections (12 created/updated)
This is a milestone release - publish v2.0.0 to /tmp/web-root/run-20260313/tde
Publish Box Statement: This page is part of the Volet Traçabilité des événements (v2.0.0: <a data-no-external="true" href="https://confluence.hl7.org/display/HL7/HL7+Balloting" title="Standard for Trial-Use">STU</a>1) based on <a data-no-external="true" href="http://hl7.org/fhir/R4">FHIR (HL7® FHIR® Standard) R4</a>. This is the current published version.  For a full list of available versions, see the <a data-no-external="true" href="https://interop.esante.gouv.fr/ig/fhir/tde/history.html">Directory of published versions</a>
  .. 81 files checked, 81 updated
  .. 28 clones checked, 54 updated
  .. 12 redirections (12 created/updated)
Check for Files to delete
  ... 0 files
Copy to new IG /tmp/web-root/run-20260313/tde
ans.fhir.fr.tde (https://interop.esante.gouv.fr/ig/fhir/tde): Volet Traçabilité des événements @ https://ansforge.github.io/interop-ig-fhir-tracabilite-evenements/main/ig
  release: STU1 2.0.0/4.0.1 @ https://interop.esante.gouv.fr/ig/fhir/tde/2.0.0
Build is complete. Copy from /tmp/web-root/run-20260313
Update history page at /tmp/web-root/run-20260313/tde from /home/runner/work/interop-ig-fhir-tracabilite-evenements/interop-ig-fhir-tracabilite-evenements/./IG-website-release/fhir-ig-history-template and ./IG-website-release/templates
