FHIR IG Publisher Version 1.6.30 (Git# 9f0d7c2ae8d1). Built 2024-10-10T15:04:03.809Z (102 mins old)
Detected Java version: 17.0.10 from /opt/hostedtoolcache/Java_Microsoft_jdk/17.0.10/x64 on amd64 (64bit). 3996MB available
dir = /home/runner/work/IG-fhir-annuaire/IG-fhir-annuaire, path = /opt/hostedtoolcache/Ruby/3.3.5/x64/bin:/opt/hostedtoolcache/node/20.17.0/x64/bin:/opt/hostedtoolcache/Java_Microsoft_jdk/17.0.10/x64/bin:/snap/bin:/home/runner/.local/bin:/opt/pipx_bin:/home/runner/.cargo/bin:/home/runner/.config/composer/vendor/bin:/usr/local/.ghcup/bin:/home/runner/.dotnet/tools:/usr/local/sbin:/usr/local/bin:/usr/sbin:/usr/bin:/sbin:/bin:/usr/games:/usr/local/games:/snap/bin
Parameters: -go-publish -source ./igSource -web ./IG-website-release/www/ig/fhir -registry ./IG-website-release/ig-registry/fhir-ig-list.json -history ./IG-website-release/fhir-ig-history-template -templates ./IG-website-release/templates
---------------
Publication Run: publish ./igSource to ./IG-website-release/www/ig/fhir
Run Number: 52
Relative directory for IG is '/annuaire'
===== Web Publication Run Details ===============================
 Source IG: ans.fhir.fr.annuaire#1.1.0-snapshot-4 : https://interop.esante.gouv.fr/ig/fhir/annuaire (R4) from ./igSource
All checks passed. Do the publication build from /home/runner/work/IG-fhir-annuaire/IG-fhir-annuaire/./igSource and publish to /tmp/web-root/run-20241010/annuaire
Prepare Build space in /tmp/ans.fhir.fr.annuaire#1.1.0-snapshot-4
Build IG at /home/runner/work/IG-fhir-annuaire/IG-fhir-annuaire/./igSource: final copy suitable for publication (in /tmp/ans.fhir.fr.annuaire#1.1.0-snapshot-4)
FHIR IG Publisher Version 1.6.30 (Git# 9f0d7c2ae8d1). Built 2024-10-10T15:04:03.809Z (102 mins old) 
Detected Java version: 17.0.10 from /opt/hostedtoolcache/Java_Microsoft_jdk/17.0.10/x64 on Linux/amd64 (64bit). 3996MB available
dir = /home/runner/work/IG-fhir-annuaire/IG-fhir-annuaire, path = /opt/hostedtoolcache/Ruby/3.3.5/x64/bin:/opt/hostedtoolcache/node/20.17.0/x64/bin:/opt/hostedtoolcache/Java_Microsoft_jdk/17.0.10/x64/bin:/snap/bin:/home/runner/.local/bin:/opt/pipx_bin:/home/runner/.cargo/bin:/home/runner/.config/composer/vendor/bin:/usr/local/.ghcup/bin:/home/runner/.dotnet/tools:/usr/local/sbin:/usr/local/bin:/usr/sbin:/usr/bin:/sbin:/bin:/usr/games:/usr/local/games:/snap/bin
Parameters: -ig /tmp/ans.fhir.fr.annuaire#1.1.0-snapshot-4 -resetTx -publish https://interop.esante.gouv.fr/ig/fhir/annuaire/1.1.0-snapshot-4 -no-exit
Start Clock @ Thursday, October 10, 2024 at 4:46:42 PM Coordinated Universal Time (2024-10-10T16:46:42Z)
                                                                                                    
Build FHIR IG from /tmp/ans.fhir.fr.annuaire#1.1.0-snapshot-4                                        (00:00.024 / 00:00.025, 136Mb)
Build Formal Publication package, intended for https://interop.esante.gouv.fr/ig/fhir/annuaire/1.1.0-snapshot-4 (00:00.004 / 00:00.029, 137Mb)
API keys loaded from /home/runner/.fhir/fhir-settings.json                                           (00:00.001 / 00:00.030, 137Mb)
Package Cache: /home/runner/.fhir/packages                                                           (00:00.004 / 00:00.035, 137Mb)
Run Sushi on /tmp/ans.fhir.fr.annuaire#1.1.0-snapshot-4                                              (00:00.002 / 00:00.038, 137Mb)
Sushi: info  Running SUSHI v3.11.1 (implements FHIR Shorthand specification v3.0.0-ballot)           (00:00.665 / 00:00.703, 139Mb)
Sushi: info  Arguments:                                                                              (00:00.001 / 00:00.704, 139Mb)
Sushi: info    --require-latest                                                                      (00:00.001 / 00:00.705, 139Mb)
Sushi: info    --out /tmp/ans.fhir.fr.annuaire#1.1.0-snapshot-4                                      (00:00.001 / 00:00.707, 139Mb)
Sushi: info    /tmp/ans.fhir.fr.annuaire#1.1.0-snapshot-4                                            (00:00.001 / 00:00.708, 139Mb)
Sushi: info  Using configuration file: /tmp/ans.fhir.fr.annuaire#1.1.0-snapshot-4/sushi-config.yaml  (00:00.369 / 00:01.078, 139Mb)
Sushi: info  Importing FSH text...                                                                   (00:00.097 / 00:01.176, 139Mb)
Sushi: info  Preprocessed 80 documents with 57 aliases.                                              (00:00.316 / 00:01.492, 139Mb)
Sushi: info  Imported 60 definitions and 29 instances.                                               (00:00.049 / 00:01.541, 139Mb)
Sushi: info  Checking /home/runner/.fhir/packages for hl7.fhir.uv.tools#current...                   (00:00.001 / 00:01.543, 139Mb)
Sushi: info  Found hl7.fhir.uv.tools#current in /home/runner/.fhir/packages.                         (00:00.081 / 00:01.625, 139Mb)
Sushi: info  Loaded package hl7.fhir.uv.tools#current                                                (00:00.365 / 00:01.990, 139Mb)
Sushi: info  Checking /home/runner/.fhir/packages for hl7.fhir.uv.extensions.r4#5.1.0...             (00:00.371 / 00:02.362, 139Mb)
Sushi: info  Found hl7.fhir.uv.extensions.r4#5.1.0 in /home/runner/.fhir/packages.                   (00:00.239 / 00:02.601, 139Mb)
Sushi: info  Loaded package hl7.fhir.uv.extensions.r4#5.1.0                                          (00:00.001 / 00:02.603, 139Mb)
Sushi: info  Checking /home/runner/.fhir/packages for hl7.fhir.fr.core#2.1.0...                      (00:00.001 / 00:02.604, 139Mb)
Sushi: info  Found hl7.fhir.fr.core#2.1.0 in /home/runner/.fhir/packages.                            (00:00.199 / 00:02.803, 139Mb)
Sushi: info  Loaded package hl7.fhir.fr.core#2.1.0                                                   (00:00.001 / 00:02.805, 139Mb)
Sushi: info  Loading supplemental version of FHIR to support extensions from hl7.fhir.extensions.r5  (00:00.001 / 00:02.806, 139Mb)
Sushi: info  Checking /home/runner/.fhir/packages for hl7.fhir.r5.core#5.0.0...                      (00:00.000 / 00:02.806, 139Mb)
Sushi: info  Found hl7.fhir.r5.core#5.0.0 in /home/runner/.fhir/packages.                            (00:01.424 / 00:04.231, 139Mb)
Sushi: info  Loaded package hl7.fhir.r5.core#5.0.0                                                   (00:00.001 / 00:04.232, 139Mb)
Sushi: info  Checking /home/runner/.fhir/packages for ans.fr.nos#1.3.0...                            (00:00.099 / 00:04.332, 139Mb)
Sushi: info  Found ans.fr.nos#1.3.0 in /home/runner/.fhir/packages.                                  (00:00.387 / 00:04.719, 139Mb)
Sushi: info  Loaded package ans.fr.nos#1.3.0                                                         (00:00.001 / 00:04.721, 139Mb)
Sushi: info  Checking /home/runner/.fhir/packages for hl7.terminology.r4#5.5.0...                    (00:00.001 / 00:04.722, 139Mb)
Sushi: info  Found hl7.terminology.r4#5.5.0 in /home/runner/.fhir/packages.                          (00:00.985 / 00:05.708, 139Mb)
Sushi: info  Loaded package hl7.terminology.r4#5.5.0                                                 (00:00.001 / 00:05.709, 139Mb)
Sushi: info  Checking /home/runner/.fhir/packages for hl7.fhir.r4.core#4.0.1...                      (00:00.000 / 00:05.710, 139Mb)
Sushi: info  Found hl7.fhir.r4.core#4.0.1 in /home/runner/.fhir/packages.                            (00:01.177 / 00:06.887, 139Mb)
Sushi: info  Loaded package hl7.fhir.r4.core#4.0.1                                                   (00:00.001 / 00:06.888, 139Mb)
Sushi: info  Converting FSH to FHIR resources...                                                     (00:00.037 / 00:06.926, 139Mb)
Sushi: info  Converted 49 FHIR StructureDefinitions.                                                 (00:04.761 / 00:11.688, 139Mb)
Sushi: info  Converted 4 FHIR CodeSystems.                                                           (00:00.043 / 00:11.731, 139Mb)
Sushi: info  Converted 7 FHIR ValueSets.                                                             (00:00.172 / 00:11.904, 139Mb)
Sushi: warn  Sliced element Practitioner.telecom is being accessed via numeric index. Use slice names in rule paths when possible. (00:00.454 / 00:12.359, 139Mb)
Sushi:   File: /tmp/ans.fhir.fr.annuaire#1.1.0-snapshot-4/input/fsh/examples/DP/PP16DP-Practitioner.fsh (00:00.001 / 00:12.360, 139Mb)
Sushi:   Line: 52                                                                                    (00:00.001 / 00:12.361, 139Mb)
Sushi: warn  Sliced element Practitioner.telecom is being accessed via numeric index. Use slice names in rule paths when possible. (00:00.001 / 00:12.363, 139Mb)
Sushi:   File: /tmp/ans.fhir.fr.annuaire#1.1.0-snapshot-4/input/fsh/examples/DP/PP16DP-Practitioner.fsh (00:00.001 / 00:12.364, 139Mb)
Sushi:   Line: 53                                                                                    (00:00.001 / 00:12.365, 139Mb)
Sushi: warn  Sliced element Practitioner.telecom is being accessed via numeric index. Use slice names in rule paths when possible. (00:00.001 / 00:12.366, 139Mb)
Sushi:   File: /tmp/ans.fhir.fr.annuaire#1.1.0-snapshot-4/input/fsh/examples/DP/PP16DP-Practitioner.fsh (00:00.001 / 00:12.368, 139Mb)
Sushi:   Line: 54                                                                                    (00:00.001 / 00:12.369, 139Mb)
Sushi: warn  Sliced element Practitioner.telecom is being accessed via numeric index. Use slice names in rule paths when possible. (00:00.001 / 00:12.370, 139Mb)
Sushi:   File: /tmp/ans.fhir.fr.annuaire#1.1.0-snapshot-4/input/fsh/examples/DP/PP16DP-Practitioner.fsh (00:00.001 / 00:12.371, 139Mb)
Sushi:   Line: 55                                                                                    (00:00.001 / 00:12.372, 139Mb)
Sushi: warn  Sliced element Practitioner.telecom is being accessed via numeric index. Use slice names in rule paths when possible. (00:00.001 / 00:12.374, 139Mb)
Sushi:   File: /tmp/ans.fhir.fr.annuaire#1.1.0-snapshot-4/input/fsh/examples/DP/PP16DP-Practitioner.fsh (00:00.001 / 00:12.375, 139Mb)
Sushi:   Line: 56                                                                                    (00:00.001 / 00:12.376, 139Mb)
Sushi: warn  Sliced element Practitioner.telecom is being accessed via numeric index. Use slice names in rule paths when possible. (00:00.001 / 00:12.378, 139Mb)
Sushi:   File: /tmp/ans.fhir.fr.annuaire#1.1.0-snapshot-4/input/fsh/examples/DP/PP16DP-Practitioner.fsh (00:00.002 / 00:12.380, 139Mb)
Sushi:   Line: 57                                                                                    (00:00.001 / 00:12.381, 139Mb)
Sushi: warn  Sliced element Practitioner.telecom is being accessed via numeric index. Use slice names in rule paths when possible. (00:00.001 / 00:12.382, 139Mb)
Sushi:   File: /tmp/ans.fhir.fr.annuaire#1.1.0-snapshot-4/input/fsh/examples/DP/PP16DP-Practitioner.fsh (00:00.001 / 00:12.384, 139Mb)
Sushi:   Line: 58                                                                                    (00:00.001 / 00:12.385, 139Mb)
Sushi: warn  Sliced element Practitioner.telecom is being accessed via numeric index. Use slice names in rule paths when possible. (00:00.519 / 00:12.904, 139Mb)
Sushi:   File: /tmp/ans.fhir.fr.annuaire#1.1.0-snapshot-4/input/fsh/examples/DP/PP19DP-Practitioner.fsh (00:00.001 / 00:12.906, 139Mb)
Sushi:   Line: 47                                                                                    (00:00.001 / 00:12.907, 139Mb)
Sushi: warn  Sliced element Practitioner.telecom is being accessed via numeric index. Use slice names in rule paths when possible. (00:00.001 / 00:12.908, 139Mb)
Sushi:   File: /tmp/ans.fhir.fr.annuaire#1.1.0-snapshot-4/input/fsh/examples/DP/PP19DP-Practitioner.fsh (00:00.001 / 00:12.909, 139Mb)
Sushi:   Line: 48                                                                                    (00:00.001 / 00:12.910, 139Mb)
Sushi: warn  Sliced element Practitioner.telecom is being accessed via numeric index. Use slice names in rule paths when possible. (00:00.001 / 00:12.911, 139Mb)
Sushi:   File: /tmp/ans.fhir.fr.annuaire#1.1.0-snapshot-4/input/fsh/examples/DP/PP19DP-Practitioner.fsh (00:00.001 / 00:12.913, 139Mb)
Sushi:   Line: 49                                                                                    (00:00.001 / 00:12.914, 139Mb)
Sushi: warn  Sliced element Practitioner.telecom is being accessed via numeric index. Use slice names in rule paths when possible. (00:00.001 / 00:12.915, 139Mb)
Sushi:   File: /tmp/ans.fhir.fr.annuaire#1.1.0-snapshot-4/input/fsh/examples/DP/PP19DP-Practitioner.fsh (00:00.001 / 00:12.916, 139Mb)
Sushi:   Line: 50                                                                                    (00:00.001 / 00:12.917, 139Mb)
Sushi: warn  Sliced element Practitioner.telecom is being accessed via numeric index. Use slice names in rule paths when possible. (00:00.001 / 00:12.918, 139Mb)
Sushi:   File: /tmp/ans.fhir.fr.annuaire#1.1.0-snapshot-4/input/fsh/examples/DP/PP19DP-Practitioner.fsh (00:00.001 / 00:12.919, 139Mb)
Sushi:   Line: 51                                                                                    (00:00.001 / 00:12.920, 139Mb)
Sushi: warn  Sliced element Practitioner.telecom is being accessed via numeric index. Use slice names in rule paths when possible. (00:00.001 / 00:12.922, 139Mb)
Sushi:   File: /tmp/ans.fhir.fr.annuaire#1.1.0-snapshot-4/input/fsh/examples/DP/PP19DP-Practitioner.fsh (00:00.001 / 00:12.923, 139Mb)
Sushi:   Line: 52                                                                                    (00:00.001 / 00:12.924, 139Mb)
Sushi: warn  Sliced element Practitioner.telecom is being accessed via numeric index. Use slice names in rule paths when possible. (00:00.000 / 00:12.925, 139Mb)
Sushi:   File: /tmp/ans.fhir.fr.annuaire#1.1.0-snapshot-4/input/fsh/examples/DP/PP19DP-Practitioner.fsh (00:00.001 / 00:12.926, 139Mb)
Sushi:   Line: 53                                                                                    (00:00.000 / 00:12.927, 139Mb)
Sushi: info  Converted 29 FHIR instances.                                                            (00:01.884 / 00:14.811, 139Mb)
Sushi: info  Exporting FHIR resources as JSON...                                                     (00:00.070 / 00:14.881, 139Mb)
Sushi: info  Exported 89 FHIR resources as JSON.                                                     (00:00.196 / 00:15.078, 139Mb)
Sushi: info  Assembling Implementation Guide sources...                                              (00:00.003 / 00:15.081, 139Mb)
Sushi: info  Generated ImplementationGuide-ans.fhir.fr.annuaire.json                                 (00:00.026 / 00:15.107, 139Mb)
Sushi: info  Assembled Implementation Guide sources; ready for IG Publisher.                         (00:00.001 / 00:15.108, 139Mb)
Sushi: ========================= SUSHI RESULTS ===========================                           (00:00.001 / 00:15.110, 139Mb)
Sushi: |  -------------------------------------------------------------  |                           (00:00.001 / 00:15.111, 139Mb)
Sushi: | |    Profiles   |  Extensions  |   Logicals   |   Resources   | |                           (00:00.001 / 00:15.112, 139Mb)
Sushi: | |-------------------------------------------------------------| |                           (00:00.001 / 00:15.113, 139Mb)
Sushi: | |      24       |      25      |      0       |       0       | |                           (00:00.000 / 00:15.114, 139Mb)
Sushi: |  -------------------------------------------------------------  |                           (00:00.001 / 00:15.115, 139Mb)
Sushi: |  -------------------------------------------------------------  |                           (00:00.000 / 00:15.116, 139Mb)
Sushi: | |      ValueSets     |    CodeSystems    |     Instances      | |                           (00:00.001 / 00:15.117, 139Mb)
Sushi: | |-------------------------------------------------------------| |                           (00:00.001 / 00:15.118, 139Mb)
Sushi: | |         7          |         4         |         29         | |                           (00:00.001 / 00:15.119, 139Mb)
Sushi: |  -------------------------------------------------------------  |                           (00:00.000 / 00:15.120, 139Mb)
Sushi: |                                                                 |                           (00:00.000 / 00:15.121, 139Mb)
Sushi: ===================================================================                           (00:00.000 / 00:15.122, 139Mb)
Sushi: | This looks a bit fishy.                0 Errors     14 Warnings |                           (00:00.001 / 00:15.123, 139Mb)
Sushi: ===================================================================                           (00:00.000 / 00:15.124, 139Mb)
Unable to load IG as an r5 IG - try R4 (property code is a class com.google.gson.JsonPrimitive looking for an object) (00:00.479 / 00:15.604, 58Mb)
Load Template from https://github.com/ansforge/IG-template                                           (00:00.456 / 00:16.061, 74Mb)
 Load Template from fhir.base.template#current                                                       (00:00.796 / 00:16.857, 53Mb)

onLoad.findSpreadsheets:

onLoad.updateIg:
     [xslt] Processing /tmp/ans.fhir.fr.annuaire#1.1.0-snapshot-4/template/onLoad-ig-working.xml to /tmp/ans.fhir.fr.annuaire#1.1.0-snapshot-4/template/onLoad-ig-updated.xml
     [xslt] Loading stylesheet /tmp/ans.fhir.fr.annuaire#1.1.0-snapshot-4/template/scripts/onLoad.xslt

onLoad.extend:

onLoad:
Root directory: /tmp/ans.fhir.fr.annuaire#1.1.0-snapshot-4                                           (00:02.985 / 00:19.843, 113Mb)
Terminology Cache is at /tmp/ans.fhir.fr.annuaire#1.1.0-snapshot-4/input-cache/txcache. Clearing now (00:00.936 / 00:20.779, 146Mb)
Core Package hl7.fhir.r4.core#4.0.1
Running Terminology Log: /tmp/ohfu-fhir-ig-1814605955746483143.log
Connect to Terminology Server at http://tx.fhir.org                                                  (00:03.176 / 00:23.956, 400Mb)
Load Package hl7.fhir.pubpack#0.1.8
Load Package hl7.fhir.xver-extensions#0.1.0
Load Package hl7.fhir.uv.extensions.r4#5.1.0
Load Package hl7.terminology.r4#6.0.2
Load Package ans.fr.nos#1.3.0
Load Package hl7.fhir.fr.core#2.1.0
Load Package ans.fr.nos#1.3.0
Load Package hl7.terminology.r4#5.5.0
Version mismatch. This IG is version 4.0.1, while the IG 'hl7.fhir.uv.tools' is from version 5.0.0 (will try to run anyway) (00:05.478 / 00:29.434, 490Mb)
Load Package hl7.fhir.uv.tools#0.2.0
Load R5 Specials
Initialization complete                                                                              (00:00.719 / 00:30.154, 430Mb)
Load Content                                                                                         (00:00.000 / 00:30.154, 430Mb)
Using fr_FR as the default narrative language. (inferred from ImplementationGuide.jurisdiction=FR)   (00:00.052 / 00:30.206, 439Mb)
loadPrePages from FetchedFile[/tmp/ans.fhir.fr.annuaire#1.1.0-snapshot-4/fsh-generated/includes] as /tmp/ans.fhir.fr.annuaire#1.1.0-snapshot-4/fsh-generated/includes
loadPrePages from FetchedFile[/tmp/ans.fhir.fr.annuaire#1.1.0-snapshot-4/input/data] as /tmp/ans.fhir.fr.annuaire#1.1.0-snapshot-4/input/data
loadPrePages from FetchedFile[/tmp/ans.fhir.fr.annuaire#1.1.0-snapshot-4/input/pagecontent] as /tmp/ans.fhir.fr.annuaire#1.1.0-snapshot-4/input/pagecontent
Fetch https://interop.esante.gouv.fr/ig/fhir/annuaire/package-list.json for version check            (00:00.769 / 00:30.976, 550Mb)
Processing Conformance Resources                                                                     (00:00.345 / 00:31.321, 554Mb)
Load Dependency Info                                                                                 (00:00.003 / 00:31.325, 555Mb)
Load Info                                                                                            (00:00.002 / 00:31.327, 555Mb)
Load Resources                                                                                       (00:00.001 / 00:31.328, 556Mb)
Load Paths                                                                                           (00:00.368 / 00:31.696, 688Mb)
Generating Snapshots                                                                                 (00:00.001 / 00:31.697, 688Mb)
Check R4 / R4B                                                                                       (00:01.594 / 00:33.292, 647Mb)
Assign Comparison Ids                                                                                (00:00.015 / 00:33.307, 650Mb)
Propagating status                                                                                   (00:00.000 / 00:33.308, 650Mb)
Generating Narratives                                                                                (00:00.000 / 00:33.308, 650Mb)
Validating Conformance Resources                                                                     (00:02.416 / 00:35.725, 847Mb)
Check profiles & code systems                                                                        (00:12.303 / 00:48.029, 1Gb)
Check realm rules                                                                                    (00:00.009 / 00:48.038, 1Gb)
Previous Version Comparison                                                                          (00:00.001 / 00:48.039, 1Gb)
Validating Resources                                                                                 (00:06.143 / 00:54.182, 1Gb)
Processing Provenance Records                                                                        (00:02.241 / 00:56.424, 1Gb)
Generating Outputs in /tmp/ans.fhir.fr.annuaire#1.1.0-snapshot-4/output                              (00:00.000 / 00:56.425, 1Gb)
Generate Native Outputs                                                                              (00:00.084 / 00:56.510, 1Gb)
Run Template                                                                                         (00:17.235 / 01:13.745, 1Gb)

onGenerate.checkVersions:
     [xslt] Processing /tmp/ans.fhir.fr.annuaire#1.1.0-snapshot-4/template/onGenerate-ig-working.xml to /tmp/ans.fhir.fr.annuaire#1.1.0-snapshot-4/template/versions.txt
     [xslt] Loading stylesheet /tmp/ans.fhir.fr.annuaire#1.1.0-snapshot-4/template/scripts/onGenerate.getVersions.xslt

onGenerate.r5-schemas:
      [get] Getting: http://build.fhir.org/fhir-single.xsd
      [get] To: /tmp/ans.fhir.fr.annuaire#1.1.0-snapshot-4/input-cache/schemas/R5/fhir-single.xsd
      [get] Not modified - so not downloaded
      [get] Getting: http://build.fhir.org/fhir-xhtml.xsd
      [get] To: /tmp/ans.fhir.fr.annuaire#1.1.0-snapshot-4/input-cache/schemas/R5/fhir-xhtml.xsd
      [get] Not modified - so not downloaded
      [get] Getting: http://build.fhir.org/xml.xsd
      [get] To: /tmp/ans.fhir.fr.annuaire#1.1.0-snapshot-4/input-cache/schemas/R5/xml.xsd
      [get] Not modified - so not downloaded
      [get] Getting: http://build.fhir.org/xmldsig-core-schema.xsd
      [get] To: /tmp/ans.fhir.fr.annuaire#1.1.0-snapshot-4/input-cache/schemas/R5/xmldsig-core-schema.xsd
      [get] Not modified - so not downloaded

onGenerate.r4-schemas:
      [get] Getting: http://hl7.org/fhir/R4/fhir-single.xsd
      [get] To: /tmp/ans.fhir.fr.annuaire#1.1.0-snapshot-4/input-cache/schemas/R4/fhir-single.xsd
      [get] Not modified - so not downloaded
      [get] Getting: http://hl7.org/fhir/R4/fhir-xhtml.xsd
      [get] To: /tmp/ans.fhir.fr.annuaire#1.1.0-snapshot-4/input-cache/schemas/R4/fhir-xhtml.xsd
      [get] Not modified - so not downloaded
      [get] Getting: http://hl7.org/fhir/R4/xml.xsd
      [get] To: /tmp/ans.fhir.fr.annuaire#1.1.0-snapshot-4/input-cache/schemas/R4/xml.xsd
      [get] Not modified - so not downloaded
      [get] Getting: http://hl7.org/fhir/R4/xmldsig-core-schema.xsd
      [get] To: /tmp/ans.fhir.fr.annuaire#1.1.0-snapshot-4/input-cache/schemas/R4/xmldsig-core-schema.xsd
      [get] Not modified - so not downloaded

onGenerate.r3-schemas:

onGenerate.r2b-schemas:

onGenerate.r2-schemas:

onGenerate.schemas:

onGenerate.data:
     [xslt] Processing /tmp/ans.fhir.fr.annuaire#1.1.0-snapshot-4/template/onGenerate-ig-working.xml to /tmp/ans.fhir.fr.annuaire#1.1.0-snapshot-4/temp/pages/_data/artifacts.json
     [xslt] Loading stylesheet /tmp/ans.fhir.fr.annuaire#1.1.0-snapshot-4/template/scripts/onGenerate.data.xslt

onGenerate.setup:

onGenerate.infoFile:
     [xslt] Processing /tmp/ans.fhir.fr.annuaire#1.1.0-snapshot-4/template/onGenerate-ig-working.xml to /tmp/ans.fhir.fr.annuaire#1.1.0-snapshot-4/temp/pages/_data/info.json
     [xslt] Loading stylesheet /tmp/ans.fhir.fr.annuaire#1.1.0-snapshot-4/template/scripts/onGenerate.genJson.xslt

onGenerate.processIncludes:
     [copy] Copying 16 files to /tmp/ans.fhir.fr.annuaire#1.1.0-snapshot-4/temp/pages/_includes

onGenerate.processIg:
     [xslt] Processing /tmp/ans.fhir.fr.annuaire#1.1.0-snapshot-4/template/onGenerate-ig-working.xml to /tmp/ans.fhir.fr.annuaire#1.1.0-snapshot-4/template/onGenerate-ig-working.1.xml
     [xslt] Loading stylesheet /tmp/ans.fhir.fr.annuaire#1.1.0-snapshot-4/template/scripts/onGenerate.group.xslt
     [xslt] Processing /tmp/ans.fhir.fr.annuaire#1.1.0-snapshot-4/template/onGenerate-ig-working.1.xml to /tmp/ans.fhir.fr.annuaire#1.1.0-snapshot-4/template/onGenerate-ig-working.2.xml
     [xslt] Loading stylesheet /tmp/ans.fhir.fr.annuaire#1.1.0-snapshot-4/template/scripts/onGenerate.groupSort.xslt
     [xslt] Processing /tmp/ans.fhir.fr.annuaire#1.1.0-snapshot-4/template/onGenerate-ig-working.2.xml to /tmp/ans.fhir.fr.annuaire#1.1.0-snapshot-4/template/onGenerate-ig-updated.xml
     [xslt] Loading stylesheet /tmp/ans.fhir.fr.annuaire#1.1.0-snapshot-4/template/scripts/onGenerate.final.xslt

onGenerate.igQa:
     [xslt] Processing /tmp/ans.fhir.fr.annuaire#1.1.0-snapshot-4/template/onGenerate-ig-updated.xml to /tmp/ans.fhir.fr.annuaire#1.1.0-snapshot-4/template/ongenerate-validation-igqa.json
     [xslt] Loading stylesheet /tmp/ans.fhir.fr.annuaire#1.1.0-snapshot-4/template/scripts/onGenerate.qa.xslt

onGenerate.artifactList:
     [xslt] Processing /tmp/ans.fhir.fr.annuaire#1.1.0-snapshot-4/template/onGenerate-ig-updated.xml to /tmp/ans.fhir.fr.annuaire#1.1.0-snapshot-4/temp/pages/_includes/artifacts.xml
     [xslt] Loading stylesheet /tmp/ans.fhir.fr.annuaire#1.1.0-snapshot-4/template/scripts/createArtifactSummary.xslt

check-plantumlfiles:

onGenerate.plantUml.ig:

onGenerate.plantUml.template:

onGenerate.plantUml:

onGenerate.copyDataFiles:

onGenerate.extend:

onGenerate:
Template Done                                                                                        (00:02.386 / 01:16.132, 1Gb)
Generate HTML Outputs                                                                                (00:00.001 / 01:16.133, 1Gb)
ERROR StatusLogger Log4j2 could not find a logging implementation. Please add log4j-core to the classpath. Using SimpleLogger to log to the console...
Generate Summaries                                                                                   (00:29.909 / 01:46.042, 2Gb)
Generating Summary Outputs                                                                           (00:00.062 / 01:46.105, 2Gb)
DB Cumulative Time invested: 00:00:00.424
Sending Usage Stats to Server                                                                        (00:06.247 / 01:52.352, 2Gb)
## Memory (MB): Use = 2316, Free = 1437, Total = 3754, Max = 3996                                    (00:00.005 / 01:52.358, 2Gb)
Reclaiming memory...                                                                                 (00:00.000 / 01:52.359, 2Gb)
## Memory (MB): Use = 1648, Free = 2105, Total = 3754, Max = 3996                                    (00:00.821 / 01:53.180, 1Gb)
Run jekyll: jekyll build --destination "/tmp/ans.fhir.fr.annuaire#1.1.0-snapshot-4/output" (in folder /tmp/ans.fhir.fr.annuaire#1.1.0-snapshot-4/temp/pages) (00:00.002 / 01:53.182, 1Gb)
Troubleshooting Note: usual cases for Jekyll to fail are:                                            (00:00.001 / 01:53.184, 1Gb)
* A failure to produce a fragment that is already logged in the output above                         (00:00.000 / 01:53.184, 1Gb)
* A reference to a manually edited file that hasn't been provided                                    (00:00.000 / 01:53.185, 1Gb)
Jekyll: Source: /tmp/ans.fhir.fr.annuaire#1.1.0-snapshot-4/temp/pages                                (00:00.434 / 01:53.619, 1Gb)
Jekyll: Generating...                                                                                (00:00.000 / 01:53.620, 1Gb)
Jekyll: done in 3.651 seconds.                                                                       (00:03.650 / 01:57.271, 1Gb)

Installing ans.fhir.fr.annuaire#1.1.0-snapshot-4
 done.
Checking Output HTML                                                                                 (00:05.499 / 02:02.770, 2Gb)
found 1815 files                                                                                     (00:00.007 / 02:02.777, 2Gb)
........................................
........................................
  ... 1815 html files, 0 pages invalid xhtml (0%)                                                    (00:27.060 / 02:29.838, 2Gb)
  ... 710101 links, 2 broken links (0%)                                                              (00:00.001 / 02:29.839, 2Gb)
Generate fragment-usage-analysis.csv                                                                 (00:00.000 / 02:29.840, 2Gb)
Build final .zip                                                                                     (00:00.010 / 02:29.851, 2Gb)
Final .zip built                                                                                     (00:04.266 / 02:34.117, 2Gb)
Built. Times: loading: 00:01.165, generate: 02:07.091, narrative generation: 00:02.416, realm-rules: 00:00.001, previous-version: 00:06.088, jekyll: 00:04.126, validation: 00:13.913 (#90), template: 00:02.385 (#3) (00:04.309 / 02:38.427, 2Gb)
Generating QA                                                                                        (00:00.001 / 02:38.428, 2Gb)
Validation output in /tmp/ans.fhir.fr.annuaire#1.1.0-snapshot-4/output/qa.html
Errors: 26, Warnings: 75, Info: 69, Broken Links: 2 (00:02.351 / 02:40.779, 3Gb)
Finished. Max Memory Used = 3Gb. Log file saved in /tmp/fhir-ig-publisher-tmp.log                    (00:00.017 / 02:40.797, 3Gb)
Keep a copy of the build directory at /tmp/web-root/run-20241010/ig-build-zips/ans.fhir.fr.annuaire#1.1.0-snapshot-4.zip

ok. All checks passed. Publish v1.1.0-snapshot-4 to /tmp/web-root/run-20241010/annuaire/1.1.0-snapshot-4
Copy the IG to /tmp/web-root/run-20241010/annuaire/1.1.0-snapshot-4
Update /tmp/web-root/run-20241010/annuaire/package-list.json
Publish Box Statement: This page is part of the Guide d'implémentation FHIR - Annuaire de santé (v1.1.0-snapshot-4: QA Preview) based on <a no-external="true" href="http://hl7.org/fhir/R4">FHIR (HL7® FHIR® Standard) R4</a>. The current version which supersedes this version is <a no-external="true" href="https://interop.esante.gouv.fr/ig/fhir/annuaire{{fn}}">1.0.1</a>.  For a full list of available versions, see the <a no-external="true" href="https://interop.esante.gouv.fr/ig/fhir/annuaire/history.html">Directory of published versions</a>
no html insert in /tmp/web-root/run-20241010/annuaire/1.1.0-snapshot-4/qa-txservers.html
  .. 641 files checked, 641 updated
  .. 311 clones checked, 622 updated
  .. 90 redirections (90 created/updated)
Update history page at /tmp/web-root/run-20241010/annuaire from /home/runner/work/IG-fhir-annuaire/IG-fhir-annuaire/./IG-website-release/fhir-ig-history-template and ./IG-website-release/templates
Build is complete. Copy from /tmp/web-root/run-20241010
ans.fhir.fr.annuaire (https://interop.esante.gouv.fr/ig/fhir/annuaire): Guide d'implémentation FHIR - Annuaire de santé @ https://ansforge.github.io/IG-fhir-annuaire/ig/main
  candidate: trial-use Preview 1.1.0-snapshot-4/4.0.1 @ https://interop.esante.gouv.fr/ig/fhir/annuaire/1.1.0-snapshot-4
