FHIR IG Publisher Version 2.1.0 (Git# c044f39673af). Built 2026-02-03T21:34:10.972Z (5 days old)
Detected Java version: 17.0.10 from /opt/hostedtoolcache/Java_Microsoft_jdk/17.0.10/x64 on amd64 (64bit). 4000MB available
dir = /home/runner/work/interop-ig-fhir-tracabilite-evenements/interop-ig-fhir-tracabilite-evenements, path = /opt/hostedtoolcache/Ruby/3.3.10/x64/bin:/opt/hostedtoolcache/node/20.20.0/x64/bin:/opt/hostedtoolcache/Java_Microsoft_jdk/17.0.10/x64/bin:/snap/bin:/home/runner/.local/bin:/opt/pipx_bin:/home/runner/.cargo/bin:/home/runner/.config/composer/vendor/bin:/usr/local/.ghcup/bin:/home/runner/.dotnet/tools:/usr/local/sbin:/usr/local/bin:/usr/sbin:/usr/bin:/sbin:/bin:/usr/games:/usr/local/games:/snap/bin
Parameters: -go-publish -authorise-non-conformant-tx-servers -source ./igSource -web ./IG-website-release/www/ig/fhir -registry ./IG-website-release/ig-registry/fhir-ig-list.json -history ./IG-website-release/fhir-ig-history-template -templates ./IG-website-release/templates
---------------
Publication Run: publish ./igSource to ./IG-website-release/www/ig/fhir
Relative directory for IG is '/tde'
===== Web Publication Run Details ===============================
 Source IG: ans.fhir.fr.tde#2.0.0-ballot : https://interop.esante.gouv.fr/ig/fhir/tde (R4) from ./igSource
All checks passed. Do the publication build from /home/runner/work/interop-ig-fhir-tracabilite-evenements/interop-ig-fhir-tracabilite-evenements/./igSource and publish to /tmp/web-root/run-20260209/tde
Prepare Build space in /tmp/ig-builds/ans.fhir.fr.tde#2.0.0-ballot
Build IG at /home/runner/work/interop-ig-fhir-tracabilite-evenements/interop-ig-fhir-tracabilite-evenements/./igSource: final copy suitable for publication (in /tmp/ig-builds/ans.fhir.fr.tde#2.0.0-ballot)
FHIR IG Publisher Version 2.1.0 (Git# c044f39673af). Built 2026-02-03T21:34:10.972Z (5 days old)    
Detected Java version: 17.0.10 from /opt/hostedtoolcache/Java_Microsoft_jdk/17.0.10/x64 on Linux/amd64 (64bit). 4000MB available
dir = /home/runner/work/interop-ig-fhir-tracabilite-evenements/interop-ig-fhir-tracabilite-evenements, path = /opt/hostedtoolcache/Ruby/3.3.10/x64/bin:/opt/hostedtoolcache/node/20.20.0/x64/bin:/opt/hostedtoolcache/Java_Microsoft_jdk/17.0.10/x64/bin:/snap/bin:/home/runner/.local/bin:/opt/pipx_bin:/home/runner/.cargo/bin:/home/runner/.config/composer/vendor/bin:/usr/local/.ghcup/bin:/home/runner/.dotnet/tools:/usr/local/sbin:/usr/local/bin:/usr/sbin:/usr/bin:/sbin:/bin:/usr/games:/usr/local/games:/snap/bin
Parameters: -publish https://interop.esante.gouv.fr/ig/fhir/tde/2.0.0-ballot -no-exit -ig /tmp/ig-builds/ans.fhir.fr.tde#2.0.0-ballot -resetTx
Character encoding = UTF-8 / UTF-8                                                                  
Start Clock @ Monday, February 9, 2026 at 2:41:46 PM Coordinated Universal Time (2026-02-09T14:41:46Z)
                                                                                                    
Build FHIR IG from /tmp/ig-builds/ans.fhir.fr.tde#2.0.0-ballot                                       (00:00.022 / 00:00.023, 37Mb)
Build Formal Publication package, intended for https://interop.esante.gouv.fr/ig/fhir/tde/2.0.0-ballot (00:00.002 / 00:00.026, 37Mb)
API keys loaded from /home/runner/.fhir/fhir-settings.json                                           (00:00.000 / 00:00.026, 37Mb)
Package Cache: /home/runner/.fhir/packages                                                           (00:00.004 / 00:00.030, 38Mb)
Run Sushi on /tmp/ig-builds/ans.fhir.fr.tde#2.0.0-ballot                                             (00:00.002 / 00:00.033, 38Mb)
Sushi: info  Running SUSHI v3.17.0 (implements FHIR Shorthand specification v3.0.0)                  (00:00.649 / 00:00.683, 39Mb)
Sushi: info  Arguments:                                                                              (00:00.000 / 00:00.684, 39Mb)
Sushi: info    --require-latest                                                                      (00:00.000 / 00:00.685, 39Mb)
Sushi: info    --out /tmp/ig-builds/ans.fhir.fr.tde#2.0.0-ballot                                     (00:00.001 / 00:00.686, 39Mb)
Sushi: info    /tmp/ig-builds/ans.fhir.fr.tde#2.0.0-ballot                                           (00:00.000 / 00:00.687, 39Mb)
Sushi: info  Using configuration file: /tmp/ig-builds/ans.fhir.fr.tde#2.0.0-ballot/sushi-config.yaml (00:00.605 / 00:01.292, 39Mb)
Sushi: info  Importing FSH text...                                                                   (00:00.107 / 00:01.400, 39Mb)
Sushi: info  Preprocessed 10 documents with 0 aliases.                                               (00:00.120 / 00:01.520, 39Mb)
Sushi: info  Imported 2 definitions and 9 instances.                                                 (00:00.008 / 00:01.528, 39Mb)
Sushi: info  Loaded virtual package sushi-r5forR4#1.0.0 with 7 resources                             (00:00.085 / 00:01.614, 39Mb)
Sushi: info  Resolved hl7.fhir.uv.tools.r4#latest to concrete version 1.0.0                          (00:00.569 / 00:02.184, 39Mb)
Sushi: info  Loaded hl7.fhir.uv.tools.r4#1.0.0 with 118 resources                                    (00:00.073 / 00:02.257, 39Mb)
Sushi: info  Resolved hl7.terminology.r4#latest to concrete version 7.0.1                            (00:00.125 / 00:02.382, 39Mb)
Sushi: info  Loaded hl7.terminology.r4#7.0.1 with 4096 resources                                     (00:01.636 / 00:04.019, 39Mb)
Sushi: info  Loaded hl7.fhir.fr.core#2.1.0 with 120 resources                                        (00:00.073 / 00:04.093, 39Mb)
Sushi: info  Loaded hl7.fhir.r4.core#4.0.1 with 4581 resources                                       (00:01.663 / 00:05.756, 39Mb)
Sushi: info  Resolved hl7.fhir.uv.extensions.r4#latest to concrete version 5.2.0                     (00:00.384 / 00:06.140, 39Mb)
Sushi: info  Loaded hl7.fhir.uv.extensions.r4#5.2.0 with 759 resources                               (00:00.363 / 00:06.504, 39Mb)
Sushi: info  Loaded virtual package sushi-local#LOCAL with 0 resources                               (00:00.006 / 00:06.510, 39Mb)
Sushi: info  Converting FSH to FHIR resources...                                                     (00:00.017 / 00:06.528, 39Mb)
Sushi: info  Converted 2 FHIR StructureDefinitions.                                                  (00:00.158 / 00:06.686, 39Mb)
Sushi: info  Converted 9 FHIR instances.                                                             (00:00.442 / 00:07.129, 39Mb)
Sushi: info  Exporting FHIR resources as JSON...                                                     (00:00.000 / 00:07.129, 39Mb)
Sushi: info  Exported 11 FHIR resources as JSON.                                                     (00:00.010 / 00:07.139, 39Mb)
Sushi: info  Assembling Implementation Guide sources...                                              (00:00.001 / 00:07.141, 39Mb)
Sushi: info  Generated ImplementationGuide-ans.fhir.fr.tde.json                                      (00:00.026 / 00:07.168, 39Mb)
Sushi: info  Assembled Implementation Guide sources; ready for IG Publisher.                         (00:00.000 / 00:07.168, 39Mb)
Sushi: ========================= SUSHI RESULTS ===========================                           (00:00.000 / 00:07.169, 39Mb)
Sushi: |  -------------------------------------------------------------  |                           (00:00.000 / 00:07.170, 39Mb)
Sushi: | |    Profiles   |  Extensions  |   Logicals   |   Resources   | |                           (00:00.000 / 00:07.170, 39Mb)
Sushi: | |-------------------------------------------------------------| |                           (00:00.000 / 00:07.171, 39Mb)
Sushi: | |       2       |      0       |      0       |       0       | |                           (00:00.000 / 00:07.172, 39Mb)
Sushi: |  -------------------------------------------------------------  |                           (00:00.000 / 00:07.172, 39Mb)
Sushi: |  -------------------------------------------------------------  |                           (00:00.000 / 00:07.173, 39Mb)
Sushi: | |      ValueSets     |    CodeSystems    |     Instances      | |                           (00:00.000 / 00:07.174, 39Mb)
Sushi: | |-------------------------------------------------------------| |                           (00:00.000 / 00:07.174, 39Mb)
Sushi: | |         0          |         0         |         9          | |                           (00:00.000 / 00:07.175, 39Mb)
Sushi: |  -------------------------------------------------------------  |                           (00:00.000 / 00:07.176, 39Mb)
Sushi: |                                                                 |                           (00:00.000 / 00:07.177, 39Mb)
Sushi: ===================================================================                           (00:00.000 / 00:07.177, 39Mb)
Sushi: | Fin-tastic job!                        0 Errors      0 Warnings |                           (00:00.000 / 00:07.178, 39Mb)
Sushi: ===================================================================                           (00:00.000 / 00:07.178, 39Mb)
Root directory: /tmp/ig-builds/ans.fhir.fr.tde#2.0.0-ballot                                          (00:00.010 / 00:07.189, 39Mb)
Unable to load IG as an r5 IG - try R4 (property code is a class com.google.gson.JsonPrimitive looking for an object) (00:00.430 / 00:07.619, 57Mb)
Load Template from https://github.com/ansforge/IG-template                                           (00:00.457 / 00:08.076, 61Mb)
 Load Template from fhir.base.template#current                                                       (00:00.989 / 00:09.066, 57Mb)
Scanning directory: /tmp/ig-builds/ans.fhir.fr.tde#2.0.0-ballot/template
======================================================================
Terminology Cache is at /tmp/ig-builds/ans.fhir.fr.tde#2.0.0-ballot/input-cache/txcache. Clearing now (00:03.179 / 00:12.245, 122Mb)
Core Package hl7.fhir.r4.core#4.0.1                                                                  (00:00.001 / 00:12.246, 122Mb)
Running Terminology Log: /tmp/ohfu-fhir-ig-4247654268530283544.html
Connect to Terminology Server at http://tx.fhir.org                                                  (00:03.777 / 00:16.023, 546Mb)
[39mLoad Package hl7.fhir.pubpack#0.2.4
[0;39m[39mLoad Package hl7.fhir.xver-extensions#0.1.0
[0;39m[39mLoad Package hl7.terminology.r4#7.0.1
[0;39m[39mLoad Package hl7.fhir.uv.extensions.r4#5.2.0
[0;39m[39mLoad Package hl7.terminology.r4#6.0.2
[0;39m[39mLoad Package hl7.fhir.uv.extensions.r4#5.1.0
[0;39m[39mLoad Package ans.fr.nos#1.3.0
[0;39m[39mLoad Package hl7.fhir.fr.core#2.1.0
[0;39m[39mLoad Package hl7.fhir.uv.tools.r4#0.9.0
[0;39mLoad R5 Specials
Cannot find or generate snapshot for base definition http://hl7.org/fhir/StructureDefinition/CanonicalResource from http://hl7.org/fhir/StructureDefinition/TestCases
Initialization complete                                                                              (00:22.616 / 00:38.640, 756Mb)
Load IG                                                                                              (00:00.000 / 00:38.640, 756Mb)
Load Content                                                                                         (00:00.003 / 00:38.643, 757Mb)
Using fr_FR as the default narrative language. (inferred from ImplementationGuide.jurisdiction=FR)   (00:00.064 / 00:38.708, 762Mb)
Process Loaded Resources                                                                             (00:00.479 / 00:39.188, 774Mb)
Generating Snapshots                                                                                 (00:00.104 / 00:39.292, 785Mb)

Signing Certificate: RSA key for Subject: OU=IG Publisher, L=Ann Arbor, CN=hl7.org, O=HL7, ST=Missouri, C=us from: OU=IG Publisher, L=Ann Arbor, CN=hl7.org, O=HL7, ST=Missouri, C=us
Fetch https://interop.esante.gouv.fr/ig/fhir/tde/package-list.json for version check                 (00:00.277 / 00:39.570, 861Mb)
Checking Language                                                                                    (00:00.778 / 00:40.348, 863Mb)
Load Dependency Info                                                                                 (00:00.001 / 00:40.349, 863Mb)
Load Info                                                                                            (00:00.001 / 00:40.351, 863Mb)
Load Paths                                                                                           (00:00.001 / 00:40.353, 864Mb)
Check R4 / R4B                                                                                       (00:00.000 / 00:40.354, 864Mb)
Assign Comparison Ids                                                                                (00:00.015 / 00:40.370, 867Mb)
Propagating status                                                                                   (00:00.000 / 00:40.370, 867Mb)
Generating Narratives                                                                                (00:00.000 / 00:40.371, 867Mb)
Validating Conformance Resources                                                                     (00:00.954 / 00:41.325, 824Mb)
Check profiles & code systems                                                                        (00:19.946 / 01:01.272, 691Mb)
Check realm rules                                                                                    (00:00.001 / 01:01.273, 691Mb)
Previous Version Comparison                                                                          (00:00.000 / 01:01.274, 691Mb)
Checking for Bundles to sign                                                                         (00:00.011 / 01:01.285, 692Mb)
Validating Resources                                                                                 (00:00.000 / 01:01.286, 692Mb)
Processing Provenance Records                                                                        (00:00.084 / 01:01.370, 705Mb)
Generating Outputs in /tmp/ig-builds/ans.fhir.fr.tde#2.0.0-ballot/output                             (00:00.000 / 01:01.371, 705Mb)
Generate Native Outputs                                                                              (00:00.197 / 01:01.569, 721Mb)
Run Template                                                                                         (00:00.569 / 01:02.138, 825Mb)
Generate HTML Outputs                                                                                (00:01.674 / 01:03.813, 880Mb)
Generate Spreadsheets                                                                                (00:01.880 / 01:05.693, 584Mb)
Generate Summaries                                                                                   (00:01.670 / 01:07.363, 902Mb)
Generating Summary Outputs                                                                           (00:00.000 / 01:07.364, 902Mb)
Unable to find 3-character code having same country code as ISO 2-char code AA - User-assigned       (00:07.171 / 01:14.535, 954Mb)
Unable to find 3-character code having same country code as ISO 2-char code QM - User-assigned       (00:00.000 / 01:14.536, 954Mb)
Unable to find 3-character code having same country code as ISO 2-char code QN - User-assigned       (00:00.000 / 01:14.537, 954Mb)
Unable to find 3-character code having same country code as ISO 2-char code QO - User-assigned       (00:00.000 / 01:14.538, 954Mb)
Unable to find 3-character code having same country code as ISO 2-char code QP - User-assigned       (00:00.000 / 01:14.538, 954Mb)
Unable to find 3-character code having same country code as ISO 2-char code QQ - User-assigned       (00:00.000 / 01:14.539, 954Mb)
Unable to find 3-character code having same country code as ISO 2-char code QR - User-assigned       (00:00.000 / 01:14.540, 954Mb)
Unable to find 3-character code having same country code as ISO 2-char code QS - User-assigned       (00:00.000 / 01:14.541, 954Mb)
Unable to find 3-character code having same country code as ISO 2-char code QT - User-assigned       (00:00.000 / 01:14.541, 954Mb)
Unable to find 3-character code having same country code as ISO 2-char code QU - User-assigned       (00:00.000 / 01:14.542, 954Mb)
Unable to find 3-character code having same country code as ISO 2-char code QV - User-assigned       (00:00.000 / 01:14.543, 954Mb)
Unable to find 3-character code having same country code as ISO 2-char code QW - User-assigned       (00:00.000 / 01:14.544, 954Mb)
Unable to find 3-character code having same country code as ISO 2-char code QX - User-assigned       (00:00.000 / 01:14.545, 954Mb)
Unable to find 3-character code having same country code as ISO 2-char code QY - User-assigned       (00:00.000 / 01:14.545, 954Mb)
Unable to find 3-character code having same country code as ISO 2-char code QZ - User-assigned       (00:00.000 / 01:14.546, 954Mb)
Unable to find 3-character code having same country code as ISO 2-char code XA - User-assigned       (00:00.000 / 01:14.547, 954Mb)
Unable to find 3-character code having same country code as ISO 2-char code XB - User-assigned       (00:00.000 / 01:14.547, 954Mb)
Unable to find 3-character code having same country code as ISO 2-char code XC - User-assigned       (00:00.000 / 01:14.548, 954Mb)
Unable to find 3-character code having same country code as ISO 2-char code XD - User-assigned       (00:00.000 / 01:14.548, 954Mb)
Unable to find 3-character code having same country code as ISO 2-char code XE - User-assigned       (00:00.000 / 01:14.549, 954Mb)
Unable to find 3-character code having same country code as ISO 2-char code XF - User-assigned       (00:00.000 / 01:14.550, 954Mb)
Unable to find 3-character code having same country code as ISO 2-char code XG - User-assigned       (00:00.000 / 01:14.550, 954Mb)
Unable to find 3-character code having same country code as ISO 2-char code XH - User-assigned       (00:00.000 / 01:14.551, 954Mb)
Unable to find 3-character code having same country code as ISO 2-char code XI - User-assigned       (00:00.000 / 01:14.551, 954Mb)
Unable to find 3-character code having same country code as ISO 2-char code XJ - User-assigned       (00:00.000 / 01:14.552, 954Mb)
Unable to find 3-character code having same country code as ISO 2-char code XK - Kosovo              (00:00.000 / 01:14.552, 954Mb)
Unable to find 3-character code having same country code as ISO 2-char code XL - User-assigned       (00:00.000 / 01:14.553, 954Mb)
Unable to find 3-character code having same country code as ISO 2-char code XM - User-assigned       (00:00.000 / 01:14.553, 954Mb)
Unable to find 3-character code having same country code as ISO 2-char code XN - User-assigned       (00:00.000 / 01:14.554, 954Mb)
Unable to find 3-character code having same country code as ISO 2-char code XO - User-assigned       (00:00.000 / 01:14.554, 954Mb)
Unable to find 3-character code having same country code as ISO 2-char code XP - User-assigned       (00:00.000 / 01:14.554, 954Mb)
Unable to find 3-character code having same country code as ISO 2-char code XQ - User-assigned       (00:00.000 / 01:14.555, 954Mb)
Unable to find 3-character code having same country code as ISO 2-char code XR - User-assigned       (00:00.000 / 01:14.555, 954Mb)
Unable to find 3-character code having same country code as ISO 2-char code XS - User-assigned       (00:00.000 / 01:14.555, 954Mb)
Unable to find 3-character code having same country code as ISO 2-char code XT - User-assigned       (00:00.000 / 01:14.556, 954Mb)
Unable to find 3-character code having same country code as ISO 2-char code XU - User-assigned       (00:00.000 / 01:14.556, 954Mb)
Unable to find 3-character code having same country code as ISO 2-char code XV - User-assigned       (00:00.000 / 01:14.557, 954Mb)
Unable to find 3-character code having same country code as ISO 2-char code XW - User-assigned       (00:00.000 / 01:14.557, 954Mb)
Unable to find 3-character code having same country code as ISO 2-char code XX - Unknown             (00:00.000 / 01:14.557, 954Mb)
Unable to find 3-character code having same country code as ISO 2-char code XY - User-assigned       (00:00.000 / 01:14.558, 954Mb)
Unable to find 3-character code having same country code as ISO 2-char code XZ - International Waters (00:00.000 / 01:14.558, 954Mb)
Unable to find 3-character code having same country code as ISO 2-char code ZZ - Unknown or Invalid Territory (00:00.000 / 01:14.559, 954Mb)
DB Cumulative Time invested: 00:00:00.63
Sending Usage Stats to Server                                                                        (00:00.153 / 01:14.712, 961Mb)
## Memory (MB): Use = 962, Free = 167, Total = 1130, Max = 4000                                      (00:00.003 / 01:14.715, 962Mb)
Reclaiming memory...                                                                                 (00:00.000 / 01:14.716, 962Mb)
## Memory (MB): Use = 648, Free = 481, Total = 1130, Max = 4000                                      (00:00.348 / 01:15.064, 649Mb)
Run jekyll: jekyll build --destination "/tmp/ig-builds/ans.fhir.fr.tde#2.0.0-ballot/output" (in folder /tmp/ig-builds/ans.fhir.fr.tde#2.0.0-ballot/temp/pages) (00:00.001 / 01:15.066, 649Mb)
Troubleshooting Note: usual cases for Jekyll to fail are:                                            (00:00.000 / 01:15.066, 649Mb)
* A failure to produce a fragment that is already logged in the output above                         (00:00.000 / 01:15.067, 649Mb)
* A reference to a manually edited file that hasn't been provided                                    (00:00.000 / 01:15.067, 649Mb)
Jekyll: Source: /tmp/ig-builds/ans.fhir.fr.tde#2.0.0-ballot/temp/pages                               (00:00.475 / 01:15.543, 651Mb)
Jekyll: Generating...                                                                                (00:00.000 / 01:15.544, 651Mb)
Jekyll: done in 0.75 seconds.                                                                        (00:00.749 / 01:16.294, 651Mb)
[39m
[0;39m[39mInstalling ans.fhir.fr.tde#2.0.0-ballot
[0;39m[39m done.
[0;39mChecking Output HTML                                                                                 (00:00.829 / 01:17.124, 870Mb)
Processed /tmp/ig-builds/ans.fhir.fr.tde#2.0.0-ballot/output - % reduction = 98 (7631208 ==> 177110)
found 756 files                                                                                      (00:00.514 / 01:17.638, 914Mb)
.........................................
.........................................
  ... 756 html files, 0 pages invalid xhtml (0%)                                                     (00:02.926 / 01:20.564, 1020Mb)
  ... 33087 links, 0 broken links (0%)                                                               (00:00.000 / 01:20.565, 1020Mb)
Generate fragment-usage-analysis.csv                                                                 (00:00.000 / 01:20.565, 1020Mb)
Build final .zip                                                                                     (00:00.009 / 01:20.574, 1020Mb)
Final .zip built                                                                                     (00:00.740 / 01:21.315, 1Gb)
Built. Times: loading: 00:01.704, generate: 00:42.650, narrative generation: 00:00.953, realm-rules: 00:00.000, previous-version: 00:00.000, jekyll: 00:01.237, validation: 00:20.027 (#12), template: 00:01.606 (#3) (00:01.683 / 01:22.999, 705Mb)
Generating QA                                                                                        (00:00.000 / 01:22.999, 705Mb)
Internal error in location for message: 'Error @1, 2: Found / expecting a token name', loc = '/tmp/ig-builds/ans.fhir.fr.tde#2.0.0-ballot/output/normes_standards.html', err = 'Illegal HTML: Illegal HTML element: section'
Internal error in location for message: 'Error @1, 2: Found / expecting a token name', loc = '/tmp/ig-builds/ans.fhir.fr.tde#2.0.0-ballot/output/specifications_technique_api.html', err = 'Illegal HTML: illegal html element: query ( représente les autres paramètres, sous la forme param=va'
Validation output in /tmp/ig-builds/ans.fhir.fr.tde#2.0.0-ballot/output/qa.html
Errors: 1, Warnings: 17, Info: 1, Broken Links: 0 (00:00.171 / 01:23.171, 727Mb)
Finished @ 09/02/2026 14:43. Max Memory Used = 1Gb. Log file saved in /tmp/fhir-ig-publisher-tmp.log (00:00.010 / 01:23.182, 728Mb)
Keep a copy of the build directory at /tmp/web-root/run-20260209/ig-build-zips/ans.fhir.fr.tde#2.0.0-ballot.zip

ok. All checks passed. Publish v2.0.0-ballot to /tmp/web-root/run-20260209/tde/2.0.0-ballot
Copy the IG to /tmp/web-root/run-20260209/tde/2.0.0-ballot
Update /tmp/web-root/run-20260209/tde/package-list.json
Publish Box Statement: This page is part of the Volet Traçabilité des événements (v2.0.0-ballot: <a data-no-external="true" href="https://confluence.hl7.org/display/HL7/HL7+Balloting" title="Standard for Trial-Use">STU</a>1 Ballot 1) based on <a data-no-external="true" href="http://hl7.org/fhir/R4">FHIR (HL7® FHIR® Standard) R4</a>. No current official version has been published yet.  For a full list of available versions, see the <a data-no-external="true" href="https://interop.esante.gouv.fr/ig/fhir/tde/history.html">Directory of published versions</a>
  .. 81 files checked, 81 updated
  .. 28 clones checked, 54 updated
  .. 12 redirections (12 created/updated)
ans.fhir.fr.tde (https://interop.esante.gouv.fr/ig/fhir/tde): Volet Traçabilité des événements @ https://ansforge.github.io/interop-ig-fhir-tracabilite-evenements/main/ig
  candidate: STU1 Ballot 2.0.0-ballot/4.0.1 @ https://interop.esante.gouv.fr/ig/fhir/tde/2.0.0-ballot
Build is complete. Copy from /tmp/web-root/run-20260209
Update history page at /tmp/web-root/run-20260209/tde from /home/runner/work/interop-ig-fhir-tracabilite-evenements/interop-ig-fhir-tracabilite-evenements/./IG-website-release/fhir-ig-history-template and ./IG-website-release/templates
