FHIR IG Publisher Version 2.2.10 (Git# 37a39a2cca2d). Built 2026-06-25T21:40:25.53Z (3 days old)
Detected Java version: 17.0.19 from /usr/lib/jvm/java-17-openjdk-amd64 on amd64 (64bit). 3998MB available
dir = /__w/IG-fhir-medicosocial-suivi-decisions-orientation/IG-fhir-medicosocial-suivi-decisions-orientation, path = /usr/local/sbin:/usr/local/bin:/usr/sbin:/usr/bin:/sbin:/bin
Parameters: -go-publish -authorise-non-conformant-tx-servers -source ./igSource -web ./IG-website-release/www/ig/fhir -registry ./IG-website-release/ig-registry/fhir-ig-list.json -history ./IG-website-release/fhir-ig-history-template -templates ./IG-website-release/templates
---------------
Publication Run: publish ./igSource to ./IG-website-release/www/ig/fhir
Relative directory for IG is '/sdo'
===== Web Publication Run Details ===============================
 Source IG: ans.fhir.fr.sdo#4.0.7 : https://interop.esante.gouv.fr/ig/fhir/sdo (R4) from ./igSource
All checks passed. Do the publication build from /__w/IG-fhir-medicosocial-suivi-decisions-orientation/IG-fhir-medicosocial-suivi-decisions-orientation/./igSource and publish to /tmp/web-root/run-20260629/sdo
Prepare Build space in /tmp/ig-builds/ans.fhir.fr.sdo#4.0.7
Build IG at /__w/IG-fhir-medicosocial-suivi-decisions-orientation/IG-fhir-medicosocial-suivi-decisions-orientation/./igSource: final copy suitable for publication (in /tmp/ig-builds/ans.fhir.fr.sdo#4.0.7)
FHIR IG Publisher Version 2.2.10 (Git# 37a39a2cca2d). Built 2026-06-25T21:40:25.53Z (3 days old)    
Detected Java version: 17.0.19 from /usr/lib/jvm/java-17-openjdk-amd64 on Linux/amd64 (64bit). 3998MB available
dir = /__w/IG-fhir-medicosocial-suivi-decisions-orientation/IG-fhir-medicosocial-suivi-decisions-orientation, path = /usr/local/sbin:/usr/local/bin:/usr/sbin:/usr/bin:/sbin:/bin
Parameters: -publish https://interop.esante.gouv.fr/ig/fhir/sdo/4.0.7 -no-exit -ig /tmp/ig-builds/ans.fhir.fr.sdo#4.0.7 -resetTx
Character encoding = UTF-8 / UTF-8                                                                  
Start Clock @ Monday, June 29, 2026 at 8:44:24 AM Coordinated Universal Time (2026-06-29T08:44:24Z) 
                                                                                                    
Build FHIR IG from /tmp/ig-builds/ans.fhir.fr.sdo#4.0.7                                              (00:00.020 / 00:00.020, 45Mb)
Build Formal Publication package, intended for https://interop.esante.gouv.fr/ig/fhir/sdo/4.0.7      (00:00.003 / 00:00.023, 45Mb)
API keys loaded from /root/.fhir/fhir-settings.json                                                  (00:00.001 / 00:00.024, 45Mb)
Package Cache: /root/.fhir/packages                                                                  (00:00.003 / 00:00.028, 46Mb)
Run Sushi on /tmp/ig-builds/ans.fhir.fr.sdo#4.0.7                                                    (00:00.003 / 00:00.031, 46Mb)
Sushi: info  Running SUSHI v3.20.0 (implements FHIR Shorthand specification v3.0.0)                  (00:00.621 / 00:00.653, 49Mb)
Sushi: info  Arguments:                                                                              (00:00.001 / 00:00.655, 49Mb)
Sushi: info    --require-latest                                                                      (00:00.001 / 00:00.656, 49Mb)
Sushi: info    --out /tmp/ig-builds/ans.fhir.fr.sdo#4.0.7                                            (00:00.001 / 00:00.657, 49Mb)
Sushi: info    /tmp/ig-builds/ans.fhir.fr.sdo#4.0.7                                                  (00:00.001 / 00:00.658, 49Mb)
Sushi: info  Using configuration file: /tmp/ig-builds/ans.fhir.fr.sdo#4.0.7/sushi-config.yaml        (00:00.576 / 00:01.235, 49Mb)
Sushi: info  Importing FSH text...                                                                   (00:00.099 / 00:01.334, 49Mb)
Sushi: info  Preprocessed 20 documents with 17 aliases.                                              (00:00.187 / 00:01.522, 49Mb)
Sushi: info  Imported 7 definitions and 15 instances.                                                (00:00.013 / 00:01.535, 49Mb)
Sushi: info  Loaded virtual package sushi-r5forR4#1.0.0 with 7 resources                             (00:00.409 / 00:01.945, 49Mb)
Sushi: info  Resolved hl7.fhir.uv.tools.r4#latest to concrete version 1.1.2                          (00:00.631 / 00:02.577, 49Mb)
Sushi: info  Attempting to download hl7.fhir.uv.tools.r4#1.1.2 from https://packages.fhir.org/hl7.fhir.uv.tools.r4/1.1.2 (00:00.000 / 00:02.578, 49Mb)
Sushi: info  Downloaded hl7.fhir.uv.tools.r4#1.1.2                                                   (00:00.399 / 00:02.978, 49Mb)
Sushi: info  Cached hl7.fhir.uv.tools.r4#1.1.2 to /github/home/.fhir/packages/hl7.fhir.uv.tools.r4#1.1.2 (00:00.139 / 00:03.117, 49Mb)
Sushi: info  Loaded hl7.fhir.uv.tools.r4#1.1.2 with 119 resources                                    (00:00.103 / 00:03.221, 49Mb)
Sushi: info  Resolved hl7.terminology.r4#latest to concrete version 7.2.0                            (00:00.110 / 00:03.331, 49Mb)
Sushi: info  Attempting to download hl7.terminology.r4#7.2.0 from https://packages.fhir.org/hl7.terminology.r4/7.2.0 (00:00.001 / 00:03.332, 49Mb)
Sushi: info  Downloaded hl7.terminology.r4#7.2.0                                                     (00:01.738 / 00:05.071, 49Mb)
Sushi: info  Cached hl7.terminology.r4#7.2.0 to /github/home/.fhir/packages/hl7.terminology.r4#7.2.0 (00:00.485 / 00:05.557, 49Mb)
Sushi: info  Loaded hl7.terminology.r4#7.2.0 with 4165 resources                                     (00:00.865 / 00:06.423, 49Mb)
Sushi: info  Resolved ans.fr.terminologies#latest to concrete version 1.10.0                         (00:00.119 / 00:06.542, 49Mb)
Sushi: info  Attempting to download ans.fr.terminologies#1.10.0 from https://packages.fhir.org/ans.fr.terminologies/1.10.0 (00:00.001 / 00:06.543, 49Mb)
Sushi: info  Downloaded ans.fr.terminologies#1.10.0                                                  (00:00.646 / 00:07.190, 49Mb)
Sushi: info  Cached ans.fr.terminologies#1.10.0 to /github/home/.fhir/packages/ans.fr.terminologies#1.10.0 (00:00.142 / 00:07.332, 49Mb)
Sushi: info  Loaded ans.fr.terminologies#1.10.0 with 1263 resources                                  (00:00.351 / 00:07.684, 49Mb)
Sushi: info  Attempting to download hl7.fhir.r4.core#4.0.1 from https://packages.fhir.org/hl7.fhir.r4.core/4.0.1 (00:00.001 / 00:07.685, 49Mb)
Sushi: info  Downloaded hl7.fhir.r4.core#4.0.1                                                       (00:01.358 / 00:09.044, 49Mb)
Sushi: info  Cached hl7.fhir.r4.core#4.0.1 to /github/home/.fhir/packages/hl7.fhir.r4.core#4.0.1     (00:00.571 / 00:09.615, 49Mb)
Sushi: info  Loaded hl7.fhir.r4.core#4.0.1 with 4581 resources                                       (00:00.859 / 00:10.475, 49Mb)
Sushi: info  Attempting to download hl7.fhir.uv.extensions.r4#5.2.0 from https://packages.fhir.org/hl7.fhir.uv.extensions.r4/5.2.0 (00:00.001 / 00:10.476, 49Mb)
Sushi: info  Downloaded hl7.fhir.uv.extensions.r4#5.2.0                                              (00:00.505 / 00:10.982, 49Mb)
Sushi: info  Cached hl7.fhir.uv.extensions.r4#5.2.0 to /github/home/.fhir/packages/hl7.fhir.uv.extensions.r4#5.2.0 (00:00.131 / 00:11.113, 49Mb)
Sushi: info  Loaded hl7.fhir.uv.extensions.r4#5.2.0 with 759 resources                               (00:00.180 / 00:11.294, 49Mb)
Sushi: info  Loaded virtual package sushi-local#LOCAL with 0 resources                               (00:00.010 / 00:11.304, 49Mb)
Sushi: info  Converting FSH to FHIR resources...                                                     (00:00.021 / 00:11.326, 49Mb)
Sushi: info  Converted 5 FHIR StructureDefinitions.                                                  (00:00.972 / 00:12.298, 49Mb)
Sushi: info  Converted 1 FHIR CodeSystems.                                                           (00:00.023 / 00:12.322, 49Mb)
Sushi: info  Converted 1 FHIR ValueSets.                                                             (00:00.021 / 00:12.343, 49Mb)
Sushi: info  Converted 15 FHIR instances.                                                            (00:01.075 / 00:13.419, 49Mb)
Sushi: info  Exporting FHIR resources as JSON...                                                     (00:00.001 / 00:13.420, 49Mb)
Sushi: info  Exported 16 FHIR resources as JSON.                                                     (00:00.027 / 00:13.448, 49Mb)
Sushi: info  Assembling Implementation Guide sources...                                              (00:00.001 / 00:13.450, 49Mb)
Sushi: info  Generated ImplementationGuide-ans.fhir.fr.sdo.json                                      (00:00.033 / 00:13.483, 49Mb)
Sushi: info  Assembled Implementation Guide sources; ready for IG Publisher.                         (00:00.000 / 00:13.484, 49Mb)
Sushi: ========================= SUSHI RESULTS ===========================                           (00:00.000 / 00:13.485, 49Mb)
Sushi: |  -------------------------------------------------------------  |                           (00:00.001 / 00:13.486, 49Mb)
Sushi: | |    Profiles   |  Extensions  |   Logicals   |   Resources   | |                           (00:00.001 / 00:13.487, 49Mb)
Sushi: | |-------------------------------------------------------------| |                           (00:00.000 / 00:13.488, 49Mb)
Sushi: | |       5       |      0       |      0       |       0       | |                           (00:00.000 / 00:13.489, 49Mb)
Sushi: |  -------------------------------------------------------------  |                           (00:00.000 / 00:13.490, 49Mb)
Sushi: |  -------------------------------------------------------------  |                           (00:00.000 / 00:13.491, 49Mb)
Sushi: | |      ValueSets     |    CodeSystems    |     Instances      | |                           (00:00.000 / 00:13.491, 49Mb)
Sushi: | |-------------------------------------------------------------| |                           (00:00.000 / 00:13.492, 49Mb)
Sushi: | |         1          |         1         |         15         | |                           (00:00.000 / 00:13.493, 49Mb)
Sushi: |  -------------------------------------------------------------  |                           (00:00.000 / 00:13.494, 49Mb)
Sushi: |                                                                 |                           (00:00.000 / 00:13.494, 49Mb)
Sushi: ===================================================================                           (00:00.000 / 00:13.495, 49Mb)
Sushi: | You earned a PhD in Ichthyology!       0 Errors      0 Warnings |                           (00:00.000 / 00:13.496, 49Mb)
Sushi: ===================================================================                           (00:00.000 / 00:13.497, 49Mb)
Root directory: /tmp/ig-builds/ans.fhir.fr.sdo#4.0.7                                                 (00:00.013 / 00:13.510, 49Mb)
Unable to load IG as an r5 IG - try R4 (property code is a class com.google.gson.JsonPrimitive looking for an object) (00:00.429 / 00:13.940, 61Mb)
Load Template from https://github.com/ansforge/IG-template                                           (00:00.465 / 00:14.405, 62Mb)
 Load Template from fhir2.base.template#current                                                      (00:00.564 / 00:14.970, 31Mb)
Scanning directory: /tmp/ig-builds/ans.fhir.fr.sdo#4.0.7/template
======================================================================
Terminology Cache is at /tmp/ig-builds/ans.fhir.fr.sdo#4.0.7/input-cache/txcache. Clearing now       (00:05.675 / 00:20.645, 153Mb)
Core Package hl7.fhir.r4.core#4.0.1                                                                  (00:00.002 / 00:20.648, 153Mb)
Running Terminology Log: /tmp/ohfu-fhir-ig-12390821565567442029.html
Connect to Terminology Server at http://tx.fhir.org                                                  (00:04.194 / 00:24.843, 421Mb)
Unable to start a terminology cache on https://tx.fhir.org/r4 via $cache-control (Error from https://tx.fhir.org/r4: Error: $cache-control requires a 'mode' of 'start' or 'end' (got 'START_CACHE')); caching disabled for this server (00:01.026 / 00:25.870, 463Mb)
[39mLoad Package hl7.fhir.pubpack#0.2.5
[0;39m[39mLoad Package hl7.fhir.xver-extensions#0.1.0
[0;39m[39mLoad Package hl7.terminology.r4#7.2.0
[0;39m[39mLoad Package hl7.fhir.uv.extensions.r4#5.2.0
[0;39m[39mLoad Package hl7.terminology.r4#7.1.0
[0;39m[39mLoad Package hl7.terminology.r4#5.0.0
[0;39m[39mLoad Package fhir.dicom#2022.4.20221006
[0;39m[39mLoad Package hl7.fhir.uv.ips#1.1.0
[0;39m[39mLoad Package ans.fr.terminologies#1.10.0
[0;39m[39mLoad Package hl7.fhir.uv.extensions.r4#5.2.0
[0;39m[39mLoad Package hl7.fhir.uv.tools.r4#1.1.2
[0;39mLoad R5 Specials
Initialization complete                                                                              (00:08.006 / 00:33.877, 455Mb)
Load IG                                                                                              (00:00.001 / 00:33.878, 455Mb)
Load Translations                                                                                    (00:00.003 / 00:33.881, 457Mb)
Load Content                                                                                         (00:00.000 / 00:33.882, 457Mb)
Using fr as the default narrative language. (Implementation Guide param i18n-default-lang)           (00:00.036 / 00:33.918, 462Mb)
Ignoring file /tmp/ig-builds/ans.fhir.fr.sdo#4.0.7/input/translations/en/.gitkeep - name is not {type}-{id}.xxx
Process Loaded Resources                                                                             (00:00.120 / 00:34.038, 491Mb)
Generating Snapshots                                                                                 (00:00.079 / 00:34.117, 513Mb)

Signing Certificate: RSA key for Subject: OU=IG Publisher, L=Ann Arbor, CN=hl7.org, O=HL7, ST=Missouri, C=us from: OU=IG Publisher, L=Ann Arbor, CN=hl7.org, O=HL7, ST=Missouri, C=us
Fetch https://interop.esante.gouv.fr/ig/fhir/sdo/package-list.json for version check                 (00:00.391 / 00:34.509, 651Mb)
Checking Language                                                                                    (00:00.580 / 00:35.089, 653Mb)
Load Dependency Info                                                                                 (00:00.002 / 00:35.091, 653Mb)
Load Info                                                                                            (00:00.001 / 00:35.093, 653Mb)
Load Paths                                                                                           (00:00.001 / 00:35.095, 654Mb)
Check R4 / R4B                                                                                       (00:00.002 / 00:35.097, 654Mb)
Assign Comparison Ids                                                                                (00:00.021 / 00:35.119, 658Mb)
Propagating status                                                                                   (00:00.001 / 00:35.120, 658Mb)
Generating Narratives                                                                                (00:00.001 / 00:35.122, 658Mb)
Unable to start a terminology cache on https://tx.fhir.org/r4 via $cache-control (Error from https://tx.fhir.org/r4: Error: $cache-control requires a 'mode' of 'start' or 'end' (got 'START_CACHE')); caching disabled for this server (00:00.576 / 00:35.698, 685Mb)
Validating Conformance Resources                                                                     (00:01.935 / 00:37.633, 437Mb)
Check profiles & code systems                                                                        (00:10.440 / 00:48.074, 726Mb)
Check realm rules                                                                                    (00:00.002 / 00:48.076, 726Mb)
Previous Version Comparison                                                                          (00:00.001 / 00:48.077, 726Mb)
Comparing previous version 4.0.6                                                                     (00:00.000 / 00:48.078, 726Mb)
[39mUnable to start a terminology cache on https://tx.fhir.org/r4 via $cache-control (Error from https://tx.fhir.org/r4: Error: $cache-control requires a 'mode' of 'start' or 'end' (got 'START_CACHE')); caching disabled for this server
[0;39m.. loaded. Process                                                                                   (00:07.561 / 00:55.640, 722Mb)
  ...ImplementationGuide ans.fhir.fr.sdo                                                             (00:00.001 / 00:55.641, 722Mb)
  ...CapabilityStatement ESMSConsommateur                                                            (00:00.000 / 00:55.642, 722Mb)
  ...CapabilityStatement ESMSProducteur                                                              (00:00.000 / 00:55.642, 722Mb)
  ...CapabilityStatement gestionnaire-sdo                                                            (00:00.000 / 00:55.643, 722Mb)
  ...CodeSystem input-task-sdo-codesystem                                                            (00:00.000 / 00:55.644, 722Mb)
  ...StructureDefinition esms-bundle-resultat-recherche-decision-evaluation                          (00:00.000 / 00:55.645, 722Mb)
  ...StructureDefinition esms-bundle-resultat-recherche-notification-esms                            (00:00.000 / 00:55.646, 722Mb)
  ...StructureDefinition esms-consent                                                                (00:00.000 / 00:55.646, 722Mb)
  ...StructureDefinition esms-document-reference                                                     (00:00.000 / 00:55.647, 722Mb)
  ...StructureDefinition esms-task                                                                   (00:00.000 / 00:55.648, 722Mb)
  ...ValueSet type-document-reference-esms-valueset                                                  (00:00.000 / 00:55.649, 722Mb)
finish previous version comparison                                                                   (00:00.000 / 00:55.650, 722Mb)
finish ipa version                                                                                   (00:00.781 / 00:56.431, 1Gb)
finish ips version                                                                                   (00:00.000 / 00:56.432, 1Gb)
comparisons done                                                                                     (00:00.000 / 00:56.433, 1Gb)
Checking for Bundles to sign                                                                         (00:00.019 / 00:56.452, 1Gb)
Validating Resources                                                                                 (00:00.000 / 00:56.453, 1Gb)
Processing Provenance Records                                                                        (00:01.665 / 00:58.118, 1Gb)
Generating Translation artifacts                                                                     (00:00.000 / 00:58.119, 1Gb)
Generating Outputs in /tmp/ig-builds/ans.fhir.fr.sdo#4.0.7/output                                    (00:00.078 / 00:58.197, 1Gb)
Generate Native Outputs                                                                              (00:00.276 / 00:58.474, 1Gb)
Run Template                                                                                         (00:04.953 / 01:03.428, 795Mb)
Generate HTML Outputs                                                                                (00:02.006 / 01:05.434, 867Mb)
Generate Spreadsheets                                                                                (00:05.906 / 01:11.341, 1Gb)
Generate Summaries                                                                                   (00:02.115 / 01:13.457, 1Gb)
Generating Summary Outputs (fr)                                                                      (00:00.001 / 01:13.458, 1Gb)
Generating Summary Outputs (en)                                                                      (00:07.060 / 01:20.518, 1Gb)
DB Cumulative Time invested: 00:00:00.88
Sending Usage Stats to Server                                                                        (00:03.310 / 01:23.829, 1Gb)
## Memory (MB): Use = 1405, Free = 708, Total = 2114, Max = 3998                                     (00:00.004 / 01:23.834, 1Gb)
Reclaiming memory...                                                                                 (00:00.001 / 01:23.835, 1Gb)
Generating combined package                                                                          (00:00.003 / 01:23.838, 1Gb)
Error generating combined package: /tmp/ig-builds/ans.fhir.fr.sdo#4.0.7/output/package.tgz (No such file or directory) (00:00.003 / 01:23.842, 1Gb)
## Memory (MB): Use = 633, Free = 1480, Total = 2114, Max = 3998                                     (00:00.317 / 01:24.160, 634Mb)
Run jekyll: jekyll build --destination "/tmp/ig-builds/ans.fhir.fr.sdo#4.0.7/output" (in folder /tmp/ig-builds/ans.fhir.fr.sdo#4.0.7/temp/pages) (00:00.001 / 01:24.161, 634Mb)
Troubleshooting Note: usual cases for Jekyll to fail are:                                            (00:00.000 / 01:24.162, 634Mb)
* A failure to produce a fragment that is already logged in the output above                         (00:00.001 / 01:24.164, 634Mb)
* A reference to a manually edited file that hasn't been provided                                    (00:00.001 / 01:24.165, 634Mb)
Jekyll: Source: /tmp/ig-builds/ans.fhir.fr.sdo#4.0.7/temp/pages                                      (00:00.548 / 01:24.713, 638Mb)
Jekyll: Generating...                                                                                (00:00.001 / 01:24.714, 638Mb)
Jekyll: done in 3.055 seconds.                                                                       (00:03.054 / 01:27.768, 638Mb)
[39m
[0;39m[39mInstalling ans.fhir.fr.sdo#4.0.7
[0;39m[39m done.
[0;39m[39m loaded @ /root/.fhir/packages/ans.fhir.fr.sdo#4.0.7
[0;39mChecking Output HTML                                                                                 (00:01.299 / 01:29.067, 1Gb)
AI format for /tmp/ig-builds/ans.fhir.fr.sdo#4.0.7/output/fr - % reduction = 100
AI format for /tmp/ig-builds/ans.fhir.fr.sdo#4.0.7/output/en - % reduction = 100
found 2398 files                                                                                     (00:01.180 / 01:30.248, 1Gb)
........................................
........................................
  ... 2398 html files, 0 pages invalid xhtml (0%)                                                    (00:13.450 / 01:43.698, 1Gb)
  ... 212472 links, 1 broken links (0%)                                                              (00:00.001 / 01:43.700, 1Gb)
Generate fragment-usage-analysis.csv                                                                 (00:00.000 / 01:43.701, 1Gb)
Build final .zip                                                                                     (00:00.007 / 01:43.708, 1Gb)
Final .zip built                                                                                     (00:03.526 / 01:47.234, 1Gb)
Built. Times: loading: 00:01.207, generate: 01:15.198, narrative generation: 00:02.510, realm-rules: 00:00.001, previous-version: 00:08.355, jekyll: 00:03.631, validation: 00:12.102 (#17), template: 00:01.920 (#3) (00:03.053 / 01:50.287, 961Mb)
Generating QA                                                                                        (00:00.001 / 01:50.289, 961Mb)
Validation output in /tmp/ig-builds/ans.fhir.fr.sdo#4.0.7/output/qa.html
Errors: 1, Warnings: 22, Info: 19, Broken Links: 1 (00:00.167 / 01:50.456, 991Mb)
Finished @ 29/06/2026 08:46. Max Memory Used = 1Gb. Log file saved in /tmp/fhir-ig-publisher-tmp.log (00:00.019 / 01:50.476, 992Mb)
Prepare Build space in /tmp/ig-builds/ans.fhir.fr.sdo#4.0.7-milestone
Build IG at /__w/IG-fhir-medicosocial-suivi-decisions-orientation/IG-fhir-medicosocial-suivi-decisions-orientation/./igSource: final copy suitable for publication (in /tmp/ig-builds/ans.fhir.fr.sdo#4.0.7-milestone) (milestone build)
FHIR IG Publisher Version 2.2.10 (Git# 37a39a2cca2d). Built 2026-06-25T21:40:25.53Z (3 days old)    
Detected Java version: 17.0.19 from /usr/lib/jvm/java-17-openjdk-amd64 on Linux/amd64 (64bit). 3998MB available
dir = /__w/IG-fhir-medicosocial-suivi-decisions-orientation/IG-fhir-medicosocial-suivi-decisions-orientation, path = /usr/local/sbin:/usr/local/bin:/usr/sbin:/usr/bin:/sbin:/bin
Parameters: -publish https://interop.esante.gouv.fr/ig/fhir/sdo/4.0.7 -no-exit -ig /tmp/ig-builds/ans.fhir.fr.sdo#4.0.7-milestone -milestone
Character encoding = UTF-8 / UTF-8                                                                  
Start Clock @ Monday, June 29, 2026 at 8:46:20 AM Coordinated Universal Time (2026-06-29T08:46:20Z) 
                                                                                                    
Build FHIR IG from /tmp/ig-builds/ans.fhir.fr.sdo#4.0.7-milestone                                    (00:00.002 / 00:00.002, 1Gb)
Build Formal Publication package, intended for https://interop.esante.gouv.fr/ig/fhir/sdo/4.0.7      (00:00.000 / 00:00.002, 1Gb)
API keys loaded from /root/.fhir/fhir-settings.json                                                  (00:00.000 / 00:00.003, 1Gb)
Package Cache: /root/.fhir/packages                                                                  (00:00.000 / 00:00.003, 1Gb)
Run Sushi on /tmp/ig-builds/ans.fhir.fr.sdo#4.0.7-milestone                                          (00:00.000 / 00:00.004, 1Gb)
Sushi: info  Running SUSHI v3.20.0 (implements FHIR Shorthand specification v3.0.0)                  (00:00.436 / 00:00.441, 1Gb)
Sushi: info  Arguments:                                                                              (00:00.000 / 00:00.442, 1Gb)
Sushi: info    --require-latest                                                                      (00:00.000 / 00:00.443, 1Gb)
Sushi: info    --out /tmp/ig-builds/ans.fhir.fr.sdo#4.0.7-milestone                                  (00:00.000 / 00:00.443, 1Gb)
Sushi: info    /tmp/ig-builds/ans.fhir.fr.sdo#4.0.7-milestone                                        (00:00.000 / 00:00.444, 1Gb)
Sushi: info  Using configuration file: /tmp/ig-builds/ans.fhir.fr.sdo#4.0.7-milestone/sushi-config.yaml (00:00.471 / 00:00.915, 1Gb)
Sushi: info  Importing FSH text...                                                                   (00:00.097 / 00:01.013, 1Gb)
Sushi: info  Preprocessed 20 documents with 17 aliases.                                              (00:00.169 / 00:01.183, 1Gb)
Sushi: info  Imported 7 definitions and 15 instances.                                                (00:00.013 / 00:01.196, 1Gb)
Sushi: info  Loaded virtual package sushi-r5forR4#1.0.0 with 7 resources                             (00:00.116 / 00:01.313, 1Gb)
Sushi: info  Resolved hl7.fhir.uv.tools.r4#latest to concrete version 1.1.2                          (00:00.507 / 00:01.820, 1Gb)
Sushi: info  Loaded hl7.fhir.uv.tools.r4#1.1.2 with 119 resources                                    (00:00.047 / 00:01.867, 1Gb)
Sushi: info  Resolved hl7.terminology.r4#latest to concrete version 7.2.0                            (00:00.114 / 00:01.982, 1Gb)
Sushi: info  Loaded hl7.terminology.r4#7.2.0 with 4165 resources                                     (00:00.860 / 00:02.842, 1Gb)
Sushi: info  Resolved ans.fr.terminologies#latest to concrete version 1.10.0                         (00:00.110 / 00:02.952, 1Gb)
Sushi: info  Loaded ans.fr.terminologies#1.10.0 with 1263 resources                                  (00:00.345 / 00:03.298, 1Gb)
Sushi: info  Loaded hl7.fhir.r4.core#4.0.1 with 4581 resources                                       (00:00.805 / 00:04.104, 1Gb)
Sushi: info  Loaded hl7.fhir.uv.extensions.r4#5.2.0 with 759 resources                               (00:00.161 / 00:04.265, 1Gb)
Sushi: info  Loaded virtual package sushi-local#LOCAL with 0 resources                               (00:00.010 / 00:04.275, 1Gb)
Sushi: info  Converting FSH to FHIR resources...                                                     (00:00.019 / 00:04.295, 1Gb)
Sushi: info  Converted 5 FHIR StructureDefinitions.                                                  (00:00.973 / 00:05.268, 1Gb)
Sushi: info  Converted 1 FHIR CodeSystems.                                                           (00:00.023 / 00:05.291, 1Gb)
Sushi: info  Converted 1 FHIR ValueSets.                                                             (00:00.022 / 00:05.313, 1Gb)
Sushi: info  Converted 15 FHIR instances.                                                            (00:01.078 / 00:06.392, 1Gb)
Sushi: info  Exporting FHIR resources as JSON...                                                     (00:00.000 / 00:06.392, 1Gb)
Sushi: info  Exported 16 FHIR resources as JSON.                                                     (00:00.030 / 00:06.423, 1Gb)
Sushi: info  Assembling Implementation Guide sources...                                              (00:00.001 / 00:06.425, 1Gb)
Sushi: info  Generated ImplementationGuide-ans.fhir.fr.sdo.json                                      (00:00.034 / 00:06.460, 1Gb)
Sushi: info  Assembled Implementation Guide sources; ready for IG Publisher.                         (00:00.000 / 00:06.460, 1Gb)
Sushi: ========================= SUSHI RESULTS ===========================                           (00:00.001 / 00:06.461, 1Gb)
Sushi: |  -------------------------------------------------------------  |                           (00:00.000 / 00:06.462, 1Gb)
Sushi: | |    Profiles   |  Extensions  |   Logicals   |   Resources   | |                           (00:00.000 / 00:06.463, 1Gb)
Sushi: | |-------------------------------------------------------------| |                           (00:00.000 / 00:06.463, 1Gb)
Sushi: | |       5       |      0       |      0       |       0       | |                           (00:00.000 / 00:06.464, 1Gb)
Sushi: |  -------------------------------------------------------------  |                           (00:00.000 / 00:06.465, 1Gb)
Sushi: |  -------------------------------------------------------------  |                           (00:00.000 / 00:06.466, 1Gb)
Sushi: | |      ValueSets     |    CodeSystems    |     Instances      | |                           (00:00.000 / 00:06.467, 1Gb)
Sushi: | |-------------------------------------------------------------| |                           (00:00.000 / 00:06.467, 1Gb)
Sushi: | |         1          |         1         |         15         | |                           (00:00.000 / 00:06.468, 1Gb)
Sushi: |  -------------------------------------------------------------  |                           (00:00.000 / 00:06.469, 1Gb)
Sushi: |                                                                 |                           (00:00.000 / 00:06.470, 1Gb)
Sushi: ===================================================================                           (00:00.000 / 00:06.470, 1Gb)
Sushi: | You're swimming in success!            0 Errors      0 Warnings |                           (00:00.000 / 00:06.471, 1Gb)
Sushi: ===================================================================                           (00:00.000 / 00:06.472, 1Gb)
Root directory: /tmp/ig-builds/ans.fhir.fr.sdo#4.0.7-milestone                                       (00:00.014 / 00:06.486, 1Gb)
Unable to load IG as an r5 IG - try R4 (property code is a class com.google.gson.JsonPrimitive looking for an object) (00:00.001 / 00:06.487, 1Gb)
Load Template from https://github.com/ansforge/IG-template                                           (00:00.024 / 00:06.512, 1Gb)
 Load Template from fhir2.base.template#current                                                      (00:00.165 / 00:06.677, 1Gb)
Scanning directory: /tmp/ig-builds/ans.fhir.fr.sdo#4.0.7-milestone/template
======================================================================
Terminology Cache is at /tmp/ig-builds/ans.fhir.fr.sdo#4.0.7-milestone/input-cache/txcache. 15 files in cache (00:04.355 / 00:11.033, 1Gb)
Core Package hl7.fhir.r4.core#4.0.1                                                                  (00:00.000 / 00:11.034, 1Gb)
Running Terminology Log: /tmp/ohfu-fhir-ig-14939625729210884357.html
Connect to Terminology Server at http://tx.fhir.org                                                  (00:01.800 / 00:12.834, 893Mb)
Unable to start a terminology cache on https://tx.fhir.org/r4 via $cache-control (Error from https://tx.fhir.org/r4: Error: $cache-control requires a 'mode' of 'start' or 'end' (got 'START_CACHE')); caching disabled for this server (00:00.433 / 00:13.267, 894Mb)
[39mLoad Package hl7.fhir.pubpack#0.2.5
[0;39m[39mLoad Package hl7.fhir.xver-extensions#0.1.0
[0;39m[39mLoad Package hl7.terminology.r4#7.2.0
[0;39m[39mLoad Package hl7.fhir.uv.extensions.r4#5.2.0
[0;39m[39mLoad Package hl7.terminology.r4#7.1.0
[0;39m[39mLoad Package hl7.terminology.r4#5.0.0
[0;39m[39mLoad Package fhir.dicom#2022.4.20221006
[0;39m[39mLoad Package hl7.fhir.uv.ips#1.1.0
[0;39m[39mLoad Package ans.fr.terminologies#1.10.0
[0;39m[39mLoad Package hl7.fhir.uv.extensions.r4#5.2.0
[0;39m[39mLoad Package hl7.fhir.uv.tools.r4#1.1.2
[0;39mLoad R5 Specials
Initialization complete                                                                              (00:05.303 / 00:18.570, 1Gb)
Load IG                                                                                              (00:00.000 / 00:18.571, 1Gb)
Load Translations                                                                                    (00:00.002 / 00:18.573, 1Gb)
Load Content                                                                                         (00:00.000 / 00:18.574, 1Gb)
Using fr as the default narrative language. (Implementation Guide param i18n-default-lang)           (00:00.006 / 00:18.581, 1Gb)
Ignoring file /tmp/ig-builds/ans.fhir.fr.sdo#4.0.7-milestone/input/translations/en/.gitkeep - name is not {type}-{id}.xxx
Process Loaded Resources                                                                             (00:00.056 / 00:18.637, 1Gb)
Generating Snapshots                                                                                 (00:00.041 / 00:18.678, 1Gb)

Signing Certificate: RSA key for Subject: OU=IG Publisher, L=Ann Arbor, CN=hl7.org, O=HL7, ST=Missouri, C=us from: OU=IG Publisher, L=Ann Arbor, CN=hl7.org, O=HL7, ST=Missouri, C=us
Fetch https://interop.esante.gouv.fr/ig/fhir/sdo/package-list.json for version check                 (00:00.189 / 00:18.868, 1Gb)
Checking Language                                                                                    (00:00.387 / 00:19.256, 1Gb)
Load Dependency Info                                                                                 (00:00.001 / 00:19.257, 1Gb)
Load Info                                                                                            (00:00.000 / 00:19.258, 1Gb)
Load Paths                                                                                           (00:00.000 / 00:19.259, 1Gb)
Check R4 / R4B                                                                                       (00:00.000 / 00:19.259, 1Gb)
Assign Comparison Ids                                                                                (00:00.005 / 00:19.265, 1Gb)
Propagating status                                                                                   (00:00.000 / 00:19.266, 1Gb)
Generating Narratives                                                                                (00:00.000 / 00:19.266, 1Gb)
Validating Conformance Resources                                                                     (00:00.373 / 00:19.640, 1Gb)
Check profiles & code systems                                                                        (00:06.088 / 00:25.729, 1Gb)
Check realm rules                                                                                    (00:00.001 / 00:25.731, 1Gb)
Previous Version Comparison                                                                          (00:00.000 / 00:25.731, 1Gb)
Comparing previous version 4.0.6                                                                     (00:00.000 / 00:25.732, 1Gb)
[39mUnable to start a terminology cache on https://tx.fhir.org/r4 via $cache-control (Error from https://tx.fhir.org/r4: Error: $cache-control requires a 'mode' of 'start' or 'end' (got 'START_CACHE')); caching disabled for this server
[0;39m.. loaded. Process                                                                                   (00:06.789 / 00:32.521, 1Gb)
  ...ImplementationGuide ans.fhir.fr.sdo                                                             (00:00.000 / 00:32.522, 1Gb)
  ...CapabilityStatement ESMSConsommateur                                                            (00:00.000 / 00:32.522, 1Gb)
  ...CapabilityStatement ESMSProducteur                                                              (00:00.000 / 00:32.523, 1Gb)
  ...CapabilityStatement gestionnaire-sdo                                                            (00:00.000 / 00:32.524, 1Gb)
  ...CodeSystem input-task-sdo-codesystem                                                            (00:00.000 / 00:32.524, 1Gb)
  ...StructureDefinition esms-bundle-resultat-recherche-decision-evaluation                          (00:00.000 / 00:32.525, 1Gb)
  ...StructureDefinition esms-bundle-resultat-recherche-notification-esms                            (00:00.000 / 00:32.526, 1Gb)
  ...StructureDefinition esms-consent                                                                (00:00.000 / 00:32.526, 1Gb)
  ...StructureDefinition esms-document-reference                                                     (00:00.000 / 00:32.527, 1Gb)
  ...StructureDefinition esms-task                                                                   (00:00.000 / 00:32.527, 1Gb)
  ...ValueSet type-document-reference-esms-valueset                                                  (00:00.000 / 00:32.528, 1Gb)
finish previous version comparison                                                                   (00:00.000 / 00:32.529, 1Gb)
finish ipa version                                                                                   (00:00.623 / 00:33.152, 1Gb)
finish ips version                                                                                   (00:00.000 / 00:33.153, 1Gb)
comparisons done                                                                                     (00:00.000 / 00:33.154, 1Gb)
Checking for Bundles to sign                                                                         (00:00.004 / 00:33.158, 1Gb)
Validating Resources                                                                                 (00:00.000 / 00:33.159, 1Gb)
Processing Provenance Records                                                                        (00:00.225 / 00:33.385, 1Gb)
Generating Translation artifacts                                                                     (00:00.000 / 00:33.385, 1Gb)
Generating Outputs in /tmp/ig-builds/ans.fhir.fr.sdo#4.0.7-milestone/output                          (00:00.028 / 00:33.414, 1Gb)
Generate Native Outputs                                                                              (00:00.229 / 00:33.644, 1Gb)
Run Template                                                                                         (00:04.015 / 00:37.660, 1Gb)
Generate HTML Outputs                                                                                (00:01.644 / 00:39.304, 1Gb)
Generate Spreadsheets                                                                                (00:03.904 / 00:43.209, 1Gb)
Generate Summaries                                                                                   (00:00.988 / 00:44.197, 1Gb)
Generating Summary Outputs (fr)                                                                      (00:00.000 / 00:44.198, 1Gb)
Generating Summary Outputs (en)                                                                      (00:03.883 / 00:48.082, 1Gb)
DB Cumulative Time invested: 00:00:00.73
Sending Usage Stats to Server                                                                        (00:03.083 / 00:51.165, 1Gb)
## Memory (MB): Use = 1639, Free = 868, Total = 2508, Max = 3998                                     (00:00.001 / 00:51.166, 1Gb)
Reclaiming memory...                                                                                 (00:00.001 / 00:51.167, 1Gb)
Generating combined package                                                                          (00:00.002 / 00:51.170, 1Gb)
Error generating combined package: /tmp/ig-builds/ans.fhir.fr.sdo#4.0.7-milestone/output/package.tgz (No such file or directory) (00:00.001 / 00:51.171, 1Gb)
## Memory (MB): Use = 633, Free = 1500, Total = 2134, Max = 3998                                     (00:00.330 / 00:51.502, 634Mb)
Run jekyll: jekyll build --destination "/tmp/ig-builds/ans.fhir.fr.sdo#4.0.7-milestone/output" (in folder /tmp/ig-builds/ans.fhir.fr.sdo#4.0.7-milestone/temp/pages) (00:00.001 / 00:51.504, 634Mb)
Troubleshooting Note: usual cases for Jekyll to fail are:                                            (00:00.001 / 00:51.505, 634Mb)
* A failure to produce a fragment that is already logged in the output above                         (00:00.001 / 00:51.506, 634Mb)
* A reference to a manually edited file that hasn't been provided                                    (00:00.001 / 00:51.507, 634Mb)
Jekyll: Source: /tmp/ig-builds/ans.fhir.fr.sdo#4.0.7-milestone/temp/pages                            (00:00.388 / 00:51.895, 636Mb)
Jekyll: Generating...                                                                                (00:00.000 / 00:51.896, 636Mb)
Jekyll: done in 2.948 seconds.                                                                       (00:02.947 / 00:54.844, 637Mb)
[39m
[0;39m[39mInstalling ans.fhir.fr.sdo#4.0.7
[0;39m[39m loaded @ /root/.fhir/packages/ans.fhir.fr.sdo#4.0.7
[0;39mChecking Output HTML                                                                                 (00:00.741 / 00:55.585, 1Gb)
AI format for /tmp/ig-builds/ans.fhir.fr.sdo#4.0.7-milestone/output/fr - % reduction = 100
AI format for /tmp/ig-builds/ans.fhir.fr.sdo#4.0.7-milestone/output/en - % reduction = 100
found 2398 files                                                                                     (00:00.969 / 00:56.555, 1Gb)
........................................
........................................
  ... 2398 html files, 0 pages invalid xhtml (0%)                                                    (00:12.858 / 01:09.413, 1Gb)
  ... 212472 links, 1 broken links (0%)                                                              (00:00.000 / 01:09.414, 1Gb)
Generate fragment-usage-analysis.csv                                                                 (00:00.000 / 01:09.414, 1Gb)
Build final .zip                                                                                     (00:00.007 / 01:09.422, 1Gb)
Final .zip built                                                                                     (00:03.415 / 01:12.838, 672Mb)
Built. Times: loading: 00:00.682, generate: 00:56.004, narrative generation: 00:00.373, realm-rules: 00:00.000, previous-version: 00:07.422, jekyll: 00:03.363, validation: 00:06.311 (#17), template: 00:01.649 (#3) (00:02.422 / 01:15.260, 955Mb)
Generating QA                                                                                        (00:00.001 / 01:15.261, 955Mb)
Validation output in /tmp/ig-builds/ans.fhir.fr.sdo#4.0.7-milestone/output/qa.html
Errors: 1, Warnings: 22, Info: 19, Broken Links: 1 (00:00.066 / 01:15.327, 978Mb)
Finished @ 29/06/2026 08:47. Max Memory Used = 1Gb. Log file saved in /tmp/fhir-ig-publisher-tmp.log (00:00.004 / 01:15.332, 979Mb)
Keep a copy of the build directory at /tmp/web-root/run-20260629/ig-build-zips/ans.fhir.fr.sdo#4.0.7.zip

ok. All checks passed. Publish v4.0.7 to /tmp/web-root/run-20260629/sdo/4.0.7
Copy the IG to /tmp/web-root/run-20260629/sdo/4.0.7
Update /tmp/web-root/run-20260629/sdo/package-list.json
Publish Box Statement: This page is part of the Médicosocial - Suivi Décisions Orientation (v4.0.7: Release) based on <a data-no-external="true" href="http://hl7.org/fhir/R4">FHIR (HL7® FHIR® Standard) R4</a>. This is the current published version in its permanent home (it will always be available at this URL).  For a full list of available versions, see the <a data-no-external="true" href="https://interop.esante.gouv.fr/ig/fhir/sdo/history.html">Directory of published versions</a>
  .. 381 files checked, 381 updated
  .. 146 clones checked, 280 updated
  .. 17 redirections (17 created/updated)
This is a milestone release - publish v4.0.7 to /tmp/web-root/run-20260629/sdo
Update publish box for version 4.0.6 @ https://interop.esante.gouv.fr/ig/fhir/sdo/4.0.6
Publish Box Statement: This page is part of the Médicosocial - Suivi Décisions Orientation (v4.0.6: Release) based on <a data-no-external="true" href="http://hl7.org/fhir/R4">FHIR (HL7® FHIR® Standard) R4</a>. The current version which supersedes this version is <a data-no-external="true" href="https://interop.esante.gouv.fr/ig/fhir/sdo{{fn}}">4.0.7</a>.  For a full list of available versions, see the <a data-no-external="true" href="https://interop.esante.gouv.fr/ig/fhir/sdo/history.html">Directory of published versions</a>
  .. 127 files checked, 127 updated
  .. 54 clones checked, 0 updated
Building download for /tmp/web-root/run-20260629/sdo/4.0.6 url = https://interop.esante.gouv.fr/ig/fhir/sdo/4.0.6, canonical = https://interop.esante.gouv.fr/ig/fhir/sdo
  ..................
 ..Finished
Update publish box for version 4.0.5 @ https://interop.esante.gouv.fr/ig/fhir/sdo/4.0.5
Publish Box Statement: This page is part of the Médicosocial - Suivi Décisions Orientation (v4.0.5: Release) based on <a data-no-external="true" href="http://hl7.org/fhir/R4">FHIR (HL7® FHIR® Standard) R4</a>. The current version which supersedes this version is <a data-no-external="true" href="https://interop.esante.gouv.fr/ig/fhir/sdo{{fn}}">4.0.7</a>.  For a full list of available versions, see the <a data-no-external="true" href="https://interop.esante.gouv.fr/ig/fhir/sdo/history.html">Directory of published versions</a>
  .. 141 files checked, 141 updated
  .. 64 clones checked, 0 updated
Building download for /tmp/web-root/run-20260629/sdo/4.0.5 url = https://interop.esante.gouv.fr/ig/fhir/sdo/4.0.5, canonical = https://interop.esante.gouv.fr/ig/fhir/sdo
  ...................
 ..Finished
Update publish box for version 4.0.4 @ https://interop.esante.gouv.fr/ig/fhir/sdo/4.0.4
Publish Box Statement: This page is part of the Médicosocial - Suivi Décisions Orientation (v4.0.4: Release) based on <a data-no-external="true" href="http://hl7.org/fhir/R4">FHIR (HL7® FHIR® Standard) R4</a>. The current version which supersedes this version is <a data-no-external="true" href="https://interop.esante.gouv.fr/ig/fhir/sdo{{fn}}">4.0.7</a>.  For a full list of available versions, see the <a data-no-external="true" href="https://interop.esante.gouv.fr/ig/fhir/sdo/history.html">Directory of published versions</a>
  .. 140 files checked, 140 updated
  .. 63 clones checked, 0 updated
Update publish box for version 4.0.3 @ https://interop.esante.gouv.fr/ig/fhir/sdo/4.0.3
Publish Box Statement: This page is part of the Médicosocial - Suivi Décisions Orientation (v4.0.3: Release) based on <a data-no-external="true" href="http://hl7.org/fhir/R4">FHIR (HL7® FHIR® Standard) R4</a>. The current version which supersedes this version is <a data-no-external="true" href="https://interop.esante.gouv.fr/ig/fhir/sdo{{fn}}">4.0.7</a>.  For a full list of available versions, see the <a data-no-external="true" href="https://interop.esante.gouv.fr/ig/fhir/sdo/history.html">Directory of published versions</a>
  .. 141 files checked, 141 updated
  .. 63 clones checked, 0 updated
Update publish box for version 4.0.3-ballot @ https://interop.esante.gouv.fr/ig/fhir/sdo/4.0.3-ballot
Publish Box Statement: This page is part of the Médicosocial - Suivi Décisions Orientation (v4.0.3-ballot: Release) based on <a data-no-external="true" href="http://hl7.org/fhir/R4">FHIR (HL7® FHIR® Standard) R4</a>. The current version which supersedes this version is <a data-no-external="true" href="https://interop.esante.gouv.fr/ig/fhir/sdo{{fn}}">4.0.7</a>.  For a full list of available versions, see the <a data-no-external="true" href="https://interop.esante.gouv.fr/ig/fhir/sdo/history.html">Directory of published versions</a>
  .. 141 files checked, 141 updated
  .. 63 clones checked, 0 updated
Update publish box for version 4.0.2 @ https://interop.esante.gouv.fr/ig/fhir/sdo/4.0.2
Publish Box Statement: This page is part of the Médicosocial - Suivi Décisions Orientation (v4.0.2: Release) based on <a data-no-external="true" href="http://hl7.org/fhir/R4">FHIR (HL7® FHIR® Standard) R4</a>. The current version which supersedes this version is <a data-no-external="true" href="https://interop.esante.gouv.fr/ig/fhir/sdo{{fn}}">4.0.7</a>.  For a full list of available versions, see the <a data-no-external="true" href="https://interop.esante.gouv.fr/ig/fhir/sdo/history.html">Directory of published versions</a>
  .. 141 files checked, 141 updated
  .. 63 clones checked, 0 updated
Update publish box for version 4.0.2-ballot-3 @ https://interop.esante.gouv.fr/ig/fhir/sdo/4.0.2-ballot-3
Publish Box Statement: This page is part of the Médicosocial - Suivi Décisions Orientation (v4.0.2-ballot-3: Release) based on <a data-no-external="true" href="http://hl7.org/fhir/R4">FHIR (HL7® FHIR® Standard) R4</a>. The current version which supersedes this version is <a data-no-external="true" href="https://interop.esante.gouv.fr/ig/fhir/sdo{{fn}}">4.0.7</a>.  For a full list of available versions, see the <a data-no-external="true" href="https://interop.esante.gouv.fr/ig/fhir/sdo/history.html">Directory of published versions</a>
  .. 130 files checked, 130 updated
  .. 61 clones checked, 0 updated
Update publish box for version 4.0.2-ballot-2 @ https://interop.esante.gouv.fr/ig/fhir/sdo/4.0.2-ballot-2
Publish Box Statement: This page is part of the Médicosocial - Suivi Décisions Orientation (v4.0.2-ballot-2: Release) based on <a data-no-external="true" href="http://hl7.org/fhir/R4">FHIR (HL7® FHIR® Standard) R4</a>. The current version which supersedes this version is <a data-no-external="true" href="https://interop.esante.gouv.fr/ig/fhir/sdo{{fn}}">4.0.7</a>.  For a full list of available versions, see the <a data-no-external="true" href="https://interop.esante.gouv.fr/ig/fhir/sdo/history.html">Directory of published versions</a>
  .. 99 files checked, 99 updated
  .. 47 clones checked, 0 updated
Update publish box for version 4.0.2-ballot @ https://interop.esante.gouv.fr/ig/fhir/sdo/4.0.2-ballot
Publish Box Statement: This page is part of the Médicosocial - Suivi Décisions Orientation (v4.0.2-ballot: Release) based on <a data-no-external="true" href="http://hl7.org/fhir/R4">FHIR (HL7® FHIR® Standard) R4</a>. The current version which supersedes this version is <a data-no-external="true" href="https://interop.esante.gouv.fr/ig/fhir/sdo{{fn}}">4.0.7</a>.  For a full list of available versions, see the <a data-no-external="true" href="https://interop.esante.gouv.fr/ig/fhir/sdo/history.html">Directory of published versions</a>
  .. 126 files checked, 126 updated
  .. 57 clones checked, 0 updated
Update publish box for version 4.0.1 @ https://interop.esante.gouv.fr/ig/fhir/sdo/4.0.1
Publish Box Statement: This page is part of the Médicosocial - Suivi Décisions Orientation (v4.0.1: Release) based on <a data-no-external="true" href="http://hl7.org/fhir/R4">FHIR (HL7® FHIR® Standard) R4</a>. The current version which supersedes this version is <a data-no-external="true" href="https://interop.esante.gouv.fr/ig/fhir/sdo{{fn}}">4.0.7</a>.  For a full list of available versions, see the <a data-no-external="true" href="https://interop.esante.gouv.fr/ig/fhir/sdo/history.html">Directory of published versions</a>
  .. 126 files checked, 126 updated
  .. 41 clones checked, 0 updated
Publish Box Statement: This page is part of the Médicosocial - Suivi Décisions Orientation (v4.0.7: Release) based on <a data-no-external="true" href="http://hl7.org/fhir/R4">FHIR (HL7® FHIR® Standard) R4</a>. This is the current published version.  For a full list of available versions, see the <a data-no-external="true" href="https://interop.esante.gouv.fr/ig/fhir/sdo/history.html">Directory of published versions</a>
  .. 381 files checked, 381 updated
  .. 146 clones checked, 280 updated
  .. 17 redirections (17 created/updated)
Check for Files to delete
  ... 0 files
Copy to new IG /tmp/web-root/run-20260629/sdo
ans.fhir.fr.sdo (https://interop.esante.gouv.fr/ig/fhir/sdo): Médicosocial - Suivi Décisions Orientation @ https://ansforge.github.io/IG-fhir-medicosocial-suivi-decisions-orientation/ig/main
  edition: trial-implementation 4.0.7/4.0.1 @ https://interop.esante.gouv.fr/ig/fhir/sdo/4.0.7
Build is complete. Copy from /tmp/web-root/run-20260629
Update history page at /tmp/web-root/run-20260629/sdo from /__w/IG-fhir-medicosocial-suivi-decisions-orientation/IG-fhir-medicosocial-suivi-decisions-orientation/./IG-website-release/fhir-ig-history-template and ./IG-website-release/templates
