FHIR IG Publisher Version 1.8.3 (Git# 709dc76d8981). Built 2024-12-18T00:20:53.138Z (38 hours old)
Detected Java version: 17.0.10 from /opt/hostedtoolcache/Java_Microsoft_jdk/17.0.10/x64 on amd64 (64bit). 3996MB available
dir = /home/runner/work/IG-fhir-medicosocial-suivi-decisions-orientation/IG-fhir-medicosocial-suivi-decisions-orientation, path = /opt/hostedtoolcache/Ruby/3.3.6/x64/bin:/usr/share/dotnet:/opt/hostedtoolcache/node/20.18.1/x64/bin:/opt/hostedtoolcache/Java_Microsoft_jdk/17.0.10/x64/bin:/snap/bin:/home/runner/.local/bin:/opt/pipx_bin:/home/runner/.cargo/bin:/home/runner/.config/composer/vendor/bin:/usr/local/.ghcup/bin:/home/runner/.dotnet/tools:/usr/local/sbin:/usr/local/bin:/usr/sbin:/usr/bin:/sbin:/bin:/usr/games:/usr/local/games:/snap/bin
Parameters: -go-publish -source ./igSource -web ./IG-website-release/www/ig/fhir -registry ./IG-website-release/ig-registry/fhir-ig-list.json -history ./IG-website-release/fhir-ig-history-template -templates ./IG-website-release/templates
---------------
Publication Run: publish ./igSource to ./IG-website-release/www/ig/fhir
Run Number: 57
Relative directory for IG is '/sdo'
===== Web Publication Run Details ===============================
 Source IG: ans.fhir.fr.sdo#4.0.3-ballot : https://interop.esante.gouv.fr/ig/fhir/sdo (R4) from ./igSource
All checks passed. Do the publication build from /home/runner/work/IG-fhir-medicosocial-suivi-decisions-orientation/IG-fhir-medicosocial-suivi-decisions-orientation/./igSource and publish to /tmp/web-root/run-20241219/sdo
Prepare Build space in /tmp/ans.fhir.fr.sdo#4.0.3-ballot
Build IG at /home/runner/work/IG-fhir-medicosocial-suivi-decisions-orientation/IG-fhir-medicosocial-suivi-decisions-orientation/./igSource: final copy suitable for publication (in /tmp/ans.fhir.fr.sdo#4.0.3-ballot)
FHIR IG Publisher Version 1.8.3 (Git# 709dc76d8981). Built 2024-12-18T00:20:53.138Z (38 hours old)  
Detected Java version: 17.0.10 from /opt/hostedtoolcache/Java_Microsoft_jdk/17.0.10/x64 on Linux/amd64 (64bit). 3996MB available
dir = /home/runner/work/IG-fhir-medicosocial-suivi-decisions-orientation/IG-fhir-medicosocial-suivi-decisions-orientation, path = /opt/hostedtoolcache/Ruby/3.3.6/x64/bin:/usr/share/dotnet:/opt/hostedtoolcache/node/20.18.1/x64/bin:/opt/hostedtoolcache/Java_Microsoft_jdk/17.0.10/x64/bin:/snap/bin:/home/runner/.local/bin:/opt/pipx_bin:/home/runner/.cargo/bin:/home/runner/.config/composer/vendor/bin:/usr/local/.ghcup/bin:/home/runner/.dotnet/tools:/usr/local/sbin:/usr/local/bin:/usr/sbin:/usr/bin:/sbin:/bin:/usr/games:/usr/local/games:/snap/bin
Parameters: -ig /tmp/ans.fhir.fr.sdo#4.0.3-ballot -resetTx -publish https://interop.esante.gouv.fr/ig/fhir/sdo/4.0.3-ballot -no-exit
Start Clock @ Thursday, December 19, 2024 at 2:37:25 PM Coordinated Universal Time (2024-12-19T14:37:25Z)
                                                                                                    
Build FHIR IG from /tmp/ans.fhir.fr.sdo#4.0.3-ballot                                                 (00:00.026 / 00:00.027, 65Mb)
Build Formal Publication package, intended for https://interop.esante.gouv.fr/ig/fhir/sdo/4.0.3-ballot (00:00.004 / 00:00.031, 65Mb)
API keys loaded from /home/runner/.fhir/fhir-settings.json                                           (00:00.001 / 00:00.032, 65Mb)
Package Cache: /home/runner/.fhir/packages                                                           (00:00.004 / 00:00.036, 65Mb)
Run Sushi on /tmp/ans.fhir.fr.sdo#4.0.3-ballot                                                       (00:00.002 / 00:00.039, 65Mb)
Sushi: info  Running SUSHI v3.12.1 (implements FHIR Shorthand specification v3.0.0)                  (00:00.621 / 00:00.660, 66Mb)
Sushi: info  Arguments:                                                                              (00:00.001 / 00:00.661, 66Mb)
Sushi: info    --require-latest                                                                      (00:00.001 / 00:00.663, 66Mb)
Sushi: info    --out /tmp/ans.fhir.fr.sdo#4.0.3-ballot                                               (00:00.001 / 00:00.664, 66Mb)
Sushi: info    /tmp/ans.fhir.fr.sdo#4.0.3-ballot                                                     (00:00.001 / 00:00.665, 66Mb)
Sushi: info  Using configuration file: /tmp/ans.fhir.fr.sdo#4.0.3-ballot/sushi-config.yaml           (00:00.408 / 00:01.074, 66Mb)
Sushi: info  Importing FSH text...                                                                   (00:00.103 / 00:01.177, 66Mb)
Sushi: info  Preprocessed 23 documents with 17 aliases.                                              (00:00.174 / 00:01.352, 66Mb)
Sushi: info  Imported 8 definitions and 16 instances.                                                (00:00.014 / 00:01.367, 66Mb)
Sushi: info  Checking /home/runner/.fhir/packages for hl7.fhir.uv.tools#current...                   (00:00.002 / 00:01.369, 66Mb)
Sushi: info  Found hl7.fhir.uv.tools#current in /home/runner/.fhir/packages.                         (00:00.072 / 00:01.441, 66Mb)
Sushi: info  Loaded package hl7.fhir.uv.tools#current                                                (00:00.207 / 00:01.649, 66Mb)
Sushi: info  Checking /home/runner/.fhir/packages for hl7.terminology.r4#6.1.0...                    (00:00.577 / 00:02.227, 66Mb)
Sushi: info  Found hl7.terminology.r4#6.1.0 in /home/runner/.fhir/packages.                          (00:00.587 / 00:02.814, 66Mb)
Sushi: info  Loaded package hl7.terminology.r4#6.1.0                                                 (00:00.001 / 00:02.815, 66Mb)
Sushi: info  Checking /home/runner/.fhir/packages for hl7.fhir.uv.extensions.r4#5.1.0...             (00:00.101 / 00:02.917, 66Mb)
Sushi: info  Found hl7.fhir.uv.extensions.r4#5.1.0 in /home/runner/.fhir/packages.                   (00:00.533 / 00:03.450, 66Mb)
Sushi: info  Loaded package hl7.fhir.uv.extensions.r4#5.1.0                                          (00:00.001 / 00:03.452, 66Mb)
Sushi: info  Checking /home/runner/.fhir/packages for ans.fr.nos#1.4.0...                            (00:00.112 / 00:03.564, 66Mb)
Sushi: info  Found ans.fr.nos#1.4.0 in /home/runner/.fhir/packages.                                  (00:00.595 / 00:04.160, 66Mb)
Sushi: info  Loaded package ans.fr.nos#1.4.0                                                         (00:00.001 / 00:04.161, 66Mb)
Sushi: info  Checking /home/runner/.fhir/packages for hl7.fhir.r4.core#4.0.1...                      (00:00.001 / 00:04.162, 66Mb)
Sushi: info  Found hl7.fhir.r4.core#4.0.1 in /home/runner/.fhir/packages.                            (00:01.210 / 00:05.373, 66Mb)
Sushi: info  Loaded package hl7.fhir.r4.core#4.0.1                                                   (00:00.001 / 00:05.374, 66Mb)
Sushi: info  Converting FSH to FHIR resources...                                                     (00:00.042 / 00:05.416, 66Mb)
Sushi: info  Converted 6 FHIR StructureDefinitions.                                                  (00:00.731 / 00:06.148, 66Mb)
Sushi: info  Converted 1 FHIR CodeSystems.                                                           (00:00.030 / 00:06.179, 66Mb)
Sushi: info  Converted 1 FHIR ValueSets.                                                             (00:00.032 / 00:06.211, 66Mb)
Sushi: info  Converted 16 FHIR instances.                                                            (00:00.722 / 00:06.934, 66Mb)
Sushi: info  Exporting FHIR resources as JSON...                                                     (00:00.001 / 00:06.935, 66Mb)
Sushi: info  Exported 18 FHIR resources as JSON.                                                     (00:00.029 / 00:06.964, 66Mb)
Sushi: info  Assembling Implementation Guide sources...                                              (00:00.001 / 00:06.966, 66Mb)
Sushi: info  Generated ImplementationGuide-ans.fhir.fr.sdo.json                                      (00:00.022 / 00:06.989, 66Mb)
Sushi: info  Assembled Implementation Guide sources; ready for IG Publisher.                         (00:00.001 / 00:06.990, 66Mb)
Sushi: ========================= SUSHI RESULTS ===========================                           (00:00.001 / 00:06.991, 66Mb)
Sushi: |  -------------------------------------------------------------  |                           (00:00.001 / 00:06.992, 66Mb)
Sushi: | |    Profiles   |  Extensions  |   Logicals   |   Resources   | |                           (00:00.000 / 00:06.993, 66Mb)
Sushi: | |-------------------------------------------------------------| |                           (00:00.001 / 00:06.994, 66Mb)
Sushi: | |       6       |      0       |      0       |       0       | |                           (00:00.001 / 00:06.995, 67Mb)
Sushi: |  -------------------------------------------------------------  |                           (00:00.001 / 00:06.996, 67Mb)
Sushi: |  -------------------------------------------------------------  |                           (00:00.001 / 00:06.997, 67Mb)
Sushi: | |      ValueSets     |    CodeSystems    |     Instances      | |                           (00:00.001 / 00:06.998, 67Mb)
Sushi: | |-------------------------------------------------------------| |                           (00:00.001 / 00:06.999, 67Mb)
Sushi: | |         1          |         1         |         16         | |                           (00:00.001 / 00:07.000, 67Mb)
Sushi: |  -------------------------------------------------------------  |                           (00:00.000 / 00:07.001, 67Mb)
Sushi: |                                                                 |                           (00:00.000 / 00:07.002, 67Mb)
Sushi: ===================================================================                           (00:00.001 / 00:07.003, 67Mb)
Sushi: | Nice job! Are you hooked yet?          0 Errors      0 Warnings |                           (00:00.001 / 00:07.004, 67Mb)
Sushi: ===================================================================                           (00:00.001 / 00:07.005, 67Mb)
Unable to load IG as an r5 IG - try R4 (property code is a class com.google.gson.JsonPrimitive looking for an object) (00:00.480 / 00:07.486, 51Mb)
Load Template from https://github.com/ansforge/IG-template                                           (00:00.465 / 00:07.952, 24Mb)
 Load Template from fhir.base.template#current                                                       (00:01.247 / 00:09.200, 58Mb)

onLoad.findSpreadsheets:

onLoad.updateIg:
     [xslt] Processing /tmp/ans.fhir.fr.sdo#4.0.3-ballot/template/onLoad-ig-working.xml to /tmp/ans.fhir.fr.sdo#4.0.3-ballot/template/onLoad-ig-updated.xml
     [xslt] Loading stylesheet /tmp/ans.fhir.fr.sdo#4.0.3-ballot/template/scripts/onLoad.xslt

onLoad.extend:

onLoad:
Root directory: /tmp/ans.fhir.fr.sdo#4.0.3-ballot                                                    (00:03.067 / 00:12.267, 125Mb)
Terminology Cache is at /tmp/ans.fhir.fr.sdo#4.0.3-ballot/input-cache/txcache. Clearing now          (00:00.447 / 00:12.714, 143Mb)
Core Package hl7.fhir.r4.core#4.0.1
Unable to generate snapshot @2 for Definition from noname because Profile Definition (http://hl7.org/fhir/StructureDefinition/Definition) has no base and no snapshot
Unable to generate snapshot @2 for Event from noname because Profile Event (http://hl7.org/fhir/StructureDefinition/Event) has no base and no snapshot
Unable to generate snapshot @2 for FiveWs from noname because Profile FiveWs (http://hl7.org/fhir/StructureDefinition/FiveWs) has no base and no snapshot
Unable to generate snapshot @2 for Request from noname because Profile Request (http://hl7.org/fhir/StructureDefinition/Request) has no base and no snapshot
Running Terminology Log: /tmp/ohfu-fhir-ig-15259090721959688928.log
Connect to Terminology Server at http://tx.fhir.org                                                  (00:03.616 / 00:16.331, 384Mb)
Load Package hl7.fhir.pubpack#0.2.0
Load Package hl7.fhir.xver-extensions#0.1.0
Load Package hl7.terminology.r4#6.1.0
Load Package hl7.fhir.uv.extensions.r4#5.1.0
Load Package hl7.terminology.r4#6.0.2
Load Package ans.fr.nos#1.4.0
Load Package hl7.fhir.uv.tools.r4#0.3.0
Load R5 Specials
Unable to generate snapshot @2 for Definition from noname because Profile Definition (http://hl7.org/fhir/StructureDefinition/Definition) has no base and no snapshot
Unable to generate snapshot @2 for Event from noname because Profile Event (http://hl7.org/fhir/StructureDefinition/Event) has no base and no snapshot
Unable to generate snapshot @2 for FiveWs from noname because Profile FiveWs (http://hl7.org/fhir/StructureDefinition/FiveWs) has no base and no snapshot
Unable to generate snapshot @2 for Request from noname because Profile Request (http://hl7.org/fhir/StructureDefinition/Request) has no base and no snapshot
Initialization complete                                                                              (00:07.362 / 00:23.693, 549Mb)
Load Content                                                                                         (00:00.001 / 00:23.694, 549Mb)
Using fr_FR as the default narrative language. (inferred from ImplementationGuide.jurisdiction=FR)   (00:00.060 / 00:23.755, 556Mb)
loadPrePages from FetchedFile[/tmp/ans.fhir.fr.sdo#4.0.3-ballot/fsh-generated/includes] as /tmp/ans.fhir.fr.sdo#4.0.3-ballot/fsh-generated/includes
loadPrePages from FetchedFile[/tmp/ans.fhir.fr.sdo#4.0.3-ballot/input/data] as /tmp/ans.fhir.fr.sdo#4.0.3-ballot/input/data
loadPrePages from FetchedFile[/tmp/ans.fhir.fr.sdo#4.0.3-ballot/input/pagecontent] as /tmp/ans.fhir.fr.sdo#4.0.3-ballot/input/pagecontent
Fetch https://interop.esante.gouv.fr/ig/fhir/sdo/package-list.json for version check                 (00:00.556 / 00:24.311, 589Mb)
Checking Language                                                                                    (00:00.694 / 00:25.005, 592Mb)
Processing Conformance Resources                                                                     (00:00.000 / 00:25.006, 592Mb)
Load Dependency Info                                                                                 (00:00.001 / 00:25.008, 592Mb)
Load Info                                                                                            (00:00.001 / 00:25.009, 592Mb)
Load Resources                                                                                       (00:00.001 / 00:25.011, 593Mb)
Load Paths                                                                                           (00:00.211 / 00:25.222, 616Mb)
Generating Snapshots                                                                                 (00:00.001 / 00:25.223, 616Mb)
Check R4 / R4B                                                                                       (00:00.512 / 00:25.736, 425Mb)
Assign Comparison Ids                                                                                (00:00.006 / 00:25.742, 426Mb)
Propagating status                                                                                   (00:00.000 / 00:25.743, 426Mb)
Generating Narratives                                                                                (00:00.000 / 00:25.744, 426Mb)
Validating Conformance Resources                                                                     (00:01.005 / 00:26.750, 452Mb)
Unable to generate snapshot @2 for Definition from noname because Profile Definition (http://hl7.org/fhir/StructureDefinition/Definition) has no base and no snapshot
Unable to generate snapshot @2 for Event from noname because Profile Event (http://hl7.org/fhir/StructureDefinition/Event) has no base and no snapshot
Unable to generate snapshot @2 for FiveWs from noname because Profile FiveWs (http://hl7.org/fhir/StructureDefinition/FiveWs) has no base and no snapshot
Unable to generate snapshot @2 for Request from noname because Profile Request (http://hl7.org/fhir/StructureDefinition/Request) has no base and no snapshot
Check profiles & code systems                                                                        (00:09.575 / 00:36.326, 1Gb)
Check realm rules                                                                                    (00:00.002 / 00:36.328, 1Gb)
Previous Version Comparison                                                                          (00:00.000 / 00:36.329, 1Gb)
Unable to generate snapshot @1 for Definition from noname because Profile Definition (http://hl7.org/fhir/StructureDefinition/Definition) has no base and no snapshot
Unable to generate snapshot @1 for Event from noname because Profile Event (http://hl7.org/fhir/StructureDefinition/Event) has no base and no snapshot
Unable to generate snapshot @1 for FiveWs from noname because Profile FiveWs (http://hl7.org/fhir/StructureDefinition/FiveWs) has no base and no snapshot
Unable to generate snapshot @1 for Request from noname because Profile Request (http://hl7.org/fhir/StructureDefinition/Request) has no base and no snapshot
Validating Resources                                                                                 (00:06.425 / 00:42.754, 1Gb)
Processing Provenance Records                                                                        (00:00.918 / 00:43.673, 1Gb)
Generating Outputs in /tmp/ans.fhir.fr.sdo#4.0.3-ballot/output                                       (00:00.000 / 00:43.674, 1Gb)
Generate Native Outputs                                                                              (00:00.097 / 00:43.771, 1Gb)
Run Template                                                                                         (00:03.829 / 00:47.601, 1Gb)

onGenerate.checkVersions:
     [xslt] Processing /tmp/ans.fhir.fr.sdo#4.0.3-ballot/template/onGenerate-ig-working.xml to /tmp/ans.fhir.fr.sdo#4.0.3-ballot/template/versions.txt
     [xslt] Loading stylesheet /tmp/ans.fhir.fr.sdo#4.0.3-ballot/template/scripts/onGenerate.getVersions.xslt

onGenerate.r5-schemas:
      [get] Getting: http://build.fhir.org/fhir-single.xsd
      [get] To: /tmp/ans.fhir.fr.sdo#4.0.3-ballot/input-cache/schemas/R5/fhir-single.xsd
      [get] Not modified - so not downloaded
      [get] Getting: http://build.fhir.org/fhir-xhtml.xsd
      [get] To: /tmp/ans.fhir.fr.sdo#4.0.3-ballot/input-cache/schemas/R5/fhir-xhtml.xsd
      [get] Not modified - so not downloaded
      [get] Getting: http://build.fhir.org/xml.xsd
      [get] To: /tmp/ans.fhir.fr.sdo#4.0.3-ballot/input-cache/schemas/R5/xml.xsd
      [get] Not modified - so not downloaded
      [get] Getting: http://build.fhir.org/xmldsig-core-schema.xsd
      [get] To: /tmp/ans.fhir.fr.sdo#4.0.3-ballot/input-cache/schemas/R5/xmldsig-core-schema.xsd
      [get] Not modified - so not downloaded

onGenerate.r4-schemas:
      [get] Getting: http://hl7.org/fhir/R4/fhir-single.xsd
      [get] To: /tmp/ans.fhir.fr.sdo#4.0.3-ballot/input-cache/schemas/R4/fhir-single.xsd
      [get] Not modified - so not downloaded
      [get] Getting: http://hl7.org/fhir/R4/fhir-xhtml.xsd
      [get] To: /tmp/ans.fhir.fr.sdo#4.0.3-ballot/input-cache/schemas/R4/fhir-xhtml.xsd
      [get] Not modified - so not downloaded
      [get] Getting: http://hl7.org/fhir/R4/xml.xsd
      [get] To: /tmp/ans.fhir.fr.sdo#4.0.3-ballot/input-cache/schemas/R4/xml.xsd
      [get] Not modified - so not downloaded
      [get] Getting: http://hl7.org/fhir/R4/xmldsig-core-schema.xsd
      [get] To: /tmp/ans.fhir.fr.sdo#4.0.3-ballot/input-cache/schemas/R4/xmldsig-core-schema.xsd
      [get] Not modified - so not downloaded

onGenerate.r3-schemas:

onGenerate.r2b-schemas:

onGenerate.r2-schemas:

onGenerate.schemas:

onGenerate.data:
     [xslt] Processing /tmp/ans.fhir.fr.sdo#4.0.3-ballot/template/onGenerate-ig-working.xml to /tmp/ans.fhir.fr.sdo#4.0.3-ballot/temp/pages/_data/artifacts.json
     [xslt] Loading stylesheet /tmp/ans.fhir.fr.sdo#4.0.3-ballot/template/scripts/onGenerate.data.xslt

onGenerate.setup:

onGenerate.infoFile:
     [xslt] Processing /tmp/ans.fhir.fr.sdo#4.0.3-ballot/template/onGenerate-ig-working.xml to /tmp/ans.fhir.fr.sdo#4.0.3-ballot/temp/pages/_data/info.json
     [xslt] Loading stylesheet /tmp/ans.fhir.fr.sdo#4.0.3-ballot/template/scripts/onGenerate.genJson.xslt

onGenerate.processIncludes:
     [copy] Copying 16 files to /tmp/ans.fhir.fr.sdo#4.0.3-ballot/temp/pages/_includes

onGenerate.processIg:
     [xslt] Processing /tmp/ans.fhir.fr.sdo#4.0.3-ballot/template/onGenerate-ig-working.xml to /tmp/ans.fhir.fr.sdo#4.0.3-ballot/template/onGenerate-ig-working.1.xml
     [xslt] Loading stylesheet /tmp/ans.fhir.fr.sdo#4.0.3-ballot/template/scripts/onGenerate.group.xslt
     [xslt] Processing /tmp/ans.fhir.fr.sdo#4.0.3-ballot/template/onGenerate-ig-working.1.xml to /tmp/ans.fhir.fr.sdo#4.0.3-ballot/template/onGenerate-ig-working.2.xml
     [xslt] Loading stylesheet /tmp/ans.fhir.fr.sdo#4.0.3-ballot/template/scripts/onGenerate.groupSort.xslt
     [xslt] Processing /tmp/ans.fhir.fr.sdo#4.0.3-ballot/template/onGenerate-ig-working.2.xml to /tmp/ans.fhir.fr.sdo#4.0.3-ballot/template/onGenerate-ig-updated.xml
     [xslt] Loading stylesheet /tmp/ans.fhir.fr.sdo#4.0.3-ballot/template/scripts/onGenerate.final.xslt

onGenerate.igQa:
     [xslt] Processing /tmp/ans.fhir.fr.sdo#4.0.3-ballot/template/onGenerate-ig-updated.xml to /tmp/ans.fhir.fr.sdo#4.0.3-ballot/template/ongenerate-validation-igqa.json
     [xslt] Loading stylesheet /tmp/ans.fhir.fr.sdo#4.0.3-ballot/template/scripts/onGenerate.qa.xslt

onGenerate.artifactList:
     [xslt] Processing /tmp/ans.fhir.fr.sdo#4.0.3-ballot/template/onGenerate-ig-updated.xml to /tmp/ans.fhir.fr.sdo#4.0.3-ballot/temp/pages/_includes/artifacts.xml
     [xslt] Loading stylesheet /tmp/ans.fhir.fr.sdo#4.0.3-ballot/template/scripts/createArtifactSummary.xslt

check-plantumlfiles:

onGenerate.plantUml.ig:

onGenerate.plantUml.template:

onGenerate.plantUml:

onGenerate.copyDataFiles:

onGenerate.extend:

onGenerate:
Template Done                                                                                        (00:01.730 / 00:49.332, 1Gb)
Generate HTML Outputs                                                                                (00:00.000 / 00:49.333, 1Gb)
Generate HTML Outputs for ImplementationGuide/ans.fhir.fr.sdo                                        (00:00.001 / 00:49.334, 1Gb)
Generate HTML Outputs for Bundle/exemple-bundle-resultat-recherche-decision-evaluation-elements      (00:00.096 / 00:49.430, 1Gb)
Generate HTML Outputs for Bundle/exemple-bundle-resultat-recherche-decision-evaluation               (00:00.025 / 00:49.456, 1Gb)
Generate HTML Outputs for Bundle/exemple-sdo-bundle-resultat-recherche-notifications-esms            (00:00.024 / 00:49.480, 1Gb)
Generate HTML Outputs for CapabilityStatement/ESMSConsommateur                                       (00:00.033 / 00:49.513, 1Gb)
Generate HTML Outputs for CapabilityStatement/ESMSProducteur                                         (00:00.041 / 00:49.555, 1Gb)
Generate HTML Outputs for CapabilityStatement/gestionnaire-sdo                                       (00:00.026 / 00:49.581, 1Gb)
Generate HTML Outputs for CodeSystem/input-task-sdo-codesystem                                       (00:00.048 / 00:49.630, 1Gb)
ERROR StatusLogger Log4j2 could not find a logging implementation. Please add log4j-core to the classpath. Using SimpleLogger to log to the console...
Generate HTML Outputs for Consent/exemple-consent                                                    (00:02.729 / 00:52.360, 1Gb)
Generate HTML Outputs for DocumentReference/exemple-esms-document-reference                          (00:00.045 / 00:52.405, 1Gb)
Generate HTML Outputs for DocumentReference/exemple-sdo-document-reference                           (00:00.037 / 00:52.442, 1Gb)
Generate HTML Outputs for StructureDefinition/esms-bundle-resultat-recherche-decision-evaluation     (00:00.036 / 00:52.478, 1Gb)
Generate HTML Outputs for StructureDefinition/esms-consent                                           (00:01.230 / 00:53.709, 1Gb)
Generate HTML Outputs for StructureDefinition/esms-document-reference                                (00:01.156 / 00:54.865, 1Gb)
Generate HTML Outputs for StructureDefinition/sdo-bundle-resultat-recherche-notification-esms        (00:00.780 / 00:55.646, 1Gb)
Generate HTML Outputs for StructureDefinition/sdo-document-reference                                 (00:00.376 / 00:56.023, 2Gb)
Generate HTML Outputs for StructureDefinition/sdo-task                                               (00:00.498 / 00:56.521, 1Gb)
Generate HTML Outputs for Task/exemple-sdo-task                                                      (00:01.054 / 00:57.576, 1Gb)
Generate HTML Outputs for ValueSet/type-document-reference-esms-valueset                             (00:00.041 / 00:57.618, 1Gb)
Generate Summaries                                                                                   (00:02.702 / 01:00.320, 2Gb)
Generating Summary Outputs                                                                           (00:00.000 / 01:00.321, 2Gb)
DB Cumulative Time invested: 00:00:00.153
Sending Usage Stats to Server                                                                        (00:05.079 / 01:05.400, 2Gb)
## Memory (MB): Use = 2125, Free = 528, Total = 2654, Max = 3996                                     (00:00.004 / 01:05.404, 2Gb)
Reclaiming memory...                                                                                 (00:00.000 / 01:05.405, 2Gb)
## Memory (MB): Use = 1353, Free = 1300, Total = 2654, Max = 3996                                    (00:00.810 / 01:06.216, 1Gb)
Run jekyll: jekyll build --destination "/tmp/ans.fhir.fr.sdo#4.0.3-ballot/output" (in folder /tmp/ans.fhir.fr.sdo#4.0.3-ballot/temp/pages) (00:00.001 / 01:06.217, 1Gb)
Troubleshooting Note: usual cases for Jekyll to fail are:                                            (00:00.001 / 01:06.218, 1Gb)
* A failure to produce a fragment that is already logged in the output above                         (00:00.000 / 01:06.219, 1Gb)
* A reference to a manually edited file that hasn't been provided                                    (00:00.000 / 01:06.220, 1Gb)
Jekyll: Source: /tmp/ans.fhir.fr.sdo#4.0.3-ballot/temp/pages                                         (00:00.482 / 01:06.703, 1Gb)
Jekyll: Generating...                                                                                (00:00.000 / 01:06.704, 1Gb)
Jekyll: done in 1.628 seconds.                                                                       (00:01.627 / 01:08.331, 1Gb)

Installing ans.fhir.fr.sdo#4.0.3-ballot
 done.
Checking Output HTML                                                                                 (00:01.331 / 01:09.662, 2Gb)
found 808 files                                                                                      (00:00.003 / 01:09.666, 2Gb)
........................................
........................................
  ... 808 html files, 0 pages invalid xhtml (0%)                                                     (00:05.537 / 01:15.204, 2Gb)
  ... 119987 links, 27 broken links (0%)                                                             (00:00.000 / 01:15.205, 2Gb)
Generate fragment-usage-analysis.csv                                                                 (00:00.000 / 01:15.206, 2Gb)
Build final .zip                                                                                     (00:00.006 / 01:15.212, 2Gb)
Final .zip built                                                                                     (00:01.638 / 01:16.850, 2Gb)
Built. Times: loading: 00:01.309, generate: 00:53.797, narrative generation: 00:01.005, realm-rules: 00:00.000, previous-version: 00:06.406, jekyll: 00:02.127, validation: 00:10.491 (#19), template: 00:01.729 (#3) (00:01.972 / 01:18.823, 1Gb)
Generating QA                                                                                        (00:00.001 / 01:18.824, 1Gb)
Internal error in location for message: 'Error @1, 1: Found / expecting a token name', loc = '/tmp/ans.fhir.fr.sdo#4.0.3-ballot/output/searchform.html#/html/body/div/div/div/a/img/div/a/img/div/', err = 'The <script> containing the javascript '$( document ).ready('... is illegal and not allowed on the H'
Validation output in /tmp/ans.fhir.fr.sdo#4.0.3-ballot/output/qa.html
Errors: 0, Warnings: 19, Info: 14, Broken Links: 27 (00:00.549 / 01:19.373, 1Gb)
Finished. Max Memory Used = 2Gb. Log file saved in /tmp/fhir-ig-publisher-tmp.log                    (00:00.005 / 01:19.379, 1Gb)
Prepare Build space in /tmp/ans.fhir.fr.sdo#4.0.3-ballot-milestone
Build IG at /home/runner/work/IG-fhir-medicosocial-suivi-decisions-orientation/IG-fhir-medicosocial-suivi-decisions-orientation/./igSource: final copy suitable for publication (in /tmp/ans.fhir.fr.sdo#4.0.3-ballot-milestone) (milestone build)
FHIR IG Publisher Version 1.8.3 (Git# 709dc76d8981). Built 2024-12-18T00:20:53.138Z (38 hours old)  
Detected Java version: 17.0.10 from /opt/hostedtoolcache/Java_Microsoft_jdk/17.0.10/x64 on Linux/amd64 (64bit). 3996MB available
dir = /home/runner/work/IG-fhir-medicosocial-suivi-decisions-orientation/IG-fhir-medicosocial-suivi-decisions-orientation, path = /opt/hostedtoolcache/Ruby/3.3.6/x64/bin:/usr/share/dotnet:/opt/hostedtoolcache/node/20.18.1/x64/bin:/opt/hostedtoolcache/Java_Microsoft_jdk/17.0.10/x64/bin:/snap/bin:/home/runner/.local/bin:/opt/pipx_bin:/home/runner/.cargo/bin:/home/runner/.config/composer/vendor/bin:/usr/local/.ghcup/bin:/home/runner/.dotnet/tools:/usr/local/sbin:/usr/local/bin:/usr/sbin:/usr/bin:/sbin:/bin:/usr/games:/usr/local/games:/snap/bin
Parameters: -ig /tmp/ans.fhir.fr.sdo#4.0.3-ballot-milestone -publish https://interop.esante.gouv.fr/ig/fhir/sdo/4.0.3-ballot -milestone -no-exit
Start Clock @ Thursday, December 19, 2024 at 2:38:46 PM Coordinated Universal Time (2024-12-19T14:38:46Z)
                                                                                                    
Build FHIR IG from /tmp/ans.fhir.fr.sdo#4.0.3-ballot-milestone                                       (00:00.003 / 00:00.003, 1Gb)
Build Formal Publication package, intended for https://interop.esante.gouv.fr/ig/fhir/sdo/4.0.3-ballot (00:00.001 / 00:00.004, 1Gb)
API keys loaded from /home/runner/.fhir/fhir-settings.json                                           (00:00.000 / 00:00.005, 1Gb)
Package Cache: /home/runner/.fhir/packages                                                           (00:00.000 / 00:00.006, 1Gb)
Run Sushi on /tmp/ans.fhir.fr.sdo#4.0.3-ballot-milestone                                             (00:00.000 / 00:00.007, 1Gb)
Sushi: info  Running SUSHI v3.12.1 (implements FHIR Shorthand specification v3.0.0)                  (00:00.377 / 00:00.384, 1Gb)
Sushi: info  Arguments:                                                                              (00:00.000 / 00:00.385, 1Gb)
Sushi: info    --require-latest                                                                      (00:00.000 / 00:00.386, 1Gb)
Sushi: info    --out /tmp/ans.fhir.fr.sdo#4.0.3-ballot-milestone                                     (00:00.000 / 00:00.387, 1Gb)
Sushi: info    /tmp/ans.fhir.fr.sdo#4.0.3-ballot-milestone                                           (00:00.000 / 00:00.388, 1Gb)
Sushi: info  Using configuration file: /tmp/ans.fhir.fr.sdo#4.0.3-ballot-milestone/sushi-config.yaml (00:00.365 / 00:00.753, 1Gb)
Sushi: info  Importing FSH text...                                                                   (00:00.099 / 00:00.853, 1Gb)
Sushi: info  Preprocessed 23 documents with 17 aliases.                                              (00:00.172 / 00:01.025, 1Gb)
Sushi: info  Imported 8 definitions and 16 instances.                                                (00:00.016 / 00:01.041, 1Gb)
Sushi: info  Checking /home/runner/.fhir/packages for hl7.fhir.uv.tools#current...                   (00:00.001 / 00:01.043, 1Gb)
Sushi: info  Found hl7.fhir.uv.tools#current in /home/runner/.fhir/packages.                         (00:00.040 / 00:01.084, 1Gb)
Sushi: info  Loaded package hl7.fhir.uv.tools#current                                                (00:00.411 / 00:01.495, 1Gb)
Sushi: info  Checking /home/runner/.fhir/packages for hl7.terminology.r4#6.1.0...                    (00:00.604 / 00:02.100, 1Gb)
Sushi: info  Found hl7.terminology.r4#6.1.0 in /home/runner/.fhir/packages.                          (00:00.535 / 00:02.636, 1Gb)
Sushi: info  Loaded package hl7.terminology.r4#6.1.0                                                 (00:00.000 / 00:02.637, 1Gb)
Sushi: info  Checking /home/runner/.fhir/packages for hl7.fhir.uv.extensions.r4#5.1.0...             (00:00.102 / 00:02.739, 1Gb)
Sushi: info  Found hl7.fhir.uv.extensions.r4#5.1.0 in /home/runner/.fhir/packages.                   (00:00.498 / 00:03.237, 1Gb)
Sushi: info  Loaded package hl7.fhir.uv.extensions.r4#5.1.0                                          (00:00.000 / 00:03.238, 1Gb)
Sushi: info  Checking /home/runner/.fhir/packages for ans.fr.nos#1.4.0...                            (00:00.100 / 00:03.339, 1Gb)
Sushi: info  Found ans.fr.nos#1.4.0 in /home/runner/.fhir/packages.                                  (00:00.593 / 00:03.932, 1Gb)
Sushi: info  Loaded package ans.fr.nos#1.4.0                                                         (00:00.000 / 00:03.933, 1Gb)
Sushi: info  Checking /home/runner/.fhir/packages for hl7.fhir.r4.core#4.0.1...                      (00:00.000 / 00:03.934, 1Gb)
Sushi: info  Found hl7.fhir.r4.core#4.0.1 in /home/runner/.fhir/packages.                            (00:01.227 / 00:05.162, 1Gb)
Sushi: info  Loaded package hl7.fhir.r4.core#4.0.1                                                   (00:00.000 / 00:05.163, 1Gb)
Sushi: info  Converting FSH to FHIR resources...                                                     (00:00.036 / 00:05.199, 1Gb)
Sushi: info  Converted 6 FHIR StructureDefinitions.                                                  (00:00.747 / 00:05.947, 1Gb)
Sushi: info  Converted 1 FHIR CodeSystems.                                                           (00:00.031 / 00:05.978, 1Gb)
Sushi: info  Converted 1 FHIR ValueSets.                                                             (00:00.032 / 00:06.011, 1Gb)
Sushi: info  Converted 16 FHIR instances.                                                            (00:00.720 / 00:06.731, 1Gb)
Sushi: info  Exporting FHIR resources as JSON...                                                     (00:00.000 / 00:06.732, 1Gb)
Sushi: info  Exported 18 FHIR resources as JSON.                                                     (00:00.029 / 00:06.762, 1Gb)
Sushi: info  Assembling Implementation Guide sources...                                              (00:00.001 / 00:06.763, 1Gb)
Sushi: info  Generated ImplementationGuide-ans.fhir.fr.sdo.json                                      (00:00.024 / 00:06.787, 1Gb)
Sushi: info  Assembled Implementation Guide sources; ready for IG Publisher.                         (00:00.000 / 00:06.788, 1Gb)
Sushi: ========================= SUSHI RESULTS ===========================                           (00:00.000 / 00:06.789, 1Gb)
Sushi: |  -------------------------------------------------------------  |                           (00:00.000 / 00:06.790, 1Gb)
Sushi: | |    Profiles   |  Extensions  |   Logicals   |   Resources   | |                           (00:00.000 / 00:06.791, 1Gb)
Sushi: | |-------------------------------------------------------------| |                           (00:00.001 / 00:06.792, 1Gb)
Sushi: | |       6       |      0       |      0       |       0       | |                           (00:00.000 / 00:06.793, 1Gb)
Sushi: |  -------------------------------------------------------------  |                           (00:00.000 / 00:06.794, 1Gb)
Sushi: |  -------------------------------------------------------------  |                           (00:00.000 / 00:06.795, 1Gb)
Sushi: | |      ValueSets     |    CodeSystems    |     Instances      | |                           (00:00.000 / 00:06.796, 1Gb)
Sushi: | |-------------------------------------------------------------| |                           (00:00.000 / 00:06.796, 1Gb)
Sushi: | |         1          |         1         |         16         | |                           (00:00.001 / 00:06.798, 1Gb)
Sushi: |  -------------------------------------------------------------  |                           (00:00.000 / 00:06.803, 1Gb)
Sushi: |                                                                 |                           (00:00.004 / 00:06.804, 1Gb)
Sushi: ===================================================================                           (00:00.000 / 00:06.805, 1Gb)
Sushi: | You've found your sea legs.            0 Errors      0 Warnings |                           (00:00.000 / 00:06.805, 1Gb)
Sushi: ===================================================================                           (00:00.000 / 00:06.806, 1Gb)
Unable to load IG as an r5 IG - try R4 (property code is a class com.google.gson.JsonPrimitive looking for an object) (00:00.020 / 00:06.826, 1Gb)
Load Template from https://github.com/ansforge/IG-template                                           (00:00.015 / 00:06.841, 1Gb)
 Load Template from fhir.base.template#current                                                       (00:00.662 / 00:07.504, 1Gb)

onLoad.findSpreadsheets:

onLoad.updateIg:
     [xslt] Processing /tmp/ans.fhir.fr.sdo#4.0.3-ballot-milestone/template/onLoad-ig-working.xml to /tmp/ans.fhir.fr.sdo#4.0.3-ballot-milestone/template/onLoad-ig-updated.xml
     [xslt] Loading stylesheet /tmp/ans.fhir.fr.sdo#4.0.3-ballot-milestone/template/scripts/onLoad.xslt

onLoad.extend:

onLoad:
Root directory: /tmp/ans.fhir.fr.sdo#4.0.3-ballot-milestone                                          (00:01.573 / 00:09.077, 1Gb)
Terminology Cache is at /tmp/ans.fhir.fr.sdo#4.0.3-ballot-milestone/input-cache/txcache. 12 files in cache (00:00.418 / 00:09.495, 1Gb)
Core Package hl7.fhir.r4.core#4.0.1
Unable to generate snapshot @2 for Definition from noname because Profile Definition (http://hl7.org/fhir/StructureDefinition/Definition) has no base and no snapshot
Unable to generate snapshot @2 for Event from noname because Profile Event (http://hl7.org/fhir/StructureDefinition/Event) has no base and no snapshot
Unable to generate snapshot @2 for FiveWs from noname because Profile FiveWs (http://hl7.org/fhir/StructureDefinition/FiveWs) has no base and no snapshot
Unable to generate snapshot @2 for Request from noname because Profile Request (http://hl7.org/fhir/StructureDefinition/Request) has no base and no snapshot
Running Terminology Log: /tmp/ohfu-fhir-ig-3393975905954122746.log
Connect to Terminology Server at http://tx.fhir.org                                                  (00:01.557 / 00:11.053, 2Gb)
Load Package hl7.fhir.pubpack#0.2.0
Load Package hl7.fhir.xver-extensions#0.1.0
Load Package hl7.terminology.r4#6.1.0
Load Package hl7.fhir.uv.extensions.r4#5.1.0
Load Package hl7.terminology.r4#6.0.2
Load Package ans.fr.nos#1.4.0
Load Package hl7.fhir.uv.tools.r4#0.3.0
Load R5 Specials
Unable to generate snapshot @2 for Definition from noname because Profile Definition (http://hl7.org/fhir/StructureDefinition/Definition) has no base and no snapshot
Unable to generate snapshot @2 for Event from noname because Profile Event (http://hl7.org/fhir/StructureDefinition/Event) has no base and no snapshot
Unable to generate snapshot @2 for FiveWs from noname because Profile FiveWs (http://hl7.org/fhir/StructureDefinition/FiveWs) has no base and no snapshot
Unable to generate snapshot @2 for Request from noname because Profile Request (http://hl7.org/fhir/StructureDefinition/Request) has no base and no snapshot
Initialization complete                                                                              (00:04.426 / 00:15.480, 2Gb)
Load Content                                                                                         (00:00.000 / 00:15.480, 2Gb)
Using fr_FR as the default narrative language. (inferred from ImplementationGuide.jurisdiction=FR)   (00:00.015 / 00:15.496, 2Gb)
loadPrePages from FetchedFile[/tmp/ans.fhir.fr.sdo#4.0.3-ballot-milestone/fsh-generated/includes] as /tmp/ans.fhir.fr.sdo#4.0.3-ballot-milestone/fsh-generated/includes
loadPrePages from FetchedFile[/tmp/ans.fhir.fr.sdo#4.0.3-ballot-milestone/input/data] as /tmp/ans.fhir.fr.sdo#4.0.3-ballot-milestone/input/data
loadPrePages from FetchedFile[/tmp/ans.fhir.fr.sdo#4.0.3-ballot-milestone/input/pagecontent] as /tmp/ans.fhir.fr.sdo#4.0.3-ballot-milestone/input/pagecontent
Fetch https://interop.esante.gouv.fr/ig/fhir/sdo/package-list.json for version check                 (00:00.532 / 00:16.029, 2Gb)
Checking Language                                                                                    (00:00.152 / 00:16.181, 2Gb)
Processing Conformance Resources                                                                     (00:00.001 / 00:16.182, 2Gb)
Load Dependency Info                                                                                 (00:00.001 / 00:16.184, 2Gb)
Load Info                                                                                            (00:00.001 / 00:16.185, 2Gb)
Load Resources                                                                                       (00:00.001 / 00:16.186, 2Gb)
Load Paths                                                                                           (00:00.180 / 00:16.366, 2Gb)
Generating Snapshots                                                                                 (00:00.000 / 00:16.367, 2Gb)
Check R4 / R4B                                                                                       (00:00.361 / 00:16.728, 1Gb)
Assign Comparison Ids                                                                                (00:00.003 / 00:16.731, 1Gb)
Propagating status                                                                                   (00:00.001 / 00:16.732, 1Gb)
Generating Narratives                                                                                (00:00.000 / 00:16.733, 1Gb)
Validating Conformance Resources                                                                     (00:00.675 / 00:17.409, 2Gb)
Unable to generate snapshot @2 for Definition from noname because Profile Definition (http://hl7.org/fhir/StructureDefinition/Definition) has no base and no snapshot
Unable to generate snapshot @2 for Event from noname because Profile Event (http://hl7.org/fhir/StructureDefinition/Event) has no base and no snapshot
Unable to generate snapshot @2 for FiveWs from noname because Profile FiveWs (http://hl7.org/fhir/StructureDefinition/FiveWs) has no base and no snapshot
Unable to generate snapshot @2 for Request from noname because Profile Request (http://hl7.org/fhir/StructureDefinition/Request) has no base and no snapshot
Check profiles & code systems                                                                        (00:12.145 / 00:29.555, 2Gb)
Check realm rules                                                                                    (00:00.001 / 00:29.556, 2Gb)
Previous Version Comparison                                                                          (00:00.000 / 00:29.557, 2Gb)
Unable to generate snapshot @1 for Definition from noname because Profile Definition (http://hl7.org/fhir/StructureDefinition/Definition) has no base and no snapshot
Unable to generate snapshot @1 for Event from noname because Profile Event (http://hl7.org/fhir/StructureDefinition/Event) has no base and no snapshot
Unable to generate snapshot @1 for FiveWs from noname because Profile FiveWs (http://hl7.org/fhir/StructureDefinition/FiveWs) has no base and no snapshot
Unable to generate snapshot @1 for Request from noname because Profile Request (http://hl7.org/fhir/StructureDefinition/Request) has no base and no snapshot
Validating Resources                                                                                 (00:05.233 / 00:34.791, 2Gb)
Processing Provenance Records                                                                        (00:00.161 / 00:34.952, 2Gb)
Generating Outputs in /tmp/ans.fhir.fr.sdo#4.0.3-ballot-milestone/output                             (00:00.000 / 00:34.953, 2Gb)
Generate Native Outputs                                                                              (00:00.082 / 00:35.036, 2Gb)
Run Template                                                                                         (00:03.454 / 00:38.490, 2Gb)

onGenerate.checkVersions:
     [xslt] Processing /tmp/ans.fhir.fr.sdo#4.0.3-ballot-milestone/template/onGenerate-ig-working.xml to /tmp/ans.fhir.fr.sdo#4.0.3-ballot-milestone/template/versions.txt
     [xslt] Loading stylesheet /tmp/ans.fhir.fr.sdo#4.0.3-ballot-milestone/template/scripts/onGenerate.getVersions.xslt

onGenerate.r5-schemas:
      [get] Getting: http://build.fhir.org/fhir-single.xsd
      [get] To: /tmp/ans.fhir.fr.sdo#4.0.3-ballot-milestone/input-cache/schemas/R5/fhir-single.xsd
      [get] Not modified - so not downloaded
      [get] Getting: http://build.fhir.org/fhir-xhtml.xsd
      [get] To: /tmp/ans.fhir.fr.sdo#4.0.3-ballot-milestone/input-cache/schemas/R5/fhir-xhtml.xsd
      [get] Not modified - so not downloaded
      [get] Getting: http://build.fhir.org/xml.xsd
      [get] To: /tmp/ans.fhir.fr.sdo#4.0.3-ballot-milestone/input-cache/schemas/R5/xml.xsd
      [get] Not modified - so not downloaded
      [get] Getting: http://build.fhir.org/xmldsig-core-schema.xsd
      [get] To: /tmp/ans.fhir.fr.sdo#4.0.3-ballot-milestone/input-cache/schemas/R5/xmldsig-core-schema.xsd
      [get] Not modified - so not downloaded

onGenerate.r4-schemas:
      [get] Getting: http://hl7.org/fhir/R4/fhir-single.xsd
      [get] To: /tmp/ans.fhir.fr.sdo#4.0.3-ballot-milestone/input-cache/schemas/R4/fhir-single.xsd
      [get] Not modified - so not downloaded
      [get] Getting: http://hl7.org/fhir/R4/fhir-xhtml.xsd
      [get] To: /tmp/ans.fhir.fr.sdo#4.0.3-ballot-milestone/input-cache/schemas/R4/fhir-xhtml.xsd
      [get] Not modified - so not downloaded
      [get] Getting: http://hl7.org/fhir/R4/xml.xsd
      [get] To: /tmp/ans.fhir.fr.sdo#4.0.3-ballot-milestone/input-cache/schemas/R4/xml.xsd
      [get] Not modified - so not downloaded
      [get] Getting: http://hl7.org/fhir/R4/xmldsig-core-schema.xsd
      [get] To: /tmp/ans.fhir.fr.sdo#4.0.3-ballot-milestone/input-cache/schemas/R4/xmldsig-core-schema.xsd
      [get] Not modified - so not downloaded

onGenerate.r3-schemas:

onGenerate.r2b-schemas:

onGenerate.r2-schemas:

onGenerate.schemas:

onGenerate.data:
     [xslt] Processing /tmp/ans.fhir.fr.sdo#4.0.3-ballot-milestone/template/onGenerate-ig-working.xml to /tmp/ans.fhir.fr.sdo#4.0.3-ballot-milestone/temp/pages/_data/artifacts.json
     [xslt] Loading stylesheet /tmp/ans.fhir.fr.sdo#4.0.3-ballot-milestone/template/scripts/onGenerate.data.xslt

onGenerate.setup:

onGenerate.infoFile:
     [xslt] Processing /tmp/ans.fhir.fr.sdo#4.0.3-ballot-milestone/template/onGenerate-ig-working.xml to /tmp/ans.fhir.fr.sdo#4.0.3-ballot-milestone/temp/pages/_data/info.json
     [xslt] Loading stylesheet /tmp/ans.fhir.fr.sdo#4.0.3-ballot-milestone/template/scripts/onGenerate.genJson.xslt

onGenerate.processIncludes:
     [copy] Copying 16 files to /tmp/ans.fhir.fr.sdo#4.0.3-ballot-milestone/temp/pages/_includes

onGenerate.processIg:
     [xslt] Processing /tmp/ans.fhir.fr.sdo#4.0.3-ballot-milestone/template/onGenerate-ig-working.xml to /tmp/ans.fhir.fr.sdo#4.0.3-ballot-milestone/template/onGenerate-ig-working.1.xml
     [xslt] Loading stylesheet /tmp/ans.fhir.fr.sdo#4.0.3-ballot-milestone/template/scripts/onGenerate.group.xslt
     [xslt] Processing /tmp/ans.fhir.fr.sdo#4.0.3-ballot-milestone/template/onGenerate-ig-working.1.xml to /tmp/ans.fhir.fr.sdo#4.0.3-ballot-milestone/template/onGenerate-ig-working.2.xml
     [xslt] Loading stylesheet /tmp/ans.fhir.fr.sdo#4.0.3-ballot-milestone/template/scripts/onGenerate.groupSort.xslt
     [xslt] Processing /tmp/ans.fhir.fr.sdo#4.0.3-ballot-milestone/template/onGenerate-ig-working.2.xml to /tmp/ans.fhir.fr.sdo#4.0.3-ballot-milestone/template/onGenerate-ig-updated.xml
     [xslt] Loading stylesheet /tmp/ans.fhir.fr.sdo#4.0.3-ballot-milestone/template/scripts/onGenerate.final.xslt

onGenerate.igQa:
     [xslt] Processing /tmp/ans.fhir.fr.sdo#4.0.3-ballot-milestone/template/onGenerate-ig-updated.xml to /tmp/ans.fhir.fr.sdo#4.0.3-ballot-milestone/template/ongenerate-validation-igqa.json
     [xslt] Loading stylesheet /tmp/ans.fhir.fr.sdo#4.0.3-ballot-milestone/template/scripts/onGenerate.qa.xslt

onGenerate.artifactList:
     [xslt] Processing /tmp/ans.fhir.fr.sdo#4.0.3-ballot-milestone/template/onGenerate-ig-updated.xml to /tmp/ans.fhir.fr.sdo#4.0.3-ballot-milestone/temp/pages/_includes/artifacts.xml
     [xslt] Loading stylesheet /tmp/ans.fhir.fr.sdo#4.0.3-ballot-milestone/template/scripts/createArtifactSummary.xslt

check-plantumlfiles:

onGenerate.plantUml.ig:

onGenerate.plantUml.template:

onGenerate.plantUml:

onGenerate.copyDataFiles:

onGenerate.extend:

onGenerate:
Template Done                                                                                        (00:01.389 / 00:39.880, 2Gb)
Generate HTML Outputs                                                                                (00:00.000 / 00:39.881, 2Gb)
Generate HTML Outputs for ImplementationGuide/ans.fhir.fr.sdo                                        (00:00.000 / 00:39.882, 2Gb)
Generate HTML Outputs for Bundle/exemple-bundle-resultat-recherche-decision-evaluation-elements      (00:00.044 / 00:39.926, 2Gb)
Generate HTML Outputs for Bundle/exemple-bundle-resultat-recherche-decision-evaluation               (00:00.021 / 00:39.947, 2Gb)
Generate HTML Outputs for Bundle/exemple-sdo-bundle-resultat-recherche-notifications-esms            (00:00.021 / 00:39.968, 2Gb)
Generate HTML Outputs for CapabilityStatement/ESMSConsommateur                                       (00:00.024 / 00:39.992, 2Gb)
Generate HTML Outputs for CapabilityStatement/ESMSProducteur                                         (00:00.022 / 00:40.015, 2Gb)
Generate HTML Outputs for CapabilityStatement/gestionnaire-sdo                                       (00:00.021 / 00:40.037, 2Gb)
Generate HTML Outputs for CodeSystem/input-task-sdo-codesystem                                       (00:00.024 / 00:40.061, 2Gb)
Generate HTML Outputs for Consent/exemple-consent                                                    (00:01.652 / 00:41.713, 2Gb)
Generate HTML Outputs for DocumentReference/exemple-esms-document-reference                          (00:00.023 / 00:41.737, 2Gb)
Generate HTML Outputs for DocumentReference/exemple-sdo-document-reference                           (00:00.022 / 00:41.760, 2Gb)
Generate HTML Outputs for StructureDefinition/esms-bundle-resultat-recherche-decision-evaluation     (00:00.022 / 00:41.782, 2Gb)
Generate HTML Outputs for StructureDefinition/esms-consent                                           (00:00.289 / 00:42.072, 2Gb)
Generate HTML Outputs for StructureDefinition/esms-document-reference                                (00:00.434 / 00:42.507, 2Gb)
Generate HTML Outputs for StructureDefinition/sdo-bundle-resultat-recherche-notification-esms        (00:00.392 / 00:42.899, 2Gb)
Generate HTML Outputs for StructureDefinition/sdo-document-reference                                 (00:00.267 / 00:43.166, 2Gb)
Generate HTML Outputs for StructureDefinition/sdo-task                                               (00:00.393 / 00:43.560, 2Gb)
Generate HTML Outputs for Task/exemple-sdo-task                                                      (00:00.880 / 00:44.440, 2Gb)
Generate HTML Outputs for ValueSet/type-document-reference-esms-valueset                             (00:00.025 / 00:44.466, 2Gb)
Generate Summaries                                                                                   (00:01.671 / 00:46.137, 2Gb)
Generating Summary Outputs                                                                           (00:00.000 / 00:46.138, 2Gb)
DB Cumulative Time invested: 00:00:00.121
Sending Usage Stats to Server                                                                        (00:03.770 / 00:49.908, 2Gb)
## Memory (MB): Use = 2892, Free = 571, Total = 3464, Max = 3996                                     (00:00.001 / 00:49.910, 2Gb)
Reclaiming memory...                                                                                 (00:00.000 / 00:49.910, 2Gb)
## Memory (MB): Use = 2679, Free = 1316, Total = 3996, Max = 3996                                    (00:01.286 / 00:51.197, 2Gb)
Run jekyll: jekyll build --destination "/tmp/ans.fhir.fr.sdo#4.0.3-ballot-milestone/output" (in folder /tmp/ans.fhir.fr.sdo#4.0.3-ballot-milestone/temp/pages) (00:00.001 / 00:51.198, 2Gb)
Troubleshooting Note: usual cases for Jekyll to fail are:                                            (00:00.001 / 00:51.200, 2Gb)
* A failure to produce a fragment that is already logged in the output above                         (00:00.000 / 00:51.200, 2Gb)
* A reference to a manually edited file that hasn't been provided                                    (00:00.000 / 00:51.201, 2Gb)
Jekyll: Source: /tmp/ans.fhir.fr.sdo#4.0.3-ballot-milestone/temp/pages                               (00:00.323 / 00:51.525, 2Gb)
Jekyll: Generating...                                                                                (00:00.001 / 00:51.526, 2Gb)
Jekyll: done in 1.582 seconds.                                                                       (00:01.580 / 00:53.107, 2Gb)

Installing ans.fhir.fr.sdo#4.0.3-ballot
Checking Output HTML                                                                                 (00:01.005 / 00:54.112, 3Gb)
found 808 files                                                                                      (00:00.003 / 00:54.115, 3Gb)
........................................
........................................
  ... 808 html files, 0 pages invalid xhtml (0%)                                                     (00:05.571 / 00:59.687, 3Gb)
  ... 119987 links, 27 broken links (0%)                                                             (00:00.001 / 00:59.688, 3Gb)
Generate fragment-usage-analysis.csv                                                                 (00:00.000 / 00:59.689, 3Gb)
Build final .zip                                                                                     (00:00.008 / 00:59.698, 3Gb)
Final .zip built                                                                                     (00:01.661 / 01:01.359, 3Gb)
Built. Times: loading: 00:00.700, generate: 00:47.109, narrative generation: 00:00.675, realm-rules: 00:00.000, previous-version: 00:05.219, jekyll: 00:01.922, validation: 00:12.304 (#19), template: 00:01.389 (#3) (00:01.932 / 01:03.292, 2Gb)
Generating QA                                                                                        (00:00.001 / 01:03.294, 2Gb)
Internal error in location for message: 'Error @1, 1: Found / expecting a token name', loc = '/tmp/ans.fhir.fr.sdo#4.0.3-ballot-milestone/output/searchform.html#/html/body/div/div/div/a/img/div/', err = 'The <script> containing the javascript '$( document ).ready('... is illegal and not allowed on the H'
Validation output in /tmp/ans.fhir.fr.sdo#4.0.3-ballot-milestone/output/qa.html
Errors: 0, Warnings: 19, Info: 14, Broken Links: 27 (00:00.606 / 01:03.900, 3Gb)
Finished. Max Memory Used = 3Gb. Log file saved in /tmp/fhir-ig-publisher-tmp.log                    (00:00.007 / 01:03.907, 3Gb)
Keep a copy of the build directory at /tmp/web-root/run-20241219/ig-build-zips/ans.fhir.fr.sdo#4.0.3-ballot.zip

ok. All checks passed. Publish v4.0.3-ballot to /tmp/web-root/run-20241219/sdo/4.0.3-ballot
Copy the IG to /tmp/web-root/run-20241219/sdo/4.0.3-ballot
Update /tmp/web-root/run-20241219/sdo/package-list.json
Publish Box Statement: This page is part of the Mdicosocial - Suivi Dcisions Orientation (v4.0.3-ballot: Release) based on <a no-external="true" href="http://hl7.org/fhir/R4">FHIR (HL7 FHIR Standard) R4</a>. This is the current published version in its permanent home (it will always be available at this URL).  For a full list of available versions, see the <a no-external="true" href="https://interop.esante.gouv.fr/ig/fhir/sdo/history.html">Directory of published versions</a>
no html insert in /tmp/web-root/run-20241219/sdo/4.0.3-ballot/qa-txservers.html
  .. 141 files checked, 141 updated
  .. 63 clones checked, 122 updated
  .. 19 redirections (19 created/updated)
This is a milestone release - publish v4.0.3-ballot to /tmp/web-root/run-20241219/sdo
Publish Box Statement: This page is part of the Mdicosocial - Suivi Dcisions Orientation (v4.0.3-ballot: Release) based on <a no-external="true" href="http://hl7.org/fhir/R4">FHIR (HL7 FHIR Standard) R4</a>. This is the current published version.  For a full list of available versions, see the <a no-external="true" href="https://interop.esante.gouv.fr/ig/fhir/sdo/history.html">Directory of published versions</a>
no html insert in /tmp/ans.fhir.fr.sdo#4.0.3-ballot-milestone/output/qa-txservers.html
  .. 141 files checked, 141 updated
  .. 63 clones checked, 122 updated
  .. 19 redirections (19 created/updated)
Check for Files to delete
  ... 0 files
Copy to new IG to /tmp/web-root/run-20241219/sdo
Update history page at /tmp/web-root/run-20241219/sdo from /home/runner/work/IG-fhir-medicosocial-suivi-decisions-orientation/IG-fhir-medicosocial-suivi-decisions-orientation/./IG-website-release/fhir-ig-history-template and ./IG-website-release/templates
Build is complete. Copy from /tmp/web-root/run-20241219
ans.fhir.fr.sdo (https://interop.esante.gouv.fr/ig/fhir/sdo): Mdicosocial - Suivi Dcisions Orientation @ https://ansforge.github.io/IG-fhir-medicosocial-suivi-decisions-orientation/ig/main
  release: trial-use 4.0.3-ballot/4.0.1 @ https://interop.esante.gouv.fr/ig/fhir/sdo/4.0.3-ballot
