FHIR IG Publisher Version 1.6.28 (Git# 64a1067c1563). Built 2024-09-26T13:02:52.78Z (5 days old)
Detected Java version: 17.0.10 from /opt/hostedtoolcache/Java_Microsoft_jdk/17.0.10/x64 on amd64 (64bit). 3998MB available
dir = /home/runner/work/IG-fhir-mesures-de-sante/IG-fhir-mesures-de-sante, path = /opt/hostedtoolcache/Ruby/3.3.5/x64/bin:/opt/hostedtoolcache/node/20.17.0/x64/bin:/opt/hostedtoolcache/Java_Microsoft_jdk/17.0.10/x64/bin:/snap/bin:/home/runner/.local/bin:/opt/pipx_bin:/home/runner/.cargo/bin:/home/runner/.config/composer/vendor/bin:/usr/local/.ghcup/bin:/home/runner/.dotnet/tools:/usr/local/sbin:/usr/local/bin:/usr/sbin:/usr/bin:/sbin:/bin:/usr/games:/usr/local/games:/snap/bin
Parameters: -go-publish -source ./igSource -web ./IG-website-release/www/ig/fhir -registry ./IG-website-release/ig-registry/fhir-ig-list.json -history ./IG-website-release/fhir-ig-history-template -templates ./IG-website-release/templates
---------------
Publication Run: publish ./igSource to ./IG-website-release/www/ig/fhir
Run Number: 50
Relative directory for IG is '/mesures'
===== Web Publication Run Details ===============================
 Source IG: ans.fhir.fr.mesures#3.1.0 : https://interop.esante.gouv.fr/ig/fhir/mesures (R4) from ./igSource
All checks passed. Do the publication build from /home/runner/work/IG-fhir-mesures-de-sante/IG-fhir-mesures-de-sante/./igSource and publish to /tmp/web-root/run-20241002/mesures
Prepare Build space in /tmp/ans.fhir.fr.mesures#3.1.0
Build IG at /home/runner/work/IG-fhir-mesures-de-sante/IG-fhir-mesures-de-sante/./igSource: final copy suitable for publication (in /tmp/ans.fhir.fr.mesures#3.1.0)
FHIR IG Publisher Version 1.6.28 (Git# 64a1067c1563). Built 2024-09-26T13:02:52.78Z (5 days old)    
Detected Java version: 17.0.10 from /opt/hostedtoolcache/Java_Microsoft_jdk/17.0.10/x64 on Linux/amd64 (64bit). 3998MB available
dir = /home/runner/work/IG-fhir-mesures-de-sante/IG-fhir-mesures-de-sante, path = /opt/hostedtoolcache/Ruby/3.3.5/x64/bin:/opt/hostedtoolcache/node/20.17.0/x64/bin:/opt/hostedtoolcache/Java_Microsoft_jdk/17.0.10/x64/bin:/snap/bin:/home/runner/.local/bin:/opt/pipx_bin:/home/runner/.cargo/bin:/home/runner/.config/composer/vendor/bin:/usr/local/.ghcup/bin:/home/runner/.dotnet/tools:/usr/local/sbin:/usr/local/bin:/usr/sbin:/usr/bin:/sbin:/bin:/usr/games:/usr/local/games:/snap/bin
Parameters: -ig /tmp/ans.fhir.fr.mesures#3.1.0 -resetTx -publish https://interop.esante.gouv.fr/ig/fhir/mesures/3.1.0 -no-exit
Start Clock @ Wednesday, October 2, 2024 at 8:39:44 AM Coordinated Universal Time (2024-10-02T08:39:44Z)
                                                                                                    
Build FHIR IG from /tmp/ans.fhir.fr.mesures#3.1.0                                                    (00:00.026 / 00:00.027, 34Mb)
Build Formal Publication package, intended for https://interop.esante.gouv.fr/ig/fhir/mesures/3.1.0  (00:00.004 / 00:00.031, 34Mb)
API keys loaded from /home/runner/.fhir/fhir-settings.json                                           (00:00.000 / 00:00.031, 34Mb)
Package Cache: /home/runner/.fhir/packages                                                           (00:00.003 / 00:00.035, 34Mb)
Run Sushi on /tmp/ans.fhir.fr.mesures#3.1.0                                                          (00:00.001 / 00:00.037, 34Mb)
Sushi: info  Running SUSHI v3.11.1 (implements FHIR Shorthand specification v3.0.0-ballot)           (00:00.683 / 00:00.720, 36Mb)
Sushi: info  Arguments:                                                                              (00:00.000 / 00:00.721, 36Mb)
Sushi: info    --require-latest                                                                      (00:00.000 / 00:00.722, 36Mb)
Sushi: info    --out /tmp/ans.fhir.fr.mesures#3.1.0                                                  (00:00.000 / 00:00.723, 36Mb)
Sushi: info    /tmp/ans.fhir.fr.mesures#3.1.0                                                        (00:00.000 / 00:00.724, 36Mb)
Sushi: info  Using configuration file: /tmp/ans.fhir.fr.mesures#3.1.0/sushi-config.yaml              (00:00.611 / 00:01.335, 36Mb)
Sushi: info  Importing FSH text...                                                                   (00:00.114 / 00:01.450, 36Mb)
Sushi: info  Preprocessed 23 documents with 39 aliases.                                              (00:00.192 / 00:01.643, 36Mb)
Sushi: info  Imported 19 definitions and 19 instances.                                               (00:00.021 / 00:01.664, 36Mb)
Sushi: info  Checking /home/runner/.fhir/packages for hl7.fhir.uv.tools#current...                   (00:00.001 / 00:01.666, 36Mb)
Sushi: info  Found hl7.fhir.uv.tools#current in /home/runner/.fhir/packages.                         (00:00.078 / 00:01.744, 36Mb)
Sushi: info  Loaded package hl7.fhir.uv.tools#current                                                (00:00.191 / 00:01.936, 36Mb)
Sushi: info  Checking /home/runner/.fhir/packages for hl7.terminology.r4#6.0.2...                    (00:00.601 / 00:02.538, 36Mb)
Sushi: info  Found hl7.terminology.r4#6.0.2 in /home/runner/.fhir/packages.                          (00:01.107 / 00:03.645, 36Mb)
Sushi: info  Loaded package hl7.terminology.r4#6.0.2                                                 (00:00.000 / 00:03.645, 36Mb)
Sushi: info  Checking /home/runner/.fhir/packages for hl7.fhir.uv.extensions.r4#5.1.0...             (00:00.103 / 00:03.749, 36Mb)
Sushi: info  Found hl7.fhir.uv.extensions.r4#5.1.0 in /home/runner/.fhir/packages.                   (00:00.519 / 00:04.269, 36Mb)
Sushi: info  Loaded package hl7.fhir.uv.extensions.r4#5.1.0                                          (00:00.001 / 00:04.269, 36Mb)
Sushi: info  Checking /home/runner/.fhir/packages for hl7.fhir.fr.core#2.0.1...                      (00:00.000 / 00:04.270, 36Mb)
Sushi: info  Found hl7.fhir.fr.core#2.0.1 in /home/runner/.fhir/packages.                            (00:00.486 / 00:04.757, 36Mb)
Sushi: info  Loaded package hl7.fhir.fr.core#2.0.1                                                   (00:00.000 / 00:04.758, 36Mb)
Sushi: info  Checking /home/runner/.fhir/packages for hl7.fhir.uv.phd#1.0.0...                       (00:00.000 / 00:04.758, 36Mb)
Sushi: info  Found hl7.fhir.uv.phd#1.0.0 in /home/runner/.fhir/packages.                             (00:00.577 / 00:05.336, 36Mb)
Sushi: info  Loaded package hl7.fhir.uv.phd#1.0.0                                                    (00:00.000 / 00:05.337, 36Mb)
Sushi: info  Checking /home/runner/.fhir/packages for ans.fr.nos#1.2.0...                            (00:00.000 / 00:05.338, 36Mb)
Sushi: info  Found ans.fr.nos#1.2.0 in /home/runner/.fhir/packages.                                  (00:00.705 / 00:06.043, 36Mb)
Sushi: info  Loaded package ans.fr.nos#1.2.0                                                         (00:00.001 / 00:06.044, 36Mb)
Sushi: info  Checking /home/runner/.fhir/packages for hl7.fhir.r4.core#4.0.1...                      (00:00.001 / 00:06.045, 36Mb)
Sushi: info  Found hl7.fhir.r4.core#4.0.1 in /home/runner/.fhir/packages.                            (00:01.204 / 00:07.250, 36Mb)
Sushi: info  Loaded package hl7.fhir.r4.core#4.0.1                                                   (00:00.001 / 00:07.250, 36Mb)
Sushi: info  Converting FSH to FHIR resources...                                                     (00:00.043 / 00:07.294, 36Mb)
Sushi: info  Converted 18 FHIR StructureDefinitions.                                                 (00:01.502 / 00:08.796, 36Mb)
Sushi: info  Converted 1 FHIR ValueSets.                                                             (00:00.013 / 00:08.809, 36Mb)
Sushi: info  Converted 19 FHIR instances.                                                            (00:01.138 / 00:09.948, 36Mb)
Sushi: info  Exporting FHIR resources as JSON...                                                     (00:00.001 / 00:09.948, 36Mb)
Sushi: info  Exported 36 FHIR resources as JSON.                                                     (00:00.098 / 00:10.047, 36Mb)
Sushi: info  Assembling Implementation Guide sources...                                              (00:00.001 / 00:10.048, 36Mb)
Sushi: info  Generated ImplementationGuide-ans.fhir.fr.mesures.json                                  (00:00.025 / 00:10.073, 36Mb)
Sushi: info  Assembled Implementation Guide sources; ready for IG Publisher.                         (00:00.001 / 00:10.074, 36Mb)
Sushi: ========================= SUSHI RESULTS ===========================                           (00:00.000 / 00:10.075, 36Mb)
Sushi: |  -------------------------------------------------------------  |                           (00:00.000 / 00:10.076, 36Mb)
Sushi: | |    Profiles   |  Extensions  |   Logicals   |   Resources   | |                           (00:00.000 / 00:10.076, 36Mb)
Sushi: | |-------------------------------------------------------------| |                           (00:00.000 / 00:10.077, 36Mb)
Sushi: | |      14       |      4       |      0       |       0       | |                           (00:00.000 / 00:10.077, 36Mb)
Sushi: |  -------------------------------------------------------------  |                           (00:00.000 / 00:10.078, 36Mb)
Sushi: |  -------------------------------------------------------------  |                           (00:00.000 / 00:10.079, 36Mb)
Sushi: | |      ValueSets     |    CodeSystems    |     Instances      | |                           (00:00.000 / 00:10.079, 36Mb)
Sushi: | |-------------------------------------------------------------| |                           (00:00.000 / 00:10.080, 36Mb)
Sushi: | |         1          |         0         |         19         | |                           (00:00.000 / 00:10.081, 36Mb)
Sushi: |  -------------------------------------------------------------  |                           (00:00.000 / 00:10.081, 36Mb)
Sushi: |                                                                 |                           (00:00.000 / 00:10.082, 36Mb)
Sushi: ===================================================================                           (00:00.000 / 00:10.082, 36Mb)
Sushi: | Tank you very much!                    0 Errors      0 Warnings |                           (00:00.000 / 00:10.083, 36Mb)
Sushi: ===================================================================                           (00:00.000 / 00:10.084, 36Mb)
Unable to load IG as an r5 IG - try R4 (property code is a class com.google.gson.JsonPrimitive looking for an object) (00:00.468 / 00:10.553, 56Mb)
Load Template from https://github.com/ansforge/IG-template/tree/nr-test-deps                         (00:00.451 / 00:11.004, 24Mb)
 Load Template from fhir.base.template#current                                                       (00:01.178 / 00:12.182, 61Mb)

onLoad.findSpreadsheets:

onLoad.updateIg:
     [xslt] Processing /tmp/ans.fhir.fr.mesures#3.1.0/template/onLoad-ig-working.xml to /tmp/ans.fhir.fr.mesures#3.1.0/template/onLoad-ig-updated.xml
     [xslt] Loading stylesheet /tmp/ans.fhir.fr.mesures#3.1.0/template/scripts/onLoad.xslt

onLoad.extend:

onLoad:
Root directory: /tmp/ans.fhir.fr.mesures#3.1.0                                                       (00:02.931 / 00:15.114, 105Mb)
Terminology Cache is at /tmp/ans.fhir.fr.mesures#3.1.0/input-cache/txcache. Clearing now             (00:00.563 / 00:15.677, 96Mb)
Core Package hl7.fhir.r4.core#4.0.1
Running Terminology Log: /tmp/ohfu-fhir-ig-2201703956711313602.log
Connect to Terminology Server at http://tx.fhir.org                                                  (00:03.484 / 00:19.162, 203Mb)
Load Package hl7.fhir.pubpack#0.1.8
Load Package hl7.fhir.xver-extensions#0.1.0
Load Package hl7.terminology.r4#6.0.2
Load Package hl7.fhir.uv.extensions.r4#5.1.0
Load Package hl7.terminology.r4#5.3.0
Load Package hl7.fhir.uv.extensions.r4#1.0.0
Load Package ans.fr.nos#1.2.0
Load Package hl7.fhir.fr.core#2.0.1
Load Package hl7.terminology.r4#3.1.0
Load Package hl7.fhir.uv.phd#1.0.0
Load Package ans.fr.nos#1.2.0
Version mismatch. This IG is version 4.0.1, while the IG 'hl7.fhir.uv.tools' is from version 5.0.0 (will try to run anyway) (00:08.650 / 00:27.812, 530Mb)
Load Package hl7.fhir.uv.tools#0.2.0
Load R5 Specials
Initialization complete                                                                              (00:00.571 / 00:28.384, 499Mb)
Load Content                                                                                         (00:00.000 / 00:28.384, 499Mb)
Using fr_FR as the default narrative language. (inferred from ImplementationGuide.jurisdiction=FR)   (00:00.064 / 00:28.450, 506Mb)
loadPrePages from FetchedFile[/tmp/ans.fhir.fr.mesures#3.1.0/fsh-generated/includes] as /tmp/ans.fhir.fr.mesures#3.1.0/fsh-generated/includes
loadPrePages from FetchedFile[/tmp/ans.fhir.fr.mesures#3.1.0/input/data] as /tmp/ans.fhir.fr.mesures#3.1.0/input/data
loadPrePages from FetchedFile[/tmp/ans.fhir.fr.mesures#3.1.0/input/pagecontent] as /tmp/ans.fhir.fr.mesures#3.1.0/input/pagecontent
Fetch https://interop.esante.gouv.fr/ig/fhir/mesures/package-list.json for version check             (00:00.615 / 00:29.065, 551Mb)
Processing Conformance Resources                                                                     (00:00.615 / 00:29.681, 554Mb)
Load Dependency Info                                                                                 (00:00.001 / 00:29.683, 554Mb)
Load Info                                                                                            (00:00.001 / 00:29.684, 554Mb)
Load Resources                                                                                       (00:00.000 / 00:29.685, 555Mb)
Load Paths                                                                                           (00:00.131 / 00:29.816, 592Mb)
Generating Snapshots                                                                                 (00:00.000 / 00:29.817, 592Mb)
Check R4 / R4B                                                                                       (00:01.386 / 00:31.204, 561Mb)
Assign Comparison Ids                                                                                (00:00.005 / 00:31.210, 562Mb)
Propagating status                                                                                   (00:00.000 / 00:31.210, 562Mb)
Generating Narratives                                                                                (00:00.000 / 00:31.211, 562Mb)
Validating Conformance Resources                                                                     (00:02.574 / 00:33.785, 677Mb)
Check profiles & code systems                                                                        (00:08.537 / 00:42.323, 870Mb)
Check realm rules                                                                                    (00:00.004 / 00:42.328, 871Mb)
Previous Version Comparison                                                                          (00:00.000 / 00:42.328, 871Mb)
Validating Resources                                                                                 (00:08.405 / 00:50.734, 1Gb)
Processing Provenance Records                                                                        (00:02.776 / 00:53.511, 1006Mb)
Generating Outputs in /tmp/ans.fhir.fr.mesures#3.1.0/output                                          (00:00.001 / 00:53.512, 1006Mb)
Generate Native Outputs                                                                              (00:00.086 / 00:53.599, 1016Mb)
Run Template                                                                                         (00:04.058 / 00:57.657, 1Gb)

onGenerate.checkVersions:
     [xslt] Processing /tmp/ans.fhir.fr.mesures#3.1.0/template/onGenerate-ig-working.xml to /tmp/ans.fhir.fr.mesures#3.1.0/template/versions.txt
     [xslt] Loading stylesheet /tmp/ans.fhir.fr.mesures#3.1.0/template/scripts/onGenerate.getVersions.xslt

onGenerate.r5-schemas:
      [get] Getting: http://build.fhir.org/fhir-single.xsd
      [get] To: /tmp/ans.fhir.fr.mesures#3.1.0/input-cache/schemas/R5/fhir-single.xsd
      [get] Not modified - so not downloaded
      [get] Getting: http://build.fhir.org/fhir-xhtml.xsd
      [get] To: /tmp/ans.fhir.fr.mesures#3.1.0/input-cache/schemas/R5/fhir-xhtml.xsd
      [get] Not modified - so not downloaded
      [get] Getting: http://build.fhir.org/xml.xsd
      [get] To: /tmp/ans.fhir.fr.mesures#3.1.0/input-cache/schemas/R5/xml.xsd
      [get] Not modified - so not downloaded
      [get] Getting: http://build.fhir.org/xmldsig-core-schema.xsd
      [get] To: /tmp/ans.fhir.fr.mesures#3.1.0/input-cache/schemas/R5/xmldsig-core-schema.xsd
      [get] Not modified - so not downloaded

onGenerate.r4-schemas:
      [get] Getting: http://hl7.org/fhir/R4/fhir-single.xsd
      [get] To: /tmp/ans.fhir.fr.mesures#3.1.0/input-cache/schemas/R4/fhir-single.xsd
      [get] Not modified - so not downloaded
      [get] Getting: http://hl7.org/fhir/R4/fhir-xhtml.xsd
      [get] To: /tmp/ans.fhir.fr.mesures#3.1.0/input-cache/schemas/R4/fhir-xhtml.xsd
      [get] Not modified - so not downloaded
      [get] Getting: http://hl7.org/fhir/R4/xml.xsd
      [get] To: /tmp/ans.fhir.fr.mesures#3.1.0/input-cache/schemas/R4/xml.xsd
      [get] Not modified - so not downloaded
      [get] Getting: http://hl7.org/fhir/R4/xmldsig-core-schema.xsd
      [get] To: /tmp/ans.fhir.fr.mesures#3.1.0/input-cache/schemas/R4/xmldsig-core-schema.xsd
      [get] Not modified - so not downloaded

onGenerate.r3-schemas:

onGenerate.r2b-schemas:

onGenerate.r2-schemas:

onGenerate.schemas:

onGenerate.data:
     [xslt] Processing /tmp/ans.fhir.fr.mesures#3.1.0/template/onGenerate-ig-working.xml to /tmp/ans.fhir.fr.mesures#3.1.0/temp/pages/_data/artifacts.json
     [xslt] Loading stylesheet /tmp/ans.fhir.fr.mesures#3.1.0/template/scripts/onGenerate.data.xslt

onGenerate.setup:

onGenerate.infoFile:
     [xslt] Processing /tmp/ans.fhir.fr.mesures#3.1.0/template/onGenerate-ig-working.xml to /tmp/ans.fhir.fr.mesures#3.1.0/temp/pages/_data/info.json
     [xslt] Loading stylesheet /tmp/ans.fhir.fr.mesures#3.1.0/template/scripts/onGenerate.genJson.xslt

onGenerate.processIncludes:
     [copy] Copying 16 files to /tmp/ans.fhir.fr.mesures#3.1.0/temp/pages/_includes

onGenerate.processIg:
     [xslt] Processing /tmp/ans.fhir.fr.mesures#3.1.0/template/onGenerate-ig-working.xml to /tmp/ans.fhir.fr.mesures#3.1.0/template/onGenerate-ig-working.1.xml
     [xslt] Loading stylesheet /tmp/ans.fhir.fr.mesures#3.1.0/template/scripts/onGenerate.group.xslt
     [xslt] Processing /tmp/ans.fhir.fr.mesures#3.1.0/template/onGenerate-ig-working.1.xml to /tmp/ans.fhir.fr.mesures#3.1.0/template/onGenerate-ig-working.2.xml
     [xslt] Loading stylesheet /tmp/ans.fhir.fr.mesures#3.1.0/template/scripts/onGenerate.groupSort.xslt
     [xslt] Processing /tmp/ans.fhir.fr.mesures#3.1.0/template/onGenerate-ig-working.2.xml to /tmp/ans.fhir.fr.mesures#3.1.0/template/onGenerate-ig-updated.xml
     [xslt] Loading stylesheet /tmp/ans.fhir.fr.mesures#3.1.0/template/scripts/onGenerate.final.xslt

onGenerate.igQa:
     [xslt] Processing /tmp/ans.fhir.fr.mesures#3.1.0/template/onGenerate-ig-updated.xml to /tmp/ans.fhir.fr.mesures#3.1.0/template/ongenerate-validation-igqa.json
     [xslt] Loading stylesheet /tmp/ans.fhir.fr.mesures#3.1.0/template/scripts/onGenerate.qa.xslt

onGenerate.artifactList:
     [xslt] Processing /tmp/ans.fhir.fr.mesures#3.1.0/template/onGenerate-ig-updated.xml to /tmp/ans.fhir.fr.mesures#3.1.0/temp/pages/_includes/artifacts.xml
     [xslt] Loading stylesheet /tmp/ans.fhir.fr.mesures#3.1.0/template/scripts/createArtifactSummary.xslt

check-plantumlfiles:

onGenerate.plantUml.ig:

onGenerate.plantUml.template:

onGenerate.plantUml:

onGenerate.copyDataFiles:

onGenerate.extend:

onGenerate:
Template Done                                                                                        (00:00.866 / 00:58.523, 997Mb)
Generate HTML Outputs                                                                                (00:00.000 / 00:58.524, 997Mb)
ERROR StatusLogger Log4j2 could not find a logging implementation. Please add log4j-core to the classpath. Using SimpleLogger to log to the console...
Value set 'https://mos.esante.gouv.fr/NOS/JDV_J151-BodySiteBodyTemperature-ENS/FHIR/JDV-J151-BodySiteBodyTemperature-ENS' at https://interop.esante.gouv.fr/ig/fhir/mesures/StructureDefinition/mesures-fr-observation-body-temperature#Observation.bodySite not found
Value set 'https://mos.esante.gouv.fr/NOS/JDV_J151-BodySiteBodyTemperature-ENS/FHIR/JDV-J151-BodySiteBodyTemperature-ENS' at https://interop.esante.gouv.fr/ig/fhir/mesures/StructureDefinition/mesures-fr-observation-body-temperature#Observation.bodySite not found
Value set 'https://mos.esante.gouv.fr/NOS/JDV_J151-BodySiteBodyTemperature-ENS/FHIR/JDV-J151-BodySiteBodyTemperature-ENS' at https://interop.esante.gouv.fr/ig/fhir/mesures/StructureDefinition/mesures-fr-observation-body-temperature#Observation.bodySite not found
Value set 'http://hl7.org/fhir/hspc/ValueSet/heartRateMeasBodyLocationPrecoordVS' at https://interop.esante.gouv.fr/ig/fhir/mesures/StructureDefinition/mesures-fr-observation-heartrate#Observation.bodySite not found
Value set 'https://hl7.fr/ig/fhir/core/ValueSet/fr-core-vs-heart-rate-body-position' at https://interop.esante.gouv.fr/ig/fhir/mesures/StructureDefinition/mesures-fr-observation-heartrate#Observation.bodySite.coding not found
Value set 'https://hl7.fr/ig/fhir/core/ValueSet/fr-core-vs-heart-rate-method' at https://interop.esante.gouv.fr/ig/fhir/mesures/StructureDefinition/mesures-fr-observation-heartrate#Observation.method.coding not found
Value set 'http://hl7.org/fhir/hspc/ValueSet/sPO2BodyLocationVS' at https://interop.esante.gouv.fr/ig/fhir/mesures/StructureDefinition/mesures-fr-observation-oxygen-sat#Observation.bodySite not found
Value set 'http://hl7.org/fhir/hspc/ValueSet/respiratoryRateMeasMethodVS' at https://interop.esante.gouv.fr/ig/fhir/mesures/StructureDefinition/mesures-fr-observation-resp-rate#Observation.method not found
Generate Summaries                                                                                   (00:23.751 / 01:22.276, 2Gb)
Generating Summary Outputs                                                                           (00:00.000 / 01:22.276, 2Gb)
DB Cumulative Time invested: 00:00:00.951
Sending Usage Stats to Server                                                                        (00:05.368 / 01:27.645, 2Gb)
## Memory (MB): Use = 2206, Free = 559, Total = 2766, Max = 3998                                     (00:00.004 / 01:27.650, 2Gb)
Reclaiming memory...                                                                                 (00:00.000 / 01:27.650, 2Gb)
## Memory (MB): Use = 1822, Free = 1225, Total = 3048, Max = 3998                                    (00:00.835 / 01:28.486, 1Gb)
Run jekyll: jekyll build --destination "/tmp/ans.fhir.fr.mesures#3.1.0/output" (in folder /tmp/ans.fhir.fr.mesures#3.1.0/temp/pages) (00:00.001 / 01:28.487, 1Gb)
Troubleshooting Note: usual cases for Jekyll to fail are:                                            (00:00.000 / 01:28.488, 1Gb)
* A failure to produce a fragment that is already logged in the output above                         (00:00.000 / 01:28.488, 1Gb)
* A reference to a manually edited file that hasn't been provided                                    (00:00.000 / 01:28.489, 1Gb)
Jekyll: Source: /tmp/ans.fhir.fr.mesures#3.1.0/temp/pages                                            (00:00.398 / 01:28.888, 1Gb)
Jekyll: Generating...                                                                                (00:00.000 / 01:28.889, 1Gb)
Jekyll: done in 1.901 seconds.                                                                       (00:01.900 / 01:30.789, 1Gb)

Installing ans.fhir.fr.mesures#3.1.0
 done.
Checking Output HTML                                                                                 (00:03.047 / 01:33.836, 1Gb)
found 1005 files                                                                                     (00:00.006 / 01:33.842, 1Gb)
........................................
........................................
  ... 1005 html files, 0 pages invalid xhtml (0%)                                                    (00:11.836 / 01:45.679, 2Gb)
  ... 326871 links, 10 broken links (0%)                                                             (00:00.001 / 01:45.680, 2Gb)
Generate fragment-usage-analysis.csv                                                                 (00:00.000 / 01:45.681, 2Gb)
Build final .zip                                                                                     (00:00.005 / 01:45.687, 2Gb)
Final .zip built                                                                                     (00:02.773 / 01:48.460, 2Gb)
Built. Times: loading: 00:01.295, generate: 01:22.480, narrative generation: 00:02.573, realm-rules: 00:00.000, previous-version: 00:08.379, jekyll: 00:02.335, validation: 00:11.262 (#37), template: 00:00.865 (#3) (00:03.720 / 01:52.181, 2Gb)
Generating QA                                                                                        (00:00.000 / 01:52.182, 2Gb)
Validation output in /tmp/ans.fhir.fr.mesures#3.1.0/output/qa.html
Errors: 12, Warnings: 36, Info: 18, Broken Links: 19 (00:00.971 / 01:53.153, 2Gb)
Finished. Max Memory Used = 2Gb. Log file saved in /tmp/fhir-ig-publisher-tmp.log                    (00:00.014 / 01:53.167, 2Gb)
Prepare Build space in /tmp/ans.fhir.fr.mesures#3.1.0-milestone
Build IG at /home/runner/work/IG-fhir-mesures-de-sante/IG-fhir-mesures-de-sante/./igSource: final copy suitable for publication (in /tmp/ans.fhir.fr.mesures#3.1.0-milestone) (milestone build)
FHIR IG Publisher Version 1.6.28 (Git# 64a1067c1563). Built 2024-09-26T13:02:52.78Z (5 days old)    
Detected Java version: 17.0.10 from /opt/hostedtoolcache/Java_Microsoft_jdk/17.0.10/x64 on Linux/amd64 (64bit). 3998MB available
dir = /home/runner/work/IG-fhir-mesures-de-sante/IG-fhir-mesures-de-sante, path = /opt/hostedtoolcache/Ruby/3.3.5/x64/bin:/opt/hostedtoolcache/node/20.17.0/x64/bin:/opt/hostedtoolcache/Java_Microsoft_jdk/17.0.10/x64/bin:/snap/bin:/home/runner/.local/bin:/opt/pipx_bin:/home/runner/.cargo/bin:/home/runner/.config/composer/vendor/bin:/usr/local/.ghcup/bin:/home/runner/.dotnet/tools:/usr/local/sbin:/usr/local/bin:/usr/sbin:/usr/bin:/sbin:/bin:/usr/games:/usr/local/games:/snap/bin
Parameters: -ig /tmp/ans.fhir.fr.mesures#3.1.0-milestone -publish https://interop.esante.gouv.fr/ig/fhir/mesures/3.1.0 -milestone -no-exit
Start Clock @ Wednesday, October 2, 2024 at 8:41:39 AM Coordinated Universal Time (2024-10-02T08:41:39Z)
                                                                                                    
Build FHIR IG from /tmp/ans.fhir.fr.mesures#3.1.0-milestone                                          (00:00.002 / 00:00.002, 2Gb)
Build Formal Publication package, intended for https://interop.esante.gouv.fr/ig/fhir/mesures/3.1.0  (00:00.000 / 00:00.003, 2Gb)
API keys loaded from /home/runner/.fhir/fhir-settings.json                                           (00:00.000 / 00:00.003, 2Gb)
Package Cache: /home/runner/.fhir/packages                                                           (00:00.000 / 00:00.004, 2Gb)
Run Sushi on /tmp/ans.fhir.fr.mesures#3.1.0-milestone                                                (00:00.000 / 00:00.004, 2Gb)
Sushi: info  Running SUSHI v3.11.1 (implements FHIR Shorthand specification v3.0.0-ballot)           (00:00.382 / 00:00.387, 2Gb)
Sushi: info  Arguments:                                                                              (00:00.001 / 00:00.388, 2Gb)
Sushi: info    --require-latest                                                                      (00:00.000 / 00:00.388, 2Gb)
Sushi: info    --out /tmp/ans.fhir.fr.mesures#3.1.0-milestone                                        (00:00.000 / 00:00.389, 2Gb)
Sushi: info    /tmp/ans.fhir.fr.mesures#3.1.0-milestone                                              (00:00.000 / 00:00.390, 2Gb)
Sushi: info  Using configuration file: /tmp/ans.fhir.fr.mesures#3.1.0-milestone/sushi-config.yaml    (00:00.353 / 00:00.743, 2Gb)
Sushi: info  Importing FSH text...                                                                   (00:00.104 / 00:00.848, 2Gb)
Sushi: info  Preprocessed 23 documents with 39 aliases.                                              (00:00.190 / 00:01.038, 2Gb)
Sushi: info  Imported 19 definitions and 19 instances.                                               (00:00.021 / 00:01.060, 2Gb)
Sushi: info  Checking /home/runner/.fhir/packages for hl7.fhir.uv.tools#current...                   (00:00.001 / 00:01.061, 2Gb)
Sushi: info  Found hl7.fhir.uv.tools#current in /home/runner/.fhir/packages.                         (00:00.041 / 00:01.103, 2Gb)
Sushi: info  Loaded package hl7.fhir.uv.tools#current                                                (00:00.193 / 00:01.296, 2Gb)
Sushi: info  Checking /home/runner/.fhir/packages for hl7.terminology.r4#6.0.2...                    (00:00.368 / 00:01.664, 2Gb)
Sushi: info  Found hl7.terminology.r4#6.0.2 in /home/runner/.fhir/packages.                          (00:00.510 / 00:02.174, 2Gb)
Sushi: info  Loaded package hl7.terminology.r4#6.0.2                                                 (00:00.000 / 00:02.175, 2Gb)
Sushi: info  Checking /home/runner/.fhir/packages for hl7.fhir.uv.extensions.r4#5.1.0...             (00:00.098 / 00:02.274, 2Gb)
Sushi: info  Found hl7.fhir.uv.extensions.r4#5.1.0 in /home/runner/.fhir/packages.                   (00:00.518 / 00:02.792, 2Gb)
Sushi: info  Loaded package hl7.fhir.uv.extensions.r4#5.1.0                                          (00:00.000 / 00:02.792, 2Gb)
Sushi: info  Checking /home/runner/.fhir/packages for hl7.fhir.fr.core#2.0.1...                      (00:00.000 / 00:02.793, 2Gb)
Sushi: info  Found hl7.fhir.fr.core#2.0.1 in /home/runner/.fhir/packages.                            (00:00.473 / 00:03.266, 2Gb)
Sushi: info  Loaded package hl7.fhir.fr.core#2.0.1                                                   (00:00.000 / 00:03.266, 2Gb)
Sushi: info  Checking /home/runner/.fhir/packages for hl7.fhir.uv.phd#1.0.0...                       (00:00.000 / 00:03.267, 2Gb)
Sushi: info  Found hl7.fhir.uv.phd#1.0.0 in /home/runner/.fhir/packages.                             (00:00.566 / 00:03.834, 2Gb)
Sushi: info  Loaded package hl7.fhir.uv.phd#1.0.0                                                    (00:00.000 / 00:03.834, 2Gb)
Sushi: info  Checking /home/runner/.fhir/packages for ans.fr.nos#1.2.0...                            (00:00.000 / 00:03.835, 2Gb)
Sushi: info  Found ans.fr.nos#1.2.0 in /home/runner/.fhir/packages.                                  (00:00.717 / 00:04.552, 2Gb)
Sushi: info  Loaded package ans.fr.nos#1.2.0                                                         (00:00.000 / 00:04.553, 2Gb)
Sushi: info  Checking /home/runner/.fhir/packages for hl7.fhir.r4.core#4.0.1...                      (00:00.000 / 00:04.553, 2Gb)
Sushi: info  Found hl7.fhir.r4.core#4.0.1 in /home/runner/.fhir/packages.                            (00:01.202 / 00:05.755, 2Gb)
Sushi: info  Loaded package hl7.fhir.r4.core#4.0.1                                                   (00:00.000 / 00:05.756, 2Gb)
Sushi: info  Converting FSH to FHIR resources...                                                     (00:00.032 / 00:05.789, 2Gb)
Sushi: info  Converted 18 FHIR StructureDefinitions.                                                 (00:01.482 / 00:07.272, 2Gb)
Sushi: info  Converted 1 FHIR ValueSets.                                                             (00:00.011 / 00:07.283, 2Gb)
Sushi: info  Converted 19 FHIR instances.                                                            (00:01.118 / 00:08.401, 2Gb)
Sushi: info  Exporting FHIR resources as JSON...                                                     (00:00.000 / 00:08.402, 2Gb)
Sushi: info  Exported 36 FHIR resources as JSON.                                                     (00:00.108 / 00:08.510, 2Gb)
Sushi: info  Assembling Implementation Guide sources...                                              (00:00.001 / 00:08.512, 2Gb)
Sushi: info  Generated ImplementationGuide-ans.fhir.fr.mesures.json                                  (00:00.024 / 00:08.536, 2Gb)
Sushi: info  Assembled Implementation Guide sources; ready for IG Publisher.                         (00:00.000 / 00:08.537, 2Gb)
Sushi: ========================= SUSHI RESULTS ===========================                           (00:00.000 / 00:08.538, 2Gb)
Sushi: |  -------------------------------------------------------------  |                           (00:00.000 / 00:08.538, 2Gb)
Sushi: | |    Profiles   |  Extensions  |   Logicals   |   Resources   | |                           (00:00.000 / 00:08.538, 2Gb)
Sushi: | |-------------------------------------------------------------| |                           (00:00.000 / 00:08.539, 2Gb)
Sushi: | |      14       |      4       |      0       |       0       | |                           (00:00.000 / 00:08.539, 2Gb)
Sushi: |  -------------------------------------------------------------  |                           (00:00.000 / 00:08.540, 2Gb)
Sushi: |  -------------------------------------------------------------  |                           (00:00.000 / 00:08.540, 2Gb)
Sushi: | |      ValueSets     |    CodeSystems    |     Instances      | |                           (00:00.000 / 00:08.541, 2Gb)
Sushi: | |-------------------------------------------------------------| |                           (00:00.000 / 00:08.541, 2Gb)
Sushi: | |         1          |         0         |         19         | |                           (00:00.000 / 00:08.541, 2Gb)
Sushi: |  -------------------------------------------------------------  |                           (00:00.000 / 00:08.542, 2Gb)
Sushi: |                                                                 |                           (00:00.000 / 00:08.542, 2Gb)
Sushi: ===================================================================                           (00:00.000 / 00:08.543, 2Gb)
Sushi: | You're swimming in success!            0 Errors      0 Warnings |                           (00:00.000 / 00:08.543, 2Gb)
Sushi: ===================================================================                           (00:00.000 / 00:08.544, 2Gb)
Unable to load IG as an r5 IG - try R4 (property code is a class com.google.gson.JsonPrimitive looking for an object) (00:00.037 / 00:08.581, 2Gb)
Load Template from https://github.com/ansforge/IG-template/tree/nr-test-deps                         (00:00.013 / 00:08.594, 2Gb)
 Load Template from fhir.base.template#current                                                       (00:00.961 / 00:09.555, 2Gb)

onLoad.findSpreadsheets:

onLoad.updateIg:
     [xslt] Processing /tmp/ans.fhir.fr.mesures#3.1.0-milestone/template/onLoad-ig-working.xml to /tmp/ans.fhir.fr.mesures#3.1.0-milestone/template/onLoad-ig-updated.xml
     [xslt] Loading stylesheet /tmp/ans.fhir.fr.mesures#3.1.0-milestone/template/scripts/onLoad.xslt

onLoad.extend:

onLoad:
Root directory: /tmp/ans.fhir.fr.mesures#3.1.0-milestone                                             (00:01.449 / 00:11.005, 2Gb)
Terminology Cache is at /tmp/ans.fhir.fr.mesures#3.1.0-milestone/input-cache/txcache. 12 files in cache (00:00.483 / 00:11.488, 2Gb)
Core Package hl7.fhir.r4.core#4.0.1
Running Terminology Log: /tmp/ohfu-fhir-ig-10478428385808038876.log
Connect to Terminology Server at http://tx.fhir.org                                                  (00:01.078 / 00:12.567, 2Gb)
Load Package hl7.fhir.pubpack#0.1.8
Load Package hl7.fhir.xver-extensions#0.1.0
Load Package hl7.terminology.r4#6.0.2
Load Package hl7.fhir.uv.extensions.r4#5.1.0
Load Package hl7.terminology.r4#5.3.0
Load Package hl7.fhir.uv.extensions.r4#1.0.0
Load Package ans.fr.nos#1.2.0
Load Package hl7.fhir.fr.core#2.0.1
Load Package hl7.terminology.r4#3.1.0
Load Package hl7.fhir.uv.phd#1.0.0
Load Package ans.fr.nos#1.2.0
Version mismatch. This IG is version 4.0.1, while the IG 'hl7.fhir.uv.tools' is from version 5.0.0 (will try to run anyway) (00:05.218 / 00:17.785, 2Gb)
Load Package hl7.fhir.uv.tools#0.2.0
Load R5 Specials
Initialization complete                                                                              (00:00.375 / 00:18.161, 2Gb)
Load Content                                                                                         (00:00.000 / 00:18.161, 2Gb)
Using fr_FR as the default narrative language. (inferred from ImplementationGuide.jurisdiction=FR)   (00:00.010 / 00:18.171, 2Gb)
loadPrePages from FetchedFile[/tmp/ans.fhir.fr.mesures#3.1.0-milestone/fsh-generated/includes] as /tmp/ans.fhir.fr.mesures#3.1.0-milestone/fsh-generated/includes
loadPrePages from FetchedFile[/tmp/ans.fhir.fr.mesures#3.1.0-milestone/input/data] as /tmp/ans.fhir.fr.mesures#3.1.0-milestone/input/data
loadPrePages from FetchedFile[/tmp/ans.fhir.fr.mesures#3.1.0-milestone/input/pagecontent] as /tmp/ans.fhir.fr.mesures#3.1.0-milestone/input/pagecontent
Fetch https://interop.esante.gouv.fr/ig/fhir/mesures/package-list.json for version check             (00:00.279 / 00:18.451, 2Gb)
Processing Conformance Resources                                                                     (00:00.504 / 00:18.956, 2Gb)
Load Dependency Info                                                                                 (00:00.001 / 00:18.957, 2Gb)
Load Info                                                                                            (00:00.000 / 00:18.958, 2Gb)
Load Resources                                                                                       (00:00.000 / 00:18.959, 2Gb)
Load Paths                                                                                           (00:00.139 / 00:19.098, 2Gb)
Generating Snapshots                                                                                 (00:00.000 / 00:19.099, 2Gb)
Check R4 / R4B                                                                                       (00:00.867 / 00:19.967, 2Gb)
Assign Comparison Ids                                                                                (00:00.003 / 00:19.971, 2Gb)
Propagating status                                                                                   (00:00.001 / 00:19.972, 2Gb)
Generating Narratives                                                                                (00:00.000 / 00:19.973, 2Gb)
Validating Conformance Resources                                                                     (00:01.015 / 00:20.988, 2Gb)
Check profiles & code systems                                                                        (00:09.507 / 00:30.496, 2Gb)
Check realm rules                                                                                    (00:00.002 / 00:30.498, 2Gb)
Previous Version Comparison                                                                          (00:00.000 / 00:30.499, 2Gb)
Validating Resources                                                                                 (00:06.852 / 00:37.351, 2Gb)
Processing Provenance Records                                                                        (00:00.768 / 00:38.120, 2Gb)
Generating Outputs in /tmp/ans.fhir.fr.mesures#3.1.0-milestone/output                                (00:00.000 / 00:38.120, 2Gb)
Generate Native Outputs                                                                              (00:00.098 / 00:38.219, 2Gb)
Run Template                                                                                         (00:03.945 / 00:42.164, 2Gb)

onGenerate.checkVersions:
     [xslt] Processing /tmp/ans.fhir.fr.mesures#3.1.0-milestone/template/onGenerate-ig-working.xml to /tmp/ans.fhir.fr.mesures#3.1.0-milestone/template/versions.txt
     [xslt] Loading stylesheet /tmp/ans.fhir.fr.mesures#3.1.0-milestone/template/scripts/onGenerate.getVersions.xslt

onGenerate.r5-schemas:
      [get] Getting: http://build.fhir.org/fhir-single.xsd
      [get] To: /tmp/ans.fhir.fr.mesures#3.1.0-milestone/input-cache/schemas/R5/fhir-single.xsd
      [get] Not modified - so not downloaded
      [get] Getting: http://build.fhir.org/fhir-xhtml.xsd
      [get] To: /tmp/ans.fhir.fr.mesures#3.1.0-milestone/input-cache/schemas/R5/fhir-xhtml.xsd
      [get] Not modified - so not downloaded
      [get] Getting: http://build.fhir.org/xml.xsd
      [get] To: /tmp/ans.fhir.fr.mesures#3.1.0-milestone/input-cache/schemas/R5/xml.xsd
      [get] Not modified - so not downloaded
      [get] Getting: http://build.fhir.org/xmldsig-core-schema.xsd
      [get] To: /tmp/ans.fhir.fr.mesures#3.1.0-milestone/input-cache/schemas/R5/xmldsig-core-schema.xsd
      [get] Not modified - so not downloaded

onGenerate.r4-schemas:
      [get] Getting: http://hl7.org/fhir/R4/fhir-single.xsd
      [get] To: /tmp/ans.fhir.fr.mesures#3.1.0-milestone/input-cache/schemas/R4/fhir-single.xsd
      [get] Not modified - so not downloaded
      [get] Getting: http://hl7.org/fhir/R4/fhir-xhtml.xsd
      [get] To: /tmp/ans.fhir.fr.mesures#3.1.0-milestone/input-cache/schemas/R4/fhir-xhtml.xsd
      [get] Not modified - so not downloaded
      [get] Getting: http://hl7.org/fhir/R4/xml.xsd
      [get] To: /tmp/ans.fhir.fr.mesures#3.1.0-milestone/input-cache/schemas/R4/xml.xsd
      [get] Not modified - so not downloaded
      [get] Getting: http://hl7.org/fhir/R4/xmldsig-core-schema.xsd
      [get] To: /tmp/ans.fhir.fr.mesures#3.1.0-milestone/input-cache/schemas/R4/xmldsig-core-schema.xsd
      [get] Not modified - so not downloaded

onGenerate.r3-schemas:

onGenerate.r2b-schemas:

onGenerate.r2-schemas:

onGenerate.schemas:

onGenerate.data:
     [xslt] Processing /tmp/ans.fhir.fr.mesures#3.1.0-milestone/template/onGenerate-ig-working.xml to /tmp/ans.fhir.fr.mesures#3.1.0-milestone/temp/pages/_data/artifacts.json
     [xslt] Loading stylesheet /tmp/ans.fhir.fr.mesures#3.1.0-milestone/template/scripts/onGenerate.data.xslt

onGenerate.setup:

onGenerate.infoFile:
     [xslt] Processing /tmp/ans.fhir.fr.mesures#3.1.0-milestone/template/onGenerate-ig-working.xml to /tmp/ans.fhir.fr.mesures#3.1.0-milestone/temp/pages/_data/info.json
     [xslt] Loading stylesheet /tmp/ans.fhir.fr.mesures#3.1.0-milestone/template/scripts/onGenerate.genJson.xslt

onGenerate.processIncludes:
     [copy] Copying 16 files to /tmp/ans.fhir.fr.mesures#3.1.0-milestone/temp/pages/_includes

onGenerate.processIg:
     [xslt] Processing /tmp/ans.fhir.fr.mesures#3.1.0-milestone/template/onGenerate-ig-working.xml to /tmp/ans.fhir.fr.mesures#3.1.0-milestone/template/onGenerate-ig-working.1.xml
     [xslt] Loading stylesheet /tmp/ans.fhir.fr.mesures#3.1.0-milestone/template/scripts/onGenerate.group.xslt
     [xslt] Processing /tmp/ans.fhir.fr.mesures#3.1.0-milestone/template/onGenerate-ig-working.1.xml to /tmp/ans.fhir.fr.mesures#3.1.0-milestone/template/onGenerate-ig-working.2.xml
     [xslt] Loading stylesheet /tmp/ans.fhir.fr.mesures#3.1.0-milestone/template/scripts/onGenerate.groupSort.xslt
     [xslt] Processing /tmp/ans.fhir.fr.mesures#3.1.0-milestone/template/onGenerate-ig-working.2.xml to /tmp/ans.fhir.fr.mesures#3.1.0-milestone/template/onGenerate-ig-updated.xml
     [xslt] Loading stylesheet /tmp/ans.fhir.fr.mesures#3.1.0-milestone/template/scripts/onGenerate.final.xslt

onGenerate.igQa:
     [xslt] Processing /tmp/ans.fhir.fr.mesures#3.1.0-milestone/template/onGenerate-ig-updated.xml to /tmp/ans.fhir.fr.mesures#3.1.0-milestone/template/ongenerate-validation-igqa.json
     [xslt] Loading stylesheet /tmp/ans.fhir.fr.mesures#3.1.0-milestone/template/scripts/onGenerate.qa.xslt

onGenerate.artifactList:
     [xslt] Processing /tmp/ans.fhir.fr.mesures#3.1.0-milestone/template/onGenerate-ig-updated.xml to /tmp/ans.fhir.fr.mesures#3.1.0-milestone/temp/pages/_includes/artifacts.xml
     [xslt] Loading stylesheet /tmp/ans.fhir.fr.mesures#3.1.0-milestone/template/scripts/createArtifactSummary.xslt

check-plantumlfiles:

onGenerate.plantUml.ig:

onGenerate.plantUml.template:

onGenerate.plantUml:

onGenerate.copyDataFiles:

onGenerate.extend:

onGenerate:
Template Done                                                                                        (00:00.880 / 00:43.044, 2Gb)
Generate HTML Outputs                                                                                (00:00.000 / 00:43.045, 2Gb)
Value set 'https://mos.esante.gouv.fr/NOS/JDV_J151-BodySiteBodyTemperature-ENS/FHIR/JDV-J151-BodySiteBodyTemperature-ENS' at https://interop.esante.gouv.fr/ig/fhir/mesures/StructureDefinition/mesures-fr-observation-body-temperature#Observation.bodySite not found
Value set 'https://mos.esante.gouv.fr/NOS/JDV_J151-BodySiteBodyTemperature-ENS/FHIR/JDV-J151-BodySiteBodyTemperature-ENS' at https://interop.esante.gouv.fr/ig/fhir/mesures/StructureDefinition/mesures-fr-observation-body-temperature#Observation.bodySite not found
Value set 'https://mos.esante.gouv.fr/NOS/JDV_J151-BodySiteBodyTemperature-ENS/FHIR/JDV-J151-BodySiteBodyTemperature-ENS' at https://interop.esante.gouv.fr/ig/fhir/mesures/StructureDefinition/mesures-fr-observation-body-temperature#Observation.bodySite not found
Value set 'http://hl7.org/fhir/hspc/ValueSet/heartRateMeasBodyLocationPrecoordVS' at https://interop.esante.gouv.fr/ig/fhir/mesures/StructureDefinition/mesures-fr-observation-heartrate#Observation.bodySite not found
Value set 'https://hl7.fr/ig/fhir/core/ValueSet/fr-core-vs-heart-rate-body-position' at https://interop.esante.gouv.fr/ig/fhir/mesures/StructureDefinition/mesures-fr-observation-heartrate#Observation.bodySite.coding not found
Value set 'https://hl7.fr/ig/fhir/core/ValueSet/fr-core-vs-heart-rate-method' at https://interop.esante.gouv.fr/ig/fhir/mesures/StructureDefinition/mesures-fr-observation-heartrate#Observation.method.coding not found
Value set 'http://hl7.org/fhir/hspc/ValueSet/sPO2BodyLocationVS' at https://interop.esante.gouv.fr/ig/fhir/mesures/StructureDefinition/mesures-fr-observation-oxygen-sat#Observation.bodySite not found
Value set 'http://hl7.org/fhir/hspc/ValueSet/respiratoryRateMeasMethodVS' at https://interop.esante.gouv.fr/ig/fhir/mesures/StructureDefinition/mesures-fr-observation-resp-rate#Observation.method not found
Generate Summaries                                                                                   (00:18.476 / 01:01.522, 3Gb)
Generating Summary Outputs                                                                           (00:00.000 / 01:01.522, 3Gb)
DB Cumulative Time invested: 00:00:00.963
Sending Usage Stats to Server                                                                        (00:04.465 / 01:05.987, 3Gb)
## Memory (MB): Use = 3821, Free = 176, Total = 3998, Max = 3998                                     (00:00.002 / 01:05.990, 3Gb)
Reclaiming memory...                                                                                 (00:00.001 / 01:05.991, 3Gb)
## Memory (MB): Use = 3617, Free = 380, Total = 3998, Max = 3998                                     (00:01.945 / 01:07.936, 3Gb)
Run jekyll: jekyll build --destination "/tmp/ans.fhir.fr.mesures#3.1.0-milestone/output" (in folder /tmp/ans.fhir.fr.mesures#3.1.0-milestone/temp/pages) (00:00.001 / 01:07.937, 3Gb)
Troubleshooting Note: usual cases for Jekyll to fail are:                                            (00:00.000 / 01:07.938, 3Gb)
* A failure to produce a fragment that is already logged in the output above                         (00:00.000 / 01:07.939, 3Gb)
* A reference to a manually edited file that hasn't been provided                                    (00:00.000 / 01:07.939, 3Gb)
Jekyll: Source: /tmp/ans.fhir.fr.mesures#3.1.0-milestone/temp/pages                                  (00:00.340 / 01:08.279, 3Gb)
Jekyll: Generating...                                                                                (00:00.000 / 01:08.280, 3Gb)
Jekyll: done in 1.93 seconds.                                                                        (00:01.929 / 01:10.209, 3Gb)

Installing ans.fhir.fr.mesures#3.1.0
Checking Output HTML                                                                                 (00:02.446 / 01:12.656, 3Gb)
found 1005 files                                                                                     (00:00.005 / 01:12.661, 3Gb)
........................................
........................................
  ... 1005 html files, 0 pages invalid xhtml (0%)                                                    (00:12.847 / 01:25.509, 3Gb)
  ... 326871 links, 10 broken links (0%)                                                             (00:00.000 / 01:25.510, 3Gb)
Generate fragment-usage-analysis.csv                                                                 (00:00.000 / 01:25.510, 3Gb)
Build final .zip                                                                                     (00:00.004 / 01:25.515, 3Gb)
Final .zip built                                                                                     (00:02.777 / 01:28.293, 3Gb)
Built. Times: loading: 00:00.793, generate: 01:13.086, narrative generation: 00:01.014, realm-rules: 00:00.000, previous-version: 00:06.838, jekyll: 00:02.308, validation: 00:10.232 (#37), template: 00:00.879 (#3) (00:03.749 / 01:32.042, 3Gb)
Generating QA                                                                                        (00:00.000 / 01:32.043, 3Gb)
Validation output in /tmp/ans.fhir.fr.mesures#3.1.0-milestone/output/qa.html
Errors: 12, Warnings: 36, Info: 18, Broken Links: 19 (00:01.193 / 01:33.237, 3Gb)
Finished. Max Memory Used = 3Gb. Log file saved in /tmp/fhir-ig-publisher-tmp.log                    (00:00.021 / 01:33.258, 3Gb)
Keep a copy of the build directory at /tmp/web-root/run-20241002/ig-build-zips/ans.fhir.fr.mesures#3.1.0.zip

ok. All checks passed. Publish v3.1.0 to /tmp/web-root/run-20241002/mesures/3.1.0
Copy the IG to /tmp/web-root/run-20241002/mesures/3.1.0
Update /tmp/web-root/run-20241002/mesures/package-list.json
Publish Box Statement: This page is part of the Guide d'implmentation FHIR - Mesures de sant (v3.1.0: Release) based on <a no-external="true" href="http://hl7.org/fhir/R4">FHIR (HL7 FHIR Standard) R4</a>. This is the current published version in its permanent home (it will always be available at this URL).  For a full list of available versions, see the <a no-external="true" href="https://interop.esante.gouv.fr/ig/fhir/mesures/history.html">Directory of published versions</a>
no html insert in /tmp/web-root/run-20241002/mesures/3.1.0/qa-txservers.html
  .. 257 files checked, 257 updated
  .. 121 clones checked, 242 updated
  .. 37 redirections (37 created/updated)
This is a milestone release - publish v3.1.0 to /tmp/web-root/run-20241002/mesures
Sending usage stats failed: Connection timed out
Publish Box Statement: This page is part of the Guide d'implmentation FHIR - Mesures de sant (v3.1.0: Release) based on <a no-external="true" href="http://hl7.org/fhir/R4">FHIR (HL7 FHIR Standard) R4</a>. This is the current published version.  For a full list of available versions, see the <a no-external="true" href="https://interop.esante.gouv.fr/ig/fhir/mesures/history.html">Directory of published versions</a>
no html insert in /tmp/ans.fhir.fr.mesures#3.1.0-milestone/output/qa-txservers.html
  .. 257 files checked, 257 updated
  .. 121 clones checked, 242 updated
  .. 37 redirections (37 created/updated)
Check for Files to delete
  ... 0 files
Copy to new IG to /tmp/web-root/run-20241002/mesures
Update history page at /tmp/web-root/run-20241002/mesures from /home/runner/work/IG-fhir-mesures-de-sante/IG-fhir-mesures-de-sante/./IG-website-release/fhir-ig-history-template and ./IG-website-release/templates
Build is complete. Copy from /tmp/web-root/run-20241002
ans.fhir.fr.mesures (https://interop.esante.gouv.fr/ig/fhir/mesures): Guide d'implmentation FHIR - Mesures de sant @ https://ansforge.github.io/IG-fhir-mesures-de-sante/ig/main
  release: final-text 3.1.0/4.0.1 @ https://interop.esante.gouv.fr/ig/fhir/mesures/3.1.0
