FHIR IG Publisher Version 1.8.22 (Git# 3d9b32f2efa8). Built 2025-03-19T04:54:10.544Z (189 days old)
Detected Java version: 17.0.10 from /opt/hostedtoolcache/Java_Microsoft_jdk/17.0.10/x64 on amd64 (64bit). 4000MB available
dir = /home/runner/work/IG-fhir-medicosocial-transfert-donnees-dui/IG-fhir-medicosocial-transfert-donnees-dui, path = /opt/hostedtoolcache/Ruby/3.3.9/x64/bin:/opt/hostedtoolcache/node/20.19.5/x64/bin:/opt/hostedtoolcache/Java_Microsoft_jdk/17.0.10/x64/bin:/snap/bin:/home/runner/.local/bin:/opt/pipx_bin:/home/runner/.cargo/bin:/home/runner/.config/composer/vendor/bin:/usr/local/.ghcup/bin:/home/runner/.dotnet/tools:/usr/local/sbin:/usr/local/bin:/usr/sbin:/usr/bin:/sbin:/bin:/usr/games:/usr/local/games:/snap/bin
Parameters: -go-publish -authorise-non-conformant-tx-servers -source ./igSource -web ./IG-website-release/www/ig/fhir -registry ./IG-website-release/ig-registry/fhir-ig-list.json -history ./IG-website-release/fhir-ig-history-template -templates ./IG-website-release/templates
---------------
Publication Run: publish ./igSource to ./IG-website-release/www/ig/fhir
Relative directory for IG is '/tddui'
===== Web Publication Run Details ===============================
 Source IG: ans.fhir.fr.tddui#2.0.0 : https://interop.esante.gouv.fr/ig/fhir/tddui (R4) from ./igSource
All checks passed. Do the publication build from /home/runner/work/IG-fhir-medicosocial-transfert-donnees-dui/IG-fhir-medicosocial-transfert-donnees-dui/./igSource and publish to /tmp/web-root/run-20250924/tddui
Prepare Build space in /tmp/ig-builds/ans.fhir.fr.tddui#2.0.0
Build IG at /home/runner/work/IG-fhir-medicosocial-transfert-donnees-dui/IG-fhir-medicosocial-transfert-donnees-dui/./igSource: final copy suitable for publication (in /tmp/ig-builds/ans.fhir.fr.tddui#2.0.0)
FHIR IG Publisher Version 1.8.22 (Git# 3d9b32f2efa8). Built 2025-03-19T04:54:10.544Z (189 days old) 
Detected Java version: 17.0.10 from /opt/hostedtoolcache/Java_Microsoft_jdk/17.0.10/x64 on Linux/amd64 (64bit). 4000MB available
dir = /home/runner/work/IG-fhir-medicosocial-transfert-donnees-dui/IG-fhir-medicosocial-transfert-donnees-dui, path = /opt/hostedtoolcache/Ruby/3.3.9/x64/bin:/opt/hostedtoolcache/node/20.19.5/x64/bin:/opt/hostedtoolcache/Java_Microsoft_jdk/17.0.10/x64/bin:/snap/bin:/home/runner/.local/bin:/opt/pipx_bin:/home/runner/.cargo/bin:/home/runner/.config/composer/vendor/bin:/usr/local/.ghcup/bin:/home/runner/.dotnet/tools:/usr/local/sbin:/usr/local/bin:/usr/sbin:/usr/bin:/sbin:/bin:/usr/games:/usr/local/games:/snap/bin
Parameters: -ig /tmp/ig-builds/ans.fhir.fr.tddui#2.0.0 -resetTx -publish https://interop.esante.gouv.fr/ig/fhir/tddui/2.0.0 -no-exit
Character encoding = UTF-8 / UTF-8                                                                  
Start Clock @ Wednesday, September 24, 2025 at 2:55:04 PM Coordinated Universal Time (2025-09-24T14:55:04Z)
                                                                                                    
Build FHIR IG from /tmp/ig-builds/ans.fhir.fr.tddui#2.0.0                                            (00:00.022 / 00:00.023, 38Mb)
Build Formal Publication package, intended for https://interop.esante.gouv.fr/ig/fhir/tddui/2.0.0    (00:00.002 / 00:00.025, 38Mb)
API keys loaded from /home/runner/.fhir/fhir-settings.json                                           (00:00.000 / 00:00.026, 38Mb)
Package Cache: /home/runner/.fhir/packages                                                           (00:00.005 / 00:00.031, 38Mb)
Run Sushi on /tmp/ig-builds/ans.fhir.fr.tddui#2.0.0                                                  (00:00.003 / 00:00.034, 38Mb)
Sushi: info  Running SUSHI v3.16.5 (implements FHIR Shorthand specification v3.0.0)                  (00:00.769 / 00:00.804, 40Mb)
Sushi: info  Arguments:                                                                              (00:00.001 / 00:00.805, 40Mb)
Sushi: info    --require-latest                                                                      (00:00.000 / 00:00.806, 40Mb)
Sushi: info    --out /tmp/ig-builds/ans.fhir.fr.tddui#2.0.0                                          (00:00.000 / 00:00.807, 40Mb)
Sushi: info    /tmp/ig-builds/ans.fhir.fr.tddui#2.0.0                                                (00:00.000 / 00:00.808, 40Mb)
Sushi: info  Using configuration file: /tmp/ig-builds/ans.fhir.fr.tddui#2.0.0/sushi-config.yaml      (00:00.512 / 00:01.321, 40Mb)
Sushi: info  Importing FSH text...                                                                   (00:00.114 / 00:01.435, 40Mb)
Sushi: info  Preprocessed 22 documents with 89 aliases.                                              (00:00.159 / 00:01.595, 40Mb)
Sushi: info  Imported 13 definitions and 7 instances.                                                (00:00.013 / 00:01.608, 40Mb)
Sushi: info  Loaded virtual package sushi-r5forR4#1.0.0 with 7 resources                             (00:00.105 / 00:01.714, 40Mb)
Sushi: info  Resolved hl7.fhir.uv.tools.r4#latest to concrete version 0.8.0                          (00:00.555 / 00:02.270, 40Mb)
Sushi: info  Loaded hl7.fhir.uv.tools.r4#0.8.0 with 110 resources                                    (00:00.084 / 00:02.354, 40Mb)
Sushi: info  Resolved hl7.terminology.r4#latest to concrete version 6.5.0                            (00:00.125 / 00:02.480, 40Mb)
Sushi: info  Loaded hl7.terminology.r4#6.5.0 with 4392 resources                                     (00:02.073 / 00:04.553, 40Mb)
Sushi: info  Loaded hl7.fhir.fr.core#2.1.0 with 120 resources                                        (00:00.077 / 00:04.631, 40Mb)
Sushi: info  Resolved ans.fr.terminologies#latest to concrete version 1.2.0                          (00:00.121 / 00:04.753, 40Mb)
Sushi: info  Loaded ans.fr.terminologies#1.2.0 with 1047 resources                                   (00:00.590 / 00:05.343, 40Mb)
Sushi: info  Loading supplemental version of FHIR to support extensions from hl7.fhir.extensions.r5  (00:00.001 / 00:05.344, 40Mb)
Sushi: info  Loaded hl7.fhir.r5.core#5.0.0 with 2968 resources                                       (00:01.485 / 00:06.830, 40Mb)
Sushi: info  Loaded hl7.fhir.uv.extensions#5.2.0 with 759 resources                                  (00:00.367 / 00:07.197, 40Mb)
Sushi: info  Loaded hl7.fhir.r4.core#4.0.1 with 4581 resources                                       (00:01.880 / 00:09.077, 40Mb)
Sushi: info  Loaded virtual package sushi-local#LOCAL with 0 resources                               (00:00.003 / 00:09.081, 40Mb)
Sushi: info  Converting FSH to FHIR resources...                                                     (00:00.018 / 00:09.099, 40Mb)
Sushi: warn  The name "tddui-humanname" may not be suitable for machine processing applications such as code generation. Valid names start with an upper-case ASCII letter ('A'..'Z') followed by any combination of upper- or lower-case ASCII letters ('A'..'Z', and 'a'..'z'), numerals ('0'..'9') and '_', with a length limit of 255 characters. (00:00.021 / 00:09.120, 40Mb)
Sushi:   File: /tmp/ig-builds/ans.fhir.fr.tddui#2.0.0/input/fsh/DataType/tddui-human-name.fsh        (00:00.001 / 00:09.122, 40Mb)
Sushi:   Line: 1 - 6                                                                                 (00:00.000 / 00:09.122, 40Mb)
Sushi: info  Converted 11 FHIR StructureDefinitions.                                                 (00:00.682 / 00:09.805, 40Mb)
Sushi: info  Converted 2 FHIR CodeSystems.                                                           (00:00.042 / 00:09.847, 40Mb)
Sushi: info  Converted 7 FHIR instances.                                                             (00:00.892 / 00:10.739, 40Mb)
Sushi: info  Exporting FHIR resources as JSON...                                                     (00:00.019 / 00:10.758, 40Mb)
Sushi: info  Exported 20 FHIR resources as JSON.                                                     (00:00.056 / 00:10.815, 40Mb)
Sushi: info  Assembling Implementation Guide sources...                                              (00:00.002 / 00:10.817, 40Mb)
Sushi: info  Generated ImplementationGuide-ans.fhir.fr.tddui.json                                    (00:00.038 / 00:10.856, 40Mb)
Sushi: info  Assembled Implementation Guide sources; ready for IG Publisher.                         (00:00.000 / 00:10.857, 40Mb)
Sushi: ========================= SUSHI RESULTS ===========================                           (00:00.001 / 00:10.858, 40Mb)
Sushi: |  -------------------------------------------------------------  |                           (00:00.000 / 00:10.858, 40Mb)
Sushi: | |    Profiles   |  Extensions  |   Logicals   |   Resources   | |                           (00:00.000 / 00:10.859, 40Mb)
Sushi: | |-------------------------------------------------------------| |                           (00:00.000 / 00:10.860, 40Mb)
Sushi: | |       6       |      5       |      0       |       0       | |                           (00:00.000 / 00:10.861, 40Mb)
Sushi: |  -------------------------------------------------------------  |                           (00:00.000 / 00:10.861, 40Mb)
Sushi: |  -------------------------------------------------------------  |                           (00:00.000 / 00:10.862, 40Mb)
Sushi: | |      ValueSets     |    CodeSystems    |     Instances      | |                           (00:00.000 / 00:10.862, 40Mb)
Sushi: | |-------------------------------------------------------------| |                           (00:00.000 / 00:10.863, 40Mb)
Sushi: | |         0          |         2         |         7          | |                           (00:00.000 / 00:10.864, 40Mb)
Sushi: |  -------------------------------------------------------------  |                           (00:00.000 / 00:10.864, 40Mb)
Sushi: |                                                                 |                           (00:00.000 / 00:10.865, 40Mb)
Sushi: ===================================================================                           (00:00.000 / 00:10.865, 40Mb)
Sushi: | Do you sea the problem?                0 Errors       1 Warning |                           (00:00.000 / 00:10.866, 40Mb)
Sushi: ===================================================================                           (00:00.000 / 00:10.867, 40Mb)
Unable to load IG as an r5 IG - try R4 (property code is a class com.google.gson.JsonPrimitive looking for an object) (00:00.486 / 00:11.353, 60Mb)
Load Template from https://github.com/ansforge/IG-template                                           (00:00.484 / 00:11.838, 26Mb)
 Load Template from fhir.base.template#current                                                       (00:01.213 / 00:13.051, 48Mb)
Root directory: /tmp/ig-builds/ans.fhir.fr.tddui#2.0.0                                               (00:03.032 / 00:16.083, 95Mb)
Terminology Cache is at /tmp/ig-builds/ans.fhir.fr.tddui#2.0.0/input-cache/txcache. Clearing now     (00:00.463 / 00:16.547, 115Mb)
Core Package hl7.fhir.r4.core#4.0.1
Running Terminology Log: /tmp/ohfu-fhir-ig-207576743553731020.log
Connect to Terminology Server at http://tx.fhir.org                                                  (00:03.478 / 00:20.026, 313Mb)
Load Package hl7.fhir.pubpack#0.2.1
Load Package hl7.fhir.xver-extensions#0.1.0
Load Package hl7.terminology.r4#6.5.0
Load Package hl7.terminology.r4#6.0.2
Load Package hl7.fhir.uv.extensions.r4#5.1.0
Load Package ans.fr.nos#1.3.0
Load Package hl7.fhir.fr.core#2.1.0
Load Package hl7.fhir.uv.extensions.r4#5.2.0
Load Package hl7.terminology.r4#5.0.0
Load Package fhir.dicom#2022.4.20221006
Load Package hl7.fhir.uv.ips#1.1.0
Load Package ans.fr.terminologies#1.2.0
Version mismatch. This IG is version 4.0.1, while the IG 'hl7.fhir.uv.extensions' is from version 5.0.0 (will try to run anyway) (00:08.353 / 00:28.379, 748Mb)
Ignore Dependency on Core FHIR hl7.fhir.r5.core#5.0.0, from package 'hl7.terminology.r5#6.2.0'       (00:00.102 / 00:28.482, 815Mb)
Load Package hl7.terminology.r5#6.2.0
Load Package hl7.fhir.uv.extensions#5.2.0
Load Package hl7.fhir.uv.tools.r4#0.4.1
Load R5 Specials
Initialization complete                                                                              (00:02.953 / 00:31.436, 819Mb)
Load Content                                                                                         (00:00.000 / 00:31.437, 819Mb)
Using fr_FR as the default narrative language. (inferred from ImplementationGuide.jurisdiction=FR)   (00:00.085 / 00:31.523, 825Mb)
Process Loaded Resources                                                                             (00:01.381 / 00:32.904, 856Mb)
Generating Snapshots                                                                                 (00:00.165 / 00:33.070, 882Mb)
Unable to generate snapshot @3 for https://interop.esante.gouv.fr/ig/fhir/tddui/StructureDefinition/tddui-patient: Profile TDDUIPatient (https://interop.esante.gouv.fr/ig/fhir/tddui/StructureDefinition/tddui-patient), element StructureDefinition-tddui-patient.html. Error generating snapshot: Error sorting Differential: The element Patient.extension:birthPlace.value[x].extension:inseeCode @diff[2] is out of order (and maybe others after it)
Unable to generate snapshot @3 for https://interop.esante.gouv.fr/ig/fhir/tddui/StructureDefinition/tddui-patient-ins: Profile TDDUIPatientINS (https://interop.esante.gouv.fr/ig/fhir/tddui/StructureDefinition/tddui-patient-ins), element StructureDefinition-tddui-patient-ins.html. Error generating snapshot: Error sorting Differential: The element Patient.extension:birthPlace.value[x].extension:inseeCode @diff[2] is out of order (and maybe others after it)
loadPrePages from FetchedFile[/tmp/ig-builds/ans.fhir.fr.tddui#2.0.0/fsh-generated/includes] as /tmp/ig-builds/ans.fhir.fr.tddui#2.0.0/fsh-generated/includes
loadPrePages from FetchedFile[/tmp/ig-builds/ans.fhir.fr.tddui#2.0.0/input/data] as /tmp/ig-builds/ans.fhir.fr.tddui#2.0.0/input/data
loadPrePages from FetchedFile[/tmp/ig-builds/ans.fhir.fr.tddui#2.0.0/input/pagecontent] as /tmp/ig-builds/ans.fhir.fr.tddui#2.0.0/input/pagecontent
Fetch https://interop.esante.gouv.fr/ig/fhir/tddui/package-list.json for version check               (00:01.221 / 00:34.291, 766Mb)
Processing Conformance Resources                                                                     (00:02.255 / 00:36.547, 769Mb)
Checking Language                                                                                    (00:00.000 / 00:36.547, 769Mb)
Load Dependency Info                                                                                 (00:00.000 / 00:36.548, 769Mb)
Load Info                                                                                            (00:00.001 / 00:36.549, 769Mb)
Load Paths                                                                                           (00:00.000 / 00:36.550, 770Mb)
Check R4 / R4B                                                                                       (00:00.000 / 00:36.551, 770Mb)
Assign Comparison Ids                                                                                (00:00.007 / 00:36.559, 771Mb)
Propagating status                                                                                   (00:00.000 / 00:36.559, 771Mb)
Generating Narratives                                                                                (00:00.000 / 00:36.560, 771Mb)
Validating Conformance Resources                                                                     (00:02.380 / 00:38.940, 932Mb)
Check profiles & code systems                                                                        (00:15.418 / 00:54.358, 968Mb)
Check realm rules                                                                                    (00:00.003 / 00:54.361, 968Mb)
Previous Version Comparison                                                                          (00:00.000 / 00:54.362, 968Mb)
FHIR Version mismatch in package hl7.fhir.uv.extensions#5.2.0: version is 5.0.0 but must be 4.0.1 (path: ans.fhir.fr.tddui#2.0.0-ballot)
FHIR Version mismatch in package hl7.terminology.r5#6.2.0: version is 5.0.0 but must be 4.0.1 (path: ans.fhir.fr.tddui#2.0.0-ballot -> hl7.fhir.uv.extensions#5.2.0)
Validating Resources                                                                                 (00:10.502 / 01:04.865, 1Gb)
Processing Provenance Records                                                                        (00:20.533 / 01:25.398, 1Gb)
Generating Outputs in /tmp/ig-builds/ans.fhir.fr.tddui#2.0.0/output                                  (00:00.001 / 01:25.399, 1Gb)
Generate Native Outputs                                                                              (00:00.088 / 01:25.488, 1Gb)
Run Template                                                                                         (00:02.616 / 01:28.104, 1Gb)
Generate HTML Outputs                                                                                (00:13.241 / 01:41.346, 1Gb)
Generate Spreadsheets                                                                                (00:13.851 / 01:55.197, 2Gb)
Generate Summaries                                                                                   (00:04.411 / 01:59.608, 2Gb)
Generating Summary Outputs                                                                           (00:00.001 / 01:59.609, 2Gb)
DB Cumulative Time invested: 00:00:00.93
Sending Usage Stats to Server                                                                        (00:12.169 / 02:11.779, 3Gb)
## Memory (MB): Use = 3384, Free = 615, Total = 4000, Max = 4000                                     (00:00.004 / 02:11.784, 3Gb)
Reclaiming memory...                                                                                 (00:00.000 / 02:11.785, 3Gb)
## Memory (MB): Use = 1638, Free = 2361, Total = 4000, Max = 4000                                    (00:00.801 / 02:12.586, 1Gb)
Run jekyll: jekyll build --destination "/tmp/ig-builds/ans.fhir.fr.tddui#2.0.0/output" (in folder /tmp/ig-builds/ans.fhir.fr.tddui#2.0.0/temp/pages) (00:00.001 / 02:12.588, 1Gb)
Troubleshooting Note: usual cases for Jekyll to fail are:                                            (00:00.001 / 02:12.589, 1Gb)
* A failure to produce a fragment that is already logged in the output above                         (00:00.000 / 02:12.590, 1Gb)
* A reference to a manually edited file that hasn't been provided                                    (00:00.000 / 02:12.591, 1Gb)
Jekyll: Source: /tmp/ig-builds/ans.fhir.fr.tddui#2.0.0/temp/pages                                    (00:00.468 / 02:13.059, 1Gb)
Jekyll: Generating...                                                                                (00:00.000 / 02:13.060, 1Gb)
Jekyll: done in 1.763 seconds.                                                                       (00:01.762 / 02:14.822, 1Gb)

Installing ans.fhir.fr.tddui#2.0.0
 done.
Checking Output HTML                                                                                 (00:01.886 / 02:16.709, 2Gb)
found 885 files                                                                                      (00:00.005 / 02:16.715, 2Gb)
........................................
........................................
  ... 885 html files, 0 pages invalid xhtml (0%)                                                     (00:08.932 / 02:25.648, 3Gb)
  ... 163438 links, 0 broken links (0%)                                                              (00:00.000 / 02:25.649, 3Gb)
Generate fragment-usage-analysis.csv                                                                 (00:00.000 / 02:25.649, 3Gb)
Build final .zip                                                                                     (00:00.006 / 02:25.655, 3Gb)
Final .zip built                                                                                     (00:01.619 / 02:27.275, 3Gb)
Built. Times: loading: 00:05.109, generate: 01:55.841, narrative generation: 00:02.379, realm-rules: 00:00.000, previous-version: 00:10.476, jekyll: 00:02.250, validation: 00:35.914 (#21), template: 00:13.248 (#3) (00:05.138 / 02:32.413, 1Gb)
Generating QA                                                                                        (00:00.001 / 02:32.415, 1Gb)
Validation output in /tmp/ig-builds/ans.fhir.fr.tddui#2.0.0/output/qa.html
Errors: 7, Warnings: 18, Info: 17, Broken Links: 0 (00:01.308 / 02:33.723, 2Gb)
Finished. Max Memory Used = 3Gb. Log file saved in /tmp/fhir-ig-publisher-tmp.log                    (00:00.010 / 02:33.734, 2Gb)
Prepare Build space in /tmp/ig-builds/ans.fhir.fr.tddui#2.0.0-milestone
Build IG at /home/runner/work/IG-fhir-medicosocial-transfert-donnees-dui/IG-fhir-medicosocial-transfert-donnees-dui/./igSource: final copy suitable for publication (in /tmp/ig-builds/ans.fhir.fr.tddui#2.0.0-milestone) (milestone build)
FHIR IG Publisher Version 1.8.22 (Git# 3d9b32f2efa8). Built 2025-03-19T04:54:10.544Z (189 days old) 
Detected Java version: 17.0.10 from /opt/hostedtoolcache/Java_Microsoft_jdk/17.0.10/x64 on Linux/amd64 (64bit). 4000MB available
dir = /home/runner/work/IG-fhir-medicosocial-transfert-donnees-dui/IG-fhir-medicosocial-transfert-donnees-dui, path = /opt/hostedtoolcache/Ruby/3.3.9/x64/bin:/opt/hostedtoolcache/node/20.19.5/x64/bin:/opt/hostedtoolcache/Java_Microsoft_jdk/17.0.10/x64/bin:/snap/bin:/home/runner/.local/bin:/opt/pipx_bin:/home/runner/.cargo/bin:/home/runner/.config/composer/vendor/bin:/usr/local/.ghcup/bin:/home/runner/.dotnet/tools:/usr/local/sbin:/usr/local/bin:/usr/sbin:/usr/bin:/sbin:/bin:/usr/games:/usr/local/games:/snap/bin
Parameters: -ig /tmp/ig-builds/ans.fhir.fr.tddui#2.0.0-milestone -publish https://interop.esante.gouv.fr/ig/fhir/tddui/2.0.0 -milestone -no-exit
Character encoding = UTF-8 / UTF-8                                                                  
Start Clock @ Wednesday, September 24, 2025 at 2:57:40 PM Coordinated Universal Time (2025-09-24T14:57:40Z)
                                                                                                    
Build FHIR IG from /tmp/ig-builds/ans.fhir.fr.tddui#2.0.0-milestone                                  (00:00.002 / 00:00.002, 2Gb)
Build Formal Publication package, intended for https://interop.esante.gouv.fr/ig/fhir/tddui/2.0.0    (00:00.000 / 00:00.002, 2Gb)
API keys loaded from /home/runner/.fhir/fhir-settings.json                                           (00:00.000 / 00:00.003, 2Gb)
Package Cache: /home/runner/.fhir/packages                                                           (00:00.000 / 00:00.003, 2Gb)
Run Sushi on /tmp/ig-builds/ans.fhir.fr.tddui#2.0.0-milestone                                        (00:00.000 / 00:00.003, 2Gb)
Sushi: info  Running SUSHI v3.16.5 (implements FHIR Shorthand specification v3.0.0)                  (00:00.441 / 00:00.445, 2Gb)
Sushi: info  Arguments:                                                                              (00:00.000 / 00:00.446, 2Gb)
Sushi: info    --require-latest                                                                      (00:00.000 / 00:00.446, 2Gb)
Sushi: info    --out /tmp/ig-builds/ans.fhir.fr.tddui#2.0.0-milestone                                (00:00.000 / 00:00.447, 2Gb)
Sushi: info    /tmp/ig-builds/ans.fhir.fr.tddui#2.0.0-milestone                                      (00:00.000 / 00:00.447, 2Gb)
Sushi: info  Using configuration file: /tmp/ig-builds/ans.fhir.fr.tddui#2.0.0-milestone/sushi-config.yaml (00:00.452 / 00:00.899, 2Gb)
Sushi: info  Importing FSH text...                                                                   (00:00.111 / 00:01.011, 2Gb)
Sushi: info  Preprocessed 22 documents with 89 aliases.                                              (00:00.152 / 00:01.163, 2Gb)
Sushi: info  Imported 13 definitions and 7 instances.                                                (00:00.017 / 00:01.180, 2Gb)
Sushi: info  Loaded virtual package sushi-r5forR4#1.0.0 with 7 resources                             (00:00.087 / 00:01.268, 2Gb)
Sushi: info  Resolved hl7.fhir.uv.tools.r4#latest to concrete version 0.8.0                          (00:00.730 / 00:01.998, 2Gb)
Sushi: info  Loaded hl7.fhir.uv.tools.r4#0.8.0 with 110 resources                                    (00:00.053 / 00:02.052, 2Gb)
Sushi: info  Resolved hl7.terminology.r4#latest to concrete version 6.5.0                            (00:00.123 / 00:02.176, 2Gb)
Sushi: info  Loaded hl7.terminology.r4#6.5.0 with 4392 resources                                     (00:01.002 / 00:03.178, 2Gb)
Sushi: info  Loaded hl7.fhir.fr.core#2.1.0 with 120 resources                                        (00:00.049 / 00:03.227, 2Gb)
Sushi: info  Resolved ans.fr.terminologies#latest to concrete version 1.2.0                          (00:00.120 / 00:03.348, 2Gb)
Sushi: info  Loaded ans.fr.terminologies#1.2.0 with 1047 resources                                   (00:00.375 / 00:03.723, 2Gb)
Sushi: info  Loading supplemental version of FHIR to support extensions from hl7.fhir.extensions.r5  (00:00.000 / 00:03.723, 2Gb)
Sushi: info  Loaded hl7.fhir.r5.core#5.0.0 with 2968 resources                                       (00:00.783 / 00:04.507, 2Gb)
Sushi: info  Loaded hl7.fhir.uv.extensions#5.2.0 with 759 resources                                  (00:00.173 / 00:04.680, 2Gb)
Sushi: info  Loaded hl7.fhir.r4.core#4.0.1 with 4581 resources                                       (00:00.797 / 00:05.477, 2Gb)
Sushi: info  Loaded virtual package sushi-local#LOCAL with 0 resources                               (00:00.003 / 00:05.481, 2Gb)
Sushi: info  Converting FSH to FHIR resources...                                                     (00:00.022 / 00:05.504, 2Gb)
Sushi: warn  The name "tddui-humanname" may not be suitable for machine processing applications such as code generation. Valid names start with an upper-case ASCII letter ('A'..'Z') followed by any combination of upper- or lower-case ASCII letters ('A'..'Z', and 'a'..'z'), numerals ('0'..'9') and '_', with a length limit of 255 characters. (00:00.021 / 00:05.525, 2Gb)
Sushi:   File: /tmp/ig-builds/ans.fhir.fr.tddui#2.0.0-milestone/input/fsh/DataType/tddui-human-name.fsh (00:00.001 / 00:05.526, 2Gb)
Sushi:   Line: 1 - 6                                                                                 (00:00.000 / 00:05.527, 2Gb)
Sushi: info  Converted 11 FHIR StructureDefinitions.                                                 (00:00.681 / 00:06.209, 2Gb)
Sushi: info  Converted 2 FHIR CodeSystems.                                                           (00:00.043 / 00:06.253, 2Gb)
Sushi: info  Converted 7 FHIR instances.                                                             (00:00.920 / 00:07.173, 2Gb)
Sushi: info  Exporting FHIR resources as JSON...                                                     (00:00.017 / 00:07.191, 2Gb)
Sushi: info  Exported 20 FHIR resources as JSON.                                                     (00:00.053 / 00:07.245, 2Gb)
Sushi: info  Assembling Implementation Guide sources...                                              (00:00.002 / 00:07.247, 2Gb)
Sushi: info  Generated ImplementationGuide-ans.fhir.fr.tddui.json                                    (00:00.035 / 00:07.283, 2Gb)
Sushi: info  Assembled Implementation Guide sources; ready for IG Publisher.                         (00:00.000 / 00:07.284, 2Gb)
Sushi: ========================= SUSHI RESULTS ===========================                           (00:00.001 / 00:07.285, 2Gb)
Sushi: |  -------------------------------------------------------------  |                           (00:00.000 / 00:07.286, 2Gb)
Sushi: | |    Profiles   |  Extensions  |   Logicals   |   Resources   | |                           (00:00.000 / 00:07.286, 2Gb)
Sushi: | |-------------------------------------------------------------| |                           (00:00.000 / 00:07.287, 2Gb)
Sushi: | |       6       |      5       |      0       |       0       | |                           (00:00.000 / 00:07.287, 2Gb)
Sushi: |  -------------------------------------------------------------  |                           (00:00.000 / 00:07.287, 2Gb)
Sushi: |  -------------------------------------------------------------  |                           (00:00.000 / 00:07.288, 2Gb)
Sushi: | |      ValueSets     |    CodeSystems    |     Instances      | |                           (00:00.000 / 00:07.288, 2Gb)
Sushi: | |-------------------------------------------------------------| |                           (00:00.000 / 00:07.289, 2Gb)
Sushi: | |         0          |         2         |         7          | |                           (00:00.000 / 00:07.289, 2Gb)
Sushi: |  -------------------------------------------------------------  |                           (00:00.000 / 00:07.289, 2Gb)
Sushi: |                                                                 |                           (00:00.000 / 00:07.290, 2Gb)
Sushi: ===================================================================                           (00:00.000 / 00:07.290, 2Gb)
Sushi: | You should mullet over.                0 Errors       1 Warning |                           (00:00.000 / 00:07.290, 2Gb)
Sushi: ===================================================================                           (00:00.000 / 00:07.291, 2Gb)
Unable to load IG as an r5 IG - try R4 (property code is a class com.google.gson.JsonPrimitive looking for an object) (00:00.021 / 00:07.312, 2Gb)
Load Template from https://github.com/ansforge/IG-template                                           (00:00.016 / 00:07.329, 2Gb)
 Load Template from fhir.base.template#current                                                       (00:00.469 / 00:07.798, 1Gb)
Root directory: /tmp/ig-builds/ans.fhir.fr.tddui#2.0.0-milestone                                     (00:01.589 / 00:09.388, 1Gb)
Terminology Cache is at /tmp/ig-builds/ans.fhir.fr.tddui#2.0.0-milestone/input-cache/txcache. 11 files in cache (00:00.480 / 00:09.868, 1Gb)
Core Package hl7.fhir.r4.core#4.0.1
Running Terminology Log: /tmp/ohfu-fhir-ig-12296208850248400506.log
Connect to Terminology Server at http://tx.fhir.org                                                  (00:01.504 / 00:11.372, 3Gb)
Load Package hl7.fhir.pubpack#0.2.1
Load Package hl7.fhir.xver-extensions#0.1.0
Load Package hl7.terminology.r4#6.5.0
Load Package hl7.terminology.r4#6.0.2
Load Package hl7.fhir.uv.extensions.r4#5.1.0
Load Package ans.fr.nos#1.3.0
Load Package hl7.fhir.fr.core#2.1.0
Load Package hl7.fhir.uv.extensions.r4#5.2.0
Load Package hl7.terminology.r4#5.0.0
Load Package fhir.dicom#2022.4.20221006
Load Package hl7.fhir.uv.ips#1.1.0
Load Package ans.fr.terminologies#1.2.0
Version mismatch. This IG is version 4.0.1, while the IG 'hl7.fhir.uv.extensions' is from version 5.0.0 (will try to run anyway) (00:05.332 / 00:16.704, 1Gb)
Ignore Dependency on Core FHIR hl7.fhir.r5.core#5.0.0, from package 'hl7.terminology.r5#6.2.0'       (00:00.093 / 00:16.798, 2Gb)
Load Package hl7.terminology.r5#6.2.0
Load Package hl7.fhir.uv.extensions#5.2.0
Load Package hl7.fhir.uv.tools.r4#0.4.1
Load R5 Specials
Initialization complete                                                                              (00:02.490 / 00:19.289, 2Gb)
Load Content                                                                                         (00:00.000 / 00:19.290, 2Gb)
Using fr_FR as the default narrative language. (inferred from ImplementationGuide.jurisdiction=FR)   (00:00.030 / 00:19.320, 2Gb)
Process Loaded Resources                                                                             (00:00.768 / 00:20.088, 2Gb)
Generating Snapshots                                                                                 (00:00.307 / 00:20.396, 2Gb)
Unable to generate snapshot @3 for https://interop.esante.gouv.fr/ig/fhir/tddui/StructureDefinition/tddui-patient: Profile TDDUIPatient (https://interop.esante.gouv.fr/ig/fhir/tddui/StructureDefinition/tddui-patient), element StructureDefinition-tddui-patient.html. Error generating snapshot: Error sorting Differential: The element Patient.extension:birthPlace.value[x].extension:inseeCode @diff[2] is out of order (and maybe others after it)
Unable to generate snapshot @3 for https://interop.esante.gouv.fr/ig/fhir/tddui/StructureDefinition/tddui-patient-ins: Profile TDDUIPatientINS (https://interop.esante.gouv.fr/ig/fhir/tddui/StructureDefinition/tddui-patient-ins), element StructureDefinition-tddui-patient-ins.html. Error generating snapshot: Error sorting Differential: The element Patient.extension:birthPlace.value[x].extension:inseeCode @diff[2] is out of order (and maybe others after it)
loadPrePages from FetchedFile[/tmp/ig-builds/ans.fhir.fr.tddui#2.0.0-milestone/fsh-generated/includes] as /tmp/ig-builds/ans.fhir.fr.tddui#2.0.0-milestone/fsh-generated/includes
loadPrePages from FetchedFile[/tmp/ig-builds/ans.fhir.fr.tddui#2.0.0-milestone/input/data] as /tmp/ig-builds/ans.fhir.fr.tddui#2.0.0-milestone/input/data
loadPrePages from FetchedFile[/tmp/ig-builds/ans.fhir.fr.tddui#2.0.0-milestone/input/pagecontent] as /tmp/ig-builds/ans.fhir.fr.tddui#2.0.0-milestone/input/pagecontent
Fetch https://interop.esante.gouv.fr/ig/fhir/tddui/package-list.json for version check               (00:00.932 / 00:21.328, 2Gb)
Processing Conformance Resources                                                                     (00:01.298 / 00:22.627, 2Gb)
Checking Language                                                                                    (00:00.000 / 00:22.628, 2Gb)
Load Dependency Info                                                                                 (00:00.000 / 00:22.628, 2Gb)
Load Info                                                                                            (00:00.000 / 00:22.629, 2Gb)
Load Paths                                                                                           (00:00.000 / 00:22.629, 2Gb)
Check R4 / R4B                                                                                       (00:00.000 / 00:22.630, 2Gb)
Assign Comparison Ids                                                                                (00:00.002 / 00:22.633, 2Gb)
Propagating status                                                                                   (00:00.000 / 00:22.633, 2Gb)
Generating Narratives                                                                                (00:00.000 / 00:22.633, 2Gb)
Validating Conformance Resources                                                                     (00:01.371 / 00:24.004, 2Gb)
Check profiles & code systems                                                                        (00:14.828 / 00:38.833, 3Gb)
Check realm rules                                                                                    (00:00.001 / 00:38.835, 3Gb)
Previous Version Comparison                                                                          (00:00.000 / 00:38.835, 3Gb)
FHIR Version mismatch in package hl7.fhir.uv.extensions#5.2.0: version is 5.0.0 but must be 4.0.1 (path: ans.fhir.fr.tddui#2.0.0-ballot)
FHIR Version mismatch in package hl7.terminology.r5#6.2.0: version is 5.0.0 but must be 4.0.1 (path: ans.fhir.fr.tddui#2.0.0-ballot -> hl7.fhir.uv.extensions#5.2.0)
Validating Resources                                                                                 (00:09.375 / 00:48.211, 3Gb)
Processing Provenance Records                                                                        (00:01.311 / 00:49.522, 2Gb)
Generating Outputs in /tmp/ig-builds/ans.fhir.fr.tddui#2.0.0-milestone/output                        (00:00.000 / 00:49.523, 2Gb)
Generate Native Outputs                                                                              (00:00.098 / 00:49.621, 2Gb)
Run Template                                                                                         (00:02.385 / 00:52.007, 3Gb)
Generate HTML Outputs                                                                                (00:02.848 / 00:54.855, 3Gb)
Generate Spreadsheets                                                                                (00:09.622 / 01:04.477, 3Gb)
Generate Summaries                                                                                   (00:01.890 / 01:06.368, 3Gb)
Generating Summary Outputs                                                                           (00:00.000 / 01:06.368, 3Gb)
DB Cumulative Time invested: 00:00:00.119
Sending Usage Stats to Server                                                                        (00:12.656 / 01:19.025, 3Gb)
## Memory (MB): Use = 3469, Free = 530, Total = 4000, Max = 4000                                     (00:00.001 / 01:19.027, 3Gb)
Reclaiming memory...                                                                                 (00:00.002 / 01:19.029, 3Gb)
## Memory (MB): Use = 3249, Free = 750, Total = 4000, Max = 4000                                     (00:01.494 / 01:20.523, 3Gb)
Run jekyll: jekyll build --destination "/tmp/ig-builds/ans.fhir.fr.tddui#2.0.0-milestone/output" (in folder /tmp/ig-builds/ans.fhir.fr.tddui#2.0.0-milestone/temp/pages) (00:00.001 / 01:20.525, 3Gb)
Troubleshooting Note: usual cases for Jekyll to fail are:                                            (00:00.001 / 01:20.526, 3Gb)
* A failure to produce a fragment that is already logged in the output above                         (00:00.000 / 01:20.527, 3Gb)
* A reference to a manually edited file that hasn't been provided                                    (00:00.000 / 01:20.527, 3Gb)
Jekyll: Source: /tmp/ig-builds/ans.fhir.fr.tddui#2.0.0-milestone/temp/pages                          (00:00.360 / 01:20.888, 3Gb)
Jekyll: Generating...                                                                                (00:00.000 / 01:20.889, 3Gb)
Jekyll: done in 1.721 seconds.                                                                       (00:01.720 / 01:22.610, 3Gb)

Installing ans.fhir.fr.tddui#2.0.0
Checking Output HTML                                                                                 (00:00.938 / 01:23.548, 3Gb)
found 885 files                                                                                      (00:00.003 / 01:23.552, 3Gb)
........................................
........................................
  ... 885 html files, 0 pages invalid xhtml (0%)                                                     (00:06.942 / 01:30.494, 3Gb)
  ... 163438 links, 0 broken links (0%)                                                              (00:00.000 / 01:30.495, 3Gb)
Generate fragment-usage-analysis.csv                                                                 (00:00.000 / 01:30.496, 3Gb)
Build final .zip                                                                                     (00:00.005 / 01:30.502, 3Gb)
Final .zip built                                                                                     (00:01.627 / 01:32.129, 3Gb)
Built. Times: loading: 00:03.336, generate: 01:18.916, narrative generation: 00:01.370, realm-rules: 00:00.000, previous-version: 00:09.348, jekyll: 00:02.125, validation: 00:16.113 (#21), template: 00:02.852 (#3) (00:09.415 / 01:41.544, 3Gb)
Generating QA                                                                                        (00:00.000 / 01:41.545, 3Gb)
Validation output in /tmp/ig-builds/ans.fhir.fr.tddui#2.0.0-milestone/output/qa.html
Errors: 7, Warnings: 18, Info: 21, Broken Links: 0 (00:01.013 / 01:42.559, 3Gb)
Finished. Max Memory Used = 3Gb. Log file saved in /tmp/fhir-ig-publisher-tmp.log                    (00:00.004 / 01:42.563, 3Gb)
Keep a copy of the build directory at /tmp/web-root/run-20250924/ig-build-zips/ans.fhir.fr.tddui#2.0.0.zip

ok. All checks passed. Publish v2.0.0 to /tmp/web-root/run-20250924/tddui/2.0.0
Copy the IG to /tmp/web-root/run-20250924/tddui/2.0.0
Update /tmp/web-root/run-20250924/tddui/package-list.json
Publish Box Statement: This page is part of the Médicosocial - Transfert de données DUI (v2.0.0: Release) based on <a no-external="true" href="http://hl7.org/fhir/R4">FHIR (HL7® FHIR® Standard) R4</a>. This is the current published version in its permanent home (it will always be available at this URL).  For a full list of available versions, see the <a no-external="true" href="https://interop.esante.gouv.fr/ig/fhir/tddui/history.html">Directory of published versions</a>
  .. 163 files checked, 163 updated
  .. 82 clones checked, 164 updated
  .. 21 redirections (21 created/updated)
This is a milestone release - publish v2.0.0 to /tmp/web-root/run-20250924/tddui
Update publish box for version 2.0.0-ballot @ https://interop.esante.gouv.fr/ig/fhir/tddui/2.0.0-ballot
Publish Box Statement: This page is part of the Médicosocial - Transfert de données DUI (v2.0.0-ballot: Release) based on <a no-external="true" href="http://hl7.org/fhir/R4">FHIR (HL7® FHIR® Standard) R4</a>. The current version which supersedes this version is <a no-external="true" href="https://interop.esante.gouv.fr/ig/fhir/tddui{{fn}}">2.0.0</a>.  For a full list of available versions, see the <a no-external="true" href="https://interop.esante.gouv.fr/ig/fhir/tddui/history.html">Directory of published versions</a>
  .. 163 files checked, 163 updated
  .. 52 clones checked, 0 updated
Update publish box for version 1.1.0 @ https://interop.esante.gouv.fr/ig/fhir/tddui/1.1.0
Publish Box Statement: This page is part of the Médicosocial - Transfert de données DUI (v1.1.0: Release) based on <a no-external="true" href="http://hl7.org/fhir/R4">FHIR (HL7® FHIR® Standard) R4</a>. The current version which supersedes this version is <a no-external="true" href="https://interop.esante.gouv.fr/ig/fhir/tddui{{fn}}">2.0.0</a>.  For a full list of available versions, see the <a no-external="true" href="https://interop.esante.gouv.fr/ig/fhir/tddui/history.html">Directory of published versions</a>
no html insert in /tmp/web-root/run-20250924/tddui/1.1.0/cda/tmp-1.2.250.1.213.1.1.3.18-2024-10-29T143105.html
no html insert in /tmp/web-root/run-20250924/tddui/1.1.0/cda/tmp-1.2.250.1.213.1.1.1.1.10.9-2023-12-14T150730.html
no html insert in /tmp/web-root/run-20250924/tddui/1.1.0/cda/voc-1.2.250.1.213.1.1.5.805-2025-01-15T171230.html
no html insert in /tmp/web-root/run-20250924/tddui/1.1.0/cda/voc-1.2.250.1.213.1.1.5.125-2010-01-01T000000.html
no html insert in /tmp/web-root/run-20250924/tddui/1.1.0/cda/tmp-1.2.250.1.213.1.1.1.1.10.5-2017-12-11T145049.html
no html insert in /tmp/web-root/run-20250924/tddui/1.1.0/cda/voc-1.2.250.1.213.1.1.5.591-2021-03-26T120000.html
no html insert in /tmp/web-root/run-20250924/tddui/1.1.0/cda/tmp-1.2.250.1.213.1.1.3.214-2024-11-19T121425.html
no html insert in /tmp/web-root/run-20250924/tddui/1.1.0/cda/voc-1.2.250.1.213.1.1.5.807-2024-09-18T000000.html
no html insert in /tmp/web-root/run-20250924/tddui/1.1.0/cda/voc-1.2.250.1.213.3.3.16-2016-09-01T000000.html
no html insert in /tmp/web-root/run-20250924/tddui/1.1.0/cda/tmp-1.2.250.1.213.1.1.2.79-2024-10-29T140733.html
no html insert in /tmp/web-root/run-20250924/tddui/1.1.0/cda/voc-1.2.250.1.213.1.1.5.588-2021-03-26T120000.html
no html insert in /tmp/web-root/run-20250924/tddui/1.1.0/cda/voc-1.2.250.1.213.1.1.5.589-2021-03-26T120000.html
no html insert in /tmp/web-root/run-20250924/tddui/1.1.0/cda/tmp-1.2.250.1.213.1.1.2.37-2024-10-29T141153.html
no html insert in /tmp/web-root/run-20250924/tddui/1.1.0/cda/tmp-1.2.250.1.213.1.1.1.1.10.7-2024-09-27T104314.html
no html insert in /tmp/web-root/run-20250924/tddui/1.1.0/cda/voc-1.2.250.1.213.1.1.5.811-2024-09-24T000000.html
no html insert in /tmp/web-root/run-20250924/tddui/1.1.0/cda/voc-1.2.250.1.213.3.4.218-2023-12-15T120000.html
no html insert in /tmp/web-root/run-20250924/tddui/1.1.0/cda/voc-1.2.250.1.213.3.3.251-2024-10-25T120000.html
no html insert in /tmp/web-root/run-20250924/tddui/1.1.0/cda/voc-1.2.250.1.213.1.1.1.58.2024.11.1-2024-09-30T145433.html
no html insert in /tmp/web-root/run-20250924/tddui/1.1.0/cda/voc-1.2.250.1.213.1.1.5.803-2024-09-06T000000.html
no html insert in /tmp/web-root/run-20250924/tddui/1.1.0/cda/voc-1.2.250.1.213.1.1.5.126-2010-01-01T000000.html
no html insert in /tmp/web-root/run-20250924/tddui/1.1.0/cda/tmp-1.2.250.1.213.1.1.1.1.10.12-2024-09-10T104919.html
no html insert in /tmp/web-root/run-20250924/tddui/1.1.0/cda/tmp-1.2.250.1.213.1.1.1.1.10.11-2024-10-22T162900.html
no html insert in /tmp/web-root/run-20250924/tddui/1.1.0/cda/voc-1.2.250.1.213.1.1.5.528-2021-01-29T120000.html
no html insert in /tmp/web-root/run-20250924/tddui/1.1.0/cda/tmp-1.2.250.1.213.1.1.3.36-2024-11-14T144916.html
no html insert in /tmp/web-root/run-20250924/tddui/1.1.0/cda/tmp-1.2.250.1.213.1.1.1.1.10.15-2023-12-15T171349.html
no html insert in /tmp/web-root/run-20250924/tddui/1.1.0/cda/voc-1.2.250.1.213.1.1.5.816-2024-12-19T000000.html
no html insert in /tmp/web-root/run-20250924/tddui/1.1.0/cda/terminology.html
no html insert in /tmp/web-root/run-20250924/tddui/1.1.0/cda/tmp-1.2.250.1.213.1.1.3.220-2024-11-19T102244.html
no html insert in /tmp/web-root/run-20250924/tddui/1.1.0/cda/voc-1.2.250.1.213.3.4.219-2024-09-27T120000.html
no html insert in /tmp/web-root/run-20250924/tddui/1.1.0/cda/voc-1.2.250.1.213.1.1.1.58.2024.11.2-2024-09-30T145837.html
no html insert in /tmp/web-root/run-20250924/tddui/1.1.0/cda/tmp-1.2.250.1.213.1.1.2.246-2024-10-21T160707.html
no html insert in /tmp/web-root/run-20250924/tddui/1.1.0/cda/voc-1.2.250.1.213.1.1.5.801-2024-09-02T000000.html
no html insert in /tmp/web-root/run-20250924/tddui/1.1.0/cda/tmp-1.2.250.1.213.1.1.1.1.10.19-2020-02-06T100000.html
no html insert in /tmp/web-root/run-20250924/tddui/1.1.0/cda/voc-1.2.250.1.213.3.3.253-2024-10-25T120000.html
no html insert in /tmp/web-root/run-20250924/tddui/1.1.0/cda/voc-1.2.250.1.213.1.1.1.58.2024.11.3-2024-09-30T150022.html
no html insert in /tmp/web-root/run-20250924/tddui/1.1.0/cda/voc-1.2.250.1.213.1.1.5.809-2024-09-18T000000.html
no html insert in /tmp/web-root/run-20250924/tddui/1.1.0/cda/tmp-1.2.250.1.213.1.1.1.1.10.14-2023-12-15T163609.html
no html insert in /tmp/web-root/run-20250924/tddui/1.1.0/cda/tmp-1.2.250.1.213.1.1.2.249-2024-09-18T104731.html
no html insert in /tmp/web-root/run-20250924/tddui/1.1.0/cda/tmp-1.2.250.1.213.1.1.1.1.10.4-2024-11-20T161310.html
no html insert in /tmp/web-root/run-20250924/tddui/1.1.0/cda/tmp-1.2.250.1.213.1.1.1.1.10.17-2024-02-20T154733.html
no html insert in /tmp/web-root/run-20250924/tddui/1.1.0/cda/voc-1.2.250.1.213.1.1.5.718-2023-03-31T120000.html
no html insert in /tmp/web-root/run-20250924/tddui/1.1.0/cda/tmp-1.2.250.1.213.1.1.3.218-2024-09-17T165718.html
no html insert in /tmp/web-root/run-20250924/tddui/1.1.0/cda/tmp-1.2.250.1.213.1.1.1.1.10.13-2023-12-15T171555.html
no html insert in /tmp/web-root/run-20250924/tddui/1.1.0/cda/tmp-1.2.250.1.213.1.1.3.216-2024-12-19T141744.html
no html insert in /tmp/web-root/run-20250924/tddui/1.1.0/cda/tmp-1.2.250.1.213.1.1.3.48.7-2024-10-21T174323.html
no html insert in /tmp/web-root/run-20250924/tddui/1.1.0/cda/tmp-1.2.250.1.213.1.1.1.1.10.2-2024-12-20T130919.html
no html insert in /tmp/web-root/run-20250924/tddui/1.1.0/cda/tmp-1.2.250.1.213.1.1.3.219-2024-10-17T211142.html
no html insert in /tmp/web-root/run-20250924/tddui/1.1.0/cda/voc-1.2.250.1.213.1.1.5.802-2024-09-06T000000.html
no html insert in /tmp/web-root/run-20250924/tddui/1.1.0/cda/tmp-1.2.250.1.213.1.1.1.1.10.6-2024-10-11T151018.html
no html insert in /tmp/web-root/run-20250924/tddui/1.1.0/cda/tmp-1.2.250.1.213.1.1.1.1.10.3-2024-04-29T110947.html
no html insert in /tmp/web-root/run-20250924/tddui/1.1.0/cda/tmp-1.2.250.1.213.1.1.3.94-2024-10-29T152810.html
no html insert in /tmp/web-root/run-20250924/tddui/1.1.0/cda/tmp-1.2.250.1.213.1.1.1.1.10.25-2024-09-30T105040.html
no html insert in /tmp/web-root/run-20250924/tddui/1.1.0/cda/voc-1.2.250.1.213.1.1.5.467-2010-11-04T000000.html
no html insert in /tmp/web-root/run-20250924/tddui/1.1.0/cda/tmp-1.2.250.1.213.1.1.3.95-2024-10-16T152305.html
no html insert in /tmp/web-root/run-20250924/tddui/1.1.0/cda/tmp-1.2.250.1.213.1.1.1.1.10.16-2023-12-15T170436.html
no html insert in /tmp/web-root/run-20250924/tddui/1.1.0/cda/tmp-1.2.250.1.213.1.1.1.1.10.10-2024-12-03T172030.html
no html insert in /tmp/web-root/run-20250924/tddui/1.1.0/cda/voc-1.2.250.1.213.1.6.1.168-2019-08-30T120000.html
no html insert in /tmp/web-root/run-20250924/tddui/1.1.0/cda/voc-1.2.250.1.213.1.1.5.719-2023-03-31T120000.html
no html insert in /tmp/web-root/run-20250924/tddui/1.1.0/cda/voc-1.2.250.1.213.1.1.5.124-2018-03-30T120000.html
no html insert in /tmp/web-root/run-20250924/tddui/1.1.0/cda/tmp-1.2.250.1.213.1.1.2.248-2024-09-06T174901.html
no html insert in /tmp/web-root/run-20250924/tddui/1.1.0/cda/voc-1.2.250.1.213.1.1.5.140-2010-01-01T000000.html
no html insert in /tmp/web-root/run-20250924/tddui/1.1.0/cda/tmp-1.2.250.1.213.1.1.3.109-2024-11-20T154401.html
no html insert in /tmp/web-root/run-20250924/tddui/1.1.0/cda/tmp-1.2.250.1.213.1.1.3.215-2024-10-18T170010.html
no html insert in /tmp/web-root/run-20250924/tddui/1.1.0/cda/voc-1.2.250.1.213.1.1.5.461-2012-11-12T000000.html
no html insert in /tmp/web-root/run-20250924/tddui/1.1.0/cda/voc-1.2.250.1.213.1.1.5.466-2014-10-08T000000.html
no html insert in /tmp/web-root/run-20250924/tddui/1.1.0/cda/voc-1.2.250.1.213.1.1.5.73-2010-01-01T000000.html
no html insert in /tmp/web-root/run-20250924/tddui/1.1.0/cda/tmp-1.2.250.1.213.1.1.3.25-2024-10-21T164618.html
no html insert in /tmp/web-root/run-20250924/tddui/1.1.0/cda/tmp-1.2.250.1.213.1.1.3.217-2024-09-06T142804.html
no html insert in /tmp/web-root/run-20250924/tddui/1.1.0/cda/tmp-1.2.250.1.213.1.1.1.99.99.10.85-2024-10-31T171901.html
no html insert in /tmp/web-root/run-20250924/tddui/1.1.0/cda/voc-1.2.250.1.213.1.1.5.808-2024-09-18T000000.html
no html insert in /tmp/web-root/run-20250924/tddui/1.1.0/cda/voc-1.2.250.1.213.1.1.5.804-2024-09-06T000000.html
no html insert in /tmp/web-root/run-20250924/tddui/1.1.0/cda/voc-2.16.840.1.113883.1.11.10901-2014-03-26T000000.html
no html insert in /tmp/web-root/run-20250924/tddui/1.1.0/cda/voc-1.2.250.1.213.1.1.5.590-2021-03-26T120000.html
no html insert in /tmp/web-root/run-20250924/tddui/1.1.0/cda/voc-1.2.250.1.213.3.3.252-2024-10-25T120000.html
no html insert in /tmp/web-root/run-20250924/tddui/1.1.0/cda/tmp-1.2.250.1.213.1.1.3.61-2024-10-29T142700.html
no html insert in /tmp/web-root/run-20250924/tddui/1.1.0/cda/voc-1.2.250.1.213.1.1.5.53-2010-01-01T000000.html
no html insert in /tmp/web-root/run-20250924/tddui/1.1.0/cda/tmp-1.2.250.1.213.1.1.3.24-2024-09-10T092953.html
no html insert in /tmp/web-root/run-20250924/tddui/1.1.0/cda/tmp-1.2.250.1.213.1.1.1.1.10.18-2024-04-22T162929.html
no html insert in /tmp/web-root/run-20250924/tddui/1.1.0/cda/tmp-1.2.250.1.213.1.1.3.48.18-2024-11-14T165825.html
no html insert in /tmp/web-root/run-20250924/tddui/1.1.0/cda/voc-2.16.840.1.113883.1.11.10228-2014-03-26T000000.html
no html insert in /tmp/web-root/run-20250924/tddui/1.1.0/cda/tmp-1.2.250.1.213.1.1.3.32-2024-10-29T142132.html
no html insert in /tmp/web-root/run-20250924/tddui/1.1.0/cda/voc-1.2.250.1.213.3.3.254-2024-10-25T120000.html
no html insert in /tmp/web-root/run-20250924/tddui/1.1.0/cda/voc-2.16.840.1.113883.1.11.15933-2014-03-26T000000.html
no html insert in /tmp/web-root/run-20250924/tddui/1.1.0/cda/voc-1.2.250.1.213.1.1.5.817-2024-12-19T000000.html
no html insert in /tmp/web-root/run-20250924/tddui/1.1.0/cda/tmp-1.2.250.1.213.1.1.3.48.6-2024-10-29T152050.html
no html insert in /tmp/web-root/run-20250924/tddui/1.1.0/cda/tmp-1.2.250.1.213.1.1.3.48-2024-10-29T154828.html
no html insert in /tmp/web-root/run-20250924/tddui/1.1.0/cda/tmp-1.2.250.1.213.1.1.1.58-2025-01-21T160337.html
no html insert in /tmp/web-root/run-20250924/tddui/1.1.0/cda/voc-1.2.250.1.213.1.1.5.806-2025-01-15T171206.html
  .. 81 files checked, 81 updated
  .. 27 clones checked, 0 updated
Update publish box for version 1.1.0-ballot @ https://interop.esante.gouv.fr/ig/fhir/tddui/1.1.0-ballot
Publish Box Statement: This page is part of the Médicosocial - Transfert de données DUI (v1.1.0-ballot: Release) based on <a no-external="true" href="http://hl7.org/fhir/R4">FHIR (HL7® FHIR® Standard) R4</a>. The current version which supersedes this version is <a no-external="true" href="https://interop.esante.gouv.fr/ig/fhir/tddui{{fn}}">2.0.0</a>.  For a full list of available versions, see the <a no-external="true" href="https://interop.esante.gouv.fr/ig/fhir/tddui/history.html">Directory of published versions</a>
no html insert in /tmp/web-root/run-20250924/tddui/1.1.0-ballot/cda/TDDUI-html/tmp-1.2.250.1.213.1.1.3.18-2024-10-29T143105.html
no html insert in /tmp/web-root/run-20250924/tddui/1.1.0-ballot/cda/TDDUI-html/tmp-1.2.250.1.213.1.1.1.1.10.9-2023-12-14T150730.html
no html insert in /tmp/web-root/run-20250924/tddui/1.1.0-ballot/cda/TDDUI-html/voc-1.2.250.1.213.1.1.5.125-2010-01-01T000000.html
no html insert in /tmp/web-root/run-20250924/tddui/1.1.0-ballot/cda/TDDUI-html/tmp-1.2.250.1.213.1.1.1.1.10.5-2017-12-11T145049.html
no html insert in /tmp/web-root/run-20250924/tddui/1.1.0-ballot/cda/TDDUI-html/voc-1.2.250.1.213.1.1.5.591-2021-03-26T120000.html
no html insert in /tmp/web-root/run-20250924/tddui/1.1.0-ballot/cda/TDDUI-html/voc-1.2.250.1.213.1.1.5.807-2024-09-18T000000.html
no html insert in /tmp/web-root/run-20250924/tddui/1.1.0-ballot/cda/TDDUI-html/voc-1.2.250.1.213.3.3.16-2016-09-01T000000.html
no html insert in /tmp/web-root/run-20250924/tddui/1.1.0-ballot/cda/TDDUI-html/tmp-1.2.250.1.213.1.1.2.79-2024-10-29T140733.html
no html insert in /tmp/web-root/run-20250924/tddui/1.1.0-ballot/cda/TDDUI-html/voc-1.2.250.1.213.1.1.5.588-2021-03-26T120000.html
no html insert in /tmp/web-root/run-20250924/tddui/1.1.0-ballot/cda/TDDUI-html/voc-1.2.250.1.213.1.1.5.589-2021-03-26T120000.html
no html insert in /tmp/web-root/run-20250924/tddui/1.1.0-ballot/cda/TDDUI-html/tmp-1.2.250.1.213.1.1.2.37-2024-10-29T141153.html
no html insert in /tmp/web-root/run-20250924/tddui/1.1.0-ballot/cda/TDDUI-html/tmp-1.2.250.1.213.1.1.1.1.10.7-2024-09-27T104314.html
no html insert in /tmp/web-root/run-20250924/tddui/1.1.0-ballot/cda/TDDUI-html/voc-1.2.250.1.213.1.1.5.811-2024-09-24T000000.html
no html insert in /tmp/web-root/run-20250924/tddui/1.1.0-ballot/cda/TDDUI-html/tmp-1.2.250.1.213.1.1.3.214-2024-10-21T172216.html
no html insert in /tmp/web-root/run-20250924/tddui/1.1.0-ballot/cda/TDDUI-html/voc-1.2.250.1.213.1.1.1.58.2024.11.1-2024-09-30T145433.html
no html insert in /tmp/web-root/run-20250924/tddui/1.1.0-ballot/cda/TDDUI-html/voc-1.2.250.1.213.1.1.5.803-2024-09-06T000000.html
no html insert in /tmp/web-root/run-20250924/tddui/1.1.0-ballot/cda/TDDUI-html/voc-1.2.250.1.213.1.1.5.126-2010-01-01T000000.html
no html insert in /tmp/web-root/run-20250924/tddui/1.1.0-ballot/cda/TDDUI-html/tmp-1.2.250.1.213.1.1.1.1.10.12-2024-09-10T104919.html
no html insert in /tmp/web-root/run-20250924/tddui/1.1.0-ballot/cda/TDDUI-html/tmp-1.2.250.1.213.1.1.1.1.10.11-2024-10-22T162900.html
no html insert in /tmp/web-root/run-20250924/tddui/1.1.0-ballot/cda/TDDUI-html/voc-1.2.250.1.213.1.1.5.528-2021-01-29T120000.html
no html insert in /tmp/web-root/run-20250924/tddui/1.1.0-ballot/cda/TDDUI-html/tmp-1.2.250.1.213.1.1.1.1.10.15-2023-12-15T171349.html
no html insert in /tmp/web-root/run-20250924/tddui/1.1.0-ballot/cda/TDDUI-html/terminology.html
no html insert in /tmp/web-root/run-20250924/tddui/1.1.0-ballot/cda/TDDUI-html/voc-1.2.250.1.213.3.4.219-2024-09-27T120000.html
no html insert in /tmp/web-root/run-20250924/tddui/1.1.0-ballot/cda/TDDUI-html/tmp-1.2.250.1.213.1.1.3.36-2024-10-29T154421.html
no html insert in /tmp/web-root/run-20250924/tddui/1.1.0-ballot/cda/TDDUI-html/voc-1.2.250.1.213.1.1.1.58.2024.11.2-2024-09-30T145837.html
no html insert in /tmp/web-root/run-20250924/tddui/1.1.0-ballot/cda/TDDUI-html/tmp-1.2.250.1.213.1.1.2.246-2024-10-21T160707.html
no html insert in /tmp/web-root/run-20250924/tddui/1.1.0-ballot/cda/TDDUI-html/voc-1.2.250.1.213.1.1.5.801-2024-09-02T000000.html
no html insert in /tmp/web-root/run-20250924/tddui/1.1.0-ballot/cda/TDDUI-html/tmp-1.2.250.1.213.1.1.1.1.10.19-2020-02-06T100000.html
no html insert in /tmp/web-root/run-20250924/tddui/1.1.0-ballot/cda/TDDUI-html/voc-1.2.250.1.213.1.1.1.58.2024.11.3-2024-09-30T150022.html
no html insert in /tmp/web-root/run-20250924/tddui/1.1.0-ballot/cda/TDDUI-html/voc-1.2.250.1.213.1.1.5.809-2024-09-18T000000.html
no html insert in /tmp/web-root/run-20250924/tddui/1.1.0-ballot/cda/TDDUI-html/tmp-1.2.250.1.213.1.1.1.1.10.14-2023-12-15T163609.html
no html insert in /tmp/web-root/run-20250924/tddui/1.1.0-ballot/cda/TDDUI-html/tmp-1.2.250.1.213.1.1.2.249-2024-09-18T104731.html
no html insert in /tmp/web-root/run-20250924/tddui/1.1.0-ballot/cda/TDDUI-html/tmp-1.2.250.1.213.1.1.1.1.10.17-2024-02-20T154733.html
no html insert in /tmp/web-root/run-20250924/tddui/1.1.0-ballot/cda/TDDUI-html/voc-1.2.250.1.213.1.1.5.718-2023-03-31T120000.html
no html insert in /tmp/web-root/run-20250924/tddui/1.1.0-ballot/cda/TDDUI-html/tmp-1.2.250.1.213.1.1.3.218-2024-09-17T165718.html
no html insert in /tmp/web-root/run-20250924/tddui/1.1.0-ballot/cda/TDDUI-html/tmp-1.2.250.1.213.1.1.1.1.10.13-2023-12-15T171555.html
no html insert in /tmp/web-root/run-20250924/tddui/1.1.0-ballot/cda/TDDUI-html/tmp-1.2.250.1.213.1.1.3.48.7-2024-10-21T174323.html
no html insert in /tmp/web-root/run-20250924/tddui/1.1.0-ballot/cda/TDDUI-html/tmp-1.2.250.1.213.1.1.3.219-2024-10-17T211142.html
no html insert in /tmp/web-root/run-20250924/tddui/1.1.0-ballot/cda/TDDUI-html/voc-1.2.250.1.213.1.1.5.802-2024-09-06T000000.html
no html insert in /tmp/web-root/run-20250924/tddui/1.1.0-ballot/cda/TDDUI-html/tmp-1.2.250.1.213.1.1.1.1.10.6-2024-10-11T151018.html
no html insert in /tmp/web-root/run-20250924/tddui/1.1.0-ballot/cda/TDDUI-html/tmp-1.2.250.1.213.1.1.1.1.10.3-2024-04-29T110947.html
no html insert in /tmp/web-root/run-20250924/tddui/1.1.0-ballot/cda/TDDUI-html/tmp-1.2.250.1.213.1.1.1.1.10.10-2023-12-15T171520.html
no html insert in /tmp/web-root/run-20250924/tddui/1.1.0-ballot/cda/TDDUI-html/tmp-1.2.250.1.213.1.1.3.94-2024-10-29T152810.html
no html insert in /tmp/web-root/run-20250924/tddui/1.1.0-ballot/cda/TDDUI-html/tmp-1.2.250.1.213.1.1.1.1.10.25-2024-09-30T105040.html
no html insert in /tmp/web-root/run-20250924/tddui/1.1.0-ballot/cda/TDDUI-html/voc-1.2.250.1.213.1.1.5.467-2010-11-04T000000.html
no html insert in /tmp/web-root/run-20250924/tddui/1.1.0-ballot/cda/TDDUI-html/tmp-1.2.250.1.213.1.1.3.95-2024-10-16T152305.html
no html insert in /tmp/web-root/run-20250924/tddui/1.1.0-ballot/cda/TDDUI-html/tmp-1.2.250.1.213.1.1.1.1.10.16-2023-12-15T170436.html
no html insert in /tmp/web-root/run-20250924/tddui/1.1.0-ballot/cda/TDDUI-html/voc-1.2.250.1.213.1.6.1.168-2019-08-30T120000.html
no html insert in /tmp/web-root/run-20250924/tddui/1.1.0-ballot/cda/TDDUI-html/tmp-1.2.250.1.213.1.1.3.216-2024-10-18T100433.html
no html insert in /tmp/web-root/run-20250924/tddui/1.1.0-ballot/cda/TDDUI-html/voc-1.2.250.1.213.1.1.5.719-2023-03-31T120000.html
no html insert in /tmp/web-root/run-20250924/tddui/1.1.0-ballot/cda/TDDUI-html/voc-1.2.250.1.213.1.1.5.124-2018-03-30T120000.html
no html insert in /tmp/web-root/run-20250924/tddui/1.1.0-ballot/cda/TDDUI-html/tmp-1.2.250.1.213.1.1.3.109-2024-06-14T153411.html
no html insert in /tmp/web-root/run-20250924/tddui/1.1.0-ballot/cda/TDDUI-html/tmp-1.2.250.1.213.1.1.2.248-2024-09-06T174901.html
no html insert in /tmp/web-root/run-20250924/tddui/1.1.0-ballot/cda/TDDUI-html/tmp-1.2.250.1.213.1.1.3.48.18-2024-09-17T093403.html
no html insert in /tmp/web-root/run-20250924/tddui/1.1.0-ballot/cda/TDDUI-html/voc-1.2.250.1.213.1.1.5.140-2010-01-01T000000.html
no html insert in /tmp/web-root/run-20250924/tddui/1.1.0-ballot/cda/TDDUI-html/tmp-1.2.250.1.213.1.1.1.99.99.10.85-2023-10-13T105059.html
no html insert in /tmp/web-root/run-20250924/tddui/1.1.0-ballot/cda/TDDUI-html/tmp-1.2.250.1.213.1.1.3.215-2024-10-18T170010.html
no html insert in /tmp/web-root/run-20250924/tddui/1.1.0-ballot/cda/TDDUI-html/voc-1.2.250.1.213.1.1.5.461-2012-11-12T000000.html
no html insert in /tmp/web-root/run-20250924/tddui/1.1.0-ballot/cda/TDDUI-html/tmp-1.2.250.1.213.1.1.1.1.10.2-2023-12-15T171133.html
no html insert in /tmp/web-root/run-20250924/tddui/1.1.0-ballot/cda/TDDUI-html/voc-1.2.250.1.213.1.1.5.73-2010-01-01T000000.html
no html insert in /tmp/web-root/run-20250924/tddui/1.1.0-ballot/cda/TDDUI-html/voc-1.2.250.1.213.1.1.5.466-2024-10-31T144004.html
no html insert in /tmp/web-root/run-20250924/tddui/1.1.0-ballot/cda/TDDUI-html/tmp-1.2.250.1.213.1.1.3.25-2024-10-21T164618.html
no html insert in /tmp/web-root/run-20250924/tddui/1.1.0-ballot/cda/TDDUI-html/tmp-1.2.250.1.213.1.1.3.217-2024-09-06T142804.html
no html insert in /tmp/web-root/run-20250924/tddui/1.1.0-ballot/cda/TDDUI-html/voc-1.2.250.1.213.1.1.5.808-2024-09-18T000000.html
no html insert in /tmp/web-root/run-20250924/tddui/1.1.0-ballot/cda/TDDUI-html/voc-1.2.250.1.213.1.1.5.804-2024-09-06T000000.html
no html insert in /tmp/web-root/run-20250924/tddui/1.1.0-ballot/cda/TDDUI-html/voc-2.16.840.1.113883.1.11.10901-2014-03-26T000000.html
no html insert in /tmp/web-root/run-20250924/tddui/1.1.0-ballot/cda/TDDUI-html/voc-1.2.250.1.213.1.1.5.590-2021-03-26T120000.html
no html insert in /tmp/web-root/run-20250924/tddui/1.1.0-ballot/cda/TDDUI-html/tmp-1.2.250.1.213.1.1.3.61-2024-10-29T142700.html
no html insert in /tmp/web-root/run-20250924/tddui/1.1.0-ballot/cda/TDDUI-html/tmp-1.2.250.1.213.1.1.1.58-2024-07-04T090407.html
no html insert in /tmp/web-root/run-20250924/tddui/1.1.0-ballot/cda/TDDUI-html/voc-1.2.250.1.213.1.1.5.53-2010-01-01T000000.html
no html insert in /tmp/web-root/run-20250924/tddui/1.1.0-ballot/cda/TDDUI-html/tmp-1.2.250.1.213.1.1.1.1.10.4-2023-12-15T171243.html
no html insert in /tmp/web-root/run-20250924/tddui/1.1.0-ballot/cda/TDDUI-html/tmp-1.2.250.1.213.1.1.3.24-2024-09-10T092953.html
no html insert in /tmp/web-root/run-20250924/tddui/1.1.0-ballot/cda/TDDUI-html/tmp-1.2.250.1.213.1.1.1.1.10.18-2024-04-22T162929.html
no html insert in /tmp/web-root/run-20250924/tddui/1.1.0-ballot/cda/TDDUI-html/voc-2.16.840.1.113883.1.11.10228-2014-03-26T000000.html
no html insert in /tmp/web-root/run-20250924/tddui/1.1.0-ballot/cda/TDDUI-html/tmp-1.2.250.1.213.1.1.3.32-2024-10-29T142132.html
no html insert in /tmp/web-root/run-20250924/tddui/1.1.0-ballot/cda/TDDUI-html/voc-2.16.840.1.113883.1.11.15933-2014-03-26T000000.html
no html insert in /tmp/web-root/run-20250924/tddui/1.1.0-ballot/cda/TDDUI-html/tmp-1.2.250.1.213.1.1.3.48.6-2024-10-29T152050.html
no html insert in /tmp/web-root/run-20250924/tddui/1.1.0-ballot/cda/TDDUI-html/tmp-1.2.250.1.213.1.1.3.48-2024-10-29T154828.html
  .. 74 files checked, 74 updated
  .. 47 clones checked, 0 updated
Update publish box for version 1.0.1 @ https://interop.esante.gouv.fr/ig/fhir/tddui/1.0.1
Publish Box Statement: This page is part of the Médicosocial - Transfert de données DUI (v1.0.1: Release) based on <a no-external="true" href="http://hl7.org/fhir/R4">FHIR (HL7® FHIR® Standard) R4</a>. The current version which supersedes this version is <a no-external="true" href="https://interop.esante.gouv.fr/ig/fhir/tddui{{fn}}">2.0.0</a>.  For a full list of available versions, see the <a no-external="true" href="https://interop.esante.gouv.fr/ig/fhir/tddui/history.html">Directory of published versions</a>
  .. 49 files checked, 49 updated
  .. 22 clones checked, 0 updated
Update publish box for version 1.0.1-ballot @ https://interop.esante.gouv.fr/ig/fhir/tddui/1.0.1-ballot
Publish Box Statement: This page is part of the Médicosocial - Transfert de données DUI (v1.0.1-ballot: Release) based on <a no-external="true" href="http://hl7.org/fhir/R4">FHIR (HL7® FHIR® Standard) R4</a>. The current version which supersedes this version is <a no-external="true" href="https://interop.esante.gouv.fr/ig/fhir/tddui{{fn}}">2.0.0</a>.  For a full list of available versions, see the <a no-external="true" href="https://interop.esante.gouv.fr/ig/fhir/tddui/history.html">Directory of published versions</a>
  .. 49 files checked, 49 updated
  .. 14 clones checked, 0 updated
Publish Box Statement: This page is part of the Médicosocial - Transfert de données DUI (v2.0.0: Release) based on <a no-external="true" href="http://hl7.org/fhir/R4">FHIR (HL7® FHIR® Standard) R4</a>. This is the current published version.  For a full list of available versions, see the <a no-external="true" href="https://interop.esante.gouv.fr/ig/fhir/tddui/history.html">Directory of published versions</a>
  .. 163 files checked, 163 updated
  .. 82 clones checked, 164 updated
  .. 21 redirections (21 created/updated)
Check for Files to delete
  ... 0 files
Copy to new IG /tmp/web-root/run-20250924/tddui
ans.fhir.fr.tddui (https://interop.esante.gouv.fr/ig/fhir/tddui): Médicosocial - Transfert de données DUI @ https://ansforge.github.io/IG-fhir-medicosocial-transfert-donnees-dui/ig/main
  release: trial-implementation 2.0.0/4.0.1 @ https://interop.esante.gouv.fr/ig/fhir/tddui/2.0.0
Build is complete. Copy from /tmp/web-root/run-20250924
Update history page at /tmp/web-root/run-20250924/tddui from /home/runner/work/IG-fhir-medicosocial-transfert-donnees-dui/IG-fhir-medicosocial-transfert-donnees-dui/./IG-website-release/fhir-ig-history-template and ./IG-website-release/templates
