FHIR IG Publisher Version 1.8.22 (Git# 3d9b32f2efa8). Built 2025-03-19T04:54:10.544Z (3 days old)
Detected Java version: 17.0.10 from /opt/hostedtoolcache/Java_Microsoft_jdk/17.0.10/x64 on amd64 (64bit). 3998MB available
dir = /home/runner/work/IG-fhir-annuaire/IG-fhir-annuaire, path = /opt/hostedtoolcache/Ruby/3.3.7/x64/bin:/opt/hostedtoolcache/node/20.19.0/x64/bin:/opt/hostedtoolcache/Java_Microsoft_jdk/17.0.10/x64/bin:/snap/bin:/home/runner/.local/bin:/opt/pipx_bin:/home/runner/.cargo/bin:/home/runner/.config/composer/vendor/bin:/usr/local/.ghcup/bin:/home/runner/.dotnet/tools:/usr/local/sbin:/usr/local/bin:/usr/sbin:/usr/bin:/sbin:/bin:/usr/games:/usr/local/games:/snap/bin
Parameters: -go-publish -source ./igSource -web ./IG-website-release/www/ig/fhir -registry ./IG-website-release/ig-registry/fhir-ig-list.json -history ./IG-website-release/fhir-ig-history-template -templates ./IG-website-release/templates
---------------
Publication Run: publish ./igSource to ./IG-website-release/www/ig/fhir
Relative directory for IG is '/annuaire'
===== Web Publication Run Details ===============================
 Source IG: ans.fhir.fr.annuaire#1.1.0-snapshot-6 : https://interop.esante.gouv.fr/ig/fhir/annuaire (R4) from ./igSource
All checks passed. Do the publication build from /home/runner/work/IG-fhir-annuaire/IG-fhir-annuaire/./igSource and publish to /tmp/web-root/run-20250322/annuaire
Prepare Build space in /tmp/ig-builds/ans.fhir.fr.annuaire#1.1.0-snapshot-6
Build IG at /home/runner/work/IG-fhir-annuaire/IG-fhir-annuaire/./igSource: final copy suitable for publication (in /tmp/ig-builds/ans.fhir.fr.annuaire#1.1.0-snapshot-6)
FHIR IG Publisher Version 1.8.22 (Git# 3d9b32f2efa8). Built 2025-03-19T04:54:10.544Z (3 days old)   
Detected Java version: 17.0.10 from /opt/hostedtoolcache/Java_Microsoft_jdk/17.0.10/x64 on Linux/amd64 (64bit). 3998MB available
dir = /home/runner/work/IG-fhir-annuaire/IG-fhir-annuaire, path = /opt/hostedtoolcache/Ruby/3.3.7/x64/bin:/opt/hostedtoolcache/node/20.19.0/x64/bin:/opt/hostedtoolcache/Java_Microsoft_jdk/17.0.10/x64/bin:/snap/bin:/home/runner/.local/bin:/opt/pipx_bin:/home/runner/.cargo/bin:/home/runner/.config/composer/vendor/bin:/usr/local/.ghcup/bin:/home/runner/.dotnet/tools:/usr/local/sbin:/usr/local/bin:/usr/sbin:/usr/bin:/sbin:/bin:/usr/games:/usr/local/games:/snap/bin
Parameters: -ig /tmp/ig-builds/ans.fhir.fr.annuaire#1.1.0-snapshot-6 -resetTx -publish https://interop.esante.gouv.fr/ig/fhir/annuaire/1.1.0-snapshot-6 -no-exit
Character encoding = UTF-8 / UTF-8                                                                  
Start Clock @ Saturday, March 22, 2025 at 8:00:20 AM Coordinated Universal Time (2025-03-22T08:00:20Z)
                                                                                                    
Build FHIR IG from /tmp/ig-builds/ans.fhir.fr.annuaire#1.1.0-snapshot-6                              (00:00.025 / 00:00.026, 49Mb)
Build Formal Publication package, intended for https://interop.esante.gouv.fr/ig/fhir/annuaire/1.1.0-snapshot-6 (00:00.002 / 00:00.028, 49Mb)
API keys loaded from /home/runner/.fhir/fhir-settings.json                                           (00:00.001 / 00:00.029, 49Mb)
Package Cache: /home/runner/.fhir/packages                                                           (00:00.005 / 00:00.034, 50Mb)
Run Sushi on /tmp/ig-builds/ans.fhir.fr.annuaire#1.1.0-snapshot-6                                    (00:00.002 / 00:00.037, 50Mb)
Sushi: info  Running SUSHI v3.14.0 (implements FHIR Shorthand specification v3.0.0)                  (00:00.745 / 00:00.782, 52Mb)
Sushi: info  Arguments:                                                                              (00:00.000 / 00:00.783, 52Mb)
Sushi: info    --require-latest                                                                      (00:00.000 / 00:00.784, 52Mb)
Sushi: info    --out /tmp/ig-builds/ans.fhir.fr.annuaire#1.1.0-snapshot-6                            (00:00.001 / 00:00.785, 52Mb)
Sushi: info    /tmp/ig-builds/ans.fhir.fr.annuaire#1.1.0-snapshot-6                                  (00:00.000 / 00:00.786, 52Mb)
Sushi: info  Using configuration file: /tmp/ig-builds/ans.fhir.fr.annuaire#1.1.0-snapshot-6/sushi-config.yaml (00:00.713 / 00:01.499, 52Mb)
Sushi: info  Importing FSH text...                                                                   (00:00.097 / 00:01.597, 52Mb)
Sushi: info  Preprocessed 80 documents with 57 aliases.                                              (00:00.315 / 00:01.912, 52Mb)
Sushi: info  Imported 55 definitions and 29 instances.                                               (00:00.046 / 00:01.958, 52Mb)
Sushi: info  Loaded virtual package sushi-r5forR4#1.0.0 with 7 resources                             (00:00.111 / 00:02.070, 52Mb)
Sushi: info  Resolved hl7.fhir.uv.tools.r4#latest to concrete version 0.4.1                          (00:00.772 / 00:02.842, 52Mb)
Sushi: info  Loaded hl7.fhir.uv.tools.r4#0.4.1 with 86 resources                                     (00:00.061 / 00:02.904, 52Mb)
Sushi: info  Resolved hl7.fhir.uv.extensions.r4#latest to concrete version 5.2.0                     (00:00.169 / 00:03.073, 52Mb)
Sushi: info  Loaded hl7.fhir.uv.extensions.r4#5.2.0 with 759 resources                               (00:00.485 / 00:03.559, 52Mb)
Sushi: info  Loaded hl7.fhir.fr.core#2.1.0 with 120 resources                                        (00:00.098 / 00:03.657, 52Mb)
Sushi: info  Loading supplemental version of FHIR to support extensions from hl7.fhir.extensions.r5  (00:00.000 / 00:03.658, 52Mb)
Sushi: info  Loaded hl7.fhir.r5.core#5.0.0 with 2968 resources                                       (00:04.568 / 00:08.227, 52Mb)
Sushi: info  Resolved ans.fr.nos#latest to concrete version 1.5.0                                    (00:00.170 / 00:08.397, 52Mb)
Sushi: info  Loaded ans.fr.nos#1.5.0 with 503 resources                                              (00:00.301 / 00:08.698, 52Mb)
Sushi: info  Loaded hl7.terminology.r4#5.5.0 with 4260 resources                                     (00:02.132 / 00:10.831, 52Mb)
Sushi: info  Loaded hl7.fhir.r4.core#4.0.1 with 4581 resources                                       (00:02.106 / 00:12.938, 52Mb)
Sushi: info  Loaded virtual package sushi-local#LOCAL with 0 resources                               (00:00.003 / 00:12.942, 52Mb)
Sushi: info  Converting FSH to FHIR resources...                                                     (00:00.017 / 00:12.959, 52Mb)
Sushi: info  Converted 49 FHIR StructureDefinitions.                                                 (00:05.683 / 00:18.643, 52Mb)
Sushi: info  Converted 3 FHIR CodeSystems.                                                           (00:00.042 / 00:18.685, 52Mb)
Sushi: info  Converted 3 FHIR ValueSets.                                                             (00:00.047 / 00:18.733, 52Mb)
Sushi: warn  Sliced element PractitionerRole.identifier is being accessed via numeric index. Use slice names in rule paths when possible. (00:01.048 / 00:19.781, 52Mb)
Sushi:   File: /tmp/ig-builds/ans.fhir.fr.annuaire#1.1.0-snapshot-6/input/fsh/examples/DP/PP16DP-PractitionerRole.fsh (00:00.001 / 00:19.782, 52Mb)
Sushi:   Line: 21                                                                                    (00:00.001 / 00:19.783, 52Mb)
Sushi: warn  Sliced element PractitionerRole.identifier is being accessed via numeric index. Use slice names in rule paths when possible. (00:00.001 / 00:19.785, 52Mb)
Sushi:   File: /tmp/ig-builds/ans.fhir.fr.annuaire#1.1.0-snapshot-6/input/fsh/examples/DP/PP16DP-PractitionerRole.fsh (00:00.001 / 00:19.786, 52Mb)
Sushi:   Line: 22                                                                                    (00:00.001 / 00:19.787, 52Mb)
Sushi: warn  Sliced element PractitionerRole.identifier is being accessed via numeric index. Use slice names in rule paths when possible. (00:00.001 / 00:19.788, 52Mb)
Sushi:   File: /tmp/ig-builds/ans.fhir.fr.annuaire#1.1.0-snapshot-6/input/fsh/examples/DP/PP16DP-PractitionerRole.fsh (00:00.001 / 00:19.789, 52Mb)
Sushi:   Line: 23                                                                                    (00:00.001 / 00:19.790, 52Mb)
Sushi: warn  Sliced element PractitionerRole.identifier is being accessed via numeric index. Use slice names in rule paths when possible. (00:00.857 / 00:20.648, 52Mb)
Sushi:   File: /tmp/ig-builds/ans.fhir.fr.annuaire#1.1.0-snapshot-6/input/fsh/examples/DP/PP19DP-PractitionerRole-Lib.fsh (00:00.000 / 00:20.649, 52Mb)
Sushi:   Line: 21                                                                                    (00:00.000 / 00:20.650, 52Mb)
Sushi: warn  Sliced element PractitionerRole.identifier is being accessed via numeric index. Use slice names in rule paths when possible. (00:00.000 / 00:20.651, 52Mb)
Sushi:   File: /tmp/ig-builds/ans.fhir.fr.annuaire#1.1.0-snapshot-6/input/fsh/examples/DP/PP19DP-PractitionerRole-Lib.fsh (00:00.000 / 00:20.651, 52Mb)
Sushi:   Line: 22                                                                                    (00:00.000 / 00:20.652, 52Mb)
Sushi: warn  Sliced element PractitionerRole.identifier is being accessed via numeric index. Use slice names in rule paths when possible. (00:00.000 / 00:20.652, 52Mb)
Sushi:   File: /tmp/ig-builds/ans.fhir.fr.annuaire#1.1.0-snapshot-6/input/fsh/examples/DP/PP19DP-PractitionerRole-Lib.fsh (00:00.000 / 00:20.653, 52Mb)
Sushi:   Line: 23                                                                                    (00:00.000 / 00:20.654, 52Mb)
Sushi: warn  Sliced element PractitionerRole.identifier is being accessed via numeric index. Use slice names in rule paths when possible. (00:00.069 / 00:20.724, 52Mb)
Sushi:   File: /tmp/ig-builds/ans.fhir.fr.annuaire#1.1.0-snapshot-6/input/fsh/examples/DP/PP19DP-PractitionerRole-Sal.fsh (00:00.000 / 00:20.724, 52Mb)
Sushi:   Line: 21                                                                                    (00:00.000 / 00:20.725, 52Mb)
Sushi: warn  Sliced element PractitionerRole.identifier is being accessed via numeric index. Use slice names in rule paths when possible. (00:00.000 / 00:20.726, 52Mb)
Sushi:   File: /tmp/ig-builds/ans.fhir.fr.annuaire#1.1.0-snapshot-6/input/fsh/examples/DP/PP19DP-PractitionerRole-Sal.fsh (00:00.000 / 00:20.726, 52Mb)
Sushi:   Line: 22                                                                                    (00:00.000 / 00:20.727, 52Mb)
Sushi: warn  Sliced element PractitionerRole.identifier is being accessed via numeric index. Use slice names in rule paths when possible. (00:00.000 / 00:20.728, 52Mb)
Sushi:   File: /tmp/ig-builds/ans.fhir.fr.annuaire#1.1.0-snapshot-6/input/fsh/examples/DP/PP19DP-PractitionerRole-Sal.fsh (00:00.000 / 00:20.728, 52Mb)
Sushi:   Line: 23                                                                                    (00:00.000 / 00:20.729, 52Mb)
Sushi: info  Converted 29 FHIR instances.                                                            (00:03.075 / 00:23.805, 52Mb)
Sushi: info  Exporting FHIR resources as JSON...                                                     (00:00.087 / 00:23.892, 52Mb)
Sushi: info  Exported 84 FHIR resources as JSON.                                                     (00:00.208 / 00:24.101, 52Mb)
Sushi: info  Assembling Implementation Guide sources...                                              (00:00.002 / 00:24.103, 52Mb)
Sushi: info  Generated ImplementationGuide-ans.fhir.fr.annuaire.json                                 (00:00.024 / 00:24.127, 52Mb)
Sushi: info  Assembled Implementation Guide sources; ready for IG Publisher.                         (00:00.000 / 00:24.128, 52Mb)
Sushi: ========================= SUSHI RESULTS ===========================                           (00:00.001 / 00:24.129, 52Mb)
Sushi: |  -------------------------------------------------------------  |                           (00:00.000 / 00:24.130, 52Mb)
Sushi: | |    Profiles   |  Extensions  |   Logicals   |   Resources   | |                           (00:00.000 / 00:24.130, 52Mb)
Sushi: | |-------------------------------------------------------------| |                           (00:00.000 / 00:24.131, 52Mb)
Sushi: | |      24       |      25      |      0       |       0       | |                           (00:00.000 / 00:24.131, 52Mb)
Sushi: |  -------------------------------------------------------------  |                           (00:00.000 / 00:24.132, 52Mb)
Sushi: |  -------------------------------------------------------------  |                           (00:00.000 / 00:24.132, 52Mb)
Sushi: | |      ValueSets     |    CodeSystems    |     Instances      | |                           (00:00.000 / 00:24.133, 52Mb)
Sushi: | |-------------------------------------------------------------| |                           (00:00.000 / 00:24.133, 52Mb)
Sushi: | |         3          |         3         |         29         | |                           (00:00.000 / 00:24.134, 52Mb)
Sushi: |  -------------------------------------------------------------  |                           (00:00.000 / 00:24.135, 52Mb)
Sushi: |                                                                 |                           (00:00.000 / 00:24.135, 52Mb)
Sushi: ===================================================================                           (00:00.000 / 00:24.136, 52Mb)
Sushi: | Whale, whale, what happened here?      0 Errors      9 Warnings |                           (00:00.000 / 00:24.136, 52Mb)
Sushi: ===================================================================                           (00:00.000 / 00:24.137, 52Mb)
Unable to load IG as an r5 IG - try R4 (property code is a class com.google.gson.JsonPrimitive looking for an object) (00:00.468 / 00:24.606, 66Mb)
Load Template from ans.fr.template#0.2.0                                                             (00:00.458 / 00:25.064, 80Mb)
 Load Template from fhir.base.template#0.8.1                                                         (00:00.235 / 00:25.299, 34Mb)
Root directory: /tmp/ig-builds/ans.fhir.fr.annuaire#1.1.0-snapshot-6                                 (00:02.413 / 00:27.713, 109Mb)
Terminology Cache is at /tmp/ig-builds/ans.fhir.fr.annuaire#1.1.0-snapshot-6/input-cache/txcache. Clearing now (00:00.933 / 00:28.647, 100Mb)
Core Package hl7.fhir.r4.core#4.0.1
Running Terminology Log: /tmp/ohfu-fhir-ig-2496521991191113980.log
Connect to Terminology Server at http://tx.fhir.org                                                  (00:03.209 / 00:31.856, 441Mb)
Load Package hl7.fhir.pubpack#0.2.1
Load Package hl7.fhir.xver-extensions#0.1.0
Load Package hl7.fhir.uv.extensions.r4#5.2.0
Load Package hl7.terminology.r4#6.0.2
Load Package hl7.fhir.uv.extensions.r4#5.1.0
Load Package ans.fr.nos#1.3.0
Load Package hl7.fhir.fr.core#2.1.0
Load Package hl7.terminology.r4#6.2.0
Load Package ans.fr.nos#1.5.0
Load Package hl7.terminology.r4#5.5.0
Load Package hl7.fhir.uv.tools.r4#0.4.1
Load R5 Specials
Initialization complete                                                                              (00:09.176 / 00:41.033, 1Gb)
Load Content                                                                                         (00:00.001 / 00:41.035, 1Gb)
Using fr_FR as the default narrative language. (inferred from ImplementationGuide.jurisdiction=FR)   (00:00.096 / 00:41.132, 1Gb)
Process Loaded Resources                                                                             (00:05.494 / 00:46.626, 428Mb)
Generating Snapshots                                                                                 (00:02.325 / 00:48.952, 550Mb)
Can't find ContactPoint profile https://interop.esante.gouv.fr/ig/fhir/annuaire/StructureDefinition/as-mailbox-mss but trying to go on
Can't find ContactPoint profile https://interop.esante.gouv.fr/ig/fhir/annuaire/StructureDefinition/as-mailbox-mss but trying to go on
Can't find ContactPoint profile https://interop.esante.gouv.fr/ig/fhir/annuaire/StructureDefinition/as-mailbox-mss but trying to go on
loadPrePages from FetchedFile[/tmp/ig-builds/ans.fhir.fr.annuaire#1.1.0-snapshot-6/fsh-generated/includes] as /tmp/ig-builds/ans.fhir.fr.annuaire#1.1.0-snapshot-6/fsh-generated/includes
loadPrePages from FetchedFile[/tmp/ig-builds/ans.fhir.fr.annuaire#1.1.0-snapshot-6/input/data] as /tmp/ig-builds/ans.fhir.fr.annuaire#1.1.0-snapshot-6/input/data
loadPrePages from FetchedFile[/tmp/ig-builds/ans.fhir.fr.annuaire#1.1.0-snapshot-6/input/pagecontent] as /tmp/ig-builds/ans.fhir.fr.annuaire#1.1.0-snapshot-6/input/pagecontent
Fetch https://interop.esante.gouv.fr/ig/fhir/annuaire/package-list.json for version check            (00:02.733 / 00:51.685, 1Gb)
Processing Conformance Resources                                                                     (00:00.805 / 00:52.490, 1Gb)
Checking Language                                                                                    (00:00.000 / 00:52.491, 1Gb)
Load Dependency Info                                                                                 (00:00.002 / 00:52.493, 1Gb)
Load Info                                                                                            (00:00.001 / 00:52.495, 1Gb)
Load Paths                                                                                           (00:00.001 / 00:52.496, 1Gb)
Check R4 / R4B                                                                                       (00:00.000 / 00:52.497, 1Gb)
Assign Comparison Ids                                                                                (00:00.012 / 00:52.509, 1Gb)
Propagating status                                                                                   (00:00.000 / 00:52.510, 1Gb)
Generating Narratives                                                                                (00:00.000 / 00:52.511, 1Gb)
Validating Conformance Resources                                                                     (00:04.993 / 00:57.505, 795Mb)
Check profiles & code systems                                                                        (00:44.251 / 01:41.756, 1Gb)
Check realm rules                                                                                    (00:00.008 / 01:41.765, 1Gb)
Previous Version Comparison                                                                          (00:00.000 / 01:41.766, 1Gb)
Validating Resources                                                                                 (00:10.779 / 01:52.545, 1Gb)
Processing Provenance Records                                                                        (00:07.224 / 01:59.770, 1Gb)
Generating Outputs in /tmp/ig-builds/ans.fhir.fr.annuaire#1.1.0-snapshot-6/output                    (00:00.001 / 01:59.771, 1Gb)
Generate Native Outputs                                                                              (00:00.129 / 01:59.900, 1Gb)
Run Template                                                                                         (00:10.487 / 02:10.387, 1Gb)
Generate HTML Outputs                                                                                (00:02.339 / 02:12.727, 1Gb)
Generate Spreadsheets                                                                                (00:21.441 / 02:34.169, 1Gb)
Generate Summaries                                                                                   (00:09.127 / 02:43.296, 1Gb)
Generating Summary Outputs                                                                           (00:00.000 / 02:43.297, 1Gb)
DB Cumulative Time invested: 00:00:00.369
Sending Usage Stats to Server                                                                        (00:12.045 / 02:55.343, 1Gb)
## Memory (MB): Use = 2004, Free = 501, Total = 2506, Max = 3998                                     (00:00.005 / 02:55.349, 1Gb)
Reclaiming memory...                                                                                 (00:00.000 / 02:55.350, 1Gb)
## Memory (MB): Use = 1536, Free = 1033, Total = 2570, Max = 3998                                    (00:01.086 / 02:56.436, 1Gb)
Run jekyll: jekyll build --destination "/tmp/ig-builds/ans.fhir.fr.annuaire#1.1.0-snapshot-6/output" (in folder /tmp/ig-builds/ans.fhir.fr.annuaire#1.1.0-snapshot-6/temp/pages) (00:00.002 / 02:56.438, 1Gb)
Troubleshooting Note: usual cases for Jekyll to fail are:                                            (00:00.001 / 02:56.439, 1Gb)
* A failure to produce a fragment that is already logged in the output above                         (00:00.000 / 02:56.440, 1Gb)
* A reference to a manually edited file that hasn't been provided                                    (00:00.000 / 02:56.441, 1Gb)
Jekyll: Source: /tmp/ig-builds/ans.fhir.fr.annuaire#1.1.0-snapshot-6/temp/pages                      (00:00.643 / 02:57.085, 1Gb)
Jekyll: Generating...                                                                                (00:00.000 / 02:57.085, 1Gb)
Jekyll: done in 3.566 seconds.                                                                       (00:03.565 / 03:00.651, 1Gb)

Installing ans.fhir.fr.annuaire#1.1.0-snapshot-6
 done.
Checking Output HTML                                                                                 (00:04.931 / 03:05.583, 2Gb)
found 1782 files                                                                                     (00:00.007 / 03:05.590, 2Gb)
........................................
........................................
  ... 1782 html files, 0 pages invalid xhtml (0%)                                                    (00:26.767 / 03:32.357, 1Gb)
  ... 809365 links, 0 broken links (0%)                                                              (00:00.000 / 03:32.358, 1Gb)
Generate fragment-usage-analysis.csv                                                                 (00:00.000 / 03:32.359, 1Gb)
Build final .zip                                                                                     (00:00.005 / 03:32.364, 1Gb)
Final .zip built                                                                                     (00:04.280 / 03:36.644, 1Gb)
Built. Times: loading: 00:11.454, generate: 02:49.174, narrative generation: 00:04.993, realm-rules: 00:00.000, previous-version: 00:10.729, jekyll: 00:04.252, validation: 00:50.986 (#85), template: 00:02.339 (#3) (00:05.033 / 03:41.678, 1Gb)
Generating QA                                                                                        (00:00.001 / 03:41.679, 1Gb)
Validation output in /tmp/ig-builds/ans.fhir.fr.annuaire#1.1.0-snapshot-6/output/qa.html
Errors: 14, Warnings: 297, Info: 84, Broken Links: 0 (00:08.184 / 03:49.864, 1Gb)
Finished. Max Memory Used = 2Gb. Log file saved in /tmp/fhir-ig-publisher-tmp.log                    (00:00.018 / 03:49.882, 1Gb)
Keep a copy of the build directory at /tmp/web-root/run-20250322/ig-build-zips/ans.fhir.fr.annuaire#1.1.0-snapshot-6.zip

ok. All checks passed. Publish v1.1.0-snapshot-6 to /tmp/web-root/run-20250322/annuaire/1.1.0-snapshot-6
Copy the IG to /tmp/web-root/run-20250322/annuaire/1.1.0-snapshot-6
Update /tmp/web-root/run-20250322/annuaire/package-list.json
Publish Box Statement: This page is part of the Guide d'implémentation FHIR - Annuaire de santé (v1.1.0-snapshot-6: QA Preview) based on <a no-external="true" href="http://hl7.org/fhir/R4">FHIR (HL7® FHIR® Standard) R4</a>. This version is a pre-release. The current official version is <a no-external="true" href="https://interop.esante.gouv.fr/ig/fhir/annuaire{{fn}}">1.0.1</a>.  For a full list of available versions, see the <a no-external="true" href="https://interop.esante.gouv.fr/ig/fhir/annuaire/history.html">Directory of published versions</a>
  .. 612 files checked, 612 updated
  .. 293 clones checked, 586 updated
  .. 85 redirections (85 created/updated)
ans.fhir.fr.annuaire (https://interop.esante.gouv.fr/ig/fhir/annuaire): Guide d'implémentation FHIR - Annuaire de santé @ https://ansforge.github.io/IG-fhir-annuaire/ig/main
  candidate: final-text Preview 1.1.0-snapshot-6/4.0.1 @ https://interop.esante.gouv.fr/ig/fhir/annuaire/1.1.0-snapshot-6
Build is complete. Copy from /tmp/web-root/run-20250322
Update history page at /tmp/web-root/run-20250322/annuaire from /home/runner/work/IG-fhir-annuaire/IG-fhir-annuaire/./IG-website-release/fhir-ig-history-template and ./IG-website-release/templates
