FHIR IG Publisher Version 1.6.6 (Git# d1dac76a7c14). Built 2024-04-23T09:27:48.515Z (6 days old)
Detected Java version: 17.0.10 from /opt/hostedtoolcache/Java_Microsoft_jdk/17.0.10/x64 on amd64 (64bit). 3996MB available
dir = /home/runner/work/IG-fhir-gestion-agendas-partages/IG-fhir-gestion-agendas-partages, path = /opt/hostedtoolcache/Ruby/3.3.1/x64/bin:/usr/share/dotnet:/opt/hostedtoolcache/node/20.12.2/x64/bin:/opt/hostedtoolcache/Java_Microsoft_jdk/17.0.10/x64/bin:/snap/bin:/home/runner/.local/bin:/opt/pipx_bin:/home/runner/.cargo/bin:/home/runner/.config/composer/vendor/bin:/usr/local/.ghcup/bin:/home/runner/.dotnet/tools:/usr/local/sbin:/usr/local/bin:/usr/sbin:/usr/bin:/sbin:/bin:/usr/games:/usr/local/games:/snap/bin
Parameters: -go-publish -source ./igSource -web ./IG-website-release/www/ig/fhir -registry ./IG-website-release/ig-registry/fhir-ig-list.json -history ./IG-website-release/fhir-ig-history-template -templates ./IG-website-release/templates
---------------
Publication Run: publish ./igSource to ./IG-website-release/www/ig/fhir
Run Number: 36
Relative directory for IG is '/gap'
===== Web Publication Run Details ===============================
 Source IG: ans.fhir.fr.gap#3.0.0 : https://interop.esante.gouv.fr/ig/fhir/gap (R4) from ./igSource
All checks passed. Do the publication build from /home/runner/work/IG-fhir-gestion-agendas-partages/IG-fhir-gestion-agendas-partages/./igSource and publish to /tmp/web-root/run-20240429/gap
Prepare Build space in /tmp/ans.fhir.fr.gap#3.0.0
Build IG at /home/runner/work/IG-fhir-gestion-agendas-partages/IG-fhir-gestion-agendas-partages/./igSource: final copy suitable for publication (in /tmp/ans.fhir.fr.gap#3.0.0)
FHIR IG Publisher Version 1.6.6 (Git# d1dac76a7c14). Built 2024-04-23T09:27:48.515Z (6 days old)    
Detected Java version: 17.0.10 from /opt/hostedtoolcache/Java_Microsoft_jdk/17.0.10/x64 on Linux/amd64 (64bit). 3996MB available
dir = /home/runner/work/IG-fhir-gestion-agendas-partages/IG-fhir-gestion-agendas-partages, path = /opt/hostedtoolcache/Ruby/3.3.1/x64/bin:/usr/share/dotnet:/opt/hostedtoolcache/node/20.12.2/x64/bin:/opt/hostedtoolcache/Java_Microsoft_jdk/17.0.10/x64/bin:/snap/bin:/home/runner/.local/bin:/opt/pipx_bin:/home/runner/.cargo/bin:/home/runner/.config/composer/vendor/bin:/usr/local/.ghcup/bin:/home/runner/.dotnet/tools:/usr/local/sbin:/usr/local/bin:/usr/sbin:/usr/bin:/sbin:/bin:/usr/games:/usr/local/games:/snap/bin
Parameters: -ig /tmp/ans.fhir.fr.gap#3.0.0 -resetTx -publish https://interop.esante.gouv.fr/ig/fhir/gap/3.0.0 -no-exit
Start Clock @ Monday, April 29, 2024 at 12:51:36 PM Coordinated Universal Time (2024-04-29T12:51:36Z)
                                                                                                    
Build FHIR IG from /tmp/ans.fhir.fr.gap#3.0.0                                                        (00:00.017 / 00:00.018, 40Mb)
Build Formal Publication package, intended for https://interop.esante.gouv.fr/ig/fhir/gap/3.0.0      (00:00.003 / 00:00.021, 40Mb)
API keys loaded from /home/runner/.fhir/fhir-settings.json                                           (00:00.001 / 00:00.022, 40Mb)
Package Cache: /home/runner/.fhir/packages                                                           (00:00.003 / 00:00.026, 40Mb)
Run Sushi on /tmp/ans.fhir.fr.gap#3.0.0                                                              (00:00.002 / 00:00.029, 40Mb)
Sushi: info  Running SUSHI v3.9.0 (implements FHIR Shorthand specification v3.0.0-ballot)            (00:00.369 / 00:00.399, 43Mb)
Sushi: info  Arguments:                                                                              (00:00.001 / 00:00.400, 43Mb)
Sushi: info    --require-latest                                                                      (00:00.001 / 00:00.401, 43Mb)
Sushi: info    --out /tmp/ans.fhir.fr.gap#3.0.0                                                      (00:00.001 / 00:00.402, 43Mb)
Sushi: info    /tmp/ans.fhir.fr.gap#3.0.0                                                            (00:00.001 / 00:00.403, 43Mb)
Sushi: info  Using configuration file: /tmp/ans.fhir.fr.gap#3.0.0/sushi-config.yaml                  (00:00.383 / 00:00.787, 43Mb)
Sushi: info  Importing FSH text...                                                                   (00:00.120 / 00:00.907, 43Mb)
Sushi: info  Preprocessed 23 documents with 12 aliases.                                              (00:00.224 / 00:01.132, 43Mb)
Sushi: info  Imported 5 definitions and 17 instances.                                                (00:00.017 / 00:01.149, 43Mb)
Sushi: info  Checking /home/runner/.fhir/packages for hl7.fhir.uv.tools#current...                   (00:00.001 / 00:01.151, 43Mb)
Sushi: info  Found hl7.fhir.uv.tools#current in /home/runner/.fhir/packages.                         (00:00.039 / 00:01.191, 43Mb)
Sushi: info  Loaded package hl7.fhir.uv.tools#current                                                (00:00.358 / 00:01.549, 43Mb)
Sushi: info  Checking /home/runner/.fhir/packages for hl7.terminology.r4#5.5.0...                    (00:00.606 / 00:02.155, 43Mb)
Sushi: info  Found hl7.terminology.r4#5.5.0 in /home/runner/.fhir/packages.                          (00:00.500 / 00:02.656, 43Mb)
Sushi: info  Loaded package hl7.terminology.r4#5.5.0                                                 (00:00.001 / 00:02.657, 43Mb)
Sushi: info  Checking /home/runner/.fhir/packages for hl7.fhir.uv.extensions.r4#1.0.0...             (00:00.104 / 00:02.762, 43Mb)
Sushi: info  Found hl7.fhir.uv.extensions.r4#1.0.0 in /home/runner/.fhir/packages.                   (00:00.511 / 00:03.274, 43Mb)
Sushi: info  Loaded package hl7.fhir.uv.extensions.r4#1.0.0                                          (00:00.001 / 00:03.275, 43Mb)
Sushi: info  Checking /home/runner/.fhir/packages for ans.fhir.fr.annuaire#1.0.1...                  (00:00.000 / 00:03.276, 43Mb)
Sushi: info  Found ans.fhir.fr.annuaire#1.0.1 in /home/runner/.fhir/packages.                        (00:00.455 / 00:03.731, 43Mb)
Sushi: info  Loaded package ans.fhir.fr.annuaire#1.0.1                                               (00:00.001 / 00:03.733, 43Mb)
Sushi: info  Checking /home/runner/.fhir/packages for hl7.fhir.fr.core#2.0.1...                      (00:00.001 / 00:03.734, 43Mb)
Sushi: info  Found hl7.fhir.fr.core#2.0.1 in /home/runner/.fhir/packages.                            (00:00.527 / 00:04.261, 43Mb)
Sushi: info  Loaded package hl7.fhir.fr.core#2.0.1                                                   (00:00.001 / 00:04.262, 43Mb)
Sushi: info  Checking /home/runner/.fhir/packages for ans.fr.nos#1.1.0...                            (00:00.001 / 00:04.264, 43Mb)
Sushi: info  Found ans.fr.nos#1.1.0 in /home/runner/.fhir/packages.                                  (00:00.691 / 00:04.955, 43Mb)
Sushi: info  Loaded package ans.fr.nos#1.1.0                                                         (00:00.001 / 00:04.956, 43Mb)
Sushi: info  Checking /home/runner/.fhir/packages for hl7.fhir.r4.core#4.0.1...                      (00:00.001 / 00:04.957, 43Mb)
Sushi: info  Found hl7.fhir.r4.core#4.0.1 in /home/runner/.fhir/packages.                            (00:01.342 / 00:06.300, 43Mb)
Sushi: info  Loaded package hl7.fhir.r4.core#4.0.1                                                   (00:00.001 / 00:06.302, 43Mb)
Sushi: info  Converting FSH to FHIR resources...                                                     (00:00.037 / 00:06.339, 43Mb)
Sushi: info  Converted 5 FHIR StructureDefinitions.                                                  (00:00.561 / 00:06.900, 43Mb)
Sushi: info  Converted 17 FHIR instances.                                                            (00:00.702 / 00:07.603, 43Mb)
Sushi: info  Exporting FHIR resources as JSON...                                                     (00:00.001 / 00:07.605, 43Mb)
Sushi: info  Exported 20 FHIR resources as JSON.                                                     (00:00.058 / 00:07.663, 43Mb)
Sushi: info  Assembling Implementation Guide sources...                                              (00:00.001 / 00:07.665, 43Mb)
Sushi: info  Generated ImplementationGuide-ans.fhir.fr.gap.json                                      (00:00.025 / 00:07.690, 43Mb)
Sushi: info  Assembled Implementation Guide sources; ready for IG Publisher.                         (00:00.001 / 00:07.692, 43Mb)
Sushi: ========================= SUSHI RESULTS ===========================                           (00:00.000 / 00:07.693, 43Mb)
Sushi: |  -------------------------------------------------------------  |                           (00:00.000 / 00:07.693, 43Mb)
Sushi: | |    Profiles   |  Extensions  |   Logicals   |   Resources   | |                           (00:00.000 / 00:07.694, 43Mb)
Sushi: | |-------------------------------------------------------------| |                           (00:00.000 / 00:07.695, 43Mb)
Sushi: | |       5       |      0       |      0       |       0       | |                           (00:00.000 / 00:07.696, 43Mb)
Sushi: |  -------------------------------------------------------------  |                           (00:00.001 / 00:07.697, 43Mb)
Sushi: |  -------------------------------------------------------------  |                           (00:00.000 / 00:07.698, 43Mb)
Sushi: | |      ValueSets     |    CodeSystems    |     Instances      | |                           (00:00.001 / 00:07.699, 43Mb)
Sushi: | |-------------------------------------------------------------| |                           (00:00.001 / 00:07.700, 43Mb)
Sushi: | |         0          |         0         |         17         | |                           (00:00.000 / 00:07.701, 43Mb)
Sushi: |  -------------------------------------------------------------  |                           (00:00.000 / 00:07.702, 43Mb)
Sushi: |                                                                 |                           (00:00.000 / 00:07.703, 43Mb)
Sushi: ===================================================================                           (00:00.000 / 00:07.704, 43Mb)
Sushi: | You earned a PhD in Ichthyology!       0 Errors      0 Warnings |                           (00:00.001 / 00:07.705, 43Mb)
Sushi: ===================================================================                           (00:00.001 / 00:07.706, 43Mb)
Unable to load IG as an r5 IG - try R4 (property code is a class com.google.gson.JsonPrimitive looking for an object) (00:00.441 / 00:08.148, 57Mb)
Load Template from https://github.com/ansforge/IG-template                                           (00:00.367 / 00:08.516, 72Mb)

onLoad.findSpreadsheets:

onLoad.updateIg:
     [xslt] Processing /tmp/ans.fhir.fr.gap#3.0.0/template/onLoad-ig-working.xml to /tmp/ans.fhir.fr.gap#3.0.0/template/onLoad-ig-updated.xml
     [xslt] Loading stylesheet /tmp/ans.fhir.fr.gap#3.0.0/template/scripts/onLoad.xslt

onLoad.extend:

onLoad:
Root directory: /tmp/ans.fhir.fr.gap#3.0.0                                                           (00:03.119 / 00:11.635, 96Mb)
Terminology Cache is at /tmp/ans.fhir.fr.gap#3.0.0/input-cache/txcache. Clearing now                 (00:00.489 / 00:12.124, 86Mb)
Core Package hl7.fhir.r4.core#4.0.1
Unable to generate snapshot @2 for Definition from noname because Profile Definition (http://hl7.org/fhir/StructureDefinition/Definition) has no base and no snapshot
Unable to generate snapshot @2 for Event from noname because Profile Event (http://hl7.org/fhir/StructureDefinition/Event) has no base and no snapshot
Unable to generate snapshot @2 for FiveWs from noname because Profile FiveWs (http://hl7.org/fhir/StructureDefinition/FiveWs) has no base and no snapshot
Unable to generate snapshot @2 for Request from noname because Profile Request (http://hl7.org/fhir/StructureDefinition/Request) has no base and no snapshot
Running Terminology Log: /tmp/ohfu-fhir-ig-7626319217883697303.log
Connect to Terminology Server at http://tx.fhir.org                                                  (00:03.987 / 00:16.111, 184Mb)
Load Package hl7.fhir.pubpack#0.1.7
Load Package hl7.fhir.xver-extensions#0.1.0
Load Package hl7.terminology.r4#5.5.0
Load Package hl7.fhir.uv.extensions.r4#1.0.0
Load Package hl7.terminology.r4#5.3.0
Load Package ans.fr.nos#1.2.0
Load Package hl7.fhir.fr.core#2.0.1
Load Package ans.fhir.fr.annuaire#1.0.1
Load Package hl7.fhir.fr.core#2.0.1
Load Package ans.fr.nos#1.1.0
Version mismatch. This IG is version 4.0.1, while the IG 'hl7.fhir.uv.tools' is from version 5.0.0 (will try to run anyway) (00:05.537 / 00:21.648, 369Mb)
Load Package hl7.fhir.uv.tools#0.1.0
Load R5 Specials
Unable to generate snapshot @2 for Definition from noname because Profile Definition (http://hl7.org/fhir/StructureDefinition/Definition) has no base and no snapshot
Unable to generate snapshot @2 for Event from noname because Profile Event (http://hl7.org/fhir/StructureDefinition/Event) has no base and no snapshot
Unable to generate snapshot @2 for FiveWs from noname because Profile FiveWs (http://hl7.org/fhir/StructureDefinition/FiveWs) has no base and no snapshot
Unable to generate snapshot @2 for Request from noname because Profile Request (http://hl7.org/fhir/StructureDefinition/Request) has no base and no snapshot
Initialization complete                                                                              (00:00.543 / 00:22.192, 626Mb)
Fetch https://interop.esante.gouv.fr/ig/fhir/gap/package-list.json for version check                 (00:00.001 / 00:22.194, 626Mb)
Load Content                                                                                         (00:00.614 / 00:22.808, 627Mb)
loadPrePages from FetchedFile[/tmp/ans.fhir.fr.gap#3.0.0/fsh-generated/includes] as /tmp/ans.fhir.fr.gap#3.0.0/fsh-generated/includes
loadPrePages from FetchedFile[/tmp/ans.fhir.fr.gap#3.0.0/input/data] as /tmp/ans.fhir.fr.gap#3.0.0/input/data
loadPrePages from FetchedFile[/tmp/ans.fhir.fr.gap#3.0.0/input/pagecontent] as /tmp/ans.fhir.fr.gap#3.0.0/input/pagecontent
Processing Conformance Resources                                                                     (00:00.650 / 00:23.459, 666Mb)
Load Dependency Info                                                                                 (00:00.002 / 00:23.461, 666Mb)
Load Info                                                                                            (00:00.001 / 00:23.463, 666Mb)
Load Resources                                                                                       (00:00.001 / 00:23.464, 667Mb)
Load Paths                                                                                           (00:00.398 / 00:23.863, 701Mb)
Generating Snapshots                                                                                 (00:00.000 / 00:23.864, 701Mb)
Check R4 / R4B                                                                                       (00:00.988 / 00:24.853, 643Mb)
Assign Comparison Ids                                                                                (00:00.011 / 00:24.864, 645Mb)
Propagating status                                                                                   (00:00.000 / 00:24.865, 645Mb)
Generating Narratives                                                                                (00:00.000 / 00:24.866, 645Mb)
Validating Conformance Resources                                                                     (00:01.787 / 00:26.653, 900Mb)
Unable to generate snapshot @2 for Definition from noname because Profile Definition (http://hl7.org/fhir/StructureDefinition/Definition) has no base and no snapshot
Unable to generate snapshot @2 for Event from noname because Profile Event (http://hl7.org/fhir/StructureDefinition/Event) has no base and no snapshot
Unable to generate snapshot @2 for FiveWs from noname because Profile FiveWs (http://hl7.org/fhir/StructureDefinition/FiveWs) has no base and no snapshot
Unable to generate snapshot @2 for Request from noname because Profile Request (http://hl7.org/fhir/StructureDefinition/Request) has no base and no snapshot
Check profiles & code systems                                                                        (00:09.910 / 00:36.564, 1Gb)
Check realm rules                                                                                    (00:00.003 / 00:36.567, 1Gb)
Previous Version Comparison                                                                          (00:00.001 / 00:36.568, 1Gb)
Installing ans.fhir.fr.gap#3.0.0-ballot to the package cache
  Fetching:
2024-04-29 12:52:13.598 [main] INFO  o.h.f.u.npm.BasePackageCacheManager [BasePackageCacheManager.java:88] Failed to resolve package ans.fhir.fr.gap#3.0.0-ballot from server: https://packages.fhir.org (Not Found)
2024-04-29 12:52:13.701 [main] INFO  o.h.f.u.npm.BasePackageCacheManager [BasePackageCacheManager.java:88] Failed to resolve package ans.fhir.fr.gap#3.0.0-ballot from server: https://packages2.fhir.org/packages (Not found)
Error fetching https://packages.fhir.org/ans.fhir.fr.gap: Not Found
2024-04-29 12:52:14.160 [main] INFO  o.h.f.u.npm.BasePackageCacheManager [BasePackageCacheManager.java:88] Failed to resolve package ans.fhir.fr.gap#3.0.x from server: https://packages.fhir.org (Package not found: ans.fhir.fr.gap)
2024-04-29 12:52:14.690 [main] INFO  o.h.f.u.npm.BasePackageCacheManager [BasePackageCacheManager.java:88] Failed to resolve package ans.fhir.fr.gap#3.0.x from server: https://packages2.fhir.org/packages (Package not found: ans.fhir.fr.gap)
org.hl7.fhir.exceptions.FHIRException: Unable to resolve package id ans.fhir.fr.gap#3.0.0-ballot
	at org.hl7.fhir.utilities.npm.FilesystemPackageCacheManager.fetchTheOldWay(FilesystemPackageCacheManager.java:859)
	at org.hl7.fhir.utilities.npm.FilesystemPackageCacheManager.loadFromPackageServer(FilesystemPackageCacheManager.java:341)
	at org.hl7.fhir.utilities.npm.FilesystemPackageCacheManager.loadPackage(FilesystemPackageCacheManager.java:647)
	at org.hl7.fhir.igtools.publisher.comparators.PreviousVersionComparator.startChecks(PreviousVersionComparator.java:192)
	at org.hl7.fhir.igtools.publisher.Publisher.checkConformanceResources(Publisher.java:5645)
	at org.hl7.fhir.igtools.publisher.Publisher.loadConformance(Publisher.java:5487)
	at org.hl7.fhir.igtools.publisher.Publisher.createIg(Publisher.java:1149)
	at org.hl7.fhir.igtools.publisher.Publisher.execute(Publisher.java:994)
	at org.hl7.fhir.igtools.publisher.Publisher.main(Publisher.java:12543)
	at org.hl7.fhir.igtools.web.PublicationProcess.runBuild(PublicationProcess.java:899)
	at org.hl7.fhir.igtools.web.PublicationProcess.doPublish(PublicationProcess.java:476)
	at org.hl7.fhir.igtools.web.PublicationProcess.publishInner2(PublicationProcess.java:393)
	at org.hl7.fhir.igtools.web.PublicationProcess.publishInner(PublicationProcess.java:231)
	at org.hl7.fhir.igtools.web.PublicationProcess.publish(PublicationProcess.java:123)
	at org.hl7.fhir.igtools.publisher.Publisher.main(Publisher.java:12297)
Validating Resources                                                                                 (00:02.284 / 00:38.853, 1Gb)
Processing Provenance Records                                                                        (00:00.196 / 00:39.050, 1Gb)
Generating Outputs in /tmp/ans.fhir.fr.gap#3.0.0/output                                              (00:00.001 / 00:39.051, 1Gb)
Generate Native Outputs                                                                              (00:00.065 / 00:39.116, 1Gb)
Run Template                                                                                         (00:04.295 / 00:43.412, 853Mb)

onGenerate.checkVersions:
     [xslt] Processing /tmp/ans.fhir.fr.gap#3.0.0/template/onGenerate-ig-working.xml to /tmp/ans.fhir.fr.gap#3.0.0/template/versions.txt
     [xslt] Loading stylesheet /tmp/ans.fhir.fr.gap#3.0.0/template/scripts/onGenerate.getVersions.xslt

onGenerate.r5-schemas:
      [get] Getting: http://build.fhir.org/fhir-single.xsd
      [get] To: /tmp/ans.fhir.fr.gap#3.0.0/input-cache/schemas/R5/fhir-single.xsd
      [get] Not modified - so not downloaded
      [get] Getting: http://build.fhir.org/fhir-xhtml.xsd
      [get] To: /tmp/ans.fhir.fr.gap#3.0.0/input-cache/schemas/R5/fhir-xhtml.xsd
      [get] Not modified - so not downloaded
      [get] Getting: http://build.fhir.org/xml.xsd
      [get] To: /tmp/ans.fhir.fr.gap#3.0.0/input-cache/schemas/R5/xml.xsd
      [get] Not modified - so not downloaded
      [get] Getting: http://build.fhir.org/xmldsig-core-schema.xsd
      [get] To: /tmp/ans.fhir.fr.gap#3.0.0/input-cache/schemas/R5/xmldsig-core-schema.xsd
      [get] Not modified - so not downloaded

onGenerate.r4-schemas:
      [get] Getting: http://hl7.org/fhir/R4/fhir-single.xsd
      [get] To: /tmp/ans.fhir.fr.gap#3.0.0/input-cache/schemas/R4/fhir-single.xsd
      [get] Not modified - so not downloaded
      [get] Getting: http://hl7.org/fhir/R4/fhir-xhtml.xsd
      [get] To: /tmp/ans.fhir.fr.gap#3.0.0/input-cache/schemas/R4/fhir-xhtml.xsd
      [get] Not modified - so not downloaded
      [get] Getting: http://hl7.org/fhir/R4/xml.xsd
      [get] To: /tmp/ans.fhir.fr.gap#3.0.0/input-cache/schemas/R4/xml.xsd
      [get] Not modified - so not downloaded
      [get] Getting: http://hl7.org/fhir/R4/xmldsig-core-schema.xsd
      [get] To: /tmp/ans.fhir.fr.gap#3.0.0/input-cache/schemas/R4/xmldsig-core-schema.xsd
      [get] Not modified - so not downloaded

onGenerate.r3-schemas:

onGenerate.r2b-schemas:

onGenerate.r2-schemas:

onGenerate.schemas:

onGenerate.data:
     [xslt] Processing /tmp/ans.fhir.fr.gap#3.0.0/template/onGenerate-ig-working.xml to /tmp/ans.fhir.fr.gap#3.0.0/temp/pages/_data/artifacts.json
     [xslt] Loading stylesheet /tmp/ans.fhir.fr.gap#3.0.0/template/scripts/onGenerate.data.xslt

onGenerate.setup:

onGenerate.infoFile:
     [xslt] Processing /tmp/ans.fhir.fr.gap#3.0.0/template/onGenerate-ig-working.xml to /tmp/ans.fhir.fr.gap#3.0.0/temp/pages/_data/info.json
     [xslt] Loading stylesheet /tmp/ans.fhir.fr.gap#3.0.0/template/scripts/onGenerate.genJson.xslt

onGenerate.processIncludes:
     [copy] Copying 17 files to /tmp/ans.fhir.fr.gap#3.0.0/temp/pages/_includes

onGenerate.processIg:
     [xslt] Processing /tmp/ans.fhir.fr.gap#3.0.0/template/onGenerate-ig-working.xml to /tmp/ans.fhir.fr.gap#3.0.0/template/onGenerate-ig-working.1.xml
     [xslt] Loading stylesheet /tmp/ans.fhir.fr.gap#3.0.0/template/scripts/onGenerate.group.xslt
     [xslt] Processing /tmp/ans.fhir.fr.gap#3.0.0/template/onGenerate-ig-working.1.xml to /tmp/ans.fhir.fr.gap#3.0.0/template/onGenerate-ig-working.2.xml
     [xslt] Loading stylesheet /tmp/ans.fhir.fr.gap#3.0.0/template/scripts/onGenerate.groupSort.xslt
     [xslt] Processing /tmp/ans.fhir.fr.gap#3.0.0/template/onGenerate-ig-working.2.xml to /tmp/ans.fhir.fr.gap#3.0.0/template/onGenerate-ig-updated.xml
     [xslt] Loading stylesheet /tmp/ans.fhir.fr.gap#3.0.0/template/scripts/onGenerate.final.xslt

onGenerate.igQa:
     [xslt] Processing /tmp/ans.fhir.fr.gap#3.0.0/template/onGenerate-ig-updated.xml to /tmp/ans.fhir.fr.gap#3.0.0/template/ongenerate-validation-igqa.json
     [xslt] Loading stylesheet /tmp/ans.fhir.fr.gap#3.0.0/template/scripts/onGenerate.qa.xslt

onGenerate.artifactList:
     [xslt] Processing /tmp/ans.fhir.fr.gap#3.0.0/template/onGenerate-ig-updated.xml to /tmp/ans.fhir.fr.gap#3.0.0/temp/pages/_includes/artifacts.xml
     [xslt] Loading stylesheet /tmp/ans.fhir.fr.gap#3.0.0/template/scripts/createArtifactSummary.xslt

check-plantumlfiles:

onGenerate.plantUml.ig:

onGenerate.plantUml.template:

onGenerate.plantUml:

onGenerate.copyDataFiles:
     [copy] Warning: /tmp/ans.fhir.fr.gap#3.0.0/template/data does not exist.

onGenerate.extend:

onGenerate:
Template Done                                                                                        (00:01.404 / 00:44.817, 898Mb)
Generate HTML Outputs                                                                                (00:00.001 / 00:44.818, 898Mb)
ERROR StatusLogger Log4j2 could not find a logging implementation. Please add log4j-core to the classpath. Using SimpleLogger to log to the console...
Generate Summaries                                                                                   (00:08.517 / 00:53.336, 1Gb)
Generating Summary Outputs                                                                           (00:00.000 / 00:53.336, 1Gb)
DB Cumulative Time invested: 00:00:00.90
Sending Usage Stats to Server                                                                        (02:21.681 / 03:15.018, 1Gb)
## Memory (MB): Use = 1062, Free = 1525, Total = 2588, Max = 3996                                    (00:00.003 / 03:15.022, 1Gb)
Reclaiming memory...                                                                                 (00:00.000 / 03:15.023, 1Gb)
## Memory (MB): Use = 892, Free = 1695, Total = 2588, Max = 3996                                     (00:00.435 / 03:15.458, 893Mb)
Run jekyll: jekyll build --destination "/tmp/ans.fhir.fr.gap#3.0.0/output" (in folder /tmp/ans.fhir.fr.gap#3.0.0/temp/pages) (00:00.001 / 03:15.460, 893Mb)
Troubleshooting Note: usual cases for Jekyll to fail are:                                            (00:00.001 / 03:15.461, 893Mb)
* A failure to produce a fragment that is already logged in the output above                         (00:00.001 / 03:15.462, 893Mb)
* A reference to a manually edited file that hasn't been provided                                    (00:00.000 / 03:15.463, 893Mb)
Jekyll: Source: /tmp/ans.fhir.fr.gap#3.0.0/temp/pages                                                (00:00.345 / 03:15.808, 897Mb)
Jekyll: Generating...                                                                                (00:00.000 / 03:15.809, 897Mb)
Jekyll: done in 0.985 seconds.                                                                       (00:00.984 / 03:16.794, 897Mb)

Installing ans.fhir.fr.gap#3.0.0 done.
Checking Output HTML                                                                                 (00:01.621 / 03:18.415, 1Gb)
found 783 files                                                                                      (00:00.003 / 03:18.419, 1Gb)
.........................................
.........................................
  ... 783 html files, 3 pages invalid xhtml (0%)                                                     (00:08.693 / 03:27.113, 1Gb)
  ... 152062 links, 0 broken links (0%)                                                              (00:00.001 / 03:27.114, 1Gb)
Build final .zip                                                                                     (00:00.000 / 03:27.115, 1Gb)
Final .zip built                                                                                     (00:01.438 / 03:28.554, 1Gb)
Built. Times: loading: 00:00.649, generate: 03:08.524, narrative generation: 00:01.786, realm-rules: 00:00.001, previous-version: 00:02.264, jekyll: 00:01.345, validation: 00:10.103 (#21), template: 00:01.403 (#3) (00:03.448 / 03:32.003, 1Gb)
Generating QA                                                                                        (00:00.001 / 03:32.004, 1Gb)
Internal error in location for message: 'Error @1, 1: Found / expecting a token name', loc = '/tmp/ans.fhir.fr.gap#3.0.0/output/Appointment-example-req-appointment.change.history.html#/html/body', err = 'The <script> tag containing the javascript 'try {       var curr'... is illegal and not allowed on t'
Internal error in location for message: 'Error @1, 1: Found / expecting a token name', loc = '/tmp/ans.fhir.fr.gap#3.0.0/output/Appointment-example-req-appointment.change.history.html#/html/body', err = 'The <script> tag containing the javascript '$(document).ready(fu'... is illegal and not allowed on t'
Internal error in location for message: 'Error @1, 1: Found / expecting a token name', loc = '/tmp/ans.fhir.fr.gap#3.0.0/output/Appointment-example-req-appointment.change.history.html#/html/body', err = 'The <script> tag containing the javascript 'anchors.options.visi'... is illegal and not allowed on t'
Validation output in /tmp/ans.fhir.fr.gap#3.0.0/output/qa.html
Errors: 11, Warnings: 8, Info: 8, Broken Links: 0 (00:00.500 / 03:32.504, 1Gb)
Finished. Max Memory Used = 1Gb. Log file saved in /tmp/fhir-ig-publisher-tmp.log                    (00:00.009 / 03:32.513, 1Gb)
Prepare Build space in /tmp/ans.fhir.fr.gap#3.0.0-milestone
Build IG at /home/runner/work/IG-fhir-gestion-agendas-partages/IG-fhir-gestion-agendas-partages/./igSource: final copy suitable for publication (in /tmp/ans.fhir.fr.gap#3.0.0-milestone) (milestone build)
FHIR IG Publisher Version 1.6.6 (Git# d1dac76a7c14). Built 2024-04-23T09:27:48.515Z (6 days old)    
Detected Java version: 17.0.10 from /opt/hostedtoolcache/Java_Microsoft_jdk/17.0.10/x64 on Linux/amd64 (64bit). 3996MB available
dir = /home/runner/work/IG-fhir-gestion-agendas-partages/IG-fhir-gestion-agendas-partages, path = /opt/hostedtoolcache/Ruby/3.3.1/x64/bin:/usr/share/dotnet:/opt/hostedtoolcache/node/20.12.2/x64/bin:/opt/hostedtoolcache/Java_Microsoft_jdk/17.0.10/x64/bin:/snap/bin:/home/runner/.local/bin:/opt/pipx_bin:/home/runner/.cargo/bin:/home/runner/.config/composer/vendor/bin:/usr/local/.ghcup/bin:/home/runner/.dotnet/tools:/usr/local/sbin:/usr/local/bin:/usr/sbin:/usr/bin:/sbin:/bin:/usr/games:/usr/local/games:/snap/bin
Parameters: -ig /tmp/ans.fhir.fr.gap#3.0.0-milestone -publish https://interop.esante.gouv.fr/ig/fhir/gap/3.0.0 -milestone -no-exit
Start Clock @ Monday, April 29, 2024 at 12:55:10 PM Coordinated Universal Time (2024-04-29T12:55:10Z)
                                                                                                    
Build FHIR IG from /tmp/ans.fhir.fr.gap#3.0.0-milestone                                              (00:00.003 / 00:00.003, 1Gb)
Build Formal Publication package, intended for https://interop.esante.gouv.fr/ig/fhir/gap/3.0.0      (00:00.000 / 00:00.004, 1Gb)
API keys loaded from /home/runner/.fhir/fhir-settings.json                                           (00:00.000 / 00:00.004, 1Gb)
Package Cache: /home/runner/.fhir/packages                                                           (00:00.000 / 00:00.005, 1Gb)
Run Sushi on /tmp/ans.fhir.fr.gap#3.0.0-milestone                                                    (00:00.000 / 00:00.006, 1Gb)
Sushi: info  Running SUSHI v3.9.0 (implements FHIR Shorthand specification v3.0.0-ballot)            (00:00.370 / 00:00.376, 1Gb)
Sushi: info  Arguments:                                                                              (00:00.000 / 00:00.377, 1Gb)
Sushi: info    --require-latest                                                                      (00:00.000 / 00:00.378, 1Gb)
Sushi: info    --out /tmp/ans.fhir.fr.gap#3.0.0-milestone                                            (00:00.000 / 00:00.378, 1Gb)
Sushi: info    /tmp/ans.fhir.fr.gap#3.0.0-milestone                                                  (00:00.000 / 00:00.379, 1Gb)
Sushi: info  Using configuration file: /tmp/ans.fhir.fr.gap#3.0.0-milestone/sushi-config.yaml        (00:00.405 / 00:00.785, 1Gb)
Sushi: info  Importing FSH text...                                                                   (00:00.120 / 00:00.905, 1Gb)
Sushi: info  Preprocessed 23 documents with 12 aliases.                                              (00:00.243 / 00:01.149, 1Gb)
Sushi: info  Imported 5 definitions and 17 instances.                                                (00:00.020 / 00:01.169, 1Gb)
Sushi: info  Checking /home/runner/.fhir/packages for hl7.fhir.uv.tools#current...                   (00:00.001 / 00:01.171, 1Gb)
Sushi: info  Found hl7.fhir.uv.tools#current in /home/runner/.fhir/packages.                         (00:00.046 / 00:01.217, 1Gb)
Sushi: info  Loaded package hl7.fhir.uv.tools#current                                                (00:00.361 / 00:01.579, 1Gb)
Sushi: info  Checking /home/runner/.fhir/packages for hl7.terminology.r4#5.5.0...                    (00:00.464 / 00:02.044, 1Gb)
Sushi: info  Found hl7.terminology.r4#5.5.0 in /home/runner/.fhir/packages.                          (00:00.510 / 00:02.554, 1Gb)
Sushi: info  Loaded package hl7.terminology.r4#5.5.0                                                 (00:00.000 / 00:02.554, 1Gb)
Sushi: info  Checking /home/runner/.fhir/packages for hl7.fhir.uv.extensions.r4#1.0.0...             (00:00.146 / 00:02.701, 1Gb)
Sushi: info  Found hl7.fhir.uv.extensions.r4#1.0.0 in /home/runner/.fhir/packages.                   (00:00.517 / 00:03.219, 1Gb)
Sushi: info  Loaded package hl7.fhir.uv.extensions.r4#1.0.0                                          (00:00.000 / 00:03.220, 1Gb)
Sushi: info  Checking /home/runner/.fhir/packages for ans.fhir.fr.annuaire#1.0.1...                  (00:00.000 / 00:03.220, 1Gb)
Sushi: info  Found ans.fhir.fr.annuaire#1.0.1 in /home/runner/.fhir/packages.                        (00:00.461 / 00:03.682, 1Gb)
Sushi: info  Loaded package ans.fhir.fr.annuaire#1.0.1                                               (00:00.000 / 00:03.683, 1Gb)
Sushi: info  Checking /home/runner/.fhir/packages for hl7.fhir.fr.core#2.0.1...                      (00:00.000 / 00:03.684, 1Gb)
Sushi: info  Found hl7.fhir.fr.core#2.0.1 in /home/runner/.fhir/packages.                            (00:00.520 / 00:04.204, 1Gb)
Sushi: info  Loaded package hl7.fhir.fr.core#2.0.1                                                   (00:00.000 / 00:04.205, 1Gb)
Sushi: info  Checking /home/runner/.fhir/packages for ans.fr.nos#1.1.0...                            (00:00.000 / 00:04.206, 1Gb)
Sushi: info  Found ans.fr.nos#1.1.0 in /home/runner/.fhir/packages.                                  (00:00.714 / 00:04.920, 1Gb)
Sushi: info  Loaded package ans.fr.nos#1.1.0                                                         (00:00.001 / 00:04.921, 1Gb)
Sushi: info  Checking /home/runner/.fhir/packages for hl7.fhir.r4.core#4.0.1...                      (00:00.000 / 00:04.922, 1Gb)
Sushi: info  Found hl7.fhir.r4.core#4.0.1 in /home/runner/.fhir/packages.                            (00:01.408 / 00:06.331, 1Gb)
Sushi: info  Loaded package hl7.fhir.r4.core#4.0.1                                                   (00:00.000 / 00:06.332, 1Gb)
Sushi: info  Converting FSH to FHIR resources...                                                     (00:00.036 / 00:06.368, 1Gb)
Sushi: info  Converted 5 FHIR StructureDefinitions.                                                  (00:00.581 / 00:06.950, 1Gb)
Sushi: info  Converted 17 FHIR instances.                                                            (00:00.722 / 00:07.672, 1Gb)
Sushi: info  Exporting FHIR resources as JSON...                                                     (00:00.001 / 00:07.673, 1Gb)
Sushi: info  Exported 20 FHIR resources as JSON.                                                     (00:00.060 / 00:07.734, 1Gb)
Sushi: info  Assembling Implementation Guide sources...                                              (00:00.001 / 00:07.735, 1Gb)
Sushi: info  Generated ImplementationGuide-ans.fhir.fr.gap.json                                      (00:00.025 / 00:07.760, 1Gb)
Sushi: info  Assembled Implementation Guide sources; ready for IG Publisher.                         (00:00.000 / 00:07.761, 1Gb)
Sushi: ========================= SUSHI RESULTS ===========================                           (00:00.000 / 00:07.762, 1Gb)
Sushi: |  -------------------------------------------------------------  |                           (00:00.000 / 00:07.763, 1Gb)
Sushi: | |    Profiles   |  Extensions  |   Logicals   |   Resources   | |                           (00:00.000 / 00:07.764, 1Gb)
Sushi: | |-------------------------------------------------------------| |                           (00:00.001 / 00:07.765, 1Gb)
Sushi: | |       5       |      0       |      0       |       0       | |                           (00:00.001 / 00:07.766, 1Gb)
Sushi: |  -------------------------------------------------------------  |                           (00:00.000 / 00:07.767, 1Gb)
Sushi: |  -------------------------------------------------------------  |                           (00:00.000 / 00:07.768, 1Gb)
Sushi: | |      ValueSets     |    CodeSystems    |     Instances      | |                           (00:00.000 / 00:07.769, 1Gb)
Sushi: | |-------------------------------------------------------------| |                           (00:00.000 / 00:07.769, 1Gb)
Sushi: | |         0          |         0         |         17         | |                           (00:00.000 / 00:07.770, 1Gb)
Sushi: |  -------------------------------------------------------------  |                           (00:00.000 / 00:07.771, 1Gb)
Sushi: |                                                                 |                           (00:00.000 / 00:07.772, 1Gb)
Sushi: ===================================================================                           (00:00.000 / 00:07.773, 1Gb)
Sushi: | That was a big fish to fry!            0 Errors      0 Warnings |                           (00:00.000 / 00:07.774, 1Gb)
Sushi: ===================================================================                           (00:00.000 / 00:07.775, 1Gb)
Unable to load IG as an r5 IG - try R4 (property code is a class com.google.gson.JsonPrimitive looking for an object) (00:00.017 / 00:07.793, 1Gb)
Load Template from https://github.com/ansforge/IG-template                                           (00:00.016 / 00:07.809, 1Gb)

onLoad.findSpreadsheets:

onLoad.updateIg:
     [xslt] Processing /tmp/ans.fhir.fr.gap#3.0.0-milestone/template/onLoad-ig-working.xml to /tmp/ans.fhir.fr.gap#3.0.0-milestone/template/onLoad-ig-updated.xml
     [xslt] Loading stylesheet /tmp/ans.fhir.fr.gap#3.0.0-milestone/template/scripts/onLoad.xslt

onLoad.extend:

onLoad:
Root directory: /tmp/ans.fhir.fr.gap#3.0.0-milestone                                                 (00:02.390 / 00:10.199, 1Gb)
Terminology Cache is at /tmp/ans.fhir.fr.gap#3.0.0-milestone/input-cache/txcache. 9 files in cache   (00:00.390 / 00:10.590, 1Gb)
Core Package hl7.fhir.r4.core#4.0.1
Unable to generate snapshot @2 for Definition from noname because Profile Definition (http://hl7.org/fhir/StructureDefinition/Definition) has no base and no snapshot
Unable to generate snapshot @2 for Event from noname because Profile Event (http://hl7.org/fhir/StructureDefinition/Event) has no base and no snapshot
Unable to generate snapshot @2 for FiveWs from noname because Profile FiveWs (http://hl7.org/fhir/StructureDefinition/FiveWs) has no base and no snapshot
Unable to generate snapshot @2 for Request from noname because Profile Request (http://hl7.org/fhir/StructureDefinition/Request) has no base and no snapshot
Running Terminology Log: /tmp/ohfu-fhir-ig-2429587666578267576.log
Connect to Terminology Server at http://tx.fhir.org                                                  (00:01.837 / 00:12.427, 1Gb)
Load Package hl7.fhir.pubpack#0.1.7
Load Package hl7.fhir.xver-extensions#0.1.0
Load Package hl7.terminology.r4#5.5.0
Load Package hl7.fhir.uv.extensions.r4#1.0.0
Load Package hl7.terminology.r4#5.3.0
Load Package ans.fr.nos#1.2.0
Load Package hl7.fhir.fr.core#2.0.1
Load Package ans.fhir.fr.annuaire#1.0.1
Load Package hl7.fhir.fr.core#2.0.1
Load Package ans.fr.nos#1.1.0
Version mismatch. This IG is version 4.0.1, while the IG 'hl7.fhir.uv.tools' is from version 5.0.0 (will try to run anyway) (00:03.900 / 00:16.328, 1Gb)
Load Package hl7.fhir.uv.tools#0.1.0
Load R5 Specials
Unable to generate snapshot @2 for Definition from noname because Profile Definition (http://hl7.org/fhir/StructureDefinition/Definition) has no base and no snapshot
Unable to generate snapshot @2 for Event from noname because Profile Event (http://hl7.org/fhir/StructureDefinition/Event) has no base and no snapshot
Unable to generate snapshot @2 for FiveWs from noname because Profile FiveWs (http://hl7.org/fhir/StructureDefinition/FiveWs) has no base and no snapshot
Unable to generate snapshot @2 for Request from noname because Profile Request (http://hl7.org/fhir/StructureDefinition/Request) has no base and no snapshot
Initialization complete                                                                              (00:00.363 / 00:16.692, 2Gb)
Fetch https://interop.esante.gouv.fr/ig/fhir/gap/package-list.json for version check                 (00:00.000 / 00:16.693, 2Gb)
Load Content                                                                                         (00:00.287 / 00:16.980, 2Gb)
loadPrePages from FetchedFile[/tmp/ans.fhir.fr.gap#3.0.0-milestone/fsh-generated/includes] as /tmp/ans.fhir.fr.gap#3.0.0-milestone/fsh-generated/includes
loadPrePages from FetchedFile[/tmp/ans.fhir.fr.gap#3.0.0-milestone/input/data] as /tmp/ans.fhir.fr.gap#3.0.0-milestone/input/data
loadPrePages from FetchedFile[/tmp/ans.fhir.fr.gap#3.0.0-milestone/input/pagecontent] as /tmp/ans.fhir.fr.gap#3.0.0-milestone/input/pagecontent
Processing Conformance Resources                                                                     (00:00.198 / 00:17.179, 2Gb)
Load Dependency Info                                                                                 (00:00.002 / 00:17.181, 2Gb)
Load Info                                                                                            (00:00.001 / 00:17.182, 2Gb)
Load Resources                                                                                       (00:00.000 / 00:17.183, 2Gb)
Load Paths                                                                                           (00:00.133 / 00:17.317, 2Gb)
Generating Snapshots                                                                                 (00:00.001 / 00:17.318, 2Gb)
Check R4 / R4B                                                                                       (00:00.445 / 00:17.763, 2Gb)
Assign Comparison Ids                                                                                (00:00.005 / 00:17.768, 2Gb)
Propagating status                                                                                   (00:00.000 / 00:17.769, 2Gb)
Generating Narratives                                                                                (00:00.000 / 00:17.770, 2Gb)
Validating Conformance Resources                                                                     (00:00.918 / 00:18.689, 1Gb)
Unable to generate snapshot @2 for Definition from noname because Profile Definition (http://hl7.org/fhir/StructureDefinition/Definition) has no base and no snapshot
Unable to generate snapshot @2 for Event from noname because Profile Event (http://hl7.org/fhir/StructureDefinition/Event) has no base and no snapshot
Unable to generate snapshot @2 for FiveWs from noname because Profile FiveWs (http://hl7.org/fhir/StructureDefinition/FiveWs) has no base and no snapshot
Unable to generate snapshot @2 for Request from noname because Profile Request (http://hl7.org/fhir/StructureDefinition/Request) has no base and no snapshot
Check profiles & code systems                                                                        (00:08.299 / 00:26.989, 2Gb)
Check realm rules                                                                                    (00:00.001 / 00:26.991, 2Gb)
Previous Version Comparison                                                                          (00:00.000 / 00:26.992, 2Gb)
Installing ans.fhir.fr.gap#3.0.0-ballot to the package cache
  Fetching:
2024-04-29 12:55:37.765 [main] INFO  o.h.f.u.npm.BasePackageCacheManager [BasePackageCacheManager.java:88] Failed to resolve package ans.fhir.fr.gap#3.0.0-ballot from server: https://packages.fhir.org (Not Found)
2024-04-29 12:55:37.870 [main] INFO  o.h.f.u.npm.BasePackageCacheManager [BasePackageCacheManager.java:88] Failed to resolve package ans.fhir.fr.gap#3.0.0-ballot from server: https://packages2.fhir.org/packages (Not found)
Error fetching https://packages.fhir.org/ans.fhir.fr.gap: Not Found
2024-04-29 12:55:37.965 [main] INFO  o.h.f.u.npm.BasePackageCacheManager [BasePackageCacheManager.java:88] Failed to resolve package ans.fhir.fr.gap#3.0.x from server: https://packages.fhir.org (Package not found: ans.fhir.fr.gap)
2024-04-29 12:55:38.856 [main] INFO  o.h.f.u.npm.BasePackageCacheManager [BasePackageCacheManager.java:88] Failed to resolve package ans.fhir.fr.gap#3.0.x from server: https://packages2.fhir.org/packages (Package not found: ans.fhir.fr.gap)
org.hl7.fhir.exceptions.FHIRException: Unable to resolve package id ans.fhir.fr.gap#3.0.0-ballot
	at org.hl7.fhir.utilities.npm.FilesystemPackageCacheManager.fetchTheOldWay(FilesystemPackageCacheManager.java:859)
	at org.hl7.fhir.utilities.npm.FilesystemPackageCacheManager.loadFromPackageServer(FilesystemPackageCacheManager.java:341)
	at org.hl7.fhir.utilities.npm.FilesystemPackageCacheManager.loadPackage(FilesystemPackageCacheManager.java:647)
	at org.hl7.fhir.igtools.publisher.comparators.PreviousVersionComparator.startChecks(PreviousVersionComparator.java:192)
	at org.hl7.fhir.igtools.publisher.Publisher.checkConformanceResources(Publisher.java:5645)
	at org.hl7.fhir.igtools.publisher.Publisher.loadConformance(Publisher.java:5487)
	at org.hl7.fhir.igtools.publisher.Publisher.createIg(Publisher.java:1149)
	at org.hl7.fhir.igtools.publisher.Publisher.execute(Publisher.java:994)
	at org.hl7.fhir.igtools.publisher.Publisher.main(Publisher.java:12543)
	at org.hl7.fhir.igtools.web.PublicationProcess.runBuild(PublicationProcess.java:899)
	at org.hl7.fhir.igtools.web.PublicationProcess.doPublish(PublicationProcess.java:481)
	at org.hl7.fhir.igtools.web.PublicationProcess.publishInner2(PublicationProcess.java:393)
	at org.hl7.fhir.igtools.web.PublicationProcess.publishInner(PublicationProcess.java:231)
	at org.hl7.fhir.igtools.web.PublicationProcess.publish(PublicationProcess.java:123)
	at org.hl7.fhir.igtools.publisher.Publisher.main(Publisher.java:12297)
Validating Resources                                                                                 (00:01.766 / 00:28.758, 1Gb)
Processing Provenance Records                                                                        (00:00.169 / 00:28.928, 1Gb)
Generating Outputs in /tmp/ans.fhir.fr.gap#3.0.0-milestone/output                                    (00:00.000 / 00:28.929, 1Gb)
Generate Native Outputs                                                                              (00:00.064 / 00:28.994, 1Gb)
Run Template                                                                                         (00:04.215 / 00:33.209, 2Gb)

onGenerate.checkVersions:
     [xslt] Processing /tmp/ans.fhir.fr.gap#3.0.0-milestone/template/onGenerate-ig-working.xml to /tmp/ans.fhir.fr.gap#3.0.0-milestone/template/versions.txt
     [xslt] Loading stylesheet /tmp/ans.fhir.fr.gap#3.0.0-milestone/template/scripts/onGenerate.getVersions.xslt

onGenerate.r5-schemas:
      [get] Getting: http://build.fhir.org/fhir-single.xsd
      [get] To: /tmp/ans.fhir.fr.gap#3.0.0-milestone/input-cache/schemas/R5/fhir-single.xsd
      [get] Not modified - so not downloaded
      [get] Getting: http://build.fhir.org/fhir-xhtml.xsd
      [get] To: /tmp/ans.fhir.fr.gap#3.0.0-milestone/input-cache/schemas/R5/fhir-xhtml.xsd
      [get] Not modified - so not downloaded
      [get] Getting: http://build.fhir.org/xml.xsd
      [get] To: /tmp/ans.fhir.fr.gap#3.0.0-milestone/input-cache/schemas/R5/xml.xsd
      [get] Not modified - so not downloaded
      [get] Getting: http://build.fhir.org/xmldsig-core-schema.xsd
      [get] To: /tmp/ans.fhir.fr.gap#3.0.0-milestone/input-cache/schemas/R5/xmldsig-core-schema.xsd
      [get] Not modified - so not downloaded

onGenerate.r4-schemas:
      [get] Getting: http://hl7.org/fhir/R4/fhir-single.xsd
      [get] To: /tmp/ans.fhir.fr.gap#3.0.0-milestone/input-cache/schemas/R4/fhir-single.xsd
      [get] Not modified - so not downloaded
      [get] Getting: http://hl7.org/fhir/R4/fhir-xhtml.xsd
      [get] To: /tmp/ans.fhir.fr.gap#3.0.0-milestone/input-cache/schemas/R4/fhir-xhtml.xsd
      [get] Not modified - so not downloaded
      [get] Getting: http://hl7.org/fhir/R4/xml.xsd
      [get] To: /tmp/ans.fhir.fr.gap#3.0.0-milestone/input-cache/schemas/R4/xml.xsd
      [get] Not modified - so not downloaded
      [get] Getting: http://hl7.org/fhir/R4/xmldsig-core-schema.xsd
      [get] To: /tmp/ans.fhir.fr.gap#3.0.0-milestone/input-cache/schemas/R4/xmldsig-core-schema.xsd
      [get] Not modified - so not downloaded

onGenerate.r3-schemas:

onGenerate.r2b-schemas:

onGenerate.r2-schemas:

onGenerate.schemas:

onGenerate.data:
     [xslt] Processing /tmp/ans.fhir.fr.gap#3.0.0-milestone/template/onGenerate-ig-working.xml to /tmp/ans.fhir.fr.gap#3.0.0-milestone/temp/pages/_data/artifacts.json
     [xslt] Loading stylesheet /tmp/ans.fhir.fr.gap#3.0.0-milestone/template/scripts/onGenerate.data.xslt

onGenerate.setup:

onGenerate.infoFile:
     [xslt] Processing /tmp/ans.fhir.fr.gap#3.0.0-milestone/template/onGenerate-ig-working.xml to /tmp/ans.fhir.fr.gap#3.0.0-milestone/temp/pages/_data/info.json
     [xslt] Loading stylesheet /tmp/ans.fhir.fr.gap#3.0.0-milestone/template/scripts/onGenerate.genJson.xslt

onGenerate.processIncludes:
     [copy] Copying 17 files to /tmp/ans.fhir.fr.gap#3.0.0-milestone/temp/pages/_includes

onGenerate.processIg:
     [xslt] Processing /tmp/ans.fhir.fr.gap#3.0.0-milestone/template/onGenerate-ig-working.xml to /tmp/ans.fhir.fr.gap#3.0.0-milestone/template/onGenerate-ig-working.1.xml
     [xslt] Loading stylesheet /tmp/ans.fhir.fr.gap#3.0.0-milestone/template/scripts/onGenerate.group.xslt
     [xslt] Processing /tmp/ans.fhir.fr.gap#3.0.0-milestone/template/onGenerate-ig-working.1.xml to /tmp/ans.fhir.fr.gap#3.0.0-milestone/template/onGenerate-ig-working.2.xml
     [xslt] Loading stylesheet /tmp/ans.fhir.fr.gap#3.0.0-milestone/template/scripts/onGenerate.groupSort.xslt
     [xslt] Processing /tmp/ans.fhir.fr.gap#3.0.0-milestone/template/onGenerate-ig-working.2.xml to /tmp/ans.fhir.fr.gap#3.0.0-milestone/template/onGenerate-ig-updated.xml
     [xslt] Loading stylesheet /tmp/ans.fhir.fr.gap#3.0.0-milestone/template/scripts/onGenerate.final.xslt

onGenerate.igQa:
     [xslt] Processing /tmp/ans.fhir.fr.gap#3.0.0-milestone/template/onGenerate-ig-updated.xml to /tmp/ans.fhir.fr.gap#3.0.0-milestone/template/ongenerate-validation-igqa.json
     [xslt] Loading stylesheet /tmp/ans.fhir.fr.gap#3.0.0-milestone/template/scripts/onGenerate.qa.xslt

onGenerate.artifactList:
     [xslt] Processing /tmp/ans.fhir.fr.gap#3.0.0-milestone/template/onGenerate-ig-updated.xml to /tmp/ans.fhir.fr.gap#3.0.0-milestone/temp/pages/_includes/artifacts.xml
     [xslt] Loading stylesheet /tmp/ans.fhir.fr.gap#3.0.0-milestone/template/scripts/createArtifactSummary.xslt

check-plantumlfiles:

onGenerate.plantUml.ig:

onGenerate.plantUml.template:

onGenerate.plantUml:

onGenerate.copyDataFiles:
     [copy] Warning: /tmp/ans.fhir.fr.gap#3.0.0-milestone/template/data does not exist.

onGenerate.extend:

onGenerate:
Template Done                                                                                        (00:01.163 / 00:34.372, 2Gb)
Generate HTML Outputs                                                                                (00:00.001 / 00:34.373, 2Gb)
Generate Summaries                                                                                   (00:03.677 / 00:38.050, 1Gb)
Generating Summary Outputs                                                                           (00:00.001 / 00:38.051, 1Gb)
DB Cumulative Time invested: 00:00:00.100
Sending Usage Stats to Server                                                                        (00:05.563 / 00:43.615, 3Gb)
## Memory (MB): Use = 3292, Free = 703, Total = 3996, Max = 3996                                     (00:00.001 / 00:43.617, 3Gb)
Reclaiming memory...                                                                                 (00:00.000 / 00:43.617, 3Gb)
## Memory (MB): Use = 1754, Free = 2241, Total = 3996, Max = 3996                                    (00:00.802 / 00:44.420, 1Gb)
Run jekyll: jekyll build --destination "/tmp/ans.fhir.fr.gap#3.0.0-milestone/output" (in folder /tmp/ans.fhir.fr.gap#3.0.0-milestone/temp/pages) (00:00.001 / 00:44.421, 1Gb)
Troubleshooting Note: usual cases for Jekyll to fail are:                                            (00:00.001 / 00:44.422, 1Gb)
* A failure to produce a fragment that is already logged in the output above                         (00:00.000 / 00:44.423, 1Gb)
* A reference to a manually edited file that hasn't been provided                                    (00:00.000 / 00:44.424, 1Gb)
Jekyll: Source: /tmp/ans.fhir.fr.gap#3.0.0-milestone/temp/pages                                      (00:00.357 / 00:44.781, 1Gb)
Jekyll: Generating...                                                                                (00:00.000 / 00:44.782, 1Gb)
Jekyll: done in 1.012 seconds.                                                                       (00:01.011 / 00:45.794, 1Gb)

Installing ans.fhir.fr.gap#3.0.0Checking Output HTML                                                                                 (00:00.889 / 00:46.684, 2Gb)
found 783 files                                                                                      (00:00.003 / 00:46.688, 2Gb)
.........................................
.........................................
  ... 783 html files, 3 pages invalid xhtml (0%)                                                     (00:05.587 / 00:52.275, 1Gb)
  ... 152062 links, 0 broken links (0%)                                                              (00:00.000 / 00:52.276, 1Gb)
Build final .zip                                                                                     (00:00.000 / 00:52.277, 1Gb)
Final .zip built                                                                                     (00:01.389 / 00:53.666, 1Gb)
Built. Times: loading: 00:00.197, generate: 00:39.456, narrative generation: 00:00.917, realm-rules: 00:00.000, previous-version: 00:01.750, jekyll: 00:01.385, validation: 00:08.465 (#21), template: 00:01.162 (#3) (00:02.969 / 00:56.636, 2Gb)
Generating QA                                                                                        (00:00.001 / 00:56.637, 2Gb)
Internal error in location for message: 'Error @1, 1: Found / expecting a token name', loc = '/tmp/ans.fhir.fr.gap#3.0.0-milestone/output/Appointment-example-req-appointment.change.history.html#', err = 'The <script> tag containing the javascript 'try {       var curr'... is illegal and not allowed on t'
Internal error in location for message: 'Error @1, 1: Found / expecting a token name', loc = '/tmp/ans.fhir.fr.gap#3.0.0-milestone/output/Appointment-example-req-appointment.change.history.html#', err = 'The <script> tag containing the javascript '$(document).ready(fu'... is illegal and not allowed on t'
Internal error in location for message: 'Error @1, 1: Found / expecting a token name', loc = '/tmp/ans.fhir.fr.gap#3.0.0-milestone/output/Appointment-example-req-appointment.change.history.html#', err = 'The <script> tag containing the javascript 'anchors.options.visi'... is illegal and not allowed on t'
Validation output in /tmp/ans.fhir.fr.gap#3.0.0-milestone/output/qa.html
Errors: 11, Warnings: 8, Info: 8, Broken Links: 0 (00:00.382 / 00:57.020, 2Gb)
Finished. Max Memory Used = 3Gb. Log file saved in /tmp/fhir-ig-publisher-tmp.log                    (00:00.008 / 00:57.029, 2Gb)
Keep a copy of the build directory at /tmp/web-root/run-20240429/ig-build-zips/ans.fhir.fr.gap#3.0.0.zip

ok. All checks passed. Publish v3.0.0 to /tmp/web-root/run-20240429/gap/3.0.0
Copy the IG to /tmp/web-root/run-20240429/gap/3.0.0
Update /tmp/web-root/run-20240429/gap/package-list.json
Publish Box Statement: This page is part of the Guide d'implmentation FHIR - Gestion d'Agendas Partags (v3.0.0: Release) based on <a no-external="true" href="http://hl7.org/fhir/R4">FHIR (HL7 FHIR Standard) R4</a>. This is the current published version in its permanent home (it will always be available at this URL).  For a full list of available versions, see the <a no-external="true" href="https://interop.esante.gouv.fr/ig/fhir/gap/history.html">Directory of published versions</a>
no html insert in /tmp/web-root/run-20240429/gap/3.0.0/qa-txservers.html
  .. 130 files checked, 130 updated
  .. 49 clones checked, 98 updated
  .. 21 redirections (21 created/updated)
This is a milestone release - publish v3.0.0 to /tmp/web-root/run-20240429/gap
Publish Box Statement: This page is part of the Guide d'implmentation FHIR - Gestion d'Agendas Partags (v3.0.0: Release) based on <a no-external="true" href="http://hl7.org/fhir/R4">FHIR (HL7 FHIR Standard) R4</a>. This is the current published version.  For a full list of available versions, see the <a no-external="true" href="https://interop.esante.gouv.fr/ig/fhir/gap/history.html">Directory of published versions</a>
no html insert in /tmp/ans.fhir.fr.gap#3.0.0-milestone/output/qa-txservers.html
  .. 130 files checked, 130 updated
  .. 49 clones checked, 98 updated
  .. 21 redirections (21 created/updated)
Check for Files to delete
  ... 0 files
Copy to new IG to /tmp/web-root/run-20240429/gap
Update history page at /tmp/web-root/run-20240429/gap from /home/runner/work/IG-fhir-gestion-agendas-partages/IG-fhir-gestion-agendas-partages/./IG-website-release/fhir-ig-history-template and ./IG-website-release/templates
Build is complete. Copy from /tmp/web-root/run-20240429
ans.fhir.fr.gap (https://interop.esante.gouv.fr/ig/fhir/gap): Guide d'implmentation FHIR - Gestion d'Agendas Partags @ https://ansforge.github.io/IG-fhir-gestion-agendas-partages/ig/main
  release: trial-use 3.0.0/4.0.1 @ https://interop.esante.gouv.fr/ig/fhir/gap/3.0.0
