FHIR IG Publisher Version 1.6.10 (Git# 662296255466). Built 2024-05-26T00:05:39.6Z (3 days old)
Detected Java version: 17.0.10 from /opt/hostedtoolcache/Java_Microsoft_jdk/17.0.10/x64 on amd64 (64bit). 3996MB available
dir = /home/runner/work/IG-fhir-partage-de-documents-de-sante/IG-fhir-partage-de-documents-de-sante, path = /opt/hostedtoolcache/Ruby/3.3.1/x64/bin:/usr/share/dotnet:/opt/hostedtoolcache/node/20.13.1/x64/bin:/opt/hostedtoolcache/Java_Microsoft_jdk/17.0.10/x64/bin:/snap/bin:/home/runner/.local/bin:/opt/pipx_bin:/home/runner/.cargo/bin:/home/runner/.config/composer/vendor/bin:/usr/local/.ghcup/bin:/home/runner/.dotnet/tools:/usr/local/sbin:/usr/local/bin:/usr/sbin:/usr/bin:/sbin:/bin:/usr/games:/usr/local/games:/snap/bin
Parameters: -go-publish -source ./igSource -web ./IG-website-release/www/ig/fhir -registry ./IG-website-release/ig-registry/fhir-ig-list.json -history ./IG-website-release/fhir-ig-history-template -templates ./IG-website-release/templates
---------------
Publication Run: publish ./igSource to ./IG-website-release/www/ig/fhir
Run Number: 38
Relative directory for IG is '/pdsm'
===== Web Publication Run Details ===============================
 Source IG: ans.fhir.fr.pdsm#3.1.0 : https://interop.esante.gouv.fr/ig/fhir/pdsm (R4) from ./igSource
All checks passed. Do the publication build from /home/runner/work/IG-fhir-partage-de-documents-de-sante/IG-fhir-partage-de-documents-de-sante/./igSource and publish to /tmp/web-root/run-20240529/pdsm
Prepare Build space in /tmp/ans.fhir.fr.pdsm#3.1.0
Build IG at /home/runner/work/IG-fhir-partage-de-documents-de-sante/IG-fhir-partage-de-documents-de-sante/./igSource: final copy suitable for publication (in /tmp/ans.fhir.fr.pdsm#3.1.0)
FHIR IG Publisher Version 1.6.10 (Git# 662296255466). Built 2024-05-26T00:05:39.6Z (3 days old)     
Detected Java version: 17.0.10 from /opt/hostedtoolcache/Java_Microsoft_jdk/17.0.10/x64 on Linux/amd64 (64bit). 3996MB available
dir = /home/runner/work/IG-fhir-partage-de-documents-de-sante/IG-fhir-partage-de-documents-de-sante, path = /opt/hostedtoolcache/Ruby/3.3.1/x64/bin:/usr/share/dotnet:/opt/hostedtoolcache/node/20.13.1/x64/bin:/opt/hostedtoolcache/Java_Microsoft_jdk/17.0.10/x64/bin:/snap/bin:/home/runner/.local/bin:/opt/pipx_bin:/home/runner/.cargo/bin:/home/runner/.config/composer/vendor/bin:/usr/local/.ghcup/bin:/home/runner/.dotnet/tools:/usr/local/sbin:/usr/local/bin:/usr/sbin:/usr/bin:/sbin:/bin:/usr/games:/usr/local/games:/snap/bin
Parameters: -ig /tmp/ans.fhir.fr.pdsm#3.1.0 -resetTx -publish https://interop.esante.gouv.fr/ig/fhir/pdsm/3.1.0 -no-exit
Start Clock @ Wednesday, May 29, 2024 at 10:00:04 AM Coordinated Universal Time (2024-05-29T10:00:04Z)
                                                                                                    
Build FHIR IG from /tmp/ans.fhir.fr.pdsm#3.1.0                                                       (00:00.018 / 00:00.018, 34Mb)
Build Formal Publication package, intended for https://interop.esante.gouv.fr/ig/fhir/pdsm/3.1.0     (00:00.003 / 00:00.021, 34Mb)
API keys loaded from /home/runner/.fhir/fhir-settings.json                                           (00:00.001 / 00:00.022, 34Mb)
Package Cache: /home/runner/.fhir/packages                                                           (00:00.003 / 00:00.026, 35Mb)
Run Sushi on /tmp/ans.fhir.fr.pdsm#3.1.0                                                             (00:00.002 / 00:00.028, 35Mb)
Sushi: info  Running SUSHI v3.10.0 (implements FHIR Shorthand specification v3.0.0-ballot)           (00:00.624 / 00:00.652, 37Mb)
Sushi: info  Arguments:                                                                              (00:00.001 / 00:00.654, 37Mb)
Sushi: info    --require-latest                                                                      (00:00.001 / 00:00.655, 37Mb)
Sushi: info    --out /tmp/ans.fhir.fr.pdsm#3.1.0                                                     (00:00.001 / 00:00.657, 37Mb)
Sushi: info    /tmp/ans.fhir.fr.pdsm#3.1.0                                                           (00:00.001 / 00:00.658, 37Mb)
Sushi: info  Using configuration file: /tmp/ans.fhir.fr.pdsm#3.1.0/sushi-config.yaml                 (00:00.537 / 00:01.195, 37Mb)
Sushi: info  Importing FSH text...                                                                   (00:00.120 / 00:01.316, 37Mb)
Sushi: info  Preprocessed 21 documents with 15 aliases.                                              (00:00.216 / 00:01.532, 37Mb)
Sushi: info  Imported 9 definitions and 11 instances.                                                (00:00.018 / 00:01.550, 37Mb)
Sushi: info  Checking /home/runner/.fhir/packages for hl7.fhir.uv.tools#current...                   (00:00.001 / 00:01.552, 37Mb)
Sushi: info  Found hl7.fhir.uv.tools#current in /home/runner/.fhir/packages.                         (00:00.069 / 00:01.621, 37Mb)
Sushi: info  Loaded package hl7.fhir.uv.tools#current                                                (00:00.286 / 00:01.908, 37Mb)
Sushi: info  Checking /home/runner/.fhir/packages for hl7.terminology.r4#5.5.0...                    (00:00.498 / 00:02.407, 37Mb)
Sushi: info  Found hl7.terminology.r4#5.5.0 in /home/runner/.fhir/packages.                          (00:01.111 / 00:03.518, 37Mb)
Sushi: info  Loaded package hl7.terminology.r4#5.5.0                                                 (00:00.001 / 00:03.519, 37Mb)
Sushi: info  Checking /home/runner/.fhir/packages for hl7.fhir.uv.extensions.r4#5.1.0...             (00:00.114 / 00:03.634, 37Mb)
Sushi: info  Found hl7.fhir.uv.extensions.r4#5.1.0 in /home/runner/.fhir/packages.                   (00:00.517 / 00:04.152, 37Mb)
Sushi: info  Loaded package hl7.fhir.uv.extensions.r4#5.1.0                                          (00:00.001 / 00:04.153, 37Mb)
Sushi: info  Checking /home/runner/.fhir/packages for ihe.iti.mhd#4.2.0...                           (00:00.000 / 00:04.154, 37Mb)
Sushi: info  Found ihe.iti.mhd#4.2.0 in /home/runner/.fhir/packages.                                 (00:00.476 / 00:04.631, 37Mb)
Sushi: info  Loaded package ihe.iti.mhd#4.2.0                                                        (00:00.001 / 00:04.632, 37Mb)
Sushi: info  Checking /home/runner/.fhir/packages for ans.fhir.fr.annuaire#1.0.1...                  (00:00.001 / 00:04.633, 37Mb)
Sushi: info  Found ans.fhir.fr.annuaire#1.0.1 in /home/runner/.fhir/packages.                        (00:00.629 / 00:05.262, 37Mb)
Sushi: info  Loaded package ans.fhir.fr.annuaire#1.0.1                                               (00:00.001 / 00:05.264, 37Mb)
Sushi: info  Checking /home/runner/.fhir/packages for hl7.fhir.fr.core#2.0.1...                      (00:00.001 / 00:05.265, 37Mb)
Sushi: info  Found hl7.fhir.fr.core#2.0.1 in /home/runner/.fhir/packages.                            (00:01.083 / 00:06.349, 37Mb)
Sushi: info  Loaded package hl7.fhir.fr.core#2.0.1                                                   (00:00.001 / 00:06.350, 37Mb)
Sushi: info  Checking /home/runner/.fhir/packages for ans.fr.nos#1.2.0...                            (00:00.116 / 00:06.467, 37Mb)
Sushi: info  Found ans.fr.nos#1.2.0 in /home/runner/.fhir/packages.                                  (00:01.510 / 00:07.978, 37Mb)
Sushi: info  Loaded package ans.fr.nos#1.2.0                                                         (00:00.001 / 00:07.979, 37Mb)
Sushi: info  Checking /home/runner/.fhir/packages for hl7.fhir.r4.core#4.0.1...                      (00:00.000 / 00:07.980, 37Mb)
Sushi: info  Found hl7.fhir.r4.core#4.0.1 in /home/runner/.fhir/packages.                            (00:01.422 / 00:09.403, 37Mb)
Sushi: info  Loaded package hl7.fhir.r4.core#4.0.1                                                   (00:00.001 / 00:09.404, 37Mb)
Sushi: info  Converting FSH to FHIR resources...                                                     (00:00.042 / 00:09.447, 37Mb)
Sushi: info  Converted 9 FHIR StructureDefinitions.                                                  (00:01.394 / 00:10.842, 37Mb)
Sushi: info  Converted 11 FHIR instances.                                                            (00:00.350 / 00:11.192, 37Mb)
Sushi: info  Exporting FHIR resources as JSON...                                                     (00:00.006 / 00:11.198, 37Mb)
Sushi: info  Exported 20 FHIR resources as JSON.                                                     (00:00.086 / 00:11.285, 37Mb)
Sushi: info  Assembling Implementation Guide sources...                                              (00:00.002 / 00:11.287, 37Mb)
Sushi: info  Generated ImplementationGuide-ans.fhir.fr.pdsm.json                                     (00:00.026 / 00:11.313, 37Mb)
Sushi: info  Assembled Implementation Guide sources; ready for IG Publisher.                         (00:00.000 / 00:11.314, 37Mb)
Sushi: ========================= SUSHI RESULTS ===========================                           (00:00.000 / 00:11.315, 37Mb)
Sushi: |  -------------------------------------------------------------  |                           (00:00.000 / 00:11.316, 37Mb)
Sushi: | |    Profiles   |  Extensions  |   Logicals   |   Resources   | |                           (00:00.000 / 00:11.317, 37Mb)
Sushi: | |-------------------------------------------------------------| |                           (00:00.000 / 00:11.318, 37Mb)
Sushi: | |       7       |      2       |      0       |       0       | |                           (00:00.000 / 00:11.318, 37Mb)
Sushi: |  -------------------------------------------------------------  |                           (00:00.000 / 00:11.319, 37Mb)
Sushi: |  -------------------------------------------------------------  |                           (00:00.000 / 00:11.320, 37Mb)
Sushi: | |      ValueSets     |    CodeSystems    |     Instances      | |                           (00:00.000 / 00:11.321, 37Mb)
Sushi: | |-------------------------------------------------------------| |                           (00:00.000 / 00:11.322, 37Mb)
Sushi: | |         0          |         0         |         11         | |                           (00:00.000 / 00:11.323, 37Mb)
Sushi: |  -------------------------------------------------------------  |                           (00:00.001 / 00:11.324, 37Mb)
Sushi: |                                                                 |                           (00:00.001 / 00:11.325, 37Mb)
Sushi: ===================================================================                           (00:00.001 / 00:11.326, 37Mb)
Sushi: | Valedictorian of the School of FSH!    0 Errors      0 Warnings |                           (00:00.001 / 00:11.328, 37Mb)
Sushi: ===================================================================                           (00:00.001 / 00:11.329, 37Mb)
Unable to load IG as an r5 IG - try R4 (property code is a class com.google.gson.JsonPrimitive looking for an object) (00:00.456 / 00:11.785, 53Mb)
Load Template from https://github.com/ansforge/IG-template                                           (00:00.437 / 00:12.222, 26Mb)
 Load Template from fhir.base.template#current                                                       (00:01.365 / 00:13.588, 59Mb)

onLoad.findSpreadsheets:

onLoad.updateIg:
     [xslt] Processing /tmp/ans.fhir.fr.pdsm#3.1.0/template/onLoad-ig-working.xml to /tmp/ans.fhir.fr.pdsm#3.1.0/template/onLoad-ig-updated.xml
     [xslt] Loading stylesheet /tmp/ans.fhir.fr.pdsm#3.1.0/template/scripts/onLoad.xslt

onLoad.extend:

onLoad:
Root directory: /tmp/ans.fhir.fr.pdsm#3.1.0                                                          (00:02.944 / 00:16.532, 87Mb)
Terminology Cache is at /tmp/ans.fhir.fr.pdsm#3.1.0/input-cache/txcache. Clearing now                (00:00.514 / 00:17.047, 105Mb)
Core Package hl7.fhir.r4.core#4.0.1
Unable to generate snapshot @2 for Definition from noname because Profile Definition (http://hl7.org/fhir/StructureDefinition/Definition) has no base and no snapshot
Unable to generate snapshot @2 for Event from noname because Profile Event (http://hl7.org/fhir/StructureDefinition/Event) has no base and no snapshot
Unable to generate snapshot @2 for FiveWs from noname because Profile FiveWs (http://hl7.org/fhir/StructureDefinition/FiveWs) has no base and no snapshot
Unable to generate snapshot @2 for Request from noname because Profile Request (http://hl7.org/fhir/StructureDefinition/Request) has no base and no snapshot
Running Terminology Log: /tmp/ohfu-fhir-ig-11118103295747440623.log
Connect to Terminology Server at http://tx.fhir.org                                                  (00:03.902 / 00:20.949, 584Mb)
Load Package hl7.fhir.pubpack#0.1.7
Load Package hl7.fhir.xver-extensions#0.1.0
Load Package hl7.terminology.r4#5.5.0
Load Package hl7.fhir.uv.extensions.r4#5.1.0
Load Package hl7.terminology.r4#5.0.0
Load Package hl7.terminology.r4#4.0.0
Load Package ihe.iti.balp#1.1.1
Load Package ihe.formatcode.fhir#1.1.0
Load Package ihe.iti.mhd#4.2.0
Load Package hl7.fhir.uv.extensions.r4#1.0.0
Load Package hl7.terminology.r4#5.3.0
Load Package ans.fr.nos#1.2.0
Load Package hl7.fhir.fr.core#2.0.1
Load Package ans.fhir.fr.annuaire#1.0.1
Load Package hl7.fhir.fr.core#2.0.1
Load Package ans.fr.nos#1.2.0
Version mismatch. This IG is version 4.0.1, while the IG 'hl7.fhir.uv.tools' is from version 5.0.0 (will try to run anyway) (00:11.005 / 00:31.955, 824Mb)
Load Package hl7.fhir.uv.tools#0.2.0
Load R5 Specials
Unable to generate snapshot @2 for Definition from noname because Profile Definition (http://hl7.org/fhir/StructureDefinition/Definition) has no base and no snapshot
Unable to generate snapshot @2 for Event from noname because Profile Event (http://hl7.org/fhir/StructureDefinition/Event) has no base and no snapshot
Unable to generate snapshot @2 for FiveWs from noname because Profile FiveWs (http://hl7.org/fhir/StructureDefinition/FiveWs) has no base and no snapshot
Unable to generate snapshot @2 for Request from noname because Profile Request (http://hl7.org/fhir/StructureDefinition/Request) has no base and no snapshot
Initialization complete                                                                              (00:00.526 / 00:32.481, 618Mb)
Load Content                                                                                         (00:00.000 / 00:32.482, 618Mb)
loadPrePages from FetchedFile[/tmp/ans.fhir.fr.pdsm#3.1.0/fsh-generated/includes] as /tmp/ans.fhir.fr.pdsm#3.1.0/fsh-generated/includes
loadPrePages from FetchedFile[/tmp/ans.fhir.fr.pdsm#3.1.0/input/data] as /tmp/ans.fhir.fr.pdsm#3.1.0/input/data
loadPrePages from FetchedFile[/tmp/ans.fhir.fr.pdsm#3.1.0/input/pagecontent] as /tmp/ans.fhir.fr.pdsm#3.1.0/input/pagecontent
Fetch https://interop.esante.gouv.fr/ig/fhir/pdsm/package-list.json for version check                (00:01.231 / 00:33.714, 655Mb)
Processing Conformance Resources                                                                     (00:00.401 / 00:34.116, 658Mb)
Load Dependency Info                                                                                 (00:00.002 / 00:34.118, 658Mb)
Load Info                                                                                            (00:00.001 / 00:34.120, 658Mb)
Load Resources                                                                                       (00:00.001 / 00:34.121, 659Mb)
Load Paths                                                                                           (00:00.705 / 00:34.826, 705Mb)
Generating Snapshots                                                                                 (00:00.000 / 00:34.827, 705Mb)
Check R4 / R4B                                                                                       (00:00.671 / 00:35.498, 1019Mb)
Assign Comparison Ids                                                                                (00:00.008 / 00:35.507, 1020Mb)
Propagating status                                                                                   (00:00.000 / 00:35.508, 1020Mb)
Generating Narratives                                                                                (00:00.000 / 00:35.509, 1020Mb)
Validating Conformance Resources                                                                     (00:00.865 / 00:36.375, 859Mb)
Unable to generate snapshot @2 for Definition from noname because Profile Definition (http://hl7.org/fhir/StructureDefinition/Definition) has no base and no snapshot
Unable to generate snapshot @2 for Event from noname because Profile Event (http://hl7.org/fhir/StructureDefinition/Event) has no base and no snapshot
Unable to generate snapshot @2 for FiveWs from noname because Profile FiveWs (http://hl7.org/fhir/StructureDefinition/FiveWs) has no base and no snapshot
Unable to generate snapshot @2 for Request from noname because Profile Request (http://hl7.org/fhir/StructureDefinition/Request) has no base and no snapshot
Check profiles & code systems                                                                        (00:40.452 / 01:16.828, 1Gb)
Check realm rules                                                                                    (00:00.003 / 01:16.831, 1Gb)
Previous Version Comparison                                                                          (00:00.001 / 01:16.832, 1Gb)
Installing ans.fhir.fr.pdsm#3.1.0-ballot to the package cache
  Fetching:
2024-05-29 10:01:22.055 [main] INFO  o.h.f.u.npm.BasePackageCacheManager [BasePackageCacheManager.java:88] Failed to resolve package ans.fhir.fr.pdsm#3.1.0-ballot from server: https://packages.fhir.org (Not Found)
2024-05-29 10:01:22.140 [main] INFO  o.h.f.u.npm.BasePackageCacheManager [BasePackageCacheManager.java:88] Failed to resolve package ans.fhir.fr.pdsm#3.1.0-ballot from server: https://packages2.fhir.org/packages (Not found)
org.hl7.fhir.exceptions.FHIRException: Unable to resolve package id ans.fhir.fr.pdsm#3.1.0-ballot
	at org.hl7.fhir.utilities.npm.FilesystemPackageCacheManager.fetchTheOldWay(FilesystemPackageCacheManager.java:857)
	at org.hl7.fhir.utilities.npm.FilesystemPackageCacheManager.loadFromPackageServer(FilesystemPackageCacheManager.java:341)
	at org.hl7.fhir.utilities.npm.FilesystemPackageCacheManager.loadPackage(FilesystemPackageCacheManager.java:647)
	at org.hl7.fhir.igtools.publisher.comparators.PreviousVersionComparator.startChecks(PreviousVersionComparator.java:196)
	at org.hl7.fhir.igtools.publisher.Publisher.checkConformanceResources(Publisher.java:5719)
	at org.hl7.fhir.igtools.publisher.Publisher.loadConformance(Publisher.java:5561)
	at org.hl7.fhir.igtools.publisher.Publisher.createIg(Publisher.java:1188)
	at org.hl7.fhir.igtools.publisher.Publisher.execute(Publisher.java:1027)
	at org.hl7.fhir.igtools.publisher.Publisher.main(Publisher.java:12942)
	at org.hl7.fhir.igtools.web.PublicationProcess.runBuild(PublicationProcess.java:899)
	at org.hl7.fhir.igtools.web.PublicationProcess.doPublish(PublicationProcess.java:476)
	at org.hl7.fhir.igtools.web.PublicationProcess.publishInner2(PublicationProcess.java:393)
	at org.hl7.fhir.igtools.web.PublicationProcess.publishInner(PublicationProcess.java:231)
	at org.hl7.fhir.igtools.web.PublicationProcess.publish(PublicationProcess.java:123)
	at org.hl7.fhir.igtools.publisher.Publisher.main(Publisher.java:12692)
Validating Resources                                                                                 (00:00.973 / 01:17.806, 1Gb)
Processing Provenance Records                                                                        (00:00.067 / 01:17.873, 1Gb)
Generating Outputs in /tmp/ans.fhir.fr.pdsm#3.1.0/output                                             (00:00.000 / 01:17.874, 1Gb)
Generate Native Outputs                                                                              (00:00.096 / 01:17.971, 1Gb)
Run Template                                                                                         (00:04.899 / 01:22.870, 1Gb)

onGenerate.checkVersions:
     [xslt] Processing /tmp/ans.fhir.fr.pdsm#3.1.0/template/onGenerate-ig-working.xml to /tmp/ans.fhir.fr.pdsm#3.1.0/template/versions.txt
     [xslt] Loading stylesheet /tmp/ans.fhir.fr.pdsm#3.1.0/template/scripts/onGenerate.getVersions.xslt

onGenerate.r5-schemas:
      [get] Getting: http://build.fhir.org/fhir-single.xsd
      [get] To: /tmp/ans.fhir.fr.pdsm#3.1.0/input-cache/schemas/R5/fhir-single.xsd
      [get] Not modified - so not downloaded
      [get] Getting: http://build.fhir.org/fhir-xhtml.xsd
      [get] To: /tmp/ans.fhir.fr.pdsm#3.1.0/input-cache/schemas/R5/fhir-xhtml.xsd
      [get] Not modified - so not downloaded
      [get] Getting: http://build.fhir.org/xml.xsd
      [get] To: /tmp/ans.fhir.fr.pdsm#3.1.0/input-cache/schemas/R5/xml.xsd
      [get] Not modified - so not downloaded
      [get] Getting: http://build.fhir.org/xmldsig-core-schema.xsd
      [get] To: /tmp/ans.fhir.fr.pdsm#3.1.0/input-cache/schemas/R5/xmldsig-core-schema.xsd
      [get] Not modified - so not downloaded

onGenerate.r4-schemas:
      [get] Getting: http://hl7.org/fhir/R4/fhir-single.xsd
      [get] To: /tmp/ans.fhir.fr.pdsm#3.1.0/input-cache/schemas/R4/fhir-single.xsd
      [get] Not modified - so not downloaded
      [get] Getting: http://hl7.org/fhir/R4/fhir-xhtml.xsd
      [get] To: /tmp/ans.fhir.fr.pdsm#3.1.0/input-cache/schemas/R4/fhir-xhtml.xsd
      [get] Not modified - so not downloaded
      [get] Getting: http://hl7.org/fhir/R4/xml.xsd
      [get] To: /tmp/ans.fhir.fr.pdsm#3.1.0/input-cache/schemas/R4/xml.xsd
      [get] Not modified - so not downloaded
      [get] Getting: http://hl7.org/fhir/R4/xmldsig-core-schema.xsd
      [get] To: /tmp/ans.fhir.fr.pdsm#3.1.0/input-cache/schemas/R4/xmldsig-core-schema.xsd
      [get] Not modified - so not downloaded

onGenerate.r3-schemas:

onGenerate.r2b-schemas:

onGenerate.r2-schemas:

onGenerate.schemas:

onGenerate.data:
     [xslt] Processing /tmp/ans.fhir.fr.pdsm#3.1.0/template/onGenerate-ig-working.xml to /tmp/ans.fhir.fr.pdsm#3.1.0/temp/pages/_data/artifacts.json
     [xslt] Loading stylesheet /tmp/ans.fhir.fr.pdsm#3.1.0/template/scripts/onGenerate.data.xslt

onGenerate.setup:

onGenerate.infoFile:
     [xslt] Processing /tmp/ans.fhir.fr.pdsm#3.1.0/template/onGenerate-ig-working.xml to /tmp/ans.fhir.fr.pdsm#3.1.0/temp/pages/_data/info.json
     [xslt] Loading stylesheet /tmp/ans.fhir.fr.pdsm#3.1.0/template/scripts/onGenerate.genJson.xslt

onGenerate.processIncludes:
     [copy] Copying 16 files to /tmp/ans.fhir.fr.pdsm#3.1.0/temp/pages/_includes

onGenerate.processIg:
     [xslt] Processing /tmp/ans.fhir.fr.pdsm#3.1.0/template/onGenerate-ig-working.xml to /tmp/ans.fhir.fr.pdsm#3.1.0/template/onGenerate-ig-working.1.xml
     [xslt] Loading stylesheet /tmp/ans.fhir.fr.pdsm#3.1.0/template/scripts/onGenerate.group.xslt
     [xslt] Processing /tmp/ans.fhir.fr.pdsm#3.1.0/template/onGenerate-ig-working.1.xml to /tmp/ans.fhir.fr.pdsm#3.1.0/template/onGenerate-ig-working.2.xml
     [xslt] Loading stylesheet /tmp/ans.fhir.fr.pdsm#3.1.0/template/scripts/onGenerate.groupSort.xslt
     [xslt] Processing /tmp/ans.fhir.fr.pdsm#3.1.0/template/onGenerate-ig-working.2.xml to /tmp/ans.fhir.fr.pdsm#3.1.0/template/onGenerate-ig-updated.xml
     [xslt] Loading stylesheet /tmp/ans.fhir.fr.pdsm#3.1.0/template/scripts/onGenerate.final.xslt

onGenerate.igQa:
     [xslt] Processing /tmp/ans.fhir.fr.pdsm#3.1.0/template/onGenerate-ig-updated.xml to /tmp/ans.fhir.fr.pdsm#3.1.0/template/ongenerate-validation-igqa.json
     [xslt] Loading stylesheet /tmp/ans.fhir.fr.pdsm#3.1.0/template/scripts/onGenerate.qa.xslt

onGenerate.artifactList:
     [xslt] Processing /tmp/ans.fhir.fr.pdsm#3.1.0/template/onGenerate-ig-updated.xml to /tmp/ans.fhir.fr.pdsm#3.1.0/temp/pages/_includes/artifacts.xml
     [xslt] Loading stylesheet /tmp/ans.fhir.fr.pdsm#3.1.0/template/scripts/createArtifactSummary.xslt

check-plantumlfiles:

onGenerate.plantUml.ig:

onGenerate.plantUml.template:

onGenerate.plantUml:

onGenerate.copyDataFiles:

onGenerate.extend:

onGenerate:
Template Done                                                                                        (00:01.634 / 01:24.505, 1Gb)
Generate HTML Outputs                                                                                (00:00.001 / 01:24.506, 1Gb)
ERROR StatusLogger Log4j2 could not find a logging implementation. Please add log4j-core to the classpath. Using SimpleLogger to log to the console...
Generate Summaries                                                                                   (00:09.008 / 01:33.515, 1Gb)
Generating Summary Outputs                                                                           (00:00.001 / 01:33.516, 1Gb)
DB Cumulative Time invested: 00:00:00.110
Sending Usage Stats to Server                                                                        (00:09.076 / 01:42.592, 2Gb)
## Memory (MB): Use = 2821, Free = 768, Total = 3590, Max = 3996                                     (00:00.004 / 01:42.596, 2Gb)
Reclaiming memory...                                                                                 (00:00.000 / 01:42.597, 2Gb)
## Memory (MB): Use = 1420, Free = 2169, Total = 3590, Max = 3996                                    (00:00.678 / 01:43.275, 1Gb)
Run jekyll: jekyll build --destination "/tmp/ans.fhir.fr.pdsm#3.1.0/output" (in folder /tmp/ans.fhir.fr.pdsm#3.1.0/temp/pages) (00:00.001 / 01:43.277, 1Gb)
Troubleshooting Note: usual cases for Jekyll to fail are:                                            (00:00.001 / 01:43.278, 1Gb)
* A failure to produce a fragment that is already logged in the output above                         (00:00.000 / 01:43.279, 1Gb)
* A reference to a manually edited file that hasn't been provided                                    (00:00.000 / 01:43.280, 1Gb)
Jekyll: Source: /tmp/ans.fhir.fr.pdsm#3.1.0/temp/pages                                               (00:00.401 / 01:43.681, 1Gb)
Jekyll: Generating...                                                                                (00:00.001 / 01:43.682, 1Gb)
Jekyll: done in 1.316 seconds.                                                                       (00:01.314 / 01:44.997, 1Gb)

Installing ans.fhir.fr.pdsm#3.1.0 done.
Checking Output HTML                                                                                 (00:02.082 / 01:47.080, 2Gb)
found 878 files                                                                                      (00:00.005 / 01:47.086, 2Gb)
.........................................
.........................................
  ... 878 html files, 0 pages invalid xhtml (0%)                                                     (00:09.609 / 01:56.695, 1Gb)
  ... 145330 links, 0 broken links (0%)                                                              (00:00.001 / 01:56.696, 1Gb)
Generate fragment-usage-analysis.csv                                                                 (00:00.000 / 01:56.697, 1Gb)
Build final .zip                                                                                     (00:00.007 / 01:56.705, 1Gb)
Final .zip built                                                                                     (00:01.497 / 01:58.202, 1Gb)
Built. Times: loading: 00:01.632, generate: 01:28.276, narrative generation: 00:00.864, realm-rules: 00:00.001, previous-version: 00:00.938, jekyll: 00:01.733, validation: 00:40.506 (#21), template: 00:01.633 (#3) (00:04.193 / 02:02.396, 1Gb)
Generating QA                                                                                        (00:00.001 / 02:02.397, 1Gb)
Validation output in /tmp/ans.fhir.fr.pdsm#3.1.0/output/qa.html
Errors: 1, Warnings: 51, Info: 39, Broken Links: 0 (00:00.607 / 02:03.005, 2Gb)
Finished. Max Memory Used = 2Gb. Log file saved in /tmp/fhir-ig-publisher-tmp.log                    (00:00.006 / 02:03.011, 2Gb)
Prepare Build space in /tmp/ans.fhir.fr.pdsm#3.1.0-milestone
Build IG at /home/runner/work/IG-fhir-partage-de-documents-de-sante/IG-fhir-partage-de-documents-de-sante/./igSource: final copy suitable for publication (in /tmp/ans.fhir.fr.pdsm#3.1.0-milestone) (milestone build)
FHIR IG Publisher Version 1.6.10 (Git# 662296255466). Built 2024-05-26T00:05:39.6Z (3 days old)     
Detected Java version: 17.0.10 from /opt/hostedtoolcache/Java_Microsoft_jdk/17.0.10/x64 on Linux/amd64 (64bit). 3996MB available
dir = /home/runner/work/IG-fhir-partage-de-documents-de-sante/IG-fhir-partage-de-documents-de-sante, path = /opt/hostedtoolcache/Ruby/3.3.1/x64/bin:/usr/share/dotnet:/opt/hostedtoolcache/node/20.13.1/x64/bin:/opt/hostedtoolcache/Java_Microsoft_jdk/17.0.10/x64/bin:/snap/bin:/home/runner/.local/bin:/opt/pipx_bin:/home/runner/.cargo/bin:/home/runner/.config/composer/vendor/bin:/usr/local/.ghcup/bin:/home/runner/.dotnet/tools:/usr/local/sbin:/usr/local/bin:/usr/sbin:/usr/bin:/sbin:/bin:/usr/games:/usr/local/games:/snap/bin
Parameters: -ig /tmp/ans.fhir.fr.pdsm#3.1.0-milestone -publish https://interop.esante.gouv.fr/ig/fhir/pdsm/3.1.0 -milestone -no-exit
Start Clock @ Wednesday, May 29, 2024 at 10:02:09 AM Coordinated Universal Time (2024-05-29T10:02:09Z)
                                                                                                    
Build FHIR IG from /tmp/ans.fhir.fr.pdsm#3.1.0-milestone                                             (00:00.003 / 00:00.003, 2Gb)
Build Formal Publication package, intended for https://interop.esante.gouv.fr/ig/fhir/pdsm/3.1.0     (00:00.000 / 00:00.004, 2Gb)
API keys loaded from /home/runner/.fhir/fhir-settings.json                                           (00:00.000 / 00:00.004, 2Gb)
Package Cache: /home/runner/.fhir/packages                                                           (00:00.000 / 00:00.005, 2Gb)
Run Sushi on /tmp/ans.fhir.fr.pdsm#3.1.0-milestone                                                   (00:00.000 / 00:00.006, 2Gb)
Sushi: info  Running SUSHI v3.10.0 (implements FHIR Shorthand specification v3.0.0-ballot)           (00:00.376 / 00:00.383, 2Gb)
Sushi: info  Arguments:                                                                              (00:00.003 / 00:00.386, 2Gb)
Sushi: info    --require-latest                                                                      (00:00.000 / 00:00.387, 2Gb)
Sushi: info    --out /tmp/ans.fhir.fr.pdsm#3.1.0-milestone                                           (00:00.000 / 00:00.388, 2Gb)
Sushi: info    /tmp/ans.fhir.fr.pdsm#3.1.0-milestone                                                 (00:00.000 / 00:00.389, 2Gb)
Sushi: info  Using configuration file: /tmp/ans.fhir.fr.pdsm#3.1.0-milestone/sushi-config.yaml       (00:00.356 / 00:00.746, 2Gb)
Sushi: info  Importing FSH text...                                                                   (00:00.112 / 00:00.858, 2Gb)
Sushi: info  Preprocessed 21 documents with 15 aliases.                                              (00:00.238 / 00:01.097, 2Gb)
Sushi: info  Imported 9 definitions and 11 instances.                                                (00:00.017 / 00:01.115, 2Gb)
Sushi: info  Checking /home/runner/.fhir/packages for hl7.fhir.uv.tools#current...                   (00:00.001 / 00:01.116, 2Gb)
Sushi: info  Found hl7.fhir.uv.tools#current in /home/runner/.fhir/packages.                         (00:00.039 / 00:01.156, 2Gb)
Sushi: info  Loaded package hl7.fhir.uv.tools#current                                                (00:00.300 / 00:01.457, 2Gb)
Sushi: info  Checking /home/runner/.fhir/packages for hl7.terminology.r4#5.5.0...                    (00:00.875 / 00:02.333, 2Gb)
Sushi: info  Found hl7.terminology.r4#5.5.0 in /home/runner/.fhir/packages.                          (00:00.500 / 00:02.833, 2Gb)
Sushi: info  Loaded package hl7.terminology.r4#5.5.0                                                 (00:00.000 / 00:02.834, 2Gb)
Sushi: info  Checking /home/runner/.fhir/packages for hl7.fhir.uv.extensions.r4#5.1.0...             (00:00.121 / 00:02.955, 2Gb)
Sushi: info  Found hl7.fhir.uv.extensions.r4#5.1.0 in /home/runner/.fhir/packages.                   (00:00.525 / 00:03.481, 2Gb)
Sushi: info  Loaded package hl7.fhir.uv.extensions.r4#5.1.0                                          (00:00.000 / 00:03.482, 2Gb)
Sushi: info  Checking /home/runner/.fhir/packages for ihe.iti.mhd#4.2.0...                           (00:00.000 / 00:03.482, 2Gb)
Sushi: info  Found ihe.iti.mhd#4.2.0 in /home/runner/.fhir/packages.                                 (00:00.469 / 00:03.952, 2Gb)
Sushi: info  Loaded package ihe.iti.mhd#4.2.0                                                        (00:00.000 / 00:03.953, 2Gb)
Sushi: info  Checking /home/runner/.fhir/packages for ans.fhir.fr.annuaire#1.0.1...                  (00:00.000 / 00:03.954, 2Gb)
Sushi: info  Found ans.fhir.fr.annuaire#1.0.1 in /home/runner/.fhir/packages.                        (00:00.580 / 00:04.534, 2Gb)
Sushi: info  Loaded package ans.fhir.fr.annuaire#1.0.1                                               (00:00.001 / 00:04.535, 2Gb)
Sushi: info  Checking /home/runner/.fhir/packages for hl7.fhir.fr.core#2.0.1...                      (00:00.000 / 00:04.536, 2Gb)
Sushi: info  Found hl7.fhir.fr.core#2.0.1 in /home/runner/.fhir/packages.                            (00:00.621 / 00:05.158, 2Gb)
Sushi: info  Loaded package hl7.fhir.fr.core#2.0.1                                                   (00:00.000 / 00:05.159, 2Gb)
Sushi: info  Checking /home/runner/.fhir/packages for ans.fr.nos#1.2.0...                            (00:00.115 / 00:05.275, 2Gb)
Sushi: info  Found ans.fr.nos#1.2.0 in /home/runner/.fhir/packages.                                  (00:00.866 / 00:06.142, 2Gb)
Sushi: info  Loaded package ans.fr.nos#1.2.0                                                         (00:00.001 / 00:06.143, 2Gb)
Sushi: info  Checking /home/runner/.fhir/packages for hl7.fhir.r4.core#4.0.1...                      (00:00.001 / 00:06.144, 2Gb)
Sushi: info  Found hl7.fhir.r4.core#4.0.1 in /home/runner/.fhir/packages.                            (00:01.435 / 00:07.580, 2Gb)
Sushi: info  Loaded package hl7.fhir.r4.core#4.0.1                                                   (00:00.000 / 00:07.581, 2Gb)
Sushi: info  Converting FSH to FHIR resources...                                                     (00:00.033 / 00:07.614, 2Gb)
Sushi: info  Converted 9 FHIR StructureDefinitions.                                                  (00:01.407 / 00:09.022, 2Gb)
Sushi: info  Converted 11 FHIR instances.                                                            (00:00.356 / 00:09.379, 2Gb)
Sushi: info  Exporting FHIR resources as JSON...                                                     (00:00.009 / 00:09.388, 2Gb)
Sushi: info  Exported 20 FHIR resources as JSON.                                                     (00:00.087 / 00:09.476, 2Gb)
Sushi: info  Assembling Implementation Guide sources...                                              (00:00.002 / 00:09.478, 2Gb)
Sushi: info  Generated ImplementationGuide-ans.fhir.fr.pdsm.json                                     (00:00.032 / 00:09.510, 2Gb)
Sushi: info  Assembled Implementation Guide sources; ready for IG Publisher.                         (00:00.000 / 00:09.511, 2Gb)
Sushi: ========================= SUSHI RESULTS ===========================                           (00:00.000 / 00:09.511, 2Gb)
Sushi: |  -------------------------------------------------------------  |                           (00:00.000 / 00:09.512, 2Gb)
Sushi: | |    Profiles   |  Extensions  |   Logicals   |   Resources   | |                           (00:00.000 / 00:09.513, 2Gb)
Sushi: | |-------------------------------------------------------------| |                           (00:00.000 / 00:09.514, 2Gb)
Sushi: | |       7       |      2       |      0       |       0       | |                           (00:00.000 / 00:09.515, 2Gb)
Sushi: |  -------------------------------------------------------------  |                           (00:00.000 / 00:09.515, 2Gb)
Sushi: |  -------------------------------------------------------------  |                           (00:00.000 / 00:09.516, 2Gb)
Sushi: | |      ValueSets     |    CodeSystems    |     Instances      | |                           (00:00.000 / 00:09.517, 2Gb)
Sushi: | |-------------------------------------------------------------| |                           (00:00.000 / 00:09.518, 2Gb)
Sushi: | |         0          |         0         |         11         | |                           (00:00.000 / 00:09.519, 2Gb)
Sushi: |  -------------------------------------------------------------  |                           (00:00.000 / 00:09.520, 2Gb)
Sushi: |                                                                 |                           (00:00.000 / 00:09.520, 2Gb)
Sushi: ===================================================================                           (00:00.000 / 00:09.521, 2Gb)
Sushi: | You rock, lobster!                     0 Errors      0 Warnings |                           (00:00.000 / 00:09.522, 2Gb)
Sushi: ===================================================================                           (00:00.000 / 00:09.523, 2Gb)
Unable to load IG as an r5 IG - try R4 (property code is a class com.google.gson.JsonPrimitive looking for an object) (00:00.029 / 00:09.553, 2Gb)
Load Template from https://github.com/ansforge/IG-template                                           (00:00.013 / 00:09.567, 2Gb)
 Load Template from fhir.base.template#current                                                       (00:00.780 / 00:10.348, 1Gb)

onLoad.findSpreadsheets:

onLoad.updateIg:
     [xslt] Processing /tmp/ans.fhir.fr.pdsm#3.1.0-milestone/template/onLoad-ig-working.xml to /tmp/ans.fhir.fr.pdsm#3.1.0-milestone/template/onLoad-ig-updated.xml
     [xslt] Loading stylesheet /tmp/ans.fhir.fr.pdsm#3.1.0-milestone/template/scripts/onLoad.xslt

onLoad.extend:

onLoad:
Root directory: /tmp/ans.fhir.fr.pdsm#3.1.0-milestone                                                (00:01.978 / 00:12.326, 1Gb)
Terminology Cache is at /tmp/ans.fhir.fr.pdsm#3.1.0-milestone/input-cache/txcache. 5 files in cache  (00:00.449 / 00:12.775, 1Gb)
Core Package hl7.fhir.r4.core#4.0.1
Unable to generate snapshot @2 for Definition from noname because Profile Definition (http://hl7.org/fhir/StructureDefinition/Definition) has no base and no snapshot
Unable to generate snapshot @2 for Event from noname because Profile Event (http://hl7.org/fhir/StructureDefinition/Event) has no base and no snapshot
Unable to generate snapshot @2 for FiveWs from noname because Profile FiveWs (http://hl7.org/fhir/StructureDefinition/FiveWs) has no base and no snapshot
Unable to generate snapshot @2 for Request from noname because Profile Request (http://hl7.org/fhir/StructureDefinition/Request) has no base and no snapshot
Running Terminology Log: /tmp/ohfu-fhir-ig-16309908520967525067.log
Connect to Terminology Server at http://tx.fhir.org                                                  (00:01.804 / 00:14.580, 2Gb)
Load Package hl7.fhir.pubpack#0.1.7
Load Package hl7.fhir.xver-extensions#0.1.0
Load Package hl7.terminology.r4#5.5.0
Load Package hl7.fhir.uv.extensions.r4#5.1.0
Load Package hl7.terminology.r4#5.0.0
Load Package hl7.terminology.r4#4.0.0
Load Package ihe.iti.balp#1.1.1
Load Package ihe.formatcode.fhir#1.1.0
Load Package ihe.iti.mhd#4.2.0
Load Package hl7.fhir.uv.extensions.r4#1.0.0
Load Package hl7.terminology.r4#5.3.0
Load Package ans.fr.nos#1.2.0
Load Package hl7.fhir.fr.core#2.0.1
Load Package ans.fhir.fr.annuaire#1.0.1
Load Package hl7.fhir.fr.core#2.0.1
Load Package ans.fr.nos#1.2.0
Version mismatch. This IG is version 4.0.1, while the IG 'hl7.fhir.uv.tools' is from version 5.0.0 (will try to run anyway) (00:08.104 / 00:22.684, 2Gb)
Load Package hl7.fhir.uv.tools#0.2.0
Load R5 Specials
Unable to generate snapshot @2 for Definition from noname because Profile Definition (http://hl7.org/fhir/StructureDefinition/Definition) has no base and no snapshot
Unable to generate snapshot @2 for Event from noname because Profile Event (http://hl7.org/fhir/StructureDefinition/Event) has no base and no snapshot
Unable to generate snapshot @2 for FiveWs from noname because Profile FiveWs (http://hl7.org/fhir/StructureDefinition/FiveWs) has no base and no snapshot
Unable to generate snapshot @2 for Request from noname because Profile Request (http://hl7.org/fhir/StructureDefinition/Request) has no base and no snapshot
Initialization complete                                                                              (00:00.366 / 00:23.051, 2Gb)
Load Content                                                                                         (00:00.000 / 00:23.052, 2Gb)
loadPrePages from FetchedFile[/tmp/ans.fhir.fr.pdsm#3.1.0-milestone/fsh-generated/includes] as /tmp/ans.fhir.fr.pdsm#3.1.0-milestone/fsh-generated/includes
loadPrePages from FetchedFile[/tmp/ans.fhir.fr.pdsm#3.1.0-milestone/input/data] as /tmp/ans.fhir.fr.pdsm#3.1.0-milestone/input/data
loadPrePages from FetchedFile[/tmp/ans.fhir.fr.pdsm#3.1.0-milestone/input/pagecontent] as /tmp/ans.fhir.fr.pdsm#3.1.0-milestone/input/pagecontent
Fetch https://interop.esante.gouv.fr/ig/fhir/pdsm/package-list.json for version check                (00:01.367 / 00:24.419, 2Gb)
Processing Conformance Resources                                                                     (00:00.329 / 00:24.749, 2Gb)
Load Dependency Info                                                                                 (00:00.001 / 00:24.750, 2Gb)
Load Info                                                                                            (00:00.000 / 00:24.751, 2Gb)
Load Resources                                                                                       (00:00.000 / 00:24.751, 2Gb)
Load Paths                                                                                           (00:00.656 / 00:25.408, 2Gb)
Generating Snapshots                                                                                 (00:00.000 / 00:25.408, 2Gb)
Check R4 / R4B                                                                                       (00:00.527 / 00:25.936, 3Gb)
Assign Comparison Ids                                                                                (00:00.004 / 00:25.940, 3Gb)
Propagating status                                                                                   (00:00.000 / 00:25.941, 3Gb)
Generating Narratives                                                                                (00:00.000 / 00:25.942, 3Gb)
Validating Conformance Resources                                                                     (00:00.769 / 00:26.712, 2Gb)
Unable to generate snapshot @2 for Definition from noname because Profile Definition (http://hl7.org/fhir/StructureDefinition/Definition) has no base and no snapshot
Unable to generate snapshot @2 for Event from noname because Profile Event (http://hl7.org/fhir/StructureDefinition/Event) has no base and no snapshot
Unable to generate snapshot @2 for FiveWs from noname because Profile FiveWs (http://hl7.org/fhir/StructureDefinition/FiveWs) has no base and no snapshot
Unable to generate snapshot @2 for Request from noname because Profile Request (http://hl7.org/fhir/StructureDefinition/Request) has no base and no snapshot
Check profiles & code systems                                                                        (00:36.505 / 01:03.217, 2Gb)
Check realm rules                                                                                    (00:00.001 / 01:03.219, 2Gb)
Previous Version Comparison                                                                          (00:00.000 / 01:03.220, 2Gb)
Installing ans.fhir.fr.pdsm#3.1.0-ballot to the package cache
  Fetching:
2024-05-29 10:03:13.194 [main] INFO  o.h.f.u.npm.BasePackageCacheManager [BasePackageCacheManager.java:88] Failed to resolve package ans.fhir.fr.pdsm#3.1.0-ballot from server: https://packages.fhir.org (Not Found)
2024-05-29 10:03:13.297 [main] INFO  o.h.f.u.npm.BasePackageCacheManager [BasePackageCacheManager.java:88] Failed to resolve package ans.fhir.fr.pdsm#3.1.0-ballot from server: https://packages2.fhir.org/packages (Not found)
org.hl7.fhir.exceptions.FHIRException: Unable to resolve package id ans.fhir.fr.pdsm#3.1.0-ballot
	at org.hl7.fhir.utilities.npm.FilesystemPackageCacheManager.fetchTheOldWay(FilesystemPackageCacheManager.java:857)
	at org.hl7.fhir.utilities.npm.FilesystemPackageCacheManager.loadFromPackageServer(FilesystemPackageCacheManager.java:341)
	at org.hl7.fhir.utilities.npm.FilesystemPackageCacheManager.loadPackage(FilesystemPackageCacheManager.java:647)
	at org.hl7.fhir.igtools.publisher.comparators.PreviousVersionComparator.startChecks(PreviousVersionComparator.java:196)
	at org.hl7.fhir.igtools.publisher.Publisher.checkConformanceResources(Publisher.java:5719)
	at org.hl7.fhir.igtools.publisher.Publisher.loadConformance(Publisher.java:5561)
	at org.hl7.fhir.igtools.publisher.Publisher.createIg(Publisher.java:1188)
	at org.hl7.fhir.igtools.publisher.Publisher.execute(Publisher.java:1027)
	at org.hl7.fhir.igtools.publisher.Publisher.main(Publisher.java:12942)
	at org.hl7.fhir.igtools.web.PublicationProcess.runBuild(PublicationProcess.java:899)
	at org.hl7.fhir.igtools.web.PublicationProcess.doPublish(PublicationProcess.java:481)
	at org.hl7.fhir.igtools.web.PublicationProcess.publishInner2(PublicationProcess.java:393)
	at org.hl7.fhir.igtools.web.PublicationProcess.publishInner(PublicationProcess.java:231)
	at org.hl7.fhir.igtools.web.PublicationProcess.publish(PublicationProcess.java:123)
	at org.hl7.fhir.igtools.publisher.Publisher.main(Publisher.java:12692)
Validating Resources                                                                                 (00:01.073 / 01:04.293, 2Gb)
Processing Provenance Records                                                                        (00:00.054 / 01:04.348, 2Gb)
Generating Outputs in /tmp/ans.fhir.fr.pdsm#3.1.0-milestone/output                                   (00:00.000 / 01:04.349, 2Gb)
Generate Native Outputs                                                                              (00:00.094 / 01:04.443, 2Gb)
Run Template                                                                                         (00:04.744 / 01:09.188, 3Gb)

onGenerate.checkVersions:
     [xslt] Processing /tmp/ans.fhir.fr.pdsm#3.1.0-milestone/template/onGenerate-ig-working.xml to /tmp/ans.fhir.fr.pdsm#3.1.0-milestone/template/versions.txt
     [xslt] Loading stylesheet /tmp/ans.fhir.fr.pdsm#3.1.0-milestone/template/scripts/onGenerate.getVersions.xslt

onGenerate.r5-schemas:
      [get] Getting: http://build.fhir.org/fhir-single.xsd
      [get] To: /tmp/ans.fhir.fr.pdsm#3.1.0-milestone/input-cache/schemas/R5/fhir-single.xsd
      [get] Not modified - so not downloaded
      [get] Getting: http://build.fhir.org/fhir-xhtml.xsd
      [get] To: /tmp/ans.fhir.fr.pdsm#3.1.0-milestone/input-cache/schemas/R5/fhir-xhtml.xsd
      [get] Not modified - so not downloaded
      [get] Getting: http://build.fhir.org/xml.xsd
      [get] To: /tmp/ans.fhir.fr.pdsm#3.1.0-milestone/input-cache/schemas/R5/xml.xsd
      [get] Not modified - so not downloaded
      [get] Getting: http://build.fhir.org/xmldsig-core-schema.xsd
      [get] To: /tmp/ans.fhir.fr.pdsm#3.1.0-milestone/input-cache/schemas/R5/xmldsig-core-schema.xsd
      [get] Not modified - so not downloaded

onGenerate.r4-schemas:
      [get] Getting: http://hl7.org/fhir/R4/fhir-single.xsd
      [get] To: /tmp/ans.fhir.fr.pdsm#3.1.0-milestone/input-cache/schemas/R4/fhir-single.xsd
      [get] Not modified - so not downloaded
      [get] Getting: http://hl7.org/fhir/R4/fhir-xhtml.xsd
      [get] To: /tmp/ans.fhir.fr.pdsm#3.1.0-milestone/input-cache/schemas/R4/fhir-xhtml.xsd
      [get] Not modified - so not downloaded
      [get] Getting: http://hl7.org/fhir/R4/xml.xsd
      [get] To: /tmp/ans.fhir.fr.pdsm#3.1.0-milestone/input-cache/schemas/R4/xml.xsd
      [get] Not modified - so not downloaded
      [get] Getting: http://hl7.org/fhir/R4/xmldsig-core-schema.xsd
      [get] To: /tmp/ans.fhir.fr.pdsm#3.1.0-milestone/input-cache/schemas/R4/xmldsig-core-schema.xsd
      [get] Not modified - so not downloaded

onGenerate.r3-schemas:

onGenerate.r2b-schemas:

onGenerate.r2-schemas:

onGenerate.schemas:

onGenerate.data:
     [xslt] Processing /tmp/ans.fhir.fr.pdsm#3.1.0-milestone/template/onGenerate-ig-working.xml to /tmp/ans.fhir.fr.pdsm#3.1.0-milestone/temp/pages/_data/artifacts.json
     [xslt] Loading stylesheet /tmp/ans.fhir.fr.pdsm#3.1.0-milestone/template/scripts/onGenerate.data.xslt

onGenerate.setup:

onGenerate.infoFile:
     [xslt] Processing /tmp/ans.fhir.fr.pdsm#3.1.0-milestone/template/onGenerate-ig-working.xml to /tmp/ans.fhir.fr.pdsm#3.1.0-milestone/temp/pages/_data/info.json
     [xslt] Loading stylesheet /tmp/ans.fhir.fr.pdsm#3.1.0-milestone/template/scripts/onGenerate.genJson.xslt

onGenerate.processIncludes:
     [copy] Copying 16 files to /tmp/ans.fhir.fr.pdsm#3.1.0-milestone/temp/pages/_includes

onGenerate.processIg:
     [xslt] Processing /tmp/ans.fhir.fr.pdsm#3.1.0-milestone/template/onGenerate-ig-working.xml to /tmp/ans.fhir.fr.pdsm#3.1.0-milestone/template/onGenerate-ig-working.1.xml
     [xslt] Loading stylesheet /tmp/ans.fhir.fr.pdsm#3.1.0-milestone/template/scripts/onGenerate.group.xslt
     [xslt] Processing /tmp/ans.fhir.fr.pdsm#3.1.0-milestone/template/onGenerate-ig-working.1.xml to /tmp/ans.fhir.fr.pdsm#3.1.0-milestone/template/onGenerate-ig-working.2.xml
     [xslt] Loading stylesheet /tmp/ans.fhir.fr.pdsm#3.1.0-milestone/template/scripts/onGenerate.groupSort.xslt
     [xslt] Processing /tmp/ans.fhir.fr.pdsm#3.1.0-milestone/template/onGenerate-ig-working.2.xml to /tmp/ans.fhir.fr.pdsm#3.1.0-milestone/template/onGenerate-ig-updated.xml
     [xslt] Loading stylesheet /tmp/ans.fhir.fr.pdsm#3.1.0-milestone/template/scripts/onGenerate.final.xslt

onGenerate.igQa:
     [xslt] Processing /tmp/ans.fhir.fr.pdsm#3.1.0-milestone/template/onGenerate-ig-updated.xml to /tmp/ans.fhir.fr.pdsm#3.1.0-milestone/template/ongenerate-validation-igqa.json
     [xslt] Loading stylesheet /tmp/ans.fhir.fr.pdsm#3.1.0-milestone/template/scripts/onGenerate.qa.xslt

onGenerate.artifactList:
     [xslt] Processing /tmp/ans.fhir.fr.pdsm#3.1.0-milestone/template/onGenerate-ig-updated.xml to /tmp/ans.fhir.fr.pdsm#3.1.0-milestone/temp/pages/_includes/artifacts.xml
     [xslt] Loading stylesheet /tmp/ans.fhir.fr.pdsm#3.1.0-milestone/template/scripts/createArtifactSummary.xslt

check-plantumlfiles:

onGenerate.plantUml.ig:

onGenerate.plantUml.template:

onGenerate.plantUml:

onGenerate.copyDataFiles:

onGenerate.extend:

onGenerate:
Template Done                                                                                        (00:01.505 / 01:10.694, 3Gb)
Generate HTML Outputs                                                                                (00:00.000 / 01:10.694, 3Gb)
Generate Summaries                                                                                   (00:06.538 / 01:17.232, 3Gb)
Generating Summary Outputs                                                                           (00:00.001 / 01:17.234, 3Gb)
DB Cumulative Time invested: 00:00:00.108
Sending Usage Stats to Server                                                                        (00:07.658 / 01:24.892, 2Gb)
## Memory (MB): Use = 2992, Free = 1003, Total = 3996, Max = 3996                                    (00:00.001 / 01:24.894, 2Gb)
Reclaiming memory...                                                                                 (00:00.000 / 01:24.895, 2Gb)
## Memory (MB): Use = 2815, Free = 1180, Total = 3996, Max = 3996                                    (00:01.290 / 01:26.185, 2Gb)
Run jekyll: jekyll build --destination "/tmp/ans.fhir.fr.pdsm#3.1.0-milestone/output" (in folder /tmp/ans.fhir.fr.pdsm#3.1.0-milestone/temp/pages) (00:00.001 / 01:26.186, 2Gb)
Troubleshooting Note: usual cases for Jekyll to fail are:                                            (00:00.001 / 01:26.187, 2Gb)
* A failure to produce a fragment that is already logged in the output above                         (00:00.000 / 01:26.188, 2Gb)
* A reference to a manually edited file that hasn't been provided                                    (00:00.000 / 01:26.189, 2Gb)
Jekyll: Source: /tmp/ans.fhir.fr.pdsm#3.1.0-milestone/temp/pages                                     (00:00.331 / 01:26.520, 2Gb)
Jekyll: Generating...                                                                                (00:00.000 / 01:26.521, 2Gb)
Jekyll: done in 1.304 seconds.                                                                       (00:01.303 / 01:27.825, 2Gb)

Installing ans.fhir.fr.pdsm#3.1.0Checking Output HTML                                                                                 (00:01.058 / 01:28.884, 2Gb)
found 878 files                                                                                      (00:00.005 / 01:28.889, 2Gb)
.........................................
.........................................
  ... 878 html files, 0 pages invalid xhtml (0%)                                                     (00:05.940 / 01:34.829, 2Gb)
  ... 145330 links, 0 broken links (0%)                                                              (00:00.000 / 01:34.830, 2Gb)
Generate fragment-usage-analysis.csv                                                                 (00:00.000 / 01:34.831, 2Gb)
Build final .zip                                                                                     (00:00.006 / 01:34.838, 2Gb)
Final .zip built                                                                                     (00:01.487 / 01:36.325, 2Gb)
Built. Times: loading: 00:01.695, generate: 01:15.498, narrative generation: 00:00.768, realm-rules: 00:00.000, previous-version: 00:01.048, jekyll: 00:01.651, validation: 00:36.550 (#21), template: 00:01.504 (#3) (00:03.921 / 01:40.247, 3Gb)
Generating QA                                                                                        (00:00.001 / 01:40.248, 3Gb)
Validation output in /tmp/ans.fhir.fr.pdsm#3.1.0-milestone/output/qa.html
Errors: 1, Warnings: 51, Info: 39, Broken Links: 0 (00:00.619 / 01:40.867, 2Gb)
Finished. Max Memory Used = 3Gb. Log file saved in /tmp/fhir-ig-publisher-tmp.log                    (00:00.007 / 01:40.875, 2Gb)
Keep a copy of the build directory at /tmp/web-root/run-20240529/ig-build-zips/ans.fhir.fr.pdsm#3.1.0.zip

ok. All checks passed. Publish v3.1.0 to /tmp/web-root/run-20240529/pdsm/3.1.0
Copy the IG to /tmp/web-root/run-20240529/pdsm/3.1.0
Update /tmp/web-root/run-20240529/pdsm/package-list.json
Publish Box Statement: This page is part of the Partage de Documents de Sant en mobilit (PDSm) (v3.1.0: Release) based on <a no-external="true" href="http://hl7.org/fhir/R4">FHIR (HL7 FHIR Standard) R4</a>. This is the current published version in its permanent home (it will always be available at this URL).  For a full list of available versions, see the <a no-external="true" href="https://interop.esante.gouv.fr/ig/fhir/pdsm/history.html">Directory of published versions</a>
no html insert in /tmp/web-root/run-20240529/pdsm/3.1.0/qa-txservers.html
  .. 164 files checked, 164 updated
  .. 50 clones checked, 100 updated
  .. 21 redirections (21 created/updated)
This is a milestone release - publish v3.1.0 to /tmp/web-root/run-20240529/pdsm
Publish Box Statement: This page is part of the Partage de Documents de Sant en mobilit (PDSm) (v3.1.0: Release) based on <a no-external="true" href="http://hl7.org/fhir/R4">FHIR (HL7 FHIR Standard) R4</a>. This is the current published version.  For a full list of available versions, see the <a no-external="true" href="https://interop.esante.gouv.fr/ig/fhir/pdsm/history.html">Directory of published versions</a>
no html insert in /tmp/ans.fhir.fr.pdsm#3.1.0-milestone/output/qa-txservers.html
  .. 164 files checked, 164 updated
  .. 50 clones checked, 100 updated
  .. 21 redirections (21 created/updated)
Check for Files to delete
  ... 0 files
Copy to new IG to /tmp/web-root/run-20240529/pdsm
Update history page at /tmp/web-root/run-20240529/pdsm from /home/runner/work/IG-fhir-partage-de-documents-de-sante/IG-fhir-partage-de-documents-de-sante/./IG-website-release/fhir-ig-history-template and ./IG-website-release/templates
Build is complete. Copy from /tmp/web-root/run-20240529
ans.fhir.fr.pdsm (https://interop.esante.gouv.fr/ig/fhir/pdsm): Partage de Documents de Sant en mobilit (PDSm) @ https://ansforge.github.io/IG-fhir-partage-de-documents-de-sante/ig/main
  release: trial-use 3.1.0/4.0.1 @ https://interop.esante.gouv.fr/ig/fhir/pdsm/3.1.0
