FHIR IG Publisher Version 1.6.29 (Git# 7b9937a4c22a). Built 2024-10-08T16:17:01.152Z (40 hours old)
Detected Java version: 17.0.10 from /opt/hostedtoolcache/Java_Microsoft_jdk/17.0.10/x64 on amd64 (64bit). 3996MB available
dir = /home/runner/work/IG-fhir-telesurveillance/IG-fhir-telesurveillance, path = /opt/hostedtoolcache/Ruby/3.3.5/x64/bin:/opt/hostedtoolcache/node/20.17.0/x64/bin:/opt/hostedtoolcache/Java_Microsoft_jdk/17.0.10/x64/bin:/snap/bin:/home/runner/.local/bin:/opt/pipx_bin:/home/runner/.cargo/bin:/home/runner/.config/composer/vendor/bin:/usr/local/.ghcup/bin:/home/runner/.dotnet/tools:/usr/local/sbin:/usr/local/bin:/usr/sbin:/usr/bin:/sbin:/bin:/usr/games:/usr/local/games:/snap/bin
Parameters: -go-publish -source ./igSource -web ./IG-website-release/www/ig/fhir -registry ./IG-website-release/ig-registry/fhir-ig-list.json -history ./IG-website-release/fhir-ig-history-template -templates ./IG-website-release/templates
---------------
Publication Run: publish ./igSource to ./IG-website-release/www/ig/fhir
Run Number: 51
Relative directory for IG is '/telesurveillance'
===== Web Publication Run Details ===============================
 Source IG: ans.fhir.fr.telesurveillance#0.1.0 : https://interop.esante.gouv.fr/ig/fhir/telesurveillance (R4) from ./igSource
All checks passed. Do the publication build from /home/runner/work/IG-fhir-telesurveillance/IG-fhir-telesurveillance/./igSource and publish to /tmp/web-root/run-20241010/telesurveillance
Prepare Build space in /tmp/ans.fhir.fr.telesurveillance#0.1.0
Build IG at /home/runner/work/IG-fhir-telesurveillance/IG-fhir-telesurveillance/./igSource: final copy suitable for publication (in /tmp/ans.fhir.fr.telesurveillance#0.1.0)
FHIR IG Publisher Version 1.6.29 (Git# 7b9937a4c22a). Built 2024-10-08T16:17:01.152Z (40 hours old) 
Detected Java version: 17.0.10 from /opt/hostedtoolcache/Java_Microsoft_jdk/17.0.10/x64 on Linux/amd64 (64bit). 3996MB available
dir = /home/runner/work/IG-fhir-telesurveillance/IG-fhir-telesurveillance, path = /opt/hostedtoolcache/Ruby/3.3.5/x64/bin:/opt/hostedtoolcache/node/20.17.0/x64/bin:/opt/hostedtoolcache/Java_Microsoft_jdk/17.0.10/x64/bin:/snap/bin:/home/runner/.local/bin:/opt/pipx_bin:/home/runner/.cargo/bin:/home/runner/.config/composer/vendor/bin:/usr/local/.ghcup/bin:/home/runner/.dotnet/tools:/usr/local/sbin:/usr/local/bin:/usr/sbin:/usr/bin:/sbin:/bin:/usr/games:/usr/local/games:/snap/bin
Parameters: -ig /tmp/ans.fhir.fr.telesurveillance#0.1.0 -resetTx -publish https://interop.esante.gouv.fr/ig/fhir/telesurveillance/0.1.0 -no-exit
Start Clock @ Thursday, October 10, 2024 at 9:00:08 AM Coordinated Universal Time (2024-10-10T09:00:08Z)
                                                                                                    
Build FHIR IG from /tmp/ans.fhir.fr.telesurveillance#0.1.0                                           (00:00.023 / 00:00.024, 29Mb)
Build Formal Publication package, intended for https://interop.esante.gouv.fr/ig/fhir/telesurveillance/0.1.0 (00:00.003 / 00:00.027, 29Mb)
API keys loaded from /home/runner/.fhir/fhir-settings.json                                           (00:00.001 / 00:00.028, 29Mb)
Package Cache: /home/runner/.fhir/packages                                                           (00:00.004 / 00:00.033, 29Mb)
Run Sushi on /tmp/ans.fhir.fr.telesurveillance#0.1.0                                                 (00:00.002 / 00:00.036, 29Mb)
Sushi: info  Running SUSHI v3.11.1 (implements FHIR Shorthand specification v3.0.0-ballot)           (00:00.588 / 00:00.625, 31Mb)
Sushi: info  Arguments:                                                                              (00:00.001 / 00:00.626, 31Mb)
Sushi: info    --require-latest                                                                      (00:00.001 / 00:00.628, 31Mb)
Sushi: info    --out /tmp/ans.fhir.fr.telesurveillance#0.1.0                                         (00:00.001 / 00:00.629, 31Mb)
Sushi: info    /tmp/ans.fhir.fr.telesurveillance#0.1.0                                               (00:00.001 / 00:00.631, 31Mb)
Sushi: info  Using configuration file: /tmp/ans.fhir.fr.telesurveillance#0.1.0/sushi-config.yaml     (00:00.449 / 00:01.080, 31Mb)
Sushi: info  Importing FSH text...                                                                   (00:00.101 / 00:01.182, 31Mb)
Sushi: info  Preprocessed 6 documents with 1 aliases.                                                (00:00.136 / 00:01.318, 31Mb)
Sushi: info  Imported 2 definitions and 11 instances.                                                (00:00.011 / 00:01.330, 31Mb)
Sushi: info  Checking /home/runner/.fhir/packages for hl7.fhir.uv.tools#current...                   (00:00.001 / 00:01.332, 31Mb)
Sushi: info  Found hl7.fhir.uv.tools#current in /home/runner/.fhir/packages.                         (00:00.065 / 00:01.398, 31Mb)
Sushi: info  Loaded package hl7.fhir.uv.tools#current                                                (00:00.544 / 00:01.942, 31Mb)
Sushi: info  Checking /home/runner/.fhir/packages for hl7.terminology.r4#6.0.2...                    (00:00.815 / 00:02.758, 31Mb)
Sushi: info  Found hl7.terminology.r4#6.0.2 in /home/runner/.fhir/packages.                          (00:00.564 / 00:03.322, 31Mb)
Sushi: info  Loaded package hl7.terminology.r4#6.0.2                                                 (00:00.001 / 00:03.324, 31Mb)
Sushi: info  Checking /home/runner/.fhir/packages for hl7.fhir.uv.extensions.r4#5.1.0...             (00:00.165 / 00:03.489, 31Mb)
Sushi: info  Found hl7.fhir.uv.extensions.r4#5.1.0 in /home/runner/.fhir/packages.                   (00:00.512 / 00:04.002, 31Mb)
Sushi: info  Loaded package hl7.fhir.uv.extensions.r4#5.1.0                                          (00:00.001 / 00:04.004, 31Mb)
Sushi: info  Checking /home/runner/.fhir/packages for hl7.fhir.fr.core#2.1.0...                      (00:00.001 / 00:04.005, 31Mb)
Sushi: info  Found hl7.fhir.fr.core#2.1.0 in /home/runner/.fhir/packages.                            (00:00.466 / 00:04.471, 31Mb)
Sushi: info  Loaded package hl7.fhir.fr.core#2.1.0                                                   (00:00.001 / 00:04.472, 31Mb)
Sushi: info  Checking /home/runner/.fhir/packages for hl7.fhir.r4.core#4.0.1...                      (00:00.001 / 00:04.473, 31Mb)
Sushi: info  Found hl7.fhir.r4.core#4.0.1 in /home/runner/.fhir/packages.                            (00:00.958 / 00:05.432, 31Mb)
Sushi: info  Loaded package hl7.fhir.r4.core#4.0.1                                                   (00:00.001 / 00:05.433, 31Mb)
Sushi: info  Converting FSH to FHIR resources...                                                     (00:00.039 / 00:05.473, 31Mb)
Sushi: info  Converted 1 FHIR StructureDefinitions.                                                  (00:00.246 / 00:05.719, 31Mb)
Sushi: info  Converted 1 FHIR ValueSets.                                                             (00:00.033 / 00:05.752, 31Mb)
Sushi: warn  Cannot find the entity referenced at QuestionnaireResponse001. The provided reference value will be used, but this reference does not conform to the FHIR Reference format. (00:00.224 / 00:05.977, 31Mb)
Sushi:   File: /tmp/ans.fhir.fr.telesurveillance#0.1.0/input/fsh/Examples/TLSVObservationExamples.fsh (00:00.002 / 00:05.979, 31Mb)
Sushi:   Line: 30                                                                                    (00:00.001 / 00:05.981, 31Mb)
Sushi: warn  Cannot find the entity referenced at QuestionnaireResponse001. The provided reference value will be used, but this reference does not conform to the FHIR Reference format. (00:00.052 / 00:06.034, 31Mb)
Sushi:   File: /tmp/ans.fhir.fr.telesurveillance#0.1.0/input/fsh/Examples/TLSVObservationExamples.fsh (00:00.002 / 00:06.036, 31Mb)
Sushi:   Line: 46                                                                                    (00:00.001 / 00:06.037, 31Mb)
Sushi: warn  Cannot find the entity referenced at QuestionnaireResponse001. The provided reference value will be used, but this reference does not conform to the FHIR Reference format. (00:00.042 / 00:06.079, 31Mb)
Sushi:   File: /tmp/ans.fhir.fr.telesurveillance#0.1.0/input/fsh/Examples/TLSVObservationExamples.fsh (00:00.001 / 00:06.081, 31Mb)
Sushi:   Line: 61                                                                                    (00:00.001 / 00:06.082, 31Mb)
Sushi: warn  Cannot find the entity referenced at QuestionnaireResponse001. The provided reference value will be used, but this reference does not conform to the FHIR Reference format. (00:00.042 / 00:06.125, 31Mb)
Sushi:   File: /tmp/ans.fhir.fr.telesurveillance#0.1.0/input/fsh/Examples/TLSVObservationExamples.fsh (00:00.002 / 00:06.127, 31Mb)
Sushi:   Line: 77                                                                                    (00:00.001 / 00:06.128, 31Mb)
Sushi: info  Converted 11 FHIR instances.                                                            (00:00.280 / 00:06.408, 31Mb)
Sushi: info  Exporting FHIR resources as JSON...                                                     (00:00.001 / 00:06.410, 31Mb)
Sushi: info  Exported 13 FHIR resources as JSON.                                                     (00:00.006 / 00:06.417, 31Mb)
Sushi: info  Assembling Implementation Guide sources...                                              (00:00.001 / 00:06.418, 31Mb)
Sushi: info  Generated ImplementationGuide-ans.fhir.fr.telesurveillance.json                         (00:00.023 / 00:06.442, 31Mb)
Sushi: info  Assembled Implementation Guide sources; ready for IG Publisher.                         (00:00.001 / 00:06.443, 31Mb)
Sushi: ========================= SUSHI RESULTS ===========================                           (00:00.001 / 00:06.444, 31Mb)
Sushi: |  -------------------------------------------------------------  |                           (00:00.000 / 00:06.445, 31Mb)
Sushi: | |    Profiles   |  Extensions  |   Logicals   |   Resources   | |                           (00:00.000 / 00:06.446, 31Mb)
Sushi: | |-------------------------------------------------------------| |                           (00:00.000 / 00:06.447, 31Mb)
Sushi: | |       1       |      0       |      0       |       0       | |                           (00:00.000 / 00:06.448, 31Mb)
Sushi: |  -------------------------------------------------------------  |                           (00:00.000 / 00:06.449, 31Mb)
Sushi: |  -------------------------------------------------------------  |                           (00:00.000 / 00:06.450, 31Mb)
Sushi: | |      ValueSets     |    CodeSystems    |     Instances      | |                           (00:00.000 / 00:06.451, 31Mb)
Sushi: | |-------------------------------------------------------------| |                           (00:00.000 / 00:06.452, 31Mb)
Sushi: | |         1          |         0         |         11         | |                           (00:00.000 / 00:06.453, 31Mb)
Sushi: |  -------------------------------------------------------------  |                           (00:00.001 / 00:06.454, 31Mb)
Sushi: |                                                                 |                           (00:00.000 / 00:06.454, 31Mb)
Sushi: ===================================================================                           (00:00.001 / 00:06.456, 31Mb)
Sushi: | This looks a bit fishy.                0 Errors      4 Warnings |                           (00:00.001 / 00:06.457, 31Mb)
Sushi: ===================================================================                           (00:00.001 / 00:06.458, 31Mb)
Unable to load IG as an r5 IG - try R4 (property code is a class com.google.gson.JsonPrimitive looking for an object) (00:00.441 / 00:06.900, 50Mb)
Load Template from https://github.com/ansforge/IG-template/tree/for-comment-template                 (00:00.417 / 00:07.317, 30Mb)
 Load Template from fhir.base.template#current                                                       (00:01.476 / 00:08.794, 69Mb)

onLoad.findSpreadsheets:

onLoad.updateIg:
     [xslt] Processing /tmp/ans.fhir.fr.telesurveillance#0.1.0/template/onLoad-ig-working.xml to /tmp/ans.fhir.fr.telesurveillance#0.1.0/template/onLoad-ig-updated.xml
     [xslt] Loading stylesheet /tmp/ans.fhir.fr.telesurveillance#0.1.0/template/scripts/onLoad.xslt

onLoad.extend:

onLoad:
Root directory: /tmp/ans.fhir.fr.telesurveillance#0.1.0                                              (00:03.270 / 00:12.064, 99Mb)
Terminology Cache is at /tmp/ans.fhir.fr.telesurveillance#0.1.0/input-cache/txcache. Clearing now    (00:00.406 / 00:12.471, 104Mb)
Core Package hl7.fhir.r4.core#4.0.1
Running Terminology Log: /tmp/ohfu-fhir-ig-10017484048438880246.log
Connect to Terminology Server at http://tx.fhir.org                                                  (00:02.589 / 00:15.060, 229Mb)
Load Package hl7.fhir.pubpack#0.1.8
Load Package hl7.fhir.xver-extensions#0.1.0
Load Package hl7.terminology.r4#6.0.2
Load Package hl7.fhir.uv.extensions.r4#5.1.0
Load Package ans.fr.nos#1.3.0
Load Package hl7.fhir.fr.core#2.1.0
Version mismatch. This IG is version 4.0.1, while the IG 'hl7.fhir.uv.tools' is from version 5.0.0 (will try to run anyway) (00:04.301 / 00:19.361, 580Mb)
Load Package hl7.fhir.uv.tools#0.2.0
Load R5 Specials
Initialization complete                                                                              (00:00.596 / 00:19.957, 508Mb)
Load Content                                                                                         (00:00.000 / 00:19.958, 508Mb)
Using fr_FR as the default narrative language. (inferred from ImplementationGuide.jurisdiction=FR)   (00:00.046 / 00:20.005, 513Mb)
loadPrePages from FetchedFile[/tmp/ans.fhir.fr.telesurveillance#0.1.0/fsh-generated/includes] as /tmp/ans.fhir.fr.telesurveillance#0.1.0/fsh-generated/includes
loadPrePages from FetchedFile[/tmp/ans.fhir.fr.telesurveillance#0.1.0/input/data] as /tmp/ans.fhir.fr.telesurveillance#0.1.0/input/data
loadPrePages from FetchedFile[/tmp/ans.fhir.fr.telesurveillance#0.1.0/input/pagecontent] as /tmp/ans.fhir.fr.telesurveillance#0.1.0/input/pagecontent
Fetch https://interop.esante.gouv.fr/ig/fhir/telesurveillance/package-list.json for version check    (00:00.413 / 00:20.418, 527Mb)
Processing Conformance Resources                                                                     (00:00.819 / 00:21.238, 529Mb)
Load Dependency Info                                                                                 (00:00.002 / 00:21.240, 529Mb)
Load Info                                                                                            (00:00.001 / 00:21.242, 529Mb)
Load Resources                                                                                       (00:00.001 / 00:21.243, 530Mb)
Load Paths                                                                                           (00:00.033 / 00:21.277, 537Mb)
Generating Snapshots                                                                                 (00:00.001 / 00:21.278, 537Mb)
Check R4 / R4B                                                                                       (00:00.067 / 00:21.346, 562Mb)
Assign Comparison Ids                                                                                (00:00.006 / 00:21.352, 563Mb)
Propagating status                                                                                   (00:00.000 / 00:21.353, 563Mb)
Generating Narratives                                                                                (00:00.000 / 00:21.354, 563Mb)
Validating Conformance Resources                                                                     (00:01.743 / 00:23.097, 393Mb)
Check profiles & code systems                                                                        (00:01.569 / 00:24.666, 344Mb)
Check realm rules                                                                                    (00:00.002 / 00:24.668, 344Mb)
Previous Version Comparison                                                                          (00:00.001 / 00:24.669, 344Mb)
Validating Resources                                                                                 (00:06.358 / 00:31.028, 670Mb)
Processing Provenance Records                                                                        (00:03.166 / 00:34.194, 721Mb)
Generating Outputs in /tmp/ans.fhir.fr.telesurveillance#0.1.0/output                                 (00:00.000 / 00:34.195, 721Mb)
Generate Native Outputs                                                                              (00:00.057 / 00:34.253, 728Mb)
Run Template                                                                                         (00:00.654 / 00:34.908, 793Mb)

onGenerate.checkVersions:
     [xslt] Processing /tmp/ans.fhir.fr.telesurveillance#0.1.0/template/onGenerate-ig-working.xml to /tmp/ans.fhir.fr.telesurveillance#0.1.0/template/versions.txt
     [xslt] Loading stylesheet /tmp/ans.fhir.fr.telesurveillance#0.1.0/template/scripts/onGenerate.getVersions.xslt

onGenerate.r5-schemas:
      [get] Getting: http://build.fhir.org/fhir-single.xsd
      [get] To: /tmp/ans.fhir.fr.telesurveillance#0.1.0/input-cache/schemas/R5/fhir-single.xsd
      [get] Not modified - so not downloaded
      [get] Getting: http://build.fhir.org/fhir-xhtml.xsd
      [get] To: /tmp/ans.fhir.fr.telesurveillance#0.1.0/input-cache/schemas/R5/fhir-xhtml.xsd
      [get] Not modified - so not downloaded
      [get] Getting: http://build.fhir.org/xml.xsd
      [get] To: /tmp/ans.fhir.fr.telesurveillance#0.1.0/input-cache/schemas/R5/xml.xsd
      [get] Not modified - so not downloaded
      [get] Getting: http://build.fhir.org/xmldsig-core-schema.xsd
      [get] To: /tmp/ans.fhir.fr.telesurveillance#0.1.0/input-cache/schemas/R5/xmldsig-core-schema.xsd
      [get] Not modified - so not downloaded

onGenerate.r4-schemas:
      [get] Getting: http://hl7.org/fhir/R4/fhir-single.xsd
      [get] To: /tmp/ans.fhir.fr.telesurveillance#0.1.0/input-cache/schemas/R4/fhir-single.xsd
      [get] Not modified - so not downloaded
      [get] Getting: http://hl7.org/fhir/R4/fhir-xhtml.xsd
      [get] To: /tmp/ans.fhir.fr.telesurveillance#0.1.0/input-cache/schemas/R4/fhir-xhtml.xsd
      [get] Not modified - so not downloaded
      [get] Getting: http://hl7.org/fhir/R4/xml.xsd
      [get] To: /tmp/ans.fhir.fr.telesurveillance#0.1.0/input-cache/schemas/R4/xml.xsd
      [get] Not modified - so not downloaded
      [get] Getting: http://hl7.org/fhir/R4/xmldsig-core-schema.xsd
      [get] To: /tmp/ans.fhir.fr.telesurveillance#0.1.0/input-cache/schemas/R4/xmldsig-core-schema.xsd
      [get] Not modified - so not downloaded

onGenerate.r3-schemas:

onGenerate.r2b-schemas:

onGenerate.r2-schemas:

onGenerate.schemas:

onGenerate.data:
     [xslt] Processing /tmp/ans.fhir.fr.telesurveillance#0.1.0/template/onGenerate-ig-working.xml to /tmp/ans.fhir.fr.telesurveillance#0.1.0/temp/pages/_data/artifacts.json
     [xslt] Loading stylesheet /tmp/ans.fhir.fr.telesurveillance#0.1.0/template/scripts/onGenerate.data.xslt

onGenerate.setup:

onGenerate.infoFile:
     [xslt] Processing /tmp/ans.fhir.fr.telesurveillance#0.1.0/template/onGenerate-ig-working.xml to /tmp/ans.fhir.fr.telesurveillance#0.1.0/temp/pages/_data/info.json
     [xslt] Loading stylesheet /tmp/ans.fhir.fr.telesurveillance#0.1.0/template/scripts/onGenerate.genJson.xslt

onGenerate.processIncludes:
     [copy] Copying 16 files to /tmp/ans.fhir.fr.telesurveillance#0.1.0/temp/pages/_includes

onGenerate.processIg:
     [xslt] Processing /tmp/ans.fhir.fr.telesurveillance#0.1.0/template/onGenerate-ig-working.xml to /tmp/ans.fhir.fr.telesurveillance#0.1.0/template/onGenerate-ig-working.1.xml
     [xslt] Loading stylesheet /tmp/ans.fhir.fr.telesurveillance#0.1.0/template/scripts/onGenerate.group.xslt
     [xslt] Processing /tmp/ans.fhir.fr.telesurveillance#0.1.0/template/onGenerate-ig-working.1.xml to /tmp/ans.fhir.fr.telesurveillance#0.1.0/template/onGenerate-ig-working.2.xml
     [xslt] Loading stylesheet /tmp/ans.fhir.fr.telesurveillance#0.1.0/template/scripts/onGenerate.groupSort.xslt
     [xslt] Processing /tmp/ans.fhir.fr.telesurveillance#0.1.0/template/onGenerate-ig-working.2.xml to /tmp/ans.fhir.fr.telesurveillance#0.1.0/template/onGenerate-ig-updated.xml
     [xslt] Loading stylesheet /tmp/ans.fhir.fr.telesurveillance#0.1.0/template/scripts/onGenerate.final.xslt

onGenerate.igQa:
     [xslt] Processing /tmp/ans.fhir.fr.telesurveillance#0.1.0/template/onGenerate-ig-updated.xml to /tmp/ans.fhir.fr.telesurveillance#0.1.0/template/ongenerate-validation-igqa.json
     [xslt] Loading stylesheet /tmp/ans.fhir.fr.telesurveillance#0.1.0/template/scripts/onGenerate.qa.xslt

onGenerate.artifactList:
     [xslt] Processing /tmp/ans.fhir.fr.telesurveillance#0.1.0/template/onGenerate-ig-updated.xml to /tmp/ans.fhir.fr.telesurveillance#0.1.0/temp/pages/_includes/artifacts.xml
     [xslt] Loading stylesheet /tmp/ans.fhir.fr.telesurveillance#0.1.0/template/scripts/createArtifactSummary.xslt

check-plantumlfiles:

onGenerate.plantUml.ig:

onGenerate.plantUml.template:

onGenerate.plantUml:

onGenerate.copyDataFiles:

onGenerate.extend:

onGenerate:
Template Done                                                                                        (00:02.108 / 00:37.016, 839Mb)
Generate HTML Outputs                                                                                (00:00.000 / 00:37.017, 839Mb)
ERROR StatusLogger Log4j2 could not find a logging implementation. Please add log4j-core to the classpath. Using SimpleLogger to log to the console...
Generate Summaries                                                                                   (00:06.952 / 00:43.970, 1Gb)
Generating Summary Outputs                                                                           (00:00.008 / 00:43.978, 1Gb)
DB Cumulative Time invested: 00:00:00.71
Sending Usage Stats to Server                                                                        (00:04.930 / 00:48.909, 1Gb)
## Memory (MB): Use = 1476, Free = 867, Total = 2344, Max = 3996                                     (00:00.004 / 00:48.914, 1Gb)
Reclaiming memory...                                                                                 (00:00.000 / 00:48.915, 1Gb)
## Memory (MB): Use = 1077, Free = 1266, Total = 2344, Max = 3996                                    (00:00.515 / 00:49.430, 1Gb)
Run jekyll: jekyll build --destination "/tmp/ans.fhir.fr.telesurveillance#0.1.0/output" (in folder /tmp/ans.fhir.fr.telesurveillance#0.1.0/temp/pages) (00:00.001 / 00:49.431, 1Gb)
Troubleshooting Note: usual cases for Jekyll to fail are:                                            (00:00.001 / 00:49.433, 1Gb)
* A failure to produce a fragment that is already logged in the output above                         (00:00.000 / 00:49.434, 1Gb)
* A reference to a manually edited file that hasn't been provided                                    (00:00.001 / 00:49.435, 1Gb)
Jekyll: Source: /tmp/ans.fhir.fr.telesurveillance#0.1.0/temp/pages                                   (00:00.375 / 00:49.811, 1Gb)
Jekyll: Generating...                                                                                (00:00.000 / 00:49.812, 1Gb)
Jekyll: done in 0.437 seconds.                                                                       (00:00.435 / 00:50.248, 1Gb)

Installing ans.fhir.fr.telesurveillance#0.1.0
 done.
Checking Output HTML                                                                                 (00:00.682 / 00:50.930, 1Gb)
found 663 files                                                                                      (00:00.003 / 00:50.934, 1Gb)
.........................................
.........................................
  ... 663 html files, 0 pages invalid xhtml (0%)                                                     (00:01.748 / 00:52.682, 1Gb)
  ... 16373 links, 4 broken links (0%)                                                               (00:00.001 / 00:52.683, 1Gb)
Generate fragment-usage-analysis.csv                                                                 (00:00.000 / 00:52.684, 1Gb)
Build final .zip                                                                                     (00:00.006 / 00:52.690, 1Gb)
Final .zip built                                                                                     (00:00.917 / 00:53.608, 1Gb)
Built. Times: loading: 00:01.278, generate: 00:35.458, narrative generation: 00:01.742, realm-rules: 00:00.001, previous-version: 00:06.348, jekyll: 00:00.822, validation: 00:04.733 (#14), template: 00:02.107 (#3) (00:03.110 / 00:56.719, 1Gb)
Generating QA                                                                                        (00:00.001 / 00:56.720, 1Gb)
Validation output in /tmp/ans.fhir.fr.telesurveillance#0.1.0/output/qa.html
Errors: 23, Warnings: 24, Info: 7, Broken Links: 4 (00:00.596 / 00:57.316, 1Gb)
Finished. Max Memory Used = 1Gb. Log file saved in /tmp/fhir-ig-publisher-tmp.log                    (00:00.005 / 00:57.321, 1Gb)
Prepare Build space in /tmp/ans.fhir.fr.telesurveillance#0.1.0-milestone
Build IG at /home/runner/work/IG-fhir-telesurveillance/IG-fhir-telesurveillance/./igSource: final copy suitable for publication (in /tmp/ans.fhir.fr.telesurveillance#0.1.0-milestone) (milestone build)
FHIR IG Publisher Version 1.6.29 (Git# 7b9937a4c22a). Built 2024-10-08T16:17:01.152Z (40 hours old) 
Detected Java version: 17.0.10 from /opt/hostedtoolcache/Java_Microsoft_jdk/17.0.10/x64 on Linux/amd64 (64bit). 3996MB available
dir = /home/runner/work/IG-fhir-telesurveillance/IG-fhir-telesurveillance, path = /opt/hostedtoolcache/Ruby/3.3.5/x64/bin:/opt/hostedtoolcache/node/20.17.0/x64/bin:/opt/hostedtoolcache/Java_Microsoft_jdk/17.0.10/x64/bin:/snap/bin:/home/runner/.local/bin:/opt/pipx_bin:/home/runner/.cargo/bin:/home/runner/.config/composer/vendor/bin:/usr/local/.ghcup/bin:/home/runner/.dotnet/tools:/usr/local/sbin:/usr/local/bin:/usr/sbin:/usr/bin:/sbin:/bin:/usr/games:/usr/local/games:/snap/bin
Parameters: -ig /tmp/ans.fhir.fr.telesurveillance#0.1.0-milestone -publish https://interop.esante.gouv.fr/ig/fhir/telesurveillance/0.1.0 -milestone -no-exit
Start Clock @ Thursday, October 10, 2024 at 9:01:07 AM Coordinated Universal Time (2024-10-10T09:01:07Z)
                                                                                                    
Build FHIR IG from /tmp/ans.fhir.fr.telesurveillance#0.1.0-milestone                                 (00:00.003 / 00:00.003, 1Gb)
Build Formal Publication package, intended for https://interop.esante.gouv.fr/ig/fhir/telesurveillance/0.1.0 (00:00.000 / 00:00.004, 1Gb)
API keys loaded from /home/runner/.fhir/fhir-settings.json                                           (00:00.000 / 00:00.004, 1Gb)
Package Cache: /home/runner/.fhir/packages                                                           (00:00.000 / 00:00.005, 1Gb)
Run Sushi on /tmp/ans.fhir.fr.telesurveillance#0.1.0-milestone                                       (00:00.000 / 00:00.006, 1Gb)
Sushi: info  Running SUSHI v3.11.1 (implements FHIR Shorthand specification v3.0.0-ballot)           (00:00.376 / 00:00.382, 1Gb)
Sushi: info  Arguments:                                                                              (00:00.000 / 00:00.383, 1Gb)
Sushi: info    --require-latest                                                                      (00:00.000 / 00:00.384, 1Gb)
Sushi: info    --out /tmp/ans.fhir.fr.telesurveillance#0.1.0-milestone                               (00:00.000 / 00:00.385, 1Gb)
Sushi: info    /tmp/ans.fhir.fr.telesurveillance#0.1.0-milestone                                     (00:00.000 / 00:00.386, 1Gb)
Sushi: info  Using configuration file: /tmp/ans.fhir.fr.telesurveillance#0.1.0-milestone/sushi-config.yaml (00:00.330 / 00:00.717, 1Gb)
Sushi: info  Importing FSH text...                                                                   (00:00.107 / 00:00.824, 1Gb)
Sushi: info  Preprocessed 6 documents with 1 aliases.                                                (00:00.142 / 00:00.966, 1Gb)
Sushi: info  Imported 2 definitions and 11 instances.                                                (00:00.012 / 00:00.979, 1Gb)
Sushi: info  Checking /home/runner/.fhir/packages for hl7.fhir.uv.tools#current...                   (00:00.001 / 00:00.980, 1Gb)
Sushi: info  Found hl7.fhir.uv.tools#current in /home/runner/.fhir/packages.                         (00:00.040 / 00:01.020, 1Gb)
Sushi: info  Loaded package hl7.fhir.uv.tools#current                                                (00:00.760 / 00:01.780, 1Gb)
Sushi: info  Checking /home/runner/.fhir/packages for hl7.terminology.r4#6.0.2...                    (00:00.642 / 00:02.423, 1Gb)
Sushi: info  Found hl7.terminology.r4#6.0.2 in /home/runner/.fhir/packages.                          (00:00.518 / 00:02.941, 1Gb)
Sushi: info  Loaded package hl7.terminology.r4#6.0.2                                                 (00:00.000 / 00:02.942, 1Gb)
Sushi: info  Checking /home/runner/.fhir/packages for hl7.fhir.uv.extensions.r4#5.1.0...             (00:00.169 / 00:03.111, 1Gb)
Sushi: info  Found hl7.fhir.uv.extensions.r4#5.1.0 in /home/runner/.fhir/packages.                   (00:00.491 / 00:03.603, 1Gb)
Sushi: info  Loaded package hl7.fhir.uv.extensions.r4#5.1.0                                          (00:00.001 / 00:03.604, 1Gb)
Sushi: info  Checking /home/runner/.fhir/packages for hl7.fhir.fr.core#2.1.0...                      (00:00.000 / 00:03.605, 1Gb)
Sushi: info  Found hl7.fhir.fr.core#2.1.0 in /home/runner/.fhir/packages.                            (00:00.496 / 00:04.102, 1Gb)
Sushi: info  Loaded package hl7.fhir.fr.core#2.1.0                                                   (00:00.000 / 00:04.102, 1Gb)
Sushi: info  Checking /home/runner/.fhir/packages for hl7.fhir.r4.core#4.0.1...                      (00:00.000 / 00:04.103, 1Gb)
Sushi: info  Found hl7.fhir.r4.core#4.0.1 in /home/runner/.fhir/packages.                            (00:00.934 / 00:05.038, 1Gb)
Sushi: info  Loaded package hl7.fhir.r4.core#4.0.1                                                   (00:00.000 / 00:05.039, 1Gb)
Sushi: info  Converting FSH to FHIR resources...                                                     (00:00.038 / 00:05.078, 1Gb)
Sushi: info  Converted 1 FHIR StructureDefinitions.                                                  (00:00.257 / 00:05.335, 1Gb)
Sushi: info  Converted 1 FHIR ValueSets.                                                             (00:00.032 / 00:05.368, 1Gb)
Sushi: warn  Cannot find the entity referenced at QuestionnaireResponse001. The provided reference value will be used, but this reference does not conform to the FHIR Reference format. (00:00.214 / 00:05.583, 1Gb)
Sushi:   File: /tmp/ans.fhir.fr.telesurveillance#0.1.0-milestone/input/fsh/Examples/TLSVObservationExamples.fsh (00:00.001 / 00:05.584, 1Gb)
Sushi:   Line: 30                                                                                    (00:00.000 / 00:05.585, 1Gb)
Sushi: warn  Cannot find the entity referenced at QuestionnaireResponse001. The provided reference value will be used, but this reference does not conform to the FHIR Reference format. (00:00.052 / 00:05.637, 1Gb)
Sushi:   File: /tmp/ans.fhir.fr.telesurveillance#0.1.0-milestone/input/fsh/Examples/TLSVObservationExamples.fsh (00:00.001 / 00:05.638, 1Gb)
Sushi:   Line: 46                                                                                    (00:00.000 / 00:05.639, 1Gb)
Sushi: warn  Cannot find the entity referenced at QuestionnaireResponse001. The provided reference value will be used, but this reference does not conform to the FHIR Reference format. (00:00.042 / 00:05.681, 1Gb)
Sushi:   File: /tmp/ans.fhir.fr.telesurveillance#0.1.0-milestone/input/fsh/Examples/TLSVObservationExamples.fsh (00:00.001 / 00:05.683, 1Gb)
Sushi:   Line: 61                                                                                    (00:00.000 / 00:05.684, 1Gb)
Sushi: warn  Cannot find the entity referenced at QuestionnaireResponse001. The provided reference value will be used, but this reference does not conform to the FHIR Reference format. (00:00.042 / 00:05.726, 1Gb)
Sushi:   File: /tmp/ans.fhir.fr.telesurveillance#0.1.0-milestone/input/fsh/Examples/TLSVObservationExamples.fsh (00:00.001 / 00:05.728, 1Gb)
Sushi:   Line: 77                                                                                    (00:00.001 / 00:05.729, 1Gb)
Sushi: info  Converted 11 FHIR instances.                                                            (00:00.281 / 00:06.010, 1Gb)
Sushi: info  Exporting FHIR resources as JSON...                                                     (00:00.001 / 00:06.012, 1Gb)
Sushi: info  Exported 13 FHIR resources as JSON.                                                     (00:00.007 / 00:06.019, 1Gb)
Sushi: info  Assembling Implementation Guide sources...                                              (00:00.001 / 00:06.020, 1Gb)
Sushi: info  Generated ImplementationGuide-ans.fhir.fr.telesurveillance.json                         (00:00.022 / 00:06.043, 1Gb)
Sushi: info  Assembled Implementation Guide sources; ready for IG Publisher.                         (00:00.000 / 00:06.044, 1Gb)
Sushi: ========================= SUSHI RESULTS ===========================                           (00:00.001 / 00:06.045, 1Gb)
Sushi: |  -------------------------------------------------------------  |                           (00:00.000 / 00:06.046, 1Gb)
Sushi: | |    Profiles   |  Extensions  |   Logicals   |   Resources   | |                           (00:00.000 / 00:06.047, 1Gb)
Sushi: | |-------------------------------------------------------------| |                           (00:00.000 / 00:06.048, 1Gb)
Sushi: | |       1       |      0       |      0       |       0       | |                           (00:00.000 / 00:06.048, 1Gb)
Sushi: |  -------------------------------------------------------------  |                           (00:00.000 / 00:06.049, 1Gb)
Sushi: |  -------------------------------------------------------------  |                           (00:00.000 / 00:06.050, 1Gb)
Sushi: | |      ValueSets     |    CodeSystems    |     Instances      | |                           (00:00.000 / 00:06.051, 1Gb)
Sushi: | |-------------------------------------------------------------| |                           (00:00.000 / 00:06.051, 1Gb)
Sushi: | |         1          |         0         |         11         | |                           (00:00.000 / 00:06.052, 1Gb)
Sushi: |  -------------------------------------------------------------  |                           (00:00.000 / 00:06.053, 1Gb)
Sushi: |                                                                 |                           (00:00.000 / 00:06.054, 1Gb)
Sushi: ===================================================================                           (00:00.000 / 00:06.054, 1Gb)
Sushi: | Maybe you should scale back            0 Errors      4 Warnings |                           (00:00.000 / 00:06.055, 1Gb)
Sushi: ===================================================================                           (00:00.000 / 00:06.056, 1Gb)
Unable to load IG as an r5 IG - try R4 (property code is a class com.google.gson.JsonPrimitive looking for an object) (00:00.022 / 00:06.079, 1Gb)
Load Template from https://github.com/ansforge/IG-template/tree/for-comment-template                 (00:00.018 / 00:06.098, 1Gb)
 Load Template from fhir.base.template#current                                                       (00:00.872 / 00:06.971, 1Gb)

onLoad.findSpreadsheets:

onLoad.updateIg:
     [xslt] Processing /tmp/ans.fhir.fr.telesurveillance#0.1.0-milestone/template/onLoad-ig-working.xml to /tmp/ans.fhir.fr.telesurveillance#0.1.0-milestone/template/onLoad-ig-updated.xml
     [xslt] Loading stylesheet /tmp/ans.fhir.fr.telesurveillance#0.1.0-milestone/template/scripts/onLoad.xslt

onLoad.extend:

onLoad:
Root directory: /tmp/ans.fhir.fr.telesurveillance#0.1.0-milestone                                    (00:02.049 / 00:09.020, 1Gb)
Terminology Cache is at /tmp/ans.fhir.fr.telesurveillance#0.1.0-milestone/input-cache/txcache. 13 files in cache (00:00.392 / 00:09.413, 1Gb)
Core Package hl7.fhir.r4.core#4.0.1
Running Terminology Log: /tmp/ohfu-fhir-ig-16563171999094752340.log
Connect to Terminology Server at http://tx.fhir.org                                                  (00:01.380 / 00:10.793, 1Gb)
Load Package hl7.fhir.pubpack#0.1.8
Load Package hl7.fhir.xver-extensions#0.1.0
Load Package hl7.terminology.r4#6.0.2
Load Package hl7.fhir.uv.extensions.r4#5.1.0
Load Package ans.fr.nos#1.3.0
Load Package hl7.fhir.fr.core#2.1.0
Version mismatch. This IG is version 4.0.1, while the IG 'hl7.fhir.uv.tools' is from version 5.0.0 (will try to run anyway) (00:02.930 / 00:13.723, 1Gb)
Load Package hl7.fhir.uv.tools#0.2.0
Load R5 Specials
Initialization complete                                                                              (00:00.330 / 00:14.054, 2Gb)
Load Content                                                                                         (00:00.000 / 00:14.054, 2Gb)
Using fr_FR as the default narrative language. (inferred from ImplementationGuide.jurisdiction=FR)   (00:00.009 / 00:14.064, 2Gb)
loadPrePages from FetchedFile[/tmp/ans.fhir.fr.telesurveillance#0.1.0-milestone/fsh-generated/includes] as /tmp/ans.fhir.fr.telesurveillance#0.1.0-milestone/fsh-generated/includes
loadPrePages from FetchedFile[/tmp/ans.fhir.fr.telesurveillance#0.1.0-milestone/input/data] as /tmp/ans.fhir.fr.telesurveillance#0.1.0-milestone/input/data
loadPrePages from FetchedFile[/tmp/ans.fhir.fr.telesurveillance#0.1.0-milestone/input/pagecontent] as /tmp/ans.fhir.fr.telesurveillance#0.1.0-milestone/input/pagecontent
Fetch https://interop.esante.gouv.fr/ig/fhir/telesurveillance/package-list.json for version check    (00:00.100 / 00:14.164, 2Gb)
Processing Conformance Resources                                                                     (00:00.463 / 00:14.628, 2Gb)
Load Dependency Info                                                                                 (00:00.001 / 00:14.629, 2Gb)
Load Info                                                                                            (00:00.000 / 00:14.630, 2Gb)
Load Resources                                                                                       (00:00.000 / 00:14.631, 2Gb)
Load Paths                                                                                           (00:00.019 / 00:14.650, 2Gb)
Generating Snapshots                                                                                 (00:00.000 / 00:14.651, 2Gb)
Check R4 / R4B                                                                                       (00:00.030 / 00:14.682, 2Gb)
Assign Comparison Ids                                                                                (00:00.002 / 00:14.684, 2Gb)
Propagating status                                                                                   (00:00.000 / 00:14.685, 2Gb)
Generating Narratives                                                                                (00:00.000 / 00:14.686, 2Gb)
Validating Conformance Resources                                                                     (00:00.458 / 00:15.145, 1Gb)
Check profiles & code systems                                                                        (00:00.768 / 00:15.914, 1Gb)
Check realm rules                                                                                    (00:00.000 / 00:15.915, 1Gb)
Previous Version Comparison                                                                          (00:00.000 / 00:15.916, 1Gb)
Validating Resources                                                                                 (00:04.985 / 00:20.901, 1Gb)
Processing Provenance Records                                                                        (00:00.271 / 00:21.172, 1Gb)
Generating Outputs in /tmp/ans.fhir.fr.telesurveillance#0.1.0-milestone/output                       (00:00.000 / 00:21.173, 1Gb)
Generate Native Outputs                                                                              (00:00.057 / 00:21.231, 1Gb)
Run Template                                                                                         (00:00.738 / 00:21.970, 2Gb)

onGenerate.checkVersions:
     [xslt] Processing /tmp/ans.fhir.fr.telesurveillance#0.1.0-milestone/template/onGenerate-ig-working.xml to /tmp/ans.fhir.fr.telesurveillance#0.1.0-milestone/template/versions.txt
     [xslt] Loading stylesheet /tmp/ans.fhir.fr.telesurveillance#0.1.0-milestone/template/scripts/onGenerate.getVersions.xslt

onGenerate.r5-schemas:
      [get] Getting: http://build.fhir.org/fhir-single.xsd
      [get] To: /tmp/ans.fhir.fr.telesurveillance#0.1.0-milestone/input-cache/schemas/R5/fhir-single.xsd
      [get] Not modified - so not downloaded
      [get] Getting: http://build.fhir.org/fhir-xhtml.xsd
      [get] To: /tmp/ans.fhir.fr.telesurveillance#0.1.0-milestone/input-cache/schemas/R5/fhir-xhtml.xsd
      [get] Not modified - so not downloaded
      [get] Getting: http://build.fhir.org/xml.xsd
      [get] To: /tmp/ans.fhir.fr.telesurveillance#0.1.0-milestone/input-cache/schemas/R5/xml.xsd
      [get] Not modified - so not downloaded
      [get] Getting: http://build.fhir.org/xmldsig-core-schema.xsd
      [get] To: /tmp/ans.fhir.fr.telesurveillance#0.1.0-milestone/input-cache/schemas/R5/xmldsig-core-schema.xsd
      [get] Not modified - so not downloaded

onGenerate.r4-schemas:
      [get] Getting: http://hl7.org/fhir/R4/fhir-single.xsd
      [get] To: /tmp/ans.fhir.fr.telesurveillance#0.1.0-milestone/input-cache/schemas/R4/fhir-single.xsd
      [get] Not modified - so not downloaded
      [get] Getting: http://hl7.org/fhir/R4/fhir-xhtml.xsd
      [get] To: /tmp/ans.fhir.fr.telesurveillance#0.1.0-milestone/input-cache/schemas/R4/fhir-xhtml.xsd
      [get] Not modified - so not downloaded
      [get] Getting: http://hl7.org/fhir/R4/xml.xsd
      [get] To: /tmp/ans.fhir.fr.telesurveillance#0.1.0-milestone/input-cache/schemas/R4/xml.xsd
      [get] Not modified - so not downloaded
      [get] Getting: http://hl7.org/fhir/R4/xmldsig-core-schema.xsd
      [get] To: /tmp/ans.fhir.fr.telesurveillance#0.1.0-milestone/input-cache/schemas/R4/xmldsig-core-schema.xsd
      [get] Not modified - so not downloaded

onGenerate.r3-schemas:

onGenerate.r2b-schemas:

onGenerate.r2-schemas:

onGenerate.schemas:

onGenerate.data:
     [xslt] Processing /tmp/ans.fhir.fr.telesurveillance#0.1.0-milestone/template/onGenerate-ig-working.xml to /tmp/ans.fhir.fr.telesurveillance#0.1.0-milestone/temp/pages/_data/artifacts.json
     [xslt] Loading stylesheet /tmp/ans.fhir.fr.telesurveillance#0.1.0-milestone/template/scripts/onGenerate.data.xslt

onGenerate.setup:

onGenerate.infoFile:
     [xslt] Processing /tmp/ans.fhir.fr.telesurveillance#0.1.0-milestone/template/onGenerate-ig-working.xml to /tmp/ans.fhir.fr.telesurveillance#0.1.0-milestone/temp/pages/_data/info.json
     [xslt] Loading stylesheet /tmp/ans.fhir.fr.telesurveillance#0.1.0-milestone/template/scripts/onGenerate.genJson.xslt

onGenerate.processIncludes:
     [copy] Copying 16 files to /tmp/ans.fhir.fr.telesurveillance#0.1.0-milestone/temp/pages/_includes

onGenerate.processIg:
     [xslt] Processing /tmp/ans.fhir.fr.telesurveillance#0.1.0-milestone/template/onGenerate-ig-working.xml to /tmp/ans.fhir.fr.telesurveillance#0.1.0-milestone/template/onGenerate-ig-working.1.xml
     [xslt] Loading stylesheet /tmp/ans.fhir.fr.telesurveillance#0.1.0-milestone/template/scripts/onGenerate.group.xslt
     [xslt] Processing /tmp/ans.fhir.fr.telesurveillance#0.1.0-milestone/template/onGenerate-ig-working.1.xml to /tmp/ans.fhir.fr.telesurveillance#0.1.0-milestone/template/onGenerate-ig-working.2.xml
     [xslt] Loading stylesheet /tmp/ans.fhir.fr.telesurveillance#0.1.0-milestone/template/scripts/onGenerate.groupSort.xslt
     [xslt] Processing /tmp/ans.fhir.fr.telesurveillance#0.1.0-milestone/template/onGenerate-ig-working.2.xml to /tmp/ans.fhir.fr.telesurveillance#0.1.0-milestone/template/onGenerate-ig-updated.xml
     [xslt] Loading stylesheet /tmp/ans.fhir.fr.telesurveillance#0.1.0-milestone/template/scripts/onGenerate.final.xslt

onGenerate.igQa:
     [xslt] Processing /tmp/ans.fhir.fr.telesurveillance#0.1.0-milestone/template/onGenerate-ig-updated.xml to /tmp/ans.fhir.fr.telesurveillance#0.1.0-milestone/template/ongenerate-validation-igqa.json
     [xslt] Loading stylesheet /tmp/ans.fhir.fr.telesurveillance#0.1.0-milestone/template/scripts/onGenerate.qa.xslt

onGenerate.artifactList:
     [xslt] Processing /tmp/ans.fhir.fr.telesurveillance#0.1.0-milestone/template/onGenerate-ig-updated.xml to /tmp/ans.fhir.fr.telesurveillance#0.1.0-milestone/temp/pages/_includes/artifacts.xml
     [xslt] Loading stylesheet /tmp/ans.fhir.fr.telesurveillance#0.1.0-milestone/template/scripts/createArtifactSummary.xslt

check-plantumlfiles:

onGenerate.plantUml.ig:

onGenerate.plantUml.template:

onGenerate.plantUml:

onGenerate.copyDataFiles:

onGenerate.extend:

onGenerate:
Template Done                                                                                        (00:01.750 / 00:23.721, 2Gb)
Generate HTML Outputs                                                                                (00:00.000 / 00:23.722, 2Gb)
Generate Summaries                                                                                   (00:05.163 / 00:28.885, 2Gb)
Generating Summary Outputs                                                                           (00:00.005 / 00:28.890, 2Gb)
DB Cumulative Time invested: 00:00:00.65
Sending Usage Stats to Server                                                                        (00:04.114 / 00:33.005, 3Gb)
## Memory (MB): Use = 3115, Free = 784, Total = 3900, Max = 3996                                     (00:00.001 / 00:33.006, 3Gb)
Reclaiming memory...                                                                                 (00:00.000 / 00:33.007, 3Gb)
## Memory (MB): Use = 2126, Free = 1773, Total = 3900, Max = 3996                                    (00:00.951 / 00:33.959, 2Gb)
Run jekyll: jekyll build --destination "/tmp/ans.fhir.fr.telesurveillance#0.1.0-milestone/output" (in folder /tmp/ans.fhir.fr.telesurveillance#0.1.0-milestone/temp/pages) (00:00.001 / 00:33.960, 2Gb)
Troubleshooting Note: usual cases for Jekyll to fail are:                                            (00:00.001 / 00:33.962, 2Gb)
* A failure to produce a fragment that is already logged in the output above                         (00:00.000 / 00:33.963, 2Gb)
* A reference to a manually edited file that hasn't been provided                                    (00:00.000 / 00:33.964, 2Gb)
Jekyll: Source: /tmp/ans.fhir.fr.telesurveillance#0.1.0-milestone/temp/pages                         (00:00.320 / 00:34.284, 2Gb)
Jekyll: Generating...                                                                                (00:00.001 / 00:34.285, 2Gb)
Jekyll: done in 0.44 seconds.                                                                        (00:00.438 / 00:34.724, 2Gb)

Installing ans.fhir.fr.telesurveillance#0.1.0
Checking Output HTML                                                                                 (00:00.226 / 00:34.951, 2Gb)
found 663 files                                                                                      (00:00.003 / 00:34.954, 2Gb)
.........................................
.........................................
  ... 663 html files, 0 pages invalid xhtml (0%)                                                     (00:01.067 / 00:36.022, 2Gb)
  ... 16373 links, 4 broken links (0%)                                                               (00:00.001 / 00:36.023, 2Gb)
Generate fragment-usage-analysis.csv                                                                 (00:00.001 / 00:36.024, 2Gb)
Build final .zip                                                                                     (00:00.008 / 00:36.032, 2Gb)
Final .zip built                                                                                     (00:00.952 / 00:36.985, 2Gb)
Built. Times: loading: 00:00.573, generate: 00:25.676, narrative generation: 00:00.458, realm-rules: 00:00.000, previous-version: 00:04.980, jekyll: 00:00.770, validation: 00:01.037 (#14), template: 00:01.750 (#3) (00:03.320 / 00:40.306, 2Gb)
Generating QA                                                                                        (00:00.001 / 00:40.307, 2Gb)
Validation output in /tmp/ans.fhir.fr.telesurveillance#0.1.0-milestone/output/qa.html
Errors: 23, Warnings: 24, Info: 7, Broken Links: 4 (00:00.622 / 00:40.930, 2Gb)
Finished. Max Memory Used = 3Gb. Log file saved in /tmp/fhir-ig-publisher-tmp.log                    (00:00.005 / 00:40.936, 2Gb)
Keep a copy of the build directory at /tmp/web-root/run-20241010/ig-build-zips/ans.fhir.fr.telesurveillance#0.1.0.zip

ok. All checks passed. Publish v0.1.0 to /tmp/web-root/run-20241010/telesurveillance/0.1.0
Copy the IG to /tmp/web-root/run-20241010/telesurveillance/0.1.0
Update /tmp/web-root/run-20241010/telesurveillance/package-list.json
Publish Box Statement: This page is part of the Guide d'implémentation de la télésurveillance (v0.1.0: Release) based on <a no-external="true" href="http://hl7.org/fhir/R4">FHIR (HL7® FHIR® Standard) R4</a>. This is the current published version in its permanent home (it will always be available at this URL).  For a full list of available versions, see the <a no-external="true" href="https://interop.esante.gouv.fr/ig/fhir/telesurveillance/history.html">Directory of published versions</a>
no html insert in /tmp/web-root/run-20241010/telesurveillance/0.1.0/qa-txservers.html
  .. 75 files checked, 75 updated
  .. 41 clones checked, 82 updated
  .. 14 redirections (14 created/updated)
This is a milestone release - publish v0.1.0 to /tmp/web-root/run-20241010/telesurveillance
Publish Box Statement: This page is part of the Guide d'implémentation de la télésurveillance (v0.1.0: Release) based on <a no-external="true" href="http://hl7.org/fhir/R4">FHIR (HL7® FHIR® Standard) R4</a>. This is the current published version.  For a full list of available versions, see the <a no-external="true" href="https://interop.esante.gouv.fr/ig/fhir/telesurveillance/history.html">Directory of published versions</a>
no html insert in /tmp/ans.fhir.fr.telesurveillance#0.1.0-milestone/output/qa-txservers.html
  .. 75 files checked, 75 updated
  .. 41 clones checked, 82 updated
  .. 14 redirections (14 created/updated)
Check for Files to delete
  ... 0 files
Copy to new IG to /tmp/web-root/run-20241010/telesurveillance
Update history page at /tmp/web-root/run-20241010/telesurveillance from /home/runner/work/IG-fhir-telesurveillance/IG-fhir-telesurveillance/./IG-website-release/fhir-ig-history-template and ./IG-website-release/templates
Build is complete. Copy from /tmp/web-root/run-20241010
ans.fhir.fr.telesurveillance (https://interop.esante.gouv.fr/ig/fhir/telesurveillance): Guide d'implémentation de la télésurveillance @ https://ansforge.github.io/IG-fhir-telesurveillance-de-sante/main/ig
  release: trial-use 0.1.0/4.0.1 @ https://interop.esante.gouv.fr/ig/fhir/telesurveillance/0.1.0
