FHIR IG Publisher Version 2.2.7 (Git# 46f94953d4dc). Built 2026-04-23T19:43:46.382Z (16 days old)
Detected Java version: 17.0.10 from /opt/hostedtoolcache/Java_Microsoft_jdk/17.0.10/x64 on amd64 (64bit). 3998MB available
dir = /home/runner/work/interop-ig-fhir-ePrescription/interop-ig-fhir-ePrescription, path = /opt/hostedtoolcache/Ruby/3.3.11/x64/bin:/opt/hostedtoolcache/node/20.20.2/x64/bin:/opt/hostedtoolcache/Java_Microsoft_jdk/17.0.10/x64/bin:/snap/bin:/home/runner/.local/bin:/opt/pipx_bin:/home/runner/.cargo/bin:/home/runner/.config/composer/vendor/bin:/usr/local/.ghcup/bin:/home/runner/.dotnet/tools:/usr/local/sbin:/usr/local/bin:/usr/sbin:/usr/bin:/sbin:/bin:/usr/games:/usr/local/games:/snap/bin
Parameters: -go-publish -authorise-non-conformant-tx-servers -source ./igSource -web ./IG-website-release/www/ig/fhir -registry ./IG-website-release/ig-registry/fhir-ig-list.json -history ./IG-website-release/fhir-ig-history-template -templates ./IG-website-release/templates
---------------
Publication Run: publish ./igSource to ./IG-website-release/www/ig/fhir
Relative directory for IG is '/eprescription'
===== Web Publication Run Details ===============================
 Source IG: ans.fhir.fr.eprescription#1.1.0-ballot : https://interop.esante.gouv.fr/ig/fhir/eprescription (R4) from ./igSource
All checks passed. Do the publication build from /home/runner/work/interop-ig-fhir-ePrescription/interop-ig-fhir-ePrescription/./igSource and publish to /tmp/web-root/run-20260510/eprescription
Prepare Build space in /tmp/ig-builds/ans.fhir.fr.eprescription#1.1.0-ballot
Build IG at /home/runner/work/interop-ig-fhir-ePrescription/interop-ig-fhir-ePrescription/./igSource: final copy suitable for publication (in /tmp/ig-builds/ans.fhir.fr.eprescription#1.1.0-ballot)
FHIR IG Publisher Version 2.2.7 (Git# 46f94953d4dc). Built 2026-04-23T19:43:46.382Z (16 days old)   
Detected Java version: 17.0.10 from /opt/hostedtoolcache/Java_Microsoft_jdk/17.0.10/x64 on Linux/amd64 (64bit). 3998MB available
dir = /home/runner/work/interop-ig-fhir-ePrescription/interop-ig-fhir-ePrescription, path = /opt/hostedtoolcache/Ruby/3.3.11/x64/bin:/opt/hostedtoolcache/node/20.20.2/x64/bin:/opt/hostedtoolcache/Java_Microsoft_jdk/17.0.10/x64/bin:/snap/bin:/home/runner/.local/bin:/opt/pipx_bin:/home/runner/.cargo/bin:/home/runner/.config/composer/vendor/bin:/usr/local/.ghcup/bin:/home/runner/.dotnet/tools:/usr/local/sbin:/usr/local/bin:/usr/sbin:/usr/bin:/sbin:/bin:/usr/games:/usr/local/games:/snap/bin
Parameters: -publish https://interop.esante.gouv.fr/ig/fhir/eprescription/1.1.0-ballot -no-exit -ig /tmp/ig-builds/ans.fhir.fr.eprescription#1.1.0-ballot -resetTx
Character encoding = UTF-8 / UTF-8                                                                  
Start Clock @ Sunday, May 10, 2026 at 4:58:35 PM Coordinated Universal Time (2026-05-10T16:58:35Z)  
                                                                                                    
Build FHIR IG from /tmp/ig-builds/ans.fhir.fr.eprescription#1.1.0-ballot                             (00:00.017 / 00:00.017, 47Mb)
Build Formal Publication package, intended for https://interop.esante.gouv.fr/ig/fhir/eprescription/1.1.0-ballot (00:00.003 / 00:00.020, 47Mb)
API keys loaded from /home/runner/.fhir/fhir-settings.json                                           (00:00.000 / 00:00.021, 47Mb)
Package Cache: /home/runner/.fhir/packages                                                           (00:00.002 / 00:00.024, 48Mb)
Found dependency on hl7.fhir.extensions.r5#4.0.1 in Sushi config. Pre-installing                     (00:00.002 / 00:00.026, 48Mb)
[39mInstalling hl7.fhir.extensions.r5#4.0.1 to the package cache
[0;39m[39m  Fetching:
[0;39m[33mError fetching https://packages2.fhir.org/packages/hl7.fhir.extensions.r5: Not Found
[0;39m[33mError fetching https://packages.fhir.org/hl7.fhir.extensions.r5: Not Found
[0;39mUnable to install hl7.fhir.extensions.r5#4.0.1: Unable to resolve package id hl7.fhir.extensions.r5#4.0.1 (00:01.924 / 00:01.951, 120Mb)
Trying to go on                                                                                      (00:00.000 / 00:01.951, 120Mb)
Run Sushi on /tmp/ig-builds/ans.fhir.fr.eprescription#1.1.0-ballot                                   (00:00.001 / 00:01.953, 120Mb)
Sushi: info  Running SUSHI v3.19.0 (implements FHIR Shorthand specification v3.0.0)                  (00:00.610 / 00:02.564, 123Mb)
Sushi: info  Arguments:                                                                              (00:00.001 / 00:02.565, 123Mb)
Sushi: info    --require-latest                                                                      (00:00.000 / 00:02.566, 123Mb)
Sushi: info    --out /tmp/ig-builds/ans.fhir.fr.eprescription#1.1.0-ballot                           (00:00.000 / 00:02.566, 123Mb)
Sushi: info    /tmp/ig-builds/ans.fhir.fr.eprescription#1.1.0-ballot                                 (00:00.000 / 00:02.567, 123Mb)
Sushi: info  Using configuration file: /tmp/ig-builds/ans.fhir.fr.eprescription#1.1.0-ballot/sushi-config.yaml (00:00.592 / 00:03.160, 123Mb)
Sushi: info  Importing FSH text...                                                                   (00:00.096 / 00:03.256, 123Mb)
Sushi: info  Preprocessed 144 documents with 35 aliases.                                             (00:01.064 / 00:04.320, 123Mb)
Sushi: info  Imported 37 definitions and 255 instances.                                              (00:00.124 / 00:04.445, 123Mb)
Sushi: info  Loaded virtual package sushi-r5forR4#1.0.0 with 7 resources                             (00:00.105 / 00:04.550, 123Mb)
Sushi: info  Resolved hl7.fhir.uv.tools.r4#latest to concrete version 1.1.2                          (00:00.496 / 00:05.046, 123Mb)
Sushi: info  Loaded hl7.fhir.uv.tools.r4#1.1.2 with 119 resources                                    (00:00.069 / 00:05.116, 123Mb)
Sushi: info  Resolved hl7.terminology.r4#latest to concrete version 7.1.0                            (00:00.112 / 00:05.229, 123Mb)
Sushi: info  Loaded hl7.terminology.r4#7.1.0 with 4103 resources                                     (00:01.461 / 00:06.690, 123Mb)
Sushi: warn  Found old-style cross-version extensions package in dependencies: hl7.fhir.extensions.r5. (00:00.005 / 00:06.695, 123Mb)
Sushi:   SUSHI will use the official xver package instead: hl7.fhir.uv.xver-r5.r4.                   (00:00.000 / 00:06.696, 123Mb)
Sushi:   Please update your sushi-config.yaml file to reference the new xver package.                (00:00.000 / 00:06.697, 123Mb)
Sushi:   See: https://confluence.hl7.org/spaces/FHIRI/pages/413256623/FAQs                           (00:00.000 / 00:06.697, 123Mb)
Sushi: info  Loaded hl7.fhir.fr.core#2.1.0 with 120 resources                                        (00:00.071 / 00:06.769, 123Mb)
Sushi: info  Resolved hl7.fhir.uv.xver-r5.r4#latest to concrete version 0.1.0                        (00:00.112 / 00:06.881, 123Mb)
Sushi: info  Loaded hl7.fhir.uv.xver-r5.r4#0.1.0 with 4707 resources                                 (00:01.943 / 00:08.824, 123Mb)
Sushi: info  Loaded hl7.fhir.r4.core#4.0.1 with 4581 resources                                       (00:01.019 / 00:09.844, 123Mb)
Sushi: info  Resolved hl7.fhir.uv.extensions.r4#latest to concrete version 5.2.0                     (00:00.113 / 00:09.957, 123Mb)
Sushi: info  Loaded hl7.fhir.uv.extensions.r4#5.2.0 with 759 resources                               (00:00.337 / 00:10.294, 123Mb)
Sushi: info  Loaded virtual package sushi-local#LOCAL with 0 resources                               (00:00.010 / 00:10.305, 123Mb)
Sushi: info  Converting FSH to FHIR resources...                                                     (00:00.025 / 00:10.331, 123Mb)
Sushi: info  Converted 22 FHIR StructureDefinitions.                                                 (00:01.644 / 00:11.975, 124Mb)
Sushi: info  Converted 4 FHIR CodeSystems.                                                           (00:00.082 / 00:12.057, 124Mb)
Sushi: info  Converted 11 FHIR ValueSets.                                                            (00:00.250 / 00:12.308, 124Mb)
Sushi: info  Converted 255 FHIR instances.                                                           (00:30.305 / 00:42.614, 124Mb)
Sushi: info  Exporting FHIR resources as JSON...                                                     (00:00.000 / 00:42.615, 124Mb)
Sushi: info  Exported 137 FHIR resources as JSON.                                                    (00:00.062 / 00:42.677, 124Mb)
Sushi: info  Assembling Implementation Guide sources...                                              (00:00.004 / 00:42.682, 124Mb)
Sushi: info  Generated ImplementationGuide-ans.fhir.fr.eprescription.json                            (00:00.048 / 00:42.730, 124Mb)
Sushi: info  Assembled Implementation Guide sources; ready for IG Publisher.                         (00:00.000 / 00:42.731, 124Mb)
Sushi: ========================= SUSHI RESULTS ===========================                           (00:00.001 / 00:42.732, 124Mb)
Sushi: |  -------------------------------------------------------------  |                           (00:00.000 / 00:42.733, 124Mb)
Sushi: | |    Profiles   |  Extensions  |   Logicals   |   Resources   | |                           (00:00.000 / 00:42.734, 124Mb)
Sushi: | |-------------------------------------------------------------| |                           (00:00.000 / 00:42.735, 124Mb)
Sushi: | |      12       |      8       |      2       |       0       | |                           (00:00.000 / 00:42.736, 124Mb)
Sushi: |  -------------------------------------------------------------  |                           (00:00.000 / 00:42.736, 124Mb)
Sushi: |  -------------------------------------------------------------  |                           (00:00.000 / 00:42.737, 124Mb)
Sushi: | |      ValueSets     |    CodeSystems    |     Instances      | |                           (00:00.000 / 00:42.738, 124Mb)
Sushi: | |-------------------------------------------------------------| |                           (00:00.000 / 00:42.739, 124Mb)
Sushi: | |         11         |         4         |        255         | |                           (00:00.000 / 00:42.739, 124Mb)
Sushi: |  -------------------------------------------------------------  |                           (00:00.000 / 00:42.740, 124Mb)
Sushi: |                                                                 |                           (00:00.000 / 00:42.740, 124Mb)
Sushi: ===================================================================                           (00:00.000 / 00:42.741, 124Mb)
Sushi: | Sailors, take warning!                 0 Errors       1 Warning |                           (00:00.000 / 00:42.741, 124Mb)
Sushi: ===================================================================                           (00:00.000 / 00:42.742, 124Mb)
Root directory: /tmp/ig-builds/ans.fhir.fr.eprescription#1.1.0-ballot                                (00:00.021 / 00:42.763, 124Mb)
Unable to load IG as an r5 IG - try R4 (property code is a class com.google.gson.JsonPrimitive looking for an object) (00:00.436 / 00:43.200, 52Mb)
Load Template from ans.fr.template#0.2.0                                                             (00:00.428 / 00:43.628, 43Mb)
 Load Template from fhir.base.template#0.8.1                                                         (00:00.010 / 00:43.639, 43Mb)
[33mThis content depends on fhir.base.template which is no longer considered secure to use
[0;39m[33mSee Security notification at https://www.fhir.org/guides/security-notices/2026-03-npm-dependencies.html
[0;39mScanning directory: /tmp/ig-builds/ans.fhir.fr.eprescription#1.1.0-ballot/template
======================================================================
Terminology Cache is at /tmp/ig-builds/ans.fhir.fr.eprescription#1.1.0-ballot/input-cache/txcache. Clearing now (00:02.388 / 00:46.027, 107Mb)
Core Package hl7.fhir.r4.core#4.0.1                                                                  (00:00.001 / 00:46.029, 107Mb)
Running Terminology Log: /tmp/ohfu-fhir-ig-17074688982138326405.html
Connect to Terminology Server at http://tx.fhir.org                                                  (00:03.004 / 00:49.034, 390Mb)
[39mLoad Package hl7.fhir.pubpack#0.2.5
[0;39m[39mLoad Package hl7.fhir.xver-extensions#0.1.0
[0;39m[39mLoad Package hl7.terminology.r4#7.1.0
[0;39m[39mLoad Package hl7.fhir.uv.extensions.r4#5.2.0
[0;39m[39mLoad Package hl7.terminology.r4#6.0.2
[0;39m[39mLoad Package hl7.fhir.uv.extensions.r4#5.1.0
[0;39m[39mLoad Package ans.fr.nos#1.3.0
[0;39m[39mLoad Package hl7.fhir.fr.core#2.1.0
[0;39m[39mLoad Package hl7.fhir.uv.xver-r5.r4#0.1.0
[0;39m[39mLoad Package hl7.fhir.uv.tools.r4#1.1.2
[0;39mLoad R5 Specials
Initialization complete                                                                              (00:10.976 / 01:00.010, 780Mb)
Load IG                                                                                              (00:00.000 / 01:00.010, 780Mb)
Load Content                                                                                         (00:00.003 / 01:00.013, 781Mb)
Using fr_FR as the default narrative language. (inferred from ImplementationGuide.jurisdiction=FR)   (00:00.065 / 01:00.078, 796Mb)
Process Loaded Resources                                                                             (00:00.654 / 01:00.733, 1Gb)
Generating Snapshots                                                                                 (00:01.176 / 01:01.909, 1Gb)

Signing Certificate: RSA key for Subject: OU=IG Publisher, L=Ann Arbor, CN=hl7.org, O=HL7, ST=Missouri, C=us from: OU=IG Publisher, L=Ann Arbor, CN=hl7.org, O=HL7, ST=Missouri, C=us
Fetch https://interop.esante.gouv.fr/ig/fhir/eprescription/package-list.json for version check       (00:00.756 / 01:02.666, 1Gb)
Checking Language                                                                                    (00:00.645 / 01:03.311, 1Gb)
Load Dependency Info                                                                                 (00:00.004 / 01:03.316, 1Gb)
Load Info                                                                                            (00:00.001 / 01:03.317, 1Gb)
Load Paths                                                                                           (00:00.000 / 01:03.318, 1Gb)
Check R4 / R4B                                                                                       (00:00.000 / 01:03.319, 1Gb)
Assign Comparison Ids                                                                                (00:00.124 / 01:03.444, 841Mb)
Propagating status                                                                                   (00:00.000 / 01:03.445, 842Mb)
Generating Narratives                                                                                (00:00.000 / 01:03.445, 842Mb)
Validating Conformance Resources                                                                     (01:35.973 / 02:39.419, 1Gb)
Check profiles & code systems                                                                        (00:10.588 / 02:50.007, 1Gb)
Check realm rules                                                                                    (00:00.003 / 02:50.010, 1Gb)
Previous Version Comparison                                                                          (00:00.001 / 02:50.011, 1Gb)
Checking for Bundles to sign                                                                         (00:00.040 / 02:50.051, 1Gb)
Validating Resources                                                                                 (00:00.001 / 02:50.052, 1Gb)
Processing Provenance Records                                                                        (00:12.891 / 03:02.944, 1Gb)
Generating Outputs in /tmp/ig-builds/ans.fhir.fr.eprescription#1.1.0-ballot/output                   (00:00.001 / 03:02.945, 1Gb)
Generate Native Outputs                                                                              (00:00.229 / 03:03.174, 1Gb)
Run Template                                                                                         (00:04.989 / 03:08.163, 1Gb)
Generate HTML Outputs                                                                                (00:02.078 / 03:10.241, 1Gb)
Generate Spreadsheets                                                                                (00:07.038 / 03:17.280, 1Gb)
Exception generating resource /tmp/ig-builds/ans.fhir.fr.eprescription#1.1.0-ballot/fsh-generated/resources/StructureDefinition-fr-posologie::StructureDefinition/fr-posologie: type == null (00:01.857 / 03:19.137, 1Gb)
java.io.IOException: type == null
	at org.hl7.fhir.r5.formats.XmlParser.composeType(XmlParser.java:63873)
	at org.hl7.fhir.r5.formats.XmlParserBase.compose(XmlParserBase.java:208)
	at org.hl7.fhir.r5.utils.formats.CSVWriter.renderType(CSVWriter.java:323)
	at org.hl7.fhir.r5.utils.formats.CSVWriter.processElement(CSVWriter.java:231)
	at org.hl7.fhir.r5.conformance.profile.ProfileUtilities.generateCsv(ProfileUtilities.java:4134)
	at org.hl7.fhir.igtools.publisher.PublisherGenerator.generateSpreadsheetsStructureDefinition(PublisherGenerator.java:1742)
	at org.hl7.fhir.igtools.publisher.PublisherGenerator.generateResourceSpreadsheets(PublisherGenerator.java:5254)
	at org.hl7.fhir.igtools.publisher.PublisherGenerator.generateSpreadsheets(PublisherGenerator.java:901)
	at org.hl7.fhir.igtools.publisher.PublisherGenerator.generate(PublisherGenerator.java:311)
	at org.hl7.fhir.igtools.publisher.Publisher.createIg(Publisher.java:429)
	at org.hl7.fhir.igtools.publisher.Publisher.execute(Publisher.java:233)
	at org.hl7.fhir.igtools.publisher.Publisher.main(Publisher.java:1600)
	at org.hl7.fhir.igtools.web.PublicationProcess.runBuild(PublicationProcess.java:1214)
	at org.hl7.fhir.igtools.web.PublicationProcess.doPublish(PublicationProcess.java:615)
	at org.hl7.fhir.igtools.web.PublicationProcess.publishInner2(PublicationProcess.java:512)
	at org.hl7.fhir.igtools.web.PublicationProcess.publishInner(PublicationProcess.java:283)
	at org.hl7.fhir.igtools.web.PublicationProcess.publish(PublicationProcess.java:138)
	at org.hl7.fhir.igtools.publisher.Publisher.main(Publisher.java:1339)
   org.hl7.fhir.r5.formats.XmlParser.composeType(XmlParser.java:63873)                               (00:00.011 / 03:19.149, 1Gb)
   org.hl7.fhir.r5.formats.XmlParserBase.compose(XmlParserBase.java:208)                             (00:00.000 / 03:19.149, 1Gb)
   org.hl7.fhir.r5.utils.formats.CSVWriter.renderType(CSVWriter.java:323)                            (00:00.000 / 03:19.150, 1Gb)
   org.hl7.fhir.r5.utils.formats.CSVWriter.processElement(CSVWriter.java:231)                        (00:00.000 / 03:19.151, 1Gb)
   org.hl7.fhir.r5.conformance.profile.ProfileUtilities.generateCsv(ProfileUtilities.java:4134)      (00:00.000 / 03:19.151, 1Gb)
   org.hl7.fhir.igtools.publisher.PublisherGenerator.generateSpreadsheetsStructureDefinition(PublisherGenerator.java:1742) (00:00.000 / 03:19.152, 1Gb)
   org.hl7.fhir.igtools.publisher.PublisherGenerator.generateResourceSpreadsheets(PublisherGenerator.java:5254) (00:00.000 / 03:19.153, 1Gb)
   org.hl7.fhir.igtools.publisher.PublisherGenerator.generateSpreadsheets(PublisherGenerator.java:901) (00:00.000 / 03:19.153, 1Gb)
   org.hl7.fhir.igtools.publisher.PublisherGenerator.generate(PublisherGenerator.java:311)           (00:00.000 / 03:19.154, 1Gb)
   org.hl7.fhir.igtools.publisher.Publisher.createIg(Publisher.java:429)                             (00:00.000 / 03:19.155, 1Gb)
   org.hl7.fhir.igtools.publisher.Publisher.execute(Publisher.java:233)                              (00:00.000 / 03:19.155, 1Gb)
   org.hl7.fhir.igtools.publisher.Publisher.main(Publisher.java:1600)                                (00:00.000 / 03:19.156, 1Gb)
   org.hl7.fhir.igtools.web.PublicationProcess.runBuild(PublicationProcess.java:1214)                (00:00.000 / 03:19.157, 1Gb)
   org.hl7.fhir.igtools.web.PublicationProcess.doPublish(PublicationProcess.java:615)                (00:00.000 / 03:19.157, 1Gb)
   org.hl7.fhir.igtools.web.PublicationProcess.publishInner2(PublicationProcess.java:512)            (00:00.000 / 03:19.158, 1Gb)
   org.hl7.fhir.igtools.web.PublicationProcess.publishInner(PublicationProcess.java:283)             (00:00.000 / 03:19.158, 1Gb)
   org.hl7.fhir.igtools.web.PublicationProcess.publish(PublicationProcess.java:138)                  (00:00.000 / 03:19.159, 1Gb)
   org.hl7.fhir.igtools.publisher.Publisher.main(Publisher.java:1339)                                (00:00.000 / 03:19.159, 1Gb)
Generate Summaries                                                                                   (00:00.732 / 03:19.892, 1Gb)
Generating Summary Outputs                                                                           (00:00.000 / 03:19.892, 1Gb)
Error expanding 3-character country codes: Error from https://tx.fhir.org/r4: Error: Invalid regex pattern: ^[A-Z]{3}$
Error expanding 2-character country codes: Error from https://tx.fhir.org/r4: Error: Invalid regex pattern: ^[A-Z]{2}$
Error expanding numeric country codes: Error from https://tx.fhir.org/r4: Error: Invalid regex pattern: ^[0-9]{3}$
ERROR: Unable to populate IG flag information: Error expanding ISO country-code & state value sets
ERROR: Unable to populate IG flag information: Unable to find 2-char ISO country code: FR
ERROR: Unable to populate IG flag information: Unable to find 2-char ISO country code: FR
ERROR: Unable to populate IG flag information: Unable to find 2-char ISO country code: FR
ERROR: Unable to populate IG flag information: Unable to find 2-char ISO country code: FR
ERROR: Unable to populate IG flag information: Unable to find 2-char ISO country code: FR
ERROR: Unable to populate IG flag information: Unable to find 2-char ISO country code: FR
ERROR: Unable to populate IG flag information: Unable to find 2-char ISO country code: FR
ERROR: Unable to populate IG flag information: Unable to find 2-char ISO country code: FR
ERROR: Unable to populate IG flag information: Unable to find 2-char ISO country code: FR
ERROR: Unable to populate IG flag information: Unable to find 2-char ISO country code: FR
ERROR: Unable to populate IG flag information: Unable to find 2-char ISO country code: FR
ERROR: Unable to populate IG flag information: Unable to find 2-char ISO country code: FR
ERROR: Unable to populate IG flag information: Unable to find 2-char ISO country code: FR
ERROR: Unable to populate IG flag information: Unable to find 2-char ISO country code: FR
ERROR: Unable to populate IG flag information: Unable to find 2-char ISO country code: FR
ERROR: Unable to populate IG flag information: Unable to find 2-char ISO country code: FR
ERROR: Unable to populate IG flag information: Unable to find 2-char ISO country code: FR
ERROR: Unable to populate IG flag information: Unable to find 2-char ISO country code: FR
ERROR: Unable to populate IG flag information: Unable to find 2-char ISO country code: FR
ERROR: Unable to populate IG flag information: Unable to find 2-char ISO country code: FR
ERROR: Unable to populate IG flag information: Unable to find 2-char ISO country code: FR
ERROR: Unable to populate IG flag information: Unable to find 2-char ISO country code: FR
ERROR: Unable to populate IG flag information: Unable to find 2-char ISO country code: FR
ERROR: Unable to populate IG flag information: Unable to find 2-char ISO country code: FR
ERROR: Unable to populate IG flag information: Unable to find 2-char ISO country code: FR
ERROR: Unable to populate IG flag information: Unable to find 2-char ISO country code: FR
ERROR: Unable to populate IG flag information: Unable to find 2-char ISO country code: FR
ERROR: Unable to populate IG flag information: Unable to find 2-char ISO country code: FR
ERROR: Unable to populate IG flag information: Unable to find 2-char ISO country code: FR
ERROR: Unable to populate IG flag information: Unable to find 2-char ISO country code: FR
ERROR: Unable to populate IG flag information: Unable to find 2-char ISO country code: FR
ERROR: Unable to populate IG flag information: Unable to find 2-char ISO country code: FR
ERROR: Unable to populate IG flag information: Unable to find 2-char ISO country code: FR
ERROR: Unable to populate IG flag information: Unable to find 2-char ISO country code: FR
ERROR: Unable to populate IG flag information: Unable to find 2-char ISO country code: FR
ERROR: Unable to populate IG flag information: Unable to find 2-char ISO country code: FR
ERROR: Unable to populate IG flag information: Unable to find 2-char ISO country code: FR
ERROR: Unable to populate IG flag information: Unable to find 2-char ISO country code: FR
ERROR: Unable to populate IG flag information: Unable to find 2-char ISO country code: FR
ERROR: Unable to populate IG flag information: Unable to find 2-char ISO country code: FR
ERROR: Unable to populate IG flag information: Unable to find 2-char ISO country code: FR
ERROR: Unable to populate IG flag information: Unable to find 2-char ISO country code: FR
ERROR: Unable to populate IG flag information: Unable to find 2-char ISO country code: FR
ERROR: Unable to populate IG flag information: Unable to find 2-char ISO country code: FR
ERROR: Unable to populate IG flag information: Unable to find 2-char ISO country code: FR
ERROR: Unable to populate IG flag information: Unable to find 2-char ISO country code: FR
ERROR: Unable to populate IG flag information: Unable to find 2-char ISO country code: FR
ERROR: Unable to populate IG flag information: Unable to find 2-char ISO country code: FR
ERROR: Unable to populate IG flag information: Unable to find 2-char ISO country code: FR
ERROR: Unable to populate IG flag information: Unable to find 2-char ISO country code: FR
ERROR: Unable to populate IG flag information: Unable to find 2-char ISO country code: FR
ERROR: Unable to populate IG flag information: Unable to find 2-char ISO country code: FR
DB Cumulative Time invested: 00:00:00.213
Sending Usage Stats to Server                                                                        (00:06.289 / 03:26.181, 1Gb)
## Memory (MB): Use = 1498, Free = 329, Total = 1828, Max = 3998                                     (00:00.004 / 03:26.185, 1Gb)
Reclaiming memory...                                                                                 (00:00.000 / 03:26.186, 1Gb)
## Memory (MB): Use = 1287, Free = 866, Total = 2154, Max = 3998                                     (00:00.628 / 03:26.815, 1Gb)
Run jekyll: jekyll build --destination "/tmp/ig-builds/ans.fhir.fr.eprescription#1.1.0-ballot/output" (in folder /tmp/ig-builds/ans.fhir.fr.eprescription#1.1.0-ballot/temp/pages) (00:00.001 / 03:26.816, 1Gb)
Troubleshooting Note: usual cases for Jekyll to fail are:                                            (00:00.000 / 03:26.817, 1Gb)
* A failure to produce a fragment that is already logged in the output above                         (00:00.000 / 03:26.817, 1Gb)
* A reference to a manually edited file that hasn't been provided                                    (00:00.000 / 03:26.818, 1Gb)
Jekyll: Source: /tmp/ig-builds/ans.fhir.fr.eprescription#1.1.0-ballot/temp/pages                     (00:00.543 / 03:27.361, 1Gb)
Jekyll: Generating...                                                                                (00:00.000 / 03:27.362, 1Gb)
Jekyll: done in 2.908 seconds.                                                                       (00:02.907 / 03:30.269, 1Gb)
Generating combined package                                                                          (00:01.277 / 03:31.546, 1Gb)
[33mExpanding https://interop.esante.gouv.fr/ig/fhir/eprescription/ValueSet/fr-inpatient-medication-code|1.1.0-ballot: Error from https://tx.fhir.org/r4: Error: A definition for CodeSystem 'http://data.esante.gouv.fr/ansm/medicament/UCD' could not be found, so the value set cannot be expanded
[0;39m[33mExpanding https://interop.esante.gouv.fr/ig/fhir/eprescription/ValueSet/fr-medication-code|1.1.0-ballot: Error from https://tx.fhir.org/r4: Error: A definition for CodeSystem 'http://data.esante.gouv.fr/ansm/medicament/UCD' could not be found, so the value set cannot be expanded
[0;39m[33mExpanding https://interop.esante.gouv.fr/ig/fhir/eprescription/ValueSet/fr-substance-code|1.1.0-ballot: Error from https://tx.fhir.org/r4: Error: A definition for CodeSystem 'http://data.esante.gouv.fr/ansm/medicament/codeSMS' could not be found, so the value set cannot be expanded
[0;39m[39mProducing Output Package in /tmp/ig-builds/ans.fhir.fr.eprescription#1.1.0-ballot/output/package-combined.tgz
[0;39m[39mDone
[0;39m[39m
[0;39m[39mInstalling ans.fhir.fr.eprescription#1.1.0-ballot
[0;39m[39m done.
[0;39m[39m loaded @ /home/runner/.fhir/packages/ans.fhir.fr.eprescription#1.1.0-ballot
[0;39mChecking Output HTML                                                                                 (00:03.584 / 03:35.131, 1Gb)
Processed /tmp/ig-builds/ans.fhir.fr.eprescription#1.1.0-ballot/output - % reduction = 98 (72091179 ==> 1516439)
found 2079 files                                                                                     (00:01.461 / 03:36.592, 1Gb)
........................................
........................................
  ... 2079 html files, 0 pages invalid xhtml (0%)                                                    (00:15.746 / 03:52.338, 1Gb)
  ... 258780 links, 181 broken links (0%)                                                            (00:00.001 / 03:52.340, 1Gb)
Generate fragment-usage-analysis.csv                                                                 (00:00.000 / 03:52.340, 1Gb)
Build final .zip                                                                                     (00:00.007 / 03:52.348, 1Gb)
Final .zip built                                                                                     (00:02.901 / 03:55.250, 1Gb)
Built. Times: loading: 00:03.298, generate: 02:55.100, narrative generation: 01:35.973, realm-rules: 00:00.001, previous-version: 00:00.000, jekyll: 00:03.477, validation: 00:23.363 (#138), template: 00:02.011 (#3) (00:03.162 / 03:58.412, 1Gb)
Generating QA                                                                                        (00:00.001 / 03:58.414, 1Gb)
Validation output in /tmp/ig-builds/ans.fhir.fr.eprescription#1.1.0-ballot/output/qa.html
Errors: 937, Warnings: 2068, Info: 127, Broken Links: 181 (00:01.302 / 03:59.716, 1Gb)
Finished @ 10/05/2026 17:02. Max Memory Used = 1Gb. Log file saved in /tmp/fhir-ig-publisher-tmp.log (00:00.019 / 03:59.736, 1Gb)
Keep a copy of the build directory at /tmp/web-root/run-20260510/ig-build-zips/ans.fhir.fr.eprescription#1.1.0-ballot.zip

ok. All checks passed. Publish v1.1.0-ballot to /tmp/web-root/run-20260510/eprescription/1.1.0-ballot
Copy the IG to /tmp/web-root/run-20260510/eprescription/1.1.0-ballot
Update /tmp/web-root/run-20260510/eprescription/package-list.json
Publish Box Statement: This page is part of the Guide d'implémentation de la ePrescription (v1.1.0-ballot: <a data-no-external="true" href="https://confluence.hl7.org/display/HL7/HL7+Balloting" title="Standard for Trial-Use">STU</a> 1 Ballot 1) based on <a data-no-external="true" href="http://hl7.org/fhir/R4">FHIR (HL7® FHIR® Standard) R4</a>. No current official version has been published yet.  For a full list of available versions, see the <a data-no-external="true" href="https://interop.esante.gouv.fr/ig/fhir/eprescription/history.html">Directory of published versions</a>
  .. 813 files checked, 813 updated
  .. 279 clones checked, 558 updated
  .. 138 redirections (138 created/updated)
ans.fhir.fr.eprescription (https://interop.esante.gouv.fr/ig/fhir/eprescription): Guide d'implémentation de la ePrescription @ https://ansforge.github.io/interop-ig-fhir-ePrescription/main/ig
  edition: STU 1 Ballot 1.1.0-ballot/4.0.1 @ https://interop.esante.gouv.fr/ig/fhir/eprescription/1.1.0-ballot
Build is complete. Copy from /tmp/web-root/run-20260510
Update history page at /tmp/web-root/run-20260510/eprescription from /home/runner/work/interop-ig-fhir-ePrescription/interop-ig-fhir-ePrescription/./IG-website-release/fhir-ig-history-template and ./IG-website-release/templates
