FHIR IG Publisher Version 1.5.5 (Git# 3db07b9b9942). Built 2023-11-24T21:11:01.665Z (18 days old)
Detected Java version: 17.0.7 from /opt/hostedtoolcache/Java_Microsoft_jdk/17.0.7/x64 on amd64 (64bit). 3996MB available
dir = /home/runner/work/IG-fhir-annuaire/IG-fhir-annuaire, path = /opt/hostedtoolcache/Java_Microsoft_jdk/17.0.7/x64/bin:/home/runner/.dotnet:/snap/bin:/home/runner/.local/bin:/opt/pipx_bin:/home/runner/.cargo/bin:/home/runner/.config/composer/vendor/bin:/usr/local/.ghcup/bin:/home/runner/.dotnet/tools:/usr/local/sbin:/usr/local/bin:/usr/sbin:/usr/bin:/sbin:/bin:/usr/games:/usr/local/games:/snap/bin
Parameters: -go-publish -source igRepo -web ./IG-website-release/www/ig/fhir -registry ./IG-website-release/ig-registry/fhir-ig-list.json -history ./IG-website-release/fhir-ig-history-template -templates ./IG-website-release/templates
---------------
Publication Run: publish igRepo to ./IG-website-release/www/ig/fhir
Run Number: 24
Relative directory for IG is '/annuaire'
All checks passed. Do the publication build from /home/runner/work/IG-fhir-annuaire/IG-fhir-annuaire/igRepo and publish to /tmp/web-root/run-20231213/annuaire
Prepare Build space in /tmp/ans.fhir.fr.annuaire#0.1.0
Build IG at /home/runner/work/IG-fhir-annuaire/IG-fhir-annuaire/igRepo: final copy suitable for publication (in /tmp/ans.fhir.fr.annuaire#0.1.0)
FHIR IG Publisher Version 1.5.5 (Git# 3db07b9b9942). Built 2023-11-24T21:11:01.665Z (18 days old)   
Detected Java version: 17.0.7 from /opt/hostedtoolcache/Java_Microsoft_jdk/17.0.7/x64 on Linux/amd64 (64bit). 3996MB available
dir = /home/runner/work/IG-fhir-annuaire/IG-fhir-annuaire, path = /opt/hostedtoolcache/Java_Microsoft_jdk/17.0.7/x64/bin:/home/runner/.dotnet:/snap/bin:/home/runner/.local/bin:/opt/pipx_bin:/home/runner/.cargo/bin:/home/runner/.config/composer/vendor/bin:/usr/local/.ghcup/bin:/home/runner/.dotnet/tools:/usr/local/sbin:/usr/local/bin:/usr/sbin:/usr/bin:/sbin:/bin:/usr/games:/usr/local/games:/snap/bin
Parameters: -ig /tmp/ans.fhir.fr.annuaire#0.1.0 -resetTx -publish https://interop.esante.gouv.fr/ig/fhir/annuaire/0.1.0 -no-exit
Start Clock @ Wednesday, December 13, 2023 at 11:01:31 AM Coordinated Universal Time (2023-12-13T11:01:31Z)
                                                                                                    
Build FHIR IG from /tmp/ans.fhir.fr.annuaire#0.1.0                                                   (00:00.014 / 00:00.015, 148Mb)
Build Formal Publication package, intended for https://interop.esante.gouv.fr/ig/fhir/annuaire/0.1.0 (00:00.003 / 00:00.017, 148Mb)
API keys loaded from /home/runner/.fhir/fhir-settings.json                                           (00:00.001 / 00:00.019, 148Mb)
Package Cache: /home/runner/.fhir/packages                                                           (00:00.003 / 00:00.022, 148Mb)
Unable to load IG as an r5 IG - try R4 (property code is a class com.google.gson.JsonPrimitive looking for an object) (00:00.411 / 00:00.433, 52Mb)
Load Template from https://github.com/ansforge/IG-template                                           (00:00.378 / 00:00.811, 69Mb)

onLoad.findSpreadsheets:

onLoad.updateIg:
     [xslt] Processing /tmp/ans.fhir.fr.annuaire#0.1.0/template/onLoad-ig-working.xml to /tmp/ans.fhir.fr.annuaire#0.1.0/template/onLoad-ig-updated.xml
     [xslt] Loading stylesheet /tmp/ans.fhir.fr.annuaire#0.1.0/template/scripts/onLoad.xslt

onLoad.extend:

onLoad:
Root directory: /tmp/ans.fhir.fr.annuaire#0.1.0                                                      (00:02.915 / 00:03.727, 122Mb)
Core Package hl7.fhir.r4.core#4.0.1
Unable to generate snapshot @2 for Definition from noname because Profile Definition (http://hl7.org/fhir/StructureDefinition/Definition) has no base and no snapshot
Unable to generate snapshot @2 for Event from noname because Profile Event (http://hl7.org/fhir/StructureDefinition/Event) has no base and no snapshot
Unable to generate snapshot @2 for FiveWs from noname because Profile FiveWs (http://hl7.org/fhir/StructureDefinition/FiveWs) has no base and no snapshot
Unable to generate snapshot @2 for Request from noname because Profile Request (http://hl7.org/fhir/StructureDefinition/Request) has no base and no snapshot
Terminology Cache is at /tmp/ans.fhir.fr.annuaire#0.1.0/input-cache/txcache. Clearing now            (00:05.015 / 00:08.742, 512Mb)
Connect to Terminology Server at http://tx.fhir.org                                                  (00:00.002 / 00:08.745, 512Mb)
Load Package hl7.fhir.pubpack#0.1.6
Load Package hl7.fhir.xver-extensions#0.0.12
Load Package hl7.terminology.r4#5.3.0
Load Package hl7.fhir.uv.extensions.r4#1.0.0
Load Package hl7.fhir.fr.core#1.1.0
Version mismatch. This IG is version 4.0.1, while the IG 'hl7.fhir.uv.tools' is from version 5.0.0 (will try to run anyway) (00:04.084 / 00:12.829, 592Mb)
Load Package hl7.fhir.uv.tools#1.0.0-candidate
Load R5 Specials
Unable to generate snapshot @2 for Definition from noname because Profile Definition (http://hl7.org/fhir/StructureDefinition/Definition) has no base and no snapshot
Unable to generate snapshot @2 for Event from noname because Profile Event (http://hl7.org/fhir/StructureDefinition/Event) has no base and no snapshot
Unable to generate snapshot @2 for FiveWs from noname because Profile FiveWs (http://hl7.org/fhir/StructureDefinition/FiveWs) has no base and no snapshot
Unable to generate snapshot @2 for Request from noname because Profile Request (http://hl7.org/fhir/StructureDefinition/Request) has no base and no snapshot
Initialization complete                                                                              (00:00.750 / 00:13.580, 542Mb)
Fetch https://interop.esante.gouv.fr/ig/fhir/annuaire/package-list.json for version check            (00:00.002 / 00:13.582, 542Mb)
Load Content                                                                                         (00:00.382 / 00:13.964, 544Mb)
loadPrePages from FetchedFile[/tmp/ans.fhir.fr.annuaire#0.1.0/fsh-generated/includes] as /tmp/ans.fhir.fr.annuaire#0.1.0/fsh-generated/includes
loadPrePages from FetchedFile[/tmp/ans.fhir.fr.annuaire#0.1.0/input/data] as /tmp/ans.fhir.fr.annuaire#0.1.0/input/data
loadPrePages from FetchedFile[/tmp/ans.fhir.fr.annuaire#0.1.0/input/pagecontent] as /tmp/ans.fhir.fr.annuaire#0.1.0/input/pagecontent
Processing Conformance Resources                                                                     (00:01.771 / 00:15.736, 577Mb)
Load Dependency Info                                                                                 (00:00.003 / 00:15.739, 577Mb)
Load Info                                                                                            (00:00.001 / 00:15.740, 577Mb)
Load Resources                                                                                       (00:00.001 / 00:15.742, 578Mb)
Load Paths                                                                                           (00:00.805 / 00:16.548, 914Mb)
Generating Snapshots                                                                                 (00:00.001 / 00:16.549, 914Mb)
Can't find Extension definition for https://annuaire.sante.gouv.fr/fhir/StructureDefinition/Device-PeriodImplentation but trying to go on
Can't find Extension definition for https://annuaire.sante.gouv.fr/fhir/StructureDefinition/HealthcareService-DeleteAutorisationImplantation but trying to go on
checkToSeeIfSlicingExists: Organization.extension.value[x]:valuePeriod is not sliced
Check R4 / R4B                                                                                       (00:04.590 / 00:21.139, 684Mb)
Assign Comparison Ids                                                                                (00:00.009 / 00:21.148, 685Mb)
Propagating status                                                                                   (00:00.001 / 00:21.149, 685Mb)
Generating Narratives                                                                                (00:00.000 / 00:21.150, 685Mb)
Validating Conformance Resources                                                                     (00:04.381 / 00:25.532, 864Mb)
Check profiles & code systems                                                                        (00:10.343 / 00:35.875, 703Mb)
Check realm rules                                                                                    (00:00.010 / 00:35.886, 704Mb)
Previous Version Comparison                                                                          (00:00.001 / 00:35.887, 704Mb)
Unable to generate snapshot @1 for Definition from noname because Profile Definition (http://hl7.org/fhir/StructureDefinition/Definition) has no base and no snapshot
Unable to generate snapshot @1 for Event from noname because Profile Event (http://hl7.org/fhir/StructureDefinition/Event) has no base and no snapshot
Unable to generate snapshot @1 for FiveWs from noname because Profile FiveWs (http://hl7.org/fhir/StructureDefinition/FiveWs) has no base and no snapshot
Unable to generate snapshot @1 for Request from noname because Profile Request (http://hl7.org/fhir/StructureDefinition/Request) has no base and no snapshot
java.lang.NullPointerException: Cannot read the array length because "bytes" is null
	at java.base/java.lang.String.<init>(String.java:1433)
	at org.hl7.fhir.igtools.publisher.comparators.PreviousVersionComparator.finishChecks(PreviousVersionComparator.java:264)
	at org.hl7.fhir.igtools.publisher.Publisher.checkConformanceResources(Publisher.java:5866)
	at org.hl7.fhir.igtools.publisher.Publisher.loadConformance(Publisher.java:5683)
	at org.hl7.fhir.igtools.publisher.Publisher.createIg(Publisher.java:1128)
	at org.hl7.fhir.igtools.publisher.Publisher.execute(Publisher.java:974)
	at org.hl7.fhir.igtools.publisher.Publisher.main(Publisher.java:12468)
	at org.hl7.fhir.igtools.web.PublicationProcess.runBuild(PublicationProcess.java:889)
	at org.hl7.fhir.igtools.web.PublicationProcess.doPublish(PublicationProcess.java:473)
	at org.hl7.fhir.igtools.web.PublicationProcess.publishInner2(PublicationProcess.java:390)
	at org.hl7.fhir.igtools.web.PublicationProcess.publishInner(PublicationProcess.java:231)
	at org.hl7.fhir.igtools.web.PublicationProcess.publish(PublicationProcess.java:123)
	at org.hl7.fhir.igtools.publisher.Publisher.main(Publisher.java:12222)
Validating Resources                                                                                 (00:04.456 / 00:40.344, 815Mb)
Processing Provenance Records                                                                        (00:00.234 / 00:40.578, 1004Mb)
Generating Outputs in /tmp/ans.fhir.fr.annuaire#0.1.0/output                                         (00:00.001 / 00:40.580, 1004Mb)
Generate Native Outputs                                                                              (00:00.091 / 00:40.671, 1Gb)
Run Template                                                                                         (00:12.530 / 00:53.202, 756Mb)

onGenerate.checkVersions:
     [xslt] Processing /tmp/ans.fhir.fr.annuaire#0.1.0/template/onGenerate-ig-working.xml to /tmp/ans.fhir.fr.annuaire#0.1.0/template/versions.txt
     [xslt] Loading stylesheet /tmp/ans.fhir.fr.annuaire#0.1.0/template/scripts/onGenerate.getVersions.xslt

onGenerate.r5-schemas:
      [get] Getting: http://build.fhir.org/fhir-single.xsd
      [get] To: /tmp/ans.fhir.fr.annuaire#0.1.0/input-cache/schemas/R5/fhir-single.xsd
      [get] Not modified - so not downloaded
      [get] Getting: http://build.fhir.org/fhir-xhtml.xsd
      [get] To: /tmp/ans.fhir.fr.annuaire#0.1.0/input-cache/schemas/R5/fhir-xhtml.xsd
      [get] Not modified - so not downloaded
      [get] Getting: http://build.fhir.org/xml.xsd
      [get] To: /tmp/ans.fhir.fr.annuaire#0.1.0/input-cache/schemas/R5/xml.xsd
      [get] Not modified - so not downloaded
      [get] Getting: http://build.fhir.org/xmldsig-core-schema.xsd
      [get] To: /tmp/ans.fhir.fr.annuaire#0.1.0/input-cache/schemas/R5/xmldsig-core-schema.xsd
      [get] Not modified - so not downloaded

onGenerate.r4-schemas:
      [get] Getting: http://hl7.org/fhir/R4/fhir-single.xsd
      [get] To: /tmp/ans.fhir.fr.annuaire#0.1.0/input-cache/schemas/R4/fhir-single.xsd
      [get] Not modified - so not downloaded
      [get] Getting: http://hl7.org/fhir/R4/fhir-xhtml.xsd
      [get] To: /tmp/ans.fhir.fr.annuaire#0.1.0/input-cache/schemas/R4/fhir-xhtml.xsd
      [get] Not modified - so not downloaded
      [get] Getting: http://hl7.org/fhir/R4/xml.xsd
      [get] To: /tmp/ans.fhir.fr.annuaire#0.1.0/input-cache/schemas/R4/xml.xsd
      [get] Not modified - so not downloaded
      [get] Getting: http://hl7.org/fhir/R4/xmldsig-core-schema.xsd
      [get] To: /tmp/ans.fhir.fr.annuaire#0.1.0/input-cache/schemas/R4/xmldsig-core-schema.xsd
      [get] Not modified - so not downloaded

onGenerate.r3-schemas:

onGenerate.r2b-schemas:

onGenerate.r2-schemas:

onGenerate.schemas:

onGenerate.data:
     [xslt] Processing /tmp/ans.fhir.fr.annuaire#0.1.0/template/onGenerate-ig-working.xml to /tmp/ans.fhir.fr.annuaire#0.1.0/temp/pages/_data/artifacts.json
     [xslt] Loading stylesheet /tmp/ans.fhir.fr.annuaire#0.1.0/template/scripts/onGenerate.data.xslt

onGenerate.setup:

onGenerate.infoFile:
     [xslt] Processing /tmp/ans.fhir.fr.annuaire#0.1.0/template/onGenerate-ig-working.xml to /tmp/ans.fhir.fr.annuaire#0.1.0/temp/pages/_data/info.json
     [xslt] Loading stylesheet /tmp/ans.fhir.fr.annuaire#0.1.0/template/scripts/onGenerate.genJson.xslt

onGenerate.processIncludes:
     [copy] Copying 17 files to /tmp/ans.fhir.fr.annuaire#0.1.0/temp/pages/_includes

onGenerate.processIg:
     [xslt] Processing /tmp/ans.fhir.fr.annuaire#0.1.0/template/onGenerate-ig-working.xml to /tmp/ans.fhir.fr.annuaire#0.1.0/template/onGenerate-ig-working.1.xml
     [xslt] Loading stylesheet /tmp/ans.fhir.fr.annuaire#0.1.0/template/scripts/onGenerate.group.xslt
     [xslt] Processing /tmp/ans.fhir.fr.annuaire#0.1.0/template/onGenerate-ig-working.1.xml to /tmp/ans.fhir.fr.annuaire#0.1.0/template/onGenerate-ig-working.2.xml
     [xslt] Loading stylesheet /tmp/ans.fhir.fr.annuaire#0.1.0/template/scripts/onGenerate.groupSort.xslt
     [xslt] Processing /tmp/ans.fhir.fr.annuaire#0.1.0/template/onGenerate-ig-working.2.xml to /tmp/ans.fhir.fr.annuaire#0.1.0/template/onGenerate-ig-updated.xml
     [xslt] Loading stylesheet /tmp/ans.fhir.fr.annuaire#0.1.0/template/scripts/onGenerate.final.xslt

onGenerate.igQa:
     [xslt] Processing /tmp/ans.fhir.fr.annuaire#0.1.0/template/onGenerate-ig-updated.xml to /tmp/ans.fhir.fr.annuaire#0.1.0/template/ongenerate-validation-igqa.json
     [xslt] Loading stylesheet /tmp/ans.fhir.fr.annuaire#0.1.0/template/scripts/onGenerate.qa.xslt

onGenerate.artifactList:
     [xslt] Processing /tmp/ans.fhir.fr.annuaire#0.1.0/template/onGenerate-ig-updated.xml to /tmp/ans.fhir.fr.annuaire#0.1.0/temp/pages/_includes/artifacts.xml
     [xslt] Loading stylesheet /tmp/ans.fhir.fr.annuaire#0.1.0/template/scripts/createArtifactSummary.xslt

check-plantumlfiles:

onGenerate.plantUml.ig:

onGenerate.plantUml.template:

onGenerate.plantUml:

onGenerate.copyDataFiles:
     [copy] Warning: /tmp/ans.fhir.fr.annuaire#0.1.0/template/data does not exist.

onGenerate.extend:

onGenerate:
Template Done                                                                                        (00:01.688 / 00:54.890, 808Mb)
Generate HTML Outputs                                                                                (00:00.001 / 00:54.891, 808Mb)
Value set 'https://mos.esante.gouv.fr/NOS/JDV_J135-EquipementMaterielLourd-RASS/FHIR/JDV-J135-EquipementMaterielLourd-RASS' at https://annuaire.sante.gouv.fr/fhir/StructureDefinition/AS-Device#Device.type not found
Value set 'https://mos.esante.gouv.fr/NOS/JDV_J135-EquipementMaterielLourd-RASS/FHIR/JDV-J135-EquipementMaterielLourd-RASS' at https://annuaire.sante.gouv.fr/fhir/StructureDefinition/AS-Device#Device.type not found
Value set 'https://mos.esante.gouv.fr/NOS/JDV_J135-EquipementMaterielLourd-RASS/FHIR/JDV-J135-EquipementMaterielLourd-RASS' at https://annuaire.sante.gouv.fr/fhir/StructureDefinition/AS-Device#Device.type not found
ERROR StatusLogger Log4j2 could not find a logging implementation. Please add log4j-core to the classpath. Using SimpleLogger to log to the console...
Value set 'https://mos.esante.gouv.fr/NOS/JDV_J132-ModaliteActivite-RASS/FHIR/JDV-J132-ModaliteActivite-RASS' at https://annuaire.sante.gouv.fr/fhir/StructureDefinition/AS-HealthcareService-HealthCareActivity#HealthcareService.category not found
Value set 'https://mos.esante.gouv.fr/NOS/JDV_J133-ActiviteSanitaireRegulee-RASS/FHIR/JDV-J133-ActiviteSanitaireRegulee-RASS' at https://annuaire.sante.gouv.fr/fhir/StructureDefinition/AS-HealthcareService-HealthCareActivity#HealthcareService.type not found
Value set 'https://mos.esante.gouv.fr/NOS/JDV_J134-FormeActivite-RASS/FHIR/JDV-J134-FormeActivite-RASS' at https://annuaire.sante.gouv.fr/fhir/StructureDefinition/AS-HealthcareService-HealthCareActivity#HealthcareService.characteristic not found
Value set 'https://mos.esante.gouv.fr/NOS/JDV_J132-ModaliteActivite-RASS/FHIR/JDV-J132-ModaliteActivite-RASS' at https://annuaire.sante.gouv.fr/fhir/StructureDefinition/AS-HealthcareService-HealthCareActivity#HealthcareService.category not found
Value set 'https://mos.esante.gouv.fr/NOS/JDV_J133-ActiviteSanitaireRegulee-RASS/FHIR/JDV-J133-ActiviteSanitaireRegulee-RASS' at https://annuaire.sante.gouv.fr/fhir/StructureDefinition/AS-HealthcareService-HealthCareActivity#HealthcareService.type not found
Value set 'https://mos.esante.gouv.fr/NOS/JDV_J134-FormeActivite-RASS/FHIR/JDV-J134-FormeActivite-RASS' at https://annuaire.sante.gouv.fr/fhir/StructureDefinition/AS-HealthcareService-HealthCareActivity#HealthcareService.characteristic not found
Value set 'https://mos.esante.gouv.fr/NOS/JDV_J132-ModaliteActivite-RASS/FHIR/JDV-J132-ModaliteActivite-RASS' at https://annuaire.sante.gouv.fr/fhir/StructureDefinition/AS-HealthcareService-HealthCareActivity#HealthcareService.category not found
Value set 'https://mos.esante.gouv.fr/NOS/JDV_J133-ActiviteSanitaireRegulee-RASS/FHIR/JDV-J133-ActiviteSanitaireRegulee-RASS' at https://annuaire.sante.gouv.fr/fhir/StructureDefinition/AS-HealthcareService-HealthCareActivity#HealthcareService.type not found
Value set 'https://mos.esante.gouv.fr/NOS/JDV_J134-FormeActivite-RASS/FHIR/JDV-J134-FormeActivite-RASS' at https://annuaire.sante.gouv.fr/fhir/StructureDefinition/AS-HealthcareService-HealthCareActivity#HealthcareService.characteristic not found
Value set 'https://mos.esante.gouv.fr/NOS/JDV_J136-DisciplineEquipementSocial-RASS/FHIR/JDV-J136-DisciplineEquipementSocial-RASS' at https://annuaire.sante.gouv.fr/fhir/StructureDefinition/AS-HealthcareService-SocialEquipment#HealthcareService.type not found
Value set 'https://mos.esante.gouv.fr/NOS/JDV_J137-Clientele-RASS/FHIR/JDV-J137-Clientele-RASS' at https://annuaire.sante.gouv.fr/fhir/StructureDefinition/AS-HealthcareService-SocialEquipment#HealthcareService.eligibility.code not found
Value set 'https://mos.esante.gouv.fr/NOS/JDV_J138-TypeActivite-RASS/FHIR/JDV-J138-TypeActivite-RASS' at https://annuaire.sante.gouv.fr/fhir/StructureDefinition/AS-HealthcareService-SocialEquipment#HealthcareService.characteristic not found
Value set 'https://mos.esante.gouv.fr/NOS/JDV_J136-DisciplineEquipementSocial-RASS/FHIR/JDV-J136-DisciplineEquipementSocial-RASS' at https://annuaire.sante.gouv.fr/fhir/StructureDefinition/AS-HealthcareService-SocialEquipment#HealthcareService.type not found
Value set 'https://mos.esante.gouv.fr/NOS/JDV_J138-TypeActivite-RASS/FHIR/JDV-J138-TypeActivite-RASS' at https://annuaire.sante.gouv.fr/fhir/StructureDefinition/AS-HealthcareService-SocialEquipment#HealthcareService.characteristic not found
Value set 'https://mos.esante.gouv.fr/NOS/JDV_J136-DisciplineEquipementSocial-RASS/FHIR/JDV-J136-DisciplineEquipementSocial-RASS' at https://annuaire.sante.gouv.fr/fhir/StructureDefinition/AS-HealthcareService-SocialEquipment#HealthcareService.type not found
Value set 'https://mos.esante.gouv.fr/NOS/JDV_J137-Clientele-RASS/FHIR/JDV-J137-Clientele-RASS' at https://annuaire.sante.gouv.fr/fhir/StructureDefinition/AS-HealthcareService-SocialEquipment#HealthcareService.eligibility.code not found
Value set 'https://mos.esante.gouv.fr/NOS/JDV_J138-TypeActivite-RASS/FHIR/JDV-J138-TypeActivite-RASS' at https://annuaire.sante.gouv.fr/fhir/StructureDefinition/AS-HealthcareService-SocialEquipment#HealthcareService.characteristic not found
Value set 'https://mos.esante.gouv.fr/NOS/JDV_J139-TypeBAL-RASS/FHIR/JDV-J139-TypeBAL-RASS' at https://annuaire.sante.gouv.fr/fhir/StructureDefinition/AS-Organization#Organization.extension:mailboxMSS.extension:type.value[x] not found
Value set 'https://mos.esante.gouv.fr/NOS/JDV_J101-SecteurActivite-RASS/FHIR/JDV-J101-SecteurActivite-RASS' at https://annuaire.sante.gouv.fr/fhir/StructureDefinition/AS-Organization#Organization.type:secteurActiviteRASS not found
Value set 'https://mos.esante.gouv.fr/NOS/JDV_J129-CategorieEtablissement-RASS/FHIR/JDV-J129-CategorieEtablissement-RASS' at https://annuaire.sante.gouv.fr/fhir/StructureDefinition/AS-Organization#Organization.type:categorieEtablissementRASS not found
Value set 'https://mos.esante.gouv.fr/NOS/JDV_J99-InseeNAFrav2Niveau5-RASS/FHIR/JDV-J99-InseeNAFrav2Niveau5-RASS' at https://annuaire.sante.gouv.fr/fhir/StructureDefinition/AS-Organization#Organization.type:activiteINSEE not found
Value set 'https://mos.esante.gouv.fr/NOS/JDV_J100-FinessStatutJuridique-RASS/FHIR/JDV-J100-FinessStatutJuridique-RASS' at https://annuaire.sante.gouv.fr/fhir/StructureDefinition/AS-Organization#Organization.type:statutJuridiqueINSEE not found
Value set 'https://mos.esante.gouv.fr/NOS/JDV_J162-ESPIC-RASS/FHIR/JDV-J162-ESPIC-RASS' at https://annuaire.sante.gouv.fr/fhir/StructureDefinition/AS-Organization#Organization.type:SPH not found
Value set 'https://mos.esante.gouv.fr/NOS/JDV_J101-SecteurActivite-RASS/FHIR/JDV-J101-SecteurActivite-RASS' at https://annuaire.sante.gouv.fr/fhir/StructureDefinition/AS-Organization#Organization.type:secteurActiviteRASS not found
Value set 'https://mos.esante.gouv.fr/NOS/JDV_J129-CategorieEtablissement-RASS/FHIR/JDV-J129-CategorieEtablissement-RASS' at https://annuaire.sante.gouv.fr/fhir/StructureDefinition/AS-Organization#Organization.type:categorieEtablissementRASS not found
Value set 'https://mos.esante.gouv.fr/NOS/JDV_J99-InseeNAFrav2Niveau5-RASS/FHIR/JDV-J99-InseeNAFrav2Niveau5-RASS' at https://annuaire.sante.gouv.fr/fhir/StructureDefinition/AS-Organization#Organization.type:activiteINSEE not found
Value set 'https://mos.esante.gouv.fr/NOS/JDV_J100-FinessStatutJuridique-RASS/FHIR/JDV-J100-FinessStatutJuridique-RASS' at https://annuaire.sante.gouv.fr/fhir/StructureDefinition/AS-Organization#Organization.type:statutJuridiqueINSEE not found
Value set 'https://mos.esante.gouv.fr/NOS/JDV_J162-ESPIC-RASS/FHIR/JDV-J162-ESPIC-RASS' at https://annuaire.sante.gouv.fr/fhir/StructureDefinition/AS-Organization#Organization.type:SPH not found
Value set 'https://mos.esante.gouv.fr/NOS/JDV_J99-InseeNAFrav2Niveau5-RASS/FHIR/JDV-J99-InseeNAFrav2Niveau5-RASS' at https://annuaire.sante.gouv.fr/fhir/StructureDefinition/AS-Organization#Organization.type:activiteINSEE not found
Value set 'https://mos.esante.gouv.fr/NOS/JDV_J100-FinessStatutJuridique-RASS/FHIR/JDV-J100-FinessStatutJuridique-RASS' at https://annuaire.sante.gouv.fr/fhir/StructureDefinition/AS-Organization#Organization.type:statutJuridiqueINSEE not found
Value set 'https://mos.esante.gouv.fr/NOS/JDV_J162-ESPIC-RASS/FHIR/JDV-J162-ESPIC-RASS' at https://annuaire.sante.gouv.fr/fhir/StructureDefinition/AS-Organization#Organization.type:SPH not found
Value set 'https://mos.esante.gouv.fr/NOS/JDV_J75-TypeAutorisation-RASS/FHIR/JDV-J75-TypeAutorisation-RASS' at https://annuaire.sante.gouv.fr/fhir/StructureDefinition/AS-Practitioner#Practitioner.extension:authorization.extension:type.value[x] not found
Value set 'https://mos.esante.gouv.fr/NOS/JDV_J76-DisciplineAutorisation-RASS/FHIR/JDV-J76-DisciplineAutorisation-RASS' at https://annuaire.sante.gouv.fr/fhir/StructureDefinition/AS-Practitioner#Practitioner.extension:authorization.extension:field.value[x] not found
Value set 'https://mos.esante.gouv.fr/NOS/JDV_J106-EnsembleProfession-RASS/FHIR/JDV-J106-EnsembleProfession-RASS' at https://annuaire.sante.gouv.fr/fhir/StructureDefinition/AS-Practitioner#Practitioner.extension:authorization.extension:profession.value[x] not found
Value set 'https://mos.esante.gouv.fr/NOS/JDV_J139-TypeBAL-RASS/FHIR/JDV-J139-TypeBAL-RASS' at https://annuaire.sante.gouv.fr/fhir/StructureDefinition/AS-Practitioner#Practitioner.extension:mailboxMSS.extension:type.value[x] not found
Value set 'https://mos.esante.gouv.fr/NOS/JDV_J78-Civilite-RASS/FHIR/JDV-J78-Civilite-RASS' at https://annuaire.sante.gouv.fr/fhir/StructureDefinition/AS-Practitioner#Practitioner.name.prefix not found
Value set 'https://mos.esante.gouv.fr/NOS/JDV_J81-TypeDiplome-RASS/FHIR/JDV-J81-TypeDiplome-RASS' at https://annuaire.sante.gouv.fr/fhir/StructureDefinition/AS-Practitioner#Practitioner.qualification.code.coding:degreeType not found
Value set 'https://mos.esante.gouv.fr/NOS/JDV_J105-EnsembleDiplome-RASS/FHIR/JDV-J105-EnsembleDiplome-RASS' at https://annuaire.sante.gouv.fr/fhir/StructureDefinition/AS-Practitioner#Practitioner.qualification.code.coding:degreeR48 not found
Value set 'https://mos.esante.gouv.fr/NOS/JDV_J105-EnsembleDiplome-RASS/FHIR/JDV-J105-EnsembleDiplome-RASS' at https://annuaire.sante.gouv.fr/fhir/StructureDefinition/AS-Practitioner#Practitioner.qualification.code.coding:degreeR49 not found
Value set 'https://mos.esante.gouv.fr/NOS/JDV_J105-EnsembleDiplome-RASS/FHIR/JDV-J105-EnsembleDiplome-RASS' at https://annuaire.sante.gouv.fr/fhir/StructureDefinition/AS-Practitioner#Practitioner.qualification.code.coding:degreeR50 not found
Value set 'https://mos.esante.gouv.fr/NOS/JDV_J105-EnsembleDiplome-RASS/FHIR/JDV-J105-EnsembleDiplome-RASS' at https://annuaire.sante.gouv.fr/fhir/StructureDefinition/AS-Practitioner#Practitioner.qualification.code.coding:degreeR51 not found
Value set 'https://mos.esante.gouv.fr/NOS/JDV_J105-EnsembleDiplome-RASS/FHIR/JDV-J105-EnsembleDiplome-RASS' at https://annuaire.sante.gouv.fr/fhir/StructureDefinition/AS-Practitioner#Practitioner.qualification.code.coding:degreeR52 not found
Value set 'https://mos.esante.gouv.fr/NOS/JDV_J105-EnsembleDiplome-RASS/FHIR/JDV-J105-EnsembleDiplome-RASS' at https://annuaire.sante.gouv.fr/fhir/StructureDefinition/AS-Practitioner#Practitioner.qualification.code.coding:degreeR53 not found
Value set 'https://mos.esante.gouv.fr/NOS/JDV_J105-EnsembleDiplome-RASS/FHIR/JDV-J105-EnsembleDiplome-RASS' at https://annuaire.sante.gouv.fr/fhir/StructureDefinition/AS-Practitioner#Practitioner.qualification.code.coding:degreeR54 not found
Value set 'https://mos.esante.gouv.fr/NOS/JDV_J105-EnsembleDiplome-RASS/FHIR/JDV-J105-EnsembleDiplome-RASS' at https://annuaire.sante.gouv.fr/fhir/StructureDefinition/AS-Practitioner#Practitioner.qualification.code.coding:degreeR55 not found
Value set 'https://mos.esante.gouv.fr/NOS/JDV_J105-EnsembleDiplome-RASS/FHIR/JDV-J105-EnsembleDiplome-RASS' at https://annuaire.sante.gouv.fr/fhir/StructureDefinition/AS-Practitioner#Practitioner.qualification.code.coding:degreeR56 not found
Value set 'https://mos.esante.gouv.fr/NOS/JDV_J105-EnsembleDiplome-RASS/FHIR/JDV-J105-EnsembleDiplome-RASS' at https://annuaire.sante.gouv.fr/fhir/StructureDefinition/AS-Practitioner#Practitioner.qualification.code.coding:degreeR57 not found
Value set 'https://mos.esante.gouv.fr/NOS/JDV_J105-EnsembleDiplome-RASS/FHIR/JDV-J105-EnsembleDiplome-RASS' at https://annuaire.sante.gouv.fr/fhir/StructureDefinition/AS-Practitioner#Practitioner.qualification.code.coding:degreeR58 not found
Value set 'https://mos.esante.gouv.fr/NOS/JDV_J105-EnsembleDiplome-RASS/FHIR/JDV-J105-EnsembleDiplome-RASS' at https://annuaire.sante.gouv.fr/fhir/StructureDefinition/AS-Practitioner#Practitioner.qualification.code.coding:deegreeR36 not found
Value set 'https://mos.esante.gouv.fr/NOS/JDV_J105-EnsembleDiplome-RASS/FHIR/JDV-J105-EnsembleDiplome-RASS' at https://annuaire.sante.gouv.fr/fhir/StructureDefinition/AS-Practitioner#Practitioner.qualification.code.coding:degreeR47 not found
Value set 'https://mos.esante.gouv.fr/NOS/JDV_J105-EnsembleDiplome-RASS/FHIR/JDV-J105-EnsembleDiplome-RASS' at https://annuaire.sante.gouv.fr/fhir/StructureDefinition/AS-Practitioner#Practitioner.qualification.code.coding:degreeR226 not found
Value set 'https://mos.esante.gouv.fr/NOS/JDV_J78-Civilite-RASS/FHIR/JDV-J78-Civilite-RASS' at https://annuaire.sante.gouv.fr/fhir/StructureDefinition/AS-Practitioner#Practitioner.name.prefix not found
Value set 'https://mos.esante.gouv.fr/NOS/JDV_J81-TypeDiplome-RASS/FHIR/JDV-J81-TypeDiplome-RASS' at https://annuaire.sante.gouv.fr/fhir/StructureDefinition/AS-Practitioner#Practitioner.qualification.code.coding:degreeType not found
Value set 'https://mos.esante.gouv.fr/NOS/JDV_J105-EnsembleDiplome-RASS/FHIR/JDV-J105-EnsembleDiplome-RASS' at https://annuaire.sante.gouv.fr/fhir/StructureDefinition/AS-Practitioner#Practitioner.qualification.code.coding:degreeR48 not found
Value set 'https://mos.esante.gouv.fr/NOS/JDV_J105-EnsembleDiplome-RASS/FHIR/JDV-J105-EnsembleDiplome-RASS' at https://annuaire.sante.gouv.fr/fhir/StructureDefinition/AS-Practitioner#Practitioner.qualification.code.coding:degreeR49 not found
Value set 'https://mos.esante.gouv.fr/NOS/JDV_J105-EnsembleDiplome-RASS/FHIR/JDV-J105-EnsembleDiplome-RASS' at https://annuaire.sante.gouv.fr/fhir/StructureDefinition/AS-Practitioner#Practitioner.qualification.code.coding:degreeR50 not found
Value set 'https://mos.esante.gouv.fr/NOS/JDV_J105-EnsembleDiplome-RASS/FHIR/JDV-J105-EnsembleDiplome-RASS' at https://annuaire.sante.gouv.fr/fhir/StructureDefinition/AS-Practitioner#Practitioner.qualification.code.coding:degreeR51 not found
Value set 'https://mos.esante.gouv.fr/NOS/JDV_J105-EnsembleDiplome-RASS/FHIR/JDV-J105-EnsembleDiplome-RASS' at https://annuaire.sante.gouv.fr/fhir/StructureDefinition/AS-Practitioner#Practitioner.qualification.code.coding:degreeR52 not found
Value set 'https://mos.esante.gouv.fr/NOS/JDV_J105-EnsembleDiplome-RASS/FHIR/JDV-J105-EnsembleDiplome-RASS' at https://annuaire.sante.gouv.fr/fhir/StructureDefinition/AS-Practitioner#Practitioner.qualification.code.coding:degreeR53 not found
Value set 'https://mos.esante.gouv.fr/NOS/JDV_J105-EnsembleDiplome-RASS/FHIR/JDV-J105-EnsembleDiplome-RASS' at https://annuaire.sante.gouv.fr/fhir/StructureDefinition/AS-Practitioner#Practitioner.qualification.code.coding:degreeR54 not found
Value set 'https://mos.esante.gouv.fr/NOS/JDV_J105-EnsembleDiplome-RASS/FHIR/JDV-J105-EnsembleDiplome-RASS' at https://annuaire.sante.gouv.fr/fhir/StructureDefinition/AS-Practitioner#Practitioner.qualification.code.coding:degreeR55 not found
Value set 'https://mos.esante.gouv.fr/NOS/JDV_J105-EnsembleDiplome-RASS/FHIR/JDV-J105-EnsembleDiplome-RASS' at https://annuaire.sante.gouv.fr/fhir/StructureDefinition/AS-Practitioner#Practitioner.qualification.code.coding:degreeR56 not found
Value set 'https://mos.esante.gouv.fr/NOS/JDV_J105-EnsembleDiplome-RASS/FHIR/JDV-J105-EnsembleDiplome-RASS' at https://annuaire.sante.gouv.fr/fhir/StructureDefinition/AS-Practitioner#Practitioner.qualification.code.coding:degreeR57 not found
Value set 'https://mos.esante.gouv.fr/NOS/JDV_J105-EnsembleDiplome-RASS/FHIR/JDV-J105-EnsembleDiplome-RASS' at https://annuaire.sante.gouv.fr/fhir/StructureDefinition/AS-Practitioner#Practitioner.qualification.code.coding:degreeR58 not found
Value set 'https://mos.esante.gouv.fr/NOS/JDV_J105-EnsembleDiplome-RASS/FHIR/JDV-J105-EnsembleDiplome-RASS' at https://annuaire.sante.gouv.fr/fhir/StructureDefinition/AS-Practitioner#Practitioner.qualification.code.coding:deegreeR36 not found
Value set 'https://mos.esante.gouv.fr/NOS/JDV_J105-EnsembleDiplome-RASS/FHIR/JDV-J105-EnsembleDiplome-RASS' at https://annuaire.sante.gouv.fr/fhir/StructureDefinition/AS-Practitioner#Practitioner.qualification.code.coding:degreeR47 not found
Value set 'https://mos.esante.gouv.fr/NOS/JDV_J105-EnsembleDiplome-RASS/FHIR/JDV-J105-EnsembleDiplome-RASS' at https://annuaire.sante.gouv.fr/fhir/StructureDefinition/AS-Practitioner#Practitioner.qualification.code.coding:degreeR226 not found
No value set specified at https://annuaire.sante.gouv.fr/fhir/StructureDefinition/AS-Practitioner#Practitioner.name.prefix (no url)
Value set 'https://mos.esante.gouv.fr/NOS/JDV_J81-TypeDiplome-RASS/FHIR/JDV-J81-TypeDiplome-RASS' at https://annuaire.sante.gouv.fr/fhir/StructureDefinition/AS-Practitioner#Practitioner.qualification.code.coding:degreeType not found
Value set 'https://mos.esante.gouv.fr/NOS/JDV_J105-EnsembleDiplome-RASS/FHIR/JDV-J105-EnsembleDiplome-RASS' at https://annuaire.sante.gouv.fr/fhir/StructureDefinition/AS-Practitioner#Practitioner.qualification.code.coding:degreeR48 not found
Value set 'https://mos.esante.gouv.fr/NOS/JDV_J105-EnsembleDiplome-RASS/FHIR/JDV-J105-EnsembleDiplome-RASS' at https://annuaire.sante.gouv.fr/fhir/StructureDefinition/AS-Practitioner#Practitioner.qualification.code.coding:degreeR49 not found
Value set 'https://mos.esante.gouv.fr/NOS/JDV_J105-EnsembleDiplome-RASS/FHIR/JDV-J105-EnsembleDiplome-RASS' at https://annuaire.sante.gouv.fr/fhir/StructureDefinition/AS-Practitioner#Practitioner.qualification.code.coding:degreeR50 not found
Value set 'https://mos.esante.gouv.fr/NOS/JDV_J105-EnsembleDiplome-RASS/FHIR/JDV-J105-EnsembleDiplome-RASS' at https://annuaire.sante.gouv.fr/fhir/StructureDefinition/AS-Practitioner#Practitioner.qualification.code.coding:degreeR51 not found
Value set 'https://mos.esante.gouv.fr/NOS/JDV_J105-EnsembleDiplome-RASS/FHIR/JDV-J105-EnsembleDiplome-RASS' at https://annuaire.sante.gouv.fr/fhir/StructureDefinition/AS-Practitioner#Practitioner.qualification.code.coding:degreeR52 not found
Value set 'https://mos.esante.gouv.fr/NOS/JDV_J105-EnsembleDiplome-RASS/FHIR/JDV-J105-EnsembleDiplome-RASS' at https://annuaire.sante.gouv.fr/fhir/StructureDefinition/AS-Practitioner#Practitioner.qualification.code.coding:degreeR53 not found
Value set 'https://mos.esante.gouv.fr/NOS/JDV_J105-EnsembleDiplome-RASS/FHIR/JDV-J105-EnsembleDiplome-RASS' at https://annuaire.sante.gouv.fr/fhir/StructureDefinition/AS-Practitioner#Practitioner.qualification.code.coding:degreeR54 not found
Value set 'https://mos.esante.gouv.fr/NOS/JDV_J105-EnsembleDiplome-RASS/FHIR/JDV-J105-EnsembleDiplome-RASS' at https://annuaire.sante.gouv.fr/fhir/StructureDefinition/AS-Practitioner#Practitioner.qualification.code.coding:degreeR55 not found
Value set 'https://mos.esante.gouv.fr/NOS/JDV_J105-EnsembleDiplome-RASS/FHIR/JDV-J105-EnsembleDiplome-RASS' at https://annuaire.sante.gouv.fr/fhir/StructureDefinition/AS-Practitioner#Practitioner.qualification.code.coding:degreeR56 not found
Value set 'https://mos.esante.gouv.fr/NOS/JDV_J105-EnsembleDiplome-RASS/FHIR/JDV-J105-EnsembleDiplome-RASS' at https://annuaire.sante.gouv.fr/fhir/StructureDefinition/AS-Practitioner#Practitioner.qualification.code.coding:degreeR57 not found
Value set 'https://mos.esante.gouv.fr/NOS/JDV_J105-EnsembleDiplome-RASS/FHIR/JDV-J105-EnsembleDiplome-RASS' at https://annuaire.sante.gouv.fr/fhir/StructureDefinition/AS-Practitioner#Practitioner.qualification.code.coding:degreeR58 not found
Value set 'https://mos.esante.gouv.fr/NOS/JDV_J105-EnsembleDiplome-RASS/FHIR/JDV-J105-EnsembleDiplome-RASS' at https://annuaire.sante.gouv.fr/fhir/StructureDefinition/AS-Practitioner#Practitioner.qualification.code.coding:deegreeR36 not found
Value set 'https://mos.esante.gouv.fr/NOS/JDV_J105-EnsembleDiplome-RASS/FHIR/JDV-J105-EnsembleDiplome-RASS' at https://annuaire.sante.gouv.fr/fhir/StructureDefinition/AS-Practitioner#Practitioner.qualification.code.coding:degreeR47 not found
Value set 'https://mos.esante.gouv.fr/NOS/JDV_J105-EnsembleDiplome-RASS/FHIR/JDV-J105-EnsembleDiplome-RASS' at https://annuaire.sante.gouv.fr/fhir/StructureDefinition/AS-Practitioner#Practitioner.qualification.code.coding:degreeR226 not found
Value set 'https://mos.esante.gouv.fr/NOS/JDV_J79-CiviliteExercice-RASS/FHIR/JDV-J79-CiviliteExercice-RASS' at https://annuaire.sante.gouv.fr/fhir/StructureDefinition/AS-PractitionerRole#PractitionerRole.extension:name.value[x].suffix not found
Value set 'https://mos.esante.gouv.fr/NOS/JDV_J83-AutoriteEnregistrement-RASS/FHIR/JDV-J83-AutoriteEnregistrement-RASS' at https://annuaire.sante.gouv.fr/fhir/StructureDefinition/AS-PractitionerRole#PractitionerRole.extension:registration.extension:registeringOrganization.value[x] not found
Value set 'https://mos.esante.gouv.fr/NOS/JDV_J84-DepartementOM-RASS/FHIR/JDV-J84-DepartementOM-RASS' at https://annuaire.sante.gouv.fr/fhir/StructureDefinition/AS-PractitionerRole#PractitionerRole.extension:registration.extension:registeringOrganizationDetail.value[x] not found
Value set 'https://mos.esante.gouv.fr/NOS/JDV_J85-StatutInscription-RASS/FHIR/JDV-J85-StatutInscription-RASS' at https://annuaire.sante.gouv.fr/fhir/StructureDefinition/AS-PractitionerRole#PractitionerRole.extension:registration.extension:status.value[x] not found
Value set 'https://mos.esante.gouv.fr/NOS/JDV_J84-DepartementOM-RASS/FHIR/JDV-J84-DepartementOM-RASS' at https://annuaire.sante.gouv.fr/fhir/StructureDefinition/AS-PractitionerRole#PractitionerRole.extension:registration.extension:hostingDepartment.value[x] not found
Value set 'https://mos.esante.gouv.fr/NOS/JDV_J105-EnsembleDiplome-RASS/FHIR/JDV-J105-EnsembleDiplome-RASS' at https://annuaire.sante.gouv.fr/fhir/StructureDefinition/AS-PractitionerRole#PractitionerRole.extension:educationLevel.extension:qualification.value[x] not found
Value set 'https://mos.esante.gouv.fr/NOS/JDV_J81-TypeDiplome-RASS/FHIR/JDV-J81-TypeDiplome-RASS' at https://annuaire.sante.gouv.fr/fhir/StructureDefinition/AS-PractitionerRole#PractitionerRole.extension:educationLevel.extension:qualificationType.value[x] not found
Value set 'https://mos.esante.gouv.fr/NOS/JDV_J86-NatCycleForm-RASS/FHIR/JDV-J86-NatCycleForm-RASS' at https://annuaire.sante.gouv.fr/fhir/StructureDefinition/AS-PractitionerRole#PractitionerRole.extension:educationLevel.extension:academicDegree.value[x] not found
Value set 'https://mos.esante.gouv.fr/NOS/JDV_J87-NiveauFormAcquis-RASS/FHIR/JDV-J87-NiveauFormAcquis-RASS' at https://annuaire.sante.gouv.fr/fhir/StructureDefinition/AS-PractitionerRole#PractitionerRole.extension:educationLevel.extension:achievedLevel.value[x] not found
Value set 'https://mos.esante.gouv.fr/NOS/JDV_J88-AnneeUniversitaire-RASS/FHIR/JDV-J88-AnneeUniversitaire-RASS' at https://annuaire.sante.gouv.fr/fhir/StructureDefinition/AS-PractitionerRole#PractitionerRole.extension:educationLevel.extension:academicYear.value[x] not found
Value set 'https://mos.esante.gouv.fr/NOS/JDV_J139-TypeBAL-RASS/FHIR/JDV-J139-TypeBAL-RASS' at https://annuaire.sante.gouv.fr/fhir/StructureDefinition/AS-PractitionerRole#PractitionerRole.extension:mailboxMSS.extension:type.value[x] not found
Value set 'https://mos.esante.gouv.fr/NOS/JDV_J89-CategorieProfessionnelle-RASS/FHIR/JDV-J89-CategorieProfessionnelle-RASS' at https://annuaire.sante.gouv.fr/fhir/StructureDefinition/AS-PractitionerRole#PractitionerRole.code.coding:CategorieProfession not found
Value set 'https://mos.esante.gouv.fr/NOS/JDV_J106-EnsembleProfession-RASS/FHIR/JDV-J106-EnsembleProfession-RASS' at https://annuaire.sante.gouv.fr/fhir/StructureDefinition/AS-PractitionerRole#PractitionerRole.code.coding:professionG15 not found
Value set 'https://mos.esante.gouv.fr/NOS/JDV_J106-EnsembleProfession-RASS/FHIR/JDV-J106-EnsembleProfession-RASS' at https://annuaire.sante.gouv.fr/fhir/StructureDefinition/AS-PractitionerRole#PractitionerRole.code.coding:professionR94 not found
Value set 'https://mos.esante.gouv.fr/NOS/JDV_J106-EnsembleProfession-RASS/FHIR/JDV-J106-EnsembleProfession-RASS' at https://annuaire.sante.gouv.fr/fhir/StructureDefinition/AS-PractitionerRole#PractitionerRole.code.coding:professionR95 not found
Value set 'https://mos.esante.gouv.fr/NOS/JDV_J106-EnsembleProfession-RASS/FHIR/JDV-J106-EnsembleProfession-RASS' at https://annuaire.sante.gouv.fr/fhir/StructureDefinition/AS-PractitionerRole#PractitionerRole.code.coding:professionR291 not found
Value set 'https://mos.esante.gouv.fr/NOS/JDV_J94-GenreActivite-RASS/FHIR/JDV-J94-GenreActivite-RASS' at https://annuaire.sante.gouv.fr/fhir/StructureDefinition/AS-PractitionerRole#PractitionerRole.code.coding:genreActivite not found
Value set 'https://mos.esante.gouv.fr/NOS/JDV_J95-ModeExercice-RASS/FHIR/JDV-J95-ModeExercice-RASS' at https://annuaire.sante.gouv.fr/fhir/StructureDefinition/AS-PractitionerRole#PractitionerRole.code.coding:modeExercice not found
Value set 'https://mos.esante.gouv.fr/NOS/JDV_J108-EnsembleFonction-RASS/FHIR/JDV-J108-EnsembleFonction-RASS' at https://annuaire.sante.gouv.fr/fhir/StructureDefinition/AS-PractitionerRole#PractitionerRole.code.coding:fonctionR21 not found
Value set 'https://mos.esante.gouv.fr/NOS/JDV_J108-EnsembleFonction-RASS/FHIR/JDV-J108-EnsembleFonction-RASS' at https://annuaire.sante.gouv.fr/fhir/StructureDefinition/AS-PractitionerRole#PractitionerRole.code.coding:fonctionR96 not found
Value set 'https://mos.esante.gouv.fr/NOS/JDV_J108-EnsembleFonction-RASS/FHIR/JDV-J108-EnsembleFonction-RASS' at https://annuaire.sante.gouv.fr/fhir/StructureDefinition/AS-PractitionerRole#PractitionerRole.code.coding:fonctionR85 not found
Value set 'https://mos.esante.gouv.fr/NOS/JDV_J73-MetierPharmacien-RASS/FHIR/JDV-J73-MetierPharmacien-RASS' at https://annuaire.sante.gouv.fr/fhir/StructureDefinition/AS-PractitionerRole#PractitionerRole.code.coding:metierPharmacienR06 not found
Value set 'https://mos.esante.gouv.fr/NOS/JDV_J73-MetierPharmacien-RASS/FHIR/JDV-J73-MetierPharmacien-RASS' at https://annuaire.sante.gouv.fr/fhir/StructureDefinition/AS-PractitionerRole#PractitionerRole.code.coding:metierPharmacienG05 not found
Value set 'https://mos.esante.gouv.fr/NOS/JDV_J107-EnsembleSavoirFaire-RASS/FHIR/JDV-J107-EnsembleSavoirFaire-RASS' at https://annuaire.sante.gouv.fr/fhir/StructureDefinition/AS-PractitionerRole#PractitionerRole.specialty.coding:savoirFaireR38 not found
Value set 'https://mos.esante.gouv.fr/NOS/JDV_J107-EnsembleSavoirFaire-RASS/FHIR/JDV-J107-EnsembleSavoirFaire-RASS' at https://annuaire.sante.gouv.fr/fhir/StructureDefinition/AS-PractitionerRole#PractitionerRole.specialty.coding:savoirFaireR39 not found
Value set 'https://mos.esante.gouv.fr/NOS/JDV_J107-EnsembleSavoirFaire-RASS/FHIR/JDV-J107-EnsembleSavoirFaire-RASS' at https://annuaire.sante.gouv.fr/fhir/StructureDefinition/AS-PractitionerRole#PractitionerRole.specialty.coding:savoirFaireR40 not found
Value set 'https://mos.esante.gouv.fr/NOS/JDV_J107-EnsembleSavoirFaire-RASS/FHIR/JDV-J107-EnsembleSavoirFaire-RASS' at https://annuaire.sante.gouv.fr/fhir/StructureDefinition/AS-PractitionerRole#PractitionerRole.specialty.coding:savoirFaireR42 not found
Value set 'https://mos.esante.gouv.fr/NOS/JDV_J107-EnsembleSavoirFaire-RASS/FHIR/JDV-J107-EnsembleSavoirFaire-RASS' at https://annuaire.sante.gouv.fr/fhir/StructureDefinition/AS-PractitionerRole#PractitionerRole.specialty.coding:savoirFaireR43 not found
Value set 'https://mos.esante.gouv.fr/NOS/JDV_J107-EnsembleSavoirFaire-RASS/FHIR/JDV-J107-EnsembleSavoirFaire-RASS' at https://annuaire.sante.gouv.fr/fhir/StructureDefinition/AS-PractitionerRole#PractitionerRole.specialty.coding:savoirFaireR44 not found
Value set 'https://mos.esante.gouv.fr/NOS/JDV_J107-EnsembleSavoirFaire-RASS/FHIR/JDV-J107-EnsembleSavoirFaire-RASS' at https://annuaire.sante.gouv.fr/fhir/StructureDefinition/AS-PractitionerRole#PractitionerRole.specialty.coding:savoirFaireR45 not found
Value set 'https://mos.esante.gouv.fr/NOS/JDV_J107-EnsembleSavoirFaire-RASS/FHIR/JDV-J107-EnsembleSavoirFaire-RASS' at https://annuaire.sante.gouv.fr/fhir/StructureDefinition/AS-PractitionerRole#PractitionerRole.specialty.coding:savoirFaireR97 not found
Value set 'https://mos.esante.gouv.fr/NOS/JDV_J107-EnsembleSavoirFaire-RASS/FHIR/JDV-J107-EnsembleSavoirFaire-RASS' at https://annuaire.sante.gouv.fr/fhir/StructureDefinition/AS-PractitionerRole#PractitionerRole.specialty.coding:savoirFaireG13 not found
Value set 'https://mos.esante.gouv.fr/NOS/JDV_J91-TypeSavoirFaire-RASS/FHIR/JDV-J91-TypeSavoirFaire-RASS' at https://annuaire.sante.gouv.fr/fhir/StructureDefinition/AS-PractitionerRole#PractitionerRole.specialty.coding:typeSavoirFaire not found
Value set 'https://mos.esante.gouv.fr/NOS/JDV_J107-EnsembleSavoirFaire-RASS/FHIR/JDV-J107-EnsembleSavoirFaire-RASS' at https://annuaire.sante.gouv.fr/fhir/StructureDefinition/AS-PractitionerRole#PractitionerRole.specialty.coding:savoirFaireR38 not found
Value set 'https://mos.esante.gouv.fr/NOS/JDV_J107-EnsembleSavoirFaire-RASS/FHIR/JDV-J107-EnsembleSavoirFaire-RASS' at https://annuaire.sante.gouv.fr/fhir/StructureDefinition/AS-PractitionerRole#PractitionerRole.specialty.coding:savoirFaireR39 not found
Value set 'https://mos.esante.gouv.fr/NOS/JDV_J107-EnsembleSavoirFaire-RASS/FHIR/JDV-J107-EnsembleSavoirFaire-RASS' at https://annuaire.sante.gouv.fr/fhir/StructureDefinition/AS-PractitionerRole#PractitionerRole.specialty.coding:savoirFaireR40 not found
Value set 'https://mos.esante.gouv.fr/NOS/JDV_J107-EnsembleSavoirFaire-RASS/FHIR/JDV-J107-EnsembleSavoirFaire-RASS' at https://annuaire.sante.gouv.fr/fhir/StructureDefinition/AS-PractitionerRole#PractitionerRole.specialty.coding:savoirFaireR42 not found
Value set 'https://mos.esante.gouv.fr/NOS/JDV_J107-EnsembleSavoirFaire-RASS/FHIR/JDV-J107-EnsembleSavoirFaire-RASS' at https://annuaire.sante.gouv.fr/fhir/StructureDefinition/AS-PractitionerRole#PractitionerRole.specialty.coding:savoirFaireR43 not found
Value set 'https://mos.esante.gouv.fr/NOS/JDV_J107-EnsembleSavoirFaire-RASS/FHIR/JDV-J107-EnsembleSavoirFaire-RASS' at https://annuaire.sante.gouv.fr/fhir/StructureDefinition/AS-PractitionerRole#PractitionerRole.specialty.coding:savoirFaireR44 not found
Value set 'https://mos.esante.gouv.fr/NOS/JDV_J107-EnsembleSavoirFaire-RASS/FHIR/JDV-J107-EnsembleSavoirFaire-RASS' at https://annuaire.sante.gouv.fr/fhir/StructureDefinition/AS-PractitionerRole#PractitionerRole.specialty.coding:savoirFaireR45 not found
Value set 'https://mos.esante.gouv.fr/NOS/JDV_J107-EnsembleSavoirFaire-RASS/FHIR/JDV-J107-EnsembleSavoirFaire-RASS' at https://annuaire.sante.gouv.fr/fhir/StructureDefinition/AS-PractitionerRole#PractitionerRole.specialty.coding:savoirFaireR97 not found
Value set 'https://mos.esante.gouv.fr/NOS/JDV_J107-EnsembleSavoirFaire-RASS/FHIR/JDV-J107-EnsembleSavoirFaire-RASS' at https://annuaire.sante.gouv.fr/fhir/StructureDefinition/AS-PractitionerRole#PractitionerRole.specialty.coding:savoirFaireG13 not found
Value set 'https://mos.esante.gouv.fr/NOS/JDV_J91-TypeSavoirFaire-RASS/FHIR/JDV-J91-TypeSavoirFaire-RASS' at https://annuaire.sante.gouv.fr/fhir/StructureDefinition/AS-PractitionerRole#PractitionerRole.specialty.coding:typeSavoirFaire not found
Value set 'https://mos.esante.gouv.fr/NOS/JDV_J89-CategorieProfessionnelle-RASS/FHIR/JDV-J89-CategorieProfessionnelle-RASS' at https://annuaire.sante.gouv.fr/fhir/StructureDefinition/AS-PractitionerRole#PractitionerRole.code.coding:CategorieProfession not found
Value set 'https://mos.esante.gouv.fr/NOS/JDV_J106-EnsembleProfession-RASS/FHIR/JDV-J106-EnsembleProfession-RASS' at https://annuaire.sante.gouv.fr/fhir/StructureDefinition/AS-PractitionerRole#PractitionerRole.code.coding:professionG15 not found
Value set 'https://mos.esante.gouv.fr/NOS/JDV_J106-EnsembleProfession-RASS/FHIR/JDV-J106-EnsembleProfession-RASS' at https://annuaire.sante.gouv.fr/fhir/StructureDefinition/AS-PractitionerRole#PractitionerRole.code.coding:professionR94 not found
Value set 'https://mos.esante.gouv.fr/NOS/JDV_J106-EnsembleProfession-RASS/FHIR/JDV-J106-EnsembleProfession-RASS' at https://annuaire.sante.gouv.fr/fhir/StructureDefinition/AS-PractitionerRole#PractitionerRole.code.coding:professionR95 not found
Value set 'https://mos.esante.gouv.fr/NOS/JDV_J106-EnsembleProfession-RASS/FHIR/JDV-J106-EnsembleProfession-RASS' at https://annuaire.sante.gouv.fr/fhir/StructureDefinition/AS-PractitionerRole#PractitionerRole.code.coding:professionR291 not found
Value set 'https://mos.esante.gouv.fr/NOS/JDV_J94-GenreActivite-RASS/FHIR/JDV-J94-GenreActivite-RASS' at https://annuaire.sante.gouv.fr/fhir/StructureDefinition/AS-PractitionerRole#PractitionerRole.code.coding:genreActivite not found
Value set 'https://mos.esante.gouv.fr/NOS/JDV_J95-ModeExercice-RASS/FHIR/JDV-J95-ModeExercice-RASS' at https://annuaire.sante.gouv.fr/fhir/StructureDefinition/AS-PractitionerRole#PractitionerRole.code.coding:modeExercice not found
Value set 'https://mos.esante.gouv.fr/NOS/JDV_J108-EnsembleFonction-RASS/FHIR/JDV-J108-EnsembleFonction-RASS' at https://annuaire.sante.gouv.fr/fhir/StructureDefinition/AS-PractitionerRole#PractitionerRole.code.coding:fonctionR21 not found
Value set 'https://mos.esante.gouv.fr/NOS/JDV_J108-EnsembleFonction-RASS/FHIR/JDV-J108-EnsembleFonction-RASS' at https://annuaire.sante.gouv.fr/fhir/StructureDefinition/AS-PractitionerRole#PractitionerRole.code.coding:fonctionR96 not found
Value set 'https://mos.esante.gouv.fr/NOS/JDV_J108-EnsembleFonction-RASS/FHIR/JDV-J108-EnsembleFonction-RASS' at https://annuaire.sante.gouv.fr/fhir/StructureDefinition/AS-PractitionerRole#PractitionerRole.code.coding:fonctionR85 not found
Value set 'https://mos.esante.gouv.fr/NOS/JDV_J73-MetierPharmacien-RASS/FHIR/JDV-J73-MetierPharmacien-RASS' at https://annuaire.sante.gouv.fr/fhir/StructureDefinition/AS-PractitionerRole#PractitionerRole.code.coding:metierPharmacienR06 not found
Value set 'https://mos.esante.gouv.fr/NOS/JDV_J73-MetierPharmacien-RASS/FHIR/JDV-J73-MetierPharmacien-RASS' at https://annuaire.sante.gouv.fr/fhir/StructureDefinition/AS-PractitionerRole#PractitionerRole.code.coding:metierPharmacienG05 not found
Value set 'https://mos.esante.gouv.fr/NOS/JDV_J107-EnsembleSavoirFaire-RASS/FHIR/JDV-J107-EnsembleSavoirFaire-RASS' at https://annuaire.sante.gouv.fr/fhir/StructureDefinition/AS-PractitionerRole#PractitionerRole.specialty.coding:savoirFaireR38 not found
Value set 'https://mos.esante.gouv.fr/NOS/JDV_J107-EnsembleSavoirFaire-RASS/FHIR/JDV-J107-EnsembleSavoirFaire-RASS' at https://annuaire.sante.gouv.fr/fhir/StructureDefinition/AS-PractitionerRole#PractitionerRole.specialty.coding:savoirFaireR39 not found
Value set 'https://mos.esante.gouv.fr/NOS/JDV_J107-EnsembleSavoirFaire-RASS/FHIR/JDV-J107-EnsembleSavoirFaire-RASS' at https://annuaire.sante.gouv.fr/fhir/StructureDefinition/AS-PractitionerRole#PractitionerRole.specialty.coding:savoirFaireR40 not found
Value set 'https://mos.esante.gouv.fr/NOS/JDV_J107-EnsembleSavoirFaire-RASS/FHIR/JDV-J107-EnsembleSavoirFaire-RASS' at https://annuaire.sante.gouv.fr/fhir/StructureDefinition/AS-PractitionerRole#PractitionerRole.specialty.coding:savoirFaireR42 not found
Value set 'https://mos.esante.gouv.fr/NOS/JDV_J107-EnsembleSavoirFaire-RASS/FHIR/JDV-J107-EnsembleSavoirFaire-RASS' at https://annuaire.sante.gouv.fr/fhir/StructureDefinition/AS-PractitionerRole#PractitionerRole.specialty.coding:savoirFaireR43 not found
Value set 'https://mos.esante.gouv.fr/NOS/JDV_J107-EnsembleSavoirFaire-RASS/FHIR/JDV-J107-EnsembleSavoirFaire-RASS' at https://annuaire.sante.gouv.fr/fhir/StructureDefinition/AS-PractitionerRole#PractitionerRole.specialty.coding:savoirFaireR44 not found
Value set 'https://mos.esante.gouv.fr/NOS/JDV_J107-EnsembleSavoirFaire-RASS/FHIR/JDV-J107-EnsembleSavoirFaire-RASS' at https://annuaire.sante.gouv.fr/fhir/StructureDefinition/AS-PractitionerRole#PractitionerRole.specialty.coding:savoirFaireR45 not found
Value set 'https://mos.esante.gouv.fr/NOS/JDV_J107-EnsembleSavoirFaire-RASS/FHIR/JDV-J107-EnsembleSavoirFaire-RASS' at https://annuaire.sante.gouv.fr/fhir/StructureDefinition/AS-PractitionerRole#PractitionerRole.specialty.coding:savoirFaireR97 not found
Value set 'https://mos.esante.gouv.fr/NOS/JDV_J107-EnsembleSavoirFaire-RASS/FHIR/JDV-J107-EnsembleSavoirFaire-RASS' at https://annuaire.sante.gouv.fr/fhir/StructureDefinition/AS-PractitionerRole#PractitionerRole.specialty.coding:savoirFaireG13 not found
Value set 'https://mos.esante.gouv.fr/NOS/JDV_J91-TypeSavoirFaire-RASS/FHIR/JDV-J91-TypeSavoirFaire-RASS' at https://annuaire.sante.gouv.fr/fhir/StructureDefinition/AS-PractitionerRole#PractitionerRole.specialty.coding:typeSavoirFaire not found
Value set 'https://mos.esante.gouv.fr/NOS/JDV_J74-Pays-RASS/FHIR/JDV-J74-Pays-RASS' at https://annuaire.sante.gouv.fr/fhir/StructureDefinition/Address-Country-Code#Extension.value[x] not found
Value set 'https://mos.esante.gouv.fr/NOS/JDV_J74-Pays-RASS/FHIR/JDV-J74-Pays-RASS' at https://annuaire.sante.gouv.fr/fhir/StructureDefinition/Address-Country-Code#Extension.value[x] not found
Value set 'https://mos.esante.gouv.fr/NOS/JDV_J74-Pays-RASS/FHIR/JDV-J74-Pays-RASS' at https://annuaire.sante.gouv.fr/fhir/StructureDefinition/Address-Country-Code#Extension.value[x] not found
Value set 'https://mos.esante.gouv.fr/NOS/JDV_J84-DepartementOM-RASS/FHIR/JDV-J84-DepartementOM-RASS' at https://annuaire.sante.gouv.fr/fhir/StructureDefinition/French-Department#Extension.value[x] not found
Value set 'https://mos.esante.gouv.fr/NOS/JDV_J84-DepartementOM-RASS/FHIR/JDV-J84-DepartementOM-RASS' at https://annuaire.sante.gouv.fr/fhir/StructureDefinition/French-Department#Extension.value[x] not found
Value set 'https://mos.esante.gouv.fr/NOS/JDV_J84-DepartementOM-RASS/FHIR/JDV-J84-DepartementOM-RASS' at https://annuaire.sante.gouv.fr/fhir/StructureDefinition/French-Department#Extension.value[x] not found
Value set 'https://mos.esante.gouv.fr/NOS/JDV_J131-CategorieActiviteSanitaireRegulee-RASS/FHIR/JDV-J131-CategorieActiviteSanitaireRegulee-RASS' at https://annuaire.sante.gouv.fr/fhir/StructureDefinition/HealthcareService-ActivityType#Extension.value[x] not found
Value set 'https://mos.esante.gouv.fr/NOS/JDV_J131-CategorieActiviteSanitaireRegulee-RASS/FHIR/JDV-J131-CategorieActiviteSanitaireRegulee-RASS' at https://annuaire.sante.gouv.fr/fhir/StructureDefinition/HealthcareService-ActivityType#Extension.value[x] not found
Value set 'https://mos.esante.gouv.fr/NOS/JDV_J131-CategorieActiviteSanitaireRegulee-RASS/FHIR/JDV-J131-CategorieActiviteSanitaireRegulee-RASS' at https://annuaire.sante.gouv.fr/fhir/StructureDefinition/HealthcareService-ActivityType#Extension.value[x] not found
Value set 'https://mos.esante.gouv.fr/NOS/JDV_J139-TypeBAL-RASS/FHIR/JDV-J139-TypeBAL-RASS' at https://annuaire.sante.gouv.fr/fhir/StructureDefinition/MailboxMSS#Extension.extension:type.value[x] not found
Value set 'https://mos.esante.gouv.fr/NOS/JDV_J139-TypeBAL-RASS/FHIR/JDV-J139-TypeBAL-RASS' at https://annuaire.sante.gouv.fr/fhir/StructureDefinition/MailboxMSS#Extension.extension:type.value[x] not found
Value set 'https://mos.esante.gouv.fr/NOS/JDV_J139-TypeBAL-RASS/FHIR/JDV-J139-TypeBAL-RASS' at https://annuaire.sante.gouv.fr/fhir/StructureDefinition/MailboxMSS#Extension.extension:type.value[x] not found
Value set 'https://mos.esante.gouv.fr/NOS/JDV_J75-TypeAutorisation-RASS/FHIR/JDV-J75-TypeAutorisation-RASS' at https://annuaire.sante.gouv.fr/fhir/StructureDefinition/Practitioner-Authorization#Extension.extension:type.value[x] not found
Value set 'https://mos.esante.gouv.fr/NOS/JDV_J76-DisciplineAutorisation-RASS/FHIR/JDV-J76-DisciplineAutorisation-RASS' at https://annuaire.sante.gouv.fr/fhir/StructureDefinition/Practitioner-Authorization#Extension.extension:field.value[x] not found
Value set 'https://mos.esante.gouv.fr/NOS/JDV_J106-EnsembleProfession-RASS/FHIR/JDV-J106-EnsembleProfession-RASS' at https://annuaire.sante.gouv.fr/fhir/StructureDefinition/Practitioner-Authorization#Extension.extension:profession.value[x] not found
Value set 'https://mos.esante.gouv.fr/NOS/JDV_J75-TypeAutorisation-RASS/FHIR/JDV-J75-TypeAutorisation-RASS' at https://annuaire.sante.gouv.fr/fhir/StructureDefinition/Practitioner-Authorization#Extension.extension:type.value[x] not found
Value set 'https://mos.esante.gouv.fr/NOS/JDV_J76-DisciplineAutorisation-RASS/FHIR/JDV-J76-DisciplineAutorisation-RASS' at https://annuaire.sante.gouv.fr/fhir/StructureDefinition/Practitioner-Authorization#Extension.extension:field.value[x] not found
Value set 'https://mos.esante.gouv.fr/NOS/JDV_J106-EnsembleProfession-RASS/FHIR/JDV-J106-EnsembleProfession-RASS' at https://annuaire.sante.gouv.fr/fhir/StructureDefinition/Practitioner-Authorization#Extension.extension:profession.value[x] not found
Value set 'https://mos.esante.gouv.fr/NOS/JDV_J75-TypeAutorisation-RASS/FHIR/JDV-J75-TypeAutorisation-RASS' at https://annuaire.sante.gouv.fr/fhir/StructureDefinition/Practitioner-Authorization#Extension.extension:type.value[x] not found
Value set 'https://mos.esante.gouv.fr/NOS/JDV_J76-DisciplineAutorisation-RASS/FHIR/JDV-J76-DisciplineAutorisation-RASS' at https://annuaire.sante.gouv.fr/fhir/StructureDefinition/Practitioner-Authorization#Extension.extension:field.value[x] not found
Value set 'https://mos.esante.gouv.fr/NOS/JDV_J106-EnsembleProfession-RASS/FHIR/JDV-J106-EnsembleProfession-RASS' at https://annuaire.sante.gouv.fr/fhir/StructureDefinition/Practitioner-Authorization#Extension.extension:profession.value[x] not found
Value set 'https://mos.esante.gouv.fr/NOS/JDV_J74-Pays-RASS/FHIR/JDV-J74-Pays-RASS' at https://annuaire.sante.gouv.fr/fhir/StructureDefinition/Practitioner-Nationality#Extension.extension:code.value[x] not found
Value set 'https://mos.esante.gouv.fr/NOS/JDV_J74-Pays-RASS/FHIR/JDV-J74-Pays-RASS' at https://annuaire.sante.gouv.fr/fhir/StructureDefinition/Practitioner-Nationality#Extension.extension:code.value[x] not found
Value set 'https://mos.esante.gouv.fr/NOS/JDV_J74-Pays-RASS/FHIR/JDV-J74-Pays-RASS' at https://annuaire.sante.gouv.fr/fhir/StructureDefinition/Practitioner-Nationality#Extension.extension:code.value[x] not found
Value set 'https://mos.esante.gouv.fr/NOS/JDV_J130-CNAMAmeliSecteurConventionnement-RASS/FHIR/JDV-J130-CNAMAmeliSecteurConventionnement-RASS' at https://annuaire.sante.gouv.fr/fhir/StructureDefinition/PractitionerRole-Contracted#Extension.value[x] not found
Value set 'https://mos.esante.gouv.fr/NOS/JDV_J130-CNAMAmeliSecteurConventionnement-RASS/FHIR/JDV-J130-CNAMAmeliSecteurConventionnement-RASS' at https://annuaire.sante.gouv.fr/fhir/StructureDefinition/PractitionerRole-Contracted#Extension.value[x] not found
Value set 'https://mos.esante.gouv.fr/NOS/JDV_J130-CNAMAmeliSecteurConventionnement-RASS/FHIR/JDV-J130-CNAMAmeliSecteurConventionnement-RASS' at https://annuaire.sante.gouv.fr/fhir/StructureDefinition/PractitionerRole-Contracted#Extension.value[x] not found
Value set 'https://mos.esante.gouv.fr/NOS/JDV_J105-EnsembleDiplome-RASS/FHIR/JDV-J105-EnsembleDiplome-RASS' at https://annuaire.sante.gouv.fr/fhir/StructureDefinition/PractitionerRole-EducationLevel#Extension.extension:qualification.value[x] not found
Value set 'https://mos.esante.gouv.fr/NOS/JDV_J81-TypeDiplome-RASS/FHIR/JDV-J81-TypeDiplome-RASS' at https://annuaire.sante.gouv.fr/fhir/StructureDefinition/PractitionerRole-EducationLevel#Extension.extension:qualificationType.value[x] not found
Value set 'https://mos.esante.gouv.fr/NOS/JDV_J86-NatCycleForm-RASS/FHIR/JDV-J86-NatCycleForm-RASS' at https://annuaire.sante.gouv.fr/fhir/StructureDefinition/PractitionerRole-EducationLevel#Extension.extension:academicDegree.value[x] not found
Value set 'https://mos.esante.gouv.fr/NOS/JDV_J87-NiveauFormAcquis-RASS/FHIR/JDV-J87-NiveauFormAcquis-RASS' at https://annuaire.sante.gouv.fr/fhir/StructureDefinition/PractitionerRole-EducationLevel#Extension.extension:achievedLevel.value[x] not found
Value set 'https://mos.esante.gouv.fr/NOS/JDV_J88-AnneeUniversitaire-RASS/FHIR/JDV-J88-AnneeUniversitaire-RASS' at https://annuaire.sante.gouv.fr/fhir/StructureDefinition/PractitionerRole-EducationLevel#Extension.extension:academicYear.value[x] not found
Value set 'https://mos.esante.gouv.fr/NOS/JDV_J105-EnsembleDiplome-RASS/FHIR/JDV-J105-EnsembleDiplome-RASS' at https://annuaire.sante.gouv.fr/fhir/StructureDefinition/PractitionerRole-EducationLevel#Extension.extension:qualification.value[x] not found
Value set 'https://mos.esante.gouv.fr/NOS/JDV_J81-TypeDiplome-RASS/FHIR/JDV-J81-TypeDiplome-RASS' at https://annuaire.sante.gouv.fr/fhir/StructureDefinition/PractitionerRole-EducationLevel#Extension.extension:qualificationType.value[x] not found
Value set 'https://mos.esante.gouv.fr/NOS/JDV_J86-NatCycleForm-RASS/FHIR/JDV-J86-NatCycleForm-RASS' at https://annuaire.sante.gouv.fr/fhir/StructureDefinition/PractitionerRole-EducationLevel#Extension.extension:academicDegree.value[x] not found
Value set 'https://mos.esante.gouv.fr/NOS/JDV_J87-NiveauFormAcquis-RASS/FHIR/JDV-J87-NiveauFormAcquis-RASS' at https://annuaire.sante.gouv.fr/fhir/StructureDefinition/PractitionerRole-EducationLevel#Extension.extension:achievedLevel.value[x] not found
Value set 'https://mos.esante.gouv.fr/NOS/JDV_J88-AnneeUniversitaire-RASS/FHIR/JDV-J88-AnneeUniversitaire-RASS' at https://annuaire.sante.gouv.fr/fhir/StructureDefinition/PractitionerRole-EducationLevel#Extension.extension:academicYear.value[x] not found
Value set 'https://mos.esante.gouv.fr/NOS/JDV_J105-EnsembleDiplome-RASS/FHIR/JDV-J105-EnsembleDiplome-RASS' at https://annuaire.sante.gouv.fr/fhir/StructureDefinition/PractitionerRole-EducationLevel#Extension.extension:qualification.value[x] not found
Value set 'https://mos.esante.gouv.fr/NOS/JDV_J81-TypeDiplome-RASS/FHIR/JDV-J81-TypeDiplome-RASS' at https://annuaire.sante.gouv.fr/fhir/StructureDefinition/PractitionerRole-EducationLevel#Extension.extension:qualificationType.value[x] not found
Value set 'https://mos.esante.gouv.fr/NOS/JDV_J86-NatCycleForm-RASS/FHIR/JDV-J86-NatCycleForm-RASS' at https://annuaire.sante.gouv.fr/fhir/StructureDefinition/PractitionerRole-EducationLevel#Extension.extension:academicDegree.value[x] not found
Value set 'https://mos.esante.gouv.fr/NOS/JDV_J87-NiveauFormAcquis-RASS/FHIR/JDV-J87-NiveauFormAcquis-RASS' at https://annuaire.sante.gouv.fr/fhir/StructureDefinition/PractitionerRole-EducationLevel#Extension.extension:achievedLevel.value[x] not found
Value set 'https://mos.esante.gouv.fr/NOS/JDV_J88-AnneeUniversitaire-RASS/FHIR/JDV-J88-AnneeUniversitaire-RASS' at https://annuaire.sante.gouv.fr/fhir/StructureDefinition/PractitionerRole-EducationLevel#Extension.extension:academicYear.value[x] not found
Value set 'https://mos.esante.gouv.fr/NOS/JDV_J92-MotifFinActivite-RASS/FHIR/JDV-J92-MotifFinActivite-RASS' at https://annuaire.sante.gouv.fr/fhir/StructureDefinition/PractitionerRole-EndCause#Extension.value[x] not found
Value set 'https://mos.esante.gouv.fr/NOS/JDV_J92-MotifFinActivite-RASS/FHIR/JDV-J92-MotifFinActivite-RASS' at https://annuaire.sante.gouv.fr/fhir/StructureDefinition/PractitionerRole-EndCause#Extension.value[x] not found
Value set 'https://mos.esante.gouv.fr/NOS/JDV_J92-MotifFinActivite-RASS/FHIR/JDV-J92-MotifFinActivite-RASS' at https://annuaire.sante.gouv.fr/fhir/StructureDefinition/PractitionerRole-EndCause#Extension.value[x] not found
Value set 'https://mos.esante.gouv.fr/NOS/JDV_J93-RegionOM-RASS/FHIR/JDV-J93-RegionOM-RASS' at https://annuaire.sante.gouv.fr/fhir/StructureDefinition/practitionerRole-PracticeRegion#Extension.value[x] not found
Value set 'https://mos.esante.gouv.fr/NOS/JDV_J93-RegionOM-RASS/FHIR/JDV-J93-RegionOM-RASS' at https://annuaire.sante.gouv.fr/fhir/StructureDefinition/practitionerRole-PracticeRegion#Extension.value[x] not found
Value set 'https://mos.esante.gouv.fr/NOS/JDV_J93-RegionOM-RASS/FHIR/JDV-J93-RegionOM-RASS' at https://annuaire.sante.gouv.fr/fhir/StructureDefinition/practitionerRole-PracticeRegion#Extension.value[x] not found
Value set 'https://mos.esante.gouv.fr/NOS/JDV_J83-AutoriteEnregistrement-RASS/FHIR/JDV-J83-AutoriteEnregistrement-RASS' at https://annuaire.sante.gouv.fr/fhir/StructureDefinition/PractitionerRole-Registration#Extension.extension:registeringOrganization.value[x] not found
Value set 'https://mos.esante.gouv.fr/NOS/JDV_J84-DepartementOM-RASS/FHIR/JDV-J84-DepartementOM-RASS' at https://annuaire.sante.gouv.fr/fhir/StructureDefinition/PractitionerRole-Registration#Extension.extension:registeringOrganizationDetail.value[x] not found
Value set 'https://mos.esante.gouv.fr/NOS/JDV_J85-StatutInscription-RASS/FHIR/JDV-J85-StatutInscription-RASS' at https://annuaire.sante.gouv.fr/fhir/StructureDefinition/PractitionerRole-Registration#Extension.extension:status.value[x] not found
Value set 'https://mos.esante.gouv.fr/NOS/JDV_J84-DepartementOM-RASS/FHIR/JDV-J84-DepartementOM-RASS' at https://annuaire.sante.gouv.fr/fhir/StructureDefinition/PractitionerRole-Registration#Extension.extension:hostingDepartment.value[x] not found
Value set 'https://mos.esante.gouv.fr/NOS/JDV_J83-AutoriteEnregistrement-RASS/FHIR/JDV-J83-AutoriteEnregistrement-RASS' at https://annuaire.sante.gouv.fr/fhir/StructureDefinition/PractitionerRole-Registration#Extension.extension:registeringOrganization.value[x] not found
Value set 'https://mos.esante.gouv.fr/NOS/JDV_J84-DepartementOM-RASS/FHIR/JDV-J84-DepartementOM-RASS' at https://annuaire.sante.gouv.fr/fhir/StructureDefinition/PractitionerRole-Registration#Extension.extension:registeringOrganizationDetail.value[x] not found
Value set 'https://mos.esante.gouv.fr/NOS/JDV_J85-StatutInscription-RASS/FHIR/JDV-J85-StatutInscription-RASS' at https://annuaire.sante.gouv.fr/fhir/StructureDefinition/PractitionerRole-Registration#Extension.extension:status.value[x] not found
Value set 'https://mos.esante.gouv.fr/NOS/JDV_J84-DepartementOM-RASS/FHIR/JDV-J84-DepartementOM-RASS' at https://annuaire.sante.gouv.fr/fhir/StructureDefinition/PractitionerRole-Registration#Extension.extension:hostingDepartment.value[x] not found
Value set 'https://mos.esante.gouv.fr/NOS/JDV_J83-AutoriteEnregistrement-RASS/FHIR/JDV-J83-AutoriteEnregistrement-RASS' at https://annuaire.sante.gouv.fr/fhir/StructureDefinition/PractitionerRole-Registration#Extension.extension:registeringOrganization.value[x] not found
Value set 'https://mos.esante.gouv.fr/NOS/JDV_J84-DepartementOM-RASS/FHIR/JDV-J84-DepartementOM-RASS' at https://annuaire.sante.gouv.fr/fhir/StructureDefinition/PractitionerRole-Registration#Extension.extension:registeringOrganizationDetail.value[x] not found
Value set 'https://mos.esante.gouv.fr/NOS/JDV_J85-StatutInscription-RASS/FHIR/JDV-J85-StatutInscription-RASS' at https://annuaire.sante.gouv.fr/fhir/StructureDefinition/PractitionerRole-Registration#Extension.extension:status.value[x] not found
Value set 'https://mos.esante.gouv.fr/NOS/JDV_J84-DepartementOM-RASS/FHIR/JDV-J84-DepartementOM-RASS' at https://annuaire.sante.gouv.fr/fhir/StructureDefinition/PractitionerRole-Registration#Extension.extension:hostingDepartment.value[x] not found
Value set 'https://mos.esante.gouv.fr/NOS/JDV_J128-TypeCarte-RASS/FHIR/JDV-J128-TypeCarte-RASS' at https://annuaire.sante.gouv.fr/fhir/StructureDefinition/PractitionerRole-SmartCard#Extension.extension:type.value[x].coding not found
Value set 'https://mos.esante.gouv.fr/NOS/JDV_J128-TypeCarte-RASS/FHIR/JDV-J128-TypeCarte-RASS' at https://annuaire.sante.gouv.fr/fhir/StructureDefinition/PractitionerRole-SmartCard#Extension.extension:type.value[x].coding not found
Value set 'https://mos.esante.gouv.fr/NOS/JDV_J128-TypeCarte-RASS/FHIR/JDV-J128-TypeCarte-RASS' at https://annuaire.sante.gouv.fr/fhir/StructureDefinition/PractitionerRole-SmartCard#Extension.extension:type.value[x].coding not found
Generate Summaries                                                                                   (00:14.613 / 01:09.505, 1Gb)
Generating Summary Outputs                                                                           (00:00.000 / 01:09.506, 1Gb)
DB Cumulative Time invested: 0:0:0.141
Sending Usage Stats to Server                                                                        (02:15.007 / 03:24.513, 1Gb)
## Memory (MB): Use = 1112, Free = 1165, Total = 2278, Max = 3996                                    (00:00.002 / 03:24.515, 1Gb)
Reclaiming memory...                                                                                 (00:00.000 / 03:24.516, 1Gb)
## Memory (MB): Use = 1113, Free = 1164, Total = 2278, Max = 3996                                    (00:00.009 / 03:24.526, 1Gb)
Run jekyll: jekyll build --destination "/tmp/ans.fhir.fr.annuaire#0.1.0/output" (in folder /tmp/ans.fhir.fr.annuaire#0.1.0/temp/pages) (00:00.013 / 03:24.539, 999Mb)
Note: usual cases for Jekyll to fail are:                                                            (00:00.004 / 03:24.543, 999Mb)
* A failure to produce a fragment that is already logged in the output above                         (00:00.001 / 03:24.545, 999Mb)
* A reference to a manually edited file that hasn't been provided                                    (00:00.001 / 03:24.546, 999Mb)
Jekyll: Source: /tmp/ans.fhir.fr.annuaire#0.1.0/temp/pages                                           (00:00.322 / 03:24.869, 1002Mb)
Jekyll: Generating...                                                                                (00:00.001 / 03:24.870, 1002Mb)
Jekyll: done in 1.832 seconds.                                                                       (00:01.829 / 03:26.700, 1002Mb)

Installing ans.fhir.fr.annuaire#0.1.0 done.
Checking Output HTML                                                                                 (00:04.798 / 03:31.498, 1Gb)
found 1199 files                                                                                     (00:00.005 / 03:31.503, 1Gb)
.........................................
.........................................
  ... 1199 html files, 0 pages invalid xhtml (0%)                                                    (00:17.897 / 03:49.401, 953Mb)
  ... 417846 links, 0 broken links (0%)                                                              (00:00.001 / 03:49.402, 953Mb)
Build final .zip                                                                                     (00:00.000 / 03:49.403, 953Mb)
Final .zip built                                                                                     (00:02.122 / 03:51.526, 962Mb)
Built. Times: loading: 00:01.769, generate: 03:38.951, narrative generation: 00:04.380, realm-rules: 00:00.001, previous-version: 00:04.428, jekyll: 00:02.198, validation: 00:10.340 (#45), template: 00:01.687 (#3) (00:03.162 / 03:54.688, 2Gb)
Validation output in /tmp/ans.fhir.fr.annuaire#0.1.0/output/qa.html
Errors: 95, Warnings: 246, Info: 30, Broken Links: 0 (00:02.146 / 03:56.835, 1Gb)
Finished. Max Memory Used = 2Gb. Log file saved in /tmp/fhir-ig-publisher-tmp.log                    (00:00.013 / 03:56.849, 1Gb)
Keep a copy of the build directory at /tmp/web-root/run-20231213/ig-build-zips/ans.fhir.fr.annuaire#0.1.0.zip

ok. All checks passed. Publish v0.1.0 to /tmp/web-root/run-20231213/annuaire/0.1.0
Copy the IG to /tmp/web-root/run-20231213/annuaire/0.1.0
Update /tmp/web-root/run-20231213/annuaire/package-list.json
Publish Box Statement: This page is part of the Guide d'implmentation FHIR - Annuaire de sant (v0.1.0: trial-use) based on <a no-external="true" href="http://hl7.org/fhir/R4">FHIR (HL7 FHIR Standard) R4</a>. The current version which supersedes this version is <a no-external="true" href="https://interop.esante.gouv.fr/ig/fhir/annuaire{{fn}}">1.0.0-ballot-2</a>.  For a full list of available versions, see the <a no-external="true" href="https://interop.esante.gouv.fr/ig/fhir/annuaire/history.html">Directory of published versions</a>
  .. 320 files checked, 320 updated
  .. 93 clones checked, 186 updated
  .. 45 redirections (45 created/updated)
Update history page at /tmp/web-root/run-20231213/annuaire from /home/runner/work/IG-fhir-annuaire/IG-fhir-annuaire/./IG-website-release/fhir-ig-history-template and ./IG-website-release/templates
Build is complete. Copy from /tmp/web-root/run-20231213
ans.fhir.fr.annuaire (https://interop.esante.gouv.fr/ig/fhir/annuaire): Guide d'implmentation FHIR - Annuaire de sant @ https://ansforge.github.io/IG-fhir-annuaire/ig/main
  release: trial-use 0.1.0/4.0.1 @ https://interop.esante.gouv.fr/ig/fhir/annuaire/0.1.0
