FHIR IG Publisher Version 1.8.22 (Git# 3d9b32f2efa8). Built 2025-03-19T04:54:10.544Z (208 days old)
Detected Java version: 17.0.10 from /opt/hostedtoolcache/Java_Microsoft_jdk/17.0.10/x64 on amd64 (64bit). 4000MB available
dir = /home/runner/work/IG-fhir-medicosocial-suivi-decisions-orientation/IG-fhir-medicosocial-suivi-decisions-orientation, path = /opt/hostedtoolcache/Ruby/3.3.9/x64/bin:/opt/hostedtoolcache/node/20.19.5/x64/bin:/opt/hostedtoolcache/Java_Microsoft_jdk/17.0.10/x64/bin:/snap/bin:/home/runner/.local/bin:/opt/pipx_bin:/home/runner/.cargo/bin:/home/runner/.config/composer/vendor/bin:/usr/local/.ghcup/bin:/home/runner/.dotnet/tools:/usr/local/sbin:/usr/local/bin:/usr/sbin:/usr/bin:/sbin:/bin:/usr/games:/usr/local/games:/snap/bin
Parameters: -go-publish -authorise-non-conformant-tx-servers -source ./igSource -web ./IG-website-release/www/ig/fhir -registry ./IG-website-release/ig-registry/fhir-ig-list.json -history ./IG-website-release/fhir-ig-history-template -templates ./IG-website-release/templates
---------------
Publication Run: publish ./igSource to ./IG-website-release/www/ig/fhir
Relative directory for IG is '/sdo'
===== Web Publication Run Details ===============================
 Source IG: ans.fhir.fr.sdo#4.0.5 : https://interop.esante.gouv.fr/ig/fhir/sdo (R4) from ./igSource
All checks passed. Do the publication build from /home/runner/work/IG-fhir-medicosocial-suivi-decisions-orientation/IG-fhir-medicosocial-suivi-decisions-orientation/./igSource and publish to /tmp/web-root/run-20251013/sdo
Prepare Build space in /tmp/ig-builds/ans.fhir.fr.sdo#4.0.5
Build IG at /home/runner/work/IG-fhir-medicosocial-suivi-decisions-orientation/IG-fhir-medicosocial-suivi-decisions-orientation/./igSource: final copy suitable for publication (in /tmp/ig-builds/ans.fhir.fr.sdo#4.0.5)
FHIR IG Publisher Version 1.8.22 (Git# 3d9b32f2efa8). Built 2025-03-19T04:54:10.544Z (208 days old) 
Detected Java version: 17.0.10 from /opt/hostedtoolcache/Java_Microsoft_jdk/17.0.10/x64 on Linux/amd64 (64bit). 4000MB available
dir = /home/runner/work/IG-fhir-medicosocial-suivi-decisions-orientation/IG-fhir-medicosocial-suivi-decisions-orientation, path = /opt/hostedtoolcache/Ruby/3.3.9/x64/bin:/opt/hostedtoolcache/node/20.19.5/x64/bin:/opt/hostedtoolcache/Java_Microsoft_jdk/17.0.10/x64/bin:/snap/bin:/home/runner/.local/bin:/opt/pipx_bin:/home/runner/.cargo/bin:/home/runner/.config/composer/vendor/bin:/usr/local/.ghcup/bin:/home/runner/.dotnet/tools:/usr/local/sbin:/usr/local/bin:/usr/sbin:/usr/bin:/sbin:/bin:/usr/games:/usr/local/games:/snap/bin
Parameters: -ig /tmp/ig-builds/ans.fhir.fr.sdo#4.0.5 -resetTx -publish https://interop.esante.gouv.fr/ig/fhir/sdo/4.0.5 -no-exit
Character encoding = UTF-8 / UTF-8                                                                  
Start Clock @ Monday, October 13, 2025 at 2:55:51 PM Coordinated Universal Time (2025-10-13T14:55:51Z)
                                                                                                    
Build FHIR IG from /tmp/ig-builds/ans.fhir.fr.sdo#4.0.5                                              (00:00.021 / 00:00.022, 34Mb)
Build Formal Publication package, intended for https://interop.esante.gouv.fr/ig/fhir/sdo/4.0.5      (00:00.002 / 00:00.024, 34Mb)
API keys loaded from /home/runner/.fhir/fhir-settings.json                                           (00:00.000 / 00:00.025, 34Mb)
Package Cache: /home/runner/.fhir/packages                                                           (00:00.003 / 00:00.028, 34Mb)
Run Sushi on /tmp/ig-builds/ans.fhir.fr.sdo#4.0.5                                                    (00:00.001 / 00:00.030, 34Mb)
Sushi: info  Running SUSHI v3.16.5 (implements FHIR Shorthand specification v3.0.0)                  (00:00.747 / 00:00.778, 36Mb)
Sushi: info  Arguments:                                                                              (00:00.001 / 00:00.779, 36Mb)
Sushi: info    --require-latest                                                                      (00:00.000 / 00:00.780, 36Mb)
Sushi: info    --out /tmp/ig-builds/ans.fhir.fr.sdo#4.0.5                                            (00:00.000 / 00:00.781, 36Mb)
Sushi: info    /tmp/ig-builds/ans.fhir.fr.sdo#4.0.5                                                  (00:00.000 / 00:00.782, 36Mb)
Sushi: info  Using configuration file: /tmp/ig-builds/ans.fhir.fr.sdo#4.0.5/sushi-config.yaml        (00:01.354 / 00:02.137, 36Mb)
Sushi: info  Importing FSH text...                                                                   (00:00.107 / 00:02.244, 36Mb)
Sushi: info  Preprocessed 23 documents with 17 aliases.                                              (00:00.181 / 00:02.426, 36Mb)
Sushi: info  Imported 8 definitions and 16 instances.                                                (00:00.016 / 00:02.443, 36Mb)
Sushi: info  Loaded virtual package sushi-r5forR4#1.0.0 with 7 resources                             (00:00.116 / 00:02.559, 36Mb)
Sushi: info  Resolved hl7.fhir.uv.tools.r4#latest to concrete version 0.8.0                          (00:00.737 / 00:03.297, 36Mb)
Sushi: info  Loaded hl7.fhir.uv.tools.r4#0.8.0 with 110 resources                                    (00:00.074 / 00:03.371, 36Mb)
Sushi: info  Resolved hl7.terminology.r4#latest to concrete version 6.5.0                            (00:00.175 / 00:03.546, 36Mb)
Sushi: info  Loaded hl7.terminology.r4#6.5.0 with 4392 resources                                     (00:01.958 / 00:05.505, 36Mb)
Sushi: info  Resolved ans.fr.terminologies#latest to concrete version 1.2.0                          (00:00.187 / 00:05.692, 36Mb)
Sushi: info  Loaded ans.fr.terminologies#1.2.0 with 1047 resources                                   (00:00.643 / 00:06.335, 36Mb)
Sushi: info  Loaded hl7.fhir.uv.extensions.r4#5.2.0 with 759 resources                               (00:00.387 / 00:06.723, 36Mb)
Sushi: info  Loaded hl7.fhir.r4.core#4.0.1 with 4581 resources                                       (00:01.907 / 00:08.630, 36Mb)
Sushi: info  Loaded virtual package sushi-local#LOCAL with 0 resources                               (00:00.009 / 00:08.639, 36Mb)
Sushi: info  Converting FSH to FHIR resources...                                                     (00:00.022 / 00:08.661, 36Mb)
Sushi: info  Converted 6 FHIR StructureDefinitions.                                                  (00:01.072 / 00:09.733, 36Mb)
Sushi: info  Converted 1 FHIR CodeSystems.                                                           (00:00.030 / 00:09.764, 36Mb)
Sushi: info  Converted 1 FHIR ValueSets.                                                             (00:00.020 / 00:09.784, 36Mb)
Sushi: info  Converted 16 FHIR instances.                                                            (00:01.313 / 00:11.097, 36Mb)
Sushi: info  Exporting FHIR resources as JSON...                                                     (00:00.000 / 00:11.098, 36Mb)
Sushi: info  Exported 18 FHIR resources as JSON.                                                     (00:00.029 / 00:11.128, 36Mb)
Sushi: info  Assembling Implementation Guide sources...                                              (00:00.001 / 00:11.130, 36Mb)
Sushi: info  Generated ImplementationGuide-ans.fhir.fr.sdo.json                                      (00:00.034 / 00:11.164, 36Mb)
Sushi: info  Assembled Implementation Guide sources; ready for IG Publisher.                         (00:00.000 / 00:11.165, 36Mb)
Sushi: ========================= SUSHI RESULTS ===========================                           (00:00.000 / 00:11.166, 36Mb)
Sushi: |  -------------------------------------------------------------  |                           (00:00.000 / 00:11.166, 36Mb)
Sushi: | |    Profiles   |  Extensions  |   Logicals   |   Resources   | |                           (00:00.000 / 00:11.167, 36Mb)
Sushi: | |-------------------------------------------------------------| |                           (00:00.000 / 00:11.168, 36Mb)
Sushi: | |       6       |      0       |      0       |       0       | |                           (00:00.000 / 00:11.168, 36Mb)
Sushi: |  -------------------------------------------------------------  |                           (00:00.000 / 00:11.169, 36Mb)
Sushi: |  -------------------------------------------------------------  |                           (00:00.000 / 00:11.170, 36Mb)
Sushi: | |      ValueSets     |    CodeSystems    |     Instances      | |                           (00:00.000 / 00:11.171, 36Mb)
Sushi: | |-------------------------------------------------------------| |                           (00:00.000 / 00:11.171, 36Mb)
Sushi: | |         1          |         1         |         16         | |                           (00:00.000 / 00:11.172, 36Mb)
Sushi: |  -------------------------------------------------------------  |                           (00:00.000 / 00:11.173, 36Mb)
Sushi: |                                                                 |                           (00:00.000 / 00:11.173, 36Mb)
Sushi: ===================================================================                           (00:00.000 / 00:11.174, 36Mb)
Sushi: | It doesn't get any betta than this!    0 Errors      0 Warnings |                           (00:00.000 / 00:11.175, 36Mb)
Sushi: ===================================================================                           (00:00.000 / 00:11.175, 36Mb)
Unable to load IG as an r5 IG - try R4 (property code is a class com.google.gson.JsonPrimitive looking for an object) (00:00.474 / 00:11.649, 59Mb)
Load Template from https://github.com/ansforge/IG-template                                           (00:00.475 / 00:12.125, 60Mb)
 Load Template from fhir.base.template#current                                                       (00:00.993 / 00:13.118, 52Mb)
Root directory: /tmp/ig-builds/ans.fhir.fr.sdo#4.0.5                                                 (00:03.430 / 00:16.549, 111Mb)
Terminology Cache is at /tmp/ig-builds/ans.fhir.fr.sdo#4.0.5/input-cache/txcache. Clearing now       (00:00.491 / 00:17.041, 90Mb)
Core Package hl7.fhir.r4.core#4.0.1
Running Terminology Log: /tmp/ohfu-fhir-ig-3043845089359444647.log
Connect to Terminology Server at http://tx.fhir.org                                                  (00:03.342 / 00:20.384, 289Mb)
Load Package hl7.fhir.pubpack#0.2.1
Load Package hl7.fhir.xver-extensions#0.1.0
Load Package hl7.terminology.r4#6.5.0
Load Package hl7.fhir.uv.extensions.r4#5.2.0
Load Package hl7.terminology.r4#5.0.0
Load Package fhir.dicom#2022.4.20221006
Load Package hl7.fhir.uv.ips#1.1.0
Load Package ans.fr.terminologies#1.2.0
Load Package hl7.fhir.uv.extensions.r4#5.2.0
Load Package hl7.fhir.uv.tools.r4#0.4.1
Load R5 Specials
Initialization complete                                                                              (00:06.427 / 00:26.811, 875Mb)
Load Content                                                                                         (00:00.000 / 00:26.812, 875Mb)
Using fr_FR as the default narrative language. (inferred from ImplementationGuide.jurisdiction=FR)   (00:00.062 / 00:26.875, 882Mb)
Process Loaded Resources                                                                             (00:00.603 / 00:27.478, 905Mb)
Generating Snapshots                                                                                 (00:00.112 / 00:27.590, 929Mb)
loadPrePages from FetchedFile[/tmp/ig-builds/ans.fhir.fr.sdo#4.0.5/fsh-generated/includes] as /tmp/ig-builds/ans.fhir.fr.sdo#4.0.5/fsh-generated/includes
loadPrePages from FetchedFile[/tmp/ig-builds/ans.fhir.fr.sdo#4.0.5/input/data] as /tmp/ig-builds/ans.fhir.fr.sdo#4.0.5/input/data
loadPrePages from FetchedFile[/tmp/ig-builds/ans.fhir.fr.sdo#4.0.5/input/pagecontent] as /tmp/ig-builds/ans.fhir.fr.sdo#4.0.5/input/pagecontent
Fetch https://interop.esante.gouv.fr/ig/fhir/sdo/package-list.json for version check                 (00:00.498 / 00:28.089, 533Mb)
Processing Conformance Resources                                                                     (00:01.036 / 00:29.125, 536Mb)
Checking Language                                                                                    (00:00.000 / 00:29.126, 536Mb)
Load Dependency Info                                                                                 (00:00.000 / 00:29.127, 536Mb)
Load Info                                                                                            (00:00.001 / 00:29.128, 536Mb)
Load Paths                                                                                           (00:00.001 / 00:29.129, 537Mb)
Check R4 / R4B                                                                                       (00:00.000 / 00:29.130, 537Mb)
Assign Comparison Ids                                                                                (00:00.006 / 00:29.136, 539Mb)
Propagating status                                                                                   (00:00.000 / 00:29.136, 539Mb)
Generating Narratives                                                                                (00:00.000 / 00:29.137, 539Mb)
Validating Conformance Resources                                                                     (00:02.241 / 00:31.378, 477Mb)
Check profiles & code systems                                                                        (00:09.177 / 00:40.556, 952Mb)
Check realm rules                                                                                    (00:00.002 / 00:40.558, 952Mb)
Previous Version Comparison                                                                          (00:00.001 / 00:40.560, 952Mb)
Validating Resources                                                                                 (00:06.852 / 00:47.412, 1Gb)
Processing Provenance Records                                                                        (00:02.511 / 00:49.923, 1Gb)
Generating Outputs in /tmp/ig-builds/ans.fhir.fr.sdo#4.0.5/output                                    (00:00.000 / 00:49.924, 1Gb)
Generate Native Outputs                                                                              (00:00.073 / 00:49.998, 1Gb)
Run Template                                                                                         (00:01.642 / 00:51.640, 1Gb)
Generate HTML Outputs                                                                                (00:02.384 / 00:54.024, 1Gb)
Generate Spreadsheets                                                                                (00:07.017 / 01:01.042, 1Gb)
Generate Summaries                                                                                   (00:02.578 / 01:03.621, 2Gb)
Generating Summary Outputs                                                                           (00:00.000 / 01:03.621, 2Gb)
DB Cumulative Time invested: 00:00:00.139
Sending Usage Stats to Server                                                                        (00:08.205 / 01:11.827, 1Gb)
## Memory (MB): Use = 1982, Free = 515, Total = 2498, Max = 4000                                     (00:00.004 / 01:11.831, 1Gb)
Reclaiming memory...                                                                                 (00:00.000 / 01:11.832, 1Gb)
## Memory (MB): Use = 914, Free = 1583, Total = 2498, Max = 4000                                     (00:00.503 / 01:12.335, 916Mb)
Run jekyll: jekyll build --destination "/tmp/ig-builds/ans.fhir.fr.sdo#4.0.5/output" (in folder /tmp/ig-builds/ans.fhir.fr.sdo#4.0.5/temp/pages) (00:00.001 / 01:12.336, 916Mb)
Troubleshooting Note: usual cases for Jekyll to fail are:                                            (00:00.000 / 01:12.337, 916Mb)
* A failure to produce a fragment that is already logged in the output above                         (00:00.000 / 01:12.338, 916Mb)
* A reference to a manually edited file that hasn't been provided                                    (00:00.000 / 01:12.339, 916Mb)
Jekyll: Source: /tmp/ig-builds/ans.fhir.fr.sdo#4.0.5/temp/pages                                      (00:00.729 / 01:13.068, 919Mb)
Jekyll: Generating...                                                                                (00:00.000 / 01:13.069, 919Mb)
Jekyll: done in 1.848 seconds.                                                                       (00:01.847 / 01:14.916, 919Mb)

Installing ans.fhir.fr.sdo#4.0.5
 done.
Checking Output HTML                                                                                 (00:01.529 / 01:16.445, 1Gb)
found 832 files                                                                                      (00:00.005 / 01:16.450, 1Gb)
.........................................
.........................................
  ... 832 html files, 0 pages invalid xhtml (0%)                                                     (00:05.777 / 01:22.228, 1Gb)
  ... 109729 links, 1 broken links (0%)                                                              (00:00.000 / 01:22.229, 1Gb)
Generate fragment-usage-analysis.csv                                                                 (00:00.000 / 01:22.230, 1Gb)
Build final .zip                                                                                     (00:00.005 / 01:22.236, 1Gb)
Final .zip built                                                                                     (00:01.510 / 01:23.746, 1Gb)
Built. Times: loading: 00:02.312, generate: 00:57.933, narrative generation: 00:02.240, realm-rules: 00:00.001, previous-version: 00:06.839, jekyll: 00:02.618, validation: 00:11.686 (#19), template: 00:02.393 (#3) (00:03.338 / 01:27.084, 1Gb)
Generating QA                                                                                        (00:00.000 / 01:27.085, 1Gb)
Validation output in /tmp/ig-builds/ans.fhir.fr.sdo#4.0.5/output/qa.html
Errors: 1, Warnings: 16, Info: 9, Broken Links: 1 (00:00.547 / 01:27.633, 1Gb)
Finished. Max Memory Used = 2Gb. Log file saved in /tmp/fhir-ig-publisher-tmp.log                    (00:00.006 / 01:27.639, 1Gb)
Prepare Build space in /tmp/ig-builds/ans.fhir.fr.sdo#4.0.5-milestone
Build IG at /home/runner/work/IG-fhir-medicosocial-suivi-decisions-orientation/IG-fhir-medicosocial-suivi-decisions-orientation/./igSource: final copy suitable for publication (in /tmp/ig-builds/ans.fhir.fr.sdo#4.0.5-milestone) (milestone build)
FHIR IG Publisher Version 1.8.22 (Git# 3d9b32f2efa8). Built 2025-03-19T04:54:10.544Z (208 days old) 
Detected Java version: 17.0.10 from /opt/hostedtoolcache/Java_Microsoft_jdk/17.0.10/x64 on Linux/amd64 (64bit). 4000MB available
dir = /home/runner/work/IG-fhir-medicosocial-suivi-decisions-orientation/IG-fhir-medicosocial-suivi-decisions-orientation, path = /opt/hostedtoolcache/Ruby/3.3.9/x64/bin:/opt/hostedtoolcache/node/20.19.5/x64/bin:/opt/hostedtoolcache/Java_Microsoft_jdk/17.0.10/x64/bin:/snap/bin:/home/runner/.local/bin:/opt/pipx_bin:/home/runner/.cargo/bin:/home/runner/.config/composer/vendor/bin:/usr/local/.ghcup/bin:/home/runner/.dotnet/tools:/usr/local/sbin:/usr/local/bin:/usr/sbin:/usr/bin:/sbin:/bin:/usr/games:/usr/local/games:/snap/bin
Parameters: -ig /tmp/ig-builds/ans.fhir.fr.sdo#4.0.5-milestone -publish https://interop.esante.gouv.fr/ig/fhir/sdo/4.0.5 -milestone -no-exit
Character encoding = UTF-8 / UTF-8                                                                  
Start Clock @ Monday, October 13, 2025 at 2:57:20 PM Coordinated Universal Time (2025-10-13T14:57:20Z)
                                                                                                    
Build FHIR IG from /tmp/ig-builds/ans.fhir.fr.sdo#4.0.5-milestone                                    (00:00.002 / 00:00.002, 1Gb)
Build Formal Publication package, intended for https://interop.esante.gouv.fr/ig/fhir/sdo/4.0.5      (00:00.000 / 00:00.002, 1Gb)
API keys loaded from /home/runner/.fhir/fhir-settings.json                                           (00:00.000 / 00:00.003, 1Gb)
Package Cache: /home/runner/.fhir/packages                                                           (00:00.000 / 00:00.003, 1Gb)
Run Sushi on /tmp/ig-builds/ans.fhir.fr.sdo#4.0.5-milestone                                          (00:00.000 / 00:00.004, 1Gb)
Sushi: info  Running SUSHI v3.16.5 (implements FHIR Shorthand specification v3.0.0)                  (00:00.431 / 00:00.435, 1Gb)
Sushi: info  Arguments:                                                                              (00:00.000 / 00:00.435, 1Gb)
Sushi: info    --require-latest                                                                      (00:00.000 / 00:00.436, 1Gb)
Sushi: info    --out /tmp/ig-builds/ans.fhir.fr.sdo#4.0.5-milestone                                  (00:00.000 / 00:00.436, 1Gb)
Sushi: info    /tmp/ig-builds/ans.fhir.fr.sdo#4.0.5-milestone                                        (00:00.000 / 00:00.437, 1Gb)
Sushi: info  Using configuration file: /tmp/ig-builds/ans.fhir.fr.sdo#4.0.5-milestone/sushi-config.yaml (00:00.452 / 00:00.889, 1Gb)
Sushi: info  Importing FSH text...                                                                   (00:00.106 / 00:00.996, 1Gb)
Sushi: info  Preprocessed 23 documents with 17 aliases.                                              (00:00.177 / 00:01.174, 1Gb)
Sushi: info  Imported 8 definitions and 16 instances.                                                (00:00.017 / 00:01.191, 1Gb)
Sushi: info  Loaded virtual package sushi-r5forR4#1.0.0 with 7 resources                             (00:00.103 / 00:01.295, 1Gb)
Sushi: info  Resolved hl7.fhir.uv.tools.r4#latest to concrete version 0.8.0                          (00:00.850 / 00:02.146, 1Gb)
Sushi: info  Loaded hl7.fhir.uv.tools.r4#0.8.0 with 110 resources                                    (00:00.050 / 00:02.196, 1Gb)
Sushi: info  Resolved hl7.terminology.r4#latest to concrete version 6.5.0                            (00:00.173 / 00:02.370, 1Gb)
Sushi: info  Loaded hl7.terminology.r4#6.5.0 with 4392 resources                                     (00:00.979 / 00:03.349, 1Gb)
Sushi: info  Resolved ans.fr.terminologies#latest to concrete version 1.2.0                          (00:00.174 / 00:03.524, 1Gb)
Sushi: info  Loaded ans.fr.terminologies#1.2.0 with 1047 resources                                   (00:00.378 / 00:03.902, 1Gb)
Sushi: info  Loaded hl7.fhir.uv.extensions.r4#5.2.0 with 759 resources                               (00:00.172 / 00:04.075, 1Gb)
Sushi: info  Loaded hl7.fhir.r4.core#4.0.1 with 4581 resources                                       (00:00.897 / 00:04.972, 1Gb)
Sushi: info  Loaded virtual package sushi-local#LOCAL with 0 resources                               (00:00.006 / 00:04.979, 1Gb)
Sushi: info  Converting FSH to FHIR resources...                                                     (00:00.019 / 00:04.999, 1Gb)
Sushi: info  Converted 6 FHIR StructureDefinitions.                                                  (00:01.071 / 00:06.070, 1Gb)
Sushi: info  Converted 1 FHIR CodeSystems.                                                           (00:00.026 / 00:06.097, 1Gb)
Sushi: info  Converted 1 FHIR ValueSets.                                                             (00:00.020 / 00:06.118, 1Gb)
Sushi: info  Converted 16 FHIR instances.                                                            (00:01.319 / 00:07.437, 1Gb)
Sushi: info  Exporting FHIR resources as JSON...                                                     (00:00.000 / 00:07.438, 1Gb)
Sushi: info  Exported 18 FHIR resources as JSON.                                                     (00:00.028 / 00:07.466, 1Gb)
Sushi: info  Assembling Implementation Guide sources...                                              (00:00.001 / 00:07.468, 1Gb)
Sushi: info  Generated ImplementationGuide-ans.fhir.fr.sdo.json                                      (00:00.033 / 00:07.501, 1Gb)
Sushi: info  Assembled Implementation Guide sources; ready for IG Publisher.                         (00:00.000 / 00:07.502, 1Gb)
Sushi: ========================= SUSHI RESULTS ===========================                           (00:00.001 / 00:07.503, 1Gb)
Sushi: |  -------------------------------------------------------------  |                           (00:00.000 / 00:07.503, 1Gb)
Sushi: | |    Profiles   |  Extensions  |   Logicals   |   Resources   | |                           (00:00.000 / 00:07.504, 1Gb)
Sushi: | |-------------------------------------------------------------| |                           (00:00.000 / 00:07.504, 1Gb)
Sushi: | |       6       |      0       |      0       |       0       | |                           (00:00.000 / 00:07.505, 1Gb)
Sushi: |  -------------------------------------------------------------  |                           (00:00.000 / 00:07.505, 1Gb)
Sushi: |  -------------------------------------------------------------  |                           (00:00.000 / 00:07.505, 1Gb)
Sushi: | |      ValueSets     |    CodeSystems    |     Instances      | |                           (00:00.000 / 00:07.506, 1Gb)
Sushi: | |-------------------------------------------------------------| |                           (00:00.000 / 00:07.506, 1Gb)
Sushi: | |         1          |         1         |         16         | |                           (00:00.000 / 00:07.507, 1Gb)
Sushi: |  -------------------------------------------------------------  |                           (00:00.000 / 00:07.507, 1Gb)
Sushi: |                                                                 |                           (00:00.000 / 00:07.507, 1Gb)
Sushi: ===================================================================                           (00:00.000 / 00:07.508, 1Gb)
Sushi: | It doesn't get any betta than this!    0 Errors      0 Warnings |                           (00:00.000 / 00:07.508, 1Gb)
Sushi: ===================================================================                           (00:00.000 / 00:07.508, 1Gb)
Unable to load IG as an r5 IG - try R4 (property code is a class com.google.gson.JsonPrimitive looking for an object) (00:00.015 / 00:07.524, 1Gb)
Load Template from https://github.com/ansforge/IG-template                                           (00:00.015 / 00:07.539, 1Gb)
 Load Template from fhir.base.template#current                                                       (00:00.394 / 00:07.933, 1Gb)
Root directory: /tmp/ig-builds/ans.fhir.fr.sdo#4.0.5-milestone                                       (00:01.905 / 00:09.839, 1Gb)
Terminology Cache is at /tmp/ig-builds/ans.fhir.fr.sdo#4.0.5-milestone/input-cache/txcache. 12 files in cache (00:00.385 / 00:10.224, 1Gb)
Core Package hl7.fhir.r4.core#4.0.1
Running Terminology Log: /tmp/ohfu-fhir-ig-220332912820474564.log
Connect to Terminology Server at http://tx.fhir.org                                                  (00:01.366 / 00:11.591, 1Gb)
Load Package hl7.fhir.pubpack#0.2.1
Load Package hl7.fhir.xver-extensions#0.1.0
Load Package hl7.terminology.r4#6.5.0
Load Package hl7.fhir.uv.extensions.r4#5.2.0
Load Package hl7.terminology.r4#5.0.0
Load Package fhir.dicom#2022.4.20221006
Load Package hl7.fhir.uv.ips#1.1.0
Load Package ans.fr.terminologies#1.2.0
Load Package hl7.fhir.uv.extensions.r4#5.2.0
Load Package hl7.fhir.uv.tools.r4#0.4.1
Load R5 Specials
Initialization complete                                                                              (00:03.236 / 00:14.828, 1Gb)
Load Content                                                                                         (00:00.000 / 00:14.828, 1Gb)
Using fr_FR as the default narrative language. (inferred from ImplementationGuide.jurisdiction=FR)   (00:00.009 / 00:14.837, 1Gb)
Process Loaded Resources                                                                             (00:00.101 / 00:14.939, 2Gb)
Generating Snapshots                                                                                 (00:00.050 / 00:14.990, 2Gb)
loadPrePages from FetchedFile[/tmp/ig-builds/ans.fhir.fr.sdo#4.0.5-milestone/fsh-generated/includes] as /tmp/ig-builds/ans.fhir.fr.sdo#4.0.5-milestone/fsh-generated/includes
loadPrePages from FetchedFile[/tmp/ig-builds/ans.fhir.fr.sdo#4.0.5-milestone/input/data] as /tmp/ig-builds/ans.fhir.fr.sdo#4.0.5-milestone/input/data
loadPrePages from FetchedFile[/tmp/ig-builds/ans.fhir.fr.sdo#4.0.5-milestone/input/pagecontent] as /tmp/ig-builds/ans.fhir.fr.sdo#4.0.5-milestone/input/pagecontent
Fetch https://interop.esante.gouv.fr/ig/fhir/sdo/package-list.json for version check                 (00:00.298 / 00:15.289, 1Gb)
Processing Conformance Resources                                                                     (00:00.388 / 00:15.677, 1Gb)
Checking Language                                                                                    (00:00.000 / 00:15.677, 1Gb)
Load Dependency Info                                                                                 (00:00.000 / 00:15.678, 1Gb)
Load Info                                                                                            (00:00.000 / 00:15.679, 1Gb)
Load Paths                                                                                           (00:00.000 / 00:15.679, 1Gb)
Check R4 / R4B                                                                                       (00:00.000 / 00:15.680, 1Gb)
Assign Comparison Ids                                                                                (00:00.003 / 00:15.683, 1Gb)
Propagating status                                                                                   (00:00.000 / 00:15.683, 1Gb)
Generating Narratives                                                                                (00:00.000 / 00:15.684, 1Gb)
Validating Conformance Resources                                                                     (00:00.776 / 00:16.460, 1Gb)
Check profiles & code systems                                                                        (00:03.820 / 00:20.281, 1Gb)
Check realm rules                                                                                    (00:00.001 / 00:20.282, 1Gb)
Previous Version Comparison                                                                          (00:00.000 / 00:20.283, 1Gb)
Validating Resources                                                                                 (00:05.169 / 00:25.452, 1Gb)
Processing Provenance Records                                                                        (00:00.154 / 00:25.607, 1Gb)
Generating Outputs in /tmp/ig-builds/ans.fhir.fr.sdo#4.0.5-milestone/output                          (00:00.000 / 00:25.608, 1Gb)
Generate Native Outputs                                                                              (00:00.075 / 00:25.683, 1Gb)
Run Template                                                                                         (00:01.554 / 00:27.238, 1Gb)
Generate HTML Outputs                                                                                (00:01.886 / 00:29.124, 1Gb)
Generate Spreadsheets                                                                                (00:04.654 / 00:33.778, 2Gb)
Generate Summaries                                                                                   (00:01.897 / 00:35.676, 2Gb)
Generating Summary Outputs                                                                           (00:00.000 / 00:35.677, 2Gb)
DB Cumulative Time invested: 00:00:00.128
Sending Usage Stats to Server                                                                        (00:05.179 / 00:40.856, 1Gb)
## Memory (MB): Use = 2005, Free = 640, Total = 2646, Max = 4000                                     (00:00.002 / 00:40.859, 1Gb)
Reclaiming memory...                                                                                 (00:00.000 / 00:40.859, 1Gb)
## Memory (MB): Use = 1803, Free = 1214, Total = 3018, Max = 4000                                    (00:00.815 / 00:41.675, 1Gb)
Run jekyll: jekyll build --destination "/tmp/ig-builds/ans.fhir.fr.sdo#4.0.5-milestone/output" (in folder /tmp/ig-builds/ans.fhir.fr.sdo#4.0.5-milestone/temp/pages) (00:00.001 / 00:41.676, 1Gb)
Troubleshooting Note: usual cases for Jekyll to fail are:                                            (00:00.000 / 00:41.677, 1Gb)
* A failure to produce a fragment that is already logged in the output above                         (00:00.000 / 00:41.678, 1Gb)
* A reference to a manually edited file that hasn't been provided                                    (00:00.000 / 00:41.678, 1Gb)
Jekyll: Source: /tmp/ig-builds/ans.fhir.fr.sdo#4.0.5-milestone/temp/pages                            (00:00.361 / 00:42.040, 1Gb)
Jekyll: Generating...                                                                                (00:00.000 / 00:42.041, 1Gb)
Jekyll: done in 1.749 seconds.                                                                       (00:01.748 / 00:43.789, 1Gb)

Installing ans.fhir.fr.sdo#4.0.5
Checking Output HTML                                                                                 (00:00.814 / 00:44.604, 2Gb)
found 832 files                                                                                      (00:00.003 / 00:44.607, 2Gb)
.........................................
.........................................
  ... 832 html files, 0 pages invalid xhtml (0%)                                                     (00:04.236 / 00:48.844, 2Gb)
  ... 109729 links, 1 broken links (0%)                                                              (00:00.000 / 00:48.844, 2Gb)
Generate fragment-usage-analysis.csv                                                                 (00:00.000 / 00:48.845, 2Gb)
Build final .zip                                                                                     (00:00.004 / 00:48.849, 2Gb)
Final .zip built                                                                                     (00:01.506 / 00:50.356, 2Gb)
Built. Times: loading: 00:00.848, generate: 00:38.836, narrative generation: 00:00.775, realm-rules: 00:00.000, previous-version: 00:05.158, jekyll: 00:02.126, validation: 00:03.972 (#19), template: 00:01.890 (#3) (00:04.157 / 00:54.514, 2Gb)
Generating QA                                                                                        (00:00.001 / 00:54.515, 2Gb)
Validation output in /tmp/ig-builds/ans.fhir.fr.sdo#4.0.5-milestone/output/qa.html
Errors: 1, Warnings: 16, Info: 9, Broken Links: 1 (00:00.412 / 00:54.927, 2Gb)
Finished. Max Memory Used = 2Gb. Log file saved in /tmp/fhir-ig-publisher-tmp.log                    (00:00.005 / 00:54.933, 2Gb)
Keep a copy of the build directory at /tmp/web-root/run-20251013/ig-build-zips/ans.fhir.fr.sdo#4.0.5.zip

ok. All checks passed. Publish v4.0.5 to /tmp/web-root/run-20251013/sdo/4.0.5
Copy the IG to /tmp/web-root/run-20251013/sdo/4.0.5
Update /tmp/web-root/run-20251013/sdo/package-list.json
Publish Box Statement: This page is part of the Médicosocial - Suivi Décisions Orientation (v4.0.5: Release) based on <a no-external="true" href="http://hl7.org/fhir/R4">FHIR (HL7® FHIR® Standard) R4</a>. This is the current published version in its permanent home (it will always be available at this URL).  For a full list of available versions, see the <a no-external="true" href="https://interop.esante.gouv.fr/ig/fhir/sdo/history.html">Directory of published versions</a>
  .. 141 files checked, 141 updated
  .. 64 clones checked, 124 updated
  .. 19 redirections (19 created/updated)
This is a milestone release - publish v4.0.5 to /tmp/web-root/run-20251013/sdo
Update publish box for version 4.0.4 @ https://interop.esante.gouv.fr/ig/fhir/sdo/4.0.4
Publish Box Statement: This page is part of the Médicosocial - Suivi Décisions Orientation (v4.0.4: Release) based on <a no-external="true" href="http://hl7.org/fhir/R4">FHIR (HL7® FHIR® Standard) R4</a>. The current version which supersedes this version is <a no-external="true" href="https://interop.esante.gouv.fr/ig/fhir/sdo{{fn}}">4.0.5</a>.  For a full list of available versions, see the <a no-external="true" href="https://interop.esante.gouv.fr/ig/fhir/sdo/history.html">Directory of published versions</a>
  .. 140 files checked, 140 updated
  .. 63 clones checked, 0 updated
Update publish box for version 4.0.3 @ https://interop.esante.gouv.fr/ig/fhir/sdo/4.0.3
Publish Box Statement: This page is part of the Médicosocial - Suivi Décisions Orientation (v4.0.3: Release) based on <a no-external="true" href="http://hl7.org/fhir/R4">FHIR (HL7® FHIR® Standard) R4</a>. The current version which supersedes this version is <a no-external="true" href="https://interop.esante.gouv.fr/ig/fhir/sdo{{fn}}">4.0.5</a>.  For a full list of available versions, see the <a no-external="true" href="https://interop.esante.gouv.fr/ig/fhir/sdo/history.html">Directory of published versions</a>
  .. 141 files checked, 141 updated
  .. 63 clones checked, 0 updated
Update publish box for version 4.0.3-ballot @ https://interop.esante.gouv.fr/ig/fhir/sdo/4.0.3-ballot
Publish Box Statement: This page is part of the Médicosocial - Suivi Décisions Orientation (v4.0.3-ballot: Release) based on <a no-external="true" href="http://hl7.org/fhir/R4">FHIR (HL7® FHIR® Standard) R4</a>. The current version which supersedes this version is <a no-external="true" href="https://interop.esante.gouv.fr/ig/fhir/sdo{{fn}}">4.0.5</a>.  For a full list of available versions, see the <a no-external="true" href="https://interop.esante.gouv.fr/ig/fhir/sdo/history.html">Directory of published versions</a>
  .. 141 files checked, 141 updated
  .. 63 clones checked, 0 updated
Update publish box for version 4.0.2 @ https://interop.esante.gouv.fr/ig/fhir/sdo/4.0.2
Publish Box Statement: This page is part of the Médicosocial - Suivi Décisions Orientation (v4.0.2: Release) based on <a no-external="true" href="http://hl7.org/fhir/R4">FHIR (HL7® FHIR® Standard) R4</a>. The current version which supersedes this version is <a no-external="true" href="https://interop.esante.gouv.fr/ig/fhir/sdo{{fn}}">4.0.5</a>.  For a full list of available versions, see the <a no-external="true" href="https://interop.esante.gouv.fr/ig/fhir/sdo/history.html">Directory of published versions</a>
  .. 141 files checked, 141 updated
  .. 63 clones checked, 0 updated
Update publish box for version 4.0.2-ballot-3 @ https://interop.esante.gouv.fr/ig/fhir/sdo/4.0.2-ballot-3
Publish Box Statement: This page is part of the Médicosocial - Suivi Décisions Orientation (v4.0.2-ballot-3: Release) based on <a no-external="true" href="http://hl7.org/fhir/R4">FHIR (HL7® FHIR® Standard) R4</a>. The current version which supersedes this version is <a no-external="true" href="https://interop.esante.gouv.fr/ig/fhir/sdo{{fn}}">4.0.5</a>.  For a full list of available versions, see the <a no-external="true" href="https://interop.esante.gouv.fr/ig/fhir/sdo/history.html">Directory of published versions</a>
  .. 130 files checked, 130 updated
  .. 61 clones checked, 0 updated
Update publish box for version 4.0.2-ballot-2 @ https://interop.esante.gouv.fr/ig/fhir/sdo/4.0.2-ballot-2
Publish Box Statement: This page is part of the Médicosocial - Suivi Décisions Orientation (v4.0.2-ballot-2: Release) based on <a no-external="true" href="http://hl7.org/fhir/R4">FHIR (HL7® FHIR® Standard) R4</a>. The current version which supersedes this version is <a no-external="true" href="https://interop.esante.gouv.fr/ig/fhir/sdo{{fn}}">4.0.5</a>.  For a full list of available versions, see the <a no-external="true" href="https://interop.esante.gouv.fr/ig/fhir/sdo/history.html">Directory of published versions</a>
  .. 99 files checked, 99 updated
  .. 47 clones checked, 0 updated
Update publish box for version 4.0.2-ballot @ https://interop.esante.gouv.fr/ig/fhir/sdo/4.0.2-ballot
Publish Box Statement: This page is part of the Médicosocial - Suivi Décisions Orientation (v4.0.2-ballot: Release) based on <a no-external="true" href="http://hl7.org/fhir/R4">FHIR (HL7® FHIR® Standard) R4</a>. The current version which supersedes this version is <a no-external="true" href="https://interop.esante.gouv.fr/ig/fhir/sdo{{fn}}">4.0.5</a>.  For a full list of available versions, see the <a no-external="true" href="https://interop.esante.gouv.fr/ig/fhir/sdo/history.html">Directory of published versions</a>
  .. 126 files checked, 126 updated
  .. 57 clones checked, 0 updated
Update publish box for version 4.0.1 @ https://interop.esante.gouv.fr/ig/fhir/sdo/4.0.1
Publish Box Statement: This page is part of the Médicosocial - Suivi Décisions Orientation (v4.0.1: Release) based on <a no-external="true" href="http://hl7.org/fhir/R4">FHIR (HL7® FHIR® Standard) R4</a>. The current version which supersedes this version is <a no-external="true" href="https://interop.esante.gouv.fr/ig/fhir/sdo{{fn}}">4.0.5</a>.  For a full list of available versions, see the <a no-external="true" href="https://interop.esante.gouv.fr/ig/fhir/sdo/history.html">Directory of published versions</a>
  .. 126 files checked, 126 updated
  .. 41 clones checked, 0 updated
Publish Box Statement: This page is part of the Médicosocial - Suivi Décisions Orientation (v4.0.5: Release) based on <a no-external="true" href="http://hl7.org/fhir/R4">FHIR (HL7® FHIR® Standard) R4</a>. This is the current published version.  For a full list of available versions, see the <a no-external="true" href="https://interop.esante.gouv.fr/ig/fhir/sdo/history.html">Directory of published versions</a>
  .. 141 files checked, 141 updated
  .. 64 clones checked, 124 updated
  .. 19 redirections (19 created/updated)
Check for Files to delete
  ... 0 files
Copy to new IG /tmp/web-root/run-20251013/sdo
ans.fhir.fr.sdo (https://interop.esante.gouv.fr/ig/fhir/sdo): Médicosocial - Suivi Décisions Orientation @ https://ansforge.github.io/IG-fhir-medicosocial-suivi-decisions-orientation/ig/main
  release: trial-use 4.0.5/4.0.1 @ https://interop.esante.gouv.fr/ig/fhir/sdo/4.0.5
Build is complete. Copy from /tmp/web-root/run-20251013
Update history page at /tmp/web-root/run-20251013/sdo from /home/runner/work/IG-fhir-medicosocial-suivi-decisions-orientation/IG-fhir-medicosocial-suivi-decisions-orientation/./IG-website-release/fhir-ig-history-template and ./IG-website-release/templates
