FHIR IG Publisher Version 1.8.22 (Git# 3d9b32f2efa8). Built 2025-03-19T04:54:10.544Z (406 days old)
Detected Java version: 17.0.10 from /opt/hostedtoolcache/Java_Microsoft_jdk/17.0.10/x64 on amd64 (64bit). 4000MB available
dir = /home/runner/work/IG-fhir-repertoire-offre-ressources-sante/IG-fhir-repertoire-offre-ressources-sante, path = /opt/hostedtoolcache/Ruby/3.3.11/x64/bin:/usr/share/dotnet:/opt/hostedtoolcache/node/20.20.2/x64/bin:/opt/hostedtoolcache/Java_Microsoft_jdk/17.0.10/x64/bin:/snap/bin:/home/runner/.local/bin:/opt/pipx_bin:/home/runner/.cargo/bin:/home/runner/.config/composer/vendor/bin:/usr/local/.ghcup/bin:/home/runner/.dotnet/tools:/usr/local/sbin:/usr/local/bin:/usr/sbin:/usr/bin:/sbin:/bin:/usr/games:/usr/local/games:/snap/bin
Parameters: -go-publish -authorise-non-conformant-tx-servers -source ./igSource -web ./IG-website-release/www/ig/fhir -registry ./IG-website-release/ig-registry/fhir-ig-list.json -history ./IG-website-release/fhir-ig-history-template -templates ./IG-website-release/templates
---------------
Publication Run: publish ./igSource to ./IG-website-release/www/ig/fhir
Relative directory for IG is '/ror'
===== Web Publication Run Details ===============================
 Source IG: ans.fhir.fr.ror#0.7.0 : https://interop.esante.gouv.fr/ig/fhir/ror (R4) from ./igSource
All checks passed. Do the publication build from /home/runner/work/IG-fhir-repertoire-offre-ressources-sante/IG-fhir-repertoire-offre-ressources-sante/./igSource and publish to /tmp/web-root/run-20260429/ror
Prepare Build space in /tmp/ig-builds/ans.fhir.fr.ror#0.7.0
Build IG at /home/runner/work/IG-fhir-repertoire-offre-ressources-sante/IG-fhir-repertoire-offre-ressources-sante/./igSource: final copy suitable for publication (in /tmp/ig-builds/ans.fhir.fr.ror#0.7.0)
FHIR IG Publisher Version 1.8.22 (Git# 3d9b32f2efa8). Built 2025-03-19T04:54:10.544Z (406 days old) 
Detected Java version: 17.0.10 from /opt/hostedtoolcache/Java_Microsoft_jdk/17.0.10/x64 on Linux/amd64 (64bit). 4000MB available
dir = /home/runner/work/IG-fhir-repertoire-offre-ressources-sante/IG-fhir-repertoire-offre-ressources-sante, path = /opt/hostedtoolcache/Ruby/3.3.11/x64/bin:/usr/share/dotnet:/opt/hostedtoolcache/node/20.20.2/x64/bin:/opt/hostedtoolcache/Java_Microsoft_jdk/17.0.10/x64/bin:/snap/bin:/home/runner/.local/bin:/opt/pipx_bin:/home/runner/.cargo/bin:/home/runner/.config/composer/vendor/bin:/usr/local/.ghcup/bin:/home/runner/.dotnet/tools:/usr/local/sbin:/usr/local/bin:/usr/sbin:/usr/bin:/sbin:/bin:/usr/games:/usr/local/games:/snap/bin
Parameters: -ig /tmp/ig-builds/ans.fhir.fr.ror#0.7.0 -resetTx -publish https://interop.esante.gouv.fr/ig/fhir/ror/0.7.0 -no-exit
Character encoding = UTF-8 / UTF-8                                                                  
Start Clock @ Wednesday, April 29, 2026 at 3:32:25 PM Coordinated Universal Time (2026-04-29T15:32:25Z)
                                                                                                    
Build FHIR IG from /tmp/ig-builds/ans.fhir.fr.ror#0.7.0                                              (00:00.019 / 00:00.020, 45Mb)
Build Formal Publication package, intended for https://interop.esante.gouv.fr/ig/fhir/ror/0.7.0      (00:00.002 / 00:00.022, 45Mb)
API keys loaded from /home/runner/.fhir/fhir-settings.json                                           (00:00.000 / 00:00.023, 45Mb)
Package Cache: /home/runner/.fhir/packages                                                           (00:00.002 / 00:00.025, 46Mb)
Run Sushi on /tmp/ig-builds/ans.fhir.fr.ror#0.7.0                                                    (00:00.001 / 00:00.027, 46Mb)
Sushi: info  Running SUSHI v3.19.0 (implements FHIR Shorthand specification v3.0.0)                  (00:00.756 / 00:00.783, 48Mb)
Sushi: info  Arguments:                                                                              (00:00.000 / 00:00.784, 48Mb)
Sushi: info    --require-latest                                                                      (00:00.000 / 00:00.785, 48Mb)
Sushi: info    --out /tmp/ig-builds/ans.fhir.fr.ror#0.7.0                                            (00:00.000 / 00:00.786, 48Mb)
Sushi: info    /tmp/ig-builds/ans.fhir.fr.ror#0.7.0                                                  (00:00.000 / 00:00.787, 48Mb)
Sushi: info  Using configuration file: /tmp/ig-builds/ans.fhir.fr.ror#0.7.0/sushi-config.yaml        (00:00.680 / 00:01.468, 48Mb)
Sushi: info  Importing FSH text...                                                                   (00:00.107 / 00:01.576, 48Mb)
Sushi: info  Preprocessed 112 documents with 118 aliases.                                            (00:00.495 / 00:02.071, 48Mb)
Sushi: info  Imported 69 definitions and 42 instances.                                               (00:00.084 / 00:02.155, 48Mb)
Sushi: info  Loaded virtual package sushi-r5forR4#1.0.0 with 7 resources                             (00:00.110 / 00:02.266, 48Mb)
Sushi: info  Resolved hl7.fhir.uv.tools.r4#latest to concrete version 1.1.2                          (00:00.638 / 00:02.904, 48Mb)
Sushi: info  Loaded hl7.fhir.uv.tools.r4#1.1.2 with 119 resources                                    (00:00.085 / 00:02.989, 48Mb)
Sushi: info  Resolved hl7.terminology.r4#latest to concrete version 7.1.0                            (00:00.119 / 00:03.109, 48Mb)
Sushi: info  Loaded hl7.terminology.r4#7.1.0 with 4103 resources                                     (00:02.039 / 00:05.149, 48Mb)
Sushi: info  Loaded ans.annuaire.fhir.r4#0.2.0 with 62 resources                                     (00:00.029 / 00:05.179, 48Mb)
Sushi: info  Loaded hl7.fhir.fr.core#1.1.0 with 119 resources                                        (00:00.047 / 00:05.226, 48Mb)
Sushi: info  Loaded hl7.fhir.uv.bulkdata#2.0.0 with 8 resources                                      (00:00.004 / 00:05.230, 48Mb)
Sushi: info  Loaded hl7.fhir.uv.sdc#3.0.0 with 105 resources                                         (00:00.081 / 00:05.312, 48Mb)
Sushi: info  Loaded hl7.fhir.r4.core#4.0.1 with 4581 resources                                       (00:01.181 / 00:06.494, 48Mb)
Sushi: info  Loaded hl7.fhir.uv.extensions.r4#5.2.0 with 759 resources                               (00:00.477 / 00:06.971, 48Mb)
Sushi: info  Loaded virtual package sushi-local#LOCAL with 0 resources                               (00:00.016 / 00:06.988, 48Mb)
Sushi: info  Converting FSH to FHIR resources...                                                     (00:00.018 / 00:07.006, 48Mb)
Sushi: info  Converted 57 FHIR StructureDefinitions.                                                 (00:07.913 / 00:14.920, 48Mb)
Sushi: info  Converted 6 FHIR CodeSystems.                                                           (00:00.153 / 00:15.073, 48Mb)
Sushi: info  Converted 6 FHIR ValueSets.                                                             (00:00.128 / 00:15.202, 48Mb)
Sushi: info  Converted 42 FHIR instances.                                                            (00:12.010 / 00:27.213, 48Mb)
Sushi: info  Exporting FHIR resources as JSON...                                                     (00:00.150 / 00:27.363, 48Mb)
Sushi: info  Exported 111 FHIR resources as JSON.                                                    (00:00.120 / 00:27.484, 48Mb)
Sushi: info  Assembling Implementation Guide sources...                                              (00:00.003 / 00:27.486, 48Mb)
Sushi: info  Generated ImplementationGuide-ans.fhir.fr.ror.json                                      (00:00.027 / 00:27.514, 48Mb)
Sushi: info  Assembled Implementation Guide sources; ready for IG Publisher.                         (00:00.001 / 00:27.516, 48Mb)
Sushi: info  The _build script hosted at https://github.com/HL7/ig-publisher-scripts is useful for downloading and running the IG Publisher. (00:00.001 / 00:27.517, 48Mb)
Sushi: ========================= SUSHI RESULTS ===========================                           (00:00.000 / 00:27.518, 48Mb)
Sushi: |  -------------------------------------------------------------  |                           (00:00.000 / 00:27.519, 48Mb)
Sushi: | |    Profiles   |  Extensions  |   Logicals   |   Resources   | |                           (00:00.001 / 00:27.520, 48Mb)
Sushi: | |-------------------------------------------------------------| |                           (00:00.000 / 00:27.520, 48Mb)
Sushi: | |       9       |      48      |      0       |       0       | |                           (00:00.000 / 00:27.521, 48Mb)
Sushi: |  -------------------------------------------------------------  |                           (00:00.000 / 00:27.522, 48Mb)
Sushi: |  -------------------------------------------------------------  |                           (00:00.000 / 00:27.523, 48Mb)
Sushi: | |      ValueSets     |    CodeSystems    |     Instances      | |                           (00:00.000 / 00:27.523, 48Mb)
Sushi: | |-------------------------------------------------------------| |                           (00:00.000 / 00:27.524, 48Mb)
Sushi: | |         6          |         6         |         42         | |                           (00:00.000 / 00:27.524, 48Mb)
Sushi: |  -------------------------------------------------------------  |                           (00:00.000 / 00:27.525, 48Mb)
Sushi: |                                                                 |                           (00:00.000 / 00:27.525, 48Mb)
Sushi: ===================================================================                           (00:00.000 / 00:27.526, 48Mb)
Sushi: | You've found your sea legs.            0 Errors      0 Warnings |                           (00:00.000 / 00:27.526, 48Mb)
Sushi: ===================================================================                           (00:00.000 / 00:27.527, 48Mb)
Unable to load IG as an r5 IG - try R4 (property code is a class com.google.gson.JsonPrimitive looking for an object) (00:00.451 / 00:27.979, 64Mb)
Load Template from ans.fr.template#0.2.0                                                             (00:00.414 / 00:28.394, 65Mb)
 Load Template from fhir.base.template#0.8.1                                                         (00:00.193 / 00:28.587, 75Mb)
Root directory: /tmp/ig-builds/ans.fhir.fr.ror#0.7.0                                                 (00:02.134 / 00:30.722, 116Mb)
Terminology Cache is at /tmp/ig-builds/ans.fhir.fr.ror#0.7.0/input-cache/txcache. Clearing now       (00:00.840 / 00:31.562, 108Mb)
Core Package hl7.fhir.r4.core#4.0.1
Unable to generate snapshot @2 for Definition from noname because Profile Definition (http://hl7.org/fhir/StructureDefinition/Definition) has no base and no snapshot
Unable to generate snapshot @2 for Event from noname because Profile Event (http://hl7.org/fhir/StructureDefinition/Event) has no base and no snapshot
Unable to generate snapshot @2 for FiveWs from noname because Profile FiveWs (http://hl7.org/fhir/StructureDefinition/FiveWs) has no base and no snapshot
Unable to generate snapshot @2 for Request from noname because Profile Request (http://hl7.org/fhir/StructureDefinition/Request) has no base and no snapshot
Running Terminology Log: /tmp/ohfu-fhir-ig-660509521231920781.log
Connect to Terminology Server at http://tx.fhir.org                                                  (00:03.389 / 00:34.952, 374Mb)
Load Package hl7.fhir.pubpack#0.2.1
Load Package hl7.fhir.xver-extensions#0.1.0
Load Package hl7.terminology.r4#7.1.0
Load Package ANS.annuaire.fhir.r4#0.2.0
Load Package hl7.fhir.fr.core#1.1.0
Load Package hl7.fhir.uv.bulkdata#2.0.0
Load Package hl7.fhir.uv.extensions.r4#5.2.0
Ignore Dependency on Core FHIR hl7.fhir.r4.examples#4.0.1, from package 'hl7.fhir.uv.sdc#3.0.0'      (00:07.300 / 00:42.253, 487Mb)
Load Package hl7.fhir.uv.sdc#3.0.0
Load Package hl7.fhir.uv.tools.r4#0.4.1
Load R5 Specials
Unable to generate snapshot @2 for Definition from noname because Profile Definition (http://hl7.org/fhir/StructureDefinition/Definition) has no base and no snapshot
Unable to generate snapshot @2 for Event from noname because Profile Event (http://hl7.org/fhir/StructureDefinition/Event) has no base and no snapshot
Unable to generate snapshot @2 for FiveWs from noname because Profile FiveWs (http://hl7.org/fhir/StructureDefinition/FiveWs) has no base and no snapshot
Unable to generate snapshot @2 for Request from noname because Profile Request (http://hl7.org/fhir/StructureDefinition/Request) has no base and no snapshot
Initialization complete                                                                              (00:01.386 / 00:43.639, 449Mb)
Load Content                                                                                         (00:00.000 / 00:43.639, 449Mb)
Using fr_FR as the default narrative language. (inferred from ImplementationGuide.jurisdiction=FR)   (00:00.090 / 00:43.730, 460Mb)
Process Loaded Resources                                                                             (00:04.069 / 00:47.799, 602Mb)
Generating Snapshots                                                                                 (00:02.760 / 00:50.560, 783Mb)
loadPrePages from FetchedFile[/tmp/ig-builds/ans.fhir.fr.ror#0.7.0/fsh-generated/includes] as /tmp/ig-builds/ans.fhir.fr.ror#0.7.0/fsh-generated/includes
loadPrePages from FetchedFile[/tmp/ig-builds/ans.fhir.fr.ror#0.7.0/input/data] as /tmp/ig-builds/ans.fhir.fr.ror#0.7.0/input/data
loadPrePages from FetchedFile[/tmp/ig-builds/ans.fhir.fr.ror#0.7.0/input/pagecontent] as /tmp/ig-builds/ans.fhir.fr.ror#0.7.0/input/pagecontent
Fetch https://interop.esante.gouv.fr/ig/fhir/ror/package-list.json for version check                 (00:06.498 / 00:57.059, 734Mb)
Processing Conformance Resources                                                                     (00:00.730 / 00:57.789, 741Mb)
Checking Language                                                                                    (00:00.000 / 00:57.790, 741Mb)
Load Dependency Info                                                                                 (00:00.002 / 00:57.792, 742Mb)
Load Info                                                                                            (00:00.001 / 00:57.794, 742Mb)
Load Paths                                                                                           (00:00.000 / 00:57.795, 743Mb)
Check R4 / R4B                                                                                       (00:00.000 / 00:57.796, 743Mb)
Assign Comparison Ids                                                                                (00:00.016 / 00:57.813, 748Mb)
Propagating status                                                                                   (00:00.000 / 00:57.813, 748Mb)
Generating Narratives                                                                                (00:00.000 / 00:57.814, 748Mb)
Validating Conformance Resources                                                                     (00:25.278 / 01:23.092, 576Mb)
Unable to generate snapshot @2 for Definition from noname because Profile Definition (http://hl7.org/fhir/StructureDefinition/Definition) has no base and no snapshot
Unable to generate snapshot @2 for Event from noname because Profile Event (http://hl7.org/fhir/StructureDefinition/Event) has no base and no snapshot
Unable to generate snapshot @2 for FiveWs from noname because Profile FiveWs (http://hl7.org/fhir/StructureDefinition/FiveWs) has no base and no snapshot
Unable to generate snapshot @2 for Request from noname because Profile Request (http://hl7.org/fhir/StructureDefinition/Request) has no base and no snapshot
Unable to generate snapshot @2 for Definition from noname because Profile Definition (http://hl7.org/fhir/StructureDefinition/Definition) has no base and no snapshot
Unable to generate snapshot @2 for Event from noname because Profile Event (http://hl7.org/fhir/StructureDefinition/Event) has no base and no snapshot
Unable to generate snapshot @2 for FiveWs from noname because Profile FiveWs (http://hl7.org/fhir/StructureDefinition/FiveWs) has no base and no snapshot
Unable to generate snapshot @2 for Request from noname because Profile Request (http://hl7.org/fhir/StructureDefinition/Request) has no base and no snapshot
XHTML content could not be parsed from http://tx.fhir.org/r4
org.hl7.fhir.exceptions.FHIRFormatError: Malformed XHTML: Found "</head>" expecting "</meta>" at line 6 column 8
	at org.hl7.fhir.utilities.xhtml.XhtmlParser.parseElementInner(XhtmlParser.java:617)
	at org.hl7.fhir.utilities.xhtml.XhtmlParser.parseElement(XhtmlParser.java:699)
	at org.hl7.fhir.utilities.xhtml.XhtmlParser.parseElementInner(XhtmlParser.java:646)
	at org.hl7.fhir.utilities.xhtml.XhtmlParser.parseElement(XhtmlParser.java:699)
	at org.hl7.fhir.utilities.xhtml.XhtmlParser.parseElementInner(XhtmlParser.java:646)
	at org.hl7.fhir.utilities.xhtml.XhtmlParser.parse(XhtmlParser.java:516)
	at org.hl7.fhir.utilities.xhtml.XhtmlParser.parse(XhtmlParser.java:483)
	at org.hl7.fhir.utilities.xhtml.XhtmlUtils.convertHtmlToText(XhtmlUtils.java:7)
	at org.hl7.fhir.r4.utils.client.network.FhirRequestBuilder.unmarshalReference(FhirRequestBuilder.java:230)
	at org.hl7.fhir.r4.utils.client.network.FhirRequestBuilder.execute(FhirRequestBuilder.java:164)
	at org.hl7.fhir.r4.utils.client.network.Client.executeFhirRequest(Client.java:148)
	at org.hl7.fhir.r4.utils.client.network.Client.issuePostRequest(Client.java:84)
	at org.hl7.fhir.r4.utils.client.FHIRToolingClient.operateType(FHIRToolingClient.java:296)
	at org.hl7.fhir.convertors.txClient.TerminologyClientR4.validateVS(TerminologyClientR4.java:143)
	at org.hl7.fhir.r5.context.BaseWorkerContext.validateOnServer2(BaseWorkerContext.java:1921)
	at org.hl7.fhir.r5.context.BaseWorkerContext.validateCode(BaseWorkerContext.java:1542)
	at org.hl7.fhir.r5.context.BaseWorkerContext.validateCode(BaseWorkerContext.java:1425)
	at org.hl7.fhir.validation.instance.type.StructureDefinitionValidator.serverSupportsValueSet(StructureDefinitionValidator.java:1323)
	at org.hl7.fhir.validation.instance.type.StructureDefinitionValidator.validateBinding(StructureDefinitionValidator.java:1182)
	at org.hl7.fhir.validation.instance.type.StructureDefinitionValidator.validateElementDefinition(StructureDefinitionValidator.java:622)
	at org.hl7.fhir.validation.instance.type.StructureDefinitionValidator.validateElementList(StructureDefinitionValidator.java:469)
	at org.hl7.fhir.validation.instance.type.StructureDefinitionValidator.validateStructureDefinition(StructureDefinitionValidator.java:186)
	at org.hl7.fhir.validation.instance.InstanceValidator.checkSpecials(InstanceValidator.java:6158)
	at org.hl7.fhir.validation.instance.InstanceValidator.startInner(InstanceValidator.java:6097)
	at org.hl7.fhir.validation.instance.InstanceValidator.start(InstanceValidator.java:5834)
	at org.hl7.fhir.validation.instance.InstanceValidator.validateResource(InstanceValidator.java:7733)
	at org.hl7.fhir.validation.instance.InstanceValidator.validate(InstanceValidator.java:999)
	at org.hl7.fhir.igtools.publisher.Publisher.validate(Publisher.java:8171)
	at org.hl7.fhir.igtools.publisher.Publisher.validate(Publisher.java:8484)
	at org.hl7.fhir.igtools.publisher.Publisher.validate(Publisher.java:6339)
	at org.hl7.fhir.igtools.publisher.Publisher.loadConformance2(Publisher.java:6286)
	at org.hl7.fhir.igtools.publisher.Publisher.createIg(Publisher.java:1209)
	at org.hl7.fhir.igtools.publisher.Publisher.execute(Publisher.java:1045)
	at org.hl7.fhir.igtools.publisher.Publisher.main(Publisher.java:15216)
	at org.hl7.fhir.igtools.web.PublicationProcess.runBuild(PublicationProcess.java:1050)
	at org.hl7.fhir.igtools.web.PublicationProcess.doPublish(PublicationProcess.java:530)
	at org.hl7.fhir.igtools.web.PublicationProcess.publishInner2(PublicationProcess.java:443)
	at org.hl7.fhir.igtools.web.PublicationProcess.publishInner(PublicationProcess.java:248)
	at org.hl7.fhir.igtools.web.PublicationProcess.publish(PublicationProcess.java:127)
	at org.hl7.fhir.igtools.publisher.Publisher.main(Publisher.java:14969)
<!DOCTYPE html>
<html lang="en">
<head>
<meta charset="utf-8">
<title>Error</title>
</head>
<body>
<pre>TypeError: Cannot read properties of undefined (reading &#39;include&#39;)<br> &nbsp; &nbsp;at valueSetToR5 (/usr/local/lib/node_modules/fhirsmith/tx/xversion/xv-valueset.js:17:37)<br> &nbsp; &nbsp;at convertResourceToR5 (/usr/local/lib/node_modules/fhirsmith/tx/xversion/xv-resource.js:19:29)<br> &nbsp; &nbsp;at parametersToR5 (/usr/local/lib/node_modules/fhirsmith/tx/xversion/xv-parameters.js:23:20)<br> &nbsp; &nbsp;at convertResourceToR5 (/usr/local/lib/node_modules/fhirsmith/tx/xversion/xv-resource.js:21:31)<br> &nbsp; &nbsp;at /usr/local/lib/node_modules/fhirsmith/tx/tx.js:457:20<br> &nbsp; &nbsp;at Layer.handleRequest (/usr/local/lib/node_modules/fhirsmith/node_modules/router/lib/layer.js:152:17)<br> &nbsp; &nbsp;at trimPrefix (/usr/local/lib/node_modules/fhirsmith/node_modules/router/index.js:342:13)<br> &nbsp; &nbsp;at /usr/local/lib/node_modules/fhirsmith/node_modules/router/index.js:297:9<br> &nbsp; &nbsp;at processParams (/usr/local/lib/node_modules/fhirsmith/node_modules/router/index.js:582:12)<br> &nbsp; &nbsp;at next (/usr/local/lib/node_modules/fhirsmith/node_modules/router/index.js:291:5)</pre>
</body>
</html>

Check profiles & code systems                                                                        (00:25.854 / 01:48.947, 610Mb)
Check realm rules                                                                                    (00:00.005 / 01:48.952, 611Mb)
Previous Version Comparison                                                                          (00:00.000 / 01:48.952, 611Mb)
Validating Resources                                                                                 (00:00.048 / 01:49.001, 621Mb)
Processing Provenance Records                                                                        (00:08.851 / 01:57.852, 855Mb)
Generating Outputs in /tmp/ig-builds/ans.fhir.fr.ror#0.7.0/output                                    (00:00.001 / 01:57.853, 855Mb)
Generate Native Outputs                                                                              (00:00.117 / 01:57.970, 871Mb)
Run Template                                                                                         (00:10.346 / 02:08.317, 877Mb)
Generate HTML Outputs                                                                                (00:02.794 / 02:11.111, 663Mb)
Generate Spreadsheets                                                                                (00:20.866 / 02:31.977, 1Gb)
Generate Summaries                                                                                   (00:06.003 / 02:37.980, 1Gb)
Generating Summary Outputs                                                                           (00:00.000 / 02:37.981, 1Gb)
DB Cumulative Time invested: 00:00:01.645
Sending Usage Stats to Server                                                                        (00:07.480 / 02:45.461, 1Gb)
## Memory (MB): Use = 1535, Free = 512, Total = 2048, Max = 4000                                     (00:00.006 / 02:45.468, 1Gb)
Reclaiming memory...                                                                                 (00:00.000 / 02:45.469, 1Gb)
## Memory (MB): Use = 610, Free = 1437, Total = 2048, Max = 4000                                     (00:00.432 / 02:45.901, 611Mb)
Run jekyll: jekyll build --destination "/tmp/ig-builds/ans.fhir.fr.ror#0.7.0/output" (in folder /tmp/ig-builds/ans.fhir.fr.ror#0.7.0/temp/pages) (00:00.002 / 02:45.904, 611Mb)
Troubleshooting Note: usual cases for Jekyll to fail are:                                            (00:00.001 / 02:45.905, 611Mb)
* A failure to produce a fragment that is already logged in the output above                         (00:00.000 / 02:45.906, 611Mb)
* A reference to a manually edited file that hasn't been provided                                    (00:00.000 / 02:45.907, 611Mb)
Jekyll: Source: /tmp/ig-builds/ans.fhir.fr.ror#0.7.0/temp/pages                                      (00:00.617 / 02:46.524, 614Mb)
Jekyll: Generating...                                                                                (00:00.001 / 02:46.525, 614Mb)
Jekyll: done in 5.257 seconds.                                                                       (00:05.255 / 02:51.780, 614Mb)

Installing ans.fhir.fr.ror#0.7.0
 done.
Checking Output HTML                                                                                 (00:04.205 / 02:55.986, 1Gb)
found 2153 files                                                                                     (00:00.008 / 02:55.994, 1Gb)
........................................
........................................
  ... 2153 html files, 0 pages invalid xhtml (0%)                                                    (00:18.678 / 03:14.672, 914Mb)
  ... 462348 links, 57 broken links (0%)                                                             (00:00.001 / 03:14.674, 914Mb)
Generate fragment-usage-analysis.csv                                                                 (00:00.000 / 03:14.674, 914Mb)
Build final .zip                                                                                     (00:00.005 / 03:14.680, 915Mb)
Final .zip built                                                                                     (00:02.833 / 03:17.514, 932Mb)
Built. Times: loading: 00:14.148, generate: 02:22.362, narrative generation: 00:25.277, realm-rules: 00:00.000, previous-version: 00:00.000, jekyll: 00:05.913, validation: 00:34.129 (#112), template: 00:02.793 (#3) (00:02.928 / 03:20.442, 675Mb)
Generating QA                                                                                        (00:00.001 / 03:20.443, 675Mb)
Validation output in /tmp/ig-builds/ans.fhir.fr.ror#0.7.0/output/qa.html
Errors: 63, Warnings: 152, Info: 84, Broken Links: 57 (00:04.122 / 03:24.566, 1Gb)
Finished. Max Memory Used = 1Gb. Log file saved in /tmp/fhir-ig-publisher-tmp.log                    (00:00.014 / 03:24.580, 1Gb)
Prepare Build space in /tmp/ig-builds/ans.fhir.fr.ror#0.7.0-milestone
Build IG at /home/runner/work/IG-fhir-repertoire-offre-ressources-sante/IG-fhir-repertoire-offre-ressources-sante/./igSource: final copy suitable for publication (in /tmp/ig-builds/ans.fhir.fr.ror#0.7.0-milestone) (milestone build)
FHIR IG Publisher Version 1.8.22 (Git# 3d9b32f2efa8). Built 2025-03-19T04:54:10.544Z (406 days old) 
Detected Java version: 17.0.10 from /opt/hostedtoolcache/Java_Microsoft_jdk/17.0.10/x64 on Linux/amd64 (64bit). 4000MB available
dir = /home/runner/work/IG-fhir-repertoire-offre-ressources-sante/IG-fhir-repertoire-offre-ressources-sante, path = /opt/hostedtoolcache/Ruby/3.3.11/x64/bin:/usr/share/dotnet:/opt/hostedtoolcache/node/20.20.2/x64/bin:/opt/hostedtoolcache/Java_Microsoft_jdk/17.0.10/x64/bin:/snap/bin:/home/runner/.local/bin:/opt/pipx_bin:/home/runner/.cargo/bin:/home/runner/.config/composer/vendor/bin:/usr/local/.ghcup/bin:/home/runner/.dotnet/tools:/usr/local/sbin:/usr/local/bin:/usr/sbin:/usr/bin:/sbin:/bin:/usr/games:/usr/local/games:/snap/bin
Parameters: -ig /tmp/ig-builds/ans.fhir.fr.ror#0.7.0-milestone -publish https://interop.esante.gouv.fr/ig/fhir/ror/0.7.0 -milestone -no-exit
Character encoding = UTF-8 / UTF-8                                                                  
Start Clock @ Wednesday, April 29, 2026 at 3:35:52 PM Coordinated Universal Time (2026-04-29T15:35:52Z)
                                                                                                    
Build FHIR IG from /tmp/ig-builds/ans.fhir.fr.ror#0.7.0-milestone                                    (00:00.002 / 00:00.002, 1Gb)
Build Formal Publication package, intended for https://interop.esante.gouv.fr/ig/fhir/ror/0.7.0      (00:00.000 / 00:00.002, 1Gb)
API keys loaded from /home/runner/.fhir/fhir-settings.json                                           (00:00.000 / 00:00.003, 1Gb)
Package Cache: /home/runner/.fhir/packages                                                           (00:00.000 / 00:00.004, 1Gb)
Run Sushi on /tmp/ig-builds/ans.fhir.fr.ror#0.7.0-milestone                                          (00:00.000 / 00:00.004, 1Gb)
Sushi: info  Running SUSHI v3.19.0 (implements FHIR Shorthand specification v3.0.0)                  (00:00.430 / 00:00.435, 1Gb)
Sushi: info  Arguments:                                                                              (00:00.000 / 00:00.435, 1Gb)
Sushi: info    --require-latest                                                                      (00:00.000 / 00:00.436, 1Gb)
Sushi: info    --out /tmp/ig-builds/ans.fhir.fr.ror#0.7.0-milestone                                  (00:00.000 / 00:00.437, 1Gb)
Sushi: info    /tmp/ig-builds/ans.fhir.fr.ror#0.7.0-milestone                                        (00:00.000 / 00:00.437, 1Gb)
Sushi: info  Using configuration file: /tmp/ig-builds/ans.fhir.fr.ror#0.7.0-milestone/sushi-config.yaml (00:00.456 / 00:00.894, 1Gb)
Sushi: info  Importing FSH text...                                                                   (00:00.109 / 00:01.004, 1Gb)
Sushi: info  Preprocessed 112 documents with 118 aliases.                                            (00:00.501 / 00:01.505, 1Gb)
Sushi: info  Imported 69 definitions and 42 instances.                                               (00:00.087 / 00:01.592, 1Gb)
Sushi: info  Loaded virtual package sushi-r5forR4#1.0.0 with 7 resources                             (00:00.107 / 00:01.700, 1Gb)
Sushi: info  Resolved hl7.fhir.uv.tools.r4#latest to concrete version 1.1.2                          (00:00.644 / 00:02.344, 1Gb)
Sushi: info  Loaded hl7.fhir.uv.tools.r4#1.1.2 with 119 resources                                    (00:00.052 / 00:02.396, 1Gb)
Sushi: info  Resolved hl7.terminology.r4#latest to concrete version 7.1.0                            (00:00.120 / 00:02.517, 1Gb)
Sushi: info  Loaded hl7.terminology.r4#7.1.0 with 4103 resources                                     (00:00.925 / 00:03.442, 1Gb)
Sushi: info  Loaded ans.annuaire.fhir.r4#0.2.0 with 62 resources                                     (00:00.029 / 00:03.472, 1Gb)
Sushi: info  Loaded hl7.fhir.fr.core#1.1.0 with 119 resources                                        (00:00.047 / 00:03.519, 1Gb)
Sushi: info  Loaded hl7.fhir.uv.bulkdata#2.0.0 with 8 resources                                      (00:00.002 / 00:03.521, 1Gb)
Sushi: info  Loaded hl7.fhir.uv.sdc#3.0.0 with 105 resources                                         (00:00.039 / 00:03.561, 1Gb)
Sushi: info  Loaded hl7.fhir.r4.core#4.0.1 with 4581 resources                                       (00:00.956 / 00:04.517, 1Gb)
Sushi: info  Loaded hl7.fhir.uv.extensions.r4#5.2.0 with 759 resources                               (00:00.182 / 00:04.700, 1Gb)
Sushi: info  Loaded virtual package sushi-local#LOCAL with 0 resources                               (00:00.011 / 00:04.711, 1Gb)
Sushi: info  Converting FSH to FHIR resources...                                                     (00:00.017 / 00:04.729, 1Gb)
Sushi: info  Converted 57 FHIR StructureDefinitions.                                                 (00:08.057 / 00:12.786, 1Gb)
Sushi: info  Converted 6 FHIR CodeSystems.                                                           (00:00.154 / 00:12.940, 1Gb)
Sushi: info  Converted 6 FHIR ValueSets.                                                             (00:00.137 / 00:13.078, 1Gb)
Sushi: info  Converted 42 FHIR instances.                                                            (00:11.979 / 00:25.057, 1Gb)
Sushi: info  Exporting FHIR resources as JSON...                                                     (00:00.151 / 00:25.208, 1Gb)
Sushi: info  Exported 111 FHIR resources as JSON.                                                    (00:00.126 / 00:25.334, 1Gb)
Sushi: info  Assembling Implementation Guide sources...                                              (00:00.005 / 00:25.340, 1Gb)
Sushi: info  Generated ImplementationGuide-ans.fhir.fr.ror.json                                      (00:00.029 / 00:25.369, 1Gb)
Sushi: info  Assembled Implementation Guide sources; ready for IG Publisher.                         (00:00.000 / 00:25.370, 1Gb)
Sushi: info  The _build script hosted at https://github.com/HL7/ig-publisher-scripts is useful for downloading and running the IG Publisher. (00:00.000 / 00:25.370, 1Gb)
Sushi: ========================= SUSHI RESULTS ===========================                           (00:00.001 / 00:25.371, 1Gb)
Sushi: |  -------------------------------------------------------------  |                           (00:00.000 / 00:25.372, 1Gb)
Sushi: | |    Profiles   |  Extensions  |   Logicals   |   Resources   | |                           (00:00.000 / 00:25.373, 1Gb)
Sushi: | |-------------------------------------------------------------| |                           (00:00.000 / 00:25.373, 1Gb)
Sushi: | |       9       |      48      |      0       |       0       | |                           (00:00.000 / 00:25.374, 1Gb)
Sushi: |  -------------------------------------------------------------  |                           (00:00.000 / 00:25.374, 1Gb)
Sushi: |  -------------------------------------------------------------  |                           (00:00.000 / 00:25.375, 1Gb)
Sushi: | |      ValueSets     |    CodeSystems    |     Instances      | |                           (00:00.000 / 00:25.375, 1Gb)
Sushi: | |-------------------------------------------------------------| |                           (00:00.000 / 00:25.376, 1Gb)
Sushi: | |         6          |         6         |         42         | |                           (00:00.000 / 00:25.376, 1Gb)
Sushi: |  -------------------------------------------------------------  |                           (00:00.000 / 00:25.377, 1Gb)
Sushi: |                                                                 |                           (00:00.000 / 00:25.377, 1Gb)
Sushi: ===================================================================                           (00:00.000 / 00:25.378, 1Gb)
Sushi: | You are dolphinitely doing great!      0 Errors      0 Warnings |                           (00:00.000 / 00:25.378, 1Gb)
Sushi: ===================================================================                           (00:00.000 / 00:25.379, 1Gb)
Unable to load IG as an r5 IG - try R4 (property code is a class com.google.gson.JsonPrimitive looking for an object) (00:00.028 / 00:25.407, 1Gb)
Load Template from ans.fr.template#0.2.0                                                             (00:00.013 / 00:25.421, 1Gb)
 Load Template from fhir.base.template#0.8.1                                                         (00:00.037 / 00:25.458, 1Gb)
Root directory: /tmp/ig-builds/ans.fhir.fr.ror#0.7.0-milestone                                       (00:01.113 / 00:26.572, 1Gb)
Terminology Cache is at /tmp/ig-builds/ans.fhir.fr.ror#0.7.0-milestone/input-cache/txcache. 119 files in cache (00:00.638 / 00:27.211, 1Gb)
Core Package hl7.fhir.r4.core#4.0.1
Unable to generate snapshot @2 for Definition from noname because Profile Definition (http://hl7.org/fhir/StructureDefinition/Definition) has no base and no snapshot
Unable to generate snapshot @2 for Event from noname because Profile Event (http://hl7.org/fhir/StructureDefinition/Event) has no base and no snapshot
Unable to generate snapshot @2 for FiveWs from noname because Profile FiveWs (http://hl7.org/fhir/StructureDefinition/FiveWs) has no base and no snapshot
Unable to generate snapshot @2 for Request from noname because Profile Request (http://hl7.org/fhir/StructureDefinition/Request) has no base and no snapshot
Running Terminology Log: /tmp/ohfu-fhir-ig-4660291405155077868.log
Connect to Terminology Server at http://tx.fhir.org                                                  (00:01.490 / 00:28.701, 1Gb)
Load Package hl7.fhir.pubpack#0.2.1
Load Package hl7.fhir.xver-extensions#0.1.0
Load Package hl7.terminology.r4#7.1.0
Load Package ANS.annuaire.fhir.r4#0.2.0
Load Package hl7.fhir.fr.core#1.1.0
Load Package hl7.fhir.uv.bulkdata#2.0.0
Load Package hl7.fhir.uv.extensions.r4#5.2.0
Ignore Dependency on Core FHIR hl7.fhir.r4.examples#4.0.1, from package 'hl7.fhir.uv.sdc#3.0.0'      (00:02.205 / 00:30.906, 1Gb)
Load Package hl7.fhir.uv.sdc#3.0.0
Load Package hl7.fhir.uv.tools.r4#0.4.1
Load R5 Specials
Unable to generate snapshot @2 for Definition from noname because Profile Definition (http://hl7.org/fhir/StructureDefinition/Definition) has no base and no snapshot
Unable to generate snapshot @2 for Event from noname because Profile Event (http://hl7.org/fhir/StructureDefinition/Event) has no base and no snapshot
Unable to generate snapshot @2 for FiveWs from noname because Profile FiveWs (http://hl7.org/fhir/StructureDefinition/FiveWs) has no base and no snapshot
Unable to generate snapshot @2 for Request from noname because Profile Request (http://hl7.org/fhir/StructureDefinition/Request) has no base and no snapshot
Initialization complete                                                                              (00:00.835 / 00:31.742, 1Gb)
Load Content                                                                                         (00:00.000 / 00:31.742, 1Gb)
Using fr_FR as the default narrative language. (inferred from ImplementationGuide.jurisdiction=FR)   (00:00.013 / 00:31.756, 1Gb)
Process Loaded Resources                                                                             (00:00.887 / 00:32.643, 1Gb)
Generating Snapshots                                                                                 (00:00.677 / 00:33.321, 1Gb)
loadPrePages from FetchedFile[/tmp/ig-builds/ans.fhir.fr.ror#0.7.0-milestone/fsh-generated/includes] as /tmp/ig-builds/ans.fhir.fr.ror#0.7.0-milestone/fsh-generated/includes
loadPrePages from FetchedFile[/tmp/ig-builds/ans.fhir.fr.ror#0.7.0-milestone/input/data] as /tmp/ig-builds/ans.fhir.fr.ror#0.7.0-milestone/input/data
loadPrePages from FetchedFile[/tmp/ig-builds/ans.fhir.fr.ror#0.7.0-milestone/input/pagecontent] as /tmp/ig-builds/ans.fhir.fr.ror#0.7.0-milestone/input/pagecontent
Fetch https://interop.esante.gouv.fr/ig/fhir/ror/package-list.json for version check                 (00:00.979 / 00:34.301, 1Gb)
Processing Conformance Resources                                                                     (00:00.322 / 00:34.623, 1Gb)
Checking Language                                                                                    (00:00.000 / 00:34.623, 1Gb)
Load Dependency Info                                                                                 (00:00.002 / 00:34.626, 1Gb)
Load Info                                                                                            (00:00.000 / 00:34.627, 1Gb)
Load Paths                                                                                           (00:00.000 / 00:34.628, 1Gb)
Check R4 / R4B                                                                                       (00:00.000 / 00:34.628, 1Gb)
Assign Comparison Ids                                                                                (00:00.018 / 00:34.647, 1Gb)
Propagating status                                                                                   (00:00.000 / 00:34.647, 1Gb)
Generating Narratives                                                                                (00:00.000 / 00:34.647, 1Gb)
Validating Conformance Resources                                                                     (00:01.518 / 00:36.166, 1Gb)
Unable to generate snapshot @2 for Definition from noname because Profile Definition (http://hl7.org/fhir/StructureDefinition/Definition) has no base and no snapshot
Unable to generate snapshot @2 for Event from noname because Profile Event (http://hl7.org/fhir/StructureDefinition/Event) has no base and no snapshot
Unable to generate snapshot @2 for FiveWs from noname because Profile FiveWs (http://hl7.org/fhir/StructureDefinition/FiveWs) has no base and no snapshot
Unable to generate snapshot @2 for Request from noname because Profile Request (http://hl7.org/fhir/StructureDefinition/Request) has no base and no snapshot
Unable to generate snapshot @2 for Definition from noname because Profile Definition (http://hl7.org/fhir/StructureDefinition/Definition) has no base and no snapshot
Unable to generate snapshot @2 for Event from noname because Profile Event (http://hl7.org/fhir/StructureDefinition/Event) has no base and no snapshot
Unable to generate snapshot @2 for FiveWs from noname because Profile FiveWs (http://hl7.org/fhir/StructureDefinition/FiveWs) has no base and no snapshot
Unable to generate snapshot @2 for Request from noname because Profile Request (http://hl7.org/fhir/StructureDefinition/Request) has no base and no snapshot
Check profiles & code systems                                                                        (00:08.181 / 00:44.347, 1Gb)
Check realm rules                                                                                    (00:00.004 / 00:44.352, 1Gb)
Previous Version Comparison                                                                          (00:00.000 / 00:44.352, 1Gb)
Validating Resources                                                                                 (00:00.018 / 00:44.371, 1Gb)
Processing Provenance Records                                                                        (00:00.605 / 00:44.976, 1Gb)
Generating Outputs in /tmp/ig-builds/ans.fhir.fr.ror#0.7.0-milestone/output                          (00:00.000 / 00:44.977, 1Gb)
Generate Native Outputs                                                                              (00:00.073 / 00:45.051, 1Gb)
Run Template                                                                                         (00:07.051 / 00:52.103, 1Gb)
Generate HTML Outputs                                                                                (00:02.750 / 00:54.853, 1Gb)
Generate Spreadsheets                                                                                (00:11.437 / 01:06.291, 1Gb)
Generate Summaries                                                                                   (00:03.341 / 01:09.632, 1Gb)
Generating Summary Outputs                                                                           (00:00.000 / 01:09.633, 1Gb)
DB Cumulative Time invested: 00:00:01.695
Sending Usage Stats to Server                                                                        (00:04.638 / 01:14.271, 1Gb)
## Memory (MB): Use = 1619, Free = 428, Total = 2048, Max = 4000                                     (00:00.001 / 01:14.273, 1Gb)
Reclaiming memory...                                                                                 (00:00.000 / 01:14.274, 1Gb)
## Memory (MB): Use = 1189, Free = 858, Total = 2048, Max = 4000                                     (00:00.636 / 01:14.910, 1Gb)
Run jekyll: jekyll build --destination "/tmp/ig-builds/ans.fhir.fr.ror#0.7.0-milestone/output" (in folder /tmp/ig-builds/ans.fhir.fr.ror#0.7.0-milestone/temp/pages) (00:00.000 / 01:14.911, 1Gb)
Troubleshooting Note: usual cases for Jekyll to fail are:                                            (00:00.000 / 01:14.912, 1Gb)
* A failure to produce a fragment that is already logged in the output above                         (00:00.000 / 01:14.913, 1Gb)
* A reference to a manually edited file that hasn't been provided                                    (00:00.000 / 01:14.913, 1Gb)
Jekyll: Source: /tmp/ig-builds/ans.fhir.fr.ror#0.7.0-milestone/temp/pages                            (00:00.347 / 01:15.261, 1Gb)
Jekyll: Generating...                                                                                (00:00.000 / 01:15.262, 1Gb)
Jekyll: done in 5.246 seconds.                                                                       (00:05.245 / 01:20.507, 1Gb)

Installing ans.fhir.fr.ror#0.7.0
Checking Output HTML                                                                                 (00:03.173 / 01:23.681, 1Gb)
found 2153 files                                                                                     (00:00.008 / 01:23.689, 1Gb)
.............................Sending usage stats failed: Connection timed out
...........
........................................
  ... 2153 html files, 0 pages invalid xhtml (0%)                                                    (00:18.118 / 01:41.807, 1Gb)
  ... 462348 links, 57 broken links (0%)                                                             (00:00.000 / 01:41.808, 1Gb)
Generate fragment-usage-analysis.csv                                                                 (00:00.000 / 01:41.809, 1Gb)
Build final .zip                                                                                     (00:00.005 / 01:41.814, 1Gb)
Final .zip built                                                                                     (00:02.825 / 01:44.639, 1Gb)
Built. Times: loading: 00:02.879, generate: 01:12.599, narrative generation: 00:01.518, realm-rules: 00:00.000, previous-version: 00:00.000, jekyll: 00:05.626, validation: 00:08.355 (#112), template: 00:02.749 (#3) (00:02.585 / 01:47.224, 1Gb)
Generating QA                                                                                        (00:00.000 / 01:47.225, 1Gb)
Validation output in /tmp/ig-builds/ans.fhir.fr.ror#0.7.0-milestone/output/qa.html
Errors: 63, Warnings: 152, Info: 84, Broken Links: 57 (00:03.859 / 01:51.085, 1Gb)
Finished. Max Memory Used = 1Gb. Log file saved in /tmp/fhir-ig-publisher-tmp.log                    (00:00.009 / 01:51.094, 1Gb)
Keep a copy of the build directory at /tmp/web-root/run-20260429/ig-build-zips/ans.fhir.fr.ror#0.7.0.zip

ok. All checks passed. Publish v0.7.0 to /tmp/web-root/run-20260429/ror/0.7.0
Copy the IG to /tmp/web-root/run-20260429/ror/0.7.0
Update /tmp/web-root/run-20260429/ror/package-list.json
Publish Box Statement: This page is part of the Répertoire national de l’Offre et des Ressources en santé et accompagnement médico-social (v0.7.0: <a no-external="true" href="https://confluence.hl7.org/display/HL7/HL7+Balloting" title="Standard for Trial-Use">STU</a>1) based on <a no-external="true" href="http://hl7.org/fhir/R4">FHIR (HL7® FHIR® Standard) R4</a>. This is the current published version in its permanent home (it will always be available at this URL).  For a full list of available versions, see the <a no-external="true" href="https://interop.esante.gouv.fr/ig/fhir/ror/history.html">Directory of published versions</a>
  .. 811 files checked, 811 updated
  .. 227 clones checked, 454 updated
  .. 112 redirections (112 created/updated)
This is a milestone release - publish v0.7.0 to /tmp/web-root/run-20260429/ror
Update publish box for version 0.7.0-snapshot-2 @ https://interop.esante.gouv.fr/ig/fhir/ror/0.7.0-snapshot-2
Publish Box Statement: This page is part of the Répertoire national de l’Offre et des Ressources en santé et accompagnement médico-social (v0.7.0-snapshot-2: QA Preview) based on <a no-external="true" href="http://hl7.org/fhir/R4">FHIR (HL7® FHIR® Standard) R4</a>. The current version which supersedes this version is <a no-external="true" href="https://interop.esante.gouv.fr/ig/fhir/ror{{fn}}">0.7.0</a>.  For a full list of available versions, see the <a no-external="true" href="https://interop.esante.gouv.fr/ig/fhir/ror/history.html">Directory of published versions</a>
  .. 792 files checked, 792 updated
  .. 221 clones checked, 0 updated
Building download for /tmp/web-root/run-20260429/ror/0.7.0-snapshot-2 url = https://interop.esante.gouv.fr/ig/fhir/ror/0.7.0-snapshot-2, canonical = https://interop.esante.gouv.fr/ig/fhir/ror
  ................................................................................
 ..Finished
Update publish box for version 0.7.0-snapshot-1 @ https://interop.esante.gouv.fr/ig/fhir/ror/0.7.0-snapshot-1
Publish Box Statement: This page is part of the Répertoire national de l’Offre et des Ressources en santé et accompagnement médico-social (v0.7.0-snapshot-1: QA Preview) based on <a no-external="true" href="http://hl7.org/fhir/R4">FHIR (HL7® FHIR® Standard) R4</a>. The current version which supersedes this version is <a no-external="true" href="https://interop.esante.gouv.fr/ig/fhir/ror{{fn}}">0.7.0</a>.  For a full list of available versions, see the <a no-external="true" href="https://interop.esante.gouv.fr/ig/fhir/ror/history.html">Directory of published versions</a>
  .. 772 files checked, 772 updated
  .. 349 clones checked, 0 updated
Building download for /tmp/web-root/run-20260429/ror/0.7.0-snapshot-1 url = https://interop.esante.gouv.fr/ig/fhir/ror/0.7.0-snapshot-1, canonical = https://interop.esante.gouv.fr/ig/fhir/ror
  ................................................................................
  ....................
 ..Finished
Update publish box for version 0.6.0 @ https://interop.esante.gouv.fr/ig/fhir/ror/0.6.0
Publish Box Statement: This page is part of the Répertoire national de l’Offre et des Ressources en santé et accompagnement médico-social (v0.6.0: <a no-external="true" href="https://confluence.hl7.org/display/HL7/HL7+Balloting" title="Standard for Trial-Use">STU</a>1) based on <a no-external="true" href="http://hl7.org/fhir/R4">FHIR (HL7® FHIR® Standard) R4</a>. The current version which supersedes this version is <a no-external="true" href="https://interop.esante.gouv.fr/ig/fhir/ror{{fn}}">0.7.0</a>.  For a full list of available versions, see the <a no-external="true" href="https://interop.esante.gouv.fr/ig/fhir/ror/history.html">Directory of published versions</a>
  .. 764 files checked, 764 updated
  .. 347 clones checked, 0 updated
Update publish box for version 0.5.0 @ https://interop.esante.gouv.fr/ig/fhir/ror/0.5.0
Publish Box Statement: This page is part of the Répertoire national de l’Offre et des Ressources en santé et accompagnement médico-social (v0.5.0: <a no-external="true" href="https://confluence.hl7.org/display/HL7/HL7+Balloting" title="Standard for Trial-Use">STU</a>1) based on <a no-external="true" href="http://hl7.org/fhir/R4">FHIR (HL7® FHIR® Standard) R4</a>. The current version which supersedes this version is <a no-external="true" href="https://interop.esante.gouv.fr/ig/fhir/ror{{fn}}">0.7.0</a>.  For a full list of available versions, see the <a no-external="true" href="https://interop.esante.gouv.fr/ig/fhir/ror/history.html">Directory of published versions</a>
  .. 763 files checked, 763 updated
  .. 345 clones checked, 0 updated
Update publish box for version 0.4.0 @ https://interop.esante.gouv.fr/ig/fhir/ror/0.4.0
Publish Box Statement: This page is part of the Répertoire national de l’Offre et des Ressources en santé et accompagnement médico-social (v0.4.0: <a no-external="true" href="https://confluence.hl7.org/display/HL7/HL7+Balloting" title="Standard for Trial-Use">STU</a>1) based on <a no-external="true" href="http://hl7.org/fhir/R4">FHIR (HL7® FHIR® Standard) R4</a>. The current version which supersedes this version is <a no-external="true" href="https://interop.esante.gouv.fr/ig/fhir/ror{{fn}}">0.7.0</a>.  For a full list of available versions, see the <a no-external="true" href="https://interop.esante.gouv.fr/ig/fhir/ror/history.html">Directory of published versions</a>
  .. 757 files checked, 757 updated
  .. 343 clones checked, 0 updated
Update publish box for version 0.4.0-snapshot-1 @ https://interop.esante.gouv.fr/ig/fhir/ror/0.4.0-snapshot-1
Publish Box Statement: This page is part of the Répertoire national de l’Offre et des Ressources en santé et accompagnement médico-social (v0.4.0-snapshot-1: QA Preview) based on <a no-external="true" href="http://hl7.org/fhir/R4">FHIR (HL7® FHIR® Standard) R4</a>. The current version which supersedes this version is <a no-external="true" href="https://interop.esante.gouv.fr/ig/fhir/ror{{fn}}">0.7.0</a>.  For a full list of available versions, see the <a no-external="true" href="https://interop.esante.gouv.fr/ig/fhir/ror/history.html">Directory of published versions</a>
  .. 747 files checked, 747 updated
  .. 333 clones checked, 0 updated
Update publish box for version 0.3.0 @ https://interop.esante.gouv.fr/ig/fhir/ror/0.3.0
Publish Box Statement: This page is part of the Répertoire national de l’Offre et des Ressources en santé et accompagnement médico-social (v0.3.0: Release) based on <a no-external="true" href="http://hl7.org/fhir/R4">FHIR (HL7® FHIR® Standard) R4</a>. The current version which supersedes this version is <a no-external="true" href="https://interop.esante.gouv.fr/ig/fhir/ror{{fn}}">0.7.0</a>.  For a full list of available versions, see the <a no-external="true" href="https://interop.esante.gouv.fr/ig/fhir/ror/history.html">Directory of published versions</a>
  .. 627 files checked, 627 updated
  .. 329 clones checked, 0 updated
Update publish box for version 0.2.0 @ https://interop.esante.gouv.fr/ig/fhir/ror/0.2.0
Publish Box Statement: This page is part of the Répertoire national de l’Offre et des Ressources en santé et accompagnement médico-social (v0.2.0: Release) based on <a no-external="true" href="http://hl7.org/fhir/R4">FHIR (HL7® FHIR® Standard) R4</a>. The current version which supersedes this version is <a no-external="true" href="https://interop.esante.gouv.fr/ig/fhir/ror{{fn}}">0.7.0</a>.  For a full list of available versions, see the <a no-external="true" href="https://interop.esante.gouv.fr/ig/fhir/ror/history.html">Directory of published versions</a>
  .. 621 files checked, 621 updated
  .. 308 clones checked, 0 updated
Update publish box for version 0.1.1 @ https://interop.esante.gouv.fr/ig/fhir/ror/0.1.1
Publish Box Statement: This page is part of the Répertoire national de l’Offre et des Ressources en santé et accompagnement médico-social (v0.1.1: Release) based on <a no-external="true" href="http://hl7.org/fhir/R4">FHIR (HL7® FHIR® Standard) R4</a>. The current version which supersedes this version is <a no-external="true" href="https://interop.esante.gouv.fr/ig/fhir/ror{{fn}}">0.7.0</a>.  For a full list of available versions, see the <a no-external="true" href="https://interop.esante.gouv.fr/ig/fhir/ror/history.html">Directory of published versions</a>
  .. 528 files checked, 528 updated
  .. 278 clones checked, 0 updated
Update publish box for version 0.1.0 @ https://interop.esante.gouv.fr/ig/fhir/ror/0.1.0
Publish Box Statement: This page is part of the Répertoire national de l’Offre et des Ressources en santé et accompagnement médico-social (v0.1.0: Release) based on <a no-external="true" href="http://hl7.org/fhir/R4">FHIR (HL7® FHIR® Standard) R4</a>. The current version which supersedes this version is <a no-external="true" href="https://interop.esante.gouv.fr/ig/fhir/ror{{fn}}">0.7.0</a>.  For a full list of available versions, see the <a no-external="true" href="https://interop.esante.gouv.fr/ig/fhir/ror/history.html">Directory of published versions</a>
  .. 533 files checked, 533 updated
  .. 169 clones checked, 0 updated
Publish Box Statement: This page is part of the Répertoire national de l’Offre et des Ressources en santé et accompagnement médico-social (v0.7.0: <a no-external="true" href="https://confluence.hl7.org/display/HL7/HL7+Balloting" title="Standard for Trial-Use">STU</a>1) based on <a no-external="true" href="http://hl7.org/fhir/R4">FHIR (HL7® FHIR® Standard) R4</a>. This is the current published version.  For a full list of available versions, see the <a no-external="true" href="https://interop.esante.gouv.fr/ig/fhir/ror/history.html">Directory of published versions</a>
  .. 811 files checked, 811 updated
  .. 227 clones checked, 454 updated
  .. 112 redirections (112 created/updated)
Check for Files to delete
  ... 0 files
Copy to new IG /tmp/web-root/run-20260429/ror
ans.fhir.fr.ror (https://interop.esante.gouv.fr/ig/fhir/ror): Répertoire national de l’Offre et des Ressources en santé et accompagnement médico-social @ https://ansforge.github.io/IG-fhir-repertoire-offre-ressources-sante/ig/main
  release: STU1 0.7.0/4.0.1 @ https://interop.esante.gouv.fr/ig/fhir/ror/0.7.0
Build is complete. Copy from /tmp/web-root/run-20260429
Update history page at /tmp/web-root/run-20260429/ror from /home/runner/work/IG-fhir-repertoire-offre-ressources-sante/IG-fhir-repertoire-offre-ressources-sante/./IG-website-release/fhir-ig-history-template and ./IG-website-release/templates
