FHIR IG Publisher Version 1.7.2 (Git# a53365dccbf0). Built 2024-11-12T22:35:14.748Z (23 hours old)
Detected Java version: 17.0.10 from /opt/hostedtoolcache/Java_Microsoft_jdk/17.0.10/x64 on amd64 (64bit). 3996MB available
dir = /home/runner/work/IG-fhir-medicosocial-transfert-donnees-dui/IG-fhir-medicosocial-transfert-donnees-dui, path = /opt/hostedtoolcache/Ruby/3.3.6/x64/bin:/usr/share/dotnet:/opt/hostedtoolcache/node/20.18.0/x64/bin:/opt/hostedtoolcache/Java_Microsoft_jdk/17.0.10/x64/bin:/snap/bin:/home/runner/.local/bin:/opt/pipx_bin:/home/runner/.cargo/bin:/home/runner/.config/composer/vendor/bin:/usr/local/.ghcup/bin:/home/runner/.dotnet/tools:/usr/local/sbin:/usr/local/bin:/usr/sbin:/usr/bin:/sbin:/bin:/usr/games:/usr/local/games:/snap/bin
Parameters: -go-publish -source ./igSource -web ./IG-website-release/www/ig/fhir -registry ./IG-website-release/ig-registry/fhir-ig-list.json -history ./IG-website-release/fhir-ig-history-template -templates ./IG-website-release/templates
---------------
Publication Run: publish ./igSource to ./IG-website-release/www/ig/fhir
Run Number: 54
Relative directory for IG is '/tddui'
===== Web Publication Run Details ===============================
 Source IG: ans.fhir.fr.tddui#1.1.0-ballot : https://interop.esante.gouv.fr/ig/fhir/tddui (R4) from ./igSource
All checks passed. Do the publication build from /home/runner/work/IG-fhir-medicosocial-transfert-donnees-dui/IG-fhir-medicosocial-transfert-donnees-dui/./igSource and publish to /tmp/web-root/run-20241113/tddui
Prepare Build space in /tmp/ans.fhir.fr.tddui#1.1.0-ballot
Build IG at /home/runner/work/IG-fhir-medicosocial-transfert-donnees-dui/IG-fhir-medicosocial-transfert-donnees-dui/./igSource: final copy suitable for publication (in /tmp/ans.fhir.fr.tddui#1.1.0-ballot)
FHIR IG Publisher Version 1.7.2 (Git# a53365dccbf0). Built 2024-11-12T22:35:14.748Z (23 hours old)  
Detected Java version: 17.0.10 from /opt/hostedtoolcache/Java_Microsoft_jdk/17.0.10/x64 on Linux/amd64 (64bit). 3996MB available
dir = /home/runner/work/IG-fhir-medicosocial-transfert-donnees-dui/IG-fhir-medicosocial-transfert-donnees-dui, path = /opt/hostedtoolcache/Ruby/3.3.6/x64/bin:/usr/share/dotnet:/opt/hostedtoolcache/node/20.18.0/x64/bin:/opt/hostedtoolcache/Java_Microsoft_jdk/17.0.10/x64/bin:/snap/bin:/home/runner/.local/bin:/opt/pipx_bin:/home/runner/.cargo/bin:/home/runner/.config/composer/vendor/bin:/usr/local/.ghcup/bin:/home/runner/.dotnet/tools:/usr/local/sbin:/usr/local/bin:/usr/sbin:/usr/bin:/sbin:/bin:/usr/games:/usr/local/games:/snap/bin
Parameters: -ig /tmp/ans.fhir.fr.tddui#1.1.0-ballot -resetTx -publish https://interop.esante.gouv.fr/ig/fhir/tddui/1.1.0-ballot -no-exit
Start Clock @ Wednesday, November 13, 2024 at 9:53:19 PM Coordinated Universal Time (2024-11-13T21:53:19Z)
                                                                                                    
Build FHIR IG from /tmp/ans.fhir.fr.tddui#1.1.0-ballot                                               (00:00.020 / 00:00.020, 39Mb)
Build Formal Publication package, intended for https://interop.esante.gouv.fr/ig/fhir/tddui/1.1.0-ballot (00:00.003 / 00:00.024, 39Mb)
API keys loaded from /home/runner/.fhir/fhir-settings.json                                           (00:00.001 / 00:00.025, 39Mb)
Package Cache: /home/runner/.fhir/packages                                                           (00:00.004 / 00:00.029, 39Mb)
Run Sushi on /tmp/ans.fhir.fr.tddui#1.1.0-ballot                                                     (00:00.002 / 00:00.031, 39Mb)
Sushi: info  Running SUSHI v3.12.1 (implements FHIR Shorthand specification v3.0.0)                  (00:00.671 / 00:00.703, 40Mb)
Sushi: info  Arguments:                                                                              (00:00.001 / 00:00.705, 40Mb)
Sushi: info    --require-latest                                                                      (00:00.001 / 00:00.707, 40Mb)
Sushi: info    --out /tmp/ans.fhir.fr.tddui#1.1.0-ballot                                             (00:00.001 / 00:00.708, 40Mb)
Sushi: info    /tmp/ans.fhir.fr.tddui#1.1.0-ballot                                                   (00:00.001 / 00:00.710, 40Mb)
Sushi: info  Using configuration file: /tmp/ans.fhir.fr.tddui#1.1.0-ballot/sushi-config.yaml         (00:00.526 / 00:01.236, 40Mb)
Sushi: info  Importing FSH text...                                                                   (00:00.103 / 00:01.340, 40Mb)
Sushi: info  Preprocessed 7 documents with 7 aliases.                                                (00:00.120 / 00:01.460, 40Mb)
Sushi: info  Imported 2 definitions and 6 instances.                                                 (00:00.013 / 00:01.474, 40Mb)
Sushi: info  Checking /home/runner/.fhir/packages for hl7.fhir.uv.tools#current...                   (00:00.001 / 00:01.475, 40Mb)
Sushi: info  Found hl7.fhir.uv.tools#current in /home/runner/.fhir/packages.                         (00:00.076 / 00:01.552, 40Mb)
Sushi: info  Loaded package hl7.fhir.uv.tools#current                                                (00:00.596 / 00:02.148, 40Mb)
Sushi: info  Checking /home/runner/.fhir/packages for hl7.terminology.r4#6.0.2...                    (00:00.752 / 00:02.900, 40Mb)
Sushi: info  Found hl7.terminology.r4#6.0.2 in /home/runner/.fhir/packages.                          (00:01.336 / 00:04.236, 40Mb)
Sushi: info  Loaded package hl7.terminology.r4#6.0.2                                                 (00:00.001 / 00:04.238, 40Mb)
Sushi: info  Checking /home/runner/.fhir/packages for hl7.fhir.uv.extensions.r4#5.1.0...             (00:00.160 / 00:04.398, 40Mb)
Sushi: info  Found hl7.fhir.uv.extensions.r4#5.1.0 in /home/runner/.fhir/packages.                   (00:00.528 / 00:04.926, 40Mb)
Sushi: info  Loaded package hl7.fhir.uv.extensions.r4#5.1.0                                          (00:00.001 / 00:04.928, 40Mb)
Sushi: info  Checking /home/runner/.fhir/packages for hl7.fhir.fr.core#2.1.0...                      (00:00.001 / 00:04.929, 40Mb)
Sushi: info  Found hl7.fhir.fr.core#2.1.0 in /home/runner/.fhir/packages.                            (00:00.482 / 00:05.412, 40Mb)
Sushi: info  Loaded package hl7.fhir.fr.core#2.1.0                                                   (00:00.001 / 00:05.413, 40Mb)
Sushi: info  Checking /home/runner/.fhir/packages for ans.fr.nos#1.4.0...                            (00:00.001 / 00:05.414, 40Mb)
Sushi: info  Found ans.fr.nos#1.4.0 in /home/runner/.fhir/packages.                                  (00:00.756 / 00:06.170, 40Mb)
Sushi: info  Loaded package ans.fr.nos#1.4.0                                                         (00:00.001 / 00:06.171, 40Mb)
Sushi: info  Checking /home/runner/.fhir/packages for hl7.fhir.r4.core#4.0.1...                      (00:00.000 / 00:06.172, 40Mb)
Sushi: info  Found hl7.fhir.r4.core#4.0.1 in /home/runner/.fhir/packages.                            (00:01.338 / 00:07.511, 40Mb)
Sushi: info  Loaded package hl7.fhir.r4.core#4.0.1                                                   (00:00.001 / 00:07.512, 40Mb)
Sushi: info  Converting FSH to FHIR resources...                                                     (00:00.040 / 00:07.553, 40Mb)
Sushi: info  Converted 2 FHIR StructureDefinitions.                                                  (00:00.340 / 00:07.893, 40Mb)
Sushi: info  Converted 6 FHIR instances.                                                             (00:00.208 / 00:08.102, 40Mb)
Sushi: info  Exporting FHIR resources as JSON...                                                     (00:00.001 / 00:08.103, 40Mb)
Sushi: info  Exported 6 FHIR resources as JSON.                                                      (00:00.010 / 00:08.114, 40Mb)
Sushi: info  Assembling Implementation Guide sources...                                              (00:00.001 / 00:08.115, 40Mb)
Sushi: info  Generated ImplementationGuide-ans.fhir.fr.tddui.json                                    (00:00.023 / 00:08.139, 40Mb)
Sushi: info  Assembled Implementation Guide sources; ready for IG Publisher.                         (00:00.001 / 00:08.140, 40Mb)
Sushi: ========================= SUSHI RESULTS ===========================                           (00:00.001 / 00:08.141, 40Mb)
Sushi: |  -------------------------------------------------------------  |                           (00:00.000 / 00:08.142, 40Mb)
Sushi: | |    Profiles   |  Extensions  |   Logicals   |   Resources   | |                           (00:00.001 / 00:08.143, 40Mb)
Sushi: | |-------------------------------------------------------------| |                           (00:00.001 / 00:08.144, 40Mb)
Sushi: | |       2       |      0       |      0       |       0       | |                           (00:00.001 / 00:08.145, 40Mb)
Sushi: |  -------------------------------------------------------------  |                           (00:00.001 / 00:08.146, 40Mb)
Sushi: |  -------------------------------------------------------------  |                           (00:00.001 / 00:08.148, 40Mb)
Sushi: | |      ValueSets     |    CodeSystems    |     Instances      | |                           (00:00.001 / 00:08.149, 40Mb)
Sushi: | |-------------------------------------------------------------| |                           (00:00.001 / 00:08.150, 40Mb)
Sushi: | |         0          |         0         |         6          | |                           (00:00.001 / 00:08.151, 40Mb)
Sushi: |  -------------------------------------------------------------  |                           (00:00.001 / 00:08.152, 40Mb)
Sushi: |                                                                 |                           (00:00.001 / 00:08.153, 41Mb)
Sushi: ===================================================================                           (00:00.001 / 00:08.154, 41Mb)
Sushi: | Cool and So-fish-ticated!              0 Errors      0 Warnings |                           (00:00.001 / 00:08.155, 41Mb)
Sushi: ===================================================================                           (00:00.001 / 00:08.156, 41Mb)
Unable to load IG as an r5 IG - try R4 (property code is a class com.google.gson.JsonPrimitive looking for an object) (00:00.514 / 00:08.670, 51Mb)
Load Template from https://github.com/ansforge/IG-template                                           (00:00.501 / 00:09.172, 19Mb)
 Load Template from fhir.base.template#current                                                       (00:01.701 / 00:10.874, 57Mb)

onLoad.findSpreadsheets:

onLoad.updateIg:
     [xslt] Processing /tmp/ans.fhir.fr.tddui#1.1.0-ballot/template/onLoad-ig-working.xml to /tmp/ans.fhir.fr.tddui#1.1.0-ballot/template/onLoad-ig-updated.xml
     [xslt] Loading stylesheet /tmp/ans.fhir.fr.tddui#1.1.0-ballot/template/scripts/onLoad.xslt

onLoad.extend:

onLoad:
Root directory: /tmp/ans.fhir.fr.tddui#1.1.0-ballot                                                  (00:03.505 / 00:14.380, 116Mb)
Terminology Cache is at /tmp/ans.fhir.fr.tddui#1.1.0-ballot/input-cache/txcache. Clearing now        (00:00.644 / 00:15.024, 134Mb)
Core Package hl7.fhir.r4.core#4.0.1
Unable to generate snapshot @2 for Definition from noname because Profile Definition (http://hl7.org/fhir/StructureDefinition/Definition) has no base and no snapshot
Unable to generate snapshot @2 for Event from noname because Profile Event (http://hl7.org/fhir/StructureDefinition/Event) has no base and no snapshot
Unable to generate snapshot @2 for FiveWs from noname because Profile FiveWs (http://hl7.org/fhir/StructureDefinition/FiveWs) has no base and no snapshot
Unable to generate snapshot @2 for Request from noname because Profile Request (http://hl7.org/fhir/StructureDefinition/Request) has no base and no snapshot
Running Terminology Log: /tmp/ohfu-fhir-ig-7527363757238405388.log
Connect to Terminology Server at http://tx.fhir.org                                                  (00:02.734 / 00:17.759, 380Mb)
Load Package hl7.fhir.pubpack#0.1.8
Load Package hl7.fhir.xver-extensions#0.1.0
Load Package hl7.terminology.r4#6.0.2
Load Package hl7.fhir.uv.extensions.r4#5.1.0
Load Package ans.fr.nos#1.3.0
Load Package hl7.fhir.fr.core#2.1.0
Load Package ans.fr.nos#1.4.0
Load Package hl7.fhir.uv.tools.r4#0.3.0
Load R5 Specials
Unable to generate snapshot @2 for Definition from noname because Profile Definition (http://hl7.org/fhir/StructureDefinition/Definition) has no base and no snapshot
Unable to generate snapshot @2 for Event from noname because Profile Event (http://hl7.org/fhir/StructureDefinition/Event) has no base and no snapshot
Unable to generate snapshot @2 for FiveWs from noname because Profile FiveWs (http://hl7.org/fhir/StructureDefinition/FiveWs) has no base and no snapshot
Unable to generate snapshot @2 for Request from noname because Profile Request (http://hl7.org/fhir/StructureDefinition/Request) has no base and no snapshot
Initialization complete                                                                              (00:05.352 / 00:23.111, 553Mb)
Load Content                                                                                         (00:00.001 / 00:23.112, 553Mb)
Using fr_FR as the default narrative language. (inferred from ImplementationGuide.jurisdiction=FR)   (00:00.067 / 00:23.179, 559Mb)
loadPrePages from FetchedFile[/tmp/ans.fhir.fr.tddui#1.1.0-ballot/fsh-generated/includes] as /tmp/ans.fhir.fr.tddui#1.1.0-ballot/fsh-generated/includes
loadPrePages from FetchedFile[/tmp/ans.fhir.fr.tddui#1.1.0-ballot/input/data] as /tmp/ans.fhir.fr.tddui#1.1.0-ballot/input/data
loadPrePages from FetchedFile[/tmp/ans.fhir.fr.tddui#1.1.0-ballot/input/pagecontent] as /tmp/ans.fhir.fr.tddui#1.1.0-ballot/input/pagecontent
Fetch https://interop.esante.gouv.fr/ig/fhir/tddui/package-list.json for version check               (00:00.326 / 00:23.506, 585Mb)
Processing Conformance Resources                                                                     (00:00.603 / 00:24.109, 586Mb)
Load Dependency Info                                                                                 (00:00.001 / 00:24.111, 586Mb)
Load Info                                                                                            (00:00.001 / 00:24.112, 586Mb)
Load Resources                                                                                       (00:00.001 / 00:24.113, 587Mb)
Load Paths                                                                                           (00:00.123 / 00:24.237, 601Mb)
Generating Snapshots                                                                                 (00:00.000 / 00:24.238, 601Mb)
Check R4 / R4B                                                                                       (00:00.181 / 00:24.420, 677Mb)
Assign Comparison Ids                                                                                (00:00.007 / 00:24.427, 678Mb)
Propagating status                                                                                   (00:00.000 / 00:24.428, 678Mb)
Generating Narratives                                                                                (00:00.000 / 00:24.428, 678Mb)
Validating Conformance Resources                                                                     (00:01.192 / 00:25.622, 435Mb)
Unable to generate snapshot @2 for Definition from noname because Profile Definition (http://hl7.org/fhir/StructureDefinition/Definition) has no base and no snapshot
Unable to generate snapshot @2 for Event from noname because Profile Event (http://hl7.org/fhir/StructureDefinition/Event) has no base and no snapshot
Unable to generate snapshot @2 for FiveWs from noname because Profile FiveWs (http://hl7.org/fhir/StructureDefinition/FiveWs) has no base and no snapshot
Unable to generate snapshot @2 for Request from noname because Profile Request (http://hl7.org/fhir/StructureDefinition/Request) has no base and no snapshot
Check profiles & code systems                                                                        (00:05.738 / 00:31.360, 863Mb)
Check realm rules                                                                                    (00:00.001 / 00:31.362, 863Mb)
Previous Version Comparison                                                                          (00:00.000 / 00:31.363, 863Mb)
Unable to generate snapshot @1 for Definition from noname because Profile Definition (http://hl7.org/fhir/StructureDefinition/Definition) has no base and no snapshot
Unable to generate snapshot @1 for Event from noname because Profile Event (http://hl7.org/fhir/StructureDefinition/Event) has no base and no snapshot
Unable to generate snapshot @1 for FiveWs from noname because Profile FiveWs (http://hl7.org/fhir/StructureDefinition/FiveWs) has no base and no snapshot
Unable to generate snapshot @1 for Request from noname because Profile Request (http://hl7.org/fhir/StructureDefinition/Request) has no base and no snapshot
Validating Resources                                                                                 (00:05.034 / 00:36.397, 1Gb)
Processing Provenance Records                                                                        (00:00.398 / 00:36.796, 1Gb)
Generating Outputs in /tmp/ans.fhir.fr.tddui#1.1.0-ballot/output                                     (00:00.001 / 00:36.797, 1Gb)
Generate Native Outputs                                                                              (00:00.096 / 00:36.894, 1Gb)
Run Template                                                                                         (00:01.151 / 00:38.045, 989Mb)

onGenerate.checkVersions:
     [xslt] Processing /tmp/ans.fhir.fr.tddui#1.1.0-ballot/template/onGenerate-ig-working.xml to /tmp/ans.fhir.fr.tddui#1.1.0-ballot/template/versions.txt
     [xslt] Loading stylesheet /tmp/ans.fhir.fr.tddui#1.1.0-ballot/template/scripts/onGenerate.getVersions.xslt

onGenerate.r5-schemas:
      [get] Getting: http://build.fhir.org/fhir-single.xsd
      [get] To: /tmp/ans.fhir.fr.tddui#1.1.0-ballot/input-cache/schemas/R5/fhir-single.xsd
      [get] Not modified - so not downloaded
      [get] Getting: http://build.fhir.org/fhir-xhtml.xsd
      [get] To: /tmp/ans.fhir.fr.tddui#1.1.0-ballot/input-cache/schemas/R5/fhir-xhtml.xsd
      [get] Not modified - so not downloaded
      [get] Getting: http://build.fhir.org/xml.xsd
      [get] To: /tmp/ans.fhir.fr.tddui#1.1.0-ballot/input-cache/schemas/R5/xml.xsd
      [get] Not modified - so not downloaded
      [get] Getting: http://build.fhir.org/xmldsig-core-schema.xsd
      [get] To: /tmp/ans.fhir.fr.tddui#1.1.0-ballot/input-cache/schemas/R5/xmldsig-core-schema.xsd
      [get] Not modified - so not downloaded

onGenerate.r4-schemas:
      [get] Getting: http://hl7.org/fhir/R4/fhir-single.xsd
      [get] To: /tmp/ans.fhir.fr.tddui#1.1.0-ballot/input-cache/schemas/R4/fhir-single.xsd
      [get] Not modified - so not downloaded
      [get] Getting: http://hl7.org/fhir/R4/fhir-xhtml.xsd
      [get] To: /tmp/ans.fhir.fr.tddui#1.1.0-ballot/input-cache/schemas/R4/fhir-xhtml.xsd
      [get] Not modified - so not downloaded
      [get] Getting: http://hl7.org/fhir/R4/xml.xsd
      [get] To: /tmp/ans.fhir.fr.tddui#1.1.0-ballot/input-cache/schemas/R4/xml.xsd
      [get] Not modified - so not downloaded
      [get] Getting: http://hl7.org/fhir/R4/xmldsig-core-schema.xsd
      [get] To: /tmp/ans.fhir.fr.tddui#1.1.0-ballot/input-cache/schemas/R4/xmldsig-core-schema.xsd
      [get] Not modified - so not downloaded

onGenerate.r3-schemas:

onGenerate.r2b-schemas:

onGenerate.r2-schemas:

onGenerate.schemas:

onGenerate.data:
     [xslt] Processing /tmp/ans.fhir.fr.tddui#1.1.0-ballot/template/onGenerate-ig-working.xml to /tmp/ans.fhir.fr.tddui#1.1.0-ballot/temp/pages/_data/artifacts.json
     [xslt] Loading stylesheet /tmp/ans.fhir.fr.tddui#1.1.0-ballot/template/scripts/onGenerate.data.xslt

onGenerate.setup:

onGenerate.infoFile:
     [xslt] Processing /tmp/ans.fhir.fr.tddui#1.1.0-ballot/template/onGenerate-ig-working.xml to /tmp/ans.fhir.fr.tddui#1.1.0-ballot/temp/pages/_data/info.json
     [xslt] Loading stylesheet /tmp/ans.fhir.fr.tddui#1.1.0-ballot/template/scripts/onGenerate.genJson.xslt

onGenerate.processIncludes:
     [copy] Copying 16 files to /tmp/ans.fhir.fr.tddui#1.1.0-ballot/temp/pages/_includes

onGenerate.processIg:
     [xslt] Processing /tmp/ans.fhir.fr.tddui#1.1.0-ballot/template/onGenerate-ig-working.xml to /tmp/ans.fhir.fr.tddui#1.1.0-ballot/template/onGenerate-ig-working.1.xml
     [xslt] Loading stylesheet /tmp/ans.fhir.fr.tddui#1.1.0-ballot/template/scripts/onGenerate.group.xslt
     [xslt] Processing /tmp/ans.fhir.fr.tddui#1.1.0-ballot/template/onGenerate-ig-working.1.xml to /tmp/ans.fhir.fr.tddui#1.1.0-ballot/template/onGenerate-ig-working.2.xml
     [xslt] Loading stylesheet /tmp/ans.fhir.fr.tddui#1.1.0-ballot/template/scripts/onGenerate.groupSort.xslt
     [xslt] Processing /tmp/ans.fhir.fr.tddui#1.1.0-ballot/template/onGenerate-ig-working.2.xml to /tmp/ans.fhir.fr.tddui#1.1.0-ballot/template/onGenerate-ig-updated.xml
     [xslt] Loading stylesheet /tmp/ans.fhir.fr.tddui#1.1.0-ballot/template/scripts/onGenerate.final.xslt

onGenerate.igQa:
     [xslt] Processing /tmp/ans.fhir.fr.tddui#1.1.0-ballot/template/onGenerate-ig-updated.xml to /tmp/ans.fhir.fr.tddui#1.1.0-ballot/template/ongenerate-validation-igqa.json
     [xslt] Loading stylesheet /tmp/ans.fhir.fr.tddui#1.1.0-ballot/template/scripts/onGenerate.qa.xslt

onGenerate.artifactList:
     [xslt] Processing /tmp/ans.fhir.fr.tddui#1.1.0-ballot/template/onGenerate-ig-updated.xml to /tmp/ans.fhir.fr.tddui#1.1.0-ballot/temp/pages/_includes/artifacts.xml
     [xslt] Loading stylesheet /tmp/ans.fhir.fr.tddui#1.1.0-ballot/template/scripts/createArtifactSummary.xslt

check-plantumlfiles:

onGenerate.plantUml.ig:

onGenerate.plantUml.template:

onGenerate.plantUml:

onGenerate.copyDataFiles:

onGenerate.extend:

onGenerate:
Template Done                                                                                        (00:03.251 / 00:41.297, 1Gb)
Generate HTML Outputs                                                                                (00:00.001 / 00:41.298, 1Gb)
ERROR StatusLogger Log4j2 could not find a logging implementation. Please add log4j-core to the classpath. Using SimpleLogger to log to the console...
Generate Summaries                                                                                   (00:03.988 / 00:45.287, 941Mb)
Generating Summary Outputs                                                                           (00:00.001 / 00:45.288, 941Mb)
DB Cumulative Time invested: 00:00:00.81
Sending Usage Stats to Server                                                                        (00:08.620 / 00:53.908, 1Gb)
## Memory (MB): Use = 1628, Free = 611, Total = 2240, Max = 3996                                     (00:00.004 / 00:53.913, 1Gb)
Reclaiming memory...                                                                                 (00:00.000 / 00:53.914, 1Gb)
## Memory (MB): Use = 994, Free = 1245, Total = 2240, Max = 3996                                     (00:00.477 / 00:54.391, 995Mb)
Run jekyll: jekyll build --destination "/tmp/ans.fhir.fr.tddui#1.1.0-ballot/output" (in folder /tmp/ans.fhir.fr.tddui#1.1.0-ballot/temp/pages) (00:00.001 / 00:54.393, 995Mb)
Troubleshooting Note: usual cases for Jekyll to fail are:                                            (00:00.001 / 00:54.394, 995Mb)
* A failure to produce a fragment that is already logged in the output above                         (00:00.001 / 00:54.395, 995Mb)
* A reference to a manually edited file that hasn't been provided                                    (00:00.000 / 00:54.396, 995Mb)
Jekyll: Source: /tmp/ans.fhir.fr.tddui#1.1.0-ballot/temp/pages                                       (00:00.474 / 00:54.871, 998Mb)
Jekyll: Generating...                                                                                (00:00.001 / 00:54.872, 998Mb)
Jekyll: done in 1.608 seconds.                                                                       (00:01.607 / 00:56.479, 998Mb)

Installing ans.fhir.fr.tddui#1.1.0-ballot
 done.
Checking Output HTML                                                                                 (00:00.950 / 00:57.430, 1Gb)
found 946 files                                                                                      (00:00.006 / 00:57.436, 1Gb)
.........................................
.........................................
  ... 946 html files, 0 pages invalid xhtml (0%)                                                     (00:03.715 / 01:01.151, 1Gb)
  ... 36413 links, 6 broken links (0%)                                                               (00:00.000 / 01:01.153, 1Gb)
Generate fragment-usage-analysis.csv                                                                 (00:00.000 / 01:01.153, 1Gb)
Build final .zip                                                                                     (00:00.006 / 01:01.160, 1Gb)
Final .zip built                                                                                     (00:01.462 / 01:02.623, 1Gb)
Built. Times: loading: 00:00.995, generate: 00:41.846, narrative generation: 00:01.192, realm-rules: 00:00.000, previous-version: 00:05.024, jekyll: 00:02.101, validation: 00:06.134 (#7), template: 00:03.250 (#3) (00:03.350 / 01:05.973, 1Gb)
Generating QA                                                                                        (00:00.001 / 01:05.974, 1Gb)
Internal error in location for message: 'Error @1, 1: Found / expecting a token name', loc = '/tmp/ans.fhir.fr.tddui#1.1.0-ballot/output/cda/TDDUI-html/terminology.html', err = 'The html source does not contain the publish box; this is recommended for publishing support'
Internal error in location for message: 'Error @1, 1: Found / expecting a token name', loc = '/tmp/ans.fhir.fr.tddui#1.1.0-ballot/output/cda/TDDUI-html/terminology.html#/html/head/script at Line', err = 'The <script> containing the javascript 'window.treeTableColl'... is illegal and not allowed on the H'
Internal error in location for message: 'Error @1, 1: Found / expecting a token name', loc = '/tmp/ans.fhir.fr.tddui#1.1.0-ballot/output/cda/TDDUI-html/terminology.html#/html/body/script at Line', err = 'The <script> containing the javascript '// Envoie la hauteur'... is illegal and not allowed on the H'
Internal error in location for message: 'Error @1, 1: Found / expecting a token name', loc = '/tmp/ans.fhir.fr.tddui#1.1.0-ballot/output/cda/TDDUI-html/tmp-1.2.250.1.213.1.1.1.1.10.10-2023-12-15', err = 'The <script> containing the javascript 'window.treeTableColl'... is illegal and not allowed on the H'
Internal error in location for message: 'Error @1, 1: Found / expecting a token name', loc = '/tmp/ans.fhir.fr.tddui#1.1.0-ballot/output/documentation.html#/html/body/div/div/div/div/div/script ', err = 'The <script> containing the javascript 'window.location.href'... is illegal and not allowed on the H'
Internal error in location for message: 'Error @1, 1: Found / expecting a token name', loc = '/tmp/ans.fhir.fr.tddui#1.1.0-ballot/output/site_ans.html#/html/body/div/div/div/div/div/script at Li', err = 'The <script> containing the javascript 'window.location.href'... is illegal and not allowed on the H'
Internal error in location for message: 'Error @1, 1: Found / expecting a token name', loc = '/tmp/ans.fhir.fr.tddui#1.1.0-ballot/output/specs_cda.html#/html/body/div/div/div/div/div/script at L', err = 'The <script> containing the javascript 'window.location.href'... is illegal and not allowed on the H'
Internal error in location for message: 'Error @1, 1: Found / expecting a token name', loc = '/tmp/ans.fhir.fr.tddui#1.1.0-ballot/output/specs_fhir.html#/html/body/div/div/div/div/div/script at ', err = 'The <script> containing the javascript 'window.location.href'... is illegal and not allowed on the H'
Internal error in location for message: 'Error @1, 1: Found / expecting a token name', loc = '/tmp/ans.fhir.fr.tddui#1.1.0-ballot/output/terminology_cda.html#/html/body/div/div/div/div/div/scrip', err = 'The <script> containing the javascript 'window.addEventListe'... is illegal and not allowed on the H'
Validation output in /tmp/ans.fhir.fr.tddui#1.1.0-ballot/output/qa.html
Errors: 0, Warnings: 32, Info: 16, Broken Links: 6 (00:00.537 / 01:06.511, 1Gb)
Finished. Max Memory Used = 1Gb. Log file saved in /tmp/fhir-ig-publisher-tmp.log                    (00:00.003 / 01:06.515, 1Gb)
Keep a copy of the build directory at /tmp/web-root/run-20241113/ig-build-zips/ans.fhir.fr.tddui#1.1.0-ballot.zip

ok. All checks passed. Publish v1.1.0-ballot to /tmp/web-root/run-20241113/tddui/1.1.0-ballot
Copy the IG to /tmp/web-root/run-20241113/tddui/1.1.0-ballot
Update /tmp/web-root/run-20241113/tddui/package-list.json
Publish Box Statement: This page is part of the Médicosocial - Transfert de données DUI (v1.1.0-ballot: Release) based on <a no-external="true" href="http://hl7.org/fhir/R4">FHIR (HL7® FHIR® Standard) R4</a>. The current version which supersedes this version is <a no-external="true" href="https://interop.esante.gouv.fr/ig/fhir/tddui{{fn}}">1.0.1</a>.  For a full list of available versions, see the <a no-external="true" href="https://interop.esante.gouv.fr/ig/fhir/tddui/history.html">Directory of published versions</a>
no html insert in /tmp/web-root/run-20241113/tddui/1.1.0-ballot/qa-txservers.html
no html insert in /tmp/web-root/run-20241113/tddui/1.1.0-ballot/cda/TDDUI-html/voc-1.2.250.1.213.3.3.16-2016-09-01T000000.html
no html insert in /tmp/web-root/run-20241113/tddui/1.1.0-ballot/cda/TDDUI-html/voc-1.2.250.1.213.1.1.5.467-2010-11-04T000000.html
no html insert in /tmp/web-root/run-20241113/tddui/1.1.0-ballot/cda/TDDUI-html/voc-1.2.250.1.213.1.1.5.73-2010-01-01T000000.html
no html insert in /tmp/web-root/run-20241113/tddui/1.1.0-ballot/cda/TDDUI-html/tmp-1.2.250.1.213.1.1.3.36-2024-10-29T154421.html
no html insert in /tmp/web-root/run-20241113/tddui/1.1.0-ballot/cda/TDDUI-html/voc-1.2.250.1.213.1.1.5.809-2024-09-18T000000.html
no html insert in /tmp/web-root/run-20241113/tddui/1.1.0-ballot/cda/TDDUI-html/tmp-1.2.250.1.213.1.1.2.249-2024-09-18T104731.html
no html insert in /tmp/web-root/run-20241113/tddui/1.1.0-ballot/cda/TDDUI-html/voc-1.2.250.1.213.1.1.5.124-2018-03-30T120000.html
no html insert in /tmp/web-root/run-20241113/tddui/1.1.0-ballot/cda/TDDUI-html/voc-1.2.250.1.213.1.1.5.718-2023-03-31T120000.html
no html insert in /tmp/web-root/run-20241113/tddui/1.1.0-ballot/cda/TDDUI-html/tmp-1.2.250.1.213.1.1.1.1.10.15-2023-12-15T171349.html
no html insert in /tmp/web-root/run-20241113/tddui/1.1.0-ballot/cda/TDDUI-html/voc-1.2.250.1.213.1.1.5.125-2010-01-01T000000.html
no html insert in /tmp/web-root/run-20241113/tddui/1.1.0-ballot/cda/TDDUI-html/tmp-1.2.250.1.213.1.1.3.109-2024-06-14T153411.html
no html insert in /tmp/web-root/run-20241113/tddui/1.1.0-ballot/cda/TDDUI-html/tmp-1.2.250.1.213.1.1.3.24-2024-09-10T092953.html
no html insert in /tmp/web-root/run-20241113/tddui/1.1.0-ballot/cda/TDDUI-html/voc-1.2.250.1.213.1.1.1.58.2024.11.2-2024-09-30T145837.html
no html insert in /tmp/web-root/run-20241113/tddui/1.1.0-ballot/cda/TDDUI-html/tmp-1.2.250.1.213.1.1.3.48.18-2024-09-17T093403.html
no html insert in /tmp/web-root/run-20241113/tddui/1.1.0-ballot/cda/TDDUI-html/tmp-1.2.250.1.213.1.1.3.48-2024-10-29T154828.html
no html insert in /tmp/web-root/run-20241113/tddui/1.1.0-ballot/cda/TDDUI-html/tmp-1.2.250.1.213.1.1.2.248-2024-09-06T174901.html
no html insert in /tmp/web-root/run-20241113/tddui/1.1.0-ballot/cda/TDDUI-html/tmp-1.2.250.1.213.1.1.3.18-2024-10-29T143105.html
no html insert in /tmp/web-root/run-20241113/tddui/1.1.0-ballot/cda/TDDUI-html/tmp-1.2.250.1.213.1.1.3.95-2024-10-16T152305.html
no html insert in /tmp/web-root/run-20241113/tddui/1.1.0-ballot/cda/TDDUI-html/tmp-1.2.250.1.213.1.1.1.1.10.17-2024-02-20T154733.html
no html insert in /tmp/web-root/run-20241113/tddui/1.1.0-ballot/cda/TDDUI-html/voc-2.16.840.1.113883.1.11.15933-2014-03-26T000000.html
no html insert in /tmp/web-root/run-20241113/tddui/1.1.0-ballot/cda/TDDUI-html/tmp-1.2.250.1.213.1.1.1.1.10.4-2023-12-15T171243.html
no html insert in /tmp/web-root/run-20241113/tddui/1.1.0-ballot/cda/TDDUI-html/voc-1.2.250.1.213.1.1.5.811-2024-09-24T000000.html
no html insert in /tmp/web-root/run-20241113/tddui/1.1.0-ballot/cda/TDDUI-html/tmp-1.2.250.1.213.1.1.1.1.10.6-2024-10-11T151018.html
no html insert in /tmp/web-root/run-20241113/tddui/1.1.0-ballot/cda/TDDUI-html/tmp-1.2.250.1.213.1.1.1.1.10.13-2023-12-15T171555.html
no html insert in /tmp/web-root/run-20241113/tddui/1.1.0-ballot/cda/TDDUI-html/voc-1.2.250.1.213.1.1.5.807-2024-09-18T000000.html
no html insert in /tmp/web-root/run-20241113/tddui/1.1.0-ballot/cda/TDDUI-html/voc-1.2.250.1.213.1.1.5.808-2024-09-18T000000.html
no html insert in /tmp/web-root/run-20241113/tddui/1.1.0-ballot/cda/TDDUI-html/tmp-1.2.250.1.213.1.1.1.1.10.5-2017-12-11T145049.html
no html insert in /tmp/web-root/run-20241113/tddui/1.1.0-ballot/cda/TDDUI-html/tmp-1.2.250.1.213.1.1.3.215-2024-10-18T170010.html
no html insert in /tmp/web-root/run-20241113/tddui/1.1.0-ballot/cda/TDDUI-html/terminology.html
no html insert in /tmp/web-root/run-20241113/tddui/1.1.0-ballot/cda/TDDUI-html/tmp-1.2.250.1.213.1.1.1.1.10.9-2023-12-14T150730.html
no html insert in /tmp/web-root/run-20241113/tddui/1.1.0-ballot/cda/TDDUI-html/voc-1.2.250.1.213.1.1.1.58.2024.11.1-2024-09-30T145433.html
no html insert in /tmp/web-root/run-20241113/tddui/1.1.0-ballot/cda/TDDUI-html/tmp-1.2.250.1.213.1.1.1.1.10.25-2024-09-30T105040.html
no html insert in /tmp/web-root/run-20241113/tddui/1.1.0-ballot/cda/TDDUI-html/tmp-1.2.250.1.213.1.1.3.25-2024-10-21T164618.html
no html insert in /tmp/web-root/run-20241113/tddui/1.1.0-ballot/cda/TDDUI-html/voc-1.2.250.1.213.1.1.5.140-2010-01-01T000000.html
no html insert in /tmp/web-root/run-20241113/tddui/1.1.0-ballot/cda/TDDUI-html/tmp-1.2.250.1.213.1.1.1.1.10.11-2024-10-22T162900.html
no html insert in /tmp/web-root/run-20241113/tddui/1.1.0-ballot/cda/TDDUI-html/tmp-1.2.250.1.213.1.1.1.58-2024-07-04T090407.html
no html insert in /tmp/web-root/run-20241113/tddui/1.1.0-ballot/cda/TDDUI-html/tmp-1.2.250.1.213.1.1.1.1.10.2-2023-12-15T171133.html
no html insert in /tmp/web-root/run-20241113/tddui/1.1.0-ballot/cda/TDDUI-html/voc-1.2.250.1.213.3.4.219-2024-09-27T120000.html
no html insert in /tmp/web-root/run-20241113/tddui/1.1.0-ballot/cda/TDDUI-html/voc-1.2.250.1.213.1.1.1.58.2024.11.3-2024-09-30T150022.html
no html insert in /tmp/web-root/run-20241113/tddui/1.1.0-ballot/cda/TDDUI-html/tmp-1.2.250.1.213.1.1.3.61-2024-10-29T142700.html
no html insert in /tmp/web-root/run-20241113/tddui/1.1.0-ballot/cda/TDDUI-html/tmp-1.2.250.1.213.1.1.1.1.10.19-2020-02-06T100000.html
no html insert in /tmp/web-root/run-20241113/tddui/1.1.0-ballot/cda/TDDUI-html/voc-2.16.840.1.113883.1.11.10228-2014-03-26T000000.html
no html insert in /tmp/web-root/run-20241113/tddui/1.1.0-ballot/cda/TDDUI-html/voc-1.2.250.1.213.1.1.5.590-2021-03-26T120000.html
no html insert in /tmp/web-root/run-20241113/tddui/1.1.0-ballot/cda/TDDUI-html/voc-1.2.250.1.213.1.1.5.802-2024-09-06T000000.html
no html insert in /tmp/web-root/run-20241113/tddui/1.1.0-ballot/cda/TDDUI-html/voc-1.2.250.1.213.1.1.5.803-2024-09-06T000000.html
no html insert in /tmp/web-root/run-20241113/tddui/1.1.0-ballot/cda/TDDUI-html/voc-1.2.250.1.213.1.1.5.591-2021-03-26T120000.html
no html insert in /tmp/web-root/run-20241113/tddui/1.1.0-ballot/cda/TDDUI-html/tmp-1.2.250.1.213.1.1.3.214-2024-10-21T172216.html
no html insert in /tmp/web-root/run-20241113/tddui/1.1.0-ballot/cda/TDDUI-html/tmp-1.2.250.1.213.1.1.3.32-2024-10-29T142132.html
no html insert in /tmp/web-root/run-20241113/tddui/1.1.0-ballot/cda/TDDUI-html/tmp-1.2.250.1.213.1.1.1.1.10.7-2024-09-27T104314.html
no html insert in /tmp/web-root/run-20241113/tddui/1.1.0-ballot/cda/TDDUI-html/tmp-1.2.250.1.213.1.1.1.1.10.14-2023-12-15T163609.html
no html insert in /tmp/web-root/run-20241113/tddui/1.1.0-ballot/cda/TDDUI-html/tmp-1.2.250.1.213.1.1.2.37-2024-10-29T141153.html
no html insert in /tmp/web-root/run-20241113/tddui/1.1.0-ballot/cda/TDDUI-html/voc-1.2.250.1.213.1.1.5.589-2021-03-26T120000.html
no html insert in /tmp/web-root/run-20241113/tddui/1.1.0-ballot/cda/TDDUI-html/voc-1.2.250.1.213.1.1.5.53-2010-01-01T000000.html
no html insert in /tmp/web-root/run-20241113/tddui/1.1.0-ballot/cda/TDDUI-html/voc-2.16.840.1.113883.1.11.10901-2014-03-26T000000.html
no html insert in /tmp/web-root/run-20241113/tddui/1.1.0-ballot/cda/TDDUI-html/voc-1.2.250.1.213.1.1.5.461-2012-11-12T000000.html
no html insert in /tmp/web-root/run-20241113/tddui/1.1.0-ballot/cda/TDDUI-html/voc-1.2.250.1.213.1.1.5.801-2024-09-02T000000.html
no html insert in /tmp/web-root/run-20241113/tddui/1.1.0-ballot/cda/TDDUI-html/tmp-1.2.250.1.213.1.1.3.48.6-2024-10-29T152050.html
no html insert in /tmp/web-root/run-20241113/tddui/1.1.0-ballot/cda/TDDUI-html/tmp-1.2.250.1.213.1.1.1.1.10.3-2024-04-29T110947.html
no html insert in /tmp/web-root/run-20241113/tddui/1.1.0-ballot/cda/TDDUI-html/tmp-1.2.250.1.213.1.1.1.1.10.16-2023-12-15T170436.html
no html insert in /tmp/web-root/run-20241113/tddui/1.1.0-ballot/cda/TDDUI-html/tmp-1.2.250.1.213.1.1.1.1.10.18-2024-04-22T162929.html
no html insert in /tmp/web-root/run-20241113/tddui/1.1.0-ballot/cda/TDDUI-html/voc-1.2.250.1.213.1.1.5.126-2010-01-01T000000.html
no html insert in /tmp/web-root/run-20241113/tddui/1.1.0-ballot/cda/TDDUI-html/tmp-1.2.250.1.213.1.1.1.1.10.10-2023-12-15T171520.html
no html insert in /tmp/web-root/run-20241113/tddui/1.1.0-ballot/cda/TDDUI-html/tmp-1.2.250.1.213.1.1.2.79-2024-10-29T140733.html
no html insert in /tmp/web-root/run-20241113/tddui/1.1.0-ballot/cda/TDDUI-html/voc-1.2.250.1.213.1.1.5.528-2021-01-29T120000.html
no html insert in /tmp/web-root/run-20241113/tddui/1.1.0-ballot/cda/TDDUI-html/tmp-1.2.250.1.213.1.1.2.246-2024-10-21T160707.html
no html insert in /tmp/web-root/run-20241113/tddui/1.1.0-ballot/cda/TDDUI-html/tmp-1.2.250.1.213.1.1.3.48.7-2024-10-21T174323.html
no html insert in /tmp/web-root/run-20241113/tddui/1.1.0-ballot/cda/TDDUI-html/tmp-1.2.250.1.213.1.1.3.219-2024-10-17T211142.html
no html insert in /tmp/web-root/run-20241113/tddui/1.1.0-ballot/cda/TDDUI-html/tmp-1.2.250.1.213.1.1.3.94-2024-10-29T152810.html
no html insert in /tmp/web-root/run-20241113/tddui/1.1.0-ballot/cda/TDDUI-html/tmp-1.2.250.1.213.1.1.1.99.99.10.85-2023-10-13T105059.html
no html insert in /tmp/web-root/run-20241113/tddui/1.1.0-ballot/cda/TDDUI-html/tmp-1.2.250.1.213.1.1.3.218-2024-09-17T165718.html
no html insert in /tmp/web-root/run-20241113/tddui/1.1.0-ballot/cda/TDDUI-html/voc-1.2.250.1.213.1.1.5.804-2024-09-06T000000.html
no html insert in /tmp/web-root/run-20241113/tddui/1.1.0-ballot/cda/TDDUI-html/voc-1.2.250.1.213.1.1.5.588-2021-03-26T120000.html
no html insert in /tmp/web-root/run-20241113/tddui/1.1.0-ballot/cda/TDDUI-html/tmp-1.2.250.1.213.1.1.1.1.10.12-2024-09-10T104919.html
no html insert in /tmp/web-root/run-20241113/tddui/1.1.0-ballot/cda/TDDUI-html/tmp-1.2.250.1.213.1.1.3.217-2024-09-06T142804.html
no html insert in /tmp/web-root/run-20241113/tddui/1.1.0-ballot/cda/TDDUI-html/tmp-1.2.250.1.213.1.1.3.216-2024-10-18T100433.html
no html insert in /tmp/web-root/run-20241113/tddui/1.1.0-ballot/cda/TDDUI-html/voc-1.2.250.1.213.1.1.5.719-2023-03-31T120000.html
no html insert in /tmp/web-root/run-20241113/tddui/1.1.0-ballot/cda/TDDUI-html/voc-1.2.250.1.213.1.6.1.168-2019-08-30T120000.html
no html insert in /tmp/web-root/run-20241113/tddui/1.1.0-ballot/cda/TDDUI-html/voc-1.2.250.1.213.1.1.5.466-2024-10-31T144004.html
  .. 74 files checked, 74 updated
  .. 47 clones checked, 90 updated
  .. 7 redirections (7 created/updated)
Update history page at /tmp/web-root/run-20241113/tddui from /home/runner/work/IG-fhir-medicosocial-transfert-donnees-dui/IG-fhir-medicosocial-transfert-donnees-dui/./IG-website-release/fhir-ig-history-template and ./IG-website-release/templates
Build is complete. Copy from /tmp/web-root/run-20241113
ans.fhir.fr.tddui (https://interop.esante.gouv.fr/ig/fhir/tddui): Médicosocial - Transfert de données DUI @ https://ansforge.github.io/IG-fhir-medicosocial-transfert-donnees-dui/ig/main
  release: for-comment 1.1.0-ballot/4.0.1 @ https://interop.esante.gouv.fr/ig/fhir/tddui/1.1.0-ballot
