FHIR IG Publisher Version 1.8.6 (Git# ee78712a9566). Built 2025-01-05T06:01:16.464Z (30 hours old)
Detected Java version: 17.0.10 from /opt/hostedtoolcache/Java_Microsoft_jdk/17.0.10/x64 on amd64 (64bit). 3998MB available
dir = /home/runner/work/IG-hl7v2-volet-trans-lps-doc-cda-courriel-mss/IG-hl7v2-volet-trans-lps-doc-cda-courriel-mss, path = /opt/hostedtoolcache/Ruby/3.3.6/x64/bin:/opt/hostedtoolcache/node/20.18.1/x64/bin:/opt/hostedtoolcache/Java_Microsoft_jdk/17.0.10/x64/bin:/snap/bin:/home/runner/.local/bin:/opt/pipx_bin:/home/runner/.cargo/bin:/home/runner/.config/composer/vendor/bin:/usr/local/.ghcup/bin:/home/runner/.dotnet/tools:/usr/local/sbin:/usr/local/bin:/usr/sbin:/usr/bin:/sbin:/bin:/usr/games:/usr/local/games:/snap/bin
Parameters: -go-publish -source ./igSource -web ./IG-website-release/www/ig/hl7v2 -registry ./IG-website-release/ig-registry/fhir-ig-list.json -history ./IG-website-release/fhir-ig-history-template -templates ./IG-website-release/templates
---------------
Publication Run: publish ./igSource to ./IG-website-release/www/ig/hl7v2
Run Number: 2
Relative directory for IG is '/trans-cda-mss'
===== Web Publication Run Details ===============================
 Source IG: ans.hl7v2.fr.trans-cda-mss#1.1.1 : https://interop.esante.gouv.fr/ig/hl7v2/trans-cda-mss (R4) from ./igSource
All checks passed. Do the publication build from /home/runner/work/IG-hl7v2-volet-trans-lps-doc-cda-courriel-mss/IG-hl7v2-volet-trans-lps-doc-cda-courriel-mss/./igSource and publish to /tmp/web-root/run-20250106/trans-cda-mss
Prepare Build space in /tmp/ans.hl7v2.fr.trans-cda-mss#1.1.1
Build IG at /home/runner/work/IG-hl7v2-volet-trans-lps-doc-cda-courriel-mss/IG-hl7v2-volet-trans-lps-doc-cda-courriel-mss/./igSource: final copy suitable for publication (in /tmp/ans.hl7v2.fr.trans-cda-mss#1.1.1)
FHIR IG Publisher Version 1.8.6 (Git# ee78712a9566). Built 2025-01-05T06:01:16.464Z (30 hours old)  
Detected Java version: 17.0.10 from /opt/hostedtoolcache/Java_Microsoft_jdk/17.0.10/x64 on Linux/amd64 (64bit). 3998MB available
dir = /home/runner/work/IG-hl7v2-volet-trans-lps-doc-cda-courriel-mss/IG-hl7v2-volet-trans-lps-doc-cda-courriel-mss, path = /opt/hostedtoolcache/Ruby/3.3.6/x64/bin:/opt/hostedtoolcache/node/20.18.1/x64/bin:/opt/hostedtoolcache/Java_Microsoft_jdk/17.0.10/x64/bin:/snap/bin:/home/runner/.local/bin:/opt/pipx_bin:/home/runner/.cargo/bin:/home/runner/.config/composer/vendor/bin:/usr/local/.ghcup/bin:/home/runner/.dotnet/tools:/usr/local/sbin:/usr/local/bin:/usr/sbin:/usr/bin:/sbin:/bin:/usr/games:/usr/local/games:/snap/bin
Parameters: -ig /tmp/ans.hl7v2.fr.trans-cda-mss#1.1.1 -resetTx -publish https://interop.esante.gouv.fr/ig/hl7v2/trans-cda-mss/1.1.1 -no-exit
Start Clock @ Monday, January 6, 2025 at 12:35:32 PM Coordinated Universal Time (2025-01-06T12:35:32Z)
                                                                                                    
Build FHIR IG from /tmp/ans.hl7v2.fr.trans-cda-mss#1.1.1                                             (00:00.026 / 00:00.027, 19Mb)
Build Formal Publication package, intended for https://interop.esante.gouv.fr/ig/hl7v2/trans-cda-mss/1.1.1 (00:00.002 / 00:00.029, 19Mb)
API keys loaded from /home/runner/.fhir/fhir-settings.json                                           (00:00.000 / 00:00.030, 19Mb)
Package Cache: /home/runner/.fhir/packages                                                           (00:00.003 / 00:00.034, 19Mb)
Unable to load IG as an r5 IG - try R4 (property code is a class com.google.gson.JsonPrimitive looking for an object) (00:00.450 / 00:00.485, 53Mb)
Load Template from https://github.com/ansforge/IG-template/tree/template-hl7v2-css                   (00:00.421 / 00:00.906, 34Mb)
 Load Template from fhir.base.template#current                                                       (00:01.255 / 00:02.162, 70Mb)
Root directory: /tmp/ans.hl7v2.fr.trans-cda-mss#1.1.1                                                (00:02.875 / 00:05.037, 93Mb)
Terminology Cache is at /tmp/ans.hl7v2.fr.trans-cda-mss#1.1.1/input-cache/txcache. Clearing now      (00:00.295 / 00:05.333, 106Mb)
Core Package hl7.fhir.r4.core#4.0.1
Running Terminology Log: /tmp/ohfu-fhir-ig-5431440257752529156.log
Connect to Terminology Server at http://tx.fhir.org                                                  (00:02.660 / 00:07.994, 272Mb)
Load Package hl7.fhir.pubpack#0.2.1
Load Package hl7.fhir.xver-extensions#0.1.0
Load Package hl7.terminology.r4#6.1.0
Load Package hl7.fhir.uv.extensions.r4#5.1.0
Load Package hl7.fhir.uv.tools.r4#0.3.0
Load R5 Specials
Initialization complete                                                                              (00:04.930 / 00:12.925, 328Mb)
Load Content                                                                                         (00:00.000 / 00:12.925, 328Mb)
Using fr_FR as the default narrative language. (inferred from ImplementationGuide.jurisdiction=FR)   (00:00.051 / 00:12.977, 333Mb)
loadPrePages from FetchedFile[/tmp/ans.hl7v2.fr.trans-cda-mss#1.1.1/fsh-generated/includes] as /tmp/ans.hl7v2.fr.trans-cda-mss#1.1.1/fsh-generated/includes
loadPrePages from FetchedFile[/tmp/ans.hl7v2.fr.trans-cda-mss#1.1.1/input/data] as /tmp/ans.hl7v2.fr.trans-cda-mss#1.1.1/input/data
loadPrePages from FetchedFile[/tmp/ans.hl7v2.fr.trans-cda-mss#1.1.1/input/pagecontent] as /tmp/ans.hl7v2.fr.trans-cda-mss#1.1.1/input/pagecontent
Fetch https://interop.esante.gouv.fr/ig/hl7v2/trans-cda-mss/package-list.json for version check      (00:00.081 / 00:13.059, 339Mb)
Checking Language                                                                                    (00:00.645 / 00:13.704, 340Mb)
Processing Conformance Resources                                                                     (00:00.000 / 00:13.705, 340Mb)
Load Dependency Info                                                                                 (00:00.000 / 00:13.706, 340Mb)
Load Info                                                                                            (00:00.001 / 00:13.707, 340Mb)
Load Resources                                                                                       (00:00.001 / 00:13.708, 341Mb)
Load Paths                                                                                           (00:00.035 / 00:13.743, 346Mb)
Generating Snapshots                                                                                 (00:00.000 / 00:13.744, 346Mb)
Check R4 / R4B                                                                                       (00:00.004 / 00:13.749, 346Mb)
Assign Comparison Ids                                                                                (00:00.005 / 00:13.754, 346Mb)
Propagating status                                                                                   (00:00.000 / 00:13.755, 346Mb)
Generating Narratives                                                                                (00:00.000 / 00:13.755, 346Mb)
Validating Conformance Resources                                                                     (00:00.220 / 00:13.976, 356Mb)
Check profiles & code systems                                                                        (00:01.516 / 00:15.492, 339Mb)
Check realm rules                                                                                    (00:00.000 / 00:15.493, 339Mb)
Previous Version Comparison                                                                          (00:00.000 / 00:15.494, 339Mb)
Validating Resources                                                                                 (00:00.006 / 00:15.501, 339Mb)
Processing Provenance Records                                                                        (00:00.000 / 00:15.501, 339Mb)
Generating Outputs in /tmp/ans.hl7v2.fr.trans-cda-mss#1.1.1/output                                   (00:00.000 / 00:15.502, 339Mb)
Generate Native Outputs                                                                              (00:00.080 / 00:15.582, 346Mb)
Run Template                                                                                         (00:00.055 / 00:15.638, 355Mb)
Generate HTML Outputs                                                                                (00:01.607 / 00:17.246, 395Mb)
Generate Summaries                                                                                   (00:00.095 / 00:17.341, 411Mb)
Generating Summary Outputs                                                                           (00:00.000 / 00:17.342, 411Mb)
DB Cumulative Time invested: 00:00:00.55
Sending Usage Stats to Server                                                                        (00:05.413 / 00:22.756, 798Mb)
## Memory (MB): Use = 798, Free = 625, Total = 1424, Max = 3998                                      (00:00.003 / 00:22.760, 799Mb)
Reclaiming memory...                                                                                 (00:00.000 / 00:22.760, 799Mb)
## Memory (MB): Use = 437, Free = 986, Total = 1424, Max = 3998                                      (00:00.240 / 00:23.001, 438Mb)
Run jekyll: jekyll build --destination "/tmp/ans.hl7v2.fr.trans-cda-mss#1.1.1/output" (in folder /tmp/ans.hl7v2.fr.trans-cda-mss#1.1.1/temp/pages) (00:00.005 / 00:23.006, 438Mb)
Troubleshooting Note: usual cases for Jekyll to fail are:                                            (00:00.004 / 00:23.010, 438Mb)
* A failure to produce a fragment that is already logged in the output above                         (00:00.003 / 00:23.014, 438Mb)
* A reference to a manually edited file that hasn't been provided                                    (00:00.000 / 00:23.014, 438Mb)
Jekyll: Source: /tmp/ans.hl7v2.fr.trans-cda-mss#1.1.1/temp/pages                                     (00:00.407 / 00:23.422, 442Mb)
Jekyll: Generating...                                                                                (00:00.000 / 00:23.422, 442Mb)
Jekyll: done in 0.496 seconds.                                                                       (00:00.495 / 00:23.918, 442Mb)

Installing ans.hl7v2.fr.trans-cda-mss#1.1.1
 done.
Checking Output HTML                                                                                 (00:00.535 / 00:24.454, 526Mb)
found 585 files                                                                                      (00:00.002 / 00:24.456, 526Mb)
.........................................
.........................................
  ... 585 html files, 0 pages invalid xhtml (0%)                                                     (00:00.455 / 00:24.912, 848Mb)
  ... 932 links, 1 broken links (0%)                                                                 (00:00.000 / 00:24.913, 848Mb)
Generate fragment-usage-analysis.csv                                                                 (00:00.000 / 00:24.914, 848Mb)
Build final .zip                                                                                     (00:00.005 / 00:24.919, 849Mb)
Final .zip built                                                                                     (00:00.499 / 00:25.419, 854Mb)
Built. Times: loading: 00:00.777, generate: 00:13.890, narrative generation: 00:00.219, validation: 00:01.515, realm-rules: 00:00.000, previous-version: 00:00.000, jekyll: 00:00.922, template: 00:01.607 (#3) (00:02.186 / 00:27.605, 1Gb)
Generating QA                                                                                        (00:00.001 / 00:27.607, 1Gb)
Validation output in /tmp/ans.hl7v2.fr.trans-cda-mss#1.1.1/output/qa.html
Errors: 1, Warnings: 4, Info: 0, Broken Links: 1 (00:00.107 / 00:27.714, 1Gb)
Finished. Max Memory Used = 1Gb. Log file saved in /tmp/fhir-ig-publisher-tmp.log                    (00:00.001 / 00:27.716, 1Gb)
Prepare Build space in /tmp/ans.hl7v2.fr.trans-cda-mss#1.1.1-milestone
Build IG at /home/runner/work/IG-hl7v2-volet-trans-lps-doc-cda-courriel-mss/IG-hl7v2-volet-trans-lps-doc-cda-courriel-mss/./igSource: final copy suitable for publication (in /tmp/ans.hl7v2.fr.trans-cda-mss#1.1.1-milestone) (milestone build)
FHIR IG Publisher Version 1.8.6 (Git# ee78712a9566). Built 2025-01-05T06:01:16.464Z (30 hours old)  
Detected Java version: 17.0.10 from /opt/hostedtoolcache/Java_Microsoft_jdk/17.0.10/x64 on Linux/amd64 (64bit). 3998MB available
dir = /home/runner/work/IG-hl7v2-volet-trans-lps-doc-cda-courriel-mss/IG-hl7v2-volet-trans-lps-doc-cda-courriel-mss, path = /opt/hostedtoolcache/Ruby/3.3.6/x64/bin:/opt/hostedtoolcache/node/20.18.1/x64/bin:/opt/hostedtoolcache/Java_Microsoft_jdk/17.0.10/x64/bin:/snap/bin:/home/runner/.local/bin:/opt/pipx_bin:/home/runner/.cargo/bin:/home/runner/.config/composer/vendor/bin:/usr/local/.ghcup/bin:/home/runner/.dotnet/tools:/usr/local/sbin:/usr/local/bin:/usr/sbin:/usr/bin:/sbin:/bin:/usr/games:/usr/local/games:/snap/bin
Parameters: -ig /tmp/ans.hl7v2.fr.trans-cda-mss#1.1.1-milestone -publish https://interop.esante.gouv.fr/ig/hl7v2/trans-cda-mss/1.1.1 -milestone -no-exit
Start Clock @ Monday, January 6, 2025 at 12:36:01 PM Coordinated Universal Time (2025-01-06T12:36:01Z)
                                                                                                    
Build FHIR IG from /tmp/ans.hl7v2.fr.trans-cda-mss#1.1.1-milestone                                   (00:00.004 / 00:00.004, 1Gb)
Build Formal Publication package, intended for https://interop.esante.gouv.fr/ig/hl7v2/trans-cda-mss/1.1.1 (00:00.000 / 00:00.004, 1Gb)
API keys loaded from /home/runner/.fhir/fhir-settings.json                                           (00:00.000 / 00:00.005, 1Gb)
Package Cache: /home/runner/.fhir/packages                                                           (00:00.000 / 00:00.005, 1Gb)
Unable to load IG as an r5 IG - try R4 (property code is a class com.google.gson.JsonPrimitive looking for an object) (00:00.004 / 00:00.010, 1Gb)
Load Template from https://github.com/ansforge/IG-template/tree/template-hl7v2-css                   (00:00.015 / 00:00.026, 1Gb)
 Load Template from fhir.base.template#current                                                       (00:00.673 / 00:00.699, 1Gb)
Root directory: /tmp/ans.hl7v2.fr.trans-cda-mss#1.1.1-milestone                                      (00:01.545 / 00:02.245, 630Mb)
Terminology Cache is at /tmp/ans.hl7v2.fr.trans-cda-mss#1.1.1-milestone/input-cache/txcache. 8 files in cache (00:00.279 / 00:02.524, 642Mb)
Core Package hl7.fhir.r4.core#4.0.1
Running Terminology Log: /tmp/ohfu-fhir-ig-9737028791832009318.log
Connect to Terminology Server at http://tx.fhir.org                                                  (00:01.430 / 00:03.955, 746Mb)
Load Package hl7.fhir.pubpack#0.2.1
Load Package hl7.fhir.xver-extensions#0.1.0
Load Package hl7.terminology.r4#6.1.0
Load Package hl7.fhir.uv.extensions.r4#5.1.0
Load Package hl7.fhir.uv.tools.r4#0.3.0
Load R5 Specials
Initialization complete                                                                              (00:03.871 / 00:07.827, 1Gb)
Load Content                                                                                         (00:00.000 / 00:07.827, 1Gb)
Using fr_FR as the default narrative language. (inferred from ImplementationGuide.jurisdiction=FR)   (00:00.014 / 00:07.841, 1Gb)
loadPrePages from FetchedFile[/tmp/ans.hl7v2.fr.trans-cda-mss#1.1.1-milestone/fsh-generated/includes] as /tmp/ans.hl7v2.fr.trans-cda-mss#1.1.1-milestone/fsh-generated/includes
loadPrePages from FetchedFile[/tmp/ans.hl7v2.fr.trans-cda-mss#1.1.1-milestone/input/data] as /tmp/ans.hl7v2.fr.trans-cda-mss#1.1.1-milestone/input/data
loadPrePages from FetchedFile[/tmp/ans.hl7v2.fr.trans-cda-mss#1.1.1-milestone/input/pagecontent] as /tmp/ans.hl7v2.fr.trans-cda-mss#1.1.1-milestone/input/pagecontent
Fetch https://interop.esante.gouv.fr/ig/hl7v2/trans-cda-mss/package-list.json for version check      (00:00.029 / 00:07.871, 1Gb)
Checking Language                                                                                    (00:00.315 / 00:08.187, 1Gb)
Processing Conformance Resources                                                                     (00:00.000 / 00:08.188, 1Gb)
Load Dependency Info                                                                                 (00:00.000 / 00:08.188, 1Gb)
Load Info                                                                                            (00:00.000 / 00:08.189, 1Gb)
Load Resources                                                                                       (00:00.000 / 00:08.190, 1Gb)
Load Paths                                                                                           (00:00.010 / 00:08.200, 1Gb)
Generating Snapshots                                                                                 (00:00.000 / 00:08.201, 1Gb)
Check R4 / R4B                                                                                       (00:00.001 / 00:08.202, 1Gb)
Assign Comparison Ids                                                                                (00:00.003 / 00:08.205, 1Gb)
Propagating status                                                                                   (00:00.000 / 00:08.206, 1Gb)
Generating Narratives                                                                                (00:00.000 / 00:08.206, 1Gb)
Validating Conformance Resources                                                                     (00:00.140 / 00:08.347, 1Gb)
Check profiles & code systems                                                                        (00:00.653 / 00:09.001, 770Mb)
Check realm rules                                                                                    (00:00.000 / 00:09.001, 770Mb)
Previous Version Comparison                                                                          (00:00.000 / 00:09.002, 770Mb)
Validating Resources                                                                                 (00:00.002 / 00:09.004, 770Mb)
Processing Provenance Records                                                                        (00:00.000 / 00:09.004, 770Mb)
Generating Outputs in /tmp/ans.hl7v2.fr.trans-cda-mss#1.1.1-milestone/output                         (00:00.000 / 00:09.005, 770Mb)
Generate Native Outputs                                                                              (00:00.067 / 00:09.072, 776Mb)
Run Template                                                                                         (00:00.033 / 00:09.106, 784Mb)
Generate HTML Outputs                                                                                (00:01.247 / 00:10.353, 820Mb)
Generate Summaries                                                                                   (00:00.034 / 00:10.388, 833Mb)
Generating Summary Outputs                                                                           (00:00.000 / 00:10.388, 833Mb)
DB Cumulative Time invested: 00:00:00.48
Sending Usage Stats to Server                                                                        (00:02.933 / 00:13.322, 783Mb)
## Memory (MB): Use = 783, Free = 976, Total = 1760, Max = 3998                                      (00:00.000 / 00:13.323, 783Mb)
Reclaiming memory...                                                                                 (00:00.000 / 00:13.323, 783Mb)
## Memory (MB): Use = 437, Free = 1042, Total = 1480, Max = 3998                                     (00:00.229 / 00:13.552, 438Mb)
Run jekyll: jekyll build --destination "/tmp/ans.hl7v2.fr.trans-cda-mss#1.1.1-milestone/output" (in folder /tmp/ans.hl7v2.fr.trans-cda-mss#1.1.1-milestone/temp/pages) (00:00.001 / 00:13.553, 438Mb)
Troubleshooting Note: usual cases for Jekyll to fail are:                                            (00:00.000 / 00:13.554, 438Mb)
* A failure to produce a fragment that is already logged in the output above                         (00:00.000 / 00:13.555, 438Mb)
* A reference to a manually edited file that hasn't been provided                                    (00:00.000 / 00:13.555, 438Mb)
Jekyll: Source: /tmp/ans.hl7v2.fr.trans-cda-mss#1.1.1-milestone/temp/pages                           (00:00.329 / 00:13.884, 440Mb)
Jekyll: Generating...                                                                                (00:00.000 / 00:13.885, 440Mb)
Jekyll: done in 0.463 seconds.                                                                       (00:00.462 / 00:14.348, 440Mb)

Installing ans.hl7v2.fr.trans-cda-mss#1.1.1
Checking Output HTML                                                                                 (00:00.053 / 00:14.402, 454Mb)
found 585 files                                                                                      (00:00.003 / 00:14.405, 454Mb)
.........................................
.........................................
  ... 585 html files, 0 pages invalid xhtml (0%)                                                     (00:00.386 / 00:14.791, 774Mb)
  ... 932 links, 1 broken links (0%)                                                                 (00:00.000 / 00:14.792, 775Mb)
Generate fragment-usage-analysis.csv                                                                 (00:00.000 / 00:14.792, 775Mb)
Build final .zip                                                                                     (00:00.006 / 00:14.799, 775Mb)
Final .zip built                                                                                     (00:00.465 / 00:15.264, 780Mb)
Built. Times: loading: 00:00.359, generate: 00:07.965, narrative generation: 00:00.140, validation: 00:00.653, realm-rules: 00:00.000, previous-version: 00:00.000, jekyll: 00:00.800, template: 00:01.247 (#3) (00:00.889 / 00:16.153, 1Gb)
Generating QA                                                                                        (00:00.000 / 00:16.154, 1Gb)
Validation output in /tmp/ans.hl7v2.fr.trans-cda-mss#1.1.1-milestone/output/qa.html
Errors: 1, Warnings: 4, Info: 0, Broken Links: 1 (00:00.046 / 00:16.201, 1Gb)
Finished. Max Memory Used = 1Gb. Log file saved in /tmp/fhir-ig-publisher-tmp.log                    (00:00.001 / 00:16.202, 1Gb)
Keep a copy of the build directory at /tmp/web-root/run-20250106/ig-build-zips/ans.hl7v2.fr.trans-cda-mss#1.1.1.zip

ok. All checks passed. Publish v1.1.1 to /tmp/web-root/run-20250106/trans-cda-mss/1.1.1
Copy the IG to /tmp/web-root/run-20250106/trans-cda-mss/1.1.1
Update /tmp/web-root/run-20250106/trans-cda-mss/package-list.json
Publish Box Statement: This page is part of the [CI-SIS]Volet transmission au LPS d'un document CDA provenant d'un courriel MSSanté (v1.1.1: Publications) based on <a no-external="true" href="http://hl7.org/fhir/R4">FHIR (HL7® FHIR® Standard) R4</a>. This is the current published version in its permanent home (it will always be available at this URL).  For a full list of available versions, see the <a no-external="true" href="https://interop.esante.gouv.fr/ig/hl7v2/trans-cda-mss/history.html">Directory of published versions</a>
no html insert in /tmp/web-root/run-20250106/trans-cda-mss/1.1.1/qa-txservers.html
  .. 15 files checked, 15 updated
  .. 5 clones checked, 10 updated
  .. 1 redirections (1 created/updated)
This is a milestone release - publish v1.1.1 to /tmp/web-root/run-20250106/trans-cda-mss
Publish Box Statement: This page is part of the [CI-SIS]Volet transmission au LPS d'un document CDA provenant d'un courriel MSSanté (v1.1.1: Publications) based on <a no-external="true" href="http://hl7.org/fhir/R4">FHIR (HL7® FHIR® Standard) R4</a>. This is the current published version.  For a full list of available versions, see the <a no-external="true" href="https://interop.esante.gouv.fr/ig/hl7v2/trans-cda-mss/history.html">Directory of published versions</a>
no html insert in /tmp/ans.hl7v2.fr.trans-cda-mss#1.1.1-milestone/output/qa-txservers.html
  .. 15 files checked, 15 updated
  .. 5 clones checked, 10 updated
  .. 1 redirections (1 created/updated)
Check for Files to delete
  ... 0 files
Copy to new IG to /tmp/web-root/run-20250106/trans-cda-mss
Update history page at /tmp/web-root/run-20250106/trans-cda-mss from /home/runner/work/IG-hl7v2-volet-trans-lps-doc-cda-courriel-mss/IG-hl7v2-volet-trans-lps-doc-cda-courriel-mss/./IG-website-release/fhir-ig-history-template and ./IG-website-release/templates
Build is complete. Copy from /tmp/web-root/run-20250106
ans.hl7v2.fr.trans-cda-mss (https://interop.esante.gouv.fr/ig/hl7v2/trans-cda-mss): [CI-SIS]Volet transmission au LPS d'un document CDA provenant d'un courriel MSSanté @ https://ansforge.github.io/IG-hl7v2-volet-trans-lps-doc-cda-courriel-mss/main/ig
  release: Publications 1.1.1/4.0.1 @ https://interop.esante.gouv.fr/ig/hl7v2/trans-cda-mss/1.1.1
