FHIR IG Publisher Version 2.2.3 (Git# 9fbfd237b428). Built 2026-03-25T01:02:17.811Z (37 hours old)
Detected Java version: 17.0.10 from /opt/hostedtoolcache/Java_Microsoft_jdk/17.0.10/x64 on amd64 (64bit). 3998MB available
dir = /home/runner/work/interop-ig-hl7v2-teleradiologie/interop-ig-hl7v2-teleradiologie, path = /opt/hostedtoolcache/Ruby/3.3.11/x64/bin:/usr/share/dotnet:/opt/hostedtoolcache/node/20.20.1/x64/bin:/opt/hostedtoolcache/Java_Microsoft_jdk/17.0.10/x64/bin:/snap/bin:/home/runner/.local/bin:/opt/pipx_bin:/home/runner/.cargo/bin:/home/runner/.config/composer/vendor/bin:/usr/local/.ghcup/bin:/home/runner/.dotnet/tools:/usr/local/sbin:/usr/local/bin:/usr/sbin:/usr/bin:/sbin:/bin:/usr/games:/usr/local/games:/snap/bin
Parameters: -go-publish -source ./igSource -web ./IG-website-release/www/ig/hl7v2 -registry ./IG-website-release/ig-registry/fhir-ig-list.json -history ./IG-website-release/fhir-ig-history-template -templates ./IG-website-release/templates
---------------
Publication Run: publish ./igSource to ./IG-website-release/www/ig/hl7v2
Relative directory for IG is '/teleradiologie'
===== Web Publication Run Details ===============================
 Source IG: ans.hl7v2.fr.teleradiologie#0.1.0 : https://interop.esante.gouv.fr/ig/hl7v2/teleradiologie (R4) from ./igSource
All checks passed. Do the publication build from /home/runner/work/interop-ig-hl7v2-teleradiologie/interop-ig-hl7v2-teleradiologie/./igSource and publish to /tmp/web-root/run-20260326/teleradiologie
Prepare Build space in /tmp/ig-builds/ans.hl7v2.fr.teleradiologie#0.1.0
Build IG at /home/runner/work/interop-ig-hl7v2-teleradiologie/interop-ig-hl7v2-teleradiologie/./igSource: final copy suitable for publication (in /tmp/ig-builds/ans.hl7v2.fr.teleradiologie#0.1.0)
FHIR IG Publisher Version 2.2.3 (Git# 9fbfd237b428). Built 2026-03-25T01:02:17.811Z (37 hours old)  
Detected Java version: 17.0.10 from /opt/hostedtoolcache/Java_Microsoft_jdk/17.0.10/x64 on Linux/amd64 (64bit). 3998MB available
dir = /home/runner/work/interop-ig-hl7v2-teleradiologie/interop-ig-hl7v2-teleradiologie, path = /opt/hostedtoolcache/Ruby/3.3.11/x64/bin:/usr/share/dotnet:/opt/hostedtoolcache/node/20.20.1/x64/bin:/opt/hostedtoolcache/Java_Microsoft_jdk/17.0.10/x64/bin:/snap/bin:/home/runner/.local/bin:/opt/pipx_bin:/home/runner/.cargo/bin:/home/runner/.config/composer/vendor/bin:/usr/local/.ghcup/bin:/home/runner/.dotnet/tools:/usr/local/sbin:/usr/local/bin:/usr/sbin:/usr/bin:/sbin:/bin:/usr/games:/usr/local/games:/snap/bin
Parameters: -publish https://interop.esante.gouv.fr/ig/hl7v2/teleradiologie/0.1.0 -no-exit -ig /tmp/ig-builds/ans.hl7v2.fr.teleradiologie#0.1.0 -resetTx
Character encoding = UTF-8 / UTF-8                                                                  
Start Clock @ Thursday, March 26, 2026 at 2:12:46 PM Coordinated Universal Time (2026-03-26T14:12:46Z)
                                                                                                    
Build FHIR IG from /tmp/ig-builds/ans.hl7v2.fr.teleradiologie#0.1.0                                  (00:00.019 / 00:00.020, 32Mb)
Build Formal Publication package, intended for https://interop.esante.gouv.fr/ig/hl7v2/teleradiologie/0.1.0 (00:00.002 / 00:00.022, 32Mb)
API keys loaded from /home/runner/.fhir/fhir-settings.json                                           (00:00.000 / 00:00.022, 32Mb)
Package Cache: /home/runner/.fhir/packages                                                           (00:00.003 / 00:00.026, 32Mb)
Root directory: /tmp/ig-builds/ans.hl7v2.fr.teleradiologie#0.1.0                                     (00:00.003 / 00:00.029, 32Mb)
Unable to load IG as an r5 IG - try R4 (property code is a class com.google.gson.JsonPrimitive looking for an object) (00:00.440 / 00:00.469, 55Mb)
Load Template from https://github.com/ansforge/IG-template/tree/template-hl7v2-css                   (00:00.425 / 00:00.894, 27Mb)
 Load Template from fhir.base.template#current                                                       (00:01.542 / 00:02.436, 85Mb)
[33mThis content depends on fhir.base.template which is no longer considered secure to use
[0;39m[33mSee Security notification at https://www.fhir.org/guides/security-notices/2026-03-npm-dependencies.html
[0;39mScanning directory: /tmp/ig-builds/ans.hl7v2.fr.teleradiologie#0.1.0/template
======================================================================
Terminology Cache is at /tmp/ig-builds/ans.hl7v2.fr.teleradiologie#0.1.0/input-cache/txcache. Clearing now (00:02.900 / 00:05.337, 96Mb)
Core Package hl7.fhir.r4.core#4.0.1                                                                  (00:00.001 / 00:05.338, 96Mb)
Running Terminology Log: /tmp/ohfu-fhir-ig-2164584953279624704.html
Connect to Terminology Server at http://tx.fhir.org                                                  (00:03.620 / 00:08.958, 301Mb)
[39mLoad Package hl7.fhir.pubpack#0.2.4
[0;39m[39mLoad Package hl7.fhir.xver-extensions#0.1.0
[0;39m[39mLoad Package hl7.terminology.r4#7.1.0
[0;39m[39mLoad Package hl7.fhir.uv.extensions.r4#5.2.0
[0;39m[39mLoad Package hl7.fhir.uv.tools.r4#1.1.2
[0;39mLoad R5 Specials
Initialization complete                                                                              (00:05.297 / 00:14.255, 648Mb)
Load IG                                                                                              (00:00.000 / 00:14.255, 648Mb)
Load Content                                                                                         (00:00.002 / 00:14.258, 648Mb)
Using fr_FR as the default narrative language. (inferred from ImplementationGuide.jurisdiction=FR)   (00:00.025 / 00:14.284, 653Mb)
Process Loaded Resources                                                                             (00:00.027 / 00:14.311, 655Mb)
Generating Snapshots                                                                                 (00:00.014 / 00:14.326, 660Mb)

Signing Certificate: RSA key for Subject: OU=IG Publisher, L=Ann Arbor, CN=hl7.org, O=HL7, ST=Missouri, C=us from: OU=IG Publisher, L=Ann Arbor, CN=hl7.org, O=HL7, ST=Missouri, C=us
Fetch https://interop.esante.gouv.fr/ig/hl7v2/teleradiologie/package-list.json for version check     (00:00.131 / 00:14.457, 667Mb)
Checking Language                                                                                    (00:00.827 / 00:15.284, 668Mb)
Load Dependency Info                                                                                 (00:00.002 / 00:15.286, 668Mb)
Load Info                                                                                            (00:00.000 / 00:15.287, 668Mb)
Load Paths                                                                                           (00:00.000 / 00:15.288, 669Mb)
Check R4 / R4B                                                                                       (00:00.000 / 00:15.288, 669Mb)
Assign Comparison Ids                                                                                (00:00.016 / 00:15.304, 671Mb)
Propagating status                                                                                   (00:00.000 / 00:15.305, 671Mb)
Generating Narratives                                                                                (00:00.000 / 00:15.305, 671Mb)
Validating Conformance Resources                                                                     (00:00.066 / 00:15.372, 680Mb)
Check profiles & code systems                                                                        (00:06.211 / 00:21.583, 481Mb)
Check realm rules                                                                                    (00:00.000 / 00:21.583, 481Mb)
Previous Version Comparison                                                                          (00:00.000 / 00:21.583, 481Mb)
Checking for Bundles to sign                                                                         (00:00.006 / 00:21.590, 481Mb)
Validating Resources                                                                                 (00:00.000 / 00:21.590, 481Mb)
Processing Provenance Records                                                                        (00:00.000 / 00:21.591, 481Mb)
Generating Outputs in /tmp/ig-builds/ans.hl7v2.fr.teleradiologie#0.1.0/output                        (00:00.000 / 00:21.591, 481Mb)
Generate Native Outputs                                                                              (00:00.157 / 00:21.749, 496Mb)
Run Template                                                                                         (00:00.386 / 00:22.135, 591Mb)
Generate HTML Outputs                                                                                (00:01.809 / 00:23.944, 632Mb)
Generate Spreadsheets                                                                                (00:00.115 / 00:24.060, 654Mb)
Generate Summaries                                                                                   (00:00.000 / 00:24.061, 654Mb)
Generating Summary Outputs                                                                           (00:00.000 / 00:24.061, 654Mb)
DB Cumulative Time invested: 00:00:00.38
Sending Usage Stats to Server                                                                        (00:01.999 / 00:26.061, 559Mb)
## Memory (MB): Use = 559, Free = 286, Total = 846, Max = 3998                                       (00:00.003 / 00:26.064, 560Mb)
Reclaiming memory...                                                                                 (00:00.001 / 00:26.066, 560Mb)
## Memory (MB): Use = 353, Free = 492, Total = 846, Max = 3998                                       (00:00.250 / 00:26.317, 354Mb)
Run jekyll: jekyll build --destination "/tmp/ig-builds/ans.hl7v2.fr.teleradiologie#0.1.0/output" (in folder /tmp/ig-builds/ans.hl7v2.fr.teleradiologie#0.1.0/temp/pages) (00:00.015 / 00:26.332, 355Mb)
Troubleshooting Note: usual cases for Jekyll to fail are:                                            (00:00.007 / 00:26.339, 355Mb)
* A failure to produce a fragment that is already logged in the output above                         (00:00.000 / 00:26.340, 355Mb)
* A reference to a manually edited file that hasn't been provided                                    (00:00.000 / 00:26.340, 355Mb)
Jekyll: Source: /tmp/ig-builds/ans.hl7v2.fr.teleradiologie#0.1.0/temp/pages                          (00:01.563 / 00:27.904, 360Mb)
Jekyll: Generating...                                                                                (00:00.000 / 00:27.904, 360Mb)
Jekyll: done in 0.768 seconds.                                                                       (00:00.767 / 00:28.672, 360Mb)
Generating combined package                                                                          (00:00.421 / 00:29.094, 423Mb)
[39mProducing Output Package in /tmp/ig-builds/ans.hl7v2.fr.teleradiologie#0.1.0/output/package-combined.tgz
[0;39m[39mDone
[0;39m[39m
[0;39m[39mInstalling ans.hl7v2.fr.teleradiologie#0.1.0
[0;39m[39m done.
[0;39m[39m loaded @ /home/runner/.fhir/packages/ans.hl7v2.fr.teleradiologie#0.1.0
[0;39mChecking Output HTML                                                                                 (00:00.098 / 00:29.192, 435Mb)
Processed /tmp/ig-builds/ans.hl7v2.fr.teleradiologie#0.1.0/output - % reduction = 60 (773273 ==> 314783)
found 631 files                                                                                      (00:00.183 / 00:29.376, 527Mb)
..........................................
..........................................
  ... 631 html files, 0 pages invalid xhtml (0%)                                                     (00:01.212 / 00:30.588, 402Mb)
  ... 1167 links, 3 broken links (0%)                                                                (00:00.000 / 00:30.589, 402Mb)
Generate fragment-usage-analysis.csv                                                                 (00:00.000 / 00:30.589, 402Mb)
Build final .zip                                                                                     (00:00.017 / 00:30.607, 403Mb)
Final .zip built                                                                                     (00:00.519 / 00:31.127, 420Mb)
Built. Times: loading: 00:01.026, generate: 00:17.187, narrative generation: 00:00.066, validation: 00:06.209, realm-rules: 00:00.000, previous-version: 00:00.000, jekyll: 00:02.358, template: 00:01.808 (#3) (00:01.345 / 00:32.473, 510Mb)
Generating QA                                                                                        (00:00.000 / 00:32.473, 510Mb)
Internal error in location for message: 'Error @1, 2: Found / expecting a token name', loc = '/tmp/ig-builds/ans.hl7v2.fr.teleradiologie#0.1.0/output/searchform.html#/html/body/div/div/div/a/img', err = 'The <script> containing the javascript '$( document ).ready('... is illegal and not allowed on the H'
Validation output in /tmp/ig-builds/ans.hl7v2.fr.teleradiologie#0.1.0/output/qa.html
Errors: 1, Warnings: 4, Info: 1, Broken Links: 3 (00:00.101 / 00:32.575, 528Mb)
Finished @ 26/03/2026 14:13. Max Memory Used = 680Mb. Log file saved in /tmp/fhir-ig-publisher-tmp.log (00:00.012 / 00:32.587, 529Mb)
Keep a copy of the build directory at /tmp/web-root/run-20260326/ig-build-zips/ans.hl7v2.fr.teleradiologie#0.1.0.zip

ok. All checks passed. Publish v0.1.0 to /tmp/web-root/run-20260326/teleradiologie/0.1.0
Copy the IG to /tmp/web-root/run-20260326/teleradiologie/0.1.0
Update /tmp/web-root/run-20260326/teleradiologie/package-list.json
Publish Box Statement: This page is part of the Volet Téléradiologie (v0.1.0: <a data-no-external="true" href="https://confluence.hl7.org/display/HL7/HL7+Balloting" title="Standard for Trial-Use">STU</a>1 Draft) based on <a data-no-external="true" href="http://hl7.org/fhir/R4">FHIR (HL7® FHIR® Standard) R4</a>. This version is a pre-release. The current official version is <a data-no-external="true" href="https://interop.esante.gouv.fr/ig/hl7v2/teleradiologie{{fn}}">0.1.0-ballot</a>.  For a full list of available versions, see the <a data-no-external="true" href="https://interop.esante.gouv.fr/ig/hl7v2/teleradiologie/history.html">Directory of published versions</a>
  .. 16 files checked, 16 updated
  .. 5 clones checked, 10 updated
  .. 1 redirections (1 created/updated)
ans.hl7v2.fr.teleradiologie (https://interop.esante.gouv.fr/ig/hl7v2/teleradiologie): Volet Téléradiologie @ https://ansforge.github.io/interop-ig-hl7v2-teleradiologie/main/ig
  candidate: STU1 Draft 0.1.0/4.0.1 @ https://interop.esante.gouv.fr/ig/hl7v2/teleradiologie/0.1.0
Build is complete. Copy from /tmp/web-root/run-20260326
Update history page at /tmp/web-root/run-20260326/teleradiologie from /home/runner/work/interop-ig-hl7v2-teleradiologie/interop-ig-hl7v2-teleradiologie/./IG-website-release/fhir-ig-history-template and ./IG-website-release/templates
