FHIR IG Publisher Version 1.8.16 (Git# ce6ad8cdef90). Built 2025-03-04T05:25:22.221Z (6 hours old)
Detected Java version: 17.0.10 from /opt/hostedtoolcache/Java_Microsoft_jdk/17.0.10/x64 on amd64 (64bit). 3998MB available
dir = /home/runner/work/IG-hl7v2-volet-trans-lps-doc-cda-courriel-mss/IG-hl7v2-volet-trans-lps-doc-cda-courriel-mss, path = /opt/hostedtoolcache/Ruby/3.3.7/x64/bin:/opt/hostedtoolcache/node/20.18.3/x64/bin:/opt/hostedtoolcache/Java_Microsoft_jdk/17.0.10/x64/bin:/snap/bin:/home/runner/.local/bin:/opt/pipx_bin:/home/runner/.cargo/bin:/home/runner/.config/composer/vendor/bin:/usr/local/.ghcup/bin:/home/runner/.dotnet/tools:/usr/local/sbin:/usr/local/bin:/usr/sbin:/usr/bin:/sbin:/bin:/usr/games:/usr/local/games:/snap/bin
Parameters: -go-publish -source ./igSource -web ./IG-website-release/www/ig/hl7v2 -registry ./IG-website-release/ig-registry/fhir-ig-list.json -history ./IG-website-release/fhir-ig-history-template -templates ./IG-website-release/templates
---------------
Publication Run: publish ./igSource to ./IG-website-release/www/ig/hl7v2
Relative directory for IG is '/trans-cda-mss'
===== Web Publication Run Details ===============================
 Source IG: ans.hl7v2.fr.trans-cda-mss#1.1.2 : https://interop.esante.gouv.fr/ig/hl7v2/trans-cda-mss (R4) from ./igSource
All checks passed. Do the publication build from /home/runner/work/IG-hl7v2-volet-trans-lps-doc-cda-courriel-mss/IG-hl7v2-volet-trans-lps-doc-cda-courriel-mss/./igSource and publish to /tmp/web-root/run-20250304/trans-cda-mss
Prepare Build space in /tmp/ans.hl7v2.fr.trans-cda-mss#1.1.2
Build IG at /home/runner/work/IG-hl7v2-volet-trans-lps-doc-cda-courriel-mss/IG-hl7v2-volet-trans-lps-doc-cda-courriel-mss/./igSource: final copy suitable for publication (in /tmp/ans.hl7v2.fr.trans-cda-mss#1.1.2)
FHIR IG Publisher Version 1.8.16 (Git# ce6ad8cdef90). Built 2025-03-04T05:25:22.221Z (6 hours old)  
Detected Java version: 17.0.10 from /opt/hostedtoolcache/Java_Microsoft_jdk/17.0.10/x64 on Linux/amd64 (64bit). 3998MB available
dir = /home/runner/work/IG-hl7v2-volet-trans-lps-doc-cda-courriel-mss/IG-hl7v2-volet-trans-lps-doc-cda-courriel-mss, path = /opt/hostedtoolcache/Ruby/3.3.7/x64/bin:/opt/hostedtoolcache/node/20.18.3/x64/bin:/opt/hostedtoolcache/Java_Microsoft_jdk/17.0.10/x64/bin:/snap/bin:/home/runner/.local/bin:/opt/pipx_bin:/home/runner/.cargo/bin:/home/runner/.config/composer/vendor/bin:/usr/local/.ghcup/bin:/home/runner/.dotnet/tools:/usr/local/sbin:/usr/local/bin:/usr/sbin:/usr/bin:/sbin:/bin:/usr/games:/usr/local/games:/snap/bin
Parameters: -ig /tmp/ans.hl7v2.fr.trans-cda-mss#1.1.2 -resetTx -publish https://interop.esante.gouv.fr/ig/hl7v2/trans-cda-mss/1.1.2 -no-exit
Start Clock @ Tuesday, March 4, 2025 at 11:27:43 AM Coordinated Universal Time (2025-03-04T11:27:43Z)
                                                                                                    
Build FHIR IG from /tmp/ans.hl7v2.fr.trans-cda-mss#1.1.2                                             (00:00.021 / 00:00.021, 23Mb)
Build Formal Publication package, intended for https://interop.esante.gouv.fr/ig/hl7v2/trans-cda-mss/1.1.2 (00:00.002 / 00:00.023, 23Mb)
API keys loaded from /home/runner/.fhir/fhir-settings.json                                           (00:00.000 / 00:00.024, 23Mb)
Package Cache: /home/runner/.fhir/packages                                                           (00:00.003 / 00:00.027, 23Mb)
Unable to load IG as an r5 IG - try R4 (property code is a class com.google.gson.JsonPrimitive looking for an object) (00:00.421 / 00:00.449, 57Mb)
Load Template from https://github.com/ansforge/IG-template/tree/template-hl7v2-css                   (00:00.437 / 00:00.886, 33Mb)
 Load Template from fhir.base.template#current                                                       (00:01.534 / 00:02.420, 70Mb)
Root directory: /tmp/ans.hl7v2.fr.trans-cda-mss#1.1.2                                                (00:04.051 / 00:06.472, 98Mb)
Terminology Cache is at /tmp/ans.hl7v2.fr.trans-cda-mss#1.1.2/input-cache/txcache. Clearing now      (00:00.418 / 00:06.891, 102Mb)
Core Package hl7.fhir.r4.core#4.0.1
Running Terminology Log: /tmp/ohfu-fhir-ig-8894004454313248060.log
Connect to Terminology Server at http://tx.fhir.org                                                  (00:03.560 / 00:10.451, 285Mb)
Load Package hl7.fhir.pubpack#0.2.1
Load Package hl7.fhir.xver-extensions#0.1.0
Load Package hl7.terminology.r4#6.2.0
Load Package hl7.fhir.uv.extensions.r4#5.2.0
Load Package hl7.fhir.uv.tools.r4#0.3.0
Load R5 Specials
Initialization complete                                                                              (00:20.706 / 00:31.157, 460Mb)
Load Content                                                                                         (00:00.000 / 00:31.158, 460Mb)
Using fr_FR as the default narrative language. (inferred from ImplementationGuide.jurisdiction=FR)   (00:00.053 / 00:31.211, 464Mb)
Process Loaded Resources                                                                             (00:00.050 / 00:31.262, 467Mb)
Generating Snapshots                                                                                 (00:00.031 / 00:31.294, 472Mb)
loadPrePages from FetchedFile[/tmp/ans.hl7v2.fr.trans-cda-mss#1.1.2/fsh-generated/includes] as /tmp/ans.hl7v2.fr.trans-cda-mss#1.1.2/fsh-generated/includes
loadPrePages from FetchedFile[/tmp/ans.hl7v2.fr.trans-cda-mss#1.1.2/input/data] as /tmp/ans.hl7v2.fr.trans-cda-mss#1.1.2/input/data
loadPrePages from FetchedFile[/tmp/ans.hl7v2.fr.trans-cda-mss#1.1.2/input/pagecontent] as /tmp/ans.hl7v2.fr.trans-cda-mss#1.1.2/input/pagecontent
Fetch https://interop.esante.gouv.fr/ig/hl7v2/trans-cda-mss/package-list.json for version check      (00:00.032 / 00:31.326, 474Mb)
Processing Conformance Resources                                                                     (00:00.939 / 00:32.266, 476Mb)
Checking Language                                                                                    (00:00.000 / 00:32.267, 476Mb)
Load Dependency Info                                                                                 (00:00.000 / 00:32.267, 476Mb)
Load Info                                                                                            (00:00.001 / 00:32.269, 476Mb)
Load Paths                                                                                           (00:00.000 / 00:32.269, 477Mb)
Check R4 / R4B                                                                                       (00:00.001 / 00:32.270, 477Mb)
Assign Comparison Ids                                                                                (00:00.006 / 00:32.277, 478Mb)
Propagating status                                                                                   (00:00.000 / 00:32.278, 478Mb)
Generating Narratives                                                                                (00:00.000 / 00:32.279, 478Mb)
Validating Conformance Resources                                                                     (00:00.379 / 00:32.658, 489Mb)
Check profiles & code systems                                                                        (00:01.670 / 00:34.328, 431Mb)
Check realm rules                                                                                    (00:00.000 / 00:34.329, 431Mb)
Previous Version Comparison                                                                          (00:00.000 / 00:34.330, 431Mb)
Installing ans.hl7v2.fr.trans-cda-mss#1.1.1 to the package cache
  Fetching:
2025-03-04 11:28:29.557 [main] INFO  o.h.f.u.npm.BasePackageCacheManager [BasePackageCacheManager.java:92] Failed to resolve package ans.hl7v2.fr.trans-cda-mss#1.1.1 from server: https://packages2.fhir.org/packages (Not found)
2025-03-04 11:28:29.997 [main] INFO  o.h.f.u.npm.BasePackageCacheManager [BasePackageCacheManager.java:92] Failed to resolve package ans.hl7v2.fr.trans-cda-mss#1.1.1 from server: https://packages.fhir.org (Not Found)
2025-03-04 11:28:31.803 [main] INFO  o.h.f.u.npm.BasePackageCacheManager [BasePackageCacheManager.java:92] Failed to resolve package ans.hl7v2.fr.trans-cda-mss#1.1.x from server: https://packages2.fhir.org/packages (Package not found: ans.hl7v2.fr.trans-cda-mss)
Error fetching https://packages.fhir.org/ans.hl7v2.fr.trans-cda-mss: Not Found
2025-03-04 11:28:31.947 [main] INFO  o.h.f.u.npm.BasePackageCacheManager [BasePackageCacheManager.java:92] Failed to resolve package ans.hl7v2.fr.trans-cda-mss#1.1.x from server: https://packages.fhir.org (Package not found: ans.hl7v2.fr.trans-cda-mss)
org.hl7.fhir.exceptions.FHIRException: Unable to resolve package id ans.hl7v2.fr.trans-cda-mss#1.1.1
	at org.hl7.fhir.utilities.npm.FilesystemPackageCacheManager.fetchTheOldWay(FilesystemPackageCacheManager.java:777)
	at org.hl7.fhir.utilities.npm.FilesystemPackageCacheManager.loadFromPackageServer(FilesystemPackageCacheManager.java:339)
	at org.hl7.fhir.utilities.npm.FilesystemPackageCacheManager.loadPackage(FilesystemPackageCacheManager.java:689)
	at org.hl7.fhir.igtools.publisher.comparators.PreviousVersionComparator.startChecks(PreviousVersionComparator.java:197)
	at org.hl7.fhir.igtools.publisher.Publisher.checkConformanceResources(Publisher.java:6370)
	at org.hl7.fhir.igtools.publisher.Publisher.loadConformance2(Publisher.java:6202)
	at org.hl7.fhir.igtools.publisher.Publisher.createIg(Publisher.java:1196)
	at org.hl7.fhir.igtools.publisher.Publisher.execute(Publisher.java:1032)
	at org.hl7.fhir.igtools.publisher.Publisher.main(Publisher.java:14935)
	at org.hl7.fhir.igtools.web.PublicationProcess.runBuild(PublicationProcess.java:1003)
	at org.hl7.fhir.igtools.web.PublicationProcess.doPublish(PublicationProcess.java:512)
	at org.hl7.fhir.igtools.web.PublicationProcess.publishInner2(PublicationProcess.java:425)
	at org.hl7.fhir.igtools.web.PublicationProcess.publishInner(PublicationProcess.java:237)
	at org.hl7.fhir.igtools.web.PublicationProcess.publish(PublicationProcess.java:127)
	at org.hl7.fhir.igtools.publisher.Publisher.main(Publisher.java:14693)
Validating Resources                                                                                 (00:14.540 / 00:48.870, 486Mb)
Processing Provenance Records                                                                        (00:00.000 / 00:48.871, 486Mb)
Generating Outputs in /tmp/ans.hl7v2.fr.trans-cda-mss#1.1.2/output                                   (00:00.000 / 00:48.871, 486Mb)
Generate Native Outputs                                                                              (00:00.071 / 00:48.943, 492Mb)
Run Template                                                                                         (00:00.075 / 00:49.018, 501Mb)
Generate HTML Outputs                                                                                (00:02.097 / 00:51.115, 544Mb)
Generate Spreadsheets                                                                                (00:00.076 / 00:51.191, 560Mb)
Generate Summaries                                                                                   (00:00.000 / 00:51.192, 560Mb)
Generating Summary Outputs                                                                           (00:00.000 / 00:51.193, 560Mb)
DB Cumulative Time invested: 00:00:00.59
Sending Usage Stats to Server                                                                        (00:04.949 / 00:56.142, 433Mb)
## Memory (MB): Use = 433, Free = 506, Total = 940, Max = 3998                                       (00:00.003 / 00:56.145, 435Mb)
Reclaiming memory...                                                                                 (00:00.000 / 00:56.146, 435Mb)
## Memory (MB): Use = 276, Free = 663, Total = 940, Max = 3998                                       (00:00.143 / 00:56.289, 277Mb)
Run jekyll: jekyll build --destination "/tmp/ans.hl7v2.fr.trans-cda-mss#1.1.2/output" (in folder /tmp/ans.hl7v2.fr.trans-cda-mss#1.1.2/temp/pages) (00:00.004 / 00:56.294, 277Mb)
Troubleshooting Note: usual cases for Jekyll to fail are:                                            (00:00.004 / 00:56.298, 277Mb)
* A failure to produce a fragment that is already logged in the output above                         (00:00.000 / 00:56.298, 277Mb)
* A reference to a manually edited file that hasn't been provided                                    (00:00.000 / 00:56.299, 277Mb)
Jekyll: Source: /tmp/ans.hl7v2.fr.trans-cda-mss#1.1.2/temp/pages                                     (00:00.394 / 00:56.694, 281Mb)
Jekyll: Generating...                                                                                (00:00.000 / 00:56.694, 281Mb)
Jekyll: done in 0.709 seconds.                                                                       (00:00.708 / 00:57.402, 281Mb)

Installing ans.hl7v2.fr.trans-cda-mss#1.1.2
 done.
Checking Output HTML                                                                                 (00:00.536 / 00:57.939, 362Mb)
found 586 files                                                                                      (00:00.003 / 00:57.943, 363Mb)
.........................................
.........................................
  ... 586 html files, 0 pages invalid xhtml (0%)                                                     (00:00.508 / 00:58.452, 750Mb)
  ... 1059 links, 1 broken links (0%)                                                                (00:00.000 / 00:58.452, 750Mb)
Generate fragment-usage-analysis.csv                                                                 (00:00.000 / 00:58.453, 750Mb)
Build final .zip                                                                                     (00:00.005 / 00:58.459, 750Mb)
Final .zip built                                                                                     (00:00.786 / 00:59.245, 760Mb)
Built. Times: loading: 00:01.106, generate: 00:28.481, narrative generation: 00:00.378, validation: 00:01.669, realm-rules: 00:00.000, previous-version: 00:14.534, jekyll: 00:01.119, template: 00:02.096 (#3) (00:01.514 / 01:00.760, 473Mb)
Generating QA                                                                                        (00:00.000 / 01:00.761, 473Mb)
Internal error in location for message: 'Error @1, 1: Found / expecting a token name', loc = '/tmp/ans.hl7v2.fr.trans-cda-mss#1.1.2/output/searchform.html#/html/body/div/div/div/a/img/div/a/img/', err = 'The <script> containing the javascript '$( document ).ready('... is illegal and not allowed on the H'
Validation output in /tmp/ans.hl7v2.fr.trans-cda-mss#1.1.2/output/qa.html
Errors: 1, Warnings: 5, Info: 0, Broken Links: 1 (00:00.125 / 01:00.886, 492Mb)
Finished. Max Memory Used = 760Mb. Log file saved in /tmp/fhir-ig-publisher-tmp.log                  (00:00.001 / 01:00.888, 492Mb)
Prepare Build space in /tmp/ans.hl7v2.fr.trans-cda-mss#1.1.2-milestone
Build IG at /home/runner/work/IG-hl7v2-volet-trans-lps-doc-cda-courriel-mss/IG-hl7v2-volet-trans-lps-doc-cda-courriel-mss/./igSource: final copy suitable for publication (in /tmp/ans.hl7v2.fr.trans-cda-mss#1.1.2-milestone) (milestone build)
FHIR IG Publisher Version 1.8.16 (Git# ce6ad8cdef90). Built 2025-03-04T05:25:22.221Z (6 hours old)  
Detected Java version: 17.0.10 from /opt/hostedtoolcache/Java_Microsoft_jdk/17.0.10/x64 on Linux/amd64 (64bit). 3998MB available
dir = /home/runner/work/IG-hl7v2-volet-trans-lps-doc-cda-courriel-mss/IG-hl7v2-volet-trans-lps-doc-cda-courriel-mss, path = /opt/hostedtoolcache/Ruby/3.3.7/x64/bin:/opt/hostedtoolcache/node/20.18.3/x64/bin:/opt/hostedtoolcache/Java_Microsoft_jdk/17.0.10/x64/bin:/snap/bin:/home/runner/.local/bin:/opt/pipx_bin:/home/runner/.cargo/bin:/home/runner/.config/composer/vendor/bin:/usr/local/.ghcup/bin:/home/runner/.dotnet/tools:/usr/local/sbin:/usr/local/bin:/usr/sbin:/usr/bin:/sbin:/bin:/usr/games:/usr/local/games:/snap/bin
Parameters: -ig /tmp/ans.hl7v2.fr.trans-cda-mss#1.1.2-milestone -publish https://interop.esante.gouv.fr/ig/hl7v2/trans-cda-mss/1.1.2 -milestone -no-exit
Start Clock @ Tuesday, March 4, 2025 at 11:28:45 AM Coordinated Universal Time (2025-03-04T11:28:45Z)
                                                                                                    
Build FHIR IG from /tmp/ans.hl7v2.fr.trans-cda-mss#1.1.2-milestone                                   (00:00.002 / 00:00.002, 515Mb)
Build Formal Publication package, intended for https://interop.esante.gouv.fr/ig/hl7v2/trans-cda-mss/1.1.2 (00:00.000 / 00:00.002, 515Mb)
API keys loaded from /home/runner/.fhir/fhir-settings.json                                           (00:00.000 / 00:00.003, 515Mb)
Package Cache: /home/runner/.fhir/packages                                                           (00:00.000 / 00:00.003, 515Mb)
Unable to load IG as an r5 IG - try R4 (property code is a class com.google.gson.JsonPrimitive looking for an object) (00:00.002 / 00:00.006, 515Mb)
Load Template from https://github.com/ansforge/IG-template/tree/template-hl7v2-css                   (00:00.015 / 00:00.021, 516Mb)
 Load Template from fhir.base.template#current                                                       (00:01.171 / 00:01.193, 590Mb)
Root directory: /tmp/ans.hl7v2.fr.trans-cda-mss#1.1.2-milestone                                      (00:01.745 / 00:02.939, 786Mb)
Terminology Cache is at /tmp/ans.hl7v2.fr.trans-cda-mss#1.1.2-milestone/input-cache/txcache. 9 files in cache (00:00.315 / 00:03.254, 802Mb)
Core Package hl7.fhir.r4.core#4.0.1
Running Terminology Log: /tmp/ohfu-fhir-ig-2818919810963034821.log
Connect to Terminology Server at http://tx.fhir.org                                                  (00:01.616 / 00:04.870, 612Mb)
Load Package hl7.fhir.pubpack#0.2.1
Load Package hl7.fhir.xver-extensions#0.1.0
Load Package hl7.terminology.r4#6.2.0
Load Package hl7.fhir.uv.extensions.r4#5.2.0
Load Package hl7.fhir.uv.tools.r4#0.3.0
Load R5 Specials
Initialization complete                                                                              (00:03.927 / 00:08.798, 805Mb)
Load Content                                                                                         (00:00.000 / 00:08.799, 805Mb)
Using fr_FR as the default narrative language. (inferred from ImplementationGuide.jurisdiction=FR)   (00:00.008 / 00:08.807, 809Mb)
Process Loaded Resources                                                                             (00:00.010 / 00:08.817, 811Mb)
Generating Snapshots                                                                                 (00:00.007 / 00:08.825, 815Mb)
loadPrePages from FetchedFile[/tmp/ans.hl7v2.fr.trans-cda-mss#1.1.2-milestone/fsh-generated/includes] as /tmp/ans.hl7v2.fr.trans-cda-mss#1.1.2-milestone/fsh-generated/includes
loadPrePages from FetchedFile[/tmp/ans.hl7v2.fr.trans-cda-mss#1.1.2-milestone/input/data] as /tmp/ans.hl7v2.fr.trans-cda-mss#1.1.2-milestone/input/data
loadPrePages from FetchedFile[/tmp/ans.hl7v2.fr.trans-cda-mss#1.1.2-milestone/input/pagecontent] as /tmp/ans.hl7v2.fr.trans-cda-mss#1.1.2-milestone/input/pagecontent
Fetch https://interop.esante.gouv.fr/ig/hl7v2/trans-cda-mss/package-list.json for version check      (00:00.013 / 00:08.838, 817Mb)
Processing Conformance Resources                                                                     (00:00.673 / 00:09.512, 817Mb)
Checking Language                                                                                    (00:00.000 / 00:09.512, 817Mb)
Load Dependency Info                                                                                 (00:00.000 / 00:09.513, 817Mb)
Load Info                                                                                            (00:00.000 / 00:09.514, 818Mb)
Load Paths                                                                                           (00:00.000 / 00:09.514, 819Mb)
Check R4 / R4B                                                                                       (00:00.000 / 00:09.515, 819Mb)
Assign Comparison Ids                                                                                (00:00.002 / 00:09.517, 819Mb)
Propagating status                                                                                   (00:00.000 / 00:09.517, 819Mb)
Generating Narratives                                                                                (00:00.000 / 00:09.518, 819Mb)
Validating Conformance Resources                                                                     (00:00.232 / 00:09.750, 824Mb)
Check profiles & code systems                                                                        (00:00.782 / 00:10.533, 668Mb)
Check realm rules                                                                                    (00:00.000 / 00:10.533, 668Mb)
Previous Version Comparison                                                                          (00:00.000 / 00:10.533, 668Mb)
Installing ans.hl7v2.fr.trans-cda-mss#1.1.1 to the package cache
  Fetching:
2025-03-04 11:28:56.505 [main] INFO  o.h.f.u.npm.BasePackageCacheManager [BasePackageCacheManager.java:92] Failed to resolve package ans.hl7v2.fr.trans-cda-mss#1.1.1 from server: https://packages2.fhir.org/packages (Not found)
2025-03-04 11:28:56.643 [main] INFO  o.h.f.u.npm.BasePackageCacheManager [BasePackageCacheManager.java:92] Failed to resolve package ans.hl7v2.fr.trans-cda-mss#1.1.1 from server: https://packages.fhir.org (Not Found)
2025-03-04 11:28:58.106 [main] INFO  o.h.f.u.npm.BasePackageCacheManager [BasePackageCacheManager.java:92] Failed to resolve package ans.hl7v2.fr.trans-cda-mss#1.1.x from server: https://packages2.fhir.org/packages (Package not found: ans.hl7v2.fr.trans-cda-mss)
Error fetching https://packages.fhir.org/ans.hl7v2.fr.trans-cda-mss: Not Found
2025-03-04 11:28:58.248 [main] INFO  o.h.f.u.npm.BasePackageCacheManager [BasePackageCacheManager.java:92] Failed to resolve package ans.hl7v2.fr.trans-cda-mss#1.1.x from server: https://packages.fhir.org (Package not found: ans.hl7v2.fr.trans-cda-mss)
org.hl7.fhir.exceptions.FHIRException: Unable to resolve package id ans.hl7v2.fr.trans-cda-mss#1.1.1
	at org.hl7.fhir.utilities.npm.FilesystemPackageCacheManager.fetchTheOldWay(FilesystemPackageCacheManager.java:777)
	at org.hl7.fhir.utilities.npm.FilesystemPackageCacheManager.loadFromPackageServer(FilesystemPackageCacheManager.java:339)
	at org.hl7.fhir.utilities.npm.FilesystemPackageCacheManager.loadPackage(FilesystemPackageCacheManager.java:689)
	at org.hl7.fhir.igtools.publisher.comparators.PreviousVersionComparator.startChecks(PreviousVersionComparator.java:197)
	at org.hl7.fhir.igtools.publisher.Publisher.checkConformanceResources(Publisher.java:6370)
	at org.hl7.fhir.igtools.publisher.Publisher.loadConformance2(Publisher.java:6202)
	at org.hl7.fhir.igtools.publisher.Publisher.createIg(Publisher.java:1196)
	at org.hl7.fhir.igtools.publisher.Publisher.execute(Publisher.java:1032)
	at org.hl7.fhir.igtools.publisher.Publisher.main(Publisher.java:14935)
	at org.hl7.fhir.igtools.web.PublicationProcess.runBuild(PublicationProcess.java:1003)
	at org.hl7.fhir.igtools.web.PublicationProcess.doPublish(PublicationProcess.java:517)
	at org.hl7.fhir.igtools.web.PublicationProcess.publishInner2(PublicationProcess.java:425)
	at org.hl7.fhir.igtools.web.PublicationProcess.publishInner(PublicationProcess.java:237)
	at org.hl7.fhir.igtools.web.PublicationProcess.publish(PublicationProcess.java:127)
	at org.hl7.fhir.igtools.publisher.Publisher.main(Publisher.java:14693)
Validating Resources                                                                                 (00:02.395 / 00:12.929, 721Mb)
Processing Provenance Records                                                                        (00:00.000 / 00:12.929, 721Mb)
Generating Outputs in /tmp/ans.hl7v2.fr.trans-cda-mss#1.1.2-milestone/output                         (00:00.000 / 00:12.930, 721Mb)
Generate Native Outputs                                                                              (00:00.067 / 00:12.998, 725Mb)
Run Template                                                                                         (00:00.044 / 00:13.043, 734Mb)
Generate HTML Outputs                                                                                (00:01.691 / 00:14.735, 769Mb)
Generate Spreadsheets                                                                                (00:00.040 / 00:14.775, 783Mb)
Generate Summaries                                                                                   (00:00.000 / 00:14.775, 783Mb)
Generating Summary Outputs                                                                           (00:00.000 / 00:14.776, 783Mb)
DB Cumulative Time invested: 00:00:00.57
Sending Usage Stats to Server                                                                        (00:01.871 / 00:16.647, 943Mb)
## Memory (MB): Use = 943, Free = 230, Total = 1174, Max = 3998                                      (00:00.000 / 00:16.648, 943Mb)
Reclaiming memory...                                                                                 (00:00.000 / 00:16.649, 944Mb)
## Memory (MB): Use = 276, Free = 671, Total = 948, Max = 3998                                       (00:00.175 / 00:16.824, 277Mb)
Run jekyll: jekyll build --destination "/tmp/ans.hl7v2.fr.trans-cda-mss#1.1.2-milestone/output" (in folder /tmp/ans.hl7v2.fr.trans-cda-mss#1.1.2-milestone/temp/pages) (00:00.000 / 00:16.824, 278Mb)
Troubleshooting Note: usual cases for Jekyll to fail are:                                            (00:00.000 / 00:16.825, 278Mb)
* A failure to produce a fragment that is already logged in the output above                         (00:00.000 / 00:16.826, 278Mb)
* A reference to a manually edited file that hasn't been provided                                    (00:00.000 / 00:16.826, 278Mb)
Jekyll: Source: /tmp/ans.hl7v2.fr.trans-cda-mss#1.1.2-milestone/temp/pages                           (00:00.330 / 00:17.157, 280Mb)
Jekyll: Generating...                                                                                (00:00.000 / 00:17.158, 280Mb)
Jekyll: done in 0.682 seconds.                                                                       (00:00.681 / 00:17.839, 280Mb)

Installing ans.hl7v2.fr.trans-cda-mss#1.1.2
Checking Output HTML                                                                                 (00:00.063 / 00:17.902, 292Mb)
found 586 files                                                                                      (00:00.002 / 00:17.905, 292Mb)
.........................................
.........................................
  ... 586 html files, 0 pages invalid xhtml (0%)                                                     (00:00.380 / 00:18.286, 676Mb)
  ... 1059 links, 1 broken links (0%)                                                                (00:00.000 / 00:18.287, 676Mb)
Generate fragment-usage-analysis.csv                                                                 (00:00.000 / 00:18.287, 676Mb)
Build final .zip                                                                                     (00:00.004 / 00:18.292, 677Mb)
Final .zip built                                                                                     (00:00.780 / 00:19.072, 686Mb)
Built. Times: loading: 00:00.712, generate: 00:10.735, narrative generation: 00:00.231, validation: 00:00.782, realm-rules: 00:00.000, previous-version: 00:02.394, jekyll: 00:01.023, template: 00:01.691 (#3) (00:01.175 / 00:20.248, 404Mb)
Generating QA                                                                                        (00:00.001 / 00:20.249, 404Mb)
Internal error in location for message: 'Error @1, 1: Found / expecting a token name', loc = '/tmp/ans.hl7v2.fr.trans-cda-mss#1.1.2-milestone/output/searchform.html#/html/body/div/div/div/a/img/', err = 'The <script> containing the javascript '$( document ).ready('... is illegal and not allowed on the H'
Validation output in /tmp/ans.hl7v2.fr.trans-cda-mss#1.1.2-milestone/output/qa.html
Errors: 1, Warnings: 5, Info: 0, Broken Links: 1 (00:00.057 / 00:20.307, 416Mb)
Finished. Max Memory Used = 944Mb. Log file saved in /tmp/fhir-ig-publisher-tmp.log                  (00:00.001 / 00:20.309, 416Mb)
Keep a copy of the build directory at /tmp/web-root/run-20250304/ig-build-zips/ans.hl7v2.fr.trans-cda-mss#1.1.2.zip

ok. All checks passed. Publish v1.1.2 to /tmp/web-root/run-20250304/trans-cda-mss/1.1.2
Copy the IG to /tmp/web-root/run-20250304/trans-cda-mss/1.1.2
Update /tmp/web-root/run-20250304/trans-cda-mss/package-list.json
Publish Box Statement: This page is part of the [CI-SIS]Volet transmission au LPS d'un document CDA provenant d'un courriel MSSanté (v1.1.2: Publications) based on <a no-external="true" href="http://hl7.org/fhir/R4">FHIR (HL7® FHIR® Standard) R4</a>. This is the current published version in its permanent home (it will always be available at this URL).  For a full list of available versions, see the <a no-external="true" href="https://interop.esante.gouv.fr/ig/hl7v2/trans-cda-mss/history.html">Directory of published versions</a>
  .. 16 files checked, 16 updated
  .. 9 clones checked, 18 updated
  .. 1 redirections (1 created/updated)
This is a milestone release - publish v1.1.2 to /tmp/web-root/run-20250304/trans-cda-mss
Update publish box for version 1.1.1 @ https://interop.esante.gouv.fr/ig/hl7v2/trans-cda-mss/1.1.1
Publish Box Statement: This page is part of the [CI-SIS]Volet transmission au LPS d'un document CDA provenant d'un courriel MSSanté (v1.1.1: Publications) based on <a no-external="true" href="http://hl7.org/fhir/R4">FHIR (HL7® FHIR® Standard) R4</a>. The current version which supersedes this version is <a no-external="true" href="https://interop.esante.gouv.fr/ig/hl7v2/trans-cda-mss{{fn}}">1.1.2</a>.  For a full list of available versions, see the <a no-external="true" href="https://interop.esante.gouv.fr/ig/hl7v2/trans-cda-mss/history.html">Directory of published versions</a>
  .. 15 files checked, 15 updated
  .. 5 clones checked, 0 updated
Publish Box Statement: This page is part of the [CI-SIS]Volet transmission au LPS d'un document CDA provenant d'un courriel MSSanté (v1.1.2: Publications) based on <a no-external="true" href="http://hl7.org/fhir/R4">FHIR (HL7® FHIR® Standard) R4</a>. This is the current published version.  For a full list of available versions, see the <a no-external="true" href="https://interop.esante.gouv.fr/ig/hl7v2/trans-cda-mss/history.html">Directory of published versions</a>
  .. 16 files checked, 16 updated
  .. 9 clones checked, 18 updated
  .. 1 redirections (1 created/updated)
Check for Files to delete
  ... 0 files
Copy to new IG to /tmp/web-root/run-20250304/trans-cda-mss
ans.hl7v2.fr.trans-cda-mss (https://interop.esante.gouv.fr/ig/hl7v2/trans-cda-mss): [CI-SIS]Volet transmission au LPS d'un document CDA provenant d'un courriel MSSanté @ https://ansforge.github.io/IG-hl7v2-volet-trans-lps-doc-cda-courriel-mss/main/ig
  release: Publications 1.1.2/4.0.1 @ https://interop.esante.gouv.fr/ig/hl7v2/trans-cda-mss/1.1.2
Build is complete. Copy from /tmp/web-root/run-20250304
Update history page at /tmp/web-root/run-20250304/trans-cda-mss from /home/runner/work/IG-hl7v2-volet-trans-lps-doc-cda-courriel-mss/IG-hl7v2-volet-trans-lps-doc-cda-courriel-mss/./IG-website-release/fhir-ig-history-template and ./IG-website-release/templates
