FHIR IG Publisher Version 2.0.30 (Git# 04ebe87f19c1). Built 2026-01-20T18:29:40.591Z (14 days old)
Detected Java version: 17.0.10 from /opt/hostedtoolcache/Java_Microsoft_jdk/17.0.10/x64 on amd64 (64bit). 4000MB available
dir = /home/runner/work/interop-ig-hl7v2-teleradiologie/interop-ig-hl7v2-teleradiologie, path = /opt/hostedtoolcache/Ruby/3.3.10/x64/bin:/usr/share/dotnet:/opt/hostedtoolcache/node/20.20.0/x64/bin:/opt/hostedtoolcache/Java_Microsoft_jdk/17.0.10/x64/bin:/snap/bin:/home/runner/.local/bin:/opt/pipx_bin:/home/runner/.cargo/bin:/home/runner/.config/composer/vendor/bin:/usr/local/.ghcup/bin:/home/runner/.dotnet/tools:/usr/local/sbin:/usr/local/bin:/usr/sbin:/usr/bin:/sbin:/bin:/usr/games:/usr/local/games:/snap/bin
Parameters: -go-publish -source ./igSource -web ./IG-website-release/www/ig/hl7v2 -registry ./IG-website-release/ig-registry/fhir-ig-list.json -history ./IG-website-release/fhir-ig-history-template -templates ./IG-website-release/templates
---------------
Publication Run: publish ./igSource to ./IG-website-release/www/ig/hl7v2
Relative directory for IG is '/teleradiologie'
===== Web Publication Run Details ===============================
 Source IG: ans.hl7v2.fr.teleradiologie#0.1.0-ballot : https://interop.esante.gouv.fr/ig/hl7v2/teleradiologie (R4) from ./igSource
All checks passed. Do the publication build from /home/runner/work/interop-ig-hl7v2-teleradiologie/interop-ig-hl7v2-teleradiologie/./igSource and publish to /tmp/web-root/run-20260203/teleradiologie
Prepare Build space in /tmp/ig-builds/ans.hl7v2.fr.teleradiologie#0.1.0-ballot
Build IG at /home/runner/work/interop-ig-hl7v2-teleradiologie/interop-ig-hl7v2-teleradiologie/./igSource: final copy suitable for publication (in /tmp/ig-builds/ans.hl7v2.fr.teleradiologie#0.1.0-ballot)
FHIR IG Publisher Version 2.0.30 (Git# 04ebe87f19c1). Built 2026-01-20T18:29:40.591Z (14 days old)  
Detected Java version: 17.0.10 from /opt/hostedtoolcache/Java_Microsoft_jdk/17.0.10/x64 on Linux/amd64 (64bit). 4000MB available
dir = /home/runner/work/interop-ig-hl7v2-teleradiologie/interop-ig-hl7v2-teleradiologie, path = /opt/hostedtoolcache/Ruby/3.3.10/x64/bin:/usr/share/dotnet:/opt/hostedtoolcache/node/20.20.0/x64/bin:/opt/hostedtoolcache/Java_Microsoft_jdk/17.0.10/x64/bin:/snap/bin:/home/runner/.local/bin:/opt/pipx_bin:/home/runner/.cargo/bin:/home/runner/.config/composer/vendor/bin:/usr/local/.ghcup/bin:/home/runner/.dotnet/tools:/usr/local/sbin:/usr/local/bin:/usr/sbin:/usr/bin:/sbin:/bin:/usr/games:/usr/local/games:/snap/bin
Parameters: -publish https://interop.esante.gouv.fr/ig/hl7v2/teleradiologie/0.1.0-ballot -no-exit -ig /tmp/ig-builds/ans.hl7v2.fr.teleradiologie#0.1.0-ballot -resetTx
Character encoding = UTF-8 / UTF-8                                                                  
Start Clock @ Tuesday, February 3, 2026 at 8:12:22 PM Coordinated Universal Time (2026-02-03T20:12:22Z)
                                                                                                    
Build FHIR IG from /tmp/ig-builds/ans.hl7v2.fr.teleradiologie#0.1.0-ballot                           (00:00.019 / 00:00.020, 33Mb)
Build Formal Publication package, intended for https://interop.esante.gouv.fr/ig/hl7v2/teleradiologie/0.1.0-ballot (00:00.002 / 00:00.022, 33Mb)
API keys loaded from /home/runner/.fhir/fhir-settings.json                                           (00:00.000 / 00:00.023, 33Mb)
Package Cache: /home/runner/.fhir/packages                                                           (00:00.003 / 00:00.027, 34Mb)
Root directory: /tmp/ig-builds/ans.hl7v2.fr.teleradiologie#0.1.0-ballot                              (00:00.002 / 00:00.030, 34Mb)
Unable to load IG as an r5 IG - try R4 (property code is a class com.google.gson.JsonPrimitive looking for an object) (00:00.401 / 00:00.432, 54Mb)
Load Template from https://github.com/ansforge/IG-template/tree/template-hl7v2-css                   (00:00.424 / 00:00.856, 26Mb)
 Load Template from fhir.base.template#current                                                       (00:01.418 / 00:02.274, 57Mb)
Scanning directory: /tmp/ig-builds/ans.hl7v2.fr.teleradiologie#0.1.0-ballot/template
======================================================================
Terminology Cache is at /tmp/ig-builds/ans.hl7v2.fr.teleradiologie#0.1.0-ballot/input-cache/txcache. Clearing now (00:02.756 / 00:05.031, 122Mb)
Core Package hl7.fhir.r4.core#4.0.1                                                                  (00:00.001 / 00:05.032, 122Mb)
Running Terminology Log: /tmp/ohfu-fhir-ig-7714187203297949395.html
Connect to Terminology Server at http://tx.fhir.org                                                  (00:03.566 / 00:08.599, 406Mb)
[39mLoad Package hl7.fhir.pubpack#0.2.3
[0;39m[39mLoad Package hl7.fhir.xver-extensions#0.1.0
[0;39m[39mLoad Package hl7.terminology.r4#7.0.1
[0;39m[39mLoad Package hl7.fhir.uv.extensions.r4#5.2.0
[0;39m[39mLoad Package hl7.fhir.uv.tools.r4#0.9.0
[0;39mLoad R5 Specials
Cannot find or generate snapshot for base definition http://hl7.org/fhir/StructureDefinition/CanonicalResource from http://hl7.org/fhir/StructureDefinition/TestCases
Initialization complete                                                                              (00:05.841 / 00:14.441, 394Mb)
Load IG                                                                                              (00:00.000 / 00:14.441, 394Mb)
Load Content                                                                                         (00:00.002 / 00:14.443, 394Mb)
Using fr_FR as the default narrative language. (inferred from ImplementationGuide.jurisdiction=FR)   (00:00.047 / 00:14.491, 399Mb)
Process Loaded Resources                                                                             (00:00.045 / 00:14.536, 402Mb)
Generating Snapshots                                                                                 (00:00.026 / 00:14.563, 406Mb)

Signing Certificate: RSA key for Subject: OU=IG Publisher, L=Ann Arbor, CN=hl7.org, O=HL7, ST=Missouri, C=us from: OU=IG Publisher, L=Ann Arbor, CN=hl7.org, O=HL7, ST=Missouri, C=us
Fetch https://interop.esante.gouv.fr/ig/hl7v2/teleradiologie/package-list.json for version check     (00:00.135 / 00:14.699, 414Mb)
Checking Language                                                                                    (00:00.883 / 00:15.582, 414Mb)
Load Dependency Info                                                                                 (00:00.001 / 00:15.584, 414Mb)
Load Info                                                                                            (00:00.000 / 00:15.584, 414Mb)
Load Paths                                                                                           (00:00.000 / 00:15.585, 415Mb)
Check R4 / R4B                                                                                       (00:00.000 / 00:15.585, 415Mb)
Assign Comparison Ids                                                                                (00:00.014 / 00:15.600, 417Mb)
Propagating status                                                                                   (00:00.000 / 00:15.600, 417Mb)
Generating Narratives                                                                                (00:00.000 / 00:15.600, 417Mb)
Validating Conformance Resources                                                                     (00:00.075 / 00:15.676, 426Mb)
Check profiles & code systems                                                                        (00:07.988 / 00:23.665, 754Mb)
Check realm rules                                                                                    (00:00.000 / 00:23.665, 755Mb)
Previous Version Comparison                                                                          (00:00.000 / 00:23.665, 755Mb)
Checking for Bundles to sign                                                                         (00:00.007 / 00:23.673, 755Mb)
Validating Resources                                                                                 (00:00.000 / 00:23.673, 755Mb)
Processing Provenance Records                                                                        (00:00.000 / 00:23.674, 755Mb)
Generating Outputs in /tmp/ig-builds/ans.hl7v2.fr.teleradiologie#0.1.0-ballot/output                 (00:00.000 / 00:23.674, 755Mb)
Generate Native Outputs                                                                              (00:00.148 / 00:23.822, 772Mb)
Run Template                                                                                         (00:00.048 / 00:23.871, 781Mb)
Generate HTML Outputs                                                                                (00:01.690 / 00:25.561, 830Mb)
Generate Spreadsheets                                                                                (00:00.093 / 00:25.655, 440Mb)
Generate Summaries                                                                                   (00:00.000 / 00:25.655, 440Mb)
Generating Summary Outputs                                                                           (00:00.000 / 00:25.655, 440Mb)
DB Cumulative Time invested: 00:00:00.34
Sending Usage Stats to Server                                                                        (00:02.597 / 00:28.253, 847Mb)
## Memory (MB): Use = 848, Free = 237, Total = 1086, Max = 4000                                      (00:00.003 / 00:28.256, 849Mb)
Reclaiming memory...                                                                                 (00:00.000 / 00:28.257, 849Mb)
## Memory (MB): Use = 350, Free = 735, Total = 1086, Max = 4000                                      (00:00.200 / 00:28.458, 352Mb)
Run jekyll: jekyll build --destination "/tmp/ig-builds/ans.hl7v2.fr.teleradiologie#0.1.0-ballot/output" (in folder /tmp/ig-builds/ans.hl7v2.fr.teleradiologie#0.1.0-ballot/temp/pages) (00:00.004 / 00:28.462, 352Mb)
Troubleshooting Note: usual cases for Jekyll to fail are:                                            (00:00.005 / 00:28.468, 352Mb)
* A failure to produce a fragment that is already logged in the output above                         (00:00.000 / 00:28.469, 352Mb)
* A reference to a manually edited file that hasn't been provided                                    (00:00.000 / 00:28.469, 352Mb)
Jekyll: Source: /tmp/ig-builds/ans.hl7v2.fr.teleradiologie#0.1.0-ballot/temp/pages                   (00:00.468 / 00:28.937, 355Mb)
Jekyll: Generating...                                                                                (00:00.000 / 00:28.938, 355Mb)
Jekyll: done in 0.753 seconds.                                                                       (00:00.752 / 00:29.690, 355Mb)
[39m
[0;39m[39mInstalling ans.hl7v2.fr.teleradiologie#0.1.0-ballot
[0;39m[39m done.
[0;39mChecking Output HTML                                                                                 (00:00.493 / 00:30.183, 430Mb)
Processed /tmp/ig-builds/ans.hl7v2.fr.teleradiologie#0.1.0-ballot/output - % reduction = 59 (764155 ==> 318401)
found 628 files                                                                                      (00:00.162 / 00:30.346, 528Mb)
.........................................
.........................................
  ... 628 html files, 0 pages invalid xhtml (0%)                                                     (00:01.039 / 00:31.386, 845Mb)
  ... 1170 links, 9 broken links (0%)                                                                (00:00.000 / 00:31.386, 845Mb)
Generate fragment-usage-analysis.csv                                                                 (00:00.000 / 00:31.386, 845Mb)
Build final .zip                                                                                     (00:00.007 / 00:31.394, 846Mb)
Final .zip built                                                                                     (00:00.516 / 00:31.911, 863Mb)
Built. Times: loading: 00:01.139, generate: 00:17.625, narrative generation: 00:00.075, validation: 00:07.986, realm-rules: 00:00.000, previous-version: 00:00.000, jekyll: 00:01.238, template: 00:01.689 (#3) (00:01.297 / 00:33.208, 435Mb)
Generating QA                                                                                        (00:00.000 / 00:33.209, 435Mb)
Internal error in location for message: 'Error @1, 2: Found / expecting a token name', loc = '/tmp/ig-builds/ans.hl7v2.fr.teleradiologie#0.1.0-ballot/output/searchform.html#/html/body/div/div/di', err = 'The <script> containing the javascript '$( document ).ready('... is illegal and not allowed on the H'
Validation output in /tmp/ig-builds/ans.hl7v2.fr.teleradiologie#0.1.0-ballot/output/qa.html
Errors: 1, Warnings: 4, Info: 1, Broken Links: 9 (00:00.133 / 00:33.342, 455Mb)
Finished @ 03/02/2026 20:12. Max Memory Used = 863Mb. Log file saved in /tmp/fhir-ig-publisher-tmp.log (00:00.012 / 00:33.355, 456Mb)
Prepare Build space in /tmp/ig-builds/ans.hl7v2.fr.teleradiologie#0.1.0-ballot-milestone
Build IG at /home/runner/work/interop-ig-hl7v2-teleradiologie/interop-ig-hl7v2-teleradiologie/./igSource: final copy suitable for publication (in /tmp/ig-builds/ans.hl7v2.fr.teleradiologie#0.1.0-ballot-milestone) (milestone build)
FHIR IG Publisher Version 2.0.30 (Git# 04ebe87f19c1). Built 2026-01-20T18:29:40.591Z (14 days old)  
Detected Java version: 17.0.10 from /opt/hostedtoolcache/Java_Microsoft_jdk/17.0.10/x64 on Linux/amd64 (64bit). 4000MB available
dir = /home/runner/work/interop-ig-hl7v2-teleradiologie/interop-ig-hl7v2-teleradiologie, path = /opt/hostedtoolcache/Ruby/3.3.10/x64/bin:/usr/share/dotnet:/opt/hostedtoolcache/node/20.20.0/x64/bin:/opt/hostedtoolcache/Java_Microsoft_jdk/17.0.10/x64/bin:/snap/bin:/home/runner/.local/bin:/opt/pipx_bin:/home/runner/.cargo/bin:/home/runner/.config/composer/vendor/bin:/usr/local/.ghcup/bin:/home/runner/.dotnet/tools:/usr/local/sbin:/usr/local/bin:/usr/sbin:/usr/bin:/sbin:/bin:/usr/games:/usr/local/games:/snap/bin
Parameters: -publish https://interop.esante.gouv.fr/ig/hl7v2/teleradiologie/0.1.0-ballot -no-exit -ig /tmp/ig-builds/ans.hl7v2.fr.teleradiologie#0.1.0-ballot-milestone -milestone
Character encoding = UTF-8 / UTF-8                                                                  
Start Clock @ Tuesday, February 3, 2026 at 8:12:57 PM Coordinated Universal Time (2026-02-03T20:12:57Z)
                                                                                                    
Build FHIR IG from /tmp/ig-builds/ans.hl7v2.fr.teleradiologie#0.1.0-ballot-milestone                 (00:00.001 / 00:00.001, 483Mb)
Build Formal Publication package, intended for https://interop.esante.gouv.fr/ig/hl7v2/teleradiologie/0.1.0-ballot (00:00.000 / 00:00.002, 483Mb)
API keys loaded from /home/runner/.fhir/fhir-settings.json                                           (00:00.000 / 00:00.002, 483Mb)
Package Cache: /home/runner/.fhir/packages                                                           (00:00.000 / 00:00.002, 483Mb)
Root directory: /tmp/ig-builds/ans.hl7v2.fr.teleradiologie#0.1.0-ballot-milestone                    (00:00.001 / 00:00.004, 483Mb)
Unable to load IG as an r5 IG - try R4 (property code is a class com.google.gson.JsonPrimitive looking for an object) (00:00.000 / 00:00.004, 483Mb)
Load Template from https://github.com/ansforge/IG-template/tree/template-hl7v2-css                   (00:00.011 / 00:00.016, 484Mb)
 Load Template from fhir.base.template#current                                                       (00:00.907 / 00:00.923, 567Mb)
Scanning directory: /tmp/ig-builds/ans.hl7v2.fr.teleradiologie#0.1.0-ballot-milestone/template
======================================================================
Terminology Cache is at /tmp/ig-builds/ans.hl7v2.fr.teleradiologie#0.1.0-ballot-milestone/input-cache/txcache. 9 files in cache (00:01.707 / 00:02.631, 778Mb)
Core Package hl7.fhir.r4.core#4.0.1                                                                  (00:00.000 / 00:02.631, 778Mb)
Running Terminology Log: /tmp/ohfu-fhir-ig-11175785365902913711.html
Connect to Terminology Server at http://tx.fhir.org                                                  (00:01.958 / 00:04.590, 691Mb)
[39mLoad Package hl7.fhir.pubpack#0.2.3
[0;39m[39mLoad Package hl7.fhir.xver-extensions#0.1.0
[0;39m[39mLoad Package hl7.terminology.r4#7.0.1
[0;39m[39mLoad Package hl7.fhir.uv.extensions.r4#5.2.0
[0;39m[39mLoad Package hl7.fhir.uv.tools.r4#0.9.0
[0;39mLoad R5 Specials
Cannot find or generate snapshot for base definition http://hl7.org/fhir/StructureDefinition/CanonicalResource from http://hl7.org/fhir/StructureDefinition/TestCases
Initialization complete                                                                              (00:03.428 / 00:08.019, 952Mb)
Load IG                                                                                              (00:00.000 / 00:08.019, 952Mb)
Load Content                                                                                         (00:00.002 / 00:08.021, 952Mb)
Using fr_FR as the default narrative language. (inferred from ImplementationGuide.jurisdiction=FR)   (00:00.011 / 00:08.033, 956Mb)
Process Loaded Resources                                                                             (00:00.015 / 00:08.048, 957Mb)
Generating Snapshots                                                                                 (00:00.012 / 00:08.061, 961Mb)

Signing Certificate: RSA key for Subject: OU=IG Publisher, L=Ann Arbor, CN=hl7.org, O=HL7, ST=Missouri, C=us from: OU=IG Publisher, L=Ann Arbor, CN=hl7.org, O=HL7, ST=Missouri, C=us
Fetch https://interop.esante.gouv.fr/ig/hl7v2/teleradiologie/package-list.json for version check     (00:00.017 / 00:08.079, 964Mb)
Checking Language                                                                                    (00:00.469 / 00:08.548, 965Mb)
Load Dependency Info                                                                                 (00:00.001 / 00:08.549, 965Mb)
Load Info                                                                                            (00:00.000 / 00:08.549, 965Mb)
Load Paths                                                                                           (00:00.000 / 00:08.550, 966Mb)
Check R4 / R4B                                                                                       (00:00.000 / 00:08.550, 966Mb)
Assign Comparison Ids                                                                                (00:00.003 / 00:08.554, 968Mb)
Propagating status                                                                                   (00:00.000 / 00:08.554, 968Mb)
Generating Narratives                                                                                (00:00.000 / 00:08.554, 968Mb)
Validating Conformance Resources                                                                     (00:00.008 / 00:08.563, 972Mb)
Check profiles & code systems                                                                        (00:02.414 / 00:10.978, 1Gb)
Check realm rules                                                                                    (00:00.000 / 00:10.978, 1Gb)
Previous Version Comparison                                                                          (00:00.000 / 00:10.978, 1Gb)
Checking for Bundles to sign                                                                         (00:00.002 / 00:10.981, 1Gb)
Validating Resources                                                                                 (00:00.000 / 00:10.981, 1Gb)
Processing Provenance Records                                                                        (00:00.000 / 00:10.981, 1Gb)
Generating Outputs in /tmp/ig-builds/ans.hl7v2.fr.teleradiologie#0.1.0-ballot-milestone/output       (00:00.000 / 00:10.981, 1Gb)
Generate Native Outputs                                                                              (00:00.071 / 00:11.053, 1Gb)
Run Template                                                                                         (00:00.027 / 00:11.081, 1Gb)
Generate HTML Outputs                                                                                (00:01.367 / 00:12.449, 460Mb)
Generate Spreadsheets                                                                                (00:00.048 / 00:12.497, 483Mb)
Generate Summaries                                                                                   (00:00.000 / 00:12.498, 483Mb)
Generating Summary Outputs                                                                           (00:00.000 / 00:12.498, 483Mb)
DB Cumulative Time invested: 00:00:00.36
Sending Usage Stats to Server                                                                        (00:01.112 / 00:13.610, 1Gb)
## Memory (MB): Use = 1056, Free = 985, Total = 2042, Max = 4000                                     (00:00.000 / 00:13.611, 1Gb)
Reclaiming memory...                                                                                 (00:00.000 / 00:13.611, 1Gb)
## Memory (MB): Use = 352, Free = 847, Total = 1200, Max = 4000                                      (00:00.219 / 00:13.831, 353Mb)
Run jekyll: jekyll build --destination "/tmp/ig-builds/ans.hl7v2.fr.teleradiologie#0.1.0-ballot-milestone/output" (in folder /tmp/ig-builds/ans.hl7v2.fr.teleradiologie#0.1.0-ballot-milestone/temp/pages) (00:00.000 / 00:13.832, 353Mb)
Troubleshooting Note: usual cases for Jekyll to fail are:                                            (00:00.000 / 00:13.832, 354Mb)
* A failure to produce a fragment that is already logged in the output above                         (00:00.000 / 00:13.832, 354Mb)
* A reference to a manually edited file that hasn't been provided                                    (00:00.000 / 00:13.832, 354Mb)
Jekyll: Source: /tmp/ig-builds/ans.hl7v2.fr.teleradiologie#0.1.0-ballot-milestone/temp/pages         (00:00.313 / 00:14.146, 356Mb)
Jekyll: Generating...                                                                                (00:00.000 / 00:14.146, 356Mb)
Jekyll: done in 0.69 seconds.                                                                        (00:00.689 / 00:14.836, 356Mb)
[39m
[0;39m[39mInstalling ans.hl7v2.fr.teleradiologie#0.1.0-ballot
[0;39mChecking Output HTML                                                                                 (00:00.044 / 00:14.880, 364Mb)
Processed /tmp/ig-builds/ans.hl7v2.fr.teleradiologie#0.1.0-ballot-milestone/output - % reduction = 59 (764155 ==> 318401)
found 628 files                                                                                      (00:00.166 / 00:15.047, 460Mb)
.........................................
.........................................
  ... 628 html files, 0 pages invalid xhtml (0%)                                                     (00:00.952 / 00:16.000, 526Mb)
  ... 1170 links, 9 broken links (0%)                                                                (00:00.000 / 00:16.000, 527Mb)
Generate fragment-usage-analysis.csv                                                                 (00:00.000 / 00:16.001, 527Mb)
Build final .zip                                                                                     (00:00.010 / 00:16.011, 527Mb)
Final .zip built                                                                                     (00:00.536 / 00:16.547, 544Mb)
Built. Times: loading: 00:00.526, generate: 00:09.052, narrative generation: 00:00.008, validation: 00:02.413, realm-rules: 00:00.000, previous-version: 00:00.000, jekyll: 00:01.011, template: 00:01.367 (#3) (00:01.053 / 00:17.601, 621Mb)
Generating QA                                                                                        (00:00.000 / 00:17.601, 621Mb)
Internal error in location for message: 'Error @1, 2: Found / expecting a token name', loc = '/tmp/ig-builds/ans.hl7v2.fr.teleradiologie#0.1.0-ballot-milestone/output/searchform.html#/html/body/', err = 'The <script> containing the javascript '$( document ).ready('... is illegal and not allowed on the H'
Validation output in /tmp/ig-builds/ans.hl7v2.fr.teleradiologie#0.1.0-ballot-milestone/output/qa.html
Errors: 1, Warnings: 4, Info: 1, Broken Links: 9 (00:00.055 / 00:17.657, 634Mb)
Finished @ 03/02/2026 20:13. Max Memory Used = 1Gb. Log file saved in /tmp/fhir-ig-publisher-tmp.log (00:00.005 / 00:17.663, 634Mb)
Keep a copy of the build directory at /tmp/web-root/run-20260203/ig-build-zips/ans.hl7v2.fr.teleradiologie#0.1.0-ballot.zip

ok. All checks passed. Publish v0.1.0-ballot to /tmp/web-root/run-20260203/teleradiologie/0.1.0-ballot
Copy the IG to /tmp/web-root/run-20260203/teleradiologie/0.1.0-ballot
Update /tmp/web-root/run-20260203/teleradiologie/package-list.json
Publish Box Statement: This page is part of the Volet Téléradiologie (v0.1.0-ballot: Release) based on <a data-no-external="true" href="http://hl7.org/fhir/R4">FHIR (HL7® FHIR® Standard) R4</a>. This is the current published version in its permanent home (it will always be available at this URL).  For a full list of available versions, see the <a data-no-external="true" href="https://interop.esante.gouv.fr/ig/hl7v2/teleradiologie/history.html">Directory of published versions</a>
  .. 16 files checked, 16 updated
  .. 5 clones checked, 10 updated
  .. 1 redirections (1 created/updated)
This is a milestone release - publish v0.1.0-ballot to /tmp/web-root/run-20260203/teleradiologie
Publish Box Statement: This page is part of the Volet Téléradiologie (v0.1.0-ballot: Release) based on <a data-no-external="true" href="http://hl7.org/fhir/R4">FHIR (HL7® FHIR® Standard) R4</a>. This is the current published version.  For a full list of available versions, see the <a data-no-external="true" href="https://interop.esante.gouv.fr/ig/hl7v2/teleradiologie/history.html">Directory of published versions</a>
  .. 16 files checked, 16 updated
  .. 5 clones checked, 10 updated
  .. 1 redirections (1 created/updated)
Check for Files to delete
  ... 0 files
Copy to new IG /tmp/web-root/run-20260203/teleradiologie
ans.hl7v2.fr.teleradiologie (https://interop.esante.gouv.fr/ig/hl7v2/teleradiologie): Volet Téléradiologie @ https://ansforge.github.io/interop-ig-hl7v2-teleradiologie/main/ig
  release: STU1 0.1.0-ballot/4.0.1 @ https://interop.esante.gouv.fr/ig/hl7v2/teleradiologie/0.1.0-ballot
Build is complete. Copy from /tmp/web-root/run-20260203
Update history page at /tmp/web-root/run-20260203/teleradiologie from /home/runner/work/interop-ig-hl7v2-teleradiologie/interop-ig-hl7v2-teleradiologie/./IG-website-release/fhir-ig-history-template and ./IG-website-release/templates
