FHIR IG Publisher Version 2.2.8 (Git# e39e13a432d0). Built 2026-05-23T19:17:05.32Z (19 days old)
Detected Java version: 17.0.10 from /opt/hostedtoolcache/Java_Microsoft_jdk/17.0.10/x64 on amd64 (64bit). 3998MB available
dir = /home/runner/work/interop-ig-hl7v2-teleradiologie/interop-ig-hl7v2-teleradiologie, path = /opt/hostedtoolcache/Ruby/3.3.11/x64/bin:/usr/share/dotnet:/opt/hostedtoolcache/node/20.20.2/x64/bin:/opt/hostedtoolcache/Java_Microsoft_jdk/17.0.10/x64/bin:/snap/bin:/home/runner/.local/bin:/opt/pipx_bin:/home/runner/.cargo/bin:/home/runner/.config/composer/vendor/bin:/usr/local/.ghcup/bin:/home/runner/.dotnet/tools:/usr/local/sbin:/usr/local/bin:/usr/sbin:/usr/bin:/sbin:/bin:/usr/games:/usr/local/games:/snap/bin
Parameters: -go-publish -source ./igSource -web ./IG-website-release/www/ig/hl7v2 -registry ./IG-website-release/ig-registry/fhir-ig-list.json -history ./IG-website-release/fhir-ig-history-template -templates ./IG-website-release/templates
---------------
Publication Run: publish ./igSource to ./IG-website-release/www/ig/hl7v2
Relative directory for IG is '/teleradiologie'
===== Web Publication Run Details ===============================
 Source IG: ans.hl7v2.fr.teleradiologie#0.2.0 : https://interop.esante.gouv.fr/ig/hl7v2/teleradiologie (R4) from ./igSource
All checks passed. Do the publication build from /home/runner/work/interop-ig-hl7v2-teleradiologie/interop-ig-hl7v2-teleradiologie/./igSource and publish to /tmp/web-root/run-20260612/teleradiologie
Prepare Build space in /tmp/ig-builds/ans.hl7v2.fr.teleradiologie#0.2.0
Build IG at /home/runner/work/interop-ig-hl7v2-teleradiologie/interop-ig-hl7v2-teleradiologie/./igSource: final copy suitable for publication (in /tmp/ig-builds/ans.hl7v2.fr.teleradiologie#0.2.0)
FHIR IG Publisher Version 2.2.8 (Git# e39e13a432d0). Built 2026-05-23T19:17:05.32Z (19 days old)    
Detected Java version: 17.0.10 from /opt/hostedtoolcache/Java_Microsoft_jdk/17.0.10/x64 on Linux/amd64 (64bit). 3998MB available
dir = /home/runner/work/interop-ig-hl7v2-teleradiologie/interop-ig-hl7v2-teleradiologie, path = /opt/hostedtoolcache/Ruby/3.3.11/x64/bin:/usr/share/dotnet:/opt/hostedtoolcache/node/20.20.2/x64/bin:/opt/hostedtoolcache/Java_Microsoft_jdk/17.0.10/x64/bin:/snap/bin:/home/runner/.local/bin:/opt/pipx_bin:/home/runner/.cargo/bin:/home/runner/.config/composer/vendor/bin:/usr/local/.ghcup/bin:/home/runner/.dotnet/tools:/usr/local/sbin:/usr/local/bin:/usr/sbin:/usr/bin:/sbin:/bin:/usr/games:/usr/local/games:/snap/bin
Parameters: -publish https://interop.esante.gouv.fr/ig/hl7v2/teleradiologie/0.2.0 -no-exit -ig /tmp/ig-builds/ans.hl7v2.fr.teleradiologie#0.2.0 -resetTx
Character encoding = UTF-8 / UTF-8                                                                  
Start Clock @ Friday, June 12, 2026 at 9:57:13 AM Coordinated Universal Time (2026-06-12T09:57:13Z) 
                                                                                                    
Build FHIR IG from /tmp/ig-builds/ans.hl7v2.fr.teleradiologie#0.2.0                                  (00:00.020 / 00:00.020, 35Mb)
Build Formal Publication package, intended for https://interop.esante.gouv.fr/ig/hl7v2/teleradiologie/0.2.0 (00:00.003 / 00:00.023, 35Mb)
API keys loaded from /home/runner/.fhir/fhir-settings.json                                           (00:00.000 / 00:00.024, 35Mb)
Package Cache: /home/runner/.fhir/packages                                                           (00:00.003 / 00:00.028, 35Mb)
Root directory: /tmp/ig-builds/ans.hl7v2.fr.teleradiologie#0.2.0                                     (00:00.003 / 00:00.031, 35Mb)
Unable to load IG as an r5 IG - try R4 (property code is a class com.google.gson.JsonPrimitive looking for an object) (00:00.436 / 00:00.468, 55Mb)
Load Template from https://github.com/ansforge/IG-template/tree/template-hl7v2-css                   (00:00.438 / 00:00.906, 26Mb)
 Load Template from fhir.base.template#current                                                       (00:01.039 / 00:01.946, 53Mb)
[33mThis content depends on fhir.base.template which is no longer considered secure to use
[0;39m[33mSee Security notification at https://www.fhir.org/guides/security-notices/2026-03-npm-dependencies.html
[0;39mScanning directory: /tmp/ig-builds/ans.hl7v2.fr.teleradiologie#0.2.0/template
======================================================================
Terminology Cache is at /tmp/ig-builds/ans.hl7v2.fr.teleradiologie#0.2.0/input-cache/txcache. Clearing now (00:03.836 / 00:05.783, 166Mb)
Core Package hl7.fhir.r4.core#4.0.1                                                                  (00:00.001 / 00:05.784, 166Mb)
Running Terminology Log: /tmp/ohfu-fhir-ig-15135575932647186165.html
Connect to Terminology Server at http://tx.fhir.org                                                  (00:04.098 / 00:09.883, 461Mb)
[39mLoad Package hl7.fhir.pubpack#0.2.5
[0;39m[39mLoad Package hl7.fhir.xver-extensions#0.1.0
[0;39m[39mLoad Package hl7.terminology.r4#7.1.0
[0;39m[39mLoad Package hl7.fhir.uv.extensions.r4#5.3.0
[0;39m[39mLoad Package hl7.fhir.uv.tools.r4#1.1.2
[0;39mLoad R5 Specials
Initialization complete                                                                              (00:04.674 / 00:14.557, 435Mb)
Load IG                                                                                              (00:00.000 / 00:14.558, 435Mb)
Load Content                                                                                         (00:00.002 / 00:14.560, 436Mb)
Using fr_FR as the default narrative language. (inferred from ImplementationGuide.jurisdiction=FR)   (00:00.058 / 00:14.619, 376Mb)
Process Loaded Resources                                                                             (00:00.037 / 00:14.656, 377Mb)
Generating Snapshots                                                                                 (00:00.026 / 00:14.683, 382Mb)

Signing Certificate: RSA key for Subject: OU=IG Publisher, L=Ann Arbor, CN=hl7.org, O=HL7, ST=Missouri, C=us from: OU=IG Publisher, L=Ann Arbor, CN=hl7.org, O=HL7, ST=Missouri, C=us
Fetch https://interop.esante.gouv.fr/ig/hl7v2/teleradiologie/package-list.json for version check     (00:00.120 / 00:14.803, 389Mb)
Checking Language                                                                                    (00:00.628 / 00:15.432, 366Mb)
Load Dependency Info                                                                                 (00:00.002 / 00:15.434, 366Mb)
Load Info                                                                                            (00:00.000 / 00:15.435, 366Mb)
Load Paths                                                                                           (00:00.000 / 00:15.436, 367Mb)
Check R4 / R4B                                                                                       (00:00.000 / 00:15.437, 367Mb)
Assign Comparison Ids                                                                                (00:00.016 / 00:15.453, 369Mb)
Propagating status                                                                                   (00:00.000 / 00:15.453, 369Mb)
Generating Narratives                                                                                (00:00.000 / 00:15.454, 369Mb)
Validating Conformance Resources                                                                     (00:00.075 / 00:15.529, 379Mb)
Check profiles & code systems                                                                        (00:07.146 / 00:22.675, 732Mb)
Check realm rules                                                                                    (00:00.000 / 00:22.676, 732Mb)
Previous Version Comparison                                                                          (00:00.000 / 00:22.677, 732Mb)
.. loaded. Process                                                                                   (00:00.000 / 00:22.677, 732Mb)
  ...ImplementationGuide ans.hl7v2.fr.teleradiologie                                                 (00:00.000 / 00:22.678, 732Mb)
finish previous version comparison                                                                   (00:00.000 / 00:22.678, 732Mb)
finish ipa version                                                                                   (00:00.000 / 00:22.679, 732Mb)
finish ips version                                                                                   (00:00.000 / 00:22.679, 732Mb)
comparisons done                                                                                     (00:00.000 / 00:22.680, 732Mb)
Checking for Bundles to sign                                                                         (00:00.007 / 00:22.687, 732Mb)
Validating Resources                                                                                 (00:00.000 / 00:22.687, 732Mb)
Processing Provenance Records                                                                        (00:00.000 / 00:22.688, 732Mb)
Generating Outputs in /tmp/ig-builds/ans.hl7v2.fr.teleradiologie#0.2.0/output                        (00:00.000 / 00:22.688, 732Mb)
Generate Native Outputs                                                                              (00:00.220 / 00:22.908, 747Mb)
Run Template                                                                                         (00:00.415 / 00:23.324, 844Mb)
Generate HTML Outputs                                                                                (00:03.153 / 00:26.478, 381Mb)
Generate Spreadsheets                                                                                (00:00.089 / 00:26.568, 402Mb)
Generate Summaries                                                                                   (00:00.000 / 00:26.568, 402Mb)
Generating Summary Outputs                                                                           (00:00.000 / 00:26.569, 402Mb)
DB Cumulative Time invested: 00:00:00.50
Sending Usage Stats to Server                                                                        (00:02.831 / 00:29.400, 568Mb)
## Memory (MB): Use = 568, Free = 483, Total = 1052, Max = 3998                                      (00:00.004 / 00:29.405, 569Mb)
Reclaiming memory...                                                                                 (00:00.000 / 00:29.406, 569Mb)
## Memory (MB): Use = 310, Free = 741, Total = 1052, Max = 3998                                      (00:00.178 / 00:29.585, 311Mb)
Run jekyll: jekyll build --destination "/tmp/ig-builds/ans.hl7v2.fr.teleradiologie#0.2.0/output" (in folder /tmp/ig-builds/ans.hl7v2.fr.teleradiologie#0.2.0/temp/pages) (00:00.005 / 00:29.590, 312Mb)
Troubleshooting Note: usual cases for Jekyll to fail are:                                            (00:00.005 / 00:29.596, 312Mb)
* A failure to produce a fragment that is already logged in the output above                         (00:00.000 / 00:29.597, 312Mb)
* A reference to a manually edited file that hasn't been provided                                    (00:00.000 / 00:29.597, 312Mb)
Jekyll: Source: /tmp/ig-builds/ans.hl7v2.fr.teleradiologie#0.2.0/temp/pages                          (00:00.562 / 00:30.160, 316Mb)
Jekyll: Generating...                                                                                (00:00.000 / 00:30.161, 316Mb)
Jekyll: done in 0.892 seconds.                                                                       (00:00.891 / 00:31.052, 316Mb)
Generating combined package                                                                          (00:00.438 / 00:31.491, 380Mb)
[39mProducing Output Package in /tmp/ig-builds/ans.hl7v2.fr.teleradiologie#0.2.0/output/package-combined.tgz
[0;39m[39mDone
[0;39m[39m
[0;39m[39mInstalling ans.hl7v2.fr.teleradiologie#0.2.0
[0;39m[39m done.
[0;39m[39m loaded @ /home/runner/.fhir/packages/ans.hl7v2.fr.teleradiologie#0.2.0
[0;39mChecking Output HTML                                                                                 (00:00.097 / 00:31.588, 392Mb)
Processed /tmp/ig-builds/ans.hl7v2.fr.teleradiologie#0.2.0/output - % reduction = 60 (772268 ==> 314659)
found 631 files                                                                                      (00:00.151 / 00:31.740, 485Mb)
..........................................
..........................................
  ... 631 html files, 0 pages invalid xhtml (0%)                                                     (00:01.105 / 00:32.845, 661Mb)
  ... 1151 links, 4 broken links (0%)                                                                (00:00.000 / 00:32.846, 661Mb)
Generate fragment-usage-analysis.csv                                                                 (00:00.000 / 00:32.846, 661Mb)
Build final .zip                                                                                     (00:00.011 / 00:32.857, 661Mb)
Final .zip built                                                                                     (00:00.540 / 00:33.398, 679Mb)
Built. Times: loading: 00:00.872, generate: 00:19.393, narrative generation: 00:00.074, validation: 00:07.143, realm-rules: 00:00.000, previous-version: 00:00.003, jekyll: 00:01.474, template: 00:03.153 (#3) (00:01.427 / 00:34.826, 807Mb)
Generating QA                                                                                        (00:00.000 / 00:34.827, 808Mb)
Internal error in location for message: 'Error @1, 2: Found / expecting a token name', loc = '/tmp/ig-builds/ans.hl7v2.fr.teleradiologie#0.2.0/output/searchform.html#/html/body/div/div/div/a/img', err = 'The <script> containing the javascript '$( document ).ready('... is illegal and not allowed on the H'
Validation output in /tmp/ig-builds/ans.hl7v2.fr.teleradiologie#0.2.0/output/qa.html
Errors: 1, Warnings: 4, Info: 0, Broken Links: 4 (00:00.142 / 00:34.969, 826Mb)
Finished @ 12/06/2026 09:57. Max Memory Used = 844Mb. Log file saved in /tmp/fhir-ig-publisher-tmp.log (00:00.013 / 00:34.983, 827Mb)
Prepare Build space in /tmp/ig-builds/ans.hl7v2.fr.teleradiologie#0.2.0-milestone
Build IG at /home/runner/work/interop-ig-hl7v2-teleradiologie/interop-ig-hl7v2-teleradiologie/./igSource: final copy suitable for publication (in /tmp/ig-builds/ans.hl7v2.fr.teleradiologie#0.2.0-milestone) (milestone build)
FHIR IG Publisher Version 2.2.8 (Git# e39e13a432d0). Built 2026-05-23T19:17:05.32Z (19 days old)    
Detected Java version: 17.0.10 from /opt/hostedtoolcache/Java_Microsoft_jdk/17.0.10/x64 on Linux/amd64 (64bit). 3998MB available
dir = /home/runner/work/interop-ig-hl7v2-teleradiologie/interop-ig-hl7v2-teleradiologie, path = /opt/hostedtoolcache/Ruby/3.3.11/x64/bin:/usr/share/dotnet:/opt/hostedtoolcache/node/20.20.2/x64/bin:/opt/hostedtoolcache/Java_Microsoft_jdk/17.0.10/x64/bin:/snap/bin:/home/runner/.local/bin:/opt/pipx_bin:/home/runner/.cargo/bin:/home/runner/.config/composer/vendor/bin:/usr/local/.ghcup/bin:/home/runner/.dotnet/tools:/usr/local/sbin:/usr/local/bin:/usr/sbin:/usr/bin:/sbin:/bin:/usr/games:/usr/local/games:/snap/bin
Parameters: -publish https://interop.esante.gouv.fr/ig/hl7v2/teleradiologie/0.2.0 -no-exit -ig /tmp/ig-builds/ans.hl7v2.fr.teleradiologie#0.2.0-milestone -milestone
Character encoding = UTF-8 / UTF-8                                                                  
Start Clock @ Friday, June 12, 2026 at 9:57:49 AM Coordinated Universal Time (2026-06-12T09:57:49Z) 
                                                                                                    
Build FHIR IG from /tmp/ig-builds/ans.hl7v2.fr.teleradiologie#0.2.0-milestone                        (00:00.002 / 00:00.002, 850Mb)
Build Formal Publication package, intended for https://interop.esante.gouv.fr/ig/hl7v2/teleradiologie/0.2.0 (00:00.000 / 00:00.002, 850Mb)
API keys loaded from /home/runner/.fhir/fhir-settings.json                                           (00:00.000 / 00:00.002, 850Mb)
Package Cache: /home/runner/.fhir/packages                                                           (00:00.000 / 00:00.003, 850Mb)
Root directory: /tmp/ig-builds/ans.hl7v2.fr.teleradiologie#0.2.0-milestone                           (00:00.002 / 00:00.005, 850Mb)
Unable to load IG as an r5 IG - try R4 (property code is a class com.google.gson.JsonPrimitive looking for an object) (00:00.001 / 00:00.006, 850Mb)
Load Template from https://github.com/ansforge/IG-template/tree/template-hl7v2-css                   (00:00.015 / 00:00.022, 851Mb)
 Load Template from fhir.base.template#current                                                       (00:00.959 / 00:00.981, 349Mb)
[33mThis content depends on fhir.base.template which is no longer considered secure to use
[0;39m[33mSee Security notification at https://www.fhir.org/guides/security-notices/2026-03-npm-dependencies.html
[0;39mScanning directory: /tmp/ig-builds/ans.hl7v2.fr.teleradiologie#0.2.0-milestone/template
======================================================================
Terminology Cache is at /tmp/ig-builds/ans.hl7v2.fr.teleradiologie#0.2.0-milestone/input-cache/txcache. 9 files in cache (00:02.643 / 00:03.625, 403Mb)
Core Package hl7.fhir.r4.core#4.0.1                                                                  (00:00.000 / 00:03.625, 403Mb)
Running Terminology Log: /tmp/ohfu-fhir-ig-3759900194266896477.html
Connect to Terminology Server at http://tx.fhir.org                                                  (00:02.306 / 00:05.931, 561Mb)
[39mLoad Package hl7.fhir.pubpack#0.2.5
[0;39m[39mLoad Package hl7.fhir.xver-extensions#0.1.0
[0;39m[39mLoad Package hl7.terminology.r4#7.1.0
[0;39m[39mLoad Package hl7.fhir.uv.extensions.r4#5.3.0
[0;39m[39mLoad Package hl7.fhir.uv.tools.r4#1.1.2
[0;39mLoad R5 Specials
Initialization complete                                                                              (00:02.720 / 00:08.652, 610Mb)
Load IG                                                                                              (00:00.000 / 00:08.653, 610Mb)
Load Content                                                                                         (00:00.002 / 00:08.655, 610Mb)
Using fr_FR as the default narrative language. (inferred from ImplementationGuide.jurisdiction=FR)   (00:00.009 / 00:08.665, 614Mb)
Process Loaded Resources                                                                             (00:00.011 / 00:08.676, 615Mb)
Generating Snapshots                                                                                 (00:00.011 / 00:08.688, 619Mb)

Signing Certificate: RSA key for Subject: OU=IG Publisher, L=Ann Arbor, CN=hl7.org, O=HL7, ST=Missouri, C=us from: OU=IG Publisher, L=Ann Arbor, CN=hl7.org, O=HL7, ST=Missouri, C=us
Fetch https://interop.esante.gouv.fr/ig/hl7v2/teleradiologie/package-list.json for version check     (00:00.020 / 00:08.708, 622Mb)
Checking Language                                                                                    (00:00.468 / 00:09.177, 622Mb)
Load Dependency Info                                                                                 (00:00.001 / 00:09.178, 623Mb)
Load Info                                                                                            (00:00.000 / 00:09.179, 623Mb)
Load Paths                                                                                           (00:00.000 / 00:09.179, 624Mb)
Check R4 / R4B                                                                                       (00:00.000 / 00:09.180, 624Mb)
Assign Comparison Ids                                                                                (00:00.005 / 00:09.185, 625Mb)
Propagating status                                                                                   (00:00.000 / 00:09.186, 625Mb)
Generating Narratives                                                                                (00:00.000 / 00:09.186, 625Mb)
Validating Conformance Resources                                                                     (00:00.009 / 00:09.196, 629Mb)
Check profiles & code systems                                                                        (00:02.617 / 00:11.814, 605Mb)
Check realm rules                                                                                    (00:00.000 / 00:11.814, 605Mb)
Previous Version Comparison                                                                          (00:00.000 / 00:11.815, 605Mb)
.. loaded. Process                                                                                   (00:00.000 / 00:11.815, 605Mb)
  ...ImplementationGuide ans.hl7v2.fr.teleradiologie                                                 (00:00.000 / 00:11.815, 605Mb)
finish previous version comparison                                                                   (00:00.000 / 00:11.816, 605Mb)
finish ipa version                                                                                   (00:00.000 / 00:11.816, 605Mb)
finish ips version                                                                                   (00:00.000 / 00:11.817, 605Mb)
comparisons done                                                                                     (00:00.000 / 00:11.817, 605Mb)
Checking for Bundles to sign                                                                         (00:00.001 / 00:11.818, 605Mb)
Validating Resources                                                                                 (00:00.000 / 00:11.819, 605Mb)
Processing Provenance Records                                                                        (00:00.000 / 00:11.819, 605Mb)
Generating Outputs in /tmp/ig-builds/ans.hl7v2.fr.teleradiologie#0.2.0-milestone/output              (00:00.000 / 00:11.820, 605Mb)
Generate Native Outputs                                                                              (00:00.117 / 00:11.938, 619Mb)
Run Template                                                                                         (00:00.093 / 00:12.031, 645Mb)
Generate HTML Outputs                                                                                (00:01.840 / 00:13.871, 681Mb)
Generate Spreadsheets                                                                                (00:00.062 / 00:13.933, 701Mb)
Generate Summaries                                                                                   (00:00.000 / 00:13.934, 701Mb)
Generating Summary Outputs                                                                           (00:00.000 / 00:13.934, 701Mb)
DB Cumulative Time invested: 00:00:00.49
Sending Usage Stats to Server                                                                        (00:01.964 / 00:15.898, 1Gb)
## Memory (MB): Use = 1383, Free = 918, Total = 2302, Max = 3998                                     (00:00.001 / 00:15.899, 1Gb)
Reclaiming memory...                                                                                 (00:00.000 / 00:15.900, 1Gb)
## Memory (MB): Use = 311, Free = 756, Total = 1068, Max = 3998                                      (00:00.176 / 00:16.077, 313Mb)
Run jekyll: jekyll build --destination "/tmp/ig-builds/ans.hl7v2.fr.teleradiologie#0.2.0-milestone/output" (in folder /tmp/ig-builds/ans.hl7v2.fr.teleradiologie#0.2.0-milestone/temp/pages) (00:00.000 / 00:16.078, 313Mb)
Troubleshooting Note: usual cases for Jekyll to fail are:                                            (00:00.000 / 00:16.078, 313Mb)
* A failure to produce a fragment that is already logged in the output above                         (00:00.000 / 00:16.079, 313Mb)
* A reference to a manually edited file that hasn't been provided                                    (00:00.000 / 00:16.079, 313Mb)
Jekyll: Source: /tmp/ig-builds/ans.hl7v2.fr.teleradiologie#0.2.0-milestone/temp/pages                (00:00.390 / 00:16.470, 315Mb)
Jekyll: Generating...                                                                                (00:00.000 / 00:16.471, 315Mb)
Jekyll: done in 0.772 seconds.                                                                       (00:00.771 / 00:17.243, 315Mb)
Generating combined package                                                                          (00:00.030 / 00:17.273, 319Mb)
[39mProducing Output Package in /tmp/ig-builds/ans.hl7v2.fr.teleradiologie#0.2.0-milestone/output/package-combined.tgz
[0;39m[39mDone
[0;39m[39m
[0;39m[39mInstalling ans.hl7v2.fr.teleradiologie#0.2.0
[0;39m[39m loaded @ /home/runner/.fhir/packages/ans.hl7v2.fr.teleradiologie#0.2.0
[0;39mChecking Output HTML                                                                                 (00:00.029 / 00:17.302, 322Mb)
Processed /tmp/ig-builds/ans.hl7v2.fr.teleradiologie#0.2.0-milestone/output - % reduction = 60 (772268 ==> 314659)
found 631 files                                                                                      (00:00.109 / 00:17.412, 415Mb)
..........................................
..........................................
  ... 631 html files, 0 pages invalid xhtml (0%)                                                     (00:00.764 / 00:18.177, 594Mb)
  ... 1151 links, 4 broken links (0%)                                                                (00:00.000 / 00:18.177, 594Mb)
Generate fragment-usage-analysis.csv                                                                 (00:00.000 / 00:18.178, 594Mb)
Build final .zip                                                                                     (00:00.009 / 00:18.187, 595Mb)
Final .zip built                                                                                     (00:00.539 / 00:18.727, 612Mb)
Built. Times: loading: 00:00.521, generate: 00:10.409, narrative generation: 00:00.009, validation: 00:02.616, realm-rules: 00:00.000, previous-version: 00:00.002, jekyll: 00:01.175, template: 00:01.839 (#3) (00:00.860 / 00:19.587, 418Mb)
Generating QA                                                                                        (00:00.000 / 00:19.587, 418Mb)
Internal error in location for message: 'Error @1, 2: Found / expecting a token name', loc = '/tmp/ig-builds/ans.hl7v2.fr.teleradiologie#0.2.0-milestone/output/searchform.html#/html/body/div/div', err = 'The <script> containing the javascript '$( document ).ready('... is illegal and not allowed on the H'
Validation output in /tmp/ig-builds/ans.hl7v2.fr.teleradiologie#0.2.0-milestone/output/qa.html
Errors: 1, Warnings: 4, Info: 0, Broken Links: 4 (00:00.049 / 00:19.637, 433Mb)
Finished @ 12/06/2026 09:58. Max Memory Used = 1Gb. Log file saved in /tmp/fhir-ig-publisher-tmp.log (00:00.005 / 00:19.643, 434Mb)
Keep a copy of the build directory at /tmp/web-root/run-20260612/ig-build-zips/ans.hl7v2.fr.teleradiologie#0.2.0.zip

ok. All checks passed. Publish v0.2.0 to /tmp/web-root/run-20260612/teleradiologie/0.2.0
Copy the IG to /tmp/web-root/run-20260612/teleradiologie/0.2.0
Update /tmp/web-root/run-20260612/teleradiologie/package-list.json
Publish Box Statement: This page is part of the Volet Téléradiologie (v0.2.0: Release) based on <a data-no-external="true" href="http://hl7.org/fhir/R4">FHIR (HL7® FHIR® Standard) R4</a>. This is the current published version in its permanent home (it will always be available at this URL).  For a full list of available versions, see the <a data-no-external="true" href="https://interop.esante.gouv.fr/ig/hl7v2/teleradiologie/history.html">Directory of published versions</a>
  .. 16 files checked, 16 updated
  .. 5 clones checked, 10 updated
  .. 1 redirections (1 created/updated)
This is a milestone release - publish v0.2.0 to /tmp/web-root/run-20260612/teleradiologie
Update publish box for version 0.1.0 @ https://interop.esante.gouv.fr/ig/hl7v2/teleradiologie/0.1.0
Publish Box Statement: This page is part of the Volet Téléradiologie (v0.1.0: <a data-no-external="true" href="https://confluence.hl7.org/display/HL7/HL7+Balloting" title="Standard for Trial-Use">STU</a>1 Draft) based on <a data-no-external="true" href="http://hl7.org/fhir/R4">FHIR (HL7® FHIR® Standard) R4</a>. The current version which supersedes this version is <a data-no-external="true" href="https://interop.esante.gouv.fr/ig/hl7v2/teleradiologie{{fn}}">0.2.0</a>.  For a full list of available versions, see the <a data-no-external="true" href="https://interop.esante.gouv.fr/ig/hl7v2/teleradiologie/history.html">Directory of published versions</a>
  .. 16 files checked, 16 updated
  .. 5 clones checked, 0 updated
Building download for /tmp/web-root/run-20260612/teleradiologie/0.1.0 url = https://interop.esante.gouv.fr/ig/hl7v2/teleradiologie/0.1.0, canonical = https://interop.esante.gouv.fr/ig/hl7v2/teleradiologie
  ...
 ..Finished
Update publish box for version 0.1.0-ballot @ https://interop.esante.gouv.fr/ig/hl7v2/teleradiologie/0.1.0-ballot
Publish Box Statement: This page is part of the Volet Téléradiologie (v0.1.0-ballot: Release) based on <a data-no-external="true" href="http://hl7.org/fhir/R4">FHIR (HL7® FHIR® Standard) R4</a>. The current version which supersedes this version is <a data-no-external="true" href="https://interop.esante.gouv.fr/ig/hl7v2/teleradiologie{{fn}}">0.2.0</a>.  For a full list of available versions, see the <a data-no-external="true" href="https://interop.esante.gouv.fr/ig/hl7v2/teleradiologie/history.html">Directory of published versions</a>
  .. 16 files checked, 16 updated
  .. 5 clones checked, 0 updated
Building download for /tmp/web-root/run-20260612/teleradiologie/0.1.0-ballot url = https://interop.esante.gouv.fr/ig/hl7v2/teleradiologie/0.1.0-ballot, canonical = https://interop.esante.gouv.fr/ig/hl7v2/teleradiologie
  ...
 ..Finished
Publish Box Statement: This page is part of the Volet Téléradiologie (v0.2.0: Release) based on <a data-no-external="true" href="http://hl7.org/fhir/R4">FHIR (HL7® FHIR® Standard) R4</a>. This is the current published version.  For a full list of available versions, see the <a data-no-external="true" href="https://interop.esante.gouv.fr/ig/hl7v2/teleradiologie/history.html">Directory of published versions</a>
  .. 16 files checked, 16 updated
  .. 5 clones checked, 10 updated
  .. 1 redirections (1 created/updated)
Check for Files to delete
  ... 0 files
Copy to new IG /tmp/web-root/run-20260612/teleradiologie
ans.hl7v2.fr.teleradiologie (https://interop.esante.gouv.fr/ig/hl7v2/teleradiologie): Volet Téléradiologie @ https://ansforge.github.io/interop-ig-hl7v2-teleradiologie/main/ig
  edition: trial-implementation 0.2.0/4.0.1 @ https://interop.esante.gouv.fr/ig/hl7v2/teleradiologie/0.2.0
Build is complete. Copy from /tmp/web-root/run-20260612
Update history page at /tmp/web-root/run-20260612/teleradiologie from /home/runner/work/interop-ig-hl7v2-teleradiologie/interop-ig-hl7v2-teleradiologie/./IG-website-release/fhir-ig-history-template and ./IG-website-release/templates
