FHIR IG Publisher Version 1.8.6 (Git# ee78712a9566). Built 2025-01-05T06:01:16.464Z (28 hours old)
Detected Java version: 17.0.10 from /opt/hostedtoolcache/Java_Microsoft_jdk/17.0.10/x64 on amd64 (64bit). 3998MB available
dir = /home/runner/work/IG-hl7v2-volet-transmission-document-cda-r2/IG-hl7v2-volet-transmission-document-cda-r2, path = /opt/hostedtoolcache/Ruby/3.3.6/x64/bin:/opt/hostedtoolcache/node/20.18.1/x64/bin:/opt/hostedtoolcache/Java_Microsoft_jdk/17.0.10/x64/bin:/snap/bin:/home/runner/.local/bin:/opt/pipx_bin:/home/runner/.cargo/bin:/home/runner/.config/composer/vendor/bin:/usr/local/.ghcup/bin:/home/runner/.dotnet/tools:/usr/local/sbin:/usr/local/bin:/usr/sbin:/usr/bin:/sbin:/bin:/usr/games:/usr/local/games:/snap/bin
Parameters: -go-publish -source ./igSource -web ./IG-website-release/www/ig/hl7v2 -registry ./IG-website-release/ig-registry/fhir-ig-list.json -history ./IG-website-release/fhir-ig-history-template -templates ./IG-website-release/templates
---------------
Publication Run: publish ./igSource to ./IG-website-release/www/ig/hl7v2
Run Number: 1
Relative directory for IG is '/trans-cda-r2'
===== Web Publication Run Details ===============================
 Source IG: ans.hl7v2.fr.trans-cda-r2#2.1.1 : https://interop.esante.gouv.fr/ig/hl7v2/trans-cda-r2 (R4) from ./igSource
All checks passed. Do the publication build from /home/runner/work/IG-hl7v2-volet-transmission-document-cda-r2/IG-hl7v2-volet-transmission-document-cda-r2/./igSource and publish to /tmp/web-root/run-20250106/trans-cda-r2
Prepare Build space in /tmp/ans.hl7v2.fr.trans-cda-r2#2.1.1
Build IG at /home/runner/work/IG-hl7v2-volet-transmission-document-cda-r2/IG-hl7v2-volet-transmission-document-cda-r2/./igSource: final copy suitable for publication (in /tmp/ans.hl7v2.fr.trans-cda-r2#2.1.1)
FHIR IG Publisher Version 1.8.6 (Git# ee78712a9566). Built 2025-01-05T06:01:16.464Z (28 hours old)  
Detected Java version: 17.0.10 from /opt/hostedtoolcache/Java_Microsoft_jdk/17.0.10/x64 on Linux/amd64 (64bit). 3998MB available
dir = /home/runner/work/IG-hl7v2-volet-transmission-document-cda-r2/IG-hl7v2-volet-transmission-document-cda-r2, path = /opt/hostedtoolcache/Ruby/3.3.6/x64/bin:/opt/hostedtoolcache/node/20.18.1/x64/bin:/opt/hostedtoolcache/Java_Microsoft_jdk/17.0.10/x64/bin:/snap/bin:/home/runner/.local/bin:/opt/pipx_bin:/home/runner/.cargo/bin:/home/runner/.config/composer/vendor/bin:/usr/local/.ghcup/bin:/home/runner/.dotnet/tools:/usr/local/sbin:/usr/local/bin:/usr/sbin:/usr/bin:/sbin:/bin:/usr/games:/usr/local/games:/snap/bin
Parameters: -ig /tmp/ans.hl7v2.fr.trans-cda-r2#2.1.1 -resetTx -publish https://interop.esante.gouv.fr/ig/hl7v2/trans-cda-r2/2.1.1 -no-exit
Start Clock @ Monday, January 6, 2025 at 10:33:36 AM Coordinated Universal Time (2025-01-06T10:33:36Z)
                                                                                                    
Build FHIR IG from /tmp/ans.hl7v2.fr.trans-cda-r2#2.1.1                                              (00:00.020 / 00:00.020, 19Mb)
Build Formal Publication package, intended for https://interop.esante.gouv.fr/ig/hl7v2/trans-cda-r2/2.1.1 (00:00.002 / 00:00.022, 19Mb)
API keys loaded from /home/runner/.fhir/fhir-settings.json                                           (00:00.000 / 00:00.023, 19Mb)
Package Cache: /home/runner/.fhir/packages                                                           (00:00.003 / 00:00.027, 19Mb)
Unable to load IG as an r5 IG - try R4 (property code is a class com.google.gson.JsonPrimitive looking for an object) (00:00.468 / 00:00.496, 53Mb)
Load Template from https://github.com/ansforge/IG-template/tree/template-hl7v2-css                   (00:00.458 / 00:00.954, 31Mb)
 Load Template from fhir.base.template#current                                                       (00:01.386 / 00:02.341, 70Mb)
Root directory: /tmp/ans.hl7v2.fr.trans-cda-r2#2.1.1                                                 (00:03.312 / 00:05.654, 117Mb)
Terminology Cache is at /tmp/ans.hl7v2.fr.trans-cda-r2#2.1.1/input-cache/txcache. Clearing now       (00:00.323 / 00:05.977, 102Mb)
Core Package hl7.fhir.r4.core#4.0.1
Running Terminology Log: /tmp/ohfu-fhir-ig-16852229801419003226.log
Connect to Terminology Server at http://tx.fhir.org                                                  (00:02.993 / 00:08.970, 213Mb)
Load Package hl7.fhir.pubpack#0.2.1
Load Package hl7.fhir.xver-extensions#0.1.0
Load Package hl7.terminology.r4#6.1.0
Load Package hl7.fhir.uv.extensions.r4#5.1.0
Load Package hl7.fhir.uv.tools.r4#0.3.0
Load R5 Specials
Initialization complete                                                                              (00:05.677 / 00:14.648, 701Mb)
Load Content                                                                                         (00:00.000 / 00:14.649, 701Mb)
Using fr_FR as the default narrative language. (inferred from ImplementationGuide.jurisdiction=FR)   (00:00.045 / 00:14.695, 706Mb)
loadPrePages from FetchedFile[/tmp/ans.hl7v2.fr.trans-cda-r2#2.1.1/fsh-generated/includes] as /tmp/ans.hl7v2.fr.trans-cda-r2#2.1.1/fsh-generated/includes
loadPrePages from FetchedFile[/tmp/ans.hl7v2.fr.trans-cda-r2#2.1.1/input/data] as /tmp/ans.hl7v2.fr.trans-cda-r2#2.1.1/input/data
loadPrePages from FetchedFile[/tmp/ans.hl7v2.fr.trans-cda-r2#2.1.1/input/pagecontent] as /tmp/ans.hl7v2.fr.trans-cda-r2#2.1.1/input/pagecontent
Fetch https://interop.esante.gouv.fr/ig/hl7v2/trans-cda-r2/package-list.json for version check       (00:00.076 / 00:14.771, 712Mb)
Checking Language                                                                                    (00:00.790 / 00:15.562, 714Mb)
Processing Conformance Resources                                                                     (00:00.000 / 00:15.562, 714Mb)
Load Dependency Info                                                                                 (00:00.000 / 00:15.563, 714Mb)
Load Info                                                                                            (00:00.001 / 00:15.564, 714Mb)
Load Resources                                                                                       (00:00.000 / 00:15.565, 715Mb)
Load Paths                                                                                           (00:00.037 / 00:15.602, 719Mb)
Generating Snapshots                                                                                 (00:00.000 / 00:15.603, 719Mb)
Check R4 / R4B                                                                                       (00:00.004 / 00:15.608, 719Mb)
Assign Comparison Ids                                                                                (00:00.005 / 00:15.614, 720Mb)
Propagating status                                                                                   (00:00.000 / 00:15.614, 720Mb)
Generating Narratives                                                                                (00:00.000 / 00:15.615, 720Mb)
Validating Conformance Resources                                                                     (00:00.385 / 00:16.001, 730Mb)
Check profiles & code systems                                                                        (00:01.764 / 00:17.766, 624Mb)
Check realm rules                                                                                    (00:00.000 / 00:17.767, 624Mb)
Previous Version Comparison                                                                          (00:00.000 / 00:17.767, 624Mb)
Validating Resources                                                                                 (00:00.007 / 00:17.775, 624Mb)
Processing Provenance Records                                                                        (00:00.000 / 00:17.775, 624Mb)
Generating Outputs in /tmp/ans.hl7v2.fr.trans-cda-r2#2.1.1/output                                    (00:00.000 / 00:17.776, 624Mb)
Generate Native Outputs                                                                              (00:00.094 / 00:17.871, 631Mb)
Run Template                                                                                         (00:00.080 / 00:17.951, 641Mb)
Generate HTML Outputs                                                                                (00:02.065 / 00:20.017, 684Mb)
Generate Summaries                                                                                   (00:00.086 / 00:20.104, 702Mb)
Generating Summary Outputs                                                                           (00:00.000 / 00:20.104, 702Mb)
DB Cumulative Time invested: 00:00:00.71
Sending Usage Stats to Server                                                                        (00:07.720 / 00:27.825, 521Mb)
## Memory (MB): Use = 521, Free = 1040, Total = 1562, Max = 3998                                     (00:00.004 / 00:27.829, 523Mb)
Reclaiming memory...                                                                                 (00:00.000 / 00:27.830, 523Mb)
## Memory (MB): Use = 436, Free = 1043, Total = 1480, Max = 3998                                     (00:00.236 / 00:28.066, 438Mb)
Run jekyll: jekyll build --destination "/tmp/ans.hl7v2.fr.trans-cda-r2#2.1.1/output" (in folder /tmp/ans.hl7v2.fr.trans-cda-r2#2.1.1/temp/pages) (00:00.005 / 00:28.071, 438Mb)
Troubleshooting Note: usual cases for Jekyll to fail are:                                            (00:00.004 / 00:28.075, 438Mb)
* A failure to produce a fragment that is already logged in the output above                         (00:00.000 / 00:28.076, 438Mb)
* A reference to a manually edited file that hasn't been provided                                    (00:00.000 / 00:28.076, 438Mb)
Jekyll: Source: /tmp/ans.hl7v2.fr.trans-cda-r2#2.1.1/temp/pages                                      (00:00.430 / 00:28.507, 442Mb)
Jekyll: Generating...                                                                                (00:00.000 / 00:28.508, 442Mb)
Jekyll: done in 0.758 seconds.                                                                       (00:00.756 / 00:29.265, 442Mb)

Installing ans.hl7v2.fr.trans-cda-r2#2.1.1
 done.
Checking Output HTML                                                                                 (00:00.636 / 00:29.902, 527Mb)
found 592 files                                                                                      (00:00.004 / 00:29.906, 528Mb)
..........................................
..........................................
  ... 592 html files, 0 pages invalid xhtml (0%)                                                     (00:00.548 / 00:30.454, 952Mb)
  ... 1244 links, 1 broken links (0%)                                                                (00:00.000 / 00:30.455, 952Mb)
Generate fragment-usage-analysis.csv                                                                 (00:00.000 / 00:30.455, 952Mb)
Build final .zip                                                                                     (00:00.005 / 00:30.461, 953Mb)
Final .zip built                                                                                     (00:00.476 / 00:30.937, 958Mb)
Built. Times: loading: 00:00.911, generate: 00:17.049, narrative generation: 00:00.385, validation: 00:01.763, realm-rules: 00:00.000, previous-version: 00:00.000, jekyll: 00:01.210, template: 00:02.065 (#3) (00:01.685 / 00:32.622, 1Gb)
Generating QA                                                                                        (00:00.001 / 00:32.624, 1Gb)
Validation output in /tmp/ans.hl7v2.fr.trans-cda-r2#2.1.1/output/qa.html
Errors: 1, Warnings: 4, Info: 0, Broken Links: 1 (00:00.106 / 00:32.731, 448Mb)
Finished. Max Memory Used = 1Gb. Log file saved in /tmp/fhir-ig-publisher-tmp.log                    (00:00.001 / 00:32.733, 448Mb)
Prepare Build space in /tmp/ans.hl7v2.fr.trans-cda-r2#2.1.1-milestone
Build IG at /home/runner/work/IG-hl7v2-volet-transmission-document-cda-r2/IG-hl7v2-volet-transmission-document-cda-r2/./igSource: final copy suitable for publication (in /tmp/ans.hl7v2.fr.trans-cda-r2#2.1.1-milestone) (milestone build)
FHIR IG Publisher Version 1.8.6 (Git# ee78712a9566). Built 2025-01-05T06:01:16.464Z (28 hours old)  
Detected Java version: 17.0.10 from /opt/hostedtoolcache/Java_Microsoft_jdk/17.0.10/x64 on Linux/amd64 (64bit). 3998MB available
dir = /home/runner/work/IG-hl7v2-volet-transmission-document-cda-r2/IG-hl7v2-volet-transmission-document-cda-r2, path = /opt/hostedtoolcache/Ruby/3.3.6/x64/bin:/opt/hostedtoolcache/node/20.18.1/x64/bin:/opt/hostedtoolcache/Java_Microsoft_jdk/17.0.10/x64/bin:/snap/bin:/home/runner/.local/bin:/opt/pipx_bin:/home/runner/.cargo/bin:/home/runner/.config/composer/vendor/bin:/usr/local/.ghcup/bin:/home/runner/.dotnet/tools:/usr/local/sbin:/usr/local/bin:/usr/sbin:/usr/bin:/sbin:/bin:/usr/games:/usr/local/games:/snap/bin
Parameters: -ig /tmp/ans.hl7v2.fr.trans-cda-r2#2.1.1-milestone -publish https://interop.esante.gouv.fr/ig/hl7v2/trans-cda-r2/2.1.1 -milestone -no-exit
Start Clock @ Monday, January 6, 2025 at 10:34:10 AM Coordinated Universal Time (2025-01-06T10:34:10Z)
                                                                                                    
Build FHIR IG from /tmp/ans.hl7v2.fr.trans-cda-r2#2.1.1-milestone                                    (00:00.002 / 00:00.002, 469Mb)
Build Formal Publication package, intended for https://interop.esante.gouv.fr/ig/hl7v2/trans-cda-r2/2.1.1 (00:00.000 / 00:00.002, 469Mb)
API keys loaded from /home/runner/.fhir/fhir-settings.json                                           (00:00.000 / 00:00.003, 469Mb)
Package Cache: /home/runner/.fhir/packages                                                           (00:00.000 / 00:00.003, 469Mb)
Unable to load IG as an r5 IG - try R4 (property code is a class com.google.gson.JsonPrimitive looking for an object) (00:00.002 / 00:00.006, 469Mb)
Load Template from https://github.com/ansforge/IG-template/tree/template-hl7v2-css                   (00:00.015 / 00:00.021, 470Mb)
 Load Template from fhir.base.template#current                                                       (00:00.946 / 00:00.968, 549Mb)
Root directory: /tmp/ans.hl7v2.fr.trans-cda-r2#2.1.1-milestone                                       (00:01.968 / 00:02.936, 746Mb)
Terminology Cache is at /tmp/ans.hl7v2.fr.trans-cda-r2#2.1.1-milestone/input-cache/txcache. 8 files in cache (00:00.284 / 00:03.221, 759Mb)
Core Package hl7.fhir.r4.core#4.0.1
Running Terminology Log: /tmp/ohfu-fhir-ig-17575311673868949516.log
Connect to Terminology Server at http://tx.fhir.org                                                  (00:01.600 / 00:04.822, 711Mb)
Load Package hl7.fhir.pubpack#0.2.1
Load Package hl7.fhir.xver-extensions#0.1.0
Load Package hl7.terminology.r4#6.1.0
Load Package hl7.fhir.uv.extensions.r4#5.1.0
Load Package hl7.fhir.uv.tools.r4#0.3.0
Load R5 Specials
Initialization complete                                                                              (00:03.969 / 00:08.791, 591Mb)
Load Content                                                                                         (00:00.000 / 00:08.791, 591Mb)
Using fr_FR as the default narrative language. (inferred from ImplementationGuide.jurisdiction=FR)   (00:00.013 / 00:08.805, 595Mb)
loadPrePages from FetchedFile[/tmp/ans.hl7v2.fr.trans-cda-r2#2.1.1-milestone/fsh-generated/includes] as /tmp/ans.hl7v2.fr.trans-cda-r2#2.1.1-milestone/fsh-generated/includes
loadPrePages from FetchedFile[/tmp/ans.hl7v2.fr.trans-cda-r2#2.1.1-milestone/input/data] as /tmp/ans.hl7v2.fr.trans-cda-r2#2.1.1-milestone/input/data
loadPrePages from FetchedFile[/tmp/ans.hl7v2.fr.trans-cda-r2#2.1.1-milestone/input/pagecontent] as /tmp/ans.hl7v2.fr.trans-cda-r2#2.1.1-milestone/input/pagecontent
Fetch https://interop.esante.gouv.fr/ig/hl7v2/trans-cda-r2/package-list.json for version check       (00:00.035 / 00:08.840, 599Mb)
Checking Language                                                                                    (00:00.614 / 00:09.455, 602Mb)
Processing Conformance Resources                                                                     (00:00.000 / 00:09.455, 602Mb)
Load Dependency Info                                                                                 (00:00.000 / 00:09.456, 602Mb)
Load Info                                                                                            (00:00.000 / 00:09.456, 602Mb)
Load Resources                                                                                       (00:00.000 / 00:09.457, 603Mb)
Load Paths                                                                                           (00:00.008 / 00:09.465, 606Mb)
Generating Snapshots                                                                                 (00:00.000 / 00:09.465, 606Mb)
Check R4 / R4B                                                                                       (00:00.001 / 00:09.466, 606Mb)
Assign Comparison Ids                                                                                (00:00.001 / 00:09.468, 607Mb)
Propagating status                                                                                   (00:00.000 / 00:09.469, 607Mb)
Generating Narratives                                                                                (00:00.000 / 00:09.469, 607Mb)
Validating Conformance Resources                                                                     (00:00.326 / 00:09.796, 612Mb)
Check profiles & code systems                                                                        (00:00.740 / 00:10.536, 396Mb)
Check realm rules                                                                                    (00:00.000 / 00:10.537, 396Mb)
Previous Version Comparison                                                                          (00:00.000 / 00:10.537, 396Mb)
Validating Resources                                                                                 (00:00.002 / 00:10.540, 396Mb)
Processing Provenance Records                                                                        (00:00.000 / 00:10.540, 396Mb)
Generating Outputs in /tmp/ans.hl7v2.fr.trans-cda-r2#2.1.1-milestone/output                          (00:00.000 / 00:10.541, 396Mb)
Generate Native Outputs                                                                              (00:00.076 / 00:10.617, 402Mb)
Run Template                                                                                         (00:00.039 / 00:10.656, 411Mb)
Generate HTML Outputs                                                                                (00:01.684 / 00:12.341, 446Mb)
Generate Summaries                                                                                   (00:00.030 / 00:12.371, 462Mb)
Generating Summary Outputs                                                                           (00:00.000 / 00:12.372, 462Mb)
DB Cumulative Time invested: 00:00:00.63
Sending Usage Stats to Server                                                                        (00:03.401 / 00:15.773, 665Mb)
## Memory (MB): Use = 665, Free = 1674, Total = 2340, Max = 3998                                     (00:00.000 / 00:15.774, 665Mb)
Reclaiming memory...                                                                                 (00:00.000 / 00:15.774, 666Mb)
## Memory (MB): Use = 438, Free = 1041, Total = 1480, Max = 3998                                     (00:00.239 / 00:16.014, 439Mb)
Run jekyll: jekyll build --destination "/tmp/ans.hl7v2.fr.trans-cda-r2#2.1.1-milestone/output" (in folder /tmp/ans.hl7v2.fr.trans-cda-r2#2.1.1-milestone/temp/pages) (00:00.000 / 00:16.015, 439Mb)
Troubleshooting Note: usual cases for Jekyll to fail are:                                            (00:00.000 / 00:16.015, 439Mb)
* A failure to produce a fragment that is already logged in the output above                         (00:00.000 / 00:16.016, 439Mb)
* A reference to a manually edited file that hasn't been provided                                    (00:00.000 / 00:16.016, 439Mb)
Jekyll: Source: /tmp/ans.hl7v2.fr.trans-cda-r2#2.1.1-milestone/temp/pages                            (00:00.379 / 00:16.396, 440Mb)
Jekyll: Generating...                                                                                (00:00.000 / 00:16.396, 440Mb)
Jekyll: done in 0.724 seconds.                                                                       (00:00.723 / 00:17.120, 440Mb)

Installing ans.hl7v2.fr.trans-cda-r2#2.1.1
Checking Output HTML                                                                                 (00:00.076 / 00:17.197, 454Mb)
found 592 files                                                                                      (00:00.003 / 00:17.200, 455Mb)
..........................................
..........................................
  ... 592 html files, 0 pages invalid xhtml (0%)                                                     (00:00.384 / 00:17.585, 873Mb)
  ... 1244 links, 1 broken links (0%)                                                                (00:00.000 / 00:17.585, 873Mb)
Generate fragment-usage-analysis.csv                                                                 (00:00.000 / 00:17.586, 873Mb)
Build final .zip                                                                                     (00:00.004 / 00:17.591, 874Mb)
Final .zip built                                                                                     (00:00.474 / 00:18.065, 879Mb)
Built. Times: loading: 00:00.662, generate: 00:09.873, narrative generation: 00:00.325, validation: 00:00.740, realm-rules: 00:00.000, previous-version: 00:00.000, jekyll: 00:01.118, template: 00:01.684 (#3) (00:01.263 / 00:19.329, 1Gb)
Generating QA                                                                                        (00:00.000 / 00:19.330, 1Gb)
Validation output in /tmp/ans.hl7v2.fr.trans-cda-r2#2.1.1-milestone/output/qa.html
Errors: 1, Warnings: 4, Info: 0, Broken Links: 1 (00:00.053 / 00:19.383, 1Gb)
Finished. Max Memory Used = 1Gb. Log file saved in /tmp/fhir-ig-publisher-tmp.log                    (00:00.001 / 00:19.385, 1Gb)
Keep a copy of the build directory at /tmp/web-root/run-20250106/ig-build-zips/ans.hl7v2.fr.trans-cda-r2#2.1.1.zip

ok. All checks passed. Publish v2.1.1 to /tmp/web-root/run-20250106/trans-cda-r2/2.1.1
Copy the IG to /tmp/web-root/run-20250106/trans-cda-r2/2.1.1
Update /tmp/web-root/run-20250106/trans-cda-r2/package-list.json
Publish Box Statement: This page is part of the [CI-SIS]Volet de transmission d'un document CDA-R2 en HL7v2 (v2.1.1: Publications) based on <a no-external="true" href="http://hl7.org/fhir/R4">FHIR (HL7速 FHIR速 Standard) R4</a>. This is the current published version in its permanent home (it will always be available at this URL).  For a full list of available versions, see the <a no-external="true" href="https://interop.esante.gouv.fr/ig/hl7v2/trans-cda-r2/history.html">Directory of published versions</a>
no html insert in /tmp/web-root/run-20250106/trans-cda-r2/2.1.1/qa-txservers.html
  .. 18 files checked, 18 updated
  .. 5 clones checked, 10 updated
  .. 1 redirections (1 created/updated)
This is a milestone release - publish v2.1.1 to /tmp/web-root/run-20250106/trans-cda-r2
Publish Box Statement: This page is part of the [CI-SIS]Volet de transmission d'un document CDA-R2 en HL7v2 (v2.1.1: Publications) based on <a no-external="true" href="http://hl7.org/fhir/R4">FHIR (HL7速 FHIR速 Standard) R4</a>. This is the current published version.  For a full list of available versions, see the <a no-external="true" href="https://interop.esante.gouv.fr/ig/hl7v2/trans-cda-r2/history.html">Directory of published versions</a>
no html insert in /tmp/ans.hl7v2.fr.trans-cda-r2#2.1.1-milestone/output/qa-txservers.html
  .. 18 files checked, 18 updated
  .. 5 clones checked, 10 updated
  .. 1 redirections (1 created/updated)
Check for Files to delete
  ... 0 files
Copy to new IG to /tmp/web-root/run-20250106/trans-cda-r2
Update history page at /tmp/web-root/run-20250106/trans-cda-r2 from /home/runner/work/IG-hl7v2-volet-transmission-document-cda-r2/IG-hl7v2-volet-transmission-document-cda-r2/./IG-website-release/fhir-ig-history-template and ./IG-website-release/templates
Build is complete. Copy from /tmp/web-root/run-20250106
ans.hl7v2.fr.trans-cda-r2 (https://interop.esante.gouv.fr/ig/hl7v2/trans-cda-r2): [CI-SIS]Volet de transmission d'un document CDA-R2 en HL7v2 @ https://ansforge.github.io/IG-hl7v2-volet-transmission-document-cda-r2/main/ig
  release: Publications 2.1.1/4.0.1 @ https://interop.esante.gouv.fr/ig/hl7v2/trans-cda-r2/2.1.1
