FHIR IG Publisher Version 1.8.16 (Git# ce6ad8cdef90). Built 2025-03-04T05:25:22.221Z (12 hours old)
Detected Java version: 17.0.10 from /opt/hostedtoolcache/Java_Microsoft_jdk/17.0.10/x64 on amd64 (64bit). 3998MB available
dir = /home/runner/work/IG-hl7v2-volet-transmission-document-cda-r2/IG-hl7v2-volet-transmission-document-cda-r2, path = /opt/hostedtoolcache/Ruby/3.3.7/x64/bin:/opt/hostedtoolcache/node/20.18.3/x64/bin:/opt/hostedtoolcache/Java_Microsoft_jdk/17.0.10/x64/bin:/snap/bin:/home/runner/.local/bin:/opt/pipx_bin:/home/runner/.cargo/bin:/home/runner/.config/composer/vendor/bin:/usr/local/.ghcup/bin:/home/runner/.dotnet/tools:/usr/local/sbin:/usr/local/bin:/usr/sbin:/usr/bin:/sbin:/bin:/usr/games:/usr/local/games:/snap/bin
Parameters: -go-publish -source ./igSource -web ./IG-website-release/www/ig/hl7v2 -registry ./IG-website-release/ig-registry/fhir-ig-list.json -history ./IG-website-release/fhir-ig-history-template -templates ./IG-website-release/templates
---------------
Publication Run: publish ./igSource to ./IG-website-release/www/ig/hl7v2
Relative directory for IG is '/trans-cda-r2'
===== Web Publication Run Details ===============================
 Source IG: ans.hl7v2.fr.trans-cda-r2#2.1.2 : https://interop.esante.gouv.fr/ig/hl7v2/trans-cda-r2 (R4) from ./igSource
All checks passed. Do the publication build from /home/runner/work/IG-hl7v2-volet-transmission-document-cda-r2/IG-hl7v2-volet-transmission-document-cda-r2/./igSource and publish to /tmp/web-root/run-20250304/trans-cda-r2
Prepare Build space in /tmp/ans.hl7v2.fr.trans-cda-r2#2.1.2
Build IG at /home/runner/work/IG-hl7v2-volet-transmission-document-cda-r2/IG-hl7v2-volet-transmission-document-cda-r2/./igSource: final copy suitable for publication (in /tmp/ans.hl7v2.fr.trans-cda-r2#2.1.2)
FHIR IG Publisher Version 1.8.16 (Git# ce6ad8cdef90). Built 2025-03-04T05:25:22.221Z (12 hours old) 
Detected Java version: 17.0.10 from /opt/hostedtoolcache/Java_Microsoft_jdk/17.0.10/x64 on Linux/amd64 (64bit). 3998MB available
dir = /home/runner/work/IG-hl7v2-volet-transmission-document-cda-r2/IG-hl7v2-volet-transmission-document-cda-r2, path = /opt/hostedtoolcache/Ruby/3.3.7/x64/bin:/opt/hostedtoolcache/node/20.18.3/x64/bin:/opt/hostedtoolcache/Java_Microsoft_jdk/17.0.10/x64/bin:/snap/bin:/home/runner/.local/bin:/opt/pipx_bin:/home/runner/.cargo/bin:/home/runner/.config/composer/vendor/bin:/usr/local/.ghcup/bin:/home/runner/.dotnet/tools:/usr/local/sbin:/usr/local/bin:/usr/sbin:/usr/bin:/sbin:/bin:/usr/games:/usr/local/games:/snap/bin
Parameters: -ig /tmp/ans.hl7v2.fr.trans-cda-r2#2.1.2 -resetTx -publish https://interop.esante.gouv.fr/ig/hl7v2/trans-cda-r2/2.1.2 -no-exit
Start Clock @ Tuesday, March 4, 2025 at 5:44:49 PM Coordinated Universal Time (2025-03-04T17:44:49Z)
                                                                                                    
Build FHIR IG from /tmp/ans.hl7v2.fr.trans-cda-r2#2.1.2                                              (00:00.023 / 00:00.024, 23Mb)
Build Formal Publication package, intended for https://interop.esante.gouv.fr/ig/hl7v2/trans-cda-r2/2.1.2 (00:00.002 / 00:00.026, 23Mb)
API keys loaded from /home/runner/.fhir/fhir-settings.json                                           (00:00.000 / 00:00.027, 23Mb)
Package Cache: /home/runner/.fhir/packages                                                           (00:00.003 / 00:00.031, 23Mb)
Unable to load IG as an r5 IG - try R4 (property code is a class com.google.gson.JsonPrimitive looking for an object) (00:00.434 / 00:00.466, 57Mb)
Load Template from https://github.com/ansforge/IG-template/tree/template-hl7v2-css                   (00:00.416 / 00:00.882, 33Mb)
 Load Template from fhir.base.template#current                                                       (00:01.696 / 00:02.578, 54Mb)
Root directory: /tmp/ans.hl7v2.fr.trans-cda-r2#2.1.2                                                 (00:03.349 / 00:05.928, 130Mb)
Terminology Cache is at /tmp/ans.hl7v2.fr.trans-cda-r2#2.1.2/input-cache/txcache. Clearing now       (00:00.380 / 00:06.309, 146Mb)
Core Package hl7.fhir.r4.core#4.0.1
Running Terminology Log: /tmp/ohfu-fhir-ig-8609513368199945563.log
Connect to Terminology Server at http://tx.fhir.org                                                  (00:02.734 / 00:09.043, 262Mb)
Load Package hl7.fhir.pubpack#0.2.1
Load Package hl7.fhir.xver-extensions#0.1.0
Load Package hl7.terminology.r4#6.2.0
Load Package hl7.fhir.uv.extensions.r4#5.2.0
Load Package hl7.fhir.uv.tools.r4#0.3.0
Load R5 Specials
Initialization complete                                                                              (00:05.907 / 00:14.951, 340Mb)
Load Content                                                                                         (00:00.000 / 00:14.952, 340Mb)
Using fr_FR as the default narrative language. (inferred from ImplementationGuide.jurisdiction=FR)   (00:00.053 / 00:15.005, 345Mb)
Process Loaded Resources                                                                             (00:00.052 / 00:15.058, 348Mb)
Generating Snapshots                                                                                 (00:00.033 / 00:15.091, 352Mb)
loadPrePages from FetchedFile[/tmp/ans.hl7v2.fr.trans-cda-r2#2.1.2/fsh-generated/includes] as /tmp/ans.hl7v2.fr.trans-cda-r2#2.1.2/fsh-generated/includes
loadPrePages from FetchedFile[/tmp/ans.hl7v2.fr.trans-cda-r2#2.1.2/input/data] as /tmp/ans.hl7v2.fr.trans-cda-r2#2.1.2/input/data
loadPrePages from FetchedFile[/tmp/ans.hl7v2.fr.trans-cda-r2#2.1.2/input/pagecontent] as /tmp/ans.hl7v2.fr.trans-cda-r2#2.1.2/input/pagecontent
Fetch https://interop.esante.gouv.fr/ig/hl7v2/trans-cda-r2/package-list.json for version check       (00:00.029 / 00:15.120, 356Mb)
Processing Conformance Resources                                                                     (00:00.929 / 00:16.049, 357Mb)
Checking Language                                                                                    (00:00.000 / 00:16.049, 357Mb)
Load Dependency Info                                                                                 (00:00.000 / 00:16.050, 357Mb)
Load Info                                                                                            (00:00.000 / 00:16.051, 357Mb)
Load Paths                                                                                           (00:00.000 / 00:16.052, 358Mb)
Check R4 / R4B                                                                                       (00:00.000 / 00:16.052, 358Mb)
Assign Comparison Ids                                                                                (00:00.004 / 00:16.057, 358Mb)
Propagating status                                                                                   (00:00.000 / 00:16.057, 358Mb)
Generating Narratives                                                                                (00:00.000 / 00:16.058, 358Mb)
Validating Conformance Resources                                                                     (00:00.449 / 00:16.508, 369Mb)
Check profiles & code systems                                                                        (00:01.819 / 00:18.328, 381Mb)
Check realm rules                                                                                    (00:00.000 / 00:18.328, 381Mb)
Previous Version Comparison                                                                          (00:00.000 / 00:18.329, 381Mb)
Installing ans.hl7v2.fr.trans-cda-r2#2.1.1 to the package cache
  Fetching:
2025-03-04 17:45:09.209 [main] INFO  o.h.f.u.npm.BasePackageCacheManager [BasePackageCacheManager.java:92] Failed to resolve package ans.hl7v2.fr.trans-cda-r2#2.1.1 from server: https://packages2.fhir.org/packages (Not found)
2025-03-04 17:45:09.364 [main] INFO  o.h.f.u.npm.BasePackageCacheManager [BasePackageCacheManager.java:92] Failed to resolve package ans.hl7v2.fr.trans-cda-r2#2.1.1 from server: https://packages.fhir.org (Not Found)
2025-03-04 17:45:09.426 [main] INFO  o.h.f.u.npm.BasePackageCacheManager [BasePackageCacheManager.java:92] Failed to resolve package ans.hl7v2.fr.trans-cda-r2#2.1.x from server: https://packages2.fhir.org/packages (Package not found: ans.hl7v2.fr.trans-cda-r2)
Error fetching https://packages.fhir.org/ans.hl7v2.fr.trans-cda-r2: Not Found
2025-03-04 17:45:09.583 [main] INFO  o.h.f.u.npm.BasePackageCacheManager [BasePackageCacheManager.java:92] Failed to resolve package ans.hl7v2.fr.trans-cda-r2#2.1.x from server: https://packages.fhir.org (Package not found: ans.hl7v2.fr.trans-cda-r2)
org.hl7.fhir.exceptions.FHIRException: Unable to resolve package id ans.hl7v2.fr.trans-cda-r2#2.1.1
	at org.hl7.fhir.utilities.npm.FilesystemPackageCacheManager.fetchTheOldWay(FilesystemPackageCacheManager.java:777)
	at org.hl7.fhir.utilities.npm.FilesystemPackageCacheManager.loadFromPackageServer(FilesystemPackageCacheManager.java:339)
	at org.hl7.fhir.utilities.npm.FilesystemPackageCacheManager.loadPackage(FilesystemPackageCacheManager.java:689)
	at org.hl7.fhir.igtools.publisher.comparators.PreviousVersionComparator.startChecks(PreviousVersionComparator.java:197)
	at org.hl7.fhir.igtools.publisher.Publisher.checkConformanceResources(Publisher.java:6370)
	at org.hl7.fhir.igtools.publisher.Publisher.loadConformance2(Publisher.java:6202)
	at org.hl7.fhir.igtools.publisher.Publisher.createIg(Publisher.java:1196)
	at org.hl7.fhir.igtools.publisher.Publisher.execute(Publisher.java:1032)
	at org.hl7.fhir.igtools.publisher.Publisher.main(Publisher.java:14935)
	at org.hl7.fhir.igtools.web.PublicationProcess.runBuild(PublicationProcess.java:1003)
	at org.hl7.fhir.igtools.web.PublicationProcess.doPublish(PublicationProcess.java:512)
	at org.hl7.fhir.igtools.web.PublicationProcess.publishInner2(PublicationProcess.java:425)
	at org.hl7.fhir.igtools.web.PublicationProcess.publishInner(PublicationProcess.java:237)
	at org.hl7.fhir.igtools.web.PublicationProcess.publish(PublicationProcess.java:127)
	at org.hl7.fhir.igtools.publisher.Publisher.main(Publisher.java:14693)
Validating Resources                                                                                 (00:02.439 / 00:20.768, 437Mb)
Processing Provenance Records                                                                        (00:00.000 / 00:20.769, 437Mb)
Generating Outputs in /tmp/ans.hl7v2.fr.trans-cda-r2#2.1.2/output                                    (00:00.000 / 00:20.769, 437Mb)
Generate Native Outputs                                                                              (00:00.057 / 00:20.827, 442Mb)
Run Template                                                                                         (00:00.061 / 00:20.889, 451Mb)
Generate HTML Outputs                                                                                (00:02.226 / 00:23.116, 492Mb)
Generate Spreadsheets                                                                                (00:00.112 / 00:23.229, 509Mb)
Generate Summaries                                                                                   (00:00.000 / 00:23.229, 509Mb)
Generating Summary Outputs                                                                           (00:00.000 / 00:23.230, 509Mb)
DB Cumulative Time invested: 00:00:00.44
Sending Usage Stats to Server                                                                        (00:05.681 / 00:28.912, 466Mb)
## Memory (MB): Use = 466, Free = 457, Total = 924, Max = 3998                                       (00:00.004 / 00:28.916, 467Mb)
Reclaiming memory...                                                                                 (00:00.000 / 00:28.917, 467Mb)
## Memory (MB): Use = 323, Free = 600, Total = 924, Max = 3998                                       (00:00.195 / 00:29.113, 324Mb)
Run jekyll: jekyll build --destination "/tmp/ans.hl7v2.fr.trans-cda-r2#2.1.2/output" (in folder /tmp/ans.hl7v2.fr.trans-cda-r2#2.1.2/temp/pages) (00:00.005 / 00:29.118, 325Mb)
Troubleshooting Note: usual cases for Jekyll to fail are:                                            (00:00.004 / 00:29.123, 325Mb)
* A failure to produce a fragment that is already logged in the output above                         (00:00.000 / 00:29.124, 325Mb)
* A reference to a manually edited file that hasn't been provided                                    (00:00.000 / 00:29.125, 325Mb)
Jekyll: Source: /tmp/ans.hl7v2.fr.trans-cda-r2#2.1.2/temp/pages                                      (00:00.397 / 00:29.521, 329Mb)
Jekyll: Generating...                                                                                (00:00.000 / 00:29.522, 329Mb)
Jekyll: done in 0.864 seconds.                                                                       (00:00.863 / 00:30.386, 329Mb)

Installing ans.hl7v2.fr.trans-cda-r2#2.1.2
 done.
Checking Output HTML                                                                                 (00:00.519 / 00:30.905, 411Mb)
found 591 files                                                                                      (00:00.003 / 00:30.908, 411Mb)
..........................................
..........................................
  ... 591 html files, 0 pages invalid xhtml (0%)                                                     (00:00.681 / 00:31.589, 437Mb)
  ... 1213 links, 1 broken links (0%)                                                                (00:00.000 / 00:31.590, 437Mb)
Generate fragment-usage-analysis.csv                                                                 (00:00.000 / 00:31.590, 437Mb)
Build final .zip                                                                                     (00:00.006 / 00:31.597, 438Mb)
Final .zip built                                                                                     (00:00.807 / 00:32.405, 446Mb)
Built. Times: loading: 00:01.095, generate: 00:17.785, narrative generation: 00:00.449, validation: 00:01.818, realm-rules: 00:00.000, previous-version: 00:02.433, jekyll: 00:01.280, template: 00:02.226 (#3) (00:01.441 / 00:33.846, 662Mb)
Generating QA                                                                                        (00:00.000 / 00:33.847, 662Mb)
Internal error in location for message: 'Error @1, 1: Found / expecting a token name', loc = '/tmp/ans.hl7v2.fr.trans-cda-r2#2.1.2/output/searchform.html#/html/body/div/div/div/a/img/div/a/img/d', err = 'The <script> containing the javascript '$( document ).ready('... is illegal and not allowed on the H'
Validation output in /tmp/ans.hl7v2.fr.trans-cda-r2#2.1.2/output/qa.html
Errors: 1, Warnings: 5, Info: 0, Broken Links: 1 (00:00.110 / 00:33.958, 680Mb)
Finished. Max Memory Used = 680Mb. Log file saved in /tmp/fhir-ig-publisher-tmp.log                  (00:00.001 / 00:33.959, 680Mb)
Prepare Build space in /tmp/ans.hl7v2.fr.trans-cda-r2#2.1.2-milestone
Build IG at /home/runner/work/IG-hl7v2-volet-transmission-document-cda-r2/IG-hl7v2-volet-transmission-document-cda-r2/./igSource: final copy suitable for publication (in /tmp/ans.hl7v2.fr.trans-cda-r2#2.1.2-milestone) (milestone build)
FHIR IG Publisher Version 1.8.16 (Git# ce6ad8cdef90). Built 2025-03-04T05:25:22.221Z (12 hours old) 
Detected Java version: 17.0.10 from /opt/hostedtoolcache/Java_Microsoft_jdk/17.0.10/x64 on Linux/amd64 (64bit). 3998MB available
dir = /home/runner/work/IG-hl7v2-volet-transmission-document-cda-r2/IG-hl7v2-volet-transmission-document-cda-r2, path = /opt/hostedtoolcache/Ruby/3.3.7/x64/bin:/opt/hostedtoolcache/node/20.18.3/x64/bin:/opt/hostedtoolcache/Java_Microsoft_jdk/17.0.10/x64/bin:/snap/bin:/home/runner/.local/bin:/opt/pipx_bin:/home/runner/.cargo/bin:/home/runner/.config/composer/vendor/bin:/usr/local/.ghcup/bin:/home/runner/.dotnet/tools:/usr/local/sbin:/usr/local/bin:/usr/sbin:/usr/bin:/sbin:/bin:/usr/games:/usr/local/games:/snap/bin
Parameters: -ig /tmp/ans.hl7v2.fr.trans-cda-r2#2.1.2-milestone -publish https://interop.esante.gouv.fr/ig/hl7v2/trans-cda-r2/2.1.2 -milestone -no-exit
Start Clock @ Tuesday, March 4, 2025 at 5:45:24 PM Coordinated Universal Time (2025-03-04T17:45:24Z)
                                                                                                    
Build FHIR IG from /tmp/ans.hl7v2.fr.trans-cda-r2#2.1.2-milestone                                    (00:00.002 / 00:00.002, 702Mb)
Build Formal Publication package, intended for https://interop.esante.gouv.fr/ig/hl7v2/trans-cda-r2/2.1.2 (00:00.000 / 00:00.002, 702Mb)
API keys loaded from /home/runner/.fhir/fhir-settings.json                                           (00:00.000 / 00:00.003, 702Mb)
Package Cache: /home/runner/.fhir/packages                                                           (00:00.000 / 00:00.003, 702Mb)
Unable to load IG as an r5 IG - try R4 (property code is a class com.google.gson.JsonPrimitive looking for an object) (00:00.003 / 00:00.006, 703Mb)
Load Template from https://github.com/ansforge/IG-template/tree/template-hl7v2-css                   (00:00.018 / 00:00.025, 703Mb)
 Load Template from fhir.base.template#current                                                       (00:00.876 / 00:00.902, 365Mb)
Root directory: /tmp/ans.hl7v2.fr.trans-cda-r2#2.1.2-milestone                                       (00:01.925 / 00:02.828, 562Mb)
Terminology Cache is at /tmp/ans.hl7v2.fr.trans-cda-r2#2.1.2-milestone/input-cache/txcache. 9 files in cache (00:00.323 / 00:03.152, 577Mb)
Core Package hl7.fhir.r4.core#4.0.1
Running Terminology Log: /tmp/ohfu-fhir-ig-13993160950922615801.log
Connect to Terminology Server at http://tx.fhir.org                                                  (00:01.593 / 00:04.746, 609Mb)
Load Package hl7.fhir.pubpack#0.2.1
Load Package hl7.fhir.xver-extensions#0.1.0
Load Package hl7.terminology.r4#6.2.0
Load Package hl7.fhir.uv.extensions.r4#5.2.0
Load Package hl7.fhir.uv.tools.r4#0.3.0
Load R5 Specials
Initialization complete                                                                              (00:04.168 / 00:08.914, 670Mb)
Load Content                                                                                         (00:00.000 / 00:08.915, 670Mb)
Using fr_FR as the default narrative language. (inferred from ImplementationGuide.jurisdiction=FR)   (00:00.012 / 00:08.927, 674Mb)
Process Loaded Resources                                                                             (00:00.013 / 00:08.941, 676Mb)
Generating Snapshots                                                                                 (00:00.009 / 00:08.950, 680Mb)
loadPrePages from FetchedFile[/tmp/ans.hl7v2.fr.trans-cda-r2#2.1.2-milestone/fsh-generated/includes] as /tmp/ans.hl7v2.fr.trans-cda-r2#2.1.2-milestone/fsh-generated/includes
loadPrePages from FetchedFile[/tmp/ans.hl7v2.fr.trans-cda-r2#2.1.2-milestone/input/data] as /tmp/ans.hl7v2.fr.trans-cda-r2#2.1.2-milestone/input/data
loadPrePages from FetchedFile[/tmp/ans.hl7v2.fr.trans-cda-r2#2.1.2-milestone/input/pagecontent] as /tmp/ans.hl7v2.fr.trans-cda-r2#2.1.2-milestone/input/pagecontent
Fetch https://interop.esante.gouv.fr/ig/hl7v2/trans-cda-r2/package-list.json for version check       (00:00.021 / 00:08.972, 683Mb)
Processing Conformance Resources                                                                     (00:00.455 / 00:09.428, 684Mb)
Checking Language                                                                                    (00:00.000 / 00:09.428, 684Mb)
Load Dependency Info                                                                                 (00:00.000 / 00:09.429, 684Mb)
Load Info                                                                                            (00:00.000 / 00:09.429, 684Mb)
Load Paths                                                                                           (00:00.000 / 00:09.430, 685Mb)
Check R4 / R4B                                                                                       (00:00.000 / 00:09.430, 685Mb)
Assign Comparison Ids                                                                                (00:00.002 / 00:09.433, 686Mb)
Propagating status                                                                                   (00:00.000 / 00:09.433, 686Mb)
Generating Narratives                                                                                (00:00.000 / 00:09.434, 686Mb)
Validating Conformance Resources                                                                     (00:00.303 / 00:09.737, 690Mb)
Check profiles & code systems                                                                        (00:00.592 / 00:10.330, 671Mb)
Check realm rules                                                                                    (00:00.000 / 00:10.330, 671Mb)
Previous Version Comparison                                                                          (00:00.000 / 00:10.330, 671Mb)
Installing ans.hl7v2.fr.trans-cda-r2#2.1.1 to the package cache
  Fetching:
2025-03-04 17:45:35.239 [main] INFO  o.h.f.u.npm.BasePackageCacheManager [BasePackageCacheManager.java:92] Failed to resolve package ans.hl7v2.fr.trans-cda-r2#2.1.1 from server: https://packages2.fhir.org/packages (Not found)
2025-03-04 17:45:35.392 [main] INFO  o.h.f.u.npm.BasePackageCacheManager [BasePackageCacheManager.java:92] Failed to resolve package ans.hl7v2.fr.trans-cda-r2#2.1.1 from server: https://packages.fhir.org (Not Found)
2025-03-04 17:45:36.241 [main] INFO  o.h.f.u.npm.BasePackageCacheManager [BasePackageCacheManager.java:92] Failed to resolve package ans.hl7v2.fr.trans-cda-r2#2.1.x from server: https://packages2.fhir.org/packages (Package not found: ans.hl7v2.fr.trans-cda-r2)
Error fetching https://packages.fhir.org/ans.hl7v2.fr.trans-cda-r2: Not Found
2025-03-04 17:45:36.398 [main] INFO  o.h.f.u.npm.BasePackageCacheManager [BasePackageCacheManager.java:92] Failed to resolve package ans.hl7v2.fr.trans-cda-r2#2.1.x from server: https://packages.fhir.org (Package not found: ans.hl7v2.fr.trans-cda-r2)
org.hl7.fhir.exceptions.FHIRException: Unable to resolve package id ans.hl7v2.fr.trans-cda-r2#2.1.1
	at org.hl7.fhir.utilities.npm.FilesystemPackageCacheManager.fetchTheOldWay(FilesystemPackageCacheManager.java:777)
	at org.hl7.fhir.utilities.npm.FilesystemPackageCacheManager.loadFromPackageServer(FilesystemPackageCacheManager.java:339)
	at org.hl7.fhir.utilities.npm.FilesystemPackageCacheManager.loadPackage(FilesystemPackageCacheManager.java:689)
	at org.hl7.fhir.igtools.publisher.comparators.PreviousVersionComparator.startChecks(PreviousVersionComparator.java:197)
	at org.hl7.fhir.igtools.publisher.Publisher.checkConformanceResources(Publisher.java:6370)
	at org.hl7.fhir.igtools.publisher.Publisher.loadConformance2(Publisher.java:6202)
	at org.hl7.fhir.igtools.publisher.Publisher.createIg(Publisher.java:1196)
	at org.hl7.fhir.igtools.publisher.Publisher.execute(Publisher.java:1032)
	at org.hl7.fhir.igtools.publisher.Publisher.main(Publisher.java:14935)
	at org.hl7.fhir.igtools.web.PublicationProcess.runBuild(PublicationProcess.java:1003)
	at org.hl7.fhir.igtools.web.PublicationProcess.doPublish(PublicationProcess.java:517)
	at org.hl7.fhir.igtools.web.PublicationProcess.publishInner2(PublicationProcess.java:425)
	at org.hl7.fhir.igtools.web.PublicationProcess.publishInner(PublicationProcess.java:237)
	at org.hl7.fhir.igtools.web.PublicationProcess.publish(PublicationProcess.java:127)
	at org.hl7.fhir.igtools.publisher.Publisher.main(Publisher.java:14693)
Validating Resources                                                                                 (00:01.896 / 00:12.227, 724Mb)
Processing Provenance Records                                                                        (00:00.000 / 00:12.227, 724Mb)
Generating Outputs in /tmp/ans.hl7v2.fr.trans-cda-r2#2.1.2-milestone/output                          (00:00.000 / 00:12.227, 724Mb)
Generate Native Outputs                                                                              (00:00.055 / 00:12.283, 728Mb)
Run Template                                                                                         (00:00.035 / 00:12.318, 736Mb)
Generate HTML Outputs                                                                                (00:01.894 / 00:14.213, 772Mb)
Generate Spreadsheets                                                                                (00:00.028 / 00:14.241, 788Mb)
Generate Summaries                                                                                   (00:00.000 / 00:14.241, 788Mb)
Generating Summary Outputs                                                                           (00:00.000 / 00:14.241, 788Mb)
DB Cumulative Time invested: 00:00:00.45
Sending Usage Stats to Server                                                                        (00:01.983 / 00:16.225, 980Mb)
## Memory (MB): Use = 980, Free = 803, Total = 1784, Max = 3998                                      (00:00.000 / 00:16.226, 980Mb)
Reclaiming memory...                                                                                 (00:00.000 / 00:16.227, 980Mb)
## Memory (MB): Use = 276, Free = 671, Total = 948, Max = 3998                                       (00:00.149 / 00:16.377, 277Mb)
Run jekyll: jekyll build --destination "/tmp/ans.hl7v2.fr.trans-cda-r2#2.1.2-milestone/output" (in folder /tmp/ans.hl7v2.fr.trans-cda-r2#2.1.2-milestone/temp/pages) (00:00.000 / 00:16.377, 278Mb)
Troubleshooting Note: usual cases for Jekyll to fail are:                                            (00:00.000 / 00:16.378, 278Mb)
* A failure to produce a fragment that is already logged in the output above                         (00:00.000 / 00:16.378, 278Mb)
* A reference to a manually edited file that hasn't been provided                                    (00:00.000 / 00:16.379, 278Mb)
Jekyll: Source: /tmp/ans.hl7v2.fr.trans-cda-r2#2.1.2-milestone/temp/pages                            (00:00.327 / 00:16.706, 280Mb)
Jekyll: Generating...                                                                                (00:00.000 / 00:16.706, 280Mb)
Jekyll: done in 0.841 seconds.                                                                       (00:00.840 / 00:17.547, 280Mb)

Installing ans.hl7v2.fr.trans-cda-r2#2.1.2
Checking Output HTML                                                                                 (00:00.058 / 00:17.605, 292Mb)
found 591 files                                                                                      (00:00.002 / 00:17.608, 292Mb)
..........................................
..........................................
  ... 591 html files, 0 pages invalid xhtml (0%)                                                     (00:00.388 / 00:17.996, 347Mb)
  ... 1213 links, 1 broken links (0%)                                                                (00:00.000 / 00:17.997, 347Mb)
Generate fragment-usage-analysis.csv                                                                 (00:00.000 / 00:17.997, 347Mb)
Build final .zip                                                                                     (00:00.004 / 00:18.002, 348Mb)
Final .zip built                                                                                     (00:00.802 / 00:18.804, 357Mb)
Built. Times: loading: 00:00.512, generate: 00:10.495, narrative generation: 00:00.302, validation: 00:00.592, realm-rules: 00:00.000, previous-version: 00:01.894, jekyll: 00:01.178, template: 00:01.893 (#3) (00:01.119 / 00:19.923, 545Mb)
Generating QA                                                                                        (00:00.000 / 00:19.924, 545Mb)
Internal error in location for message: 'Error @1, 1: Found / expecting a token name', loc = '/tmp/ans.hl7v2.fr.trans-cda-r2#2.1.2-milestone/output/searchform.html#/html/body/div/div/div/a/img/d', err = 'The <script> containing the javascript '$( document ).ready('... is illegal and not allowed on the H'
Validation output in /tmp/ans.hl7v2.fr.trans-cda-r2#2.1.2-milestone/output/qa.html
Errors: 1, Warnings: 5, Info: 0, Broken Links: 1 (00:00.050 / 00:19.975, 557Mb)
Finished. Max Memory Used = 980Mb. Log file saved in /tmp/fhir-ig-publisher-tmp.log                  (00:00.001 / 00:19.977, 557Mb)
Keep a copy of the build directory at /tmp/web-root/run-20250304/ig-build-zips/ans.hl7v2.fr.trans-cda-r2#2.1.2.zip

ok. All checks passed. Publish v2.1.2 to /tmp/web-root/run-20250304/trans-cda-r2/2.1.2
Copy the IG to /tmp/web-root/run-20250304/trans-cda-r2/2.1.2
Update /tmp/web-root/run-20250304/trans-cda-r2/package-list.json
Publish Box Statement: This page is part of the [CI-SIS]Volet de transmission d'un document CDA-R2 en HL7v2 (v2.1.2: Publications) based on <a no-external="true" href="http://hl7.org/fhir/R4">FHIR (HL7® FHIR® Standard) R4</a>. This is the current published version in its permanent home (it will always be available at this URL).  For a full list of available versions, see the <a no-external="true" href="https://interop.esante.gouv.fr/ig/hl7v2/trans-cda-r2/history.html">Directory of published versions</a>
  .. 17 files checked, 17 updated
  .. 9 clones checked, 18 updated
  .. 1 redirections (1 created/updated)
This is a milestone release - publish v2.1.2 to /tmp/web-root/run-20250304/trans-cda-r2
Update publish box for version 2.1.1 @ https://interop.esante.gouv.fr/ig/hl7v2/trans-cda-r2/2.1.1
Publish Box Statement: This page is part of the [CI-SIS]Volet de transmission d'un document CDA-R2 en HL7v2 (v2.1.1: Publications) based on <a no-external="true" href="http://hl7.org/fhir/R4">FHIR (HL7® FHIR® Standard) R4</a>. The current version which supersedes this version is <a no-external="true" href="https://interop.esante.gouv.fr/ig/hl7v2/trans-cda-r2{{fn}}">2.1.2</a>.  For a full list of available versions, see the <a no-external="true" href="https://interop.esante.gouv.fr/ig/hl7v2/trans-cda-r2/history.html">Directory of published versions</a>
  .. 18 files checked, 18 updated
  .. 5 clones checked, 0 updated
Publish Box Statement: This page is part of the [CI-SIS]Volet de transmission d'un document CDA-R2 en HL7v2 (v2.1.2: Publications) based on <a no-external="true" href="http://hl7.org/fhir/R4">FHIR (HL7® FHIR® Standard) R4</a>. This is the current published version.  For a full list of available versions, see the <a no-external="true" href="https://interop.esante.gouv.fr/ig/hl7v2/trans-cda-r2/history.html">Directory of published versions</a>
  .. 17 files checked, 17 updated
  .. 9 clones checked, 18 updated
  .. 1 redirections (1 created/updated)
Check for Files to delete
  ... 0 files
Copy to new IG to /tmp/web-root/run-20250304/trans-cda-r2
ans.hl7v2.fr.trans-cda-r2 (https://interop.esante.gouv.fr/ig/hl7v2/trans-cda-r2): [CI-SIS]Volet de transmission d'un document CDA-R2 en HL7v2 @ https://ansforge.github.io/IG-hl7v2-volet-transmission-document-cda-r2/main/ig
  release: Publications 2.1.2/4.0.1 @ https://interop.esante.gouv.fr/ig/hl7v2/trans-cda-r2/2.1.2
Build is complete. Copy from /tmp/web-root/run-20250304
Update history page at /tmp/web-root/run-20250304/trans-cda-r2 from /home/runner/work/IG-hl7v2-volet-transmission-document-cda-r2/IG-hl7v2-volet-transmission-document-cda-r2/./IG-website-release/fhir-ig-history-template and ./IG-website-release/templates
