FHIR IG Publisher Version 1.8.25 (Git# cb0bf1b2d5d9). Built 2025-04-26T01:19:48.173Z (63 hours old)
Detected Java version: 17.0.10 from /opt/hostedtoolcache/Java_Microsoft_jdk/17.0.10/x64 on amd64 (64bit). 3998MB available
dir = /home/runner/work/IG-documentation/IG-documentation, path = /opt/hostedtoolcache/Ruby/3.3.8/x64/bin:/opt/hostedtoolcache/node/20.19.0/x64/bin:/opt/hostedtoolcache/Java_Microsoft_jdk/17.0.10/x64/bin:/snap/bin:/home/runner/.local/bin:/opt/pipx_bin:/home/runner/.cargo/bin:/home/runner/.config/composer/vendor/bin:/usr/local/.ghcup/bin:/home/runner/.dotnet/tools:/usr/local/sbin:/usr/local/bin:/usr/sbin:/usr/bin:/sbin:/bin:/usr/games:/usr/local/games:/snap/bin
Parameters: -go-publish -source ./igSource -web ./IG-website-release/www/ig -registry ./IG-website-release/ig-registry/fhir-ig-list.json -history ./IG-website-release/fhir-ig-history-template -templates ./IG-website-release/templates
---------------
Publication Run: publish ./igSource to ./IG-website-release/www/ig
Relative directory for IG is '/documentation'
===== Web Publication Run Details ===============================
 Source IG: ans.fr.documentation#0.1.8 : https://interop.esante.gouv.fr/ig/documentation (R4) from ./igSource
All checks passed. Do the publication build from /home/runner/work/IG-documentation/IG-documentation/./igSource and publish to /tmp/web-root/run-20250428/documentation
Prepare Build space in /tmp/ig-builds/ans.fr.documentation#0.1.8
Build IG at /home/runner/work/IG-documentation/IG-documentation/./igSource: final copy suitable for publication (in /tmp/ig-builds/ans.fr.documentation#0.1.8)
FHIR IG Publisher Version 1.8.25 (Git# cb0bf1b2d5d9). Built 2025-04-26T01:19:48.173Z (63 hours old) 
Detected Java version: 17.0.10 from /opt/hostedtoolcache/Java_Microsoft_jdk/17.0.10/x64 on Linux/amd64 (64bit). 3998MB available
dir = /home/runner/work/IG-documentation/IG-documentation, path = /opt/hostedtoolcache/Ruby/3.3.8/x64/bin:/opt/hostedtoolcache/node/20.19.0/x64/bin:/opt/hostedtoolcache/Java_Microsoft_jdk/17.0.10/x64/bin:/snap/bin:/home/runner/.local/bin:/opt/pipx_bin:/home/runner/.cargo/bin:/home/runner/.config/composer/vendor/bin:/usr/local/.ghcup/bin:/home/runner/.dotnet/tools:/usr/local/sbin:/usr/local/bin:/usr/sbin:/usr/bin:/sbin:/bin:/usr/games:/usr/local/games:/snap/bin
Parameters: -ig /tmp/ig-builds/ans.fr.documentation#0.1.8 -resetTx -publish https://interop.esante.gouv.fr/ig/documentation/0.1.8 -no-exit
Character encoding = UTF-8 / UTF-8                                                                  
Start Clock @ Monday, April 28, 2025 at 4:36:46 PM Coordinated Universal Time (2025-04-28T16:36:46Z)
                                                                                                    
Build FHIR IG from /tmp/ig-builds/ans.fr.documentation#0.1.8                                         (00:00.022 / 00:00.023, 29Mb)
Build Formal Publication package, intended for https://interop.esante.gouv.fr/ig/documentation/0.1.8 (00:00.002 / 00:00.025, 29Mb)
API keys loaded from /home/runner/.fhir/fhir-settings.json                                           (00:00.000 / 00:00.026, 29Mb)
Package Cache: /home/runner/.fhir/packages                                                           (00:00.005 / 00:00.031, 29Mb)
Unable to load IG as an r5 IG - try R4 (property code is a class com.google.gson.JsonPrimitive looking for an object) (00:00.425 / 00:00.457, 57Mb)
Load Template from ans.fr.template#0.2.0                                                             (00:00.436 / 00:00.894, 33Mb)
 Load Template from fhir.base.template#0.8.1                                                         (00:00.199 / 00:01.093, 43Mb)
Root directory: /tmp/ig-builds/ans.fr.documentation#0.1.8                                            (00:02.356 / 00:03.450, 52Mb)
Terminology Cache is at /tmp/ig-builds/ans.fr.documentation#0.1.8/input-cache/txcache. Clearing now  (00:00.366 / 00:03.816, 68Mb)
Core Package hl7.fhir.r4.core#4.0.1
Running Terminology Log: /tmp/ohfu-fhir-ig-13568362027903930384.html
Connect to Terminology Server at http://tx.fhir.org                                                  (00:03.104 / 00:06.920, 165Mb)
Load Package hl7.fhir.pubpack#0.2.1
Load Package hl7.fhir.xver-extensions#0.1.0
Load Package hl7.terminology.r4#6.2.0
Load Package hl7.fhir.uv.extensions.r4#5.2.0
Load Package hl7.fhir.uv.tools.r4#0.5.0
Load R5 Specials
Initialization complete                                                                              (00:05.670 / 00:12.591, 452Mb)
Load Content                                                                                         (00:00.000 / 00:12.592, 452Mb)
Using fr_FR as the default narrative language. (inferred from ImplementationGuide.jurisdiction=FR)   (00:00.054 / 00:12.646, 457Mb)
Process Loaded Resources                                                                             (00:00.048 / 00:12.695, 459Mb)
Generating Snapshots                                                                                 (00:00.032 / 00:12.727, 464Mb)
loadPrePages from FetchedFile[/tmp/ig-builds/ans.fr.documentation#0.1.8/fsh-generated/includes] as /tmp/ig-builds/ans.fr.documentation#0.1.8/fsh-generated/includes
loadPrePages from FetchedFile[/tmp/ig-builds/ans.fr.documentation#0.1.8/input/data] as /tmp/ig-builds/ans.fr.documentation#0.1.8/input/data
loadPrePages from FetchedFile[/tmp/ig-builds/ans.fr.documentation#0.1.8/input/pagecontent] as /tmp/ig-builds/ans.fr.documentation#0.1.8/input/pagecontent
Fetch https://interop.esante.gouv.fr/ig/documentation/package-list.json for version check            (00:00.027 / 00:12.754, 465Mb)
Processing Conformance Resources                                                                     (00:00.454 / 00:13.209, 468Mb)
Checking Language                                                                                    (00:00.000 / 00:13.209, 468Mb)
Load Dependency Info                                                                                 (00:00.000 / 00:13.210, 468Mb)
Load Info                                                                                            (00:00.000 / 00:13.211, 468Mb)
Load Paths                                                                                           (00:00.000 / 00:13.211, 469Mb)
Check R4 / R4B                                                                                       (00:00.000 / 00:13.212, 469Mb)
Assign Comparison Ids                                                                                (00:00.003 / 00:13.216, 470Mb)
Propagating status                                                                                   (00:00.000 / 00:13.216, 470Mb)
Generating Narratives                                                                                (00:00.000 / 00:13.217, 470Mb)
Validating Conformance Resources                                                                     (00:00.205 / 00:13.422, 480Mb)
Check profiles & code systems                                                                        (00:06.718 / 00:20.140, 461Mb)
Check realm rules                                                                                    (00:00.000 / 00:20.141, 461Mb)
Previous Version Comparison                                                                          (00:00.000 / 00:20.142, 461Mb)
Validating Resources                                                                                 (00:05.809 / 00:25.951, 836Mb)
Processing Provenance Records                                                                        (00:00.000 / 00:25.951, 836Mb)
Generating Outputs in /tmp/ig-builds/ans.fr.documentation#0.1.8/output                               (00:00.000 / 00:25.952, 836Mb)
Generate Native Outputs                                                                              (00:00.062 / 00:26.014, 841Mb)
Run Template                                                                                         (00:00.057 / 00:26.072, 850Mb)
Generate HTML Outputs                                                                                (00:01.581 / 00:27.654, 504Mb)
Generate Spreadsheets                                                                                (00:00.062 / 00:27.716, 518Mb)
Generate Summaries                                                                                   (00:00.000 / 00:27.716, 518Mb)
Generating Summary Outputs                                                                           (00:00.000 / 00:27.717, 518Mb)
DB Cumulative Time invested: 00:00:00.50
Sending Usage Stats to Server                                                                        (00:03.707 / 00:31.424, 835Mb)
## Memory (MB): Use = 835, Free = 476, Total = 1312, Max = 3998                                      (00:00.003 / 00:31.428, 836Mb)
Reclaiming memory...                                                                                 (00:00.001 / 00:31.429, 836Mb)
## Memory (MB): Use = 451, Free = 860, Total = 1312, Max = 3998                                      (00:00.230 / 00:31.660, 452Mb)
Run jekyll: jekyll build --destination "/tmp/ig-builds/ans.fr.documentation#0.1.8/output" (in folder /tmp/ig-builds/ans.fr.documentation#0.1.8/temp/pages) (00:00.005 / 00:31.665, 452Mb)
Troubleshooting Note: usual cases for Jekyll to fail are:                                            (00:00.005 / 00:31.671, 453Mb)
* A failure to produce a fragment that is already logged in the output above                         (00:00.001 / 00:31.672, 453Mb)
* A reference to a manually edited file that hasn't been provided                                    (00:00.001 / 00:31.674, 453Mb)
Jekyll: Source: /tmp/ig-builds/ans.fr.documentation#0.1.8/temp/pages                                 (00:00.429 / 00:32.103, 456Mb)
Jekyll: Generating...                                                                                (00:00.001 / 00:32.104, 456Mb)
Jekyll: done in 0.523 seconds.                                                                       (00:00.522 / 00:32.627, 456Mb)

Installing ans.fr.documentation#0.1.8
 done.
Checking Output HTML                                                                                 (00:00.516 / 00:33.143, 530Mb)
found 567 files                                                                                      (00:00.003 / 00:33.146, 530Mb)
........................................
........................................
  ... 567 html files, 0 pages invalid xhtml (0%)                                                     (00:00.498 / 00:33.644, 848Mb)
  ... 1105 links, 3 broken links (0%)                                                                (00:00.000 / 00:33.645, 848Mb)
Generate fragment-usage-analysis.csv                                                                 (00:00.000 / 00:33.646, 848Mb)
Build final .zip                                                                                     (00:00.005 / 00:33.652, 849Mb)
Final .zip built                                                                                     (00:00.763 / 00:34.415, 859Mb)
Built. Times: loading: 00:00.616, generate: 00:21.988, narrative generation: 00:00.204, validation: 00:06.717, realm-rules: 00:00.000, previous-version: 00:05.803, jekyll: 00:00.971, template: 00:01.580 (#3) (00:00.782 / 00:35.197, 604Mb)
Generating QA                                                                                        (00:00.000 / 00:35.198, 604Mb)
Validation output in /tmp/ig-builds/ans.fr.documentation#0.1.8/output/qa.html
Errors: 1, Warnings: 4, Info: 0, Broken Links: 4 (00:00.088 / 00:35.286, 625Mb)
Finished. Max Memory Used = 859Mb. Log file saved in /tmp/fhir-ig-publisher-tmp.log                  (00:00.001 / 00:35.288, 625Mb)
Prepare Build space in /tmp/ig-builds/ans.fr.documentation#0.1.8-milestone
Build IG at /home/runner/work/IG-documentation/IG-documentation/./igSource: final copy suitable for publication (in /tmp/ig-builds/ans.fr.documentation#0.1.8-milestone) (milestone build)
FHIR IG Publisher Version 1.8.25 (Git# cb0bf1b2d5d9). Built 2025-04-26T01:19:48.173Z (63 hours old) 
Detected Java version: 17.0.10 from /opt/hostedtoolcache/Java_Microsoft_jdk/17.0.10/x64 on Linux/amd64 (64bit). 3998MB available
dir = /home/runner/work/IG-documentation/IG-documentation, path = /opt/hostedtoolcache/Ruby/3.3.8/x64/bin:/opt/hostedtoolcache/node/20.19.0/x64/bin:/opt/hostedtoolcache/Java_Microsoft_jdk/17.0.10/x64/bin:/snap/bin:/home/runner/.local/bin:/opt/pipx_bin:/home/runner/.cargo/bin:/home/runner/.config/composer/vendor/bin:/usr/local/.ghcup/bin:/home/runner/.dotnet/tools:/usr/local/sbin:/usr/local/bin:/usr/sbin:/usr/bin:/sbin:/bin:/usr/games:/usr/local/games:/snap/bin
Parameters: -ig /tmp/ig-builds/ans.fr.documentation#0.1.8-milestone -publish https://interop.esante.gouv.fr/ig/documentation/0.1.8 -milestone -no-exit
Character encoding = UTF-8 / UTF-8                                                                  
Start Clock @ Monday, April 28, 2025 at 4:37:22 PM Coordinated Universal Time (2025-04-28T16:37:22Z)
                                                                                                    
Build FHIR IG from /tmp/ig-builds/ans.fr.documentation#0.1.8-milestone                               (00:00.002 / 00:00.002, 649Mb)
Build Formal Publication package, intended for https://interop.esante.gouv.fr/ig/documentation/0.1.8 (00:00.000 / 00:00.002, 649Mb)
API keys loaded from /home/runner/.fhir/fhir-settings.json                                           (00:00.000 / 00:00.003, 649Mb)
Package Cache: /home/runner/.fhir/packages                                                           (00:00.000 / 00:00.003, 649Mb)
Unable to load IG as an r5 IG - try R4 (property code is a class com.google.gson.JsonPrimitive looking for an object) (00:00.002 / 00:00.006, 650Mb)
Load Template from ans.fr.template#0.2.0                                                             (00:00.013 / 00:00.019, 650Mb)
 Load Template from fhir.base.template#0.8.1                                                         (00:00.050 / 00:00.069, 657Mb)
Root directory: /tmp/ig-builds/ans.fr.documentation#0.1.8-milestone                                  (00:01.173 / 00:01.243, 826Mb)
Terminology Cache is at /tmp/ig-builds/ans.fr.documentation#0.1.8-milestone/input-cache/txcache. 9 files in cache (00:00.319 / 00:01.563, 842Mb)
Core Package hl7.fhir.r4.core#4.0.1
Running Terminology Log: /tmp/ohfu-fhir-ig-14941612886363114643.html
Connect to Terminology Server at http://tx.fhir.org                                                  (00:01.326 / 00:02.889, 887Mb)
Load Package hl7.fhir.pubpack#0.2.1
Load Package hl7.fhir.xver-extensions#0.1.0
Load Package hl7.terminology.r4#6.2.0
Load Package hl7.fhir.uv.extensions.r4#5.2.0
Load Package hl7.fhir.uv.tools.r4#0.5.0
Load R5 Specials
Initialization complete                                                                              (00:03.705 / 00:06.594, 887Mb)
Load Content                                                                                         (00:00.000 / 00:06.595, 887Mb)
Using fr_FR as the default narrative language. (inferred from ImplementationGuide.jurisdiction=FR)   (00:00.011 / 00:06.606, 891Mb)
Process Loaded Resources                                                                             (00:00.012 / 00:06.618, 892Mb)
Generating Snapshots                                                                                 (00:00.010 / 00:06.628, 896Mb)
loadPrePages from FetchedFile[/tmp/ig-builds/ans.fr.documentation#0.1.8-milestone/fsh-generated/includes] as /tmp/ig-builds/ans.fr.documentation#0.1.8-milestone/fsh-generated/includes
loadPrePages from FetchedFile[/tmp/ig-builds/ans.fr.documentation#0.1.8-milestone/input/data] as /tmp/ig-builds/ans.fr.documentation#0.1.8-milestone/input/data
loadPrePages from FetchedFile[/tmp/ig-builds/ans.fr.documentation#0.1.8-milestone/input/pagecontent] as /tmp/ig-builds/ans.fr.documentation#0.1.8-milestone/input/pagecontent
Fetch https://interop.esante.gouv.fr/ig/documentation/package-list.json for version check            (00:00.011 / 00:06.640, 897Mb)
Processing Conformance Resources                                                                     (00:00.312 / 00:06.952, 898Mb)
Checking Language                                                                                    (00:00.000 / 00:06.953, 898Mb)
Load Dependency Info                                                                                 (00:00.000 / 00:06.953, 898Mb)
Load Info                                                                                            (00:00.000 / 00:06.954, 898Mb)
Load Paths                                                                                           (00:00.000 / 00:06.955, 899Mb)
Check R4 / R4B                                                                                       (00:00.000 / 00:06.955, 899Mb)
Assign Comparison Ids                                                                                (00:00.002 / 00:06.958, 899Mb)
Propagating status                                                                                   (00:00.000 / 00:06.958, 899Mb)
Generating Narratives                                                                                (00:00.000 / 00:06.959, 899Mb)
Validating Conformance Resources                                                                     (00:00.115 / 00:07.074, 904Mb)
Check profiles & code systems                                                                        (00:05.716 / 00:12.791, 776Mb)
Check realm rules                                                                                    (00:00.000 / 00:12.792, 776Mb)
Previous Version Comparison                                                                          (00:00.000 / 00:12.792, 776Mb)
Validating Resources                                                                                 (00:03.138 / 00:15.931, 754Mb)
Processing Provenance Records                                                                        (00:00.000 / 00:15.931, 754Mb)
Generating Outputs in /tmp/ig-builds/ans.fr.documentation#0.1.8-milestone/output                     (00:00.000 / 00:15.932, 754Mb)
Generate Native Outputs                                                                              (00:00.060 / 00:15.992, 759Mb)
Run Template                                                                                         (00:00.037 / 00:16.029, 767Mb)
Generate HTML Outputs                                                                                (00:01.254 / 00:17.283, 802Mb)
Generate Spreadsheets                                                                                (00:00.038 / 00:17.322, 814Mb)
Generate Summaries                                                                                   (00:00.000 / 00:17.322, 814Mb)
Generating Summary Outputs                                                                           (00:00.000 / 00:17.323, 814Mb)
DB Cumulative Time invested: 00:00:00.50
Sending Usage Stats to Server                                                                        (00:01.696 / 00:19.019, 738Mb)
## Memory (MB): Use = 738, Free = 865, Total = 1604, Max = 3998                                      (00:00.000 / 00:19.020, 738Mb)
Reclaiming memory...                                                                                 (00:00.000 / 00:19.020, 739Mb)
## Memory (MB): Use = 452, Free = 1075, Total = 1528, Max = 3998                                     (00:00.221 / 00:19.242, 453Mb)
Run jekyll: jekyll build --destination "/tmp/ig-builds/ans.fr.documentation#0.1.8-milestone/output" (in folder /tmp/ig-builds/ans.fr.documentation#0.1.8-milestone/temp/pages) (00:00.000 / 00:19.243, 453Mb)
Troubleshooting Note: usual cases for Jekyll to fail are:                                            (00:00.000 / 00:19.243, 453Mb)
* A failure to produce a fragment that is already logged in the output above                         (00:00.000 / 00:19.244, 453Mb)
* A reference to a manually edited file that hasn't been provided                                    (00:00.000 / 00:19.244, 453Mb)
Jekyll: Source: /tmp/ig-builds/ans.fr.documentation#0.1.8-milestone/temp/pages                       (00:00.327 / 00:19.572, 454Mb)
Jekyll: Generating...                                                                                (00:00.000 / 00:19.572, 454Mb)
Jekyll: done in 0.488 seconds.                                                                       (00:00.487 / 00:20.060, 454Mb)

Installing ans.fr.documentation#0.1.8
Checking Output HTML                                                                                 (00:00.045 / 00:20.105, 461Mb)
found 567 files                                                                                      (00:00.002 / 00:20.108, 461Mb)
........................................
........................................
  ... 567 html files, 0 pages invalid xhtml (0%)                                                     (00:00.253 / 00:20.361, 777Mb)
  ... 1105 links, 3 broken links (0%)                                                                (00:00.000 / 00:20.361, 777Mb)
Generate fragment-usage-analysis.csv                                                                 (00:00.000 / 00:20.362, 777Mb)
Build final .zip                                                                                     (00:00.005 / 00:20.367, 777Mb)
Final .zip built                                                                                     (00:00.744 / 00:21.111, 787Mb)
Built. Times: loading: 00:00.356, generate: 00:14.709, narrative generation: 00:00.115, validation: 00:05.716, realm-rules: 00:00.000, previous-version: 00:03.137, jekyll: 00:00.825, template: 00:01.253 (#3) (00:00.550 / 00:21.661, 973Mb)
Generating QA                                                                                        (00:00.000 / 00:21.662, 973Mb)
Validation output in /tmp/ig-builds/ans.fr.documentation#0.1.8-milestone/output/qa.html
Errors: 1, Warnings: 4, Info: 0, Broken Links: 4 (00:00.045 / 00:21.708, 986Mb)
Finished. Max Memory Used = 986Mb. Log file saved in /tmp/fhir-ig-publisher-tmp.log                  (00:00.001 / 00:21.709, 986Mb)
Keep a copy of the build directory at /tmp/web-root/run-20250428/ig-build-zips/ans.fr.documentation#0.1.8.zip

ok. All checks passed. Publish v0.1.8 to /tmp/web-root/run-20250428/documentation/0.1.8
Copy the IG to /tmp/web-root/run-20250428/documentation/0.1.8
Update /tmp/web-root/run-20250428/documentation/package-list.json
Publish Box Statement: This page is part of the Documentation des guides d'implémentation de l'ANS (v0.1.8: Release) based on <a data-no-external="true" href="http://hl7.org/fhir/R4">FHIR (HL7® FHIR® Standard) R4</a>. This is the current published version in its permanent home (it will always be available at this URL).  For a full list of available versions, see the <a data-no-external="true" href="https://interop.esante.gouv.fr/ig/documentation/history.html">Directory of published versions</a>
  .. 18 files checked, 18 updated
  .. 9 clones checked, 18 updated
  .. 1 redirections (1 created/updated)
This is a milestone release - publish v0.1.8 to /tmp/web-root/run-20250428/documentation
Update publish box for version 0.1.7 @ https://interop.esante.gouv.fr/ig/documentation/0.1.7
Publish Box Statement: This page is part of the Documentation des guides d'implémentation de l'ANS (v0.1.7: Release) based on <a data-no-external="true" href="http://hl7.org/fhir/R4">FHIR (HL7® FHIR® Standard) R4</a>. The current version which supersedes this version is <a data-no-external="true" href="https://interop.esante.gouv.fr/ig/documentation{{fn}}">0.1.8</a>.  For a full list of available versions, see the <a data-no-external="true" href="https://interop.esante.gouv.fr/ig/documentation/history.html">Directory of published versions</a>
  .. 17 files checked, 17 updated
  .. 9 clones checked, 0 updated
Update publish box for version 0.1.6 @ https://interop.esante.gouv.fr/ig/documentation/0.1.6
Publish Box Statement: This page is part of the Documentation des guides d'implémentation de l'ANS (v0.1.6: Release) based on <a data-no-external="true" href="http://hl7.org/fhir/R4">FHIR (HL7® FHIR® Standard) R4</a>. The current version which supersedes this version is <a data-no-external="true" href="https://interop.esante.gouv.fr/ig/documentation{{fn}}">0.1.8</a>.  For a full list of available versions, see the <a data-no-external="true" href="https://interop.esante.gouv.fr/ig/documentation/history.html">Directory of published versions</a>
  .. 17 files checked, 17 updated
  .. 9 clones checked, 0 updated
Update publish box for version 0.1.5 @ https://interop.esante.gouv.fr/ig/documentation/0.1.5
Publish Box Statement: This page is part of the Documentation des guides d'implémentation de l'ANS (v0.1.5: Release) based on <a data-no-external="true" href="http://hl7.org/fhir/R4">FHIR (HL7® FHIR® Standard) R4</a>. The current version which supersedes this version is <a data-no-external="true" href="https://interop.esante.gouv.fr/ig/documentation{{fn}}">0.1.8</a>.  For a full list of available versions, see the <a data-no-external="true" href="https://interop.esante.gouv.fr/ig/documentation/history.html">Directory of published versions</a>
  .. 17 files checked, 17 updated
  .. 9 clones checked, 0 updated
Update publish box for version 0.1.4 @ https://interop.esante.gouv.fr/ig/documentation/0.1.4
Publish Box Statement: This page is part of the Documentation des guides d'implémentation de l'ANS (v0.1.4: Release) based on <a data-no-external="true" href="http://hl7.org/fhir/R4">FHIR (HL7® FHIR® Standard) R4</a>. The current version which supersedes this version is <a data-no-external="true" href="https://interop.esante.gouv.fr/ig/documentation{{fn}}">0.1.8</a>.  For a full list of available versions, see the <a data-no-external="true" href="https://interop.esante.gouv.fr/ig/documentation/history.html">Directory of published versions</a>
  .. 21 files checked, 21 updated
  .. 9 clones checked, 0 updated
Update publish box for version 0.1.3 @ https://interop.esante.gouv.fr/ig/documentation/0.1.3
Publish Box Statement: This page is part of the Documentation des guides d'implémentation de l'ANS (v0.1.3: Release) based on <a data-no-external="true" href="http://hl7.org/fhir/R4">FHIR (HL7® FHIR® Standard) R4</a>. The current version which supersedes this version is <a data-no-external="true" href="https://interop.esante.gouv.fr/ig/documentation{{fn}}">0.1.8</a>.  For a full list of available versions, see the <a data-no-external="true" href="https://interop.esante.gouv.fr/ig/documentation/history.html">Directory of published versions</a>
  .. 20 files checked, 20 updated
  .. 10 clones checked, 0 updated
Update publish box for version 0.1.2 @ https://interop.esante.gouv.fr/ig/documentation/0.1.2
Publish Box Statement: This page is part of the Documentation des guides d'implémentation de l'ANS (v0.1.2: Release) based on <a data-no-external="true" href="http://hl7.org/fhir/R4">FHIR (HL7® FHIR® Standard) R4</a>. The current version which supersedes this version is <a data-no-external="true" href="https://interop.esante.gouv.fr/ig/documentation{{fn}}">0.1.8</a>.  For a full list of available versions, see the <a data-no-external="true" href="https://interop.esante.gouv.fr/ig/documentation/history.html">Directory of published versions</a>
  .. 18 files checked, 18 updated
  .. 10 clones checked, 0 updated
Update publish box for version 0.1.1 @ https://interop.esante.gouv.fr/ig/documentation/0.1.1
Publish Box Statement: This page is part of the Documentation des guides d'implémentation de l'ANS (v0.1.1: Release) based on <a data-no-external="true" href="http://hl7.org/fhir/R4">FHIR (HL7® FHIR® Standard) R4</a>. The current version which supersedes this version is <a data-no-external="true" href="https://interop.esante.gouv.fr/ig/documentation{{fn}}">0.1.8</a>.  For a full list of available versions, see the <a data-no-external="true" href="https://interop.esante.gouv.fr/ig/documentation/history.html">Directory of published versions</a>
  .. 17 files checked, 17 updated
  .. 10 clones checked, 0 updated
Update publish box for version 0.1.0 @ https://interop.esante.gouv.fr/ig/documentation/0.1.0
Publish Box Statement: This page is part of the Documentation des guides d'implémentation de l'ANS (v0.1.0: Release) based on <a data-no-external="true" href="http://hl7.org/fhir/R4">FHIR (HL7® FHIR® Standard) R4</a>. The current version which supersedes this version is <a data-no-external="true" href="https://interop.esante.gouv.fr/ig/documentation{{fn}}">0.1.8</a>.  For a full list of available versions, see the <a data-no-external="true" href="https://interop.esante.gouv.fr/ig/documentation/history.html">Directory of published versions</a>
  .. 66 files checked, 66 updated
  .. 23 clones checked, 0 updated
Publish Box Statement: This page is part of the Documentation des guides d'implémentation de l'ANS (v0.1.8: Release) based on <a data-no-external="true" href="http://hl7.org/fhir/R4">FHIR (HL7® FHIR® Standard) R4</a>. This is the current published version.  For a full list of available versions, see the <a data-no-external="true" href="https://interop.esante.gouv.fr/ig/documentation/history.html">Directory of published versions</a>
  .. 18 files checked, 18 updated
  .. 9 clones checked, 18 updated
  .. 1 redirections (1 created/updated)
Check for Files to delete
  ... 0 files
Copy to new IG /tmp/web-root/run-20250428/documentation
ans.fr.documentation (https://interop.esante.gouv.fr/ig/documentation): Documentation des guides d'implémentation de l'ANS @ https://ansforge.github.io/IG-documentation/ig/main
  release: release 0.1.8/4.0.1 @ https://interop.esante.gouv.fr/ig/documentation/0.1.8
Build is complete. Copy from /tmp/web-root/run-20250428
Update history page at /tmp/web-root/run-20250428/documentation from /home/runner/work/IG-documentation/IG-documentation/./IG-website-release/fhir-ig-history-template and ./IG-website-release/templates
