FHIR IG Publisher Version 1.5.5 (Git# 3db07b9b9942). Built 2023-11-24T21:11:01.665Z (10 days old)
Detected Java version: 17.0.7 from /opt/hostedtoolcache/Java_Microsoft_jdk/17.0.7/x64 on amd64 (64bit). 3996MB available
dir = /home/runner/work/IG-securisation-transport-api-rest/IG-securisation-transport-api-rest, path = /opt/hostedtoolcache/Java_Microsoft_jdk/17.0.7/x64/bin:/home/runner/.dotnet:/snap/bin:/home/runner/.local/bin:/opt/pipx_bin:/home/runner/.cargo/bin:/home/runner/.config/composer/vendor/bin:/usr/local/.ghcup/bin:/home/runner/.dotnet/tools:/usr/local/sbin:/usr/local/bin:/usr/sbin:/usr/bin:/sbin:/bin:/usr/games:/usr/local/games:/snap/bin
Parameters: -go-publish -source igRepo -web ./IG-website-release/www/ig -registry ./IG-website-release/ig-registry/fhir-ig-list.json -history ./IG-website-release/fhir-ig-history-template -templates ./IG-website-release/templates
---------------
Publication Run: publish igRepo to ./IG-website-release/www/ig
Run Number: 8
Relative directory for IG is '/securisation-transport'
All checks passed. Do the publication build from /home/runner/work/IG-securisation-transport-api-rest/IG-securisation-transport-api-rest/igRepo and publish to /tmp/web-root/run-20231205/securisation-transport
Prepare Build space in /tmp/ans.fr.securisation-transport#1.2.0
Build IG at /home/runner/work/IG-securisation-transport-api-rest/IG-securisation-transport-api-rest/igRepo: final copy suitable for publication (in /tmp/ans.fr.securisation-transport#1.2.0)
FHIR IG Publisher Version 1.5.5 (Git# 3db07b9b9942). Built 2023-11-24T21:11:01.665Z (10 days old)   
Detected Java version: 17.0.7 from /opt/hostedtoolcache/Java_Microsoft_jdk/17.0.7/x64 on Linux/amd64 (64bit). 3996MB available
dir = /home/runner/work/IG-securisation-transport-api-rest/IG-securisation-transport-api-rest, path = /opt/hostedtoolcache/Java_Microsoft_jdk/17.0.7/x64/bin:/home/runner/.dotnet:/snap/bin:/home/runner/.local/bin:/opt/pipx_bin:/home/runner/.cargo/bin:/home/runner/.config/composer/vendor/bin:/usr/local/.ghcup/bin:/home/runner/.dotnet/tools:/usr/local/sbin:/usr/local/bin:/usr/sbin:/usr/bin:/sbin:/bin:/usr/games:/usr/local/games:/snap/bin
Parameters: -ig /tmp/ans.fr.securisation-transport#1.2.0 -resetTx -publish https://interop.esante.gouv.fr/ig/securisation-transport/1.2.0 -no-exit
Start Clock @ Tuesday, December 5, 2023 at 2:28:00 PM Coordinated Universal Time (2023-12-05T14:28:00Z)
                                                                                                    
Build FHIR IG from /tmp/ans.fr.securisation-transport#1.2.0                                          (00:00.015 / 00:00.016, 16Mb)
Build Formal Publication package, intended for https://interop.esante.gouv.fr/ig/securisation-transport/1.2.0 (00:00.003 / 00:00.019, 17Mb)
API keys loaded from /home/runner/.fhir/fhir-settings.json                                           (00:00.001 / 00:00.020, 17Mb)
Package Cache: /home/runner/.fhir/packages                                                           (00:00.002 / 00:00.023, 17Mb)
Unable to load IG as an r5 IG - try R4 (property code is a class com.google.gson.JsonPrimitive looking for an object) (00:00.418 / 00:00.441, 47Mb)
Load Template from https://github.com/ansforge/IG-template                                           (00:00.376 / 00:00.818, 31Mb)

onLoad.findSpreadsheets:

onLoad.updateIg:
     [xslt] Processing /tmp/ans.fr.securisation-transport#1.2.0/template/onLoad-ig-working.xml to /tmp/ans.fr.securisation-transport#1.2.0/template/onLoad-ig-updated.xml
     [xslt] Loading stylesheet /tmp/ans.fr.securisation-transport#1.2.0/template/scripts/onLoad.xslt

onLoad.extend:

onLoad:
Root directory: /tmp/ans.fr.securisation-transport#1.2.0                                             (00:03.113 / 00:03.932, 73Mb)
Core Package hl7.fhir.r4.core#4.0.1
Unable to generate snapshot @2 for Definition from noname because Profile Definition (http://hl7.org/fhir/StructureDefinition/Definition) has no base and no snapshot
Unable to generate snapshot @2 for Event from noname because Profile Event (http://hl7.org/fhir/StructureDefinition/Event) has no base and no snapshot
Unable to generate snapshot @2 for FiveWs from noname because Profile FiveWs (http://hl7.org/fhir/StructureDefinition/FiveWs) has no base and no snapshot
Unable to generate snapshot @2 for Request from noname because Profile Request (http://hl7.org/fhir/StructureDefinition/Request) has no base and no snapshot
Terminology Cache is at /tmp/ans.fr.securisation-transport#1.2.0/input-cache/txcache. Clearing now   (00:04.538 / 00:08.471, 162Mb)
Connect to Terminology Server at http://tx.fhir.org                                                  (00:00.002 / 00:08.473, 162Mb)
Load Package hl7.fhir.pubpack#0.1.6
Load Package hl7.fhir.xver-extensions#0.0.12
Load Package hl7.terminology.r4#5.3.0
Load Package hl7.fhir.uv.extensions.r4#1.0.0
Version mismatch. This IG is version 4.0.1, while the IG 'hl7.fhir.uv.tools' is from version 5.0.0 (will try to run anyway) (00:03.842 / 00:12.316, 600Mb)
Load Package hl7.fhir.uv.tools#1.0.0-candidate
Load R5 Specials
Unable to generate snapshot @2 for Definition from noname because Profile Definition (http://hl7.org/fhir/StructureDefinition/Definition) has no base and no snapshot
Unable to generate snapshot @2 for Event from noname because Profile Event (http://hl7.org/fhir/StructureDefinition/Event) has no base and no snapshot
Unable to generate snapshot @2 for FiveWs from noname because Profile FiveWs (http://hl7.org/fhir/StructureDefinition/FiveWs) has no base and no snapshot
Unable to generate snapshot @2 for Request from noname because Profile Request (http://hl7.org/fhir/StructureDefinition/Request) has no base and no snapshot
Initialization complete                                                                              (00:00.629 / 00:12.946, 383Mb)
Fetch https://interop.esante.gouv.fr/ig/securisation-transport/package-list.json for version check   (00:00.002 / 00:12.948, 383Mb)
Load Content                                                                                         (00:00.519 / 00:13.467, 385Mb)
loadPrePages from FetchedFile[/tmp/ans.fr.securisation-transport#1.2.0/fsh-generated/includes] as /tmp/ans.fr.securisation-transport#1.2.0/fsh-generated/includes
loadPrePages from FetchedFile[/tmp/ans.fr.securisation-transport#1.2.0/input/data] as /tmp/ans.fr.securisation-transport#1.2.0/input/data
loadPrePages from FetchedFile[/tmp/ans.fr.securisation-transport#1.2.0/input/pagecontent] as /tmp/ans.fr.securisation-transport#1.2.0/input/pagecontent
Processing Conformance Resources                                                                     (00:00.174 / 00:13.641, 408Mb)
Load Dependency Info                                                                                 (00:00.001 / 00:13.642, 408Mb)
Load Info                                                                                            (00:00.001 / 00:13.644, 408Mb)
Load Resources                                                                                       (00:00.001 / 00:13.645, 409Mb)
Load Paths                                                                                           (00:00.078 / 00:13.724, 429Mb)
Generating Snapshots                                                                                 (00:00.001 / 00:13.725, 429Mb)
Check R4 / R4B                                                                                       (00:00.005 / 00:13.731, 429Mb)
Assign Comparison Ids                                                                                (00:00.006 / 00:13.737, 429Mb)
Propagating status                                                                                   (00:00.001 / 00:13.738, 429Mb)
Generating Narratives                                                                                (00:00.001 / 00:13.739, 429Mb)
Validating Conformance Resources                                                                     (00:00.096 / 00:13.835, 451Mb)
Check profiles & code systems                                                                        (00:02.532 / 00:16.368, 711Mb)
Check realm rules                                                                                    (00:00.001 / 00:16.369, 711Mb)
Previous Version Comparison                                                                          (00:00.001 / 00:16.370, 711Mb)
Installing ans.fr.securisation-transport#1.1 to the package cache
  Fetching:
2023-12-05 14:28:17.228 [main] INFO  o.h.f.u.npm.BasePackageCacheManager [BasePackageCacheManager.java:85] Failed to resolve package ans.fr.securisation-transport#1.1 from server: https://packages.fhir.org (Invalid HTTP response 404 from https://packages.fhir.org/ans.fr.securisation-transport/1.1 (Not Found) (content in /tmp/http-log/fhir-http-2.log))
2023-12-05 14:28:17.289 [main] INFO  o.h.f.u.npm.BasePackageCacheManager [BasePackageCacheManager.java:85] Failed to resolve package ans.fr.securisation-transport#1.1 from server: https://packages2.fhir.org/packages (Invalid HTTP response 404 from https://packages2.fhir.org/packages/ans.fr.securisation-transport/1.1 (Not found) (content in /tmp/http-log/fhir-http-3.log))
Error fetching https://packages.fhir.org/ans.fr.securisation-transport: Invalid HTTP response 404 from https://packages.fhir.org/ans.fr.securisation-transport (Not Found) (content in /tmp/http-log/fhir-http-4.log)
2023-12-05 14:28:17.449 [main] INFO  o.h.f.u.npm.BasePackageCacheManager [BasePackageCacheManager.java:85] Failed to resolve package ans.fr.securisation-transport#1.1.x from server: https://packages.fhir.org (Package not found: ans.fr.securisation-transport)
2023-12-05 14:28:18.285 [main] INFO  o.h.f.u.npm.BasePackageCacheManager [BasePackageCacheManager.java:85] Failed to resolve package ans.fr.securisation-transport#1.1.x from server: https://packages2.fhir.org/packages (Package not found: ans.fr.securisation-transport)
org.hl7.fhir.exceptions.FHIRException: Unable to resolve package id ans.fr.securisation-transport#1.1
	at org.hl7.fhir.utilities.npm.FilesystemPackageCacheManager.fetchTheOldWay(FilesystemPackageCacheManager.java:843)
	at org.hl7.fhir.utilities.npm.FilesystemPackageCacheManager.loadFromPackageServer(FilesystemPackageCacheManager.java:325)
	at org.hl7.fhir.utilities.npm.FilesystemPackageCacheManager.loadPackage(FilesystemPackageCacheManager.java:631)
	at org.hl7.fhir.igtools.publisher.comparators.PreviousVersionComparator.startChecks(PreviousVersionComparator.java:192)
	at org.hl7.fhir.igtools.publisher.Publisher.checkConformanceResources(Publisher.java:5840)
	at org.hl7.fhir.igtools.publisher.Publisher.loadConformance(Publisher.java:5683)
	at org.hl7.fhir.igtools.publisher.Publisher.createIg(Publisher.java:1128)
	at org.hl7.fhir.igtools.publisher.Publisher.execute(Publisher.java:974)
	at org.hl7.fhir.igtools.publisher.Publisher.main(Publisher.java:12468)
	at org.hl7.fhir.igtools.web.PublicationProcess.runBuild(PublicationProcess.java:889)
	at org.hl7.fhir.igtools.web.PublicationProcess.doPublish(PublicationProcess.java:473)
	at org.hl7.fhir.igtools.web.PublicationProcess.publishInner2(PublicationProcess.java:390)
	at org.hl7.fhir.igtools.web.PublicationProcess.publishInner(PublicationProcess.java:231)
	at org.hl7.fhir.igtools.web.PublicationProcess.publish(PublicationProcess.java:123)
	at org.hl7.fhir.igtools.publisher.Publisher.main(Publisher.java:12222)
java.lang.NullPointerException: Cannot read the array length because "bytes" is null
	at java.base/java.lang.String.<init>(String.java:1433)
	at org.hl7.fhir.igtools.publisher.comparators.PreviousVersionComparator.finishChecks(PreviousVersionComparator.java:264)
	at org.hl7.fhir.igtools.publisher.Publisher.checkConformanceResources(Publisher.java:5866)
	at org.hl7.fhir.igtools.publisher.Publisher.loadConformance(Publisher.java:5683)
	at org.hl7.fhir.igtools.publisher.Publisher.createIg(Publisher.java:1128)
	at org.hl7.fhir.igtools.publisher.Publisher.execute(Publisher.java:974)
	at org.hl7.fhir.igtools.publisher.Publisher.main(Publisher.java:12468)
	at org.hl7.fhir.igtools.web.PublicationProcess.runBuild(PublicationProcess.java:889)
	at org.hl7.fhir.igtools.web.PublicationProcess.doPublish(PublicationProcess.java:473)
	at org.hl7.fhir.igtools.web.PublicationProcess.publishInner2(PublicationProcess.java:390)
	at org.hl7.fhir.igtools.web.PublicationProcess.publishInner(PublicationProcess.java:231)
	at org.hl7.fhir.igtools.web.PublicationProcess.publish(PublicationProcess.java:123)
	at org.hl7.fhir.igtools.publisher.Publisher.main(Publisher.java:12222)
Validating Resources                                                                                 (00:02.548 / 00:18.919, 752Mb)
Processing Provenance Records                                                                        (00:00.001 / 00:18.920, 752Mb)
Generating Outputs in /tmp/ans.fr.securisation-transport#1.2.0/output                                (00:00.001 / 00:18.921, 752Mb)
Generate Native Outputs                                                                              (00:00.110 / 00:19.032, 774Mb)
Run Template                                                                                         (00:00.109 / 00:19.141, 792Mb)

onGenerate.checkVersions:
     [xslt] Processing /tmp/ans.fr.securisation-transport#1.2.0/template/onGenerate-ig-working.xml to /tmp/ans.fr.securisation-transport#1.2.0/template/versions.txt
     [xslt] Loading stylesheet /tmp/ans.fr.securisation-transport#1.2.0/template/scripts/onGenerate.getVersions.xslt

onGenerate.r5-schemas:
      [get] Getting: http://build.fhir.org/fhir-single.xsd
      [get] To: /tmp/ans.fr.securisation-transport#1.2.0/input-cache/schemas/R5/fhir-single.xsd
      [get] Not modified - so not downloaded
      [get] Getting: http://build.fhir.org/fhir-xhtml.xsd
      [get] To: /tmp/ans.fr.securisation-transport#1.2.0/input-cache/schemas/R5/fhir-xhtml.xsd
      [get] Not modified - so not downloaded
      [get] Getting: http://build.fhir.org/xml.xsd
      [get] To: /tmp/ans.fr.securisation-transport#1.2.0/input-cache/schemas/R5/xml.xsd
      [get] Not modified - so not downloaded
      [get] Getting: http://build.fhir.org/xmldsig-core-schema.xsd
      [get] To: /tmp/ans.fr.securisation-transport#1.2.0/input-cache/schemas/R5/xmldsig-core-schema.xsd
      [get] Not modified - so not downloaded

onGenerate.r4-schemas:
      [get] Getting: http://hl7.org/fhir/R4/fhir-single.xsd
      [get] To: /tmp/ans.fr.securisation-transport#1.2.0/input-cache/schemas/R4/fhir-single.xsd
      [get] Not modified - so not downloaded
      [get] Getting: http://hl7.org/fhir/R4/fhir-xhtml.xsd
      [get] To: /tmp/ans.fr.securisation-transport#1.2.0/input-cache/schemas/R4/fhir-xhtml.xsd
      [get] Not modified - so not downloaded
      [get] Getting: http://hl7.org/fhir/R4/xml.xsd
      [get] To: /tmp/ans.fr.securisation-transport#1.2.0/input-cache/schemas/R4/xml.xsd
      [get] Not modified - so not downloaded
      [get] Getting: http://hl7.org/fhir/R4/xmldsig-core-schema.xsd
      [get] To: /tmp/ans.fr.securisation-transport#1.2.0/input-cache/schemas/R4/xmldsig-core-schema.xsd
      [get] Not modified - so not downloaded

onGenerate.r3-schemas:

onGenerate.r2b-schemas:

onGenerate.r2-schemas:

onGenerate.schemas:

onGenerate.data:
     [xslt] Processing /tmp/ans.fr.securisation-transport#1.2.0/template/onGenerate-ig-working.xml to /tmp/ans.fr.securisation-transport#1.2.0/temp/pages/_data/artifacts.json
     [xslt] Loading stylesheet /tmp/ans.fr.securisation-transport#1.2.0/template/scripts/onGenerate.data.xslt

onGenerate.setup:

onGenerate.infoFile:
     [xslt] Processing /tmp/ans.fr.securisation-transport#1.2.0/template/onGenerate-ig-working.xml to /tmp/ans.fr.securisation-transport#1.2.0/temp/pages/_data/info.json
     [xslt] Loading stylesheet /tmp/ans.fr.securisation-transport#1.2.0/template/scripts/onGenerate.genJson.xslt

onGenerate.processIncludes:
     [copy] Copying 17 files to /tmp/ans.fr.securisation-transport#1.2.0/temp/pages/_includes

onGenerate.processIg:
     [xslt] Processing /tmp/ans.fr.securisation-transport#1.2.0/template/onGenerate-ig-working.xml to /tmp/ans.fr.securisation-transport#1.2.0/template/onGenerate-ig-working.1.xml
     [xslt] Loading stylesheet /tmp/ans.fr.securisation-transport#1.2.0/template/scripts/onGenerate.group.xslt
     [xslt] Processing /tmp/ans.fr.securisation-transport#1.2.0/template/onGenerate-ig-working.1.xml to /tmp/ans.fr.securisation-transport#1.2.0/template/onGenerate-ig-working.2.xml
     [xslt] Loading stylesheet /tmp/ans.fr.securisation-transport#1.2.0/template/scripts/onGenerate.groupSort.xslt
     [xslt] Processing /tmp/ans.fr.securisation-transport#1.2.0/template/onGenerate-ig-working.2.xml to /tmp/ans.fr.securisation-transport#1.2.0/template/onGenerate-ig-updated.xml
     [xslt] Loading stylesheet /tmp/ans.fr.securisation-transport#1.2.0/template/scripts/onGenerate.final.xslt

onGenerate.igQa:
     [xslt] Processing /tmp/ans.fr.securisation-transport#1.2.0/template/onGenerate-ig-updated.xml to /tmp/ans.fr.securisation-transport#1.2.0/template/ongenerate-validation-igqa.json
     [xslt] Loading stylesheet /tmp/ans.fr.securisation-transport#1.2.0/template/scripts/onGenerate.qa.xslt

onGenerate.artifactList:
     [xslt] Processing /tmp/ans.fr.securisation-transport#1.2.0/template/onGenerate-ig-updated.xml to /tmp/ans.fr.securisation-transport#1.2.0/temp/pages/_includes/artifacts.xml
     [xslt] Loading stylesheet /tmp/ans.fr.securisation-transport#1.2.0/template/scripts/createArtifactSummary.xslt

check-plantumlfiles:

onGenerate.plantUml.ig:

onGenerate.plantUml.template:

onGenerate.plantUml:

onGenerate.copyDataFiles:
     [copy] Warning: /tmp/ans.fr.securisation-transport#1.2.0/template/data does not exist.

onGenerate.extend:

onGenerate:
Template Done                                                                                        (00:02.903 / 00:22.044, 830Mb)
Generate HTML Outputs                                                                                (00:00.001 / 00:22.046, 830Mb)
Generate Summaries                                                                                   (00:00.138 / 00:22.184, 848Mb)
Generating Summary Outputs                                                                           (00:00.001 / 00:22.185, 848Mb)
ERROR StatusLogger Log4j2 could not find a logging implementation. Please add log4j-core to the classpath. Using SimpleLogger to log to the console...
DB Cumulative Time invested: 0:0:0.43
Sending Usage Stats to Server                                                                        (02:15.567 / 02:37.752, 1Gb)
## Memory (MB): Use = 1027, Free = 264, Total = 1292, Max = 3996                                     (00:00.001 / 02:37.754, 1Gb)
Reclaiming memory...                                                                                 (00:00.001 / 02:37.755, 1Gb)
## Memory (MB): Use = 457, Free = 834, Total = 1292, Max = 3996                                      (00:00.232 / 02:37.987, 458Mb)
Run jekyll: jekyll build --destination "/tmp/ans.fr.securisation-transport#1.2.0/output" (in folder /tmp/ans.fr.securisation-transport#1.2.0/temp/pages) (00:00.004 / 02:37.992, 458Mb)
Note: usual cases for Jekyll to fail are:                                                            (00:00.003 / 02:37.996, 458Mb)
* A failure to produce a fragment that is already logged in the output above                         (00:00.001 / 02:37.997, 458Mb)
* A reference to a manually edited file that hasn't been provided                                    (00:00.001 / 02:37.998, 458Mb)
Jekyll: Source: /tmp/ans.fr.securisation-transport#1.2.0/temp/pages                                  (00:00.341 / 02:38.339, 461Mb)
Jekyll: Generating...                                                                                (00:00.001 / 02:38.340, 461Mb)
Jekyll: done in 0.649 seconds.                                                                       (00:00.648 / 02:38.989, 461Mb)

Installing ans.fr.securisation-transport#1.2.0Checking Output HTML                                                                                 (00:00.549 / 02:39.538, 551Mb)
found 557 files                                                                                      (00:00.004 / 02:39.542, 551Mb)
..........................................
..........................................
  ... 557 html files, 0 pages invalid xhtml (0%)                                                     (00:00.629 / 02:40.172, 1Gb)
  ... 738 links, 1 broken links (0%)                                                                 (00:00.001 / 02:40.173, 1Gb)
Build final .zip                                                                                     (00:00.000 / 02:40.174, 1Gb)
Final .zip built                                                                                     (00:00.256 / 02:40.430, 1Gb)
Built. Times: loading: 00:00.173, generate: 02:29.131, narrative generation: 00:00.094, validation: 00:02.531, realm-rules: 00:00.001, previous-version: 00:02.540, jekyll: 00:01.008, template: 00:02.902 (#3) (00:02.344 / 02:42.774, 721Mb)
Validation output in /tmp/ans.fr.securisation-transport#1.2.0/output/qa.html
Errors: 1, Warnings: 4, Info: 0, Broken Links: 1 (00:00.079 / 02:42.854, 731Mb)
Finished. Max Memory Used = 1Gb. Log file saved in /tmp/fhir-ig-publisher-tmp.log                    (00:00.002 / 02:42.857, 731Mb)
Prepare Build space in /tmp/ans.fr.securisation-transport#1.2.0-milestone
Build IG at /home/runner/work/IG-securisation-transport-api-rest/IG-securisation-transport-api-rest/igRepo: final copy suitable for publication (in /tmp/ans.fr.securisation-transport#1.2.0-milestone) (milestone build)
FHIR IG Publisher Version 1.5.5 (Git# 3db07b9b9942). Built 2023-11-24T21:11:01.665Z (10 days old)   
Detected Java version: 17.0.7 from /opt/hostedtoolcache/Java_Microsoft_jdk/17.0.7/x64 on Linux/amd64 (64bit). 3996MB available
dir = /home/runner/work/IG-securisation-transport-api-rest/IG-securisation-transport-api-rest, path = /opt/hostedtoolcache/Java_Microsoft_jdk/17.0.7/x64/bin:/home/runner/.dotnet:/snap/bin:/home/runner/.local/bin:/opt/pipx_bin:/home/runner/.cargo/bin:/home/runner/.config/composer/vendor/bin:/usr/local/.ghcup/bin:/home/runner/.dotnet/tools:/usr/local/sbin:/usr/local/bin:/usr/sbin:/usr/bin:/sbin:/bin:/usr/games:/usr/local/games:/snap/bin
Parameters: -ig /tmp/ans.fr.securisation-transport#1.2.0-milestone -publish https://interop.esante.gouv.fr/ig/securisation-transport/1.2.0 -milestone -no-exit
Start Clock @ Tuesday, December 5, 2023 at 2:30:44 PM Coordinated Universal Time (2023-12-05T14:30:44Z)
                                                                                                    
Build FHIR IG from /tmp/ans.fr.securisation-transport#1.2.0-milestone                                (00:00.002 / 00:00.003, 748Mb)
Build Formal Publication package, intended for https://interop.esante.gouv.fr/ig/securisation-transport/1.2.0 (00:00.001 / 00:00.004, 748Mb)
API keys loaded from /home/runner/.fhir/fhir-settings.json                                           (00:00.001 / 00:00.005, 748Mb)
Package Cache: /home/runner/.fhir/packages                                                           (00:00.000 / 00:00.006, 748Mb)
Unable to load IG as an r5 IG - try R4 (property code is a class com.google.gson.JsonPrimitive looking for an object) (00:00.004 / 00:00.011, 749Mb)
Load Template from https://github.com/ansforge/IG-template                                           (00:00.014 / 00:00.025, 750Mb)

onLoad.findSpreadsheets:

onLoad.updateIg:
     [xslt] Processing /tmp/ans.fr.securisation-transport#1.2.0-milestone/template/onLoad-ig-working.xml to /tmp/ans.fr.securisation-transport#1.2.0-milestone/template/onLoad-ig-updated.xml
     [xslt] Loading stylesheet /tmp/ans.fr.securisation-transport#1.2.0-milestone/template/scripts/onLoad.xslt

onLoad.extend:

onLoad:
Root directory: /tmp/ans.fr.securisation-transport#1.2.0-milestone                                   (00:01.871 / 00:01.896, 945Mb)
Core Package hl7.fhir.r4.core#4.0.1
Unable to generate snapshot @2 for Definition from noname because Profile Definition (http://hl7.org/fhir/StructureDefinition/Definition) has no base and no snapshot
Unable to generate snapshot @2 for Event from noname because Profile Event (http://hl7.org/fhir/StructureDefinition/Event) has no base and no snapshot
Unable to generate snapshot @2 for FiveWs from noname because Profile FiveWs (http://hl7.org/fhir/StructureDefinition/FiveWs) has no base and no snapshot
Unable to generate snapshot @2 for Request from noname because Profile Request (http://hl7.org/fhir/StructureDefinition/Request) has no base and no snapshot
Terminology Cache is at /tmp/ans.fr.securisation-transport#1.2.0-milestone/input-cache/txcache. 4 files in cache (00:02.524 / 00:04.421, 725Mb)
Connect to Terminology Server at http://tx.fhir.org                                                  (00:00.001 / 00:04.423, 725Mb)
Load Package hl7.fhir.pubpack#0.1.6
Load Package hl7.fhir.xver-extensions#0.0.12
Load Package hl7.terminology.r4#5.3.0
Load Package hl7.fhir.uv.extensions.r4#1.0.0
Version mismatch. This IG is version 4.0.1, while the IG 'hl7.fhir.uv.tools' is from version 5.0.0 (will try to run anyway) (00:03.345 / 00:07.768, 926Mb)
Load Package hl7.fhir.uv.tools#1.0.0-candidate
Load R5 Specials
Unable to generate snapshot @2 for Definition from noname because Profile Definition (http://hl7.org/fhir/StructureDefinition/Definition) has no base and no snapshot
Unable to generate snapshot @2 for Event from noname because Profile Event (http://hl7.org/fhir/StructureDefinition/Event) has no base and no snapshot
Unable to generate snapshot @2 for FiveWs from noname because Profile FiveWs (http://hl7.org/fhir/StructureDefinition/FiveWs) has no base and no snapshot
Unable to generate snapshot @2 for Request from noname because Profile Request (http://hl7.org/fhir/StructureDefinition/Request) has no base and no snapshot
Initialization complete                                                                              (00:00.526 / 00:08.295, 916Mb)
Fetch https://interop.esante.gouv.fr/ig/securisation-transport/package-list.json for version check   (00:00.001 / 00:08.296, 916Mb)
Load Content                                                                                         (00:00.474 / 00:08.770, 919Mb)
loadPrePages from FetchedFile[/tmp/ans.fr.securisation-transport#1.2.0-milestone/fsh-generated/includes] as /tmp/ans.fr.securisation-transport#1.2.0-milestone/fsh-generated/includes
loadPrePages from FetchedFile[/tmp/ans.fr.securisation-transport#1.2.0-milestone/input/data] as /tmp/ans.fr.securisation-transport#1.2.0-milestone/input/data
loadPrePages from FetchedFile[/tmp/ans.fr.securisation-transport#1.2.0-milestone/input/pagecontent] as /tmp/ans.fr.securisation-transport#1.2.0-milestone/input/pagecontent
Processing Conformance Resources                                                                     (00:00.062 / 00:08.832, 940Mb)
Load Dependency Info                                                                                 (00:00.001 / 00:08.834, 940Mb)
Load Info                                                                                            (00:00.001 / 00:08.835, 940Mb)
Load Resources                                                                                       (00:00.000 / 00:08.836, 941Mb)
Load Paths                                                                                           (00:00.031 / 00:08.867, 960Mb)
Generating Snapshots                                                                                 (00:00.001 / 00:08.868, 960Mb)
Check R4 / R4B                                                                                       (00:00.001 / 00:08.870, 960Mb)
Assign Comparison Ids                                                                                (00:00.002 / 00:08.872, 961Mb)
Propagating status                                                                                   (00:00.001 / 00:08.873, 961Mb)
Generating Narratives                                                                                (00:00.000 / 00:08.875, 961Mb)
Validating Conformance Resources                                                                     (00:00.032 / 00:08.907, 980Mb)
Check profiles & code systems                                                                        (00:01.928 / 00:10.835, 948Mb)
Check realm rules                                                                                    (00:00.001 / 00:10.836, 948Mb)
Previous Version Comparison                                                                          (00:00.000 / 00:10.837, 948Mb)
Installing ans.fr.securisation-transport#1.1 to the package cache
  Fetching:
2023-12-05 14:30:55.756 [main] INFO  o.h.f.u.npm.BasePackageCacheManager [BasePackageCacheManager.java:85] Failed to resolve package ans.fr.securisation-transport#1.1 from server: https://packages.fhir.org (Invalid HTTP response 404 from https://packages.fhir.org/ans.fr.securisation-transport/1.1 (Not Found) (content in /tmp/http-log/fhir-http-5.log))
2023-12-05 14:30:55.817 [main] INFO  o.h.f.u.npm.BasePackageCacheManager [BasePackageCacheManager.java:85] Failed to resolve package ans.fr.securisation-transport#1.1 from server: https://packages2.fhir.org/packages (Invalid HTTP response 404 from https://packages2.fhir.org/packages/ans.fr.securisation-transport/1.1 (Not found) (content in /tmp/http-log/fhir-http-6.log))
Error fetching https://packages.fhir.org/ans.fr.securisation-transport: Invalid HTTP response 404 from https://packages.fhir.org/ans.fr.securisation-transport (Not Found) (content in /tmp/http-log/fhir-http-7.log)
2023-12-05 14:30:55.967 [main] INFO  o.h.f.u.npm.BasePackageCacheManager [BasePackageCacheManager.java:85] Failed to resolve package ans.fr.securisation-transport#1.1.x from server: https://packages.fhir.org (Package not found: ans.fr.securisation-transport)
2023-12-05 14:30:56.822 [main] INFO  o.h.f.u.npm.BasePackageCacheManager [BasePackageCacheManager.java:85] Failed to resolve package ans.fr.securisation-transport#1.1.x from server: https://packages2.fhir.org/packages (Package not found: ans.fr.securisation-transport)
org.hl7.fhir.exceptions.FHIRException: Unable to resolve package id ans.fr.securisation-transport#1.1
	at org.hl7.fhir.utilities.npm.FilesystemPackageCacheManager.fetchTheOldWay(FilesystemPackageCacheManager.java:843)
	at org.hl7.fhir.utilities.npm.FilesystemPackageCacheManager.loadFromPackageServer(FilesystemPackageCacheManager.java:325)
	at org.hl7.fhir.utilities.npm.FilesystemPackageCacheManager.loadPackage(FilesystemPackageCacheManager.java:631)
	at org.hl7.fhir.igtools.publisher.comparators.PreviousVersionComparator.startChecks(PreviousVersionComparator.java:192)
	at org.hl7.fhir.igtools.publisher.Publisher.checkConformanceResources(Publisher.java:5840)
	at org.hl7.fhir.igtools.publisher.Publisher.loadConformance(Publisher.java:5683)
	at org.hl7.fhir.igtools.publisher.Publisher.createIg(Publisher.java:1128)
	at org.hl7.fhir.igtools.publisher.Publisher.execute(Publisher.java:974)
	at org.hl7.fhir.igtools.publisher.Publisher.main(Publisher.java:12468)
	at org.hl7.fhir.igtools.web.PublicationProcess.runBuild(PublicationProcess.java:889)
	at org.hl7.fhir.igtools.web.PublicationProcess.doPublish(PublicationProcess.java:478)
	at org.hl7.fhir.igtools.web.PublicationProcess.publishInner2(PublicationProcess.java:390)
	at org.hl7.fhir.igtools.web.PublicationProcess.publishInner(PublicationProcess.java:231)
	at org.hl7.fhir.igtools.web.PublicationProcess.publish(PublicationProcess.java:123)
	at org.hl7.fhir.igtools.publisher.Publisher.main(Publisher.java:12222)
java.lang.NullPointerException: Cannot read the array length because "bytes" is null
	at java.base/java.lang.String.<init>(String.java:1433)
	at org.hl7.fhir.igtools.publisher.comparators.PreviousVersionComparator.finishChecks(PreviousVersionComparator.java:264)
	at org.hl7.fhir.igtools.publisher.Publisher.checkConformanceResources(Publisher.java:5866)
	at org.hl7.fhir.igtools.publisher.Publisher.loadConformance(Publisher.java:5683)
	at org.hl7.fhir.igtools.publisher.Publisher.createIg(Publisher.java:1128)
	at org.hl7.fhir.igtools.publisher.Publisher.execute(Publisher.java:974)
	at org.hl7.fhir.igtools.publisher.Publisher.main(Publisher.java:12468)
	at org.hl7.fhir.igtools.web.PublicationProcess.runBuild(PublicationProcess.java:889)
	at org.hl7.fhir.igtools.web.PublicationProcess.doPublish(PublicationProcess.java:478)
	at org.hl7.fhir.igtools.web.PublicationProcess.publishInner2(PublicationProcess.java:390)
	at org.hl7.fhir.igtools.web.PublicationProcess.publishInner(PublicationProcess.java:231)
	at org.hl7.fhir.igtools.web.PublicationProcess.publish(PublicationProcess.java:123)
	at org.hl7.fhir.igtools.publisher.Publisher.main(Publisher.java:12222)
Validating Resources                                                                                 (00:02.328 / 00:13.166, 988Mb)
Processing Provenance Records                                                                        (00:00.001 / 00:13.167, 988Mb)
Generating Outputs in /tmp/ans.fr.securisation-transport#1.2.0-milestone/output                      (00:00.000 / 00:13.168, 988Mb)
Generate Native Outputs                                                                              (00:00.100 / 00:13.268, 1009Mb)
Run Template                                                                                         (00:00.095 / 00:13.363, 1Gb)

onGenerate.checkVersions:
     [xslt] Processing /tmp/ans.fr.securisation-transport#1.2.0-milestone/template/onGenerate-ig-working.xml to /tmp/ans.fr.securisation-transport#1.2.0-milestone/template/versions.txt
     [xslt] Loading stylesheet /tmp/ans.fr.securisation-transport#1.2.0-milestone/template/scripts/onGenerate.getVersions.xslt

onGenerate.r5-schemas:
      [get] Getting: http://build.fhir.org/fhir-single.xsd
      [get] To: /tmp/ans.fr.securisation-transport#1.2.0-milestone/input-cache/schemas/R5/fhir-single.xsd
      [get] Not modified - so not downloaded
      [get] Getting: http://build.fhir.org/fhir-xhtml.xsd
      [get] To: /tmp/ans.fr.securisation-transport#1.2.0-milestone/input-cache/schemas/R5/fhir-xhtml.xsd
      [get] Not modified - so not downloaded
      [get] Getting: http://build.fhir.org/xml.xsd
      [get] To: /tmp/ans.fr.securisation-transport#1.2.0-milestone/input-cache/schemas/R5/xml.xsd
      [get] Not modified - so not downloaded
      [get] Getting: http://build.fhir.org/xmldsig-core-schema.xsd
      [get] To: /tmp/ans.fr.securisation-transport#1.2.0-milestone/input-cache/schemas/R5/xmldsig-core-schema.xsd
      [get] Not modified - so not downloaded

onGenerate.r4-schemas:
      [get] Getting: http://hl7.org/fhir/R4/fhir-single.xsd
      [get] To: /tmp/ans.fr.securisation-transport#1.2.0-milestone/input-cache/schemas/R4/fhir-single.xsd
      [get] Not modified - so not downloaded
      [get] Getting: http://hl7.org/fhir/R4/fhir-xhtml.xsd
      [get] To: /tmp/ans.fr.securisation-transport#1.2.0-milestone/input-cache/schemas/R4/fhir-xhtml.xsd
      [get] Not modified - so not downloaded
      [get] Getting: http://hl7.org/fhir/R4/xml.xsd
      [get] To: /tmp/ans.fr.securisation-transport#1.2.0-milestone/input-cache/schemas/R4/xml.xsd
      [get] Not modified - so not downloaded
      [get] Getting: http://hl7.org/fhir/R4/xmldsig-core-schema.xsd
      [get] To: /tmp/ans.fr.securisation-transport#1.2.0-milestone/input-cache/schemas/R4/xmldsig-core-schema.xsd
      [get] Not modified - so not downloaded

onGenerate.r3-schemas:

onGenerate.r2b-schemas:

onGenerate.r2-schemas:

onGenerate.schemas:

onGenerate.data:
     [xslt] Processing /tmp/ans.fr.securisation-transport#1.2.0-milestone/template/onGenerate-ig-working.xml to /tmp/ans.fr.securisation-transport#1.2.0-milestone/temp/pages/_data/artifacts.json
     [xslt] Loading stylesheet /tmp/ans.fr.securisation-transport#1.2.0-milestone/template/scripts/onGenerate.data.xslt

onGenerate.setup:

onGenerate.infoFile:
     [xslt] Processing /tmp/ans.fr.securisation-transport#1.2.0-milestone/template/onGenerate-ig-working.xml to /tmp/ans.fr.securisation-transport#1.2.0-milestone/temp/pages/_data/info.json
     [xslt] Loading stylesheet /tmp/ans.fr.securisation-transport#1.2.0-milestone/template/scripts/onGenerate.genJson.xslt

onGenerate.processIncludes:
     [copy] Copying 17 files to /tmp/ans.fr.securisation-transport#1.2.0-milestone/temp/pages/_includes

onGenerate.processIg:
     [xslt] Processing /tmp/ans.fr.securisation-transport#1.2.0-milestone/template/onGenerate-ig-working.xml to /tmp/ans.fr.securisation-transport#1.2.0-milestone/template/onGenerate-ig-working.1.xml
     [xslt] Loading stylesheet /tmp/ans.fr.securisation-transport#1.2.0-milestone/template/scripts/onGenerate.group.xslt
     [xslt] Processing /tmp/ans.fr.securisation-transport#1.2.0-milestone/template/onGenerate-ig-working.1.xml to /tmp/ans.fr.securisation-transport#1.2.0-milestone/template/onGenerate-ig-working.2.xml
     [xslt] Loading stylesheet /tmp/ans.fr.securisation-transport#1.2.0-milestone/template/scripts/onGenerate.groupSort.xslt
     [xslt] Processing /tmp/ans.fr.securisation-transport#1.2.0-milestone/template/onGenerate-ig-working.2.xml to /tmp/ans.fr.securisation-transport#1.2.0-milestone/template/onGenerate-ig-updated.xml
     [xslt] Loading stylesheet /tmp/ans.fr.securisation-transport#1.2.0-milestone/template/scripts/onGenerate.final.xslt

onGenerate.igQa:
     [xslt] Processing /tmp/ans.fr.securisation-transport#1.2.0-milestone/template/onGenerate-ig-updated.xml to /tmp/ans.fr.securisation-transport#1.2.0-milestone/template/ongenerate-validation-igqa.json
     [xslt] Loading stylesheet /tmp/ans.fr.securisation-transport#1.2.0-milestone/template/scripts/onGenerate.qa.xslt

onGenerate.artifactList:
     [xslt] Processing /tmp/ans.fr.securisation-transport#1.2.0-milestone/template/onGenerate-ig-updated.xml to /tmp/ans.fr.securisation-transport#1.2.0-milestone/temp/pages/_includes/artifacts.xml
     [xslt] Loading stylesheet /tmp/ans.fr.securisation-transport#1.2.0-milestone/template/scripts/createArtifactSummary.xslt

check-plantumlfiles:

onGenerate.plantUml.ig:

onGenerate.plantUml.template:

onGenerate.plantUml:

onGenerate.copyDataFiles:
     [copy] Warning: /tmp/ans.fr.securisation-transport#1.2.0-milestone/template/data does not exist.

onGenerate.extend:

onGenerate:
Template Done                                                                                        (00:02.538 / 00:15.902, 1Gb)
Generate HTML Outputs                                                                                (00:00.000 / 00:15.903, 1Gb)
Generate Summaries                                                                                   (00:00.043 / 00:15.946, 1Gb)
Generating Summary Outputs                                                                           (00:00.001 / 00:15.948, 1Gb)
DB Cumulative Time invested: 0:0:0.59
Sending Usage Stats to Server                                                                        (00:04.675 / 00:20.623, 1Gb)
## Memory (MB): Use = 1371, Free = 174, Total = 1546, Max = 3996                                     (00:00.001 / 00:20.625, 1Gb)
Reclaiming memory...                                                                                 (00:00.000 / 00:20.625, 1Gb)
## Memory (MB): Use = 458, Free = 1087, Total = 1546, Max = 3996                                     (00:00.233 / 00:20.859, 459Mb)
Run jekyll: jekyll build --destination "/tmp/ans.fr.securisation-transport#1.2.0-milestone/output" (in folder /tmp/ans.fr.securisation-transport#1.2.0-milestone/temp/pages) (00:00.001 / 00:20.860, 459Mb)
Note: usual cases for Jekyll to fail are:                                                            (00:00.001 / 00:20.861, 459Mb)
* A failure to produce a fragment that is already logged in the output above                         (00:00.000 / 00:20.862, 459Mb)
* A reference to a manually edited file that hasn't been provided                                    (00:00.000 / 00:20.863, 459Mb)
Jekyll: Source: /tmp/ans.fr.securisation-transport#1.2.0-milestone/temp/pages                        (00:00.318 / 00:21.181, 460Mb)
Jekyll: Generating...                                                                                (00:00.000 / 00:21.182, 460Mb)
Jekyll: done in 0.642 seconds.                                                                       (00:00.641 / 00:21.823, 460Mb)

Installing ans.fr.securisation-transport#1.2.0Checking Output HTML                                                                                 (00:00.056 / 00:21.880, 480Mb)
found 557 files                                                                                      (00:00.003 / 00:21.883, 480Mb)
..........................................
..........................................
  ... 557 html files, 0 pages invalid xhtml (0%)                                                     (00:00.325 / 00:22.208, 972Mb)
  ... 738 links, 1 broken links (0%)                                                                 (00:00.000 / 00:22.209, 973Mb)
Build final .zip                                                                                     (00:00.000 / 00:22.210, 973Mb)
Final .zip built                                                                                     (00:00.235 / 00:22.445, 977Mb)
Built. Times: loading: 00:00.061, generate: 00:15.154, narrative generation: 00:00.031, validation: 00:01.927, realm-rules: 00:00.000, previous-version: 00:02.324, jekyll: 00:00.973, template: 00:02.537 (#3) (00:01.552 / 00:23.998, 1Gb)
Validation output in /tmp/ans.fr.securisation-transport#1.2.0-milestone/output/qa.html
Errors: 1, Warnings: 4, Info: 0, Broken Links: 1 (00:00.031 / 00:24.029, 1Gb)
Finished. Max Memory Used = 1Gb. Log file saved in /tmp/fhir-ig-publisher-tmp.log                    (00:00.003 / 00:24.032, 1Gb)
Keep a copy of the build directory at /tmp/web-root/run-20231205/ig-build-zips/ans.fr.securisation-transport#1.2.0.zip

ok. All checks passed. Publish v1.2.0 to /tmp/web-root/run-20231205/securisation-transport/1.2.0
Copy the IG to /tmp/web-root/run-20231205/securisation-transport/1.2.0
Update /tmp/web-root/run-20231205/securisation-transport/package-list.json
Publish Box Statement: This page is part of the Sécurisation de la couche transport API REST (v1.2.0: Release) based on <a no-external="true" href="http://hl7.org/fhir/R4">FHIR (HL7® FHIR® Standard) R4</a>. This is the current published version in its permanent home (it will always be available at this URL).  For a full list of available versions, see the <a no-external="true" href="https://interop.esante.gouv.fr/ig/securisation-transport/history.html">Directory of published versions</a>
  .. 15 files checked, 15 updated
  .. 5 clones checked, 10 updated
  .. 1 redirections (1 created/updated)
This is a milestone release - publish v1.2.0 to /tmp/web-root/run-20231205/securisation-transport
Publish Box Statement: This page is part of the Sécurisation de la couche transport API REST (v1.2.0: Release) based on <a no-external="true" href="http://hl7.org/fhir/R4">FHIR (HL7® FHIR® Standard) R4</a>. This is the current published version.  For a full list of available versions, see the <a no-external="true" href="https://interop.esante.gouv.fr/ig/securisation-transport/history.html">Directory of published versions</a>
  .. 15 files checked, 15 updated
  .. 5 clones checked, 10 updated
  .. 1 redirections (1 created/updated)
Check for Files to delete
  ... 0 files
Copy to new IG to /tmp/web-root/run-20231205/securisation-transport
Update history page at /tmp/web-root/run-20231205/securisation-transport from /home/runner/work/IG-securisation-transport-api-rest/IG-securisation-transport-api-rest/./IG-website-release/fhir-ig-history-template and ./IG-website-release/templates
Build is complete. Copy from /tmp/web-root/run-20231205
ans.fr.securisation-transport (https://interop.esante.gouv.fr/ig/securisation-transport): Sécurisation de la couche transport API REST @ https://ansforge.github.io/IG-securisation-transport-api-rest/ig/main
  release: trial-use 1.2.0/4.0.1 @ https://interop.esante.gouv.fr/ig/securisation-transport/1.2.0
