FHIR IG Publisher Version 2.0.8 (Git# e7d965b03a28). Built 2025-06-27T22:18:09.321Z (63 hours old)
Detected Java version: 17.0.10 from /opt/hostedtoolcache/Java_Microsoft_jdk/17.0.10/x64 on amd64 (64bit). 4000MB available
dir = /home/runner/work/IG-doctrine-ci-sis/IG-doctrine-ci-sis, path = /opt/hostedtoolcache/Ruby/3.3.8/x64/bin:/opt/hostedtoolcache/node/20.19.2/x64/bin:/opt/hostedtoolcache/Java_Microsoft_jdk/17.0.10/x64/bin:/snap/bin:/home/runner/.local/bin:/opt/pipx_bin:/home/runner/.cargo/bin:/home/runner/.config/composer/vendor/bin:/usr/local/.ghcup/bin:/home/runner/.dotnet/tools:/usr/local/sbin:/usr/local/bin:/usr/sbin:/usr/bin:/sbin:/bin:/usr/games:/usr/local/games:/snap/bin
Parameters: -go-publish -authorise-non-conformant-tx-servers -source ./igSource -web ./IG-website-release/www/ig -registry ./IG-website-release/ig-registry/fhir-ig-list.json -history ./IG-website-release/fhir-ig-history-template -templates ./IG-website-release/templates
---------------
Publication Run: publish ./igSource to ./IG-website-release/www/ig
Relative directory for IG is '/doctrine'
===== Web Publication Run Details ===============================
 Source IG: ans.fr.doctrine#0.1.0 : https://interop.esante.gouv.fr/ig/doctrine (R4) from ./igSource
All checks passed. Do the publication build from /home/runner/work/IG-doctrine-ci-sis/IG-doctrine-ci-sis/./igSource and publish to /tmp/web-root/run-20250630/doctrine
Prepare Build space in /tmp/ig-builds/ans.fr.doctrine#0.1.0
Build IG at /home/runner/work/IG-doctrine-ci-sis/IG-doctrine-ci-sis/./igSource: final copy suitable for publication (in /tmp/ig-builds/ans.fr.doctrine#0.1.0)
FHIR IG Publisher Version 2.0.8 (Git# e7d965b03a28). Built 2025-06-27T22:18:09.321Z (63 hours old)  
Detected Java version: 17.0.10 from /opt/hostedtoolcache/Java_Microsoft_jdk/17.0.10/x64 on Linux/amd64 (64bit). 4000MB available
dir = /home/runner/work/IG-doctrine-ci-sis/IG-doctrine-ci-sis, path = /opt/hostedtoolcache/Ruby/3.3.8/x64/bin:/opt/hostedtoolcache/node/20.19.2/x64/bin:/opt/hostedtoolcache/Java_Microsoft_jdk/17.0.10/x64/bin:/snap/bin:/home/runner/.local/bin:/opt/pipx_bin:/home/runner/.cargo/bin:/home/runner/.config/composer/vendor/bin:/usr/local/.ghcup/bin:/home/runner/.dotnet/tools:/usr/local/sbin:/usr/local/bin:/usr/sbin:/usr/bin:/sbin:/bin:/usr/games:/usr/local/games:/snap/bin
Parameters: -ig /tmp/ig-builds/ans.fr.doctrine#0.1.0 -resetTx -publish https://interop.esante.gouv.fr/ig/doctrine/0.1.0 -no-exit
Character encoding = UTF-8 / UTF-8                                                                  
Start Clock @ Monday, June 30, 2025 at 1:34:48 PM Coordinated Universal Time (2025-06-30T13:34:48Z) 
                                                                                                    
Build FHIR IG from /tmp/ig-builds/ans.fr.doctrine#0.1.0                                              (00:00.019 / 00:00.020, 25Mb)
Build Formal Publication package, intended for https://interop.esante.gouv.fr/ig/doctrine/0.1.0      (00:00.002 / 00:00.022, 25Mb)
API keys loaded from /home/runner/.fhir/fhir-settings.json                                           (00:00.000 / 00:00.022, 25Mb)
Package Cache: /home/runner/.fhir/packages                                                           (00:00.003 / 00:00.026, 25Mb)
Unable to load IG as an r5 IG - try R4 (property code is a class com.google.gson.JsonPrimitive looking for an object) (00:00.414 / 00:00.441, 53Mb)
Load Template from https://github.com/ansforge/IG-template/tree/doctrine-template                    (00:00.419 / 00:00.860, 33Mb)
 Load Template from fhir.base.template#current                                                       (00:01.242 / 00:02.102, 70Mb)
Root directory: /tmp/ig-builds/ans.fr.doctrine#0.1.0                                                 (00:02.975 / 00:05.078, 106Mb)
Terminology Cache is at /tmp/ig-builds/ans.fr.doctrine#0.1.0/input-cache/txcache. Clearing now       (00:00.368 / 00:05.447, 61Mb)
Core Package hl7.fhir.r4.core#4.0.1
Signing Certificate: RSA key for Subject: OU=IG Publisher, L=Ann Arbor, CN=hl7.org, O=HL7, ST=Missouri, C=us from: OU=IG Publisher, L=Ann Arbor, CN=hl7.org, O=HL7, ST=Missouri, C=us
Running Terminology Log: /tmp/ohfu-fhir-ig-6581712276321632289.html
Connect to Terminology Server at http://tx.fhir.org                                                  (00:03.040 / 00:08.488, 149Mb)
[39mLoad Package hl7.fhir.pubpack#0.2.3
[0;39m[39mLoad Package hl7.fhir.xver-extensions#0.1.0
[0;39m[39mLoad Package hl7.terminology.r4#6.4.0
[0;39m[39mLoad Package hl7.fhir.uv.extensions.r4#5.2.0
[0;39m[39mLoad Package hl7.fhir.uv.tools.r4#0.5.0
[0;39mLoad R5 Specials
Initialization complete                                                                              (00:05.698 / 00:14.186, 585Mb)
Load IG                                                                                              (00:00.000 / 00:14.187, 585Mb)
Load Content                                                                                         (00:00.001 / 00:14.188, 585Mb)
Using fr_FR as the default narrative language. (inferred from ImplementationGuide.jurisdiction=FR)   (00:00.040 / 00:14.228, 589Mb)
Process Loaded Resources                                                                             (00:00.042 / 00:14.270, 591Mb)
Generating Snapshots                                                                                 (00:00.022 / 00:14.293, 596Mb)
loadPrePages from FetchedFile[/tmp/ig-builds/ans.fr.doctrine#0.1.0/fsh-generated/includes] as /tmp/ig-builds/ans.fr.doctrine#0.1.0/fsh-generated/includes
loadPrePages from FetchedFile[/tmp/ig-builds/ans.fr.doctrine#0.1.0/input/data] as /tmp/ig-builds/ans.fr.doctrine#0.1.0/input/data
loadPrePages from FetchedFile[/tmp/ig-builds/ans.fr.doctrine#0.1.0/input/pagecontent] as /tmp/ig-builds/ans.fr.doctrine#0.1.0/input/pagecontent
Fetch https://interop.esante.gouv.fr/ig/doctrine/package-list.json for version check                 (00:00.069 / 00:14.363, 280Mb)
Processing Conformance Resources                                                                     (00:00.725 / 00:15.088, 280Mb)
Checking Language                                                                                    (00:00.000 / 00:15.088, 280Mb)
Load Dependency Info                                                                                 (00:00.000 / 00:15.089, 280Mb)
Load Info                                                                                            (00:00.000 / 00:15.090, 280Mb)
Load Paths                                                                                           (00:00.000 / 00:15.091, 281Mb)
Check R4 / R4B                                                                                       (00:00.000 / 00:15.091, 282Mb)
Assign Comparison Ids                                                                                (00:00.009 / 00:15.100, 283Mb)
Propagating status                                                                                   (00:00.000 / 00:15.101, 283Mb)
Generating Narratives                                                                                (00:00.000 / 00:15.101, 283Mb)
Validating Conformance Resources                                                                     (00:00.072 / 00:15.174, 296Mb)
Check profiles & code systems                                                                        (00:06.945 / 00:22.120, 609Mb)
Check realm rules                                                                                    (00:00.000 / 00:22.120, 609Mb)
Previous Version Comparison                                                                          (00:00.000 / 00:22.121, 609Mb)
Validating Resources                                                                                 (00:05.986 / 00:28.108, 655Mb)
Processing Provenance Records                                                                        (00:00.000 / 00:28.108, 655Mb)
Checking for Bundles to sign                                                                         (00:00.000 / 00:28.109, 655Mb)
Generating Outputs in /tmp/ig-builds/ans.fr.doctrine#0.1.0/output                                    (00:00.000 / 00:28.110, 655Mb)
Generate Native Outputs                                                                              (00:00.070 / 00:28.180, 660Mb)
Run Template                                                                                         (00:00.053 / 00:28.234, 668Mb)
Generate HTML Outputs                                                                                (00:00.501 / 00:28.735, 706Mb)
Generate Spreadsheets                                                                                (00:00.069 / 00:28.804, 724Mb)
Generate Summaries                                                                                   (00:00.000 / 00:28.805, 724Mb)
Generating Summary Outputs                                                                           (00:00.000 / 00:28.805, 724Mb)
DB Cumulative Time invested: 00:00:00.52
Sending Usage Stats to Server                                                                        (00:05.045 / 00:33.851, 756Mb)
## Memory (MB): Use = 756, Free = 1291, Total = 2048, Max = 4000                                     (00:00.003 / 00:33.854, 757Mb)
Reclaiming memory...                                                                                 (00:00.000 / 00:33.855, 757Mb)
## Memory (MB): Use = 469, Free = 1118, Total = 1588, Max = 4000                                     (00:00.278 / 00:34.134, 470Mb)
Run jekyll: jekyll build --destination "/tmp/ig-builds/ans.fr.doctrine#0.1.0/output" (in folder /tmp/ig-builds/ans.fr.doctrine#0.1.0/temp/pages) (00:00.006 / 00:34.140, 470Mb)
Troubleshooting Note: usual cases for Jekyll to fail are:                                            (00:00.004 / 00:34.145, 470Mb)
* A failure to produce a fragment that is already logged in the output above                         (00:00.000 / 00:34.145, 470Mb)
* A reference to a manually edited file that hasn't been provided                                    (00:00.000 / 00:34.146, 470Mb)
Jekyll: Source: /tmp/ig-builds/ans.fr.doctrine#0.1.0/temp/pages                                      (00:00.421 / 00:34.568, 473Mb)
Jekyll: Generating...                                                                                (00:00.000 / 00:34.568, 473Mb)
Jekyll: done in 0.651 seconds.                                                                       (00:00.650 / 00:35.219, 473Mb)
[39m
[0;39m[39mInstalling ans.fr.doctrine#0.1.0
[0;39m[39m done.
[0;39mChecking Output HTML                                                                                 (00:00.496 / 00:35.715, 547Mb)
found 629 files                                                                                      (00:00.003 / 00:35.719, 547Mb)
.........................................
.........................................
  ... 629 html files, 0 pages invalid xhtml (0%)                                                     (00:01.000 / 00:36.720, 1Gb)
  ... 789 links, 13 broken links (1%)                                                                (00:00.000 / 00:36.720, 1Gb)
Generate fragment-usage-analysis.csv                                                                 (00:00.000 / 00:36.721, 1Gb)
Build final .zip                                                                                     (00:00.008 / 00:36.729, 1Gb)
Final .zip built                                                                                     (00:01.022 / 00:37.752, 1Gb)
Built. Times: loading: 00:00.900, generate: 00:23.307, narrative generation: 00:00.071, validation: 00:06.945, realm-rules: 00:00.000, previous-version: 00:05.980, jekyll: 00:01.090, template: 00:00.500 (#3) (00:00.643 / 00:38.396, 1Gb)
Generating QA                                                                                        (00:00.000 / 00:38.397, 1Gb)
Validation output in /tmp/ig-builds/ans.fr.doctrine#0.1.0/output/qa.html
Errors: 2, Warnings: 4, Info: 0, Broken Links: 15 (00:00.080 / 00:38.478, 474Mb)
Finished @ 30/06/2025 13:35. Max Memory Used = 1Gb. Log file saved in /tmp/fhir-ig-publisher-tmp.log (00:00.005 / 00:38.483, 474Mb)
Prepare Build space in /tmp/ig-builds/ans.fr.doctrine#0.1.0-milestone
Build IG at /home/runner/work/IG-doctrine-ci-sis/IG-doctrine-ci-sis/./igSource: final copy suitable for publication (in /tmp/ig-builds/ans.fr.doctrine#0.1.0-milestone) (milestone build)
FHIR IG Publisher Version 2.0.8 (Git# e7d965b03a28). Built 2025-06-27T22:18:09.321Z (63 hours old)  
Detected Java version: 17.0.10 from /opt/hostedtoolcache/Java_Microsoft_jdk/17.0.10/x64 on Linux/amd64 (64bit). 4000MB available
dir = /home/runner/work/IG-doctrine-ci-sis/IG-doctrine-ci-sis, path = /opt/hostedtoolcache/Ruby/3.3.8/x64/bin:/opt/hostedtoolcache/node/20.19.2/x64/bin:/opt/hostedtoolcache/Java_Microsoft_jdk/17.0.10/x64/bin:/snap/bin:/home/runner/.local/bin:/opt/pipx_bin:/home/runner/.cargo/bin:/home/runner/.config/composer/vendor/bin:/usr/local/.ghcup/bin:/home/runner/.dotnet/tools:/usr/local/sbin:/usr/local/bin:/usr/sbin:/usr/bin:/sbin:/bin:/usr/games:/usr/local/games:/snap/bin
Parameters: -ig /tmp/ig-builds/ans.fr.doctrine#0.1.0-milestone -publish https://interop.esante.gouv.fr/ig/doctrine/0.1.0 -milestone -no-exit
Character encoding = UTF-8 / UTF-8                                                                  
Start Clock @ Monday, June 30, 2025 at 1:35:28 PM Coordinated Universal Time (2025-06-30T13:35:28Z) 
                                                                                                    
Build FHIR IG from /tmp/ig-builds/ans.fr.doctrine#0.1.0-milestone                                    (00:00.001 / 00:00.002, 500Mb)
Build Formal Publication package, intended for https://interop.esante.gouv.fr/ig/doctrine/0.1.0      (00:00.000 / 00:00.002, 500Mb)
API keys loaded from /home/runner/.fhir/fhir-settings.json                                           (00:00.000 / 00:00.002, 500Mb)
Package Cache: /home/runner/.fhir/packages                                                           (00:00.000 / 00:00.003, 500Mb)
Unable to load IG as an r5 IG - try R4 (property code is a class com.google.gson.JsonPrimitive looking for an object) (00:00.002 / 00:00.005, 500Mb)
Load Template from https://github.com/ansforge/IG-template/tree/doctrine-template                    (00:00.015 / 00:00.020, 500Mb)
 Load Template from fhir.base.template#current                                                       (00:09.555 / 00:09.576, 577Mb)
Root directory: /tmp/ig-builds/ans.fr.doctrine#0.1.0-milestone                                       (00:01.598 / 00:11.175, 786Mb)
Terminology Cache is at /tmp/ig-builds/ans.fr.doctrine#0.1.0-milestone/input-cache/txcache. 9 files in cache (00:00.324 / 00:11.500, 801Mb)
Core Package hl7.fhir.r4.core#4.0.1
Signing Certificate: RSA key for Subject: OU=IG Publisher, L=Ann Arbor, CN=hl7.org, O=HL7, ST=Missouri, C=us from: OU=IG Publisher, L=Ann Arbor, CN=hl7.org, O=HL7, ST=Missouri, C=us
Running Terminology Log: /tmp/ohfu-fhir-ig-2060181234690182004.html
Connect to Terminology Server at http://tx.fhir.org                                                  (00:01.365 / 00:12.865, 630Mb)
[39mLoad Package hl7.fhir.pubpack#0.2.3
[0;39m[39mLoad Package hl7.fhir.xver-extensions#0.1.0
[0;39m[39mLoad Package hl7.terminology.r4#6.4.0
[0;39m[39mLoad Package hl7.fhir.uv.extensions.r4#5.2.0
[0;39m[39mLoad Package hl7.fhir.uv.tools.r4#0.5.0
[0;39mLoad R5 Specials
Initialization complete                                                                              (00:03.739 / 00:16.605, 777Mb)
Load IG                                                                                              (00:00.000 / 00:16.605, 777Mb)
Load Content                                                                                         (00:00.000 / 00:16.606, 777Mb)
Using fr_FR as the default narrative language. (inferred from ImplementationGuide.jurisdiction=FR)   (00:00.009 / 00:16.615, 781Mb)
Process Loaded Resources                                                                             (00:00.009 / 00:16.624, 782Mb)
Generating Snapshots                                                                                 (00:00.005 / 00:16.630, 786Mb)
loadPrePages from FetchedFile[/tmp/ig-builds/ans.fr.doctrine#0.1.0-milestone/fsh-generated/includes] as /tmp/ig-builds/ans.fr.doctrine#0.1.0-milestone/fsh-generated/includes
loadPrePages from FetchedFile[/tmp/ig-builds/ans.fr.doctrine#0.1.0-milestone/input/data] as /tmp/ig-builds/ans.fr.doctrine#0.1.0-milestone/input/data
loadPrePages from FetchedFile[/tmp/ig-builds/ans.fr.doctrine#0.1.0-milestone/input/pagecontent] as /tmp/ig-builds/ans.fr.doctrine#0.1.0-milestone/input/pagecontent
Fetch https://interop.esante.gouv.fr/ig/doctrine/package-list.json for version check                 (00:00.020 / 00:16.650, 794Mb)
Processing Conformance Resources                                                                     (00:00.268 / 00:16.918, 796Mb)
Checking Language                                                                                    (00:00.000 / 00:16.919, 796Mb)
Load Dependency Info                                                                                 (00:00.000 / 00:16.919, 796Mb)
Load Info                                                                                            (00:00.000 / 00:16.920, 796Mb)
Load Paths                                                                                           (00:00.000 / 00:16.920, 797Mb)
Check R4 / R4B                                                                                       (00:00.000 / 00:16.921, 797Mb)
Assign Comparison Ids                                                                                (00:00.004 / 00:16.925, 798Mb)
Propagating status                                                                                   (00:00.000 / 00:16.925, 798Mb)
Generating Narratives                                                                                (00:00.000 / 00:16.926, 798Mb)
Validating Conformance Resources                                                                     (00:00.016 / 00:16.943, 806Mb)
Check profiles & code systems                                                                        (00:05.711 / 00:22.654, 522Mb)
Check realm rules                                                                                    (00:00.000 / 00:22.655, 522Mb)
Previous Version Comparison                                                                          (00:00.000 / 00:22.656, 522Mb)
Validating Resources                                                                                 (00:03.401 / 00:26.057, 1Gb)
Processing Provenance Records                                                                        (00:00.000 / 00:26.057, 1Gb)
Checking for Bundles to sign                                                                         (00:00.000 / 00:26.058, 1Gb)
Generating Outputs in /tmp/ig-builds/ans.fr.doctrine#0.1.0-milestone/output                          (00:00.000 / 00:26.059, 1Gb)
Generate Native Outputs                                                                              (00:00.058 / 00:26.118, 1Gb)
Run Template                                                                                         (00:00.031 / 00:26.149, 1Gb)
Generate HTML Outputs                                                                                (00:00.381 / 00:26.531, 1Gb)
Generate Spreadsheets                                                                                (00:00.044 / 00:26.575, 1Gb)
Generate Summaries                                                                                   (00:00.000 / 00:26.576, 1Gb)
Generating Summary Outputs                                                                           (00:00.000 / 00:26.576, 1Gb)
DB Cumulative Time invested: 00:00:00.49
Sending Usage Stats to Server                                                                        (00:01.769 / 00:28.346, 1Gb)
## Memory (MB): Use = 1254, Free = 817, Total = 2072, Max = 4000                                     (00:00.000 / 00:28.347, 1Gb)
Reclaiming memory...                                                                                 (00:00.000 / 00:28.348, 1Gb)
## Memory (MB): Use = 469, Free = 1118, Total = 1588, Max = 4000                                     (00:00.229 / 00:28.577, 470Mb)
Run jekyll: jekyll build --destination "/tmp/ig-builds/ans.fr.doctrine#0.1.0-milestone/output" (in folder /tmp/ig-builds/ans.fr.doctrine#0.1.0-milestone/temp/pages) (00:00.001 / 00:28.578, 470Mb)
Troubleshooting Note: usual cases for Jekyll to fail are:                                            (00:00.000 / 00:28.579, 470Mb)
* A failure to produce a fragment that is already logged in the output above                         (00:00.000 / 00:28.579, 470Mb)
* A reference to a manually edited file that hasn't been provided                                    (00:00.000 / 00:28.579, 470Mb)
Jekyll: Source: /tmp/ig-builds/ans.fr.doctrine#0.1.0-milestone/temp/pages                            (00:00.327 / 00:28.907, 472Mb)
Jekyll: Generating...                                                                                (00:00.000 / 00:28.907, 472Mb)
Jekyll: done in 0.614 seconds.                                                                       (00:00.613 / 00:29.521, 472Mb)
[39m
[0;39m[39mInstalling ans.fr.doctrine#0.1.0
[0;39mChecking Output HTML                                                                                 (00:00.038 / 00:29.560, 478Mb)
found 629 files                                                                                      (00:00.002 / 00:29.562, 478Mb)
.........................................
.........................................
  ... 629 html files, 0 pages invalid xhtml (0%)                                                     (00:00.507 / 00:30.070, 1016Mb)
  ... 789 links, 13 broken links (1%)                                                                (00:00.000 / 00:30.071, 1017Mb)
Generate fragment-usage-analysis.csv                                                                 (00:00.000 / 00:30.071, 1017Mb)
Build final .zip                                                                                     (00:00.005 / 00:30.076, 1017Mb)
Final .zip built                                                                                     (00:01.005 / 00:31.082, 1Gb)
Built. Times: loading: 00:00.312, generate: 00:14.762, narrative generation: 00:00.016, validation: 00:05.711, realm-rules: 00:00.000, previous-version: 00:03.399, jekyll: 00:00.950, template: 00:00.381 (#3) (00:00.599 / 00:31.681, 1Gb)
Generating QA                                                                                        (00:00.000 / 00:31.682, 1Gb)
Validation output in /tmp/ig-builds/ans.fr.doctrine#0.1.0-milestone/output/qa.html
Errors: 2, Warnings: 4, Info: 0, Broken Links: 15 (00:00.032 / 00:31.714, 1Gb)
Finished @ 30/06/2025 13:36. Max Memory Used = 1Gb. Log file saved in /tmp/fhir-ig-publisher-tmp.log (00:00.001 / 00:31.715, 1Gb)
Keep a copy of the build directory at /tmp/web-root/run-20250630/ig-build-zips/ans.fr.doctrine#0.1.0.zip

ok. All checks passed. Publish v0.1.0 to /tmp/web-root/run-20250630/doctrine/0.1.0
Copy the IG to /tmp/web-root/run-20250630/doctrine/0.1.0
Update /tmp/web-root/run-20250630/doctrine/package-list.json
Publish Box Statement: This page is part of the Doctrine et gouvernance du cadre d'interopérabilité des systèmes d'informations en santé (CI-SIS). (v0.1.0: Publications) based on <a data-no-external="true" href="http://hl7.org/fhir/R4">FHIR (HL7® FHIR® Standard) R4</a>. This is the current published version in its permanent home (it will always be available at this URL).  For a full list of available versions, see the <a data-no-external="true" href="https://interop.esante.gouv.fr/ig/doctrine/history.html">Directory of published versions</a>
  .. 13 files checked, 13 updated
  .. 9 clones checked, 18 updated
  .. 1 redirections (1 created/updated)
This is a milestone release - publish v0.1.0 to /tmp/web-root/run-20250630/doctrine
Update publish box for version 0.1.0-ballot @ https://interop.esante.gouv.fr/ig/doctrine/0.1.0-ballot
Publish Box Statement: This page is part of the Doctrine et gouvernance du cadre d'interopérabilité des systèmes d'informations en santé (CI-SIS). (v0.1.0-ballot: Release) based on <a data-no-external="true" href="http://hl7.org/fhir/R4">FHIR (HL7® FHIR® Standard) R4</a>. The current version which supersedes this version is <a data-no-external="true" href="https://interop.esante.gouv.fr/ig/doctrine{{fn}}">0.1.0</a>.  For a full list of available versions, see the <a data-no-external="true" href="https://interop.esante.gouv.fr/ig/doctrine/history.html">Directory of published versions</a>
  .. 12 files checked, 12 updated
  .. 5 clones checked, 0 updated
Publish Box Statement: This page is part of the Doctrine et gouvernance du cadre d'interopérabilité des systèmes d'informations en santé (CI-SIS). (v0.1.0: Publications) based on <a data-no-external="true" href="http://hl7.org/fhir/R4">FHIR (HL7® FHIR® Standard) R4</a>. This is the current published version.  For a full list of available versions, see the <a data-no-external="true" href="https://interop.esante.gouv.fr/ig/doctrine/history.html">Directory of published versions</a>
  .. 13 files checked, 13 updated
  .. 9 clones checked, 18 updated
  .. 1 redirections (1 created/updated)
Check for Files to delete
  ... 0 files
Copy to new IG /tmp/web-root/run-20250630/doctrine
ans.fr.doctrine (https://interop.esante.gouv.fr/ig/doctrine): Doctrine et gouvernance du cadre d'interopérabilité des systèmes d'informations en santé (CI-SIS). @ https://ansforge.github.io/IG-doctrine-ci-sis/main/ig
  release: Publications 0.1.0/4.0.1 @ https://interop.esante.gouv.fr/ig/doctrine/0.1.0
Build is complete. Copy from /tmp/web-root/run-20250630
Update history page at /tmp/web-root/run-20250630/doctrine from /home/runner/work/IG-doctrine-ci-sis/IG-doctrine-ci-sis/./IG-website-release/fhir-ig-history-template and ./IG-website-release/templates
