FHIR IG Publisher Version 1.6.11 (Git# c24a6a19351a). Built 2024-06-07T06:35:31.259Z (249 days old)
Detected Java version: 17.0.14 from /usr/lib/jvm/temurin-17-jdk-amd64 on amd64 (64bit). 3998MB available
dir = /home/runner/work/IG-NOS/IG-NOS, path = /snap/bin:/home/runner/.local/bin:/opt/pipx_bin:/home/runner/.cargo/bin:/home/runner/.config/composer/vendor/bin:/usr/local/.ghcup/bin:/home/runner/.dotnet/tools:/usr/local/sbin:/usr/local/bin:/usr/sbin:/usr/bin:/sbin:/bin:/usr/games:/usr/local/games:/snap/bin
Parameters: -go-publish -source igRepo -web ./IG-website-release/www/ig -registry ./IG-website-release/ig-registry/fhir-ig-list.json -history ./IG-website-release/fhir-ig-history-template -templates ./IG-website-release/templates -temp /home/runner/work/publication/temp
---------------
Publication Run: publish igRepo to ./IG-website-release/www/ig
Run Number: 17
Relative directory for IG is '/nos'
===== Web Publication Run Details ===============================
 Source IG: ans.fr.nos#1.5.0 : https://interop.esante.gouv.fr/ig/nos (R4) from igRepo
All checks passed. Do the publication build from /home/runner/work/IG-NOS/IG-NOS/igRepo and publish to /home/runner/work/publication/temp/web-root/run-20250211/nos
Prepare Build space in /home/runner/work/publication/temp/ans.fr.nos#1.5.0
Build IG at /home/runner/work/IG-NOS/IG-NOS/igRepo: final copy suitable for publication (in /home/runner/work/publication/temp/ans.fr.nos#1.5.0)
FHIR IG Publisher Version 1.6.11 (Git# c24a6a19351a). Built 2024-06-07T06:35:31.259Z (249 days old) 
Detected Java version: 17.0.14 from /usr/lib/jvm/temurin-17-jdk-amd64 on Linux/amd64 (64bit). 3998MB available
dir = /home/runner/work/IG-NOS/IG-NOS, path = /snap/bin:/home/runner/.local/bin:/opt/pipx_bin:/home/runner/.cargo/bin:/home/runner/.config/composer/vendor/bin:/usr/local/.ghcup/bin:/home/runner/.dotnet/tools:/usr/local/sbin:/usr/local/bin:/usr/sbin:/usr/bin:/sbin:/bin:/usr/games:/usr/local/games:/snap/bin
Parameters: -ig /home/runner/work/publication/temp/ans.fr.nos#1.5.0 -resetTx -publish https://interop.esante.gouv.fr/ig/nos/1.5.0 -no-exit
Start Clock @ Tuesday, February 11, 2025 at 10:50:19 AM Coordinated Universal Time (2025-02-11T10:50:19Z)
                                                                                                    
Build FHIR IG from /home/runner/work/publication/temp/ans.fr.nos#1.5.0                               (00:00.015 / 00:00.015, 420Mb)
Build Formal Publication package, intended for https://interop.esante.gouv.fr/ig/nos/1.5.0           (00:00.003 / 00:00.018, 420Mb)
API keys loaded from /home/runner/.fhir/fhir-settings.json                                           (00:00.000 / 00:00.019, 420Mb)
Package Cache: /home/runner/.fhir/packages                                                           (00:00.003 / 00:00.022, 420Mb)
Unable to load IG as an r5 IG - try R4 (property code is a class com.google.gson.JsonPrimitive looking for an object) (00:00.413 / 00:00.436, 105Mb)
Load Template from https://github.com/ansforge/IG-template-Nos                                       (00:00.496 / 00:00.933, 124Mb)

onLoad.findSpreadsheets:

onLoad.updateIg:
     [xslt] Processing /home/runner/work/publication/temp/ans.fr.nos#1.5.0/template/onLoad-ig-working.xml to /home/runner/work/publication/temp/ans.fr.nos#1.5.0/template/onLoad-ig-updated.xml
     [xslt] Loading stylesheet /home/runner/work/publication/temp/ans.fr.nos#1.5.0/template/scripts/onLoad.xslt

onLoad.extend:

onLoad:
Root directory: /home/runner/work/publication/temp/ans.fr.nos#1.5.0                                  (00:03.531 / 00:04.465, 143Mb)
Terminology Cache is at /home/runner/work/publication/temp/ans.fr.nos#1.5.0/input-cache/txcache. Clearing now (00:01.670 / 00:06.135, 200Mb)
Core Package hl7.fhir.r4.core#4.0.1
Running Terminology Log: /tmp/ohfu-fhir-ig-17376390828041303780.log
Connect to Terminology Server at http://tx.fhir.org                                                  (00:03.064 / 00:09.200, 437Mb)
Load Package hl7.fhir.pubpack#0.1.7
Load Package hl7.fhir.xver-extensions#0.1.0
Load Package hl7.terminology.r4#6.2.0
Load Package hl7.fhir.uv.extensions.r4#5.1.0
Version mismatch. This IG is version 4.0.1, while the IG 'hl7.fhir.uv.tools' is from version 5.0.0 (will try to run anyway) (00:03.856 / 00:13.057, 490Mb)
Load Package hl7.fhir.uv.tools#0.2.0
Load R5 Specials
Initialization complete                                                                              (00:00.471 / 00:13.528, 801Mb)
Load Content                                                                                         (00:00.000 / 00:13.529, 801Mb)
loadPrePages from FetchedFile[/home/runner/work/publication/temp/ans.fr.nos#1.5.0/fsh-generated/includes] as /home/runner/work/publication/temp/ans.fr.nos#1.5.0/fsh-generated/includes
loadPrePages from FetchedFile[/home/runner/work/publication/temp/ans.fr.nos#1.5.0/input/data] as /home/runner/work/publication/temp/ans.fr.nos#1.5.0/input/data
loadPrePages from FetchedFile[/home/runner/work/publication/temp/ans.fr.nos#1.5.0/input/pagecontent] as /home/runner/work/publication/temp/ans.fr.nos#1.5.0/input/pagecontent
Fetch https://interop.esante.gouv.fr/ig/nos/package-list.json for version check                      (00:04.600 / 00:18.130, 638Mb)
Processing Conformance Resources                                                                     (00:00.485 / 00:18.615, 680Mb)
Load Dependency Info                                                                                 (00:00.010 / 00:18.626, 681Mb)
Load Info                                                                                            (00:00.003 / 00:18.630, 682Mb)
Load Resources                                                                                       (00:00.001 / 00:18.632, 683Mb)
Load Paths                                                                                           (00:03.413 / 00:22.045, 917Mb)
Generating Snapshots                                                                                 (00:00.000 / 00:22.046, 917Mb)
Check R4 / R4B                                                                                       (00:00.001 / 00:22.048, 917Mb)
Assign Comparison Ids                                                                                (00:00.373 / 00:22.421, 1Gb)
Propagating status                                                                                   (00:00.001 / 00:22.422, 1Gb)
Generating Narratives                                                                                (00:00.000 / 00:22.422, 1Gb)
Error from http://tx.fhir.org/r4: Unable to provide support for code system https://smt.esante.gouv.fr/terminologie-ncit [x-request-id: 185-27186]
Error from http://tx.fhir.org/r4: Unable to provide support for code system https://smt.esante.gouv.fr/terminologie-ncit [x-request-id: 185-27194]
Error from http://tx.fhir.org/r4: Unable to provide support for code system http://snomed.info/sct [x-request-id: 185-27225]
Error from http://tx.fhir.org/r4: Unable to provide support for code system http://snomed.info/sct [x-request-id: 185-27232]
Error from http://tx.fhir.org/r4: Unable to provide support for code system http://snomed.info/sct [x-request-id: 185-27279]
Error from http://tx.fhir.org/r4: Unable to provide support for code system http://snomed.info/sct [x-request-id: 185-27287]
Error from http://tx.fhir.org/r4: Unable to provide support for code system https://smt.esante.gouv.fr/terminologie-ncit [x-request-id: 185-27326]
Error from http://tx.fhir.org/r4: Unable to provide support for code system https://smt.esante.gouv.fr/terminologie-ncit [x-request-id: 185-27333]
Error from http://tx.fhir.org/r4: Unable to provide support for code system https://smt.esante.gouv.fr/terminologie-ncit [x-request-id: 185-27374]
Error from http://tx.fhir.org/r4: Unable to provide support for code system https://smt.esante.gouv.fr/terminologie-ncit [x-request-id: 185-27380]
Validating Conformance Resources                                                                     (00:13.474 / 00:35.897, 1Gb)
Check profiles & code systems                                                                        (00:22.097 / 00:57.994, 1Gb)
Check realm rules                                                                                    (00:00.010 / 00:58.004, 1Gb)
Previous Version Comparison                                                                          (00:00.001 / 00:58.005, 1Gb)
Validating Resources                                                                                 (00:08.787 / 01:06.793, 3Gb)
Processing Provenance Records                                                                        (00:00.002 / 01:06.795, 3Gb)
Generating Outputs in /home/runner/work/publication/temp/ans.fr.nos#1.5.0/output                     (00:00.001 / 01:06.796, 3Gb)
Generate Native Outputs                                                                              (00:00.224 / 01:07.020, 3Gb)
Run Template                                                                                         (02:06.311 / 03:13.332, 2Gb)

onGenerate.checkVersions:
     [xslt] Processing /home/runner/work/publication/temp/ans.fr.nos#1.5.0/template/onGenerate-ig-working.xml to /home/runner/work/publication/temp/ans.fr.nos#1.5.0/template/versions.txt
     [xslt] Loading stylesheet /home/runner/work/publication/temp/ans.fr.nos#1.5.0/template/scripts/onGenerate.getVersions.xslt

onGenerate.r5-schemas:
      [get] Getting: http://build.fhir.org/fhir-single.xsd
      [get] To: /home/runner/work/publication/temp/ans.fr.nos#1.5.0/input-cache/schemas/R5/fhir-single.xsd
      [get] Not modified - so not downloaded
      [get] Getting: http://build.fhir.org/fhir-xhtml.xsd
      [get] To: /home/runner/work/publication/temp/ans.fr.nos#1.5.0/input-cache/schemas/R5/fhir-xhtml.xsd
      [get] Not modified - so not downloaded
      [get] Getting: http://build.fhir.org/xml.xsd
      [get] To: /home/runner/work/publication/temp/ans.fr.nos#1.5.0/input-cache/schemas/R5/xml.xsd
      [get] Not modified - so not downloaded
      [get] Getting: http://build.fhir.org/xmldsig-core-schema.xsd
      [get] To: /home/runner/work/publication/temp/ans.fr.nos#1.5.0/input-cache/schemas/R5/xmldsig-core-schema.xsd
      [get] Not modified - so not downloaded

onGenerate.r4-schemas:
      [get] Getting: http://hl7.org/fhir/R4/fhir-single.xsd
      [get] To: /home/runner/work/publication/temp/ans.fr.nos#1.5.0/input-cache/schemas/R4/fhir-single.xsd
      [get] Not modified - so not downloaded
      [get] Getting: http://hl7.org/fhir/R4/fhir-xhtml.xsd
      [get] To: /home/runner/work/publication/temp/ans.fr.nos#1.5.0/input-cache/schemas/R4/fhir-xhtml.xsd
      [get] Not modified - so not downloaded
      [get] Getting: http://hl7.org/fhir/R4/xml.xsd
      [get] To: /home/runner/work/publication/temp/ans.fr.nos#1.5.0/input-cache/schemas/R4/xml.xsd
      [get] Not modified - so not downloaded
      [get] Getting: http://hl7.org/fhir/R4/xmldsig-core-schema.xsd
      [get] To: /home/runner/work/publication/temp/ans.fr.nos#1.5.0/input-cache/schemas/R4/xmldsig-core-schema.xsd
      [get] Not modified - so not downloaded

onGenerate.r3-schemas:

onGenerate.r2b-schemas:

onGenerate.r2-schemas:

onGenerate.schemas:

onGenerate.data:
     [xslt] Processing /home/runner/work/publication/temp/ans.fr.nos#1.5.0/template/onGenerate-ig-working.xml to /home/runner/work/publication/temp/ans.fr.nos#1.5.0/tmp/_data/artifacts.json
     [xslt] Loading stylesheet /home/runner/work/publication/temp/ans.fr.nos#1.5.0/template/scripts/onGenerate.data.xslt

onGenerate.setup:

onGenerate.infoFile:
     [xslt] Processing /home/runner/work/publication/temp/ans.fr.nos#1.5.0/template/onGenerate-ig-working.xml to /home/runner/work/publication/temp/ans.fr.nos#1.5.0/tmp/_data/info.json
     [xslt] Loading stylesheet /home/runner/work/publication/temp/ans.fr.nos#1.5.0/template/scripts/onGenerate.genJson.xslt

onGenerate.processIncludes:
     [copy] Copying 18 files to /home/runner/work/publication/temp/ans.fr.nos#1.5.0/tmp/_includes

onGenerate.processIg:
     [xslt] Processing /home/runner/work/publication/temp/ans.fr.nos#1.5.0/template/onGenerate-ig-working.xml to /home/runner/work/publication/temp/ans.fr.nos#1.5.0/template/onGenerate-ig-working.1.xml
     [xslt] Loading stylesheet /home/runner/work/publication/temp/ans.fr.nos#1.5.0/template/scripts/onGenerate.group.xslt
     [xslt] Processing /home/runner/work/publication/temp/ans.fr.nos#1.5.0/template/onGenerate-ig-working.1.xml to /home/runner/work/publication/temp/ans.fr.nos#1.5.0/template/onGenerate-ig-updated.xml
     [xslt] Loading stylesheet /home/runner/work/publication/temp/ans.fr.nos#1.5.0/template/scripts/onGenerate.final.xslt

onGenerate.igQa:
     [xslt] Processing /home/runner/work/publication/temp/ans.fr.nos#1.5.0/template/onGenerate-ig-updated.xml to /home/runner/work/publication/temp/ans.fr.nos#1.5.0/template/ongenerate-validation-igqa.json
     [xslt] Loading stylesheet /home/runner/work/publication/temp/ans.fr.nos#1.5.0/template/scripts/onGenerate.qa.xslt

onGenerate.artifactList:
     [xslt] Processing /home/runner/work/publication/temp/ans.fr.nos#1.5.0/template/onGenerate-ig-updated.xml to /home/runner/work/publication/temp/ans.fr.nos#1.5.0/tmp/_includes/artifacts.xml
     [xslt] Loading stylesheet /home/runner/work/publication/temp/ans.fr.nos#1.5.0/template/scripts/createArtifactSummary.xslt

check-plantumlfiles:

onGenerate.plantUml.ig:

onGenerate.plantUml.template:

onGenerate.plantUml:

onGenerate.copyDataFiles:

onGenerate.extend:

onGenerate:
Template Done                                                                                        (00:02.107 / 03:15.439, 2Gb)
Generate HTML Outputs                                                                                (00:00.001 / 03:15.441, 2Gb)
ERROR StatusLogger Log4j2 could not find a logging implementation. Please add log4j-core to the classpath. Using SimpleLogger to log to the console...
Error from http://tx.fhir.org/r4: Unable to provide support for code system https://smt.esante.gouv.fr/terminologie-ncit [x-request-id: 185-31040]
Error from http://tx.fhir.org/r4: Unable to provide support for code system https://smt.esante.gouv.fr/terminologie-ncit [x-request-id: 185-31046]
Error from http://tx.fhir.org/r4: Unable to provide support for code system http://snomed.info/sct [x-request-id: 185-31059]
Error from http://tx.fhir.org/r4: Unable to provide support for code system https://smt.esante.gouv.fr/terminologie-emdn [x-request-id: 185-31066]
Error from http://tx.fhir.org/r4: Unable to provide support for code system http://snomed.info/sct [x-request-id: 185-31099]
Error from http://tx.fhir.org/r4: Unable to provide support for code system https://smt.esante.gouv.fr/terminologie-emdn [x-request-id: 185-31105]
Error from http://tx.fhir.org/r4: Unable to provide support for code system https://smt.esante.gouv.fr/terminologie-ncit [x-request-id: 185-31125]
Error from http://tx.fhir.org/r4: Unable to provide support for code system https://smt.esante.gouv.fr/terminologie-ncit [x-request-id: 185-31131]
Error from http://tx.fhir.org/r4: Unable to provide support for code system https://smt.esante.gouv.fr/terminologie-ncit [x-request-id: 185-31409]
Error from http://tx.fhir.org/r4: Unable to provide support for code system https://smt.esante.gouv.fr/terminologie-ncit [x-request-id: 185-31415]
Generate Summaries                                                                                   (00:51.200 / 04:06.642, 2Gb)
Generating Summary Outputs                                                                           (00:00.001 / 04:06.643, 2Gb)
Table of contents has a section with more than 222 entries.  Collapsing will not work reliably
DB Cumulative Time invested: 00:02:13.480
Sending Usage Stats to Server                                                                        (00:14.724 / 04:21.367, 2Gb)
## Memory (MB): Use = 2117, Free = 1880, Total = 3998, Max = 3998                                    (00:00.006 / 04:21.373, 2Gb)
Reclaiming memory...                                                                                 (00:00.001 / 04:21.375, 2Gb)
## Memory (MB): Use = 1929, Free = 2068, Total = 3998, Max = 3998                                    (00:01.192 / 04:22.567, 1Gb)
Run jekyll: jekyll build --destination "/home/runner/work/publication/temp/ans.fr.nos#1.5.0/output" (in folder /home/runner/work/publication/temp/ans.fr.nos#1.5.0/tmp) (00:00.003 / 04:22.571, 1Gb)
Troubleshooting Note: usual cases for Jekyll to fail are:                                            (00:00.003 / 04:22.575, 1Gb)
* A failure to produce a fragment that is already logged in the output above                         (00:00.000 / 04:22.575, 1Gb)
* A reference to a manually edited file that hasn't been provided                                    (00:00.000 / 04:22.576, 1Gb)
Jekyll: Source: /home/runner/work/publication/temp/ans.fr.nos#1.5.0/tmp                              (00:00.341 / 04:22.917, 1Gb)
Jekyll: Generating...                                                                                (00:00.000 / 04:22.918, 1Gb)
Jekyll: done in 9.312 seconds.                                                                       (00:09.311 / 04:32.229, 1Gb)

Installing ans.fr.nos#1.5.0 done.
Checking Output HTML                                                                                 (00:13.013 / 04:45.243, 3Gb)
found 5094 files                                                                                     (00:00.021 / 04:45.265, 3Gb)
........................................
........................................
  ... 5094 html files, 0 pages invalid xhtml (0%)                                                    (00:47.551 / 05:32.816, 2Gb)
  ... 1336023 links, 7567 broken links (0%)                                                          (00:00.001 / 05:32.818, 2Gb)
Generate fragment-usage-analysis.csv                                                                 (00:00.000 / 05:32.818, 2Gb)
Build final .zip                                                                                     (00:00.009 / 05:32.827, 2Gb)
Final .zip built                                                                                     (00:09.603 / 05:42.431, 2Gb)
Built. Times: loading: 00:05.085, generate: 05:30.734, narrative generation: 00:13.473, realm-rules: 00:00.001, previous-version: 00:08.693, jekyll: 00:09.725, validation: 00:22.080 (#503), template: 00:02.106 (#3) (00:06.956 / 05:49.388, 2Gb)
Generating QA                                                                                        (00:00.001 / 05:49.389, 2Gb)
Sending usage stats failed: Connection timed out
Internal error in location for message: 'Error @1, 1: Found / expecting a token name', loc = '/home/runner/work/publication/temp/ans.fr.nos#1.5.0/output/CodeSystem-TRE-A00-ProducteurDocNonPS.cha', err = 'The <script> containing the javascript 'try {       var curr'... is illegal and not allowed on the H'
Internal error in location for message: 'Error @1, 1: Found / expecting a token name', loc = '/home/runner/work/publication/temp/ans.fr.nos#1.5.0/output/CodeSystem-TRE-A00-ProducteurDocNonPS.cha', err = 'The <script> containing the javascript '$(document).ready(fu'... is illegal and not allowed on the H'
Internal error in location for message: 'Error @1, 1: Found / expecting a token name', loc = '/home/runner/work/publication/temp/ans.fr.nos#1.5.0/output/CodeSystem-TRE-A00-ProducteurDocNonPS.cha', err = 'The <script> containing the javascript '$(document).ready(fu'... is illegal and not allowed on the H'
Internal error in location for message: 'Error @1, 1: Found / expecting a token name', loc = '/home/runner/work/publication/temp/ans.fr.nos#1.5.0/output/CodeSystem-TRE-A00-ProducteurDocNonPS.cha', err = 'The <script> containing the javascript 'anchors.options.visi'... is illegal and not allowed on the H'
Validation output in /home/runner/work/publication/temp/ans.fr.nos#1.5.0/output/qa.html
Errors: 1008, Warnings: 38029, Info: 1000, Broken Links: 7567 (03:31.731 / 09:21.121, 2Gb)
Finished. Max Memory Used = 3Gb. Log file saved in /tmp/fhir-ig-publisher-tmp.log                    (00:00.071 / 09:21.193, 2Gb)
Prepare Build space in /home/runner/work/publication/temp/ans.fr.nos#1.5.0-milestone
Build IG at /home/runner/work/IG-NOS/IG-NOS/igRepo: final copy suitable for publication (in /home/runner/work/publication/temp/ans.fr.nos#1.5.0-milestone) (milestone build)
FHIR IG Publisher Version 1.6.11 (Git# c24a6a19351a). Built 2024-06-07T06:35:31.259Z (249 days old) 
Detected Java version: 17.0.14 from /usr/lib/jvm/temurin-17-jdk-amd64 on Linux/amd64 (64bit). 3998MB available
dir = /home/runner/work/IG-NOS/IG-NOS, path = /snap/bin:/home/runner/.local/bin:/opt/pipx_bin:/home/runner/.cargo/bin:/home/runner/.config/composer/vendor/bin:/usr/local/.ghcup/bin:/home/runner/.dotnet/tools:/usr/local/sbin:/usr/local/bin:/usr/sbin:/usr/bin:/sbin:/bin:/usr/games:/usr/local/games:/snap/bin
Parameters: -ig /home/runner/work/publication/temp/ans.fr.nos#1.5.0-milestone -publish https://interop.esante.gouv.fr/ig/nos/1.5.0 -milestone -no-exit
Start Clock @ Tuesday, February 11, 2025 at 10:59:47 AM Coordinated Universal Time (2025-02-11T10:59:47Z)
                                                                                                    
Build FHIR IG from /home/runner/work/publication/temp/ans.fr.nos#1.5.0-milestone                     (00:00.002 / 00:00.002, 2Gb)
Build Formal Publication package, intended for https://interop.esante.gouv.fr/ig/nos/1.5.0           (00:00.000 / 00:00.002, 2Gb)
API keys loaded from /home/runner/.fhir/fhir-settings.json                                           (00:00.000 / 00:00.003, 2Gb)
Package Cache: /home/runner/.fhir/packages                                                           (00:00.000 / 00:00.003, 2Gb)
Unable to load IG as an r5 IG - try R4 (property code is a class com.google.gson.JsonPrimitive looking for an object) (00:00.011 / 00:00.015, 2Gb)
Load Template from https://github.com/ansforge/IG-template-Nos                                       (00:00.016 / 00:00.031, 2Gb)

onLoad.findSpreadsheets:

onLoad.updateIg:
     [xslt] Processing /home/runner/work/publication/temp/ans.fr.nos#1.5.0-milestone/template/onLoad-ig-working.xml to /home/runner/work/publication/temp/ans.fr.nos#1.5.0-milestone/template/onLoad-ig-updated.xml
     [xslt] Loading stylesheet /home/runner/work/publication/temp/ans.fr.nos#1.5.0-milestone/template/scripts/onLoad.xslt

onLoad.extend:

onLoad:
Root directory: /home/runner/work/publication/temp/ans.fr.nos#1.5.0-milestone                        (00:01.999 / 00:02.031, 771Mb)
Terminology Cache is at /home/runner/work/publication/temp/ans.fr.nos#1.5.0-milestone/input-cache/txcache. 15 files in cache (00:01.492 / 00:03.523, 828Mb)
Core Package hl7.fhir.r4.core#4.0.1
Running Terminology Log: /tmp/ohfu-fhir-ig-7214989396454154879.log
Connect to Terminology Server at http://tx.fhir.org                                                  (00:01.179 / 00:04.703, 428Mb)
Load Package hl7.fhir.pubpack#0.1.7
Load Package hl7.fhir.xver-extensions#0.1.0
Load Package hl7.terminology.r4#6.2.0
Load Package hl7.fhir.uv.extensions.r4#5.1.0
Version mismatch. This IG is version 4.0.1, while the IG 'hl7.fhir.uv.tools' is from version 5.0.0 (will try to run anyway) (00:02.266 / 00:06.969, 412Mb)
Load Package hl7.fhir.uv.tools#0.2.0
Load R5 Specials
Initialization complete                                                                              (00:00.314 / 00:07.284, 720Mb)
Load Content                                                                                         (00:00.000 / 00:07.284, 720Mb)
loadPrePages from FetchedFile[/home/runner/work/publication/temp/ans.fr.nos#1.5.0-milestone/fsh-generated/includes] as /home/runner/work/publication/temp/ans.fr.nos#1.5.0-milestone/fsh-generated/includes
loadPrePages from FetchedFile[/home/runner/work/publication/temp/ans.fr.nos#1.5.0-milestone/input/data] as /home/runner/work/publication/temp/ans.fr.nos#1.5.0-milestone/input/data
loadPrePages from FetchedFile[/home/runner/work/publication/temp/ans.fr.nos#1.5.0-milestone/input/pagecontent] as /home/runner/work/publication/temp/ans.fr.nos#1.5.0-milestone/input/pagecontent
Fetch https://interop.esante.gouv.fr/ig/nos/package-list.json for version check                      (00:02.390 / 00:09.675, 809Mb)
Processing Conformance Resources                                                                     (00:00.513 / 00:10.188, 849Mb)
Load Dependency Info                                                                                 (00:00.009 / 00:10.198, 851Mb)
Load Info                                                                                            (00:00.002 / 00:10.200, 851Mb)
Load Resources                                                                                       (00:00.000 / 00:10.201, 853Mb)
Load Paths                                                                                           (00:01.863 / 00:12.064, 1Gb)
Generating Snapshots                                                                                 (00:00.000 / 00:12.064, 1Gb)
Check R4 / R4B                                                                                       (00:00.001 / 00:12.065, 1Gb)
Assign Comparison Ids                                                                                (00:00.417 / 00:12.483, 920Mb)
Propagating status                                                                                   (00:00.000 / 00:12.483, 920Mb)
Generating Narratives                                                                                (00:00.000 / 00:12.484, 920Mb)
Validating Conformance Resources                                                                     (00:02.827 / 00:15.311, 1Gb)
Check profiles & code systems                                                                        (00:07.651 / 00:22.963, 2Gb)
Check realm rules                                                                                    (00:00.008 / 00:22.971, 2Gb)
Previous Version Comparison                                                                          (00:00.000 / 00:22.972, 2Gb)
Validating Resources                                                                                 (00:06.260 / 00:29.233, 2Gb)
Processing Provenance Records                                                                        (00:00.001 / 00:29.235, 2Gb)
Generating Outputs in /home/runner/work/publication/temp/ans.fr.nos#1.5.0-milestone/output           (00:00.000 / 00:29.235, 2Gb)
Generate Native Outputs                                                                              (00:00.147 / 00:29.383, 2Gb)
Run Template                                                                                         (01:44.768 / 02:14.151, 1Gb)

onGenerate.checkVersions:
     [xslt] Processing /home/runner/work/publication/temp/ans.fr.nos#1.5.0-milestone/template/onGenerate-ig-working.xml to /home/runner/work/publication/temp/ans.fr.nos#1.5.0-milestone/template/versions.txt
     [xslt] Loading stylesheet /home/runner/work/publication/temp/ans.fr.nos#1.5.0-milestone/template/scripts/onGenerate.getVersions.xslt

onGenerate.r5-schemas:
      [get] Getting: http://build.fhir.org/fhir-single.xsd
      [get] To: /home/runner/work/publication/temp/ans.fr.nos#1.5.0-milestone/input-cache/schemas/R5/fhir-single.xsd
      [get] Not modified - so not downloaded
      [get] Getting: http://build.fhir.org/fhir-xhtml.xsd
      [get] To: /home/runner/work/publication/temp/ans.fr.nos#1.5.0-milestone/input-cache/schemas/R5/fhir-xhtml.xsd
      [get] Not modified - so not downloaded
      [get] Getting: http://build.fhir.org/xml.xsd
      [get] To: /home/runner/work/publication/temp/ans.fr.nos#1.5.0-milestone/input-cache/schemas/R5/xml.xsd
      [get] Not modified - so not downloaded
      [get] Getting: http://build.fhir.org/xmldsig-core-schema.xsd
      [get] To: /home/runner/work/publication/temp/ans.fr.nos#1.5.0-milestone/input-cache/schemas/R5/xmldsig-core-schema.xsd
      [get] Not modified - so not downloaded

onGenerate.r4-schemas:
      [get] Getting: http://hl7.org/fhir/R4/fhir-single.xsd
      [get] To: /home/runner/work/publication/temp/ans.fr.nos#1.5.0-milestone/input-cache/schemas/R4/fhir-single.xsd
      [get] Not modified - so not downloaded
      [get] Getting: http://hl7.org/fhir/R4/fhir-xhtml.xsd
      [get] To: /home/runner/work/publication/temp/ans.fr.nos#1.5.0-milestone/input-cache/schemas/R4/fhir-xhtml.xsd
      [get] Not modified - so not downloaded
      [get] Getting: http://hl7.org/fhir/R4/xml.xsd
      [get] To: /home/runner/work/publication/temp/ans.fr.nos#1.5.0-milestone/input-cache/schemas/R4/xml.xsd
      [get] Not modified - so not downloaded
      [get] Getting: http://hl7.org/fhir/R4/xmldsig-core-schema.xsd
      [get] To: /home/runner/work/publication/temp/ans.fr.nos#1.5.0-milestone/input-cache/schemas/R4/xmldsig-core-schema.xsd
      [get] Not modified - so not downloaded

onGenerate.r3-schemas:

onGenerate.r2b-schemas:

onGenerate.r2-schemas:

onGenerate.schemas:

onGenerate.data:
     [xslt] Processing /home/runner/work/publication/temp/ans.fr.nos#1.5.0-milestone/template/onGenerate-ig-working.xml to /home/runner/work/publication/temp/ans.fr.nos#1.5.0-milestone/tmp/_data/artifacts.json
     [xslt] Loading stylesheet /home/runner/work/publication/temp/ans.fr.nos#1.5.0-milestone/template/scripts/onGenerate.data.xslt

onGenerate.setup:

onGenerate.infoFile:
     [xslt] Processing /home/runner/work/publication/temp/ans.fr.nos#1.5.0-milestone/template/onGenerate-ig-working.xml to /home/runner/work/publication/temp/ans.fr.nos#1.5.0-milestone/tmp/_data/info.json
     [xslt] Loading stylesheet /home/runner/work/publication/temp/ans.fr.nos#1.5.0-milestone/template/scripts/onGenerate.genJson.xslt

onGenerate.processIncludes:
     [copy] Copying 18 files to /home/runner/work/publication/temp/ans.fr.nos#1.5.0-milestone/tmp/_includes

onGenerate.processIg:
     [xslt] Processing /home/runner/work/publication/temp/ans.fr.nos#1.5.0-milestone/template/onGenerate-ig-working.xml to /home/runner/work/publication/temp/ans.fr.nos#1.5.0-milestone/template/onGenerate-ig-working.1.xml
     [xslt] Loading stylesheet /home/runner/work/publication/temp/ans.fr.nos#1.5.0-milestone/template/scripts/onGenerate.group.xslt
     [xslt] Processing /home/runner/work/publication/temp/ans.fr.nos#1.5.0-milestone/template/onGenerate-ig-working.1.xml to /home/runner/work/publication/temp/ans.fr.nos#1.5.0-milestone/template/onGenerate-ig-updated.xml
     [xslt] Loading stylesheet /home/runner/work/publication/temp/ans.fr.nos#1.5.0-milestone/template/scripts/onGenerate.final.xslt

onGenerate.igQa:
     [xslt] Processing /home/runner/work/publication/temp/ans.fr.nos#1.5.0-milestone/template/onGenerate-ig-updated.xml to /home/runner/work/publication/temp/ans.fr.nos#1.5.0-milestone/template/ongenerate-validation-igqa.json
     [xslt] Loading stylesheet /home/runner/work/publication/temp/ans.fr.nos#1.5.0-milestone/template/scripts/onGenerate.qa.xslt

onGenerate.artifactList:
     [xslt] Processing /home/runner/work/publication/temp/ans.fr.nos#1.5.0-milestone/template/onGenerate-ig-updated.xml to /home/runner/work/publication/temp/ans.fr.nos#1.5.0-milestone/tmp/_includes/artifacts.xml
     [xslt] Loading stylesheet /home/runner/work/publication/temp/ans.fr.nos#1.5.0-milestone/template/scripts/createArtifactSummary.xslt

check-plantumlfiles:

onGenerate.plantUml.ig:

onGenerate.plantUml.template:

onGenerate.plantUml:

onGenerate.copyDataFiles:

onGenerate.extend:

onGenerate:
Template Done                                                                                        (00:01.457 / 02:15.609, 2Gb)
Generate HTML Outputs                                                                                (00:00.000 / 02:15.609, 2Gb)
Generate Summaries                                                                                   (00:40.760 / 02:56.370, 2Gb)
Generating Summary Outputs                                                                           (00:00.000 / 02:56.371, 2Gb)
Table of contents has a section with more than 222 entries.  Collapsing will not work reliably
DB Cumulative Time invested: 00:01:51.457
Sending Usage Stats to Server                                                                        (00:09.699 / 03:06.070, 3Gb)
## Memory (MB): Use = 3370, Free = 627, Total = 3998, Max = 3998                                     (00:00.001 / 03:06.072, 3Gb)
Reclaiming memory...                                                                                 (00:00.000 / 03:06.072, 3Gb)
## Memory (MB): Use = 1933, Free = 2064, Total = 3998, Max = 3998                                    (00:01.091 / 03:07.164, 1Gb)
Run jekyll: jekyll build --destination "/home/runner/work/publication/temp/ans.fr.nos#1.5.0-milestone/output" (in folder /home/runner/work/publication/temp/ans.fr.nos#1.5.0-milestone/tmp) (00:00.001 / 03:07.165, 1Gb)
Troubleshooting Note: usual cases for Jekyll to fail are:                                            (00:00.000 / 03:07.166, 1Gb)
* A failure to produce a fragment that is already logged in the output above                         (00:00.000 / 03:07.166, 1Gb)
* A reference to a manually edited file that hasn't been provided                                    (00:00.000 / 03:07.167, 1Gb)
Jekyll: Source: /home/runner/work/publication/temp/ans.fr.nos#1.5.0-milestone/tmp                    (00:00.366 / 03:07.533, 1Gb)
Jekyll: Generating...                                                                                (00:00.000 / 03:07.534, 1Gb)
Jekyll: done in 9.266 seconds.                                                                       (00:09.265 / 03:16.799, 1Gb)

Installing ans.fr.nos#1.5.0Checking Output HTML                                                                                 (00:10.678 / 03:27.478, 2Gb)
found 5094 files                                                                                     (00:00.020 / 03:27.498, 2Gb)
........................................
........................................
  ... 5094 html files, 0 pages invalid xhtml (0%)                                                    (00:46.526 / 04:14.025, 3Gb)
  ... 1336023 links, 7567 broken links (0%)                                                          (00:00.000 / 04:14.026, 3Gb)
Generate fragment-usage-analysis.csv                                                                 (00:00.000 / 04:14.027, 3Gb)
Build final .zip                                                                                     (00:00.006 / 04:14.033, 3Gb)
Final .zip built                                                                                     (00:09.630 / 04:23.663, 3Gb)
Built. Times: loading: 00:02.903, generate: 04:20.143, narrative generation: 00:02.826, realm-rules: 00:00.000, previous-version: 00:06.215, jekyll: 00:09.695, validation: 00:07.635 (#503), template: 00:01.456 (#3) (00:06.669 / 04:30.332, 1Gb)
Generating QA                                                                                        (00:00.001 / 04:30.334, 1Gb)
Sending usage stats failed: Connection timed out
Internal error in location for message: 'Error @1, 1: Found / expecting a token name', loc = '/home/runner/work/publication/temp/ans.fr.nos#1.5.0-milestone/output/CodeSystem-TRE-A00-ProducteurDo', err = 'The <script> containing the javascript 'try {       var curr'... is illegal and not allowed on the H'
Internal error in location for message: 'Error @1, 1: Found / expecting a token name', loc = '/home/runner/work/publication/temp/ans.fr.nos#1.5.0-milestone/output/CodeSystem-TRE-A00-ProducteurDo', err = 'The <script> containing the javascript '$(document).ready(fu'... is illegal and not allowed on the H'
Internal error in location for message: 'Error @1, 1: Found / expecting a token name', loc = '/home/runner/work/publication/temp/ans.fr.nos#1.5.0-milestone/output/CodeSystem-TRE-A00-ProducteurDo', err = 'The <script> containing the javascript '$(document).ready(fu'... is illegal and not allowed on the H'
Internal error in location for message: 'Error @1, 1: Found / expecting a token name', loc = '/home/runner/work/publication/temp/ans.fr.nos#1.5.0-milestone/output/CodeSystem-TRE-A00-ProducteurDo', err = 'The <script> containing the javascript 'anchors.options.visi'... is illegal and not allowed on the H'
Validation output in /home/runner/work/publication/temp/ans.fr.nos#1.5.0-milestone/output/qa.html
Errors: 1008, Warnings: 38029, Info: 1000, Broken Links: 7567 (03:32.170 / 08:02.504, 2Gb)
Finished. Max Memory Used = 3Gb. Log file saved in /tmp/fhir-ig-publisher-tmp.log                    (00:00.060 / 08:02.564, 2Gb)
Keep a copy of the build directory at /home/runner/work/publication/temp/web-root/run-20250211/ig-build-zips/ans.fr.nos#1.5.0.zip

ok. All checks passed. Publish v1.5.0 to /home/runner/work/publication/temp/web-root/run-20250211/nos/1.5.0
Copy the IG to /home/runner/work/publication/temp/web-root/run-20250211/nos/1.5.0
Update /home/runner/work/publication/temp/web-root/run-20250211/nos/package-list.json
Publish Box Statement: This page is part of the Guide d'implémentation des NOS (v1.5.0: Release) based on <a no-external="true" href="http://hl7.org/fhir/R4">FHIR (HL7® FHIR® Standard) R4</a>. This is the current published version in its permanent home (it will always be available at this URL).  For a full list of available versions, see the <a no-external="true" href="https://interop.esante.gouv.fr/ig/nos/history.html">Directory of published versions</a>
no html insert in /home/runner/work/publication/temp/web-root/run-20250211/nos/1.5.0/qa-txservers.html
  .. 2537 files checked, 2537 updated
  .. 2011 clones checked, 4022 updated
  .. 503 redirections (503 created/updated)
This is a milestone release - publish v1.5.0 to /home/runner/work/publication/temp/web-root/run-20250211/nos
Publish Box Statement: This page is part of the Guide d'implémentation des NOS (v1.5.0: Release) based on <a no-external="true" href="http://hl7.org/fhir/R4">FHIR (HL7® FHIR® Standard) R4</a>. This is the current published version.  For a full list of available versions, see the <a no-external="true" href="https://interop.esante.gouv.fr/ig/nos/history.html">Directory of published versions</a>
no html insert in /home/runner/work/publication/temp/ans.fr.nos#1.5.0-milestone/output/qa-txservers.html
  .. 2537 files checked, 2537 updated
  .. 2011 clones checked, 4022 updated
  .. 503 redirections (503 created/updated)
Check for Files to delete
  ... 0 files
Copy to new IG to /home/runner/work/publication/temp/web-root/run-20250211/nos
Update history page at /home/runner/work/publication/temp/web-root/run-20250211/nos from /home/runner/work/IG-NOS/IG-NOS/./IG-website-release/fhir-ig-history-template and ./IG-website-release/templates
Build is complete. Copy from /home/runner/work/publication/temp/web-root/run-20250211
ans.fr.nos (https://interop.esante.gouv.fr/ig/nos): Guide d'implémentation des NOS @ https://ansforge.github.io/IG-NOS/ig/main
  release: release 1.5.0/4.0.1 @ https://interop.esante.gouv.fr/ig/nos/1.5.0
