FHIR IG Publisher Version 1.5.5 (Git# 3db07b9b9942). Built 2023-11-24T21:11:01.665Z (12 days old)
Detected Java version: 17.0.7 from /opt/hostedtoolcache/Java_Microsoft_jdk/17.0.7/x64 on amd64 (64bit). 3996MB available
dir = /home/runner/work/IG-NOS/IG-NOS, path = /opt/hostedtoolcache/Java_Microsoft_jdk/17.0.7/x64/bin:/home/runner/.dotnet:/snap/bin:/home/runner/.local/bin:/opt/pipx_bin:/home/runner/.cargo/bin:/home/runner/.config/composer/vendor/bin:/usr/local/.ghcup/bin:/home/runner/.dotnet/tools:/usr/local/sbin:/usr/local/bin:/usr/sbin:/usr/bin:/sbin:/bin:/usr/games:/usr/local/games:/snap/bin
Parameters: -go-publish -source igRepo -web ./IG-website-release/www/ig -registry ./IG-website-release/ig-registry/fhir-ig-list.json -history ./IG-website-release/fhir-ig-history-template -templates ./IG-website-release/templates
---------------
Publication Run: publish igRepo to ./IG-website-release/www/ig
Run Number: 9
Relative directory for IG is '/nos'
All checks passed. Do the publication build from /home/runner/work/IG-NOS/IG-NOS/igRepo and publish to /tmp/web-root/run-20231207/nos
Prepare Build space in /tmp/ans.fr.nos#1.1.0
Build IG at /home/runner/work/IG-NOS/IG-NOS/igRepo: final copy suitable for publication (in /tmp/ans.fr.nos#1.1.0)
FHIR IG Publisher Version 1.5.5 (Git# 3db07b9b9942). Built 2023-11-24T21:11:01.665Z (12 days old)   
Detected Java version: 17.0.7 from /opt/hostedtoolcache/Java_Microsoft_jdk/17.0.7/x64 on Linux/amd64 (64bit). 3996MB available
dir = /home/runner/work/IG-NOS/IG-NOS, path = /opt/hostedtoolcache/Java_Microsoft_jdk/17.0.7/x64/bin:/home/runner/.dotnet:/snap/bin:/home/runner/.local/bin:/opt/pipx_bin:/home/runner/.cargo/bin:/home/runner/.config/composer/vendor/bin:/usr/local/.ghcup/bin:/home/runner/.dotnet/tools:/usr/local/sbin:/usr/local/bin:/usr/sbin:/usr/bin:/sbin:/bin:/usr/games:/usr/local/games:/snap/bin
Parameters: -ig /tmp/ans.fr.nos#1.1.0 -resetTx -publish https://interop.esante.gouv.fr/ig/nos/1.1.0 -no-exit
Start Clock @ Thursday, December 7, 2023 at 4:19:36 PM Coordinated Universal Time (2023-12-07T16:19:36Z)
                                                                                                    
Build FHIR IG from /tmp/ans.fr.nos#1.1.0                                                             (00:00.024 / 00:00.025, 340Mb)
Build Formal Publication package, intended for https://interop.esante.gouv.fr/ig/nos/1.1.0           (00:00.004 / 00:00.029, 340Mb)
API keys loaded from /home/runner/.fhir/fhir-settings.json                                           (00:00.001 / 00:00.031, 340Mb)
Package Cache: /home/runner/.fhir/packages                                                           (00:00.004 / 00:00.035, 340Mb)
Unable to load IG as an r5 IG - try R4 (property code is a class com.google.gson.JsonPrimitive looking for an object) (00:00.410 / 00:00.446, 108Mb)
Load Template from https://github.com/ansforge/IG-template-Nos                                       (00:00.358 / 00:00.805, 104Mb)

onLoad.findSpreadsheets:

onLoad.updateIg:
     [xslt] Processing /tmp/ans.fr.nos#1.1.0/template/onLoad-ig-working.xml to /tmp/ans.fr.nos#1.1.0/template/onLoad-ig-updated.xml
     [xslt] Loading stylesheet /tmp/ans.fr.nos#1.1.0/template/scripts/onLoad.xslt

onLoad.extend:

onLoad:
Root directory: /tmp/ans.fr.nos#1.1.0                                                                (00:02.913 / 00:03.718, 142Mb)
Core Package hl7.fhir.r4.core#4.0.1
Unable to generate snapshot @2 for Definition from noname because Profile Definition (http://hl7.org/fhir/StructureDefinition/Definition) has no base and no snapshot
Unable to generate snapshot @2 for Event from noname because Profile Event (http://hl7.org/fhir/StructureDefinition/Event) has no base and no snapshot
Unable to generate snapshot @2 for FiveWs from noname because Profile FiveWs (http://hl7.org/fhir/StructureDefinition/FiveWs) has no base and no snapshot
Unable to generate snapshot @2 for Request from noname because Profile Request (http://hl7.org/fhir/StructureDefinition/Request) has no base and no snapshot
Terminology Cache is at /tmp/ans.fr.nos#1.1.0/input-cache/txcache. Clearing now                      (00:05.590 / 00:09.309, 464Mb)
Connect to Terminology Server at http://tx.fhir.org                                                  (00:00.002 / 00:09.311, 464Mb)
Load Package hl7.fhir.pubpack#0.1.6
Load Package hl7.fhir.xver-extensions#0.0.12
Load Package hl7.terminology.r4#5.3.0
Load Package hl7.fhir.uv.extensions.r4#1.0.0
Version mismatch. This IG is version 4.0.1, while the IG 'hl7.fhir.uv.tools' is from version 5.0.0 (will try to run anyway) (00:04.178 / 00:13.489, 789Mb)
Load Package hl7.fhir.uv.tools#1.0.0-candidate
Load R5 Specials
Unable to generate snapshot @2 for Definition from noname because Profile Definition (http://hl7.org/fhir/StructureDefinition/Definition) has no base and no snapshot
Unable to generate snapshot @2 for Event from noname because Profile Event (http://hl7.org/fhir/StructureDefinition/Event) has no base and no snapshot
Unable to generate snapshot @2 for FiveWs from noname because Profile FiveWs (http://hl7.org/fhir/StructureDefinition/FiveWs) has no base and no snapshot
Unable to generate snapshot @2 for Request from noname because Profile Request (http://hl7.org/fhir/StructureDefinition/Request) has no base and no snapshot
Initialization complete                                                                              (00:00.646 / 00:14.136, 931Mb)
Fetch https://interop.esante.gouv.fr/ig/nos/package-list.json for version check                      (00:00.002 / 00:14.138, 931Mb)
Load Content                                                                                         (00:00.511 / 00:14.649, 335Mb)
loadPrePages from FetchedFile[/tmp/ans.fr.nos#1.1.0/fsh-generated/includes] as /tmp/ans.fr.nos#1.1.0/fsh-generated/includes
loadPrePages from FetchedFile[/tmp/ans.fr.nos#1.1.0/input/data] as /tmp/ans.fr.nos#1.1.0/input/data
loadPrePages from FetchedFile[/tmp/ans.fr.nos#1.1.0/input/pagecontent] as /tmp/ans.fr.nos#1.1.0/input/pagecontent
Processing Conformance Resources                                                                     (00:34.910 / 00:49.559, 641Mb)
Load Dependency Info                                                                                 (00:00.009 / 00:49.569, 642Mb)
Load Info                                                                                            (00:00.003 / 00:49.572, 643Mb)
Load Resources                                                                                       (00:00.002 / 00:49.575, 644Mb)
Load Paths                                                                                           (00:19.073 / 01:08.648, 813Mb)
Generating Snapshots                                                                                 (00:00.001 / 01:08.649, 813Mb)
Check R4 / R4B                                                                                       (00:00.001 / 01:08.651, 813Mb)
Assign Comparison Ids                                                                                (00:00.424 / 01:09.075, 900Mb)
Propagating status                                                                                   (00:00.001 / 01:09.076, 900Mb)
Generating Narratives                                                                                (00:00.000 / 01:09.077, 900Mb)
Validating Conformance Resources                                                                     (00:39.776 / 01:48.854, 1Gb)
Check profiles & code systems                                                                        (00:16.302 / 02:05.156, 1Gb)
Check realm rules                                                                                    (00:00.007 / 02:05.164, 1Gb)
Previous Version Comparison                                                                          (00:00.001 / 02:05.165, 1Gb)
Validating Resources                                                                                 (00:00.087 / 02:05.254, 1Gb)
Processing Provenance Records                                                                        (00:00.003 / 02:05.257, 1Gb)
Generating Outputs in /tmp/ans.fr.nos#1.1.0/output                                                   (00:00.001 / 02:05.258, 1Gb)
Generate Native Outputs                                                                              (00:00.382 / 02:05.641, 1Gb)
Run Template                                                                                         (01:33.784 / 03:39.425, 1Gb)

onGenerate.checkVersions:
     [xslt] Processing /tmp/ans.fr.nos#1.1.0/template/onGenerate-ig-working.xml to /tmp/ans.fr.nos#1.1.0/template/versions.txt
     [xslt] Loading stylesheet /tmp/ans.fr.nos#1.1.0/template/scripts/onGenerate.getVersions.xslt

onGenerate.r5-schemas:
      [get] Getting: http://build.fhir.org/fhir-single.xsd
      [get] To: /tmp/ans.fr.nos#1.1.0/input-cache/schemas/R5/fhir-single.xsd
      [get] Not modified - so not downloaded
      [get] Getting: http://build.fhir.org/fhir-xhtml.xsd
      [get] To: /tmp/ans.fr.nos#1.1.0/input-cache/schemas/R5/fhir-xhtml.xsd
      [get] Not modified - so not downloaded
      [get] Getting: http://build.fhir.org/xml.xsd
      [get] To: /tmp/ans.fr.nos#1.1.0/input-cache/schemas/R5/xml.xsd
      [get] Not modified - so not downloaded
      [get] Getting: http://build.fhir.org/xmldsig-core-schema.xsd
      [get] To: /tmp/ans.fr.nos#1.1.0/input-cache/schemas/R5/xmldsig-core-schema.xsd
      [get] Not modified - so not downloaded

onGenerate.r4-schemas:
      [get] Getting: http://hl7.org/fhir/R4/fhir-single.xsd
      [get] To: /tmp/ans.fr.nos#1.1.0/input-cache/schemas/R4/fhir-single.xsd
      [get] Not modified - so not downloaded
      [get] Getting: http://hl7.org/fhir/R4/fhir-xhtml.xsd
      [get] To: /tmp/ans.fr.nos#1.1.0/input-cache/schemas/R4/fhir-xhtml.xsd
      [get] Not modified - so not downloaded
      [get] Getting: http://hl7.org/fhir/R4/xml.xsd
      [get] To: /tmp/ans.fr.nos#1.1.0/input-cache/schemas/R4/xml.xsd
      [get] Not modified - so not downloaded
      [get] Getting: http://hl7.org/fhir/R4/xmldsig-core-schema.xsd
      [get] To: /tmp/ans.fr.nos#1.1.0/input-cache/schemas/R4/xmldsig-core-schema.xsd
      [get] Not modified - so not downloaded

onGenerate.r3-schemas:

onGenerate.r2b-schemas:

onGenerate.r2-schemas:

onGenerate.schemas:

onGenerate.data:
     [xslt] Processing /tmp/ans.fr.nos#1.1.0/template/onGenerate-ig-working.xml to /tmp/ans.fr.nos#1.1.0/temp/pages/_data/artifacts.json
     [xslt] Loading stylesheet /tmp/ans.fr.nos#1.1.0/template/scripts/onGenerate.data.xslt

onGenerate.setup:

onGenerate.infoFile:
     [xslt] Processing /tmp/ans.fr.nos#1.1.0/template/onGenerate-ig-working.xml to /tmp/ans.fr.nos#1.1.0/temp/pages/_data/info.json
     [xslt] Loading stylesheet /tmp/ans.fr.nos#1.1.0/template/scripts/onGenerate.genJson.xslt

onGenerate.processIncludes:
     [copy] Copying 18 files to /tmp/ans.fr.nos#1.1.0/temp/pages/_includes

onGenerate.processIg:
     [xslt] Processing /tmp/ans.fr.nos#1.1.0/template/onGenerate-ig-working.xml to /tmp/ans.fr.nos#1.1.0/template/onGenerate-ig-working.1.xml
     [xslt] Loading stylesheet /tmp/ans.fr.nos#1.1.0/template/scripts/onGenerate.group.xslt
     [xslt] Processing /tmp/ans.fr.nos#1.1.0/template/onGenerate-ig-working.1.xml to /tmp/ans.fr.nos#1.1.0/template/onGenerate-ig-updated.xml
     [xslt] Loading stylesheet /tmp/ans.fr.nos#1.1.0/template/scripts/onGenerate.final.xslt

onGenerate.igQa:
     [xslt] Processing /tmp/ans.fr.nos#1.1.0/template/onGenerate-ig-updated.xml to /tmp/ans.fr.nos#1.1.0/template/ongenerate-validation-igqa.json
     [xslt] Loading stylesheet /tmp/ans.fr.nos#1.1.0/template/scripts/onGenerate.qa.xslt

onGenerate.artifactList:
     [xslt] Processing /tmp/ans.fr.nos#1.1.0/template/onGenerate-ig-updated.xml to /tmp/ans.fr.nos#1.1.0/temp/pages/_includes/artifacts.xml
     [xslt] Loading stylesheet /tmp/ans.fr.nos#1.1.0/template/scripts/createArtifactSummary.xslt

check-plantumlfiles:

onGenerate.plantUml.ig:

onGenerate.plantUml.template:

onGenerate.plantUml:

onGenerate.copyDataFiles:

onGenerate.extend:

onGenerate:
Template Done                                                                                        (00:02.337 / 03:41.762, 1Gb)
Generate HTML Outputs                                                                                (00:00.002 / 03:41.764, 1Gb)
ERROR StatusLogger Log4j2 could not find a logging implementation. Please add log4j-core to the classpath. Using SimpleLogger to log to the console...
Generate Summaries                                                                                   (00:59.544 / 04:41.309, 1Gb)
Generating Summary Outputs                                                                           (00:00.000 / 04:41.309, 1Gb)
Table of contents has a section with more than 222 entries.  Collapsing will not work reliably
DB Cumulative Time invested: 0:1:6.203
Sending Usage Stats to Server                                                                        (00:07.665 / 04:48.975, 1Gb)
## Memory (MB): Use = 1840, Free = 347, Total = 2188, Max = 3996                                     (00:00.002 / 04:48.977, 1Gb)
Reclaiming memory...                                                                                 (00:00.000 / 04:48.978, 1Gb)
## Memory (MB): Use = 1412, Free = 954, Total = 2368, Max = 3996                                     (00:00.790 / 04:49.769, 1Gb)
Run jekyll: jekyll build --destination "/tmp/ans.fr.nos#1.1.0/output" (in folder /tmp/ans.fr.nos#1.1.0/temp/pages) (00:00.004 / 04:49.774, 1Gb)
Note: usual cases for Jekyll to fail are:                                                            (00:00.002 / 04:49.777, 1Gb)
* A failure to produce a fragment that is already logged in the output above                         (00:00.000 / 04:49.777, 1Gb)
* A reference to a manually edited file that hasn't been provided                                    (00:00.001 / 04:49.778, 1Gb)
Jekyll: Source: /tmp/ans.fr.nos#1.1.0/temp/pages                                                     (00:00.339 / 04:50.118, 1Gb)
Jekyll: Generating...                                                                                (00:00.001 / 04:50.119, 1Gb)
Jekyll: done in 8.826 seconds.                                                                       (00:08.824 / 04:58.944, 1Gb)

Installing ans.fr.nos#1.1.0 done.
Checking Output HTML                                                                                 (00:12.968 / 05:11.913, 1Gb)
found 4988 files                                                                                     (00:00.018 / 05:11.931, 1Gb)
........................................
........................................
  ... 4988 html files, 0 pages invalid xhtml (0%)                                                    (00:52.073 / 06:04.004, 1Gb)
  ... 1287478 links, 7413 broken links (0%)                                                          (00:00.001 / 06:04.005, 1Gb)
Build final .zip                                                                                     (00:00.001 / 06:04.006, 1Gb)
Final .zip built                                                                                     (00:07.187 / 06:11.193, 1Gb)
Built. Times: loading: 00:34.909, generate: 05:28.834, narrative generation: 00:39.775, realm-rules: 00:00.001, previous-version: 00:00.000, jekyll: 00:09.241, validation: 00:16.287 (#491), template: 00:02.336 (#3) (00:07.275 / 06:18.469, 1Gb)
Sending usage stats failed: Connection timed out
Validation output in /tmp/ans.fr.nos#1.1.0/output/qa.html
Errors: 1498, Warnings: 37094, Info: 262, Broken Links: 7413 (03:02.022 / 09:20.491, 1Gb)
Finished. Max Memory Used = 1Gb. Log file saved in /tmp/fhir-ig-publisher-tmp.log                    (00:00.048 / 09:20.540, 1Gb)
Prepare Build space in /tmp/ans.fr.nos#1.1.0-milestone
Build IG at /home/runner/work/IG-NOS/IG-NOS/igRepo: final copy suitable for publication (in /tmp/ans.fr.nos#1.1.0-milestone) (milestone build)
FHIR IG Publisher Version 1.5.5 (Git# 3db07b9b9942). Built 2023-11-24T21:11:01.665Z (12 days old)   
Detected Java version: 17.0.7 from /opt/hostedtoolcache/Java_Microsoft_jdk/17.0.7/x64 on Linux/amd64 (64bit). 3996MB available
dir = /home/runner/work/IG-NOS/IG-NOS, path = /opt/hostedtoolcache/Java_Microsoft_jdk/17.0.7/x64/bin:/home/runner/.dotnet:/snap/bin:/home/runner/.local/bin:/opt/pipx_bin:/home/runner/.cargo/bin:/home/runner/.config/composer/vendor/bin:/usr/local/.ghcup/bin:/home/runner/.dotnet/tools:/usr/local/sbin:/usr/local/bin:/usr/sbin:/usr/bin:/sbin:/bin:/usr/games:/usr/local/games:/snap/bin
Parameters: -ig /tmp/ans.fr.nos#1.1.0-milestone -publish https://interop.esante.gouv.fr/ig/nos/1.1.0 -milestone -no-exit
Start Clock @ Thursday, December 7, 2023 at 4:29:02 PM Coordinated Universal Time (2023-12-07T16:29:02Z)
                                                                                                    
Build FHIR IG from /tmp/ans.fr.nos#1.1.0-milestone                                                   (00:00.014 / 00:00.014, 1Gb)
Build Formal Publication package, intended for https://interop.esante.gouv.fr/ig/nos/1.1.0           (00:00.000 / 00:00.015, 1Gb)
API keys loaded from /home/runner/.fhir/fhir-settings.json                                           (00:00.000 / 00:00.016, 1Gb)
Package Cache: /home/runner/.fhir/packages                                                           (00:00.000 / 00:00.016, 1Gb)
Unable to load IG as an r5 IG - try R4 (property code is a class com.google.gson.JsonPrimitive looking for an object) (00:00.003 / 00:00.020, 1Gb)
Load Template from https://github.com/ansforge/IG-template-Nos                                       (00:00.010 / 00:00.031, 1Gb)

onLoad.findSpreadsheets:

onLoad.updateIg:
     [xslt] Processing /tmp/ans.fr.nos#1.1.0-milestone/template/onLoad-ig-working.xml to /tmp/ans.fr.nos#1.1.0-milestone/template/onLoad-ig-updated.xml
     [xslt] Loading stylesheet /tmp/ans.fr.nos#1.1.0-milestone/template/scripts/onLoad.xslt

onLoad.extend:

onLoad:
Root directory: /tmp/ans.fr.nos#1.1.0-milestone                                                      (00:01.947 / 00:01.979, 1Gb)
Core Package hl7.fhir.r4.core#4.0.1
Unable to generate snapshot @2 for Definition from noname because Profile Definition (http://hl7.org/fhir/StructureDefinition/Definition) has no base and no snapshot
Unable to generate snapshot @2 for Event from noname because Profile Event (http://hl7.org/fhir/StructureDefinition/Event) has no base and no snapshot
Unable to generate snapshot @2 for FiveWs from noname because Profile FiveWs (http://hl7.org/fhir/StructureDefinition/FiveWs) has no base and no snapshot
Unable to generate snapshot @2 for Request from noname because Profile Request (http://hl7.org/fhir/StructureDefinition/Request) has no base and no snapshot
Terminology Cache is at /tmp/ans.fr.nos#1.1.0-milestone/input-cache/txcache. 4 files in cache        (00:03.645 / 00:05.624, 2Gb)
Connect to Terminology Server at http://tx.fhir.org                                                  (00:00.095 / 00:05.719, 2Gb)
Load Package hl7.fhir.pubpack#0.1.6
Load Package hl7.fhir.xver-extensions#0.0.12
Load Package hl7.terminology.r4#5.3.0
Load Package hl7.fhir.uv.extensions.r4#1.0.0
Version mismatch. This IG is version 4.0.1, while the IG 'hl7.fhir.uv.tools' is from version 5.0.0 (will try to run anyway) (00:03.062 / 00:08.782, 1Gb)
Load Package hl7.fhir.uv.tools#1.0.0-candidate
Load R5 Specials
Unable to generate snapshot @2 for Definition from noname because Profile Definition (http://hl7.org/fhir/StructureDefinition/Definition) has no base and no snapshot
Unable to generate snapshot @2 for Event from noname because Profile Event (http://hl7.org/fhir/StructureDefinition/Event) has no base and no snapshot
Unable to generate snapshot @2 for FiveWs from noname because Profile FiveWs (http://hl7.org/fhir/StructureDefinition/FiveWs) has no base and no snapshot
Unable to generate snapshot @2 for Request from noname because Profile Request (http://hl7.org/fhir/StructureDefinition/Request) has no base and no snapshot
Initialization complete                                                                              (00:00.506 / 00:09.288, 2Gb)
Fetch https://interop.esante.gouv.fr/ig/nos/package-list.json for version check                      (00:00.001 / 00:09.289, 2Gb)
Load Content                                                                                         (00:00.567 / 00:09.856, 2Gb)
loadPrePages from FetchedFile[/tmp/ans.fr.nos#1.1.0-milestone/fsh-generated/includes] as /tmp/ans.fr.nos#1.1.0-milestone/fsh-generated/includes
loadPrePages from FetchedFile[/tmp/ans.fr.nos#1.1.0-milestone/input/data] as /tmp/ans.fr.nos#1.1.0-milestone/input/data
loadPrePages from FetchedFile[/tmp/ans.fr.nos#1.1.0-milestone/input/pagecontent] as /tmp/ans.fr.nos#1.1.0-milestone/input/pagecontent
Processing Conformance Resources                                                                     (00:35.075 / 00:44.932, 1Gb)
Load Dependency Info                                                                                 (00:00.008 / 00:44.940, 1Gb)
Load Info                                                                                            (00:00.002 / 00:44.942, 1Gb)
Load Resources                                                                                       (00:00.001 / 00:44.944, 1Gb)
Load Paths                                                                                           (00:18.474 / 01:03.418, 2Gb)
Generating Snapshots                                                                                 (00:00.001 / 01:03.419, 2Gb)
Check R4 / R4B                                                                                       (00:00.001 / 01:03.421, 2Gb)
Assign Comparison Ids                                                                                (00:00.341 / 01:03.762, 2Gb)
Propagating status                                                                                   (00:00.001 / 01:03.763, 2Gb)
Generating Narratives                                                                                (00:00.000 / 01:03.764, 2Gb)
Unable to provide support for code system https://mos.esante.gouv.fr/NOS/TRE_R340-TypeCaracteristiqueEquipement/FHIR/TRE-R340-TypeCaracteristiqueEquipement
Unable to provide support for code system https://mos.esante.gouv.fr/NOS/TRE_R340-TypeCaracteristiqueEquipement/FHIR/TRE-R340-TypeCaracteristiqueEquipement
Validating Conformance Resources                                                                     (00:40.144 / 01:43.909, 2Gb)
Check profiles & code systems                                                                        (00:12.834 / 01:56.743, 2Gb)
Check realm rules                                                                                    (00:00.005 / 01:56.748, 2Gb)
Previous Version Comparison                                                                          (00:00.001 / 01:56.749, 2Gb)
Validating Resources                                                                                 (00:00.045 / 01:56.795, 2Gb)
Processing Provenance Records                                                                        (00:00.002 / 01:56.797, 2Gb)
Generating Outputs in /tmp/ans.fr.nos#1.1.0-milestone/output                                         (00:00.001 / 01:56.798, 2Gb)
Generate Native Outputs                                                                              (00:00.320 / 01:57.119, 2Gb)
Run Template                                                                                         (01:33.289 / 03:30.409, 1Gb)

onGenerate.checkVersions:
     [xslt] Processing /tmp/ans.fr.nos#1.1.0-milestone/template/onGenerate-ig-working.xml to /tmp/ans.fr.nos#1.1.0-milestone/template/versions.txt
     [xslt] Loading stylesheet /tmp/ans.fr.nos#1.1.0-milestone/template/scripts/onGenerate.getVersions.xslt

onGenerate.r5-schemas:
      [get] Getting: http://build.fhir.org/fhir-single.xsd
      [get] To: /tmp/ans.fr.nos#1.1.0-milestone/input-cache/schemas/R5/fhir-single.xsd
      [get] Not modified - so not downloaded
      [get] Getting: http://build.fhir.org/fhir-xhtml.xsd
      [get] To: /tmp/ans.fr.nos#1.1.0-milestone/input-cache/schemas/R5/fhir-xhtml.xsd
      [get] Not modified - so not downloaded
      [get] Getting: http://build.fhir.org/xml.xsd
      [get] To: /tmp/ans.fr.nos#1.1.0-milestone/input-cache/schemas/R5/xml.xsd
      [get] Not modified - so not downloaded
      [get] Getting: http://build.fhir.org/xmldsig-core-schema.xsd
      [get] To: /tmp/ans.fr.nos#1.1.0-milestone/input-cache/schemas/R5/xmldsig-core-schema.xsd
      [get] Not modified - so not downloaded

onGenerate.r4-schemas:
      [get] Getting: http://hl7.org/fhir/R4/fhir-single.xsd
      [get] To: /tmp/ans.fr.nos#1.1.0-milestone/input-cache/schemas/R4/fhir-single.xsd
      [get] Not modified - so not downloaded
      [get] Getting: http://hl7.org/fhir/R4/fhir-xhtml.xsd
      [get] To: /tmp/ans.fr.nos#1.1.0-milestone/input-cache/schemas/R4/fhir-xhtml.xsd
      [get] Not modified - so not downloaded
      [get] Getting: http://hl7.org/fhir/R4/xml.xsd
      [get] To: /tmp/ans.fr.nos#1.1.0-milestone/input-cache/schemas/R4/xml.xsd
      [get] Not modified - so not downloaded
      [get] Getting: http://hl7.org/fhir/R4/xmldsig-core-schema.xsd
      [get] To: /tmp/ans.fr.nos#1.1.0-milestone/input-cache/schemas/R4/xmldsig-core-schema.xsd
      [get] Not modified - so not downloaded

onGenerate.r3-schemas:

onGenerate.r2b-schemas:

onGenerate.r2-schemas:

onGenerate.schemas:

onGenerate.data:
     [xslt] Processing /tmp/ans.fr.nos#1.1.0-milestone/template/onGenerate-ig-working.xml to /tmp/ans.fr.nos#1.1.0-milestone/temp/pages/_data/artifacts.json
     [xslt] Loading stylesheet /tmp/ans.fr.nos#1.1.0-milestone/template/scripts/onGenerate.data.xslt

onGenerate.setup:

onGenerate.infoFile:
     [xslt] Processing /tmp/ans.fr.nos#1.1.0-milestone/template/onGenerate-ig-working.xml to /tmp/ans.fr.nos#1.1.0-milestone/temp/pages/_data/info.json
     [xslt] Loading stylesheet /tmp/ans.fr.nos#1.1.0-milestone/template/scripts/onGenerate.genJson.xslt

onGenerate.processIncludes:
     [copy] Copying 18 files to /tmp/ans.fr.nos#1.1.0-milestone/temp/pages/_includes

onGenerate.processIg:
     [xslt] Processing /tmp/ans.fr.nos#1.1.0-milestone/template/onGenerate-ig-working.xml to /tmp/ans.fr.nos#1.1.0-milestone/template/onGenerate-ig-working.1.xml
     [xslt] Loading stylesheet /tmp/ans.fr.nos#1.1.0-milestone/template/scripts/onGenerate.group.xslt
     [xslt] Processing /tmp/ans.fr.nos#1.1.0-milestone/template/onGenerate-ig-working.1.xml to /tmp/ans.fr.nos#1.1.0-milestone/template/onGenerate-ig-updated.xml
     [xslt] Loading stylesheet /tmp/ans.fr.nos#1.1.0-milestone/template/scripts/onGenerate.final.xslt

onGenerate.igQa:
     [xslt] Processing /tmp/ans.fr.nos#1.1.0-milestone/template/onGenerate-ig-updated.xml to /tmp/ans.fr.nos#1.1.0-milestone/template/ongenerate-validation-igqa.json
     [xslt] Loading stylesheet /tmp/ans.fr.nos#1.1.0-milestone/template/scripts/onGenerate.qa.xslt

onGenerate.artifactList:
     [xslt] Processing /tmp/ans.fr.nos#1.1.0-milestone/template/onGenerate-ig-updated.xml to /tmp/ans.fr.nos#1.1.0-milestone/temp/pages/_includes/artifacts.xml
     [xslt] Loading stylesheet /tmp/ans.fr.nos#1.1.0-milestone/template/scripts/createArtifactSummary.xslt

check-plantumlfiles:

onGenerate.plantUml.ig:

onGenerate.plantUml.template:

onGenerate.plantUml:

onGenerate.copyDataFiles:

onGenerate.extend:

onGenerate:
Template Done                                                                                        (00:01.633 / 03:32.042, 2Gb)
Generate HTML Outputs                                                                                (00:00.001 / 03:32.043, 2Gb)
Unable to provide support for code system https://mos.esante.gouv.fr/NOS/TRE_R340-TypeCaracteristiqueEquipement/FHIR/TRE-R340-TypeCaracteristiqueEquipement
Unable to provide support for code system https://mos.esante.gouv.fr/NOS/TRE_R340-TypeCaracteristiqueEquipement/FHIR/TRE-R340-TypeCaracteristiqueEquipement
Generate Summaries                                                                                   (00:55.262 / 04:27.306, 2Gb)
Generating Summary Outputs                                                                           (00:00.000 / 04:27.307, 2Gb)
Table of contents has a section with more than 222 entries.  Collapsing will not work reliably
DB Cumulative Time invested: 0:1:6.125
Sending Usage Stats to Server                                                                        (00:07.403 / 04:34.711, 2Gb)
## Memory (MB): Use = 2587, Free = 300, Total = 2888, Max = 3996                                     (00:00.001 / 04:34.712, 2Gb)
Reclaiming memory...                                                                                 (00:00.000 / 04:34.713, 2Gb)
## Memory (MB): Use = 1413, Free = 1474, Total = 2888, Max = 3996                                    (00:00.846 / 04:35.560, 1Gb)
Run jekyll: jekyll build --destination "/tmp/ans.fr.nos#1.1.0-milestone/output" (in folder /tmp/ans.fr.nos#1.1.0-milestone/temp/pages) (00:00.001 / 04:35.562, 1Gb)
Note: usual cases for Jekyll to fail are:                                                            (00:00.000 / 04:35.562, 1Gb)
* A failure to produce a fragment that is already logged in the output above                         (00:00.000 / 04:35.563, 1Gb)
* A reference to a manually edited file that hasn't been provided                                    (00:00.000 / 04:35.564, 1Gb)
Jekyll: Source: /tmp/ans.fr.nos#1.1.0-milestone/temp/pages                                           (00:00.333 / 04:35.898, 1Gb)
Jekyll: Generating...                                                                                (00:00.001 / 04:35.899, 1Gb)
Jekyll: done in 8.882 seconds.                                                                       (00:08.881 / 04:44.780, 1Gb)

Installing ans.fr.nos#1.1.0Checking Output HTML                                                                                 (00:10.943 / 04:55.723, 1Gb)
found 4988 files                                                                                     (00:00.016 / 04:55.740, 1Gb)
........................................
........................................
  ... 4988 html files, 0 pages invalid xhtml (0%)                                                    (00:50.322 / 05:46.062, 1Gb)
  ... 1287478 links, 7413 broken links (0%)                                                          (00:00.000 / 05:46.063, 1Gb)
Build final .zip                                                                                     (00:00.000 / 05:46.064, 1Gb)
Final .zip built                                                                                     (00:07.158 / 05:53.222, 1Gb)
Built. Times: loading: 00:35.074, generate: 05:15.047, narrative generation: 00:40.144, realm-rules: 00:00.001, previous-version: 00:00.000, jekyll: 00:09.287, validation: 00:12.822 (#491), template: 00:01.632 (#3) (00:06.826 / 06:00.048, 1Gb)
Sending usage stats failed: Connection timed out
Validation output in /tmp/ans.fr.nos#1.1.0-milestone/output/qa.html
Errors: 1498, Warnings: 37094, Info: 262, Broken Links: 7413 (03:01.641 / 09:01.690, 2Gb)
Finished. Max Memory Used = 2Gb. Log file saved in /tmp/fhir-ig-publisher-tmp.log                    (00:00.035 / 09:01.725, 2Gb)
Keep a copy of the build directory at /tmp/web-root/run-20231207/ig-build-zips/ans.fr.nos#1.1.0.zip

ok. All checks passed. Publish v1.1.0 to /tmp/web-root/run-20231207/nos/1.1.0
Copy the IG to /tmp/web-root/run-20231207/nos/1.1.0
Update /tmp/web-root/run-20231207/nos/package-list.json
Publish Box Statement: This page is part of the Guide d'implémentation des NOS (v1.1.0: Release) based on <a no-external="true" href="http://hl7.org/fhir/R4">FHIR (HL7® FHIR® Standard) R4</a>. This is the current published version in its permanent home (it will always be available at this URL).  For a full list of available versions, see the <a no-external="true" href="https://interop.esante.gouv.fr/ig/nos/history.html">Directory of published versions</a>
  .. 2479 files checked, 2479 updated
  .. 985 clones checked, 1970 updated
  .. 491 redirections (491 created/updated)
This is a milestone release - publish v1.1.0 to /tmp/web-root/run-20231207/nos
Publish Box Statement: This page is part of the Guide d'implémentation des NOS (v1.1.0: Release) based on <a no-external="true" href="http://hl7.org/fhir/R4">FHIR (HL7® FHIR® Standard) R4</a>. This is the current published version.  For a full list of available versions, see the <a no-external="true" href="https://interop.esante.gouv.fr/ig/nos/history.html">Directory of published versions</a>
  .. 2479 files checked, 2479 updated
  .. 985 clones checked, 1970 updated
  .. 491 redirections (491 created/updated)
Check for Files to delete
  ... 0 files
Copy to new IG to /tmp/web-root/run-20231207/nos
Update history page at /tmp/web-root/run-20231207/nos from /home/runner/work/IG-NOS/IG-NOS/./IG-website-release/fhir-ig-history-template and ./IG-website-release/templates
Build is complete. Copy from /tmp/web-root/run-20231207
ans.fr.nos (https://interop.esante.gouv.fr/ig/nos): Guide d'implémentation des NOS @ https://ansforge.github.io/IG-NOS/ig/main
  release: release 1.1.0/4.0.1 @ https://interop.esante.gouv.fr/ig/nos/1.1.0
