FHIR IG Publisher Version 2.0.29 (Git# 826a7eb003d6). Built 2025-12-17T01:19:30.102Z (13 hours old)
Detected Java version: 17.0.10 from /opt/hostedtoolcache/Java_Microsoft_jdk/17.0.10/x64 on amd64 (64bit). 4000MB available
dir = /home/runner/work/IG-documentation/IG-documentation, path = /opt/hostedtoolcache/Ruby/3.3.10/x64/bin:/opt/hostedtoolcache/node/20.19.6/x64/bin:/opt/hostedtoolcache/Java_Microsoft_jdk/17.0.10/x64/bin:/snap/bin:/home/runner/.local/bin:/opt/pipx_bin:/home/runner/.cargo/bin:/home/runner/.config/composer/vendor/bin:/usr/local/.ghcup/bin:/home/runner/.dotnet/tools:/usr/local/sbin:/usr/local/bin:/usr/sbin:/usr/bin:/sbin:/bin:/usr/games:/usr/local/games:/snap/bin
Parameters: -go-publish -authorise-non-conformant-tx-servers -source ./igSource -web ./IG-website-release/www/ig -registry ./IG-website-release/ig-registry/fhir-ig-list.json -history ./IG-website-release/fhir-ig-history-template -templates ./IG-website-release/templates
---------------
Publication Run: publish ./igSource to ./IG-website-release/www/ig
Relative directory for IG is '/documentation'
===== Web Publication Run Details ===============================
 Source IG: ans.fr.documentation#0.1.9 : https://interop.esante.gouv.fr/ig/documentation (R4) from ./igSource
All checks passed. Do the publication build from /home/runner/work/IG-documentation/IG-documentation/./igSource and publish to /tmp/web-root/run-20251217/documentation
Prepare Build space in /tmp/ig-builds/ans.fr.documentation#0.1.9
Build IG at /home/runner/work/IG-documentation/IG-documentation/./igSource: final copy suitable for publication (in /tmp/ig-builds/ans.fr.documentation#0.1.9)
FHIR IG Publisher Version 2.0.29 (Git# 826a7eb003d6). Built 2025-12-17T01:19:30.102Z (13 hours old) 
Detected Java version: 17.0.10 from /opt/hostedtoolcache/Java_Microsoft_jdk/17.0.10/x64 on Linux/amd64 (64bit). 4000MB available
dir = /home/runner/work/IG-documentation/IG-documentation, path = /opt/hostedtoolcache/Ruby/3.3.10/x64/bin:/opt/hostedtoolcache/node/20.19.6/x64/bin:/opt/hostedtoolcache/Java_Microsoft_jdk/17.0.10/x64/bin:/snap/bin:/home/runner/.local/bin:/opt/pipx_bin:/home/runner/.cargo/bin:/home/runner/.config/composer/vendor/bin:/usr/local/.ghcup/bin:/home/runner/.dotnet/tools:/usr/local/sbin:/usr/local/bin:/usr/sbin:/usr/bin:/sbin:/bin:/usr/games:/usr/local/games:/snap/bin
Parameters: -publish https://interop.esante.gouv.fr/ig/documentation/0.1.9 -no-exit -ig /tmp/ig-builds/ans.fr.documentation#0.1.9 -resetTx
Character encoding = UTF-8 / UTF-8                                                                  
Start Clock @ Wednesday, December 17, 2025 at 2:48:54 PM Coordinated Universal Time (2025-12-17T14:48:54Z)
                                                                                                    
Build FHIR IG from /tmp/ig-builds/ans.fr.documentation#0.1.9                                         (00:00.021 / 00:00.021, 32Mb)
Build Formal Publication package, intended for https://interop.esante.gouv.fr/ig/documentation/0.1.9 (00:00.002 / 00:00.023, 32Mb)
API keys loaded from /home/runner/.fhir/fhir-settings.json                                           (00:00.000 / 00:00.023, 32Mb)
Package Cache: /home/runner/.fhir/packages                                                           (00:00.003 / 00:00.027, 32Mb)
Root directory: /tmp/ig-builds/ans.fr.documentation#0.1.9                                            (00:00.003 / 00:00.030, 32Mb)
Unable to load IG as an r5 IG - try R4 (property code is a class com.google.gson.JsonPrimitive looking for an object) (00:00.432 / 00:00.462, 54Mb)
Load Template from ans.fr.template#0.2.0                                                             (00:00.442 / 00:00.905, 26Mb)
 Load Template from fhir.base.template#0.8.1                                                         (00:00.012 / 00:00.917, 27Mb)
Scanning directory: /tmp/ig-builds/ans.fr.documentation#0.1.9/template
======================================================================
Terminology Cache is at /tmp/ig-builds/ans.fr.documentation#0.1.9/input-cache/txcache. Clearing now  (00:01.952 / 00:02.870, 111Mb)
Core Package hl7.fhir.r4.core#4.0.1                                                                  (00:00.002 / 00:02.872, 111Mb)
Running Terminology Log: /tmp/ohfu-fhir-ig-1736662066879374906.html
Connect to Terminology Server at http://tx.fhir.org                                                  (00:05.261 / 00:08.133, 279Mb)
[39mLoad Package hl7.fhir.pubpack#0.2.3
[0;39m[39mLoad Package hl7.fhir.xver-extensions#0.1.0
[0;39m[39mLoad Package hl7.terminology.r4#7.0.1
[0;39m[39mLoad Package hl7.fhir.uv.extensions.r4#5.2.0
[0;39m[39mLoad Package hl7.fhir.uv.tools.r4#0.9.0
[0;39mLoad R5 Specials
Cannot find or generate snapshot for base definition http://hl7.org/fhir/StructureDefinition/CanonicalResource from http://hl7.org/fhir/StructureDefinition/TestCases
Initialization complete                                                                              (00:05.930 / 00:14.064, 422Mb)
Load IG                                                                                              (00:00.000 / 00:14.064, 422Mb)
Load Content                                                                                         (00:00.002 / 00:14.067, 423Mb)
Using fr_FR as the default narrative language. (inferred from ImplementationGuide.jurisdiction=FR)   (00:00.038 / 00:14.105, 428Mb)
Process Loaded Resources                                                                             (00:00.050 / 00:14.156, 430Mb)
Generating Snapshots                                                                                 (00:00.022 / 00:14.178, 435Mb)

Signing Certificate: RSA key for Subject: OU=IG Publisher, L=Ann Arbor, CN=hl7.org, O=HL7, ST=Missouri, C=us from: OU=IG Publisher, L=Ann Arbor, CN=hl7.org, O=HL7, ST=Missouri, C=us
Fetch https://interop.esante.gouv.fr/ig/documentation/package-list.json for version check            (00:00.141 / 00:14.320, 440Mb)
Checking Language                                                                                    (00:00.720 / 00:15.040, 442Mb)
Load Dependency Info                                                                                 (00:00.001 / 00:15.042, 442Mb)
Load Info                                                                                            (00:00.000 / 00:15.043, 442Mb)
Load Paths                                                                                           (00:00.000 / 00:15.043, 443Mb)
Check R4 / R4B                                                                                       (00:00.000 / 00:15.044, 443Mb)
Assign Comparison Ids                                                                                (00:00.011 / 00:15.055, 445Mb)
Propagating status                                                                                   (00:00.000 / 00:15.056, 445Mb)
Generating Narratives                                                                                (00:00.000 / 00:15.056, 445Mb)
Validating Conformance Resources                                                                     (00:00.066 / 00:15.123, 454Mb)
Check profiles & code systems                                                                        (00:08.640 / 00:23.763, 723Mb)
Check realm rules                                                                                    (00:00.000 / 00:23.764, 723Mb)
Previous Version Comparison                                                                          (00:00.000 / 00:23.764, 723Mb)
Checking for Bundles to sign                                                                         (00:05.266 / 00:29.031, 848Mb)
Validating Resources                                                                                 (00:00.000 / 00:29.032, 848Mb)
Processing Provenance Records                                                                        (00:00.000 / 00:29.032, 848Mb)
Generating Outputs in /tmp/ig-builds/ans.fr.documentation#0.1.9/output                               (00:00.000 / 00:29.033, 848Mb)
Generate Native Outputs                                                                              (00:00.154 / 00:29.187, 865Mb)
Run Template                                                                                         (00:00.050 / 00:29.237, 874Mb)
Generate HTML Outputs                                                                                (00:01.807 / 00:31.044, 923Mb)
Generate Spreadsheets                                                                                (00:00.078 / 00:31.123, 939Mb)
Generate Summaries                                                                                   (00:00.000 / 00:31.124, 939Mb)
Generating Summary Outputs                                                                           (00:00.000 / 00:31.124, 939Mb)
DB Cumulative Time invested: 00:00:00.39
Sending Usage Stats to Server                                                                        (00:02.241 / 00:33.366, 1Gb)
## Memory (MB): Use = 1166, Free = 279, Total = 1446, Max = 4000                                     (00:00.003 / 00:33.369, 1Gb)
Reclaiming memory...                                                                                 (00:00.000 / 00:33.370, 1Gb)
## Memory (MB): Use = 534, Free = 911, Total = 1446, Max = 4000                                      (00:00.314 / 00:33.684, 536Mb)
Run jekyll: jekyll build --destination "/tmp/ig-builds/ans.fr.documentation#0.1.9/output" (in folder /tmp/ig-builds/ans.fr.documentation#0.1.9/temp/pages) (00:00.005 / 00:33.690, 536Mb)
Troubleshooting Note: usual cases for Jekyll to fail are:                                            (00:00.005 / 00:33.696, 537Mb)
* A failure to produce a fragment that is already logged in the output above                         (00:00.000 / 00:33.696, 537Mb)
* A reference to a manually edited file that hasn't been provided                                    (00:00.000 / 00:33.697, 537Mb)
Jekyll: Source: /tmp/ig-builds/ans.fr.documentation#0.1.9/temp/pages                                 (00:00.441 / 00:34.138, 539Mb)
Jekyll: Generating...                                                                                (00:00.000 / 00:34.138, 539Mb)
Jekyll: done in 0.46 seconds.                                                                        (00:00.459 / 00:34.598, 539Mb)
[39m
[0;39m[39mInstalling ans.fr.documentation#0.1.9
[0;39m[39m done.
[0;39mChecking Output HTML                                                                                 (00:00.509 / 00:35.108, 614Mb)
Processed /tmp/ig-builds/ans.fr.documentation#0.1.9/output - % reduction = 79 (459468 ==> 100675)
found 589 files                                                                                      (00:00.122 / 00:35.231, 665Mb)
..........................................
..........................................
  ... 589 html files, 0 pages invalid xhtml (0%)                                                     (00:00.565 / 00:35.796, 1Gb)
  ... 1111 links, 3 broken links (0%)                                                                (00:00.000 / 00:35.797, 1Gb)
Generate fragment-usage-analysis.csv                                                                 (00:00.000 / 00:35.797, 1Gb)
Build final .zip                                                                                     (00:00.005 / 00:35.802, 1Gb)
Final .zip built                                                                                     (00:00.682 / 00:36.485, 1Gb)
Built. Times: loading: 00:00.973, generate: 00:22.453, narrative generation: 00:00.066, validation: 00:08.639, realm-rules: 00:00.000, previous-version: 00:05.256, jekyll: 00:00.919, template: 00:01.807 (#3) (00:01.009 / 00:37.494, 577Mb)
Generating QA                                                                                        (00:00.000 / 00:37.495, 577Mb)
Validation output in /tmp/ig-builds/ans.fr.documentation#0.1.9/output/qa.html
Errors: 1, Warnings: 4, Info: 1, Broken Links: 4 (00:00.077 / 00:37.572, 589Mb)
Finished @ 17/12/2025 14:49. Max Memory Used = 1Gb. Log file saved in /tmp/fhir-ig-publisher-tmp.log (00:00.009 / 00:37.581, 589Mb)
Prepare Build space in /tmp/ig-builds/ans.fr.documentation#0.1.9-milestone
Build IG at /home/runner/work/IG-documentation/IG-documentation/./igSource: final copy suitable for publication (in /tmp/ig-builds/ans.fr.documentation#0.1.9-milestone) (milestone build)
FHIR IG Publisher Version 2.0.29 (Git# 826a7eb003d6). Built 2025-12-17T01:19:30.102Z (13 hours old) 
Detected Java version: 17.0.10 from /opt/hostedtoolcache/Java_Microsoft_jdk/17.0.10/x64 on Linux/amd64 (64bit). 4000MB available
dir = /home/runner/work/IG-documentation/IG-documentation, path = /opt/hostedtoolcache/Ruby/3.3.10/x64/bin:/opt/hostedtoolcache/node/20.19.6/x64/bin:/opt/hostedtoolcache/Java_Microsoft_jdk/17.0.10/x64/bin:/snap/bin:/home/runner/.local/bin:/opt/pipx_bin:/home/runner/.cargo/bin:/home/runner/.config/composer/vendor/bin:/usr/local/.ghcup/bin:/home/runner/.dotnet/tools:/usr/local/sbin:/usr/local/bin:/usr/sbin:/usr/bin:/sbin:/bin:/usr/games:/usr/local/games:/snap/bin
Parameters: -publish https://interop.esante.gouv.fr/ig/documentation/0.1.9 -no-exit -ig /tmp/ig-builds/ans.fr.documentation#0.1.9-milestone -milestone
Character encoding = UTF-8 / UTF-8                                                                  
Start Clock @ Wednesday, December 17, 2025 at 2:49:33 PM Coordinated Universal Time (2025-12-17T14:49:33Z)
                                                                                                    
Build FHIR IG from /tmp/ig-builds/ans.fr.documentation#0.1.9-milestone                               (00:00.002 / 00:00.002, 614Mb)
Build Formal Publication package, intended for https://interop.esante.gouv.fr/ig/documentation/0.1.9 (00:00.000 / 00:00.002, 614Mb)
API keys loaded from /home/runner/.fhir/fhir-settings.json                                           (00:00.000 / 00:00.002, 614Mb)
Package Cache: /home/runner/.fhir/packages                                                           (00:00.000 / 00:00.003, 614Mb)
Root directory: /tmp/ig-builds/ans.fr.documentation#0.1.9-milestone                                  (00:00.002 / 00:00.005, 614Mb)
Unable to load IG as an r5 IG - try R4 (property code is a class com.google.gson.JsonPrimitive looking for an object) (00:00.000 / 00:00.006, 615Mb)
Load Template from ans.fr.template#0.2.0                                                             (00:00.007 / 00:00.013, 615Mb)
 Load Template from fhir.base.template#0.8.1                                                         (00:00.001 / 00:00.015, 615Mb)
Scanning directory: /tmp/ig-builds/ans.fr.documentation#0.1.9-milestone/template
======================================================================
Terminology Cache is at /tmp/ig-builds/ans.fr.documentation#0.1.9-milestone/input-cache/txcache. 9 files in cache (00:00.697 / 00:00.712, 789Mb)
Core Package hl7.fhir.r4.core#4.0.1                                                                  (00:00.000 / 00:00.713, 789Mb)
Running Terminology Log: /tmp/ohfu-fhir-ig-410218233737506800.html
Connect to Terminology Server at http://tx.fhir.org                                                  (00:01.581 / 00:02.294, 896Mb)
[39mLoad Package hl7.fhir.pubpack#0.2.3
[0;39m[39mLoad Package hl7.fhir.xver-extensions#0.1.0
[0;39m[39mLoad Package hl7.terminology.r4#7.0.1
[0;39m[39mLoad Package hl7.fhir.uv.extensions.r4#5.2.0
[0;39m[39mLoad Package hl7.fhir.uv.tools.r4#0.9.0
[0;39mLoad R5 Specials
Cannot find or generate snapshot for base definition http://hl7.org/fhir/StructureDefinition/CanonicalResource from http://hl7.org/fhir/StructureDefinition/TestCases
Initialization complete                                                                              (00:03.277 / 00:05.572, 426Mb)
Load IG                                                                                              (00:00.000 / 00:05.572, 426Mb)
Load Content                                                                                         (00:00.001 / 00:05.574, 426Mb)
Using fr_FR as the default narrative language. (inferred from ImplementationGuide.jurisdiction=FR)   (00:00.007 / 00:05.581, 430Mb)
Process Loaded Resources                                                                             (00:00.010 / 00:05.592, 432Mb)
Generating Snapshots                                                                                 (00:00.007 / 00:05.599, 436Mb)

Signing Certificate: RSA key for Subject: OU=IG Publisher, L=Ann Arbor, CN=hl7.org, O=HL7, ST=Missouri, C=us from: OU=IG Publisher, L=Ann Arbor, CN=hl7.org, O=HL7, ST=Missouri, C=us
Fetch https://interop.esante.gouv.fr/ig/documentation/package-list.json for version check            (00:00.010 / 00:05.609, 436Mb)
Checking Language                                                                                    (00:00.417 / 00:06.026, 437Mb)
Load Dependency Info                                                                                 (00:00.000 / 00:06.027, 437Mb)
Load Info                                                                                            (00:00.000 / 00:06.028, 437Mb)
Load Paths                                                                                           (00:00.000 / 00:06.028, 438Mb)
Check R4 / R4B                                                                                       (00:00.000 / 00:06.028, 438Mb)
Assign Comparison Ids                                                                                (00:00.004 / 00:06.032, 440Mb)
Propagating status                                                                                   (00:00.000 / 00:06.032, 440Mb)
Generating Narratives                                                                                (00:00.000 / 00:06.033, 440Mb)
Validating Conformance Resources                                                                     (00:00.014 / 00:06.047, 444Mb)
Check profiles & code systems                                                                        (00:02.491 / 00:08.539, 1Gb)
Check realm rules                                                                                    (00:00.000 / 00:08.539, 1Gb)
Previous Version Comparison                                                                          (00:00.000 / 00:08.540, 1Gb)
Checking for Bundles to sign                                                                         (00:04.102 / 00:12.643, 1Gb)
Validating Resources                                                                                 (00:00.000 / 00:12.643, 1Gb)
Processing Provenance Records                                                                        (00:00.000 / 00:12.643, 1Gb)
Generating Outputs in /tmp/ig-builds/ans.fr.documentation#0.1.9-milestone/output                     (00:00.000 / 00:12.643, 1Gb)
Generate Native Outputs                                                                              (00:00.076 / 00:12.720, 1Gb)
Run Template                                                                                         (00:00.041 / 00:12.761, 1Gb)
Generate HTML Outputs                                                                                (00:01.408 / 00:14.170, 1Gb)
Generate Spreadsheets                                                                                (00:00.043 / 00:14.213, 1Gb)
Generate Summaries                                                                                   (00:00.000 / 00:14.214, 1Gb)
Generating Summary Outputs                                                                           (00:00.000 / 00:14.214, 1Gb)
DB Cumulative Time invested: 00:00:00.35
Sending Usage Stats to Server                                                                        (00:01.029 / 00:15.244, 848Mb)
## Memory (MB): Use = 848, Free = 1187, Total = 2036, Max = 4000                                     (00:00.000 / 00:15.244, 848Mb)
Reclaiming memory...                                                                                 (00:00.000 / 00:15.244, 849Mb)
## Memory (MB): Use = 536, Free = 1271, Total = 1808, Max = 4000                                     (00:00.325 / 00:15.570, 537Mb)
Run jekyll: jekyll build --destination "/tmp/ig-builds/ans.fr.documentation#0.1.9-milestone/output" (in folder /tmp/ig-builds/ans.fr.documentation#0.1.9-milestone/temp/pages) (00:00.000 / 00:15.570, 537Mb)
Troubleshooting Note: usual cases for Jekyll to fail are:                                            (00:00.000 / 00:15.570, 537Mb)
* A failure to produce a fragment that is already logged in the output above                         (00:00.000 / 00:15.571, 537Mb)
* A reference to a manually edited file that hasn't been provided                                    (00:00.000 / 00:15.571, 537Mb)
Jekyll: Source: /tmp/ig-builds/ans.fr.documentation#0.1.9-milestone/temp/pages                       (00:00.300 / 00:15.872, 538Mb)
Jekyll: Generating...                                                                                (00:00.000 / 00:15.872, 538Mb)
Jekyll: done in 0.377 seconds.                                                                       (00:00.376 / 00:16.249, 538Mb)
[39m
[0;39m[39mInstalling ans.fr.documentation#0.1.9
[0;39mChecking Output HTML                                                                                 (00:00.042 / 00:16.291, 545Mb)
Processed /tmp/ig-builds/ans.fr.documentation#0.1.9-milestone/output - % reduction = 79 (459468 ==> 100675)
found 589 files                                                                                      (00:00.101 / 00:16.393, 595Mb)
..........................................
..........................................
  ... 589 html files, 0 pages invalid xhtml (0%)                                                     (00:00.347 / 00:16.741, 1Gb)
  ... 1111 links, 3 broken links (0%)                                                                (00:00.000 / 00:16.741, 1Gb)
Generate fragment-usage-analysis.csv                                                                 (00:00.000 / 00:16.741, 1Gb)
Build final .zip                                                                                     (00:00.005 / 00:16.746, 1Gb)
Final .zip built                                                                                     (00:00.668 / 00:17.415, 1Gb)
Built. Times: loading: 00:00.452, generate: 00:12.359, narrative generation: 00:00.014, validation: 00:02.490, realm-rules: 00:00.000, previous-version: 00:04.100, jekyll: 00:00.685, template: 00:01.408 (#3) (00:00.970 / 00:18.386, 1Gb)
Generating QA                                                                                        (00:00.000 / 00:18.386, 1Gb)
Validation output in /tmp/ig-builds/ans.fr.documentation#0.1.9-milestone/output/qa.html
Errors: 1, Warnings: 4, Info: 1, Broken Links: 4 (00:00.049 / 00:18.436, 1Gb)
Finished @ 17/12/2025 14:49. Max Memory Used = 1Gb. Log file saved in /tmp/fhir-ig-publisher-tmp.log (00:00.004 / 00:18.441, 1Gb)
Keep a copy of the build directory at /tmp/web-root/run-20251217/ig-build-zips/ans.fr.documentation#0.1.9.zip

ok. All checks passed. Publish v0.1.9 to /tmp/web-root/run-20251217/documentation/0.1.9
Copy the IG to /tmp/web-root/run-20251217/documentation/0.1.9
Update /tmp/web-root/run-20251217/documentation/package-list.json
Publish Box Statement: This page is part of the Documentation des guides d'implémentation de l'ANS (v0.1.9: Release) based on <a data-no-external="true" href="http://hl7.org/fhir/R4">FHIR (HL7® FHIR® Standard) R4</a>. This is the current published version in its permanent home (it will always be available at this URL).  For a full list of available versions, see the <a data-no-external="true" href="https://interop.esante.gouv.fr/ig/documentation/history.html">Directory of published versions</a>
  .. 18 files checked, 18 updated
  .. 9 clones checked, 18 updated
  .. 1 redirections (1 created/updated)
This is a milestone release - publish v0.1.9 to /tmp/web-root/run-20251217/documentation
Update publish box for version 0.1.8 @ https://interop.esante.gouv.fr/ig/documentation/0.1.8
Publish Box Statement: This page is part of the Documentation des guides d'implémentation de l'ANS (v0.1.8: Release) based on <a data-no-external="true" href="http://hl7.org/fhir/R4">FHIR (HL7® FHIR® Standard) R4</a>. The current version which supersedes this version is <a data-no-external="true" href="https://interop.esante.gouv.fr/ig/documentation{{fn}}">0.1.9</a>.  For a full list of available versions, see the <a data-no-external="true" href="https://interop.esante.gouv.fr/ig/documentation/history.html">Directory of published versions</a>
  .. 18 files checked, 18 updated
  .. 9 clones checked, 0 updated
Update publish box for version 0.1.7 @ https://interop.esante.gouv.fr/ig/documentation/0.1.7
Publish Box Statement: This page is part of the Documentation des guides d'implémentation de l'ANS (v0.1.7: Release) based on <a data-no-external="true" href="http://hl7.org/fhir/R4">FHIR (HL7® FHIR® Standard) R4</a>. The current version which supersedes this version is <a data-no-external="true" href="https://interop.esante.gouv.fr/ig/documentation{{fn}}">0.1.9</a>.  For a full list of available versions, see the <a data-no-external="true" href="https://interop.esante.gouv.fr/ig/documentation/history.html">Directory of published versions</a>
  .. 17 files checked, 17 updated
  .. 9 clones checked, 0 updated
Update publish box for version 0.1.6 @ https://interop.esante.gouv.fr/ig/documentation/0.1.6
Publish Box Statement: This page is part of the Documentation des guides d'implémentation de l'ANS (v0.1.6: Release) based on <a data-no-external="true" href="http://hl7.org/fhir/R4">FHIR (HL7® FHIR® Standard) R4</a>. The current version which supersedes this version is <a data-no-external="true" href="https://interop.esante.gouv.fr/ig/documentation{{fn}}">0.1.9</a>.  For a full list of available versions, see the <a data-no-external="true" href="https://interop.esante.gouv.fr/ig/documentation/history.html">Directory of published versions</a>
  .. 17 files checked, 17 updated
  .. 9 clones checked, 0 updated
Update publish box for version 0.1.5 @ https://interop.esante.gouv.fr/ig/documentation/0.1.5
Publish Box Statement: This page is part of the Documentation des guides d'implémentation de l'ANS (v0.1.5: Release) based on <a data-no-external="true" href="http://hl7.org/fhir/R4">FHIR (HL7® FHIR® Standard) R4</a>. The current version which supersedes this version is <a data-no-external="true" href="https://interop.esante.gouv.fr/ig/documentation{{fn}}">0.1.9</a>.  For a full list of available versions, see the <a data-no-external="true" href="https://interop.esante.gouv.fr/ig/documentation/history.html">Directory of published versions</a>
  .. 17 files checked, 17 updated
  .. 9 clones checked, 0 updated
Update publish box for version 0.1.4 @ https://interop.esante.gouv.fr/ig/documentation/0.1.4
Publish Box Statement: This page is part of the Documentation des guides d'implémentation de l'ANS (v0.1.4: Release) based on <a data-no-external="true" href="http://hl7.org/fhir/R4">FHIR (HL7® FHIR® Standard) R4</a>. The current version which supersedes this version is <a data-no-external="true" href="https://interop.esante.gouv.fr/ig/documentation{{fn}}">0.1.9</a>.  For a full list of available versions, see the <a data-no-external="true" href="https://interop.esante.gouv.fr/ig/documentation/history.html">Directory of published versions</a>
  .. 21 files checked, 21 updated
  .. 9 clones checked, 0 updated
Update publish box for version 0.1.3 @ https://interop.esante.gouv.fr/ig/documentation/0.1.3
Publish Box Statement: This page is part of the Documentation des guides d'implémentation de l'ANS (v0.1.3: Release) based on <a data-no-external="true" href="http://hl7.org/fhir/R4">FHIR (HL7® FHIR® Standard) R4</a>. The current version which supersedes this version is <a data-no-external="true" href="https://interop.esante.gouv.fr/ig/documentation{{fn}}">0.1.9</a>.  For a full list of available versions, see the <a data-no-external="true" href="https://interop.esante.gouv.fr/ig/documentation/history.html">Directory of published versions</a>
  .. 20 files checked, 20 updated
  .. 10 clones checked, 0 updated
Update publish box for version 0.1.2 @ https://interop.esante.gouv.fr/ig/documentation/0.1.2
Publish Box Statement: This page is part of the Documentation des guides d'implémentation de l'ANS (v0.1.2: Release) based on <a data-no-external="true" href="http://hl7.org/fhir/R4">FHIR (HL7® FHIR® Standard) R4</a>. The current version which supersedes this version is <a data-no-external="true" href="https://interop.esante.gouv.fr/ig/documentation{{fn}}">0.1.9</a>.  For a full list of available versions, see the <a data-no-external="true" href="https://interop.esante.gouv.fr/ig/documentation/history.html">Directory of published versions</a>
  .. 18 files checked, 18 updated
  .. 10 clones checked, 0 updated
Update publish box for version 0.1.1 @ https://interop.esante.gouv.fr/ig/documentation/0.1.1
Publish Box Statement: This page is part of the Documentation des guides d'implémentation de l'ANS (v0.1.1: Release) based on <a data-no-external="true" href="http://hl7.org/fhir/R4">FHIR (HL7® FHIR® Standard) R4</a>. The current version which supersedes this version is <a data-no-external="true" href="https://interop.esante.gouv.fr/ig/documentation{{fn}}">0.1.9</a>.  For a full list of available versions, see the <a data-no-external="true" href="https://interop.esante.gouv.fr/ig/documentation/history.html">Directory of published versions</a>
  .. 17 files checked, 17 updated
  .. 10 clones checked, 0 updated
Update publish box for version 0.1.0 @ https://interop.esante.gouv.fr/ig/documentation/0.1.0
Publish Box Statement: This page is part of the Documentation des guides d'implémentation de l'ANS (v0.1.0: Release) based on <a data-no-external="true" href="http://hl7.org/fhir/R4">FHIR (HL7® FHIR® Standard) R4</a>. The current version which supersedes this version is <a data-no-external="true" href="https://interop.esante.gouv.fr/ig/documentation{{fn}}">0.1.9</a>.  For a full list of available versions, see the <a data-no-external="true" href="https://interop.esante.gouv.fr/ig/documentation/history.html">Directory of published versions</a>
  .. 66 files checked, 66 updated
  .. 23 clones checked, 0 updated
Publish Box Statement: This page is part of the Documentation des guides d'implémentation de l'ANS (v0.1.9: Release) based on <a data-no-external="true" href="http://hl7.org/fhir/R4">FHIR (HL7® FHIR® Standard) R4</a>. This is the current published version.  For a full list of available versions, see the <a data-no-external="true" href="https://interop.esante.gouv.fr/ig/documentation/history.html">Directory of published versions</a>
  .. 18 files checked, 18 updated
  .. 9 clones checked, 18 updated
  .. 1 redirections (1 created/updated)
Check for Files to delete
  ... 0 files
Copy to new IG /tmp/web-root/run-20251217/documentation
ans.fr.documentation (https://interop.esante.gouv.fr/ig/documentation): Documentation des guides d'implémentation de l'ANS @ https://ansforge.github.io/IG-documentation/ig/main
  release: release 0.1.9/4.0.1 @ https://interop.esante.gouv.fr/ig/documentation/0.1.9
Build is complete. Copy from /tmp/web-root/run-20251217
Update history page at /tmp/web-root/run-20251217/documentation from /home/runner/work/IG-documentation/IG-documentation/./IG-website-release/fhir-ig-history-template and ./IG-website-release/templates
