FHIR IG Publisher Version 2.1.2 (Git# 1fdde7f9e667). Built 2026-03-01T18:54:08.225Z (3 days old)
Detected Java version: 17.0.10 from /opt/hostedtoolcache/Java_Microsoft_jdk/17.0.10/x64 on amd64 (64bit). 4000MB available
dir = /home/runner/work/IG-documentation/IG-documentation, path = /opt/hostedtoolcache/Ruby/3.3.10/x64/bin:/opt/hostedtoolcache/node/20.20.0/x64/bin:/opt/hostedtoolcache/Java_Microsoft_jdk/17.0.10/x64/bin:/snap/bin:/home/runner/.local/bin:/opt/pipx_bin:/home/runner/.cargo/bin:/home/runner/.config/composer/vendor/bin:/usr/local/.ghcup/bin:/home/runner/.dotnet/tools:/usr/local/sbin:/usr/local/bin:/usr/sbin:/usr/bin:/sbin:/bin:/usr/games:/usr/local/games:/snap/bin
Parameters: -go-publish -authorise-non-conformant-tx-servers -source ./igSource -web ./IG-website-release/www/ig -registry ./IG-website-release/ig-registry/fhir-ig-list.json -history ./IG-website-release/fhir-ig-history-template -templates ./IG-website-release/templates
---------------
Publication Run: publish ./igSource to ./IG-website-release/www/ig
Relative directory for IG is '/documentation'
===== Web Publication Run Details ===============================
 Source IG: ans.fr.documentation#0.1.10 : https://interop.esante.gouv.fr/ig/documentation (R4) from ./igSource
All checks passed. Do the publication build from /home/runner/work/IG-documentation/IG-documentation/./igSource and publish to /tmp/web-root/run-20260305/documentation
Prepare Build space in /tmp/ig-builds/ans.fr.documentation#0.1.10
Build IG at /home/runner/work/IG-documentation/IG-documentation/./igSource: final copy suitable for publication (in /tmp/ig-builds/ans.fr.documentation#0.1.10)
FHIR IG Publisher Version 2.1.2 (Git# 1fdde7f9e667). Built 2026-03-01T18:54:08.225Z (3 days old)    
Detected Java version: 17.0.10 from /opt/hostedtoolcache/Java_Microsoft_jdk/17.0.10/x64 on Linux/amd64 (64bit). 4000MB available
dir = /home/runner/work/IG-documentation/IG-documentation, path = /opt/hostedtoolcache/Ruby/3.3.10/x64/bin:/opt/hostedtoolcache/node/20.20.0/x64/bin:/opt/hostedtoolcache/Java_Microsoft_jdk/17.0.10/x64/bin:/snap/bin:/home/runner/.local/bin:/opt/pipx_bin:/home/runner/.cargo/bin:/home/runner/.config/composer/vendor/bin:/usr/local/.ghcup/bin:/home/runner/.dotnet/tools:/usr/local/sbin:/usr/local/bin:/usr/sbin:/usr/bin:/sbin:/bin:/usr/games:/usr/local/games:/snap/bin
Parameters: -publish https://interop.esante.gouv.fr/ig/documentation/0.1.10 -no-exit -ig /tmp/ig-builds/ans.fr.documentation#0.1.10 -resetTx
Character encoding = UTF-8 / UTF-8                                                                  
Start Clock @ Thursday, March 5, 2026 at 9:39:30 AM Coordinated Universal Time (2026-03-05T09:39:30Z)
                                                                                                    
Build FHIR IG from /tmp/ig-builds/ans.fr.documentation#0.1.10                                        (00:00.021 / 00:00.022, 31Mb)
Build Formal Publication package, intended for https://interop.esante.gouv.fr/ig/documentation/0.1.10 (00:00.002 / 00:00.024, 32Mb)
API keys loaded from /home/runner/.fhir/fhir-settings.json                                           (00:00.000 / 00:00.025, 32Mb)
Package Cache: /home/runner/.fhir/packages                                                           (00:00.003 / 00:00.028, 32Mb)
Root directory: /tmp/ig-builds/ans.fr.documentation#0.1.10                                           (00:00.003 / 00:00.031, 32Mb)
Unable to load IG as an r5 IG - try R4 (property code is a class com.google.gson.JsonPrimitive looking for an object) (00:00.436 / 00:00.468, 54Mb)
Load Template from ans.fr.template#0.2.0                                                             (00:00.419 / 00:00.888, 26Mb)
 Load Template from fhir.base.template#0.8.1                                                         (00:00.010 / 00:00.899, 26Mb)
Scanning directory: /tmp/ig-builds/ans.fr.documentation#0.1.10/template
======================================================================
Terminology Cache is at /tmp/ig-builds/ans.fr.documentation#0.1.10/input-cache/txcache. Clearing now (00:01.854 / 00:02.753, 90Mb)
Core Package hl7.fhir.r4.core#4.0.1                                                                  (00:00.001 / 00:02.755, 90Mb)
Running Terminology Log: /tmp/ohfu-fhir-ig-1570477207190414442.html
Connect to Terminology Server at http://tx.fhir.org                                                  (00:03.619 / 00:06.374, 250Mb)
[39mLoad Package hl7.fhir.pubpack#0.2.4
[0;39m[39mLoad Package hl7.fhir.xver-extensions#0.1.0
[0;39m[39mLoad Package hl7.terminology.r4#7.0.1
[0;39m[39mLoad Package hl7.fhir.uv.extensions.r4#5.2.0
[0;39m[39mLoad Package hl7.fhir.uv.tools.r4#0.9.0
[0;39mLoad R5 Specials
Cannot find or generate snapshot for base definition http://hl7.org/fhir/StructureDefinition/CanonicalResource from http://hl7.org/fhir/StructureDefinition/TestCases
Initialization complete                                                                              (00:05.330 / 00:11.704, 365Mb)
Load IG                                                                                              (00:00.000 / 00:11.705, 365Mb)
Load Content                                                                                         (00:00.002 / 00:11.707, 365Mb)
Using fr_FR as the default narrative language. (inferred from ImplementationGuide.jurisdiction=FR)   (00:00.042 / 00:11.750, 370Mb)
Process Loaded Resources                                                                             (00:00.075 / 00:11.825, 346Mb)
Generating Snapshots                                                                                 (00:00.025 / 00:11.851, 350Mb)

Signing Certificate: RSA key for Subject: OU=IG Publisher, L=Ann Arbor, CN=hl7.org, O=HL7, ST=Missouri, C=us from: OU=IG Publisher, L=Ann Arbor, CN=hl7.org, O=HL7, ST=Missouri, C=us
Fetch https://interop.esante.gouv.fr/ig/documentation/package-list.json for version check            (00:00.224 / 00:12.075, 358Mb)
Checking Language                                                                                    (00:00.647 / 00:12.723, 359Mb)
Load Dependency Info                                                                                 (00:00.001 / 00:12.725, 359Mb)
Load Info                                                                                            (00:00.000 / 00:12.725, 359Mb)
Load Paths                                                                                           (00:00.000 / 00:12.726, 360Mb)
Check R4 / R4B                                                                                       (00:00.000 / 00:12.726, 360Mb)
Assign Comparison Ids                                                                                (00:00.010 / 00:12.737, 362Mb)
Propagating status                                                                                   (00:00.000 / 00:12.737, 362Mb)
Generating Narratives                                                                                (00:00.000 / 00:12.738, 362Mb)
Validating Conformance Resources                                                                     (00:00.072 / 00:12.810, 371Mb)
Check profiles & code systems                                                                        (00:06.228 / 00:19.038, 760Mb)
Check realm rules                                                                                    (00:00.000 / 00:19.039, 760Mb)
Previous Version Comparison                                                                          (00:00.000 / 00:19.039, 760Mb)
Checking for Bundles to sign                                                                         (00:00.008 / 00:19.047, 760Mb)
Validating Resources                                                                                 (00:00.000 / 00:19.047, 760Mb)
Processing Provenance Records                                                                        (00:00.000 / 00:19.048, 760Mb)
Generating Outputs in /tmp/ig-builds/ans.fr.documentation#0.1.10/output                              (00:00.000 / 00:19.048, 760Mb)
Generate Native Outputs                                                                              (00:00.166 / 00:19.214, 777Mb)
Run Template                                                                                         (00:00.054 / 00:19.268, 786Mb)
Generate HTML Outputs                                                                                (00:01.592 / 00:20.861, 361Mb)
Generate Spreadsheets                                                                                (00:00.055 / 00:20.917, 378Mb)
Generate Summaries                                                                                   (00:00.000 / 00:20.918, 378Mb)
Generating Summary Outputs                                                                           (00:00.000 / 00:20.918, 378Mb)
DB Cumulative Time invested: 00:00:00.43
Sending Usage Stats to Server                                                                        (00:01.632 / 00:22.550, 591Mb)
## Memory (MB): Use = 592, Free = 345, Total = 938, Max = 4000                                       (00:00.003 / 00:22.554, 592Mb)
Reclaiming memory...                                                                                 (00:00.000 / 00:22.554, 592Mb)
## Memory (MB): Use = 310, Free = 627, Total = 938, Max = 4000                                       (00:00.305 / 00:22.859, 311Mb)
Run jekyll: jekyll build --destination "/tmp/ig-builds/ans.fr.documentation#0.1.10/output" (in folder /tmp/ig-builds/ans.fr.documentation#0.1.10/temp/pages) (00:00.005 / 00:22.865, 311Mb)
Troubleshooting Note: usual cases for Jekyll to fail are:                                            (00:00.005 / 00:22.870, 312Mb)
* A failure to produce a fragment that is already logged in the output above                         (00:00.000 / 00:22.871, 312Mb)
* A reference to a manually edited file that hasn't been provided                                    (00:00.000 / 00:22.871, 312Mb)
Jekyll: Source: /tmp/ig-builds/ans.fr.documentation#0.1.10/temp/pages                                (00:00.460 / 00:23.332, 315Mb)
Jekyll: Generating...                                                                                (00:00.000 / 00:23.332, 315Mb)
Jekyll: done in 0.473 seconds.                                                                       (00:00.472 / 00:23.804, 315Mb)
[39m
[0;39m[39mInstalling ans.fr.documentation#0.1.10
[0;39m[39m done.
[0;39mChecking Output HTML                                                                                 (00:00.762 / 00:24.567, 390Mb)
Processed /tmp/ig-builds/ans.fr.documentation#0.1.10/output - % reduction = 78 (461589 ==> 101860)
found 589 files                                                                                      (00:00.504 / 00:25.071, 442Mb)
..........................................
..........................................
  ... 589 html files, 0 pages invalid xhtml (0%)                                                     (00:00.921 / 00:25.993, 392Mb)
  ... 1086 links, 6 broken links (0%)                                                                (00:00.000 / 00:25.993, 392Mb)
Generate fragment-usage-analysis.csv                                                                 (00:00.000 / 00:25.993, 392Mb)
Build final .zip                                                                                     (00:00.009 / 00:26.003, 392Mb)
Final .zip built                                                                                     (00:00.451 / 00:26.455, 404Mb)
Built. Times: loading: 00:01.016, generate: 00:14.428, narrative generation: 00:00.072, validation: 00:06.227, realm-rules: 00:00.000, previous-version: 00:00.000, jekyll: 00:00.949, template: 00:01.592 (#3) (00:00.697 / 00:27.152, 507Mb)
Generating QA                                                                                        (00:00.000 / 00:27.153, 507Mb)
Validation output in /tmp/ig-builds/ans.fr.documentation#0.1.10/output/qa.html
Errors: 1, Warnings: 4, Info: 1, Broken Links: 6 (00:00.104 / 00:27.257, 519Mb)
Finished @ 05/03/2026 09:39. Max Memory Used = 786Mb. Log file saved in /tmp/fhir-ig-publisher-tmp.log (00:00.009 / 00:27.266, 519Mb)
Prepare Build space in /tmp/ig-builds/ans.fr.documentation#0.1.10-milestone
Build IG at /home/runner/work/IG-documentation/IG-documentation/./igSource: final copy suitable for publication (in /tmp/ig-builds/ans.fr.documentation#0.1.10-milestone) (milestone build)
FHIR IG Publisher Version 2.1.2 (Git# 1fdde7f9e667). Built 2026-03-01T18:54:08.225Z (3 days old)    
Detected Java version: 17.0.10 from /opt/hostedtoolcache/Java_Microsoft_jdk/17.0.10/x64 on Linux/amd64 (64bit). 4000MB available
dir = /home/runner/work/IG-documentation/IG-documentation, path = /opt/hostedtoolcache/Ruby/3.3.10/x64/bin:/opt/hostedtoolcache/node/20.20.0/x64/bin:/opt/hostedtoolcache/Java_Microsoft_jdk/17.0.10/x64/bin:/snap/bin:/home/runner/.local/bin:/opt/pipx_bin:/home/runner/.cargo/bin:/home/runner/.config/composer/vendor/bin:/usr/local/.ghcup/bin:/home/runner/.dotnet/tools:/usr/local/sbin:/usr/local/bin:/usr/sbin:/usr/bin:/sbin:/bin:/usr/games:/usr/local/games:/snap/bin
Parameters: -publish https://interop.esante.gouv.fr/ig/documentation/0.1.10 -no-exit -ig /tmp/ig-builds/ans.fr.documentation#0.1.10-milestone -milestone
Character encoding = UTF-8 / UTF-8                                                                  
Start Clock @ Thursday, March 5, 2026 at 9:39:58 AM Coordinated Universal Time (2026-03-05T09:39:58Z)
                                                                                                    
Build FHIR IG from /tmp/ig-builds/ans.fr.documentation#0.1.10-milestone                              (00:00.001 / 00:00.001, 545Mb)
Build Formal Publication package, intended for https://interop.esante.gouv.fr/ig/documentation/0.1.10 (00:00.000 / 00:00.002, 545Mb)
API keys loaded from /home/runner/.fhir/fhir-settings.json                                           (00:00.000 / 00:00.002, 545Mb)
Package Cache: /home/runner/.fhir/packages                                                           (00:00.000 / 00:00.002, 545Mb)
Root directory: /tmp/ig-builds/ans.fr.documentation#0.1.10-milestone                                 (00:00.001 / 00:00.004, 545Mb)
Unable to load IG as an r5 IG - try R4 (property code is a class com.google.gson.JsonPrimitive looking for an object) (00:00.001 / 00:00.005, 545Mb)
Load Template from ans.fr.template#0.2.0                                                             (00:00.011 / 00:00.017, 546Mb)
 Load Template from fhir.base.template#0.8.1                                                         (00:00.001 / 00:00.019, 546Mb)
Scanning directory: /tmp/ig-builds/ans.fr.documentation#0.1.10-milestone/template
======================================================================
Terminology Cache is at /tmp/ig-builds/ans.fr.documentation#0.1.10-milestone/input-cache/txcache. 9 files in cache (00:00.783 / 00:00.802, 718Mb)
Core Package hl7.fhir.r4.core#4.0.1                                                                  (00:00.000 / 00:00.803, 718Mb)
Running Terminology Log: /tmp/ohfu-fhir-ig-2976721673556017327.html
Connect to Terminology Server at http://tx.fhir.org                                                  (00:01.939 / 00:02.742, 772Mb)
[39mLoad Package hl7.fhir.pubpack#0.2.4
[0;39m[39mLoad Package hl7.fhir.xver-extensions#0.1.0
[0;39m[39mLoad Package hl7.terminology.r4#7.0.1
[0;39m[39mLoad Package hl7.fhir.uv.extensions.r4#5.2.0
[0;39m[39mLoad Package hl7.fhir.uv.tools.r4#0.9.0
[0;39mLoad R5 Specials
Cannot find or generate snapshot for base definition http://hl7.org/fhir/StructureDefinition/CanonicalResource from http://hl7.org/fhir/StructureDefinition/TestCases
Initialization complete                                                                              (00:04.090 / 00:06.832, 1Gb)
Load IG                                                                                              (00:00.000 / 00:06.833, 1Gb)
Load Content                                                                                         (00:00.002 / 00:06.835, 1Gb)
Using fr_FR as the default narrative language. (inferred from ImplementationGuide.jurisdiction=FR)   (00:00.010 / 00:06.845, 1Gb)
Process Loaded Resources                                                                             (00:00.014 / 00:06.859, 1Gb)
Generating Snapshots                                                                                 (00:00.009 / 00:06.869, 1Gb)

Signing Certificate: RSA key for Subject: OU=IG Publisher, L=Ann Arbor, CN=hl7.org, O=HL7, ST=Missouri, C=us from: OU=IG Publisher, L=Ann Arbor, CN=hl7.org, O=HL7, ST=Missouri, C=us
Fetch https://interop.esante.gouv.fr/ig/documentation/package-list.json for version check            (00:00.011 / 00:06.880, 1Gb)
Checking Language                                                                                    (00:00.298 / 00:07.178, 1Gb)
Load Dependency Info                                                                                 (00:00.000 / 00:07.179, 1Gb)
Load Info                                                                                            (00:00.000 / 00:07.179, 1Gb)
Load Paths                                                                                           (00:00.000 / 00:07.180, 1Gb)
Check R4 / R4B                                                                                       (00:00.000 / 00:07.180, 1Gb)
Assign Comparison Ids                                                                                (00:00.002 / 00:07.183, 1Gb)
Propagating status                                                                                   (00:00.000 / 00:07.183, 1Gb)
Generating Narratives                                                                                (00:00.000 / 00:07.183, 1Gb)
Validating Conformance Resources                                                                     (00:00.010 / 00:07.194, 1Gb)
Check profiles & code systems                                                                        (00:01.420 / 00:08.614, 926Mb)
Check realm rules                                                                                    (00:00.000 / 00:08.615, 926Mb)
Previous Version Comparison                                                                          (00:00.000 / 00:08.615, 926Mb)
Checking for Bundles to sign                                                                         (00:00.003 / 00:08.619, 926Mb)
Validating Resources                                                                                 (00:00.000 / 00:08.619, 926Mb)
Processing Provenance Records                                                                        (00:00.000 / 00:08.619, 926Mb)
Generating Outputs in /tmp/ig-builds/ans.fr.documentation#0.1.10-milestone/output                    (00:00.000 / 00:08.620, 926Mb)
Generate Native Outputs                                                                              (00:00.080 / 00:08.700, 943Mb)
Run Template                                                                                         (00:00.030 / 00:08.731, 951Mb)
Generate HTML Outputs                                                                                (00:01.111 / 00:09.842, 993Mb)
Generate Spreadsheets                                                                                (00:00.022 / 00:09.865, 1008Mb)
Generate Summaries                                                                                   (00:00.000 / 00:09.866, 1008Mb)
Generating Summary Outputs                                                                           (00:00.000 / 00:09.866, 1008Mb)
DB Cumulative Time invested: 00:00:00.36
Sending Usage Stats to Server                                                                        (00:00.824 / 00:10.690, 870Mb)
## Memory (MB): Use = 871, Free = 776, Total = 1648, Max = 4000                                      (00:00.000 / 00:10.691, 871Mb)
Reclaiming memory...                                                                                 (00:00.000 / 00:10.691, 871Mb)
## Memory (MB): Use = 311, Free = 742, Total = 1054, Max = 4000                                      (00:00.195 / 00:10.886, 312Mb)
Run jekyll: jekyll build --destination "/tmp/ig-builds/ans.fr.documentation#0.1.10-milestone/output" (in folder /tmp/ig-builds/ans.fr.documentation#0.1.10-milestone/temp/pages) (00:00.001 / 00:10.888, 313Mb)
Troubleshooting Note: usual cases for Jekyll to fail are:                                            (00:00.001 / 00:10.889, 313Mb)
* A failure to produce a fragment that is already logged in the output above                         (00:00.000 / 00:10.889, 313Mb)
* A reference to a manually edited file that hasn't been provided                                    (00:00.000 / 00:10.890, 313Mb)
Jekyll: Source: /tmp/ig-builds/ans.fr.documentation#0.1.10-milestone/temp/pages                      (00:00.343 / 00:11.234, 315Mb)
Jekyll: Generating...                                                                                (00:00.000 / 00:11.234, 315Mb)
Jekyll: done in 0.396 seconds.                                                                       (00:00.395 / 00:11.630, 315Mb)
[39m
[0;39m[39mInstalling ans.fr.documentation#0.1.10
[0;39mChecking Output HTML                                                                                 (00:00.045 / 00:11.675, 322Mb)
Processed /tmp/ig-builds/ans.fr.documentation#0.1.10-milestone/output - % reduction = 78 (461589 ==> 101860)
found 589 files                                                                                      (00:00.055 / 00:11.730, 374Mb)
..........................................
..........................................
  ... 589 html files, 0 pages invalid xhtml (0%)                                                     (00:00.369 / 00:12.100, 572Mb)
  ... 1086 links, 6 broken links (0%)                                                                (00:00.000 / 00:12.100, 572Mb)
Generate fragment-usage-analysis.csv                                                                 (00:00.000 / 00:12.100, 572Mb)
Build final .zip                                                                                     (00:00.014 / 00:12.115, 573Mb)
Final .zip built                                                                                     (00:00.521 / 00:12.637, 584Mb)
Built. Times: loading: 00:00.343, generate: 00:06.027, narrative generation: 00:00.010, validation: 00:01.419, realm-rules: 00:00.000, previous-version: 00:00.000, jekyll: 00:00.748, template: 00:01.111 (#3) (00:00.569 / 00:13.206, 662Mb)
Generating QA                                                                                        (00:00.000 / 00:13.206, 662Mb)
Validation output in /tmp/ig-builds/ans.fr.documentation#0.1.10-milestone/output/qa.html
Errors: 1, Warnings: 4, Info: 1, Broken Links: 6 (00:00.037 / 00:13.244, 670Mb)
Finished @ 05/03/2026 09:40. Max Memory Used = 1Gb. Log file saved in /tmp/fhir-ig-publisher-tmp.log (00:00.005 / 00:13.249, 670Mb)
Keep a copy of the build directory at /tmp/web-root/run-20260305/ig-build-zips/ans.fr.documentation#0.1.10.zip

ok. All checks passed. Publish v0.1.10 to /tmp/web-root/run-20260305/documentation/0.1.10
Copy the IG to /tmp/web-root/run-20260305/documentation/0.1.10
Update /tmp/web-root/run-20260305/documentation/package-list.json
Publish Box Statement: This page is part of the Documentation des guides d'implémentation de l'ANS (v0.1.10: Release) based on <a data-no-external="true" href="http://hl7.org/fhir/R4">FHIR (HL7® FHIR® Standard) R4</a>. This is the current published version in its permanent home (it will always be available at this URL).  For a full list of available versions, see the <a data-no-external="true" href="https://interop.esante.gouv.fr/ig/documentation/history.html">Directory of published versions</a>
  .. 17 files checked, 17 updated
  .. 5 clones checked, 10 updated
  .. 1 redirections (1 created/updated)
This is a milestone release - publish v0.1.10 to /tmp/web-root/run-20260305/documentation
Update publish box for version 0.1.9 @ https://interop.esante.gouv.fr/ig/documentation/0.1.9
Publish Box Statement: This page is part of the Documentation des guides d'implémentation de l'ANS (v0.1.9: Release) based on <a data-no-external="true" href="http://hl7.org/fhir/R4">FHIR (HL7® FHIR® Standard) R4</a>. The current version which supersedes this version is <a data-no-external="true" href="https://interop.esante.gouv.fr/ig/documentation{{fn}}">0.1.10</a>.  For a full list of available versions, see the <a data-no-external="true" href="https://interop.esante.gouv.fr/ig/documentation/history.html">Directory of published versions</a>
  .. 18 files checked, 18 updated
  .. 9 clones checked, 0 updated
Building download for /tmp/web-root/run-20260305/documentation/0.1.9 url = https://interop.esante.gouv.fr/ig/documentation/0.1.9, canonical = https://interop.esante.gouv.fr/ig/documentation
  ...
 ..Finished
Update publish box for version 0.1.8 @ https://interop.esante.gouv.fr/ig/documentation/0.1.8
Publish Box Statement: This page is part of the Documentation des guides d'implémentation de l'ANS (v0.1.8: Release) based on <a data-no-external="true" href="http://hl7.org/fhir/R4">FHIR (HL7® FHIR® Standard) R4</a>. The current version which supersedes this version is <a data-no-external="true" href="https://interop.esante.gouv.fr/ig/documentation{{fn}}">0.1.10</a>.  For a full list of available versions, see the <a data-no-external="true" href="https://interop.esante.gouv.fr/ig/documentation/history.html">Directory of published versions</a>
  .. 18 files checked, 18 updated
  .. 9 clones checked, 0 updated
Update publish box for version 0.1.7 @ https://interop.esante.gouv.fr/ig/documentation/0.1.7
Publish Box Statement: This page is part of the Documentation des guides d'implémentation de l'ANS (v0.1.7: Release) based on <a data-no-external="true" href="http://hl7.org/fhir/R4">FHIR (HL7® FHIR® Standard) R4</a>. The current version which supersedes this version is <a data-no-external="true" href="https://interop.esante.gouv.fr/ig/documentation{{fn}}">0.1.10</a>.  For a full list of available versions, see the <a data-no-external="true" href="https://interop.esante.gouv.fr/ig/documentation/history.html">Directory of published versions</a>
  .. 17 files checked, 17 updated
  .. 9 clones checked, 0 updated
Update publish box for version 0.1.6 @ https://interop.esante.gouv.fr/ig/documentation/0.1.6
Publish Box Statement: This page is part of the Documentation des guides d'implémentation de l'ANS (v0.1.6: Release) based on <a data-no-external="true" href="http://hl7.org/fhir/R4">FHIR (HL7® FHIR® Standard) R4</a>. The current version which supersedes this version is <a data-no-external="true" href="https://interop.esante.gouv.fr/ig/documentation{{fn}}">0.1.10</a>.  For a full list of available versions, see the <a data-no-external="true" href="https://interop.esante.gouv.fr/ig/documentation/history.html">Directory of published versions</a>
  .. 17 files checked, 17 updated
  .. 9 clones checked, 0 updated
Update publish box for version 0.1.5 @ https://interop.esante.gouv.fr/ig/documentation/0.1.5
Publish Box Statement: This page is part of the Documentation des guides d'implémentation de l'ANS (v0.1.5: Release) based on <a data-no-external="true" href="http://hl7.org/fhir/R4">FHIR (HL7® FHIR® Standard) R4</a>. The current version which supersedes this version is <a data-no-external="true" href="https://interop.esante.gouv.fr/ig/documentation{{fn}}">0.1.10</a>.  For a full list of available versions, see the <a data-no-external="true" href="https://interop.esante.gouv.fr/ig/documentation/history.html">Directory of published versions</a>
  .. 17 files checked, 17 updated
  .. 9 clones checked, 0 updated
Update publish box for version 0.1.4 @ https://interop.esante.gouv.fr/ig/documentation/0.1.4
Publish Box Statement: This page is part of the Documentation des guides d'implémentation de l'ANS (v0.1.4: Release) based on <a data-no-external="true" href="http://hl7.org/fhir/R4">FHIR (HL7® FHIR® Standard) R4</a>. The current version which supersedes this version is <a data-no-external="true" href="https://interop.esante.gouv.fr/ig/documentation{{fn}}">0.1.10</a>.  For a full list of available versions, see the <a data-no-external="true" href="https://interop.esante.gouv.fr/ig/documentation/history.html">Directory of published versions</a>
  .. 21 files checked, 21 updated
  .. 9 clones checked, 0 updated
Update publish box for version 0.1.3 @ https://interop.esante.gouv.fr/ig/documentation/0.1.3
Publish Box Statement: This page is part of the Documentation des guides d'implémentation de l'ANS (v0.1.3: Release) based on <a data-no-external="true" href="http://hl7.org/fhir/R4">FHIR (HL7® FHIR® Standard) R4</a>. The current version which supersedes this version is <a data-no-external="true" href="https://interop.esante.gouv.fr/ig/documentation{{fn}}">0.1.10</a>.  For a full list of available versions, see the <a data-no-external="true" href="https://interop.esante.gouv.fr/ig/documentation/history.html">Directory of published versions</a>
  .. 20 files checked, 20 updated
  .. 10 clones checked, 0 updated
Update publish box for version 0.1.2 @ https://interop.esante.gouv.fr/ig/documentation/0.1.2
Publish Box Statement: This page is part of the Documentation des guides d'implémentation de l'ANS (v0.1.2: Release) based on <a data-no-external="true" href="http://hl7.org/fhir/R4">FHIR (HL7® FHIR® Standard) R4</a>. The current version which supersedes this version is <a data-no-external="true" href="https://interop.esante.gouv.fr/ig/documentation{{fn}}">0.1.10</a>.  For a full list of available versions, see the <a data-no-external="true" href="https://interop.esante.gouv.fr/ig/documentation/history.html">Directory of published versions</a>
  .. 18 files checked, 18 updated
  .. 10 clones checked, 0 updated
Update publish box for version 0.1.1 @ https://interop.esante.gouv.fr/ig/documentation/0.1.1
Publish Box Statement: This page is part of the Documentation des guides d'implémentation de l'ANS (v0.1.1: Release) based on <a data-no-external="true" href="http://hl7.org/fhir/R4">FHIR (HL7® FHIR® Standard) R4</a>. The current version which supersedes this version is <a data-no-external="true" href="https://interop.esante.gouv.fr/ig/documentation{{fn}}">0.1.10</a>.  For a full list of available versions, see the <a data-no-external="true" href="https://interop.esante.gouv.fr/ig/documentation/history.html">Directory of published versions</a>
  .. 17 files checked, 17 updated
  .. 10 clones checked, 0 updated
Update publish box for version 0.1.0 @ https://interop.esante.gouv.fr/ig/documentation/0.1.0
Publish Box Statement: This page is part of the Documentation des guides d'implémentation de l'ANS (v0.1.0: Release) based on <a data-no-external="true" href="http://hl7.org/fhir/R4">FHIR (HL7® FHIR® Standard) R4</a>. The current version which supersedes this version is <a data-no-external="true" href="https://interop.esante.gouv.fr/ig/documentation{{fn}}">0.1.10</a>.  For a full list of available versions, see the <a data-no-external="true" href="https://interop.esante.gouv.fr/ig/documentation/history.html">Directory of published versions</a>
  .. 66 files checked, 66 updated
  .. 23 clones checked, 0 updated
Publish Box Statement: This page is part of the Documentation des guides d'implémentation de l'ANS (v0.1.10: Release) based on <a data-no-external="true" href="http://hl7.org/fhir/R4">FHIR (HL7® FHIR® Standard) R4</a>. This is the current published version.  For a full list of available versions, see the <a data-no-external="true" href="https://interop.esante.gouv.fr/ig/documentation/history.html">Directory of published versions</a>
  .. 17 files checked, 17 updated
  .. 5 clones checked, 10 updated
  .. 1 redirections (1 created/updated)
Check for Files to delete
  ... 0 files
Copy to new IG /tmp/web-root/run-20260305/documentation
ans.fr.documentation (https://interop.esante.gouv.fr/ig/documentation): Documentation des guides d'implémentation de l'ANS @ https://ansforge.github.io/IG-documentation/ig/main
  release: release 0.1.10/4.0.1 @ https://interop.esante.gouv.fr/ig/documentation/0.1.10
Build is complete. Copy from /tmp/web-root/run-20260305
Update history page at /tmp/web-root/run-20260305/documentation from /home/runner/work/IG-documentation/IG-documentation/./IG-website-release/fhir-ig-history-template and ./IG-website-release/templates
