FHIR IG Publisher Version 2.2.6 (Git# 751af2289075). Built 2026-04-11T09:36:43.552Z (9 days old)
Detected Java version: 17.0.10 from /opt/hostedtoolcache/Java_Microsoft_jdk/17.0.10/x64 on amd64 (64bit). 3998MB available
dir = /home/runner/work/IG-modele-objets-sante/IG-modele-objets-sante, path = /opt/hostedtoolcache/Ruby/3.3.11/x64/bin:/opt/hostedtoolcache/node/20.20.2/x64/bin:/opt/hostedtoolcache/Java_Microsoft_jdk/17.0.10/x64/bin:/snap/bin:/home/runner/.local/bin:/opt/pipx_bin:/home/runner/.cargo/bin:/home/runner/.config/composer/vendor/bin:/usr/local/.ghcup/bin:/home/runner/.dotnet/tools:/usr/local/sbin:/usr/local/bin:/usr/sbin:/usr/bin:/sbin:/bin:/usr/games:/usr/local/games:/snap/bin
Parameters: -go-publish -authorise-non-conformant-tx-servers -source ./igSource -web ./IG-website-release/www/ig -registry ./IG-website-release/ig-registry/fhir-ig-list.json -history ./IG-website-release/fhir-ig-history-template -templates ./IG-website-release/templates
---------------
Publication Run: publish ./igSource to ./IG-website-release/www/ig
Relative directory for IG is '/mos'
===== Web Publication Run Details ===============================
 Source IG: ans.fr.mos#0.1.0-ballot : https://interop.esante.gouv.fr/ig/mos (R4) from ./igSource
All checks passed. Do the publication build from /home/runner/work/IG-modele-objets-sante/IG-modele-objets-sante/./igSource and publish to /tmp/web-root/run-20260420/mos
Prepare Build space in /tmp/ig-builds/ans.fr.mos#0.1.0-ballot
Build IG at /home/runner/work/IG-modele-objets-sante/IG-modele-objets-sante/./igSource: final copy suitable for publication (in /tmp/ig-builds/ans.fr.mos#0.1.0-ballot)
FHIR IG Publisher Version 2.2.6 (Git# 751af2289075). Built 2026-04-11T09:36:43.552Z (9 days old)    
Detected Java version: 17.0.10 from /opt/hostedtoolcache/Java_Microsoft_jdk/17.0.10/x64 on Linux/amd64 (64bit). 3998MB available
dir = /home/runner/work/IG-modele-objets-sante/IG-modele-objets-sante, path = /opt/hostedtoolcache/Ruby/3.3.11/x64/bin:/opt/hostedtoolcache/node/20.20.2/x64/bin:/opt/hostedtoolcache/Java_Microsoft_jdk/17.0.10/x64/bin:/snap/bin:/home/runner/.local/bin:/opt/pipx_bin:/home/runner/.cargo/bin:/home/runner/.config/composer/vendor/bin:/usr/local/.ghcup/bin:/home/runner/.dotnet/tools:/usr/local/sbin:/usr/local/bin:/usr/sbin:/usr/bin:/sbin:/bin:/usr/games:/usr/local/games:/snap/bin
Parameters: -publish https://interop.esante.gouv.fr/ig/mos/0.1.0-ballot -no-exit -ig /tmp/ig-builds/ans.fr.mos#0.1.0-ballot -resetTx
Character encoding = UTF-8 / UTF-8                                                                  
Start Clock @ Monday, April 20, 2026 at 3:08:51 PM Coordinated Universal Time (2026-04-20T15:08:51Z)
                                                                                                    
Build FHIR IG from /tmp/ig-builds/ans.fr.mos#0.1.0-ballot                                            (00:00.018 / 00:00.018, 70Mb)
Build Formal Publication package, intended for https://interop.esante.gouv.fr/ig/mos/0.1.0-ballot    (00:00.003 / 00:00.021, 70Mb)
API keys loaded from /home/runner/.fhir/fhir-settings.json                                           (00:00.000 / 00:00.021, 70Mb)
Package Cache: /home/runner/.fhir/packages                                                           (00:00.003 / 00:00.025, 70Mb)
Run Sushi on /tmp/ig-builds/ans.fr.mos#0.1.0-ballot                                                  (00:00.003 / 00:00.029, 71Mb)
Sushi: info  Running SUSHI v3.19.0 (implements FHIR Shorthand specification v3.0.0)                  (00:00.557 / 00:00.587, 74Mb)
Sushi: info  Arguments:                                                                              (00:00.000 / 00:00.587, 74Mb)
Sushi: info    --require-latest                                                                      (00:00.000 / 00:00.588, 74Mb)
Sushi: info    --out /tmp/ig-builds/ans.fr.mos#0.1.0-ballot                                          (00:00.000 / 00:00.589, 74Mb)
Sushi: info    /tmp/ig-builds/ans.fr.mos#0.1.0-ballot                                                (00:00.000 / 00:00.589, 74Mb)
Sushi: info  Using configuration file: /tmp/ig-builds/ans.fr.mos#0.1.0-ballot/sushi-config.yaml      (00:00.576 / 00:01.166, 74Mb)
Sushi: info  Importing FSH text...                                                                   (00:00.098 / 00:01.265, 74Mb)
Sushi: info  Preprocessed 121 documents with 49 aliases.                                             (00:00.354 / 00:01.619, 74Mb)
Sushi: info  Imported 120 definitions and 0 instances.                                               (00:00.031 / 00:01.651, 74Mb)
Sushi: info  Loaded virtual package sushi-r5forR4#1.0.0 with 7 resources                             (00:00.119 / 00:01.770, 74Mb)
Sushi: info  Resolved hl7.fhir.uv.tools.r4#latest to concrete version 1.1.2                          (00:00.910 / 00:02.681, 74Mb)
Sushi: info  Loaded hl7.fhir.uv.tools.r4#1.1.2 with 119 resources                                    (00:00.065 / 00:02.747, 74Mb)
Sushi: info  Resolved hl7.terminology.r4#latest to concrete version 7.1.0                            (00:00.159 / 00:02.906, 74Mb)
Sushi: info  Loaded hl7.terminology.r4#7.1.0 with 4103 resources                                     (00:03.866 / 00:06.773, 74Mb)
Sushi: info  Loaded ans.fr.terminologies#1.1.0 with 1044 resources                                   (00:00.539 / 00:07.312, 74Mb)
Sushi: info  Loaded hl7.fhir.r4.core#4.0.1 with 4581 resources                                       (00:01.730 / 00:09.042, 74Mb)
Sushi: info  Resolved hl7.fhir.uv.extensions.r4#latest to concrete version 5.2.0                     (00:00.173 / 00:09.216, 74Mb)
Sushi: info  Loaded hl7.fhir.uv.extensions.r4#5.2.0 with 759 resources                               (00:00.342 / 00:09.558, 74Mb)
Sushi: info  Loaded virtual package sushi-local#LOCAL with 0 resources                               (00:00.023 / 00:09.582, 74Mb)
Sushi: info  Converting FSH to FHIR resources...                                                     (00:00.017 / 00:09.599, 74Mb)
Sushi: info  Converted 92 FHIR StructureDefinitions.                                                 (00:04.289 / 00:13.889, 74Mb)
Sushi: info  Converted 28 FHIR ValueSets.                                                            (00:00.263 / 00:14.152, 74Mb)
Sushi: info  Exporting FHIR resources as JSON...                                                     (00:00.000 / 00:14.153, 74Mb)
Sushi: info  Exported 120 FHIR resources as JSON.                                                    (00:00.056 / 00:14.209, 74Mb)
Sushi: info  Assembling Implementation Guide sources...                                              (00:00.003 / 00:14.213, 74Mb)
Sushi: info  Generated ImplementationGuide-ans.fr.mos.json                                           (00:00.038 / 00:14.251, 74Mb)
Sushi: info  Assembled Implementation Guide sources; ready for IG Publisher.                         (00:00.000 / 00:14.252, 74Mb)
Sushi: ========================= SUSHI RESULTS ===========================                           (00:00.000 / 00:14.253, 74Mb)
Sushi: |  -------------------------------------------------------------  |                           (00:00.000 / 00:14.254, 74Mb)
Sushi: | |    Profiles   |  Extensions  |   Logicals   |   Resources   | |                           (00:00.000 / 00:14.254, 74Mb)
Sushi: | |-------------------------------------------------------------| |                           (00:00.000 / 00:14.255, 74Mb)
Sushi: | |       0       |      0       |      92      |       0       | |                           (00:00.000 / 00:14.256, 74Mb)
Sushi: |  -------------------------------------------------------------  |                           (00:00.000 / 00:14.256, 74Mb)
Sushi: |  -------------------------------------------------------------  |                           (00:00.000 / 00:14.257, 74Mb)
Sushi: | |      ValueSets     |    CodeSystems    |     Instances      | |                           (00:00.000 / 00:14.257, 74Mb)
Sushi: | |-------------------------------------------------------------| |                           (00:00.000 / 00:14.258, 74Mb)
Sushi: | |         28         |         0         |         0          | |                           (00:00.000 / 00:14.258, 74Mb)
Sushi: |  -------------------------------------------------------------  |                           (00:00.000 / 00:14.259, 74Mb)
Sushi: |                                                                 |                           (00:00.000 / 00:14.259, 74Mb)
Sushi: ===================================================================                           (00:00.000 / 00:14.259, 74Mb)
Sushi: | You're swimming in success!            0 Errors      0 Warnings |                           (00:00.000 / 00:14.260, 74Mb)
Sushi: ===================================================================                           (00:00.000 / 00:14.260, 74Mb)
Root directory: /tmp/ig-builds/ans.fr.mos#0.1.0-ballot                                               (00:00.009 / 00:14.269, 74Mb)
Unable to load IG as an r5 IG - try R4 (property code is a class com.google.gson.JsonPrimitive looking for an object) (00:00.405 / 00:14.675, 65Mb)
Load Template from https://github.com/ansforge/IG-template/tree/doctrine-template                    (00:00.411 / 00:15.086, 69Mb)
 Load Template from fhir.base.template#current                                                       (00:01.949 / 00:17.036, 91Mb)
[33mThis content depends on fhir.base.template which is no longer considered secure to use
[0;39m[33mSee Security notification at https://www.fhir.org/guides/security-notices/2026-03-npm-dependencies.html
[0;39mScanning directory: /tmp/ig-builds/ans.fr.mos#0.1.0-ballot/template
======================================================================
Terminology Cache is at /tmp/ig-builds/ans.fr.mos#0.1.0-ballot/input-cache/txcache. Clearing now     (00:03.295 / 00:20.331, 113Mb)
Core Package hl7.fhir.r4.core#4.0.1                                                                  (00:00.001 / 00:20.332, 113Mb)
Running Terminology Log: /tmp/ohfu-fhir-ig-4574549653663943748.html
Connect to Terminology Server at http://tx.fhir.org                                                  (00:03.445 / 00:23.778, 300Mb)
[39mLoad Package hl7.fhir.pubpack#0.2.5
[0;39m[39mLoad Package hl7.fhir.xver-extensions#0.1.0
[0;39m[39mLoad Package hl7.terminology.r4#7.1.0
[0;39m[39mLoad Package hl7.fhir.uv.extensions.r4#5.2.0
[0;39m[39mLoad Package hl7.terminology.r4#6.4.0
[0;39m[39mLoad Package hl7.terminology.r4#5.0.0
[0;39m[39mLoad Package fhir.dicom#2022.4.20221006
[0;39m[39mLoad Package hl7.fhir.uv.ips#1.1.0
[0;39m[39mLoad Package ans.fr.terminologies#1.1.0
[0;39m[39mLoad Package hl7.fhir.uv.tools.r4#1.1.2
[0;39mLoad R5 Specials
Initialization complete                                                                              (00:21.052 / 00:44.830, 926Mb)
Load IG                                                                                              (00:00.000 / 00:44.831, 926Mb)
Load Content                                                                                         (00:00.002 / 00:44.833, 927Mb)
Using fr-FR as the default narrative language. (Implementation Guide param i18n-default-lang)        (00:00.043 / 00:44.877, 943Mb)
Process Loaded Resources                                                                             (00:00.467 / 00:45.344, 552Mb)
Generating Snapshots                                                                                 (00:02.147 / 00:47.491, 906Mb)

Signing Certificate: RSA key for Subject: OU=IG Publisher, L=Ann Arbor, CN=hl7.org, O=HL7, ST=Missouri, C=us from: OU=IG Publisher, L=Ann Arbor, CN=hl7.org, O=HL7, ST=Missouri, C=us
Fetch https://interop.esante.gouv.fr/ig/mos/package-list.json for version check                      (00:00.493 / 00:47.985, 710Mb)
Checking Language                                                                                    (00:00.661 / 00:48.646, 715Mb)
Load Dependency Info                                                                                 (00:00.004 / 00:48.651, 716Mb)
Load Info                                                                                            (00:00.001 / 00:48.652, 716Mb)
Load Paths                                                                                           (00:00.001 / 00:48.654, 717Mb)
Check R4 / R4B                                                                                       (00:00.000 / 00:48.654, 717Mb)
Assign Comparison Ids                                                                                (00:00.027 / 00:48.682, 722Mb)
Propagating status                                                                                   (00:00.000 / 00:48.683, 722Mb)
Generating Narratives                                                                                (00:00.000 / 00:48.683, 722Mb)
Validating Conformance Resources                                                                     (00:35.580 / 01:24.264, 779Mb)
Check profiles & code systems                                                                        (00:44.885 / 02:09.150, 588Mb)
Check realm rules                                                                                    (00:00.003 / 02:09.153, 589Mb)
Previous Version Comparison                                                                          (00:00.000 / 02:09.154, 589Mb)
Checking for Bundles to sign                                                                         (00:00.013 / 02:09.167, 592Mb)
Validating Resources                                                                                 (00:00.000 / 02:09.167, 592Mb)
Processing Provenance Records                                                                        (00:00.001 / 02:09.168, 593Mb)
Generating Translation artifacts                                                                     (00:00.000 / 02:09.169, 593Mb)
Generating Outputs in /tmp/ig-builds/ans.fr.mos#0.1.0-ballot/output                                  (00:00.262 / 02:09.431, 833Mb)
Generate Native Outputs                                                                              (00:00.148 / 02:09.580, 863Mb)
Run Template                                                                                         (00:03.843 / 02:13.424, 685Mb)
Generate HTML Outputs                                                                                (00:04.776 / 02:18.200, 784Mb)
Generate Spreadsheets                                                                                (00:11.285 / 02:29.486, 942Mb)
Generate Summaries                                                                                   (00:03.702 / 02:33.189, 803Mb)
Generating Summary Outputs                                                                           (00:00.000 / 02:33.189, 803Mb)
DB Cumulative Time invested: 00:00:00.216
Sending Usage Stats to Server                                                                        (00:03.981 / 02:37.171, 763Mb)
## Memory (MB): Use = 763, Free = 334, Total = 1098, Max = 3998                                      (00:00.002 / 02:37.174, 764Mb)
Reclaiming memory...                                                                                 (00:00.000 / 02:37.174, 764Mb)
## Memory (MB): Use = 593, Free = 504, Total = 1098, Max = 3998                                      (00:00.378 / 02:37.552, 594Mb)
Run jekyll: jekyll build --destination "/tmp/ig-builds/ans.fr.mos#0.1.0-ballot/output" (in folder /tmp/ig-builds/ans.fr.mos#0.1.0-ballot/temp/pages) (00:00.001 / 02:37.554, 595Mb)
Troubleshooting Note: usual cases for Jekyll to fail are:                                            (00:00.000 / 02:37.554, 595Mb)
* A failure to produce a fragment that is already logged in the output above                         (00:00.000 / 02:37.555, 595Mb)
* A reference to a manually edited file that hasn't been provided                                    (00:00.000 / 02:37.555, 595Mb)
Jekyll: Source: /tmp/ig-builds/ans.fr.mos#0.1.0-ballot/temp/pages                                    (00:00.459 / 02:38.015, 599Mb)
Jekyll: Generating...                                                                                (00:00.000 / 02:38.015, 599Mb)
Jekyll: done in 4.099 seconds.                                                                       (00:04.098 / 02:42.114, 600Mb)
Generating combined package                                                                          (00:01.361 / 02:43.475, 766Mb)
[39mUnable to resolve value set CanonicalType[https://mos.esante.gouv.fr/NOS/TRE_R295-AgregatDisciplineEnseignNiv1/FHIR/TRE-R295-AgregatDisciplineEnseignNiv1?vs]
[0;39m[39mUnable to resolve value set CanonicalType[https://mos.esante.gouv.fr/NOS/TRE_R296-AgregatDisciplineEnseignNiv2/FHIR/TRE-R296-AgregatDisciplineEnseignNiv2?vs]
[0;39m[39mUnable to resolve value set CanonicalType[https://mos.esante.gouv.fr/NOS/TRE_R297-AgregatDisciplineEnseignNiv3/FHIR/TRE-R297-AgregatDisciplineEnseignNiv3?vs]
[0;39m[39mUnable to resolve value set CanonicalType[https://mos.esante.gouv.fr/NOS/TRE_R281-DisciplineEnseignement/FHIR/TRE-R281-DisciplineEnseignement?vs]
[0;39m[39mUnable to resolve value set CanonicalType[https://mos.esante.gouv.fr/NOS/TRE_R209-TypeActivite/FHIR/TRE-R209-TypeActivite?vs]
[0;39m[39mUnable to resolve value set CanonicalType[https://mos.esante.gouv.fr/NOS/TRE_R298-AgregatDisciplineEquipSocNiv1/FHIR/TRE-R298-AgregatDisciplineEquipSocNiv1?vs]
[0;39m[39mUnable to resolve value set CanonicalType[https://mos.esante.gouv.fr/NOS/TRE_R299-AgregatDisciplineEquipSocNiv2/FHIR/TRE-R299-AgregatDisciplineEquipSocNiv2?vs]
[0;39m[39mUnable to resolve value set CanonicalType[https://mos.esante.gouv.fr/NOS/TRE_R300-AgregatDisciplineEquipSocNiv3/FHIR/TRE-R300-AgregatDisciplineEquipSocNiv3?vs]
[0;39m[39mUnable to resolve value set CanonicalType[https://mos.esante.gouv.fr/NOS/TRE_R280-DisciplineEquipementSocial/FHIR/TRE-R280-DisciplineEquipementSocial?vs]
[0;39m[39mUnable to resolve value set CanonicalType[https://mos.esante.gouv.fr/NOS/TRE_R209-TypeActivite/FHIR/TRE-R209-TypeActivite?vs]
[0;39m[39mUnable to resolve value set CanonicalType[https://mos.esante.gouv.fr/NOS/TRE_R293-AgregatClienteleNiv2/FHIR/TRE-R293-AgregatClienteleNiv2?vs]
[0;39m[39mUnable to resolve value set CanonicalType[https://mos.esante.gouv.fr/NOS/TRE_R294-AgregatClienteleNiv3/FHIR/TRE-R294-AgregatClienteleNiv3?vs]
[0;39m[39mUnable to resolve value set CanonicalType[https://mos.esante.gouv.fr/NOS/TRE_R279-Clientele/FHIR/TRE-R279-Clientele?vs]
[0;39m[39mUnable to resolve value set CanonicalType[https://mos.esante.gouv.fr/NOS/TRE_R301-SourceInformationInstallation/FHIR/TRE-R301-SourceInformationInstallation?vs]
[0;39m[39mUnable to resolve value set CanonicalType[https://mos.esante.gouv.fr/NOS/TRE_R275-ModaliteActivite/FHIR/TRE-R275-ModaliteActivite?vs]
[0;39m[39mUnable to resolve value set CanonicalType[https://mos.esante.gouv.fr/NOS/TRE_R276-FormeActivite/FHIR/TRE-R276-FormeActivite?vs]
[0;39m[39mUnable to resolve value set CanonicalType[https://mos.esante.gouv.fr/NOS/TRE_R275-ModaliteActivite/FHIR/TRE-R275-ModaliteActivite?vs]
[0;39m[39mUnable to resolve value set CanonicalType[https://mos.esante.gouv.fr/NOS/TRE_R276-FormeActivite/FHIR/TRE-R276-FormeActivite?vs]
[0;39m[39mUnable to resolve value set CanonicalType[https://mos.esante.gouv.fr/NOS/TRE_R35-TypeVoie/FHIR/TRE-R35-TypeVoie?vs]
[0;39m[39mUnable to resolve value set CanonicalType[https://mos.esante.gouv.fr/NOS/TRE_R13-CommuneOM/FHIR/TRE-R13-CommuneOM?vs]
[0;39m[39mUnable to resolve value set CanonicalType[https://mos.esante.gouv.fr/NOS/TRE_R56-Attestation/FHIR/TRE-R56-Attestation?vs]
[0;39m[39mUnable to resolve value set CanonicalType[https://mos.esante.gouv.fr/NOS/TRE_R14-TypeDiplome/FHIR/TRE-R14-TypeDiplome?vs]
[0;39m[39mUnable to resolve value set CanonicalType[https://mos.esante.gouv.fr/NOS/TRE_R16-LieuFormation/FHIR/TRE-R16-LieuFormation?vs]
[0;39m[39mUnable to resolve value set CanonicalType[https://mos.esante.gouv.fr/NOS/TRE_R17-TypeAutorisation/FHIR/TRE-R17-TypeAutorisation?vs]
[0;39m[39mUnable to resolve value set CanonicalType[https://mos.esante.gouv.fr/NOS/TRE_R18-DisciplineAutorisation/FHIR/TRE-R18-DisciplineAutorisation?vs]
[0;39m[39mUnable to resolve value set CanonicalType[https://mos.esante.gouv.fr/NOS/TRE_G15-ProfessionSante/FHIR/TRE-G15-ProfessionSante?vs]
[0;39m[39mUnable to resolve value set CanonicalType[https://mos.esante.gouv.fr/NOS/TRE_R275-ModaliteActivite/FHIR/TRE-R275-ModaliteActivite?vs]
[0;39m[39mUnable to resolve value set CanonicalType[https://mos.esante.gouv.fr/NOS/TRE_R276-FormeActivite/FHIR/TRE-R276-FormeActivite?vs]
[0;39m[39mUnable to resolve value set CanonicalType[https://mos.esante.gouv.fr/NOS/TRE_R36-AutreDiplomeObtenu/FHIR/TRE-R36-AutreDiplomeObtenu?vs]
[0;39m[39mUnable to resolve value set CanonicalType[https://mos.esante.gouv.fr/NOS/TRE_R14-TypeDiplome/FHIR/TRE-R14-TypeDiplome?vs]
[0;39m[39mUnable to resolve value set CanonicalType[https://mos.esante.gouv.fr/NOS/TRE_R16-LieuFormation/FHIR/TRE-R16-LieuFormation?vs]
[0;39m[39mUnable to resolve value set CanonicalType[https://mos.esante.gouv.fr/NOS/TRE_R257-TypeBAL/FHIR/TRE-R257-TypeBAL?vs]
[0;39m[39mUnable to resolve value set CanonicalType[https://mos.esante.gouv.fr/NOS/TRE_R52-CapaciteDiplome/FHIR/TRE-R52-CapaciteDiplome?vs]
[0;39m[39mUnable to resolve value set CanonicalType[https://mos.esante.gouv.fr/NOS/TRE_R14-TypeDiplome/FHIR/TRE-R14-TypeDiplome?vs]
[0;39m[39mUnable to resolve value set CanonicalType[https://mos.esante.gouv.fr/NOS/TRE_R16-LieuFormation/FHIR/TRE-R16-LieuFormation?vs]
[0;39m[39mUnable to resolve value set CanonicalType[https://mos.esante.gouv.fr/NOS/TRE_R242-TypeHabitation/FHIR/TRE-R242-TypeHabitation?vs]
[0;39m[39mUnable to resolve value set CanonicalType[https://mos.esante.gouv.fr/NOS/TRE_R329-NatureCapacite/FHIR/TRE-R329-NatureCapacite?vs]
[0;39m[39mUnable to resolve value set CanonicalType[https://mos.esante.gouv.fr/NOS/TRE_R04-TypeSavoirFaire/FHIR/TRE-R04-TypeSavoirFaire?vs]
[0;39m[39mUnable to resolve value set CanonicalType[https://mos.esante.gouv.fr/NOS/TRE_R87-TypeCarte/FHIR/TRE-R87-TypeCarte?vs]
[0;39m[39mUnable to resolve value set CanonicalType[https://mos.esante.gouv.fr/NOS/TRE_G01-CategorieProduit/FHIR/TRE-G01-CategorieProduit?vs]
[0;39m[39mUnable to resolve value set CanonicalType[https://mos.esante.gouv.fr/NOS/TRE_R87-TypeCarte/FHIR/TRE-R87-TypeCarte?vs]
[0;39m[39mUnable to resolve value set CanonicalType[https://mos.esante.gouv.fr/NOS/TRE_R55-CertificatEtudeSpeciale/FHIR/TRE-R55-CertificatEtudeSpeciale?vs]
[0;39m[39mUnable to resolve value set CanonicalType[https://mos.esante.gouv.fr/NOS/TRE_R14-TypeDiplome/FHIR/TRE-R14-TypeDiplome?vs]
[0;39m[39mUnable to resolve value set CanonicalType[https://mos.esante.gouv.fr/NOS/TRE_R16-LieuFormation/FHIR/TRE-R16-LieuFormation?vs]
[0;39m[39mUnable to resolve value set CanonicalType[https://mos.esante.gouv.fr/NOS/TRE_R04-TypeSavoirFaire/FHIR/TRE-R04-TypeSavoirFaire?vs]
[0;39m[39mUnable to resolve value set CanonicalType[https://mos.esante.gouv.fr/NOS/TRE_R04-TypeSavoirFaire/FHIR/TRE-R04-TypeSavoirFaire?vs]
[0;39m[39mUnable to resolve value set CanonicalType[https://mos.esante.gouv.fr/NOS/TRE_R04-TypeSavoirFaire/FHIR/TRE-R04-TypeSavoirFaire?vs]
[0;39m[39mUnable to resolve value set CanonicalType[https://mos.esante.gouv.fr/NOS/TRE_R251-FonctionContact/FHIR/TRE-R251-FonctionContact?vs]
[0;39m[39mUnable to resolve value set CanonicalType[https://mos.esante.gouv.fr/NOS/TRE_R287-NatureContact/FHIR/TRE-R287-NatureContact?vs]
[0;39m[39mUnable to resolve value set CanonicalType[https://mos.esante.gouv.fr/NOS/TRE_R206-TypeContact/FHIR/TRE-R206-TypeContact?vs]
[0;39m[39mUnable to resolve value set CanonicalType[https://mos.esante.gouv.fr/NOS/TRE_R260-HL7RoleClass/FHIR/TRE-R260-HL7RoleClass?vs]
[0;39m[39mUnable to resolve value set CanonicalType[https://mos.esante.gouv.fr/NOS/TRE_R283-NiveauConfidentialite/FHIR/TRE-R283-NiveauConfidentialite?vs]
[0;39m[39mUnable to resolve value set CanonicalType[https://mos.esante.gouv.fr/NOS/TRE_R205-DirectionLatitude/FHIR/TRE-R205-DirectionLatitude?vs]
[0;39m[39mUnable to resolve value set CanonicalType[https://mos.esante.gouv.fr/NOS/TRE_R204-DirectionLongitude/FHIR/TRE-R204-DirectionLongitude?vs]
[0;39m[39mUnable to resolve value set CanonicalType[https://mos.esante.gouv.fr/NOS/TRE_R50-DESCGroupe1Diplome/FHIR/TRE-R50-DESCGroupe1Diplome?vs]
[0;39m[39mUnable to resolve value set CanonicalType[https://mos.esante.gouv.fr/NOS/TRE_R14-TypeDiplome/FHIR/TRE-R14-TypeDiplome?vs]
[0;39m[39mUnable to resolve value set CanonicalType[https://mos.esante.gouv.fr/NOS/TRE_R16-LieuFormation/FHIR/TRE-R16-LieuFormation?vs]
[0;39m[39mUnable to resolve value set CanonicalType[https://mos.esante.gouv.fr/NOS/TRE_R51-DESCGroupe2Diplome/FHIR/TRE-R51-DESCGroupe2Diplome?vs]
[0;39m[39mUnable to resolve value set CanonicalType[https://mos.esante.gouv.fr/NOS/TRE_R14-TypeDiplome/FHIR/TRE-R14-TypeDiplome?vs]
[0;39m[39mUnable to resolve value set CanonicalType[https://mos.esante.gouv.fr/NOS/TRE_R16-LieuFormation/FHIR/TRE-R16-LieuFormation?vs]
[0;39m[39mUnable to resolve value set CanonicalType[https://mos.esante.gouv.fr/NOS/TRE_R04-TypeSavoirFaire/FHIR/TRE-R04-TypeSavoirFaire?vs]
[0;39m[39mUnable to resolve value set CanonicalType[https://mos.esante.gouv.fr/NOS/TRE_R327-TypeDecision/FHIR/TRE-R327-TypeDecision?vs]
[0;39m[39mUnable to resolve value set CanonicalType[https://mos.esante.gouv.fr/NOS/TRE_R14-TypeDiplome/FHIR/TRE-R14-TypeDiplome?vs]
[0;39m[39mUnable to resolve value set CanonicalType[https://mos.esante.gouv.fr/NOS/TRE_R16-LieuFormation/FHIR/TRE-R16-LieuFormation?vs]
[0;39m[39mUnable to resolve value set CanonicalType[https://mos.esante.gouv.fr/NOS/TRE_R226-Dip2iemeCycleNQ/FHIR/TRE-R226-Dip2iemeCycleNQ?vs]
[0;39m[39mUnable to resolve value set CanonicalType[https://mos.esante.gouv.fr/NOS/TRE_R14-TypeDiplome/FHIR/TRE-R14-TypeDiplome?vs]
[0;39m[39mUnable to resolve value set CanonicalType[https://mos.esante.gouv.fr/NOS/TRE_R16-LieuFormation/FHIR/TRE-R16-LieuFormation?vs]
[0;39m[39mUnable to resolve value set CanonicalType[https://mos.esante.gouv.fr/NOS/TRE_R58-AutreTypeDiplome/FHIR/TRE-R58-AutreTypeDiplome?vs]
[0;39m[39mUnable to resolve value set CanonicalType[https://mos.esante.gouv.fr/NOS/TRE_R14-TypeDiplome/FHIR/TRE-R14-TypeDiplome?vs]
[0;39m[39mUnable to resolve value set CanonicalType[https://mos.esante.gouv.fr/NOS/TRE_R16-LieuFormation/FHIR/TRE-R16-LieuFormation?vs]
[0;39m[39mUnable to resolve value set CanonicalType[https://mos.esante.gouv.fr/NOS/TRE_R53-DiplomePaysEEE/FHIR/TRE-R53-DiplomePaysEEE?vs]
[0;39m[39mUnable to resolve value set CanonicalType[https://mos.esante.gouv.fr/NOS/TRE_R14-TypeDiplome/FHIR/TRE-R14-TypeDiplome?vs]
[0;39m[39mUnable to resolve value set CanonicalType[https://mos.esante.gouv.fr/NOS/TRE_R16-LieuFormation/FHIR/TRE-R16-LieuFormation?vs]
[0;39m[39mUnable to resolve value set CanonicalType[https://mos.esante.gouv.fr/NOS/TRE_R57-DiplomeEuropeenEtudeSpecialisee/FHIR/TRE-R57-DiplomeEuropeenEtudeSpecialisee?vs]
[0;39m[39mUnable to resolve value set CanonicalType[https://mos.esante.gouv.fr/NOS/TRE_R14-TypeDiplome/FHIR/TRE-R14-TypeDiplome?vs]
[0;39m[39mUnable to resolve value set CanonicalType[https://mos.esante.gouv.fr/NOS/TRE_R16-LieuFormation/FHIR/TRE-R16-LieuFormation?vs]
[0;39m[39mUnable to resolve value set CanonicalType[https://mos.esante.gouv.fr/NOS/TRE_R48-DiplomeEtatFrancais/FHIR/TRE-R48-DiplomeEtatFrancais?vs]
[0;39m[39mUnable to resolve value set CanonicalType[https://mos.esante.gouv.fr/NOS/TRE_R14-TypeDiplome/FHIR/TRE-R14-TypeDiplome?vs]
[0;39m[39mUnable to resolve value set CanonicalType[https://mos.esante.gouv.fr/NOS/TRE_R16-LieuFormation/FHIR/TRE-R16-LieuFormation?vs]
[0;39m[39mUnable to resolve value set CanonicalType[https://mos.esante.gouv.fr/NOS/TRE_R49-DiplomeEtudeSpecialisee/FHIR/TRE-R49-DiplomeEtudeSpecialisee?vs]
[0;39m[39mUnable to resolve value set CanonicalType[https://mos.esante.gouv.fr/NOS/TRE_R14-TypeDiplome/FHIR/TRE-R14-TypeDiplome?vs]
[0;39m[39mUnable to resolve value set CanonicalType[https://mos.esante.gouv.fr/NOS/TRE_R16-LieuFormation/FHIR/TRE-R16-LieuFormation?vs]
[0;39m[39mUnable to resolve value set CanonicalType[https://mos.esante.gouv.fr/NOS/TRE_R54-DiplomeUniversiteInterUniversitaire/FHIR/TRE-R54-DiplomeUniversiteInterUniversitaire?vs]
[0;39m[39mUnable to resolve value set CanonicalType[https://mos.esante.gouv.fr/NOS/TRE_R14-TypeDiplome/FHIR/TRE-R14-TypeDiplome?vs]
[0;39m[39mUnable to resolve value set CanonicalType[https://mos.esante.gouv.fr/NOS/TRE_R16-LieuFormation/FHIR/TRE-R16-LieuFormation?vs]
[0;39m[39mUnable to resolve value set CanonicalType[https://mos.esante.gouv.fr/NOS/TRE_R201-TypeDivisionTerritoriale/FHIR/TRE-R201-TypeDivisionTerritoriale?vs]
[0;39m[39mUnable to resolve value set CanonicalType[https://mos.esante.gouv.fr/NOS/TRE_R04-TypeSavoirFaire/FHIR/TRE-R04-TypeSavoirFaire?vs]
[0;39m[39mUnable to resolve value set CanonicalType[https://mos.esante.gouv.fr/NOS/TRE_G07-TypeIdentifiantStructure/FHIR/TRE-G07-TypeIdentifiantStructure?vs]
[0;39m[39mUnable to resolve value set CanonicalType[https://mos.esante.gouv.fr/NOS/TRE_R227-ChampActivite/FHIR/TRE-R227-ChampActivite?vs]
[0;39m[39mUnable to resolve value set CanonicalType[https://mos.esante.gouv.fr/NOS/TRE_R63-AgregatCategorieEtablissementNiv1/FHIR/TRE-R63-AgregatCategorieEtablissementNiv1?vs]
[0;39m[39mUnable to resolve value set CanonicalType[https://mos.esante.gouv.fr/NOS/TRE_R64-AgregatCategorieEtablissementNiv2/FHIR/TRE-R64-AgregatCategorieEtablissementNiv2?vs]
[0;39m[39mUnable to resolve value set CanonicalType[https://mos.esante.gouv.fr/NOS/TRE_R65-AgregatCategorieEtablissement/FHIR/TRE-R65-AgregatCategorieEtablissement?vs]
[0;39m[39mUnable to resolve value set CanonicalType[https://mos.esante.gouv.fr/NOS/TRE_R75-InseeNAFrev2Niveau5/FHIR/TRE-R75-InseeNAFrev2Niveau5?vs]
[0;39m[39mUnable to resolve value set CanonicalType[https://mos.esante.gouv.fr/NOS/TRE_R241-AideFinanciere/FHIR/TRE-R241-AideFinanciere?vs]
[0;39m[39mUnable to resolve value set CanonicalType[https://mos.esante.gouv.fr/NOS/TRE_R286-TypeFermeture/FHIR/TRE-R286-TypeFermeture?vs]
[0;39m[39mUnable to resolve value set CanonicalType[https://mos.esante.gouv.fr/NOS/TRE_R202-AccessibiliteLieu/FHIR/TRE-R202-AccessibiliteLieu?vs]
[0;39m[39mUnable to resolve value set CanonicalType[https://mos.esante.gouv.fr/NOS/TRE_R284-NiveauRecoursORSAN/FHIR/TRE-R284-NiveauRecoursORSAN?vs]
[0;39m[39mUnable to resolve value set CanonicalType[https://mos.esante.gouv.fr/NOS/TRE_G07-TypeIdentifiantStructure/FHIR/TRE-G07-TypeIdentifiantStructure?vs]
[0;39m[39mUnable to resolve value set CanonicalType[https://mos.esante.gouv.fr/NOS/TRE_R72-FinessStatutJuridique/FHIR/TRE-R72-FinessStatutJuridique?vs]
[0;39m[39mUnable to resolve value set CanonicalType[https://mos.esante.gouv.fr/NOS/TRE_R68-FinessAgregatStatutJuridiqueNiv1/FHIR/TRE-R68-FinessAgregatStatutJuridiqueNiv1?vs]
[0;39m[39mUnable to resolve value set CanonicalType[https://mos.esante.gouv.fr/NOS/TRE_R69-FinessAgregatStatutJuridiqueNiv2/FHIR/TRE-R69-FinessAgregatStatutJuridiqueNiv2?vs]
[0;39m[39mUnable to resolve value set CanonicalType[https://mos.esante.gouv.fr/NOS/TRE_R70-FinessAgregatStatutJuridique/FHIR/TRE-R70-FinessAgregatStatutJuridique?vs]
[0;39m[39mUnable to resolve value set CanonicalType[https://mos.esante.gouv.fr/NOS/TRE_R75-InseeNAFrev2Niveau5/FHIR/TRE-R75-InseeNAFrev2Niveau5?vs]
[0;39m[39mUnable to resolve value set CanonicalType[https://mos.esante.gouv.fr/NOS/TRE_R286-TypeFermeture/FHIR/TRE-R286-TypeFermeture?vs]
[0;39m[39mUnable to resolve value set CanonicalType[https://mos.esante.gouv.fr/NOS/TRE_R212-Equipement/FHIR/TRE-R212-Equipement?vs]
[0;39m[39mUnable to resolve value set CanonicalType[https://mos.esante.gouv.fr/NOS/TRE_R340-TypeCaracteristiqueEquipement/FHIR/TRE-R340-TypeCaracteristiqueEquipement?vs]
[0;39m[39mUnable to resolve value set CanonicalType[https://mos.esante.gouv.fr/NOS/TRE_R11-CiviliteExercice/FHIR/TRE-R11-CiviliteExercice?vs]
[0;39m[39mUnable to resolve value set CanonicalType[https://mos.esante.gouv.fr/NOS/TRE_R09-CategorieProfessionnelle/FHIR/TRE-R09-CategorieProfessionnelle?vs]
[0;39m[39mUnable to resolve value set CanonicalType[https://mos.esante.gouv.fr/NOS/TRE_G09-DepartementOM/FHIR/TRE-G09-DepartementOM?vs]
[0;39m[39mUnable to resolve value set CanonicalType[https://mos.esante.gouv.fr/NOS/TRE_R82-Ordre/FHIR/TRE-R82-Ordre?vs]
[0;39m[39mUnable to resolve value set CanonicalType[https://mos.esante.gouv.fr/NOS/TRE_R33-StatutInscription/FHIR/TRE-R33-StatutInscription?vs]
[0;39m[39mUnable to resolve value set CanonicalType[https://mos.esante.gouv.fr/NOS/TRE_G09-DepartementOM/FHIR/TRE-G09-DepartementOM?vs]
[0;39m[39mUnable to resolve value set CanonicalType[https://mos.esante.gouv.fr/NOS/TRE_R03-AttributionParticuliere/FHIR/TRE-R03-AttributionParticuliere?vs]
[0;39m[39mUnable to resolve value set CanonicalType[https://mos.esante.gouv.fr/NOS/TRE_R223-NatCycleForm/FHIR/TRE-R223-NatCycleForm?vs]
[0;39m[39mUnable to resolve value set CanonicalType[https://mos.esante.gouv.fr/NOS/TRE_R224-NiveauFormAcquis/FHIR/TRE-R224-NiveauFormAcquis?vs]
[0;39m[39mUnable to resolve value set CanonicalType[https://mos.esante.gouv.fr/NOS/TRE_R225-AnneeUniversitaire/FHIR/TRE-R225-AnneeUniversitaire?vs]
[0;39m[39mUnable to resolve value set CanonicalType[https://mos.esante.gouv.fr/NOS/TRE_R04-TypeSavoirFaire/FHIR/TRE-R04-TypeSavoirFaire?vs]
[0;39m[39mUnable to resolve value set CanonicalType[https://mos.esante.gouv.fr/NOS/TRE_R348-FormationSpecialiseeTransversale/FHIR/TRE-R348-FormationSpecialiseeTransversale?vs]
[0;39m[39mUnable to resolve value set CanonicalType[https://mos.esante.gouv.fr/NOS/TRE_R14-TypeDiplome/FHIR/TRE-R14-TypeDiplome?vs]
[0;39m[39mUnable to resolve value set CanonicalType[https://mos.esante.gouv.fr/NOS/TRE_R16-LieuFormation/FHIR/TRE-R16-LieuFormation?vs]
[0;39m[39mUnable to resolve value set CanonicalType[https://mos.esante.gouv.fr/NOS/TRE_R252-TypeHoraire/FHIR/TRE-R252-TypeHoraire?vs]
[0;39m[39mUnable to resolve value set CanonicalType[https://mos.esante.gouv.fr/NOS/TRE_G00-Langue/FHIR/TRE-G00-Langue?vs]
[0;39m[39mUnable to resolve value set CanonicalType[https://mos.esante.gouv.fr/NOS/TRE_R203-StatutLieu/FHIR/TRE-R203-StatutLieu?vs]
[0;39m[39mUnable to resolve value set CanonicalType[https://mos.esante.gouv.fr/NOS/TRE_R202-AccessibiliteLieu/FHIR/TRE-R202-AccessibiliteLieu?vs]
[0;39m[39mUnable to resolve value set CanonicalType[https://mos.esante.gouv.fr/NOS/TRE_R13-CommuneOM/FHIR/TRE-R13-CommuneOM?vs]
[0;39m[39mUnable to resolve value set CanonicalType[https://mos.esante.gouv.fr/NOS/TRE_R329-NatureCapacite/FHIR/TRE-R329-NatureCapacite?vs]
[0;39m[39mUnable to resolve value set CanonicalType[https://mos.esante.gouv.fr/NOS/TRE_R330-TypeStatutCapacite/FHIR/TRE-R330-TypeStatutCapacite?vs]
[0;39m[39mUnable to resolve value set CanonicalType[https://mos.esante.gouv.fr/NOS/TRE_R331-TemporaliteCapacite/FHIR/TRE-R331-TemporaliteCapacite?vs]
[0;39m[39mUnable to resolve value set CanonicalType[https://mos.esante.gouv.fr/NOS/TRE_R335-TypeSourceCapacite/FHIR/TRE-R335-TypeSourceCapacite?vs]
[0;39m[39mUnable to resolve value set CanonicalType[https://mos.esante.gouv.fr/NOS/TRE_R244-CategorieOrganisation/FHIR/TRE-R244-CategorieOrganisation?vs]
[0;39m[39mUnable to resolve value set CanonicalType[https://mos.esante.gouv.fr/NOS/TRE_R227-ChampActivite/FHIR/TRE-R227-ChampActivite?vs]
[0;39m[39mUnable to resolve value set CanonicalType[https://mos.esante.gouv.fr/NOS/TRE_R240-TemporaliteAccueil/FHIR/TRE-R240-TemporaliteAccueil?vs]
[0;39m[39mUnable to resolve value set CanonicalType[https://mos.esante.gouv.fr/NOS/TRE_R213-ModePriseEnCharge/FHIR/TRE-R213-ModePriseEnCharge?vs]
[0;39m[39mUnable to resolve value set CanonicalType[https://mos.esante.gouv.fr/NOS/TRE_R338-ModaliteAccueil/FHIR/TRE-R338-ModaliteAccueil?vs]
[0;39m[39mUnable to resolve value set CanonicalType[https://mos.esante.gouv.fr/NOS/TRE_R236-ModeGestion/FHIR/TRE-R236-ModeGestion?vs]
[0;39m[39mUnable to resolve value set CanonicalType[https://mos.esante.gouv.fr/NOS/TRE_R210-ActeSpecifique/FHIR/TRE-R210-ActeSpecifique?vs]
[0;39m[39mUnable to resolve value set CanonicalType[https://mos.esante.gouv.fr/NOS/TRE_R210-ActeSpecifique/FHIR/TRE-R210-ActeSpecifique?vs]
[0;39m[39mUnable to resolve value set CanonicalType[https://mos.esante.gouv.fr/NOS/TRE_R245-SpecialisationDePriseEnCharge/FHIR/TRE-R245-SpecialisationDePriseEnCharge?vs]
[0;39m[39mUnable to resolve value set CanonicalType[https://mos.esante.gouv.fr/NOS/TRE_R238-OuvertureAnnuelle/FHIR/TRE-R238-OuvertureAnnuelle?vs]
[0;39m[39mUnable to resolve value set CanonicalType[https://mos.esante.gouv.fr/NOS/TRE_R243-CompetenceSpecifique/FHIR/TRE-R243-CompetenceSpecifique?vs]
[0;39m[39mUnable to resolve value set CanonicalType[https://mos.esante.gouv.fr/NOS/TRE_R344-NiveauExpertise/FHIR/TRE-R344-NiveauExpertise?vs]
[0;39m[39mUnable to resolve value set CanonicalType[https://mos.esante.gouv.fr/NOS/TRE_R286-TypeFermeture/FHIR/TRE-R286-TypeFermeture?vs]
[0;39m[39mUnable to resolve value set CanonicalType[https://mos.esante.gouv.fr/NOS/TRE_R211-ActiviteOperationnelle/FHIR/TRE-R211-ActiviteOperationnelle?vs]
[0;39m[39mUnable to resolve value set CanonicalType[https://mos.esante.gouv.fr/NOS/TRE_R207-TypeOrganisationInterne/FHIR/TRE-R207-TypeOrganisationInterne?vs]
[0;39m[39mUnable to resolve value set CanonicalType[https://mos.esante.gouv.fr/NOS/TRE_R286-TypeFermeture/FHIR/TRE-R286-TypeFermeture?vs]
[0;39m[39mUnable to resolve value set CanonicalType[https://mos.esante.gouv.fr/NOS/TRE_R04-TypeSavoirFaire/FHIR/TRE-R04-TypeSavoirFaire?vs]
[0;39m[39mUnable to resolve value set CanonicalType[https://mos.esante.gouv.fr/NOS/TRE_R208-ClasseAge/FHIR/TRE-R208-ClasseAge?vs]
[0;39m[39mUnable to resolve value set CanonicalType[https://mos.esante.gouv.fr/NOS/TRE_R239-PublicPrisEnCharge/FHIR/TRE-R239-PublicPrisEnCharge?vs]
[0;39m[39mUnable to resolve value set CanonicalType[https://mos.esante.gouv.fr/NOS/TRE_R81-Civilite/FHIR/TRE-R81-Civilite?vs]
[0;39m[39mUnable to resolve value set CanonicalType[https://mos.esante.gouv.fr/NOS/TRE_R10-SexeAdministratif/FHIR/TRE-R10-SexeAdministratif?vs]
[0;39m[39mUnable to resolve value set CanonicalType[https://mos.esante.gouv.fr/NOS/TRE_R13-CommuneOM/FHIR/TRE-R13-CommuneOM?vs]
[0;39m[39mUnable to resolve value set CanonicalType[https://mos.esante.gouv.fr/NOS/TRE_G09-DepartementOM/FHIR/TRE-G09-DepartementOM?vs]
[0;39m[39mUnable to resolve value set CanonicalType[https://mos.esante.gouv.fr/NOS/TRE_R31-StatutEtatCivil/FHIR/TRE-R31-StatutEtatCivil?vs]
[0;39m[39mUnable to resolve value set CanonicalType[https://mos.esante.gouv.fr/NOS/TRE_R20-Pays/FHIR/TRE-R20-Pays?vs]
[0;39m[39mUnable to resolve value set CanonicalType[https://mos.esante.gouv.fr/NOS/TRE_G08-TypeIdentifiantPersonne/FHIR/TRE-G08-TypeIdentifiantPersonne?vs]
[0;39m[39mUnable to resolve value set CanonicalType[https://mos.esante.gouv.fr/NOS/TRE_R04-TypeSavoirFaire/FHIR/TRE-R04-TypeSavoirFaire?vs]
[0;39m[39mUnable to resolve value set CanonicalType[https://mos.esante.gouv.fr/NOS/TRE_R04-TypeSavoirFaire/FHIR/TRE-R04-TypeSavoirFaire?vs]
[0;39m[39mUnable to resolve value set CanonicalType[https://mos.esante.gouv.fr/NOS/TRE_R23-ModeExercice/FHIR/TRE-R23-ModeExercice?vs]
[0;39m[39mUnable to resolve value set CanonicalType[https://mos.esante.gouv.fr/NOS/TRE_R22-GenreActivite/FHIR/TRE-R22-GenreActivite?vs]
[0;39m[39mUnable to resolve value set CanonicalType[https://mos.esante.gouv.fr/NOS/TRE_R25-MotifFinActivite/FHIR/TRE-R25-MotifFinActivite?vs]
[0;39m[39mUnable to resolve value set CanonicalType[https://mos.esante.gouv.fr/NOS/TRE_R32-StatutHospitalier/FHIR/TRE-R32-StatutHospitalier?vs]
[0;39m[39mUnable to resolve value set CanonicalType[https://mos.esante.gouv.fr/NOS/TRE_R06-SectionTableauCNOP/FHIR/TRE-R06-SectionTableauCNOP?vs]
[0;39m[39mUnable to resolve value set CanonicalType[https://mos.esante.gouv.fr/NOS/TRE_G05-SousSectionTableauCNOP/FHIR/TRE-G05-SousSectionTableauCNOP?vs]
[0;39m[39mUnable to resolve value set CanonicalType[https://mos.esante.gouv.fr/NOS/TRE_R24-TypeActiviteLiberale/FHIR/TRE-R24-TypeActiviteLiberale?vs]
[0;39m[39mUnable to resolve value set CanonicalType[https://mos.esante.gouv.fr/NOS/TRE_R34-StatutProfessionnelSSA/FHIR/TRE-R34-StatutProfessionnelSSA?vs]
[0;39m[39mUnable to resolve value set CanonicalType[https://mos.esante.gouv.fr/NOS/TRE_R23-ModeExercice/FHIR/TRE-R23-ModeExercice?vs]
[0;39m[39mUnable to resolve value set CanonicalType[https://mos.esante.gouv.fr/NOS/TRE_R243-CompetenceSpecifique/FHIR/TRE-R243-CompetenceSpecifique?vs]
[0;39m[39mUnable to resolve value set CanonicalType[https://mos.esante.gouv.fr/NOS/TRE_R282-CNAMAmeliSecteurConventionnement/FHIR/TRE-R282-CNAMAmeliSecteurConventionnement?vs]
[0;39m[39mUnable to resolve value set CanonicalType[https://mos.esante.gouv.fr/NOS/TRE_R04-TypeSavoirFaire/FHIR/TRE-R04-TypeSavoirFaire?vs]
[0;39m[39mUnable to resolve value set CanonicalType[https://mos.esante.gouv.fr/NOS/TRE_R04-TypeSavoirFaire/FHIR/TRE-R04-TypeSavoirFaire?vs]
[0;39m[39mUnable to resolve value set CanonicalType[https://mos.esante.gouv.fr/NOS/TRE_R200-CanalCommunication/FHIR/TRE-R200-CanalCommunication?vs]
[0;39m[39mUnable to resolve value set CanonicalType[https://mos.esante.gouv.fr/NOS/TRE_R256-TypeMessagerie/FHIR/TRE-R256-TypeMessagerie?vs]
[0;39m[39mUnable to resolve value set CanonicalType[https://mos.esante.gouv.fr/NOS/TRE_R283-NiveauConfidentialite/FHIR/TRE-R283-NiveauConfidentialite?vs]
[0;39m[39mUnable to resolve value set CanonicalType[https://mos.esante.gouv.fr/NOS/TRE_R325-SituationProfessionnelle/FHIR/TRE-R325-SituationProfessionnelle?vs]
[0;39m[39mUnable to resolve value set CanonicalType[https://mos.esante.gouv.fr/NOS/TRE_R326-SituationSansEmploi/FHIR/TRE-R326-SituationSansEmploi?vs]
[0;39m[39mUnable to resolve value set CanonicalType[https://mos.esante.gouv.fr/NOS/TRE_R324-BesoinSoutienProjetProfessionnel/FHIR/TRE-R324-BesoinSoutienProjetProfessionnel?vs]
[0;39m[39mUnable to resolve value set CanonicalType[https://mos.esante.gouv.fr/NOS/TRE_R317-SituationVieQuotidienne/FHIR/TRE-R317-SituationVieQuotidienne?vs]
[0;39m[39mUnable to resolve value set CanonicalType[https://mos.esante.gouv.fr/NOS/TRE_R328-TypeScolarisation/FHIR/TRE-R328-TypeScolarisation?vs]
[0;39m[33mExpanding https://interop.esante.gouv.fr/ig/mos/ValueSet/besoinVieQuotidienne-vs|0.1.0-ballot: Error from https://smt.esante.gouv.fr/fhir: Error: [7bfa29de-5084-48ee-9981-96abfe998314]: A usable code system with URL https://mos.esante.gouv.fr/NOS/TRE_R319-BesoinAideVieSociale/FHIR/TRE-R319-BesoinAideVieSociale could not be resolved.
Information: X-Request-Id: 5c902aee-1d6a-43b8-b78d-d4505dbae8f2
[0;39m[33mExpanding https://interop.esante.gouv.fr/ig/mos/ValueSet/familleActiviteOperationnelle-vs|0.1.0-ballot: Error from https://smt.esante.gouv.fr/fhir: Error: [7737ad67-171c-45d7-9953-b35b66a982e5]: A usable code system with URL https://mos.esante.gouv.fr/NOS/TRE_R265-PrestationPilotageSerafin/FHIR/TRE-R265-PrestationPilotageSerafin could not be resolved.
Information: X-Request-Id: a05a2fe8-dddd-4506-af26-a1304ce96c8a
[0;39m[39mProducing Output Package in /tmp/ig-builds/ans.fr.mos#0.1.0-ballot/output/package-combined.tgz
[0;39m[39mDone
[0;39m[39m
[0;39m[39mInstalling ans.fr.mos#0.1.0-ballot
[0;39m[39m done.
[0;39m[39m loaded @ /home/runner/.fhir/packages/ans.fr.mos#0.1.0-ballot
[0;39mChecking Output HTML                                                                                 (00:04.710 / 02:48.186, 732Mb)
Processed /tmp/ig-builds/ans.fr.mos#0.1.0-ballot/output - % reduction = 99 (108511514 ==> 1237301)
found 2306 files                                                                                     (00:02.940 / 02:51.126, 941Mb)
........................................
........................................
  ... 2306 html files, 0 pages invalid xhtml (0%)                                                    (00:26.256 / 03:17.382, 1009Mb)
  ... 221806 links, 1 broken links (0%)                                                              (00:00.000 / 03:17.383, 1009Mb)
Generate fragment-usage-analysis.csv                                                                 (00:00.000 / 03:17.383, 1009Mb)
Build final .zip                                                                                     (00:00.005 / 03:17.389, 1010Mb)
Final .zip built                                                                                     (00:02.902 / 03:20.292, 1Gb)
Built. Times: loading: 00:03.813, generate: 02:34.471, narrative generation: 00:35.579, realm-rules: 00:00.000, previous-version: 00:00.000, jekyll: 00:04.576, validation: 00:44.880 (#121), template: 00:04.776 (#3) (00:02.826 / 03:23.118, 993Mb)
Generating QA                                                                                        (00:00.000 / 03:23.118, 993Mb)
Internal error in location for message: 'Error @1, 2: Found / expecting a token name', loc = '/tmp/ig-builds/ans.fr.mos#0.1.0-ballot/output/accompagnant.html#/html/body/div/div/div/div/div/scrip', err = 'The <script> containing the javascript '(function() {   // A'... is illegal and not allowed on the H'
Validation output in /tmp/ig-builds/ans.fr.mos#0.1.0-ballot/output/qa.html
Errors: 32, Warnings: 1211, Info: 2, Broken Links: 1 (00:00.689 / 03:23.808, 1Gb)
Finished @ 20/04/2026 15:12. Max Memory Used = 1Gb. Log file saved in /tmp/fhir-ig-publisher-tmp.log (00:00.022 / 03:23.831, 1Gb)
Keep a copy of the build directory at /tmp/web-root/run-20260420/ig-build-zips/ans.fr.mos#0.1.0-ballot.zip

ok. All checks passed. Publish v0.1.0-ballot to /tmp/web-root/run-20260420/mos/0.1.0-ballot
Copy the IG to /tmp/web-root/run-20260420/mos/0.1.0-ballot
Update /tmp/web-root/run-20260420/mos/package-list.json
Publish Box Statement: This page is part of the ModĂ¨le des Objets de SantĂ© (MOS) (v0.1.0-ballot: <a data-no-external="true" href="https://confluence.hl7.org/display/HL7/HL7+Balloting" title="Standard for Trial-Use">STU</a>1 Ballot 1) based on <a data-no-external="true" href="http://hl7.org/fhir/R4">FHIR (HL7Â® FHIRÂ® Standard) R4</a>. No current official version has been published yet.  For a full list of available versions, see the <a data-no-external="true" href="https://interop.esante.gouv.fr/ig/mos/history.html">Directory of published versions</a>
  .. 1014 files checked, 1014 updated
  .. 245 clones checked, 490 updated
  .. 121 redirections (121 created/updated)
ans.fr.mos (https://interop.esante.gouv.fr/ig/mos): ModĂ¨le des Objets de SantĂ© (MOS) @ https://ansforge.github.io/IG-modele-objets-sante/main/ig
  edition: STU1 Ballot 0.1.0-ballot/4.0.1 @ https://interop.esante.gouv.fr/ig/mos/0.1.0-ballot
Build is complete. Copy from /tmp/web-root/run-20260420
Update history page at /tmp/web-root/run-20260420/mos from /home/runner/work/IG-modele-objets-sante/IG-modele-objets-sante/./IG-website-release/fhir-ig-history-template and ./IG-website-release/templates
