FHIR IG Publisher Version 2.2.9 (Git# 6cfa582de523). Built 2026-06-12T19:54:55.822Z (5 days old)
Detected Java version: 17.0.10 from /opt/hostedtoolcache/Java_Microsoft_jdk/17.0.10/x64 on amd64 (64bit). 3998MB available
dir = /home/runner/work/IG-documentation/IG-documentation, path = /opt/hostedtoolcache/Ruby/3.3.11/x64/bin:/opt/hostedtoolcache/node/20.20.2/x64/bin:/opt/hostedtoolcache/Java_Microsoft_jdk/17.0.10/x64/bin:/snap/bin:/home/runner/.local/bin:/opt/pipx_bin:/home/runner/.cargo/bin:/home/runner/.config/composer/vendor/bin:/usr/local/.ghcup/bin:/home/runner/.dotnet/tools:/usr/local/sbin:/usr/local/bin:/usr/sbin:/usr/bin:/sbin:/bin:/usr/games:/usr/local/games:/snap/bin
Parameters: -go-publish -authorise-non-conformant-tx-servers -source ./igSource -web ./IG-website-release/www/ig -registry ./IG-website-release/ig-registry/fhir-ig-list.json -history ./IG-website-release/fhir-ig-history-template -templates ./IG-website-release/templates
---------------
Publication Run: publish ./igSource to ./IG-website-release/www/ig
Relative directory for IG is '/documentation'
===== Web Publication Run Details ===============================
 Source IG: ans.fr.documentation#0.1.11 : https://interop.esante.gouv.fr/ig/documentation (R4) from ./igSource
All checks passed. Do the publication build from /home/runner/work/IG-documentation/IG-documentation/./igSource and publish to /tmp/web-root/run-20260618/documentation
Prepare Build space in /tmp/ig-builds/ans.fr.documentation#0.1.11
Build IG at /home/runner/work/IG-documentation/IG-documentation/./igSource: final copy suitable for publication (in /tmp/ig-builds/ans.fr.documentation#0.1.11)
FHIR IG Publisher Version 2.2.9 (Git# 6cfa582de523). Built 2026-06-12T19:54:55.822Z (5 days old)    
Detected Java version: 17.0.10 from /opt/hostedtoolcache/Java_Microsoft_jdk/17.0.10/x64 on Linux/amd64 (64bit). 3998MB available
dir = /home/runner/work/IG-documentation/IG-documentation, path = /opt/hostedtoolcache/Ruby/3.3.11/x64/bin:/opt/hostedtoolcache/node/20.20.2/x64/bin:/opt/hostedtoolcache/Java_Microsoft_jdk/17.0.10/x64/bin:/snap/bin:/home/runner/.local/bin:/opt/pipx_bin:/home/runner/.cargo/bin:/home/runner/.config/composer/vendor/bin:/usr/local/.ghcup/bin:/home/runner/.dotnet/tools:/usr/local/sbin:/usr/local/bin:/usr/sbin:/usr/bin:/sbin:/bin:/usr/games:/usr/local/games:/snap/bin
Parameters: -publish https://interop.esante.gouv.fr/ig/documentation/0.1.11 -no-exit -ig /tmp/ig-builds/ans.fr.documentation#0.1.11 -resetTx
Character encoding = UTF-8 / UTF-8                                                                  
Start Clock @ Thursday, June 18, 2026 at 11:34:36 AM Coordinated Universal Time (2026-06-18T11:34:36Z)
                                                                                                    
Build FHIR IG from /tmp/ig-builds/ans.fr.documentation#0.1.11                                        (00:00.018 / 00:00.018, 33Mb)
Build Formal Publication package, intended for https://interop.esante.gouv.fr/ig/documentation/0.1.11 (00:00.003 / 00:00.021, 33Mb)
API keys loaded from /home/runner/.fhir/fhir-settings.json                                           (00:00.000 / 00:00.022, 33Mb)
Package Cache: /home/runner/.fhir/packages                                                           (00:00.003 / 00:00.026, 33Mb)
Root directory: /tmp/ig-builds/ans.fr.documentation#0.1.11                                           (00:00.003 / 00:00.029, 33Mb)
Unable to load IG as an r5 IG - try R4 (property code is a class com.google.gson.JsonPrimitive looking for an object) (00:00.422 / 00:00.452, 55Mb)
Load Template from ans.fr.template#0.2.0                                                             (00:00.418 / 00:00.870, 26Mb)
 Load Template from fhir.base.template#0.8.1                                                         (00:00.011 / 00:00.882, 26Mb)
[33mThis content depends on fhir.base.template which is no longer considered secure to use
[0;39m[33mSee Security notification at https://www.fhir.org/guides/security-notices/2026-03-npm-dependencies.html
[0;39mScanning directory: /tmp/ig-builds/ans.fr.documentation#0.1.11/template
======================================================================
Terminology Cache is at /tmp/ig-builds/ans.fr.documentation#0.1.11/input-cache/txcache. Clearing now (00:02.390 / 00:03.273, 87Mb)
Core Package hl7.fhir.r4.core#4.0.1                                                                  (00:00.001 / 00:03.274, 87Mb)
Running Terminology Log: /tmp/ohfu-fhir-ig-7932580056308813864.html
Connect to Terminology Server at http://tx.fhir.org                                                  (00:03.778 / 00:07.054, 499Mb)
[39mLoad Package hl7.fhir.pubpack#0.2.5
[0;39m[39mLoad Package hl7.fhir.xver-extensions#0.1.0
[0;39m[39mLoad Package hl7.terminology.r4#7.2.0
[0;39m[39mLoad Package hl7.fhir.uv.extensions.r4#5.3.0
[0;39m[39mLoad Package hl7.fhir.uv.tools.r4#1.1.2
[0;39mLoad R5 Specials
Initialization complete                                                                              (00:04.437 / 00:11.491, 422Mb)
Load IG                                                                                              (00:00.000 / 00:11.492, 422Mb)
Load Content                                                                                         (00:00.002 / 00:11.495, 422Mb)
Using fr_FR as the default narrative language. (inferred from ImplementationGuide.jurisdiction=FR)   (00:00.027 / 00:11.522, 428Mb)
Process Loaded Resources                                                                             (00:00.062 / 00:11.585, 299Mb)
Generating Snapshots                                                                                 (00:00.020 / 00:11.605, 304Mb)

Signing Certificate: RSA key for Subject: OU=IG Publisher, L=Ann Arbor, CN=hl7.org, O=HL7, ST=Missouri, C=us from: OU=IG Publisher, L=Ann Arbor, CN=hl7.org, O=HL7, ST=Missouri, C=us
Fetch https://interop.esante.gouv.fr/ig/documentation/package-list.json for version check            (00:00.119 / 00:11.725, 310Mb)
Checking Language                                                                                    (00:00.587 / 00:12.312, 311Mb)
Load Dependency Info                                                                                 (00:00.001 / 00:12.314, 312Mb)
Load Info                                                                                            (00:00.000 / 00:12.315, 312Mb)
Load Paths                                                                                           (00:00.000 / 00:12.315, 313Mb)
Check R4 / R4B                                                                                       (00:00.000 / 00:12.316, 313Mb)
Assign Comparison Ids                                                                                (00:00.012 / 00:12.329, 315Mb)
Propagating status                                                                                   (00:00.000 / 00:12.329, 315Mb)
Generating Narratives                                                                                (00:00.000 / 00:12.330, 315Mb)
Validating Conformance Resources                                                                     (00:00.058 / 00:12.388, 324Mb)
Check profiles & code systems                                                                        (00:05.571 / 00:17.959, 787Mb)
Check realm rules                                                                                    (00:00.000 / 00:17.959, 787Mb)
Previous Version Comparison                                                                          (00:00.000 / 00:17.960, 787Mb)
.. loaded. Process                                                                                   (00:00.000 / 00:17.960, 787Mb)
  ...ImplementationGuide ans.fr.documentation                                                        (00:00.000 / 00:17.961, 787Mb)
finish previous version comparison                                                                   (00:00.000 / 00:17.962, 787Mb)
finish ipa version                                                                                   (00:00.000 / 00:17.962, 787Mb)
finish ips version                                                                                   (00:00.000 / 00:17.962, 787Mb)
comparisons done                                                                                     (00:00.000 / 00:17.963, 787Mb)
Checking for Bundles to sign                                                                         (00:00.006 / 00:17.970, 787Mb)
Validating Resources                                                                                 (00:00.000 / 00:17.970, 787Mb)
Processing Provenance Records                                                                        (00:00.000 / 00:17.971, 787Mb)
Generating Outputs in /tmp/ig-builds/ans.fr.documentation#0.1.11/output                              (00:00.000 / 00:17.971, 787Mb)
Generate Native Outputs                                                                              (00:00.168 / 00:18.139, 804Mb)
Run Template                                                                                         (00:00.435 / 00:18.575, 900Mb)
Generate HTML Outputs                                                                                (00:01.515 / 00:20.090, 948Mb)
Generate Spreadsheets                                                                                (00:00.047 / 00:20.137, 964Mb)
Generate Summaries                                                                                   (00:00.000 / 00:20.138, 964Mb)
Generating Summary Outputs                                                                           (00:00.000 / 00:20.138, 965Mb)
DB Cumulative Time invested: 00:00:00.43
Sending Usage Stats to Server                                                                        (00:02.847 / 00:22.986, 850Mb)
## Memory (MB): Use = 851, Free = 416, Total = 1268, Max = 3998                                      (00:00.004 / 00:22.990, 852Mb)
Reclaiming memory...                                                                                 (00:00.000 / 00:22.991, 852Mb)
Generating combined package                                                                          (00:00.001 / 00:22.992, 852Mb)
Error generating combined package: /tmp/ig-builds/ans.fr.documentation#0.1.11/output/package.tgz (No such file or directory) (00:00.002 / 00:22.995, 852Mb)
## Memory (MB): Use = 267, Free = 646, Total = 914, Max = 3998                                       (00:00.173 / 00:23.169, 269Mb)
Run jekyll: jekyll build --destination "/tmp/ig-builds/ans.fr.documentation#0.1.11/output" (in folder /tmp/ig-builds/ans.fr.documentation#0.1.11/temp/pages) (00:00.006 / 00:23.175, 269Mb)
Troubleshooting Note: usual cases for Jekyll to fail are:                                            (00:00.005 / 00:23.181, 269Mb)
* A failure to produce a fragment that is already logged in the output above                         (00:00.000 / 00:23.181, 269Mb)
* A reference to a manually edited file that hasn't been provided                                    (00:00.000 / 00:23.182, 269Mb)
Jekyll: Source: /tmp/ig-builds/ans.fr.documentation#0.1.11/temp/pages                                (00:00.553 / 00:23.736, 273Mb)
Jekyll: Generating...                                                                                (00:00.000 / 00:23.736, 273Mb)
Jekyll: done in 0.502 seconds.                                                                       (00:00.501 / 00:24.238, 273Mb)
[39m
[0;39m[39mInstalling ans.fr.documentation#0.1.11
[0;39m[39m done.
[0;39m[39m loaded @ /home/runner/.fhir/packages/ans.fr.documentation#0.1.11
[0;39mChecking Output HTML                                                                                 (00:00.526 / 00:24.765, 348Mb)
Processed /tmp/ig-builds/ans.fr.documentation#0.1.11/output - % reduction = 78 (500722 ==> 111491)
found 592 files                                                                                      (00:00.123 / 00:24.889, 402Mb)
..........................................
..........................................
  ... 592 html files, 0 pages invalid xhtml (0%)                                                     (00:00.705 / 00:25.595, 351Mb)
  ... 1180 links, 7 broken links (0%)                                                                (00:00.001 / 00:25.596, 351Mb)
Generate fragment-usage-analysis.csv                                                                 (00:00.000 / 00:25.596, 351Mb)
Build final .zip                                                                                     (00:00.014 / 00:25.610, 352Mb)
Final .zip built                                                                                     (00:00.561 / 00:26.172, 364Mb)
Built. Times: loading: 00:00.817, generate: 00:14.730, narrative generation: 00:00.057, validation: 00:05.569, realm-rules: 00:00.000, previous-version: 00:00.002, jekyll: 00:01.076, template: 00:01.514 (#3) (00:00.871 / 00:27.043, 521Mb)
Generating QA                                                                                        (00:00.000 / 00:27.044, 521Mb)
Validation output in /tmp/ig-builds/ans.fr.documentation#0.1.11/output/qa.html
Errors: 2, Warnings: 4, Info: 0, Broken Links: 7 (00:00.108 / 00:27.152, 534Mb)
Finished @ 18/06/2026 11:35. Max Memory Used = 965Mb. Log file saved in /tmp/fhir-ig-publisher-tmp.log (00:00.011 / 00:27.163, 534Mb)
Prepare Build space in /tmp/ig-builds/ans.fr.documentation#0.1.11-milestone
Build IG at /home/runner/work/IG-documentation/IG-documentation/./igSource: final copy suitable for publication (in /tmp/ig-builds/ans.fr.documentation#0.1.11-milestone) (milestone build)
FHIR IG Publisher Version 2.2.9 (Git# 6cfa582de523). Built 2026-06-12T19:54:55.822Z (5 days old)    
Detected Java version: 17.0.10 from /opt/hostedtoolcache/Java_Microsoft_jdk/17.0.10/x64 on Linux/amd64 (64bit). 3998MB available
dir = /home/runner/work/IG-documentation/IG-documentation, path = /opt/hostedtoolcache/Ruby/3.3.11/x64/bin:/opt/hostedtoolcache/node/20.20.2/x64/bin:/opt/hostedtoolcache/Java_Microsoft_jdk/17.0.10/x64/bin:/snap/bin:/home/runner/.local/bin:/opt/pipx_bin:/home/runner/.cargo/bin:/home/runner/.config/composer/vendor/bin:/usr/local/.ghcup/bin:/home/runner/.dotnet/tools:/usr/local/sbin:/usr/local/bin:/usr/sbin:/usr/bin:/sbin:/bin:/usr/games:/usr/local/games:/snap/bin
Parameters: -publish https://interop.esante.gouv.fr/ig/documentation/0.1.11 -no-exit -ig /tmp/ig-builds/ans.fr.documentation#0.1.11-milestone -milestone
Character encoding = UTF-8 / UTF-8                                                                  
Start Clock @ Thursday, June 18, 2026 at 11:35:04 AM Coordinated Universal Time (2026-06-18T11:35:04Z)
                                                                                                    
Build FHIR IG from /tmp/ig-builds/ans.fr.documentation#0.1.11-milestone                              (00:00.002 / 00:00.002, 558Mb)
Build Formal Publication package, intended for https://interop.esante.gouv.fr/ig/documentation/0.1.11 (00:00.000 / 00:00.002, 558Mb)
API keys loaded from /home/runner/.fhir/fhir-settings.json                                           (00:00.000 / 00:00.003, 558Mb)
Package Cache: /home/runner/.fhir/packages                                                           (00:00.000 / 00:00.003, 558Mb)
Root directory: /tmp/ig-builds/ans.fr.documentation#0.1.11-milestone                                 (00:00.002 / 00:00.005, 558Mb)
Unable to load IG as an r5 IG - try R4 (property code is a class com.google.gson.JsonPrimitive looking for an object) (00:00.001 / 00:00.006, 558Mb)
Load Template from ans.fr.template#0.2.0                                                             (00:00.015 / 00:00.022, 559Mb)
 Load Template from fhir.base.template#0.8.1                                                         (00:00.002 / 00:00.024, 560Mb)
[33mThis content depends on fhir.base.template which is no longer considered secure to use
[0;39m[33mSee Security notification at https://www.fhir.org/guides/security-notices/2026-03-npm-dependencies.html
[0;39mScanning directory: /tmp/ig-builds/ans.fr.documentation#0.1.11-milestone/template
======================================================================
Terminology Cache is at /tmp/ig-builds/ans.fr.documentation#0.1.11-milestone/input-cache/txcache. 10 files in cache (00:01.498 / 00:01.523, 726Mb)
Core Package hl7.fhir.r4.core#4.0.1                                                                  (00:00.000 / 00:01.524, 726Mb)
Running Terminology Log: /tmp/ohfu-fhir-ig-14426141063322334331.html
Connect to Terminology Server at http://tx.fhir.org                                                  (00:02.173 / 00:03.698, 942Mb)
[39mLoad Package hl7.fhir.pubpack#0.2.5
[0;39m[39mLoad Package hl7.fhir.xver-extensions#0.1.0
[0;39m[39mLoad Package hl7.terminology.r4#7.2.0
[0;39m[39mLoad Package hl7.fhir.uv.extensions.r4#5.3.0
[0;39m[39mLoad Package hl7.fhir.uv.tools.r4#1.1.2
[0;39mLoad R5 Specials
Initialization complete                                                                              (00:02.516 / 00:06.214, 1Gb)
Load IG                                                                                              (00:00.000 / 00:06.215, 1Gb)
Load Content                                                                                         (00:00.002 / 00:06.217, 1Gb)
Using fr_FR as the default narrative language. (inferred from ImplementationGuide.jurisdiction=FR)   (00:00.005 / 00:06.223, 1Gb)
Process Loaded Resources                                                                             (00:00.010 / 00:06.233, 1Gb)
Generating Snapshots                                                                                 (00:00.009 / 00:06.243, 1Gb)

Signing Certificate: RSA key for Subject: OU=IG Publisher, L=Ann Arbor, CN=hl7.org, O=HL7, ST=Missouri, C=us from: OU=IG Publisher, L=Ann Arbor, CN=hl7.org, O=HL7, ST=Missouri, C=us
Fetch https://interop.esante.gouv.fr/ig/documentation/package-list.json for version check            (00:00.018 / 00:06.262, 1Gb)
Checking Language                                                                                    (00:00.116 / 00:06.378, 1Gb)
Load Dependency Info                                                                                 (00:00.000 / 00:06.379, 1Gb)
Load Info                                                                                            (00:00.000 / 00:06.380, 1Gb)
Load Paths                                                                                           (00:00.000 / 00:06.380, 1Gb)
Check R4 / R4B                                                                                       (00:00.000 / 00:06.381, 1Gb)
Assign Comparison Ids                                                                                (00:00.004 / 00:06.385, 1Gb)
Propagating status                                                                                   (00:00.000 / 00:06.385, 1Gb)
Generating Narratives                                                                                (00:00.000 / 00:06.386, 1Gb)
Validating Conformance Resources                                                                     (00:00.008 / 00:06.394, 1Gb)
Check profiles & code systems                                                                        (00:01.950 / 00:08.344, 848Mb)
Check realm rules                                                                                    (00:00.000 / 00:08.345, 848Mb)
Previous Version Comparison                                                                          (00:00.000 / 00:08.345, 848Mb)
.. loaded. Process                                                                                   (00:00.000 / 00:08.346, 848Mb)
  ...ImplementationGuide ans.fr.documentation                                                        (00:00.000 / 00:08.346, 848Mb)
finish previous version comparison                                                                   (00:00.000 / 00:08.346, 848Mb)
finish ipa version                                                                                   (00:00.000 / 00:08.347, 848Mb)
finish ips version                                                                                   (00:00.000 / 00:08.347, 848Mb)
comparisons done                                                                                     (00:00.000 / 00:08.348, 848Mb)
Checking for Bundles to sign                                                                         (00:00.001 / 00:08.349, 848Mb)
Validating Resources                                                                                 (00:00.000 / 00:08.350, 848Mb)
Processing Provenance Records                                                                        (00:00.000 / 00:08.350, 849Mb)
Generating Outputs in /tmp/ig-builds/ans.fr.documentation#0.1.11-milestone/output                    (00:00.000 / 00:08.351, 849Mb)
Generate Native Outputs                                                                              (00:00.096 / 00:08.448, 865Mb)
Run Template                                                                                         (00:00.090 / 00:08.538, 891Mb)
Generate HTML Outputs                                                                                (00:01.230 / 00:09.769, 933Mb)
Generate Spreadsheets                                                                                (00:00.037 / 00:09.806, 948Mb)
Generate Summaries                                                                                   (00:00.000 / 00:09.807, 948Mb)
Generating Summary Outputs                                                                           (00:00.000 / 00:09.807, 948Mb)
DB Cumulative Time invested: 00:00:00.34
Sending Usage Stats to Server                                                                        (00:00.977 / 00:10.785, 1Gb)
## Memory (MB): Use = 1531, Free = 498, Total = 2030, Max = 3998                                     (00:00.001 / 00:10.786, 1Gb)
Reclaiming memory...                                                                                 (00:00.000 / 00:10.786, 1Gb)
Generating combined package                                                                          (00:00.001 / 00:10.788, 1Gb)
Error generating combined package: /tmp/ig-builds/ans.fr.documentation#0.1.11-milestone/output/package.tgz (No such file or directory) (00:00.000 / 00:10.789, 1Gb)
## Memory (MB): Use = 268, Free = 651, Total = 920, Max = 3998                                       (00:00.155 / 00:10.944, 269Mb)
Run jekyll: jekyll build --destination "/tmp/ig-builds/ans.fr.documentation#0.1.11-milestone/output" (in folder /tmp/ig-builds/ans.fr.documentation#0.1.11-milestone/temp/pages) (00:00.000 / 00:10.945, 270Mb)
Troubleshooting Note: usual cases for Jekyll to fail are:                                            (00:00.000 / 00:10.946, 270Mb)
* A failure to produce a fragment that is already logged in the output above                         (00:00.000 / 00:10.946, 270Mb)
* A reference to a manually edited file that hasn't been provided                                    (00:00.000 / 00:10.947, 270Mb)
Jekyll: Source: /tmp/ig-builds/ans.fr.documentation#0.1.11-milestone/temp/pages                      (00:00.383 / 00:11.330, 271Mb)
Jekyll: Generating...                                                                                (00:00.000 / 00:11.331, 271Mb)
Jekyll: done in 0.441 seconds.                                                                       (00:00.440 / 00:11.771, 271Mb)
[39m
[0;39m[39mInstalling ans.fr.documentation#0.1.11
[0;39m[39m loaded @ /home/runner/.fhir/packages/ans.fr.documentation#0.1.11
[0;39mChecking Output HTML                                                                                 (00:00.045 / 00:11.817, 277Mb)
Processed /tmp/ig-builds/ans.fr.documentation#0.1.11-milestone/output - % reduction = 78 (500722 ==> 111491)
found 592 files                                                                                      (00:00.062 / 00:11.879, 330Mb)
..........................................
..........................................
  ... 592 html files, 0 pages invalid xhtml (0%)                                                     (00:00.328 / 00:12.208, 555Mb)
  ... 1180 links, 7 broken links (0%)                                                                (00:00.000 / 00:12.208, 555Mb)
Generate fragment-usage-analysis.csv                                                                 (00:00.000 / 00:12.209, 555Mb)
Build final .zip                                                                                     (00:00.010 / 00:12.220, 557Mb)
Final .zip built                                                                                     (00:00.587 / 00:12.807, 568Mb)
Built. Times: loading: 00:00.160, generate: 00:06.979, narrative generation: 00:00.008, validation: 00:01.949, realm-rules: 00:00.000, previous-version: 00:00.002, jekyll: 00:00.834, template: 00:01.230 (#3) (00:00.551 / 00:13.358, 714Mb)
Generating QA                                                                                        (00:00.000 / 00:13.359, 714Mb)
Validation output in /tmp/ig-builds/ans.fr.documentation#0.1.11-milestone/output/qa.html
Errors: 2, Warnings: 4, Info: 0, Broken Links: 7 (00:00.037 / 00:13.397, 725Mb)
Finished @ 18/06/2026 11:35. Max Memory Used = 1Gb. Log file saved in /tmp/fhir-ig-publisher-tmp.log (00:00.004 / 00:13.401, 725Mb)
Keep a copy of the build directory at /tmp/web-root/run-20260618/ig-build-zips/ans.fr.documentation#0.1.11.zip

ok. All checks passed. Publish v0.1.11 to /tmp/web-root/run-20260618/documentation/0.1.11
Copy the IG to /tmp/web-root/run-20260618/documentation/0.1.11
Update /tmp/web-root/run-20260618/documentation/package-list.json
Publish Box Statement: This page is part of the Documentation des guides d'implémentation de l'ANS (v0.1.11: Release) based on <a data-no-external="true" href="http://hl7.org/fhir/R4">FHIR (HL7® FHIR® Standard) R4</a>. This is the current published version in its permanent home (it will always be available at this URL).  For a full list of available versions, see the <a data-no-external="true" href="https://interop.esante.gouv.fr/ig/documentation/history.html">Directory of published versions</a>
  .. 18 files checked, 18 updated
  .. 5 clones checked, 10 updated
  .. 1 redirections (1 created/updated)
This is a milestone release - publish v0.1.11 to /tmp/web-root/run-20260618/documentation
Update publish box for version 0.1.10 @ https://interop.esante.gouv.fr/ig/documentation/0.1.10
Publish Box Statement: This page is part of the Documentation des guides d'implémentation de l'ANS (v0.1.10: Release) based on <a data-no-external="true" href="http://hl7.org/fhir/R4">FHIR (HL7® FHIR® Standard) R4</a>. The current version which supersedes this version is <a data-no-external="true" href="https://interop.esante.gouv.fr/ig/documentation{{fn}}">0.1.11</a>.  For a full list of available versions, see the <a data-no-external="true" href="https://interop.esante.gouv.fr/ig/documentation/history.html">Directory of published versions</a>
  .. 17 files checked, 17 updated
  .. 5 clones checked, 0 updated
Building download for /tmp/web-root/run-20260618/documentation/0.1.10 url = https://interop.esante.gouv.fr/ig/documentation/0.1.10, canonical = https://interop.esante.gouv.fr/ig/documentation
  ...
 ..Finished
Update publish box for version 0.1.9 @ https://interop.esante.gouv.fr/ig/documentation/0.1.9
Publish Box Statement: This page is part of the Documentation des guides d'implémentation de l'ANS (v0.1.9: Release) based on <a data-no-external="true" href="http://hl7.org/fhir/R4">FHIR (HL7® FHIR® Standard) R4</a>. The current version which supersedes this version is <a data-no-external="true" href="https://interop.esante.gouv.fr/ig/documentation{{fn}}">0.1.11</a>.  For a full list of available versions, see the <a data-no-external="true" href="https://interop.esante.gouv.fr/ig/documentation/history.html">Directory of published versions</a>
  .. 18 files checked, 18 updated
  .. 9 clones checked, 0 updated
Building download for /tmp/web-root/run-20260618/documentation/0.1.9 url = https://interop.esante.gouv.fr/ig/documentation/0.1.9, canonical = https://interop.esante.gouv.fr/ig/documentation
  ...
 ..Finished
Update publish box for version 0.1.8 @ https://interop.esante.gouv.fr/ig/documentation/0.1.8
Publish Box Statement: This page is part of the Documentation des guides d'implémentation de l'ANS (v0.1.8: Release) based on <a data-no-external="true" href="http://hl7.org/fhir/R4">FHIR (HL7® FHIR® Standard) R4</a>. The current version which supersedes this version is <a data-no-external="true" href="https://interop.esante.gouv.fr/ig/documentation{{fn}}">0.1.11</a>.  For a full list of available versions, see the <a data-no-external="true" href="https://interop.esante.gouv.fr/ig/documentation/history.html">Directory of published versions</a>
  .. 18 files checked, 18 updated
  .. 9 clones checked, 0 updated
Update publish box for version 0.1.7 @ https://interop.esante.gouv.fr/ig/documentation/0.1.7
Publish Box Statement: This page is part of the Documentation des guides d'implémentation de l'ANS (v0.1.7: Release) based on <a data-no-external="true" href="http://hl7.org/fhir/R4">FHIR (HL7® FHIR® Standard) R4</a>. The current version which supersedes this version is <a data-no-external="true" href="https://interop.esante.gouv.fr/ig/documentation{{fn}}">0.1.11</a>.  For a full list of available versions, see the <a data-no-external="true" href="https://interop.esante.gouv.fr/ig/documentation/history.html">Directory of published versions</a>
  .. 17 files checked, 17 updated
  .. 9 clones checked, 0 updated
Update publish box for version 0.1.6 @ https://interop.esante.gouv.fr/ig/documentation/0.1.6
Publish Box Statement: This page is part of the Documentation des guides d'implémentation de l'ANS (v0.1.6: Release) based on <a data-no-external="true" href="http://hl7.org/fhir/R4">FHIR (HL7® FHIR® Standard) R4</a>. The current version which supersedes this version is <a data-no-external="true" href="https://interop.esante.gouv.fr/ig/documentation{{fn}}">0.1.11</a>.  For a full list of available versions, see the <a data-no-external="true" href="https://interop.esante.gouv.fr/ig/documentation/history.html">Directory of published versions</a>
  .. 17 files checked, 17 updated
  .. 9 clones checked, 0 updated
Update publish box for version 0.1.5 @ https://interop.esante.gouv.fr/ig/documentation/0.1.5
Publish Box Statement: This page is part of the Documentation des guides d'implémentation de l'ANS (v0.1.5: Release) based on <a data-no-external="true" href="http://hl7.org/fhir/R4">FHIR (HL7® FHIR® Standard) R4</a>. The current version which supersedes this version is <a data-no-external="true" href="https://interop.esante.gouv.fr/ig/documentation{{fn}}">0.1.11</a>.  For a full list of available versions, see the <a data-no-external="true" href="https://interop.esante.gouv.fr/ig/documentation/history.html">Directory of published versions</a>
  .. 17 files checked, 17 updated
  .. 9 clones checked, 0 updated
Update publish box for version 0.1.4 @ https://interop.esante.gouv.fr/ig/documentation/0.1.4
Publish Box Statement: This page is part of the Documentation des guides d'implémentation de l'ANS (v0.1.4: Release) based on <a data-no-external="true" href="http://hl7.org/fhir/R4">FHIR (HL7® FHIR® Standard) R4</a>. The current version which supersedes this version is <a data-no-external="true" href="https://interop.esante.gouv.fr/ig/documentation{{fn}}">0.1.11</a>.  For a full list of available versions, see the <a data-no-external="true" href="https://interop.esante.gouv.fr/ig/documentation/history.html">Directory of published versions</a>
  .. 21 files checked, 21 updated
  .. 9 clones checked, 0 updated
Update publish box for version 0.1.3 @ https://interop.esante.gouv.fr/ig/documentation/0.1.3
Publish Box Statement: This page is part of the Documentation des guides d'implémentation de l'ANS (v0.1.3: Release) based on <a data-no-external="true" href="http://hl7.org/fhir/R4">FHIR (HL7® FHIR® Standard) R4</a>. The current version which supersedes this version is <a data-no-external="true" href="https://interop.esante.gouv.fr/ig/documentation{{fn}}">0.1.11</a>.  For a full list of available versions, see the <a data-no-external="true" href="https://interop.esante.gouv.fr/ig/documentation/history.html">Directory of published versions</a>
  .. 20 files checked, 20 updated
  .. 10 clones checked, 0 updated
Update publish box for version 0.1.2 @ https://interop.esante.gouv.fr/ig/documentation/0.1.2
Publish Box Statement: This page is part of the Documentation des guides d'implémentation de l'ANS (v0.1.2: Release) based on <a data-no-external="true" href="http://hl7.org/fhir/R4">FHIR (HL7® FHIR® Standard) R4</a>. The current version which supersedes this version is <a data-no-external="true" href="https://interop.esante.gouv.fr/ig/documentation{{fn}}">0.1.11</a>.  For a full list of available versions, see the <a data-no-external="true" href="https://interop.esante.gouv.fr/ig/documentation/history.html">Directory of published versions</a>
  .. 18 files checked, 18 updated
  .. 10 clones checked, 0 updated
Update publish box for version 0.1.1 @ https://interop.esante.gouv.fr/ig/documentation/0.1.1
Publish Box Statement: This page is part of the Documentation des guides d'implémentation de l'ANS (v0.1.1: Release) based on <a data-no-external="true" href="http://hl7.org/fhir/R4">FHIR (HL7® FHIR® Standard) R4</a>. The current version which supersedes this version is <a data-no-external="true" href="https://interop.esante.gouv.fr/ig/documentation{{fn}}">0.1.11</a>.  For a full list of available versions, see the <a data-no-external="true" href="https://interop.esante.gouv.fr/ig/documentation/history.html">Directory of published versions</a>
  .. 17 files checked, 17 updated
  .. 10 clones checked, 0 updated
Update publish box for version 0.1.0 @ https://interop.esante.gouv.fr/ig/documentation/0.1.0
Publish Box Statement: This page is part of the Documentation des guides d'implémentation de l'ANS (v0.1.0: Release) based on <a data-no-external="true" href="http://hl7.org/fhir/R4">FHIR (HL7® FHIR® Standard) R4</a>. The current version which supersedes this version is <a data-no-external="true" href="https://interop.esante.gouv.fr/ig/documentation{{fn}}">0.1.11</a>.  For a full list of available versions, see the <a data-no-external="true" href="https://interop.esante.gouv.fr/ig/documentation/history.html">Directory of published versions</a>
  .. 66 files checked, 66 updated
  .. 23 clones checked, 0 updated
Publish Box Statement: This page is part of the Documentation des guides d'implémentation de l'ANS (v0.1.11: Release) based on <a data-no-external="true" href="http://hl7.org/fhir/R4">FHIR (HL7® FHIR® Standard) R4</a>. This is the current published version.  For a full list of available versions, see the <a data-no-external="true" href="https://interop.esante.gouv.fr/ig/documentation/history.html">Directory of published versions</a>
  .. 18 files checked, 18 updated
  .. 5 clones checked, 10 updated
  .. 1 redirections (1 created/updated)
Check for Files to delete
  ... 0 files
Copy to new IG /tmp/web-root/run-20260618/documentation
ans.fr.documentation (https://interop.esante.gouv.fr/ig/documentation): Documentation des guides d'implémentation de l'ANS @ https://ansforge.github.io/IG-documentation/ig/main
  edition: release 0.1.11/4.0.1 @ https://interop.esante.gouv.fr/ig/documentation/0.1.11
Build is complete. Copy from /tmp/web-root/run-20260618
Update history page at /tmp/web-root/run-20260618/documentation from /home/runner/work/IG-documentation/IG-documentation/./IG-website-release/fhir-ig-history-template and ./IG-website-release/templates
