FHIR IG Publisher Version 1.6.22 (Git# 33e2566af5b4). Built 2024-08-28T19:21:55.278Z (19 hours old)
Detected Java version: 17.0.10 from /opt/hostedtoolcache/Java_Microsoft_jdk/17.0.10/x64 on amd64 (64bit). 3996MB available
dir = /home/runner/work/IG-NOS/IG-NOS, path = /opt/hostedtoolcache/Java_Microsoft_jdk/17.0.10/x64/bin:/home/runner/.dotnet:/snap/bin:/home/runner/.local/bin:/opt/pipx_bin:/home/runner/.cargo/bin:/home/runner/.config/composer/vendor/bin:/usr/local/.ghcup/bin:/home/runner/.dotnet/tools:/usr/local/sbin:/usr/local/bin:/usr/sbin:/usr/bin:/sbin:/bin:/usr/games:/usr/local/games:/snap/bin
Parameters: -go-publish -source igRepo -web ./IG-website-release/www/ig -registry ./IG-website-release/ig-registry/fhir-ig-list.json -history ./IG-website-release/fhir-ig-history-template -templates ./IG-website-release/templates
---------------
Publication Run: publish igRepo to ./IG-website-release/www/ig
Run Number: 14
Relative directory for IG is '/nos'
===== Web Publication Run Details ===============================
 Source IG: ans.fr.nos#1.3.0 : https://interop.esante.gouv.fr/ig/nos (R4) from igRepo
All checks passed. Do the publication build from /home/runner/work/IG-NOS/IG-NOS/igRepo and publish to /tmp/web-root/run-20240829/nos
Prepare Build space in /tmp/ans.fr.nos#1.3.0
Build IG at /home/runner/work/IG-NOS/IG-NOS/igRepo: final copy suitable for publication (in /tmp/ans.fr.nos#1.3.0)
FHIR IG Publisher Version 1.6.22 (Git# 33e2566af5b4). Built 2024-08-28T19:21:55.278Z (19 hours old) 
Detected Java version: 17.0.10 from /opt/hostedtoolcache/Java_Microsoft_jdk/17.0.10/x64 on Linux/amd64 (64bit). 3996MB available
dir = /home/runner/work/IG-NOS/IG-NOS, path = /opt/hostedtoolcache/Java_Microsoft_jdk/17.0.10/x64/bin:/home/runner/.dotnet:/snap/bin:/home/runner/.local/bin:/opt/pipx_bin:/home/runner/.cargo/bin:/home/runner/.config/composer/vendor/bin:/usr/local/.ghcup/bin:/home/runner/.dotnet/tools:/usr/local/sbin:/usr/local/bin:/usr/sbin:/usr/bin:/sbin:/bin:/usr/games:/usr/local/games:/snap/bin
Parameters: -ig /tmp/ans.fr.nos#1.3.0 -resetTx -publish https://interop.esante.gouv.fr/ig/nos/1.3.0 -no-exit
Start Clock @ Thursday, August 29, 2024 at 2:54:05 PM Coordinated Universal Time (2024-08-29T14:54:05Z)
                                                                                                    
Build FHIR IG from /tmp/ans.fr.nos#1.3.0                                                             (00:00.023 / 00:00.024, 546Mb)
Build Formal Publication package, intended for https://interop.esante.gouv.fr/ig/nos/1.3.0           (00:00.004 / 00:00.028, 546Mb)
API keys loaded from /home/runner/.fhir/fhir-settings.json                                           (00:00.001 / 00:00.029, 546Mb)
Package Cache: /home/runner/.fhir/packages                                                           (00:00.004 / 00:00.034, 546Mb)
Unable to load IG as an r5 IG - try R4 (property code is a class com.google.gson.JsonPrimitive looking for an object) (00:00.447 / 00:00.481, 99Mb)
Load Template from https://github.com/ansforge/IG-template-Nos                                       (00:00.460 / 00:00.942, 121Mb)

onLoad.findSpreadsheets:

onLoad.updateIg:
     [xslt] Processing /tmp/ans.fr.nos#1.3.0/template/onLoad-ig-working.xml to /tmp/ans.fr.nos#1.3.0/template/onLoad-ig-updated.xml
     [xslt] Loading stylesheet /tmp/ans.fr.nos#1.3.0/template/scripts/onLoad.xslt

onLoad.extend:

onLoad:
Root directory: /tmp/ans.fr.nos#1.3.0                                                                (00:03.254 / 00:04.196, 142Mb)
Terminology Cache is at /tmp/ans.fr.nos#1.3.0/input-cache/txcache. Clearing now                      (00:01.525 / 00:05.722, 187Mb)
Core Package hl7.fhir.r4.core#4.0.1
Unable to generate snapshot @2 for Definition from noname because Profile Definition (http://hl7.org/fhir/StructureDefinition/Definition) has no base and no snapshot
Unable to generate snapshot @2 for Event from noname because Profile Event (http://hl7.org/fhir/StructureDefinition/Event) has no base and no snapshot
Unable to generate snapshot @2 for FiveWs from noname because Profile FiveWs (http://hl7.org/fhir/StructureDefinition/FiveWs) has no base and no snapshot
Unable to generate snapshot @2 for Request from noname because Profile Request (http://hl7.org/fhir/StructureDefinition/Request) has no base and no snapshot
Running Terminology Log: /tmp/ohfu-fhir-ig-11589432837364840308.log
Connect to Terminology Server at http://tx.fhir.org                                                  (00:03.700 / 00:09.422, 550Mb)
Load Package hl7.fhir.pubpack#0.1.8
Load Package hl7.fhir.xver-extensions#0.1.0
Load Package hl7.terminology.r4#6.0.2
Load Package hl7.fhir.uv.extensions.r4#5.1.0
Version mismatch. This IG is version 4.0.1, while the IG 'hl7.fhir.uv.tools' is from version 5.0.0 (will try to run anyway) (00:03.840 / 00:13.262, 523Mb)
Load Package hl7.fhir.uv.tools#0.2.0
Load R5 Specials
Unable to generate snapshot @2 for Definition from noname because Profile Definition (http://hl7.org/fhir/StructureDefinition/Definition) has no base and no snapshot
Unable to generate snapshot @2 for Event from noname because Profile Event (http://hl7.org/fhir/StructureDefinition/Event) has no base and no snapshot
Unable to generate snapshot @2 for FiveWs from noname because Profile FiveWs (http://hl7.org/fhir/StructureDefinition/FiveWs) has no base and no snapshot
Unable to generate snapshot @2 for Request from noname because Profile Request (http://hl7.org/fhir/StructureDefinition/Request) has no base and no snapshot
Initialization complete                                                                              (00:00.510 / 00:13.773, 847Mb)
Load Content                                                                                         (00:00.001 / 00:13.775, 847Mb)
Using en-US as the default narrative language. (no language information in Implementation Guide or command line (00:00.170 / 00:13.945, 875Mb)
loadPrePages from FetchedFile[/tmp/ans.fr.nos#1.3.0/fsh-generated/includes] as /tmp/ans.fr.nos#1.3.0/fsh-generated/includes
loadPrePages from FetchedFile[/tmp/ans.fr.nos#1.3.0/input/data] as /tmp/ans.fr.nos#1.3.0/input/data
loadPrePages from FetchedFile[/tmp/ans.fr.nos#1.3.0/input/pagecontent] as /tmp/ans.fr.nos#1.3.0/input/pagecontent
Fetch https://interop.esante.gouv.fr/ig/nos/package-list.json for version check                      (00:04.525 / 00:18.471, 557Mb)
Processing Conformance Resources                                                                     (00:00.719 / 00:19.190, 598Mb)
Load Dependency Info                                                                                 (00:00.011 / 00:19.201, 599Mb)
Load Info                                                                                            (00:00.004 / 00:19.206, 600Mb)
Load Resources                                                                                       (00:00.002 / 00:19.208, 601Mb)
Load Paths                                                                                           (00:03.659 / 00:22.868, 1023Mb)
Generating Snapshots                                                                                 (00:00.001 / 00:22.869, 1023Mb)
Check R4 / R4B                                                                                       (00:00.001 / 00:22.871, 1023Mb)
Assign Comparison Ids                                                                                (00:00.304 / 00:23.175, 1Gb)
Propagating status                                                                                   (00:00.001 / 00:23.177, 1Gb)
Generating Narratives                                                                                (00:00.000 / 00:23.178, 1Gb)
Error from http://tx.fhir.org/r4: Unable to provide support for code system https://smt.esante.gouv.fr/terminologie-emdn [x-request-id: 153-123766]
Error from http://tx.fhir.org/r4: Unable to provide support for code system https://smt.esante.gouv.fr/terminologie-emdn [x-request-id: 153-123769]
Error from http://tx.fhir.org/r4: Unable to provide support for code system https://smt.esante.gouv.fr/terminologie-emdn [x-request-id: 153-123772]
Error from http://tx.fhir.org/r4: Unable to provide support for code system https://smt.esante.gouv.fr/terminologie-emdn [x-request-id: 153-123776]
Error from http://tx.fhir.org/r4: Unable to provide support for code system https://smt.esante.gouv.fr/terminologie-emdn [x-request-id: 153-123780]
Error from http://tx.fhir.org/r4: Unable to provide support for code system https://smt.esante.gouv.fr/terminologie-emdn [x-request-id: 153-123783]
Error from http://tx.fhir.org/r4: Unable to provide support for code system https://smt.esante.gouv.fr/terminologie-emdn [x-request-id: 153-123790]
Error from http://tx.fhir.org/r4: Unable to provide support for code system https://smt.esante.gouv.fr/terminologie-emdn [x-request-id: 153-123793]
Error from http://tx.fhir.org/r4: Unable to provide support for code system https://smt.esante.gouv.fr/terminologie-emdn [x-request-id: 153-123796]
Error from http://tx.fhir.org/r4: Unable to provide support for code system https://smt.esante.gouv.fr/terminologie-emdn [x-request-id: 153-123802]
Error from http://tx.fhir.org/r4: Unable to provide support for code system https://smt.esante.gouv.fr/terminologie-emdn [x-request-id: 153-123805]
Error from http://tx.fhir.org/r4: Unable to provide support for code system https://smt.esante.gouv.fr/terminologie-emdn [x-request-id: 153-123808]
Error from http://tx.fhir.org/r4: Unable to provide support for code system https://smt.esante.gouv.fr/terminologie-emdn [x-request-id: 153-123812]
Error from http://tx.fhir.org/r4: Unable to provide support for code system https://smt.esante.gouv.fr/terminologie-emdn [x-request-id: 153-123815]
Error from http://tx.fhir.org/r4: Unable to provide support for code system https://smt.esante.gouv.fr/terminologie-emdn [x-request-id: 153-123818]
Error from http://tx.fhir.org/r4: Unable to provide support for code system https://smt.esante.gouv.fr/terminologie-emdn [x-request-id: 153-123821]
Validating Conformance Resources                                                                     (00:06.622 / 00:29.801, 1Gb)
Check profiles & code systems                                                                        (00:13.565 / 00:43.366, 1Gb)
Check realm rules                                                                                    (00:00.009 / 00:43.375, 1Gb)
Previous Version Comparison                                                                          (00:00.001 / 00:43.376, 1Gb)
Validating Resources                                                                                 (00:00.145 / 00:43.523, 1Gb)
Processing Provenance Records                                                                        (00:00.003 / 00:43.526, 1Gb)
Generating Outputs in /tmp/ans.fr.nos#1.3.0/output                                                   (00:00.001 / 00:43.527, 1Gb)
Generate Native Outputs                                                                              (00:00.211 / 00:43.740, 1Gb)
Run Template                                                                                         (01:36.386 / 02:20.126, 1Gb)

onGenerate.checkVersions:
     [xslt] Processing /tmp/ans.fr.nos#1.3.0/template/onGenerate-ig-working.xml to /tmp/ans.fr.nos#1.3.0/template/versions.txt
     [xslt] Loading stylesheet /tmp/ans.fr.nos#1.3.0/template/scripts/onGenerate.getVersions.xslt

onGenerate.r5-schemas:
      [get] Getting: http://build.fhir.org/fhir-single.xsd
      [get] To: /tmp/ans.fr.nos#1.3.0/input-cache/schemas/R5/fhir-single.xsd
      [get] Not modified - so not downloaded
      [get] Getting: http://build.fhir.org/fhir-xhtml.xsd
      [get] To: /tmp/ans.fr.nos#1.3.0/input-cache/schemas/R5/fhir-xhtml.xsd
      [get] Not modified - so not downloaded
      [get] Getting: http://build.fhir.org/xml.xsd
      [get] To: /tmp/ans.fr.nos#1.3.0/input-cache/schemas/R5/xml.xsd
      [get] Not modified - so not downloaded
      [get] Getting: http://build.fhir.org/xmldsig-core-schema.xsd
      [get] To: /tmp/ans.fr.nos#1.3.0/input-cache/schemas/R5/xmldsig-core-schema.xsd
      [get] Not modified - so not downloaded

onGenerate.r4-schemas:
      [get] Getting: http://hl7.org/fhir/R4/fhir-single.xsd
      [get] To: /tmp/ans.fr.nos#1.3.0/input-cache/schemas/R4/fhir-single.xsd
      [get] Not modified - so not downloaded
      [get] Getting: http://hl7.org/fhir/R4/fhir-xhtml.xsd
      [get] To: /tmp/ans.fr.nos#1.3.0/input-cache/schemas/R4/fhir-xhtml.xsd
      [get] Not modified - so not downloaded
      [get] Getting: http://hl7.org/fhir/R4/xml.xsd
      [get] To: /tmp/ans.fr.nos#1.3.0/input-cache/schemas/R4/xml.xsd
      [get] Not modified - so not downloaded
      [get] Getting: http://hl7.org/fhir/R4/xmldsig-core-schema.xsd
      [get] To: /tmp/ans.fr.nos#1.3.0/input-cache/schemas/R4/xmldsig-core-schema.xsd
      [get] Not modified - so not downloaded

onGenerate.r3-schemas:

onGenerate.r2b-schemas:

onGenerate.r2-schemas:

onGenerate.schemas:

onGenerate.data:
     [xslt] Processing /tmp/ans.fr.nos#1.3.0/template/onGenerate-ig-working.xml to /tmp/ans.fr.nos#1.3.0/temp/pages/_data/artifacts.json
     [xslt] Loading stylesheet /tmp/ans.fr.nos#1.3.0/template/scripts/onGenerate.data.xslt

onGenerate.setup:

onGenerate.infoFile:
     [xslt] Processing /tmp/ans.fr.nos#1.3.0/template/onGenerate-ig-working.xml to /tmp/ans.fr.nos#1.3.0/temp/pages/_data/info.json
     [xslt] Loading stylesheet /tmp/ans.fr.nos#1.3.0/template/scripts/onGenerate.genJson.xslt

onGenerate.processIncludes:
     [copy] Copying 18 files to /tmp/ans.fr.nos#1.3.0/temp/pages/_includes

onGenerate.processIg:
     [xslt] Processing /tmp/ans.fr.nos#1.3.0/template/onGenerate-ig-working.xml to /tmp/ans.fr.nos#1.3.0/template/onGenerate-ig-working.1.xml
     [xslt] Loading stylesheet /tmp/ans.fr.nos#1.3.0/template/scripts/onGenerate.group.xslt
     [xslt] Processing /tmp/ans.fr.nos#1.3.0/template/onGenerate-ig-working.1.xml to /tmp/ans.fr.nos#1.3.0/template/onGenerate-ig-updated.xml
     [xslt] Loading stylesheet /tmp/ans.fr.nos#1.3.0/template/scripts/onGenerate.final.xslt

onGenerate.igQa:
     [xslt] Processing /tmp/ans.fr.nos#1.3.0/template/onGenerate-ig-updated.xml to /tmp/ans.fr.nos#1.3.0/template/ongenerate-validation-igqa.json
     [xslt] Loading stylesheet /tmp/ans.fr.nos#1.3.0/template/scripts/onGenerate.qa.xslt

onGenerate.artifactList:
     [xslt] Processing /tmp/ans.fr.nos#1.3.0/template/onGenerate-ig-updated.xml to /tmp/ans.fr.nos#1.3.0/temp/pages/_includes/artifacts.xml
     [xslt] Loading stylesheet /tmp/ans.fr.nos#1.3.0/template/scripts/createArtifactSummary.xslt

check-plantumlfiles:

onGenerate.plantUml.ig:

onGenerate.plantUml.template:

onGenerate.plantUml:

onGenerate.copyDataFiles:

onGenerate.extend:

onGenerate:
Template Done                                                                                        (00:02.582 / 02:22.708, 1Gb)
Generate HTML Outputs                                                                                (00:00.002 / 02:22.711, 1Gb)
ERROR StatusLogger Log4j2 could not find a logging implementation. Please add log4j-core to the classpath. Using SimpleLogger to log to the console...
Error from http://tx.fhir.org/r4: Unable to provide support for code system https://smt.esante.gouv.fr/terminologie-emdn [x-request-id: 153-124006]
Error from http://tx.fhir.org/r4: Unable to provide support for code system https://smt.esante.gouv.fr/terminologie-emdn [x-request-id: 153-124009]
Error from http://tx.fhir.org/r4: Unable to provide support for code system https://smt.esante.gouv.fr/terminologie-emdn [x-request-id: 153-124012]
Error from http://tx.fhir.org/r4: Unable to provide support for code system https://smt.esante.gouv.fr/terminologie-emdn [x-request-id: 153-124018]
Error from http://tx.fhir.org/r4: Unable to provide support for code system https://smt.esante.gouv.fr/terminologie-emdn [x-request-id: 153-124021]
Error from http://tx.fhir.org/r4: Unable to provide support for code system https://smt.esante.gouv.fr/terminologie-emdn [x-request-id: 153-124025]
Error from http://tx.fhir.org/r4: Unable to provide support for code system https://smt.esante.gouv.fr/terminologie-emdn [x-request-id: 153-124030]
Error from http://tx.fhir.org/r4: Unable to provide support for code system https://smt.esante.gouv.fr/terminologie-emdn [x-request-id: 153-124033]
Error from http://tx.fhir.org/r4: Unable to provide support for code system https://smt.esante.gouv.fr/terminologie-emdn [x-request-id: 153-124037]
Error from http://tx.fhir.org/r4: Unable to provide support for code system https://smt.esante.gouv.fr/terminologie-emdn [x-request-id: 153-124042]
Error from http://tx.fhir.org/r4: Unable to provide support for code system https://smt.esante.gouv.fr/terminologie-emdn [x-request-id: 153-124045]
Error from http://tx.fhir.org/r4: Unable to provide support for code system https://smt.esante.gouv.fr/terminologie-emdn [x-request-id: 153-124048]
Error from http://tx.fhir.org/r4: Unable to provide support for code system https://smt.esante.gouv.fr/terminologie-emdn [x-request-id: 153-124051]
Error from http://tx.fhir.org/r4: Unable to provide support for code system https://smt.esante.gouv.fr/terminologie-emdn [x-request-id: 153-124054]
Error from http://tx.fhir.org/r4: Unable to provide support for code system https://smt.esante.gouv.fr/terminologie-emdn [x-request-id: 153-124058]
Error from http://tx.fhir.org/r4: Unable to provide support for code system https://smt.esante.gouv.fr/terminologie-emdn [x-request-id: 153-124061]
Generate Summaries                                                                                   (00:36.400 / 02:59.112, 1Gb)
Generating Summary Outputs                                                                           (00:00.001 / 02:59.113, 1Gb)
Table of contents has a section with more than 222 entries.  Collapsing will not work reliably
DB Cumulative Time invested: 00:01:16.558
Sending Usage Stats to Server                                                                        (00:08.210 / 03:07.324, 2Gb)
## Memory (MB): Use = 2297, Free = 376, Total = 2674, Max = 3996                                     (00:00.004 / 03:07.328, 2Gb)
Reclaiming memory...                                                                                 (00:00.001 / 03:07.329, 2Gb)
## Memory (MB): Use = 1613, Free = 1086, Total = 2700, Max = 3996                                    (00:00.847 / 03:08.177, 1Gb)
Run jekyll: jekyll build --destination "/tmp/ans.fr.nos#1.3.0/output" (in folder /tmp/ans.fr.nos#1.3.0/temp/pages) (00:00.004 / 03:08.181, 1Gb)
Troubleshooting Note: usual cases for Jekyll to fail are:                                            (00:00.003 / 03:08.185, 1Gb)
* A failure to produce a fragment that is already logged in the output above                         (00:00.000 / 03:08.186, 1Gb)
* A reference to a manually edited file that hasn't been provided                                    (00:00.000 / 03:08.186, 1Gb)
Jekyll: Source: /tmp/ans.fr.nos#1.3.0/temp/pages                                                     (00:00.354 / 03:08.541, 1Gb)
Jekyll: Generating...                                                                                (00:00.000 / 03:08.542, 1Gb)
Jekyll: done in 9.062 seconds.                                                                       (00:09.061 / 03:17.603, 1Gb)

Installing ans.fr.nos#1.3.0
Checking Output HTML                                                                                 (00:10.845 / 03:28.449, 2Gb)
found 5060 files                                                                                     (00:00.019 / 03:28.468, 2Gb)
........................................
........................................
  ... 5060 html files, 0 pages invalid xhtml (0%)                                                    (00:44.237 / 04:12.705, 1Gb)
  ... 1301468 links, 7531 broken links (0%)                                                          (00:00.001 / 04:12.706, 1Gb)
Generate fragment-usage-analysis.csv                                                                 (00:00.001 / 04:12.707, 1Gb)
Build final .zip                                                                                     (00:00.008 / 04:12.715, 1Gb)
Final .zip built                                                                                     (00:07.472 / 04:20.188, 1Gb)
Built. Times: loading: 00:05.413, generate: 04:07.446, narrative generation: 00:06.622, realm-rules: 00:00.001, previous-version: 00:00.000, jekyll: 00:09.490, validation: 00:13.548 (#499), template: 00:02.581 (#3) (00:06.459 / 04:26.648, 2Gb)
Generating QA                                                                                        (00:00.001 / 04:26.649, 2Gb)
Sending usage stats failed: Connection timed out
Internal error in location for message: 'Error @1, 1: Found / expecting a token name', loc = '/tmp/ans.fr.nos#1.3.0/output/CodeSystem-TRE-A00-ProducteurDocNonPS.change.history.html#/html/body/sc', err = 'The <script> containing the javascript 'try {       var curr'... is illegal and not allowed on the H'
Internal error in location for message: 'Error @1, 1: Found / expecting a token name', loc = '/tmp/ans.fr.nos#1.3.0/output/CodeSystem-TRE-A00-ProducteurDocNonPS.change.history.html#/html/body/sc', err = 'The <script> containing the javascript '$(document).ready(fu'... is illegal and not allowed on the H'
Internal error in location for message: 'Error @1, 1: Found / expecting a token name', loc = '/tmp/ans.fr.nos#1.3.0/output/CodeSystem-TRE-A00-ProducteurDocNonPS.change.history.html#/html/body/sc', err = 'The <script> containing the javascript '$(document).ready(fu'... is illegal and not allowed on the H'
Internal error in location for message: 'Error @1, 1: Found / expecting a token name', loc = '/tmp/ans.fr.nos#1.3.0/output/CodeSystem-TRE-A00-ProducteurDocNonPS.change.history.html#/html/body/sc', err = 'The <script> containing the javascript 'anchors.options.visi'... is illegal and not allowed on the H'
Validation output in /tmp/ans.fr.nos#1.3.0/output/qa.html
Errors: 1042, Warnings: 36977, Info: 1027, Broken Links: 7531 (03:29.703 / 07:56.353, 2Gb)
Finished. Max Memory Used = 2Gb. Log file saved in /tmp/fhir-ig-publisher-tmp.log                    (00:00.043 / 07:56.397, 2Gb)
Prepare Build space in /tmp/ans.fr.nos#1.3.0-milestone
Build IG at /home/runner/work/IG-NOS/IG-NOS/igRepo: final copy suitable for publication (in /tmp/ans.fr.nos#1.3.0-milestone) (milestone build)
FHIR IG Publisher Version 1.6.22 (Git# 33e2566af5b4). Built 2024-08-28T19:21:55.278Z (19 hours old) 
Detected Java version: 17.0.10 from /opt/hostedtoolcache/Java_Microsoft_jdk/17.0.10/x64 on Linux/amd64 (64bit). 3996MB available
dir = /home/runner/work/IG-NOS/IG-NOS, path = /opt/hostedtoolcache/Java_Microsoft_jdk/17.0.10/x64/bin:/home/runner/.dotnet:/snap/bin:/home/runner/.local/bin:/opt/pipx_bin:/home/runner/.cargo/bin:/home/runner/.config/composer/vendor/bin:/usr/local/.ghcup/bin:/home/runner/.dotnet/tools:/usr/local/sbin:/usr/local/bin:/usr/sbin:/usr/bin:/sbin:/bin:/usr/games:/usr/local/games:/snap/bin
Parameters: -ig /tmp/ans.fr.nos#1.3.0-milestone -publish https://interop.esante.gouv.fr/ig/nos/1.3.0 -milestone -no-exit
Start Clock @ Thursday, August 29, 2024 at 3:02:07 PM Coordinated Universal Time (2024-08-29T15:02:07Z)
                                                                                                    
Build FHIR IG from /tmp/ans.fr.nos#1.3.0-milestone                                                   (00:00.003 / 00:00.003, 2Gb)
Build Formal Publication package, intended for https://interop.esante.gouv.fr/ig/nos/1.3.0           (00:00.000 / 00:00.004, 2Gb)
API keys loaded from /home/runner/.fhir/fhir-settings.json                                           (00:00.000 / 00:00.005, 2Gb)
Package Cache: /home/runner/.fhir/packages                                                           (00:00.000 / 00:00.006, 2Gb)
Unable to load IG as an r5 IG - try R4 (property code is a class com.google.gson.JsonPrimitive looking for an object) (00:00.005 / 00:00.011, 2Gb)
Load Template from https://github.com/ansforge/IG-template-Nos                                       (00:00.020 / 00:00.031, 2Gb)

onLoad.findSpreadsheets:

onLoad.updateIg:
     [xslt] Processing /tmp/ans.fr.nos#1.3.0-milestone/template/onLoad-ig-working.xml to /tmp/ans.fr.nos#1.3.0-milestone/template/onLoad-ig-updated.xml
     [xslt] Loading stylesheet /tmp/ans.fr.nos#1.3.0-milestone/template/scripts/onLoad.xslt

onLoad.extend:

onLoad:
Root directory: /tmp/ans.fr.nos#1.3.0-milestone                                                      (00:02.182 / 00:02.214, 2Gb)
Terminology Cache is at /tmp/ans.fr.nos#1.3.0-milestone/input-cache/txcache. 8 files in cache        (00:01.187 / 00:03.402, 2Gb)
Core Package hl7.fhir.r4.core#4.0.1
Unable to generate snapshot @2 for Definition from noname because Profile Definition (http://hl7.org/fhir/StructureDefinition/Definition) has no base and no snapshot
Unable to generate snapshot @2 for Event from noname because Profile Event (http://hl7.org/fhir/StructureDefinition/Event) has no base and no snapshot
Unable to generate snapshot @2 for FiveWs from noname because Profile FiveWs (http://hl7.org/fhir/StructureDefinition/FiveWs) has no base and no snapshot
Unable to generate snapshot @2 for Request from noname because Profile Request (http://hl7.org/fhir/StructureDefinition/Request) has no base and no snapshot
Running Terminology Log: /tmp/ohfu-fhir-ig-8792918522928034295.log
Connect to Terminology Server at http://tx.fhir.org                                                  (00:01.743 / 00:05.145, 2Gb)
Load Package hl7.fhir.pubpack#0.1.8
Load Package hl7.fhir.xver-extensions#0.1.0
Load Package hl7.terminology.r4#6.0.2
Load Package hl7.fhir.uv.extensions.r4#5.1.0
Version mismatch. This IG is version 4.0.1, while the IG 'hl7.fhir.uv.tools' is from version 5.0.0 (will try to run anyway) (00:02.770 / 00:07.915, 2Gb)
Load Package hl7.fhir.uv.tools#0.2.0
Load R5 Specials
Unable to generate snapshot @2 for Definition from noname because Profile Definition (http://hl7.org/fhir/StructureDefinition/Definition) has no base and no snapshot
Unable to generate snapshot @2 for Event from noname because Profile Event (http://hl7.org/fhir/StructureDefinition/Event) has no base and no snapshot
Unable to generate snapshot @2 for FiveWs from noname because Profile FiveWs (http://hl7.org/fhir/StructureDefinition/FiveWs) has no base and no snapshot
Unable to generate snapshot @2 for Request from noname because Profile Request (http://hl7.org/fhir/StructureDefinition/Request) has no base and no snapshot
Initialization complete                                                                              (00:00.344 / 00:08.260, 2Gb)
Load Content                                                                                         (00:00.000 / 00:08.261, 2Gb)
Using en-US as the default narrative language. (no language information in Implementation Guide or command line (00:00.019 / 00:08.281, 2Gb)
loadPrePages from FetchedFile[/tmp/ans.fr.nos#1.3.0-milestone/fsh-generated/includes] as /tmp/ans.fr.nos#1.3.0-milestone/fsh-generated/includes
loadPrePages from FetchedFile[/tmp/ans.fr.nos#1.3.0-milestone/input/data] as /tmp/ans.fr.nos#1.3.0-milestone/input/data
loadPrePages from FetchedFile[/tmp/ans.fr.nos#1.3.0-milestone/input/pagecontent] as /tmp/ans.fr.nos#1.3.0-milestone/input/pagecontent
Fetch https://interop.esante.gouv.fr/ig/nos/package-list.json for version check                      (00:02.732 / 00:11.013, 2Gb)
Processing Conformance Resources                                                                     (00:00.520 / 00:11.534, 2Gb)
Load Dependency Info                                                                                 (00:00.008 / 00:11.542, 2Gb)
Load Info                                                                                            (00:00.002 / 00:11.544, 2Gb)
Load Resources                                                                                       (00:00.001 / 00:11.546, 2Gb)
Load Paths                                                                                           (00:02.047 / 00:13.593, 2Gb)
Generating Snapshots                                                                                 (00:00.001 / 00:13.594, 2Gb)
Check R4 / R4B                                                                                       (00:00.001 / 00:13.596, 2Gb)
Assign Comparison Ids                                                                                (00:00.436 / 00:14.032, 2Gb)
Propagating status                                                                                   (00:00.001 / 00:14.033, 2Gb)
Generating Narratives                                                                                (00:00.000 / 00:14.034, 2Gb)
Validating Conformance Resources                                                                     (00:03.188 / 00:17.223, 3Gb)
Check profiles & code systems                                                                        (00:08.381 / 00:25.604, 2Gb)
Check realm rules                                                                                    (00:00.008 / 00:25.613, 2Gb)
Previous Version Comparison                                                                          (00:00.001 / 00:25.614, 2Gb)
Validating Resources                                                                                 (00:00.055 / 00:25.670, 2Gb)
Processing Provenance Records                                                                        (00:00.002 / 00:25.672, 2Gb)
Generating Outputs in /tmp/ans.fr.nos#1.3.0-milestone/output                                         (00:00.000 / 00:25.673, 2Gb)
Generate Native Outputs                                                                              (00:00.135 / 00:25.809, 3Gb)
Run Template                                                                                         (01:37.057 / 02:02.866, 2Gb)

onGenerate.checkVersions:
     [xslt] Processing /tmp/ans.fr.nos#1.3.0-milestone/template/onGenerate-ig-working.xml to /tmp/ans.fr.nos#1.3.0-milestone/template/versions.txt
     [xslt] Loading stylesheet /tmp/ans.fr.nos#1.3.0-milestone/template/scripts/onGenerate.getVersions.xslt

onGenerate.r5-schemas:
      [get] Getting: http://build.fhir.org/fhir-single.xsd
      [get] To: /tmp/ans.fr.nos#1.3.0-milestone/input-cache/schemas/R5/fhir-single.xsd
      [get] Not modified - so not downloaded
      [get] Getting: http://build.fhir.org/fhir-xhtml.xsd
      [get] To: /tmp/ans.fr.nos#1.3.0-milestone/input-cache/schemas/R5/fhir-xhtml.xsd
      [get] Not modified - so not downloaded
      [get] Getting: http://build.fhir.org/xml.xsd
      [get] To: /tmp/ans.fr.nos#1.3.0-milestone/input-cache/schemas/R5/xml.xsd
      [get] Not modified - so not downloaded
      [get] Getting: http://build.fhir.org/xmldsig-core-schema.xsd
      [get] To: /tmp/ans.fr.nos#1.3.0-milestone/input-cache/schemas/R5/xmldsig-core-schema.xsd
      [get] Not modified - so not downloaded

onGenerate.r4-schemas:
      [get] Getting: http://hl7.org/fhir/R4/fhir-single.xsd
      [get] To: /tmp/ans.fr.nos#1.3.0-milestone/input-cache/schemas/R4/fhir-single.xsd
      [get] Not modified - so not downloaded
      [get] Getting: http://hl7.org/fhir/R4/fhir-xhtml.xsd
      [get] To: /tmp/ans.fr.nos#1.3.0-milestone/input-cache/schemas/R4/fhir-xhtml.xsd
      [get] Not modified - so not downloaded
      [get] Getting: http://hl7.org/fhir/R4/xml.xsd
      [get] To: /tmp/ans.fr.nos#1.3.0-milestone/input-cache/schemas/R4/xml.xsd
      [get] Not modified - so not downloaded
      [get] Getting: http://hl7.org/fhir/R4/xmldsig-core-schema.xsd
      [get] To: /tmp/ans.fr.nos#1.3.0-milestone/input-cache/schemas/R4/xmldsig-core-schema.xsd
      [get] Not modified - so not downloaded

onGenerate.r3-schemas:

onGenerate.r2b-schemas:

onGenerate.r2-schemas:

onGenerate.schemas:

onGenerate.data:
     [xslt] Processing /tmp/ans.fr.nos#1.3.0-milestone/template/onGenerate-ig-working.xml to /tmp/ans.fr.nos#1.3.0-milestone/temp/pages/_data/artifacts.json
     [xslt] Loading stylesheet /tmp/ans.fr.nos#1.3.0-milestone/template/scripts/onGenerate.data.xslt

onGenerate.setup:

onGenerate.infoFile:
     [xslt] Processing /tmp/ans.fr.nos#1.3.0-milestone/template/onGenerate-ig-working.xml to /tmp/ans.fr.nos#1.3.0-milestone/temp/pages/_data/info.json
     [xslt] Loading stylesheet /tmp/ans.fr.nos#1.3.0-milestone/template/scripts/onGenerate.genJson.xslt

onGenerate.processIncludes:
     [copy] Copying 18 files to /tmp/ans.fr.nos#1.3.0-milestone/temp/pages/_includes

onGenerate.processIg:
     [xslt] Processing /tmp/ans.fr.nos#1.3.0-milestone/template/onGenerate-ig-working.xml to /tmp/ans.fr.nos#1.3.0-milestone/template/onGenerate-ig-working.1.xml
     [xslt] Loading stylesheet /tmp/ans.fr.nos#1.3.0-milestone/template/scripts/onGenerate.group.xslt
     [xslt] Processing /tmp/ans.fr.nos#1.3.0-milestone/template/onGenerate-ig-working.1.xml to /tmp/ans.fr.nos#1.3.0-milestone/template/onGenerate-ig-updated.xml
     [xslt] Loading stylesheet /tmp/ans.fr.nos#1.3.0-milestone/template/scripts/onGenerate.final.xslt

onGenerate.igQa:
     [xslt] Processing /tmp/ans.fr.nos#1.3.0-milestone/template/onGenerate-ig-updated.xml to /tmp/ans.fr.nos#1.3.0-milestone/template/ongenerate-validation-igqa.json
     [xslt] Loading stylesheet /tmp/ans.fr.nos#1.3.0-milestone/template/scripts/onGenerate.qa.xslt

onGenerate.artifactList:
     [xslt] Processing /tmp/ans.fr.nos#1.3.0-milestone/template/onGenerate-ig-updated.xml to /tmp/ans.fr.nos#1.3.0-milestone/temp/pages/_includes/artifacts.xml
     [xslt] Loading stylesheet /tmp/ans.fr.nos#1.3.0-milestone/template/scripts/createArtifactSummary.xslt

check-plantumlfiles:

onGenerate.plantUml.ig:

onGenerate.plantUml.template:

onGenerate.plantUml:

onGenerate.copyDataFiles:

onGenerate.extend:

onGenerate:
Template Done                                                                                        (00:02.343 / 02:05.210, 2Gb)
Generate HTML Outputs                                                                                (00:00.001 / 02:05.211, 2Gb)
Generate Summaries                                                                                   (00:29.793 / 02:35.005, 1Gb)
Generating Summary Outputs                                                                           (00:00.000 / 02:35.006, 1Gb)
Table of contents has a section with more than 222 entries.  Collapsing will not work reliably
DB Cumulative Time invested: 00:01:17.606
Sending Usage Stats to Server                                                                        (00:07.856 / 02:42.862, 1Gb)
## Memory (MB): Use = 1886, Free = 2109, Total = 3996, Max = 3996                                    (00:00.001 / 02:42.864, 1Gb)
Reclaiming memory...                                                                                 (00:00.000 / 02:42.865, 1Gb)
## Memory (MB): Use = 1614, Free = 2381, Total = 3996, Max = 3996                                    (00:00.915 / 02:43.780, 1Gb)
Run jekyll: jekyll build --destination "/tmp/ans.fr.nos#1.3.0-milestone/output" (in folder /tmp/ans.fr.nos#1.3.0-milestone/temp/pages) (00:00.001 / 02:43.781, 1Gb)
Troubleshooting Note: usual cases for Jekyll to fail are:                                            (00:00.000 / 02:43.782, 1Gb)
* A failure to produce a fragment that is already logged in the output above                         (00:00.000 / 02:43.783, 1Gb)
* A reference to a manually edited file that hasn't been provided                                    (00:00.000 / 02:43.783, 1Gb)
Jekyll: Source: /tmp/ans.fr.nos#1.3.0-milestone/temp/pages                                           (00:00.334 / 02:44.117, 1Gb)
Jekyll: Generating...                                                                                (00:00.000 / 02:44.118, 1Gb)
Jekyll: done in 9.063 seconds.                                                                       (00:09.061 / 02:53.180, 1Gb)

Installing ans.fr.nos#1.3.0
Checking Output HTML                                                                                 (00:09.869 / 03:03.049, 2Gb)
found 5060 files                                                                                     (00:00.018 / 03:03.068, 2Gb)
........................................
........................................
  ... 5060 html files, 0 pages invalid xhtml (0%)                                                    (00:46.058 / 03:49.126, 2Gb)
  ... 1301468 links, 7531 broken links (0%)                                                          (00:00.000 / 03:49.127, 2Gb)
Generate fragment-usage-analysis.csv                                                                 (00:00.000 / 03:49.127, 2Gb)
Build final .zip                                                                                     (00:00.005 / 03:49.133, 2Gb)
Final .zip built                                                                                     (00:07.469 / 03:56.603, 2Gb)
Built. Times: loading: 00:03.271, generate: 03:51.576, narrative generation: 00:03.188, realm-rules: 00:00.001, previous-version: 00:00.000, jekyll: 00:09.454, validation: 00:08.366 (#499), template: 00:02.342 (#3) (00:06.508 / 04:03.111, 1Gb)
Generating QA                                                                                        (00:00.001 / 04:03.112, 1Gb)
Sending usage stats failed: Connection timed out
Internal error in location for message: 'Error @1, 1: Found / expecting a token name', loc = '/tmp/ans.fr.nos#1.3.0-milestone/output/CodeSystem-TRE-A00-ProducteurDocNonPS.change.history.html#/ht', err = 'The <script> containing the javascript 'try {       var curr'... is illegal and not allowed on the H'
Internal error in location for message: 'Error @1, 1: Found / expecting a token name', loc = '/tmp/ans.fr.nos#1.3.0-milestone/output/CodeSystem-TRE-A00-ProducteurDocNonPS.change.history.html#/ht', err = 'The <script> containing the javascript '$(document).ready(fu'... is illegal and not allowed on the H'
Internal error in location for message: 'Error @1, 1: Found / expecting a token name', loc = '/tmp/ans.fr.nos#1.3.0-milestone/output/CodeSystem-TRE-A00-ProducteurDocNonPS.change.history.html#/ht', err = 'The <script> containing the javascript '$(document).ready(fu'... is illegal and not allowed on the H'
Internal error in location for message: 'Error @1, 1: Found / expecting a token name', loc = '/tmp/ans.fr.nos#1.3.0-milestone/output/CodeSystem-TRE-A00-ProducteurDocNonPS.change.history.html#/ht', err = 'The <script> containing the javascript 'anchors.options.visi'... is illegal and not allowed on the H'
Validation output in /tmp/ans.fr.nos#1.3.0-milestone/output/qa.html
Errors: 1042, Warnings: 36977, Info: 1027, Broken Links: 7531 (03:30.689 / 07:33.801, 3Gb)
Finished. Max Memory Used = 3Gb. Log file saved in /tmp/fhir-ig-publisher-tmp.log                    (00:00.036 / 07:33.837, 3Gb)
Keep a copy of the build directory at /tmp/web-root/run-20240829/ig-build-zips/ans.fr.nos#1.3.0.zip

ok. All checks passed. Publish v1.3.0 to /tmp/web-root/run-20240829/nos/1.3.0
Copy the IG to /tmp/web-root/run-20240829/nos/1.3.0
Update /tmp/web-root/run-20240829/nos/package-list.json
Publish Box Statement: This page is part of the Guide d'implémentation des NOS (v1.3.0: Release) based on <a no-external="true" href="http://hl7.org/fhir/R4">FHIR (HL7® FHIR® Standard) R4</a>. This is the current published version in its permanent home (it will always be available at this URL).  For a full list of available versions, see the <a no-external="true" href="https://interop.esante.gouv.fr/ig/nos/history.html">Directory of published versions</a>
no html insert in /tmp/web-root/run-20240829/nos/1.3.0/qa-txservers.html
  .. 2519 files checked, 2519 updated
  .. 1001 clones checked, 2002 updated
  .. 499 redirections (499 created/updated)
This is a milestone release - publish v1.3.0 to /tmp/web-root/run-20240829/nos
Publish Box Statement: This page is part of the Guide d'implémentation des NOS (v1.3.0: Release) based on <a no-external="true" href="http://hl7.org/fhir/R4">FHIR (HL7® FHIR® Standard) R4</a>. This is the current published version.  For a full list of available versions, see the <a no-external="true" href="https://interop.esante.gouv.fr/ig/nos/history.html">Directory of published versions</a>
no html insert in /tmp/ans.fr.nos#1.3.0-milestone/output/qa-txservers.html
  .. 2519 files checked, 2519 updated
  .. 1001 clones checked, 2002 updated
  .. 499 redirections (499 created/updated)
Check for Files to delete
  ... 0 files
Copy to new IG to /tmp/web-root/run-20240829/nos
Update history page at /tmp/web-root/run-20240829/nos from /home/runner/work/IG-NOS/IG-NOS/./IG-website-release/fhir-ig-history-template and ./IG-website-release/templates
Build is complete. Copy from /tmp/web-root/run-20240829
ans.fr.nos (https://interop.esante.gouv.fr/ig/nos): Guide d'implémentation des NOS @ https://ansforge.github.io/IG-NOS/ig/main
  release: release 1.3.0/4.0.1 @ https://interop.esante.gouv.fr/ig/nos/1.3.0
