FHIR IG Publisher Version 1.5.16 (Git# 2dd71bdfb01d). Built 2024-01-30T12:42:56.541Z (42 hours old)
Detected Java version: 17.0.7 from /opt/hostedtoolcache/Java_Microsoft_jdk/17.0.7/x64 on amd64 (64bit). 3996MB available
dir = /home/runner/work/IG-documentation/IG-documentation, path = /usr/share/dotnet:/opt/hostedtoolcache/node/16.20.2/x64/bin:/opt/hostedtoolcache/Java_Microsoft_jdk/17.0.7/x64/bin:/snap/bin:/home/runner/.local/bin:/opt/pipx_bin:/home/runner/.cargo/bin:/home/runner/.config/composer/vendor/bin:/usr/local/.ghcup/bin:/home/runner/.dotnet/tools:/usr/local/sbin:/usr/local/bin:/usr/sbin:/usr/bin:/sbin:/bin:/usr/games:/usr/local/games:/snap/bin
Parameters: -go-publish -source ./igSource -web ./IG-website-release/www/ig -registry ./IG-website-release/ig-registry/fhir-ig-list.json -history ./IG-website-release/fhir-ig-history-template -templates ./IG-website-release/templates
---------------
Publication Run: publish ./igSource to ./IG-website-release/www/ig
Run Number: 10
Relative directory for IG is '/documentation'
===== Web Publication Run Details ===============================
 Source IG: ans.fr.documentation#0.1.6 : https://interop.esante.gouv.fr/ig/documentation (R4) from ./igSource
All checks passed. Do the publication build from /home/runner/work/IG-documentation/IG-documentation/./igSource and publish to /tmp/web-root/run-20240201/documentation
Prepare Build space in /tmp/ans.fr.documentation#0.1.6
Build IG at /home/runner/work/IG-documentation/IG-documentation/./igSource: final copy suitable for publication (in /tmp/ans.fr.documentation#0.1.6)
FHIR IG Publisher Version 1.5.16 (Git# 2dd71bdfb01d). Built 2024-01-30T12:42:56.541Z (42 hours old) 
Detected Java version: 17.0.7 from /opt/hostedtoolcache/Java_Microsoft_jdk/17.0.7/x64 on Linux/amd64 (64bit). 3996MB available
dir = /home/runner/work/IG-documentation/IG-documentation, path = /usr/share/dotnet:/opt/hostedtoolcache/node/16.20.2/x64/bin:/opt/hostedtoolcache/Java_Microsoft_jdk/17.0.7/x64/bin:/snap/bin:/home/runner/.local/bin:/opt/pipx_bin:/home/runner/.cargo/bin:/home/runner/.config/composer/vendor/bin:/usr/local/.ghcup/bin:/home/runner/.dotnet/tools:/usr/local/sbin:/usr/local/bin:/usr/sbin:/usr/bin:/sbin:/bin:/usr/games:/usr/local/games:/snap/bin
Parameters: -ig /tmp/ans.fr.documentation#0.1.6 -resetTx -publish https://interop.esante.gouv.fr/ig/documentation/0.1.6 -no-exit
Start Clock @ Thursday, February 1, 2024 at 7:28:11 AM Coordinated Universal Time (2024-02-01T07:28:11Z)
                                                                                                    
Build FHIR IG from /tmp/ans.fr.documentation#0.1.6                                                   (00:00.015 / 00:00.016, 17Mb)
Build Formal Publication package, intended for https://interop.esante.gouv.fr/ig/documentation/0.1.6 (00:00.003 / 00:00.018, 17Mb)
API keys loaded from /home/runner/.fhir/fhir-settings.json                                           (00:00.001 / 00:00.019, 17Mb)
Package Cache: /home/runner/.fhir/packages                                                           (00:00.003 / 00:00.023, 17Mb)
Unable to load IG as an r5 IG - try R4 (property code is a class com.google.gson.JsonPrimitive looking for an object) (00:00.407 / 00:00.430, 47Mb)
Load Template from https://github.com/ansforge/IG-template                                           (00:00.408 / 00:00.838, 26Mb)

onLoad.findSpreadsheets:

onLoad.updateIg:
     [xslt] Processing /tmp/ans.fr.documentation#0.1.6/template/onLoad-ig-working.xml to /tmp/ans.fr.documentation#0.1.6/template/onLoad-ig-updated.xml
     [xslt] Loading stylesheet /tmp/ans.fr.documentation#0.1.6/template/scripts/onLoad.xslt

onLoad.extend:

onLoad:
Root directory: /tmp/ans.fr.documentation#0.1.6                                                      (00:02.944 / 00:03.783, 79Mb)
Terminology Cache is at /tmp/ans.fr.documentation#0.1.6/input-cache/txcache. Clearing now            (00:00.456 / 00:04.239, 91Mb)
Core Package hl7.fhir.r4.core#4.0.1
Unable to generate snapshot @2 for Definition from noname because Profile Definition (http://hl7.org/fhir/StructureDefinition/Definition) has no base and no snapshot
Unable to generate snapshot @2 for Event from noname because Profile Event (http://hl7.org/fhir/StructureDefinition/Event) has no base and no snapshot
Unable to generate snapshot @2 for FiveWs from noname because Profile FiveWs (http://hl7.org/fhir/StructureDefinition/FiveWs) has no base and no snapshot
Unable to generate snapshot @2 for Request from noname because Profile Request (http://hl7.org/fhir/StructureDefinition/Request) has no base and no snapshot
Running Terminology Log: /tmp/ohfu-fhir-ig-15025796572423605931.log
Connect to Terminology Server at http://tx.fhir.org                                                  (00:04.646 / 00:08.885, 331Mb)
Load Package hl7.fhir.pubpack#0.1.7
Load Package hl7.fhir.xver-extensions#0.1.0
Load Package hl7.terminology.r4#5.3.0
Load Package hl7.fhir.uv.extensions.r4#1.0.0
Version mismatch. This IG is version 4.0.1, while the IG 'hl7.fhir.uv.tools' is from version 5.0.0 (will try to run anyway) (00:03.620 / 00:12.505, 287Mb)
Load Package hl7.fhir.uv.tools#0.1.0
Load R5 Specials
Unable to generate snapshot @2 for Definition from noname because Profile Definition (http://hl7.org/fhir/StructureDefinition/Definition) has no base and no snapshot
Unable to generate snapshot @2 for Event from noname because Profile Event (http://hl7.org/fhir/StructureDefinition/Event) has no base and no snapshot
Unable to generate snapshot @2 for FiveWs from noname because Profile FiveWs (http://hl7.org/fhir/StructureDefinition/FiveWs) has no base and no snapshot
Unable to generate snapshot @2 for Request from noname because Profile Request (http://hl7.org/fhir/StructureDefinition/Request) has no base and no snapshot
Initialization complete                                                                              (00:00.489 / 00:12.995, 414Mb)
Fetch https://interop.esante.gouv.fr/ig/documentation/package-list.json for version check            (00:00.002 / 00:12.997, 414Mb)
Load Content                                                                                         (00:00.335 / 00:13.332, 415Mb)
loadPrePages from FetchedFile[/tmp/ans.fr.documentation#0.1.6/fsh-generated/includes] as /tmp/ans.fr.documentation#0.1.6/fsh-generated/includes
loadPrePages from FetchedFile[/tmp/ans.fr.documentation#0.1.6/input/data] as /tmp/ans.fr.documentation#0.1.6/input/data
loadPrePages from FetchedFile[/tmp/ans.fr.documentation#0.1.6/input/pagecontent] as /tmp/ans.fr.documentation#0.1.6/input/pagecontent
Processing Conformance Resources                                                                     (00:00.173 / 00:13.506, 438Mb)
Load Dependency Info                                                                                 (00:00.001 / 00:13.508, 438Mb)
Load Info                                                                                            (00:00.001 / 00:13.509, 438Mb)
Load Resources                                                                                       (00:00.001 / 00:13.510, 438Mb)
Load Paths                                                                                           (00:00.078 / 00:13.588, 458Mb)
Generating Snapshots                                                                                 (00:00.001 / 00:13.590, 458Mb)
Check R4 / R4B                                                                                       (00:00.005 / 00:13.595, 459Mb)
Assign Comparison Ids                                                                                (00:00.006 / 00:13.601, 459Mb)
Propagating status                                                                                   (00:00.001 / 00:13.602, 459Mb)
Generating Narratives                                                                                (00:00.001 / 00:13.603, 459Mb)
Validating Conformance Resources                                                                     (00:00.098 / 00:13.708, 482Mb)
Check profiles & code systems                                                                        (00:02.221 / 00:15.924, 399Mb)
Check realm rules                                                                                    (00:00.001 / 00:15.925, 399Mb)
Previous Version Comparison                                                                          (00:00.001 / 00:15.926, 399Mb)
Unable to generate snapshot @1 for Definition from noname because Profile Definition (http://hl7.org/fhir/StructureDefinition/Definition) has no base and no snapshot
Unable to generate snapshot @1 for Event from noname because Profile Event (http://hl7.org/fhir/StructureDefinition/Event) has no base and no snapshot
Unable to generate snapshot @1 for FiveWs from noname because Profile FiveWs (http://hl7.org/fhir/StructureDefinition/FiveWs) has no base and no snapshot
Unable to generate snapshot @1 for Request from noname because Profile Request (http://hl7.org/fhir/StructureDefinition/Request) has no base and no snapshot
Validating Resources                                                                                 (00:03.874 / 00:19.800, 658Mb)
Processing Provenance Records                                                                        (00:00.001 / 00:19.801, 658Mb)
Generating Outputs in /tmp/ans.fr.documentation#0.1.6/output                                         (00:00.000 / 00:19.802, 658Mb)
Generate Native Outputs                                                                              (00:00.128 / 00:19.931, 678Mb)
Run Template                                                                                         (00:00.112 / 00:20.043, 696Mb)

onGenerate.checkVersions:
     [xslt] Processing /tmp/ans.fr.documentation#0.1.6/template/onGenerate-ig-working.xml to /tmp/ans.fr.documentation#0.1.6/template/versions.txt
     [xslt] Loading stylesheet /tmp/ans.fr.documentation#0.1.6/template/scripts/onGenerate.getVersions.xslt

onGenerate.r5-schemas:
      [get] Getting: http://build.fhir.org/fhir-single.xsd
      [get] To: /tmp/ans.fr.documentation#0.1.6/input-cache/schemas/R5/fhir-single.xsd
      [get] Not modified - so not downloaded
      [get] Getting: http://build.fhir.org/fhir-xhtml.xsd
      [get] To: /tmp/ans.fr.documentation#0.1.6/input-cache/schemas/R5/fhir-xhtml.xsd
      [get] Not modified - so not downloaded
      [get] Getting: http://build.fhir.org/xml.xsd
      [get] To: /tmp/ans.fr.documentation#0.1.6/input-cache/schemas/R5/xml.xsd
      [get] Not modified - so not downloaded
      [get] Getting: http://build.fhir.org/xmldsig-core-schema.xsd
      [get] To: /tmp/ans.fr.documentation#0.1.6/input-cache/schemas/R5/xmldsig-core-schema.xsd
      [get] Not modified - so not downloaded

onGenerate.r4-schemas:
      [get] Getting: http://hl7.org/fhir/R4/fhir-single.xsd
      [get] To: /tmp/ans.fr.documentation#0.1.6/input-cache/schemas/R4/fhir-single.xsd
      [get] Not modified - so not downloaded
      [get] Getting: http://hl7.org/fhir/R4/fhir-xhtml.xsd
      [get] To: /tmp/ans.fr.documentation#0.1.6/input-cache/schemas/R4/fhir-xhtml.xsd
      [get] Not modified - so not downloaded
      [get] Getting: http://hl7.org/fhir/R4/xml.xsd
      [get] To: /tmp/ans.fr.documentation#0.1.6/input-cache/schemas/R4/xml.xsd
      [get] Not modified - so not downloaded
      [get] Getting: http://hl7.org/fhir/R4/xmldsig-core-schema.xsd
      [get] To: /tmp/ans.fr.documentation#0.1.6/input-cache/schemas/R4/xmldsig-core-schema.xsd
      [get] Not modified - so not downloaded

onGenerate.r3-schemas:

onGenerate.r2b-schemas:

onGenerate.r2-schemas:

onGenerate.schemas:

onGenerate.data:
     [xslt] Processing /tmp/ans.fr.documentation#0.1.6/template/onGenerate-ig-working.xml to /tmp/ans.fr.documentation#0.1.6/temp/pages/_data/artifacts.json
     [xslt] Loading stylesheet /tmp/ans.fr.documentation#0.1.6/template/scripts/onGenerate.data.xslt

onGenerate.setup:

onGenerate.infoFile:
     [xslt] Processing /tmp/ans.fr.documentation#0.1.6/template/onGenerate-ig-working.xml to /tmp/ans.fr.documentation#0.1.6/temp/pages/_data/info.json
     [xslt] Loading stylesheet /tmp/ans.fr.documentation#0.1.6/template/scripts/onGenerate.genJson.xslt

onGenerate.processIncludes:
     [copy] Copying 17 files to /tmp/ans.fr.documentation#0.1.6/temp/pages/_includes

onGenerate.processIg:
     [xslt] Processing /tmp/ans.fr.documentation#0.1.6/template/onGenerate-ig-working.xml to /tmp/ans.fr.documentation#0.1.6/template/onGenerate-ig-working.1.xml
     [xslt] Loading stylesheet /tmp/ans.fr.documentation#0.1.6/template/scripts/onGenerate.group.xslt
     [xslt] Processing /tmp/ans.fr.documentation#0.1.6/template/onGenerate-ig-working.1.xml to /tmp/ans.fr.documentation#0.1.6/template/onGenerate-ig-working.2.xml
     [xslt] Loading stylesheet /tmp/ans.fr.documentation#0.1.6/template/scripts/onGenerate.groupSort.xslt
     [xslt] Processing /tmp/ans.fr.documentation#0.1.6/template/onGenerate-ig-working.2.xml to /tmp/ans.fr.documentation#0.1.6/template/onGenerate-ig-updated.xml
     [xslt] Loading stylesheet /tmp/ans.fr.documentation#0.1.6/template/scripts/onGenerate.final.xslt

onGenerate.igQa:
     [xslt] Processing /tmp/ans.fr.documentation#0.1.6/template/onGenerate-ig-updated.xml to /tmp/ans.fr.documentation#0.1.6/template/ongenerate-validation-igqa.json
     [xslt] Loading stylesheet /tmp/ans.fr.documentation#0.1.6/template/scripts/onGenerate.qa.xslt

onGenerate.artifactList:
     [xslt] Processing /tmp/ans.fr.documentation#0.1.6/template/onGenerate-ig-updated.xml to /tmp/ans.fr.documentation#0.1.6/temp/pages/_includes/artifacts.xml
     [xslt] Loading stylesheet /tmp/ans.fr.documentation#0.1.6/template/scripts/createArtifactSummary.xslt

check-plantumlfiles:

onGenerate.plantUml.ig:

onGenerate.plantUml.template:

onGenerate.plantUml:

onGenerate.copyDataFiles:
     [copy] Warning: /tmp/ans.fr.documentation#0.1.6/template/data does not exist.

onGenerate.extend:

onGenerate:
Template Done                                                                                        (00:01.539 / 00:21.583, 734Mb)
Generate HTML Outputs                                                                                (00:00.001 / 00:21.584, 734Mb)
Generate Summaries                                                                                   (00:00.144 / 00:21.729, 752Mb)
Generating Summary Outputs                                                                           (00:00.001 / 00:21.730, 752Mb)
ERROR StatusLogger Log4j2 could not find a logging implementation. Please add log4j-core to the classpath. Using SimpleLogger to log to the console...
DB Cumulative Time invested: 00:00:00.63
Sending Usage Stats to Server                                                                        (02:15.720 / 02:37.450, 939Mb)
## Memory (MB): Use = 939, Free = 606, Total = 1546, Max = 3996                                      (00:00.003 / 02:37.454, 940Mb)
Reclaiming memory...                                                                                 (00:00.001 / 02:37.455, 940Mb)
## Memory (MB): Use = 594, Free = 951, Total = 1546, Max = 3996                                      (00:00.292 / 02:37.747, 595Mb)
Run jekyll: jekyll build --destination "/tmp/ans.fr.documentation#0.1.6/output" (in folder /tmp/ans.fr.documentation#0.1.6/temp/pages) (00:00.004 / 02:37.751, 595Mb)
Troubleshooting Note: usual cases for Jekyll to fail are:                                            (00:00.004 / 02:37.755, 595Mb)
* A failure to produce a fragment that is already logged in the output above                         (00:00.001 / 02:37.757, 595Mb)
* A reference to a manually edited file that hasn't been provided                                    (00:00.001 / 02:37.758, 595Mb)
Jekyll: Source: /tmp/ans.fr.documentation#0.1.6/temp/pages                                           (00:00.357 / 02:38.115, 599Mb)
Jekyll: Generating...                                                                                (00:00.001 / 02:38.116, 599Mb)
Jekyll: done in 0.575 seconds.                                                                       (00:00.573 / 02:38.690, 599Mb)

Installing ans.fr.documentation#0.1.6 done.
Checking Output HTML                                                                                 (00:00.596 / 02:39.286, 684Mb)
found 550 files                                                                                      (00:00.004 / 02:39.291, 684Mb)
..........................................
..........................................
  ... 550 html files, 0 pages invalid xhtml (0%)                                                     (00:00.529 / 02:39.821, 917Mb)
  ... 918 links, 2 broken links (0%)                                                                 (00:00.001 / 02:39.822, 918Mb)
Build final .zip                                                                                     (00:00.001 / 02:39.823, 918Mb)
Final .zip built                                                                                     (00:00.635 / 02:40.458, 926Mb)
Built. Times: loading: 00:00.172, generate: 02:28.370, narrative generation: 00:00.097, validation: 00:02.213, realm-rules: 00:00.001, previous-version: 00:03.866, jekyll: 00:00.950, template: 00:01.538 (#3) (00:01.437 / 02:41.896, 1Gb)
Generating QA                                                                                        (00:00.001 / 02:41.897, 1Gb)
context [anonymous] 2:60 attribute comment isn't defined
context [anonymous] 2:60 attribute comment isn't defined
Validation output in /tmp/ans.fr.documentation#0.1.6/output/qa.html
Errors: 1, Warnings: 4, Info: 0, Broken Links: 2 (00:00.107 / 02:42.005, 1Gb)
Finished. Max Memory Used = 1Gb. Log file saved in /tmp/fhir-ig-publisher-tmp.log                    (00:00.002 / 02:42.007, 1Gb)
Prepare Build space in /tmp/ans.fr.documentation#0.1.6-milestone
Build IG at /home/runner/work/IG-documentation/IG-documentation/./igSource: final copy suitable for publication (in /tmp/ans.fr.documentation#0.1.6-milestone) (milestone build)
FHIR IG Publisher Version 1.5.16 (Git# 2dd71bdfb01d). Built 2024-01-30T12:42:56.541Z (42 hours old) 
Detected Java version: 17.0.7 from /opt/hostedtoolcache/Java_Microsoft_jdk/17.0.7/x64 on Linux/amd64 (64bit). 3996MB available
dir = /home/runner/work/IG-documentation/IG-documentation, path = /usr/share/dotnet:/opt/hostedtoolcache/node/16.20.2/x64/bin:/opt/hostedtoolcache/Java_Microsoft_jdk/17.0.7/x64/bin:/snap/bin:/home/runner/.local/bin:/opt/pipx_bin:/home/runner/.cargo/bin:/home/runner/.config/composer/vendor/bin:/usr/local/.ghcup/bin:/home/runner/.dotnet/tools:/usr/local/sbin:/usr/local/bin:/usr/sbin:/usr/bin:/sbin:/bin:/usr/games:/usr/local/games:/snap/bin
Parameters: -ig /tmp/ans.fr.documentation#0.1.6-milestone -publish https://interop.esante.gouv.fr/ig/documentation/0.1.6 -milestone -no-exit
Start Clock @ Thursday, February 1, 2024 at 7:30:55 AM Coordinated Universal Time (2024-02-01T07:30:55Z)
                                                                                                    
Build FHIR IG from /tmp/ans.fr.documentation#0.1.6-milestone                                         (00:00.004 / 00:00.004, 1Gb)
Build Formal Publication package, intended for https://interop.esante.gouv.fr/ig/documentation/0.1.6 (00:00.000 / 00:00.005, 1Gb)
API keys loaded from /home/runner/.fhir/fhir-settings.json                                           (00:00.000 / 00:00.006, 1Gb)
Package Cache: /home/runner/.fhir/packages                                                           (00:00.000 / 00:00.007, 1Gb)
Unable to load IG as an r5 IG - try R4 (property code is a class com.google.gson.JsonPrimitive looking for an object) (00:00.005 / 00:00.012, 1Gb)
Load Template from https://github.com/ansforge/IG-template                                           (00:00.012 / 00:00.025, 1Gb)

onLoad.findSpreadsheets:

onLoad.updateIg:
     [xslt] Processing /tmp/ans.fr.documentation#0.1.6-milestone/template/onLoad-ig-working.xml to /tmp/ans.fr.documentation#0.1.6-milestone/template/onLoad-ig-updated.xml
     [xslt] Loading stylesheet /tmp/ans.fr.documentation#0.1.6-milestone/template/scripts/onLoad.xslt

onLoad.extend:

onLoad:
Root directory: /tmp/ans.fr.documentation#0.1.6-milestone                                            (00:01.828 / 00:01.853, 764Mb)
Terminology Cache is at /tmp/ans.fr.documentation#0.1.6-milestone/input-cache/txcache. 8 files in cache (00:00.363 / 00:02.216, 775Mb)
Core Package hl7.fhir.r4.core#4.0.1
Unable to generate snapshot @2 for Definition from noname because Profile Definition (http://hl7.org/fhir/StructureDefinition/Definition) has no base and no snapshot
Unable to generate snapshot @2 for Event from noname because Profile Event (http://hl7.org/fhir/StructureDefinition/Event) has no base and no snapshot
Unable to generate snapshot @2 for FiveWs from noname because Profile FiveWs (http://hl7.org/fhir/StructureDefinition/FiveWs) has no base and no snapshot
Unable to generate snapshot @2 for Request from noname because Profile Request (http://hl7.org/fhir/StructureDefinition/Request) has no base and no snapshot
Running Terminology Log: /tmp/ohfu-fhir-ig-9399096027171642459.log
Connect to Terminology Server at http://tx.fhir.org                                                  (00:01.511 / 00:03.729, 790Mb)
Load Package hl7.fhir.pubpack#0.1.7
Load Package hl7.fhir.xver-extensions#0.1.0
Load Package hl7.terminology.r4#5.3.0
Load Package hl7.fhir.uv.extensions.r4#1.0.0
Version mismatch. This IG is version 4.0.1, while the IG 'hl7.fhir.uv.tools' is from version 5.0.0 (will try to run anyway) (00:02.657 / 00:06.386, 667Mb)
Load Package hl7.fhir.uv.tools#0.1.0
Load R5 Specials
Unable to generate snapshot @2 for Definition from noname because Profile Definition (http://hl7.org/fhir/StructureDefinition/Definition) has no base and no snapshot
Unable to generate snapshot @2 for Event from noname because Profile Event (http://hl7.org/fhir/StructureDefinition/Event) has no base and no snapshot
Unable to generate snapshot @2 for FiveWs from noname because Profile FiveWs (http://hl7.org/fhir/StructureDefinition/FiveWs) has no base and no snapshot
Unable to generate snapshot @2 for Request from noname because Profile Request (http://hl7.org/fhir/StructureDefinition/Request) has no base and no snapshot
Initialization complete                                                                              (00:00.278 / 00:06.664, 928Mb)
Fetch https://interop.esante.gouv.fr/ig/documentation/package-list.json for version check            (00:00.000 / 00:06.665, 928Mb)
Load Content                                                                                         (00:00.290 / 00:06.956, 930Mb)
loadPrePages from FetchedFile[/tmp/ans.fr.documentation#0.1.6-milestone/fsh-generated/includes] as /tmp/ans.fr.documentation#0.1.6-milestone/fsh-generated/includes
loadPrePages from FetchedFile[/tmp/ans.fr.documentation#0.1.6-milestone/input/data] as /tmp/ans.fr.documentation#0.1.6-milestone/input/data
loadPrePages from FetchedFile[/tmp/ans.fr.documentation#0.1.6-milestone/input/pagecontent] as /tmp/ans.fr.documentation#0.1.6-milestone/input/pagecontent
Processing Conformance Resources                                                                     (00:00.075 / 00:07.032, 951Mb)
Load Dependency Info                                                                                 (00:00.001 / 00:07.033, 951Mb)
Load Info                                                                                            (00:00.001 / 00:07.034, 951Mb)
Load Resources                                                                                       (00:00.000 / 00:07.035, 951Mb)
Load Paths                                                                                           (00:00.056 / 00:07.091, 970Mb)
Generating Snapshots                                                                                 (00:00.001 / 00:07.092, 970Mb)
Check R4 / R4B                                                                                       (00:00.002 / 00:07.095, 970Mb)
Assign Comparison Ids                                                                                (00:00.004 / 00:07.099, 971Mb)
Propagating status                                                                                   (00:00.001 / 00:07.100, 971Mb)
Generating Narratives                                                                                (00:00.000 / 00:07.101, 971Mb)
Validating Conformance Resources                                                                     (00:00.052 / 00:07.154, 989Mb)
Check profiles & code systems                                                                        (00:01.219 / 00:08.373, 574Mb)
Check realm rules                                                                                    (00:00.000 / 00:08.374, 574Mb)
Previous Version Comparison                                                                          (00:00.000 / 00:08.375, 574Mb)
Unable to generate snapshot @1 for Definition from noname because Profile Definition (http://hl7.org/fhir/StructureDefinition/Definition) has no base and no snapshot
Unable to generate snapshot @1 for Event from noname because Profile Event (http://hl7.org/fhir/StructureDefinition/Event) has no base and no snapshot
Unable to generate snapshot @1 for FiveWs from noname because Profile FiveWs (http://hl7.org/fhir/StructureDefinition/FiveWs) has no base and no snapshot
Unable to generate snapshot @1 for Request from noname because Profile Request (http://hl7.org/fhir/StructureDefinition/Request) has no base and no snapshot
Validating Resources                                                                                 (00:02.742 / 00:11.117, 1Gb)
Processing Provenance Records                                                                        (00:00.000 / 00:11.118, 1Gb)
Generating Outputs in /tmp/ans.fr.documentation#0.1.6-milestone/output                               (00:00.000 / 00:11.119, 1Gb)
Generate Native Outputs                                                                              (00:00.111 / 00:11.231, 1Gb)
Run Template                                                                                         (00:00.082 / 00:11.313, 1Gb)

onGenerate.checkVersions:
     [xslt] Processing /tmp/ans.fr.documentation#0.1.6-milestone/template/onGenerate-ig-working.xml to /tmp/ans.fr.documentation#0.1.6-milestone/template/versions.txt
     [xslt] Loading stylesheet /tmp/ans.fr.documentation#0.1.6-milestone/template/scripts/onGenerate.getVersions.xslt

onGenerate.r5-schemas:
      [get] Getting: http://build.fhir.org/fhir-single.xsd
      [get] To: /tmp/ans.fr.documentation#0.1.6-milestone/input-cache/schemas/R5/fhir-single.xsd
      [get] Not modified - so not downloaded
      [get] Getting: http://build.fhir.org/fhir-xhtml.xsd
      [get] To: /tmp/ans.fr.documentation#0.1.6-milestone/input-cache/schemas/R5/fhir-xhtml.xsd
      [get] Not modified - so not downloaded
      [get] Getting: http://build.fhir.org/xml.xsd
      [get] To: /tmp/ans.fr.documentation#0.1.6-milestone/input-cache/schemas/R5/xml.xsd
      [get] Not modified - so not downloaded
      [get] Getting: http://build.fhir.org/xmldsig-core-schema.xsd
      [get] To: /tmp/ans.fr.documentation#0.1.6-milestone/input-cache/schemas/R5/xmldsig-core-schema.xsd
      [get] Not modified - so not downloaded

onGenerate.r4-schemas:
      [get] Getting: http://hl7.org/fhir/R4/fhir-single.xsd
      [get] To: /tmp/ans.fr.documentation#0.1.6-milestone/input-cache/schemas/R4/fhir-single.xsd
      [get] Not modified - so not downloaded
      [get] Getting: http://hl7.org/fhir/R4/fhir-xhtml.xsd
      [get] To: /tmp/ans.fr.documentation#0.1.6-milestone/input-cache/schemas/R4/fhir-xhtml.xsd
      [get] Not modified - so not downloaded
      [get] Getting: http://hl7.org/fhir/R4/xml.xsd
      [get] To: /tmp/ans.fr.documentation#0.1.6-milestone/input-cache/schemas/R4/xml.xsd
      [get] Not modified - so not downloaded
      [get] Getting: http://hl7.org/fhir/R4/xmldsig-core-schema.xsd
      [get] To: /tmp/ans.fr.documentation#0.1.6-milestone/input-cache/schemas/R4/xmldsig-core-schema.xsd
      [get] Not modified - so not downloaded

onGenerate.r3-schemas:

onGenerate.r2b-schemas:

onGenerate.r2-schemas:

onGenerate.schemas:

onGenerate.data:
     [xslt] Processing /tmp/ans.fr.documentation#0.1.6-milestone/template/onGenerate-ig-working.xml to /tmp/ans.fr.documentation#0.1.6-milestone/temp/pages/_data/artifacts.json
     [xslt] Loading stylesheet /tmp/ans.fr.documentation#0.1.6-milestone/template/scripts/onGenerate.data.xslt

onGenerate.setup:

onGenerate.infoFile:
     [xslt] Processing /tmp/ans.fr.documentation#0.1.6-milestone/template/onGenerate-ig-working.xml to /tmp/ans.fr.documentation#0.1.6-milestone/temp/pages/_data/info.json
     [xslt] Loading stylesheet /tmp/ans.fr.documentation#0.1.6-milestone/template/scripts/onGenerate.genJson.xslt

onGenerate.processIncludes:
     [copy] Copying 17 files to /tmp/ans.fr.documentation#0.1.6-milestone/temp/pages/_includes

onGenerate.processIg:
     [xslt] Processing /tmp/ans.fr.documentation#0.1.6-milestone/template/onGenerate-ig-working.xml to /tmp/ans.fr.documentation#0.1.6-milestone/template/onGenerate-ig-working.1.xml
     [xslt] Loading stylesheet /tmp/ans.fr.documentation#0.1.6-milestone/template/scripts/onGenerate.group.xslt
     [xslt] Processing /tmp/ans.fr.documentation#0.1.6-milestone/template/onGenerate-ig-working.1.xml to /tmp/ans.fr.documentation#0.1.6-milestone/template/onGenerate-ig-working.2.xml
     [xslt] Loading stylesheet /tmp/ans.fr.documentation#0.1.6-milestone/template/scripts/onGenerate.groupSort.xslt
     [xslt] Processing /tmp/ans.fr.documentation#0.1.6-milestone/template/onGenerate-ig-working.2.xml to /tmp/ans.fr.documentation#0.1.6-milestone/template/onGenerate-ig-updated.xml
     [xslt] Loading stylesheet /tmp/ans.fr.documentation#0.1.6-milestone/template/scripts/onGenerate.final.xslt

onGenerate.igQa:
     [xslt] Processing /tmp/ans.fr.documentation#0.1.6-milestone/template/onGenerate-ig-updated.xml to /tmp/ans.fr.documentation#0.1.6-milestone/template/ongenerate-validation-igqa.json
     [xslt] Loading stylesheet /tmp/ans.fr.documentation#0.1.6-milestone/template/scripts/onGenerate.qa.xslt

onGenerate.artifactList:
     [xslt] Processing /tmp/ans.fr.documentation#0.1.6-milestone/template/onGenerate-ig-updated.xml to /tmp/ans.fr.documentation#0.1.6-milestone/temp/pages/_includes/artifacts.xml
     [xslt] Loading stylesheet /tmp/ans.fr.documentation#0.1.6-milestone/template/scripts/createArtifactSummary.xslt

check-plantumlfiles:

onGenerate.plantUml.ig:

onGenerate.plantUml.template:

onGenerate.plantUml:

onGenerate.copyDataFiles:
     [copy] Warning: /tmp/ans.fr.documentation#0.1.6-milestone/template/data does not exist.

onGenerate.extend:

onGenerate:
Template Done                                                                                        (00:01.257 / 00:12.570, 1Gb)
Generate HTML Outputs                                                                                (00:00.001 / 00:12.571, 1Gb)
Generate Summaries                                                                                   (00:00.043 / 00:12.615, 1Gb)
Generating Summary Outputs                                                                           (00:00.000 / 00:12.616, 1Gb)
DB Cumulative Time invested: 00:00:00.74
Sending Usage Stats to Server                                                                        (00:02.424 / 00:15.040, 1Gb)
## Memory (MB): Use = 1438, Free = 817, Total = 2256, Max = 3996                                     (00:00.001 / 00:15.041, 1Gb)
Reclaiming memory...                                                                                 (00:00.000 / 00:15.042, 1Gb)
## Memory (MB): Use = 595, Free = 1412, Total = 2008, Max = 3996                                     (00:00.356 / 00:15.399, 596Mb)
Run jekyll: jekyll build --destination "/tmp/ans.fr.documentation#0.1.6-milestone/output" (in folder /tmp/ans.fr.documentation#0.1.6-milestone/temp/pages) (00:00.001 / 00:15.401, 597Mb)
Troubleshooting Note: usual cases for Jekyll to fail are:                                            (00:00.001 / 00:15.402, 597Mb)
* A failure to produce a fragment that is already logged in the output above                         (00:00.001 / 00:15.403, 597Mb)
* A reference to a manually edited file that hasn't been provided                                    (00:00.000 / 00:15.404, 597Mb)
Jekyll: Source: /tmp/ans.fr.documentation#0.1.6-milestone/temp/pages                                 (00:00.341 / 00:15.745, 599Mb)
Jekyll: Generating...                                                                                (00:00.000 / 00:15.746, 599Mb)
Jekyll: done in 0.571 seconds.                                                                       (00:00.570 / 00:16.316, 599Mb)

Installing ans.fr.documentation#0.1.6Checking Output HTML                                                                                 (00:00.075 / 00:16.392, 615Mb)
found 550 files                                                                                      (00:00.003 / 00:16.396, 615Mb)
..........................................
..........................................
  ... 550 html files, 0 pages invalid xhtml (0%)                                                     (00:00.284 / 00:16.681, 847Mb)
  ... 918 links, 2 broken links (0%)                                                                 (00:00.001 / 00:16.682, 847Mb)
Build final .zip                                                                                     (00:00.000 / 00:16.683, 847Mb)
Final .zip built                                                                                     (00:00.615 / 00:17.298, 856Mb)
Built. Times: loading: 00:00.074, generate: 00:10.959, narrative generation: 00:00.051, validation: 00:01.217, realm-rules: 00:00.000, previous-version: 00:02.740, jekyll: 00:00.924, template: 00:01.256 (#3) (00:00.693 / 00:17.992, 1Gb)
Generating QA                                                                                        (00:00.001 / 00:17.993, 1Gb)
context [anonymous] 2:60 attribute comment isn't defined
context [anonymous] 2:60 attribute comment isn't defined
Validation output in /tmp/ans.fr.documentation#0.1.6-milestone/output/qa.html
Errors: 1, Warnings: 4, Info: 0, Broken Links: 2 (00:00.048 / 00:18.042, 1Gb)
Finished. Max Memory Used = 1Gb. Log file saved in /tmp/fhir-ig-publisher-tmp.log                    (00:00.001 / 00:18.044, 1Gb)
Keep a copy of the build directory at /tmp/web-root/run-20240201/ig-build-zips/ans.fr.documentation#0.1.6.zip

ok. All checks passed. Publish v0.1.6 to /tmp/web-root/run-20240201/documentation/0.1.6
Copy the IG to /tmp/web-root/run-20240201/documentation/0.1.6
Update /tmp/web-root/run-20240201/documentation/package-list.json
Publish Box Statement: This page is part of the Documentation des guides d'implémentation de l'ANS (v0.1.6: Release) based on <a no-external="true" href="http://hl7.org/fhir/R4">FHIR (HL7® FHIR® Standard) R4</a>. This is the current published version in its permanent home (it will always be available at this URL).  For a full list of available versions, see the <a no-external="true" href="https://interop.esante.gouv.fr/ig/documentation/history.html">Directory of published versions</a>
no html insert in /tmp/web-root/run-20240201/documentation/0.1.6/qa-txservers.html
  .. 17 files checked, 17 updated
  .. 9 clones checked, 18 updated
  .. 1 redirections (1 created/updated)
This is a milestone release - publish v0.1.6 to /tmp/web-root/run-20240201/documentation
Publish Box Statement: This page is part of the Documentation des guides d'implémentation de l'ANS (v0.1.6: Release) based on <a no-external="true" href="http://hl7.org/fhir/R4">FHIR (HL7® FHIR® Standard) R4</a>. This is the current published version.  For a full list of available versions, see the <a no-external="true" href="https://interop.esante.gouv.fr/ig/documentation/history.html">Directory of published versions</a>
no html insert in /tmp/ans.fr.documentation#0.1.6-milestone/output/qa-txservers.html
  .. 17 files checked, 17 updated
  .. 9 clones checked, 18 updated
  .. 1 redirections (1 created/updated)
Check for Files to delete
  ... 0 files
Copy to new IG to /tmp/web-root/run-20240201/documentation
Update history page at /tmp/web-root/run-20240201/documentation from /home/runner/work/IG-documentation/IG-documentation/./IG-website-release/fhir-ig-history-template and ./IG-website-release/templates
Build is complete. Copy from /tmp/web-root/run-20240201
ans.fr.documentation (https://interop.esante.gouv.fr/ig/documentation): Documentation des guides d'implémentation de l'ANS @ https://ansforge.github.io/IG-documentation/ig/main
  release: release 0.1.6/4.0.1 @ https://interop.esante.gouv.fr/ig/documentation/0.1.6
