FHIR IG Publisher Version 1.6.6 (Git# d1dac76a7c14). Built 2024-04-23T09:27:48.515Z (9 days old)
Detected Java version: 17.0.10 from /opt/hostedtoolcache/Java_Microsoft_jdk/17.0.10/x64 on amd64 (64bit). 3996MB available
dir = /home/runner/work/IG-documentation/IG-documentation, path = /opt/hostedtoolcache/Ruby/3.3.1/x64/bin:/usr/share/dotnet:/opt/hostedtoolcache/node/20.12.2/x64/bin:/opt/hostedtoolcache/Java_Microsoft_jdk/17.0.10/x64/bin:/snap/bin:/home/runner/.local/bin:/opt/pipx_bin:/home/runner/.cargo/bin:/home/runner/.config/composer/vendor/bin:/usr/local/.ghcup/bin:/home/runner/.dotnet/tools:/usr/local/sbin:/usr/local/bin:/usr/sbin:/usr/bin:/sbin:/bin:/usr/games:/usr/local/games:/snap/bin
Parameters: -go-publish -source ./igSource -web ./IG-website-release/www/ig -registry ./IG-website-release/ig-registry/fhir-ig-list.json -history ./IG-website-release/fhir-ig-history-template -templates ./IG-website-release/templates
---------------
Publication Run: publish ./igSource to ./IG-website-release/www/ig
Run Number: 13
Relative directory for IG is '/documentation'
===== Web Publication Run Details ===============================
 Source IG: ans.fr.documentation#0.1.7 : https://interop.esante.gouv.fr/ig/documentation (R4) from ./igSource
All checks passed. Do the publication build from /home/runner/work/IG-documentation/IG-documentation/./igSource and publish to /tmp/web-root/run-20240502/documentation
Prepare Build space in /tmp/ans.fr.documentation#0.1.7
Build IG at /home/runner/work/IG-documentation/IG-documentation/./igSource: final copy suitable for publication (in /tmp/ans.fr.documentation#0.1.7)
FHIR IG Publisher Version 1.6.6 (Git# d1dac76a7c14). Built 2024-04-23T09:27:48.515Z (9 days old)    
Detected Java version: 17.0.10 from /opt/hostedtoolcache/Java_Microsoft_jdk/17.0.10/x64 on Linux/amd64 (64bit). 3996MB available
dir = /home/runner/work/IG-documentation/IG-documentation, path = /opt/hostedtoolcache/Ruby/3.3.1/x64/bin:/usr/share/dotnet:/opt/hostedtoolcache/node/20.12.2/x64/bin:/opt/hostedtoolcache/Java_Microsoft_jdk/17.0.10/x64/bin:/snap/bin:/home/runner/.local/bin:/opt/pipx_bin:/home/runner/.cargo/bin:/home/runner/.config/composer/vendor/bin:/usr/local/.ghcup/bin:/home/runner/.dotnet/tools:/usr/local/sbin:/usr/local/bin:/usr/sbin:/usr/bin:/sbin:/bin:/usr/games:/usr/local/games:/snap/bin
Parameters: -ig /tmp/ans.fr.documentation#0.1.7 -resetTx -publish https://interop.esante.gouv.fr/ig/documentation/0.1.7 -no-exit
Start Clock @ Thursday, May 2, 2024 at 4:00:34 PM Coordinated Universal Time (2024-05-02T16:00:34Z) 
                                                                                                    
Build FHIR IG from /tmp/ans.fr.documentation#0.1.7                                                   (00:00.017 / 00:00.017, 23Mb)
Build Formal Publication package, intended for https://interop.esante.gouv.fr/ig/documentation/0.1.7 (00:00.003 / 00:00.020, 23Mb)
API keys loaded from /home/runner/.fhir/fhir-settings.json                                           (00:00.001 / 00:00.021, 23Mb)
Package Cache: /home/runner/.fhir/packages                                                           (00:00.003 / 00:00.025, 23Mb)
Unable to load IG as an r5 IG - try R4 (property code is a class com.google.gson.JsonPrimitive looking for an object) (00:00.398 / 00:00.423, 49Mb)
Load Template from https://github.com/ansforge/IG-template                                           (00:00.388 / 00:00.812, 28Mb)

onLoad.findSpreadsheets:

onLoad.updateIg:
     [xslt] Processing /tmp/ans.fr.documentation#0.1.7/template/onLoad-ig-working.xml to /tmp/ans.fr.documentation#0.1.7/template/onLoad-ig-updated.xml
     [xslt] Loading stylesheet /tmp/ans.fr.documentation#0.1.7/template/scripts/onLoad.xslt

onLoad.extend:

onLoad:
Root directory: /tmp/ans.fr.documentation#0.1.7                                                      (00:03.094 / 00:03.906, 96Mb)
Terminology Cache is at /tmp/ans.fr.documentation#0.1.7/input-cache/txcache. Clearing now            (00:00.465 / 00:04.371, 91Mb)
Core Package hl7.fhir.r4.core#4.0.1
Unable to generate snapshot @2 for Definition from noname because Profile Definition (http://hl7.org/fhir/StructureDefinition/Definition) has no base and no snapshot
Unable to generate snapshot @2 for Event from noname because Profile Event (http://hl7.org/fhir/StructureDefinition/Event) has no base and no snapshot
Unable to generate snapshot @2 for FiveWs from noname because Profile FiveWs (http://hl7.org/fhir/StructureDefinition/FiveWs) has no base and no snapshot
Unable to generate snapshot @2 for Request from noname because Profile Request (http://hl7.org/fhir/StructureDefinition/Request) has no base and no snapshot
Running Terminology Log: /tmp/ohfu-fhir-ig-7270390018816738519.log
Connect to Terminology Server at http://tx.fhir.org                                                  (00:03.853 / 00:08.225, 310Mb)
Load Package hl7.fhir.pubpack#0.1.7
Load Package hl7.fhir.xver-extensions#0.1.0
Load Package hl7.terminology.r4#5.5.0
Load Package hl7.fhir.uv.extensions.r4#5.1.0
Version mismatch. This IG is version 4.0.1, while the IG 'hl7.fhir.uv.tools' is from version 5.0.0 (will try to run anyway) (00:03.736 / 00:11.961, 404Mb)
Load Package hl7.fhir.uv.tools#0.1.0
Load R5 Specials
Unable to generate snapshot @2 for Definition from noname because Profile Definition (http://hl7.org/fhir/StructureDefinition/Definition) has no base and no snapshot
Unable to generate snapshot @2 for Event from noname because Profile Event (http://hl7.org/fhir/StructureDefinition/Event) has no base and no snapshot
Unable to generate snapshot @2 for FiveWs from noname because Profile FiveWs (http://hl7.org/fhir/StructureDefinition/FiveWs) has no base and no snapshot
Unable to generate snapshot @2 for Request from noname because Profile Request (http://hl7.org/fhir/StructureDefinition/Request) has no base and no snapshot
Initialization complete                                                                              (00:00.478 / 00:12.439, 439Mb)
Fetch https://interop.esante.gouv.fr/ig/documentation/package-list.json for version check            (00:00.002 / 00:12.441, 439Mb)
Load Content                                                                                         (00:00.690 / 00:13.132, 441Mb)
loadPrePages from FetchedFile[/tmp/ans.fr.documentation#0.1.7/fsh-generated/includes] as /tmp/ans.fr.documentation#0.1.7/fsh-generated/includes
loadPrePages from FetchedFile[/tmp/ans.fr.documentation#0.1.7/input/data] as /tmp/ans.fr.documentation#0.1.7/input/data
loadPrePages from FetchedFile[/tmp/ans.fr.documentation#0.1.7/input/pagecontent] as /tmp/ans.fr.documentation#0.1.7/input/pagecontent
Processing Conformance Resources                                                                     (00:00.120 / 00:13.252, 449Mb)
Load Dependency Info                                                                                 (00:00.001 / 00:13.253, 449Mb)
Load Info                                                                                            (00:00.001 / 00:13.255, 449Mb)
Load Resources                                                                                       (00:00.001 / 00:13.256, 450Mb)
Load Paths                                                                                           (00:00.034 / 00:13.291, 455Mb)
Generating Snapshots                                                                                 (00:00.001 / 00:13.292, 455Mb)
Check R4 / R4B                                                                                       (00:00.004 / 00:13.297, 455Mb)
Assign Comparison Ids                                                                                (00:00.005 / 00:13.302, 456Mb)
Propagating status                                                                                   (00:00.001 / 00:13.303, 456Mb)
Generating Narratives                                                                                (00:00.001 / 00:13.305, 456Mb)
Validating Conformance Resources                                                                     (00:00.046 / 00:13.351, 462Mb)
Check profiles & code systems                                                                        (00:02.736 / 00:16.087, 627Mb)
Check realm rules                                                                                    (00:00.000 / 00:16.088, 627Mb)
Previous Version Comparison                                                                          (00:00.000 / 00:16.089, 627Mb)
Unable to generate snapshot @1 for Definition from noname because Profile Definition (http://hl7.org/fhir/StructureDefinition/Definition) has no base and no snapshot
Unable to generate snapshot @1 for Event from noname because Profile Event (http://hl7.org/fhir/StructureDefinition/Event) has no base and no snapshot
Unable to generate snapshot @1 for FiveWs from noname because Profile FiveWs (http://hl7.org/fhir/StructureDefinition/FiveWs) has no base and no snapshot
Unable to generate snapshot @1 for Request from noname because Profile Request (http://hl7.org/fhir/StructureDefinition/Request) has no base and no snapshot
Validating Resources                                                                                 (00:03.596 / 00:19.686, 1Gb)
Processing Provenance Records                                                                        (00:00.001 / 00:19.687, 1Gb)
Generating Outputs in /tmp/ans.fr.documentation#0.1.7/output                                         (00:00.000 / 00:19.688, 1Gb)
Generate Native Outputs                                                                              (00:00.073 / 00:19.762, 1Gb)
Run Template                                                                                         (00:00.128 / 00:19.890, 1Gb)

onGenerate.checkVersions:
     [xslt] Processing /tmp/ans.fr.documentation#0.1.7/template/onGenerate-ig-working.xml to /tmp/ans.fr.documentation#0.1.7/template/versions.txt
     [xslt] Loading stylesheet /tmp/ans.fr.documentation#0.1.7/template/scripts/onGenerate.getVersions.xslt

onGenerate.r5-schemas:
      [get] Getting: http://build.fhir.org/fhir-single.xsd
      [get] To: /tmp/ans.fr.documentation#0.1.7/input-cache/schemas/R5/fhir-single.xsd
      [get] Not modified - so not downloaded
      [get] Getting: http://build.fhir.org/fhir-xhtml.xsd
      [get] To: /tmp/ans.fr.documentation#0.1.7/input-cache/schemas/R5/fhir-xhtml.xsd
      [get] Not modified - so not downloaded
      [get] Getting: http://build.fhir.org/xml.xsd
      [get] To: /tmp/ans.fr.documentation#0.1.7/input-cache/schemas/R5/xml.xsd
      [get] Not modified - so not downloaded
      [get] Getting: http://build.fhir.org/xmldsig-core-schema.xsd
      [get] To: /tmp/ans.fr.documentation#0.1.7/input-cache/schemas/R5/xmldsig-core-schema.xsd
      [get] Not modified - so not downloaded

onGenerate.r4-schemas:
      [get] Getting: http://hl7.org/fhir/R4/fhir-single.xsd
      [get] To: /tmp/ans.fr.documentation#0.1.7/input-cache/schemas/R4/fhir-single.xsd
      [get] Not modified - so not downloaded
      [get] Getting: http://hl7.org/fhir/R4/fhir-xhtml.xsd
      [get] To: /tmp/ans.fr.documentation#0.1.7/input-cache/schemas/R4/fhir-xhtml.xsd
      [get] Not modified - so not downloaded
      [get] Getting: http://hl7.org/fhir/R4/xml.xsd
      [get] To: /tmp/ans.fr.documentation#0.1.7/input-cache/schemas/R4/xml.xsd
      [get] Not modified - so not downloaded
      [get] Getting: http://hl7.org/fhir/R4/xmldsig-core-schema.xsd
      [get] To: /tmp/ans.fr.documentation#0.1.7/input-cache/schemas/R4/xmldsig-core-schema.xsd
      [get] Not modified - so not downloaded

onGenerate.r3-schemas:

onGenerate.r2b-schemas:

onGenerate.r2-schemas:

onGenerate.schemas:

onGenerate.data:
     [xslt] Processing /tmp/ans.fr.documentation#0.1.7/template/onGenerate-ig-working.xml to /tmp/ans.fr.documentation#0.1.7/temp/pages/_data/artifacts.json
     [xslt] Loading stylesheet /tmp/ans.fr.documentation#0.1.7/template/scripts/onGenerate.data.xslt

onGenerate.setup:

onGenerate.infoFile:
     [xslt] Processing /tmp/ans.fr.documentation#0.1.7/template/onGenerate-ig-working.xml to /tmp/ans.fr.documentation#0.1.7/temp/pages/_data/info.json
     [xslt] Loading stylesheet /tmp/ans.fr.documentation#0.1.7/template/scripts/onGenerate.genJson.xslt

onGenerate.processIncludes:
     [copy] Copying 17 files to /tmp/ans.fr.documentation#0.1.7/temp/pages/_includes

onGenerate.processIg:
     [xslt] Processing /tmp/ans.fr.documentation#0.1.7/template/onGenerate-ig-working.xml to /tmp/ans.fr.documentation#0.1.7/template/onGenerate-ig-working.1.xml
     [xslt] Loading stylesheet /tmp/ans.fr.documentation#0.1.7/template/scripts/onGenerate.group.xslt
     [xslt] Processing /tmp/ans.fr.documentation#0.1.7/template/onGenerate-ig-working.1.xml to /tmp/ans.fr.documentation#0.1.7/template/onGenerate-ig-working.2.xml
     [xslt] Loading stylesheet /tmp/ans.fr.documentation#0.1.7/template/scripts/onGenerate.groupSort.xslt
     [xslt] Processing /tmp/ans.fr.documentation#0.1.7/template/onGenerate-ig-working.2.xml to /tmp/ans.fr.documentation#0.1.7/template/onGenerate-ig-updated.xml
     [xslt] Loading stylesheet /tmp/ans.fr.documentation#0.1.7/template/scripts/onGenerate.final.xslt

onGenerate.igQa:
     [xslt] Processing /tmp/ans.fr.documentation#0.1.7/template/onGenerate-ig-updated.xml to /tmp/ans.fr.documentation#0.1.7/template/ongenerate-validation-igqa.json
     [xslt] Loading stylesheet /tmp/ans.fr.documentation#0.1.7/template/scripts/onGenerate.qa.xslt

onGenerate.artifactList:
     [xslt] Processing /tmp/ans.fr.documentation#0.1.7/template/onGenerate-ig-updated.xml to /tmp/ans.fr.documentation#0.1.7/temp/pages/_includes/artifacts.xml
     [xslt] Loading stylesheet /tmp/ans.fr.documentation#0.1.7/template/scripts/createArtifactSummary.xslt

check-plantumlfiles:

onGenerate.plantUml.ig:

onGenerate.plantUml.template:

onGenerate.plantUml:

onGenerate.copyDataFiles:
     [copy] Warning: /tmp/ans.fr.documentation#0.1.7/template/data does not exist.

onGenerate.extend:

onGenerate:
Template Done                                                                                        (00:01.541 / 00:21.432, 1Gb)
Generate HTML Outputs                                                                                (00:00.001 / 00:21.433, 1Gb)
Generate Summaries                                                                                   (00:00.177 / 00:21.611, 638Mb)
Generating Summary Outputs                                                                           (00:00.001 / 00:21.612, 638Mb)
ERROR StatusLogger Log4j2 could not find a logging implementation. Please add log4j-core to the classpath. Using SimpleLogger to log to the console...
DB Cumulative Time invested: 00:00:00.46
Sending Usage Stats to Server                                                                        (02:18.715 / 02:40.328, 999Mb)
## Memory (MB): Use = 999, Free = 876, Total = 1876, Max = 3996                                      (00:00.004 / 02:40.332, 1001Mb)
Reclaiming memory...                                                                                 (00:00.001 / 02:40.333, 1001Mb)
## Memory (MB): Use = 760, Free = 1115, Total = 1876, Max = 3996                                     (00:00.523 / 02:40.856, 761Mb)
Run jekyll: jekyll build --destination "/tmp/ans.fr.documentation#0.1.7/output" (in folder /tmp/ans.fr.documentation#0.1.7/temp/pages) (00:00.004 / 02:40.861, 761Mb)
Troubleshooting Note: usual cases for Jekyll to fail are:                                            (00:00.004 / 02:40.865, 761Mb)
* A failure to produce a fragment that is already logged in the output above                         (00:00.000 / 02:40.866, 761Mb)
* A reference to a manually edited file that hasn't been provided                                    (00:00.000 / 02:40.867, 761Mb)
Jekyll: Source: /tmp/ans.fr.documentation#0.1.7/temp/pages                                           (00:00.325 / 02:41.193, 765Mb)
Jekyll: Generating...                                                                                (00:00.001 / 02:41.194, 765Mb)
Jekyll: done in 0.511 seconds.                                                                       (00:00.510 / 02:41.704, 765Mb)

Installing ans.fr.documentation#0.1.7 done.
Checking Output HTML                                                                                 (00:00.629 / 02:42.334, 850Mb)
found 554 files                                                                                      (00:00.004 / 02:42.338, 850Mb)
..........................................
..........................................
  ... 554 html files, 2 pages invalid xhtml (0%)                                                     (00:00.549 / 02:42.888, 1Gb)
  ... 932 links, 3 broken links (0%)                                                                 (00:00.001 / 02:42.889, 1Gb)
Build final .zip                                                                                     (00:00.000 / 02:42.890, 1Gb)
Final .zip built                                                                                     (00:00.632 / 02:43.522, 1Gb)
Built. Times: loading: 00:00.119, generate: 02:31.609, narrative generation: 00:00.045, validation: 00:02.734, realm-rules: 00:00.000, previous-version: 00:03.581, jekyll: 00:00.853, template: 00:01.540 (#3) (00:01.357 / 02:44.879, 1Gb)
Generating QA                                                                                        (00:00.001 / 02:44.881, 1Gb)
Internal error in location for message: 'Error @1, 1: Found / expecting a token name', loc = '/tmp/ans.fr.documentation#0.1.7/output/about.html#/html/body/script at Line 263, column 4', err = 'The <script> tag containing the javascript '$(document).ready(fu'... is illegal and not allowed on t'
Internal error in location for message: 'Error @1, 1: Found / expecting a token name', loc = '/tmp/ans.fr.documentation#0.1.7/output/about.html#/html/body/script at Line 333, column 4', err = 'The <script> tag containing the javascript 'anchors.options.visi'... is illegal and not allowed on t'
Validation output in /tmp/ans.fr.documentation#0.1.7/output/qa.html
Errors: 3, Warnings: 4, Info: 0, Broken Links: 3 (00:00.119 / 02:45.000, 1Gb)
Finished. Max Memory Used = 1Gb. Log file saved in /tmp/fhir-ig-publisher-tmp.log                    (00:00.002 / 02:45.002, 1Gb)
Prepare Build space in /tmp/ans.fr.documentation#0.1.7-milestone
Build IG at /home/runner/work/IG-documentation/IG-documentation/./igSource: final copy suitable for publication (in /tmp/ans.fr.documentation#0.1.7-milestone) (milestone build)
FHIR IG Publisher Version 1.6.6 (Git# d1dac76a7c14). Built 2024-04-23T09:27:48.515Z (9 days old)    
Detected Java version: 17.0.10 from /opt/hostedtoolcache/Java_Microsoft_jdk/17.0.10/x64 on Linux/amd64 (64bit). 3996MB available
dir = /home/runner/work/IG-documentation/IG-documentation, path = /opt/hostedtoolcache/Ruby/3.3.1/x64/bin:/usr/share/dotnet:/opt/hostedtoolcache/node/20.12.2/x64/bin:/opt/hostedtoolcache/Java_Microsoft_jdk/17.0.10/x64/bin:/snap/bin:/home/runner/.local/bin:/opt/pipx_bin:/home/runner/.cargo/bin:/home/runner/.config/composer/vendor/bin:/usr/local/.ghcup/bin:/home/runner/.dotnet/tools:/usr/local/sbin:/usr/local/bin:/usr/sbin:/usr/bin:/sbin:/bin:/usr/games:/usr/local/games:/snap/bin
Parameters: -ig /tmp/ans.fr.documentation#0.1.7-milestone -publish https://interop.esante.gouv.fr/ig/documentation/0.1.7 -milestone -no-exit
Start Clock @ Thursday, May 2, 2024 at 4:03:20 PM Coordinated Universal Time (2024-05-02T16:03:20Z) 
                                                                                                    
Build FHIR IG from /tmp/ans.fr.documentation#0.1.7-milestone                                         (00:00.004 / 00:00.004, 1Gb)
Build Formal Publication package, intended for https://interop.esante.gouv.fr/ig/documentation/0.1.7 (00:00.000 / 00:00.005, 1Gb)
API keys loaded from /home/runner/.fhir/fhir-settings.json                                           (00:00.000 / 00:00.006, 1Gb)
Package Cache: /home/runner/.fhir/packages                                                           (00:00.000 / 00:00.007, 1Gb)
Unable to load IG as an r5 IG - try R4 (property code is a class com.google.gson.JsonPrimitive looking for an object) (00:00.005 / 00:00.012, 1Gb)
Load Template from https://github.com/ansforge/IG-template                                           (00:00.016 / 00:00.029, 1Gb)

onLoad.findSpreadsheets:

onLoad.updateIg:
     [xslt] Processing /tmp/ans.fr.documentation#0.1.7-milestone/template/onLoad-ig-working.xml to /tmp/ans.fr.documentation#0.1.7-milestone/template/onLoad-ig-updated.xml
     [xslt] Loading stylesheet /tmp/ans.fr.documentation#0.1.7-milestone/template/scripts/onLoad.xslt

onLoad.extend:

onLoad:
Root directory: /tmp/ans.fr.documentation#0.1.7-milestone                                            (00:02.115 / 00:02.144, 952Mb)
Terminology Cache is at /tmp/ans.fr.documentation#0.1.7-milestone/input-cache/txcache. 8 files in cache (00:00.322 / 00:02.466, 967Mb)
Core Package hl7.fhir.r4.core#4.0.1
Unable to generate snapshot @2 for Definition from noname because Profile Definition (http://hl7.org/fhir/StructureDefinition/Definition) has no base and no snapshot
Unable to generate snapshot @2 for Event from noname because Profile Event (http://hl7.org/fhir/StructureDefinition/Event) has no base and no snapshot
Unable to generate snapshot @2 for FiveWs from noname because Profile FiveWs (http://hl7.org/fhir/StructureDefinition/FiveWs) has no base and no snapshot
Unable to generate snapshot @2 for Request from noname because Profile Request (http://hl7.org/fhir/StructureDefinition/Request) has no base and no snapshot
Running Terminology Log: /tmp/ohfu-fhir-ig-14578347105378809717.log
Connect to Terminology Server at http://tx.fhir.org                                                  (00:01.195 / 00:03.662, 1Gb)
Load Package hl7.fhir.pubpack#0.1.7
Load Package hl7.fhir.xver-extensions#0.1.0
Load Package hl7.terminology.r4#5.5.0
Load Package hl7.fhir.uv.extensions.r4#5.1.0
Version mismatch. This IG is version 4.0.1, while the IG 'hl7.fhir.uv.tools' is from version 5.0.0 (will try to run anyway) (00:02.551 / 00:06.213, 593Mb)
Load Package hl7.fhir.uv.tools#0.1.0
Load R5 Specials
Unable to generate snapshot @2 for Definition from noname because Profile Definition (http://hl7.org/fhir/StructureDefinition/Definition) has no base and no snapshot
Unable to generate snapshot @2 for Event from noname because Profile Event (http://hl7.org/fhir/StructureDefinition/Event) has no base and no snapshot
Unable to generate snapshot @2 for FiveWs from noname because Profile FiveWs (http://hl7.org/fhir/StructureDefinition/FiveWs) has no base and no snapshot
Unable to generate snapshot @2 for Request from noname because Profile Request (http://hl7.org/fhir/StructureDefinition/Request) has no base and no snapshot
Initialization complete                                                                              (00:00.318 / 00:06.531, 848Mb)
Fetch https://interop.esante.gouv.fr/ig/documentation/package-list.json for version check            (00:00.000 / 00:06.532, 848Mb)
Load Content                                                                                         (00:00.319 / 00:06.852, 849Mb)
loadPrePages from FetchedFile[/tmp/ans.fr.documentation#0.1.7-milestone/fsh-generated/includes] as /tmp/ans.fr.documentation#0.1.7-milestone/fsh-generated/includes
loadPrePages from FetchedFile[/tmp/ans.fr.documentation#0.1.7-milestone/input/data] as /tmp/ans.fr.documentation#0.1.7-milestone/input/data
loadPrePages from FetchedFile[/tmp/ans.fr.documentation#0.1.7-milestone/input/pagecontent] as /tmp/ans.fr.documentation#0.1.7-milestone/input/pagecontent
Processing Conformance Resources                                                                     (00:00.062 / 00:06.914, 855Mb)
Load Dependency Info                                                                                 (00:00.001 / 00:06.916, 855Mb)
Load Info                                                                                            (00:00.001 / 00:06.917, 855Mb)
Load Resources                                                                                       (00:00.000 / 00:06.918, 855Mb)
Load Paths                                                                                           (00:00.025 / 00:06.944, 860Mb)
Generating Snapshots                                                                                 (00:00.001 / 00:06.945, 860Mb)
Check R4 / R4B                                                                                       (00:00.005 / 00:06.950, 860Mb)
Assign Comparison Ids                                                                                (00:00.003 / 00:06.954, 861Mb)
Propagating status                                                                                   (00:00.001 / 00:06.955, 861Mb)
Generating Narratives                                                                                (00:00.001 / 00:06.956, 861Mb)
Validating Conformance Resources                                                                     (00:00.024 / 00:06.980, 865Mb)
Check profiles & code systems                                                                        (00:02.147 / 00:09.128, 904Mb)
Check realm rules                                                                                    (00:00.000 / 00:09.129, 904Mb)
Previous Version Comparison                                                                          (00:00.000 / 00:09.130, 904Mb)
Unable to generate snapshot @1 for Definition from noname because Profile Definition (http://hl7.org/fhir/StructureDefinition/Definition) has no base and no snapshot
Unable to generate snapshot @1 for Event from noname because Profile Event (http://hl7.org/fhir/StructureDefinition/Event) has no base and no snapshot
Unable to generate snapshot @1 for FiveWs from noname because Profile FiveWs (http://hl7.org/fhir/StructureDefinition/FiveWs) has no base and no snapshot
Unable to generate snapshot @1 for Request from noname because Profile Request (http://hl7.org/fhir/StructureDefinition/Request) has no base and no snapshot
Validating Resources                                                                                 (00:02.767 / 00:11.898, 1Gb)
Processing Provenance Records                                                                        (00:00.000 / 00:11.899, 1Gb)
Generating Outputs in /tmp/ans.fr.documentation#0.1.7-milestone/output                               (00:00.000 / 00:11.900, 1Gb)
Generate Native Outputs                                                                              (00:00.075 / 00:11.975, 1Gb)
Run Template                                                                                         (00:00.104 / 00:12.079, 1Gb)

onGenerate.checkVersions:
     [xslt] Processing /tmp/ans.fr.documentation#0.1.7-milestone/template/onGenerate-ig-working.xml to /tmp/ans.fr.documentation#0.1.7-milestone/template/versions.txt
     [xslt] Loading stylesheet /tmp/ans.fr.documentation#0.1.7-milestone/template/scripts/onGenerate.getVersions.xslt

onGenerate.r5-schemas:
      [get] Getting: http://build.fhir.org/fhir-single.xsd
      [get] To: /tmp/ans.fr.documentation#0.1.7-milestone/input-cache/schemas/R5/fhir-single.xsd
      [get] Not modified - so not downloaded
      [get] Getting: http://build.fhir.org/fhir-xhtml.xsd
      [get] To: /tmp/ans.fr.documentation#0.1.7-milestone/input-cache/schemas/R5/fhir-xhtml.xsd
      [get] Not modified - so not downloaded
      [get] Getting: http://build.fhir.org/xml.xsd
      [get] To: /tmp/ans.fr.documentation#0.1.7-milestone/input-cache/schemas/R5/xml.xsd
      [get] Not modified - so not downloaded
      [get] Getting: http://build.fhir.org/xmldsig-core-schema.xsd
      [get] To: /tmp/ans.fr.documentation#0.1.7-milestone/input-cache/schemas/R5/xmldsig-core-schema.xsd
      [get] Not modified - so not downloaded

onGenerate.r4-schemas:
      [get] Getting: http://hl7.org/fhir/R4/fhir-single.xsd
      [get] To: /tmp/ans.fr.documentation#0.1.7-milestone/input-cache/schemas/R4/fhir-single.xsd
      [get] Not modified - so not downloaded
      [get] Getting: http://hl7.org/fhir/R4/fhir-xhtml.xsd
      [get] To: /tmp/ans.fr.documentation#0.1.7-milestone/input-cache/schemas/R4/fhir-xhtml.xsd
      [get] Not modified - so not downloaded
      [get] Getting: http://hl7.org/fhir/R4/xml.xsd
      [get] To: /tmp/ans.fr.documentation#0.1.7-milestone/input-cache/schemas/R4/xml.xsd
      [get] Not modified - so not downloaded
      [get] Getting: http://hl7.org/fhir/R4/xmldsig-core-schema.xsd
      [get] To: /tmp/ans.fr.documentation#0.1.7-milestone/input-cache/schemas/R4/xmldsig-core-schema.xsd
      [get] Not modified - so not downloaded

onGenerate.r3-schemas:

onGenerate.r2b-schemas:

onGenerate.r2-schemas:

onGenerate.schemas:

onGenerate.data:
     [xslt] Processing /tmp/ans.fr.documentation#0.1.7-milestone/template/onGenerate-ig-working.xml to /tmp/ans.fr.documentation#0.1.7-milestone/temp/pages/_data/artifacts.json
     [xslt] Loading stylesheet /tmp/ans.fr.documentation#0.1.7-milestone/template/scripts/onGenerate.data.xslt

onGenerate.setup:

onGenerate.infoFile:
     [xslt] Processing /tmp/ans.fr.documentation#0.1.7-milestone/template/onGenerate-ig-working.xml to /tmp/ans.fr.documentation#0.1.7-milestone/temp/pages/_data/info.json
     [xslt] Loading stylesheet /tmp/ans.fr.documentation#0.1.7-milestone/template/scripts/onGenerate.genJson.xslt

onGenerate.processIncludes:
     [copy] Copying 17 files to /tmp/ans.fr.documentation#0.1.7-milestone/temp/pages/_includes

onGenerate.processIg:
     [xslt] Processing /tmp/ans.fr.documentation#0.1.7-milestone/template/onGenerate-ig-working.xml to /tmp/ans.fr.documentation#0.1.7-milestone/template/onGenerate-ig-working.1.xml
     [xslt] Loading stylesheet /tmp/ans.fr.documentation#0.1.7-milestone/template/scripts/onGenerate.group.xslt
     [xslt] Processing /tmp/ans.fr.documentation#0.1.7-milestone/template/onGenerate-ig-working.1.xml to /tmp/ans.fr.documentation#0.1.7-milestone/template/onGenerate-ig-working.2.xml
     [xslt] Loading stylesheet /tmp/ans.fr.documentation#0.1.7-milestone/template/scripts/onGenerate.groupSort.xslt
     [xslt] Processing /tmp/ans.fr.documentation#0.1.7-milestone/template/onGenerate-ig-working.2.xml to /tmp/ans.fr.documentation#0.1.7-milestone/template/onGenerate-ig-updated.xml
     [xslt] Loading stylesheet /tmp/ans.fr.documentation#0.1.7-milestone/template/scripts/onGenerate.final.xslt

onGenerate.igQa:
     [xslt] Processing /tmp/ans.fr.documentation#0.1.7-milestone/template/onGenerate-ig-updated.xml to /tmp/ans.fr.documentation#0.1.7-milestone/template/ongenerate-validation-igqa.json
     [xslt] Loading stylesheet /tmp/ans.fr.documentation#0.1.7-milestone/template/scripts/onGenerate.qa.xslt

onGenerate.artifactList:
     [xslt] Processing /tmp/ans.fr.documentation#0.1.7-milestone/template/onGenerate-ig-updated.xml to /tmp/ans.fr.documentation#0.1.7-milestone/temp/pages/_includes/artifacts.xml
     [xslt] Loading stylesheet /tmp/ans.fr.documentation#0.1.7-milestone/template/scripts/createArtifactSummary.xslt

check-plantumlfiles:

onGenerate.plantUml.ig:

onGenerate.plantUml.template:

onGenerate.plantUml:

onGenerate.copyDataFiles:
     [copy] Warning: /tmp/ans.fr.documentation#0.1.7-milestone/template/data does not exist.

onGenerate.extend:

onGenerate:
Template Done                                                                                        (00:01.447 / 00:13.526, 1Gb)
Generate HTML Outputs                                                                                (00:00.001 / 00:13.527, 1Gb)
Generate Summaries                                                                                   (00:00.055 / 00:13.583, 1Gb)
Generating Summary Outputs                                                                           (00:00.001 / 00:13.584, 1Gb)
DB Cumulative Time invested: 00:00:00.44
Sending Usage Stats to Server                                                                        (00:02.625 / 00:16.210, 1Gb)
## Memory (MB): Use = 1355, Free = 330, Total = 1686, Max = 3996                                     (00:00.001 / 00:16.211, 1Gb)
Reclaiming memory...                                                                                 (00:00.001 / 00:16.212, 1Gb)
## Memory (MB): Use = 761, Free = 924, Total = 1686, Max = 3996                                      (00:00.406 / 00:16.619, 762Mb)
Run jekyll: jekyll build --destination "/tmp/ans.fr.documentation#0.1.7-milestone/output" (in folder /tmp/ans.fr.documentation#0.1.7-milestone/temp/pages) (00:00.001 / 00:16.620, 762Mb)
Troubleshooting Note: usual cases for Jekyll to fail are:                                            (00:00.001 / 00:16.622, 762Mb)
* A failure to produce a fragment that is already logged in the output above                         (00:00.000 / 00:16.622, 762Mb)
* A reference to a manually edited file that hasn't been provided                                    (00:00.000 / 00:16.623, 762Mb)
Jekyll: Source: /tmp/ans.fr.documentation#0.1.7-milestone/temp/pages                                 (00:00.323 / 00:16.946, 763Mb)
Jekyll: Generating...                                                                                (00:00.001 / 00:16.947, 763Mb)
Jekyll: done in 0.509 seconds.                                                                       (00:00.507 / 00:17.455, 763Mb)

Installing ans.fr.documentation#0.1.7Checking Output HTML                                                                                 (00:00.060 / 00:17.515, 779Mb)
found 554 files                                                                                      (00:00.002 / 00:17.518, 779Mb)
..........................................
..........................................
  ... 554 html files, 2 pages invalid xhtml (0%)                                                     (00:00.282 / 00:17.801, 1017Mb)
  ... 932 links, 3 broken links (0%)                                                                 (00:00.001 / 00:17.802, 1017Mb)
Build final .zip                                                                                     (00:00.000 / 00:17.803, 1017Mb)
Final .zip built                                                                                     (00:00.645 / 00:18.448, 1Gb)
Built. Times: loading: 00:00.061, generate: 00:12.411, narrative generation: 00:00.023, validation: 00:02.146, realm-rules: 00:00.000, previous-version: 00:02.760, jekyll: 00:00.842, template: 00:01.446 (#3) (00:00.878 / 00:19.327, 1Gb)
Generating QA                                                                                        (00:00.001 / 00:19.328, 1Gb)
Internal error in location for message: 'Error @1, 1: Found / expecting a token name', loc = '/tmp/ans.fr.documentation#0.1.7-milestone/output/about.html#/html/body/script at Line 263, column 4', err = 'The <script> tag containing the javascript '$(document).ready(fu'... is illegal and not allowed on t'
Internal error in location for message: 'Error @1, 1: Found / expecting a token name', loc = '/tmp/ans.fr.documentation#0.1.7-milestone/output/about.html#/html/body/script at Line 333, column 4', err = 'The <script> tag containing the javascript 'anchors.options.visi'... is illegal and not allowed on t'
Validation output in /tmp/ans.fr.documentation#0.1.7-milestone/output/qa.html
Errors: 3, Warnings: 4, Info: 0, Broken Links: 3 (00:00.080 / 00:19.408, 1Gb)
Finished. Max Memory Used = 1Gb. Log file saved in /tmp/fhir-ig-publisher-tmp.log                    (00:00.002 / 00:19.410, 1Gb)
Keep a copy of the build directory at /tmp/web-root/run-20240502/ig-build-zips/ans.fr.documentation#0.1.7.zip

ok. All checks passed. Publish v0.1.7 to /tmp/web-root/run-20240502/documentation/0.1.7
Copy the IG to /tmp/web-root/run-20240502/documentation/0.1.7
Update /tmp/web-root/run-20240502/documentation/package-list.json
Publish Box Statement: This page is part of the Documentation des guides d'implémentation de l'ANS (v0.1.7: Release) based on <a no-external="true" href="http://hl7.org/fhir/R4">FHIR (HL7® FHIR® Standard) R4</a>. This is the current published version in its permanent home (it will always be available at this URL).  For a full list of available versions, see the <a no-external="true" href="https://interop.esante.gouv.fr/ig/documentation/history.html">Directory of published versions</a>
no html insert in /tmp/web-root/run-20240502/documentation/0.1.7/qa-txservers.html
  .. 17 files checked, 17 updated
  .. 9 clones checked, 18 updated
  .. 1 redirections (1 created/updated)
This is a milestone release - publish v0.1.7 to /tmp/web-root/run-20240502/documentation
Publish Box Statement: This page is part of the Documentation des guides d'implémentation de l'ANS (v0.1.7: Release) based on <a no-external="true" href="http://hl7.org/fhir/R4">FHIR (HL7® FHIR® Standard) R4</a>. This is the current published version.  For a full list of available versions, see the <a no-external="true" href="https://interop.esante.gouv.fr/ig/documentation/history.html">Directory of published versions</a>
no html insert in /tmp/ans.fr.documentation#0.1.7-milestone/output/qa-txservers.html
  .. 17 files checked, 17 updated
  .. 9 clones checked, 18 updated
  .. 1 redirections (1 created/updated)
Check for Files to delete
  ... 0 files
Copy to new IG to /tmp/web-root/run-20240502/documentation
Update history page at /tmp/web-root/run-20240502/documentation from /home/runner/work/IG-documentation/IG-documentation/./IG-website-release/fhir-ig-history-template and ./IG-website-release/templates
Build is complete. Copy from /tmp/web-root/run-20240502
ans.fr.documentation (https://interop.esante.gouv.fr/ig/documentation): Documentation des guides d'implémentation de l'ANS @ https://ansforge.github.io/IG-documentation/ig/main
  release: release 0.1.7/4.0.1 @ https://interop.esante.gouv.fr/ig/documentation/0.1.7
