FHIR IG Publisher Version 1.7.2 (Git# a53365dccbf0). Built 2024-11-12T22:35:14.748Z (6 days old)
Detected Java version: 17.0.10 from /opt/hostedtoolcache/Java_Microsoft_jdk/17.0.10/x64 on amd64 (64bit). 3996MB available
dir = /home/runner/work/IG-doctrine-ci-sis/IG-doctrine-ci-sis, path = /opt/hostedtoolcache/Ruby/3.3.6/x64/bin:/opt/hostedtoolcache/node/20.18.0/x64/bin:/opt/hostedtoolcache/Java_Microsoft_jdk/17.0.10/x64/bin:/snap/bin:/home/runner/.local/bin:/opt/pipx_bin:/home/runner/.cargo/bin:/home/runner/.config/composer/vendor/bin:/usr/local/.ghcup/bin:/home/runner/.dotnet/tools:/usr/local/sbin:/usr/local/bin:/usr/sbin:/usr/bin:/sbin:/bin:/usr/games:/usr/local/games:/snap/bin
Parameters: -go-publish -source ./igSource -web ./IG-website-release/www/ig -registry ./IG-website-release/ig-registry/fhir-ig-list.json -history ./IG-website-release/fhir-ig-history-template -templates ./IG-website-release/templates
---------------
Publication Run: publish ./igSource to ./IG-website-release/www/ig
Run Number: 16
Relative directory for IG is '/doctrine'
===== Web Publication Run Details ===============================
 Source IG: ans.fr.doctrine#0.1.0-ballot : https://interop.esante.gouv.fr/ig/doctrine (R4) from ./igSource
All checks passed. Do the publication build from /home/runner/work/IG-doctrine-ci-sis/IG-doctrine-ci-sis/./igSource and publish to /tmp/web-root/run-20241119/doctrine
Prepare Build space in /tmp/ans.fr.doctrine#0.1.0-ballot
Build IG at /home/runner/work/IG-doctrine-ci-sis/IG-doctrine-ci-sis/./igSource: final copy suitable for publication (in /tmp/ans.fr.doctrine#0.1.0-ballot)
FHIR IG Publisher Version 1.7.2 (Git# a53365dccbf0). Built 2024-11-12T22:35:14.748Z (6 days old)    
Detected Java version: 17.0.10 from /opt/hostedtoolcache/Java_Microsoft_jdk/17.0.10/x64 on Linux/amd64 (64bit). 3996MB available
dir = /home/runner/work/IG-doctrine-ci-sis/IG-doctrine-ci-sis, path = /opt/hostedtoolcache/Ruby/3.3.6/x64/bin:/opt/hostedtoolcache/node/20.18.0/x64/bin:/opt/hostedtoolcache/Java_Microsoft_jdk/17.0.10/x64/bin:/snap/bin:/home/runner/.local/bin:/opt/pipx_bin:/home/runner/.cargo/bin:/home/runner/.config/composer/vendor/bin:/usr/local/.ghcup/bin:/home/runner/.dotnet/tools:/usr/local/sbin:/usr/local/bin:/usr/sbin:/usr/bin:/sbin:/bin:/usr/games:/usr/local/games:/snap/bin
Parameters: -ig /tmp/ans.fr.doctrine#0.1.0-ballot -resetTx -publish https://interop.esante.gouv.fr/ig/doctrine/0.1.0-ballot -no-exit
Start Clock @ Tuesday, November 19, 2024 at 4:53:21 PM Coordinated Universal Time (2024-11-19T16:53:21Z)
                                                                                                    
Build FHIR IG from /tmp/ans.fr.doctrine#0.1.0-ballot                                                 (00:00.022 / 00:00.022, 23Mb)
Build Formal Publication package, intended for https://interop.esante.gouv.fr/ig/doctrine/0.1.0-ballot (00:00.004 / 00:00.026, 23Mb)
API keys loaded from /home/runner/.fhir/fhir-settings.json                                           (00:00.001 / 00:00.027, 23Mb)
Package Cache: /home/runner/.fhir/packages                                                           (00:00.004 / 00:00.032, 23Mb)
Unable to load IG as an r5 IG - try R4 (property code is a class com.google.gson.JsonPrimitive looking for an object) (00:00.448 / 00:00.480, 48Mb)
Load Template from https://github.com/ansforge/IG-template/tree/doctrine-template                    (00:00.433 / 00:00.914, 22Mb)
 Load Template from fhir.base.template#current                                                       (00:01.499 / 00:02.413, 57Mb)

onLoad.findSpreadsheets:

onLoad.updateIg:
     [xslt] Processing /tmp/ans.fr.doctrine#0.1.0-ballot/template/onLoad-ig-working.xml to /tmp/ans.fr.doctrine#0.1.0-ballot/template/onLoad-ig-updated.xml
     [xslt] Loading stylesheet /tmp/ans.fr.doctrine#0.1.0-ballot/template/scripts/onLoad.xslt

onLoad.extend:

onLoad:
Root directory: /tmp/ans.fr.doctrine#0.1.0-ballot                                                    (00:03.350 / 00:05.764, 119Mb)
Terminology Cache is at /tmp/ans.fr.doctrine#0.1.0-ballot/input-cache/txcache. Clearing now          (00:00.312 / 00:06.077, 132Mb)
Core Package hl7.fhir.r4.core#4.0.1
Running Terminology Log: /tmp/ohfu-fhir-ig-11160177597812536828.log
Connect to Terminology Server at http://tx.fhir.org                                                  (00:02.542 / 00:08.620, 381Mb)
Load Package hl7.fhir.pubpack#0.1.8
Load Package hl7.fhir.xver-extensions#0.1.0
Load Package hl7.terminology.r4#6.1.0
Load Package hl7.fhir.uv.extensions.r4#5.1.0
Load Package hl7.fhir.uv.tools.r4#0.3.0
Load R5 Specials
Initialization complete                                                                              (00:05.016 / 00:13.636, 453Mb)
Load Content                                                                                         (00:00.001 / 00:13.637, 453Mb)
Using fr_FR as the default narrative language. (inferred from ImplementationGuide.jurisdiction=FR)   (00:00.055 / 00:13.693, 458Mb)
loadPrePages from FetchedFile[/tmp/ans.fr.doctrine#0.1.0-ballot/fsh-generated/includes] as /tmp/ans.fr.doctrine#0.1.0-ballot/fsh-generated/includes
loadPrePages from FetchedFile[/tmp/ans.fr.doctrine#0.1.0-ballot/input/data] as /tmp/ans.fr.doctrine#0.1.0-ballot/input/data
loadPrePages from FetchedFile[/tmp/ans.fr.doctrine#0.1.0-ballot/input/pagecontent] as /tmp/ans.fr.doctrine#0.1.0-ballot/input/pagecontent
Fetch https://interop.esante.gouv.fr/ig/doctrine/package-list.json for version check                 (00:00.098 / 00:13.791, 469Mb)
Processing Conformance Resources                                                                     (00:00.609 / 00:14.401, 469Mb)
Load Dependency Info                                                                                 (00:00.001 / 00:14.402, 469Mb)
Load Info                                                                                            (00:00.001 / 00:14.404, 469Mb)
Load Resources                                                                                       (00:00.001 / 00:14.405, 470Mb)
Load Paths                                                                                           (00:00.022 / 00:14.427, 475Mb)
Generating Snapshots                                                                                 (00:00.000 / 00:14.428, 475Mb)
Check R4 / R4B                                                                                       (00:00.003 / 00:14.432, 475Mb)
Assign Comparison Ids                                                                                (00:00.006 / 00:14.438, 475Mb)
Propagating status                                                                                   (00:00.001 / 00:14.439, 475Mb)
Generating Narratives                                                                                (00:00.001 / 00:14.440, 475Mb)
Validating Conformance Resources                                                                     (00:00.371 / 00:14.812, 492Mb)
org.hl7.fhir.exceptions.FHIRException: Error loading /home/runner/.fhir/packages/hl7.terminology.r4#6.1.0/package/NamingSystem-ILRSpeakingSkillScale.json: Url http://hl7.org/fhir/5.0/StructureDefinition/extension-NamingSystem.url must have only one match
	at org.hl7.fhir.r5.context.SimpleWorkerContext$PackageResourceLoader.loadResource(SimpleWorkerContext.java:126)
	at org.hl7.fhir.r5.context.CanonicalResourceManager$CanonicalResourceProxy.getResource(CanonicalResourceManager.java:98)
	at org.hl7.fhir.r5.context.CanonicalResourceManager$CachedCanonicalResource.getResource(CanonicalResourceManager.java:158)
	at org.hl7.fhir.r5.context.CanonicalResourceManager.getList(CanonicalResourceManager.java:696)
	at org.hl7.fhir.r5.context.BaseWorkerContext.fetchResourcesByType(BaseWorkerContext.java:2547)
	at org.hl7.fhir.igtools.publisher.ValidationServices.resolveURL(ValidationServices.java:306)
	at org.hl7.fhir.validation.instance.InstanceValidator.validateReference(InstanceValidator.java:3332)
	at org.hl7.fhir.validation.instance.InstanceValidator.checkPrimitive(InstanceValidator.java:2986)
	at org.hl7.fhir.validation.instance.InstanceValidator.checkChildByDefinition(InstanceValidator.java:6648)
	at org.hl7.fhir.validation.instance.InstanceValidator.checkChild(InstanceValidator.java:6476)
	at org.hl7.fhir.validation.instance.InstanceValidator.validateElement(InstanceValidator.java:6402)
	at org.hl7.fhir.validation.instance.InstanceValidator.checkChildByDefinition(InstanceValidator.java:6795)
	at org.hl7.fhir.validation.instance.InstanceValidator.checkChild(InstanceValidator.java:6476)
	at org.hl7.fhir.validation.instance.InstanceValidator.validateElement(InstanceValidator.java:6402)
	at org.hl7.fhir.validation.instance.InstanceValidator.checkChildByDefinition(InstanceValidator.java:6795)
	at org.hl7.fhir.validation.instance.InstanceValidator.checkChild(InstanceValidator.java:6476)
	at org.hl7.fhir.validation.instance.InstanceValidator.validateElement(InstanceValidator.java:6402)
	at org.hl7.fhir.validation.instance.InstanceValidator.startInner(InstanceValidator.java:5873)
	at org.hl7.fhir.validation.instance.InstanceValidator.start(InstanceValidator.java:5617)
	at org.hl7.fhir.validation.instance.InstanceValidator.validateResource(InstanceValidator.java:7482)
	at org.hl7.fhir.validation.instance.InstanceValidator.validate(InstanceValidator.java:988)
	at org.hl7.fhir.igtools.publisher.Publisher.validate(Publisher.java:7330)
	at org.hl7.fhir.igtools.publisher.Publisher.validate(Publisher.java:7643)
	at org.hl7.fhir.igtools.publisher.Publisher.validate(Publisher.java:5790)
	at org.hl7.fhir.igtools.publisher.Publisher.loadConformance(Publisher.java:5737)
	at org.hl7.fhir.igtools.publisher.Publisher.createIg(Publisher.java:1228)
	at org.hl7.fhir.igtools.publisher.Publisher.execute(Publisher.java:1067)
	at org.hl7.fhir.igtools.publisher.Publisher.main(Publisher.java:13703)
	at org.hl7.fhir.igtools.web.PublicationProcess.runBuild(PublicationProcess.java:911)
	at org.hl7.fhir.igtools.web.PublicationProcess.doPublish(PublicationProcess.java:488)
	at org.hl7.fhir.igtools.web.PublicationProcess.publishInner2(PublicationProcess.java:405)
	at org.hl7.fhir.igtools.web.PublicationProcess.publishInner(PublicationProcess.java:243)
	at org.hl7.fhir.igtools.web.PublicationProcess.publish(PublicationProcess.java:124)
	at org.hl7.fhir.igtools.publisher.Publisher.main(Publisher.java:13461)
Caused by: java.lang.IllegalArgumentException: Url http://hl7.org/fhir/5.0/StructureDefinition/extension-NamingSystem.url must have only one match
	at org.apache.commons.lang3.Validate.isTrue(Validate.java:572)
	at org.hl7.fhir.r4.model.DomainResource.getExtensionByUrl(DomainResource.java:577)
	at org.hl7.fhir.convertors.conv40_50.resources40_50.NamingSystem40_50.convertNamingSystem(NamingSystem40_50.java:58)
	at org.hl7.fhir.convertors.conv40_50.resources40_50.Resource40_50.convertResource(Resource40_50.java:200)
	at org.hl7.fhir.convertors.conv40_50.VersionConvertor_40_50.convertResource(VersionConvertor_40_50.java:77)
	at org.hl7.fhir.convertors.factory.VersionConvertorFactory_40_50.convertResource(VersionConvertorFactory_40_50.java:15)
	at org.hl7.fhir.convertors.factory.VersionConvertorFactory_40_50.convertResource(VersionConvertorFactory_40_50.java:10)
	at org.hl7.fhir.convertors.loaders.loaderR5.R4ToR5Loader.loadResource(R4ToR5Loader.java:119)
	at org.hl7.fhir.r5.context.SimpleWorkerContext$PackageResourceLoader.loadResource(SimpleWorkerContext.java:118)
	... 33 more
Check profiles & code systems                                                                        (00:01.450 / 00:16.262, 759Mb)
Check realm rules                                                                                    (00:00.000 / 00:16.263, 759Mb)
Previous Version Comparison                                                                          (00:00.001 / 00:16.264, 759Mb)
Validating Resources                                                                                 (00:00.022 / 00:16.287, 760Mb)
Processing Provenance Records                                                                        (00:00.001 / 00:16.288, 760Mb)
Generating Outputs in /tmp/ans.fr.doctrine#0.1.0-ballot/output                                       (00:00.001 / 00:16.289, 760Mb)
Generate Native Outputs                                                                              (00:00.081 / 00:16.370, 766Mb)
Run Template                                                                                         (00:00.097 / 00:16.468, 774Mb)

onGenerate.checkVersions:
     [xslt] Processing /tmp/ans.fr.doctrine#0.1.0-ballot/template/onGenerate-ig-working.xml to /tmp/ans.fr.doctrine#0.1.0-ballot/template/versions.txt
     [xslt] Loading stylesheet /tmp/ans.fr.doctrine#0.1.0-ballot/template/scripts/onGenerate.getVersions.xslt

onGenerate.r5-schemas:
      [get] Getting: http://build.fhir.org/fhir-single.xsd
      [get] To: /tmp/ans.fr.doctrine#0.1.0-ballot/input-cache/schemas/R5/fhir-single.xsd
      [get] Not modified - so not downloaded
      [get] Getting: http://build.fhir.org/fhir-xhtml.xsd
      [get] To: /tmp/ans.fr.doctrine#0.1.0-ballot/input-cache/schemas/R5/fhir-xhtml.xsd
      [get] Not modified - so not downloaded
      [get] Getting: http://build.fhir.org/xml.xsd
      [get] To: /tmp/ans.fr.doctrine#0.1.0-ballot/input-cache/schemas/R5/xml.xsd
      [get] Not modified - so not downloaded
      [get] Getting: http://build.fhir.org/xmldsig-core-schema.xsd
      [get] To: /tmp/ans.fr.doctrine#0.1.0-ballot/input-cache/schemas/R5/xmldsig-core-schema.xsd
      [get] Not modified - so not downloaded

onGenerate.r4-schemas:
      [get] Getting: http://hl7.org/fhir/R4/fhir-single.xsd
      [get] To: /tmp/ans.fr.doctrine#0.1.0-ballot/input-cache/schemas/R4/fhir-single.xsd
      [get] Not modified - so not downloaded
      [get] Getting: http://hl7.org/fhir/R4/fhir-xhtml.xsd
      [get] To: /tmp/ans.fr.doctrine#0.1.0-ballot/input-cache/schemas/R4/fhir-xhtml.xsd
      [get] Not modified - so not downloaded
      [get] Getting: http://hl7.org/fhir/R4/xml.xsd
      [get] To: /tmp/ans.fr.doctrine#0.1.0-ballot/input-cache/schemas/R4/xml.xsd
      [get] Not modified - so not downloaded
      [get] Getting: http://hl7.org/fhir/R4/xmldsig-core-schema.xsd
      [get] To: /tmp/ans.fr.doctrine#0.1.0-ballot/input-cache/schemas/R4/xmldsig-core-schema.xsd
      [get] Not modified - so not downloaded

onGenerate.r3-schemas:

onGenerate.r2b-schemas:

onGenerate.r2-schemas:

onGenerate.schemas:

onGenerate.data:
     [xslt] Processing /tmp/ans.fr.doctrine#0.1.0-ballot/template/onGenerate-ig-working.xml to /tmp/ans.fr.doctrine#0.1.0-ballot/temp/pages/_data/artifacts.json
     [xslt] Loading stylesheet /tmp/ans.fr.doctrine#0.1.0-ballot/template/scripts/onGenerate.data.xslt

onGenerate.setup:

onGenerate.infoFile:
     [xslt] Processing /tmp/ans.fr.doctrine#0.1.0-ballot/template/onGenerate-ig-working.xml to /tmp/ans.fr.doctrine#0.1.0-ballot/temp/pages/_data/info.json
     [xslt] Loading stylesheet /tmp/ans.fr.doctrine#0.1.0-ballot/template/scripts/onGenerate.genJson.xslt

onGenerate.processIncludes:
     [copy] Copying 16 files to /tmp/ans.fr.doctrine#0.1.0-ballot/temp/pages/_includes

onGenerate.processIg:
     [xslt] Processing /tmp/ans.fr.doctrine#0.1.0-ballot/template/onGenerate-ig-working.xml to /tmp/ans.fr.doctrine#0.1.0-ballot/template/onGenerate-ig-working.1.xml
     [xslt] Loading stylesheet /tmp/ans.fr.doctrine#0.1.0-ballot/template/scripts/onGenerate.group.xslt
     [xslt] Processing /tmp/ans.fr.doctrine#0.1.0-ballot/template/onGenerate-ig-working.1.xml to /tmp/ans.fr.doctrine#0.1.0-ballot/template/onGenerate-ig-working.2.xml
     [xslt] Loading stylesheet /tmp/ans.fr.doctrine#0.1.0-ballot/template/scripts/onGenerate.groupSort.xslt
     [xslt] Processing /tmp/ans.fr.doctrine#0.1.0-ballot/template/onGenerate-ig-working.2.xml to /tmp/ans.fr.doctrine#0.1.0-ballot/template/onGenerate-ig-updated.xml
     [xslt] Loading stylesheet /tmp/ans.fr.doctrine#0.1.0-ballot/template/scripts/onGenerate.final.xslt

onGenerate.igQa:
     [xslt] Processing /tmp/ans.fr.doctrine#0.1.0-ballot/template/onGenerate-ig-updated.xml to /tmp/ans.fr.doctrine#0.1.0-ballot/template/ongenerate-validation-igqa.json
     [xslt] Loading stylesheet /tmp/ans.fr.doctrine#0.1.0-ballot/template/scripts/onGenerate.qa.xslt

onGenerate.artifactList:
     [xslt] Processing /tmp/ans.fr.doctrine#0.1.0-ballot/template/onGenerate-ig-updated.xml to /tmp/ans.fr.doctrine#0.1.0-ballot/temp/pages/_includes/artifacts.xml
     [xslt] Loading stylesheet /tmp/ans.fr.doctrine#0.1.0-ballot/template/scripts/createArtifactSummary.xslt

check-plantumlfiles:

onGenerate.plantUml.ig:

onGenerate.plantUml.template:

onGenerate.plantUml:

onGenerate.copyDataFiles:

onGenerate.extend:

onGenerate:
Template Done                                                                                        (00:01.136 / 00:17.604, 812Mb)
Generate HTML Outputs                                                                                (00:00.001 / 00:17.605, 812Mb)
Generate Summaries                                                                                   (00:00.104 / 00:17.710, 362Mb)
Generating Summary Outputs                                                                           (00:00.001 / 00:17.711, 362Mb)
ERROR StatusLogger Log4j2 could not find a logging implementation. Please add log4j-core to the classpath. Using SimpleLogger to log to the console...
DB Cumulative Time invested: 00:00:00.51
Sending Usage Stats to Server                                                                        (00:05.724 / 00:23.436, 823Mb)
## Memory (MB): Use = 823, Free = 198, Total = 1022, Max = 3996                                      (00:00.004 / 00:23.440, 824Mb)
Reclaiming memory...                                                                                 (00:00.001 / 00:23.441, 824Mb)
## Memory (MB): Use = 431, Free = 590, Total = 1022, Max = 3996                                      (00:00.244 / 00:23.685, 432Mb)
Run jekyll: jekyll build --destination "/tmp/ans.fr.doctrine#0.1.0-ballot/output" (in folder /tmp/ans.fr.doctrine#0.1.0-ballot/temp/pages) (00:00.004 / 00:23.689, 433Mb)
Troubleshooting Note: usual cases for Jekyll to fail are:                                            (00:00.003 / 00:23.693, 433Mb)
* A failure to produce a fragment that is already logged in the output above                         (00:00.000 / 00:23.694, 433Mb)
* A reference to a manually edited file that hasn't been provided                                    (00:00.000 / 00:23.695, 433Mb)
Jekyll: Source: /tmp/ans.fr.doctrine#0.1.0-ballot/temp/pages                                         (00:00.406 / 00:24.102, 436Mb)
Jekyll: Generating...                                                                                (00:00.001 / 00:24.103, 436Mb)
Jekyll: done in 0.372 seconds.                                                                       (00:00.370 / 00:24.474, 436Mb)

Installing ans.fr.doctrine#0.1.0-ballot
 done.
Checking Output HTML                                                                                 (00:00.609 / 00:25.083, 518Mb)
found 600 files                                                                                      (00:00.003 / 00:25.087, 519Mb)
.......................................
.......................................
  ... 600 html files, 0 pages invalid xhtml (0%)                                                     (00:00.601 / 00:25.688, 486Mb)
  ... 674 links, 1 broken links (0%)                                                                 (00:00.001 / 00:25.689, 486Mb)
Generate fragment-usage-analysis.csv                                                                 (00:00.000 / 00:25.690, 486Mb)
Build final .zip                                                                                     (00:00.008 / 00:25.699, 487Mb)
Final .zip built                                                                                     (00:00.818 / 00:26.517, 493Mb)
Built. Times: loading: 00:00.763, generate: 00:14.171, narrative generation: 00:00.370, validation: 00:01.449, realm-rules: 00:00.001, previous-version: 00:00.000, jekyll: 00:00.793, template: 00:01.135 (#3) (00:02.084 / 00:28.602, 831Mb)
Generating QA                                                                                        (00:00.001 / 00:28.603, 831Mb)
Validation output in /tmp/ans.fr.doctrine#0.1.0-ballot/output/qa.html
Errors: 2, Warnings: 4, Info: 0, Broken Links: 3 (00:00.093 / 00:28.697, 844Mb)
Finished. Max Memory Used = 844Mb. Log file saved in /tmp/fhir-ig-publisher-tmp.log                  (00:00.001 / 00:28.698, 844Mb)
Prepare Build space in /tmp/ans.fr.doctrine#0.1.0-ballot-milestone
Build IG at /home/runner/work/IG-doctrine-ci-sis/IG-doctrine-ci-sis/./igSource: final copy suitable for publication (in /tmp/ans.fr.doctrine#0.1.0-ballot-milestone) (milestone build)
FHIR IG Publisher Version 1.7.2 (Git# a53365dccbf0). Built 2024-11-12T22:35:14.748Z (6 days old)    
Detected Java version: 17.0.10 from /opt/hostedtoolcache/Java_Microsoft_jdk/17.0.10/x64 on Linux/amd64 (64bit). 3996MB available
dir = /home/runner/work/IG-doctrine-ci-sis/IG-doctrine-ci-sis, path = /opt/hostedtoolcache/Ruby/3.3.6/x64/bin:/opt/hostedtoolcache/node/20.18.0/x64/bin:/opt/hostedtoolcache/Java_Microsoft_jdk/17.0.10/x64/bin:/snap/bin:/home/runner/.local/bin:/opt/pipx_bin:/home/runner/.cargo/bin:/home/runner/.config/composer/vendor/bin:/usr/local/.ghcup/bin:/home/runner/.dotnet/tools:/usr/local/sbin:/usr/local/bin:/usr/sbin:/usr/bin:/sbin:/bin:/usr/games:/usr/local/games:/snap/bin
Parameters: -ig /tmp/ans.fr.doctrine#0.1.0-ballot-milestone -publish https://interop.esante.gouv.fr/ig/doctrine/0.1.0-ballot -milestone -no-exit
Start Clock @ Tuesday, November 19, 2024 at 4:53:51 PM Coordinated Universal Time (2024-11-19T16:53:51Z)
                                                                                                    
Build FHIR IG from /tmp/ans.fr.doctrine#0.1.0-ballot-milestone                                       (00:00.003 / 00:00.003, 864Mb)
Build Formal Publication package, intended for https://interop.esante.gouv.fr/ig/doctrine/0.1.0-ballot (00:00.001 / 00:00.004, 864Mb)
API keys loaded from /home/runner/.fhir/fhir-settings.json                                           (00:00.000 / 00:00.005, 864Mb)
Package Cache: /home/runner/.fhir/packages                                                           (00:00.000 / 00:00.006, 864Mb)
Unable to load IG as an r5 IG - try R4 (property code is a class com.google.gson.JsonPrimitive looking for an object) (00:00.004 / 00:00.010, 865Mb)
Load Template from https://github.com/ansforge/IG-template/tree/doctrine-template                    (00:00.014 / 00:00.025, 865Mb)
 Load Template from fhir.base.template#current                                                       (00:00.898 / 00:00.923, 948Mb)

onLoad.findSpreadsheets:

onLoad.updateIg:
     [xslt] Processing /tmp/ans.fr.doctrine#0.1.0-ballot-milestone/template/onLoad-ig-working.xml to /tmp/ans.fr.doctrine#0.1.0-ballot-milestone/template/onLoad-ig-updated.xml
     [xslt] Loading stylesheet /tmp/ans.fr.doctrine#0.1.0-ballot-milestone/template/scripts/onLoad.xslt

onLoad.extend:

onLoad:
Root directory: /tmp/ans.fr.doctrine#0.1.0-ballot-milestone                                          (00:01.985 / 00:02.909, 1Gb)
Terminology Cache is at /tmp/ans.fr.doctrine#0.1.0-ballot-milestone/input-cache/txcache. 8 files in cache (00:00.291 / 00:03.201, 1Gb)
Core Package hl7.fhir.r4.core#4.0.1
Running Terminology Log: /tmp/ohfu-fhir-ig-1125118080710500263.log
Connect to Terminology Server at http://tx.fhir.org                                                  (00:01.495 / 00:04.696, 1Gb)
Load Package hl7.fhir.pubpack#0.1.8
Load Package hl7.fhir.xver-extensions#0.1.0
Load Package hl7.terminology.r4#6.1.0
Load Package hl7.fhir.uv.extensions.r4#5.1.0
Load Package hl7.fhir.uv.tools.r4#0.3.0
Load R5 Specials
Initialization complete                                                                              (00:03.180 / 00:07.876, 869Mb)
Load Content                                                                                         (00:00.000 / 00:07.877, 869Mb)
Using fr_FR as the default narrative language. (inferred from ImplementationGuide.jurisdiction=FR)   (00:00.018 / 00:07.896, 873Mb)
loadPrePages from FetchedFile[/tmp/ans.fr.doctrine#0.1.0-ballot-milestone/fsh-generated/includes] as /tmp/ans.fr.doctrine#0.1.0-ballot-milestone/fsh-generated/includes
loadPrePages from FetchedFile[/tmp/ans.fr.doctrine#0.1.0-ballot-milestone/input/data] as /tmp/ans.fr.doctrine#0.1.0-ballot-milestone/input/data
loadPrePages from FetchedFile[/tmp/ans.fr.doctrine#0.1.0-ballot-milestone/input/pagecontent] as /tmp/ans.fr.doctrine#0.1.0-ballot-milestone/input/pagecontent
Fetch https://interop.esante.gouv.fr/ig/doctrine/package-list.json for version check                 (00:00.046 / 00:07.942, 882Mb)
Processing Conformance Resources                                                                     (00:00.459 / 00:08.402, 884Mb)
Load Dependency Info                                                                                 (00:00.001 / 00:08.403, 884Mb)
Load Info                                                                                            (00:00.000 / 00:08.404, 884Mb)
Load Resources                                                                                       (00:00.000 / 00:08.405, 885Mb)
Load Paths                                                                                           (00:00.007 / 00:08.413, 889Mb)
Generating Snapshots                                                                                 (00:00.000 / 00:08.414, 889Mb)
Check R4 / R4B                                                                                       (00:00.001 / 00:08.415, 889Mb)
Assign Comparison Ids                                                                                (00:00.002 / 00:08.418, 890Mb)
Propagating status                                                                                   (00:00.000 / 00:08.418, 890Mb)
Generating Narratives                                                                                (00:00.000 / 00:08.419, 890Mb)
Validating Conformance Resources                                                                     (00:00.166 / 00:08.586, 896Mb)
Check profiles & code systems                                                                        (00:00.689 / 00:09.275, 834Mb)
Check realm rules                                                                                    (00:00.000 / 00:09.276, 834Mb)
Previous Version Comparison                                                                          (00:00.000 / 00:09.277, 834Mb)
Validating Resources                                                                                 (00:00.002 / 00:09.279, 834Mb)
Processing Provenance Records                                                                        (00:00.000 / 00:09.280, 834Mb)
Generating Outputs in /tmp/ans.fr.doctrine#0.1.0-ballot-milestone/output                             (00:00.000 / 00:09.281, 834Mb)
Generate Native Outputs                                                                              (00:00.063 / 00:09.344, 840Mb)
Run Template                                                                                         (00:00.061 / 00:09.406, 848Mb)

onGenerate.checkVersions:
     [xslt] Processing /tmp/ans.fr.doctrine#0.1.0-ballot-milestone/template/onGenerate-ig-working.xml to /tmp/ans.fr.doctrine#0.1.0-ballot-milestone/template/versions.txt
     [xslt] Loading stylesheet /tmp/ans.fr.doctrine#0.1.0-ballot-milestone/template/scripts/onGenerate.getVersions.xslt

onGenerate.r5-schemas:
      [get] Getting: http://build.fhir.org/fhir-single.xsd
      [get] To: /tmp/ans.fr.doctrine#0.1.0-ballot-milestone/input-cache/schemas/R5/fhir-single.xsd
      [get] Not modified - so not downloaded
      [get] Getting: http://build.fhir.org/fhir-xhtml.xsd
      [get] To: /tmp/ans.fr.doctrine#0.1.0-ballot-milestone/input-cache/schemas/R5/fhir-xhtml.xsd
      [get] Not modified - so not downloaded
      [get] Getting: http://build.fhir.org/xml.xsd
      [get] To: /tmp/ans.fr.doctrine#0.1.0-ballot-milestone/input-cache/schemas/R5/xml.xsd
      [get] Not modified - so not downloaded
      [get] Getting: http://build.fhir.org/xmldsig-core-schema.xsd
      [get] To: /tmp/ans.fr.doctrine#0.1.0-ballot-milestone/input-cache/schemas/R5/xmldsig-core-schema.xsd
      [get] Not modified - so not downloaded

onGenerate.r4-schemas:
      [get] Getting: http://hl7.org/fhir/R4/fhir-single.xsd
      [get] To: /tmp/ans.fr.doctrine#0.1.0-ballot-milestone/input-cache/schemas/R4/fhir-single.xsd
      [get] Not modified - so not downloaded
      [get] Getting: http://hl7.org/fhir/R4/fhir-xhtml.xsd
      [get] To: /tmp/ans.fr.doctrine#0.1.0-ballot-milestone/input-cache/schemas/R4/fhir-xhtml.xsd
      [get] Not modified - so not downloaded
      [get] Getting: http://hl7.org/fhir/R4/xml.xsd
      [get] To: /tmp/ans.fr.doctrine#0.1.0-ballot-milestone/input-cache/schemas/R4/xml.xsd
      [get] Not modified - so not downloaded
      [get] Getting: http://hl7.org/fhir/R4/xmldsig-core-schema.xsd
      [get] To: /tmp/ans.fr.doctrine#0.1.0-ballot-milestone/input-cache/schemas/R4/xmldsig-core-schema.xsd
      [get] Not modified - so not downloaded

onGenerate.r3-schemas:

onGenerate.r2b-schemas:

onGenerate.r2-schemas:

onGenerate.schemas:

onGenerate.data:
     [xslt] Processing /tmp/ans.fr.doctrine#0.1.0-ballot-milestone/template/onGenerate-ig-working.xml to /tmp/ans.fr.doctrine#0.1.0-ballot-milestone/temp/pages/_data/artifacts.json
     [xslt] Loading stylesheet /tmp/ans.fr.doctrine#0.1.0-ballot-milestone/template/scripts/onGenerate.data.xslt

onGenerate.setup:

onGenerate.infoFile:
     [xslt] Processing /tmp/ans.fr.doctrine#0.1.0-ballot-milestone/template/onGenerate-ig-working.xml to /tmp/ans.fr.doctrine#0.1.0-ballot-milestone/temp/pages/_data/info.json
     [xslt] Loading stylesheet /tmp/ans.fr.doctrine#0.1.0-ballot-milestone/template/scripts/onGenerate.genJson.xslt

onGenerate.processIncludes:
     [copy] Copying 16 files to /tmp/ans.fr.doctrine#0.1.0-ballot-milestone/temp/pages/_includes

onGenerate.processIg:
     [xslt] Processing /tmp/ans.fr.doctrine#0.1.0-ballot-milestone/template/onGenerate-ig-working.xml to /tmp/ans.fr.doctrine#0.1.0-ballot-milestone/template/onGenerate-ig-working.1.xml
     [xslt] Loading stylesheet /tmp/ans.fr.doctrine#0.1.0-ballot-milestone/template/scripts/onGenerate.group.xslt
     [xslt] Processing /tmp/ans.fr.doctrine#0.1.0-ballot-milestone/template/onGenerate-ig-working.1.xml to /tmp/ans.fr.doctrine#0.1.0-ballot-milestone/template/onGenerate-ig-working.2.xml
     [xslt] Loading stylesheet /tmp/ans.fr.doctrine#0.1.0-ballot-milestone/template/scripts/onGenerate.groupSort.xslt
     [xslt] Processing /tmp/ans.fr.doctrine#0.1.0-ballot-milestone/template/onGenerate-ig-working.2.xml to /tmp/ans.fr.doctrine#0.1.0-ballot-milestone/template/onGenerate-ig-updated.xml
     [xslt] Loading stylesheet /tmp/ans.fr.doctrine#0.1.0-ballot-milestone/template/scripts/onGenerate.final.xslt

onGenerate.igQa:
     [xslt] Processing /tmp/ans.fr.doctrine#0.1.0-ballot-milestone/template/onGenerate-ig-updated.xml to /tmp/ans.fr.doctrine#0.1.0-ballot-milestone/template/ongenerate-validation-igqa.json
     [xslt] Loading stylesheet /tmp/ans.fr.doctrine#0.1.0-ballot-milestone/template/scripts/onGenerate.qa.xslt

onGenerate.artifactList:
     [xslt] Processing /tmp/ans.fr.doctrine#0.1.0-ballot-milestone/template/onGenerate-ig-updated.xml to /tmp/ans.fr.doctrine#0.1.0-ballot-milestone/temp/pages/_includes/artifacts.xml
     [xslt] Loading stylesheet /tmp/ans.fr.doctrine#0.1.0-ballot-milestone/template/scripts/createArtifactSummary.xslt

check-plantumlfiles:

onGenerate.plantUml.ig:

onGenerate.plantUml.template:

onGenerate.plantUml:

onGenerate.copyDataFiles:

onGenerate.extend:

onGenerate:
Template Done                                                                                        (00:00.889 / 00:10.295, 881Mb)
Generate HTML Outputs                                                                                (00:00.001 / 00:10.296, 881Mb)
Generate Summaries                                                                                   (00:00.053 / 00:10.350, 895Mb)
Generating Summary Outputs                                                                           (00:00.001 / 00:10.351, 895Mb)
DB Cumulative Time invested: 00:00:00.50
Sending Usage Stats to Server                                                                        (00:02.762 / 00:13.113, 1Gb)
## Memory (MB): Use = 1261, Free = 204, Total = 1466, Max = 3996                                     (00:00.001 / 00:13.115, 1Gb)
Reclaiming memory...                                                                                 (00:00.001 / 00:13.116, 1Gb)
## Memory (MB): Use = 432, Free = 1027, Total = 1460, Max = 3996                                     (00:00.227 / 00:13.343, 433Mb)
Run jekyll: jekyll build --destination "/tmp/ans.fr.doctrine#0.1.0-ballot-milestone/output" (in folder /tmp/ans.fr.doctrine#0.1.0-ballot-milestone/temp/pages) (00:00.001 / 00:13.344, 433Mb)
Troubleshooting Note: usual cases for Jekyll to fail are:                                            (00:00.001 / 00:13.345, 433Mb)
* A failure to produce a fragment that is already logged in the output above                         (00:00.000 / 00:13.346, 433Mb)
* A reference to a manually edited file that hasn't been provided                                    (00:00.001 / 00:13.347, 433Mb)
Jekyll: Source: /tmp/ans.fr.doctrine#0.1.0-ballot-milestone/temp/pages                               (00:00.324 / 00:13.672, 434Mb)
Jekyll: Generating...                                                                                (00:00.001 / 00:13.673, 434Mb)
Jekyll: done in 0.347 seconds.                                                                       (00:00.346 / 00:14.019, 434Mb)

Installing ans.fr.doctrine#0.1.0-ballot
Checking Output HTML                                                                                 (00:00.061 / 00:14.080, 448Mb)
found 600 files                                                                                      (00:00.004 / 00:14.084, 448Mb)
.......................................
.......................................
  ... 600 html files, 0 pages invalid xhtml (0%)                                                     (00:00.353 / 00:14.437, 828Mb)
  ... 674 links, 1 broken links (0%)                                                                 (00:00.001 / 00:14.439, 828Mb)
Generate fragment-usage-analysis.csv                                                                 (00:00.001 / 00:14.440, 828Mb)
Build final .zip                                                                                     (00:00.006 / 00:14.447, 829Mb)
Final .zip built                                                                                     (00:00.689 / 00:15.136, 834Mb)
Built. Times: loading: 00:00.524, generate: 00:07.967, narrative generation: 00:00.165, validation: 00:00.688, realm-rules: 00:00.000, previous-version: 00:00.000, jekyll: 00:00.680, template: 00:00.888 (#3) (00:01.234 / 00:16.370, 1Gb)
Generating QA                                                                                        (00:00.001 / 00:16.372, 1Gb)
Validation output in /tmp/ans.fr.doctrine#0.1.0-ballot-milestone/output/qa.html
Errors: 2, Warnings: 4, Info: 0, Broken Links: 3 (00:00.026 / 00:16.399, 1Gb)
Finished. Max Memory Used = 1Gb. Log file saved in /tmp/fhir-ig-publisher-tmp.log                    (00:00.001 / 00:16.400, 1Gb)
Keep a copy of the build directory at /tmp/web-root/run-20241119/ig-build-zips/ans.fr.doctrine#0.1.0-ballot.zip

ok. All checks passed. Publish v0.1.0-ballot to /tmp/web-root/run-20241119/doctrine/0.1.0-ballot
Copy the IG to /tmp/web-root/run-20241119/doctrine/0.1.0-ballot
Update /tmp/web-root/run-20241119/doctrine/package-list.json
Publish Box Statement: This page is part of the Doctrine et gouvernance du cadre d'interopérabilité des systèmes d'informations en santé (CI-SIS). (v0.1.0-ballot: Release) based on <a no-external="true" href="http://hl7.org/fhir/R4">FHIR (HL7® FHIR® Standard) R4</a>. This is the current published version in its permanent home (it will always be available at this URL).  For a full list of available versions, see the <a no-external="true" href="https://interop.esante.gouv.fr/ig/doctrine/history.html">Directory of published versions</a>
no html insert in /tmp/web-root/run-20241119/doctrine/0.1.0-ballot/qa-txservers.html
  .. 12 files checked, 12 updated
  .. 5 clones checked, 10 updated
  .. 1 redirections (1 created/updated)
This is a milestone release - publish v0.1.0-ballot to /tmp/web-root/run-20241119/doctrine
Publish Box Statement: This page is part of the Doctrine et gouvernance du cadre d'interopérabilité des systèmes d'informations en santé (CI-SIS). (v0.1.0-ballot: Release) based on <a no-external="true" href="http://hl7.org/fhir/R4">FHIR (HL7® FHIR® Standard) R4</a>. This is the current published version.  For a full list of available versions, see the <a no-external="true" href="https://interop.esante.gouv.fr/ig/doctrine/history.html">Directory of published versions</a>
no html insert in /tmp/ans.fr.doctrine#0.1.0-ballot-milestone/output/qa-txservers.html
  .. 12 files checked, 12 updated
  .. 5 clones checked, 10 updated
  .. 1 redirections (1 created/updated)
Check for Files to delete
  ... 0 files
Copy to new IG to /tmp/web-root/run-20241119/doctrine
Update history page at /tmp/web-root/run-20241119/doctrine from /home/runner/work/IG-doctrine-ci-sis/IG-doctrine-ci-sis/./IG-website-release/fhir-ig-history-template and ./IG-website-release/templates
Build is complete. Copy from /tmp/web-root/run-20241119
ans.fr.doctrine (https://interop.esante.gouv.fr/ig/doctrine): Doctrine et gouvernance du cadre d'interopérabilité des systèmes d'informations en santé (CI-SIS). @ https://ansforge.github.io/IG-doctrine-ci-sis/main/ig
  release: for-comment 0.1.0-ballot/4.0.1 @ https://interop.esante.gouv.fr/ig/doctrine/0.1.0-ballot
