FHIR IG Publisher Version 2.1.2 (Git# 1fdde7f9e667). Built 2026-03-01T18:54:08.225Z (21 days old)
Detected Java version: 17.0.10 from /opt/hostedtoolcache/Java_Microsoft_jdk/17.0.10/x64 on amd64 (64bit). 4000MB available
dir = /home/runner/work/interop-IG-document-core/interop-IG-document-core, path = /opt/hostedtoolcache/Ruby/3.3.10/x64/bin:/opt/hostedtoolcache/node/20.20.1/x64/bin:/opt/hostedtoolcache/Java_Microsoft_jdk/17.0.10/x64/bin:/snap/bin:/home/runner/.local/bin:/opt/pipx_bin:/home/runner/.cargo/bin:/home/runner/.config/composer/vendor/bin:/usr/local/.ghcup/bin:/home/runner/.dotnet/tools:/usr/local/sbin:/usr/local/bin:/usr/sbin:/usr/bin:/sbin:/bin:/usr/games:/usr/local/games:/snap/bin
Parameters: -go-publish -authorise-non-conformant-tx-servers -source ./igSource -web ./IG-website-release/www/ig/document -registry ./IG-website-release/ig-registry/fhir-ig-list.json -history ./IG-website-release/fhir-ig-history-template -templates ./IG-website-release/templates
---------------
Publication Run: publish ./igSource to ./IG-website-release/www/ig/document
Relative directory for IG is '/core'
===== Web Publication Run Details ===============================
 Source IG: ans.document.fr.core#0.1.0-snapsnot : https://interop.esante.gouv.fr/ig/document/core (R4) from ./igSource
All checks passed. Do the publication build from /home/runner/work/interop-IG-document-core/interop-IG-document-core/./igSource and publish to /tmp/web-root/run-20260323/core
Prepare Build space in /tmp/ig-builds/ans.document.fr.core#0.1.0-snapsnot
Build IG at /home/runner/work/interop-IG-document-core/interop-IG-document-core/./igSource: final copy suitable for publication (in /tmp/ig-builds/ans.document.fr.core#0.1.0-snapsnot)
FHIR IG Publisher Version 2.1.2 (Git# 1fdde7f9e667). Built 2026-03-01T18:54:08.225Z (21 days old)   
Detected Java version: 17.0.10 from /opt/hostedtoolcache/Java_Microsoft_jdk/17.0.10/x64 on Linux/amd64 (64bit). 4000MB available
dir = /home/runner/work/interop-IG-document-core/interop-IG-document-core, path = /opt/hostedtoolcache/Ruby/3.3.10/x64/bin:/opt/hostedtoolcache/node/20.20.1/x64/bin:/opt/hostedtoolcache/Java_Microsoft_jdk/17.0.10/x64/bin:/snap/bin:/home/runner/.local/bin:/opt/pipx_bin:/home/runner/.cargo/bin:/home/runner/.config/composer/vendor/bin:/usr/local/.ghcup/bin:/home/runner/.dotnet/tools:/usr/local/sbin:/usr/local/bin:/usr/sbin:/usr/bin:/sbin:/bin:/usr/games:/usr/local/games:/snap/bin
Parameters: -publish https://interop.esante.gouv.fr/ig/document/core/0.1.0-snapshot -no-exit -ig /tmp/ig-builds/ans.document.fr.core#0.1.0-snapsnot -resetTx
Character encoding = UTF-8 / UTF-8                                                                  
Start Clock @ Monday, March 23, 2026 at 1:48:54 PM Coordinated Universal Time (2026-03-23T13:48:54Z)
                                                                                                    
Build FHIR IG from /tmp/ig-builds/ans.document.fr.core#0.1.0-snapsnot                                (00:00.022 / 00:00.023, 171Mb)
Build Formal Publication package, intended for https://interop.esante.gouv.fr/ig/document/core/0.1.0-snapshot (00:00.002 / 00:00.025, 172Mb)
API keys loaded from /home/runner/.fhir/fhir-settings.json                                           (00:00.000 / 00:00.026, 172Mb)
Package Cache: /home/runner/.fhir/packages                                                           (00:00.004 / 00:00.030, 172Mb)
Found dependency on ans.fr.terminologies#latest in Sushi config. Pre-installing                      (00:00.002 / 00:00.033, 172Mb)
Unable to install ans.fr.terminologies#latest: Invalid criteria: latest: (Expected numeric identifier at position 0) (00:00.003 / 00:00.037, 172Mb)
Trying to go on                                                                                      (00:00.000 / 00:00.038, 172Mb)
Found dependency on hl7.fhir.extensions.r5#4.0.1 in Sushi config. Pre-installing                     (00:00.001 / 00:00.039, 172Mb)
[39mInstalling hl7.fhir.extensions.r5#4.0.1 to the package cache
[0;39m[39m  Fetching:
[0;39m[33mError fetching https://packages2.fhir.org/packages/hl7.fhir.extensions.r5: Not Found
[0;39m[33mError fetching https://packages.fhir.org/hl7.fhir.extensions.r5: Not Found
[0;39mUnable to install hl7.fhir.extensions.r5#4.0.1: Unable to resolve package id hl7.fhir.extensions.r5#4.0.1 (00:02.684 / 00:02.724, 114Mb)
Trying to go on                                                                                      (00:00.000 / 00:02.725, 114Mb)
Found dependency on hl7.fhir.uv.fhir-clinical-document#latest in Sushi config. Pre-installing        (00:00.001 / 00:02.726, 114Mb)
Unable to install hl7.fhir.uv.fhir-clinical-document#latest: Invalid criteria: latest: (Expected numeric identifier at position 0) (00:00.002 / 00:02.728, 114Mb)
Trying to go on                                                                                      (00:00.000 / 00:02.729, 114Mb)
Run Sushi on /tmp/ig-builds/ans.document.fr.core#0.1.0-snapsnot                                      (00:00.001 / 00:02.731, 114Mb)
Sushi: info  Running SUSHI v3.18.1 (implements FHIR Shorthand specification v3.0.0)                  (00:00.693 / 00:03.424, 117Mb)
Sushi: info  Arguments:                                                                              (00:00.000 / 00:03.425, 117Mb)
Sushi: info    --require-latest                                                                      (00:00.000 / 00:03.426, 117Mb)
Sushi: info    --out /tmp/ig-builds/ans.document.fr.core#0.1.0-snapsnot                              (00:00.000 / 00:03.427, 117Mb)
Sushi: info    /tmp/ig-builds/ans.document.fr.core#0.1.0-snapsnot                                    (00:00.000 / 00:03.427, 117Mb)
Sushi: info  Using configuration file: /tmp/ig-builds/ans.document.fr.core#0.1.0-snapsnot/sushi-config.yaml (00:00.597 / 00:04.025, 117Mb)
Sushi: info  Importing FSH text...                                                                   (00:00.124 / 00:04.150, 117Mb)
Sushi: info  Preprocessed 426 documents with 51 aliases.                                             (00:01.380 / 00:05.530, 117Mb)
Sushi: info  Imported 293 definitions and 131 instances.                                             (00:00.162 / 00:05.693, 117Mb)
Sushi: info  Loaded virtual package sushi-r5forR4#1.0.0 with 7 resources                             (00:00.160 / 00:05.853, 117Mb)
Sushi: info  Resolved hl7.fhir.uv.tools.r4#latest to concrete version 1.1.1                          (00:00.765 / 00:06.619, 117Mb)
Sushi: info  Loaded hl7.fhir.uv.tools.r4#1.1.1 with 119 resources                                    (00:00.080 / 00:06.699, 117Mb)
Sushi: info  Resolved hl7.terminology.r4#latest to concrete version 7.1.0                            (00:00.183 / 00:06.882, 117Mb)
Sushi: info  Loaded hl7.terminology.r4#7.1.0 with 4103 resources                                     (00:01.827 / 00:08.709, 117Mb)
Sushi: info  Loaded hl7.cda.uv.core#2.0.1-sd with 167 resources                                      (00:00.066 / 00:08.776, 117Mb)
Sushi: info  Resolved ans.fr.terminologies#latest to concrete version 1.7.0                          (00:00.174 / 00:08.951, 117Mb)
Sushi: info  Loaded ans.fr.terminologies#1.7.0 with 1139 resources                                   (00:00.668 / 00:09.620, 117Mb)
Sushi: info  Loaded hl7.fhir.fr.core#2.1.0 with 120 resources                                        (00:00.085 / 00:09.705, 117Mb)
Sushi: info  Loading supplemental version of FHIR to support extensions from hl7.fhir.extensions.r5  (00:00.001 / 00:09.706, 117Mb)
Sushi: info  Loaded hl7.fhir.r5.core#5.0.0 with 2968 resources                                       (00:01.542 / 00:11.248, 118Mb)
Sushi: info  Loaded ans.fhir.fr.annuaire#1.1.0 with 65 resources                                     (00:00.067 / 00:11.315, 118Mb)
Sushi: info  Resolved hl7.fhir.uv.fhir-clinical-document#latest to concrete version 1.0.1            (00:00.186 / 00:11.502, 118Mb)
Sushi: info  Loaded hl7.fhir.uv.fhir-clinical-document#1.0.1 with 10 resources                       (00:00.007 / 00:11.509, 118Mb)
Sushi: info  Loaded ihe.pharm.mpd#1.0.0-comment-2 with 40 resources                                  (00:00.021 / 00:11.530, 118Mb)
Sushi: info  Loaded hl7.fhir.r4.core#4.0.1 with 4581 resources                                       (00:00.906 / 00:12.437, 118Mb)
Sushi: info  Loaded hl7.fhir.uv.extensions.r4#5.2.0 with 759 resources                               (00:00.354 / 00:12.791, 118Mb)
Sushi: info  Loaded virtual package sushi-local#LOCAL with 0 resources                               (00:00.214 / 00:13.006, 118Mb)
Sushi: info  Converting FSH to FHIR resources...                                                     (00:00.020 / 00:13.026, 118Mb)
Sushi: info  Converted 284 FHIR StructureDefinitions.                                                (00:21.128 / 00:34.154, 118Mb)
Sushi: info  Converted 9 FHIR ValueSets.                                                             (00:00.100 / 00:34.255, 118Mb)
Sushi: info  Converted 131 FHIR instances.                                                           (00:18.654 / 00:52.909, 118Mb)
Sushi: info  Exporting FHIR resources as JSON...                                                     (00:00.001 / 00:52.910, 118Mb)
Sushi: info  Exported 424 FHIR resources as JSON.                                                    (00:00.551 / 00:53.462, 118Mb)
Sushi: info  Assembling Implementation Guide sources...                                              (00:00.011 / 00:53.474, 118Mb)
Sushi: info  Generated ImplementationGuide-ans.document.fr.core.json                                 (00:00.067 / 00:53.541, 118Mb)
Sushi: info  Assembled Implementation Guide sources; ready for IG Publisher.                         (00:00.001 / 00:53.543, 118Mb)
Sushi: ========================= SUSHI RESULTS ===========================                           (00:00.001 / 00:53.544, 118Mb)
Sushi: |  -------------------------------------------------------------  |                           (00:00.001 / 00:53.545, 118Mb)
Sushi: | |    Profiles   |  Extensions  |   Logicals   |   Resources   | |                           (00:00.000 / 00:53.546, 118Mb)
Sushi: | |-------------------------------------------------------------| |                           (00:00.000 / 00:53.546, 118Mb)
Sushi: | |      101      |      17      |     166      |       0       | |                           (00:00.000 / 00:53.547, 118Mb)
Sushi: |  -------------------------------------------------------------  |                           (00:00.000 / 00:53.548, 118Mb)
Sushi: |  -------------------------------------------------------------  |                           (00:00.000 / 00:53.549, 118Mb)
Sushi: | |      ValueSets     |    CodeSystems    |     Instances      | |                           (00:00.000 / 00:53.549, 118Mb)
Sushi: | |-------------------------------------------------------------| |                           (00:00.000 / 00:53.550, 118Mb)
Sushi: | |         9          |         0         |        131         | |                           (00:00.000 / 00:53.551, 118Mb)
Sushi: |  -------------------------------------------------------------  |                           (00:00.000 / 00:53.552, 118Mb)
Sushi: |                                                                 |                           (00:00.000 / 00:53.553, 118Mb)
Sushi: ===================================================================                           (00:00.000 / 00:53.553, 118Mb)
Sushi: | You've earned a seal of approval.      0 Errors      0 Warnings |                           (00:00.001 / 00:53.554, 118Mb)
Sushi: ===================================================================                           (00:00.000 / 00:53.555, 118Mb)
Root directory: /tmp/ig-builds/ans.document.fr.core#0.1.0-snapsnot                                   (00:00.033 / 00:53.589, 118Mb)
Unable to load IG as an r5 IG - try R4 (property code is a class com.google.gson.JsonPrimitive looking for an object) (00:00.484 / 00:54.074, 79Mb)
Load Template from https://github.com/ansforge/IG-template/tree/cda                                  (00:00.515 / 00:54.589, 75Mb)
 Load Template from fhir.base.template#current                                                       (00:01.589 / 00:56.179, 104Mb)
Scanning directory: /tmp/ig-builds/ans.document.fr.core#0.1.0-snapsnot/template
======================================================================
Terminology Cache is at /tmp/ig-builds/ans.document.fr.core#0.1.0-snapsnot/input-cache/txcache. Clearing now (00:05.900 / 01:02.079, 176Mb)
Core Package hl7.fhir.r4.core#4.0.1                                                                  (00:00.002 / 01:02.081, 176Mb)
Running Terminology Log: /tmp/ohfu-fhir-ig-12564679354007292039.html
Connect to Terminology Server at http://tx.fhir.org                                                  (00:03.854 / 01:05.936, 616Mb)
[39mLoad Package hl7.fhir.pubpack#0.2.4
[0;39m[39mLoad Package hl7.fhir.xver-extensions#0.1.0
[0;39m[39mLoad Package hl7.terminology.r4#7.1.0
[0;39mVersion mismatch. This IG is version 4.0.1, while the IG 'hl7.cda.uv.core' is from version 5.0.0 (will try to run anyway) (00:03.013 / 01:08.949, 611Mb)
Ignore Dependency on Core FHIR hl7.fhir.r5.core#5.0.0, from package 'hl7.fhir.uv.extensions.r5#5.1.0' (00:00.038 / 01:08.988, 631Mb)
[39mLoad Package hl7.fhir.uv.extensions.r5#5.1.0
[0;39m[39mLoad Package hl7.fhir.uv.extensions.r4#1.0.0
[0;39m[39mLoad Package hl7.terminology#5.2.0
[0;39m[39mLoad Package hl7.cda.uv.core#2.0.1-sd
[0;39m[39mLoad Package hl7.fhir.uv.extensions.r4#5.2.0
[0;39m[39mLoad Package hl7.terminology.r4#7.0.1
[0;39m[39mLoad Package hl7.terminology.r4#5.0.0
[0;39m[39mLoad Package fhir.dicom#2022.4.20221006
[0;39m[39mLoad Package hl7.fhir.uv.ips#1.1.0
[0;39m[39mLoad Package ans.fr.terminologies#1.7.0
[0;39m[39mLoad Package hl7.terminology.r4#6.0.2
[0;39m[39mLoad Package ans.fr.nos#1.3.0
[0;39m[39mLoad Package hl7.fhir.fr.core#2.1.0
[0;39m[39mLoad Package hl7.fhir.uv.extensions.r4#5.2.0
[0;39m[39mLoad Package hl7.terminology.r4#6.2.0
[0;39m[39mLoad Package ans.fr.nos#1.5.0
[0;39m[39mLoad Package hl7.terminology.r4#5.5.0
[0;39m[39mLoad Package ans.fhir.fr.annuaire#1.1.0
[0;39m[39mLoad Package hl7.fhir.uv.fhir-clinical-document#1.0.1
[0;39mVersion mismatch. This IG is version 4.0.1, while the IG 'ihe.pharm.mpd' is from version 5.0.0 (will try to run anyway) (00:16.027 / 01:25.015, 852Mb)
[39mLoad Package hl7.terminology.r5#6.3.0
[0;39m[39mLoad Package ihe.pharm.mpd#1.0.0-comment-2
[0;39m[39mLoad Package hl7.fhir.uv.tools.r4#0.9.0
[0;39mLoad R5 Specials
Cannot find or generate snapshot for base definition http://hl7.org/fhir/StructureDefinition/CanonicalResource from http://hl7.org/fhir/StructureDefinition/TestCases
Initialization complete                                                                              (00:03.450 / 01:28.466, 1Gb)
Load IG                                                                                              (00:00.000 / 01:28.467, 1Gb)
Load Content                                                                                         (00:00.003 / 01:28.471, 1Gb)
Using fr_FR as the default narrative language. (inferred from ImplementationGuide.jurisdiction=FR)   (00:00.174 / 01:28.645, 1Gb)
Process Loaded Resources                                                                             (00:06.117 / 01:34.763, 1Gb)
Generating Snapshots                                                                                 (00:05.358 / 01:40.121, 1Gb)
[1;31mUnable to generate snapshot @3 for https://interop.esante.gouv.fr/ig/document/core/StructureDefinition/fr-composition-document: Profile FRCompositionDocument (https://interop.esante.gouv.fr/ig/document/core/StructureDefinition/fr-composition-document), element FR Composition Document.extension.extension.extension.Composition.extension.extension.value[x]. Error generating snapshot: Binding https://mos.esante.gouv.fr/NOS/JDV_J144-ParticipationType-CISIS/FHIR/JDV-J144-ParticipationType-CISIS is not a subset of binding http://terminology.hl7.org/ValueSet/fhir-clinical-doc-participant because The codes 'INF,REF,CON,PRF,RESP,REFB,VRF' are not in the base valueset
[0;39m[33mCan't find http://hl7.org/cda/stds/core/StructureDefinition/PN profile https://interop.esante.gouv.fr/ig/document/core/StructureDefinition/fr-cda-name but trying to go on
[0;39m[33mCan't find http://hl7.org/cda/stds/core/StructureDefinition/Person profile https://interop.esante.gouv.fr/ig/document/core/StructureDefinition/fr-cda-assigned-person but trying to go on
[0;39m[33mCan't find http://hl7.org/cda/stds/core/StructureDefinition/AuthoringDevice profile https://interop.esante.gouv.fr/ig/document/core/StructureDefinition/fr-cda-authoring-device but trying to go on
[0;39m[33mCan't find http://hl7.org/cda/stds/core/StructureDefinition/Organization profile https://interop.esante.gouv.fr/ig/document/core/StructureDefinition/fr-cda-represented-organization but trying to go on
[0;39m[33mCan't find http://hl7.org/cda/stds/core/StructureDefinition/CustodianOrganization profile https://interop.esante.gouv.fr/ig/document/core/StructureDefinition/fr-cda-represented-custodian-organization but trying to go on
[0;39m[33mCan't find http://hl7.org/cda/stds/core/StructureDefinition/Person profile https://interop.esante.gouv.fr/ig/document/core/StructureDefinition/fr-cda-assigned-person but trying to go on
[0;39m[33mCan't find http://hl7.org/cda/stds/core/StructureDefinition/Organization profile https://interop.esante.gouv.fr/ig/document/core/StructureDefinition/fr-cda-represented-organization but trying to go on
[0;39m[33mCan't find http://hl7.org/cda/stds/core/StructureDefinition/Person profile https://interop.esante.gouv.fr/ig/document/core/StructureDefinition/fr-cda-assigned-person but trying to go on
[0;39m[33mCan't find http://hl7.org/cda/stds/core/StructureDefinition/Organization profile https://interop.esante.gouv.fr/ig/document/core/StructureDefinition/fr-cda-represented-organization but trying to go on
[0;39m[33mCan't find http://hl7.org/cda/stds/core/StructureDefinition/AssignedEntity profile https://interop.esante.gouv.fr/ig/document/core/StructureDefinition/fr-cda-assigned-entity but trying to go on
[0;39m[33mCan't find http://hl7.org/cda/stds/core/StructureDefinition/AssignedAuthor profile https://interop.esante.gouv.fr/ig/document/core/StructureDefinition/fr-cda-assigned-author but trying to go on
[0;39m[33mCan't find http://hl7.org/cda/stds/core/StructureDefinition/Patient profile https://interop.esante.gouv.fr/ig/document/core/StructureDefinition/fr-cda-patient but trying to go on
[0;39m[33mCan't find http://hl7.org/cda/stds/core/StructureDefinition/PatientRole profile https://interop.esante.gouv.fr/ig/document/core/StructureDefinition/fr-cda-patient-role but trying to go on
[0;39m[33mCan't find http://hl7.org/cda/stds/core/StructureDefinition/RecordTarget profile https://interop.esante.gouv.fr/ig/document/core/StructureDefinition/fr-cda-record-target but trying to go on
[0;39m[33mCan't find http://hl7.org/cda/stds/core/StructureDefinition/Author profile https://interop.esante.gouv.fr/ig/document/core/StructureDefinition/fr-cda-author but trying to go on
[0;39m[33mCan't find http://hl7.org/cda/stds/core/StructureDefinition/AssignedEntity profile https://interop.esante.gouv.fr/ig/document/core/StructureDefinition/fr-cda-assigned-entity but trying to go on
[0;39m[33mCan't find http://hl7.org/cda/stds/core/StructureDefinition/DataEnterer profile https://interop.esante.gouv.fr/ig/document/core/StructureDefinition/fr-cda-data-enterer but trying to go on
[0;39m[33mCan't find http://hl7.org/cda/stds/core/StructureDefinition/AssignedEntity profile https://interop.esante.gouv.fr/ig/document/core/StructureDefinition/fr-cda-assigned-entity but trying to go on
[0;39m[33mCan't find http://hl7.org/cda/stds/core/StructureDefinition/Person profile https://interop.esante.gouv.fr/ig/document/core/StructureDefinition/fr-cda-assigned-person but trying to go on
[0;39m[33mCan't find http://hl7.org/cda/stds/core/StructureDefinition/RelatedEntity profile https://interop.esante.gouv.fr/ig/document/core/StructureDefinition/fr-cda-related-entity but trying to go on
[0;39m[33mCan't find http://hl7.org/cda/stds/core/StructureDefinition/Informant profile https://interop.esante.gouv.fr/ig/document/core/StructureDefinition/fr-cda-informant but trying to go on
[0;39m[33mCan't find http://hl7.org/cda/stds/core/StructureDefinition/AssignedCustodian profile https://interop.esante.gouv.fr/ig/document/core/StructureDefinition/fr-cda-assigned-custodian but trying to go on
[0;39m[33mCan't find http://hl7.org/cda/stds/core/StructureDefinition/Custodian profile https://interop.esante.gouv.fr/ig/document/core/StructureDefinition/fr-cda-custodian but trying to go on
[0;39m[33mCan't find http://hl7.org/cda/stds/core/StructureDefinition/Person profile https://interop.esante.gouv.fr/ig/document/core/StructureDefinition/fr-cda-assigned-person but trying to go on
[0;39m[33mCan't find http://hl7.org/cda/stds/core/StructureDefinition/Organization profile https://interop.esante.gouv.fr/ig/document/core/StructureDefinition/fr-cda-represented-organization but trying to go on
[0;39m[33mCan't find http://hl7.org/cda/stds/core/StructureDefinition/IntendedRecipient profile https://interop.esante.gouv.fr/ig/document/core/StructureDefinition/fr-cda-intended-recipient but trying to go on
[0;39m[33mCan't find http://hl7.org/cda/stds/core/StructureDefinition/InformationRecipient profile https://interop.esante.gouv.fr/ig/document/core/StructureDefinition/fr-cda-information-recipient but trying to go on
[0;39m[33mCan't find http://hl7.org/cda/stds/core/StructureDefinition/AssignedEntity profile https://interop.esante.gouv.fr/ig/document/core/StructureDefinition/fr-cda-assigned-entity but trying to go on
[0;39m[33mCan't find http://hl7.org/cda/stds/core/StructureDefinition/LegalAuthenticator profile https://interop.esante.gouv.fr/ig/document/core/StructureDefinition/fr-cda-legal-authenticator but trying to go on
[0;39m[33mCan't find http://hl7.org/cda/stds/core/StructureDefinition/Authenticator profile https://interop.esante.gouv.fr/ig/document/core/StructureDefinition/fr-cda-authenticator but trying to go on
[0;39m[33mCan't find http://hl7.org/cda/stds/core/StructureDefinition/AssociatedEntity profile https://interop.esante.gouv.fr/ig/document/core/StructureDefinition/fr-cda-associated-entity but trying to go on
[0;39m[33mCan't find http://hl7.org/cda/stds/core/StructureDefinition/Participant1 profile https://interop.esante.gouv.fr/ig/document/core/StructureDefinition/fr-cda-participant-entete but trying to go on
[0;39m[33mCan't find http://hl7.org/cda/stds/core/StructureDefinition/Order profile https://interop.esante.gouv.fr/ig/document/core/StructureDefinition/fr-cda-order but trying to go on
[0;39m[33mCan't find http://hl7.org/cda/stds/core/StructureDefinition/InFulfillmentOf profile https://interop.esante.gouv.fr/ig/document/core/StructureDefinition/fr-cda-inFulfillment-of but trying to go on
[0;39m[33mCan't find http://hl7.org/cda/stds/core/StructureDefinition/AssignedEntity profile https://interop.esante.gouv.fr/ig/document/core/StructureDefinition/fr-cda-assigned-entity but trying to go on
[0;39m[33mCan't find http://hl7.org/cda/stds/core/StructureDefinition/Performer1 profile https://interop.esante.gouv.fr/ig/document/core/StructureDefinition/fr-cda-performer but trying to go on
[0;39m[33mCan't find http://hl7.org/cda/stds/core/StructureDefinition/ServiceEvent profile https://interop.esante.gouv.fr/ig/document/core/StructureDefinition/fr-cda-service-event but trying to go on
[0;39m[33mCan't find http://hl7.org/cda/stds/core/StructureDefinition/DocumentationOf profile https://interop.esante.gouv.fr/ig/document/core/StructureDefinition/fr-cda-documentation-of but trying to go on
[0;39m[33mCan't find http://hl7.org/cda/stds/core/StructureDefinition/ParentDocument profile https://interop.esante.gouv.fr/ig/document/core/StructureDefinition/fr-cda-parent-document but trying to go on
[0;39m[33mCan't find http://hl7.org/cda/stds/core/StructureDefinition/RelatedDocument profile https://interop.esante.gouv.fr/ig/document/core/StructureDefinition/fr-cda-related-document but trying to go on
[0;39m[33mCan't find http://hl7.org/cda/stds/core/StructureDefinition/Authorization profile https://interop.esante.gouv.fr/ig/document/core/StructureDefinition/fr-cda-authorization but trying to go on
[0;39m[1;31mUnable to generate snapshot @3 for https://interop.esante.gouv.fr/ig/document/core/StructureDefinition/fr-cda-encounter-participant: Profile FRCDAEncounterParticipant (https://interop.esante.gouv.fr/ig/document/core/StructureDefinition/fr-cda-encounter-participant), element CDA - encounterParticipant.EncounterParticipant.typeCode. Error generating snapshot: Binding https://mos.esante.gouv.fr/NOS/JDV_J140-EncounterParticipationType-CISIS/FHIR/JDV-J140-EncounterParticipationType-CISIS is not a subset of binding http://terminology.hl7.org/ValueSet/v3-xEncounterParticipant|2.0.0 because The codes 'REF,CON,RESP,ATND,ADM,DIS' are not in the base valueset
[0;39m[33mCan't find http://hl7.org/cda/stds/core/StructureDefinition/EncounterParticipant profile https://interop.esante.gouv.fr/ig/document/core/StructureDefinition/fr-cda-encounter-participant but trying to go on
[0;39m[33mCan't find http://hl7.org/cda/stds/core/StructureDefinition/HealthCareFacility profile https://interop.esante.gouv.fr/ig/document/core/StructureDefinition/fr-cda-health-care-facility but trying to go on
[0;39m[33mCan't find http://hl7.org/cda/stds/core/StructureDefinition/EncompassingEncounter profile https://interop.esante.gouv.fr/ig/document/core/StructureDefinition/fr-cda-encompassing-encounter but trying to go on
[0;39m
Signing Certificate: RSA key for Subject: OU=IG Publisher, L=Ann Arbor, CN=hl7.org, O=HL7, ST=Missouri, C=us from: OU=IG Publisher, L=Ann Arbor, CN=hl7.org, O=HL7, ST=Missouri, C=us
Fetch https://interop.esante.gouv.fr/ig/document/core/package-list.json for version check            (00:05.571 / 01:45.693, 1Gb)
Checking Language                                                                                    (00:00.800 / 01:46.494, 1Gb)
Load Dependency Info                                                                                 (00:00.007 / 01:46.501, 1Gb)
Load Info                                                                                            (00:00.001 / 01:46.503, 1Gb)
Load Paths                                                                                           (00:00.001 / 01:46.505, 1Gb)
Check R4 / R4B                                                                                       (00:00.000 / 01:46.506, 1Gb)
Assign Comparison Ids                                                                                (00:00.117 / 01:46.623, 1Gb)
Propagating status                                                                                   (00:00.001 / 01:46.625, 1Gb)
Generating Narratives                                                                                (00:00.000 / 01:46.625, 1Gb)
Validating Conformance Resources                                                                     (08:27.268 / 10:13.894, 1Gb)
[39mFailed to determine latest version of package hl7.cda.uv.core from server: https://packages2.fhir.org/packages
[0;39m[39mFailed to determine latest version of package hl7.cda.uv.core from server: https://packages.fhir.org
[0;39m[39mFailed to determine latest version of package hl7.cda.uv.core from server: build.fhir.org
[0;39m[39mLatest version of package hl7.cda.uv.core found locally is 2.0.1-sd - using that
[0;39m[39mFailed to determine latest version of package ihe.pharm.mpd from server: https://packages2.fhir.org/packages
[0;39m[39mFailed to determine latest version of package ihe.pharm.mpd from server: https://packages.fhir.org
[0;39m[39mFailed to determine latest version of package ihe.pharm.mpd from server: build.fhir.org
[0;39m[39mLatest version of package ihe.pharm.mpd found locally is 1.0.0-comment-2 - using that
[0;39mCheck profiles & code systems                                                                        (00:34.864 / 10:48.759, 1Gb)
Check realm rules                                                                                    (00:00.018 / 10:48.778, 1Gb)
Previous Version Comparison                                                                          (00:00.001 / 10:48.779, 1Gb)
Checking for Bundles to sign                                                                         (00:00.093 / 10:48.873, 2Gb)
Validating Resources                                                                                 (00:00.000 / 10:48.874, 2Gb)
Processing Provenance Records                                                                        (00:09.543 / 10:58.417, 2Gb)
Generating Outputs in /tmp/ig-builds/ans.document.fr.core#0.1.0-snapsnot/output                      (00:00.001 / 10:58.418, 2Gb)
Generate Native Outputs                                                                              (00:00.314 / 10:58.732, 2Gb)
Run Template                                                                                         (00:32.254 / 11:30.987, 2Gb)
Generate HTML Outputs                                                                                (00:02.728 / 11:33.716, 2Gb)
Generate Spreadsheets                                                                                (08:47.377 / 20:21.093, 2Gb)
Generate Summaries                                                                                   (00:15.762 / 20:36.856, 2Gb)
Generating Summary Outputs                                                                           (00:00.000 / 20:36.857, 2Gb)
Unable to find 3-character code having same country code as ISO 2-char code AA - User-assigned       (00:17.320 / 20:54.177, 2Gb)
Unable to find 3-character code having same country code as ISO 2-char code QM - User-assigned       (00:00.000 / 20:54.178, 2Gb)
Unable to find 3-character code having same country code as ISO 2-char code QN - User-assigned       (00:00.000 / 20:54.179, 2Gb)
Unable to find 3-character code having same country code as ISO 2-char code QO - User-assigned       (00:00.000 / 20:54.179, 2Gb)
Unable to find 3-character code having same country code as ISO 2-char code QP - User-assigned       (00:00.000 / 20:54.180, 2Gb)
Unable to find 3-character code having same country code as ISO 2-char code QQ - User-assigned       (00:00.000 / 20:54.180, 2Gb)
Unable to find 3-character code having same country code as ISO 2-char code QR - User-assigned       (00:00.000 / 20:54.181, 2Gb)
Unable to find 3-character code having same country code as ISO 2-char code QS - User-assigned       (00:00.000 / 20:54.182, 2Gb)
Unable to find 3-character code having same country code as ISO 2-char code QT - User-assigned       (00:00.000 / 20:54.182, 2Gb)
Unable to find 3-character code having same country code as ISO 2-char code QU - User-assigned       (00:00.000 / 20:54.183, 2Gb)
Unable to find 3-character code having same country code as ISO 2-char code QV - User-assigned       (00:00.000 / 20:54.183, 2Gb)
Unable to find 3-character code having same country code as ISO 2-char code QW - User-assigned       (00:00.000 / 20:54.184, 2Gb)
Unable to find 3-character code having same country code as ISO 2-char code QX - User-assigned       (00:00.000 / 20:54.184, 2Gb)
Unable to find 3-character code having same country code as ISO 2-char code QY - User-assigned       (00:00.000 / 20:54.185, 2Gb)
Unable to find 3-character code having same country code as ISO 2-char code QZ - User-assigned       (00:00.000 / 20:54.185, 2Gb)
Unable to find 3-character code having same country code as ISO 2-char code XA - User-assigned       (00:00.000 / 20:54.186, 2Gb)
Unable to find 3-character code having same country code as ISO 2-char code XB - User-assigned       (00:00.000 / 20:54.187, 2Gb)
Unable to find 3-character code having same country code as ISO 2-char code XC - User-assigned       (00:00.000 / 20:54.187, 2Gb)
Unable to find 3-character code having same country code as ISO 2-char code XD - User-assigned       (00:00.000 / 20:54.188, 2Gb)
Unable to find 3-character code having same country code as ISO 2-char code XE - User-assigned       (00:00.000 / 20:54.188, 2Gb)
Unable to find 3-character code having same country code as ISO 2-char code XF - User-assigned       (00:00.000 / 20:54.189, 2Gb)
Unable to find 3-character code having same country code as ISO 2-char code XG - User-assigned       (00:00.000 / 20:54.189, 2Gb)
Unable to find 3-character code having same country code as ISO 2-char code XH - User-assigned       (00:00.000 / 20:54.190, 2Gb)
Unable to find 3-character code having same country code as ISO 2-char code XI - User-assigned       (00:00.000 / 20:54.190, 2Gb)
Unable to find 3-character code having same country code as ISO 2-char code XJ - User-assigned       (00:00.000 / 20:54.191, 2Gb)
Unable to find 3-character code having same country code as ISO 2-char code XK - Kosovo              (00:00.000 / 20:54.191, 2Gb)
Unable to find 3-character code having same country code as ISO 2-char code XL - User-assigned       (00:00.000 / 20:54.192, 2Gb)
Unable to find 3-character code having same country code as ISO 2-char code XM - User-assigned       (00:00.000 / 20:54.192, 2Gb)
Unable to find 3-character code having same country code as ISO 2-char code XN - User-assigned       (00:00.000 / 20:54.193, 2Gb)
Unable to find 3-character code having same country code as ISO 2-char code XO - User-assigned       (00:00.000 / 20:54.193, 2Gb)
Unable to find 3-character code having same country code as ISO 2-char code XP - User-assigned       (00:00.000 / 20:54.193, 2Gb)
Unable to find 3-character code having same country code as ISO 2-char code XQ - User-assigned       (00:00.000 / 20:54.194, 2Gb)
Unable to find 3-character code having same country code as ISO 2-char code XR - User-assigned       (00:00.000 / 20:54.194, 2Gb)
Unable to find 3-character code having same country code as ISO 2-char code XS - User-assigned       (00:00.000 / 20:54.195, 2Gb)
Unable to find 3-character code having same country code as ISO 2-char code XT - User-assigned       (00:00.000 / 20:54.195, 2Gb)
Unable to find 3-character code having same country code as ISO 2-char code XU - User-assigned       (00:00.000 / 20:54.195, 2Gb)
Unable to find 3-character code having same country code as ISO 2-char code XV - User-assigned       (00:00.000 / 20:54.196, 2Gb)
Unable to find 3-character code having same country code as ISO 2-char code XW - User-assigned       (00:00.000 / 20:54.196, 2Gb)
Unable to find 3-character code having same country code as ISO 2-char code XX - Unknown             (00:00.000 / 20:54.197, 2Gb)
Unable to find 3-character code having same country code as ISO 2-char code XY - User-assigned       (00:00.000 / 20:54.197, 2Gb)
Unable to find 3-character code having same country code as ISO 2-char code XZ - International Waters (00:00.000 / 20:54.197, 2Gb)
Unable to find 3-character code having same country code as ISO 2-char code ZZ - Unknown or Invalid Territory (00:00.000 / 20:54.198, 2Gb)
Table of contents has a section with more than 222 entries.  Collapsing will not work reliably
DB Cumulative Time invested: 00:00:00.977
Sending Usage Stats to Server                                                                        (00:00.475 / 20:54.673, 2Gb)
## Memory (MB): Use = 3064, Free = 585, Total = 3650, Max = 4000                                     (00:00.006 / 20:54.679, 2Gb)
Reclaiming memory...                                                                                 (00:00.000 / 20:54.680, 2Gb)
## Memory (MB): Use = 2218, Free = 1489, Total = 3708, Max = 4000                                    (00:01.219 / 20:55.899, 2Gb)
Run jekyll: jekyll build --destination "/tmp/ig-builds/ans.document.fr.core#0.1.0-snapsnot/output" (in folder /tmp/ig-builds/ans.document.fr.core#0.1.0-snapsnot/temp/pages) (00:00.001 / 20:55.901, 2Gb)
Troubleshooting Note: usual cases for Jekyll to fail are:                                            (00:00.000 / 20:55.901, 2Gb)
* A failure to produce a fragment that is already logged in the output above                         (00:00.000 / 20:55.902, 2Gb)
* A reference to a manually edited file that hasn't been provided                                    (00:00.000 / 20:55.902, 2Gb)
Jekyll: Source: /tmp/ig-builds/ans.document.fr.core#0.1.0-snapsnot/temp/pages                        (00:00.529 / 20:56.431, 2Gb)
Jekyll: Generating...                                                                                (00:00.000 / 20:56.432, 2Gb)
Jekyll: done in 16.051 seconds.                                                                      (00:16.050 / 21:12.483, 2Gb)
[39m
[0;39m[39mInstalling ans.document.fr.core#0.1.0-snapsnot
[0;39m[39m done.
[0;39mChecking Output HTML                                                                                 (00:07.141 / 21:19.624, 3Gb)
Processed /tmp/ig-builds/ans.document.fr.core#0.1.0-snapsnot/output - % reduction = 99 (507492918 ==> 5804299)
found 7054 files                                                                                     (00:08.670 / 21:28.294, 2Gb)
........................................
..............................Sending usage stats failed: Connection timed out
..........
  ... 7054 html files, 0 pages invalid xhtml (0%)                                                    (02:03.409 / 23:31.704, 3Gb)
  ... 2055164 links, 6 broken links (0%)                                                             (00:00.000 / 23:31.705, 3Gb)
Generate fragment-usage-analysis.csv                                                                 (00:00.000 / 23:31.706, 3Gb)
Build final .zip                                                                                     (00:00.007 / 23:31.713, 3Gb)
Final .zip built                                                                                     (00:16.143 / 23:47.857, 2Gb)
Built. Times: loading: 00:18.023, generate: 22:12.311, narrative generation: 08:27.266, realm-rules: 00:00.001, previous-version: 00:00.000, jekyll: 00:16.710, validation: 00:43.483 (#432), template: 00:02.727 (#3) (00:10.948 / 23:58.806, 2Gb)
Generating QA                                                                                        (00:00.001 / 23:58.807, 2Gb)
Internal error in location for message: 'Error @1, 2: Found / expecting a token name', loc = '/tmp/ig-builds/ans.document.fr.core#0.1.0-snapsnot/output/searchform.html#/html/body/div/div/div/a/i', err = 'The <script> containing the javascript '$( document ).ready('... is illegal and not allowed on the H'
Validation output in /tmp/ig-builds/ans.document.fr.core#0.1.0-snapsnot/output/qa.html
Errors: 1033, Warnings: 4649, Info: 1116, Broken Links: 6 (00:02.810 / 24:01.617, 3Gb)
Finished @ 23/03/2026 14:12. Max Memory Used = 3Gb. Log file saved in /tmp/fhir-ig-publisher-tmp.log (00:00.065 / 24:01.682, 3Gb)
Keep a copy of the build directory at /tmp/web-root/run-20260323/ig-build-zips/ans.document.fr.core#0.1.0-snapsnot.zip

ok. All checks passed. Publish v0.1.0-snapsnot to /tmp/web-root/run-20260323/core/0.1.0-snapshot
Copy the IG to /tmp/web-root/run-20260323/core/0.1.0-snapshot
Update /tmp/web-root/run-20260323/core/package-list.json
Publish Box Statement: This page is part of the ANS IG document core (v0.1.0-snapshot: Draft Draft) based on <a data-no-external="true" href="http://hl7.org/fhir/R4">FHIR (HL7® FHIR® Standard) R4</a>. No current official version has been published yet.  For a full list of available versions, see the <a data-no-external="true" href="https://interop.esante.gouv.fr/ig/document/core/history.html">Directory of published versions</a>
  .. 3434 files checked, 3434 updated
  .. 867 clones checked, 1720 updated
  .. 432 redirections (432 created/updated)
ans.document.fr.core (https://interop.esante.gouv.fr/ig/document/core): ANS IG document core @ https://ansforge.github.io/interop-IG-document-core/main/ig
  candidate: Draft Draft 0.1.0-snapshot/4.0.1 @ https://interop.esante.gouv.fr/ig/document/core/0.1.0-snapshot
Build is complete. Copy from /tmp/web-root/run-20260323
Update history page at /tmp/web-root/run-20260323/core from /home/runner/work/interop-IG-document-core/interop-IG-document-core/./IG-website-release/fhir-ig-history-template and ./IG-website-release/templates
