FHIR IG Publisher Version 2.1.2 (Git# 1fdde7f9e667). Built 2026-03-01T18:54:08.225Z (12 days old)
Detected Java version: 17.0.10 from /opt/hostedtoolcache/Java_Microsoft_jdk/17.0.10/x64 on amd64 (64bit). 3998MB available
dir = /home/runner/work/interop-IG-document-core/interop-IG-document-core, path = /opt/hostedtoolcache/Ruby/3.3.10/x64/bin:/opt/hostedtoolcache/node/20.20.0/x64/bin:/opt/hostedtoolcache/Java_Microsoft_jdk/17.0.10/x64/bin:/snap/bin:/home/runner/.local/bin:/opt/pipx_bin:/home/runner/.cargo/bin:/home/runner/.config/composer/vendor/bin:/usr/local/.ghcup/bin:/home/runner/.dotnet/tools:/usr/local/sbin:/usr/local/bin:/usr/sbin:/usr/bin:/sbin:/bin:/usr/games:/usr/local/games:/snap/bin
Parameters: -go-publish -authorise-non-conformant-tx-servers -source ./igSource -web ./IG-website-release/www/ig/document -registry ./IG-website-release/ig-registry/fhir-ig-list.json -history ./IG-website-release/fhir-ig-history-template -templates ./IG-website-release/templates
---------------
Publication Run: publish ./igSource to ./IG-website-release/www/ig/document
Relative directory for IG is '/fr'
===== Web Publication Run Details ===============================
 Source IG: ans.document.fr.core#0.1.0 : https://interop.esante.gouv.fr/ig/document/core (R4) from ./igSource
All checks passed. Do the publication build from /home/runner/work/interop-IG-document-core/interop-IG-document-core/./igSource and publish to /tmp/web-root/run-20260313/fr
Prepare Build space in /tmp/ig-builds/ans.document.fr.core#0.1.0
Build IG at /home/runner/work/interop-IG-document-core/interop-IG-document-core/./igSource: final copy suitable for publication (in /tmp/ig-builds/ans.document.fr.core#0.1.0)
FHIR IG Publisher Version 2.1.2 (Git# 1fdde7f9e667). Built 2026-03-01T18:54:08.225Z (12 days old)   
Detected Java version: 17.0.10 from /opt/hostedtoolcache/Java_Microsoft_jdk/17.0.10/x64 on Linux/amd64 (64bit). 3998MB available
dir = /home/runner/work/interop-IG-document-core/interop-IG-document-core, path = /opt/hostedtoolcache/Ruby/3.3.10/x64/bin:/opt/hostedtoolcache/node/20.20.0/x64/bin:/opt/hostedtoolcache/Java_Microsoft_jdk/17.0.10/x64/bin:/snap/bin:/home/runner/.local/bin:/opt/pipx_bin:/home/runner/.cargo/bin:/home/runner/.config/composer/vendor/bin:/usr/local/.ghcup/bin:/home/runner/.dotnet/tools:/usr/local/sbin:/usr/local/bin:/usr/sbin:/usr/bin:/sbin:/bin:/usr/games:/usr/local/games:/snap/bin
Parameters: -publish https://interop.esante.gouv.fr/ig/document/core/0.1.0-snapshot -no-exit -ig /tmp/ig-builds/ans.document.fr.core#0.1.0 -resetTx
Character encoding = UTF-8 / UTF-8                                                                  
Start Clock @ Friday, March 13, 2026 at 10:56:29 PM Coordinated Universal Time (2026-03-13T22:56:29Z)
                                                                                                    
Build FHIR IG from /tmp/ig-builds/ans.document.fr.core#0.1.0                                         (00:00.021 / 00:00.022, 168Mb)
Build Formal Publication package, intended for https://interop.esante.gouv.fr/ig/document/core/0.1.0-snapshot (00:00.003 / 00:00.025, 168Mb)
API keys loaded from /home/runner/.fhir/fhir-settings.json                                           (00:00.001 / 00:00.026, 168Mb)
Package Cache: /home/runner/.fhir/packages                                                           (00:00.002 / 00:00.029, 168Mb)
Found dependency on ans.fr.terminologies#latest in Sushi config. Pre-installing                      (00:00.003 / 00:00.032, 168Mb)
Unable to install ans.fr.terminologies#latest: Invalid criteria: latest: (Expected numeric identifier at position 0) (00:00.004 / 00:00.037, 168Mb)
Trying to go on                                                                                      (00:00.001 / 00:00.038, 168Mb)
Found dependency on hl7.fhir.extensions.r5#4.0.1 in Sushi config. Pre-installing                     (00:00.001 / 00:00.040, 168Mb)
[39mInstalling hl7.fhir.extensions.r5#4.0.1 to the package cache
[0;39m[39m  Fetching:
[0;39m[33mError fetching https://packages2.fhir.org/packages/hl7.fhir.extensions.r5: Not Found
[0;39m[33mError fetching https://packages.fhir.org/hl7.fhir.extensions.r5: Not Found
[0;39mUnable to install hl7.fhir.extensions.r5#4.0.1: Unable to resolve package id hl7.fhir.extensions.r5#4.0.1 (00:01.798 / 00:01.839, 111Mb)
Trying to go on                                                                                      (00:00.000 / 00:01.839, 111Mb)
Found dependency on hl7.fhir.uv.fhir-clinical-document#latest in Sushi config. Pre-installing        (00:00.001 / 00:01.841, 111Mb)
Unable to install hl7.fhir.uv.fhir-clinical-document#latest: Invalid criteria: latest: (Expected numeric identifier at position 0) (00:00.002 / 00:01.843, 112Mb)
Trying to go on                                                                                      (00:00.000 / 00:01.843, 112Mb)
Run Sushi on /tmp/ig-builds/ans.document.fr.core#0.1.0                                               (00:00.001 / 00:01.845, 112Mb)
Sushi: info  Running SUSHI v3.18.1 (implements FHIR Shorthand specification v3.0.0)                  (00:00.613 / 00:02.458, 114Mb)
Sushi: info  Arguments:                                                                              (00:00.000 / 00:02.459, 114Mb)
Sushi: info    --require-latest                                                                      (00:00.000 / 00:02.460, 114Mb)
Sushi: info    --out /tmp/ig-builds/ans.document.fr.core#0.1.0                                       (00:00.000 / 00:02.461, 114Mb)
Sushi: info    /tmp/ig-builds/ans.document.fr.core#0.1.0                                             (00:00.000 / 00:02.462, 114Mb)
Sushi: info  Using configuration file: /tmp/ig-builds/ans.document.fr.core#0.1.0/sushi-config.yaml   (00:00.670 / 00:03.132, 114Mb)
Sushi: info  Importing FSH text...                                                                   (00:00.120 / 00:03.252, 114Mb)
Sushi: info  Preprocessed 426 documents with 51 aliases.                                             (00:01.347 / 00:04.600, 114Mb)
Sushi: info  Imported 293 definitions and 131 instances.                                             (00:00.161 / 00:04.761, 114Mb)
Sushi: info  Loaded virtual package sushi-r5forR4#1.0.0 with 7 resources                             (00:00.162 / 00:04.923, 114Mb)
Sushi: info  Resolved hl7.fhir.uv.tools.r4#latest to concrete version 1.1.0                          (00:00.581 / 00:05.505, 114Mb)
Sushi: info  Loaded hl7.fhir.uv.tools.r4#1.1.0 with 119 resources                                    (00:00.050 / 00:05.555, 114Mb)
Sushi: info  Resolved hl7.terminology.r4#latest to concrete version 7.1.0                            (00:00.131 / 00:05.687, 114Mb)
Sushi: info  Loaded hl7.terminology.r4#7.1.0 with 4103 resources                                     (00:00.948 / 00:06.635, 114Mb)
Sushi: info  Loaded hl7.cda.uv.core#2.0.1-sd with 167 resources                                      (00:00.038 / 00:06.673, 114Mb)
Sushi: info  Resolved ans.fr.terminologies#latest to concrete version 1.7.0                          (00:00.136 / 00:06.810, 114Mb)
Sushi: info  Loaded ans.fr.terminologies#1.7.0 with 1139 resources                                   (00:00.362 / 00:07.173, 114Mb)
Sushi: info  Loaded hl7.fhir.fr.core#2.1.0 with 120 resources                                        (00:00.049 / 00:07.222, 114Mb)
Sushi: info  Loading supplemental version of FHIR to support extensions from hl7.fhir.extensions.r5  (00:00.001 / 00:07.223, 114Mb)
Sushi: info  Loaded hl7.fhir.r5.core#5.0.0 with 2968 resources                                       (00:00.796 / 00:08.020, 114Mb)
Sushi: info  Loaded ans.fhir.fr.annuaire#1.1.0 with 65 resources                                     (00:00.049 / 00:08.069, 114Mb)
Sushi: info  Resolved hl7.fhir.uv.fhir-clinical-document#latest to concrete version 1.0.1            (00:00.131 / 00:08.201, 114Mb)
Sushi: info  Loaded hl7.fhir.uv.fhir-clinical-document#1.0.1 with 10 resources                       (00:00.005 / 00:08.207, 114Mb)
Sushi: info  Loaded ihe.pharm.mpd#1.0.0-comment-2 with 40 resources                                  (00:00.013 / 00:08.220, 114Mb)
Sushi: info  Loaded hl7.fhir.r4.core#4.0.1 with 4581 resources                                       (00:00.844 / 00:09.065, 114Mb)
Sushi: info  Loaded hl7.fhir.uv.extensions.r4#5.2.0 with 759 resources                               (00:00.163 / 00:09.229, 114Mb)
Sushi: info  Loaded virtual package sushi-local#LOCAL with 0 resources                               (00:00.197 / 00:09.427, 114Mb)
Sushi: info  Converting FSH to FHIR resources...                                                     (00:00.022 / 00:09.448, 114Mb)
Sushi: info  Converted 284 FHIR StructureDefinitions.                                                (00:20.673 / 00:30.122, 114Mb)
Sushi: info  Converted 9 FHIR ValueSets.                                                             (00:00.102 / 00:30.224, 114Mb)
Sushi: info  Converted 131 FHIR instances.                                                           (00:18.487 / 00:48.711, 114Mb)
Sushi: info  Exporting FHIR resources as JSON...                                                     (00:00.001 / 00:48.713, 114Mb)
Sushi: info  Exported 424 FHIR resources as JSON.                                                    (00:00.566 / 00:49.279, 114Mb)
Sushi: info  Assembling Implementation Guide sources...                                              (00:00.012 / 00:49.292, 114Mb)
Sushi: info  Generated ImplementationGuide-ans.document.fr.core.json                                 (00:00.066 / 00:49.358, 114Mb)
Sushi: info  Assembled Implementation Guide sources; ready for IG Publisher.                         (00:00.001 / 00:49.360, 114Mb)
Sushi: ========================= SUSHI RESULTS ===========================                           (00:00.001 / 00:49.361, 114Mb)
Sushi: |  -------------------------------------------------------------  |                           (00:00.001 / 00:49.362, 114Mb)
Sushi: | |    Profiles   |  Extensions  |   Logicals   |   Resources   | |                           (00:00.000 / 00:49.363, 114Mb)
Sushi: | |-------------------------------------------------------------| |                           (00:00.000 / 00:49.364, 114Mb)
Sushi: | |      101      |      17      |     166      |       0       | |                           (00:00.000 / 00:49.364, 114Mb)
Sushi: |  -------------------------------------------------------------  |                           (00:00.000 / 00:49.365, 114Mb)
Sushi: |  -------------------------------------------------------------  |                           (00:00.000 / 00:49.366, 114Mb)
Sushi: | |      ValueSets     |    CodeSystems    |     Instances      | |                           (00:00.000 / 00:49.367, 114Mb)
Sushi: | |-------------------------------------------------------------| |                           (00:00.000 / 00:49.368, 114Mb)
Sushi: | |         9          |         0         |        131         | |                           (00:00.000 / 00:49.368, 114Mb)
Sushi: |  -------------------------------------------------------------  |                           (00:00.000 / 00:49.369, 114Mb)
Sushi: |                                                                 |                           (00:00.000 / 00:49.370, 114Mb)
Sushi: ===================================================================                           (00:00.000 / 00:49.371, 114Mb)
Sushi: | A whale of a job!                      0 Errors      0 Warnings |                           (00:00.000 / 00:49.371, 114Mb)
Sushi: ===================================================================                           (00:00.000 / 00:49.372, 114Mb)
Root directory: /tmp/ig-builds/ans.document.fr.core#0.1.0                                            (00:00.032 / 00:49.405, 115Mb)
Unable to load IG as an r5 IG - try R4 (property code is a class com.google.gson.JsonPrimitive looking for an object) (00:00.476 / 00:49.881, 75Mb)
Load Template from https://github.com/ansforge/IG-template/tree/cda                                  (00:00.484 / 00:50.366, 62Mb)
 Load Template from fhir.base.template#current                                                       (00:01.196 / 00:51.562, 99Mb)
Scanning directory: /tmp/ig-builds/ans.document.fr.core#0.1.0/template
======================================================================
Terminology Cache is at /tmp/ig-builds/ans.document.fr.core#0.1.0/input-cache/txcache. Clearing now  (00:05.901 / 00:57.464, 310Mb)
Core Package hl7.fhir.r4.core#4.0.1                                                                  (00:00.003 / 00:57.468, 310Mb)
Running Terminology Log: /tmp/ohfu-fhir-ig-6053562915263467445.html
Connect to Terminology Server at http://tx.fhir.org                                                  (00:03.537 / 01:01.006, 519Mb)
[39mLoad Package hl7.fhir.pubpack#0.2.4
[0;39m[39mLoad Package hl7.fhir.xver-extensions#0.1.0
[0;39m[39mLoad Package hl7.terminology.r4#7.1.0
[0;39mVersion mismatch. This IG is version 4.0.1, while the IG 'hl7.cda.uv.core' is from version 5.0.0 (will try to run anyway) (00:03.241 / 01:04.247, 637Mb)
Ignore Dependency on Core FHIR hl7.fhir.r5.core#5.0.0, from package 'hl7.fhir.uv.extensions.r5#5.1.0' (00:00.051 / 01:04.298, 657Mb)
[39mLoad Package hl7.fhir.uv.extensions.r5#5.1.0
[0;39m[39mLoad Package hl7.fhir.uv.extensions.r4#1.0.0
[0;39m[39mLoad Package hl7.terminology#5.2.0
[0;39m[39mLoad Package hl7.cda.uv.core#2.0.1-sd
[0;39m[39mLoad Package hl7.fhir.uv.extensions.r4#5.2.0
[0;39m[39mLoad Package hl7.terminology.r4#7.0.1
[0;39m[39mLoad Package hl7.terminology.r4#5.0.0
[0;39m[39mLoad Package fhir.dicom#2022.4.20221006
[0;39m[39mLoad Package hl7.fhir.uv.ips#1.1.0
[0;39m[39mLoad Package ans.fr.terminologies#1.7.0
[0;39m[39mLoad Package hl7.terminology.r4#6.0.2
[0;39m[39mLoad Package ans.fr.nos#1.3.0
[0;39m[39mLoad Package hl7.fhir.fr.core#2.1.0
[0;39m[39mLoad Package hl7.fhir.uv.extensions.r4#5.2.0
[0;39m[39mLoad Package hl7.terminology.r4#6.2.0
[0;39m[39mLoad Package ans.fr.nos#1.5.0
[0;39m[39mLoad Package hl7.terminology.r4#5.5.0
[0;39m[39mLoad Package ans.fhir.fr.annuaire#1.1.0
[0;39m[39mLoad Package hl7.fhir.uv.fhir-clinical-document#1.0.1
[0;39mVersion mismatch. This IG is version 4.0.1, while the IG 'ihe.pharm.mpd' is from version 5.0.0 (will try to run anyway) (00:16.454 / 01:20.752, 892Mb)
[39mLoad Package hl7.terminology.r5#6.3.0
[0;39m[39mLoad Package ihe.pharm.mpd#1.0.0-comment-2
[0;39m[39mLoad Package hl7.fhir.uv.tools.r4#0.9.0
[0;39mLoad R5 Specials
Cannot find or generate snapshot for base definition http://hl7.org/fhir/StructureDefinition/CanonicalResource from http://hl7.org/fhir/StructureDefinition/TestCases
Initialization complete                                                                              (00:03.425 / 01:24.178, 1015Mb)
Load IG                                                                                              (00:00.000 / 01:24.179, 1015Mb)
Load Content                                                                                         (00:00.003 / 01:24.182, 1015Mb)
Using fr_FR as the default narrative language. (inferred from ImplementationGuide.jurisdiction=FR)   (00:00.161 / 01:24.344, 1Gb)
Process Loaded Resources                                                                             (00:06.024 / 01:30.368, 955Mb)
Generating Snapshots                                                                                 (00:05.097 / 01:35.466, 1Gb)
[1;31mUnable to generate snapshot @3 for https://interop.esante.gouv.fr/ig/document/core/StructureDefinition/fr-composition-document: Profile FRCompositionDocument (https://interop.esante.gouv.fr/ig/document/core/StructureDefinition/fr-composition-document), element FR Composition Document.extension.extension.extension.Composition.extension.extension.value[x]. Error generating snapshot: Binding https://mos.esante.gouv.fr/NOS/JDV_J144-ParticipationType-CISIS/FHIR/JDV-J144-ParticipationType-CISIS is not a subset of binding http://terminology.hl7.org/ValueSet/fhir-clinical-doc-participant because The codes 'INF,REF,CON,PRF,RESP,REFB,VRF' are not in the base valueset
[0;39m[33mCan't find http://hl7.org/cda/stds/core/StructureDefinition/PN profile https://interop.esante.gouv.fr/ig/document/core/StructureDefinition/fr-cda-name but trying to go on
[0;39m[33mCan't find http://hl7.org/cda/stds/core/StructureDefinition/Person profile https://interop.esante.gouv.fr/ig/document/core/StructureDefinition/fr-cda-assigned-person but trying to go on
[0;39m[33mCan't find http://hl7.org/cda/stds/core/StructureDefinition/AuthoringDevice profile https://interop.esante.gouv.fr/ig/document/core/StructureDefinition/fr-cda-authoring-device but trying to go on
[0;39m[33mCan't find http://hl7.org/cda/stds/core/StructureDefinition/Organization profile https://interop.esante.gouv.fr/ig/document/core/StructureDefinition/fr-cda-represented-organization but trying to go on
[0;39m[33mCan't find http://hl7.org/cda/stds/core/StructureDefinition/CustodianOrganization profile https://interop.esante.gouv.fr/ig/document/core/StructureDefinition/fr-cda-represented-custodian-organization but trying to go on
[0;39m[33mCan't find http://hl7.org/cda/stds/core/StructureDefinition/Person profile https://interop.esante.gouv.fr/ig/document/core/StructureDefinition/fr-cda-assigned-person but trying to go on
[0;39m[33mCan't find http://hl7.org/cda/stds/core/StructureDefinition/Organization profile https://interop.esante.gouv.fr/ig/document/core/StructureDefinition/fr-cda-represented-organization but trying to go on
[0;39m[33mCan't find http://hl7.org/cda/stds/core/StructureDefinition/Person profile https://interop.esante.gouv.fr/ig/document/core/StructureDefinition/fr-cda-assigned-person but trying to go on
[0;39m[33mCan't find http://hl7.org/cda/stds/core/StructureDefinition/Organization profile https://interop.esante.gouv.fr/ig/document/core/StructureDefinition/fr-cda-represented-organization but trying to go on
[0;39m[33mCan't find http://hl7.org/cda/stds/core/StructureDefinition/AssignedEntity profile https://interop.esante.gouv.fr/ig/document/core/StructureDefinition/fr-cda-assigned-entity but trying to go on
[0;39m[33mCan't find http://hl7.org/cda/stds/core/StructureDefinition/AssignedAuthor profile https://interop.esante.gouv.fr/ig/document/core/StructureDefinition/fr-cda-assigned-author but trying to go on
[0;39m[33mCan't find http://hl7.org/cda/stds/core/StructureDefinition/Patient profile https://interop.esante.gouv.fr/ig/document/core/StructureDefinition/fr-cda-patient but trying to go on
[0;39m[33mCan't find http://hl7.org/cda/stds/core/StructureDefinition/PatientRole profile https://interop.esante.gouv.fr/ig/document/core/StructureDefinition/fr-cda-patient-role but trying to go on
[0;39m[33mCan't find http://hl7.org/cda/stds/core/StructureDefinition/RecordTarget profile https://interop.esante.gouv.fr/ig/document/core/StructureDefinition/fr-cda-record-target but trying to go on
[0;39m[33mCan't find http://hl7.org/cda/stds/core/StructureDefinition/Author profile https://interop.esante.gouv.fr/ig/document/core/StructureDefinition/fr-cda-author but trying to go on
[0;39m[33mCan't find http://hl7.org/cda/stds/core/StructureDefinition/AssignedEntity profile https://interop.esante.gouv.fr/ig/document/core/StructureDefinition/fr-cda-assigned-entity but trying to go on
[0;39m[33mCan't find http://hl7.org/cda/stds/core/StructureDefinition/DataEnterer profile https://interop.esante.gouv.fr/ig/document/core/StructureDefinition/fr-cda-data-enterer but trying to go on
[0;39m[33mCan't find http://hl7.org/cda/stds/core/StructureDefinition/AssignedEntity profile https://interop.esante.gouv.fr/ig/document/core/StructureDefinition/fr-cda-assigned-entity but trying to go on
[0;39m[33mCan't find http://hl7.org/cda/stds/core/StructureDefinition/Person profile https://interop.esante.gouv.fr/ig/document/core/StructureDefinition/fr-cda-assigned-person but trying to go on
[0;39m[33mCan't find http://hl7.org/cda/stds/core/StructureDefinition/RelatedEntity profile https://interop.esante.gouv.fr/ig/document/core/StructureDefinition/fr-cda-related-entity but trying to go on
[0;39m[33mCan't find http://hl7.org/cda/stds/core/StructureDefinition/Informant profile https://interop.esante.gouv.fr/ig/document/core/StructureDefinition/fr-cda-informant but trying to go on
[0;39m[33mCan't find http://hl7.org/cda/stds/core/StructureDefinition/AssignedCustodian profile https://interop.esante.gouv.fr/ig/document/core/StructureDefinition/fr-cda-assigned-custodian but trying to go on
[0;39m[33mCan't find http://hl7.org/cda/stds/core/StructureDefinition/Custodian profile https://interop.esante.gouv.fr/ig/document/core/StructureDefinition/fr-cda-custodian but trying to go on
[0;39m[33mCan't find http://hl7.org/cda/stds/core/StructureDefinition/Person profile https://interop.esante.gouv.fr/ig/document/core/StructureDefinition/fr-cda-assigned-person but trying to go on
[0;39m[33mCan't find http://hl7.org/cda/stds/core/StructureDefinition/Organization profile https://interop.esante.gouv.fr/ig/document/core/StructureDefinition/fr-cda-represented-organization but trying to go on
[0;39m[33mCan't find http://hl7.org/cda/stds/core/StructureDefinition/IntendedRecipient profile https://interop.esante.gouv.fr/ig/document/core/StructureDefinition/fr-cda-intended-recipient but trying to go on
[0;39m[33mCan't find http://hl7.org/cda/stds/core/StructureDefinition/InformationRecipient profile https://interop.esante.gouv.fr/ig/document/core/StructureDefinition/fr-cda-information-recipient but trying to go on
[0;39m[33mCan't find http://hl7.org/cda/stds/core/StructureDefinition/AssignedEntity profile https://interop.esante.gouv.fr/ig/document/core/StructureDefinition/fr-cda-assigned-entity but trying to go on
[0;39m[33mCan't find http://hl7.org/cda/stds/core/StructureDefinition/LegalAuthenticator profile https://interop.esante.gouv.fr/ig/document/core/StructureDefinition/fr-cda-legal-authenticator but trying to go on
[0;39m[33mCan't find http://hl7.org/cda/stds/core/StructureDefinition/Authenticator profile https://interop.esante.gouv.fr/ig/document/core/StructureDefinition/fr-cda-authenticator but trying to go on
[0;39m[33mCan't find http://hl7.org/cda/stds/core/StructureDefinition/AssociatedEntity profile https://interop.esante.gouv.fr/ig/document/core/StructureDefinition/fr-cda-associated-entity but trying to go on
[0;39m[33mCan't find http://hl7.org/cda/stds/core/StructureDefinition/Participant1 profile https://interop.esante.gouv.fr/ig/document/core/StructureDefinition/fr-cda-participant-entete but trying to go on
[0;39m[33mCan't find http://hl7.org/cda/stds/core/StructureDefinition/Order profile https://interop.esante.gouv.fr/ig/document/core/StructureDefinition/fr-cda-order but trying to go on
[0;39m[33mCan't find http://hl7.org/cda/stds/core/StructureDefinition/InFulfillmentOf profile https://interop.esante.gouv.fr/ig/document/core/StructureDefinition/fr-cda-inFulfillment-of but trying to go on
[0;39m[33mCan't find http://hl7.org/cda/stds/core/StructureDefinition/AssignedEntity profile https://interop.esante.gouv.fr/ig/document/core/StructureDefinition/fr-cda-assigned-entity but trying to go on
[0;39m[33mCan't find http://hl7.org/cda/stds/core/StructureDefinition/Performer1 profile https://interop.esante.gouv.fr/ig/document/core/StructureDefinition/fr-cda-performer but trying to go on
[0;39m[33mCan't find http://hl7.org/cda/stds/core/StructureDefinition/ServiceEvent profile https://interop.esante.gouv.fr/ig/document/core/StructureDefinition/fr-cda-service-event but trying to go on
[0;39m[33mCan't find http://hl7.org/cda/stds/core/StructureDefinition/DocumentationOf profile https://interop.esante.gouv.fr/ig/document/core/StructureDefinition/fr-cda-documentation-of but trying to go on
[0;39m[33mCan't find http://hl7.org/cda/stds/core/StructureDefinition/ParentDocument profile https://interop.esante.gouv.fr/ig/document/core/StructureDefinition/fr-cda-parent-document but trying to go on
[0;39m[33mCan't find http://hl7.org/cda/stds/core/StructureDefinition/RelatedDocument profile https://interop.esante.gouv.fr/ig/document/core/StructureDefinition/fr-cda-related-document but trying to go on
[0;39m[33mCan't find http://hl7.org/cda/stds/core/StructureDefinition/Authorization profile https://interop.esante.gouv.fr/ig/document/core/StructureDefinition/fr-cda-authorization but trying to go on
[0;39m[1;31mUnable to generate snapshot @3 for https://interop.esante.gouv.fr/ig/document/core/StructureDefinition/fr-cda-encounter-participant: Profile FRCDAEncounterParticipant (https://interop.esante.gouv.fr/ig/document/core/StructureDefinition/fr-cda-encounter-participant), element CDA - encounterParticipant.EncounterParticipant.typeCode. Error generating snapshot: Binding https://mos.esante.gouv.fr/NOS/JDV_J140-EncounterParticipationType-CISIS/FHIR/JDV-J140-EncounterParticipationType-CISIS is not a subset of binding http://terminology.hl7.org/ValueSet/v3-xEncounterParticipant|2.0.0 because The codes 'REF,CON,RESP,ATND,ADM,DIS' are not in the base valueset
[0;39m[33mCan't find http://hl7.org/cda/stds/core/StructureDefinition/EncounterParticipant profile https://interop.esante.gouv.fr/ig/document/core/StructureDefinition/fr-cda-encounter-participant but trying to go on
[0;39m[33mCan't find http://hl7.org/cda/stds/core/StructureDefinition/HealthCareFacility profile https://interop.esante.gouv.fr/ig/document/core/StructureDefinition/fr-cda-health-care-facility but trying to go on
[0;39m[33mCan't find http://hl7.org/cda/stds/core/StructureDefinition/EncompassingEncounter profile https://interop.esante.gouv.fr/ig/document/core/StructureDefinition/fr-cda-encompassing-encounter but trying to go on
[0;39m
Signing Certificate: RSA key for Subject: OU=IG Publisher, L=Ann Arbor, CN=hl7.org, O=HL7, ST=Missouri, C=us from: OU=IG Publisher, L=Ann Arbor, CN=hl7.org, O=HL7, ST=Missouri, C=us
Fetch https://interop.esante.gouv.fr/ig/document/core/package-list.json for version check            (00:06.362 / 01:41.829, 1Gb)
Checking Language                                                                                    (00:00.526 / 01:42.355, 1Gb)
Load Dependency Info                                                                                 (00:00.010 / 01:42.365, 1Gb)
Load Info                                                                                            (00:00.002 / 01:42.367, 1Gb)
Load Paths                                                                                           (00:00.001 / 01:42.369, 1Gb)
Check R4 / R4B                                                                                       (00:00.000 / 01:42.370, 1Gb)
Assign Comparison Ids                                                                                (00:00.143 / 01:42.514, 1Gb)
Propagating status                                                                                   (00:00.001 / 01:42.515, 1Gb)
Generating Narratives                                                                                (00:00.000 / 01:42.515, 1Gb)
Validating Conformance Resources                                                                     (06:57.299 / 08:39.815, 1Gb)
[39mFailed to determine latest version of package hl7.cda.uv.core from server: https://packages2.fhir.org/packages
[0;39m[39mFailed to determine latest version of package hl7.cda.uv.core from server: https://packages.fhir.org
[0;39m[39mFailed to determine latest version of package hl7.cda.uv.core from server: build.fhir.org
[0;39m[39mLatest version of package hl7.cda.uv.core found locally is 2.0.1-sd - using that
[0;39m[39mFailed to determine latest version of package ihe.pharm.mpd from server: https://packages2.fhir.org/packages
[0;39m[39mFailed to determine latest version of package ihe.pharm.mpd from server: https://packages.fhir.org
[0;39m[39mFailed to determine latest version of package ihe.pharm.mpd from server: build.fhir.org
[0;39m[39mLatest version of package ihe.pharm.mpd found locally is 1.0.0-comment-2 - using that
[0;39mCheck profiles & code systems                                                                        (00:30.896 / 09:10.712, 2Gb)
Check realm rules                                                                                    (00:00.023 / 09:10.735, 2Gb)
Previous Version Comparison                                                                          (00:00.001 / 09:10.736, 2Gb)
Checking for Bundles to sign                                                                         (00:00.093 / 09:10.830, 2Gb)
Validating Resources                                                                                 (00:00.001 / 09:10.831, 2Gb)
Processing Provenance Records                                                                        (00:08.436 / 09:19.268, 2Gb)
Generating Outputs in /tmp/ig-builds/ans.document.fr.core#0.1.0/output                               (00:00.001 / 09:19.269, 2Gb)
Generate Native Outputs                                                                              (00:00.231 / 09:19.500, 2Gb)
Run Template                                                                                         (00:31.439 / 09:50.939, 2Gb)
Generate HTML Outputs                                                                                (00:02.286 / 09:53.226, 2Gb)
Generate Spreadsheets                                                                                (07:25.895 / 17:19.121, 2Gb)
Generate Summaries                                                                                   (00:16.067 / 17:35.188, 2Gb)
Generating Summary Outputs                                                                           (00:00.000 / 17:35.189, 2Gb)
Unable to find 3-character code having same country code as ISO 2-char code AA - User-assigned       (00:16.314 / 17:51.503, 2Gb)
Unable to find 3-character code having same country code as ISO 2-char code QM - User-assigned       (00:00.000 / 17:51.504, 2Gb)
Unable to find 3-character code having same country code as ISO 2-char code QN - User-assigned       (00:00.000 / 17:51.505, 2Gb)
Unable to find 3-character code having same country code as ISO 2-char code QO - User-assigned       (00:00.000 / 17:51.506, 2Gb)
Unable to find 3-character code having same country code as ISO 2-char code QP - User-assigned       (00:00.000 / 17:51.506, 2Gb)
Unable to find 3-character code having same country code as ISO 2-char code QQ - User-assigned       (00:00.000 / 17:51.507, 2Gb)
Unable to find 3-character code having same country code as ISO 2-char code QR - User-assigned       (00:00.000 / 17:51.508, 2Gb)
Unable to find 3-character code having same country code as ISO 2-char code QS - User-assigned       (00:00.000 / 17:51.508, 2Gb)
Unable to find 3-character code having same country code as ISO 2-char code QT - User-assigned       (00:00.000 / 17:51.509, 2Gb)
Unable to find 3-character code having same country code as ISO 2-char code QU - User-assigned       (00:00.000 / 17:51.509, 2Gb)
Unable to find 3-character code having same country code as ISO 2-char code QV - User-assigned       (00:00.000 / 17:51.510, 2Gb)
Unable to find 3-character code having same country code as ISO 2-char code QW - User-assigned       (00:00.000 / 17:51.511, 2Gb)
Unable to find 3-character code having same country code as ISO 2-char code QX - User-assigned       (00:00.000 / 17:51.511, 2Gb)
Unable to find 3-character code having same country code as ISO 2-char code QY - User-assigned       (00:00.000 / 17:51.512, 2Gb)
Unable to find 3-character code having same country code as ISO 2-char code QZ - User-assigned       (00:00.000 / 17:51.513, 2Gb)
Unable to find 3-character code having same country code as ISO 2-char code XA - User-assigned       (00:00.000 / 17:51.513, 2Gb)
Unable to find 3-character code having same country code as ISO 2-char code XB - User-assigned       (00:00.000 / 17:51.514, 2Gb)
Unable to find 3-character code having same country code as ISO 2-char code XC - User-assigned       (00:00.000 / 17:51.514, 2Gb)
Unable to find 3-character code having same country code as ISO 2-char code XD - User-assigned       (00:00.000 / 17:51.515, 2Gb)
Unable to find 3-character code having same country code as ISO 2-char code XE - User-assigned       (00:00.000 / 17:51.516, 2Gb)
Unable to find 3-character code having same country code as ISO 2-char code XF - User-assigned       (00:00.000 / 17:51.516, 2Gb)
Unable to find 3-character code having same country code as ISO 2-char code XG - User-assigned       (00:00.000 / 17:51.517, 2Gb)
Unable to find 3-character code having same country code as ISO 2-char code XH - User-assigned       (00:00.000 / 17:51.518, 2Gb)
Unable to find 3-character code having same country code as ISO 2-char code XI - User-assigned       (00:00.000 / 17:51.518, 2Gb)
Unable to find 3-character code having same country code as ISO 2-char code XJ - User-assigned       (00:00.000 / 17:51.519, 2Gb)
Unable to find 3-character code having same country code as ISO 2-char code XK - Kosovo              (00:00.000 / 17:51.519, 2Gb)
Unable to find 3-character code having same country code as ISO 2-char code XL - User-assigned       (00:00.000 / 17:51.520, 2Gb)
Unable to find 3-character code having same country code as ISO 2-char code XM - User-assigned       (00:00.000 / 17:51.520, 2Gb)
Unable to find 3-character code having same country code as ISO 2-char code XN - User-assigned       (00:00.000 / 17:51.521, 2Gb)
Unable to find 3-character code having same country code as ISO 2-char code XO - User-assigned       (00:00.000 / 17:51.521, 2Gb)
Unable to find 3-character code having same country code as ISO 2-char code XP - User-assigned       (00:00.000 / 17:51.522, 2Gb)
Unable to find 3-character code having same country code as ISO 2-char code XQ - User-assigned       (00:00.000 / 17:51.522, 2Gb)
Unable to find 3-character code having same country code as ISO 2-char code XR - User-assigned       (00:00.000 / 17:51.523, 2Gb)
Unable to find 3-character code having same country code as ISO 2-char code XS - User-assigned       (00:00.000 / 17:51.523, 2Gb)
Unable to find 3-character code having same country code as ISO 2-char code XT - User-assigned       (00:00.000 / 17:51.524, 2Gb)
Unable to find 3-character code having same country code as ISO 2-char code XU - User-assigned       (00:00.000 / 17:51.524, 2Gb)
Unable to find 3-character code having same country code as ISO 2-char code XV - User-assigned       (00:00.000 / 17:51.524, 2Gb)
Unable to find 3-character code having same country code as ISO 2-char code XW - User-assigned       (00:00.000 / 17:51.525, 2Gb)
Unable to find 3-character code having same country code as ISO 2-char code XX - Unknown             (00:00.000 / 17:51.525, 2Gb)
Unable to find 3-character code having same country code as ISO 2-char code XY - User-assigned       (00:00.000 / 17:51.526, 2Gb)
Unable to find 3-character code having same country code as ISO 2-char code XZ - International Waters (00:00.000 / 17:51.526, 2Gb)
Unable to find 3-character code having same country code as ISO 2-char code ZZ - Unknown or Invalid Territory (00:00.000 / 17:51.527, 2Gb)
Table of contents has a section with more than 222 entries.  Collapsing will not work reliably
DB Cumulative Time invested: 00:00:00.826
Sending Usage Stats to Server                                                                        (00:00.566 / 17:52.093, 3Gb)
## Memory (MB): Use = 3281, Free = 716, Total = 3998, Max = 3998                                     (00:00.006 / 17:52.099, 3Gb)
Reclaiming memory...                                                                                 (00:00.000 / 17:52.100, 3Gb)
## Memory (MB): Use = 2213, Free = 1784, Total = 3998, Max = 3998                                    (00:01.225 / 17:53.326, 2Gb)
Run jekyll: jekyll build --destination "/tmp/ig-builds/ans.document.fr.core#0.1.0/output" (in folder /tmp/ig-builds/ans.document.fr.core#0.1.0/temp/pages) (00:00.001 / 17:53.327, 2Gb)
Troubleshooting Note: usual cases for Jekyll to fail are:                                            (00:00.000 / 17:53.328, 2Gb)
* A failure to produce a fragment that is already logged in the output above                         (00:00.000 / 17:53.329, 2Gb)
* A reference to a manually edited file that hasn't been provided                                    (00:00.000 / 17:53.330, 2Gb)
Jekyll: Source: /tmp/ig-builds/ans.document.fr.core#0.1.0/temp/pages                                 (00:00.432 / 17:53.763, 2Gb)
Jekyll: Generating...                                                                                (00:00.001 / 17:53.764, 2Gb)
Jekyll: done in 16.81 seconds.                                                                       (00:16.808 / 18:10.573, 2Gb)
[39m
[0;39m[39mInstalling ans.document.fr.core#0.1.0
[0;39m[39m done.
[0;39mChecking Output HTML                                                                                 (00:07.348 / 18:17.921, 2Gb)
Processed /tmp/ig-builds/ans.document.fr.core#0.1.0/output - % reduction = 99 (504560500 ==> 5794430)
found 7054 files                                                                                     (00:09.648 / 18:27.569, 3Gb)
........................................
..............................Sending usage stats failed: Connection timed out
..........
  ... 7054 html files, 0 pages invalid xhtml (0%)                                                    (02:04.328 / 20:31.898, 2Gb)
  ... 2056709 links, 6 broken links (0%)                                                             (00:00.001 / 20:31.899, 2Gb)
Generate fragment-usage-analysis.csv                                                                 (00:00.000 / 20:31.900, 2Gb)
Build final .zip                                                                                     (00:00.008 / 20:31.908, 2Gb)
Final .zip built                                                                                     (00:16.258 / 20:48.167, 2Gb)
Built. Times: loading: 00:18.173, generate: 19:16.300, narrative generation: 06:57.297, realm-rules: 00:00.001, previous-version: 00:00.000, jekyll: 00:17.372, validation: 00:38.506 (#432), template: 00:02.284 (#3) (00:10.489 / 20:58.656, 2Gb)
Generating QA                                                                                        (00:00.001 / 20:58.657, 2Gb)
Internal error in location for message: 'Error @1, 2: Found / expecting a token name', loc = '/tmp/ig-builds/ans.document.fr.core#0.1.0/output/searchform.html#/html/body/div/div/div/a/img/div/a/', err = 'The <script> containing the javascript '$( document ).ready('... is illegal and not allowed on the H'
Validation output in /tmp/ig-builds/ans.document.fr.core#0.1.0/output/qa.html
Errors: 1033, Warnings: 4664, Info: 1115, Broken Links: 6 (00:02.913 / 21:01.571, 3Gb)
Finished @ 13/03/2026 23:17. Max Memory Used = 3Gb. Log file saved in /tmp/fhir-ig-publisher-tmp.log (00:00.054 / 21:01.626, 3Gb)
Keep a copy of the build directory at /tmp/web-root/run-20260313/ig-build-zips/ans.document.fr.core#0.1.0.zip

ok. All checks passed. Publish v0.1.0 to /tmp/web-root/run-20260313/fr/0.1.0-snapshot
Copy the IG to /tmp/web-root/run-20260313/fr/0.1.0-snapshot
Update /tmp/web-root/run-20260313/fr/package-list.json
Publish Box Statement: This page is part of the ANS IG document core (v0.1.0-snapshot: Draft Draft) based on <a data-no-external="true" href="http://hl7.org/fhir/R4">FHIR (HL7® FHIR® Standard) R4</a>. No current official version has been published yet.  For a full list of available versions, see the <a data-no-external="true" href="https://interop.esante.gouv.fr/ig/document/core/history.html">Directory of published versions</a>
  .. 3434 files checked, 3434 updated
  .. 867 clones checked, 1720 updated
  .. 432 redirections (432 created/updated)
ans.document.fr.core (https://interop.esante.gouv.fr/ig/document/core): ANS IG document core @ https://ansforge.github.io/interop-IG-document-core/main/ig
  candidate: Draft Draft 0.1.0-snapshot/4.0.1 @ https://interop.esante.gouv.fr/ig/document/core/0.1.0-snapshot
Build is complete. Copy from /tmp/web-root/run-20260313
Update history page at /tmp/web-root/run-20260313/fr from /home/runner/work/interop-IG-document-core/interop-IG-document-core/./IG-website-release/fhir-ig-history-template and ./IG-website-release/templates
