FHIR IG Publisher Version 2.1.2 (Git# 1fdde7f9e667). Built 2026-03-01T18:54:08.225Z (44 days old)
Detected Java version: 17.0.10 from /opt/hostedtoolcache/Java_Microsoft_jdk/17.0.10/x64 on amd64 (64bit). 4000MB available
dir = /home/runner/work/interop-IG-document-core/interop-IG-document-core, path = /opt/hostedtoolcache/Ruby/3.3.11/x64/bin:/opt/hostedtoolcache/node/20.20.2/x64/bin:/opt/hostedtoolcache/Java_Microsoft_jdk/17.0.10/x64/bin:/snap/bin:/home/runner/.local/bin:/opt/pipx_bin:/home/runner/.cargo/bin:/home/runner/.config/composer/vendor/bin:/usr/local/.ghcup/bin:/home/runner/.dotnet/tools:/usr/local/sbin:/usr/local/bin:/usr/sbin:/usr/bin:/sbin:/bin:/usr/games:/usr/local/games:/snap/bin
Parameters: -go-publish -authorise-non-conformant-tx-servers -source ./igSource -web ./IG-website-release/www/ig/document -registry ./IG-website-release/ig-registry/fhir-ig-list.json -history ./IG-website-release/fhir-ig-history-template -templates ./IG-website-release/templates
---------------
Publication Run: publish ./igSource to ./IG-website-release/www/ig/document
Relative directory for IG is '/core'
===== Web Publication Run Details ===============================
 Source IG: ans.document.fr.core#0.1.0-snapshot : https://interop.esante.gouv.fr/ig/document/core (R4) from ./igSource
All checks passed. Do the publication build from /home/runner/work/interop-IG-document-core/interop-IG-document-core/./igSource and publish to /tmp/web-root/run-20260415/core
Prepare Build space in /tmp/ig-builds/ans.document.fr.core#0.1.0-snapshot
Build IG at /home/runner/work/interop-IG-document-core/interop-IG-document-core/./igSource: final copy suitable for publication (in /tmp/ig-builds/ans.document.fr.core#0.1.0-snapshot)
FHIR IG Publisher Version 2.1.2 (Git# 1fdde7f9e667). Built 2026-03-01T18:54:08.225Z (44 days old)   
Detected Java version: 17.0.10 from /opt/hostedtoolcache/Java_Microsoft_jdk/17.0.10/x64 on Linux/amd64 (64bit). 4000MB available
dir = /home/runner/work/interop-IG-document-core/interop-IG-document-core, path = /opt/hostedtoolcache/Ruby/3.3.11/x64/bin:/opt/hostedtoolcache/node/20.20.2/x64/bin:/opt/hostedtoolcache/Java_Microsoft_jdk/17.0.10/x64/bin:/snap/bin:/home/runner/.local/bin:/opt/pipx_bin:/home/runner/.cargo/bin:/home/runner/.config/composer/vendor/bin:/usr/local/.ghcup/bin:/home/runner/.dotnet/tools:/usr/local/sbin:/usr/local/bin:/usr/sbin:/usr/bin:/sbin:/bin:/usr/games:/usr/local/games:/snap/bin
Parameters: -publish https://interop.esante.gouv.fr/ig/document/core/0.1.0-snapshot -no-exit -ig /tmp/ig-builds/ans.document.fr.core#0.1.0-snapshot -resetTx
Character encoding = UTF-8 / UTF-8                                                                  
Start Clock @ Wednesday, April 15, 2026 at 4:11:27 PM Coordinated Universal Time (2026-04-15T16:11:27Z)
                                                                                                    
Build FHIR IG from /tmp/ig-builds/ans.document.fr.core#0.1.0-snapshot                                (00:00.022 / 00:00.023, 251Mb)
Build Formal Publication package, intended for https://interop.esante.gouv.fr/ig/document/core/0.1.0-snapshot (00:00.002 / 00:00.025, 251Mb)
API keys loaded from /home/runner/.fhir/fhir-settings.json                                           (00:00.000 / 00:00.026, 251Mb)
Package Cache: /home/runner/.fhir/packages                                                           (00:00.003 / 00:00.029, 252Mb)
Found dependency on ans.fr.terminologies#latest in Sushi config. Pre-installing                      (00:00.003 / 00:00.033, 252Mb)
Unable to install ans.fr.terminologies#latest: Invalid criteria: latest: (Expected numeric identifier at position 0) (00:00.005 / 00:00.039, 252Mb)
Trying to go on                                                                                      (00:00.001 / 00:00.040, 252Mb)
Found dependency on hl7.fhir.extensions.r5#4.0.1 in Sushi config. Pre-installing                     (00:00.001 / 00:00.041, 252Mb)
[39mInstalling hl7.fhir.extensions.r5#4.0.1 to the package cache
[0;39m[39m  Fetching:
[0;39m[33mError fetching https://packages2.fhir.org/packages/hl7.fhir.extensions.r5: Not Found
[0;39m[33mError fetching https://packages.fhir.org/hl7.fhir.extensions.r5: Not Found
[0;39mUnable to install hl7.fhir.extensions.r5#4.0.1: Unable to resolve package id hl7.fhir.extensions.r5#4.0.1 (00:01.671 / 00:01.713, 99Mb)
Trying to go on                                                                                      (00:00.000 / 00:01.713, 99Mb)
Found dependency on hl7.fhir.uv.fhir-clinical-document#latest in Sushi config. Pre-installing        (00:00.000 / 00:01.714, 99Mb)
Unable to install hl7.fhir.uv.fhir-clinical-document#latest: Invalid criteria: latest: (Expected numeric identifier at position 0) (00:00.001 / 00:01.716, 99Mb)
Trying to go on                                                                                      (00:00.000 / 00:01.717, 99Mb)
Run Sushi on /tmp/ig-builds/ans.document.fr.core#0.1.0-snapshot                                      (00:00.001 / 00:01.719, 100Mb)
Sushi: info  Running SUSHI v3.18.1 (implements FHIR Shorthand specification v3.0.0)                  (00:00.669 / 00:02.388, 101Mb)
Sushi: info  Arguments:                                                                              (00:00.001 / 00:02.389, 101Mb)
Sushi: info    --require-latest                                                                      (00:00.000 / 00:02.390, 101Mb)
Sushi: info    --out /tmp/ig-builds/ans.document.fr.core#0.1.0-snapshot                              (00:00.000 / 00:02.391, 101Mb)
Sushi: info    /tmp/ig-builds/ans.document.fr.core#0.1.0-snapshot                                    (00:00.000 / 00:02.392, 101Mb)
Sushi: info  Using configuration file: /tmp/ig-builds/ans.document.fr.core#0.1.0-snapshot/sushi-config.yaml (00:00.634 / 00:03.026, 101Mb)
Sushi: info  Importing FSH text...                                                                   (00:00.123 / 00:03.149, 101Mb)
Sushi: info  Preprocessed 539 documents with 51 aliases.                                             (00:01.737 / 00:04.887, 101Mb)
Sushi: info  Imported 406 definitions and 131 instances.                                             (00:00.216 / 00:05.103, 101Mb)
Sushi: info  Loaded virtual package sushi-r5forR4#1.0.0 with 7 resources                             (00:00.150 / 00:05.254, 101Mb)
Sushi: info  Resolved hl7.fhir.uv.tools.r4#latest to concrete version 1.1.2                          (00:00.493 / 00:05.748, 102Mb)
Sushi: info  Loaded hl7.fhir.uv.tools.r4#1.1.2 with 119 resources                                    (00:00.074 / 00:05.823, 102Mb)
Sushi: info  Resolved hl7.terminology.r4#latest to concrete version 7.1.0                            (00:00.116 / 00:05.939, 102Mb)
Sushi: info  Loaded hl7.terminology.r4#7.1.0 with 4103 resources                                     (00:01.723 / 00:07.662, 102Mb)
Sushi: info  Loaded hl7.cda.uv.core#2.0.1-sd with 167 resources                                      (00:00.071 / 00:07.733, 102Mb)
Sushi: info  Resolved ans.fr.terminologies#latest to concrete version 1.7.0                          (00:00.111 / 00:07.845, 102Mb)
Sushi: info  Loaded ans.fr.terminologies#1.7.0 with 1139 resources                                   (00:00.616 / 00:08.461, 102Mb)
Sushi: info  Loaded hl7.fhir.fr.core#2.1.0 with 120 resources                                        (00:00.091 / 00:08.553, 102Mb)
Sushi: info  Loading supplemental version of FHIR to support extensions from hl7.fhir.extensions.r5  (00:00.000 / 00:08.553, 102Mb)
Sushi: info  Loaded hl7.fhir.r5.core#5.0.0 with 2968 resources                                       (00:01.364 / 00:09.918, 102Mb)
Sushi: info  Loaded ans.fhir.fr.annuaire#1.1.0 with 65 resources                                     (00:00.065 / 00:09.984, 102Mb)
Sushi: info  Resolved hl7.fhir.uv.fhir-clinical-document#latest to concrete version 1.0.1            (00:00.127 / 00:10.111, 102Mb)
Sushi: info  Loaded hl7.fhir.uv.fhir-clinical-document#1.0.1 with 10 resources                       (00:00.008 / 00:10.120, 102Mb)
Sushi: info  Loaded ihe.pharm.mpd#1.0.0-comment-2 with 40 resources                                  (00:00.023 / 00:10.144, 102Mb)
Sushi: info  Loaded hl7.fhir.r4.core#4.0.1 with 4581 resources                                       (00:01.778 / 00:11.922, 102Mb)
Sushi: info  Loaded hl7.fhir.uv.extensions.r4#5.2.0 with 759 resources                               (00:00.373 / 00:12.295, 102Mb)
Sushi: info  Loaded virtual package sushi-local#LOCAL with 0 resources                               (00:00.206 / 00:12.501, 102Mb)
Sushi: info  Converting FSH to FHIR resources...                                                     (00:00.027 / 00:12.530, 102Mb)
Sushi: info  Converted 390 FHIR StructureDefinitions.                                                (00:52.613 / 01:05.142, 102Mb)
Sushi: info  Converted 16 FHIR ValueSets.                                                            (00:00.159 / 01:05.301, 102Mb)
Sushi: info  Converted 131 FHIR instances.                                                           (00:19.403 / 01:24.705, 102Mb)
Sushi: info  Exporting FHIR resources as JSON...                                                     (00:00.001 / 01:24.706, 102Mb)
Sushi: info  Exported 537 FHIR resources as JSON.                                                    (00:01.043 / 01:25.750, 102Mb)
Sushi: info  Assembling Implementation Guide sources...                                              (00:00.016 / 01:25.766, 102Mb)
Sushi: info  Generated ImplementationGuide-ans.document.fr.core.json                                 (00:00.076 / 01:25.843, 102Mb)
Sushi: info  Assembled Implementation Guide sources; ready for IG Publisher.                         (00:00.001 / 01:25.844, 102Mb)
Sushi: ========================= SUSHI RESULTS ===========================                           (00:00.000 / 01:25.845, 102Mb)
Sushi: |  -------------------------------------------------------------  |                           (00:00.000 / 01:25.846, 102Mb)
Sushi: | |    Profiles   |  Extensions  |   Logicals   |   Resources   | |                           (00:00.000 / 01:25.846, 102Mb)
Sushi: | |-------------------------------------------------------------| |                           (00:00.000 / 01:25.847, 102Mb)
Sushi: | |      215      |      17      |     158      |       0       | |                           (00:00.000 / 01:25.848, 102Mb)
Sushi: |  -------------------------------------------------------------  |                           (00:00.000 / 01:25.849, 102Mb)
Sushi: |  -------------------------------------------------------------  |                           (00:00.000 / 01:25.849, 102Mb)
Sushi: | |      ValueSets     |    CodeSystems    |     Instances      | |                           (00:00.000 / 01:25.850, 102Mb)
Sushi: | |-------------------------------------------------------------| |                           (00:00.000 / 01:25.851, 102Mb)
Sushi: | |         16         |         0         |        131         | |                           (00:00.000 / 01:25.852, 102Mb)
Sushi: |  -------------------------------------------------------------  |                           (00:00.000 / 01:25.852, 102Mb)
Sushi: |                                                                 |                           (00:00.000 / 01:25.853, 102Mb)
Sushi: ===================================================================                           (00:00.000 / 01:25.854, 102Mb)
Sushi: | You're sailing along smoothly.         0 Errors      0 Warnings |                           (00:00.000 / 01:25.855, 102Mb)
Sushi: ===================================================================                           (00:00.000 / 01:25.855, 102Mb)
Root directory: /tmp/ig-builds/ans.document.fr.core#0.1.0-snapshot                                   (00:00.070 / 01:25.926, 103Mb)
Unable to load IG as an r5 IG - try R4 (property code is a class com.google.gson.JsonPrimitive looking for an object) (00:00.437 / 01:26.364, 95Mb)
Load Template from https://github.com/ansforge/IG-template/tree/cda                                  (00:00.489 / 01:26.853, 92Mb)
 Load Template from fhir.base.template#current                                                       (00:01.197 / 01:28.050, 126Mb)
Scanning directory: /tmp/ig-builds/ans.document.fr.core#0.1.0-snapshot/template
======================================================================
Terminology Cache is at /tmp/ig-builds/ans.document.fr.core#0.1.0-snapshot/input-cache/txcache. Clearing now (00:05.889 / 01:33.940, 148Mb)
Core Package hl7.fhir.r4.core#4.0.1                                                                  (00:00.002 / 01:33.942, 148Mb)
Running Terminology Log: /tmp/ohfu-fhir-ig-6695433508182191402.html
Connect to Terminology Server at http://tx.fhir.org                                                  (00:03.552 / 01:37.495, 410Mb)
[39mLoad Package hl7.fhir.pubpack#0.2.4
[0;39m[39mLoad Package hl7.fhir.xver-extensions#0.1.0
[0;39m[39mLoad Package hl7.terminology.r4#7.1.0
[0;39mVersion mismatch. This IG is version 4.0.1, while the IG 'hl7.cda.uv.core' is from version 5.0.0 (will try to run anyway) (00:02.806 / 01:40.302, 292Mb)
Ignore Dependency on Core FHIR hl7.fhir.r5.core#5.0.0, from package 'hl7.fhir.uv.extensions.r5#5.1.0' (00:00.048 / 01:40.350, 313Mb)
[39mLoad Package hl7.fhir.uv.extensions.r5#5.1.0
[0;39m[39mLoad Package hl7.fhir.uv.extensions.r4#1.0.0
[0;39m[39mLoad Package hl7.terminology#5.2.0
[0;39m[39mLoad Package hl7.cda.uv.core#2.0.1-sd
[0;39m[39mLoad Package hl7.fhir.uv.extensions.r4#5.2.0
[0;39m[39mLoad Package hl7.terminology.r4#7.0.1
[0;39m[39mLoad Package hl7.terminology.r4#5.0.0
[0;39m[39mLoad Package fhir.dicom#2022.4.20221006
[0;39m[39mLoad Package hl7.fhir.uv.ips#1.1.0
[0;39m[39mLoad Package ans.fr.terminologies#1.7.0
[0;39m[39mLoad Package hl7.terminology.r4#6.0.2
[0;39m[39mLoad Package ans.fr.nos#1.3.0
[0;39m[39mLoad Package hl7.fhir.fr.core#2.1.0
[0;39m[39mLoad Package hl7.fhir.uv.extensions.r4#5.2.0
[0;39m[39mLoad Package hl7.terminology.r4#6.2.0
[0;39m[39mLoad Package ans.fr.nos#1.5.0
[0;39m[39mLoad Package hl7.terminology.r4#5.5.0
[0;39m[39mLoad Package ans.fhir.fr.annuaire#1.1.0
[0;39m[39mLoad Package hl7.fhir.uv.fhir-clinical-document#1.0.1
[0;39mVersion mismatch. This IG is version 4.0.1, while the IG 'ihe.pharm.mpd' is from version 5.0.0 (will try to run anyway) (00:16.659 / 01:57.009, 832Mb)
[39mLoad Package hl7.terminology.r5#6.3.0
[0;39m[39mLoad Package ihe.pharm.mpd#1.0.0-comment-2
[0;39m[39mLoad Package hl7.fhir.uv.tools.r4#0.9.0
[0;39mLoad R5 Specials
Cannot find or generate snapshot for base definition http://hl7.org/fhir/StructureDefinition/CanonicalResource from http://hl7.org/fhir/StructureDefinition/TestCases
Initialization complete                                                                              (00:03.982 / 02:00.992, 750Mb)
Load IG                                                                                              (00:00.000 / 02:00.993, 750Mb)
Load Content                                                                                         (00:00.004 / 02:00.997, 750Mb)
Using fr_FR as the default narrative language. (inferred from ImplementationGuide.jurisdiction=FR)   (00:00.186 / 02:01.184, 795Mb)
Process Loaded Resources                                                                             (00:07.503 / 02:08.688, 920Mb)
Generating Snapshots                                                                                 (00:06.135 / 02:14.824, 952Mb)
[1;31mUnable to generate snapshot @3 for https://interop.esante.gouv.fr/ig/document/core/StructureDefinition/fr-composition-document: Profile FRCompositionDocument (https://interop.esante.gouv.fr/ig/document/core/StructureDefinition/fr-composition-document), element FR Composition Document.extension.extension.extension.Composition.extension.extension.value[x]. Error generating snapshot: Binding https://mos.esante.gouv.fr/NOS/JDV_J144-ParticipationType-CISIS/FHIR/JDV-J144-ParticipationType-CISIS is not a subset of binding http://terminology.hl7.org/ValueSet/fhir-clinical-doc-participant because The codes 'INF,REF,CON,PRF,RESP,REFB,VRF' are not in the base valueset
[0;39m[33mCan't find http://hl7.org/cda/stds/core/StructureDefinition/PN profile https://interop.esante.gouv.fr/ig/document/core/StructureDefinition/fr-cda-name but trying to go on
[0;39m[33mCan't find http://hl7.org/cda/stds/core/StructureDefinition/Person profile https://interop.esante.gouv.fr/ig/document/core/StructureDefinition/fr-cda-assigned-person but trying to go on
[0;39m[33mCan't find http://hl7.org/cda/stds/core/StructureDefinition/AuthoringDevice profile https://interop.esante.gouv.fr/ig/document/core/StructureDefinition/fr-cda-authoring-device but trying to go on
[0;39m[33mCan't find http://hl7.org/cda/stds/core/StructureDefinition/Organization profile https://interop.esante.gouv.fr/ig/document/core/StructureDefinition/fr-cda-represented-organization but trying to go on
[0;39m[33mCan't find http://hl7.org/cda/stds/core/StructureDefinition/AssignedAuthor profile https://interop.esante.gouv.fr/ig/document/core/StructureDefinition/fr-cda-assigned-author but trying to go on
[0;39m[33mCan't find http://hl7.org/cda/stds/core/StructureDefinition/Author profile https://interop.esante.gouv.fr/ig/document/core/StructureDefinition/fr-cda-author but trying to go on
[0;39m[33mCan't find http://hl7.org/cda/stds/core/StructureDefinition/Person profile https://interop.esante.gouv.fr/ig/document/core/StructureDefinition/fr-cda-assigned-person but trying to go on
[0;39m[33mCan't find http://hl7.org/cda/stds/core/StructureDefinition/Organization profile https://interop.esante.gouv.fr/ig/document/core/StructureDefinition/fr-cda-represented-organization but trying to go on
[0;39m[33mCan't find http://hl7.org/cda/stds/core/StructureDefinition/AssignedEntity profile https://interop.esante.gouv.fr/ig/document/core/StructureDefinition/fr-cda-assigned-entity but trying to go on
[0;39m[33mCan't find http://hl7.org/cda/stds/core/StructureDefinition/Performer2 profile https://interop.esante.gouv.fr/ig/document/core/StructureDefinition/fr-cda-performer-corps but trying to go on
[0;39m[33mCan't find http://hl7.org/cda/stds/core/StructureDefinition/Author profile https://interop.esante.gouv.fr/ig/document/core/StructureDefinition/fr-cda-author but trying to go on
[0;39m[33mCan't find http://hl7.org/cda/stds/core/StructureDefinition/AssignedEntity profile https://interop.esante.gouv.fr/ig/document/core/StructureDefinition/fr-cda-assigned-entity but trying to go on
[0;39m[33mCan't find http://hl7.org/cda/stds/core/StructureDefinition/Person profile https://interop.esante.gouv.fr/ig/document/core/StructureDefinition/fr-cda-assigned-person but trying to go on
[0;39m[33mCan't find http://hl7.org/cda/stds/core/StructureDefinition/RelatedEntity profile https://interop.esante.gouv.fr/ig/document/core/StructureDefinition/fr-cda-related-entity but trying to go on
[0;39m[33mCan't find http://hl7.org/cda/stds/core/StructureDefinition/Informant profile https://interop.esante.gouv.fr/ig/document/core/StructureDefinition/fr-cda-informant but trying to go on
[0;39m[33mCan't find http://hl7.org/cda/stds/core/StructureDefinition/AD profile https://interop.esante.gouv.fr/ig/document/core/StructureDefinition/cisis-addr but trying to go on
[0;39m[33mCan't find http://hl7.org/cda/stds/core/StructureDefinition/TEL profile https://interop.esante.gouv.fr/ig/document/core/StructureDefinition/cisis-telecom but trying to go on
[0;39m[33mCan't find http://hl7.org/cda/stds/core/StructureDefinition/ParticipantRole profile https://interop.esante.gouv.fr/ig/document/core/StructureDefinition/fr-cda-participant-role but trying to go on
[0;39m[33mCan't find http://hl7.org/cda/stds/core/StructureDefinition/Participant2 profile https://interop.esante.gouv.fr/ig/document/core/StructureDefinition/fr-cda-participant-corps but trying to go on
[0;39m[33mCan't find http://hl7.org/cda/stds/core/StructureDefinition/Act profile https://interop.esante.gouv.fr/ig/document/core/StructureDefinition/fr-cda-reference-interne but trying to go on
[0;39m[33mCan't find http://hl7.org/cda/stds/core/StructureDefinition/Act profile https://interop.esante.gouv.fr/ig/document/core/StructureDefinition/fr-cda-reference-interne but trying to go on
[0;39m[33mCan't find http://hl7.org/cda/stds/core/StructureDefinition/Act profile https://interop.esante.gouv.fr/ig/document/core/StructureDefinition/fr-cda-reference-interne but trying to go on
[0;39m[33mCan't find http://hl7.org/cda/stds/core/StructureDefinition/Author profile https://interop.esante.gouv.fr/ig/document/core/StructureDefinition/fr-cda-author but trying to go on
[0;39m[1;31mUnable to generate snapshot @3 for https://interop.esante.gouv.fr/ig/document/core/StructureDefinition/fr-cda-simple-observation: Profile FRCDASimpleObservation (https://interop.esante.gouv.fr/ig/document/core/StructureDefinition/fr-cda-simple-observation), element CDA - FR Simple Observation.Observation.interpretationCode. Error generating snapshot: Binding https://smt.esante.gouv.fr/fhir/ValueSet/jdv-hl7-v3-ObservationInterpretation-cisis is not a subset of binding http://hl7.org/cda/stds/core/ValueSet/CDAObservationInterpretation because The codes 'RR,NR,E,NS,LU,LX,HU,UNE,HX,NEG,DET,SDD,EX,CAR,POS,SYN-S,NCL,ND,SYN-R,WR,EXP,IE,IND' are not in the base valueset
[0;39m[33mCan't find http://hl7.org/cda/stds/core/StructureDefinition/Observation profile https://interop.esante.gouv.fr/ig/document/core/StructureDefinition/fr-cda-simple-observation but trying to go on
[0;39m[33mCan't find http://hl7.org/cda/stds/core/StructureDefinition/Observation profile https://interop.esante.gouv.fr/ig/document/core/StructureDefinition/fr-cda-simple-observation but trying to go on
[0;39m[33mCan't find http://hl7.org/cda/stds/core/StructureDefinition/Author profile https://interop.esante.gouv.fr/ig/document/core/StructureDefinition/fr-cda-author but trying to go on
[0;39m[33mCan't find http://hl7.org/cda/stds/core/StructureDefinition/Observation profile https://interop.esante.gouv.fr/ig/document/core/StructureDefinition/fr-cda-severite but trying to go on
[0;39m[33mCan't find http://hl7.org/cda/stds/core/StructureDefinition/Observation profile https://interop.esante.gouv.fr/ig/document/core/StructureDefinition/fr-cda-statut-du-probleme but trying to go on
[0;39m[33mCan't find http://hl7.org/cda/stds/core/StructureDefinition/Observation profile https://interop.esante.gouv.fr/ig/document/core/StructureDefinition/fr-cda-statut-clinique-du-patient but trying to go on
[0;39m[33mCan't find http://hl7.org/cda/stds/core/StructureDefinition/Observation profile https://interop.esante.gouv.fr/ig/document/core/StructureDefinition/fr-cda-certitude but trying to go on
[0;39m[33mCan't find http://hl7.org/cda/stds/core/StructureDefinition/Author profile https://interop.esante.gouv.fr/ig/document/core/StructureDefinition/fr-cda-author but trying to go on
[0;39m[33mCan't find http://hl7.org/cda/stds/core/StructureDefinition/Act profile https://interop.esante.gouv.fr/ig/document/core/StructureDefinition/fr-cda-commentaire-er but trying to go on
[0;39m[33mCan't find http://hl7.org/cda/stds/core/StructureDefinition/Observation profile https://interop.esante.gouv.fr/ig/document/core/StructureDefinition/fr-cda-probleme but trying to go on
[0;39m[33mCan't find http://hl7.org/cda/stds/core/StructureDefinition/Observation profile https://interop.esante.gouv.fr/ig/document/core/StructureDefinition/fr-cda-statut-du-probleme but trying to go on
[0;39m[33mCan't find http://hl7.org/cda/stds/core/StructureDefinition/Author profile https://interop.esante.gouv.fr/ig/document/core/StructureDefinition/fr-cda-author but trying to go on
[0;39m[33mCan't find http://hl7.org/cda/stds/core/StructureDefinition/Observation profile https://interop.esante.gouv.fr/ig/document/core/StructureDefinition/fr-cda-criticite but trying to go on
[0;39m[33mCan't find http://hl7.org/cda/stds/core/StructureDefinition/Observation profile https://interop.esante.gouv.fr/ig/document/core/StructureDefinition/fr-cda-certitude but trying to go on
[0;39m[33mCan't find http://hl7.org/cda/stds/core/StructureDefinition/Author profile https://interop.esante.gouv.fr/ig/document/core/StructureDefinition/fr-cda-author but trying to go on
[0;39m[33mCan't find http://hl7.org/cda/stds/core/StructureDefinition/AD profile https://interop.esante.gouv.fr/ig/document/core/StructureDefinition/cisis-addr but trying to go on
[0;39m[33mCan't find http://hl7.org/cda/stds/core/StructureDefinition/TEL profile https://interop.esante.gouv.fr/ig/document/core/StructureDefinition/cisis-telecom but trying to go on
[0;39m[33mCan't find http://hl7.org/cda/stds/core/StructureDefinition/SubjectPerson profile https://interop.esante.gouv.fr/ig/document/core/StructureDefinition/fr-cda-sujet-personne but trying to go on
[0;39m[33mCan't find http://hl7.org/cda/stds/core/StructureDefinition/Subject profile https://interop.esante.gouv.fr/ig/document/core/StructureDefinition/fr-cda-sujet but trying to go on
[0;39m[33mCan't find http://hl7.org/cda/stds/core/StructureDefinition/Observation profile https://interop.esante.gouv.fr/ig/document/core/StructureDefinition/fr-cda-antecedent-familial-observe but trying to go on
[0;39m[33mCan't find http://hl7.org/cda/stds/core/StructureDefinition/CustodianOrganization profile https://interop.esante.gouv.fr/ig/document/core/StructureDefinition/fr-cda-represented-custodian-organization but trying to go on
[0;39m[33mCan't find http://hl7.org/cda/stds/core/StructureDefinition/Person profile https://interop.esante.gouv.fr/ig/document/core/StructureDefinition/fr-cda-assigned-person but trying to go on
[0;39m[33mCan't find http://hl7.org/cda/stds/core/StructureDefinition/Organization profile https://interop.esante.gouv.fr/ig/document/core/StructureDefinition/fr-cda-represented-organization but trying to go on
[0;39m[33mCan't find http://hl7.org/cda/stds/core/StructureDefinition/AssignedEntity profile https://interop.esante.gouv.fr/ig/document/core/StructureDefinition/fr-cda-assigned-entity but trying to go on
[0;39m[33mCan't find http://hl7.org/cda/stds/core/StructureDefinition/Subject profile https://interop.esante.gouv.fr/ig/document/core/StructureDefinition/fr-cda-sujet-non-humain but trying to go on
[0;39m[33mCan't find http://hl7.org/cda/stds/core/StructureDefinition/AssignedEntity profile https://interop.esante.gouv.fr/ig/document/core/StructureDefinition/fr-cda-assigned-entity but trying to go on
[0;39m[33mCan't find http://hl7.org/cda/stds/core/StructureDefinition/Performer2 profile https://interop.esante.gouv.fr/ig/document/core/StructureDefinition/fr-cda-laboratoire-executant but trying to go on
[0;39m[33mCan't find http://hl7.org/cda/stds/core/StructureDefinition/Author profile https://interop.esante.gouv.fr/ig/document/core/StructureDefinition/fr-cda-author but trying to go on
[0;39m[33mCan't find http://hl7.org/cda/stds/core/StructureDefinition/Participant2 profile https://interop.esante.gouv.fr/ig/document/core/StructureDefinition/fr-cda-participant-corps but trying to go on
[0;39m[33mCan't find http://hl7.org/cda/stds/core/StructureDefinition/Performer2 profile https://interop.esante.gouv.fr/ig/document/core/StructureDefinition/fr-cda-performer-corps but trying to go on
[0;39m[33mCan't find http://hl7.org/cda/stds/core/StructureDefinition/Procedure profile https://interop.esante.gouv.fr/ig/document/core/StructureDefinition/fr-cda-prelevement but trying to go on
[0;39m[33mCan't find http://hl7.org/cda/stds/core/StructureDefinition/Subject profile https://interop.esante.gouv.fr/ig/document/core/StructureDefinition/fr-cda-sujet-non-humain but trying to go on
[0;39m[33mCan't find http://hl7.org/cda/stds/core/StructureDefinition/Performer2 profile https://interop.esante.gouv.fr/ig/document/core/StructureDefinition/fr-cda-laboratoire-executant but trying to go on
[0;39m[33mCan't find http://hl7.org/cda/stds/core/StructureDefinition/Author profile https://interop.esante.gouv.fr/ig/document/core/StructureDefinition/fr-cda-author but trying to go on
[0;39m[33mCan't find http://hl7.org/cda/stds/core/StructureDefinition/Participant2 profile https://interop.esante.gouv.fr/ig/document/core/StructureDefinition/fr-cda-participant-corps but trying to go on
[0;39m[33mCan't find http://hl7.org/cda/stds/core/StructureDefinition/Act profile https://interop.esante.gouv.fr/ig/document/core/StructureDefinition/fr-cda-commentaire-er but trying to go on
[0;39m[33mCan't find http://hl7.org/cda/stds/core/StructureDefinition/Procedure profile https://interop.esante.gouv.fr/ig/document/core/StructureDefinition/fr-cda-prelevement but trying to go on
[0;39m[1;31mUnable to generate snapshot @3 for https://interop.esante.gouv.fr/ig/document/core/StructureDefinition/fr-cda-resultat-examens-de-biologie-element-clinique-pertinent: Profile FRCDAResultatExamensDeBiologieElementCliniquePertinent (https://interop.esante.gouv.fr/ig/document/core/StructureDefinition/fr-cda-resultat-examens-de-biologie-element-clinique-pertinent), element CDA - FR Resultat examens de biologie element clinique pertinent.Observation.interpretationCode. Error generating snapshot: Binding https://smt.esante.gouv.fr/fhir/ValueSet/jdv-hl7-v3-ObservationInterpretation-cisis is not a subset of binding http://hl7.org/cda/stds/core/ValueSet/CDAObservationInterpretation because The codes 'RR,NR,E,NS,LU,LX,HU,UNE,HX,NEG,DET,SDD,EX,CAR,POS,SYN-S,NCL,ND,SYN-R,WR,EXP,IE,IND' are not in the base valueset
[0;39m[33mCan't find http://hl7.org/cda/stds/core/StructureDefinition/Observation profile https://interop.esante.gouv.fr/ig/document/core/StructureDefinition/fr-cda-resultat-examens-de-biologie-element-clinique-pertinent but trying to go on
[0;39m[33mCan't find http://hl7.org/cda/stds/core/StructureDefinition/ObservationMedia profile https://interop.esante.gouv.fr/ig/document/core/StructureDefinition/fr-cda-image-illustrative but trying to go on
[0;39m[33mCan't find http://hl7.org/cda/stds/core/StructureDefinition/Act profile https://interop.esante.gouv.fr/ig/document/core/StructureDefinition/fr-cda-commentaire-er but trying to go on
[0;39m[33mCan't find http://hl7.org/cda/stds/core/StructureDefinition/Patient profile https://interop.esante.gouv.fr/ig/document/core/StructureDefinition/fr-cda-patient but trying to go on
[0;39m[33mCan't find http://hl7.org/cda/stds/core/StructureDefinition/PatientRole profile https://interop.esante.gouv.fr/ig/document/core/StructureDefinition/fr-cda-patient-role but trying to go on
[0;39m[33mCan't find http://hl7.org/cda/stds/core/StructureDefinition/RecordTarget profile https://interop.esante.gouv.fr/ig/document/core/StructureDefinition/fr-cda-record-target but trying to go on
[0;39m[33mCan't find http://hl7.org/cda/stds/core/StructureDefinition/Author profile https://interop.esante.gouv.fr/ig/document/core/StructureDefinition/fr-cda-author but trying to go on
[0;39m[33mCan't find http://hl7.org/cda/stds/core/StructureDefinition/AssignedEntity profile https://interop.esante.gouv.fr/ig/document/core/StructureDefinition/fr-cda-assigned-entity but trying to go on
[0;39m[33mCan't find http://hl7.org/cda/stds/core/StructureDefinition/DataEnterer profile https://interop.esante.gouv.fr/ig/document/core/StructureDefinition/fr-cda-data-enterer but trying to go on
[0;39m[33mCan't find http://hl7.org/cda/stds/core/StructureDefinition/Informant profile https://interop.esante.gouv.fr/ig/document/core/StructureDefinition/fr-cda-informant but trying to go on
[0;39m[33mCan't find http://hl7.org/cda/stds/core/StructureDefinition/AssignedCustodian profile https://interop.esante.gouv.fr/ig/document/core/StructureDefinition/fr-cda-assigned-custodian but trying to go on
[0;39m[33mCan't find http://hl7.org/cda/stds/core/StructureDefinition/Custodian profile https://interop.esante.gouv.fr/ig/document/core/StructureDefinition/fr-cda-custodian but trying to go on
[0;39m[33mCan't find http://hl7.org/cda/stds/core/StructureDefinition/Person profile https://interop.esante.gouv.fr/ig/document/core/StructureDefinition/fr-cda-assigned-person but trying to go on
[0;39m[33mCan't find http://hl7.org/cda/stds/core/StructureDefinition/Organization profile https://interop.esante.gouv.fr/ig/document/core/StructureDefinition/fr-cda-represented-organization but trying to go on
[0;39m[33mCan't find http://hl7.org/cda/stds/core/StructureDefinition/IntendedRecipient profile https://interop.esante.gouv.fr/ig/document/core/StructureDefinition/fr-cda-intended-recipient but trying to go on
[0;39m[33mCan't find http://hl7.org/cda/stds/core/StructureDefinition/InformationRecipient profile https://interop.esante.gouv.fr/ig/document/core/StructureDefinition/fr-cda-information-recipient but trying to go on
[0;39m[33mCan't find http://hl7.org/cda/stds/core/StructureDefinition/AssignedEntity profile https://interop.esante.gouv.fr/ig/document/core/StructureDefinition/fr-cda-assigned-entity but trying to go on
[0;39m[33mCan't find http://hl7.org/cda/stds/core/StructureDefinition/LegalAuthenticator profile https://interop.esante.gouv.fr/ig/document/core/StructureDefinition/fr-cda-legal-authenticator but trying to go on
[0;39m[33mCan't find http://hl7.org/cda/stds/core/StructureDefinition/Authenticator profile https://interop.esante.gouv.fr/ig/document/core/StructureDefinition/fr-cda-authenticator but trying to go on
[0;39m[33mCan't find http://hl7.org/cda/stds/core/StructureDefinition/AssociatedEntity profile https://interop.esante.gouv.fr/ig/document/core/StructureDefinition/fr-cda-associated-entity but trying to go on
[0;39m[33mCan't find http://hl7.org/cda/stds/core/StructureDefinition/Participant1 profile https://interop.esante.gouv.fr/ig/document/core/StructureDefinition/fr-cda-participant-entete but trying to go on
[0;39m[33mCan't find http://hl7.org/cda/stds/core/StructureDefinition/Order profile https://interop.esante.gouv.fr/ig/document/core/StructureDefinition/fr-cda-order but trying to go on
[0;39m[33mCan't find http://hl7.org/cda/stds/core/StructureDefinition/InFulfillmentOf profile https://interop.esante.gouv.fr/ig/document/core/StructureDefinition/fr-cda-inFulfillment-of but trying to go on
[0;39m[33mCan't find http://hl7.org/cda/stds/core/StructureDefinition/AssignedEntity profile https://interop.esante.gouv.fr/ig/document/core/StructureDefinition/fr-cda-assigned-entity but trying to go on
[0;39m[33mCan't find http://hl7.org/cda/stds/core/StructureDefinition/Performer1 profile https://interop.esante.gouv.fr/ig/document/core/StructureDefinition/fr-cda-performer but trying to go on
[0;39m[33mCan't find http://hl7.org/cda/stds/core/StructureDefinition/ServiceEvent profile https://interop.esante.gouv.fr/ig/document/core/StructureDefinition/fr-cda-service-event but trying to go on
[0;39m[33mCan't find http://hl7.org/cda/stds/core/StructureDefinition/DocumentationOf profile https://interop.esante.gouv.fr/ig/document/core/StructureDefinition/fr-cda-documentation-of but trying to go on
[0;39m[33mCan't find http://hl7.org/cda/stds/core/StructureDefinition/ParentDocument profile https://interop.esante.gouv.fr/ig/document/core/StructureDefinition/fr-cda-parent-document but trying to go on
[0;39m[33mCan't find http://hl7.org/cda/stds/core/StructureDefinition/RelatedDocument profile https://interop.esante.gouv.fr/ig/document/core/StructureDefinition/fr-cda-related-document but trying to go on
[0;39m[33mCan't find http://hl7.org/cda/stds/core/StructureDefinition/Authorization profile https://interop.esante.gouv.fr/ig/document/core/StructureDefinition/fr-cda-authorization but trying to go on
[0;39m[1;31mUnable to generate snapshot @3 for https://interop.esante.gouv.fr/ig/document/core/StructureDefinition/fr-cda-encounter-participant: Profile FRCDAEncounterParticipant (https://interop.esante.gouv.fr/ig/document/core/StructureDefinition/fr-cda-encounter-participant), element CDA - encounterParticipant.EncounterParticipant.typeCode. Error generating snapshot: Binding https://mos.esante.gouv.fr/NOS/JDV_J140-EncounterParticipationType-CISIS/FHIR/JDV-J140-EncounterParticipationType-CISIS is not a subset of binding http://terminology.hl7.org/ValueSet/v3-xEncounterParticipant|2.0.0 because The codes 'REF,CON,RESP,ATND,ADM,DIS' are not in the base valueset
[0;39m[33mCan't find http://hl7.org/cda/stds/core/StructureDefinition/EncounterParticipant profile https://interop.esante.gouv.fr/ig/document/core/StructureDefinition/fr-cda-encounter-participant but trying to go on
[0;39m[33mCan't find http://hl7.org/cda/stds/core/StructureDefinition/HealthCareFacility profile https://interop.esante.gouv.fr/ig/document/core/StructureDefinition/fr-cda-health-care-facility but trying to go on
[0;39m[33mCan't find http://hl7.org/cda/stds/core/StructureDefinition/EncompassingEncounter profile https://interop.esante.gouv.fr/ig/document/core/StructureDefinition/fr-cda-encompassing-encounter but trying to go on
[0;39m[33mCan't find http://hl7.org/cda/stds/core/StructureDefinition/Author profile https://interop.esante.gouv.fr/ig/document/core/StructureDefinition/fr-cda-author but trying to go on
[0;39m[33mCan't find http://hl7.org/cda/stds/core/StructureDefinition/Observation profile https://interop.esante.gouv.fr/ig/document/core/StructureDefinition/fr-cda-dicom-cadres-a-afficher but trying to go on
[0;39m[33mCan't find http://hl7.org/cda/stds/core/StructureDefinition/Observation profile https://interop.esante.gouv.fr/ig/document/core/StructureDefinition/fr-cda-dicom-objectifs-de-reference but trying to go on
[0;39m[33mCan't find http://hl7.org/cda/stds/core/StructureDefinition/Observation profile https://interop.esante.gouv.fr/ig/document/core/StructureDefinition/fr-cda-dicom-cadres-references but trying to go on
[0;39m[33mCan't find http://hl7.org/cda/stds/core/StructureDefinition/Observation profile https://interop.esante.gouv.fr/ig/document/core/StructureDefinition/fr-cda-dicom-sop-instance-observation-subordonnee but trying to go on
[0;39m[33mCan't find http://hl7.org/cda/stds/core/StructureDefinition/Observation profile https://interop.esante.gouv.fr/ig/document/core/StructureDefinition/fr-cda-dicom-objectifs-de-reference but trying to go on
[0;39m[33mCan't find http://hl7.org/cda/stds/core/StructureDefinition/Observation profile https://interop.esante.gouv.fr/ig/document/core/StructureDefinition/fr-cda-dicom-cadres-references but trying to go on
[0;39m[33mCan't find http://hl7.org/cda/stds/core/StructureDefinition/Observation profile https://interop.esante.gouv.fr/ig/document/core/StructureDefinition/fr-cda-dicom-sop-instance-observation but trying to go on
[0;39m[33mCan't find http://hl7.org/cda/stds/core/StructureDefinition/Act profile https://interop.esante.gouv.fr/ig/document/core/StructureDefinition/fr-cda-dicom-serie-imagerie but trying to go on
[0;39m[33mCan't find http://hl7.org/cda/stds/core/StructureDefinition/Participant2 profile https://interop.esante.gouv.fr/ig/document/core/StructureDefinition/fr-cda-participant-corps but trying to go on
[0;39m[33mCan't find http://hl7.org/cda/stds/core/StructureDefinition/Observation profile https://interop.esante.gouv.fr/ig/document/core/StructureDefinition/fr-cda-dicom-sop-instance-observation but trying to go on
[0;39m[33mCan't find http://hl7.org/cda/stds/core/StructureDefinition/Observation profile https://interop.esante.gouv.fr/ig/document/core/StructureDefinition/fr-cda-dicom-quantite but trying to go on
[0;39m[33mCan't find http://hl7.org/cda/stds/core/StructureDefinition/Participant2 profile https://interop.esante.gouv.fr/ig/document/core/StructureDefinition/fr-cda-participant-corps but trying to go on
[0;39m[33mCan't find http://hl7.org/cda/stds/core/StructureDefinition/AssignedEntity profile https://interop.esante.gouv.fr/ig/document/core/StructureDefinition/fr-cda-assigned-entity but trying to go on
[0;39m[33mCan't find http://hl7.org/cda/stds/core/StructureDefinition/Author profile https://interop.esante.gouv.fr/ig/document/core/StructureDefinition/fr-cda-author but trying to go on
[0;39m[33mCan't find http://hl7.org/cda/stds/core/StructureDefinition/Author profile https://interop.esante.gouv.fr/ig/document/core/StructureDefinition/fr-cda-author but trying to go on
[0;39m[33mCan't find http://hl7.org/cda/stds/core/StructureDefinition/Observation profile https://interop.esante.gouv.fr/ig/document/core/StructureDefinition/fr-cda-en-rapport-avec-ald but trying to go on
[0;39m[33mCan't find http://hl7.org/cda/stds/core/StructureDefinition/Author profile https://interop.esante.gouv.fr/ig/document/core/StructureDefinition/fr-cda-author but trying to go on
[0;39m[33mCan't find http://hl7.org/cda/stds/core/StructureDefinition/Observation profile https://interop.esante.gouv.fr/ig/document/core/StructureDefinition/fr-cda-en-rapport-avec-accident-travail but trying to go on
[0;39m[33mCan't find http://hl7.org/cda/stds/core/StructureDefinition/Author profile https://interop.esante.gouv.fr/ig/document/core/StructureDefinition/fr-cda-author but trying to go on
[0;39m[33mCan't find http://hl7.org/cda/stds/core/StructureDefinition/Observation profile https://interop.esante.gouv.fr/ig/document/core/StructureDefinition/fr-cda-en-rapport-avec-la-prevention but trying to go on
[0;39m[33mCan't find http://hl7.org/cda/stds/core/StructureDefinition/Author profile https://interop.esante.gouv.fr/ig/document/core/StructureDefinition/fr-cda-author but trying to go on
[0;39m[33mCan't find http://hl7.org/cda/stds/core/StructureDefinition/Observation profile https://interop.esante.gouv.fr/ig/document/core/StructureDefinition/fr-cda-non-remboursable but trying to go on
[0;39m[33mCan't find http://hl7.org/cda/stds/core/StructureDefinition/Observation profile https://interop.esante.gouv.fr/ig/document/core/StructureDefinition/fr-cda-type-document-attache but trying to go on
[0;39m[33mCan't find http://hl7.org/cda/stds/core/StructureDefinition/ManufacturedProduct profile https://interop.esante.gouv.fr/ig/document/core/StructureDefinition/fr-cda-produit-de-sante but trying to go on
[0;39m[33mCan't find http://hl7.org/cda/stds/core/StructureDefinition/ManufacturedProduct profile https://interop.esante.gouv.fr/ig/document/core/StructureDefinition/fr-cda-produit-de-sante but trying to go on
[0;39m[33mCan't find http://hl7.org/cda/stds/core/StructureDefinition/Author profile https://interop.esante.gouv.fr/ig/document/core/StructureDefinition/fr-cda-author but trying to go on
[0;39m[33mCan't find http://hl7.org/cda/stds/core/StructureDefinition/Act profile https://interop.esante.gouv.fr/ig/document/core/StructureDefinition/fr-cda-instructions-au-dispensateur but trying to go on
[0;39m[33mCan't find http://hl7.org/cda/stds/core/StructureDefinition/Supply profile https://interop.esante.gouv.fr/ig/document/core/StructureDefinition/fr-cda-prescription but trying to go on
[0;39m[33mCan't find http://hl7.org/cda/stds/core/StructureDefinition/ManufacturedProduct profile https://interop.esante.gouv.fr/ig/document/core/StructureDefinition/fr-cda-produit-de-sante but trying to go on
[0;39m[33mCan't find http://hl7.org/cda/stds/core/StructureDefinition/SubstanceAdministration profile https://interop.esante.gouv.fr/ig/document/core/StructureDefinition/fr-cda-traitement-subordonne but trying to go on
[0;39m[33mCan't find http://hl7.org/cda/stds/core/StructureDefinition/Observation profile https://interop.esante.gouv.fr/ig/document/core/StructureDefinition/fr-cda-instruction-au-patient but trying to go on
[0;39m[33mCan't find http://hl7.org/cda/stds/core/StructureDefinition/Act profile https://interop.esante.gouv.fr/ig/document/core/StructureDefinition/fr-cda-instructions-au-patient but trying to go on
[0;39m[33mCan't find http://hl7.org/cda/stds/core/StructureDefinition/Act profile https://interop.esante.gouv.fr/ig/document/core/StructureDefinition/fr-cda-reference-interne but trying to go on
[0;39m[33mCan't find http://hl7.org/cda/stds/core/StructureDefinition/SubstanceAdministration profile https://interop.esante.gouv.fr/ig/document/core/StructureDefinition/fr-cda-traitement but trying to go on
[0;39m[33mCan't find http://hl7.org/cda/stds/core/StructureDefinition/Observation profile https://interop.esante.gouv.fr/ig/document/core/StructureDefinition/fr-cda-probleme but trying to go on
[0;39m[33mCan't find http://hl7.org/cda/stds/core/StructureDefinition/Observation profile https://interop.esante.gouv.fr/ig/document/core/StructureDefinition/fr-cda-imputabilite-effet-indesirable but trying to go on
[0;39m[33mCan't find http://hl7.org/cda/stds/core/StructureDefinition/Observation profile https://interop.esante.gouv.fr/ig/document/core/StructureDefinition/fr-cda-gravite-effet-indesirable but trying to go on
[0;39m[33mCan't find http://hl7.org/cda/stds/core/StructureDefinition/Observation profile https://interop.esante.gouv.fr/ig/document/core/StructureDefinition/fr-cda-evolution-effet-indesirable but trying to go on
[0;39m[33mCan't find http://hl7.org/cda/stds/core/StructureDefinition/Act profile https://interop.esante.gouv.fr/ig/document/core/StructureDefinition/fr-cda-commentaire-er but trying to go on
[0;39m[33mCan't find http://hl7.org/cda/stds/core/StructureDefinition/Observation profile https://interop.esante.gouv.fr/ig/document/core/StructureDefinition/fr-cda-evaluation-composant-n2 but trying to go on
[0;39m[33mCan't find http://hl7.org/cda/stds/core/StructureDefinition/Act profile https://interop.esante.gouv.fr/ig/document/core/StructureDefinition/fr-cda-commentaire-er but trying to go on
[0;39m[33mCan't find http://hl7.org/cda/stds/core/StructureDefinition/Performer2 profile https://interop.esante.gouv.fr/ig/document/core/StructureDefinition/fr-cda-performer-corps but trying to go on
[0;39m[33mCan't find http://hl7.org/cda/stds/core/StructureDefinition/Author profile https://interop.esante.gouv.fr/ig/document/core/StructureDefinition/fr-cda-author but trying to go on
[0;39m[33mCan't find http://hl7.org/cda/stds/core/StructureDefinition/Participant2 profile https://interop.esante.gouv.fr/ig/document/core/StructureDefinition/fr-cda-participant-corps but trying to go on
[0;39m[33mCan't find http://hl7.org/cda/stds/core/StructureDefinition/Observation profile https://interop.esante.gouv.fr/ig/document/core/StructureDefinition/fr-cda-evaluation-composant but trying to go on
[0;39m[33mCan't find http://hl7.org/cda/stds/core/StructureDefinition/Author profile https://interop.esante.gouv.fr/ig/document/core/StructureDefinition/fr-cda-author but trying to go on
[0;39m[1;31mUnable to generate snapshot @3 for https://interop.esante.gouv.fr/ig/document/core/StructureDefinition/fr-cda-statut: Profile FRCDAStatut (https://interop.esante.gouv.fr/ig/document/core/StructureDefinition/fr-cda-statut), element CDA - FR Statut.Observation.interpretationCode. Error generating snapshot: Binding https://smt.esante.gouv.fr/fhir/ValueSet/jdv-hl7-v3-ObservationInterpretation-cisis is not a subset of binding http://hl7.org/cda/stds/core/ValueSet/CDAObservationInterpretation because The codes 'RR,NR,E,NS,LU,LX,HU,UNE,HX,NEG,DET,SDD,EX,CAR,POS,SYN-S,NCL,ND,SYN-R,WR,EXP,IE,IND' are not in the base valueset
[0;39m[33mCan't find http://hl7.org/cda/stds/core/StructureDefinition/Observation profile https://interop.esante.gouv.fr/ig/document/core/StructureDefinition/fr-cda-statut but trying to go on
[0;39m[33mCan't find http://hl7.org/cda/stds/core/StructureDefinition/Act profile https://interop.esante.gouv.fr/ig/document/core/StructureDefinition/fr-cda-commentaire-er but trying to go on
[0;39m[33mCan't find http://hl7.org/cda/stds/core/StructureDefinition/Act profile https://interop.esante.gouv.fr/ig/document/core/StructureDefinition/fr-cda-reference-interne but trying to go on
[0;39m[33mCan't find http://hl7.org/cda/stds/core/StructureDefinition/Author profile https://interop.esante.gouv.fr/ig/document/core/StructureDefinition/fr-cda-author but trying to go on
[0;39m[33mCan't find http://hl7.org/cda/stds/core/StructureDefinition/Author profile https://interop.esante.gouv.fr/ig/document/core/StructureDefinition/fr-cda-author but trying to go on
[0;39m[33mCan't find http://hl7.org/cda/stds/core/StructureDefinition/Performer2 profile https://interop.esante.gouv.fr/ig/document/core/StructureDefinition/fr-cda-performer-corps but trying to go on
[0;39m[33mCan't find http://hl7.org/cda/stds/core/StructureDefinition/Author profile https://interop.esante.gouv.fr/ig/document/core/StructureDefinition/fr-cda-author but trying to go on
[0;39m[33mCan't find http://hl7.org/cda/stds/core/StructureDefinition/Informant profile https://interop.esante.gouv.fr/ig/document/core/StructureDefinition/fr-cda-informant but trying to go on
[0;39m[33mCan't find http://hl7.org/cda/stds/core/StructureDefinition/Participant2 profile https://interop.esante.gouv.fr/ig/document/core/StructureDefinition/fr-cda-participant-corps but trying to go on
[0;39m[33mCan't find http://hl7.org/cda/stds/core/StructureDefinition/Observation profile https://interop.esante.gouv.fr/ig/document/core/StructureDefinition/fr-cda-simple-observation but trying to go on
[0;39m[33mCan't find http://hl7.org/cda/stds/core/StructureDefinition/Act profile https://interop.esante.gouv.fr/ig/document/core/StructureDefinition/fr-cda-commentaire-er but trying to go on
[0;39m[33mCan't find http://hl7.org/cda/stds/core/StructureDefinition/Act profile https://interop.esante.gouv.fr/ig/document/core/StructureDefinition/fr-cda-reference-interne but trying to go on
[0;39m[33mCan't find http://hl7.org/cda/stds/core/StructureDefinition/Performer2 profile https://interop.esante.gouv.fr/ig/document/core/StructureDefinition/fr-cda-performer-corps but trying to go on
[0;39m[33mCan't find http://hl7.org/cda/stds/core/StructureDefinition/Participant2 profile https://interop.esante.gouv.fr/ig/document/core/StructureDefinition/fr-cda-participant-corps but trying to go on
[0;39m[33mCan't find http://hl7.org/cda/stds/core/StructureDefinition/Observation profile https://interop.esante.gouv.fr/ig/document/core/StructureDefinition/fr-cda-simple-observation but trying to go on
[0;39m[33mCan't find http://hl7.org/cda/stds/core/StructureDefinition/Act profile https://interop.esante.gouv.fr/ig/document/core/StructureDefinition/fr-cda-transport-du-patient but trying to go on
[0;39m[33mCan't find http://hl7.org/cda/stds/core/StructureDefinition/Observation profile https://interop.esante.gouv.fr/ig/document/core/StructureDefinition/fr-cda-statut but trying to go on
[0;39m[33mCan't find http://hl7.org/cda/stds/core/StructureDefinition/Performer2 profile https://interop.esante.gouv.fr/ig/document/core/StructureDefinition/fr-cda-performer-corps but trying to go on
[0;39m[33mCan't find http://hl7.org/cda/stds/core/StructureDefinition/Participant2 profile https://interop.esante.gouv.fr/ig/document/core/StructureDefinition/fr-cda-participant-corps but trying to go on
[0;39m[33mCan't find http://hl7.org/cda/stds/core/StructureDefinition/Observation profile https://interop.esante.gouv.fr/ig/document/core/StructureDefinition/fr-cda-simple-observation but trying to go on
[0;39m[33mCan't find http://hl7.org/cda/stds/core/StructureDefinition/Act profile https://interop.esante.gouv.fr/ig/document/core/StructureDefinition/fr-cda-transport-du-professionnel but trying to go on
[0;39m[33mCan't find http://hl7.org/cda/stds/core/StructureDefinition/Observation profile https://interop.esante.gouv.fr/ig/document/core/StructureDefinition/fr-cda-evaluation but trying to go on
[0;39m[33mCan't find http://hl7.org/cda/stds/core/StructureDefinition/Observation profile https://interop.esante.gouv.fr/ig/document/core/StructureDefinition/fr-cda-observation-sur-la-grossesse but trying to go on
[0;39m[33mCan't find http://hl7.org/cda/stds/core/StructureDefinition/Subject profile https://interop.esante.gouv.fr/ig/document/core/StructureDefinition/fr-cda-sujet but trying to go on
[0;39m[33mCan't find http://hl7.org/cda/stds/core/StructureDefinition/Observation profile https://interop.esante.gouv.fr/ig/document/core/StructureDefinition/fr-cda-observation-sur-la-grossesse but trying to go on
[0;39m[33mCan't find http://hl7.org/cda/stds/core/StructureDefinition/Organizer profile https://interop.esante.gouv.fr/ig/document/core/StructureDefinition/fr-cda-naissance but trying to go on
[0;39m[33mCan't find http://hl7.org/cda/stds/core/StructureDefinition/IVL-TS profile http://hl7.org/cda/stds/core/StructureDefinition/IVL-TS but trying to go on
[0;39m[33mCan't find http://hl7.org/cda/stds/core/StructureDefinition/Author profile https://interop.esante.gouv.fr/ig/document/core/StructureDefinition/fr-cda-author but trying to go on
[0;39m[33mCan't find http://hl7.org/cda/stds/core/StructureDefinition/Author profile https://interop.esante.gouv.fr/ig/document/core/StructureDefinition/fr-cda-author but trying to go on
[0;39m[33mCan't find http://hl7.org/cda/stds/core/StructureDefinition/AssignedEntity profile https://interop.esante.gouv.fr/ig/document/core/StructureDefinition/fr-cda-assigned-entity but trying to go on
[0;39m[33mCan't find http://hl7.org/cda/stds/core/StructureDefinition/RelatedEntity profile https://interop.esante.gouv.fr/ig/document/core/StructureDefinition/fr-cda-related-entity but trying to go on
[0;39m[33mCan't find http://hl7.org/cda/stds/core/StructureDefinition/Subject profile https://interop.esante.gouv.fr/ig/document/core/StructureDefinition/fr-cda-sujet-non-humain but trying to go on
[0;39m[33mCan't find http://hl7.org/cda/stds/core/StructureDefinition/Performer2 profile https://interop.esante.gouv.fr/ig/document/core/StructureDefinition/fr-cda-laboratoire-executant but trying to go on
[0;39m[33mCan't find http://hl7.org/cda/stds/core/StructureDefinition/Author profile https://interop.esante.gouv.fr/ig/document/core/StructureDefinition/fr-cda-author but trying to go on
[0;39m[33mCan't find http://hl7.org/cda/stds/core/StructureDefinition/Participant2 profile https://interop.esante.gouv.fr/ig/document/core/StructureDefinition/fr-cda-participant-corps but trying to go on
[0;39m[33mCan't find http://hl7.org/cda/stds/core/StructureDefinition/Participant2 profile https://interop.esante.gouv.fr/ig/document/core/StructureDefinition/fr-cda-participant-corps but trying to go on
[0;39m[33mCan't find http://hl7.org/cda/stds/core/StructureDefinition/Organizer profile https://interop.esante.gouv.fr/ig/document/core/StructureDefinition/fr-cda-batterie-examens-de-biologie-medicale but trying to go on
[0;39m[33mCan't find http://hl7.org/cda/stds/core/StructureDefinition/Observation profile https://interop.esante.gouv.fr/ig/document/core/StructureDefinition/fr-cda-resultat-examens-de-biologie-element-clinique-pertinent but trying to go on
[0;39m[33mCan't find http://hl7.org/cda/stds/core/StructureDefinition/ObservationMedia profile https://interop.esante.gouv.fr/ig/document/core/StructureDefinition/fr-cda-image-illustrative but trying to go on
[0;39m[33mCan't find http://hl7.org/cda/stds/core/StructureDefinition/Act profile https://interop.esante.gouv.fr/ig/document/core/StructureDefinition/fr-cda-commentaire-er but trying to go on
[0;39m[33mCan't find http://hl7.org/cda/stds/core/StructureDefinition/ManufacturedProduct profile https://interop.esante.gouv.fr/ig/document/core/StructureDefinition/fr-cda-produit-de-sante but trying to go on
[0;39m[33mCan't find http://hl7.org/cda/stds/core/StructureDefinition/Author profile https://interop.esante.gouv.fr/ig/document/core/StructureDefinition/fr-cda-author but trying to go on
[0;39m[33mCan't find http://hl7.org/cda/stds/core/StructureDefinition/Author profile https://interop.esante.gouv.fr/ig/document/core/StructureDefinition/fr-cda-author but trying to go on
[0;39m[33mCan't find http://hl7.org/cda/stds/core/StructureDefinition/Act profile https://interop.esante.gouv.fr/ig/document/core/StructureDefinition/fr-cda-reference-interne but trying to go on
[0;39m[33mCan't find http://hl7.org/cda/stds/core/StructureDefinition/ManufacturedProduct profile https://interop.esante.gouv.fr/ig/document/core/StructureDefinition/fr-cda-produit-de-sante but trying to go on
[0;39m[33mCan't find http://hl7.org/cda/stds/core/StructureDefinition/SubstanceAdministration profile https://interop.esante.gouv.fr/ig/document/core/StructureDefinition/fr-cda-traitement-prescrit-subordonne but trying to go on
[0;39m[33mCan't find http://hl7.org/cda/stds/core/StructureDefinition/Act profile https://interop.esante.gouv.fr/ig/document/core/StructureDefinition/fr-cda-instructions-au-patient but trying to go on
[0;39m[33mCan't find http://hl7.org/cda/stds/core/StructureDefinition/Act profile https://interop.esante.gouv.fr/ig/document/core/StructureDefinition/fr-cda-instructions-au-dispensateur but trying to go on
[0;39m[33mCan't find http://hl7.org/cda/stds/core/StructureDefinition/Supply profile https://interop.esante.gouv.fr/ig/document/core/StructureDefinition/fr-cda-quantite-de-produit but trying to go on
[0;39m[33mCan't find http://hl7.org/cda/stds/core/StructureDefinition/Act profile https://interop.esante.gouv.fr/ig/document/core/StructureDefinition/fr-cda-autorisation-substitution but trying to go on
[0;39m[33mCan't find http://hl7.org/cda/stds/core/StructureDefinition/Observation profile https://interop.esante.gouv.fr/ig/document/core/StructureDefinition/fr-cda-allergie-ou-hypersensibilite but trying to go on
[0;39m[33mCan't find http://hl7.org/cda/stds/core/StructureDefinition/Observation profile https://interop.esante.gouv.fr/ig/document/core/StructureDefinition/fr-cda-probleme but trying to go on
[0;39m[33mCan't find http://hl7.org/cda/stds/core/StructureDefinition/Author profile https://interop.esante.gouv.fr/ig/document/core/StructureDefinition/fr-cda-author but trying to go on
[0;39m[33mCan't find http://hl7.org/cda/stds/core/StructureDefinition/Author profile https://interop.esante.gouv.fr/ig/document/core/StructureDefinition/fr-cda-author but trying to go on
[0;39m[33mCan't find http://hl7.org/cda/stds/core/StructureDefinition/AD profile https://interop.esante.gouv.fr/ig/document/core/StructureDefinition/cisis-addr but trying to go on
[0;39m[33mCan't find http://hl7.org/cda/stds/core/StructureDefinition/TEL profile https://interop.esante.gouv.fr/ig/document/core/StructureDefinition/cisis-telecom but trying to go on
[0;39m[33mCan't find http://hl7.org/cda/stds/core/StructureDefinition/Author profile https://interop.esante.gouv.fr/ig/document/core/StructureDefinition/fr-cda-author but trying to go on
[0;39m[33mCan't find http://hl7.org/cda/stds/core/StructureDefinition/Author profile https://interop.esante.gouv.fr/ig/document/core/StructureDefinition/fr-cda-author but trying to go on
[0;39m[33mCan't find http://hl7.org/cda/stds/core/StructureDefinition/SubstanceAdministration profile https://interop.esante.gouv.fr/ig/document/core/StructureDefinition/fr-cda-item-plan-traitement but trying to go on
[0;39m[33mCan't find http://hl7.org/cda/stds/core/StructureDefinition/Author profile https://interop.esante.gouv.fr/ig/document/core/StructureDefinition/fr-cda-author but trying to go on
[0;39m[33mCan't find http://hl7.org/cda/stds/core/StructureDefinition/ManufacturedProduct profile https://interop.esante.gouv.fr/ig/document/core/StructureDefinition/fr-cda-produit-de-sante but trying to go on
[0;39m[33mCan't find http://hl7.org/cda/stds/core/StructureDefinition/Author profile https://interop.esante.gouv.fr/ig/document/core/StructureDefinition/fr-cda-author but trying to go on
[0;39m[33mCan't find http://hl7.org/cda/stds/core/StructureDefinition/Author profile https://interop.esante.gouv.fr/ig/document/core/StructureDefinition/fr-cda-author but trying to go on
[0;39m[33mCan't find http://hl7.org/cda/stds/core/StructureDefinition/Act profile https://interop.esante.gouv.fr/ig/document/core/StructureDefinition/fr-cda-reference-interne but trying to go on
[0;39m[33mCan't find http://hl7.org/cda/stds/core/StructureDefinition/SubstanceAdministration profile https://interop.esante.gouv.fr/ig/document/core/StructureDefinition/fr-cda-traitement-prescrit-subordonne but trying to go on
[0;39m[33mCan't find http://hl7.org/cda/stds/core/StructureDefinition/SubstanceAdministration profile https://interop.esante.gouv.fr/ig/document/core/StructureDefinition/fr-cda-reference-item-plan-traitement but trying to go on
[0;39m[33mCan't find http://hl7.org/cda/stds/core/StructureDefinition/Act profile https://interop.esante.gouv.fr/ig/document/core/StructureDefinition/fr-cda-instructions-au-patient but trying to go on
[0;39m[33mCan't find http://hl7.org/cda/stds/core/StructureDefinition/Act profile https://interop.esante.gouv.fr/ig/document/core/StructureDefinition/fr-cda-instructions-au-dispensateur but trying to go on
[0;39m[33mCan't find http://hl7.org/cda/stds/core/StructureDefinition/Supply profile https://interop.esante.gouv.fr/ig/document/core/StructureDefinition/fr-cda-quantite-de-produit but trying to go on
[0;39m[33mCan't find http://hl7.org/cda/stds/core/StructureDefinition/Act profile https://interop.esante.gouv.fr/ig/document/core/StructureDefinition/fr-cda-autorisation-substitution but trying to go on
[0;39m[33mCan't find http://hl7.org/cda/stds/core/StructureDefinition/Supply profile https://interop.esante.gouv.fr/ig/document/core/StructureDefinition/fr-cda-periode-de-renouvellement but trying to go on
[0;39m[33mCan't find http://hl7.org/cda/stds/core/StructureDefinition/Observation profile https://interop.esante.gouv.fr/ig/document/core/StructureDefinition/fr-cda-en-rapport-avec-ald but trying to go on
[0;39m[33mCan't find http://hl7.org/cda/stds/core/StructureDefinition/Observation profile https://interop.esante.gouv.fr/ig/document/core/StructureDefinition/fr-cda-en-rapport-avec-accident-travail but trying to go on
[0;39m[33mCan't find http://hl7.org/cda/stds/core/StructureDefinition/Observation profile https://interop.esante.gouv.fr/ig/document/core/StructureDefinition/fr-cda-en-rapport-avec-la-prevention but trying to go on
[0;39m[33mCan't find http://hl7.org/cda/stds/core/StructureDefinition/Observation profile https://interop.esante.gouv.fr/ig/document/core/StructureDefinition/fr-cda-non-remboursable but trying to go on
[0;39m[33mCan't find http://hl7.org/cda/stds/core/StructureDefinition/Observation profile https://interop.esante.gouv.fr/ig/document/core/StructureDefinition/fr-cda-hors-amm but trying to go on
[0;39m[33mCan't find http://hl7.org/cda/stds/core/StructureDefinition/SubstanceAdministration profile https://interop.esante.gouv.fr/ig/document/core/StructureDefinition/fr-cda-traitement-prescrit but trying to go on
[0;39m[33mCan't find http://hl7.org/cda/stds/core/StructureDefinition/AssignedEntity profile https://interop.esante.gouv.fr/ig/document/core/StructureDefinition/fr-cda-assigned-entity but trying to go on
[0;39m[33mCan't find http://hl7.org/cda/stds/core/StructureDefinition/Author profile https://interop.esante.gouv.fr/ig/document/core/StructureDefinition/fr-cda-author but trying to go on
[0;39m[33mCan't find http://hl7.org/cda/stds/core/StructureDefinition/Informant profile https://interop.esante.gouv.fr/ig/document/core/StructureDefinition/fr-cda-informant but trying to go on
[0;39m[33mCan't find http://hl7.org/cda/stds/core/StructureDefinition/Participant2 profile https://interop.esante.gouv.fr/ig/document/core/StructureDefinition/fr-cda-participant-corps but trying to go on
[0;39m[33mCan't find http://hl7.org/cda/stds/core/StructureDefinition/Author profile https://interop.esante.gouv.fr/ig/document/core/StructureDefinition/fr-cda-author but trying to go on
[0;39m[33mCan't find http://hl7.org/cda/stds/core/StructureDefinition/Act profile https://interop.esante.gouv.fr/ig/document/core/StructureDefinition/fr-cda-commentaire-er but trying to go on
[0;39m[33mCan't find http://hl7.org/cda/stds/core/StructureDefinition/Subject profile https://interop.esante.gouv.fr/ig/document/core/StructureDefinition/fr-cda-sujet-non-humain but trying to go on
[0;39m[33mCan't find http://hl7.org/cda/stds/core/StructureDefinition/Performer2 profile https://interop.esante.gouv.fr/ig/document/core/StructureDefinition/fr-cda-laboratoire-executant but trying to go on
[0;39m[33mCan't find http://hl7.org/cda/stds/core/StructureDefinition/Author profile https://interop.esante.gouv.fr/ig/document/core/StructureDefinition/fr-cda-author but trying to go on
[0;39m[33mCan't find http://hl7.org/cda/stds/core/StructureDefinition/Participant2 profile https://interop.esante.gouv.fr/ig/document/core/StructureDefinition/fr-cda-participant-corps but trying to go on
[0;39m[33mCan't find http://hl7.org/cda/stds/core/StructureDefinition/Participant2 profile https://interop.esante.gouv.fr/ig/document/core/StructureDefinition/fr-cda-participant-corps but trying to go on
[0;39m[33mCan't find http://hl7.org/cda/stds/core/StructureDefinition/Participant2 profile https://interop.esante.gouv.fr/ig/document/core/StructureDefinition/fr-cda-participant-corps but trying to go on
[0;39m[33mCan't find http://hl7.org/cda/stds/core/StructureDefinition/Procedure profile https://interop.esante.gouv.fr/ig/document/core/StructureDefinition/fr-cda-prelevement but trying to go on
[0;39m[33mCan't find http://hl7.org/cda/stds/core/StructureDefinition/Organizer profile https://interop.esante.gouv.fr/ig/document/core/StructureDefinition/fr-cda-batterie-examens-de-biologie-medicale but trying to go on
[0;39m[33mCan't find http://hl7.org/cda/stds/core/StructureDefinition/Organizer profile https://interop.esante.gouv.fr/ig/document/core/StructureDefinition/fr-cda-isolat-microbiologique but trying to go on
[0;39m[33mCan't find http://hl7.org/cda/stds/core/StructureDefinition/Observation profile https://interop.esante.gouv.fr/ig/document/core/StructureDefinition/fr-cda-resultat-examens-de-biologie-element-clinique-pertinent but trying to go on
[0;39m[33mCan't find http://hl7.org/cda/stds/core/StructureDefinition/Act profile https://interop.esante.gouv.fr/ig/document/core/StructureDefinition/fr-cda-commentaire-er but trying to go on
[0;39m[33mCan't find http://hl7.org/cda/stds/core/StructureDefinition/ObservationMedia profile https://interop.esante.gouv.fr/ig/document/core/StructureDefinition/fr-cda-image-illustrative but trying to go on
[0;39m[33mCan't find http://hl7.org/cda/stds/core/StructureDefinition/Author profile https://interop.esante.gouv.fr/ig/document/core/StructureDefinition/fr-cda-author but trying to go on
[0;39m[33mCan't find http://hl7.org/cda/stds/core/StructureDefinition/Author profile https://interop.esante.gouv.fr/ig/document/core/StructureDefinition/fr-cda-author but trying to go on
[0;39m[33mCan't find http://hl7.org/cda/stds/core/StructureDefinition/Observation profile https://interop.esante.gouv.fr/ig/document/core/StructureDefinition/fr-cda-signe-vital-observe but trying to go on
[0;39m[33mCan't find http://hl7.org/cda/stds/core/StructureDefinition/Author profile https://interop.esante.gouv.fr/ig/document/core/StructureDefinition/fr-cda-author but trying to go on
[0;39m[33mCan't find http://hl7.org/cda/stds/core/StructureDefinition/Author profile https://interop.esante.gouv.fr/ig/document/core/StructureDefinition/fr-cda-author but trying to go on
[0;39m[33mCan't find http://hl7.org/cda/stds/core/StructureDefinition/ManufacturedProduct profile https://interop.esante.gouv.fr/ig/document/core/StructureDefinition/fr-cda-produit-de-sante but trying to go on
[0;39m[33mCan't find http://hl7.org/cda/stds/core/StructureDefinition/SubstanceAdministration profile https://interop.esante.gouv.fr/ig/document/core/StructureDefinition/fr-cda-reference-item-prescription but trying to go on
[0;39m[33mCan't find http://hl7.org/cda/stds/core/StructureDefinition/SubstanceAdministration profile https://interop.esante.gouv.fr/ig/document/core/StructureDefinition/fr-cda-traitement but trying to go on
[0;39m[33mCan't find http://hl7.org/cda/stds/core/StructureDefinition/Act profile https://interop.esante.gouv.fr/ig/document/core/StructureDefinition/fr-cda-instructions-au-patient but trying to go on
[0;39m[33mCan't find http://hl7.org/cda/stds/core/StructureDefinition/Act profile https://interop.esante.gouv.fr/ig/document/core/StructureDefinition/fr-cda-notes-du-dispensateur but trying to go on
[0;39m[33mCan't find http://hl7.org/cda/stds/core/StructureDefinition/Act profile https://interop.esante.gouv.fr/ig/document/core/StructureDefinition/fr-cda-acte-substitution but trying to go on
[0;39m[33mCan't find http://hl7.org/cda/stds/core/StructureDefinition/Author profile https://interop.esante.gouv.fr/ig/document/core/StructureDefinition/fr-cda-author but trying to go on
[0;39m[33mCan't find http://hl7.org/cda/stds/core/StructureDefinition/ManufacturedProduct profile https://interop.esante.gouv.fr/ig/document/core/StructureDefinition/fr-cda-produit-de-sante but trying to go on
[0;39m[33mCan't find http://hl7.org/cda/stds/core/StructureDefinition/Supply profile https://interop.esante.gouv.fr/ig/document/core/StructureDefinition/fr-cda-prescription but trying to go on
[0;39m[33mCan't find http://hl7.org/cda/stds/core/StructureDefinition/Observation profile https://interop.esante.gouv.fr/ig/document/core/StructureDefinition/fr-cda-rang-de-la-vaccination but trying to go on
[0;39m[33mCan't find http://hl7.org/cda/stds/core/StructureDefinition/Act profile https://interop.esante.gouv.fr/ig/document/core/StructureDefinition/fr-cda-commentaire-er but trying to go on
[0;39m[33mCan't find http://hl7.org/cda/stds/core/StructureDefinition/ManufacturedProduct profile https://interop.esante.gouv.fr/ig/document/core/StructureDefinition/fr-cda-produit-de-sante but trying to go on
[0;39m[33mCan't find http://hl7.org/cda/stds/core/StructureDefinition/Performer2 profile https://interop.esante.gouv.fr/ig/document/core/StructureDefinition/fr-cda-performer-corps but trying to go on
[0;39m[33mCan't find http://hl7.org/cda/stds/core/StructureDefinition/Author profile https://interop.esante.gouv.fr/ig/document/core/StructureDefinition/fr-cda-author but trying to go on
[0;39m[33mCan't find http://hl7.org/cda/stds/core/StructureDefinition/Supply profile https://interop.esante.gouv.fr/ig/document/core/StructureDefinition/fr-cda-prescription but trying to go on
[0;39m[33mCan't find http://hl7.org/cda/stds/core/StructureDefinition/Observation profile https://interop.esante.gouv.fr/ig/document/core/StructureDefinition/fr-cda-rang-de-la-vaccination but trying to go on
[0;39m[33mCan't find http://hl7.org/cda/stds/core/StructureDefinition/Observation profile https://interop.esante.gouv.fr/ig/document/core/StructureDefinition/fr-cda-probleme but trying to go on
[0;39m[33mCan't find http://hl7.org/cda/stds/core/StructureDefinition/Act profile https://interop.esante.gouv.fr/ig/document/core/StructureDefinition/fr-cda-commentaire-er but trying to go on
[0;39m[33mCan't find http://hl7.org/cda/stds/core/StructureDefinition/SubstanceAdministration profile https://interop.esante.gouv.fr/ig/document/core/StructureDefinition/fr-cda-dose-antigene but trying to go on
[0;39m
Signing Certificate: RSA key for Subject: OU=IG Publisher, L=Ann Arbor, CN=hl7.org, O=HL7, ST=Missouri, C=us from: OU=IG Publisher, L=Ann Arbor, CN=hl7.org, O=HL7, ST=Missouri, C=us
Fetch https://interop.esante.gouv.fr/ig/document/core/package-list.json for version check            (00:10.818 / 02:25.642, 2Gb)
Checking Language                                                                                    (00:00.751 / 02:26.394, 1Gb)
Load Dependency Info                                                                                 (00:00.009 / 02:26.403, 1Gb)
Load Info                                                                                            (00:00.002 / 02:26.406, 1Gb)
Load Paths                                                                                           (00:00.001 / 02:26.407, 1Gb)
Check R4 / R4B                                                                                       (00:00.000 / 02:26.408, 1Gb)
Assign Comparison Ids                                                                                (00:00.138 / 02:26.546, 1Gb)
Propagating status                                                                                   (00:00.001 / 02:26.547, 1Gb)
Generating Narratives                                                                                (00:00.000 / 02:26.548, 1Gb)
Validating Conformance Resources                                                                     (02:40.787 / 05:07.335, 1Gb)
[39mFailed to determine latest version of package hl7.cda.uv.core from server: https://packages2.fhir.org/packages
[0;39m[39mFailed to determine latest version of package hl7.cda.uv.core from server: https://packages.fhir.org
[0;39m[39mFailed to determine latest version of package hl7.cda.uv.core from server: build.fhir.org
[0;39m[39mLatest version of package hl7.cda.uv.core found locally is 2.0.1-sd - using that
[0;39m[39mFailed to determine latest version of package ihe.pharm.mpd from server: https://packages2.fhir.org/packages
[0;39m[39mFailed to determine latest version of package ihe.pharm.mpd from server: https://packages.fhir.org
[0;39m[39mFailed to determine latest version of package ihe.pharm.mpd from server: build.fhir.org
[0;39m[39mLatest version of package ihe.pharm.mpd found locally is 1.0.0-comment-2 - using that
[0;39mCheck profiles & code systems                                                                        (00:40.185 / 05:47.521, 2Gb)
Check realm rules                                                                                    (00:00.034 / 05:47.555, 2Gb)
Previous Version Comparison                                                                          (00:00.001 / 05:47.556, 2Gb)
Checking for Bundles to sign                                                                         (00:00.154 / 05:47.710, 2Gb)
Validating Resources                                                                                 (00:00.000 / 05:47.711, 2Gb)
Processing Provenance Records                                                                        (00:09.107 / 05:56.819, 2Gb)
Generating Outputs in /tmp/ig-builds/ans.document.fr.core#0.1.0-snapshot/output                      (00:00.001 / 05:56.820, 2Gb)
Generate Native Outputs                                                                              (00:00.363 / 05:57.184, 2Gb)
Run Template                                                                                         (00:43.335 / 06:40.519, 2Gb)
Generate HTML Outputs                                                                                (00:02.276 / 06:42.796, 2Gb)
Generate Spreadsheets                                                                                (03:43.795 / 10:26.591, 3Gb)
Generate Summaries                                                                                   (00:37.940 / 11:04.531, 3Gb)
Generating Summary Outputs                                                                           (00:00.000 / 11:04.532, 3Gb)
Unable to find 3-character code having same country code as ISO 2-char code AA - User-assigned       (00:17.842 / 11:22.375, 3Gb)
Unable to find 3-character code having same country code as ISO 2-char code QM - User-assigned       (00:00.000 / 11:22.375, 3Gb)
Unable to find 3-character code having same country code as ISO 2-char code QN - User-assigned       (00:00.000 / 11:22.376, 3Gb)
Unable to find 3-character code having same country code as ISO 2-char code QO - User-assigned       (00:00.000 / 11:22.376, 3Gb)
Unable to find 3-character code having same country code as ISO 2-char code QP - User-assigned       (00:00.000 / 11:22.377, 3Gb)
Unable to find 3-character code having same country code as ISO 2-char code QQ - User-assigned       (00:00.000 / 11:22.377, 3Gb)
Unable to find 3-character code having same country code as ISO 2-char code QR - User-assigned       (00:00.000 / 11:22.378, 3Gb)
Unable to find 3-character code having same country code as ISO 2-char code QS - User-assigned       (00:00.000 / 11:22.378, 3Gb)
Unable to find 3-character code having same country code as ISO 2-char code QT - User-assigned       (00:00.000 / 11:22.379, 3Gb)
Unable to find 3-character code having same country code as ISO 2-char code QU - User-assigned       (00:00.000 / 11:22.379, 3Gb)
Unable to find 3-character code having same country code as ISO 2-char code QV - User-assigned       (00:00.000 / 11:22.380, 3Gb)
Unable to find 3-character code having same country code as ISO 2-char code QW - User-assigned       (00:00.000 / 11:22.380, 3Gb)
Unable to find 3-character code having same country code as ISO 2-char code QX - User-assigned       (00:00.000 / 11:22.381, 3Gb)
Unable to find 3-character code having same country code as ISO 2-char code QY - User-assigned       (00:00.000 / 11:22.381, 3Gb)
Unable to find 3-character code having same country code as ISO 2-char code QZ - User-assigned       (00:00.000 / 11:22.382, 3Gb)
Unable to find 3-character code having same country code as ISO 2-char code XA - User-assigned       (00:00.000 / 11:22.382, 3Gb)
Unable to find 3-character code having same country code as ISO 2-char code XB - User-assigned       (00:00.000 / 11:22.383, 3Gb)
Unable to find 3-character code having same country code as ISO 2-char code XC - User-assigned       (00:00.000 / 11:22.383, 3Gb)
Unable to find 3-character code having same country code as ISO 2-char code XD - User-assigned       (00:00.000 / 11:22.384, 3Gb)
Unable to find 3-character code having same country code as ISO 2-char code XE - User-assigned       (00:00.000 / 11:22.384, 3Gb)
Unable to find 3-character code having same country code as ISO 2-char code XF - User-assigned       (00:00.000 / 11:22.384, 3Gb)
Unable to find 3-character code having same country code as ISO 2-char code XG - User-assigned       (00:00.000 / 11:22.385, 3Gb)
Unable to find 3-character code having same country code as ISO 2-char code XH - User-assigned       (00:00.000 / 11:22.385, 3Gb)
Unable to find 3-character code having same country code as ISO 2-char code XI - User-assigned       (00:00.000 / 11:22.385, 3Gb)
Unable to find 3-character code having same country code as ISO 2-char code XJ - User-assigned       (00:00.000 / 11:22.386, 3Gb)
Unable to find 3-character code having same country code as ISO 2-char code XK - Kosovo              (00:00.000 / 11:22.386, 3Gb)
Unable to find 3-character code having same country code as ISO 2-char code XL - User-assigned       (00:00.000 / 11:22.386, 3Gb)
Unable to find 3-character code having same country code as ISO 2-char code XM - User-assigned       (00:00.000 / 11:22.387, 3Gb)
Unable to find 3-character code having same country code as ISO 2-char code XN - User-assigned       (00:00.000 / 11:22.387, 3Gb)
Unable to find 3-character code having same country code as ISO 2-char code XO - User-assigned       (00:00.000 / 11:22.387, 3Gb)
Unable to find 3-character code having same country code as ISO 2-char code XP - User-assigned       (00:00.000 / 11:22.388, 3Gb)
Unable to find 3-character code having same country code as ISO 2-char code XQ - User-assigned       (00:00.000 / 11:22.388, 3Gb)
Unable to find 3-character code having same country code as ISO 2-char code XR - User-assigned       (00:00.000 / 11:22.388, 3Gb)
Unable to find 3-character code having same country code as ISO 2-char code XS - User-assigned       (00:00.000 / 11:22.389, 3Gb)
Unable to find 3-character code having same country code as ISO 2-char code XT - User-assigned       (00:00.000 / 11:22.389, 3Gb)
Unable to find 3-character code having same country code as ISO 2-char code XU - User-assigned       (00:00.000 / 11:22.389, 3Gb)
Unable to find 3-character code having same country code as ISO 2-char code XV - User-assigned       (00:00.000 / 11:22.390, 3Gb)
Unable to find 3-character code having same country code as ISO 2-char code XW - User-assigned       (00:00.000 / 11:22.390, 3Gb)
Unable to find 3-character code having same country code as ISO 2-char code XX - Unknown             (00:00.000 / 11:22.390, 3Gb)
Unable to find 3-character code having same country code as ISO 2-char code XY - User-assigned       (00:00.000 / 11:22.391, 3Gb)
Unable to find 3-character code having same country code as ISO 2-char code XZ - International Waters (00:00.000 / 11:22.391, 3Gb)
Unable to find 3-character code having same country code as ISO 2-char code ZZ - Unknown or Invalid Territory (00:00.000 / 11:22.391, 3Gb)
Table of contents has a section with more than 222 entries.  Collapsing will not work reliably
DB Cumulative Time invested: 00:00:01.71
Sending Usage Stats to Server                                                                        (00:00.707 / 11:23.099, 3Gb)
## Memory (MB): Use = 3454, Free = 545, Total = 4000, Max = 4000                                     (00:00.010 / 11:23.110, 3Gb)
Reclaiming memory...                                                                                 (00:00.001 / 11:23.111, 3Gb)
## Memory (MB): Use = 2812, Free = 1187, Total = 4000, Max = 4000                                    (00:01.593 / 11:24.705, 2Gb)
Run jekyll: jekyll build --destination "/tmp/ig-builds/ans.document.fr.core#0.1.0-snapshot/output" (in folder /tmp/ig-builds/ans.document.fr.core#0.1.0-snapshot/temp/pages) (00:00.001 / 11:24.707, 2Gb)
Troubleshooting Note: usual cases for Jekyll to fail are:                                            (00:00.000 / 11:24.707, 2Gb)
* A failure to produce a fragment that is already logged in the output above                         (00:00.000 / 11:24.708, 2Gb)
* A reference to a manually edited file that hasn't been provided                                    (00:00.000 / 11:24.708, 2Gb)
Jekyll: Source: /tmp/ig-builds/ans.document.fr.core#0.1.0-snapshot/temp/pages                        (00:00.548 / 11:25.257, 2Gb)
Jekyll: Generating...                                                                                (00:00.001 / 11:25.258, 2Gb)
Jekyll: done in 28.201 seconds.                                                                      (00:28.199 / 11:53.458, 2Gb)
[39m
[0;39m[39mInstalling ans.document.fr.core#0.1.0-snapshot
[0;39m[39m done.
[0;39mChecking Output HTML                                                                                 (00:11.911 / 12:05.370, 3Gb)
Processed /tmp/ig-builds/ans.document.fr.core#0.1.0-snapshot/output - % reduction = 100 (984266956 ==> 7176734)
found 8929 files                                                                                     (00:19.064 / 12:24.434, 3Gb)
.............................Sending usage stats failed: Connection timed out
...........
........................................
  ... 8929 html files, 0 pages invalid xhtml (0%)                                                    (03:59.464 / 16:23.898, 3Gb)
  ... 3990716 links, 8 broken links (0%)                                                             (00:00.001 / 16:23.899, 3Gb)
Generate fragment-usage-analysis.csv                                                                 (00:00.000 / 16:23.900, 3Gb)
Build final .zip                                                                                     (00:00.010 / 16:23.910, 3Gb)
Final .zip built                                                                                     (00:26.806 / 16:50.717, 3Gb)
Built. Times: loading: 00:25.397, generate: 14:34.782, narrative generation: 02:40.783, realm-rules: 00:00.001, previous-version: 00:00.000, jekyll: 00:28.988, validation: 00:47.724 (#545), template: 00:02.274 (#3) (00:10.459 / 17:01.177, 2Gb)
Generating QA                                                                                        (00:00.001 / 17:01.178, 2Gb)
Internal error in location for message: 'Error @1, 2: Found / expecting a token name', loc = '/tmp/ig-builds/ans.document.fr.core#0.1.0-snapshot/output/StructureDefinition-cisis-addr.html', err = 'The html source has duplicate anchor Ids: k-AD.item-AD-1,k-AD.item.additionalLocator-text-null,k-AD.'
Internal error in location for message: 'Error @1, 2: Found / expecting a token name', loc = '/tmp/ig-builds/ans.document.fr.core#0.1.0-snapshot/output/StructureDefinition-cisis-telecom.html', err = 'Illegal HTML: illegal html element: telecom ()'
Internal error in location for message: 'Error @1, 2: Found / expecting a token name', loc = '/tmp/ig-builds/ans.document.fr.core#0.1.0-snapshot/output/StructureDefinition-fr-cda-quantite-de-pro', err = 'Illegal HTML: illegal html element: consumable ().)'
Internal error in location for message: 'Error @1, 2: Found / expecting a token name', loc = '/tmp/ig-builds/ans.document.fr.core#0.1.0-snapshot/output/searchform.html#/html/body/div/div/div/a/i', err = 'The <script> containing the javascript '$( document ).ready('... is illegal and not allowed on the H'
Validation output in /tmp/ig-builds/ans.document.fr.core#0.1.0-snapshot/output/qa.html
Errors: 1492, Warnings: 5445, Info: 1140, Broken Links: 8 (00:02.875 / 17:04.054, 3Gb)
Finished @ 15/04/2026 16:28. Max Memory Used = 3Gb. Log file saved in /tmp/fhir-ig-publisher-tmp.log (00:00.075 / 17:04.129, 3Gb)
Keep a copy of the build directory at /tmp/web-root/run-20260415/ig-build-zips/ans.document.fr.core#0.1.0-snapshot.zip

ok. All checks passed. Publish v0.1.0-snapshot to /tmp/web-root/run-20260415/core/0.1.0-snapshot
Copy the IG to /tmp/web-root/run-20260415/core/0.1.0-snapshot
Update /tmp/web-root/run-20260415/core/package-list.json
Publish Box Statement: This page is part of the ANS IG document core (v0.1.0-snapshot: Draft Draft) based on <a data-no-external="true" href="http://hl7.org/fhir/R4">FHIR (HL7® FHIR® Standard) R4</a>. No current official version has been published yet.  For a full list of available versions, see the <a data-no-external="true" href="https://interop.esante.gouv.fr/ig/document/core/history.html">Directory of published versions</a>
  .. 4430 files checked, 4430 updated
  .. 1093 clones checked, 2172 updated
  .. 545 redirections (545 created/updated)
ans.document.fr.core (https://interop.esante.gouv.fr/ig/document/core): ANS IG document core @ https://ansforge.github.io/interop-IG-document-core/main/ig
  candidate: Draft Draft 0.1.0-snapshot/4.0.1 @ https://interop.esante.gouv.fr/ig/document/core/0.1.0-snapshot
Build is complete. Copy from /tmp/web-root/run-20260415
Update history page at /tmp/web-root/run-20260415/core from /home/runner/work/interop-IG-document-core/interop-IG-document-core/./IG-website-release/fhir-ig-history-template and ./IG-website-release/templates
