FHIR IG Publisher Version 1.8.22 (Git# 3d9b32f2efa8). Built 2025-03-19T04:54:10.544Z (212 days old)
Detected Java version: 17.0.10 from /opt/hostedtoolcache/Java_Microsoft_jdk/17.0.10/x64 on amd64 (64bit). 4000MB available
dir = /home/runner/work/IG-contenu-cda-medicosocial-transfert-donnees-dui/IG-contenu-cda-medicosocial-transfert-donnees-dui, path = /opt/hostedtoolcache/Ruby/3.3.9/x64/bin:/opt/hostedtoolcache/node/20.19.5/x64/bin:/opt/hostedtoolcache/Java_Microsoft_jdk/17.0.10/x64/bin:/snap/bin:/home/runner/.local/bin:/opt/pipx_bin:/home/runner/.cargo/bin:/home/runner/.config/composer/vendor/bin:/usr/local/.ghcup/bin:/home/runner/.dotnet/tools:/usr/local/sbin:/usr/local/bin:/usr/sbin:/usr/bin:/sbin:/bin:/usr/games:/usr/local/games:/snap/bin
Parameters: -go-publish -authorise-non-conformant-tx-servers -source ./igSource -web ./IG-website-release/www/ig/cda -registry ./IG-website-release/ig-registry/fhir-ig-list.json -history ./IG-website-release/fhir-ig-history-template -templates ./IG-website-release/templates
---------------
Publication Run: publish ./igSource to ./IG-website-release/www/ig/cda
Relative directory for IG is '/tddui'
===== Web Publication Run Details ===============================
 Source IG: ans.cda.fr.tddui#1.0.1 : https://interop.esante.gouv.fr/ig/cda/tddui (R4) from ./igSource
All checks passed. Do the publication build from /home/runner/work/IG-contenu-cda-medicosocial-transfert-donnees-dui/IG-contenu-cda-medicosocial-transfert-donnees-dui/./igSource and publish to /tmp/web-root/run-20251017/tddui
Prepare Build space in /tmp/ig-builds/ans.cda.fr.tddui#1.0.1
Build IG at /home/runner/work/IG-contenu-cda-medicosocial-transfert-donnees-dui/IG-contenu-cda-medicosocial-transfert-donnees-dui/./igSource: final copy suitable for publication (in /tmp/ig-builds/ans.cda.fr.tddui#1.0.1)
FHIR IG Publisher Version 1.8.22 (Git# 3d9b32f2efa8). Built 2025-03-19T04:54:10.544Z (212 days old) 
Detected Java version: 17.0.10 from /opt/hostedtoolcache/Java_Microsoft_jdk/17.0.10/x64 on Linux/amd64 (64bit). 4000MB available
dir = /home/runner/work/IG-contenu-cda-medicosocial-transfert-donnees-dui/IG-contenu-cda-medicosocial-transfert-donnees-dui, path = /opt/hostedtoolcache/Ruby/3.3.9/x64/bin:/opt/hostedtoolcache/node/20.19.5/x64/bin:/opt/hostedtoolcache/Java_Microsoft_jdk/17.0.10/x64/bin:/snap/bin:/home/runner/.local/bin:/opt/pipx_bin:/home/runner/.cargo/bin:/home/runner/.config/composer/vendor/bin:/usr/local/.ghcup/bin:/home/runner/.dotnet/tools:/usr/local/sbin:/usr/local/bin:/usr/sbin:/usr/bin:/sbin:/bin:/usr/games:/usr/local/games:/snap/bin
Parameters: -ig /tmp/ig-builds/ans.cda.fr.tddui#1.0.1 -resetTx -publish https://interop.esante.gouv.fr/ig/cda/tddui/1.0.0 -no-exit
Character encoding = UTF-8 / UTF-8                                                                  
Start Clock @ Friday, October 17, 2025 at 8:50:01 AM Coordinated Universal Time (2025-10-17T08:50:01Z)
                                                                                                    
Build FHIR IG from /tmp/ig-builds/ans.cda.fr.tddui#1.0.1                                             (00:00.020 / 00:00.021, 28Mb)
Build Formal Publication package, intended for https://interop.esante.gouv.fr/ig/cda/tddui/1.0.0     (00:00.002 / 00:00.022, 28Mb)
API keys loaded from /home/runner/.fhir/fhir-settings.json                                           (00:00.000 / 00:00.023, 28Mb)
Package Cache: /home/runner/.fhir/packages                                                           (00:00.003 / 00:00.027, 28Mb)
Run Sushi on /tmp/ig-builds/ans.cda.fr.tddui#1.0.1                                                   (00:00.001 / 00:00.029, 28Mb)
Sushi: info  Running SUSHI v3.16.5 (implements FHIR Shorthand specification v3.0.0)                  (00:00.708 / 00:00.737, 29Mb)
Sushi: info  Arguments:                                                                              (00:00.001 / 00:00.739, 29Mb)
Sushi: info    --require-latest                                                                      (00:00.000 / 00:00.740, 29Mb)
Sushi: info    --out /tmp/ig-builds/ans.cda.fr.tddui#1.0.1                                           (00:00.001 / 00:00.741, 29Mb)
Sushi: info    /tmp/ig-builds/ans.cda.fr.tddui#1.0.1                                                 (00:00.001 / 00:00.742, 29Mb)
Sushi: info  Using configuration file: /tmp/ig-builds/ans.cda.fr.tddui#1.0.1/sushi-config.yaml       (00:01.612 / 00:02.355, 29Mb)
Sushi: info  Importing FSH text...                                                                   (00:00.099 / 00:02.454, 29Mb)
Sushi: info  Preprocessed 7 documents with 8 aliases.                                                (00:00.124 / 00:02.579, 29Mb)
Sushi: info  Imported 2 definitions and 6 instances.                                                 (00:00.009 / 00:02.588, 29Mb)
Sushi: info  Loaded virtual package sushi-r5forR4#1.0.0 with 7 resources                             (00:00.101 / 00:02.690, 29Mb)
Sushi: info  Resolved hl7.fhir.uv.tools.r4#latest to concrete version 0.8.0                          (00:00.513 / 00:03.203, 29Mb)
Sushi: info  Loaded hl7.fhir.uv.tools.r4#0.8.0 with 110 resources                                    (00:00.074 / 00:03.278, 29Mb)
Sushi: info  Resolved hl7.terminology.r4#latest to concrete version 6.5.0                            (00:00.106 / 00:03.384, 29Mb)
Sushi: info  Loaded hl7.terminology.r4#6.5.0 with 4392 resources                                     (00:01.992 / 00:05.376, 29Mb)
Sushi: info  Loaded hl7.fhir.fr.core#2.1.0 with 120 resources                                        (00:00.080 / 00:05.457, 29Mb)
Sushi: info  Resolved ans.fr.terminologies#latest to concrete version 1.2.0                          (00:00.107 / 00:05.565, 29Mb)
Sushi: info  Loaded ans.fr.terminologies#1.2.0 with 1047 resources                                   (00:00.596 / 00:06.161, 29Mb)
Sushi: info  Loaded hl7.fhir.uv.extensions#5.2.0 with 759 resources                                  (00:00.369 / 00:06.531, 29Mb)
Sushi: info  Loaded hl7.fhir.r4.core#4.0.1 with 4581 resources                                       (00:01.803 / 00:08.335, 29Mb)
Sushi: info  Loaded virtual package sushi-local#LOCAL with 0 resources                               (00:00.006 / 00:08.341, 29Mb)
Sushi: info  Converting FSH to FHIR resources...                                                     (00:00.018 / 00:08.360, 29Mb)
Sushi: info  Converted 2 FHIR StructureDefinitions.                                                  (00:00.354 / 00:08.715, 29Mb)
Sushi: info  Converted 6 FHIR instances.                                                             (00:00.341 / 00:09.056, 29Mb)
Sushi: info  Exporting FHIR resources as JSON...                                                     (00:00.001 / 00:09.057, 29Mb)
Sushi: info  Exported 6 FHIR resources as JSON.                                                      (00:00.012 / 00:09.069, 29Mb)
Sushi: info  Assembling Implementation Guide sources...                                              (00:00.001 / 00:09.071, 29Mb)
Sushi: info  Generated ImplementationGuide-ans.cda.fr.tddui.json                                     (00:00.037 / 00:09.108, 29Mb)
Sushi: info  Assembled Implementation Guide sources; ready for IG Publisher.                         (00:00.000 / 00:09.109, 29Mb)
Sushi: ========================= SUSHI RESULTS ===========================                           (00:00.000 / 00:09.110, 29Mb)
Sushi: |  -------------------------------------------------------------  |                           (00:00.000 / 00:09.111, 29Mb)
Sushi: | |    Profiles   |  Extensions  |   Logicals   |   Resources   | |                           (00:00.000 / 00:09.111, 29Mb)
Sushi: | |-------------------------------------------------------------| |                           (00:00.000 / 00:09.112, 29Mb)
Sushi: | |       2       |      0       |      0       |       0       | |                           (00:00.000 / 00:09.113, 29Mb)
Sushi: |  -------------------------------------------------------------  |                           (00:00.000 / 00:09.113, 29Mb)
Sushi: |  -------------------------------------------------------------  |                           (00:00.000 / 00:09.114, 29Mb)
Sushi: | |      ValueSets     |    CodeSystems    |     Instances      | |                           (00:00.000 / 00:09.114, 29Mb)
Sushi: | |-------------------------------------------------------------| |                           (00:00.000 / 00:09.115, 29Mb)
Sushi: | |         0          |         0         |         6          | |                           (00:00.000 / 00:09.116, 29Mb)
Sushi: |  -------------------------------------------------------------  |                           (00:00.000 / 00:09.116, 29Mb)
Sushi: |                                                                 |                           (00:00.000 / 00:09.117, 29Mb)
Sushi: ===================================================================                           (00:00.000 / 00:09.117, 29Mb)
Sushi: | Why pun? Just for for the halibut.     0 Errors      0 Warnings |                           (00:00.000 / 00:09.118, 29Mb)
Sushi: ===================================================================                           (00:00.000 / 00:09.119, 29Mb)
Unable to load IG as an r5 IG - try R4 (property code is a class com.google.gson.JsonPrimitive looking for an object) (00:00.434 / 00:09.553, 56Mb)
Load Template from https://github.com/ansforge/IG-template                                           (00:00.426 / 00:09.980, 35Mb)
 Load Template from fhir.base.template#current                                                       (00:00.944 / 00:10.924, 36Mb)
Root directory: /tmp/ig-builds/ans.cda.fr.tddui#1.0.1                                                (00:02.935 / 00:13.860, 111Mb)
Terminology Cache is at /tmp/ig-builds/ans.cda.fr.tddui#1.0.1/input-cache/txcache. Clearing now      (00:00.579 / 00:14.439, 91Mb)
Core Package hl7.fhir.r4.core#4.0.1
Running Terminology Log: /tmp/ohfu-fhir-ig-5091555595608028939.log
Connect to Terminology Server at http://tx.fhir.org                                                  (00:03.220 / 00:17.659, 217Mb)
Load Package hl7.fhir.pubpack#0.2.1
Load Package hl7.fhir.xver-extensions#0.1.0
Load Package hl7.terminology.r4#6.5.0
Load Package hl7.terminology.r4#6.0.2
Load Package hl7.fhir.uv.extensions.r4#5.1.0
Load Package ans.fr.nos#1.3.0
Load Package hl7.fhir.fr.core#2.1.0
Load Package hl7.fhir.uv.extensions.r4#5.2.0
Load Package hl7.terminology.r4#5.0.0
Load Package fhir.dicom#2022.4.20221006
Load Package hl7.fhir.uv.ips#1.1.0
Load Package ans.fr.terminologies#1.2.0
Version mismatch. This IG is version 4.0.1, while the IG 'hl7.fhir.uv.extensions' is from version 5.0.0 (will try to run anyway) (00:07.023 / 00:24.683, 766Mb)
Ignore Dependency on Core FHIR hl7.fhir.r5.core#5.0.0, from package 'hl7.terminology.r5#6.2.0'       (00:00.466 / 00:25.149, 834Mb)
Load Package hl7.terminology.r5#6.2.0
Load Package hl7.fhir.uv.extensions#5.2.0
Load Package hl7.fhir.uv.tools.r4#0.4.1
Load R5 Specials
Initialization complete                                                                              (00:02.887 / 00:28.036, 776Mb)
Load Content                                                                                         (00:00.000 / 00:28.037, 776Mb)
Using fr_FR as the default narrative language. (inferred from ImplementationGuide.jurisdiction=FR)   (00:00.094 / 00:28.132, 782Mb)
Process Loaded Resources                                                                             (00:00.571 / 00:28.703, 780Mb)
Generating Snapshots                                                                                 (00:00.108 / 00:28.812, 794Mb)
loadPrePages from FetchedFile[/tmp/ig-builds/ans.cda.fr.tddui#1.0.1/fsh-generated/includes] as /tmp/ig-builds/ans.cda.fr.tddui#1.0.1/fsh-generated/includes
loadPrePages from FetchedFile[/tmp/ig-builds/ans.cda.fr.tddui#1.0.1/input/data] as /tmp/ig-builds/ans.cda.fr.tddui#1.0.1/input/data
loadPrePages from FetchedFile[/tmp/ig-builds/ans.cda.fr.tddui#1.0.1/input/pagecontent] as /tmp/ig-builds/ans.cda.fr.tddui#1.0.1/input/pagecontent
Fetch https://interop.esante.gouv.fr/ig/cda/tddui/package-list.json for version check                (00:00.296 / 00:29.108, 874Mb)
Processing Conformance Resources                                                                     (00:00.685 / 00:29.794, 876Mb)
Checking Language                                                                                    (00:00.000 / 00:29.794, 876Mb)
Load Dependency Info                                                                                 (00:00.000 / 00:29.795, 876Mb)
Load Info                                                                                            (00:00.000 / 00:29.796, 876Mb)
Load Paths                                                                                           (00:00.000 / 00:29.797, 877Mb)
Check R4 / R4B                                                                                       (00:00.000 / 00:29.798, 877Mb)
Assign Comparison Ids                                                                                (00:00.004 / 00:29.802, 878Mb)
Propagating status                                                                                   (00:00.000 / 00:29.803, 878Mb)
Generating Narratives                                                                                (00:00.000 / 00:29.803, 878Mb)
Validating Conformance Resources                                                                     (00:04.713 / 00:34.517, 980Mb)
Check profiles & code systems                                                                        (00:10.225 / 00:44.742, 702Mb)
Check realm rules                                                                                    (00:00.001 / 00:44.744, 702Mb)
Previous Version Comparison                                                                          (00:00.000 / 00:44.744, 702Mb)
FHIR Version mismatch in package hl7.fhir.uv.extensions#5.2.0: version is 5.0.0 but must be 4.0.1 (path: ans.cda.fr.tddui#1.0.0)
FHIR Version mismatch in package hl7.terminology.r5#6.2.0: version is 5.0.0 but must be 4.0.1 (path: ans.cda.fr.tddui#1.0.0 -> hl7.fhir.uv.extensions#5.2.0)
Validating Resources                                                                                 (00:09.256 / 00:54.001, 1Gb)
Processing Provenance Records                                                                        (00:02.492 / 00:56.493, 1Gb)
Generating Outputs in /tmp/ig-builds/ans.cda.fr.tddui#1.0.1/output                                   (00:00.000 / 00:56.494, 1Gb)
Generate Native Outputs                                                                              (00:00.083 / 00:56.577, 1Gb)
Run Template                                                                                         (00:00.617 / 00:57.194, 1Gb)
Generate HTML Outputs                                                                                (00:02.807 / 01:00.002, 1Gb)
Generate Spreadsheets                                                                                (00:01.902 / 01:01.904, 1Gb)
Generate Summaries                                                                                   (00:02.024 / 01:03.928, 1Gb)
Generating Summary Outputs                                                                           (00:00.000 / 01:03.929, 1Gb)
DB Cumulative Time invested: 00:00:00.67
Sending Usage Stats to Server                                                                        (00:10.259 / 01:14.189, 2Gb)
## Memory (MB): Use = 2205, Free = 436, Total = 2642, Max = 4000                                     (00:00.004 / 01:14.193, 2Gb)
Reclaiming memory...                                                                                 (00:00.001 / 01:14.194, 2Gb)
## Memory (MB): Use = 1256, Free = 1385, Total = 2642, Max = 4000                                    (00:00.579 / 01:14.774, 1Gb)
Run jekyll: jekyll build --destination "/tmp/ig-builds/ans.cda.fr.tddui#1.0.1/output" (in folder /tmp/ig-builds/ans.cda.fr.tddui#1.0.1/temp/pages) (00:00.001 / 01:14.776, 1Gb)
Troubleshooting Note: usual cases for Jekyll to fail are:                                            (00:00.001 / 01:14.777, 1Gb)
* A failure to produce a fragment that is already logged in the output above                         (00:00.001 / 01:14.778, 1Gb)
* A reference to a manually edited file that hasn't been provided                                    (00:00.000 / 01:14.779, 1Gb)
Jekyll: Source: /tmp/ig-builds/ans.cda.fr.tddui#1.0.1/temp/pages                                     (00:00.702 / 01:15.481, 1Gb)
Jekyll: Generating...                                                                                (00:00.000 / 01:15.482, 1Gb)
Jekyll: done in 1.314 seconds.                                                                       (00:01.313 / 01:16.796, 1Gb)

Installing ans.cda.fr.tddui#1.0.1
 done.
Checking Output HTML                                                                                 (00:00.732 / 01:17.528, 1Gb)
found 996 files                                                                                      (00:00.004 / 01:17.532, 1Gb)
.........................................
.........................................
  ... 996 html files, 0 pages invalid xhtml (0%)                                                     (00:03.832 / 01:21.365, 1Gb)
  ... 33325 links, 0 broken links (0%)                                                               (00:00.000 / 01:21.366, 1Gb)
Generate fragment-usage-analysis.csv                                                                 (00:00.000 / 01:21.366, 1Gb)
Build final .zip                                                                                     (00:00.005 / 01:21.372, 1Gb)
Final .zip built                                                                                     (00:01.357 / 01:22.729, 1Gb)
Built. Times: loading: 00:01.755, generate: 00:56.320, narrative generation: 00:04.713, realm-rules: 00:00.000, previous-version: 00:09.245, jekyll: 00:02.028, validation: 00:12.715 (#7), template: 00:02.813 (#3) (00:03.410 / 01:26.140, 1Gb)
Generating QA                                                                                        (00:00.000 / 01:26.140, 1Gb)
Internal error in location for message: 'Error @1, 1: Found / expecting a token name', loc = '/tmp/ig-builds/ans.cda.fr.tddui#1.0.1/output/cda/terminology.html', err = 'The html source does not contain the publish box; this is recommended for publishing support'
Internal error in location for message: 'Error @1, 1: Found / expecting a token name', loc = '/tmp/ig-builds/ans.cda.fr.tddui#1.0.1/output/cda/terminology.html#/html/head/script at Line 10, colu', err = 'The <script> containing the javascript 'window.treeTableColl'... is illegal and not allowed on the H'
Internal error in location for message: 'Error @1, 1: Found / expecting a token name', loc = '/tmp/ig-builds/ans.cda.fr.tddui#1.0.1/output/cda/terminology.html#/html/body/script at Line 20, colu', err = 'The <script> containing the javascript '// Envoie la hauteur'... is illegal and not allowed on the H'
Internal error in location for message: 'Error @1, 1: Found / expecting a token name', loc = '/tmp/ig-builds/ans.cda.fr.tddui#1.0.1/output/cda/tmp-1.2.250.1.213.1.1.1.1.10.10-2024-12-03T172030.h', err = 'The <script> containing the javascript 'window.treeTableColl'... is illegal and not allowed on the H'
Internal error in location for message: 'Error @1, 1: Found / expecting a token name', loc = '/tmp/ig-builds/ans.cda.fr.tddui#1.0.1/output/cda/tmp-1.2.250.1.213.1.1.1.1.10.10-2024-12-03T172030.h', err = 'The html source has duplicate anchor Ids: _1.2.250.1.213.1.1.1.1.9.218_,_1.2.250.1.213.1.1.1.1.9.219'
Internal error in location for message: 'Error @1, 1: Found / expecting a token name', loc = '/tmp/ig-builds/ans.cda.fr.tddui#1.0.1/output/cda/tmp-1.2.250.1.213.1.1.1.1.10.12-2024-09-10T104919.h', err = 'The html source has duplicate anchor Ids: _1.2.250.1.213.1.1.1.1.9.218_,_1.2.250.1.213.1.1.1.1.9.219'
Internal error in location for message: 'Error @1, 1: Found / expecting a token name', loc = '/tmp/ig-builds/ans.cda.fr.tddui#1.0.1/output/cda/tmp-1.2.250.1.213.1.1.1.1.10.14-2025-02-17T154344.h', err = 'The html source has duplicate anchor Ids: _1.2.250.1.213.1.1.1.1.9.218_,_1.2.250.1.213.1.1.1.1.9.219'
Internal error in location for message: 'Error @1, 1: Found / expecting a token name', loc = '/tmp/ig-builds/ans.cda.fr.tddui#1.0.1/output/cda/tmp-1.2.250.1.213.1.1.1.1.10.15-2023-12-15T171349.h', err = 'The html source has duplicate anchor Ids: _1.2.250.1.213.1.1.1.1.9.218_,_1.2.250.1.213.1.1.1.1.9.219'
Internal error in location for message: 'Error @1, 1: Found / expecting a token name', loc = '/tmp/ig-builds/ans.cda.fr.tddui#1.0.1/output/cda/tmp-1.2.250.1.213.1.1.1.1.10.16-2023-12-15T170436.h', err = 'The html source has duplicate anchor Ids: _1.2.250.1.213.1.1.1.1.9.218_,_1.2.250.1.213.1.1.1.1.9.219'
Internal error in location for message: 'Error @1, 1: Found / expecting a token name', loc = '/tmp/ig-builds/ans.cda.fr.tddui#1.0.1/output/cda/tmp-1.2.250.1.213.1.1.1.1.10.2-2024-12-20T130919.ht', err = 'The html source has duplicate anchor Ids: _1.2.250.1.213.1.1.1.1.9.218_,_1.2.250.1.213.1.1.1.1.9.219'
Internal error in location for message: 'Error @1, 1: Found / expecting a token name', loc = '/tmp/ig-builds/ans.cda.fr.tddui#1.0.1/output/cda/tmp-1.2.250.1.213.1.1.1.1.10.4-2024-11-20T161310.ht', err = 'The html source has duplicate anchor Ids: _1.2.250.1.213.1.1.1.1.9.218_,_1.2.250.1.213.1.1.1.1.9.219'
Internal error in location for message: 'Error @1, 1: Found / expecting a token name', loc = '/tmp/ig-builds/ans.cda.fr.tddui#1.0.1/output/cda/tmp-1.2.250.1.213.1.1.1.1.10.6-2024-10-11T151018.ht', err = 'The html source has duplicate anchor Ids: _1.2.250.1.213.1.1.1.1.9.218_,_1.2.250.1.213.1.1.1.1.9.219'
Internal error in location for message: 'Error @1, 1: Found / expecting a token name', loc = '/tmp/ig-builds/ans.cda.fr.tddui#1.0.1/output/cda/tmp-1.2.250.1.213.1.1.1.1.10.7-2025-02-17T150746.ht', err = 'The html source has duplicate anchor Ids: _1.2.250.1.213.1.1.1.1.9.218_,_1.2.250.1.213.1.1.1.1.9.219'
Internal error in location for message: 'Error @1, 1: Found / expecting a token name', loc = '/tmp/ig-builds/ans.cda.fr.tddui#1.0.1/output/cda/tmp-1.2.250.1.213.1.1.1.1.10.9-2023-12-14T150730.ht', err = 'The html source has duplicate anchor Ids: _1.2.250.1.213.1.1.1.1.9.218_,_1.2.250.1.213.1.1.1.1.9.219'
Internal error in location for message: 'Error @1, 1: Found / expecting a token name', loc = '/tmp/ig-builds/ans.cda.fr.tddui#1.0.1/output/cda/tmp-1.2.250.1.213.1.1.1.58-2025-01-22T180849.html', err = 'The html source has duplicate anchor Ids: _1.2.250.1.213.1.1.1.1.9.218_,_1.2.250.1.213.1.1.1.1.9.219'
Internal error in location for message: 'Error @1, 1: Found / expecting a token name', loc = '/tmp/ig-builds/ans.cda.fr.tddui#1.0.1/output/cda/tmp-1.2.250.1.213.1.1.1.99.99.10.85-2025-02-18T1444', err = 'The html source has duplicate anchor Ids: _1.2.250.1.213.1.1.1.1.9.218_,_1.2.250.1.213.1.1.1.1.9.219'
Internal error in location for message: 'Error @1, 1: Found / expecting a token name', loc = '/tmp/ig-builds/ans.cda.fr.tddui#1.0.1/output/cda/tmp-1.2.250.1.213.1.1.2.246-2024-10-21T160707.html', err = 'The html source has duplicate anchor Ids: _1.2.250.1.213.1.1.1.1.9.218_,_1.2.250.1.213.1.1.1.1.9.219'
Internal error in location for message: 'Error @1, 1: Found / expecting a token name', loc = '/tmp/ig-builds/ans.cda.fr.tddui#1.0.1/output/cda/tmp-1.2.250.1.213.1.1.3.215-2025-02-18T153709.html', err = 'The html source has duplicate anchor Ids: _1.2.250.1.213.1.1.1.1.9.218_,_1.2.250.1.213.1.1.1.1.9.219'
Internal error in location for message: 'Error @1, 1: Found / expecting a token name', loc = '/tmp/ig-builds/ans.cda.fr.tddui#1.0.1/output/cda/tmp-1.2.250.1.213.1.1.3.216-2025-02-18T175052.html', err = 'The html source has duplicate anchor Ids: _1.2.250.1.213.1.1.1.1.9.218_,_1.2.250.1.213.1.1.1.1.9.219'
Internal error in location for message: 'Error @1, 1: Found / expecting a token name', loc = '/tmp/ig-builds/ans.cda.fr.tddui#1.0.1/output/cda/tmp-1.2.250.1.213.1.1.3.217-2024-09-06T142804.html', err = 'The html source has duplicate anchor Ids: _1.2.250.1.213.1.1.1.1.9.218_,_1.2.250.1.213.1.1.1.1.9.219'
Internal error in location for message: 'Error @1, 1: Found / expecting a token name', loc = '/tmp/ig-builds/ans.cda.fr.tddui#1.0.1/output/cda/tmp-1.2.250.1.213.1.1.3.218-2024-09-17T165718.html', err = 'The html source has duplicate anchor Ids: _1.2.250.1.213.1.1.1.1.9.218_,_1.2.250.1.213.1.1.1.1.9.219'
Internal error in location for message: 'Error @1, 1: Found / expecting a token name', loc = '/tmp/ig-builds/ans.cda.fr.tddui#1.0.1/output/cda/tmp-1.2.250.1.213.1.1.3.24-2025-02-18T174947.html', err = 'The html source has duplicate anchor Ids: _1.2.250.1.213.1.1.1.1.9.218_,_1.2.250.1.213.1.1.1.1.9.219'
Internal error in location for message: 'Error @1, 1: Found / expecting a token name', loc = '/tmp/ig-builds/ans.cda.fr.tddui#1.0.1/output/cda/tmp-1.2.250.1.213.1.1.3.25-2024-10-21T164618.html', err = 'The html source has duplicate anchor Ids: _1.2.250.1.213.1.1.1.1.9.218_,_1.2.250.1.213.1.1.1.1.9.219'
Internal error in location for message: 'Error @1, 1: Found / expecting a token name', loc = '/tmp/ig-builds/ans.cda.fr.tddui#1.0.1/output/cda/tmp-1.2.250.1.213.1.1.3.32-2024-10-29T142132.html', err = 'The html source has duplicate anchor Ids: _1.2.250.1.213.1.1.1.1.9.218_,_1.2.250.1.213.1.1.1.1.9.219'
Internal error in location for message: 'Error @1, 1: Found / expecting a token name', loc = '/tmp/ig-builds/ans.cda.fr.tddui#1.0.1/output/cda/tmp-1.2.250.1.213.1.1.3.48-2024-10-29T154828.html', err = 'The html source has duplicate anchor Ids: _1.2.250.1.213.1.1.1.1.9.218_,_1.2.250.1.213.1.1.1.1.9.219'
Internal error in location for message: 'Error @1, 1: Found / expecting a token name', loc = '/tmp/ig-builds/ans.cda.fr.tddui#1.0.1/output/cda/tmp-1.2.250.1.213.1.1.3.48.6-2025-02-18T162507.html', err = 'The html source has duplicate anchor Ids: _1.2.250.1.213.1.1.1.1.9.218_,_1.2.250.1.213.1.1.1.1.9.219'
Internal error in location for message: 'Error @1, 1: Found / expecting a token name', loc = '/tmp/ig-builds/ans.cda.fr.tddui#1.0.1/output/cda/tmp-1.2.250.1.213.1.1.3.48.7-2025-02-18T162615.html', err = 'The html source has duplicate anchor Ids: _1.2.250.1.213.1.1.1.1.9.218_,_1.2.250.1.213.1.1.1.1.9.219'
Internal error in location for message: 'Error @1, 1: Found / expecting a token name', loc = '/tmp/ig-builds/ans.cda.fr.tddui#1.0.1/output/documentation.html#/html/body/div/div/div/div/div/scrip', err = 'The <script> containing the javascript 'window.location.href'... is illegal and not allowed on the H'
Internal error in location for message: 'Error @1, 1: Found / expecting a token name', loc = '/tmp/ig-builds/ans.cda.fr.tddui#1.0.1/output/site_ans.html#/html/body/div/div/div/div/div/script at ', err = 'The <script> containing the javascript 'window.location.href'... is illegal and not allowed on the H'
Internal error in location for message: 'Error @1, 1: Found / expecting a token name', loc = '/tmp/ig-builds/ans.cda.fr.tddui#1.0.1/output/specs_cda.html#/html/body/div/div/div/div/div/script at', err = 'The <script> containing the javascript 'window.location.href'... is illegal and not allowed on the H'
Internal error in location for message: 'Error @1, 1: Found / expecting a token name', loc = '/tmp/ig-builds/ans.cda.fr.tddui#1.0.1/output/specs_fhir.html#/html/body/div/div/div/div/div/script a', err = 'The <script> containing the javascript 'window.location.href'... is illegal and not allowed on the H'
Internal error in location for message: 'Error @1, 1: Found / expecting a token name', loc = '/tmp/ig-builds/ans.cda.fr.tddui#1.0.1/output/terminology_cda.html#/html/body/div/div/div/div/div/scr', err = 'The <script> containing the javascript 'window.addEventListe'... is illegal and not allowed on the H'
Validation output in /tmp/ig-builds/ans.cda.fr.tddui#1.0.1/output/qa.html
Errors: 1, Warnings: 62, Info: 16, Broken Links: 0 (00:00.884 / 01:27.025, 1Gb)
Finished. Max Memory Used = 2Gb. Log file saved in /tmp/fhir-ig-publisher-tmp.log                    (00:00.003 / 01:27.028, 1Gb)
Prepare Build space in /tmp/ig-builds/ans.cda.fr.tddui#1.0.1-milestone
Build IG at /home/runner/work/IG-contenu-cda-medicosocial-transfert-donnees-dui/IG-contenu-cda-medicosocial-transfert-donnees-dui/./igSource: final copy suitable for publication (in /tmp/ig-builds/ans.cda.fr.tddui#1.0.1-milestone) (milestone build)
FHIR IG Publisher Version 1.8.22 (Git# 3d9b32f2efa8). Built 2025-03-19T04:54:10.544Z (212 days old) 
Detected Java version: 17.0.10 from /opt/hostedtoolcache/Java_Microsoft_jdk/17.0.10/x64 on Linux/amd64 (64bit). 4000MB available
dir = /home/runner/work/IG-contenu-cda-medicosocial-transfert-donnees-dui/IG-contenu-cda-medicosocial-transfert-donnees-dui, path = /opt/hostedtoolcache/Ruby/3.3.9/x64/bin:/opt/hostedtoolcache/node/20.19.5/x64/bin:/opt/hostedtoolcache/Java_Microsoft_jdk/17.0.10/x64/bin:/snap/bin:/home/runner/.local/bin:/opt/pipx_bin:/home/runner/.cargo/bin:/home/runner/.config/composer/vendor/bin:/usr/local/.ghcup/bin:/home/runner/.dotnet/tools:/usr/local/sbin:/usr/local/bin:/usr/sbin:/usr/bin:/sbin:/bin:/usr/games:/usr/local/games:/snap/bin
Parameters: -ig /tmp/ig-builds/ans.cda.fr.tddui#1.0.1-milestone -publish https://interop.esante.gouv.fr/ig/cda/tddui/1.0.0 -milestone -no-exit
Character encoding = UTF-8 / UTF-8                                                                  
Start Clock @ Friday, October 17, 2025 at 8:51:29 AM Coordinated Universal Time (2025-10-17T08:51:29Z)
                                                                                                    
Build FHIR IG from /tmp/ig-builds/ans.cda.fr.tddui#1.0.1-milestone                                   (00:00.001 / 00:00.002, 1Gb)
Build Formal Publication package, intended for https://interop.esante.gouv.fr/ig/cda/tddui/1.0.0     (00:00.000 / 00:00.002, 1Gb)
API keys loaded from /home/runner/.fhir/fhir-settings.json                                           (00:00.000 / 00:00.002, 1Gb)
Package Cache: /home/runner/.fhir/packages                                                           (00:00.000 / 00:00.003, 1Gb)
Run Sushi on /tmp/ig-builds/ans.cda.fr.tddui#1.0.1-milestone                                         (00:00.000 / 00:00.003, 1Gb)
Sushi: info  Running SUSHI v3.16.5 (implements FHIR Shorthand specification v3.0.0)                  (00:00.414 / 00:00.418, 1Gb)
Sushi: info  Arguments:                                                                              (00:00.000 / 00:00.418, 1Gb)
Sushi: info    --require-latest                                                                      (00:00.000 / 00:00.418, 1Gb)
Sushi: info    --out /tmp/ig-builds/ans.cda.fr.tddui#1.0.1-milestone                                 (00:00.000 / 00:00.419, 1Gb)
Sushi: info    /tmp/ig-builds/ans.cda.fr.tddui#1.0.1-milestone                                       (00:00.000 / 00:00.419, 1Gb)
Sushi: info  Using configuration file: /tmp/ig-builds/ans.cda.fr.tddui#1.0.1-milestone/sushi-config.yaml (00:00.338 / 00:00.758, 1Gb)
Sushi: info  Importing FSH text...                                                                   (00:00.103 / 00:00.861, 1Gb)
Sushi: info  Preprocessed 7 documents with 8 aliases.                                                (00:00.126 / 00:00.987, 1Gb)
Sushi: info  Imported 2 definitions and 6 instances.                                                 (00:00.010 / 00:00.997, 1Gb)
Sushi: info  Loaded virtual package sushi-r5forR4#1.0.0 with 7 resources                             (00:00.082 / 00:01.080, 1Gb)
Sushi: info  Resolved hl7.fhir.uv.tools.r4#latest to concrete version 0.8.0                          (00:00.473 / 00:01.553, 1Gb)
Sushi: info  Loaded hl7.fhir.uv.tools.r4#0.8.0 with 110 resources                                    (00:00.052 / 00:01.605, 1Gb)
Sushi: info  Resolved hl7.terminology.r4#latest to concrete version 6.5.0                            (00:00.107 / 00:01.713, 1Gb)
Sushi: info  Loaded hl7.terminology.r4#6.5.0 with 4392 resources                                     (00:00.952 / 00:02.666, 1Gb)
Sushi: info  Loaded hl7.fhir.fr.core#2.1.0 with 120 resources                                        (00:00.048 / 00:02.714, 1Gb)
Sushi: info  Resolved ans.fr.terminologies#latest to concrete version 1.2.0                          (00:00.105 / 00:02.820, 1Gb)
Sushi: info  Loaded ans.fr.terminologies#1.2.0 with 1047 resources                                   (00:00.358 / 00:03.179, 1Gb)
Sushi: info  Loaded hl7.fhir.uv.extensions#5.2.0 with 759 resources                                  (00:00.167 / 00:03.346, 1Gb)
Sushi: info  Loaded hl7.fhir.r4.core#4.0.1 with 4581 resources                                       (00:00.894 / 00:04.241, 1Gb)
Sushi: info  Loaded virtual package sushi-local#LOCAL with 0 resources                               (00:00.007 / 00:04.248, 1Gb)
Sushi: info  Converting FSH to FHIR resources...                                                     (00:00.029 / 00:04.278, 1Gb)
Sushi: info  Converted 2 FHIR StructureDefinitions.                                                  (00:00.381 / 00:04.659, 1Gb)
Sushi: info  Converted 6 FHIR instances.                                                             (00:00.372 / 00:05.032, 1Gb)
Sushi: info  Exporting FHIR resources as JSON...                                                     (00:00.000 / 00:05.032, 1Gb)
Sushi: info  Exported 6 FHIR resources as JSON.                                                      (00:00.012 / 00:05.045, 1Gb)
Sushi: info  Assembling Implementation Guide sources...                                              (00:00.001 / 00:05.046, 1Gb)
Sushi: info  Generated ImplementationGuide-ans.cda.fr.tddui.json                                     (00:00.035 / 00:05.082, 1Gb)
Sushi: info  Assembled Implementation Guide sources; ready for IG Publisher.                         (00:00.000 / 00:05.082, 1Gb)
Sushi: ========================= SUSHI RESULTS ===========================                           (00:00.000 / 00:05.083, 1Gb)
Sushi: |  -------------------------------------------------------------  |                           (00:00.000 / 00:05.084, 1Gb)
Sushi: | |    Profiles   |  Extensions  |   Logicals   |   Resources   | |                           (00:00.000 / 00:05.084, 1Gb)
Sushi: | |-------------------------------------------------------------| |                           (00:00.000 / 00:05.085, 1Gb)
Sushi: | |       2       |      0       |      0       |       0       | |                           (00:00.000 / 00:05.085, 1Gb)
Sushi: |  -------------------------------------------------------------  |                           (00:00.000 / 00:05.086, 1Gb)
Sushi: |  -------------------------------------------------------------  |                           (00:00.000 / 00:05.087, 1Gb)
Sushi: | |      ValueSets     |    CodeSystems    |     Instances      | |                           (00:00.000 / 00:05.087, 1Gb)
Sushi: | |-------------------------------------------------------------| |                           (00:00.000 / 00:05.087, 1Gb)
Sushi: | |         0          |         0         |         6          | |                           (00:00.000 / 00:05.088, 1Gb)
Sushi: |  -------------------------------------------------------------  |                           (00:00.000 / 00:05.088, 1Gb)
Sushi: |                                                                 |                           (00:00.000 / 00:05.089, 1Gb)
Sushi: ===================================================================                           (00:00.000 / 00:05.089, 1Gb)
Sushi: | Swish! Nothing but fishnet.            0 Errors      0 Warnings |                           (00:00.000 / 00:05.090, 1Gb)
Sushi: ===================================================================                           (00:00.000 / 00:05.090, 1Gb)
Unable to load IG as an r5 IG - try R4 (property code is a class com.google.gson.JsonPrimitive looking for an object) (00:00.016 / 00:05.106, 1Gb)
Load Template from https://github.com/ansforge/IG-template                                           (00:00.015 / 00:05.122, 1Gb)
 Load Template from fhir.base.template#current                                                       (00:00.542 / 00:05.664, 1Gb)
Root directory: /tmp/ig-builds/ans.cda.fr.tddui#1.0.1-milestone                                      (00:01.490 / 00:07.155, 2Gb)
Terminology Cache is at /tmp/ig-builds/ans.cda.fr.tddui#1.0.1-milestone/input-cache/txcache. 11 files in cache (00:00.403 / 00:07.558, 2Gb)
Core Package hl7.fhir.r4.core#4.0.1
Running Terminology Log: /tmp/ohfu-fhir-ig-7965878457111442692.log
Connect to Terminology Server at http://tx.fhir.org                                                  (00:01.385 / 00:08.944, 1Gb)
Load Package hl7.fhir.pubpack#0.2.1
Load Package hl7.fhir.xver-extensions#0.1.0
Load Package hl7.terminology.r4#6.5.0
Load Package hl7.terminology.r4#6.0.2
Load Package hl7.fhir.uv.extensions.r4#5.1.0
Load Package ans.fr.nos#1.3.0
Load Package hl7.fhir.fr.core#2.1.0
Load Package hl7.fhir.uv.extensions.r4#5.2.0
Load Package hl7.terminology.r4#5.0.0
Load Package fhir.dicom#2022.4.20221006
Load Package hl7.fhir.uv.ips#1.1.0
Load Package ans.fr.terminologies#1.2.0
Version mismatch. This IG is version 4.0.1, while the IG 'hl7.fhir.uv.extensions' is from version 5.0.0 (will try to run anyway) (00:06.667 / 00:15.612, 1Gb)
Ignore Dependency on Core FHIR hl7.fhir.r5.core#5.0.0, from package 'hl7.terminology.r5#6.2.0'       (00:00.083 / 00:15.695, 1Gb)
Load Package hl7.terminology.r5#6.2.0
Load Package hl7.fhir.uv.extensions#5.2.0
Load Package hl7.fhir.uv.tools.r4#0.4.1
Load R5 Specials
Initialization complete                                                                              (00:02.185 / 00:17.880, 2Gb)
Load Content                                                                                         (00:00.000 / 00:17.881, 2Gb)
Using fr_FR as the default narrative language. (inferred from ImplementationGuide.jurisdiction=FR)   (00:00.009 / 00:17.890, 2Gb)
Process Loaded Resources                                                                             (00:00.129 / 00:18.020, 2Gb)
Generating Snapshots                                                                                 (00:00.055 / 00:18.076, 2Gb)
loadPrePages from FetchedFile[/tmp/ig-builds/ans.cda.fr.tddui#1.0.1-milestone/fsh-generated/includes] as /tmp/ig-builds/ans.cda.fr.tddui#1.0.1-milestone/fsh-generated/includes
loadPrePages from FetchedFile[/tmp/ig-builds/ans.cda.fr.tddui#1.0.1-milestone/input/data] as /tmp/ig-builds/ans.cda.fr.tddui#1.0.1-milestone/input/data
loadPrePages from FetchedFile[/tmp/ig-builds/ans.cda.fr.tddui#1.0.1-milestone/input/pagecontent] as /tmp/ig-builds/ans.cda.fr.tddui#1.0.1-milestone/input/pagecontent
Fetch https://interop.esante.gouv.fr/ig/cda/tddui/package-list.json for version check                (00:00.200 / 00:18.277, 1Gb)
Processing Conformance Resources                                                                     (00:00.838 / 00:19.115, 1Gb)
Checking Language                                                                                    (00:00.000 / 00:19.116, 1Gb)
Load Dependency Info                                                                                 (00:00.000 / 00:19.117, 1Gb)
Load Info                                                                                            (00:00.000 / 00:19.117, 1Gb)
Load Paths                                                                                           (00:00.000 / 00:19.118, 1Gb)
Check R4 / R4B                                                                                       (00:00.000 / 00:19.119, 1Gb)
Assign Comparison Ids                                                                                (00:00.002 / 00:19.121, 1Gb)
Propagating status                                                                                   (00:00.000 / 00:19.122, 1Gb)
Generating Narratives                                                                                (00:00.000 / 00:19.122, 1Gb)
Validating Conformance Resources                                                                     (00:00.264 / 00:19.387, 1Gb)
Check profiles & code systems                                                                        (00:04.486 / 00:23.873, 2Gb)
Check realm rules                                                                                    (00:00.000 / 00:23.874, 2Gb)
Previous Version Comparison                                                                          (00:00.000 / 00:23.875, 2Gb)
FHIR Version mismatch in package hl7.fhir.uv.extensions#5.2.0: version is 5.0.0 but must be 4.0.1 (path: ans.cda.fr.tddui#1.0.0)
FHIR Version mismatch in package hl7.terminology.r5#6.2.0: version is 5.0.0 but must be 4.0.1 (path: ans.cda.fr.tddui#1.0.0 -> hl7.fhir.uv.extensions#5.2.0)
Validating Resources                                                                                 (00:07.933 / 00:31.808, 2Gb)
Processing Provenance Records                                                                        (00:00.112 / 00:31.920, 2Gb)
Generating Outputs in /tmp/ig-builds/ans.cda.fr.tddui#1.0.1-milestone/output                         (00:00.000 / 00:31.921, 2Gb)
Generate Native Outputs                                                                              (00:00.082 / 00:32.004, 2Gb)
Run Template                                                                                         (00:00.628 / 00:32.632, 2Gb)
Generate HTML Outputs                                                                                (00:02.767 / 00:35.400, 2Gb)
Generate Spreadsheets                                                                                (00:01.207 / 00:36.608, 2Gb)
Generate Summaries                                                                                   (00:00.630 / 00:37.238, 2Gb)
Generating Summary Outputs                                                                           (00:00.000 / 00:37.239, 2Gb)
DB Cumulative Time invested: 00:00:00.70
Sending Usage Stats to Server                                                                        (00:07.552 / 00:44.792, 2Gb)
## Memory (MB): Use = 3052, Free = 947, Total = 4000, Max = 4000                                     (00:00.000 / 00:44.793, 2Gb)
Reclaiming memory...                                                                                 (00:00.000 / 00:44.794, 2Gb)
## Memory (MB): Use = 2487, Free = 1512, Total = 4000, Max = 4000                                    (00:01.160 / 00:45.954, 2Gb)
Run jekyll: jekyll build --destination "/tmp/ig-builds/ans.cda.fr.tddui#1.0.1-milestone/output" (in folder /tmp/ig-builds/ans.cda.fr.tddui#1.0.1-milestone/temp/pages) (00:00.000 / 00:45.955, 2Gb)
Troubleshooting Note: usual cases for Jekyll to fail are:                                            (00:00.000 / 00:45.956, 2Gb)
* A failure to produce a fragment that is already logged in the output above                         (00:00.000 / 00:45.956, 2Gb)
* A reference to a manually edited file that hasn't been provided                                    (00:00.000 / 00:45.957, 2Gb)
Jekyll: Source: /tmp/ig-builds/ans.cda.fr.tddui#1.0.1-milestone/temp/pages                           (00:00.344 / 00:46.302, 2Gb)
Jekyll: Generating...                                                                                (00:00.000 / 00:46.302, 2Gb)
Jekyll: done in 1.209 seconds.                                                                       (00:01.208 / 00:47.510, 2Gb)

Installing ans.cda.fr.tddui#1.0.1
Checking Output HTML                                                                                 (00:00.266 / 00:47.777, 2Gb)
found 996 files                                                                                      (00:00.004 / 00:47.781, 2Gb)
.........................................
.........................................
  ... 996 html files, 0 pages invalid xhtml (0%)                                                     (00:03.376 / 00:51.158, 3Gb)
  ... 33325 links, 0 broken links (0%)                                                               (00:00.000 / 00:51.158, 3Gb)
Generate fragment-usage-analysis.csv                                                                 (00:00.000 / 00:51.159, 3Gb)
Build final .zip                                                                                     (00:00.006 / 00:51.166, 3Gb)
Final .zip built                                                                                     (00:01.358 / 00:52.525, 3Gb)
Built. Times: loading: 00:01.234, generate: 00:36.899, narrative generation: 00:00.264, realm-rules: 00:00.000, previous-version: 00:07.923, jekyll: 00:01.564, validation: 00:04.596 (#7), template: 00:02.772 (#3) (00:03.491 / 00:56.016, 3Gb)
Generating QA                                                                                        (00:00.000 / 00:56.017, 3Gb)
Internal error in location for message: 'Error @1, 1: Found / expecting a token name', loc = '/tmp/ig-builds/ans.cda.fr.tddui#1.0.1-milestone/output/cda/terminology.html', err = 'The html source does not contain the publish box; this is recommended for publishing support'
Internal error in location for message: 'Error @1, 1: Found / expecting a token name', loc = '/tmp/ig-builds/ans.cda.fr.tddui#1.0.1-milestone/output/cda/terminology.html#/html/head/script at Lin', err = 'The <script> containing the javascript 'window.treeTableColl'... is illegal and not allowed on the H'
Internal error in location for message: 'Error @1, 1: Found / expecting a token name', loc = '/tmp/ig-builds/ans.cda.fr.tddui#1.0.1-milestone/output/cda/terminology.html#/html/body/script at Lin', err = 'The <script> containing the javascript '// Envoie la hauteur'... is illegal and not allowed on the H'
Internal error in location for message: 'Error @1, 1: Found / expecting a token name', loc = '/tmp/ig-builds/ans.cda.fr.tddui#1.0.1-milestone/output/cda/tmp-1.2.250.1.213.1.1.1.1.10.10-2024-12-0', err = 'The <script> containing the javascript 'window.treeTableColl'... is illegal and not allowed on the H'
Internal error in location for message: 'Error @1, 1: Found / expecting a token name', loc = '/tmp/ig-builds/ans.cda.fr.tddui#1.0.1-milestone/output/cda/tmp-1.2.250.1.213.1.1.1.1.10.10-2024-12-0', err = 'The html source has duplicate anchor Ids: _1.2.250.1.213.1.1.1.1.9.218_,_1.2.250.1.213.1.1.1.1.9.219'
Internal error in location for message: 'Error @1, 1: Found / expecting a token name', loc = '/tmp/ig-builds/ans.cda.fr.tddui#1.0.1-milestone/output/cda/tmp-1.2.250.1.213.1.1.1.1.10.12-2024-09-1', err = 'The html source has duplicate anchor Ids: _1.2.250.1.213.1.1.1.1.9.218_,_1.2.250.1.213.1.1.1.1.9.219'
Internal error in location for message: 'Error @1, 1: Found / expecting a token name', loc = '/tmp/ig-builds/ans.cda.fr.tddui#1.0.1-milestone/output/cda/tmp-1.2.250.1.213.1.1.1.1.10.14-2025-02-1', err = 'The html source has duplicate anchor Ids: _1.2.250.1.213.1.1.1.1.9.218_,_1.2.250.1.213.1.1.1.1.9.219'
Internal error in location for message: 'Error @1, 1: Found / expecting a token name', loc = '/tmp/ig-builds/ans.cda.fr.tddui#1.0.1-milestone/output/cda/tmp-1.2.250.1.213.1.1.1.1.10.15-2023-12-1', err = 'The html source has duplicate anchor Ids: _1.2.250.1.213.1.1.1.1.9.218_,_1.2.250.1.213.1.1.1.1.9.219'
Internal error in location for message: 'Error @1, 1: Found / expecting a token name', loc = '/tmp/ig-builds/ans.cda.fr.tddui#1.0.1-milestone/output/cda/tmp-1.2.250.1.213.1.1.1.1.10.16-2023-12-1', err = 'The html source has duplicate anchor Ids: _1.2.250.1.213.1.1.1.1.9.218_,_1.2.250.1.213.1.1.1.1.9.219'
Internal error in location for message: 'Error @1, 1: Found / expecting a token name', loc = '/tmp/ig-builds/ans.cda.fr.tddui#1.0.1-milestone/output/cda/tmp-1.2.250.1.213.1.1.1.1.10.2-2024-12-20', err = 'The html source has duplicate anchor Ids: _1.2.250.1.213.1.1.1.1.9.218_,_1.2.250.1.213.1.1.1.1.9.219'
Internal error in location for message: 'Error @1, 1: Found / expecting a token name', loc = '/tmp/ig-builds/ans.cda.fr.tddui#1.0.1-milestone/output/cda/tmp-1.2.250.1.213.1.1.1.1.10.4-2024-11-20', err = 'The html source has duplicate anchor Ids: _1.2.250.1.213.1.1.1.1.9.218_,_1.2.250.1.213.1.1.1.1.9.219'
Internal error in location for message: 'Error @1, 1: Found / expecting a token name', loc = '/tmp/ig-builds/ans.cda.fr.tddui#1.0.1-milestone/output/cda/tmp-1.2.250.1.213.1.1.1.1.10.6-2024-10-11', err = 'The html source has duplicate anchor Ids: _1.2.250.1.213.1.1.1.1.9.218_,_1.2.250.1.213.1.1.1.1.9.219'
Internal error in location for message: 'Error @1, 1: Found / expecting a token name', loc = '/tmp/ig-builds/ans.cda.fr.tddui#1.0.1-milestone/output/cda/tmp-1.2.250.1.213.1.1.1.1.10.7-2025-02-17', err = 'The html source has duplicate anchor Ids: _1.2.250.1.213.1.1.1.1.9.218_,_1.2.250.1.213.1.1.1.1.9.219'
Internal error in location for message: 'Error @1, 1: Found / expecting a token name', loc = '/tmp/ig-builds/ans.cda.fr.tddui#1.0.1-milestone/output/cda/tmp-1.2.250.1.213.1.1.1.1.10.9-2023-12-14', err = 'The html source has duplicate anchor Ids: _1.2.250.1.213.1.1.1.1.9.218_,_1.2.250.1.213.1.1.1.1.9.219'
Internal error in location for message: 'Error @1, 1: Found / expecting a token name', loc = '/tmp/ig-builds/ans.cda.fr.tddui#1.0.1-milestone/output/cda/tmp-1.2.250.1.213.1.1.1.58-2025-01-22T180', err = 'The html source has duplicate anchor Ids: _1.2.250.1.213.1.1.1.1.9.218_,_1.2.250.1.213.1.1.1.1.9.219'
Internal error in location for message: 'Error @1, 1: Found / expecting a token name', loc = '/tmp/ig-builds/ans.cda.fr.tddui#1.0.1-milestone/output/cda/tmp-1.2.250.1.213.1.1.1.99.99.10.85-2025-', err = 'The html source has duplicate anchor Ids: _1.2.250.1.213.1.1.1.1.9.218_,_1.2.250.1.213.1.1.1.1.9.219'
Internal error in location for message: 'Error @1, 1: Found / expecting a token name', loc = '/tmp/ig-builds/ans.cda.fr.tddui#1.0.1-milestone/output/cda/tmp-1.2.250.1.213.1.1.2.246-2024-10-21T16', err = 'The html source has duplicate anchor Ids: _1.2.250.1.213.1.1.1.1.9.218_,_1.2.250.1.213.1.1.1.1.9.219'
Internal error in location for message: 'Error @1, 1: Found / expecting a token name', loc = '/tmp/ig-builds/ans.cda.fr.tddui#1.0.1-milestone/output/cda/tmp-1.2.250.1.213.1.1.3.215-2025-02-18T15', err = 'The html source has duplicate anchor Ids: _1.2.250.1.213.1.1.1.1.9.218_,_1.2.250.1.213.1.1.1.1.9.219'
Internal error in location for message: 'Error @1, 1: Found / expecting a token name', loc = '/tmp/ig-builds/ans.cda.fr.tddui#1.0.1-milestone/output/cda/tmp-1.2.250.1.213.1.1.3.216-2025-02-18T17', err = 'The html source has duplicate anchor Ids: _1.2.250.1.213.1.1.1.1.9.218_,_1.2.250.1.213.1.1.1.1.9.219'
Internal error in location for message: 'Error @1, 1: Found / expecting a token name', loc = '/tmp/ig-builds/ans.cda.fr.tddui#1.0.1-milestone/output/cda/tmp-1.2.250.1.213.1.1.3.217-2024-09-06T14', err = 'The html source has duplicate anchor Ids: _1.2.250.1.213.1.1.1.1.9.218_,_1.2.250.1.213.1.1.1.1.9.219'
Internal error in location for message: 'Error @1, 1: Found / expecting a token name', loc = '/tmp/ig-builds/ans.cda.fr.tddui#1.0.1-milestone/output/cda/tmp-1.2.250.1.213.1.1.3.218-2024-09-17T16', err = 'The html source has duplicate anchor Ids: _1.2.250.1.213.1.1.1.1.9.218_,_1.2.250.1.213.1.1.1.1.9.219'
Internal error in location for message: 'Error @1, 1: Found / expecting a token name', loc = '/tmp/ig-builds/ans.cda.fr.tddui#1.0.1-milestone/output/cda/tmp-1.2.250.1.213.1.1.3.24-2025-02-18T174', err = 'The html source has duplicate anchor Ids: _1.2.250.1.213.1.1.1.1.9.218_,_1.2.250.1.213.1.1.1.1.9.219'
Internal error in location for message: 'Error @1, 1: Found / expecting a token name', loc = '/tmp/ig-builds/ans.cda.fr.tddui#1.0.1-milestone/output/cda/tmp-1.2.250.1.213.1.1.3.25-2024-10-21T164', err = 'The html source has duplicate anchor Ids: _1.2.250.1.213.1.1.1.1.9.218_,_1.2.250.1.213.1.1.1.1.9.219'
Internal error in location for message: 'Error @1, 1: Found / expecting a token name', loc = '/tmp/ig-builds/ans.cda.fr.tddui#1.0.1-milestone/output/cda/tmp-1.2.250.1.213.1.1.3.32-2024-10-29T142', err = 'The html source has duplicate anchor Ids: _1.2.250.1.213.1.1.1.1.9.218_,_1.2.250.1.213.1.1.1.1.9.219'
Internal error in location for message: 'Error @1, 1: Found / expecting a token name', loc = '/tmp/ig-builds/ans.cda.fr.tddui#1.0.1-milestone/output/cda/tmp-1.2.250.1.213.1.1.3.48-2024-10-29T154', err = 'The html source has duplicate anchor Ids: _1.2.250.1.213.1.1.1.1.9.218_,_1.2.250.1.213.1.1.1.1.9.219'
Internal error in location for message: 'Error @1, 1: Found / expecting a token name', loc = '/tmp/ig-builds/ans.cda.fr.tddui#1.0.1-milestone/output/cda/tmp-1.2.250.1.213.1.1.3.48.6-2025-02-18T1', err = 'The html source has duplicate anchor Ids: _1.2.250.1.213.1.1.1.1.9.218_,_1.2.250.1.213.1.1.1.1.9.219'
Internal error in location for message: 'Error @1, 1: Found / expecting a token name', loc = '/tmp/ig-builds/ans.cda.fr.tddui#1.0.1-milestone/output/cda/tmp-1.2.250.1.213.1.1.3.48.7-2025-02-18T1', err = 'The html source has duplicate anchor Ids: _1.2.250.1.213.1.1.1.1.9.218_,_1.2.250.1.213.1.1.1.1.9.219'
Internal error in location for message: 'Error @1, 1: Found / expecting a token name', loc = '/tmp/ig-builds/ans.cda.fr.tddui#1.0.1-milestone/output/documentation.html#/html/body/div/div/div/div', err = 'The <script> containing the javascript 'window.location.href'... is illegal and not allowed on the H'
Internal error in location for message: 'Error @1, 1: Found / expecting a token name', loc = '/tmp/ig-builds/ans.cda.fr.tddui#1.0.1-milestone/output/site_ans.html#/html/body/div/div/div/div/div/', err = 'The <script> containing the javascript 'window.location.href'... is illegal and not allowed on the H'
Internal error in location for message: 'Error @1, 1: Found / expecting a token name', loc = '/tmp/ig-builds/ans.cda.fr.tddui#1.0.1-milestone/output/specs_cda.html#/html/body/div/div/div/div/div', err = 'The <script> containing the javascript 'window.location.href'... is illegal and not allowed on the H'
Internal error in location for message: 'Error @1, 1: Found / expecting a token name', loc = '/tmp/ig-builds/ans.cda.fr.tddui#1.0.1-milestone/output/specs_fhir.html#/html/body/div/div/div/div/di', err = 'The <script> containing the javascript 'window.location.href'... is illegal and not allowed on the H'
Internal error in location for message: 'Error @1, 1: Found / expecting a token name', loc = '/tmp/ig-builds/ans.cda.fr.tddui#1.0.1-milestone/output/terminology_cda.html#/html/body/div/div/div/d', err = 'The <script> containing the javascript 'window.addEventListe'... is illegal and not allowed on the H'
Validation output in /tmp/ig-builds/ans.cda.fr.tddui#1.0.1-milestone/output/qa.html
Errors: 1, Warnings: 62, Info: 16, Broken Links: 0 (00:00.787 / 00:56.804, 2Gb)
Finished. Max Memory Used = 3Gb. Log file saved in /tmp/fhir-ig-publisher-tmp.log                    (00:00.002 / 00:56.806, 2Gb)
Keep a copy of the build directory at /tmp/web-root/run-20251017/ig-build-zips/ans.cda.fr.tddui#1.0.1.zip

ok. All checks passed. Publish v1.0.1 to /tmp/web-root/run-20251017/tddui/1.0.0
Copy the IG to /tmp/web-root/run-20251017/tddui/1.0.0
Update /tmp/web-root/run-20251017/tddui/package-list.json
Publish Box Statement: This page is part of the Guide d'implmentation pour le contenu CDA du transfert donnees dui (v1.0.1: Release) based on <a no-external="true" href="http://hl7.org/fhir/R4">FHIR (HL7 FHIR Standard) R4</a>. This is the current published version in its permanent home (it will always be available at this URL).  For a full list of available versions, see the <a no-external="true" href="https://interop.esante.gouv.fr/ig/cda/tddui/history.html">Directory of published versions</a>
no html insert in /tmp/web-root/run-20251017/tddui/1.0.0/cda/tmp-1.2.250.1.213.1.1.3.215-2025-02-18T153709.html
no html insert in /tmp/web-root/run-20251017/tddui/1.0.0/cda/tmp-1.2.250.1.213.1.1.3.48.6-2025-02-18T162507.html
no html insert in /tmp/web-root/run-20251017/tddui/1.0.0/cda/voc-1.2.250.1.213.1.1.5.808-2024-09-18T000000.html
no html insert in /tmp/web-root/run-20251017/tddui/1.0.0/cda/tmp-1.2.250.1.213.1.1.3.48.18-2024-11-14T165825.html
no html insert in /tmp/web-root/run-20251017/tddui/1.0.0/cda/tmp-1.2.250.1.213.1.1.3.24-2025-02-18T174947.html
no html insert in /tmp/web-root/run-20251017/tddui/1.0.0/cda/voc-1.2.250.1.213.3.3.252-2024-10-25T120000.html
no html insert in /tmp/web-root/run-20251017/tddui/1.0.0/cda/tmp-1.2.250.1.213.1.1.3.218-2024-09-17T165718.html
no html insert in /tmp/web-root/run-20251017/tddui/1.0.0/cda/tmp-1.2.250.1.213.1.1.1.1.10.4-2024-11-20T161310.html
no html insert in /tmp/web-root/run-20251017/tddui/1.0.0/cda/voc-1.2.250.1.213.3.3.16-2016-09-01T000000.html
no html insert in /tmp/web-root/run-20251017/tddui/1.0.0/cda/voc-1.2.250.1.213.1.1.5.590-2021-03-26T120000.html
no html insert in /tmp/web-root/run-20251017/tddui/1.0.0/cda/tmp-1.2.250.1.213.1.1.3.18-2024-10-29T143105.html
no html insert in /tmp/web-root/run-20251017/tddui/1.0.0/cda/voc-1.2.250.1.213.3.3.251-2024-10-25T120000.html
no html insert in /tmp/web-root/run-20251017/tddui/1.0.0/cda/voc-1.2.250.1.213.1.1.5.809-2024-09-18T000000.html
no html insert in /tmp/web-root/run-20251017/tddui/1.0.0/cda/tmp-1.2.250.1.213.1.1.3.32-2024-10-29T142132.html
no html insert in /tmp/web-root/run-20251017/tddui/1.0.0/cda/voc-1.2.250.1.213.1.1.5.811-2025-10-10T172851.html
no html insert in /tmp/web-root/run-20251017/tddui/1.0.0/cda/voc-1.2.250.1.213.1.1.5.73-2010-01-01T000000.html
no html insert in /tmp/web-root/run-20251017/tddui/1.0.0/cda/voc-1.2.250.1.213.1.1.5.802-2024-09-06T000000.html
no html insert in /tmp/web-root/run-20251017/tddui/1.0.0/cda/voc-1.2.250.1.213.1.1.5.124-2018-03-30T120000.html
no html insert in /tmp/web-root/run-20251017/tddui/1.0.0/cda/voc-2.16.840.1.113883.1.11.10228-2014-03-26T000000.html
no html insert in /tmp/web-root/run-20251017/tddui/1.0.0/cda/tmp-1.2.250.1.213.1.1.3.48-2024-10-29T154828.html
no html insert in /tmp/web-root/run-20251017/tddui/1.0.0/cda/voc-2.16.840.1.113883.1.11.10901-2014-03-26T000000.html
no html insert in /tmp/web-root/run-20251017/tddui/1.0.0/cda/tmp-1.2.250.1.213.1.1.1.1.10.17-2024-02-20T154733.html
no html insert in /tmp/web-root/run-20251017/tddui/1.0.0/cda/voc-2.16.840.1.113883.1.11.15933-2014-03-26T000000.html
no html insert in /tmp/web-root/run-20251017/tddui/1.0.0/cda/voc-1.2.250.1.213.1.1.5.466-2014-10-08T000000.html
no html insert in /tmp/web-root/run-20251017/tddui/1.0.0/cda/voc-1.2.250.1.213.1.1.5.804-2024-09-06T000000.html
no html insert in /tmp/web-root/run-20251017/tddui/1.0.0/cda/tmp-1.2.250.1.213.1.1.2.249-2024-09-18T104731.html
no html insert in /tmp/web-root/run-20251017/tddui/1.0.0/cda/tmp-1.2.250.1.213.1.1.1.1.10.14-2025-02-17T154344.html
no html insert in /tmp/web-root/run-20251017/tddui/1.0.0/cda/voc-1.2.250.1.213.1.1.5.126-2010-01-01T000000.html
no html insert in /tmp/web-root/run-20251017/tddui/1.0.0/cda/tmp-1.2.250.1.213.1.1.3.217-2024-09-06T142804.html
no html insert in /tmp/web-root/run-20251017/tddui/1.0.0/cda/voc-1.2.250.1.213.1.1.5.53-2010-01-01T000000.html
no html insert in /tmp/web-root/run-20251017/tddui/1.0.0/cda/voc-1.2.250.1.213.1.1.5.467-2010-11-04T000000.html
no html insert in /tmp/web-root/run-20251017/tddui/1.0.0/cda/voc-1.2.250.1.213.1.1.5.801-2024-09-02T000000.html
no html insert in /tmp/web-root/run-20251017/tddui/1.0.0/cda/tmp-1.2.250.1.213.1.1.3.61-2024-10-29T142700.html
no html insert in /tmp/web-root/run-20251017/tddui/1.0.0/cda/tmp-1.2.250.1.213.1.1.3.214-2024-11-19T121425.html
no html insert in /tmp/web-root/run-20251017/tddui/1.0.0/cda/tmp-1.2.250.1.213.1.1.1.1.10.16-2023-12-15T170436.html
no html insert in /tmp/web-root/run-20251017/tddui/1.0.0/cda/voc-1.2.250.1.213.1.1.5.528-2021-01-29T120000.html
no html insert in /tmp/web-root/run-20251017/tddui/1.0.0/cda/tmp-1.2.250.1.213.1.1.1.1.10.7-2025-02-17T150746.html
no html insert in /tmp/web-root/run-20251017/tddui/1.0.0/cda/voc-1.2.250.1.213.1.1.1.58.2024.11.2-2024-09-30T145837.html
no html insert in /tmp/web-root/run-20251017/tddui/1.0.0/cda/tmp-1.2.250.1.213.1.1.1.1.10.13-2025-02-17T152516.html
no html insert in /tmp/web-root/run-20251017/tddui/1.0.0/cda/voc-1.2.250.1.213.1.1.5.803-2024-09-06T000000.html
no html insert in /tmp/web-root/run-20251017/tddui/1.0.0/cda/tmp-1.2.250.1.213.1.1.3.219-2024-10-17T211142.html
no html insert in /tmp/web-root/run-20251017/tddui/1.0.0/cda/voc-1.2.250.1.213.1.1.5.805-2024-09-18T000000.html
no html insert in /tmp/web-root/run-20251017/tddui/1.0.0/cda/tmp-1.2.250.1.213.1.1.3.94-2025-02-18T163426.html
no html insert in /tmp/web-root/run-20251017/tddui/1.0.0/cda/voc-1.2.250.1.213.1.1.5.807-2024-09-18T000000.html
no html insert in /tmp/web-root/run-20251017/tddui/1.0.0/cda/voc-1.2.250.1.213.1.1.1.58.2024.11.1-2024-09-30T145433.html
no html insert in /tmp/web-root/run-20251017/tddui/1.0.0/cda/tmp-1.2.250.1.213.1.1.2.248-2024-09-06T174901.html
no html insert in /tmp/web-root/run-20251017/tddui/1.0.0/cda/voc-1.2.250.1.213.1.1.5.718-2023-03-31T120000.html
no html insert in /tmp/web-root/run-20251017/tddui/1.0.0/cda/voc-1.2.250.1.213.1.1.5.461-2012-11-12T000000.html
no html insert in /tmp/web-root/run-20251017/tddui/1.0.0/cda/tmp-1.2.250.1.213.1.1.1.1.10.25-2024-09-30T105040.html
no html insert in /tmp/web-root/run-20251017/tddui/1.0.0/cda/voc-1.2.250.1.213.1.1.5.816-2024-12-19T000000.html
no html insert in /tmp/web-root/run-20251017/tddui/1.0.0/cda/voc-1.2.250.1.213.1.1.5.588-2021-03-26T120000.html
no html insert in /tmp/web-root/run-20251017/tddui/1.0.0/cda/tmp-1.2.250.1.213.1.1.1.1.10.12-2024-09-10T104919.html
no html insert in /tmp/web-root/run-20251017/tddui/1.0.0/cda/tmp-1.2.250.1.213.1.1.1.58-2025-01-22T180849.html
no html insert in /tmp/web-root/run-20251017/tddui/1.0.0/cda/terminology.html
no html insert in /tmp/web-root/run-20251017/tddui/1.0.0/cda/voc-1.2.250.1.213.1.1.5.591-2021-03-26T120000.html
no html insert in /tmp/web-root/run-20251017/tddui/1.0.0/cda/voc-1.2.250.1.213.3.3.253-2024-10-25T120000.html
no html insert in /tmp/web-root/run-20251017/tddui/1.0.0/cda/tmp-1.2.250.1.213.1.1.1.1.10.5-2017-12-11T145049.html
no html insert in /tmp/web-root/run-20251017/tddui/1.0.0/cda/voc-1.2.250.1.213.1.1.5.125-2010-01-01T000000.html
no html insert in /tmp/web-root/run-20251017/tddui/1.0.0/cda/tmp-1.2.250.1.213.1.1.1.1.10.6-2024-10-11T151018.html
no html insert in /tmp/web-root/run-20251017/tddui/1.0.0/cda/tmp-1.2.250.1.213.1.1.1.1.10.2-2024-12-20T130919.html
no html insert in /tmp/web-root/run-20251017/tddui/1.0.0/cda/tmp-1.2.250.1.213.1.1.1.1.10.9-2023-12-14T150730.html
no html insert in /tmp/web-root/run-20251017/tddui/1.0.0/cda/tmp-1.2.250.1.213.1.1.1.1.10.3-2024-04-29T110947.html
no html insert in /tmp/web-root/run-20251017/tddui/1.0.0/cda/voc-1.2.250.1.213.3.3.254-2024-10-25T120000.html
no html insert in /tmp/web-root/run-20251017/tddui/1.0.0/cda/tmp-1.2.250.1.213.1.1.2.246-2024-10-21T160707.html
no html insert in /tmp/web-root/run-20251017/tddui/1.0.0/cda/tmp-1.2.250.1.213.1.1.3.95-2024-10-16T152305.html
no html insert in /tmp/web-root/run-20251017/tddui/1.0.0/cda/tmp-1.2.250.1.213.1.1.3.48.7-2025-02-18T162615.html
no html insert in /tmp/web-root/run-20251017/tddui/1.0.0/cda/voc-1.2.250.1.213.1.1.5.140-2010-01-01T000000.html
no html insert in /tmp/web-root/run-20251017/tddui/1.0.0/cda/tmp-1.2.250.1.213.1.1.3.216-2025-02-18T175052.html
no html insert in /tmp/web-root/run-20251017/tddui/1.0.0/cda/tmp-1.2.250.1.213.1.1.3.36-2024-11-14T144916.html
no html insert in /tmp/web-root/run-20251017/tddui/1.0.0/cda/voc-1.2.250.1.213.1.1.5.806-2024-09-18T000000.html
no html insert in /tmp/web-root/run-20251017/tddui/1.0.0/cda/tmp-1.2.250.1.213.1.1.1.99.99.10.85-2025-02-18T144446.html
no html insert in /tmp/web-root/run-20251017/tddui/1.0.0/cda/tmp-1.2.250.1.213.1.1.1.1.10.15-2023-12-15T171349.html
no html insert in /tmp/web-root/run-20251017/tddui/1.0.0/cda/voc-1.2.250.1.213.1.1.5.817-2024-12-19T000000.html
no html insert in /tmp/web-root/run-20251017/tddui/1.0.0/cda/voc-1.2.250.1.213.1.1.5.589-2021-03-26T120000.html
no html insert in /tmp/web-root/run-20251017/tddui/1.0.0/cda/tmp-1.2.250.1.213.1.1.3.109-2024-11-20T154401.html
no html insert in /tmp/web-root/run-20251017/tddui/1.0.0/cda/tmp-1.2.250.1.213.1.1.3.25-2024-10-21T164618.html
no html insert in /tmp/web-root/run-20251017/tddui/1.0.0/cda/tmp-1.2.250.1.213.1.1.1.1.10.11-2024-10-22T162900.html
no html insert in /tmp/web-root/run-20251017/tddui/1.0.0/cda/voc-1.2.250.1.213.1.1.5.719-2023-03-31T120000.html
no html insert in /tmp/web-root/run-20251017/tddui/1.0.0/cda/voc-1.2.250.1.213.1.6.1.168-2019-08-30T120000.html
no html insert in /tmp/web-root/run-20251017/tddui/1.0.0/cda/voc-1.2.250.1.213.3.4.219-2024-09-27T120000.html
no html insert in /tmp/web-root/run-20251017/tddui/1.0.0/cda/tmp-1.2.250.1.213.1.1.1.1.10.10-2024-12-03T172030.html
no html insert in /tmp/web-root/run-20251017/tddui/1.0.0/cda/tmp-1.2.250.1.213.1.1.1.1.10.19-2020-02-06T100000.html
no html insert in /tmp/web-root/run-20251017/tddui/1.0.0/cda/voc-1.2.250.1.213.1.1.1.58.2024.11.3-2024-09-30T150022.html
no html insert in /tmp/web-root/run-20251017/tddui/1.0.0/cda/voc-1.2.250.1.213.3.4.218-2023-12-15T120000.html
no html insert in /tmp/web-root/run-20251017/tddui/1.0.0/cda/tmp-1.2.250.1.213.1.1.2.79-2024-10-29T140733.html
no html insert in /tmp/web-root/run-20251017/tddui/1.0.0/cda/tmp-1.2.250.1.213.1.1.1.1.10.18-2024-04-22T162929.html
no html insert in /tmp/web-root/run-20251017/tddui/1.0.0/cda/tmp-1.2.250.1.213.1.1.2.37-2024-10-29T141153.html
no html insert in /tmp/web-root/run-20251017/tddui/1.0.0/cda/tmp-1.2.250.1.213.1.1.3.220-2024-11-19T102244.html
  .. 76 files checked, 76 updated
  .. 28 clones checked, 52 updated
  .. 7 redirections (7 created/updated)
This is a milestone release - publish v1.0.1 to /tmp/web-root/run-20251017/tddui
Update publish box for version 1.0.0 @ https://interop.esante.gouv.fr/ig/cda/tddui/1.0.0
Publish Box Statement: This page is part of the Guide d'implmentation pour le contenu CDA du transfert donnees dui (v1.0.0: Release) based on <a no-external="true" href="http://hl7.org/fhir/R4">FHIR (HL7 FHIR Standard) R4</a>. The current version which supersedes this version is <a no-external="true" href="https://interop.esante.gouv.fr/ig/cda/tddui{{fn}}">1.0.1</a>.  For a full list of available versions, see the <a no-external="true" href="https://interop.esante.gouv.fr/ig/cda/tddui/history.html">Directory of published versions</a>
no html insert in /tmp/web-root/run-20251017/tddui/1.0.0/cda/tmp-1.2.250.1.213.1.1.3.215-2025-02-18T153709.html
no html insert in /tmp/web-root/run-20251017/tddui/1.0.0/cda/tmp-1.2.250.1.213.1.1.3.48.6-2025-02-18T162507.html
no html insert in /tmp/web-root/run-20251017/tddui/1.0.0/cda/voc-1.2.250.1.213.1.1.5.808-2024-09-18T000000.html
no html insert in /tmp/web-root/run-20251017/tddui/1.0.0/cda/tmp-1.2.250.1.213.1.1.3.48.18-2024-11-14T165825.html
no html insert in /tmp/web-root/run-20251017/tddui/1.0.0/cda/tmp-1.2.250.1.213.1.1.3.24-2025-02-18T174947.html
no html insert in /tmp/web-root/run-20251017/tddui/1.0.0/cda/voc-1.2.250.1.213.3.3.252-2024-10-25T120000.html
no html insert in /tmp/web-root/run-20251017/tddui/1.0.0/cda/tmp-1.2.250.1.213.1.1.1.58-2025-01-21T160337.html
no html insert in /tmp/web-root/run-20251017/tddui/1.0.0/cda/tmp-1.2.250.1.213.1.1.3.218-2024-09-17T165718.html
no html insert in /tmp/web-root/run-20251017/tddui/1.0.0/cda/tmp-1.2.250.1.213.1.1.1.1.10.4-2024-11-20T161310.html
no html insert in /tmp/web-root/run-20251017/tddui/1.0.0/cda/voc-1.2.250.1.213.3.3.16-2016-09-01T000000.html
no html insert in /tmp/web-root/run-20251017/tddui/1.0.0/cda/voc-1.2.250.1.213.1.1.5.590-2021-03-26T120000.html
no html insert in /tmp/web-root/run-20251017/tddui/1.0.0/cda/tmp-1.2.250.1.213.1.1.3.18-2024-10-29T143105.html
no html insert in /tmp/web-root/run-20251017/tddui/1.0.0/cda/voc-1.2.250.1.213.3.3.251-2024-10-25T120000.html
no html insert in /tmp/web-root/run-20251017/tddui/1.0.0/cda/voc-1.2.250.1.213.1.1.5.809-2024-09-18T000000.html
no html insert in /tmp/web-root/run-20251017/tddui/1.0.0/cda/tmp-1.2.250.1.213.1.1.3.32-2024-10-29T142132.html
no html insert in /tmp/web-root/run-20251017/tddui/1.0.0/cda/voc-1.2.250.1.213.1.1.5.811-2025-10-10T172851.html
no html insert in /tmp/web-root/run-20251017/tddui/1.0.0/cda/tmp-1.2.250.1.213.1.1.1.1.10.13-2023-12-15T171555.html
no html insert in /tmp/web-root/run-20251017/tddui/1.0.0/cda/voc-1.2.250.1.213.1.1.5.73-2010-01-01T000000.html
no html insert in /tmp/web-root/run-20251017/tddui/1.0.0/cda/voc-1.2.250.1.213.1.1.5.802-2024-09-06T000000.html
no html insert in /tmp/web-root/run-20251017/tddui/1.0.0/cda/voc-1.2.250.1.213.1.1.5.124-2018-03-30T120000.html
no html insert in /tmp/web-root/run-20251017/tddui/1.0.0/cda/voc-2.16.840.1.113883.1.11.10228-2014-03-26T000000.html
no html insert in /tmp/web-root/run-20251017/tddui/1.0.0/cda/tmp-1.2.250.1.213.1.1.3.48-2024-10-29T154828.html
no html insert in /tmp/web-root/run-20251017/tddui/1.0.0/cda/voc-2.16.840.1.113883.1.11.10901-2014-03-26T000000.html
no html insert in /tmp/web-root/run-20251017/tddui/1.0.0/cda/tmp-1.2.250.1.213.1.1.1.1.10.17-2024-02-20T154733.html
no html insert in /tmp/web-root/run-20251017/tddui/1.0.0/cda/voc-2.16.840.1.113883.1.11.15933-2014-03-26T000000.html
no html insert in /tmp/web-root/run-20251017/tddui/1.0.0/cda/tmp-1.2.250.1.213.1.1.1.1.10.7-2024-09-27T104314.html
no html insert in /tmp/web-root/run-20251017/tddui/1.0.0/cda/voc-1.2.250.1.213.1.1.5.466-2014-10-08T000000.html
no html insert in /tmp/web-root/run-20251017/tddui/1.0.0/cda/voc-1.2.250.1.213.1.1.5.804-2024-09-06T000000.html
no html insert in /tmp/web-root/run-20251017/tddui/1.0.0/cda/tmp-1.2.250.1.213.1.1.2.249-2024-09-18T104731.html
no html insert in /tmp/web-root/run-20251017/tddui/1.0.0/cda/tmp-1.2.250.1.213.1.1.3.94-2024-10-29T152810.html
no html insert in /tmp/web-root/run-20251017/tddui/1.0.0/cda/tmp-1.2.250.1.213.1.1.1.1.10.14-2025-02-17T154344.html
no html insert in /tmp/web-root/run-20251017/tddui/1.0.0/cda/voc-1.2.250.1.213.1.1.5.126-2010-01-01T000000.html
no html insert in /tmp/web-root/run-20251017/tddui/1.0.0/cda/tmp-1.2.250.1.213.1.1.3.217-2024-09-06T142804.html
no html insert in /tmp/web-root/run-20251017/tddui/1.0.0/cda/voc-1.2.250.1.213.1.1.5.53-2010-01-01T000000.html
no html insert in /tmp/web-root/run-20251017/tddui/1.0.0/cda/voc-1.2.250.1.213.1.1.5.467-2010-11-04T000000.html
no html insert in /tmp/web-root/run-20251017/tddui/1.0.0/cda/voc-1.2.250.1.213.1.1.5.801-2024-09-02T000000.html
no html insert in /tmp/web-root/run-20251017/tddui/1.0.0/cda/tmp-1.2.250.1.213.1.1.3.61-2024-10-29T142700.html
no html insert in /tmp/web-root/run-20251017/tddui/1.0.0/cda/tmp-1.2.250.1.213.1.1.3.214-2024-11-19T121425.html
no html insert in /tmp/web-root/run-20251017/tddui/1.0.0/cda/tmp-1.2.250.1.213.1.1.1.1.10.16-2023-12-15T170436.html
no html insert in /tmp/web-root/run-20251017/tddui/1.0.0/cda/voc-1.2.250.1.213.1.1.5.528-2021-01-29T120000.html
no html insert in /tmp/web-root/run-20251017/tddui/1.0.0/cda/tmp-1.2.250.1.213.1.1.1.1.10.7-2025-02-17T150746.html
no html insert in /tmp/web-root/run-20251017/tddui/1.0.0/cda/voc-1.2.250.1.213.1.1.1.58.2024.11.2-2024-09-30T145837.html
no html insert in /tmp/web-root/run-20251017/tddui/1.0.0/cda/tmp-1.2.250.1.213.1.1.1.1.10.13-2025-02-17T152516.html
no html insert in /tmp/web-root/run-20251017/tddui/1.0.0/cda/voc-1.2.250.1.213.1.1.5.803-2024-09-06T000000.html
no html insert in /tmp/web-root/run-20251017/tddui/1.0.0/cda/tmp-1.2.250.1.213.1.1.3.48.7-2024-10-21T174323.html
no html insert in /tmp/web-root/run-20251017/tddui/1.0.0/cda/tmp-1.2.250.1.213.1.1.3.219-2024-10-17T211142.html
no html insert in /tmp/web-root/run-20251017/tddui/1.0.0/cda/tmp-1.2.250.1.213.1.1.3.216-2024-12-19T141744.html
no html insert in /tmp/web-root/run-20251017/tddui/1.0.0/cda/voc-1.2.250.1.213.1.1.5.805-2024-09-18T000000.html
no html insert in /tmp/web-root/run-20251017/tddui/1.0.0/cda/tmp-1.2.250.1.213.1.1.1.1.10.14-2023-12-15T163609.html
no html insert in /tmp/web-root/run-20251017/tddui/1.0.0/cda/tmp-1.2.250.1.213.1.1.3.94-2025-02-18T163426.html
no html insert in /tmp/web-root/run-20251017/tddui/1.0.0/cda/voc-1.2.250.1.213.1.1.5.807-2024-09-18T000000.html
no html insert in /tmp/web-root/run-20251017/tddui/1.0.0/cda/voc-1.2.250.1.213.1.1.1.58.2024.11.1-2024-09-30T145433.html
no html insert in /tmp/web-root/run-20251017/tddui/1.0.0/cda/tmp-1.2.250.1.213.1.1.2.248-2024-09-06T174901.html
no html insert in /tmp/web-root/run-20251017/tddui/1.0.0/cda/tmp-1.2.250.1.213.1.1.3.48.6-2024-10-29T152050.html
no html insert in /tmp/web-root/run-20251017/tddui/1.0.0/cda/voc-1.2.250.1.213.1.1.5.718-2023-03-31T120000.html
no html insert in /tmp/web-root/run-20251017/tddui/1.0.0/cda/voc-1.2.250.1.213.1.1.5.461-2012-11-12T000000.html
no html insert in /tmp/web-root/run-20251017/tddui/1.0.0/cda/tmp-1.2.250.1.213.1.1.1.1.10.25-2024-09-30T105040.html
no html insert in /tmp/web-root/run-20251017/tddui/1.0.0/cda/voc-1.2.250.1.213.1.1.5.816-2024-12-19T000000.html
no html insert in /tmp/web-root/run-20251017/tddui/1.0.0/cda/voc-1.2.250.1.213.1.1.5.588-2021-03-26T120000.html
no html insert in /tmp/web-root/run-20251017/tddui/1.0.0/cda/tmp-1.2.250.1.213.1.1.1.1.10.12-2024-09-10T104919.html
no html insert in /tmp/web-root/run-20251017/tddui/1.0.0/cda/tmp-1.2.250.1.213.1.1.1.58-2025-01-22T180849.html
no html insert in /tmp/web-root/run-20251017/tddui/1.0.0/cda/terminology.html
no html insert in /tmp/web-root/run-20251017/tddui/1.0.0/cda/tmp-1.2.250.1.213.1.1.1.99.99.10.85-2024-10-31T171901.html
no html insert in /tmp/web-root/run-20251017/tddui/1.0.0/cda/voc-1.2.250.1.213.1.1.5.591-2021-03-26T120000.html
no html insert in /tmp/web-root/run-20251017/tddui/1.0.0/cda/voc-1.2.250.1.213.3.3.253-2024-10-25T120000.html
no html insert in /tmp/web-root/run-20251017/tddui/1.0.0/cda/tmp-1.2.250.1.213.1.1.1.1.10.5-2017-12-11T145049.html
no html insert in /tmp/web-root/run-20251017/tddui/1.0.0/cda/voc-1.2.250.1.213.1.1.5.125-2010-01-01T000000.html
no html insert in /tmp/web-root/run-20251017/tddui/1.0.0/cda/tmp-1.2.250.1.213.1.1.1.1.10.6-2024-10-11T151018.html
no html insert in /tmp/web-root/run-20251017/tddui/1.0.0/cda/tmp-1.2.250.1.213.1.1.1.1.10.2-2024-12-20T130919.html
no html insert in /tmp/web-root/run-20251017/tddui/1.0.0/cda/tmp-1.2.250.1.213.1.1.1.1.10.9-2023-12-14T150730.html
no html insert in /tmp/web-root/run-20251017/tddui/1.0.0/cda/tmp-1.2.250.1.213.1.1.1.1.10.3-2024-04-29T110947.html
no html insert in /tmp/web-root/run-20251017/tddui/1.0.0/cda/voc-1.2.250.1.213.3.3.254-2024-10-25T120000.html
no html insert in /tmp/web-root/run-20251017/tddui/1.0.0/cda/voc-1.2.250.1.213.1.1.5.811-2024-09-24T000000.html
no html insert in /tmp/web-root/run-20251017/tddui/1.0.0/cda/tmp-1.2.250.1.213.1.1.2.246-2024-10-21T160707.html
no html insert in /tmp/web-root/run-20251017/tddui/1.0.0/cda/tmp-1.2.250.1.213.1.1.3.215-2024-10-18T170010.html
no html insert in /tmp/web-root/run-20251017/tddui/1.0.0/cda/tmp-1.2.250.1.213.1.1.3.95-2024-10-16T152305.html
no html insert in /tmp/web-root/run-20251017/tddui/1.0.0/cda/tmp-1.2.250.1.213.1.1.3.48.7-2025-02-18T162615.html
no html insert in /tmp/web-root/run-20251017/tddui/1.0.0/cda/voc-1.2.250.1.213.1.1.5.140-2010-01-01T000000.html
no html insert in /tmp/web-root/run-20251017/tddui/1.0.0/cda/tmp-1.2.250.1.213.1.1.3.216-2025-02-18T175052.html
no html insert in /tmp/web-root/run-20251017/tddui/1.0.0/cda/tmp-1.2.250.1.213.1.1.3.36-2024-11-14T144916.html
no html insert in /tmp/web-root/run-20251017/tddui/1.0.0/cda/voc-1.2.250.1.213.1.1.5.806-2024-09-18T000000.html
no html insert in /tmp/web-root/run-20251017/tddui/1.0.0/cda/voc-1.2.250.1.213.1.1.5.805-2025-01-15T171230.html
no html insert in /tmp/web-root/run-20251017/tddui/1.0.0/cda/tmp-1.2.250.1.213.1.1.1.99.99.10.85-2025-02-18T144446.html
no html insert in /tmp/web-root/run-20251017/tddui/1.0.0/cda/tmp-1.2.250.1.213.1.1.1.1.10.15-2023-12-15T171349.html
no html insert in /tmp/web-root/run-20251017/tddui/1.0.0/cda/voc-1.2.250.1.213.1.1.5.817-2024-12-19T000000.html
no html insert in /tmp/web-root/run-20251017/tddui/1.0.0/cda/voc-1.2.250.1.213.1.1.5.589-2021-03-26T120000.html
no html insert in /tmp/web-root/run-20251017/tddui/1.0.0/cda/tmp-1.2.250.1.213.1.1.3.109-2024-11-20T154401.html
no html insert in /tmp/web-root/run-20251017/tddui/1.0.0/cda/tmp-1.2.250.1.213.1.1.3.25-2024-10-21T164618.html
no html insert in /tmp/web-root/run-20251017/tddui/1.0.0/cda/tmp-1.2.250.1.213.1.1.1.1.10.11-2024-10-22T162900.html
no html insert in /tmp/web-root/run-20251017/tddui/1.0.0/cda/voc-1.2.250.1.213.1.1.5.719-2023-03-31T120000.html
no html insert in /tmp/web-root/run-20251017/tddui/1.0.0/cda/voc-1.2.250.1.213.1.6.1.168-2019-08-30T120000.html
no html insert in /tmp/web-root/run-20251017/tddui/1.0.0/cda/voc-1.2.250.1.213.3.4.219-2024-09-27T120000.html
no html insert in /tmp/web-root/run-20251017/tddui/1.0.0/cda/voc-1.2.250.1.213.1.1.5.806-2025-01-15T171206.html
no html insert in /tmp/web-root/run-20251017/tddui/1.0.0/cda/tmp-1.2.250.1.213.1.1.1.1.10.10-2024-12-03T172030.html
no html insert in /tmp/web-root/run-20251017/tddui/1.0.0/cda/tmp-1.2.250.1.213.1.1.1.1.10.19-2020-02-06T100000.html
no html insert in /tmp/web-root/run-20251017/tddui/1.0.0/cda/voc-1.2.250.1.213.1.1.1.58.2024.11.3-2024-09-30T150022.html
no html insert in /tmp/web-root/run-20251017/tddui/1.0.0/cda/tmp-1.2.250.1.213.1.1.3.24-2024-09-10T092953.html
no html insert in /tmp/web-root/run-20251017/tddui/1.0.0/cda/voc-1.2.250.1.213.3.4.218-2023-12-15T120000.html
no html insert in /tmp/web-root/run-20251017/tddui/1.0.0/cda/tmp-1.2.250.1.213.1.1.2.79-2024-10-29T140733.html
no html insert in /tmp/web-root/run-20251017/tddui/1.0.0/cda/tmp-1.2.250.1.213.1.1.1.1.10.18-2024-04-22T162929.html
no html insert in /tmp/web-root/run-20251017/tddui/1.0.0/cda/tmp-1.2.250.1.213.1.1.2.37-2024-10-29T141153.html
no html insert in /tmp/web-root/run-20251017/tddui/1.0.0/cda/tmp-1.2.250.1.213.1.1.3.220-2024-11-19T102244.html
  .. 77 files checked, 77 updated
  .. 29 clones checked, 0 updated
Publish Box Statement: This page is part of the Guide d'implmentation pour le contenu CDA du transfert donnees dui (v1.0.1: Release) based on <a no-external="true" href="http://hl7.org/fhir/R4">FHIR (HL7 FHIR Standard) R4</a>. This is the current published version.  For a full list of available versions, see the <a no-external="true" href="https://interop.esante.gouv.fr/ig/cda/tddui/history.html">Directory of published versions</a>
no html insert in /tmp/ig-builds/ans.cda.fr.tddui#1.0.1-milestone/output/cda/tmp-1.2.250.1.213.1.1.3.215-2025-02-18T153709.html
no html insert in /tmp/ig-builds/ans.cda.fr.tddui#1.0.1-milestone/output/cda/tmp-1.2.250.1.213.1.1.3.48.6-2025-02-18T162507.html
no html insert in /tmp/ig-builds/ans.cda.fr.tddui#1.0.1-milestone/output/cda/voc-1.2.250.1.213.1.1.5.808-2024-09-18T000000.html
no html insert in /tmp/ig-builds/ans.cda.fr.tddui#1.0.1-milestone/output/cda/tmp-1.2.250.1.213.1.1.3.48.18-2024-11-14T165825.html
no html insert in /tmp/ig-builds/ans.cda.fr.tddui#1.0.1-milestone/output/cda/tmp-1.2.250.1.213.1.1.3.24-2025-02-18T174947.html
no html insert in /tmp/ig-builds/ans.cda.fr.tddui#1.0.1-milestone/output/cda/voc-1.2.250.1.213.3.3.252-2024-10-25T120000.html
no html insert in /tmp/ig-builds/ans.cda.fr.tddui#1.0.1-milestone/output/cda/tmp-1.2.250.1.213.1.1.3.218-2024-09-17T165718.html
no html insert in /tmp/ig-builds/ans.cda.fr.tddui#1.0.1-milestone/output/cda/tmp-1.2.250.1.213.1.1.1.1.10.4-2024-11-20T161310.html
no html insert in /tmp/ig-builds/ans.cda.fr.tddui#1.0.1-milestone/output/cda/voc-1.2.250.1.213.3.3.16-2016-09-01T000000.html
no html insert in /tmp/ig-builds/ans.cda.fr.tddui#1.0.1-milestone/output/cda/voc-1.2.250.1.213.1.1.5.590-2021-03-26T120000.html
no html insert in /tmp/ig-builds/ans.cda.fr.tddui#1.0.1-milestone/output/cda/tmp-1.2.250.1.213.1.1.3.18-2024-10-29T143105.html
no html insert in /tmp/ig-builds/ans.cda.fr.tddui#1.0.1-milestone/output/cda/voc-1.2.250.1.213.3.3.251-2024-10-25T120000.html
no html insert in /tmp/ig-builds/ans.cda.fr.tddui#1.0.1-milestone/output/cda/voc-1.2.250.1.213.1.1.5.809-2024-09-18T000000.html
no html insert in /tmp/ig-builds/ans.cda.fr.tddui#1.0.1-milestone/output/cda/tmp-1.2.250.1.213.1.1.3.32-2024-10-29T142132.html
no html insert in /tmp/ig-builds/ans.cda.fr.tddui#1.0.1-milestone/output/cda/voc-1.2.250.1.213.1.1.5.811-2025-10-10T172851.html
no html insert in /tmp/ig-builds/ans.cda.fr.tddui#1.0.1-milestone/output/cda/voc-1.2.250.1.213.1.1.5.73-2010-01-01T000000.html
no html insert in /tmp/ig-builds/ans.cda.fr.tddui#1.0.1-milestone/output/cda/voc-1.2.250.1.213.1.1.5.802-2024-09-06T000000.html
no html insert in /tmp/ig-builds/ans.cda.fr.tddui#1.0.1-milestone/output/cda/voc-1.2.250.1.213.1.1.5.124-2018-03-30T120000.html
no html insert in /tmp/ig-builds/ans.cda.fr.tddui#1.0.1-milestone/output/cda/voc-2.16.840.1.113883.1.11.10228-2014-03-26T000000.html
no html insert in /tmp/ig-builds/ans.cda.fr.tddui#1.0.1-milestone/output/cda/tmp-1.2.250.1.213.1.1.3.48-2024-10-29T154828.html
no html insert in /tmp/ig-builds/ans.cda.fr.tddui#1.0.1-milestone/output/cda/voc-2.16.840.1.113883.1.11.10901-2014-03-26T000000.html
no html insert in /tmp/ig-builds/ans.cda.fr.tddui#1.0.1-milestone/output/cda/tmp-1.2.250.1.213.1.1.1.1.10.17-2024-02-20T154733.html
no html insert in /tmp/ig-builds/ans.cda.fr.tddui#1.0.1-milestone/output/cda/voc-2.16.840.1.113883.1.11.15933-2014-03-26T000000.html
no html insert in /tmp/ig-builds/ans.cda.fr.tddui#1.0.1-milestone/output/cda/voc-1.2.250.1.213.1.1.5.466-2014-10-08T000000.html
no html insert in /tmp/ig-builds/ans.cda.fr.tddui#1.0.1-milestone/output/cda/voc-1.2.250.1.213.1.1.5.804-2024-09-06T000000.html
no html insert in /tmp/ig-builds/ans.cda.fr.tddui#1.0.1-milestone/output/cda/tmp-1.2.250.1.213.1.1.2.249-2024-09-18T104731.html
no html insert in /tmp/ig-builds/ans.cda.fr.tddui#1.0.1-milestone/output/cda/tmp-1.2.250.1.213.1.1.1.1.10.14-2025-02-17T154344.html
no html insert in /tmp/ig-builds/ans.cda.fr.tddui#1.0.1-milestone/output/cda/voc-1.2.250.1.213.1.1.5.126-2010-01-01T000000.html
no html insert in /tmp/ig-builds/ans.cda.fr.tddui#1.0.1-milestone/output/cda/tmp-1.2.250.1.213.1.1.3.217-2024-09-06T142804.html
no html insert in /tmp/ig-builds/ans.cda.fr.tddui#1.0.1-milestone/output/cda/voc-1.2.250.1.213.1.1.5.53-2010-01-01T000000.html
no html insert in /tmp/ig-builds/ans.cda.fr.tddui#1.0.1-milestone/output/cda/voc-1.2.250.1.213.1.1.5.467-2010-11-04T000000.html
no html insert in /tmp/ig-builds/ans.cda.fr.tddui#1.0.1-milestone/output/cda/voc-1.2.250.1.213.1.1.5.801-2024-09-02T000000.html
no html insert in /tmp/ig-builds/ans.cda.fr.tddui#1.0.1-milestone/output/cda/tmp-1.2.250.1.213.1.1.3.61-2024-10-29T142700.html
no html insert in /tmp/ig-builds/ans.cda.fr.tddui#1.0.1-milestone/output/cda/tmp-1.2.250.1.213.1.1.3.214-2024-11-19T121425.html
no html insert in /tmp/ig-builds/ans.cda.fr.tddui#1.0.1-milestone/output/cda/tmp-1.2.250.1.213.1.1.1.1.10.16-2023-12-15T170436.html
no html insert in /tmp/ig-builds/ans.cda.fr.tddui#1.0.1-milestone/output/cda/voc-1.2.250.1.213.1.1.5.528-2021-01-29T120000.html
no html insert in /tmp/ig-builds/ans.cda.fr.tddui#1.0.1-milestone/output/cda/tmp-1.2.250.1.213.1.1.1.1.10.7-2025-02-17T150746.html
no html insert in /tmp/ig-builds/ans.cda.fr.tddui#1.0.1-milestone/output/cda/voc-1.2.250.1.213.1.1.1.58.2024.11.2-2024-09-30T145837.html
no html insert in /tmp/ig-builds/ans.cda.fr.tddui#1.0.1-milestone/output/cda/tmp-1.2.250.1.213.1.1.1.1.10.13-2025-02-17T152516.html
no html insert in /tmp/ig-builds/ans.cda.fr.tddui#1.0.1-milestone/output/cda/voc-1.2.250.1.213.1.1.5.803-2024-09-06T000000.html
no html insert in /tmp/ig-builds/ans.cda.fr.tddui#1.0.1-milestone/output/cda/tmp-1.2.250.1.213.1.1.3.219-2024-10-17T211142.html
no html insert in /tmp/ig-builds/ans.cda.fr.tddui#1.0.1-milestone/output/cda/voc-1.2.250.1.213.1.1.5.805-2024-09-18T000000.html
no html insert in /tmp/ig-builds/ans.cda.fr.tddui#1.0.1-milestone/output/cda/tmp-1.2.250.1.213.1.1.3.94-2025-02-18T163426.html
no html insert in /tmp/ig-builds/ans.cda.fr.tddui#1.0.1-milestone/output/cda/voc-1.2.250.1.213.1.1.5.807-2024-09-18T000000.html
no html insert in /tmp/ig-builds/ans.cda.fr.tddui#1.0.1-milestone/output/cda/voc-1.2.250.1.213.1.1.1.58.2024.11.1-2024-09-30T145433.html
no html insert in /tmp/ig-builds/ans.cda.fr.tddui#1.0.1-milestone/output/cda/tmp-1.2.250.1.213.1.1.2.248-2024-09-06T174901.html
no html insert in /tmp/ig-builds/ans.cda.fr.tddui#1.0.1-milestone/output/cda/voc-1.2.250.1.213.1.1.5.718-2023-03-31T120000.html
no html insert in /tmp/ig-builds/ans.cda.fr.tddui#1.0.1-milestone/output/cda/voc-1.2.250.1.213.1.1.5.461-2012-11-12T000000.html
no html insert in /tmp/ig-builds/ans.cda.fr.tddui#1.0.1-milestone/output/cda/tmp-1.2.250.1.213.1.1.1.1.10.25-2024-09-30T105040.html
no html insert in /tmp/ig-builds/ans.cda.fr.tddui#1.0.1-milestone/output/cda/voc-1.2.250.1.213.1.1.5.816-2024-12-19T000000.html
no html insert in /tmp/ig-builds/ans.cda.fr.tddui#1.0.1-milestone/output/cda/voc-1.2.250.1.213.1.1.5.588-2021-03-26T120000.html
no html insert in /tmp/ig-builds/ans.cda.fr.tddui#1.0.1-milestone/output/cda/tmp-1.2.250.1.213.1.1.1.1.10.12-2024-09-10T104919.html
no html insert in /tmp/ig-builds/ans.cda.fr.tddui#1.0.1-milestone/output/cda/tmp-1.2.250.1.213.1.1.1.58-2025-01-22T180849.html
no html insert in /tmp/ig-builds/ans.cda.fr.tddui#1.0.1-milestone/output/cda/terminology.html
no html insert in /tmp/ig-builds/ans.cda.fr.tddui#1.0.1-milestone/output/cda/voc-1.2.250.1.213.1.1.5.591-2021-03-26T120000.html
no html insert in /tmp/ig-builds/ans.cda.fr.tddui#1.0.1-milestone/output/cda/voc-1.2.250.1.213.3.3.253-2024-10-25T120000.html
no html insert in /tmp/ig-builds/ans.cda.fr.tddui#1.0.1-milestone/output/cda/tmp-1.2.250.1.213.1.1.1.1.10.5-2017-12-11T145049.html
no html insert in /tmp/ig-builds/ans.cda.fr.tddui#1.0.1-milestone/output/cda/voc-1.2.250.1.213.1.1.5.125-2010-01-01T000000.html
no html insert in /tmp/ig-builds/ans.cda.fr.tddui#1.0.1-milestone/output/cda/tmp-1.2.250.1.213.1.1.1.1.10.6-2024-10-11T151018.html
no html insert in /tmp/ig-builds/ans.cda.fr.tddui#1.0.1-milestone/output/cda/tmp-1.2.250.1.213.1.1.1.1.10.2-2024-12-20T130919.html
no html insert in /tmp/ig-builds/ans.cda.fr.tddui#1.0.1-milestone/output/cda/tmp-1.2.250.1.213.1.1.1.1.10.9-2023-12-14T150730.html
no html insert in /tmp/ig-builds/ans.cda.fr.tddui#1.0.1-milestone/output/cda/tmp-1.2.250.1.213.1.1.1.1.10.3-2024-04-29T110947.html
no html insert in /tmp/ig-builds/ans.cda.fr.tddui#1.0.1-milestone/output/cda/voc-1.2.250.1.213.3.3.254-2024-10-25T120000.html
no html insert in /tmp/ig-builds/ans.cda.fr.tddui#1.0.1-milestone/output/cda/tmp-1.2.250.1.213.1.1.2.246-2024-10-21T160707.html
no html insert in /tmp/ig-builds/ans.cda.fr.tddui#1.0.1-milestone/output/cda/tmp-1.2.250.1.213.1.1.3.95-2024-10-16T152305.html
no html insert in /tmp/ig-builds/ans.cda.fr.tddui#1.0.1-milestone/output/cda/tmp-1.2.250.1.213.1.1.3.48.7-2025-02-18T162615.html
no html insert in /tmp/ig-builds/ans.cda.fr.tddui#1.0.1-milestone/output/cda/voc-1.2.250.1.213.1.1.5.140-2010-01-01T000000.html
no html insert in /tmp/ig-builds/ans.cda.fr.tddui#1.0.1-milestone/output/cda/tmp-1.2.250.1.213.1.1.3.216-2025-02-18T175052.html
no html insert in /tmp/ig-builds/ans.cda.fr.tddui#1.0.1-milestone/output/cda/tmp-1.2.250.1.213.1.1.3.36-2024-11-14T144916.html
no html insert in /tmp/ig-builds/ans.cda.fr.tddui#1.0.1-milestone/output/cda/voc-1.2.250.1.213.1.1.5.806-2024-09-18T000000.html
no html insert in /tmp/ig-builds/ans.cda.fr.tddui#1.0.1-milestone/output/cda/tmp-1.2.250.1.213.1.1.1.99.99.10.85-2025-02-18T144446.html
no html insert in /tmp/ig-builds/ans.cda.fr.tddui#1.0.1-milestone/output/cda/tmp-1.2.250.1.213.1.1.1.1.10.15-2023-12-15T171349.html
no html insert in /tmp/ig-builds/ans.cda.fr.tddui#1.0.1-milestone/output/cda/voc-1.2.250.1.213.1.1.5.817-2024-12-19T000000.html
no html insert in /tmp/ig-builds/ans.cda.fr.tddui#1.0.1-milestone/output/cda/voc-1.2.250.1.213.1.1.5.589-2021-03-26T120000.html
no html insert in /tmp/ig-builds/ans.cda.fr.tddui#1.0.1-milestone/output/cda/tmp-1.2.250.1.213.1.1.3.109-2024-11-20T154401.html
no html insert in /tmp/ig-builds/ans.cda.fr.tddui#1.0.1-milestone/output/cda/tmp-1.2.250.1.213.1.1.3.25-2024-10-21T164618.html
no html insert in /tmp/ig-builds/ans.cda.fr.tddui#1.0.1-milestone/output/cda/tmp-1.2.250.1.213.1.1.1.1.10.11-2024-10-22T162900.html
no html insert in /tmp/ig-builds/ans.cda.fr.tddui#1.0.1-milestone/output/cda/voc-1.2.250.1.213.1.1.5.719-2023-03-31T120000.html
no html insert in /tmp/ig-builds/ans.cda.fr.tddui#1.0.1-milestone/output/cda/voc-1.2.250.1.213.1.6.1.168-2019-08-30T120000.html
no html insert in /tmp/ig-builds/ans.cda.fr.tddui#1.0.1-milestone/output/cda/voc-1.2.250.1.213.3.4.219-2024-09-27T120000.html
no html insert in /tmp/ig-builds/ans.cda.fr.tddui#1.0.1-milestone/output/cda/tmp-1.2.250.1.213.1.1.1.1.10.10-2024-12-03T172030.html
no html insert in /tmp/ig-builds/ans.cda.fr.tddui#1.0.1-milestone/output/cda/tmp-1.2.250.1.213.1.1.1.1.10.19-2020-02-06T100000.html
no html insert in /tmp/ig-builds/ans.cda.fr.tddui#1.0.1-milestone/output/cda/voc-1.2.250.1.213.1.1.1.58.2024.11.3-2024-09-30T150022.html
no html insert in /tmp/ig-builds/ans.cda.fr.tddui#1.0.1-milestone/output/cda/voc-1.2.250.1.213.3.4.218-2023-12-15T120000.html
no html insert in /tmp/ig-builds/ans.cda.fr.tddui#1.0.1-milestone/output/cda/tmp-1.2.250.1.213.1.1.2.79-2024-10-29T140733.html
no html insert in /tmp/ig-builds/ans.cda.fr.tddui#1.0.1-milestone/output/cda/tmp-1.2.250.1.213.1.1.1.1.10.18-2024-04-22T162929.html
no html insert in /tmp/ig-builds/ans.cda.fr.tddui#1.0.1-milestone/output/cda/tmp-1.2.250.1.213.1.1.2.37-2024-10-29T141153.html
no html insert in /tmp/ig-builds/ans.cda.fr.tddui#1.0.1-milestone/output/cda/tmp-1.2.250.1.213.1.1.3.220-2024-11-19T102244.html
  .. 76 files checked, 76 updated
  .. 28 clones checked, 52 updated
  .. 7 redirections (7 created/updated)
Check for Files to delete
  ... 0 files
Copy to new IG /tmp/web-root/run-20251017/tddui
ans.cda.fr.tddui (https://interop.esante.gouv.fr/ig/cda/tddui): Guide d'implmentation pour le contenu CDA du transfert donnees dui @ https://ansforge.github.io/IG-contenu-cda-medicosocial-transfert-donnees-dui/main/ig
  release: trial-implementation 1.0.1/4.0.1 @ https://interop.esante.gouv.fr/ig/cda/tddui/1.0.0
Build is complete. Copy from /tmp/web-root/run-20251017
Update history page at /tmp/web-root/run-20251017/tddui from /home/runner/work/IG-contenu-cda-medicosocial-transfert-donnees-dui/IG-contenu-cda-medicosocial-transfert-donnees-dui/./IG-website-release/fhir-ig-history-template and ./IG-website-release/templates
